2026-05-09 16:59:53,204 [INFO] 🔎 Domain aralığı taranıyor: atomsportv490.top - atomsportv520.top
2026-05-09 16:59:56,944 [INFO]   ✅ Aktif domain bulundu: https://atomsportv503.top
2026-05-09 16:59:56,945 [INFO] 🌐 Kullanılan BASE_URL: https://atomsportv503.top
2026-05-09 16:59:56,945 [INFO] 🔗 Proxy Prefix: https://ronaldo.magnitude.workers.dev/?url=
2026-05-09 16:59:58,201 [INFO] ✅ SeleniumWire aktif
2026-05-09 16:59:58,202 [INFO] =======================================================
2026-05-09 16:59:58,202 [INFO]    M3U8 Scraper
2026-05-09 16:59:58,202 [INFO]    Base URL    : https://atomsportv503.top
2026-05-09 16:59:58,202 [INFO]    Proxy Prefix: https://ronaldo.magnitude.workers.dev/?url=
2026-05-09 16:59:58,202 [INFO]    Toplam      : 13 sayfa
2026-05-09 16:59:58,202 [INFO] =======================================================
2026-05-09 16:59:58,202 [INFO] 🔧 Driver başlatılıyor...
2026-05-09 16:59:58,893 [INFO] ✅ Driver başlatıldı
2026-05-09 16:59:58,893 [INFO] 
[1/13]
2026-05-09 16:59:58,893 [INFO] 
──────────────────────────────────────────────────
2026-05-09 16:59:58,893 [INFO] 🔍 beIN Sports 1 → https://atomsportv503.top/matches?id=bein-sports-1
2026-05-09 16:59:58,893 [INFO] ──────────────────────────────────────────────────
2026-05-09 17:00:30,939 [INFO]   📡 M3U8 bekleniyor (max 8s)...
2026-05-09 17:00:30,948 [INFO]   🎯 DOĞRU kanal bulundu: https://hlssssssssssss.sampiyofenermisin.workers.dev/https://corestream.ronaldovurdu.help//hls/bein-sports-11.m3u8
2026-05-09 17:00:30,949 [INFO]   ✅ beIN Sports 1: https://hlssssssssssss.sampiyofenermisin.workers.dev/https://corestream.ronaldovurdu.help//hls/bein-sports-11.m3u8
2026-05-09 17:00:31,949 [INFO] 
[2/13]
2026-05-09 17:00:31,949 [INFO] 
──────────────────────────────────────────────────
2026-05-09 17:00:31,949 [INFO] 🔍 beIN Sports 2 → https://atomsportv503.top/matches?id=bein-sports-2
2026-05-09 17:00:31,949 [INFO] ──────────────────────────────────────────────────
2026-05-09 17:01:03,927 [INFO]   📡 M3U8 bekleniyor (max 8s)...
2026-05-09 17:01:03,939 [INFO]   🎯 DOĞRU kanal bulundu: https://hlssssssssssss.sampiyofenermisin.workers.dev/https://corestream.ronaldovurdu.help//hls/bein-sports-2.m3u8
2026-05-09 17:01:03,940 [INFO]   ✅ beIN Sports 2: https://hlssssssssssss.sampiyofenermisin.workers.dev/https://corestream.ronaldovurdu.help//hls/bein-sports-2.m3u8
2026-05-09 17:01:04,940 [INFO] 
[3/13]
2026-05-09 17:01:04,940 [INFO] 
──────────────────────────────────────────────────
2026-05-09 17:01:04,940 [INFO] 🔍 beIN Sports 3 → https://atomsportv503.top/matches?id=bein-sports-3
2026-05-09 17:01:04,940 [INFO] ──────────────────────────────────────────────────
2026-05-09 17:01:36,735 [INFO]   📡 M3U8 bekleniyor (max 8s)...
2026-05-09 17:01:36,743 [INFO]   🎯 DOĞRU kanal bulundu: https://hlssssssssssss.sampiyofenermisin.workers.dev/https://corestream.ronaldovurdu.help//hls/bein-sports-3.m3u8
2026-05-09 17:01:36,744 [INFO]   ✅ beIN Sports 3: https://hlssssssssssss.sampiyofenermisin.workers.dev/https://corestream.ronaldovurdu.help//hls/bein-sports-3.m3u8
2026-05-09 17:01:37,744 [INFO] 
[4/13]
2026-05-09 17:01:37,744 [INFO] 
──────────────────────────────────────────────────
2026-05-09 17:01:37,744 [INFO] 🔍 beIN Sports 4 → https://atomsportv503.top/matches?id=bein-sports-4
2026-05-09 17:01:37,744 [INFO] ──────────────────────────────────────────────────
2026-05-09 17:02:09,518 [INFO]   📡 M3U8 bekleniyor (max 8s)...
2026-05-09 17:02:09,521 [INFO]   🎯 DOĞRU kanal bulundu: https://hlssssssssssss.sampiyofenermisin.workers.dev/https://corestream.ronaldovurdu.help//hls/bein-sports-4.m3u8
2026-05-09 17:02:09,521 [INFO]   ✅ beIN Sports 4: https://hlssssssssssss.sampiyofenermisin.workers.dev/https://corestream.ronaldovurdu.help//hls/bein-sports-4.m3u8
2026-05-09 17:02:10,521 [INFO] 
[5/13]
2026-05-09 17:02:10,521 [INFO] 
──────────────────────────────────────────────────
2026-05-09 17:02:10,521 [INFO] 🔍 beIN Sports 5 → https://atomsportv503.top/matches?id=bein-sports-5
2026-05-09 17:02:10,521 [INFO] ──────────────────────────────────────────────────
2026-05-09 17:02:42,234 [INFO]   📡 M3U8 bekleniyor (max 8s)...
2026-05-09 17:02:42,241 [INFO]   🎯 DOĞRU kanal bulundu: https://hlssssssssssss.sampiyofenermisin.workers.dev/https://corestream.ronaldovurdu.help//hls/bein-sports-5.m3u8
2026-05-09 17:02:42,242 [INFO]   ✅ beIN Sports 5: https://hlssssssssssss.sampiyofenermisin.workers.dev/https://corestream.ronaldovurdu.help//hls/bein-sports-5.m3u8
2026-05-09 17:02:43,242 [INFO] 
[6/13]
2026-05-09 17:02:43,243 [INFO] 
──────────────────────────────────────────────────
2026-05-09 17:02:43,243 [INFO] 🔍 beIN Sports Max 1 → https://atomsportv503.top/matches?id=bein-sports-max-1
2026-05-09 17:02:43,243 [INFO] ──────────────────────────────────────────────────
2026-05-09 17:03:14,968 [INFO]   📡 M3U8 bekleniyor (max 8s)...
2026-05-09 17:03:22,984 [INFO]   ❌ beIN Sports Max 1: M3U8 bulunamadı
2026-05-09 17:03:23,985 [INFO] 
[7/13]
2026-05-09 17:03:23,985 [INFO] 
──────────────────────────────────────────────────
2026-05-09 17:03:23,985 [INFO] 🔍 beIN Sports Max 2 → https://atomsportv503.top/matches?id=bein-sports-max-2
2026-05-09 17:03:23,985 [INFO] ──────────────────────────────────────────────────
2026-05-09 17:03:55,713 [INFO]   📡 M3U8 bekleniyor (max 8s)...
2026-05-09 17:03:55,714 [INFO]   🎯 DOĞRU kanal bulundu: https://hlssssssssssss.sampiyofenermisin.workers.dev/https://corestream.ronaldovurdu.help//hls/bein-sports-max-2.m3u8
2026-05-09 17:03:55,714 [INFO]   ✅ beIN Sports Max 2: https://hlssssssssssss.sampiyofenermisin.workers.dev/https://corestream.ronaldovurdu.help//hls/bein-sports-max-2.m3u8
2026-05-09 17:03:56,714 [INFO] 
[8/13]
2026-05-09 17:03:56,715 [INFO] 
──────────────────────────────────────────────────
2026-05-09 17:03:56,715 [INFO] 🔍 S Sport → https://atomsportv503.top/matches?id=s-sport
2026-05-09 17:03:56,715 [INFO] ──────────────────────────────────────────────────
2026-05-09 17:04:28,457 [INFO]   📡 M3U8 bekleniyor (max 8s)...
2026-05-09 17:04:28,465 [INFO]   🎯 DOĞRU kanal bulundu: https://hlssssssssssss.sampiyofenermisin.workers.dev/https://corestream.ronaldovurdu.help//hls/s-sport.m3u8
2026-05-09 17:04:28,466 [INFO]   ✅ S Sport: https://hlssssssssssss.sampiyofenermisin.workers.dev/https://corestream.ronaldovurdu.help//hls/s-sport.m3u8
2026-05-09 17:04:29,466 [INFO] 
[9/13]
2026-05-09 17:04:29,466 [INFO] 
──────────────────────────────────────────────────
2026-05-09 17:04:29,466 [INFO] 🔍 S Sport 2 → https://atomsportv503.top/matches?id=s-sport-2
2026-05-09 17:04:29,466 [INFO] ──────────────────────────────────────────────────
2026-05-09 17:05:01,217 [INFO]   📡 M3U8 bekleniyor (max 8s)...
2026-05-09 17:05:01,225 [INFO]   🎯 DOĞRU kanal bulundu: https://hlssssssssssss.sampiyofenermisin.workers.dev/https://corestream.ronaldovurdu.help//hls/s-sport-2.m3u8
2026-05-09 17:05:01,226 [INFO]   ✅ S Sport 2: https://hlssssssssssss.sampiyofenermisin.workers.dev/https://corestream.ronaldovurdu.help//hls/s-sport-2.m3u8
2026-05-09 17:05:02,226 [INFO] 
[10/13]
2026-05-09 17:05:02,227 [INFO] 
──────────────────────────────────────────────────
2026-05-09 17:05:02,227 [INFO] 🔍 Tivibu Spor 1 → https://atomsportv503.top/matches?id=tivibu-spor-1
2026-05-09 17:05:02,227 [INFO] ──────────────────────────────────────────────────
2026-05-09 17:05:33,976 [INFO]   📡 M3U8 bekleniyor (max 8s)...
2026-05-09 17:05:41,986 [INFO]   ❌ Tivibu Spor 1: M3U8 bulunamadı
2026-05-09 17:05:42,986 [INFO] 
[11/13]
2026-05-09 17:05:42,986 [INFO] 
──────────────────────────────────────────────────
2026-05-09 17:05:42,986 [INFO] 🔍 Tivibu Spor 2 → https://atomsportv503.top/matches?id=tivibu-spor-2
2026-05-09 17:05:42,986 [INFO] ──────────────────────────────────────────────────
2026-05-09 17:06:14,716 [INFO]   📡 M3U8 bekleniyor (max 8s)...
2026-05-09 17:06:22,725 [INFO]   ❌ Tivibu Spor 2: M3U8 bulunamadı
2026-05-09 17:06:23,725 [INFO] 
[12/13]
2026-05-09 17:06:23,725 [INFO] 
──────────────────────────────────────────────────
2026-05-09 17:06:23,725 [INFO] 🔍 Tivibu Spor 3 → https://atomsportv503.top/matches?id=tivibu-spor-3
2026-05-09 17:06:23,725 [INFO] ──────────────────────────────────────────────────
2026-05-09 17:06:55,247 [INFO]   📡 M3U8 bekleniyor (max 8s)...
2026-05-09 17:07:03,257 [INFO]   ❌ Tivibu Spor 3: M3U8 bulunamadı
2026-05-09 17:07:04,257 [INFO] 
[13/13]
2026-05-09 17:07:04,257 [INFO] 
──────────────────────────────────────────────────
2026-05-09 17:07:04,257 [INFO] 🔍 Tivibu Spor 4 → https://atomsportv503.top/matches?id=tivibu-spor-4
2026-05-09 17:07:04,257 [INFO] ──────────────────────────────────────────────────
2026-05-09 17:07:36,230 [INFO]   📡 M3U8 bekleniyor (max 8s)...
2026-05-09 17:07:44,239 [INFO]   ❌ Tivibu Spor 4: M3U8 bulunamadı
2026-05-09 17:07:45,301 [INFO] 🔒 Driver kapatıldı
2026-05-09 17:07:45,301 [INFO] 
=======================================================
2026-05-09 17:07:45,301 [INFO] 🏁 Tamamlandı!
2026-05-09 17:07:45,301 [INFO] 📺 Kanal : 8/13
2026-05-09 17:07:45,301 [INFO] ⏱️  Süre  : 467.1s
2026-05-09 17:07:45,301 [INFO] =======================================================
2026-05-09 17:07:45,301 [INFO] ✅ playlist.m3u kaydedildi (proxy prefix'li)
2026-05-09 17:07:45,301 [INFO] ✅ stats.json kaydedildi
