2026-07-12 03:22:43,364 [INFO] 🌐 BASE_URL: https://atomsportv508.top
2026-07-12 03:22:44,432 [INFO] Başlanıyor... 14 kanal taranacak
2026-07-12 03:22:44,432 [INFO] Using default request storage
2026-07-12 03:22:44,437 [INFO] Created proxy listening on 127.0.0.1:41649
2026-07-12 03:22:45,131 [INFO] Capturing request: http://clients2.google.com/time/1/current?cup2key=10:89o6EAf3Ulml6uHdZMf6Dwy8x6pGhYpQ7D8EQIAnFQs&cup2hreq=e3b0c44298fc1c149afbf4c8996fb92427ae41e4649b934ca495991b7852b855
2026-07-12 03:22:45,170 [INFO] Capturing response: http://clients2.google.com/time/1/current?cup2key=10:89o6EAf3Ulml6uHdZMf6Dwy8x6pGhYpQ7D8EQIAnFQs&cup2hreq=e3b0c44298fc1c149afbf4c8996fb92427ae41e4649b934ca495991b7852b855 200 OK
2026-07-12 03:22:45,310 [INFO] 
[1/14]
2026-07-12 03:22:45,310 [INFO] 🔍 beIN Sports 1 → https://atomsportv508.top/matches?id=bein-sports-1
2026-07-12 03:22:45,401 [INFO] Capturing request: https://update.googleapis.com/service/update2/json?cup2key=16:rfmCA1HuAm12-odPK93BK3cfDY6WSW4gANZ_wPT8-dM&cup2hreq=0faac2a70aa8e94c4e883b15424966d86186d095c8133f5157a2234f1f1c6949
2026-07-12 03:22:45,401 [INFO] Capturing request: https://accounts.google.com/ListAccounts?gpsia=1&source=ChromiumBrowser&json=standard&laf=b64bin
2026-07-12 03:22:45,520 [INFO] Capturing response: https://update.googleapis.com/service/update2/json?cup2key=16:rfmCA1HuAm12-odPK93BK3cfDY6WSW4gANZ_wPT8-dM&cup2hreq=0faac2a70aa8e94c4e883b15424966d86186d095c8133f5157a2234f1f1c6949 200 
2026-07-12 03:22:45,523 [INFO] Capturing request: https://atomsportv508.top/matches?id=bein-sports-1
2026-07-12 03:22:45,526 [INFO] Capturing response: https://accounts.google.com/ListAccounts?gpsia=1&source=ChromiumBrowser&json=standard&laf=b64bin 200 
2026-07-12 03:22:45,567 [INFO] Capturing request: https://update.googleapis.com/service/update2/json?cup2key=16:sqcxVtlLeQ2F4aY_MyLbf5LVxy_idbWGyj4FRoREgWQ&cup2hreq=25a0166fe32c8816eb9ceb2fd5c81e560c532187ba9a9a6817b775aa1d03e65c
2026-07-12 03:22:45,591 [INFO] Capturing response: https://update.googleapis.com/service/update2/json?cup2key=16:sqcxVtlLeQ2F4aY_MyLbf5LVxy_idbWGyj4FRoREgWQ&cup2hreq=25a0166fe32c8816eb9ceb2fd5c81e560c532187ba9a9a6817b775aa1d03e65c 200 
2026-07-12 03:22:45,676 [INFO] Capturing response: https://atomsportv508.top/matches?id=bein-sports-1 200 
2026-07-12 03:22:45,835 [INFO] Capturing request: https://atomsportv508.top/assets/js/clappr.js
2026-07-12 03:22:45,837 [INFO] Capturing request: https://www.google.com/async/folae?async=_fmt:pb&udm=50&client_locale=en-US&client_country=ZZ
2026-07-12 03:22:45,857 [INFO] Capturing response: https://www.google.com/async/folae?async=_fmt:pb&udm=50&client_locale=en-US&client_country=ZZ 200 
2026-07-12 03:22:45,862 [INFO] Capturing response: https://atomsportv508.top/assets/js/clappr.js 200 
2026-07-12 03:22:45,898 [INFO] Capturing request: https://cdn.jsdelivr.net/npm/@clappr/player@latest/dist/clappr.min.js
2026-07-12 03:22:45,903 [INFO] Capturing request: https://cdnjs.cloudflare.com/ajax/libs/jquery/3.2.1/jquery.min.js
2026-07-12 03:22:45,918 [INFO] Capturing response: https://cdn.jsdelivr.net/npm/@clappr/player@latest/dist/clappr.min.js 200 
2026-07-12 03:22:45,934 [INFO] Capturing response: https://cdnjs.cloudflare.com/ajax/libs/jquery/3.2.1/jquery.min.js 200 
2026-07-12 03:22:46,134 [INFO] Capturing request: https://static.cloudflareinsights.com/beacon.min.js/v4513226cdae34746b4dedf0b4dfa099e1781791509496
2026-07-12 03:22:46,154 [INFO] Capturing response: https://static.cloudflareinsights.com/beacon.min.js/v4513226cdae34746b4dedf0b4dfa099e1781791509496 200 
2026-07-12 03:22:46,216 [INFO] Capturing request: https://atomsportv508.top/cdn-cgi/rum?
2026-07-12 03:22:46,319 [INFO] Capturing request: https://atomsportv508.top/favicon.ico
2026-07-12 03:22:46,357 [INFO] Capturing response: https://atomsportv508.top/favicon.ico 200 
2026-07-12 03:22:46,369 [INFO] Capturing response: https://atomsportv508.top/cdn-cgi/rum? 204 
2026-07-12 03:22:46,374 [INFO] Capturing request: https://teletv5.top/load/yayinlink.php?id=bein-sports-1
2026-07-12 03:22:46,397 [INFO] Capturing response: https://teletv5.top/load/yayinlink.php?id=bein-sports-1 200 
2026-07-12 03:22:46,816 [INFO] Capturing request: https://streamsport365.com/cinema
2026-07-12 03:22:47,088 [INFO] Capturing response: https://streamsport365.com/cinema 200 
2026-07-12 03:22:47,218 [INFO] Capturing request: https://atomsportv508.top/assets/img/player_logo_6880e4e4c52ee.png
2026-07-12 03:22:47,257 [INFO] Capturing response: https://atomsportv508.top/assets/img/player_logo_6880e4e4c52ee.png 200 
2026-07-12 03:22:47,337 [INFO] Capturing request: https://hlssssss-wildflower-4845.ugurdurmus9402.workers.dev/https://corestream.ardaporno.live//trtspor/tracks-v1a1/mono.m3u8
2026-07-12 03:22:47,793 [INFO] Capturing response: https://hlssssss-wildflower-4845.ugurdurmus9402.workers.dev/https://corestream.ardaporno.live//trtspor/tracks-v1a1/mono.m3u8 200 
2026-07-12 03:22:47,999 [INFO] Capturing request: https://ses.ardaporno.live/trtspor/tracks-v1a1/2026/07/12/03/22/22-05760.avif
2026-07-12 03:22:48,161 [INFO] Capturing request: https://android.clients.google.com/checkin
2026-07-12 03:22:48,246 [INFO] Capturing response: https://android.clients.google.com/checkin 200 
2026-07-12 03:22:48,294 [INFO] Capturing request: https://android.clients.google.com/c2dm/register3
2026-07-12 03:22:48,299 [INFO] Capturing request: https://android.clients.google.com/c2dm/register3
2026-07-12 03:22:48,301 [INFO] Capturing request: https://android.clients.google.com/c2dm/register3
2026-07-12 03:22:48,331 [INFO] Capturing response: https://android.clients.google.com/c2dm/register3 301 
2026-07-12 03:22:48,808 [INFO] Capturing response: https://android.clients.google.com/c2dm/register3 200 
2026-07-12 03:22:48,859 [INFO] Capturing response: https://android.clients.google.com/c2dm/register3 200 
2026-07-12 03:22:49,273 [INFO]   ✅ M3U8 bulundu: https://hlssssss-wildflower-4845.ugurdurmus9402.workers.dev/https://corestream.ardaporno.live//trtspor/tracks-v1a1/mono.m3u8
2026-07-12 03:22:49,334 [INFO] Capturing response: https://ses.ardaporno.live/trtspor/tracks-v1a1/2026/07/12/03/22/22-05760.avif 200 
2026-07-12 03:22:50,274 [INFO] 
[2/14]
2026-07-12 03:22:50,274 [INFO] 🔍 beIN Sports 2 → https://atomsportv508.top/matches?id=bein-sports-2
2026-07-12 03:22:50,385 [INFO] Capturing request: https://atomsportv508.top/matches?id=bein-sports-2
2026-07-12 03:22:50,418 [INFO] Capturing response: https://atomsportv508.top/matches?id=bein-sports-2 200 
2026-07-12 03:22:50,429 [INFO] Capturing request: https://atomsportv508.top/cdn-cgi/rum?
2026-07-12 03:22:50,477 [INFO] Capturing request: https://streamsport365.com/cinema
2026-07-12 03:22:50,480 [INFO] Capturing request: https://atomsportv508.top/cdn-cgi/rum?
2026-07-12 03:22:50,575 [INFO] Capturing request: https://teletv5.top/load/yayinlink.php?id=bein-sports-2
2026-07-12 03:22:50,580 [INFO] Capturing request: https://atomsportv508.top/favicon.ico
2026-07-12 03:22:50,582 [INFO] Capturing response: https://atomsportv508.top/cdn-cgi/rum? 204 
2026-07-12 03:22:50,607 [INFO] Capturing response: https://atomsportv508.top/favicon.ico 200 
2026-07-12 03:22:50,630 [INFO] Capturing response: https://atomsportv508.top/cdn-cgi/rum? 204 
2026-07-12 03:22:50,722 [INFO] Capturing response: https://streamsport365.com/cinema 200 
2026-07-12 03:22:50,854 [INFO] Capturing response: https://teletv5.top/load/yayinlink.php?id=bein-sports-2 200 
2026-07-12 03:22:50,975 [INFO] Capturing request: https://hlssssss-wildflower-4845.ugurdurmus9402.workers.dev/https://corestream.ardaporno.live//bein2/tracks-v1a1/mono.m3u8
2026-07-12 03:22:51,373 [INFO] Capturing response: https://hlssssss-wildflower-4845.ugurdurmus9402.workers.dev/https://corestream.ardaporno.live//bein2/tracks-v1a1/mono.m3u8 404 
2026-07-12 03:22:53,489 [INFO]   ✅ M3U8 bulundu: https://hlssssss-wildflower-4845.ugurdurmus9402.workers.dev/https://corestream.ardaporno.live//bein2/tracks-v1a1/mono.m3u8
2026-07-12 03:22:54,489 [INFO] 
[3/14]
2026-07-12 03:22:54,489 [INFO] 🔍 beIN Sports 3 → https://atomsportv508.top/matches?id=bein-sports-3
2026-07-12 03:22:54,602 [INFO] Capturing request: https://atomsportv508.top/assets/js/clappr.js
2026-07-12 03:22:54,603 [INFO] Capturing request: https://atomsportv508.top/matches?id=bein-sports-3
2026-07-12 03:22:54,620 [INFO] Capturing response: https://atomsportv508.top/assets/js/clappr.js 200 
2026-07-12 03:22:55,053 [INFO] Capturing response: https://atomsportv508.top/matches?id=bein-sports-3 200 
2026-07-12 03:22:55,063 [INFO] Capturing request: https://atomsportv508.top/cdn-cgi/rum?
2026-07-12 03:22:55,090 [INFO] Capturing request: https://atomsportv508.top/cdn-cgi/rum?
2026-07-12 03:22:55,172 [INFO] Capturing response: https://atomsportv508.top/cdn-cgi/rum? 204 
2026-07-12 03:22:55,191 [INFO] Capturing request: https://teletv5.top/load/yayinlink.php?id=bein-sports-3
2026-07-12 03:22:55,194 [INFO] Capturing request: https://atomsportv508.top/favicon.ico
2026-07-12 03:22:55,224 [INFO] Capturing response: https://atomsportv508.top/favicon.ico 200 
2026-07-12 03:22:55,240 [INFO] Capturing response: https://atomsportv508.top/cdn-cgi/rum? 204 
2026-07-12 03:22:55,289 [INFO] Capturing request: https://streamsport365.com/cinema
2026-07-12 03:22:55,424 [INFO] Capturing response: https://teletv5.top/load/yayinlink.php?id=bein-sports-3 200 
2026-07-12 03:22:55,546 [INFO] Capturing response: https://streamsport365.com/cinema 200 
2026-07-12 03:22:55,665 [INFO] Capturing request: https://hlssssss-wildflower-4845.ugurdurmus9402.workers.dev/https://corestream.ardaporno.live//trtspor/tracks-v1a1/mono.m3u8
2026-07-12 03:22:55,781 [INFO] Capturing response: https://hlssssss-wildflower-4845.ugurdurmus9402.workers.dev/https://corestream.ardaporno.live//trtspor/tracks-v1a1/mono.m3u8 200 
2026-07-12 03:22:55,890 [INFO] Capturing request: https://ses.ardaporno.live/trtspor/tracks-v1a1/2026/07/12/03/22/33-05760.avif
2026-07-12 03:22:57,286 [INFO] Capturing response: https://ses.ardaporno.live/trtspor/tracks-v1a1/2026/07/12/03/22/33-05760.avif 200 
2026-07-12 03:22:58,105 [INFO]   ✅ M3U8 bulundu: https://hlssssss-wildflower-4845.ugurdurmus9402.workers.dev/https://corestream.ardaporno.live//trtspor/tracks-v1a1/mono.m3u8
2026-07-12 03:22:59,106 [INFO] 
[4/14]
2026-07-12 03:22:59,106 [INFO] 🔍 beIN Sports 4 → https://atomsportv508.top/matches?id=bein-sports-4
2026-07-12 03:22:59,218 [INFO] Capturing request: https://atomsportv508.top/assets/js/clappr.js
2026-07-12 03:22:59,219 [INFO] Capturing request: https://atomsportv508.top/matches?id=bein-sports-4
2026-07-12 03:22:59,234 [INFO] Capturing response: https://atomsportv508.top/assets/js/clappr.js 200 
2026-07-12 03:22:59,258 [INFO] Capturing response: https://atomsportv508.top/matches?id=bein-sports-4 200 
2026-07-12 03:22:59,267 [INFO] Capturing request: https://atomsportv508.top/cdn-cgi/rum?
2026-07-12 03:22:59,293 [INFO] Capturing request: https://streamsport365.com/cinema
2026-07-12 03:22:59,294 [INFO] Capturing request: https://atomsportv508.top/cdn-cgi/rum?
2026-07-12 03:22:59,391 [INFO] Capturing request: https://teletv5.top/load/yayinlink.php?id=bein-sports-4
2026-07-12 03:22:59,395 [INFO] Capturing request: https://atomsportv508.top/favicon.ico
2026-07-12 03:22:59,402 [INFO] Capturing response: https://atomsportv508.top/cdn-cgi/rum? 204 
2026-07-12 03:22:59,404 [INFO] Capturing response: https://atomsportv508.top/cdn-cgi/rum? 204 
2026-07-12 03:22:59,423 [INFO] Capturing response: https://atomsportv508.top/favicon.ico 200 
2026-07-12 03:22:59,547 [INFO] Capturing response: https://teletv5.top/load/yayinlink.php?id=bein-sports-4 200 
2026-07-12 03:22:59,551 [INFO] Capturing response: https://streamsport365.com/cinema 200 
2026-07-12 03:22:59,708 [INFO] Capturing request: https://hlssssss-wildflower-4845.ugurdurmus9402.workers.dev/https://corestream.ardaporno.live//bein2/tracks-v1a1/mono.m3u8
2026-07-12 03:22:59,831 [INFO] Capturing response: https://hlssssss-wildflower-4845.ugurdurmus9402.workers.dev/https://corestream.ardaporno.live//bein2/tracks-v1a1/mono.m3u8 404 
2026-07-12 03:23:02,305 [INFO]   ✅ M3U8 bulundu: https://hlssssss-wildflower-4845.ugurdurmus9402.workers.dev/https://corestream.ardaporno.live//bein2/tracks-v1a1/mono.m3u8
2026-07-12 03:23:03,306 [INFO] 
[5/14]
2026-07-12 03:23:03,306 [INFO] 🔍 beIN Sports 5 → https://atomsportv508.top/matches?id=bein-sports-5
2026-07-12 03:23:03,416 [INFO] Capturing request: https://atomsportv508.top/matches?id=bein-sports-5
2026-07-12 03:23:03,416 [INFO] Capturing request: https://atomsportv508.top/assets/js/clappr.js
2026-07-12 03:23:03,448 [INFO] Capturing response: https://atomsportv508.top/matches?id=bein-sports-5 200 
2026-07-12 03:23:03,457 [INFO] Capturing request: https://atomsportv508.top/cdn-cgi/rum?
2026-07-12 03:23:03,464 [INFO] Capturing response: https://atomsportv508.top/assets/js/clappr.js 200 
2026-07-12 03:23:03,484 [INFO] Capturing request: https://atomsportv508.top/cdn-cgi/rum?
2026-07-12 03:23:03,569 [INFO] Capturing response: https://atomsportv508.top/cdn-cgi/rum? 204 
2026-07-12 03:23:03,578 [INFO] Capturing request: https://teletv5.top/load/yayinlink.php?id=bein-sports-5
2026-07-12 03:23:03,584 [INFO] Capturing request: https://atomsportv508.top/favicon.ico
2026-07-12 03:23:03,614 [INFO] Capturing response: https://atomsportv508.top/favicon.ico 200 
2026-07-12 03:23:03,632 [INFO] Capturing response: https://atomsportv508.top/cdn-cgi/rum? 204 
2026-07-12 03:23:03,681 [INFO] Capturing request: https://streamsport365.com/cinema
2026-07-12 03:23:03,725 [INFO] Capturing response: https://teletv5.top/load/yayinlink.php?id=bein-sports-5 200 
2026-07-12 03:23:03,926 [INFO] Capturing response: https://streamsport365.com/cinema 200 
2026-07-12 03:23:04,044 [INFO] Capturing request: https://hlssssss-wildflower-4845.ugurdurmus9402.workers.dev/https://corestream.ardaporno.live//bein2/tracks-v1a1/mono.m3u8
2026-07-12 03:23:04,167 [INFO] Capturing response: https://hlssssss-wildflower-4845.ugurdurmus9402.workers.dev/https://corestream.ardaporno.live//bein2/tracks-v1a1/mono.m3u8 404 
2026-07-12 03:23:06,497 [INFO]   ✅ M3U8 bulundu: https://hlssssss-wildflower-4845.ugurdurmus9402.workers.dev/https://corestream.ardaporno.live//bein2/tracks-v1a1/mono.m3u8
2026-07-12 03:23:07,498 [INFO] 
[6/14]
2026-07-12 03:23:07,498 [INFO] 🔍 beIN Sports Max 1 → https://atomsportv508.top/matches?id=bein-sports-max-1
2026-07-12 03:23:07,605 [INFO] Capturing request: https://atomsportv508.top/assets/js/clappr.js
2026-07-12 03:23:07,607 [INFO] Capturing request: https://atomsportv508.top/matches?id=bein-sports-max-1
2026-07-12 03:23:07,620 [INFO] Capturing response: https://atomsportv508.top/assets/js/clappr.js 200 
2026-07-12 03:23:07,652 [INFO] Capturing response: https://atomsportv508.top/matches?id=bein-sports-max-1 200 
2026-07-12 03:23:07,661 [INFO] Capturing request: https://atomsportv508.top/cdn-cgi/rum?
2026-07-12 03:23:07,690 [INFO] Capturing request: https://streamsport365.com/cinema
2026-07-12 03:23:07,691 [INFO] Capturing request: https://atomsportv508.top/cdn-cgi/rum?
2026-07-12 03:23:07,785 [INFO] Capturing request: https://teletv5.top/load/yayinlink.php?id=bein-sports-max-1
2026-07-12 03:23:07,792 [INFO] Capturing request: https://atomsportv508.top/favicon.ico
2026-07-12 03:23:07,799 [INFO] Capturing response: https://atomsportv508.top/cdn-cgi/rum? 204 
2026-07-12 03:23:07,801 [INFO] Capturing response: https://atomsportv508.top/cdn-cgi/rum? 204 
2026-07-12 03:23:07,820 [INFO] Capturing response: https://atomsportv508.top/favicon.ico 200 
2026-07-12 03:23:07,938 [INFO] Capturing response: https://teletv5.top/load/yayinlink.php?id=bein-sports-max-1 200 
2026-07-12 03:23:07,943 [INFO] Capturing response: https://streamsport365.com/cinema 200 
2026-07-12 03:23:08,099 [INFO] Capturing request: https://hlssssss-wildflower-4845.ugurdurmus9402.workers.dev/https://corestream.ardaporno.live//trtspor/tracks-v1a1/mono.m3u8
2026-07-12 03:23:08,221 [INFO] Capturing response: https://hlssssss-wildflower-4845.ugurdurmus9402.workers.dev/https://corestream.ardaporno.live//trtspor/tracks-v1a1/mono.m3u8 200 
2026-07-12 03:23:08,371 [INFO] Capturing request: https://ses.ardaporno.live/trtspor/tracks-v1a1/2026/07/12/03/22/45-05760.avif
2026-07-12 03:23:09,674 [INFO] Capturing response: https://ses.ardaporno.live/trtspor/tracks-v1a1/2026/07/12/03/22/45-05760.avif 200 
2026-07-12 03:23:10,708 [INFO]   ✅ M3U8 bulundu: https://hlssssss-wildflower-4845.ugurdurmus9402.workers.dev/https://corestream.ardaporno.live//trtspor/tracks-v1a1/mono.m3u8
2026-07-12 03:23:11,708 [INFO] 
[7/14]
2026-07-12 03:23:11,708 [INFO] 🔍 beIN Sports Max 2 → https://atomsportv508.top/matches?id=bein-sports-max-2
2026-07-12 03:23:11,819 [INFO] Capturing request: https://atomsportv508.top/assets/js/clappr.js
2026-07-12 03:23:11,821 [INFO] Capturing request: https://atomsportv508.top/matches?id=bein-sports-max-2
2026-07-12 03:23:11,835 [INFO] Capturing response: https://atomsportv508.top/assets/js/clappr.js 200 
2026-07-12 03:23:11,861 [INFO] Capturing response: https://atomsportv508.top/matches?id=bein-sports-max-2 200 
2026-07-12 03:23:11,869 [INFO] Capturing request: https://atomsportv508.top/cdn-cgi/rum?
2026-07-12 03:23:11,894 [INFO] Capturing request: https://atomsportv508.top/cdn-cgi/rum?
2026-07-12 03:23:11,992 [INFO] Capturing request: https://teletv5.top/load/yayinlink.php?id=bein-sports-max-2
2026-07-12 03:23:11,999 [INFO] Capturing request: https://atomsportv508.top/favicon.ico
2026-07-12 03:23:12,002 [INFO] Capturing response: https://atomsportv508.top/cdn-cgi/rum? 204 
2026-07-12 03:23:12,004 [INFO] Capturing response: https://atomsportv508.top/cdn-cgi/rum? 204 
2026-07-12 03:23:12,028 [INFO] Capturing response: https://atomsportv508.top/favicon.ico 200 
2026-07-12 03:23:12,093 [INFO] Capturing request: https://streamsport365.com/cinema
2026-07-12 03:23:12,142 [INFO] Capturing response: https://teletv5.top/load/yayinlink.php?id=bein-sports-max-2 200 
2026-07-12 03:23:12,349 [INFO] Capturing response: https://streamsport365.com/cinema 200 
2026-07-12 03:23:12,469 [INFO] Capturing request: https://hlssssss-wildflower-4845.ugurdurmus9402.workers.dev/https://corestream.ardaporno.live//trtspor/tracks-v1a1/mono.m3u8
2026-07-12 03:23:12,582 [INFO] Capturing response: https://hlssssss-wildflower-4845.ugurdurmus9402.workers.dev/https://corestream.ardaporno.live//trtspor/tracks-v1a1/mono.m3u8 200 
2026-07-12 03:23:12,691 [INFO] Capturing request: https://ses.ardaporno.live/trtspor/tracks-v1a1/2026/07/12/03/22/51-05760.avif
2026-07-12 03:23:13,982 [INFO] Capturing response: https://ses.ardaporno.live/trtspor/tracks-v1a1/2026/07/12/03/22/51-05760.avif 200 
2026-07-12 03:23:14,912 [INFO]   ✅ M3U8 bulundu: https://hlssssss-wildflower-4845.ugurdurmus9402.workers.dev/https://corestream.ardaporno.live//trtspor/tracks-v1a1/mono.m3u8
2026-07-12 03:23:15,913 [INFO] 
[8/14]
2026-07-12 03:23:15,913 [INFO] 🔍 S Sport → https://atomsportv508.top/matches?id=s-sport
2026-07-12 03:23:16,023 [INFO] Capturing request: https://atomsportv508.top/assets/js/clappr.js
2026-07-12 03:23:16,024 [INFO] Capturing request: https://atomsportv508.top/matches?id=s-sport
2026-07-12 03:23:16,043 [INFO] Capturing response: https://atomsportv508.top/assets/js/clappr.js 200 
2026-07-12 03:23:16,071 [INFO] Capturing response: https://atomsportv508.top/matches?id=s-sport 200 
2026-07-12 03:23:16,080 [INFO] Capturing request: https://atomsportv508.top/cdn-cgi/rum?
2026-07-12 03:23:16,106 [INFO] Capturing request: https://streamsport365.com/cinema
2026-07-12 03:23:16,113 [INFO] Capturing request: https://atomsportv508.top/cdn-cgi/rum?
2026-07-12 03:23:16,213 [INFO] Capturing request: https://atomsportv508.top/favicon.ico
2026-07-12 03:23:16,214 [INFO] Capturing request: https://teletv5.top/load/yayinlink.php?id=s-sport
2026-07-12 03:23:16,219 [INFO] Capturing response: https://atomsportv508.top/cdn-cgi/rum? 204 
2026-07-12 03:23:16,221 [INFO] Capturing response: https://atomsportv508.top/cdn-cgi/rum? 204 
2026-07-12 03:23:16,242 [INFO] Capturing response: https://atomsportv508.top/favicon.ico 200 
2026-07-12 03:23:16,357 [INFO] Capturing response: https://streamsport365.com/cinema 200 
2026-07-12 03:23:16,366 [INFO] Capturing response: https://teletv5.top/load/yayinlink.php?id=s-sport 200 
2026-07-12 03:23:16,525 [INFO] Capturing request: https://hlssssss-wildflower-4845.ugurdurmus9402.workers.dev/https://corestream.ardaporno.live//s-sportt/tracks-v1a1/mono.m3u8
2026-07-12 03:23:16,643 [INFO] Capturing response: https://hlssssss-wildflower-4845.ugurdurmus9402.workers.dev/https://corestream.ardaporno.live//s-sportt/tracks-v1a1/mono.m3u8 404 
2026-07-12 03:23:17,811 [INFO] Capturing request: https://android.clients.google.com/c2dm/register3
2026-07-12 03:23:17,842 [INFO] Capturing response: https://android.clients.google.com/c2dm/register3 301 
2026-07-12 03:23:19,124 [INFO]   ✅ M3U8 bulundu: https://hlssssss-wildflower-4845.ugurdurmus9402.workers.dev/https://corestream.ardaporno.live//s-sportt/tracks-v1a1/mono.m3u8
2026-07-12 03:23:20,124 [INFO] 
[9/14]
2026-07-12 03:23:20,124 [INFO] 🔍 S Sport 2 → https://atomsportv508.top/matches?id=s-sport-2
2026-07-12 03:23:20,233 [INFO] Capturing request: https://atomsportv508.top/assets/js/clappr.js
2026-07-12 03:23:20,235 [INFO] Capturing request: https://atomsportv508.top/matches?id=s-sport-2
2026-07-12 03:23:20,253 [INFO] Capturing response: https://atomsportv508.top/assets/js/clappr.js 200 
2026-07-12 03:23:20,280 [INFO] Capturing response: https://atomsportv508.top/matches?id=s-sport-2 200 
2026-07-12 03:23:20,288 [INFO] Capturing request: https://atomsportv508.top/cdn-cgi/rum?
2026-07-12 03:23:20,314 [INFO] Capturing request: https://atomsportv508.top/cdn-cgi/rum?
2026-07-12 03:23:20,415 [INFO] Capturing request: https://teletv5.top/load/yayinlink.php?id=s-sport-2
2026-07-12 03:23:20,417 [INFO] Capturing request: https://atomsportv508.top/favicon.ico
2026-07-12 03:23:20,421 [INFO] Capturing response: https://atomsportv508.top/cdn-cgi/rum? 204 
2026-07-12 03:23:20,423 [INFO] Capturing response: https://atomsportv508.top/cdn-cgi/rum? 204 
2026-07-12 03:23:20,445 [INFO] Capturing response: https://atomsportv508.top/favicon.ico 200 
2026-07-12 03:23:20,510 [INFO] Capturing request: https://streamsport365.com/cinema
2026-07-12 03:23:20,568 [INFO] Capturing response: https://teletv5.top/load/yayinlink.php?id=s-sport-2 200 
2026-07-12 03:23:20,761 [INFO] Capturing response: https://streamsport365.com/cinema 200 
2026-07-12 03:23:20,881 [INFO] Capturing request: https://hlssssss-wildflower-4845.ugurdurmus9402.workers.dev/https://corestream.ardaporno.live//s-sport2/tracks-v1a1/mono.m3u8
2026-07-12 03:23:20,998 [INFO] Capturing response: https://hlssssss-wildflower-4845.ugurdurmus9402.workers.dev/https://corestream.ardaporno.live//s-sport2/tracks-v1a1/mono.m3u8 404 
2026-07-12 03:23:23,327 [INFO]   ✅ M3U8 bulundu: https://hlssssss-wildflower-4845.ugurdurmus9402.workers.dev/https://corestream.ardaporno.live//s-sport2/tracks-v1a1/mono.m3u8
2026-07-12 03:23:24,327 [INFO] 
[10/14]
2026-07-12 03:23:24,327 [INFO] 🔍 A Spor → https://atomsportv508.top/matches?id=a-spor
2026-07-12 03:23:24,436 [INFO] Capturing request: https://atomsportv508.top/assets/js/clappr.js
2026-07-12 03:23:24,438 [INFO] Capturing request: https://atomsportv508.top/matches?id=a-spor
2026-07-12 03:23:24,454 [INFO] Capturing response: https://atomsportv508.top/assets/js/clappr.js 200 
2026-07-12 03:23:24,478 [INFO] Capturing response: https://atomsportv508.top/matches?id=a-spor 200 
2026-07-12 03:23:24,487 [INFO] Capturing request: https://atomsportv508.top/cdn-cgi/rum?
2026-07-12 03:23:24,534 [INFO] Capturing request: https://streamsport365.com/cinema
2026-07-12 03:23:24,536 [INFO] Capturing request: https://atomsportv508.top/cdn-cgi/rum?
2026-07-12 03:23:24,614 [INFO] Capturing request: https://teletv5.top/load/yayinlink.php?id=a-spor
2026-07-12 03:23:24,640 [INFO] Capturing response: https://atomsportv508.top/cdn-cgi/rum? 204 
2026-07-12 03:23:24,641 [INFO] Capturing request: https://atomsportv508.top/favicon.ico
2026-07-12 03:23:24,671 [INFO] Capturing response: https://atomsportv508.top/favicon.ico 200 
2026-07-12 03:23:24,684 [INFO] Capturing response: https://atomsportv508.top/cdn-cgi/rum? 204 
2026-07-12 03:23:24,768 [INFO] Capturing response: https://teletv5.top/load/yayinlink.php?id=a-spor 200 
2026-07-12 03:23:24,786 [INFO] Capturing response: https://streamsport365.com/cinema 200 
2026-07-12 03:23:24,930 [INFO] Capturing request: https://hlssssss-wildflower-4845.ugurdurmus9402.workers.dev/https://corestream.ardaporno.live//aspor/tracks-v1a1/mono.m3u8
2026-07-12 03:23:25,052 [INFO] Capturing response: https://hlssssss-wildflower-4845.ugurdurmus9402.workers.dev/https://corestream.ardaporno.live//aspor/tracks-v1a1/mono.m3u8 404 
2026-07-12 03:23:27,543 [INFO]   ✅ M3U8 bulundu: https://hlssssss-wildflower-4845.ugurdurmus9402.workers.dev/https://corestream.ardaporno.live//aspor/tracks-v1a1/mono.m3u8
2026-07-12 03:23:28,544 [INFO] 
[11/14]
2026-07-12 03:23:28,544 [INFO] 🔍 Tivibu Spor 1 → https://atomsportv508.top/matches?id=tivibu-spor-1
2026-07-12 03:23:28,654 [INFO] Capturing request: https://atomsportv508.top/assets/js/clappr.js
2026-07-12 03:23:28,655 [INFO] Capturing request: https://atomsportv508.top/matches?id=tivibu-spor-1
2026-07-12 03:23:28,671 [INFO] Capturing response: https://atomsportv508.top/assets/js/clappr.js 200 
2026-07-12 03:23:28,889 [INFO] Capturing response: https://atomsportv508.top/matches?id=tivibu-spor-1 200 
2026-07-12 03:23:28,898 [INFO] Capturing request: https://atomsportv508.top/cdn-cgi/rum?
2026-07-12 03:23:28,926 [INFO] Capturing request: https://atomsportv508.top/cdn-cgi/rum?
2026-07-12 03:23:29,006 [INFO] Capturing response: https://atomsportv508.top/cdn-cgi/rum? 204 
2026-07-12 03:23:29,025 [INFO] Capturing request: https://teletv5.top/load/yayinlink.php?id=tivibu-spor-1
2026-07-12 03:23:29,028 [INFO] Capturing request: https://atomsportv508.top/favicon.ico
2026-07-12 03:23:29,065 [INFO] Capturing response: https://atomsportv508.top/favicon.ico 200 
2026-07-12 03:23:29,076 [INFO] Capturing response: https://atomsportv508.top/cdn-cgi/rum? 204 
2026-07-12 03:23:29,124 [INFO] Capturing request: https://streamsport365.com/cinema
2026-07-12 03:23:29,177 [INFO] Capturing response: https://teletv5.top/load/yayinlink.php?id=tivibu-spor-1 200 
2026-07-12 03:23:29,375 [INFO] Capturing response: https://streamsport365.com/cinema 200 
2026-07-12 03:23:29,492 [INFO] Capturing request: https://hlssssss-wildflower-4845.ugurdurmus9402.workers.dev/https://corestream.ardaporno.live//trtspor/tracks-v1a1/mono.m3u8
2026-07-12 03:23:29,627 [INFO] Capturing response: https://hlssssss-wildflower-4845.ugurdurmus9402.workers.dev/https://corestream.ardaporno.live//trtspor/tracks-v1a1/mono.m3u8 200 
2026-07-12 03:23:29,737 [INFO] Capturing request: https://ses.ardaporno.live/trtspor/tracks-v1a1/2026/07/12/03/23/08-05760.avif
2026-07-12 03:23:31,119 [INFO] Capturing response: https://ses.ardaporno.live/trtspor/tracks-v1a1/2026/07/12/03/23/08-05760.avif 200 
2026-07-12 03:23:31,940 [INFO]   ✅ M3U8 bulundu: https://hlssssss-wildflower-4845.ugurdurmus9402.workers.dev/https://corestream.ardaporno.live//trtspor/tracks-v1a1/mono.m3u8
2026-07-12 03:23:32,941 [INFO] 
[12/14]
2026-07-12 03:23:32,941 [INFO] 🔍 Tivibu Spor 2 → https://atomsportv508.top/matches?id=tivibu-spor-2
2026-07-12 03:23:33,051 [INFO] Capturing request: https://atomsportv508.top/assets/js/clappr.js
2026-07-12 03:23:33,053 [INFO] Capturing request: https://atomsportv508.top/matches?id=tivibu-spor-2
2026-07-12 03:23:33,070 [INFO] Capturing response: https://atomsportv508.top/assets/js/clappr.js 200 
2026-07-12 03:23:33,106 [INFO] Capturing response: https://atomsportv508.top/matches?id=tivibu-spor-2 200 
2026-07-12 03:23:33,115 [INFO] Capturing request: https://atomsportv508.top/cdn-cgi/rum?
2026-07-12 03:23:33,140 [INFO] Capturing request: https://streamsport365.com/cinema
2026-07-12 03:23:33,146 [INFO] Capturing request: https://atomsportv508.top/cdn-cgi/rum?
2026-07-12 03:23:33,240 [INFO] Capturing request: https://teletv5.top/load/yayinlink.php?id=tivibu-spor-2
2026-07-12 03:23:33,247 [INFO] Capturing request: https://atomsportv508.top/favicon.ico
2026-07-12 03:23:33,251 [INFO] Capturing response: https://atomsportv508.top/cdn-cgi/rum? 204 
2026-07-12 03:23:33,253 [INFO] Capturing response: https://atomsportv508.top/cdn-cgi/rum? 204 
2026-07-12 03:23:33,276 [INFO] Capturing response: https://atomsportv508.top/favicon.ico 200 
2026-07-12 03:23:33,387 [INFO] Capturing response: https://streamsport365.com/cinema 200 
2026-07-12 03:23:33,390 [INFO] Capturing response: https://teletv5.top/load/yayinlink.php?id=tivibu-spor-2 200 
2026-07-12 03:23:33,549 [INFO] Capturing request: https://hlssssss-wildflower-4845.ugurdurmus9402.workers.dev/https://corestream.ardaporno.live//trtspor/tracks-v1a1/mono.m3u8
2026-07-12 03:23:33,666 [INFO] Capturing response: https://hlssssss-wildflower-4845.ugurdurmus9402.workers.dev/https://corestream.ardaporno.live//trtspor/tracks-v1a1/mono.m3u8 200 
2026-07-12 03:23:33,815 [INFO] Capturing request: https://ses.ardaporno.live/trtspor/tracks-v1a1/2026/07/12/03/23/14-05760.avif
2026-07-12 03:23:35,141 [INFO] Capturing response: https://ses.ardaporno.live/trtspor/tracks-v1a1/2026/07/12/03/23/14-05760.avif 200 
2026-07-12 03:23:36,161 [INFO]   ✅ M3U8 bulundu: https://hlssssss-wildflower-4845.ugurdurmus9402.workers.dev/https://corestream.ardaporno.live//trtspor/tracks-v1a1/mono.m3u8
2026-07-12 03:23:37,161 [INFO] 
[13/14]
2026-07-12 03:23:37,161 [INFO] 🔍 Tivibu Spor 3 → https://atomsportv508.top/matches?id=tivibu-spor-3
2026-07-12 03:23:37,273 [INFO] Capturing request: https://atomsportv508.top/matches?id=tivibu-spor-3
2026-07-12 03:23:37,274 [INFO] Capturing request: https://atomsportv508.top/assets/js/clappr.js
2026-07-12 03:23:37,302 [INFO] Capturing response: https://atomsportv508.top/matches?id=tivibu-spor-3 200 
2026-07-12 03:23:37,311 [INFO] Capturing request: https://atomsportv508.top/cdn-cgi/rum?
2026-07-12 03:23:37,316 [INFO] Capturing response: https://atomsportv508.top/assets/js/clappr.js 200 
2026-07-12 03:23:37,340 [INFO] Capturing request: https://atomsportv508.top/cdn-cgi/rum?
2026-07-12 03:23:37,420 [INFO] Capturing response: https://atomsportv508.top/cdn-cgi/rum? 204 
2026-07-12 03:23:37,441 [INFO] Capturing request: https://teletv5.top/load/yayinlink.php?id=tivibu-spor-3
2026-07-12 03:23:37,444 [INFO] Capturing request: https://atomsportv508.top/favicon.ico
2026-07-12 03:23:37,471 [INFO] Capturing response: https://atomsportv508.top/favicon.ico 200 
2026-07-12 03:23:37,490 [INFO] Capturing response: https://atomsportv508.top/cdn-cgi/rum? 204 
2026-07-12 03:23:37,536 [INFO] Capturing request: https://streamsport365.com/cinema
2026-07-12 03:23:37,594 [INFO] Capturing response: https://teletv5.top/load/yayinlink.php?id=tivibu-spor-3 200 
2026-07-12 03:23:37,787 [INFO] Capturing response: https://streamsport365.com/cinema 200 
2026-07-12 03:23:37,905 [INFO] Capturing request: https://hlssssss-wildflower-4845.ugurdurmus9402.workers.dev/https://corestream.ardaporno.live//trtspor/tracks-v1a1/mono.m3u8
2026-07-12 03:23:38,033 [INFO] Capturing response: https://hlssssss-wildflower-4845.ugurdurmus9402.workers.dev/https://corestream.ardaporno.live//trtspor/tracks-v1a1/mono.m3u8 200 
2026-07-12 03:23:38,142 [INFO] Capturing request: https://ses.ardaporno.live/trtspor/tracks-v1a1/2026/07/12/03/23/14-05760.avif
2026-07-12 03:23:38,586 [INFO] Capturing response: https://ses.ardaporno.live/trtspor/tracks-v1a1/2026/07/12/03/23/14-05760.avif 200 
2026-07-12 03:23:40,356 [INFO]   ✅ M3U8 bulundu: https://hlssssss-wildflower-4845.ugurdurmus9402.workers.dev/https://corestream.ardaporno.live//trtspor/tracks-v1a1/mono.m3u8
2026-07-12 03:23:41,356 [INFO] 
[14/14]
2026-07-12 03:23:41,356 [INFO] 🔍 Tivibu Spor 4 → https://atomsportv508.top/matches?id=tivibu-spor-4
2026-07-12 03:23:41,467 [INFO] Capturing request: https://atomsportv508.top/matches?id=tivibu-spor-4
2026-07-12 03:23:41,469 [INFO] Capturing request: https://atomsportv508.top/assets/js/clappr.js
2026-07-12 03:23:41,498 [INFO] Capturing response: https://atomsportv508.top/matches?id=tivibu-spor-4 200 
2026-07-12 03:23:41,507 [INFO] Capturing request: https://atomsportv508.top/cdn-cgi/rum?
2026-07-12 03:23:41,512 [INFO] Capturing response: https://atomsportv508.top/assets/js/clappr.js 200 
2026-07-12 03:23:41,530 [INFO] Capturing request: https://streamsport365.com/cinema
2026-07-12 03:23:41,538 [INFO] Capturing request: https://atomsportv508.top/cdn-cgi/rum?
2026-07-12 03:23:41,616 [INFO] Capturing response: https://atomsportv508.top/cdn-cgi/rum? 204 
2026-07-12 03:23:41,627 [INFO] Capturing request: https://teletv5.top/load/yayinlink.php?id=tivibu-spor-4
2026-07-12 03:23:41,638 [INFO] Capturing request: https://atomsportv508.top/favicon.ico
2026-07-12 03:23:41,665 [INFO] Capturing response: https://atomsportv508.top/favicon.ico 200 
2026-07-12 03:23:41,686 [INFO] Capturing response: https://atomsportv508.top/cdn-cgi/rum? 204 
2026-07-12 03:23:41,777 [INFO] Capturing response: https://teletv5.top/load/yayinlink.php?id=tivibu-spor-4 200 
2026-07-12 03:23:41,791 [INFO] Capturing response: https://streamsport365.com/cinema 200 
2026-07-12 03:23:45,125 [INFO] Capturing request: https://update.googleapis.com/service/update2/json?cup2key=16:Ew41dRyblyn-e-0dyCpyfdMkawB3Lv6maVYjewAqh40&cup2hreq=4b824d7392c039ff441be9b6145bdc85f4412e00fc1e19bf826937cb72c3774e
2026-07-12 03:23:45,151 [INFO] Capturing response: https://update.googleapis.com/service/update2/json?cup2key=16:Ew41dRyblyn-e-0dyCpyfdMkawB3Lv6maVYjewAqh40&cup2hreq=4b824d7392c039ff441be9b6145bdc85f4412e00fc1e19bf826937cb72c3774e 200 
2026-07-12 03:23:45,157 [INFO] Capturing request: http://edgedl.me.gvt1.com/edgedl/diffgen-puffin/gcmjkmgdlgnkkcocmoeiminaijmmjnii/df2a22d5ecc7788c3330ebd5f856b41531c74f412a01ed7453d11284708009fe
2026-07-12 03:23:45,175 [INFO] Capturing response: http://edgedl.me.gvt1.com/edgedl/diffgen-puffin/gcmjkmgdlgnkkcocmoeiminaijmmjnii/df2a22d5ecc7788c3330ebd5f856b41531c74f412a01ed7453d11284708009fe 200 OK
2026-07-12 03:23:45,201 [INFO] Capturing request: https://update.googleapis.com/service/update2/json
2026-07-12 03:23:45,225 [INFO] Capturing response: https://update.googleapis.com/service/update2/json 200 
2026-07-12 03:23:45,269 [INFO] Capturing request: http://edgedl.me.gvt1.com/edgedl/release2/chrome_component/ejt2czerdoyw4bq2kwpj6b2isa_10642/hfnkpimlhhgieaddgfemjhofmfblmnib_10642_all_f6bbpjsaazapopepl24oytcfha.crx3
2026-07-12 03:23:45,288 [INFO] Capturing response: http://edgedl.me.gvt1.com/edgedl/release2/chrome_component/ejt2czerdoyw4bq2kwpj6b2isa_10642/hfnkpimlhhgieaddgfemjhofmfblmnib_10642_all_f6bbpjsaazapopepl24oytcfha.crx3 200 OK
2026-07-12 03:23:45,318 [INFO] Capturing request: https://update.googleapis.com/service/update2/json
2026-07-12 03:23:45,341 [INFO] Capturing response: https://update.googleapis.com/service/update2/json 200 
2026-07-12 03:24:12,366 [INFO] Capturing request: https://android.clients.google.com/c2dm/register3
2026-07-12 03:24:12,427 [INFO] Capturing response: https://android.clients.google.com/c2dm/register3 301 
2026-07-12 03:24:14,847 [WARNING]   ❌ Tivibu Spor 4 için M3U8 bulunamadı
2026-07-12 03:24:15,915 [INFO] ✅ 13 kanal bulundu, playlist.m3u kaydedildi
