2026-06-24 17:55:43,249 [INFO] 🌐 BASE_URL: https://atomsportv508.top
2026-06-24 17:55:44,282 [INFO] Başlanıyor... 14 kanal taranacak
2026-06-24 17:55:44,282 [INFO] Using default request storage
2026-06-24 17:55:44,286 [INFO] Created proxy listening on 127.0.0.1:39719
2026-06-24 17:55:44,919 [INFO] Capturing request: http://clients2.google.com/time/1/current?cup2key=10:ItWi8Zo9zxnkbgnBe1NC6gctBhDomzD0EduZ0iJ8baE&cup2hreq=e3b0c44298fc1c149afbf4c8996fb92427ae41e4649b934ca495991b7852b855
2026-06-24 17:55:44,950 [INFO] Capturing response: http://clients2.google.com/time/1/current?cup2key=10:ItWi8Zo9zxnkbgnBe1NC6gctBhDomzD0EduZ0iJ8baE&cup2hreq=e3b0c44298fc1c149afbf4c8996fb92427ae41e4649b934ca495991b7852b855 200 OK
2026-06-24 17:55:45,044 [INFO] 
[1/14]
2026-06-24 17:55:45,044 [INFO] 🔍 beIN Sports 1 → https://atomsportv508.top/matches?id=bein-sports-1
2026-06-24 17:55:45,100 [INFO] Capturing request: https://accounts.google.com/ListAccounts?gpsia=1&source=ChromiumBrowser&json=standard&laf=b64bin
2026-06-24 17:55:45,105 [INFO] Capturing request: https://update.googleapis.com/service/update2/json?cup2key=16:KzUJFcAvCdK1nzcMdxWOG7Xc12Dy71LHV8OmVge-9zA&cup2hreq=b3b96575ae5b2d1df873c3d16f3f5f1a4005b105e149ccbe2c5670b84277ec57
2026-06-24 17:55:45,146 [INFO] Capturing response: https://update.googleapis.com/service/update2/json?cup2key=16:KzUJFcAvCdK1nzcMdxWOG7Xc12Dy71LHV8OmVge-9zA&cup2hreq=b3b96575ae5b2d1df873c3d16f3f5f1a4005b105e149ccbe2c5670b84277ec57 200 
2026-06-24 17:55:45,171 [INFO] Capturing response: https://accounts.google.com/ListAccounts?gpsia=1&source=ChromiumBrowser&json=standard&laf=b64bin 200 
2026-06-24 17:55:45,191 [INFO] Capturing request: https://update.googleapis.com/service/update2/json?cup2key=16:QUQZREgPyH2CFRUlxZ-ydVZEX7yVfOqyArQdB6tehkQ&cup2hreq=feea573823fad2ba553740bebf7f40b36ab4a98886a83faf8b8b3d59745f6857
2026-06-24 17:55:45,196 [INFO] Capturing request: https://atomsportv508.top/matches?id=bein-sports-1
2026-06-24 17:55:45,216 [INFO] Capturing response: https://update.googleapis.com/service/update2/json?cup2key=16:QUQZREgPyH2CFRUlxZ-ydVZEX7yVfOqyArQdB6tehkQ&cup2hreq=feea573823fad2ba553740bebf7f40b36ab4a98886a83faf8b8b3d59745f6857 200 
2026-06-24 17:55:45,333 [INFO] Capturing response: https://atomsportv508.top/matches?id=bein-sports-1 200 
2026-06-24 17:55:45,459 [INFO] Capturing request: https://www.google.com/async/folae?async=_fmt:pb&udm=50&client_locale=en-US&client_country=ZZ
2026-06-24 17:55:45,484 [INFO] Capturing request: https://atomsportv508.top/assets/js/clappr.js
2026-06-24 17:55:45,492 [INFO] Capturing response: https://www.google.com/async/folae?async=_fmt:pb&udm=50&client_locale=en-US&client_country=ZZ 200 
2026-06-24 17:55:45,522 [INFO] Capturing request: https://cdn.jsdelivr.net/npm/@clappr/player@latest/dist/clappr.min.js
2026-06-24 17:55:45,524 [INFO] Capturing request: https://cdnjs.cloudflare.com/ajax/libs/jquery/3.2.1/jquery.min.js
2026-06-24 17:55:45,545 [INFO] Capturing response: https://cdnjs.cloudflare.com/ajax/libs/jquery/3.2.1/jquery.min.js 200 
2026-06-24 17:55:45,552 [INFO] Capturing response: https://atomsportv508.top/assets/js/clappr.js 200 
2026-06-24 17:55:45,559 [INFO] Capturing response: https://cdn.jsdelivr.net/npm/@clappr/player@latest/dist/clappr.min.js 200 
2026-06-24 17:55:45,737 [INFO] Capturing request: https://static.cloudflareinsights.com/beacon.min.js/v833ccba57c9e4d2798f2e76cebdd09a11778172276447
2026-06-24 17:55:45,754 [INFO] Capturing response: https://static.cloudflareinsights.com/beacon.min.js/v833ccba57c9e4d2798f2e76cebdd09a11778172276447 200 
2026-06-24 17:55:45,812 [INFO] Capturing request: https://atomsportv508.top/cdn-cgi/rum?
2026-06-24 17:55:45,915 [INFO] Capturing request: https://atomsportv508.top/favicon.ico
2026-06-24 17:55:45,925 [INFO] Capturing response: https://atomsportv508.top/cdn-cgi/rum? 204 
2026-06-24 17:55:45,974 [INFO] Capturing request: https://teletv5.top/load/yayinlink.php?id=bein-sports-1
2026-06-24 17:55:45,981 [INFO] Capturing response: https://atomsportv508.top/favicon.ico 200 
2026-06-24 17:55:46,352 [INFO] Capturing request: https://streamsport365.com/cinema
2026-06-24 17:55:46,483 [INFO] Capturing response: https://teletv5.top/load/yayinlink.php?id=bein-sports-1 200 
2026-06-24 17:55:46,639 [INFO] Capturing response: https://streamsport365.com/cinema 200 
2026-06-24 17:55:46,763 [INFO] Capturing request: https://atomsportv508.top/assets/img/player_logo_6880e4e4c52ee.png
2026-06-24 17:55:46,820 [INFO] Capturing response: https://atomsportv508.top/assets/img/player_logo_6880e4e4c52ee.png 200 
2026-06-24 17:55:46,838 [INFO] Capturing request: https://hlssssssssssssssssss.yedeklinksa35.workers.dev/https://corestream.ronaldovurdu.help//aspor/tracks-v1a1/mono.m3u8
2026-06-24 17:55:47,172 [INFO] Capturing response: https://hlssssssssssssssssss.yedeklinksa35.workers.dev/https://corestream.ronaldovurdu.help//aspor/tracks-v1a1/mono.m3u8 200 
2026-06-24 17:55:47,405 [INFO] Capturing request: https://ts.yedeklinksa35.workers.dev/aspor/tracks-v1a1/2026/06/24/17/55/53-10000.avif
2026-06-24 17:55:47,777 [INFO] Capturing request: https://android.clients.google.com/checkin
2026-06-24 17:55:47,862 [INFO] Capturing response: https://android.clients.google.com/checkin 200 
2026-06-24 17:55:47,912 [INFO] Capturing request: https://android.clients.google.com/c2dm/register3
2026-06-24 17:55:47,915 [INFO] Capturing request: https://android.clients.google.com/c2dm/register3
2026-06-24 17:55:47,923 [INFO] Capturing request: https://android.clients.google.com/c2dm/register3
2026-06-24 17:55:47,943 [INFO] Capturing response: https://android.clients.google.com/c2dm/register3 301 
2026-06-24 17:55:47,951 [INFO] Capturing response: https://android.clients.google.com/c2dm/register3 200 
2026-06-24 17:55:48,143 [INFO] Capturing response: https://ts.yedeklinksa35.workers.dev/aspor/tracks-v1a1/2026/06/24/17/55/53-10000.avif 200 
2026-06-24 17:55:48,380 [INFO] Capturing request: https://ts.yedeklinksa35.workers.dev/aspor/tracks-v1a1/2026/06/24/17/56/03-10000.avif
2026-06-24 17:55:48,447 [INFO] Capturing response: https://android.clients.google.com/c2dm/register3 200 
2026-06-24 17:55:48,801 [INFO] Capturing response: https://ts.yedeklinksa35.workers.dev/aspor/tracks-v1a1/2026/06/24/17/56/03-10000.avif 200 
2026-06-24 17:55:48,850 [INFO]   ✅ M3U8 bulundu: https://hlssssssssssssssssss.yedeklinksa35.workers.dev/https://corestream.ronaldovurdu.help//aspor/tracks-v1a1/mono.m3u8
2026-06-24 17:55:48,996 [INFO] Capturing request: https://ts.yedeklinksa35.workers.dev/aspor/tracks-v1a1/2026/06/24/17/56/13-10000.avif
2026-06-24 17:55:49,480 [INFO] Capturing response: https://ts.yedeklinksa35.workers.dev/aspor/tracks-v1a1/2026/06/24/17/56/13-10000.avif 200 
2026-06-24 17:55:49,851 [INFO] 
[2/14]
2026-06-24 17:55:49,851 [INFO] 🔍 beIN Sports 2 → https://atomsportv508.top/matches?id=bein-sports-2
2026-06-24 17:55:49,962 [INFO] Capturing request: https://atomsportv508.top/matches?id=bein-sports-2
2026-06-24 17:55:50,001 [INFO] Capturing response: https://atomsportv508.top/matches?id=bein-sports-2 200 
2026-06-24 17:55:50,012 [INFO] Capturing request: https://atomsportv508.top/cdn-cgi/rum?
2026-06-24 17:55:50,052 [INFO] Capturing request: https://streamsport365.com/cinema
2026-06-24 17:55:50,054 [INFO] Capturing request: https://atomsportv508.top/cdn-cgi/rum?
2026-06-24 17:55:50,153 [INFO] Capturing request: https://teletv5.top/load/yayinlink.php?id=bein-sports-2
2026-06-24 17:55:50,155 [INFO] Capturing request: https://atomsportv508.top/favicon.ico
2026-06-24 17:55:50,161 [INFO] Capturing response: https://atomsportv508.top/cdn-cgi/rum? 204 
2026-06-24 17:55:50,166 [INFO] Capturing response: https://atomsportv508.top/cdn-cgi/rum? 204 
2026-06-24 17:55:50,191 [INFO] Capturing response: https://atomsportv508.top/favicon.ico 200 
2026-06-24 17:55:50,321 [INFO] Capturing response: https://teletv5.top/load/yayinlink.php?id=bein-sports-2 200 
2026-06-24 17:55:50,342 [INFO] Capturing response: https://streamsport365.com/cinema 200 
2026-06-24 17:55:50,460 [INFO] Capturing request: https://hlssssssssssssssssss.yedeklinksa35.workers.dev/https://corestream.ronaldovurdu.help//bein2/tracks-v1a1/mono.m3u8
2026-06-24 17:55:50,623 [INFO] Capturing response: https://hlssssssssssssssssss.yedeklinksa35.workers.dev/https://corestream.ronaldovurdu.help//bein2/tracks-v1a1/mono.m3u8 200 
2026-06-24 17:55:50,732 [INFO] Capturing request: https://ts.yedeklinksa35.workers.dev/bein2/tracks-v1a1/2026/06/24/17/55/20-10000.avif
2026-06-24 17:55:51,013 [INFO] Capturing response: https://ts.yedeklinksa35.workers.dev/bein2/tracks-v1a1/2026/06/24/17/55/20-10000.avif 200 
2026-06-24 17:55:51,162 [INFO] Capturing request: https://ts.yedeklinksa35.workers.dev/bein2/tracks-v1a1/2026/06/24/17/55/30-10000.avif
2026-06-24 17:55:51,616 [INFO] Capturing response: https://ts.yedeklinksa35.workers.dev/bein2/tracks-v1a1/2026/06/24/17/55/30-10000.avif 200 
2026-06-24 17:55:51,795 [INFO] Capturing request: https://ts.yedeklinksa35.workers.dev/bein2/tracks-v1a1/2026/06/24/17/55/40-10000.avif
2026-06-24 17:55:52,298 [INFO] Capturing response: https://ts.yedeklinksa35.workers.dev/bein2/tracks-v1a1/2026/06/24/17/55/40-10000.avif 200 
2026-06-24 17:55:53,067 [INFO]   ✅ M3U8 bulundu: https://hlssssssssssssssssss.yedeklinksa35.workers.dev/https://corestream.ronaldovurdu.help//bein2/tracks-v1a1/mono.m3u8
2026-06-24 17:55:54,067 [INFO] 
[3/14]
2026-06-24 17:55:54,067 [INFO] 🔍 beIN Sports 3 → https://atomsportv508.top/matches?id=bein-sports-3
2026-06-24 17:55:54,176 [INFO] Capturing request: https://atomsportv508.top/assets/js/clappr.js
2026-06-24 17:55:54,178 [INFO] Capturing request: https://atomsportv508.top/matches?id=bein-sports-3
2026-06-24 17:55:54,201 [INFO] Capturing response: https://atomsportv508.top/assets/js/clappr.js 200 
2026-06-24 17:55:54,237 [INFO] Capturing response: https://atomsportv508.top/matches?id=bein-sports-3 200 
2026-06-24 17:55:54,250 [INFO] Capturing request: https://atomsportv508.top/cdn-cgi/rum?
2026-06-24 17:55:54,272 [INFO] Capturing request: https://atomsportv508.top/cdn-cgi/rum?
2026-06-24 17:55:54,377 [INFO] Capturing request: https://teletv5.top/load/yayinlink.php?id=bein-sports-3
2026-06-24 17:55:54,383 [INFO] Capturing response: https://atomsportv508.top/cdn-cgi/rum? 204 
2026-06-24 17:55:54,384 [INFO] Capturing request: https://atomsportv508.top/favicon.ico
2026-06-24 17:55:54,385 [INFO] Capturing response: https://atomsportv508.top/cdn-cgi/rum? 204 
2026-06-24 17:55:54,419 [INFO] Capturing response: https://atomsportv508.top/favicon.ico 200 
2026-06-24 17:55:54,486 [INFO] Capturing request: https://streamsport365.com/cinema
2026-06-24 17:55:54,547 [INFO] Capturing response: https://teletv5.top/load/yayinlink.php?id=bein-sports-3 200 
2026-06-24 17:55:54,773 [INFO] Capturing response: https://streamsport365.com/cinema 200 
2026-06-24 17:56:11,948 [INFO] Capturing request: https://android.clients.google.com/c2dm/register3
2026-06-24 17:56:12,275 [INFO] Capturing response: https://android.clients.google.com/c2dm/register3 200 
2026-06-24 17:56:13,328 [INFO] Capturing request: https://android.clients.google.com/c2dm/register3
2026-06-24 17:56:13,357 [INFO] Capturing response: https://android.clients.google.com/c2dm/register3 301 
2026-06-24 17:56:27,537 [WARNING]   ❌ beIN Sports 3 için M3U8 bulunamadı
2026-06-24 17:56:28,537 [INFO] 
[4/14]
2026-06-24 17:56:28,537 [INFO] 🔍 beIN Sports 4 → https://atomsportv508.top/matches?id=bein-sports-4
2026-06-24 17:56:28,647 [INFO] Capturing request: https://atomsportv508.top/assets/js/clappr.js
2026-06-24 17:56:28,649 [INFO] Capturing request: https://atomsportv508.top/matches?id=bein-sports-4
2026-06-24 17:56:28,670 [INFO] Capturing response: https://atomsportv508.top/assets/js/clappr.js 200 
2026-06-24 17:56:29,162 [INFO] Capturing response: https://atomsportv508.top/matches?id=bein-sports-4 200 
2026-06-24 17:56:29,172 [INFO] Capturing request: https://atomsportv508.top/cdn-cgi/rum?
2026-06-24 17:56:29,199 [INFO] Capturing request: https://atomsportv508.top/cdn-cgi/rum?
2026-06-24 17:56:29,280 [INFO] Capturing response: https://atomsportv508.top/cdn-cgi/rum? 204 
2026-06-24 17:56:29,298 [INFO] Capturing request: https://teletv5.top/load/yayinlink.php?id=bein-sports-4
2026-06-24 17:56:29,302 [INFO] Capturing request: https://atomsportv508.top/favicon.ico
2026-06-24 17:56:29,348 [INFO] Capturing response: https://atomsportv508.top/favicon.ico 200 
2026-06-24 17:56:29,350 [INFO] Capturing response: https://atomsportv508.top/cdn-cgi/rum? 204 
2026-06-24 17:56:29,417 [INFO] Capturing request: https://streamsport365.com/cinema
2026-06-24 17:56:29,479 [INFO] Capturing response: https://teletv5.top/load/yayinlink.php?id=bein-sports-4 200 
2026-06-24 17:56:29,712 [INFO] Capturing response: https://streamsport365.com/cinema 200 
2026-06-24 17:56:44,915 [INFO] Capturing request: https://update.googleapis.com/service/update2/json?cup2key=16:7D39cURyMeX1TGxWDmGQphMhVtAC7zVDPXzT4vXHxT0&cup2hreq=aa321fded146cc64fc9032610db6eeed0ac109aba037035b4b48d6d736645071
2026-06-24 17:56:44,940 [INFO] Capturing response: https://update.googleapis.com/service/update2/json?cup2key=16:7D39cURyMeX1TGxWDmGQphMhVtAC7zVDPXzT4vXHxT0&cup2hreq=aa321fded146cc64fc9032610db6eeed0ac109aba037035b4b48d6d736645071 200 
2026-06-24 17:56:54,054 [INFO] Capturing request: https://android.clients.google.com/c2dm/register3
2026-06-24 17:56:54,081 [INFO] Capturing response: https://android.clients.google.com/c2dm/register3 301 
2026-06-24 17:57:02,421 [WARNING]   ❌ beIN Sports 4 için M3U8 bulunamadı
2026-06-24 17:57:03,422 [INFO] 
[5/14]
2026-06-24 17:57:03,422 [INFO] 🔍 beIN Sports 5 → https://atomsportv508.top/matches?id=bein-sports-5
2026-06-24 17:57:03,531 [INFO] Capturing request: https://atomsportv508.top/matches?id=bein-sports-5
2026-06-24 17:57:03,532 [INFO] Capturing request: https://atomsportv508.top/assets/js/clappr.js
2026-06-24 17:57:03,564 [INFO] Capturing response: https://atomsportv508.top/assets/js/clappr.js 200 
2026-06-24 17:57:03,819 [INFO] Capturing response: https://atomsportv508.top/matches?id=bein-sports-5 200 
2026-06-24 17:57:03,827 [INFO] Capturing request: https://atomsportv508.top/cdn-cgi/rum?
2026-06-24 17:57:03,851 [INFO] Capturing request: https://atomsportv508.top/cdn-cgi/rum?
2026-06-24 17:57:03,946 [INFO] Capturing request: https://teletv5.top/load/yayinlink.php?id=bein-sports-5
2026-06-24 17:57:03,953 [INFO] Capturing request: https://atomsportv508.top/favicon.ico
2026-06-24 17:57:03,958 [INFO] Capturing response: https://atomsportv508.top/cdn-cgi/rum? 204 
2026-06-24 17:57:03,960 [INFO] Capturing response: https://atomsportv508.top/cdn-cgi/rum? 204 
2026-06-24 17:57:03,994 [INFO] Capturing response: https://atomsportv508.top/favicon.ico 200 
2026-06-24 17:57:04,068 [INFO] Capturing request: https://streamsport365.com/cinema
2026-06-24 17:57:04,119 [INFO] Capturing response: https://teletv5.top/load/yayinlink.php?id=bein-sports-5 200 
2026-06-24 17:57:04,351 [INFO] Capturing response: https://streamsport365.com/cinema 200 
2026-06-24 17:57:37,074 [WARNING]   ❌ beIN Sports 5 için M3U8 bulunamadı
2026-06-24 17:57:38,074 [INFO] 
[6/14]
2026-06-24 17:57:38,074 [INFO] 🔍 beIN Sports Max 1 → https://atomsportv508.top/matches?id=bein-sports-max-1
2026-06-24 17:57:38,182 [INFO] Capturing request: https://atomsportv508.top/assets/js/clappr.js
2026-06-24 17:57:38,184 [INFO] Capturing request: https://atomsportv508.top/matches?id=bein-sports-max-1
2026-06-24 17:57:38,205 [INFO] Capturing response: https://atomsportv508.top/assets/js/clappr.js 200 
2026-06-24 17:57:38,453 [INFO] Capturing response: https://atomsportv508.top/matches?id=bein-sports-max-1 200 
2026-06-24 17:57:38,460 [INFO] Capturing request: https://atomsportv508.top/cdn-cgi/rum?
2026-06-24 17:57:38,489 [INFO] Capturing request: https://atomsportv508.top/cdn-cgi/rum?
2026-06-24 17:57:38,569 [INFO] Capturing response: https://atomsportv508.top/cdn-cgi/rum? 204 
2026-06-24 17:57:38,586 [INFO] Capturing request: https://teletv5.top/load/yayinlink.php?id=bein-sports-max-1
2026-06-24 17:57:38,592 [INFO] Capturing request: https://atomsportv508.top/favicon.ico
2026-06-24 17:57:38,630 [INFO] Capturing response: https://atomsportv508.top/favicon.ico 200 
2026-06-24 17:57:38,640 [INFO] Capturing response: https://atomsportv508.top/cdn-cgi/rum? 204 
2026-06-24 17:57:38,704 [INFO] Capturing request: https://streamsport365.com/cinema
2026-06-24 17:57:38,751 [INFO] Capturing response: https://teletv5.top/load/yayinlink.php?id=bein-sports-max-1 200 
2026-06-24 17:57:38,999 [INFO] Capturing response: https://streamsport365.com/cinema 200 
2026-06-24 17:58:11,712 [WARNING]   ❌ beIN Sports Max 1 için M3U8 bulunamadı
2026-06-24 17:58:12,713 [INFO] 
[7/14]
2026-06-24 17:58:12,713 [INFO] 🔍 beIN Sports Max 2 → https://atomsportv508.top/matches?id=bein-sports-max-2
2026-06-24 17:58:12,823 [INFO] Capturing request: https://atomsportv508.top/assets/js/clappr.js
2026-06-24 17:58:12,823 [INFO] Capturing request: https://atomsportv508.top/matches?id=bein-sports-max-2
2026-06-24 17:58:12,845 [INFO] Capturing response: https://atomsportv508.top/assets/js/clappr.js 200 
2026-06-24 17:58:13,094 [INFO] Capturing response: https://atomsportv508.top/matches?id=bein-sports-max-2 200 
2026-06-24 17:58:13,103 [INFO] Capturing request: https://atomsportv508.top/cdn-cgi/rum?
2026-06-24 17:58:13,133 [INFO] Capturing request: https://atomsportv508.top/cdn-cgi/rum?
2026-06-24 17:58:13,211 [INFO] Capturing response: https://atomsportv508.top/cdn-cgi/rum? 204 
2026-06-24 17:58:13,229 [INFO] Capturing request: https://teletv5.top/load/yayinlink.php?id=bein-sports-max-2
2026-06-24 17:58:13,233 [INFO] Capturing request: https://atomsportv508.top/favicon.ico
2026-06-24 17:58:13,270 [INFO] Capturing response: https://atomsportv508.top/favicon.ico 200 
2026-06-24 17:58:13,282 [INFO] Capturing response: https://atomsportv508.top/cdn-cgi/rum? 204 
2026-06-24 17:58:13,346 [INFO] Capturing request: https://streamsport365.com/cinema
2026-06-24 17:58:13,395 [INFO] Capturing response: https://teletv5.top/load/yayinlink.php?id=bein-sports-max-2 200 
2026-06-24 17:58:13,637 [INFO] Capturing response: https://streamsport365.com/cinema 200 
2026-06-24 17:58:29,316 [INFO] Capturing request: https://android.clients.google.com/c2dm/register3
2026-06-24 17:58:29,340 [INFO] Capturing response: https://android.clients.google.com/c2dm/register3 301 
2026-06-24 17:58:46,355 [WARNING]   ❌ beIN Sports Max 2 için M3U8 bulunamadı
2026-06-24 17:58:47,355 [INFO] 
[8/14]
2026-06-24 17:58:47,355 [INFO] 🔍 S Sport → https://atomsportv508.top/matches?id=s-sport
2026-06-24 17:58:47,462 [INFO] Capturing request: https://atomsportv508.top/assets/js/clappr.js
2026-06-24 17:58:47,464 [INFO] Capturing request: https://atomsportv508.top/matches?id=s-sport
2026-06-24 17:58:47,485 [INFO] Capturing response: https://atomsportv508.top/assets/js/clappr.js 200 
2026-06-24 17:58:47,731 [INFO] Capturing response: https://atomsportv508.top/matches?id=s-sport 200 
2026-06-24 17:58:47,738 [INFO] Capturing request: https://atomsportv508.top/cdn-cgi/rum?
2026-06-24 17:58:47,763 [INFO] Capturing request: https://atomsportv508.top/cdn-cgi/rum?
2026-06-24 17:58:47,846 [INFO] Capturing response: https://atomsportv508.top/cdn-cgi/rum? 204 
2026-06-24 17:58:47,862 [INFO] Capturing request: https://teletv5.top/load/yayinlink.php?id=s-sport
2026-06-24 17:58:47,867 [INFO] Capturing request: https://atomsportv508.top/favicon.ico
2026-06-24 17:58:47,900 [INFO] Capturing response: https://atomsportv508.top/favicon.ico 200 
2026-06-24 17:58:47,913 [INFO] Capturing response: https://atomsportv508.top/cdn-cgi/rum? 204 
2026-06-24 17:58:47,979 [INFO] Capturing request: https://streamsport365.com/cinema
2026-06-24 17:58:48,267 [INFO] Capturing response: https://streamsport365.com/cinema 200 
2026-06-24 17:58:48,347 [INFO] Capturing response: https://teletv5.top/load/yayinlink.php?id=s-sport 200 
2026-06-24 17:58:48,466 [INFO] Capturing request: https://hlssssssssssssssssss.yedeklinksa35.workers.dev/https://corestream.ronaldovurdu.help//s-sportt/tracks-v1a1/mono.m3u8
2026-06-24 17:58:48,666 [INFO] Capturing response: https://hlssssssssssssssssss.yedeklinksa35.workers.dev/https://corestream.ronaldovurdu.help//s-sportt/tracks-v1a1/mono.m3u8 200 
2026-06-24 17:58:48,775 [INFO] Capturing request: https://ts.yedeklinksa35.workers.dev/s-sportt/tracks-v1a1/2026/06/24/17/59/05-06160.avif
2026-06-24 17:58:49,284 [INFO] Capturing response: https://ts.yedeklinksa35.workers.dev/s-sportt/tracks-v1a1/2026/06/24/17/59/05-06160.avif 200 
2026-06-24 17:58:49,482 [INFO] Capturing request: https://ts.yedeklinksa35.workers.dev/s-sportt/tracks-v1a1/2026/06/24/17/59/11-05000.avif
2026-06-24 17:58:50,180 [INFO] Capturing response: https://ts.yedeklinksa35.workers.dev/s-sportt/tracks-v1a1/2026/06/24/17/59/11-05000.avif 200 
2026-06-24 17:58:50,359 [INFO] Capturing request: https://ts.yedeklinksa35.workers.dev/s-sportt/tracks-v1a1/2026/06/24/17/59/16-07920.avif
2026-06-24 17:58:50,785 [INFO]   ✅ M3U8 bulundu: https://hlssssssssssssssssss.yedeklinksa35.workers.dev/https://corestream.ronaldovurdu.help//s-sportt/tracks-v1a1/mono.m3u8
2026-06-24 17:58:50,851 [INFO] Capturing response: https://ts.yedeklinksa35.workers.dev/s-sportt/tracks-v1a1/2026/06/24/17/59/16-07920.avif 200 
2026-06-24 17:58:51,079 [INFO] Capturing request: https://ts.yedeklinksa35.workers.dev/s-sportt/tracks-v1a1/2026/06/24/17/59/24-09120.avif
2026-06-24 17:58:51,506 [INFO] Capturing response: https://ts.yedeklinksa35.workers.dev/s-sportt/tracks-v1a1/2026/06/24/17/59/24-09120.avif 200 
2026-06-24 17:58:51,786 [INFO] 
[9/14]
2026-06-24 17:58:51,786 [INFO] 🔍 S Sport 2 → https://atomsportv508.top/matches?id=s-sport-2
2026-06-24 17:58:51,896 [INFO] Capturing request: https://atomsportv508.top/assets/js/clappr.js
2026-06-24 17:58:51,897 [INFO] Capturing request: https://atomsportv508.top/matches?id=s-sport-2
2026-06-24 17:58:51,921 [INFO] Capturing response: https://atomsportv508.top/assets/js/clappr.js 200 
2026-06-24 17:58:51,969 [INFO] Capturing response: https://atomsportv508.top/matches?id=s-sport-2 200 
2026-06-24 17:58:51,977 [INFO] Capturing request: https://atomsportv508.top/cdn-cgi/rum?
2026-06-24 17:58:52,003 [INFO] Capturing request: https://streamsport365.com/cinema
2026-06-24 17:58:52,005 [INFO] Capturing request: https://atomsportv508.top/cdn-cgi/rum?
2026-06-24 17:58:52,086 [INFO] Capturing response: https://atomsportv508.top/cdn-cgi/rum? 204 
2026-06-24 17:58:52,103 [INFO] Capturing request: https://teletv5.top/load/yayinlink.php?id=s-sport-2
2026-06-24 17:58:52,106 [INFO] Capturing request: https://atomsportv508.top/favicon.ico
2026-06-24 17:58:52,143 [INFO] Capturing response: https://atomsportv508.top/favicon.ico 200 
2026-06-24 17:58:52,154 [INFO] Capturing response: https://atomsportv508.top/cdn-cgi/rum? 204 
2026-06-24 17:58:52,268 [INFO] Capturing response: https://teletv5.top/load/yayinlink.php?id=s-sport-2 200 
2026-06-24 17:58:52,301 [INFO] Capturing response: https://streamsport365.com/cinema 200 
2026-06-24 17:58:52,426 [INFO] Capturing request: https://hlssssssssssssssssss.yedeklinksa35.workers.dev/https://corestream.ronaldovurdu.help//s-sport2/tracks-v1a1/mono.m3u8
2026-06-24 17:58:52,573 [INFO] Capturing response: https://hlssssssssssssssssss.yedeklinksa35.workers.dev/https://corestream.ronaldovurdu.help//s-sport2/tracks-v1a1/mono.m3u8 200 
2026-06-24 17:58:52,723 [INFO] Capturing request: https://ts.yedeklinksa35.workers.dev/s-sport2/tracks-v1a1/2026/06/24/17/58/35-06000.avif
2026-06-24 17:58:53,779 [INFO] Capturing response: https://ts.yedeklinksa35.workers.dev/s-sport2/tracks-v1a1/2026/06/24/17/58/35-06000.avif 200 
2026-06-24 17:58:54,193 [INFO] Capturing request: https://ts.yedeklinksa35.workers.dev/s-sport2/tracks-v1a1/2026/06/24/17/58/41-06000.avif
2026-06-24 17:58:54,889 [INFO] Capturing response: https://ts.yedeklinksa35.workers.dev/s-sport2/tracks-v1a1/2026/06/24/17/58/41-06000.avif 200 
2026-06-24 17:58:55,018 [INFO]   ✅ M3U8 bulundu: https://hlssssssssssssssssss.yedeklinksa35.workers.dev/https://corestream.ronaldovurdu.help//s-sport2/tracks-v1a1/mono.m3u8
2026-06-24 17:58:55,178 [INFO] Capturing request: https://ts.yedeklinksa35.workers.dev/s-sport2/tracks-v1a1/2026/06/24/17/58/47-06000.avif
2026-06-24 17:58:55,826 [INFO] Capturing response: https://ts.yedeklinksa35.workers.dev/s-sport2/tracks-v1a1/2026/06/24/17/58/47-06000.avif 200 
2026-06-24 17:58:56,018 [INFO] 
[10/14]
2026-06-24 17:58:56,018 [INFO] 🔍 A Spor → https://atomsportv508.top/matches?id=a-spor
2026-06-24 17:58:56,130 [INFO] Capturing request: https://atomsportv508.top/assets/js/clappr.js
2026-06-24 17:58:56,131 [INFO] Capturing request: https://atomsportv508.top/matches?id=a-spor
2026-06-24 17:58:56,151 [INFO] Capturing response: https://atomsportv508.top/assets/js/clappr.js 200 
2026-06-24 17:58:56,193 [INFO] Capturing response: https://atomsportv508.top/matches?id=a-spor 200 
2026-06-24 17:58:56,206 [INFO] Capturing request: https://atomsportv508.top/cdn-cgi/rum?
2026-06-24 17:58:56,231 [INFO] Capturing request: https://atomsportv508.top/cdn-cgi/rum?
2026-06-24 17:58:56,330 [INFO] Capturing request: https://teletv5.top/load/yayinlink.php?id=a-spor
2026-06-24 17:58:56,332 [INFO] Capturing request: https://atomsportv508.top/favicon.ico
2026-06-24 17:58:56,339 [INFO] Capturing response: https://atomsportv508.top/cdn-cgi/rum? 204 
2026-06-24 17:58:56,341 [INFO] Capturing response: https://atomsportv508.top/cdn-cgi/rum? 204 
2026-06-24 17:58:56,370 [INFO] Capturing response: https://atomsportv508.top/favicon.ico 200 
2026-06-24 17:58:56,451 [INFO] Capturing request: https://streamsport365.com/cinema
2026-06-24 17:58:56,495 [INFO] Capturing response: https://teletv5.top/load/yayinlink.php?id=a-spor 200 
2026-06-24 17:58:56,744 [INFO] Capturing response: https://streamsport365.com/cinema 200 
2026-06-24 17:58:56,860 [INFO] Capturing request: https://hlssssssssssssssssss.yedeklinksa35.workers.dev/https://corestream.ronaldovurdu.help//aspor/tracks-v1a1/mono.m3u8
2026-06-24 17:58:57,005 [INFO] Capturing response: https://hlssssssssssssssssss.yedeklinksa35.workers.dev/https://corestream.ronaldovurdu.help//aspor/tracks-v1a1/mono.m3u8 200 
2026-06-24 17:58:57,114 [INFO] Capturing request: https://ts.yedeklinksa35.workers.dev/aspor/tracks-v1a1/2026/06/24/17/59/03-10000.avif
2026-06-24 17:58:57,924 [INFO] Capturing response: https://ts.yedeklinksa35.workers.dev/aspor/tracks-v1a1/2026/06/24/17/59/03-10000.avif 200 
2026-06-24 17:58:58,162 [INFO] Capturing request: https://ts.yedeklinksa35.workers.dev/aspor/tracks-v1a1/2026/06/24/17/59/13-10000.avif
2026-06-24 17:58:58,967 [INFO] Capturing response: https://ts.yedeklinksa35.workers.dev/aspor/tracks-v1a1/2026/06/24/17/59/13-10000.avif 200 
2026-06-24 17:58:59,206 [INFO] Capturing request: https://ts.yedeklinksa35.workers.dev/aspor/tracks-v1a1/2026/06/24/17/59/23-10000.avif
2026-06-24 17:58:59,246 [INFO]   ✅ M3U8 bulundu: https://hlssssssssssssssssss.yedeklinksa35.workers.dev/https://corestream.ronaldovurdu.help//aspor/tracks-v1a1/mono.m3u8
2026-06-24 17:58:59,697 [INFO] Capturing response: https://ts.yedeklinksa35.workers.dev/aspor/tracks-v1a1/2026/06/24/17/59/23-10000.avif 200 
2026-06-24 17:59:00,246 [INFO] 
[11/14]
2026-06-24 17:59:00,246 [INFO] 🔍 Tivibu Spor 1 → https://atomsportv508.top/matches?id=tivibu-spor-1
2026-06-24 17:59:00,357 [INFO] Capturing request: https://atomsportv508.top/assets/js/clappr.js
2026-06-24 17:59:00,358 [INFO] Capturing request: https://atomsportv508.top/matches?id=tivibu-spor-1
2026-06-24 17:59:00,377 [INFO] Capturing response: https://atomsportv508.top/assets/js/clappr.js 200 
2026-06-24 17:59:00,414 [INFO] Capturing response: https://atomsportv508.top/matches?id=tivibu-spor-1 200 
2026-06-24 17:59:00,423 [INFO] Capturing request: https://atomsportv508.top/cdn-cgi/rum?
2026-06-24 17:59:00,447 [INFO] Capturing request: https://streamsport365.com/cinema
2026-06-24 17:59:00,447 [INFO] Capturing request: https://atomsportv508.top/cdn-cgi/rum?
2026-06-24 17:59:00,550 [INFO] Capturing request: https://teletv5.top/load/yayinlink.php?id=tivibu-spor-1
2026-06-24 17:59:00,551 [INFO] Capturing request: https://atomsportv508.top/favicon.ico
2026-06-24 17:59:00,555 [INFO] Capturing response: https://atomsportv508.top/cdn-cgi/rum? 204 
2026-06-24 17:59:00,557 [INFO] Capturing response: https://atomsportv508.top/cdn-cgi/rum? 204 
2026-06-24 17:59:00,585 [INFO] Capturing response: https://atomsportv508.top/favicon.ico 200 
2026-06-24 17:59:00,713 [INFO] Capturing response: https://teletv5.top/load/yayinlink.php?id=tivibu-spor-1 200 
2026-06-24 17:59:00,734 [INFO] Capturing response: https://streamsport365.com/cinema 200 
2026-06-24 17:59:33,672 [WARNING]   ❌ Tivibu Spor 1 için M3U8 bulunamadı
2026-06-24 17:59:34,672 [INFO] 
[12/14]
2026-06-24 17:59:34,672 [INFO] 🔍 Tivibu Spor 2 → https://atomsportv508.top/matches?id=tivibu-spor-2
2026-06-24 17:59:34,780 [INFO] Capturing request: https://atomsportv508.top/assets/js/clappr.js
2026-06-24 17:59:34,781 [INFO] Capturing request: https://atomsportv508.top/matches?id=tivibu-spor-2
2026-06-24 17:59:34,803 [INFO] Capturing response: https://atomsportv508.top/assets/js/clappr.js 200 
2026-06-24 17:59:35,052 [INFO] Capturing response: https://atomsportv508.top/matches?id=tivibu-spor-2 200 
2026-06-24 17:59:35,062 [INFO] Capturing request: https://atomsportv508.top/cdn-cgi/rum?
2026-06-24 17:59:35,085 [INFO] Capturing request: https://atomsportv508.top/cdn-cgi/rum?
2026-06-24 17:59:35,170 [INFO] Capturing response: https://atomsportv508.top/cdn-cgi/rum? 204 
2026-06-24 17:59:35,185 [INFO] Capturing request: https://atomsportv508.top/favicon.ico
2026-06-24 17:59:35,186 [INFO] Capturing request: https://teletv5.top/load/yayinlink.php?id=tivibu-spor-2
2026-06-24 17:59:35,224 [INFO] Capturing response: https://atomsportv508.top/favicon.ico 200 
2026-06-24 17:59:35,235 [INFO] Capturing response: https://atomsportv508.top/cdn-cgi/rum? 204 
2026-06-24 17:59:35,300 [INFO] Capturing request: https://streamsport365.com/cinema
2026-06-24 17:59:35,361 [INFO] Capturing response: https://teletv5.top/load/yayinlink.php?id=tivibu-spor-2 200 
2026-06-24 17:59:35,594 [INFO] Capturing response: https://streamsport365.com/cinema 200 
2026-06-24 17:59:45,176 [INFO] 127.0.0.1:35664: HTTP/2 connection terminated by server: error code: 0, last stream id: 201, additional data: b'session_timed_out'
2026-06-24 17:59:45,493 [INFO] 127.0.0.1:35696: HTTP/2 connection terminated by server: error code: 0, last stream id: 201, additional data: b'session_timed_out'
2026-06-24 18:00:08,309 [WARNING]   ❌ Tivibu Spor 2 için M3U8 bulunamadı
2026-06-24 18:00:09,309 [INFO] 
[13/14]
2026-06-24 18:00:09,310 [INFO] 🔍 Tivibu Spor 3 → https://atomsportv508.top/matches?id=tivibu-spor-3
2026-06-24 18:00:09,418 [INFO] Capturing request: https://atomsportv508.top/assets/js/clappr.js
2026-06-24 18:00:09,421 [INFO] Capturing request: https://atomsportv508.top/matches?id=tivibu-spor-3
2026-06-24 18:00:09,441 [INFO] Capturing response: https://atomsportv508.top/assets/js/clappr.js 200 
2026-06-24 18:00:09,707 [INFO] Capturing response: https://atomsportv508.top/matches?id=tivibu-spor-3 200 
2026-06-24 18:00:09,714 [INFO] Capturing request: https://atomsportv508.top/cdn-cgi/rum?
2026-06-24 18:00:09,741 [INFO] Capturing request: https://atomsportv508.top/cdn-cgi/rum?
2026-06-24 18:00:09,823 [INFO] Capturing response: https://atomsportv508.top/cdn-cgi/rum? 204 
2026-06-24 18:00:09,833 [INFO] Capturing request: https://teletv5.top/load/yayinlink.php?id=tivibu-spor-3
2026-06-24 18:00:09,842 [INFO] Capturing request: https://atomsportv508.top/favicon.ico
2026-06-24 18:00:09,887 [INFO] Capturing response: https://atomsportv508.top/favicon.ico 200 
2026-06-24 18:00:09,889 [INFO] Capturing response: https://atomsportv508.top/cdn-cgi/rum? 204 
2026-06-24 18:00:09,954 [INFO] Capturing request: https://streamsport365.com/cinema
2026-06-24 18:00:10,013 [INFO] Capturing response: https://teletv5.top/load/yayinlink.php?id=tivibu-spor-3 200 
2026-06-24 18:00:10,240 [INFO] Capturing response: https://streamsport365.com/cinema 200 
2026-06-24 18:00:42,963 [WARNING]   ❌ Tivibu Spor 3 için M3U8 bulunamadı
2026-06-24 18:00:43,964 [INFO] 
[14/14]
2026-06-24 18:00:43,964 [INFO] 🔍 Tivibu Spor 4 → https://atomsportv508.top/matches?id=tivibu-spor-4
2026-06-24 18:00:44,074 [INFO] Capturing request: https://atomsportv508.top/assets/js/clappr.js
2026-06-24 18:00:44,074 [INFO] Capturing request: https://atomsportv508.top/matches?id=tivibu-spor-4
2026-06-24 18:00:44,103 [INFO] Capturing response: https://atomsportv508.top/assets/js/clappr.js 200 
2026-06-24 18:00:44,371 [INFO] Capturing response: https://atomsportv508.top/matches?id=tivibu-spor-4 200 
2026-06-24 18:00:44,380 [INFO] Capturing request: https://atomsportv508.top/cdn-cgi/rum?
2026-06-24 18:00:44,404 [INFO] Capturing request: https://atomsportv508.top/cdn-cgi/rum?
2026-06-24 18:00:44,489 [INFO] Capturing response: https://atomsportv508.top/cdn-cgi/rum? 204 
2026-06-24 18:00:44,504 [INFO] Capturing request: https://teletv5.top/load/yayinlink.php?id=tivibu-spor-4
2026-06-24 18:00:44,507 [INFO] Capturing request: https://atomsportv508.top/favicon.ico
2026-06-24 18:00:44,553 [INFO] Capturing response: https://atomsportv508.top/cdn-cgi/rum? 204 
2026-06-24 18:00:44,563 [INFO] Capturing response: https://atomsportv508.top/favicon.ico 200 
2026-06-24 18:00:44,615 [INFO] Capturing request: https://streamsport365.com/cinema
2026-06-24 18:00:44,678 [INFO] Capturing response: https://teletv5.top/load/yayinlink.php?id=tivibu-spor-4 200 
2026-06-24 18:00:44,902 [INFO] Capturing response: https://streamsport365.com/cinema 200 
2026-06-24 18:00:44,949 [INFO] 127.0.0.1:35678: HTTP/2 connection terminated by server: error code: 0, last stream id: 205, additional data: b'session_timed_out'
2026-06-24 18:01:11,877 [INFO] Capturing request: https://android.clients.google.com/c2dm/register3
2026-06-24 18:01:11,910 [INFO] Capturing response: https://android.clients.google.com/c2dm/register3 301 
2026-06-24 18:01:17,632 [WARNING]   ❌ Tivibu Spor 4 için M3U8 bulunamadı
2026-06-24 18:01:18,694 [INFO] ✅ 5 kanal bulundu, playlist.m3u kaydedildi
