2026-07-02 04:42:21,025 [INFO] 🌐 BASE_URL: https://atomsportv508.top
2026-07-02 04:42:21,855 [INFO] Başlanıyor... 14 kanal taranacak
2026-07-02 04:42:21,856 [INFO] Using default request storage
2026-07-02 04:42:21,860 [INFO] Created proxy listening on 127.0.0.1:35981
2026-07-02 04:42:22,525 [INFO] Capturing request: http://clients2.google.com/time/1/current?cup2key=10:R0zI5P0awP_TTkB4M1xtDZC949LEhwoNkaovqF379fE&cup2hreq=e3b0c44298fc1c149afbf4c8996fb92427ae41e4649b934ca495991b7852b855
2026-07-02 04:42:22,562 [INFO] Capturing response: http://clients2.google.com/time/1/current?cup2key=10:R0zI5P0awP_TTkB4M1xtDZC949LEhwoNkaovqF379fE&cup2hreq=e3b0c44298fc1c149afbf4c8996fb92427ae41e4649b934ca495991b7852b855 200 OK
2026-07-02 04:42:22,681 [INFO] 
[1/14]
2026-07-02 04:42:22,681 [INFO] 🔍 beIN Sports 1 → https://atomsportv508.top/matches?id=bein-sports-1
2026-07-02 04:42:22,750 [INFO] Capturing request: https://update.googleapis.com/service/update2/json?cup2key=16:JmXik19jwBDMObG4AQlo_bEzwZNdbF-6dR7-ZEWaaN4&cup2hreq=cb162ef2edafec18ba9b431d8e8dad43c72609098f09258b5cc5fa3716d07674
2026-07-02 04:42:22,771 [INFO] Capturing request: https://accounts.google.com/ListAccounts?gpsia=1&source=ChromiumBrowser&json=standard&laf=b64bin
2026-07-02 04:42:22,801 [INFO] Capturing response: https://update.googleapis.com/service/update2/json?cup2key=16:JmXik19jwBDMObG4AQlo_bEzwZNdbF-6dR7-ZEWaaN4&cup2hreq=cb162ef2edafec18ba9b431d8e8dad43c72609098f09258b5cc5fa3716d07674 200 
2026-07-02 04:42:22,847 [INFO] Capturing request: https://update.googleapis.com/service/update2/json?cup2key=16:HJyv7ekGa2U0Y3xh5z01TTjqIj8j75hVOzD6RoHDXzs&cup2hreq=fed4e4f99a6332da295c14629ebbf0289f231ed25cce8779e0e8c52ab977a840
2026-07-02 04:42:22,851 [INFO] Capturing request: https://atomsportv508.top/matches?id=bein-sports-1
2026-07-02 04:42:22,874 [INFO] Capturing response: https://update.googleapis.com/service/update2/json?cup2key=16:HJyv7ekGa2U0Y3xh5z01TTjqIj8j75hVOzD6RoHDXzs&cup2hreq=fed4e4f99a6332da295c14629ebbf0289f231ed25cce8779e0e8c52ab977a840 200 
2026-07-02 04:42:22,886 [INFO] Capturing response: https://accounts.google.com/ListAccounts?gpsia=1&source=ChromiumBrowser&json=standard&laf=b64bin 200 
2026-07-02 04:42:22,940 [INFO] Capturing response: https://atomsportv508.top/matches?id=bein-sports-1 200 
2026-07-02 04:42:23,093 [INFO] Capturing request: https://atomsportv508.top/assets/js/clappr.js
2026-07-02 04:42:23,141 [INFO] Capturing response: https://atomsportv508.top/assets/js/clappr.js 200 
2026-07-02 04:42:23,148 [INFO] Capturing request: https://cdnjs.cloudflare.com/ajax/libs/jquery/3.2.1/jquery.min.js
2026-07-02 04:42:23,154 [INFO] Capturing request: https://cdn.jsdelivr.net/npm/@clappr/player@latest/dist/clappr.min.js
2026-07-02 04:42:23,166 [INFO] Capturing response: https://cdnjs.cloudflare.com/ajax/libs/jquery/3.2.1/jquery.min.js 200 
2026-07-02 04:42:23,186 [INFO] Capturing response: https://cdn.jsdelivr.net/npm/@clappr/player@latest/dist/clappr.min.js 200 
2026-07-02 04:42:23,193 [INFO] Capturing request: https://www.google.com/async/folae?async=_fmt:pb&udm=50&client_locale=en-US&client_country=ZZ
2026-07-02 04:42:23,225 [INFO] Capturing response: https://www.google.com/async/folae?async=_fmt:pb&udm=50&client_locale=en-US&client_country=ZZ 200 
2026-07-02 04:42:23,359 [INFO] Capturing request: https://static.cloudflareinsights.com/beacon.min.js/v4513226cdae34746b4dedf0b4dfa099e1781791509496
2026-07-02 04:42:23,374 [INFO] Capturing response: https://static.cloudflareinsights.com/beacon.min.js/v4513226cdae34746b4dedf0b4dfa099e1781791509496 200 
2026-07-02 04:42:23,436 [INFO] Capturing request: https://atomsportv508.top/cdn-cgi/rum?
2026-07-02 04:42:23,537 [INFO] Capturing request: https://atomsportv508.top/favicon.ico
2026-07-02 04:42:23,549 [INFO] Capturing response: https://atomsportv508.top/cdn-cgi/rum? 204 
2026-07-02 04:42:23,581 [INFO] Capturing response: https://atomsportv508.top/favicon.ico 200 
2026-07-02 04:42:23,652 [INFO] Capturing request: https://teletv5.top/load/yayinlink.php?id=bein-sports-1
2026-07-02 04:42:24,072 [INFO] Capturing response: https://teletv5.top/load/yayinlink.php?id=bein-sports-1 200 
2026-07-02 04:42:24,182 [INFO] Capturing request: https://streamsport365.com/cinema
2026-07-02 04:42:24,540 [INFO] Capturing response: https://streamsport365.com/cinema 200 
2026-07-02 04:42:24,669 [INFO] Capturing request: https://atomsportv508.top/assets/img/player_logo_6880e4e4c52ee.png
2026-07-02 04:42:24,713 [INFO] Capturing response: https://atomsportv508.top/assets/img/player_logo_6880e4e4c52ee.png 200 
2026-07-02 04:42:24,733 [INFO] Capturing request: https://hlssssssssssssssssss.yedeklinksa35.workers.dev/https://corestream.ronaldovurdu.help//trtspor/tracks-v1a1/mono.m3u8
2026-07-02 04:42:24,979 [INFO] Capturing response: https://hlssssssssssssssssss.yedeklinksa35.workers.dev/https://corestream.ronaldovurdu.help//trtspor/tracks-v1a1/mono.m3u8 200 
2026-07-02 04:42:25,193 [INFO] Capturing request: https://ts.yedeklinksa35.workers.dev/trtspor/tracks-v1a1/2026/07/02/04/42/09-05000.avif
2026-07-02 04:42:25,585 [INFO] Capturing request: https://android.clients.google.com/checkin
2026-07-02 04:42:25,696 [INFO] Capturing response: https://android.clients.google.com/checkin 200 
2026-07-02 04:42:25,745 [INFO] Capturing request: https://android.clients.google.com/c2dm/register3
2026-07-02 04:42:25,749 [INFO] Capturing request: https://android.clients.google.com/c2dm/register3
2026-07-02 04:42:25,753 [INFO] Capturing request: https://android.clients.google.com/c2dm/register3
2026-07-02 04:42:25,820 [INFO] Capturing response: https://android.clients.google.com/c2dm/register3 200 
2026-07-02 04:42:25,826 [INFO] Capturing response: https://android.clients.google.com/c2dm/register3 200 
2026-07-02 04:42:25,829 [INFO] Capturing response: https://android.clients.google.com/c2dm/register3 200 
2026-07-02 04:42:26,421 [INFO] Capturing response: https://ts.yedeklinksa35.workers.dev/trtspor/tracks-v1a1/2026/07/02/04/42/09-05000.avif 200 
2026-07-02 04:42:26,478 [INFO]   ✅ M3U8 bulundu: https://hlssssssssssssssssss.yedeklinksa35.workers.dev/https://corestream.ronaldovurdu.help//trtspor/tracks-v1a1/mono.m3u8
2026-07-02 04:42:26,664 [INFO] Capturing request: https://ts.yedeklinksa35.workers.dev/trtspor/tracks-v1a1/2026/07/02/04/42/14-05000.avif
2026-07-02 04:42:27,026 [INFO] Capturing response: https://ts.yedeklinksa35.workers.dev/trtspor/tracks-v1a1/2026/07/02/04/42/14-05000.avif 200 
2026-07-02 04:42:27,253 [INFO] Capturing request: https://ts.yedeklinksa35.workers.dev/trtspor/tracks-v1a1/2026/07/02/04/42/19-05000.avif
2026-07-02 04:42:27,478 [INFO] 
[2/14]
2026-07-02 04:42:27,479 [INFO] 🔍 beIN Sports 2 → https://atomsportv508.top/matches?id=bein-sports-2
2026-07-02 04:42:27,647 [INFO] Capturing response: https://ts.yedeklinksa35.workers.dev/trtspor/tracks-v1a1/2026/07/02/04/42/19-05000.avif 200 
2026-07-02 04:42:27,654 [INFO] Capturing request: https://atomsportv508.top/matches?id=bein-sports-2
2026-07-02 04:42:27,702 [INFO] Capturing response: https://atomsportv508.top/matches?id=bein-sports-2 200 
2026-07-02 04:42:27,723 [INFO] Capturing request: https://atomsportv508.top/cdn-cgi/rum?
2026-07-02 04:42:27,774 [INFO] Capturing request: https://streamsport365.com/cinema
2026-07-02 04:42:27,778 [INFO] Capturing request: https://atomsportv508.top/cdn-cgi/rum?
2026-07-02 04:42:27,866 [INFO] Capturing request: https://teletv5.top/load/yayinlink.php?id=bein-sports-2
2026-07-02 04:42:27,880 [INFO] Capturing response: https://atomsportv508.top/cdn-cgi/rum? 204 
2026-07-02 04:42:27,884 [INFO] Capturing request: https://atomsportv508.top/favicon.ico
2026-07-02 04:42:27,918 [INFO] Capturing response: https://atomsportv508.top/favicon.ico 200 
2026-07-02 04:42:27,929 [INFO] Capturing response: https://atomsportv508.top/cdn-cgi/rum? 204 
2026-07-02 04:42:28,075 [INFO] Capturing response: https://teletv5.top/load/yayinlink.php?id=bein-sports-2 200 
2026-07-02 04:42:28,151 [INFO] Capturing response: https://streamsport365.com/cinema 200 
2026-07-02 04:42:28,272 [INFO] Capturing request: https://hlssssssssssssssssss.yedeklinksa35.workers.dev/https://corestream.ronaldovurdu.help//bein2/tracks-v1a1/mono.m3u8
2026-07-02 04:42:28,453 [INFO] Capturing response: https://hlssssssssssssssssss.yedeklinksa35.workers.dev/https://corestream.ronaldovurdu.help//bein2/tracks-v1a1/mono.m3u8 200 
2026-07-02 04:42:28,562 [INFO] Capturing request: https://ts.yedeklinksa35.workers.dev/bein2/tracks-v1a1/2026/07/02/04/42/44-10000.avif
2026-07-02 04:42:28,877 [INFO] Capturing response: https://ts.yedeklinksa35.workers.dev/bein2/tracks-v1a1/2026/07/02/04/42/44-10000.avif 200 
2026-07-02 04:42:29,057 [INFO] Capturing request: https://ts.yedeklinksa35.workers.dev/bein2/tracks-v1a1/2026/07/02/04/42/54-10000.avif
2026-07-02 04:42:29,488 [INFO] Capturing response: https://ts.yedeklinksa35.workers.dev/bein2/tracks-v1a1/2026/07/02/04/42/54-10000.avif 200 
2026-07-02 04:42:29,699 [INFO] Capturing request: https://ts.yedeklinksa35.workers.dev/bein2/tracks-v1a1/2026/07/02/04/43/04-10000.avif
2026-07-02 04:42:30,023 [INFO] Capturing response: https://ts.yedeklinksa35.workers.dev/bein2/tracks-v1a1/2026/07/02/04/43/04-10000.avif 200 
2026-07-02 04:42:30,798 [INFO]   ✅ M3U8 bulundu: https://hlssssssssssssssssss.yedeklinksa35.workers.dev/https://corestream.ronaldovurdu.help//bein2/tracks-v1a1/mono.m3u8
2026-07-02 04:42:31,799 [INFO] 
[3/14]
2026-07-02 04:42:31,799 [INFO] 🔍 beIN Sports 3 → https://atomsportv508.top/matches?id=bein-sports-3
2026-07-02 04:42:31,912 [INFO] Capturing request: https://atomsportv508.top/matches?id=bein-sports-3
2026-07-02 04:42:31,913 [INFO] Capturing request: https://atomsportv508.top/assets/js/clappr.js
2026-07-02 04:42:31,959 [INFO] Capturing response: https://atomsportv508.top/matches?id=bein-sports-3 200 
2026-07-02 04:42:31,968 [INFO] Capturing request: https://atomsportv508.top/cdn-cgi/rum?
2026-07-02 04:42:31,975 [INFO] Capturing response: https://atomsportv508.top/assets/js/clappr.js 200 
2026-07-02 04:42:31,997 [INFO] Capturing request: https://atomsportv508.top/cdn-cgi/rum?
2026-07-02 04:42:32,096 [INFO] Capturing request: https://teletv5.top/load/yayinlink.php?id=bein-sports-3
2026-07-02 04:42:32,137 [INFO] Capturing request: https://atomsportv508.top/favicon.ico
2026-07-02 04:42:32,140 [INFO] Capturing response: https://atomsportv508.top/cdn-cgi/rum? 204 
2026-07-02 04:42:32,141 [INFO] Capturing response: https://atomsportv508.top/cdn-cgi/rum? 204 
2026-07-02 04:42:32,173 [INFO] Capturing response: https://atomsportv508.top/favicon.ico 200 
2026-07-02 04:42:32,294 [INFO] Capturing request: https://streamsport365.com/cinema
2026-07-02 04:42:32,352 [INFO] Capturing response: https://teletv5.top/load/yayinlink.php?id=bein-sports-3 200 
2026-07-02 04:42:32,662 [INFO] Capturing response: https://streamsport365.com/cinema 200 
2026-07-02 04:42:47,324 [INFO] Capturing request: https://android.clients.google.com/c2dm/register3
2026-07-02 04:42:48,335 [INFO] Capturing response: https://android.clients.google.com/c2dm/register3 200 
2026-07-02 04:42:48,382 [INFO] Capturing request: https://android.clients.google.com/c2dm/register3
2026-07-02 04:42:48,977 [INFO] Capturing response: https://android.clients.google.com/c2dm/register3 200 
2026-07-02 04:42:54,818 [INFO] Capturing request: https://android.clients.google.com/c2dm/register3
2026-07-02 04:42:54,884 [INFO] Capturing response: https://android.clients.google.com/c2dm/register3 301 
2026-07-02 04:43:05,320 [WARNING]   ❌ beIN Sports 3 için M3U8 bulunamadı
2026-07-02 04:43:06,320 [INFO] 
[4/14]
2026-07-02 04:43:06,320 [INFO] 🔍 beIN Sports 4 → https://atomsportv508.top/matches?id=bein-sports-4
2026-07-02 04:43:06,428 [INFO] Capturing request: https://atomsportv508.top/assets/js/clappr.js
2026-07-02 04:43:06,431 [INFO] Capturing request: https://atomsportv508.top/matches?id=bein-sports-4
2026-07-02 04:43:06,465 [INFO] Capturing response: https://atomsportv508.top/assets/js/clappr.js 200 
2026-07-02 04:43:07,128 [INFO] Capturing response: https://atomsportv508.top/matches?id=bein-sports-4 200 
2026-07-02 04:43:07,138 [INFO] Capturing request: https://atomsportv508.top/cdn-cgi/rum?
2026-07-02 04:43:07,173 [INFO] Capturing request: https://atomsportv508.top/cdn-cgi/rum?
2026-07-02 04:43:07,247 [INFO] Capturing response: https://atomsportv508.top/cdn-cgi/rum? 204 
2026-07-02 04:43:07,268 [INFO] Capturing request: https://teletv5.top/load/yayinlink.php?id=bein-sports-4
2026-07-02 04:43:07,278 [INFO] Capturing request: https://atomsportv508.top/favicon.ico
2026-07-02 04:43:07,313 [INFO] Capturing response: https://atomsportv508.top/favicon.ico 200 
2026-07-02 04:43:07,324 [INFO] Capturing response: https://atomsportv508.top/cdn-cgi/rum? 204 
2026-07-02 04:43:07,428 [INFO] Capturing request: https://streamsport365.com/cinema
2026-07-02 04:43:07,484 [INFO] Capturing response: https://teletv5.top/load/yayinlink.php?id=bein-sports-4 200 
2026-07-02 04:43:07,790 [INFO] Capturing response: https://streamsport365.com/cinema 200 
2026-07-02 04:43:22,519 [INFO] Capturing request: https://update.googleapis.com/service/update2/json?cup2key=16:9puWyHyRp6NNJavPOXXOLMa_k982nVWoXAmocOY5ZUg&cup2hreq=edb70f344c246c198c663b6a6e87f54ba4803f6fe249f759b73bf79ea5bc0457
2026-07-02 04:43:22,548 [INFO] Capturing response: https://update.googleapis.com/service/update2/json?cup2key=16:9puWyHyRp6NNJavPOXXOLMa_k982nVWoXAmocOY5ZUg&cup2hreq=edb70f344c246c198c663b6a6e87f54ba4803f6fe249f759b73bf79ea5bc0457 200 
2026-07-02 04:43:40,454 [WARNING]   ❌ beIN Sports 4 için M3U8 bulunamadı
2026-07-02 04:43:41,454 [INFO] 
[5/14]
2026-07-02 04:43:41,454 [INFO] 🔍 beIN Sports 5 → https://atomsportv508.top/matches?id=bein-sports-5
2026-07-02 04:43:41,563 [INFO] Capturing request: https://atomsportv508.top/assets/js/clappr.js
2026-07-02 04:43:41,565 [INFO] Capturing request: https://atomsportv508.top/matches?id=bein-sports-5
2026-07-02 04:43:41,586 [INFO] Capturing response: https://atomsportv508.top/assets/js/clappr.js 200 
2026-07-02 04:43:41,910 [INFO] Capturing response: https://atomsportv508.top/matches?id=bein-sports-5 200 
2026-07-02 04:43:41,919 [INFO] Capturing request: https://atomsportv508.top/cdn-cgi/rum?
2026-07-02 04:43:41,950 [INFO] Capturing request: https://atomsportv508.top/cdn-cgi/rum?
2026-07-02 04:43:42,028 [INFO] Capturing response: https://atomsportv508.top/cdn-cgi/rum? 204 
2026-07-02 04:43:42,049 [INFO] Capturing request: https://teletv5.top/load/yayinlink.php?id=bein-sports-5
2026-07-02 04:43:42,052 [INFO] Capturing request: https://atomsportv508.top/favicon.ico
2026-07-02 04:43:42,091 [INFO] Capturing response: https://atomsportv508.top/favicon.ico 200 
2026-07-02 04:43:42,100 [INFO] Capturing response: https://atomsportv508.top/cdn-cgi/rum? 204 
2026-07-02 04:43:42,203 [INFO] Capturing request: https://streamsport365.com/cinema
2026-07-02 04:43:42,262 [INFO] Capturing response: https://teletv5.top/load/yayinlink.php?id=bein-sports-5 200 
2026-07-02 04:43:42,570 [INFO] Capturing response: https://streamsport365.com/cinema 200 
2026-07-02 04:43:49,688 [INFO] Capturing request: https://android.clients.google.com/c2dm/register3
2026-07-02 04:43:49,755 [INFO] Capturing response: https://android.clients.google.com/c2dm/register3 301 
2026-07-02 04:44:15,226 [WARNING]   ❌ beIN Sports 5 için M3U8 bulunamadı
2026-07-02 04:44:16,226 [INFO] 
[6/14]
2026-07-02 04:44:16,226 [INFO] 🔍 beIN Sports Max 1 → https://atomsportv508.top/matches?id=bein-sports-max-1
2026-07-02 04:44:16,335 [INFO] Capturing request: https://atomsportv508.top/assets/js/clappr.js
2026-07-02 04:44:16,337 [INFO] Capturing request: https://atomsportv508.top/matches?id=bein-sports-max-1
2026-07-02 04:44:16,357 [INFO] Capturing response: https://atomsportv508.top/assets/js/clappr.js 200 
2026-07-02 04:44:16,680 [INFO] Capturing response: https://atomsportv508.top/matches?id=bein-sports-max-1 200 
2026-07-02 04:44:16,689 [INFO] Capturing request: https://atomsportv508.top/cdn-cgi/rum?
2026-07-02 04:44:16,718 [INFO] Capturing request: https://atomsportv508.top/cdn-cgi/rum?
2026-07-02 04:44:16,800 [INFO] Capturing response: https://atomsportv508.top/cdn-cgi/rum? 204 
2026-07-02 04:44:16,820 [INFO] Capturing request: https://teletv5.top/load/yayinlink.php?id=bein-sports-max-1
2026-07-02 04:44:16,822 [INFO] Capturing request: https://atomsportv508.top/favicon.ico
2026-07-02 04:44:16,859 [INFO] Capturing response: https://atomsportv508.top/favicon.ico 200 
2026-07-02 04:44:16,870 [INFO] Capturing response: https://atomsportv508.top/cdn-cgi/rum? 204 
2026-07-02 04:44:16,976 [INFO] Capturing request: https://streamsport365.com/cinema
2026-07-02 04:44:17,036 [INFO] Capturing response: https://teletv5.top/load/yayinlink.php?id=bein-sports-max-1 200 
2026-07-02 04:44:17,333 [INFO] Capturing response: https://streamsport365.com/cinema 200 
2026-07-02 04:44:50,000 [WARNING]   ❌ beIN Sports Max 1 için M3U8 bulunamadı
2026-07-02 04:44:51,000 [INFO] 
[7/14]
2026-07-02 04:44:51,000 [INFO] 🔍 beIN Sports Max 2 → https://atomsportv508.top/matches?id=bein-sports-max-2
2026-07-02 04:44:51,111 [INFO] Capturing request: https://atomsportv508.top/assets/js/clappr.js
2026-07-02 04:44:51,113 [INFO] Capturing request: https://atomsportv508.top/matches?id=bein-sports-max-2
2026-07-02 04:44:51,132 [INFO] Capturing response: https://atomsportv508.top/assets/js/clappr.js 200 
2026-07-02 04:44:51,458 [INFO] Capturing response: https://atomsportv508.top/matches?id=bein-sports-max-2 200 
2026-07-02 04:44:51,469 [INFO] Capturing request: https://atomsportv508.top/cdn-cgi/rum?
2026-07-02 04:44:51,500 [INFO] Capturing request: https://atomsportv508.top/cdn-cgi/rum?
2026-07-02 04:44:51,579 [INFO] Capturing response: https://atomsportv508.top/cdn-cgi/rum? 204 
2026-07-02 04:44:51,594 [INFO] Capturing request: https://teletv5.top/load/yayinlink.php?id=bein-sports-max-2
2026-07-02 04:44:51,604 [INFO] Capturing request: https://atomsportv508.top/favicon.ico
2026-07-02 04:44:51,643 [INFO] Capturing response: https://atomsportv508.top/favicon.ico 200 
2026-07-02 04:44:51,651 [INFO] Capturing response: https://atomsportv508.top/cdn-cgi/rum? 204 
2026-07-02 04:44:51,748 [INFO] Capturing request: https://streamsport365.com/cinema
2026-07-02 04:44:51,811 [INFO] Capturing response: https://teletv5.top/load/yayinlink.php?id=bein-sports-max-2 200 
2026-07-02 04:44:52,115 [INFO] Capturing response: https://streamsport365.com/cinema 200 
2026-07-02 04:45:24,787 [WARNING]   ❌ beIN Sports Max 2 için M3U8 bulunamadı
2026-07-02 04:45:25,787 [INFO] 
[8/14]
2026-07-02 04:45:25,788 [INFO] 🔍 S Sport → https://atomsportv508.top/matches?id=s-sport
2026-07-02 04:45:25,899 [INFO] Capturing request: https://atomsportv508.top/assets/js/clappr.js
2026-07-02 04:45:25,899 [INFO] Capturing request: https://atomsportv508.top/matches?id=s-sport
2026-07-02 04:45:25,921 [INFO] Capturing response: https://atomsportv508.top/assets/js/clappr.js 200 
2026-07-02 04:45:26,239 [INFO] Capturing response: https://atomsportv508.top/matches?id=s-sport 200 
2026-07-02 04:45:26,249 [INFO] Capturing request: https://atomsportv508.top/cdn-cgi/rum?
2026-07-02 04:45:26,280 [INFO] Capturing request: https://atomsportv508.top/cdn-cgi/rum?
2026-07-02 04:45:26,358 [INFO] Capturing response: https://atomsportv508.top/cdn-cgi/rum? 204 
2026-07-02 04:45:26,375 [INFO] Capturing request: https://teletv5.top/load/yayinlink.php?id=s-sport
2026-07-02 04:45:26,383 [INFO] Capturing request: https://atomsportv508.top/favicon.ico
2026-07-02 04:45:26,419 [INFO] Capturing response: https://atomsportv508.top/favicon.ico 200 
2026-07-02 04:45:26,431 [INFO] Capturing response: https://atomsportv508.top/cdn-cgi/rum? 204 
2026-07-02 04:45:26,533 [INFO] Capturing request: https://streamsport365.com/cinema
2026-07-02 04:45:26,590 [INFO] Capturing response: https://teletv5.top/load/yayinlink.php?id=s-sport 200 
2026-07-02 04:45:26,892 [INFO] Capturing response: https://streamsport365.com/cinema 200 
2026-07-02 04:45:27,015 [INFO] Capturing request: https://hlssssssssssssssssss.yedeklinksa35.workers.dev/https://corestream.ronaldovurdu.help//s-sportt/tracks-v1a1/mono.m3u8
2026-07-02 04:45:27,508 [INFO] Capturing response: https://hlssssssssssssssssss.yedeklinksa35.workers.dev/https://corestream.ronaldovurdu.help//s-sportt/tracks-v1a1/mono.m3u8 200 
2026-07-02 04:45:27,618 [INFO] Capturing request: https://ts.yedeklinksa35.workers.dev/s-sportt/tracks-v1a1/2026/07/02/04/45/38-05000.avif
2026-07-02 04:45:28,628 [INFO] Capturing response: https://ts.yedeklinksa35.workers.dev/s-sportt/tracks-v1a1/2026/07/02/04/45/38-05000.avif 200 
2026-07-02 04:45:28,878 [INFO] Capturing request: https://ts.yedeklinksa35.workers.dev/s-sportt/tracks-v1a1/2026/07/02/04/45/43-05000.avif
2026-07-02 04:45:29,315 [INFO]   ✅ M3U8 bulundu: https://hlssssssssssssssssss.yedeklinksa35.workers.dev/https://corestream.ronaldovurdu.help//s-sportt/tracks-v1a1/mono.m3u8
2026-07-02 04:45:29,334 [INFO] Capturing response: https://ts.yedeklinksa35.workers.dev/s-sportt/tracks-v1a1/2026/07/02/04/45/43-05000.avif 200 
2026-07-02 04:45:29,583 [INFO] Capturing request: https://ts.yedeklinksa35.workers.dev/s-sportt/tracks-v1a1/2026/07/02/04/45/48-05000.avif
2026-07-02 04:45:29,990 [INFO] Capturing response: https://ts.yedeklinksa35.workers.dev/s-sportt/tracks-v1a1/2026/07/02/04/45/48-05000.avif 200 
2026-07-02 04:45:30,227 [INFO] Capturing request: https://ts.yedeklinksa35.workers.dev/s-sportt/tracks-v1a1/2026/07/02/04/45/53-08620.avif
2026-07-02 04:45:30,315 [INFO] 
[9/14]
2026-07-02 04:45:30,315 [INFO] 🔍 S Sport 2 → https://atomsportv508.top/matches?id=s-sport-2
2026-07-02 04:45:30,427 [INFO] Capturing request: https://atomsportv508.top/assets/js/clappr.js
2026-07-02 04:45:30,428 [INFO] Capturing request: https://atomsportv508.top/matches?id=s-sport-2
2026-07-02 04:45:30,446 [INFO] Capturing response: https://atomsportv508.top/assets/js/clappr.js 200 
2026-07-02 04:45:30,482 [INFO] Capturing response: https://atomsportv508.top/matches?id=s-sport-2 200 
2026-07-02 04:45:30,492 [INFO] Capturing request: https://atomsportv508.top/cdn-cgi/rum?
2026-07-02 04:45:30,524 [INFO] Capturing request: https://streamsport365.com/cinema
2026-07-02 04:45:30,531 [INFO] Capturing request: https://atomsportv508.top/cdn-cgi/rum?
2026-07-02 04:45:30,624 [INFO] Capturing request: https://teletv5.top/load/yayinlink.php?id=s-sport-2
2026-07-02 04:45:30,639 [INFO] Capturing request: https://atomsportv508.top/favicon.ico
2026-07-02 04:45:30,642 [INFO] Capturing response: https://atomsportv508.top/cdn-cgi/rum? 204 
2026-07-02 04:45:30,644 [INFO] Capturing response: https://atomsportv508.top/cdn-cgi/rum? 204 
2026-07-02 04:45:30,681 [INFO] Capturing response: https://atomsportv508.top/favicon.ico 200 
2026-07-02 04:45:30,834 [INFO] Capturing response: https://teletv5.top/load/yayinlink.php?id=s-sport-2 200 
2026-07-02 04:45:30,890 [INFO] Capturing response: https://streamsport365.com/cinema 200 
2026-07-02 04:45:31,011 [INFO] Capturing request: https://hlssssssssssssssssss.yedeklinksa35.workers.dev/https://corestream.ronaldovurdu.help//s-sport2/tracks-v1a1/mono.m3u8
2026-07-02 04:45:31,188 [INFO] Capturing response: https://hlssssssssssssssssss.yedeklinksa35.workers.dev/https://corestream.ronaldovurdu.help//s-sport2/tracks-v1a1/mono.m3u8 200 
2026-07-02 04:45:31,338 [INFO] Capturing request: https://ts.yedeklinksa35.workers.dev/s-sport2/tracks-v1a1/2026/07/02/04/45/22-06000.avif
2026-07-02 04:45:31,658 [INFO] Capturing response: https://ts.yedeklinksa35.workers.dev/s-sportt/tracks-v1a1/2026/07/02/04/45/53-08620.avif 200 
2026-07-02 04:45:32,364 [INFO] Capturing response: https://ts.yedeklinksa35.workers.dev/s-sport2/tracks-v1a1/2026/07/02/04/45/22-06000.avif 200 
2026-07-02 04:45:32,574 [INFO] Capturing request: https://ts.yedeklinksa35.workers.dev/s-sport2/tracks-v1a1/2026/07/02/04/45/28-06000.avif
2026-07-02 04:45:33,071 [INFO] Capturing response: https://ts.yedeklinksa35.workers.dev/s-sport2/tracks-v1a1/2026/07/02/04/45/28-06000.avif 200 
2026-07-02 04:45:33,295 [INFO] Capturing request: https://ts.yedeklinksa35.workers.dev/s-sport2/tracks-v1a1/2026/07/02/04/45/34-06000.avif
2026-07-02 04:45:33,554 [INFO]   ✅ M3U8 bulundu: https://hlssssssssssssssssss.yedeklinksa35.workers.dev/https://corestream.ronaldovurdu.help//s-sport2/tracks-v1a1/mono.m3u8
2026-07-02 04:45:34,555 [INFO] 
[10/14]
2026-07-02 04:45:34,555 [INFO] 🔍 A Spor → https://atomsportv508.top/matches?id=a-spor
2026-07-02 04:45:34,620 [INFO] Capturing response: https://ts.yedeklinksa35.workers.dev/s-sport2/tracks-v1a1/2026/07/02/04/45/34-06000.avif 200 
2026-07-02 04:45:34,698 [INFO] Capturing request: https://atomsportv508.top/matches?id=a-spor
2026-07-02 04:45:34,698 [INFO] Capturing request: https://atomsportv508.top/assets/js/clappr.js
2026-07-02 04:45:34,748 [INFO] Capturing response: https://atomsportv508.top/matches?id=a-spor 200 
2026-07-02 04:45:34,762 [INFO] Capturing response: https://atomsportv508.top/assets/js/clappr.js 200 
2026-07-02 04:45:34,770 [INFO] Capturing request: https://atomsportv508.top/cdn-cgi/rum?
2026-07-02 04:45:34,814 [INFO] Capturing request: https://atomsportv508.top/cdn-cgi/rum?
2026-07-02 04:45:34,904 [INFO] Capturing request: https://teletv5.top/load/yayinlink.php?id=a-spor
2026-07-02 04:45:34,918 [INFO] Capturing request: https://atomsportv508.top/favicon.ico
2026-07-02 04:45:34,920 [INFO] Capturing response: https://atomsportv508.top/cdn-cgi/rum? 204 
2026-07-02 04:45:34,951 [INFO] Capturing response: https://atomsportv508.top/favicon.ico 200 
2026-07-02 04:45:34,964 [INFO] Capturing response: https://atomsportv508.top/cdn-cgi/rum? 204 
2026-07-02 04:45:35,067 [INFO] Capturing request: https://streamsport365.com/cinema
2026-07-02 04:45:35,114 [INFO] Capturing response: https://teletv5.top/load/yayinlink.php?id=a-spor 200 
2026-07-02 04:45:35,432 [INFO] Capturing response: https://streamsport365.com/cinema 200 
2026-07-02 04:45:35,553 [INFO] Capturing request: https://hlssssssssssssssssss.yedeklinksa35.workers.dev/https://corestream.ronaldovurdu.help//aspor/tracks-v1a1/mono.m3u8
2026-07-02 04:45:35,733 [INFO] Capturing response: https://hlssssssssssssssssss.yedeklinksa35.workers.dev/https://corestream.ronaldovurdu.help//aspor/tracks-v1a1/mono.m3u8 200 
2026-07-02 04:45:35,843 [INFO] Capturing request: https://ts.yedeklinksa35.workers.dev/aspor/tracks-v1a1/2026/07/02/04/45/18-06000.avif
2026-07-02 04:45:36,324 [INFO] Capturing response: https://ts.yedeklinksa35.workers.dev/aspor/tracks-v1a1/2026/07/02/04/45/18-06000.avif 200 
2026-07-02 04:45:36,523 [INFO] Capturing request: https://ts.yedeklinksa35.workers.dev/aspor/tracks-v1a1/2026/07/02/04/45/24-06000.avif
2026-07-02 04:45:36,925 [INFO] Capturing response: https://ts.yedeklinksa35.workers.dev/aspor/tracks-v1a1/2026/07/02/04/45/24-06000.avif 200 
2026-07-02 04:45:37,171 [INFO] Capturing request: https://ts.yedeklinksa35.workers.dev/aspor/tracks-v1a1/2026/07/02/04/45/30-06000.avif
2026-07-02 04:45:37,719 [INFO] Capturing response: https://ts.yedeklinksa35.workers.dev/aspor/tracks-v1a1/2026/07/02/04/45/30-06000.avif 200 
2026-07-02 04:45:37,837 [INFO]   ✅ M3U8 bulundu: https://hlssssssssssssssssss.yedeklinksa35.workers.dev/https://corestream.ronaldovurdu.help//aspor/tracks-v1a1/mono.m3u8
2026-07-02 04:45:38,838 [INFO] 
[11/14]
2026-07-02 04:45:38,838 [INFO] 🔍 Tivibu Spor 1 → https://atomsportv508.top/matches?id=tivibu-spor-1
2026-07-02 04:45:38,951 [INFO] Capturing request: https://atomsportv508.top/assets/js/clappr.js
2026-07-02 04:45:38,952 [INFO] Capturing request: https://atomsportv508.top/matches?id=tivibu-spor-1
2026-07-02 04:45:38,972 [INFO] Capturing response: https://atomsportv508.top/assets/js/clappr.js 200 
2026-07-02 04:45:39,011 [INFO] Capturing response: https://atomsportv508.top/matches?id=tivibu-spor-1 200 
2026-07-02 04:45:39,025 [INFO] Capturing request: https://atomsportv508.top/cdn-cgi/rum?
2026-07-02 04:45:39,062 [INFO] Capturing request: https://streamsport365.com/cinema
2026-07-02 04:45:39,071 [INFO] Capturing request: https://atomsportv508.top/cdn-cgi/rum?
2026-07-02 04:45:39,157 [INFO] Capturing request: https://teletv5.top/load/yayinlink.php?id=tivibu-spor-1
2026-07-02 04:45:39,171 [INFO] Capturing request: https://atomsportv508.top/favicon.ico
2026-07-02 04:45:39,176 [INFO] Capturing response: https://atomsportv508.top/cdn-cgi/rum? 204 
2026-07-02 04:45:39,204 [INFO] Capturing response: https://atomsportv508.top/favicon.ico 200 
2026-07-02 04:45:39,220 [INFO] Capturing response: https://atomsportv508.top/cdn-cgi/rum? 204 
2026-07-02 04:45:39,367 [INFO] Capturing response: https://teletv5.top/load/yayinlink.php?id=tivibu-spor-1 200 
2026-07-02 04:45:39,437 [INFO] Capturing response: https://streamsport365.com/cinema 200 
2026-07-02 04:45:46,553 [INFO] Capturing request: https://android.clients.google.com/c2dm/register3
2026-07-02 04:45:46,632 [INFO] Capturing response: https://android.clients.google.com/c2dm/register3 301 
2026-07-02 04:46:12,351 [WARNING]   ❌ Tivibu Spor 1 için M3U8 bulunamadı
2026-07-02 04:46:13,351 [INFO] 
[12/14]
2026-07-02 04:46:13,351 [INFO] 🔍 Tivibu Spor 2 → https://atomsportv508.top/matches?id=tivibu-spor-2
2026-07-02 04:46:13,461 [INFO] Capturing request: https://atomsportv508.top/assets/js/clappr.js
2026-07-02 04:46:13,463 [INFO] Capturing request: https://atomsportv508.top/matches?id=tivibu-spor-2
2026-07-02 04:46:13,485 [INFO] Capturing response: https://atomsportv508.top/assets/js/clappr.js 200 
2026-07-02 04:46:13,806 [INFO] Capturing response: https://atomsportv508.top/matches?id=tivibu-spor-2 200 
2026-07-02 04:46:13,814 [INFO] Capturing request: https://atomsportv508.top/cdn-cgi/rum?
2026-07-02 04:46:13,851 [INFO] Capturing request: https://atomsportv508.top/cdn-cgi/rum?
2026-07-02 04:46:13,925 [INFO] Capturing response: https://atomsportv508.top/cdn-cgi/rum? 204 
2026-07-02 04:46:13,951 [INFO] Capturing request: https://teletv5.top/load/yayinlink.php?id=tivibu-spor-2
2026-07-02 04:46:13,955 [INFO] Capturing request: https://atomsportv508.top/favicon.ico
2026-07-02 04:46:13,992 [INFO] Capturing response: https://atomsportv508.top/favicon.ico 200 
2026-07-02 04:46:14,001 [INFO] Capturing response: https://atomsportv508.top/cdn-cgi/rum? 204 
2026-07-02 04:46:14,106 [INFO] Capturing request: https://streamsport365.com/cinema
2026-07-02 04:46:14,163 [INFO] Capturing response: https://teletv5.top/load/yayinlink.php?id=tivibu-spor-2 200 
2026-07-02 04:46:14,474 [INFO] Capturing response: https://streamsport365.com/cinema 200 
2026-07-02 04:46:22,937 [INFO] 127.0.0.1:40428: HTTP/2 connection terminated by server: error code: 0, last stream id: 201, additional data: b'session_timed_out'
2026-07-02 04:46:23,232 [INFO] 127.0.0.1:40458: HTTP/2 connection terminated by server: error code: 0, last stream id: 201, additional data: b'session_timed_out'
2026-07-02 04:46:47,132 [WARNING]   ❌ Tivibu Spor 2 için M3U8 bulunamadı
2026-07-02 04:46:48,132 [INFO] 
[13/14]
2026-07-02 04:46:48,133 [INFO] 🔍 Tivibu Spor 3 → https://atomsportv508.top/matches?id=tivibu-spor-3
2026-07-02 04:46:48,241 [INFO] Capturing request: https://atomsportv508.top/assets/js/clappr.js
2026-07-02 04:46:48,243 [INFO] Capturing request: https://atomsportv508.top/matches?id=tivibu-spor-3
2026-07-02 04:46:48,263 [INFO] Capturing response: https://atomsportv508.top/assets/js/clappr.js 200 
2026-07-02 04:46:48,583 [INFO] Capturing response: https://atomsportv508.top/matches?id=tivibu-spor-3 200 
2026-07-02 04:46:48,592 [INFO] Capturing request: https://atomsportv508.top/cdn-cgi/rum?
2026-07-02 04:46:48,624 [INFO] Capturing request: https://atomsportv508.top/cdn-cgi/rum?
2026-07-02 04:46:48,724 [INFO] Capturing request: https://teletv5.top/load/yayinlink.php?id=tivibu-spor-3
2026-07-02 04:46:48,725 [INFO] Capturing request: https://atomsportv508.top/favicon.ico
2026-07-02 04:46:48,733 [INFO] Capturing response: https://atomsportv508.top/cdn-cgi/rum? 204 
2026-07-02 04:46:48,735 [INFO] Capturing response: https://atomsportv508.top/cdn-cgi/rum? 204 
2026-07-02 04:46:48,765 [INFO] Capturing response: https://atomsportv508.top/favicon.ico 200 
2026-07-02 04:46:48,880 [INFO] Capturing request: https://streamsport365.com/cinema
2026-07-02 04:46:48,940 [INFO] Capturing response: https://teletv5.top/load/yayinlink.php?id=tivibu-spor-3 200 
2026-07-02 04:46:49,244 [INFO] Capturing response: https://streamsport365.com/cinema 200 
2026-07-02 04:47:21,908 [WARNING]   ❌ Tivibu Spor 3 için M3U8 bulunamadı
2026-07-02 04:47:22,551 [INFO] 127.0.0.1:40434: HTTP/2 connection terminated by server: error code: 0, last stream id: 205, additional data: b'session_timed_out'
2026-07-02 04:47:22,908 [INFO] 
[14/14]
2026-07-02 04:47:22,908 [INFO] 🔍 Tivibu Spor 4 → https://atomsportv508.top/matches?id=tivibu-spor-4
2026-07-02 04:47:23,017 [INFO] Capturing request: https://atomsportv508.top/assets/js/clappr.js
2026-07-02 04:47:23,019 [INFO] Capturing request: https://atomsportv508.top/matches?id=tivibu-spor-4
2026-07-02 04:47:23,037 [INFO] Capturing response: https://atomsportv508.top/assets/js/clappr.js 200 
2026-07-02 04:47:23,358 [INFO] Capturing response: https://atomsportv508.top/matches?id=tivibu-spor-4 200 
2026-07-02 04:47:23,369 [INFO] Capturing request: https://atomsportv508.top/cdn-cgi/rum?
2026-07-02 04:47:23,401 [INFO] Capturing request: https://atomsportv508.top/cdn-cgi/rum?
2026-07-02 04:47:23,499 [INFO] Capturing request: https://teletv5.top/load/yayinlink.php?id=tivibu-spor-4
2026-07-02 04:47:23,501 [INFO] Capturing request: https://atomsportv508.top/favicon.ico
2026-07-02 04:47:23,508 [INFO] Capturing response: https://atomsportv508.top/cdn-cgi/rum? 204 
2026-07-02 04:47:23,510 [INFO] Capturing response: https://atomsportv508.top/cdn-cgi/rum? 204 
2026-07-02 04:47:23,536 [INFO] Capturing response: https://atomsportv508.top/favicon.ico 200 
2026-07-02 04:47:23,651 [INFO] Capturing request: https://streamsport365.com/cinema
2026-07-02 04:47:23,713 [INFO] Capturing response: https://teletv5.top/load/yayinlink.php?id=tivibu-spor-4 200 
2026-07-02 04:47:24,109 [INFO] Capturing response: https://streamsport365.com/cinema 200 
2026-07-02 04:47:56,685 [WARNING]   ❌ Tivibu Spor 4 için M3U8 bulunamadı
2026-07-02 04:47:57,749 [INFO] ✅ 5 kanal bulundu, playlist.m3u kaydedildi
