2026-07-13 22:29:38,471 [INFO] 🌐 BASE_URL: https://atomsportv508.top
2026-07-13 22:29:39,314 [INFO] Başlanıyor... 14 kanal taranacak
2026-07-13 22:29:39,314 [INFO] Using default request storage
2026-07-13 22:29:39,319 [INFO] Created proxy listening on 127.0.0.1:35349
2026-07-13 22:29:39,976 [INFO] Capturing request: http://clients2.google.com/time/1/current?cup2key=10:LwgAFLGk6qAM4_1GATjH0vVZFRKkM9H7LhbwSqLq7yE&cup2hreq=e3b0c44298fc1c149afbf4c8996fb92427ae41e4649b934ca495991b7852b855
2026-07-13 22:29:40,005 [INFO] Capturing response: http://clients2.google.com/time/1/current?cup2key=10:LwgAFLGk6qAM4_1GATjH0vVZFRKkM9H7LhbwSqLq7yE&cup2hreq=e3b0c44298fc1c149afbf4c8996fb92427ae41e4649b934ca495991b7852b855 200 OK
2026-07-13 22:29:40,140 [INFO] 
[1/14]
2026-07-13 22:29:40,140 [INFO] 🔍 beIN Sports 1 → https://atomsportv508.top/matches?id=bein-sports-1
2026-07-13 22:29:40,209 [INFO] Capturing request: https://accounts.google.com/ListAccounts?gpsia=1&source=ChromiumBrowser&json=standard&laf=b64bin
2026-07-13 22:29:40,218 [INFO] Capturing request: https://update.googleapis.com/service/update2/json?cup2key=16:todjO2czoRo1Wk17O8KLAWsiKLZIo-o9UOvpv9XuZdA&cup2hreq=360fb0ab14e3ae728d04774651bc2878295112b3143b537da4a7d9dd23e69937
2026-07-13 22:29:40,260 [INFO] Capturing response: https://update.googleapis.com/service/update2/json?cup2key=16:todjO2czoRo1Wk17O8KLAWsiKLZIo-o9UOvpv9XuZdA&cup2hreq=360fb0ab14e3ae728d04774651bc2878295112b3143b537da4a7d9dd23e69937 200 
2026-07-13 22:29:40,263 [INFO] Capturing response: https://accounts.google.com/ListAccounts?gpsia=1&source=ChromiumBrowser&json=standard&laf=b64bin 200 
2026-07-13 22:29:40,304 [INFO] Capturing request: https://update.googleapis.com/service/update2/json?cup2key=16:gybqLdwol2I3TgqHzWtG4aRfMAkFSpIgE5lZAYdwTyU&cup2hreq=f01400a4b35443741f3fa5a8feb2c94bd1e8796f2b23e2a38f5be2b58a58236e
2026-07-13 22:29:40,323 [INFO] Capturing request: https://atomsportv508.top/matches?id=bein-sports-1
2026-07-13 22:29:40,328 [INFO] Capturing response: https://update.googleapis.com/service/update2/json?cup2key=16:gybqLdwol2I3TgqHzWtG4aRfMAkFSpIgE5lZAYdwTyU&cup2hreq=f01400a4b35443741f3fa5a8feb2c94bd1e8796f2b23e2a38f5be2b58a58236e 200 
2026-07-13 22:29:40,377 [INFO] Capturing response: https://atomsportv508.top/matches?id=bein-sports-1 200 
2026-07-13 22:29:40,530 [INFO] Capturing request: https://atomsportv508.top/assets/js/clappr.js
2026-07-13 22:29:40,556 [INFO] Capturing request: https://www.google.com/async/folae?async=_fmt:pb&udm=50&client_locale=en-US&client_country=ZZ
2026-07-13 22:29:40,578 [INFO] Capturing response: https://www.google.com/async/folae?async=_fmt:pb&udm=50&client_locale=en-US&client_country=ZZ 200 
2026-07-13 22:29:40,582 [INFO] Capturing request: https://cdnjs.cloudflare.com/ajax/libs/jquery/3.2.1/jquery.min.js
2026-07-13 22:29:40,585 [INFO] Capturing response: https://atomsportv508.top/assets/js/clappr.js 200 
2026-07-13 22:29:40,592 [INFO] Capturing request: https://cdn.jsdelivr.net/npm/@clappr/player@latest/dist/clappr.min.js
2026-07-13 22:29:40,600 [INFO] Capturing response: https://cdnjs.cloudflare.com/ajax/libs/jquery/3.2.1/jquery.min.js 200 
2026-07-13 22:29:40,622 [INFO] Capturing response: https://cdn.jsdelivr.net/npm/@clappr/player@latest/dist/clappr.min.js 200 
2026-07-13 22:29:40,792 [INFO] Capturing request: https://static.cloudflareinsights.com/beacon.min.js/v4513226cdae34746b4dedf0b4dfa099e1781791509496
2026-07-13 22:29:40,808 [INFO] Capturing response: https://static.cloudflareinsights.com/beacon.min.js/v4513226cdae34746b4dedf0b4dfa099e1781791509496 200 
2026-07-13 22:29:40,870 [INFO] Capturing request: https://atomsportv508.top/cdn-cgi/rum?
2026-07-13 22:29:40,974 [INFO] Capturing request: https://atomsportv508.top/favicon.ico
2026-07-13 22:29:40,981 [INFO] Capturing response: https://atomsportv508.top/cdn-cgi/rum? 204 
2026-07-13 22:29:41,031 [INFO] Capturing request: https://teletv5.top/load/yayinlink.php?id=bein-sports-1
2026-07-13 22:29:41,037 [INFO] Capturing response: https://atomsportv508.top/favicon.ico 200 
2026-07-13 22:29:41,336 [INFO] Capturing response: https://teletv5.top/load/yayinlink.php?id=bein-sports-1 200 
2026-07-13 22:29:41,400 [INFO] Capturing request: https://streamsport365.com/cinema
2026-07-13 22:29:41,652 [INFO] Capturing response: https://streamsport365.com/cinema 200 
2026-07-13 22:29:41,781 [INFO] Capturing request: https://atomsportv508.top/assets/img/player_logo_6880e4e4c52ee.png
2026-07-13 22:29:41,838 [INFO] Capturing response: https://atomsportv508.top/assets/img/player_logo_6880e4e4c52ee.png 200 
2026-07-13 22:29:41,840 [INFO] Capturing request: https://hlsssssssssssss.edaesra.workers.dev/https://corestream.macsitesi.help//trtspor/tracks-v1a1/mono.m3u8
2026-07-13 22:29:42,122 [INFO] Capturing response: https://hlsssssssssssss.edaesra.workers.dev/https://corestream.macsitesi.help//trtspor/tracks-v1a1/mono.m3u8 200 
2026-07-13 22:29:42,426 [INFO] Capturing request: https://securmar.edaesra.workers.dev/trtspor/tracks-v1a1/2026/07/13/22/29/05-10000.avif
2026-07-13 22:29:42,801 [INFO] Capturing request: https://android.clients.google.com/checkin
2026-07-13 22:29:42,890 [INFO] Capturing response: https://android.clients.google.com/checkin 200 
2026-07-13 22:29:42,940 [INFO] Capturing request: https://android.clients.google.com/c2dm/register3
2026-07-13 22:29:42,948 [INFO] Capturing request: https://android.clients.google.com/c2dm/register3
2026-07-13 22:29:42,949 [INFO] Capturing request: https://android.clients.google.com/c2dm/register3
2026-07-13 22:29:42,988 [INFO] Capturing response: https://android.clients.google.com/c2dm/register3 200 
2026-07-13 22:29:43,000 [INFO] Capturing response: https://android.clients.google.com/c2dm/register3 200 
2026-07-13 22:29:43,006 [INFO] Capturing response: https://android.clients.google.com/c2dm/register3 200 
2026-07-13 22:29:43,228 [INFO] Capturing response: https://securmar.edaesra.workers.dev/trtspor/tracks-v1a1/2026/07/13/22/29/05-10000.avif 200 
2026-07-13 22:29:43,506 [INFO] Capturing request: https://securmar.edaesra.workers.dev/trtspor/tracks-v1a1/2026/07/13/22/29/15-10000.avif
2026-07-13 22:29:43,897 [INFO]   ✅ M3U8 bulundu: https://hlsssssssssssss.edaesra.workers.dev/https://corestream.macsitesi.help//trtspor/tracks-v1a1/mono.m3u8
2026-07-13 22:29:44,172 [INFO] Capturing response: https://securmar.edaesra.workers.dev/trtspor/tracks-v1a1/2026/07/13/22/29/15-10000.avif 200 
2026-07-13 22:29:44,470 [INFO] Capturing request: https://securmar.edaesra.workers.dev/trtspor/tracks-v1a1/2026/07/13/22/29/25-10000.avif
2026-07-13 22:29:44,897 [INFO] 
[2/14]
2026-07-13 22:29:44,897 [INFO] 🔍 beIN Sports 2 → https://atomsportv508.top/matches?id=bein-sports-2
2026-07-13 22:29:45,013 [INFO] Capturing request: https://atomsportv508.top/matches?id=bein-sports-2
2026-07-13 22:29:45,047 [INFO] Capturing response: https://atomsportv508.top/matches?id=bein-sports-2 200 
2026-07-13 22:29:45,069 [INFO] Capturing request: https://atomsportv508.top/cdn-cgi/rum?
2026-07-13 22:29:45,125 [INFO] Capturing request: https://atomsportv508.top/cdn-cgi/rum?
2026-07-13 22:29:45,129 [INFO] Capturing request: https://streamsport365.com/cinema
2026-07-13 22:29:45,228 [INFO] Capturing request: https://teletv5.top/load/yayinlink.php?id=bein-sports-2
2026-07-13 22:29:45,231 [INFO] Capturing request: https://atomsportv508.top/favicon.ico
2026-07-13 22:29:45,241 [INFO] Capturing response: https://atomsportv508.top/cdn-cgi/rum? 204 
2026-07-13 22:29:45,277 [INFO] Capturing response: https://atomsportv508.top/favicon.ico 200 
2026-07-13 22:29:45,283 [INFO] Capturing response: https://atomsportv508.top/cdn-cgi/rum? 204 
2026-07-13 22:29:45,293 [INFO] Capturing response: https://securmar.edaesra.workers.dev/trtspor/tracks-v1a1/2026/07/13/22/29/25-10000.avif 200 
2026-07-13 22:29:45,330 [INFO] 127.0.0.1:36062: ProtocolException("Error in HTTP connection: Http2ZombieException('Connection or stream already dead: 1783981785.329851, False')")
2026-07-13 22:29:45,376 [INFO] Capturing response: https://streamsport365.com/cinema 200 
2026-07-13 22:29:45,385 [INFO] Capturing response: https://teletv5.top/load/yayinlink.php?id=bein-sports-2 200 
2026-07-13 22:29:45,505 [INFO] Capturing request: https://hlsssssssssssss.edaesra.workers.dev/https://corestream.macsitesi.help//bein2/tracks-v1a1/mono.m3u8
2026-07-13 22:29:45,638 [INFO] Capturing response: https://hlsssssssssssss.edaesra.workers.dev/https://corestream.macsitesi.help//bein2/tracks-v1a1/mono.m3u8 404 
2026-07-13 22:29:48,137 [INFO]   ✅ M3U8 bulundu: https://hlsssssssssssss.edaesra.workers.dev/https://corestream.macsitesi.help//bein2/tracks-v1a1/mono.m3u8
2026-07-13 22:29:49,137 [INFO] 
[3/14]
2026-07-13 22:29:49,137 [INFO] 🔍 beIN Sports 3 → https://atomsportv508.top/matches?id=bein-sports-3
2026-07-13 22:29:49,244 [INFO] Capturing request: https://atomsportv508.top/assets/js/clappr.js
2026-07-13 22:29:49,249 [INFO] Capturing request: https://atomsportv508.top/matches?id=bein-sports-3
2026-07-13 22:29:49,266 [INFO] Capturing response: https://atomsportv508.top/assets/js/clappr.js 200 
2026-07-13 22:29:49,291 [INFO] Capturing response: https://atomsportv508.top/matches?id=bein-sports-3 200 
2026-07-13 22:29:49,316 [INFO] Capturing request: https://atomsportv508.top/cdn-cgi/rum?
2026-07-13 22:29:49,341 [INFO] Capturing request: https://atomsportv508.top/cdn-cgi/rum?
2026-07-13 22:29:49,442 [INFO] Capturing request: https://teletv5.top/load/yayinlink.php?id=bein-sports-3
2026-07-13 22:29:49,445 [INFO] Capturing response: https://atomsportv508.top/cdn-cgi/rum? 204 
2026-07-13 22:29:49,447 [INFO] Capturing request: https://atomsportv508.top/favicon.ico
2026-07-13 22:29:49,480 [INFO] Capturing response: https://atomsportv508.top/favicon.ico 200 
2026-07-13 22:29:49,492 [INFO] Capturing response: https://atomsportv508.top/cdn-cgi/rum? 204 
2026-07-13 22:29:49,539 [INFO] Capturing request: https://streamsport365.com/cinema
2026-07-13 22:29:49,717 [INFO] Capturing response: https://teletv5.top/load/yayinlink.php?id=bein-sports-3 200 
2026-07-13 22:29:49,794 [INFO] Capturing response: https://streamsport365.com/cinema 200 
2026-07-13 22:29:49,912 [INFO] Capturing request: https://hlsssssssssssss.edaesra.workers.dev/https://corestream.macsitesi.help//trtspor/tracks-v1a1/mono.m3u8
2026-07-13 22:29:50,042 [INFO] Capturing response: https://hlsssssssssssss.edaesra.workers.dev/https://corestream.macsitesi.help//trtspor/tracks-v1a1/mono.m3u8 200 
2026-07-13 22:29:50,151 [INFO] Capturing request: https://securmar.edaesra.workers.dev/trtspor/tracks-v1a1/2026/07/13/22/29/25-10000.avif
2026-07-13 22:29:50,486 [INFO] Capturing response: https://securmar.edaesra.workers.dev/trtspor/tracks-v1a1/2026/07/13/22/29/25-10000.avif 200 
2026-07-13 22:29:50,768 [INFO] Capturing request: https://securmar.edaesra.workers.dev/trtspor/tracks-v1a1/2026/07/13/22/29/35-10000.avif
2026-07-13 22:29:51,259 [INFO] Capturing response: https://securmar.edaesra.workers.dev/trtspor/tracks-v1a1/2026/07/13/22/29/35-10000.avif 200 
2026-07-13 22:29:51,559 [INFO] Capturing request: https://securmar.edaesra.workers.dev/trtspor/tracks-v1a1/2026/07/13/22/29/45-10000.avif
2026-07-13 22:29:52,081 [INFO] Capturing response: https://securmar.edaesra.workers.dev/trtspor/tracks-v1a1/2026/07/13/22/29/45-10000.avif 200 
2026-07-13 22:29:52,367 [INFO]   ✅ M3U8 bulundu: https://hlsssssssssssss.edaesra.workers.dev/https://corestream.macsitesi.help//trtspor/tracks-v1a1/mono.m3u8
2026-07-13 22:29:53,367 [INFO] 
[4/14]
2026-07-13 22:29:53,368 [INFO] 🔍 beIN Sports 4 → https://atomsportv508.top/matches?id=bein-sports-4
2026-07-13 22:29:53,479 [INFO] Capturing request: https://atomsportv508.top/assets/js/clappr.js
2026-07-13 22:29:53,481 [INFO] Capturing request: https://atomsportv508.top/matches?id=bein-sports-4
2026-07-13 22:29:53,498 [INFO] Capturing response: https://atomsportv508.top/assets/js/clappr.js 200 
2026-07-13 22:29:53,526 [INFO] Capturing response: https://atomsportv508.top/matches?id=bein-sports-4 200 
2026-07-13 22:29:53,537 [INFO] Capturing request: https://atomsportv508.top/cdn-cgi/rum?
2026-07-13 22:29:53,565 [INFO] Capturing request: https://streamsport365.com/cinema
2026-07-13 22:29:53,566 [INFO] Capturing request: https://atomsportv508.top/cdn-cgi/rum?
2026-07-13 22:29:53,657 [INFO] Capturing request: https://teletv5.top/load/yayinlink.php?id=bein-sports-4
2026-07-13 22:29:53,666 [INFO] Capturing request: https://atomsportv508.top/favicon.ico
2026-07-13 22:29:53,674 [INFO] Capturing response: https://atomsportv508.top/cdn-cgi/rum? 204 
2026-07-13 22:29:53,676 [INFO] Capturing response: https://atomsportv508.top/cdn-cgi/rum? 204 
2026-07-13 22:29:53,700 [INFO] Capturing response: https://atomsportv508.top/favicon.ico 200 
2026-07-13 22:29:53,814 [INFO] Capturing response: https://teletv5.top/load/yayinlink.php?id=bein-sports-4 200 
2026-07-13 22:29:53,819 [INFO] Capturing response: https://streamsport365.com/cinema 200 
2026-07-13 22:29:53,976 [INFO] Capturing request: https://hlsssssssssssss.edaesra.workers.dev/https://corestream.macsitesi.help//bein2/tracks-v1a1/mono.m3u8
2026-07-13 22:29:54,099 [INFO] Capturing response: https://hlsssssssssssss.edaesra.workers.dev/https://corestream.macsitesi.help//bein2/tracks-v1a1/mono.m3u8 404 
2026-07-13 22:29:56,577 [INFO]   ✅ M3U8 bulundu: https://hlsssssssssssss.edaesra.workers.dev/https://corestream.macsitesi.help//bein2/tracks-v1a1/mono.m3u8
2026-07-13 22:29:57,577 [INFO] 
[5/14]
2026-07-13 22:29:57,578 [INFO] 🔍 beIN Sports 5 → https://atomsportv508.top/matches?id=bein-sports-5
2026-07-13 22:29:57,685 [INFO] Capturing request: https://atomsportv508.top/assets/js/clappr.js
2026-07-13 22:29:57,687 [INFO] Capturing request: https://atomsportv508.top/matches?id=bein-sports-5
2026-07-13 22:29:57,703 [INFO] Capturing response: https://atomsportv508.top/assets/js/clappr.js 200 
2026-07-13 22:29:57,734 [INFO] Capturing response: https://atomsportv508.top/matches?id=bein-sports-5 200 
2026-07-13 22:29:57,742 [INFO] Capturing request: https://atomsportv508.top/cdn-cgi/rum?
2026-07-13 22:29:57,768 [INFO] Capturing request: https://atomsportv508.top/cdn-cgi/rum?
2026-07-13 22:29:57,869 [INFO] Capturing request: https://teletv5.top/load/yayinlink.php?id=bein-sports-5
2026-07-13 22:29:57,871 [INFO] Capturing request: https://atomsportv508.top/favicon.ico
2026-07-13 22:29:57,877 [INFO] Capturing response: https://atomsportv508.top/cdn-cgi/rum? 204 
2026-07-13 22:29:57,879 [INFO] Capturing response: https://atomsportv508.top/cdn-cgi/rum? 204 
2026-07-13 22:29:57,901 [INFO] Capturing response: https://atomsportv508.top/favicon.ico 200 
2026-07-13 22:29:57,967 [INFO] Capturing request: https://streamsport365.com/cinema
2026-07-13 22:29:58,020 [INFO] Capturing response: https://teletv5.top/load/yayinlink.php?id=bein-sports-5 200 
2026-07-13 22:29:58,221 [INFO] Capturing response: https://streamsport365.com/cinema 200 
2026-07-13 22:29:58,339 [INFO] Capturing request: https://hlsssssssssssss.edaesra.workers.dev/https://corestream.macsitesi.help//bein2/tracks-v1a1/mono.m3u8
2026-07-13 22:29:58,488 [INFO] Capturing response: https://hlsssssssssssss.edaesra.workers.dev/https://corestream.macsitesi.help//bein2/tracks-v1a1/mono.m3u8 404 
2026-07-13 22:30:00,781 [INFO]   ✅ M3U8 bulundu: https://hlsssssssssssss.edaesra.workers.dev/https://corestream.macsitesi.help//bein2/tracks-v1a1/mono.m3u8
2026-07-13 22:30:01,781 [INFO] 
[6/14]
2026-07-13 22:30:01,781 [INFO] 🔍 beIN Sports Max 1 → https://atomsportv508.top/matches?id=bein-sports-max-1
2026-07-13 22:30:01,890 [INFO] Capturing request: https://atomsportv508.top/assets/js/clappr.js
2026-07-13 22:30:01,891 [INFO] Capturing request: https://atomsportv508.top/matches?id=bein-sports-max-1
2026-07-13 22:30:01,912 [INFO] Capturing response: https://atomsportv508.top/assets/js/clappr.js 200 
2026-07-13 22:30:01,949 [INFO] Capturing response: https://atomsportv508.top/matches?id=bein-sports-max-1 200 
2026-07-13 22:30:01,958 [INFO] Capturing request: https://atomsportv508.top/cdn-cgi/rum?
2026-07-13 22:30:01,982 [INFO] Capturing request: https://streamsport365.com/cinema
2026-07-13 22:30:01,987 [INFO] Capturing request: https://atomsportv508.top/cdn-cgi/rum?
2026-07-13 22:30:02,079 [INFO] Capturing request: https://teletv5.top/load/yayinlink.php?id=bein-sports-max-1
2026-07-13 22:30:02,087 [INFO] Capturing request: https://atomsportv508.top/favicon.ico
2026-07-13 22:30:02,095 [INFO] Capturing response: https://atomsportv508.top/cdn-cgi/rum? 204 
2026-07-13 22:30:02,097 [INFO] Capturing response: https://atomsportv508.top/cdn-cgi/rum? 204 
2026-07-13 22:30:02,119 [INFO] Capturing response: https://atomsportv508.top/favicon.ico 200 
2026-07-13 22:30:02,242 [INFO] Capturing response: https://teletv5.top/load/yayinlink.php?id=bein-sports-max-1 200 
2026-07-13 22:30:02,244 [INFO] Capturing response: https://streamsport365.com/cinema 200 
2026-07-13 22:30:02,402 [INFO] Capturing request: https://hlsssssssssssss.edaesra.workers.dev/https://corestream.macsitesi.help//trtspor/tracks-v1a1/mono.m3u8
2026-07-13 22:30:02,540 [INFO] Capturing response: https://hlsssssssssssss.edaesra.workers.dev/https://corestream.macsitesi.help//trtspor/tracks-v1a1/mono.m3u8 200 
2026-07-13 22:30:02,689 [INFO] Capturing request: https://securmar.edaesra.workers.dev/trtspor/tracks-v1a1/2026/07/13/22/29/25-10000.avif
2026-07-13 22:30:03,017 [INFO] Capturing response: https://securmar.edaesra.workers.dev/trtspor/tracks-v1a1/2026/07/13/22/29/25-10000.avif 200 
2026-07-13 22:30:03,281 [INFO] Capturing request: https://android.clients.google.com/c2dm/register3
2026-07-13 22:30:03,301 [INFO] Capturing request: https://securmar.edaesra.workers.dev/trtspor/tracks-v1a1/2026/07/13/22/29/35-10000.avif
2026-07-13 22:30:03,654 [INFO] Capturing response: https://securmar.edaesra.workers.dev/trtspor/tracks-v1a1/2026/07/13/22/29/35-10000.avif 200 
2026-07-13 22:30:03,861 [INFO] Capturing response: https://android.clients.google.com/c2dm/register3 200 
2026-07-13 22:30:03,943 [INFO] Capturing request: https://securmar.edaesra.workers.dev/trtspor/tracks-v1a1/2026/07/13/22/29/45-10000.avif
2026-07-13 22:30:04,328 [INFO] Capturing response: https://securmar.edaesra.workers.dev/trtspor/tracks-v1a1/2026/07/13/22/29/45-10000.avif 200 
2026-07-13 22:30:04,753 [INFO] Capturing request: https://android.clients.google.com/c2dm/register3
2026-07-13 22:30:05,010 [INFO]   ✅ M3U8 bulundu: https://hlsssssssssssss.edaesra.workers.dev/https://corestream.macsitesi.help//trtspor/tracks-v1a1/mono.m3u8
2026-07-13 22:30:05,589 [INFO] Capturing response: https://android.clients.google.com/c2dm/register3 200 
2026-07-13 22:30:06,011 [INFO] 
[7/14]
2026-07-13 22:30:06,011 [INFO] 🔍 beIN Sports Max 2 → https://atomsportv508.top/matches?id=bein-sports-max-2
2026-07-13 22:30:06,124 [INFO] Capturing request: https://atomsportv508.top/assets/js/clappr.js
2026-07-13 22:30:06,125 [INFO] Capturing request: https://atomsportv508.top/matches?id=bein-sports-max-2
2026-07-13 22:30:06,155 [INFO] Capturing response: https://atomsportv508.top/assets/js/clappr.js 200 
2026-07-13 22:30:06,199 [INFO] Capturing response: https://atomsportv508.top/matches?id=bein-sports-max-2 200 
2026-07-13 22:30:06,208 [INFO] Capturing request: https://atomsportv508.top/cdn-cgi/rum?
2026-07-13 22:30:06,244 [INFO] Capturing request: https://atomsportv508.top/cdn-cgi/rum?
2026-07-13 22:30:06,340 [INFO] Capturing request: https://teletv5.top/load/yayinlink.php?id=bein-sports-max-2
2026-07-13 22:30:06,344 [INFO] Capturing request: https://atomsportv508.top/favicon.ico
2026-07-13 22:30:06,346 [INFO] Capturing response: https://atomsportv508.top/cdn-cgi/rum? 204 
2026-07-13 22:30:06,384 [INFO] Capturing response: https://atomsportv508.top/favicon.ico 200 
2026-07-13 22:30:06,386 [INFO] Capturing response: https://atomsportv508.top/cdn-cgi/rum? 204 
2026-07-13 22:30:06,437 [INFO] Capturing request: https://streamsport365.com/cinema
2026-07-13 22:30:06,505 [INFO] Capturing response: https://teletv5.top/load/yayinlink.php?id=bein-sports-max-2 200 
2026-07-13 22:30:06,692 [INFO] Capturing response: https://streamsport365.com/cinema 200 
2026-07-13 22:30:06,813 [INFO] Capturing request: https://hlsssssssssssss.edaesra.workers.dev/https://corestream.macsitesi.help//trtspor/tracks-v1a1/mono.m3u8
2026-07-13 22:30:06,939 [INFO] Capturing response: https://hlsssssssssssss.edaesra.workers.dev/https://corestream.macsitesi.help//trtspor/tracks-v1a1/mono.m3u8 200 
2026-07-13 22:30:07,048 [INFO] Capturing request: https://securmar.edaesra.workers.dev/trtspor/tracks-v1a1/2026/07/13/22/29/35-10000.avif
2026-07-13 22:30:07,405 [INFO] Capturing response: https://securmar.edaesra.workers.dev/trtspor/tracks-v1a1/2026/07/13/22/29/35-10000.avif 200 
2026-07-13 22:30:07,705 [INFO] Capturing request: https://securmar.edaesra.workers.dev/trtspor/tracks-v1a1/2026/07/13/22/29/45-10000.avif
2026-07-13 22:30:07,988 [INFO] Capturing request: https://android.clients.google.com/c2dm/register3
2026-07-13 22:30:08,029 [INFO] Capturing response: https://android.clients.google.com/c2dm/register3 301 
2026-07-13 22:30:08,067 [INFO] Capturing response: https://securmar.edaesra.workers.dev/trtspor/tracks-v1a1/2026/07/13/22/29/45-10000.avif 200 
2026-07-13 22:30:08,350 [INFO] Capturing request: https://securmar.edaesra.workers.dev/trtspor/tracks-v1a1/2026/07/13/22/29/55-10000.avif
2026-07-13 22:30:08,918 [INFO] Capturing response: https://securmar.edaesra.workers.dev/trtspor/tracks-v1a1/2026/07/13/22/29/55-10000.avif 200 
2026-07-13 22:30:09,261 [INFO]   ✅ M3U8 bulundu: https://hlsssssssssssss.edaesra.workers.dev/https://corestream.macsitesi.help//trtspor/tracks-v1a1/mono.m3u8
2026-07-13 22:30:10,262 [INFO] 
[8/14]
2026-07-13 22:30:10,262 [INFO] 🔍 S Sport → https://atomsportv508.top/matches?id=s-sport
2026-07-13 22:30:10,377 [INFO] Capturing request: https://atomsportv508.top/assets/js/clappr.js
2026-07-13 22:30:10,379 [INFO] Capturing request: https://atomsportv508.top/matches?id=s-sport
2026-07-13 22:30:10,399 [INFO] Capturing response: https://atomsportv508.top/assets/js/clappr.js 200 
2026-07-13 22:30:10,632 [INFO] Capturing response: https://atomsportv508.top/matches?id=s-sport 200 
2026-07-13 22:30:10,643 [INFO] Capturing request: https://atomsportv508.top/cdn-cgi/rum?
2026-07-13 22:30:10,672 [INFO] Capturing request: https://streamsport365.com/cinema
2026-07-13 22:30:10,673 [INFO] Capturing request: https://atomsportv508.top/cdn-cgi/rum?
2026-07-13 22:30:10,752 [INFO] Capturing response: https://atomsportv508.top/cdn-cgi/rum? 204 
2026-07-13 22:30:10,772 [INFO] Capturing request: https://teletv5.top/load/yayinlink.php?id=s-sport
2026-07-13 22:30:10,772 [INFO] Capturing request: https://atomsportv508.top/favicon.ico
2026-07-13 22:30:10,804 [INFO] Capturing response: https://atomsportv508.top/favicon.ico 200 
2026-07-13 22:30:10,824 [INFO] Capturing response: https://atomsportv508.top/cdn-cgi/rum? 204 
2026-07-13 22:30:10,918 [INFO] Capturing response: https://streamsport365.com/cinema 200 
2026-07-13 22:30:10,927 [INFO] Capturing response: https://teletv5.top/load/yayinlink.php?id=s-sport 200 
2026-07-13 22:30:11,088 [INFO] Capturing request: https://hlsssssssssssss.edaesra.workers.dev/https://corestream.macsitesi.help//s-sportt/tracks-v1a1/mono.m3u8
2026-07-13 22:30:11,224 [INFO] Capturing response: https://hlsssssssssssss.edaesra.workers.dev/https://corestream.macsitesi.help//s-sportt/tracks-v1a1/mono.m3u8 404 
2026-07-13 22:30:13,681 [INFO]   ✅ M3U8 bulundu: https://hlsssssssssssss.edaesra.workers.dev/https://corestream.macsitesi.help//s-sportt/tracks-v1a1/mono.m3u8
2026-07-13 22:30:14,681 [INFO] 
[9/14]
2026-07-13 22:30:14,681 [INFO] 🔍 S Sport 2 → https://atomsportv508.top/matches?id=s-sport-2
2026-07-13 22:30:14,789 [INFO] Capturing request: https://atomsportv508.top/matches?id=s-sport-2
2026-07-13 22:30:14,826 [INFO] Capturing response: https://atomsportv508.top/matches?id=s-sport-2 200 
2026-07-13 22:30:14,835 [INFO] Capturing request: https://atomsportv508.top/cdn-cgi/rum?
2026-07-13 22:30:14,864 [INFO] Capturing request: https://atomsportv508.top/cdn-cgi/rum?
2026-07-13 22:30:14,962 [INFO] Capturing request: https://teletv5.top/load/yayinlink.php?id=s-sport-2
2026-07-13 22:30:14,966 [INFO] Capturing request: https://atomsportv508.top/favicon.ico
2026-07-13 22:30:14,973 [INFO] Capturing response: https://atomsportv508.top/cdn-cgi/rum? 204 
2026-07-13 22:30:14,974 [INFO] Capturing response: https://atomsportv508.top/cdn-cgi/rum? 204 
2026-07-13 22:30:15,001 [INFO] Capturing response: https://atomsportv508.top/favicon.ico 200 
2026-07-13 22:30:15,058 [INFO] Capturing request: https://streamsport365.com/cinema
2026-07-13 22:30:15,118 [INFO] Capturing response: https://teletv5.top/load/yayinlink.php?id=s-sport-2 200 
2026-07-13 22:30:15,304 [INFO] Capturing response: https://streamsport365.com/cinema 200 
2026-07-13 22:30:15,422 [INFO] Capturing request: https://hlsssssssssssss.edaesra.workers.dev/https://corestream.macsitesi.help//s-sport2/tracks-v1a1/mono.m3u8
2026-07-13 22:30:15,556 [INFO] Capturing response: https://hlsssssssssssss.edaesra.workers.dev/https://corestream.macsitesi.help//s-sport2/tracks-v1a1/mono.m3u8 404 
2026-07-13 22:30:17,874 [INFO]   ✅ M3U8 bulundu: https://hlsssssssssssss.edaesra.workers.dev/https://corestream.macsitesi.help//s-sport2/tracks-v1a1/mono.m3u8
2026-07-13 22:30:18,874 [INFO] 
[10/14]
2026-07-13 22:30:18,874 [INFO] 🔍 A Spor → https://atomsportv508.top/matches?id=a-spor
2026-07-13 22:30:18,982 [INFO] Capturing request: https://atomsportv508.top/matches?id=a-spor
2026-07-13 22:30:19,022 [INFO] Capturing response: https://atomsportv508.top/matches?id=a-spor 200 
2026-07-13 22:30:19,031 [INFO] Capturing request: https://atomsportv508.top/cdn-cgi/rum?
2026-07-13 22:30:19,055 [INFO] Capturing request: https://streamsport365.com/cinema
2026-07-13 22:30:19,065 [INFO] Capturing request: https://atomsportv508.top/cdn-cgi/rum?
2026-07-13 22:30:19,156 [INFO] Capturing request: https://teletv5.top/load/yayinlink.php?id=a-spor
2026-07-13 22:30:19,167 [INFO] Capturing request: https://atomsportv508.top/favicon.ico
2026-07-13 22:30:19,173 [INFO] Capturing response: https://atomsportv508.top/cdn-cgi/rum? 204 
2026-07-13 22:30:19,176 [INFO] Capturing response: https://atomsportv508.top/cdn-cgi/rum? 204 
2026-07-13 22:30:19,202 [INFO] Capturing response: https://atomsportv508.top/favicon.ico 200 
2026-07-13 22:30:19,315 [INFO] Capturing response: https://streamsport365.com/cinema 200 
2026-07-13 22:30:19,317 [INFO] Capturing response: https://teletv5.top/load/yayinlink.php?id=a-spor 200 
2026-07-13 22:30:19,476 [INFO] Capturing request: https://hlsssssssssssss.edaesra.workers.dev/https://corestream.macsitesi.help//aspor/tracks-v1a1/mono.m3u8
2026-07-13 22:30:19,611 [INFO] Capturing response: https://hlsssssssssssss.edaesra.workers.dev/https://corestream.macsitesi.help//aspor/tracks-v1a1/mono.m3u8 404 
2026-07-13 22:30:22,076 [INFO]   ✅ M3U8 bulundu: https://hlsssssssssssss.edaesra.workers.dev/https://corestream.macsitesi.help//aspor/tracks-v1a1/mono.m3u8
2026-07-13 22:30:23,076 [INFO] 
[11/14]
2026-07-13 22:30:23,076 [INFO] 🔍 Tivibu Spor 1 → https://atomsportv508.top/matches?id=tivibu-spor-1
2026-07-13 22:30:23,184 [INFO] Capturing request: https://atomsportv508.top/matches?id=tivibu-spor-1
2026-07-13 22:30:23,223 [INFO] Capturing response: https://atomsportv508.top/matches?id=tivibu-spor-1 200 
2026-07-13 22:30:23,233 [INFO] Capturing request: https://atomsportv508.top/cdn-cgi/rum?
2026-07-13 22:30:23,268 [INFO] Capturing request: https://atomsportv508.top/cdn-cgi/rum?
2026-07-13 22:30:23,360 [INFO] Capturing request: https://teletv5.top/load/yayinlink.php?id=tivibu-spor-1
2026-07-13 22:30:23,371 [INFO] Capturing request: https://atomsportv508.top/favicon.ico
2026-07-13 22:30:23,376 [INFO] Capturing response: https://atomsportv508.top/cdn-cgi/rum? 204 
2026-07-13 22:30:23,379 [INFO] Capturing response: https://atomsportv508.top/cdn-cgi/rum? 204 
2026-07-13 22:30:23,402 [INFO] Capturing response: https://atomsportv508.top/favicon.ico 200 
2026-07-13 22:30:23,458 [INFO] Capturing request: https://streamsport365.com/cinema
2026-07-13 22:30:23,522 [INFO] Capturing response: https://teletv5.top/load/yayinlink.php?id=tivibu-spor-1 200 
2026-07-13 22:30:23,708 [INFO] Capturing response: https://streamsport365.com/cinema 200 
2026-07-13 22:30:23,826 [INFO] Capturing request: https://hlsssssssssssss.edaesra.workers.dev/https://corestream.macsitesi.help//trtspor/tracks-v1a1/mono.m3u8
2026-07-13 22:30:23,976 [INFO] Capturing response: https://hlsssssssssssss.edaesra.workers.dev/https://corestream.macsitesi.help//trtspor/tracks-v1a1/mono.m3u8 200 
2026-07-13 22:30:24,084 [INFO] Capturing request: https://securmar.edaesra.workers.dev/trtspor/tracks-v1a1/2026/07/13/22/29/55-10000.avif
2026-07-13 22:30:24,451 [INFO] Capturing response: https://securmar.edaesra.workers.dev/trtspor/tracks-v1a1/2026/07/13/22/29/55-10000.avif 200 
2026-07-13 22:30:24,756 [INFO] Capturing request: https://securmar.edaesra.workers.dev/trtspor/tracks-v1a1/2026/07/13/22/30/05-10000.avif
2026-07-13 22:30:25,214 [INFO] Capturing response: https://securmar.edaesra.workers.dev/trtspor/tracks-v1a1/2026/07/13/22/30/05-10000.avif 200 
2026-07-13 22:30:25,492 [INFO] Capturing request: https://securmar.edaesra.workers.dev/trtspor/tracks-v1a1/2026/07/13/22/30/15-10000.avif
2026-07-13 22:30:25,970 [INFO] Capturing response: https://securmar.edaesra.workers.dev/trtspor/tracks-v1a1/2026/07/13/22/30/15-10000.avif 200 
2026-07-13 22:30:26,298 [INFO]   ✅ M3U8 bulundu: https://hlsssssssssssss.edaesra.workers.dev/https://corestream.macsitesi.help//trtspor/tracks-v1a1/mono.m3u8
2026-07-13 22:30:27,299 [INFO] 
[12/14]
2026-07-13 22:30:27,299 [INFO] 🔍 Tivibu Spor 2 → https://atomsportv508.top/matches?id=tivibu-spor-2
2026-07-13 22:30:27,410 [INFO] Capturing request: https://atomsportv508.top/matches?id=tivibu-spor-2
2026-07-13 22:30:27,442 [INFO] Capturing response: https://atomsportv508.top/matches?id=tivibu-spor-2 200 
2026-07-13 22:30:27,454 [INFO] Capturing request: https://atomsportv508.top/cdn-cgi/rum?
2026-07-13 22:30:27,480 [INFO] Capturing request: https://streamsport365.com/cinema
2026-07-13 22:30:27,484 [INFO] Capturing request: https://atomsportv508.top/cdn-cgi/rum?
2026-07-13 22:30:27,579 [INFO] Capturing request: https://teletv5.top/load/yayinlink.php?id=tivibu-spor-2
2026-07-13 22:30:27,589 [INFO] Capturing request: https://atomsportv508.top/favicon.ico
2026-07-13 22:30:27,593 [INFO] Capturing response: https://atomsportv508.top/cdn-cgi/rum? 204 
2026-07-13 22:30:27,596 [INFO] Capturing response: https://atomsportv508.top/cdn-cgi/rum? 204 
2026-07-13 22:30:27,632 [INFO] Capturing response: https://atomsportv508.top/favicon.ico 200 
2026-07-13 22:30:27,731 [INFO] Capturing response: https://streamsport365.com/cinema 200 
2026-07-13 22:30:27,746 [INFO] Capturing response: https://teletv5.top/load/yayinlink.php?id=tivibu-spor-2 200 
2026-07-13 22:30:27,906 [INFO] Capturing request: https://hlsssssssssssss.edaesra.workers.dev/https://corestream.macsitesi.help//trtspor/tracks-v1a1/mono.m3u8
2026-07-13 22:30:28,036 [INFO] Capturing response: https://hlsssssssssssss.edaesra.workers.dev/https://corestream.macsitesi.help//trtspor/tracks-v1a1/mono.m3u8 200 
2026-07-13 22:30:28,185 [INFO] Capturing request: https://securmar.edaesra.workers.dev/trtspor/tracks-v1a1/2026/07/13/22/29/55-10000.avif
2026-07-13 22:30:28,577 [INFO] Capturing response: https://securmar.edaesra.workers.dev/trtspor/tracks-v1a1/2026/07/13/22/29/55-10000.avif 200 
2026-07-13 22:30:28,882 [INFO] Capturing request: https://securmar.edaesra.workers.dev/trtspor/tracks-v1a1/2026/07/13/22/30/05-10000.avif
2026-07-13 22:30:29,214 [INFO] Capturing response: https://securmar.edaesra.workers.dev/trtspor/tracks-v1a1/2026/07/13/22/30/05-10000.avif 200 
2026-07-13 22:30:29,488 [INFO] Capturing request: https://securmar.edaesra.workers.dev/trtspor/tracks-v1a1/2026/07/13/22/30/15-10000.avif
2026-07-13 22:30:29,834 [INFO] Capturing response: https://securmar.edaesra.workers.dev/trtspor/tracks-v1a1/2026/07/13/22/30/15-10000.avif 200 
2026-07-13 22:30:30,505 [INFO]   ✅ M3U8 bulundu: https://hlsssssssssssss.edaesra.workers.dev/https://corestream.macsitesi.help//trtspor/tracks-v1a1/mono.m3u8
2026-07-13 22:30:31,506 [INFO] 
[13/14]
2026-07-13 22:30:31,506 [INFO] 🔍 Tivibu Spor 3 → https://atomsportv508.top/matches?id=tivibu-spor-3
2026-07-13 22:30:31,617 [INFO] Capturing request: https://atomsportv508.top/matches?id=tivibu-spor-3
2026-07-13 22:30:31,655 [INFO] Capturing response: https://atomsportv508.top/matches?id=tivibu-spor-3 200 
2026-07-13 22:30:31,665 [INFO] Capturing request: https://atomsportv508.top/cdn-cgi/rum?
2026-07-13 22:30:31,698 [INFO] Capturing request: https://atomsportv508.top/cdn-cgi/rum?
2026-07-13 22:30:31,790 [INFO] Capturing request: https://teletv5.top/load/yayinlink.php?id=tivibu-spor-3
2026-07-13 22:30:31,800 [INFO] Capturing request: https://atomsportv508.top/favicon.ico
2026-07-13 22:30:31,807 [INFO] Capturing response: https://atomsportv508.top/cdn-cgi/rum? 204 
2026-07-13 22:30:31,809 [INFO] Capturing response: https://atomsportv508.top/cdn-cgi/rum? 204 
2026-07-13 22:30:31,834 [INFO] Capturing response: https://atomsportv508.top/favicon.ico 200 
2026-07-13 22:30:31,889 [INFO] Capturing request: https://streamsport365.com/cinema
2026-07-13 22:30:31,947 [INFO] Capturing response: https://teletv5.top/load/yayinlink.php?id=tivibu-spor-3 200 
2026-07-13 22:30:32,132 [INFO] Capturing response: https://streamsport365.com/cinema 200 
2026-07-13 22:30:32,251 [INFO] Capturing request: https://hlsssssssssssss.edaesra.workers.dev/https://corestream.macsitesi.help//trtspor/tracks-v1a1/mono.m3u8
2026-07-13 22:30:32,373 [INFO] Capturing response: https://hlsssssssssssss.edaesra.workers.dev/https://corestream.macsitesi.help//trtspor/tracks-v1a1/mono.m3u8 200 
2026-07-13 22:30:32,482 [INFO] Capturing request: https://securmar.edaesra.workers.dev/trtspor/tracks-v1a1/2026/07/13/22/29/55-10000.avif
2026-07-13 22:30:32,847 [INFO] Capturing response: https://securmar.edaesra.workers.dev/trtspor/tracks-v1a1/2026/07/13/22/29/55-10000.avif 200 
2026-07-13 22:30:33,166 [INFO] Capturing request: https://securmar.edaesra.workers.dev/trtspor/tracks-v1a1/2026/07/13/22/30/05-10000.avif
2026-07-13 22:30:33,477 [INFO] Capturing response: https://securmar.edaesra.workers.dev/trtspor/tracks-v1a1/2026/07/13/22/30/05-10000.avif 200 
2026-07-13 22:30:33,743 [INFO] Capturing request: https://securmar.edaesra.workers.dev/trtspor/tracks-v1a1/2026/07/13/22/30/15-10000.avif
2026-07-13 22:30:34,097 [INFO] Capturing response: https://securmar.edaesra.workers.dev/trtspor/tracks-v1a1/2026/07/13/22/30/15-10000.avif 200 
2026-07-13 22:30:34,718 [INFO]   ✅ M3U8 bulundu: https://hlsssssssssssss.edaesra.workers.dev/https://corestream.macsitesi.help//trtspor/tracks-v1a1/mono.m3u8
2026-07-13 22:30:35,719 [INFO] 
[14/14]
2026-07-13 22:30:35,719 [INFO] 🔍 Tivibu Spor 4 → https://atomsportv508.top/matches?id=tivibu-spor-4
2026-07-13 22:30:35,830 [INFO] Capturing request: https://atomsportv508.top/matches?id=tivibu-spor-4
2026-07-13 22:30:35,872 [INFO] Capturing response: https://atomsportv508.top/matches?id=tivibu-spor-4 200 
2026-07-13 22:30:35,884 [INFO] Capturing request: https://atomsportv508.top/cdn-cgi/rum?
2026-07-13 22:30:35,908 [INFO] Capturing request: https://streamsport365.com/cinema
2026-07-13 22:30:35,917 [INFO] Capturing request: https://atomsportv508.top/cdn-cgi/rum?
2026-07-13 22:30:36,008 [INFO] Capturing request: https://teletv5.top/load/yayinlink.php?id=tivibu-spor-4
2026-07-13 22:30:36,018 [INFO] Capturing request: https://atomsportv508.top/favicon.ico
2026-07-13 22:30:36,021 [INFO] Capturing response: https://atomsportv508.top/cdn-cgi/rum? 204 
2026-07-13 22:30:36,062 [INFO] Capturing response: https://atomsportv508.top/favicon.ico 200 
2026-07-13 22:30:36,066 [INFO] Capturing response: https://atomsportv508.top/cdn-cgi/rum? 204 
2026-07-13 22:30:36,162 [INFO] Capturing response: https://streamsport365.com/cinema 200 
2026-07-13 22:30:36,173 [INFO] Capturing response: https://teletv5.top/load/yayinlink.php?id=tivibu-spor-4 200 
2026-07-13 22:30:39,982 [INFO] Capturing request: https://update.googleapis.com/service/update2/json?cup2key=16:If4kp3QExkt-y1vXppAOSut3B8-vznlz--4qN-AG2E4&cup2hreq=111ecc1530e9d4c3e64db8f7f7166ef0eee5b0a1f22d222ec622277e0215edb1
2026-07-13 22:30:40,010 [INFO] Capturing response: https://update.googleapis.com/service/update2/json?cup2key=16:If4kp3QExkt-y1vXppAOSut3B8-vznlz--4qN-AG2E4&cup2hreq=111ecc1530e9d4c3e64db8f7f7166ef0eee5b0a1f22d222ec622277e0215edb1 200 
2026-07-13 22:30:40,016 [INFO] Capturing request: http://edgedl.me.gvt1.com/edgedl/diffgen-puffin/gcmjkmgdlgnkkcocmoeiminaijmmjnii/df2a22d5ecc7788c3330ebd5f856b41531c74f412a01ed7453d11284708009fe
2026-07-13 22:30:40,029 [INFO] Capturing response: http://edgedl.me.gvt1.com/edgedl/diffgen-puffin/gcmjkmgdlgnkkcocmoeiminaijmmjnii/df2a22d5ecc7788c3330ebd5f856b41531c74f412a01ed7453d11284708009fe 200 OK
2026-07-13 22:30:40,054 [INFO] Capturing request: https://update.googleapis.com/service/update2/json
2026-07-13 22:30:40,078 [INFO] Capturing response: https://update.googleapis.com/service/update2/json 200 
2026-07-13 22:30:40,123 [INFO] Capturing request: http://edgedl.me.gvt1.com/edgedl/release2/chrome_component/iyz3hm2svthpkiskhtc7qbckby_10646/hfnkpimlhhgieaddgfemjhofmfblmnib_10646_all_gr46sq7gv3373fxwptsrsueuje.crx3
2026-07-13 22:30:40,141 [INFO] Capturing response: http://edgedl.me.gvt1.com/edgedl/release2/chrome_component/iyz3hm2svthpkiskhtc7qbckby_10646/hfnkpimlhhgieaddgfemjhofmfblmnib_10646_all_gr46sq7gv3373fxwptsrsueuje.crx3 200 OK
2026-07-13 22:30:40,170 [INFO] Capturing request: https://update.googleapis.com/service/update2/json
2026-07-13 22:30:40,193 [INFO] Capturing response: https://update.googleapis.com/service/update2/json 200 
2026-07-13 22:31:02,207 [INFO] Capturing request: https://android.clients.google.com/c2dm/register3
2026-07-13 22:31:02,250 [INFO] Capturing response: https://android.clients.google.com/c2dm/register3 301 
2026-07-13 22:31:09,208 [WARNING]   ❌ Tivibu Spor 4 için M3U8 bulunamadı
2026-07-13 22:31:10,273 [INFO] ✅ 13 kanal bulundu, playlist.m3u kaydedildi
