2026-04-24 14:01:31,079 [INFO] 🔎 Domain aralığı taranıyor: atomsportv490.top - atomsportv520.top
2026-04-24 14:01:34,110 [INFO]   ✅ Aktif domain bulundu: https://atomsportv499.top
2026-04-24 14:01:34,111 [INFO] 🌐 Kullanılan BASE_URL: https://atomsportv499.top
2026-04-24 14:01:34,891 [INFO] ✅ SeleniumWire aktif
2026-04-24 14:01:34,893 [INFO] =======================================================
2026-04-24 14:01:34,893 [INFO]    M3U8 Scraper
2026-04-24 14:01:34,893 [INFO]    Base URL : https://atomsportv499.top
2026-04-24 14:01:34,893 [INFO]    Toplam   : 13 sayfa
2026-04-24 14:01:34,893 [INFO] =======================================================
2026-04-24 14:01:34,893 [INFO] 🔧 Driver başlatılıyor...
2026-04-24 14:01:35,641 [INFO] ✅ Driver başlatıldı
2026-04-24 14:01:35,641 [INFO] 
[1/13]
2026-04-24 14:01:35,641 [INFO] 
──────────────────────────────────────────────────
2026-04-24 14:01:35,641 [INFO] 🔍 beIN Sports 1 → https://atomsportv499.top/matches?id=bein-sports-1
2026-04-24 14:01:35,641 [INFO] ──────────────────────────────────────────────────
2026-04-24 14:02:07,721 [INFO]   📡 M3U8 bekleniyor (max 8s)...
2026-04-24 14:02:07,723 [INFO]   🎯 DOĞRU kanal bulundu: https://hlsssssss.neymardacorona.workers.dev/https://corestream.ronaldovurdu.help//hls/bein-sports-11.m3u8
2026-04-24 14:02:07,723 [INFO]   ✅ beIN Sports 1: https://hlsssssss.neymardacorona.workers.dev/https://corestream.ronaldovurdu.help//hls/bein-sports-11.m3u8
2026-04-24 14:02:08,723 [INFO] 
[2/13]
2026-04-24 14:02:08,723 [INFO] 
──────────────────────────────────────────────────
2026-04-24 14:02:08,723 [INFO] 🔍 beIN Sports 2 → https://atomsportv499.top/matches?id=bein-sports-2
2026-04-24 14:02:08,724 [INFO] ──────────────────────────────────────────────────
2026-04-24 14:02:40,801 [INFO]   📡 M3U8 bekleniyor (max 8s)...
2026-04-24 14:02:40,846 [INFO]   🎯 DOĞRU kanal bulundu: https://hlsssssss.neymardacorona.workers.dev/https://corestream.ronaldovurdu.help//hls/bein-sports-2.m3u8
2026-04-24 14:02:40,847 [INFO]   ✅ beIN Sports 2: https://hlsssssss.neymardacorona.workers.dev/https://corestream.ronaldovurdu.help//hls/bein-sports-2.m3u8
2026-04-24 14:02:41,847 [INFO] 
[3/13]
2026-04-24 14:02:41,847 [INFO] 
──────────────────────────────────────────────────
2026-04-24 14:02:41,847 [INFO] 🔍 beIN Sports 3 → https://atomsportv499.top/matches?id=bein-sports-3
2026-04-24 14:02:41,847 [INFO] ──────────────────────────────────────────────────
2026-04-24 14:03:14,000 [INFO]   📡 M3U8 bekleniyor (max 8s)...
2026-04-24 14:03:14,009 [INFO]   🎯 DOĞRU kanal bulundu: https://hlsssssss.neymardacorona.workers.dev/https://corestream.ronaldovurdu.help//hls/bein-sports-3.m3u8
2026-04-24 14:03:14,010 [INFO]   ✅ beIN Sports 3: https://hlsssssss.neymardacorona.workers.dev/https://corestream.ronaldovurdu.help//hls/bein-sports-3.m3u8
2026-04-24 14:03:15,010 [INFO] 
[4/13]
2026-04-24 14:03:15,010 [INFO] 
──────────────────────────────────────────────────
2026-04-24 14:03:15,010 [INFO] 🔍 beIN Sports 4 → https://atomsportv499.top/matches?id=bein-sports-4
2026-04-24 14:03:15,010 [INFO] ──────────────────────────────────────────────────
2026-04-24 14:03:46,899 [INFO]   📡 M3U8 bekleniyor (max 8s)...
2026-04-24 14:03:46,907 [INFO]   🎯 DOĞRU kanal bulundu: https://hlsssssss.neymardacorona.workers.dev/https://corestream.ronaldovurdu.help//hls/bein-sports-4.m3u8
2026-04-24 14:03:46,908 [INFO]   ✅ beIN Sports 4: https://hlsssssss.neymardacorona.workers.dev/https://corestream.ronaldovurdu.help//hls/bein-sports-4.m3u8
2026-04-24 14:03:47,908 [INFO] 
[5/13]
2026-04-24 14:03:47,908 [INFO] 
──────────────────────────────────────────────────
2026-04-24 14:03:47,908 [INFO] 🔍 beIN Sports 5 → https://atomsportv499.top/matches?id=bein-sports-5
2026-04-24 14:03:47,908 [INFO] ──────────────────────────────────────────────────
2026-04-24 14:04:19,769 [INFO]   📡 M3U8 bekleniyor (max 8s)...
2026-04-24 14:04:19,771 [INFO]   🎯 DOĞRU kanal bulundu: https://hlsssssss.neymardacorona.workers.dev/https://corestream.ronaldovurdu.help//hls/bein-sports-5.m3u8
2026-04-24 14:04:19,771 [INFO]   ✅ beIN Sports 5: https://hlsssssss.neymardacorona.workers.dev/https://corestream.ronaldovurdu.help//hls/bein-sports-5.m3u8
2026-04-24 14:04:20,771 [INFO] 
[6/13]
2026-04-24 14:04:20,771 [INFO] 
──────────────────────────────────────────────────
2026-04-24 14:04:20,771 [INFO] 🔍 beIN Sports Max 1 → https://atomsportv499.top/matches?id=bein-sports-max-1
2026-04-24 14:04:20,771 [INFO] ──────────────────────────────────────────────────
2026-04-24 14:04:52,629 [INFO]   📡 M3U8 bekleniyor (max 8s)...
2026-04-24 14:04:52,639 [INFO]   🎯 DOĞRU kanal bulundu: https://hlsssssss.neymardacorona.workers.dev/https://corestream.ronaldovurdu.help//hls/bein-sports-max-1.m3u8
2026-04-24 14:04:52,640 [INFO]   ✅ beIN Sports Max 1: https://hlsssssss.neymardacorona.workers.dev/https://corestream.ronaldovurdu.help//hls/bein-sports-max-1.m3u8
2026-04-24 14:04:53,640 [INFO] 
[7/13]
2026-04-24 14:04:53,640 [INFO] 
──────────────────────────────────────────────────
2026-04-24 14:04:53,640 [INFO] 🔍 beIN Sports Max 2 → https://atomsportv499.top/matches?id=bein-sports-max-2
2026-04-24 14:04:53,640 [INFO] ──────────────────────────────────────────────────
2026-04-24 14:05:25,501 [INFO]   📡 M3U8 bekleniyor (max 8s)...
2026-04-24 14:05:25,518 [INFO]   🎯 DOĞRU kanal bulundu: https://hlsssssss.neymardacorona.workers.dev/https://corestream.ronaldovurdu.help//hls/bein-sports-max-2.m3u8
2026-04-24 14:05:25,519 [INFO]   ✅ beIN Sports Max 2: https://hlsssssss.neymardacorona.workers.dev/https://corestream.ronaldovurdu.help//hls/bein-sports-max-2.m3u8
2026-04-24 14:05:26,519 [INFO] 
[8/13]
2026-04-24 14:05:26,519 [INFO] 
──────────────────────────────────────────────────
2026-04-24 14:05:26,519 [INFO] 🔍 S Sport → https://atomsportv499.top/matches?id=s-sport
2026-04-24 14:05:26,519 [INFO] ──────────────────────────────────────────────────
2026-04-24 14:05:58,380 [INFO]   📡 M3U8 bekleniyor (max 8s)...
2026-04-24 14:05:58,382 [INFO]   🎯 DOĞRU kanal bulundu: https://hlsssssss.neymardacorona.workers.dev/https://corestream.ronaldovurdu.help//hls/s-sport.m3u8
2026-04-24 14:05:58,382 [INFO]   ✅ S Sport: https://hlsssssss.neymardacorona.workers.dev/https://corestream.ronaldovurdu.help//hls/s-sport.m3u8
2026-04-24 14:05:59,382 [INFO] 
[9/13]
2026-04-24 14:05:59,382 [INFO] 
──────────────────────────────────────────────────
2026-04-24 14:05:59,382 [INFO] 🔍 S Sport 2 → https://atomsportv499.top/matches?id=s-sport-2
2026-04-24 14:05:59,382 [INFO] ──────────────────────────────────────────────────
2026-04-24 14:06:31,303 [INFO]   📡 M3U8 bekleniyor (max 8s)...
2026-04-24 14:06:31,315 [INFO]   🎯 DOĞRU kanal bulundu: https://hlsssssss.neymardacorona.workers.dev/https://corestream.ronaldovurdu.help//hls/s-sport-2.m3u8
2026-04-24 14:06:31,316 [INFO]   ✅ S Sport 2: https://hlsssssss.neymardacorona.workers.dev/https://corestream.ronaldovurdu.help//hls/s-sport-2.m3u8
2026-04-24 14:06:32,316 [INFO] 
[10/13]
2026-04-24 14:06:32,316 [INFO] 
──────────────────────────────────────────────────
2026-04-24 14:06:32,316 [INFO] 🔍 Tivibu Spor 1 → https://atomsportv499.top/matches?id=tivibu-spor-1
2026-04-24 14:06:32,316 [INFO] ──────────────────────────────────────────────────
2026-04-24 14:07:04,174 [INFO]   📡 M3U8 bekleniyor (max 8s)...
2026-04-24 14:07:12,193 [INFO]   ❌ Tivibu Spor 1: M3U8 bulunamadı
2026-04-24 14:07:13,193 [INFO] 
[11/13]
2026-04-24 14:07:13,193 [INFO] 
──────────────────────────────────────────────────
2026-04-24 14:07:13,193 [INFO] 🔍 Tivibu Spor 2 → https://atomsportv499.top/matches?id=tivibu-spor-2
2026-04-24 14:07:13,193 [INFO] ──────────────────────────────────────────────────
2026-04-24 14:07:45,189 [INFO]   📡 M3U8 bekleniyor (max 8s)...
2026-04-24 14:07:53,199 [INFO]   ❌ Tivibu Spor 2: M3U8 bulunamadı
2026-04-24 14:07:54,199 [INFO] 
[12/13]
2026-04-24 14:07:54,199 [INFO] 
──────────────────────────────────────────────────
2026-04-24 14:07:54,199 [INFO] 🔍 Tivibu Spor 3 → https://atomsportv499.top/matches?id=tivibu-spor-3
2026-04-24 14:07:54,199 [INFO] ──────────────────────────────────────────────────
2026-04-24 14:08:26,064 [INFO]   📡 M3U8 bekleniyor (max 8s)...
2026-04-24 14:08:34,076 [INFO]   ❌ Tivibu Spor 3: M3U8 bulunamadı
2026-04-24 14:08:35,076 [INFO] 
[13/13]
2026-04-24 14:08:35,076 [INFO] 
──────────────────────────────────────────────────
2026-04-24 14:08:35,076 [INFO] 🔍 Tivibu Spor 4 → https://atomsportv499.top/matches?id=tivibu-spor-4
2026-04-24 14:08:35,077 [INFO] ──────────────────────────────────────────────────
2026-04-24 14:09:06,909 [INFO]   📡 M3U8 bekleniyor (max 8s)...
2026-04-24 14:09:14,919 [INFO]   ❌ Tivibu Spor 4: M3U8 bulunamadı
2026-04-24 14:09:15,978 [INFO] 🔒 Driver kapatıldı
2026-04-24 14:09:15,978 [INFO] 
=======================================================
2026-04-24 14:09:15,978 [INFO] 🏁 Tamamlandı!
2026-04-24 14:09:15,978 [INFO] 📺 Kanal : 9/13
2026-04-24 14:09:15,978 [INFO] ⏱️  Süre  : 461.1s
2026-04-24 14:09:15,978 [INFO] =======================================================
2026-04-24 14:09:15,978 [INFO] ✅ playlist.m3u kaydedildi
2026-04-24 14:09:15,979 [INFO] ✅ stats.json kaydedildi
