2026-05-23 14:10:12,312 [INFO] 🔎 Domain aralığı taranıyor: atomsportv503.top - atomsportv535.top
2026-05-23 14:10:13,502 [INFO]   ✅ Aktif domain bulundu: https://atomsportv503.top
2026-05-23 14:10:13,502 [INFO] 🌐 Kullanılan BASE_URL: https://atomsportv503.top
2026-05-23 14:10:13,503 [INFO] 🔗 Proxy Prefix: https://ronaldo.magnitude.workers.dev/?url=
2026-05-23 14:10:14,260 [INFO] ✅ SeleniumWire aktif
2026-05-23 14:10:14,261 [INFO] =======================================================
2026-05-23 14:10:14,261 [INFO]    M3U8 Scraper
2026-05-23 14:10:14,261 [INFO]    Base URL    : https://atomsportv503.top
2026-05-23 14:10:14,261 [INFO]    Proxy Prefix: https://ronaldo.magnitude.workers.dev/?url=
2026-05-23 14:10:14,261 [INFO]    Toplam      : 13 sayfa
2026-05-23 14:10:14,261 [INFO] =======================================================
2026-05-23 14:10:14,261 [INFO] 🔧 Driver başlatılıyor...
2026-05-23 14:10:14,902 [INFO] ✅ Driver başlatıldı
2026-05-23 14:10:14,902 [INFO] 
[1/13]
2026-05-23 14:10:14,902 [INFO] 
──────────────────────────────────────────────────
2026-05-23 14:10:14,902 [INFO] 🔍 beIN Sports 1 → https://atomsportv503.top/matches?id=bein-sports-1
2026-05-23 14:10:14,902 [INFO] ──────────────────────────────────────────────────
2026-05-23 14:10:47,073 [INFO]   📡 M3U8 bekleniyor (max 8s)...
2026-05-23 14:10:55,097 [INFO]   ❌ beIN Sports 1: M3U8 bulunamadı
2026-05-23 14:10:56,098 [INFO] 
[2/13]
2026-05-23 14:10:56,098 [INFO] 
──────────────────────────────────────────────────
2026-05-23 14:10:56,098 [INFO] 🔍 beIN Sports 2 → https://atomsportv503.top/matches?id=bein-sports-2
2026-05-23 14:10:56,098 [INFO] ──────────────────────────────────────────────────
2026-05-23 14:11:28,223 [INFO]   📡 M3U8 bekleniyor (max 8s)...
2026-05-23 14:11:36,271 [INFO]   ❌ beIN Sports 2: M3U8 bulunamadı
2026-05-23 14:11:37,271 [INFO] 
[3/13]
2026-05-23 14:11:37,272 [INFO] 
──────────────────────────────────────────────────
2026-05-23 14:11:37,272 [INFO] 🔍 beIN Sports 3 → https://atomsportv503.top/matches?id=bein-sports-3
2026-05-23 14:11:37,272 [INFO] ──────────────────────────────────────────────────
2026-05-23 14:12:08,995 [INFO]   📡 M3U8 bekleniyor (max 8s)...
2026-05-23 14:12:17,004 [INFO]   ❌ beIN Sports 3: M3U8 bulunamadı
2026-05-23 14:12:18,004 [INFO] 
[4/13]
2026-05-23 14:12:18,004 [INFO] 
──────────────────────────────────────────────────
2026-05-23 14:12:18,004 [INFO] 🔍 beIN Sports 4 → https://atomsportv503.top/matches?id=bein-sports-4
2026-05-23 14:12:18,004 [INFO] ──────────────────────────────────────────────────
2026-05-23 14:12:49,721 [INFO]   📡 M3U8 bekleniyor (max 8s)...
2026-05-23 14:12:57,729 [INFO]   ❌ beIN Sports 4: M3U8 bulunamadı
2026-05-23 14:12:58,729 [INFO] 
[5/13]
2026-05-23 14:12:58,729 [INFO] 
──────────────────────────────────────────────────
2026-05-23 14:12:58,729 [INFO] 🔍 beIN Sports 5 → https://atomsportv503.top/matches?id=bein-sports-5
2026-05-23 14:12:58,729 [INFO] ──────────────────────────────────────────────────
2026-05-23 14:13:30,434 [INFO]   📡 M3U8 bekleniyor (max 8s)...
2026-05-23 14:13:38,442 [INFO]   ❌ beIN Sports 5: M3U8 bulunamadı
2026-05-23 14:13:39,442 [INFO] 
[6/13]
2026-05-23 14:13:39,442 [INFO] 
──────────────────────────────────────────────────
2026-05-23 14:13:39,442 [INFO] 🔍 beIN Sports Max 1 → https://atomsportv503.top/matches?id=bein-sports-max-1
2026-05-23 14:13:39,443 [INFO] ──────────────────────────────────────────────────
2026-05-23 14:14:11,262 [INFO]   📡 M3U8 bekleniyor (max 8s)...
2026-05-23 14:14:19,269 [INFO]   ❌ beIN Sports Max 1: M3U8 bulunamadı
2026-05-23 14:14:20,269 [INFO] 
[7/13]
2026-05-23 14:14:20,269 [INFO] 
──────────────────────────────────────────────────
2026-05-23 14:14:20,269 [INFO] 🔍 beIN Sports Max 2 → https://atomsportv503.top/matches?id=bein-sports-max-2
2026-05-23 14:14:20,269 [INFO] ──────────────────────────────────────────────────
2026-05-23 14:14:51,961 [INFO]   📡 M3U8 bekleniyor (max 8s)...
2026-05-23 14:14:59,967 [INFO]   ❌ beIN Sports Max 2: M3U8 bulunamadı
2026-05-23 14:15:00,968 [INFO] 
[8/13]
2026-05-23 14:15:00,968 [INFO] 
──────────────────────────────────────────────────
2026-05-23 14:15:00,968 [INFO] 🔍 S Sport → https://atomsportv503.top/matches?id=s-sport
2026-05-23 14:15:00,968 [INFO] ──────────────────────────────────────────────────
2026-05-23 14:15:32,678 [INFO]   📡 M3U8 bekleniyor (max 8s)...
2026-05-23 14:15:32,683 [INFO]   🎯 DOĞRU kanal bulundu: https://young-surf-88a9.halitumutseler.workers.dev/https://corestream.ronaldovurdu.help//s-sportt/tracks-v1a1/mono.m3u8
2026-05-23 14:15:32,683 [INFO]   ✅ S Sport: https://young-surf-88a9.halitumutseler.workers.dev/https://corestream.ronaldovurdu.help//s-sportt/tracks-v1a1/mono.m3u8
2026-05-23 14:15:33,683 [INFO] 
[9/13]
2026-05-23 14:15:33,683 [INFO] 
──────────────────────────────────────────────────
2026-05-23 14:15:33,683 [INFO] 🔍 S Sport 2 → https://atomsportv503.top/matches?id=s-sport-2
2026-05-23 14:15:33,683 [INFO] ──────────────────────────────────────────────────
2026-05-23 14:16:05,428 [INFO]   📡 M3U8 bekleniyor (max 8s)...
2026-05-23 14:16:13,483 [INFO]   ❌ S Sport 2: M3U8 bulunamadı
2026-05-23 14:16:14,483 [INFO] 
[10/13]
2026-05-23 14:16:14,483 [INFO] 
──────────────────────────────────────────────────
2026-05-23 14:16:14,483 [INFO] 🔍 Tivibu Spor 1 → https://atomsportv503.top/matches?id=tivibu-spor-1
2026-05-23 14:16:14,483 [INFO] ──────────────────────────────────────────────────
2026-05-23 14:16:46,209 [INFO]   📡 M3U8 bekleniyor (max 8s)...
2026-05-23 14:16:54,217 [INFO]   ❌ Tivibu Spor 1: M3U8 bulunamadı
2026-05-23 14:16:55,217 [INFO] 
[11/13]
2026-05-23 14:16:55,217 [INFO] 
──────────────────────────────────────────────────
2026-05-23 14:16:55,217 [INFO] 🔍 Tivibu Spor 2 → https://atomsportv503.top/matches?id=tivibu-spor-2
2026-05-23 14:16:55,217 [INFO] ──────────────────────────────────────────────────
2026-05-23 14:17:26,945 [INFO]   📡 M3U8 bekleniyor (max 8s)...
2026-05-23 14:17:34,955 [INFO]   ❌ Tivibu Spor 2: M3U8 bulunamadı
2026-05-23 14:17:35,955 [INFO] 
[12/13]
2026-05-23 14:17:35,955 [INFO] 
──────────────────────────────────────────────────
2026-05-23 14:17:35,955 [INFO] 🔍 Tivibu Spor 3 → https://atomsportv503.top/matches?id=tivibu-spor-3
2026-05-23 14:17:35,955 [INFO] ──────────────────────────────────────────────────
2026-05-23 14:18:07,682 [INFO]   📡 M3U8 bekleniyor (max 8s)...
2026-05-23 14:18:15,690 [INFO]   ❌ Tivibu Spor 3: M3U8 bulunamadı
2026-05-23 14:18:16,690 [INFO] 
[13/13]
2026-05-23 14:18:16,690 [INFO] 
──────────────────────────────────────────────────
2026-05-23 14:18:16,690 [INFO] 🔍 Tivibu Spor 4 → https://atomsportv503.top/matches?id=tivibu-spor-4
2026-05-23 14:18:16,690 [INFO] ──────────────────────────────────────────────────
2026-05-23 14:18:48,423 [INFO]   📡 M3U8 bekleniyor (max 8s)...
2026-05-23 14:18:56,433 [INFO]   ❌ Tivibu Spor 4: M3U8 bulunamadı
2026-05-23 14:18:57,489 [INFO] 🔒 Driver kapatıldı
2026-05-23 14:18:57,489 [INFO] 
=======================================================
2026-05-23 14:18:57,489 [INFO] 🏁 Tamamlandı!
2026-05-23 14:18:57,489 [INFO] 📺 Kanal : 1/13
2026-05-23 14:18:57,489 [INFO] ⏱️  Süre  : 523.2s
2026-05-23 14:18:57,489 [INFO] =======================================================
2026-05-23 14:18:57,489 [INFO] ✅ playlist.m3u kaydedildi (proxy prefix'li)
2026-05-23 14:18:57,489 [INFO] ✅ stats.json kaydedildi
