2026-07-14 20:13:29,411 [INFO] 🌐 BASE_URL: https://atomsportv510.top
2026-07-14 20:13:30,318 [INFO] Başlanıyor... 14 kanal taranacak
2026-07-14 20:13:30,318 [INFO] Using default request storage
2026-07-14 20:13:30,323 [INFO] Created proxy listening on 127.0.0.1:44399
2026-07-14 20:13:31,035 [INFO] Capturing request: http://clients2.google.com/time/1/current?cup2key=10:HTiIgZ0zta9RE200AMvZ3X8adPbGv4ewvMEe2ycvUq4&cup2hreq=e3b0c44298fc1c149afbf4c8996fb92427ae41e4649b934ca495991b7852b855
2026-07-14 20:13:31,112 [INFO] Capturing response: http://clients2.google.com/time/1/current?cup2key=10:HTiIgZ0zta9RE200AMvZ3X8adPbGv4ewvMEe2ycvUq4&cup2hreq=e3b0c44298fc1c149afbf4c8996fb92427ae41e4649b934ca495991b7852b855 200 OK
2026-07-14 20:13:31,270 [INFO] 
[1/14]
2026-07-14 20:13:31,270 [INFO] 🔍 beIN Sports 1 → https://atomsportv510.top/matches?id=bein-sports-1
2026-07-14 20:13:31,388 [INFO] Capturing request: https://update.googleapis.com/service/update2/json?cup2key=16:LuRYiIOHwHRUxzfSi3v1zqPP7ceiYt-ROIB9yoxNbro&cup2hreq=08dc05ef7789cefd5ea73c4c7fcaca350dcecb320de33a6b094f0f937075da89
2026-07-14 20:13:31,391 [INFO] Capturing request: https://accounts.google.com/ListAccounts?gpsia=1&source=ChromiumBrowser&json=standard&laf=b64bin
2026-07-14 20:13:31,467 [INFO] Capturing response: https://accounts.google.com/ListAccounts?gpsia=1&source=ChromiumBrowser&json=standard&laf=b64bin 200 
2026-07-14 20:13:31,472 [INFO] Capturing response: https://update.googleapis.com/service/update2/json?cup2key=16:LuRYiIOHwHRUxzfSi3v1zqPP7ceiYt-ROIB9yoxNbro&cup2hreq=08dc05ef7789cefd5ea73c4c7fcaca350dcecb320de33a6b094f0f937075da89 200 
2026-07-14 20:13:31,493 [INFO] Capturing request: https://atomsportv510.top/matches?id=bein-sports-1
2026-07-14 20:13:31,521 [INFO] Capturing request: https://update.googleapis.com/service/update2/json?cup2key=16:2FghdPitM4J_XbPfIZQFX5InI0uhbaKAg9Q9ydCql_M&cup2hreq=48edf38d14e9675c4dbe7ea4701d6275fced84b66191ca67d5a2fcbc7fdfed32
2026-07-14 20:13:31,572 [INFO] Capturing response: https://atomsportv510.top/matches?id=bein-sports-1 200 
2026-07-14 20:13:31,586 [INFO] Capturing response: https://update.googleapis.com/service/update2/json?cup2key=16:2FghdPitM4J_XbPfIZQFX5InI0uhbaKAg9Q9ydCql_M&cup2hreq=48edf38d14e9675c4dbe7ea4701d6275fced84b66191ca67d5a2fcbc7fdfed32 200 
2026-07-14 20:13:31,734 [INFO] Capturing request: https://atomsportv510.top/assets/js/clappr.js
2026-07-14 20:13:31,775 [INFO] Capturing response: https://atomsportv510.top/assets/js/clappr.js 200 
2026-07-14 20:13:31,811 [INFO] Capturing request: https://www.google.com/async/folae?async=_fmt:pb&udm=50&client_locale=en-US&client_country=ZZ
2026-07-14 20:13:31,815 [INFO] Capturing request: https://cdnjs.cloudflare.com/ajax/libs/jquery/3.2.1/jquery.min.js
2026-07-14 20:13:31,822 [INFO] Capturing request: https://cdn.jsdelivr.net/npm/@clappr/player@latest/dist/clappr.min.js
2026-07-14 20:13:31,858 [INFO] Capturing response: https://www.google.com/async/folae?async=_fmt:pb&udm=50&client_locale=en-US&client_country=ZZ 200 
2026-07-14 20:13:31,861 [INFO] Capturing response: https://cdnjs.cloudflare.com/ajax/libs/jquery/3.2.1/jquery.min.js 200 
2026-07-14 20:13:31,903 [INFO] Capturing response: https://cdn.jsdelivr.net/npm/@clappr/player@latest/dist/clappr.min.js 200 
2026-07-14 20:13:32,102 [INFO] Capturing request: https://atomsportv510.top/favicon.ico
2026-07-14 20:13:32,192 [INFO] Capturing response: https://atomsportv510.top/favicon.ico 200 
2026-07-14 20:13:32,224 [INFO] Capturing request: https://teletv5.top/load/yayinlink.php?id=bein-sports-1
2026-07-14 20:13:32,596 [INFO] Capturing response: https://teletv5.top/load/yayinlink.php?id=bein-sports-1 200 
2026-07-14 20:13:32,685 [INFO] Capturing request: https://streamsport365.com/cinema
2026-07-14 20:13:32,980 [INFO] Capturing response: https://streamsport365.com/cinema 200 
2026-07-14 20:13:33,115 [INFO] Capturing request: https://atomsportv510.top/assets/img/player_logo_6880e4e4c52ee.png
2026-07-14 20:13:33,187 [INFO] Capturing response: https://atomsportv510.top/assets/img/player_logo_6880e4e4c52ee.png 200 
2026-07-14 20:13:33,230 [INFO] Capturing request: https://hlsssssssssssss.edaesra.workers.dev/https://corestream.macsitesi.help//trtspor/tracks-v1a1/mono.m3u8
2026-07-14 20:13:33,400 [INFO] Capturing response: https://hlsssssssssssss.edaesra.workers.dev/https://corestream.macsitesi.help//trtspor/tracks-v1a1/mono.m3u8 200 
2026-07-14 20:13:33,641 [INFO] Capturing request: https://securmar.edaesra.workers.dev/trtspor/tracks-v1a1/2026/07/14/20/12/56-10000.avif
2026-07-14 20:13:33,898 [INFO] Capturing request: https://android.clients.google.com/checkin
2026-07-14 20:13:34,007 [INFO] Capturing response: https://android.clients.google.com/checkin 200 
2026-07-14 20:13:34,058 [INFO] Capturing request: https://android.clients.google.com/c2dm/register3
2026-07-14 20:13:34,064 [INFO] Capturing request: https://android.clients.google.com/c2dm/register3
2026-07-14 20:13:34,066 [INFO] Capturing request: https://android.clients.google.com/c2dm/register3
2026-07-14 20:13:34,170 [INFO] Capturing response: https://android.clients.google.com/c2dm/register3 200 
2026-07-14 20:13:34,802 [INFO] Capturing response: https://securmar.edaesra.workers.dev/trtspor/tracks-v1a1/2026/07/14/20/12/56-10000.avif 200 
2026-07-14 20:13:34,925 [INFO] Capturing response: https://android.clients.google.com/c2dm/register3 200 
2026-07-14 20:13:35,017 [INFO] Capturing response: https://android.clients.google.com/c2dm/register3 200 
2026-07-14 20:13:35,039 [INFO]   ✅ M3U8 bulundu: https://hlsssssssssssss.edaesra.workers.dev/https://corestream.macsitesi.help//trtspor/tracks-v1a1/mono.m3u8
2026-07-14 20:13:35,059 [INFO] Capturing request: https://securmar.edaesra.workers.dev/trtspor/tracks-v1a1/2026/07/14/20/13/06-10000.avif
2026-07-14 20:13:36,039 [INFO] 
[2/14]
2026-07-14 20:13:36,040 [INFO] 🔍 beIN Sports 2 → https://atomsportv510.top/matches?id=bein-sports-2
2026-07-14 20:13:36,153 [INFO] Capturing request: https://atomsportv510.top/matches?id=bein-sports-2
2026-07-14 20:13:36,217 [INFO] Capturing response: https://atomsportv510.top/matches?id=bein-sports-2 200 
2026-07-14 20:13:36,251 [INFO] Capturing response: https://securmar.edaesra.workers.dev/trtspor/tracks-v1a1/2026/07/14/20/13/06-10000.avif 200 
2026-07-14 20:13:36,282 [INFO] Capturing request: https://streamsport365.com/cinema
2026-07-14 20:13:36,382 [INFO] Capturing request: https://teletv5.top/load/yayinlink.php?id=bein-sports-2
2026-07-14 20:13:36,387 [INFO] Capturing request: https://atomsportv510.top/favicon.ico
2026-07-14 20:13:36,435 [INFO] Capturing response: https://atomsportv510.top/favicon.ico 200 
2026-07-14 20:13:36,575 [INFO] Capturing response: https://streamsport365.com/cinema 200 
2026-07-14 20:13:36,584 [INFO] Capturing response: https://teletv5.top/load/yayinlink.php?id=bein-sports-2 200 
2026-07-14 20:13:36,705 [INFO] Capturing request: https://hlsssssssssssss.edaesra.workers.dev/https://corestream.macsitesi.help//bein2/tracks-v1a1/mono.m3u8
2026-07-14 20:13:36,859 [INFO] Capturing response: https://hlsssssssssssss.edaesra.workers.dev/https://corestream.macsitesi.help//bein2/tracks-v1a1/mono.m3u8 404 
2026-07-14 20:13:39,295 [INFO]   ✅ M3U8 bulundu: https://hlsssssssssssss.edaesra.workers.dev/https://corestream.macsitesi.help//bein2/tracks-v1a1/mono.m3u8
2026-07-14 20:13:40,295 [INFO] 
[3/14]
2026-07-14 20:13:40,295 [INFO] 🔍 beIN Sports 3 → https://atomsportv510.top/matches?id=bein-sports-3
2026-07-14 20:13:40,405 [INFO] Capturing request: https://atomsportv510.top/assets/js/clappr.js
2026-07-14 20:13:40,407 [INFO] Capturing request: https://atomsportv510.top/matches?id=bein-sports-3
2026-07-14 20:13:40,447 [INFO] Capturing response: https://atomsportv510.top/assets/js/clappr.js 200 
2026-07-14 20:13:40,510 [INFO] Capturing response: https://atomsportv510.top/matches?id=bein-sports-3 200 
2026-07-14 20:13:40,647 [INFO] Capturing request: https://atomsportv510.top/favicon.ico
2026-07-14 20:13:40,649 [INFO] Capturing request: https://teletv5.top/load/yayinlink.php?id=bein-sports-3
2026-07-14 20:13:40,712 [INFO] Capturing response: https://atomsportv510.top/favicon.ico 200 
2026-07-14 20:13:40,766 [INFO] Capturing request: https://streamsport365.com/cinema
2026-07-14 20:13:40,842 [INFO] Capturing response: https://teletv5.top/load/yayinlink.php?id=bein-sports-3 200 
2026-07-14 20:13:41,057 [INFO] Capturing response: https://streamsport365.com/cinema 200 
2026-07-14 20:13:41,181 [INFO] Capturing request: https://hlsssssssssssss.edaesra.workers.dev/https://corestream.macsitesi.help//trtspor/tracks-v1a1/mono.m3u8
2026-07-14 20:13:41,341 [INFO] Capturing response: https://hlsssssssssssss.edaesra.workers.dev/https://corestream.macsitesi.help//trtspor/tracks-v1a1/mono.m3u8 200 
2026-07-14 20:13:41,454 [INFO] Capturing request: https://securmar.edaesra.workers.dev/trtspor/tracks-v1a1/2026/07/14/20/13/06-10000.avif
2026-07-14 20:13:42,534 [INFO] Capturing response: https://securmar.edaesra.workers.dev/trtspor/tracks-v1a1/2026/07/14/20/13/06-10000.avif 200 
2026-07-14 20:13:42,797 [INFO] Capturing request: https://securmar.edaesra.workers.dev/trtspor/tracks-v1a1/2026/07/14/20/13/16-10000.avif
2026-07-14 20:13:43,569 [INFO]   ✅ M3U8 bulundu: https://hlsssssssssssss.edaesra.workers.dev/https://corestream.macsitesi.help//trtspor/tracks-v1a1/mono.m3u8
2026-07-14 20:13:44,072 [INFO] Capturing response: https://securmar.edaesra.workers.dev/trtspor/tracks-v1a1/2026/07/14/20/13/16-10000.avif 200 
2026-07-14 20:13:44,321 [INFO] Capturing request: https://securmar.edaesra.workers.dev/trtspor/tracks-v1a1/2026/07/14/20/13/26-10000.avif
2026-07-14 20:13:44,570 [INFO] 
[4/14]
2026-07-14 20:13:44,571 [INFO] 🔍 beIN Sports 4 → https://atomsportv510.top/matches?id=bein-sports-4
2026-07-14 20:13:44,683 [INFO] Capturing request: https://atomsportv510.top/assets/js/clappr.js
2026-07-14 20:13:44,687 [INFO] Capturing request: https://atomsportv510.top/matches?id=bein-sports-4
2026-07-14 20:13:44,718 [INFO] Capturing response: https://atomsportv510.top/assets/js/clappr.js 200 
2026-07-14 20:13:44,757 [INFO] Capturing response: https://atomsportv510.top/matches?id=bein-sports-4 200 
2026-07-14 20:13:44,827 [INFO] Capturing request: https://streamsport365.com/cinema
2026-07-14 20:13:44,927 [INFO] Capturing request: https://teletv5.top/load/yayinlink.php?id=bein-sports-4
2026-07-14 20:13:44,928 [INFO] Capturing request: https://atomsportv510.top/favicon.ico
2026-07-14 20:13:44,997 [INFO] Capturing response: https://atomsportv510.top/favicon.ico 200 
2026-07-14 20:13:45,114 [INFO] Capturing response: https://streamsport365.com/cinema 200 
2026-07-14 20:13:45,127 [INFO] Capturing response: https://teletv5.top/load/yayinlink.php?id=bein-sports-4 200 
2026-07-14 20:13:45,294 [INFO] Capturing request: https://hlsssssssssssss.edaesra.workers.dev/https://corestream.macsitesi.help//bein2/tracks-v1a1/mono.m3u8
2026-07-14 20:13:45,479 [INFO] Capturing response: https://hlsssssssssssss.edaesra.workers.dev/https://corestream.macsitesi.help//bein2/tracks-v1a1/mono.m3u8 404 
2026-07-14 20:13:45,588 [INFO] Capturing response: https://securmar.edaesra.workers.dev/trtspor/tracks-v1a1/2026/07/14/20/13/26-10000.avif 200 
2026-07-14 20:13:45,617 [INFO] 127.0.0.1:55612: ProtocolException("Error in HTTP connection: Http2ZombieException('Connection or stream already dead: 1784060025.6168559, False')")
2026-07-14 20:13:47,846 [INFO]   ✅ M3U8 bulundu: https://hlsssssssssssss.edaesra.workers.dev/https://corestream.macsitesi.help//bein2/tracks-v1a1/mono.m3u8
2026-07-14 20:13:48,847 [INFO] 
[5/14]
2026-07-14 20:13:48,847 [INFO] 🔍 beIN Sports 5 → https://atomsportv510.top/matches?id=bein-sports-5
2026-07-14 20:13:48,957 [INFO] Capturing request: https://atomsportv510.top/assets/js/clappr.js
2026-07-14 20:13:48,960 [INFO] Capturing request: https://atomsportv510.top/matches?id=bein-sports-5
2026-07-14 20:13:48,994 [INFO] Capturing response: https://atomsportv510.top/assets/js/clappr.js 200 
2026-07-14 20:13:49,035 [INFO] Capturing response: https://atomsportv510.top/matches?id=bein-sports-5 200 
2026-07-14 20:13:49,169 [INFO] Capturing request: https://teletv5.top/load/yayinlink.php?id=bein-sports-5
2026-07-14 20:13:49,172 [INFO] Capturing request: https://atomsportv510.top/favicon.ico
2026-07-14 20:13:49,260 [INFO] Capturing response: https://atomsportv510.top/favicon.ico 200 
2026-07-14 20:13:49,293 [INFO] Capturing request: https://streamsport365.com/cinema
2026-07-14 20:13:49,366 [INFO] Capturing response: https://teletv5.top/load/yayinlink.php?id=bein-sports-5 200 
2026-07-14 20:13:49,586 [INFO] Capturing response: https://streamsport365.com/cinema 200 
2026-07-14 20:13:49,707 [INFO] Capturing request: https://hlsssssssssssss.edaesra.workers.dev/https://corestream.macsitesi.help//bein2/tracks-v1a1/mono.m3u8
2026-07-14 20:13:49,871 [INFO] Capturing response: https://hlsssssssssssss.edaesra.workers.dev/https://corestream.macsitesi.help//bein2/tracks-v1a1/mono.m3u8 404 
2026-07-14 20:13:52,087 [INFO]   ✅ M3U8 bulundu: https://hlsssssssssssss.edaesra.workers.dev/https://corestream.macsitesi.help//bein2/tracks-v1a1/mono.m3u8
2026-07-14 20:13:53,087 [INFO] 
[6/14]
2026-07-14 20:13:53,087 [INFO] 🔍 beIN Sports Max 1 → https://atomsportv510.top/matches?id=bein-sports-max-1
2026-07-14 20:13:53,196 [INFO] Capturing request: https://atomsportv510.top/assets/js/clappr.js
2026-07-14 20:13:53,198 [INFO] Capturing request: https://atomsportv510.top/matches?id=bein-sports-max-1
2026-07-14 20:13:53,235 [INFO] Capturing response: https://atomsportv510.top/assets/js/clappr.js 200 
2026-07-14 20:13:53,265 [INFO] Capturing response: https://atomsportv510.top/matches?id=bein-sports-max-1 200 
2026-07-14 20:13:53,326 [INFO] Capturing request: https://streamsport365.com/cinema
2026-07-14 20:13:53,426 [INFO] Capturing request: https://teletv5.top/load/yayinlink.php?id=bein-sports-max-1
2026-07-14 20:13:53,428 [INFO] Capturing request: https://atomsportv510.top/favicon.ico
2026-07-14 20:13:53,486 [INFO] Capturing response: https://atomsportv510.top/favicon.ico 200 
2026-07-14 20:13:53,621 [INFO] Capturing response: https://streamsport365.com/cinema 200 
2026-07-14 20:13:53,645 [INFO] Capturing response: https://teletv5.top/load/yayinlink.php?id=bein-sports-max-1 200 
2026-07-14 20:13:53,806 [INFO] Capturing request: https://hlsssssssssssss.edaesra.workers.dev/https://corestream.macsitesi.help//trtspor/tracks-v1a1/mono.m3u8
2026-07-14 20:13:53,962 [INFO] Capturing response: https://hlsssssssssssss.edaesra.workers.dev/https://corestream.macsitesi.help//trtspor/tracks-v1a1/mono.m3u8 200 
2026-07-14 20:13:54,113 [INFO] Capturing request: https://securmar.edaesra.workers.dev/trtspor/tracks-v1a1/2026/07/14/20/13/16-10000.avif
2026-07-14 20:13:54,472 [INFO] Capturing request: https://android.clients.google.com/c2dm/register3
2026-07-14 20:13:54,541 [INFO] Capturing response: https://android.clients.google.com/c2dm/register3 301 
2026-07-14 20:13:55,239 [INFO] Capturing response: https://securmar.edaesra.workers.dev/trtspor/tracks-v1a1/2026/07/14/20/13/16-10000.avif 200 
2026-07-14 20:13:55,483 [INFO] Capturing request: https://securmar.edaesra.workers.dev/trtspor/tracks-v1a1/2026/07/14/20/13/26-10000.avif
2026-07-14 20:13:56,345 [INFO]   ✅ M3U8 bulundu: https://hlsssssssssssss.edaesra.workers.dev/https://corestream.macsitesi.help//trtspor/tracks-v1a1/mono.m3u8
2026-07-14 20:13:56,610 [INFO] Capturing response: https://securmar.edaesra.workers.dev/trtspor/tracks-v1a1/2026/07/14/20/13/26-10000.avif 200 
2026-07-14 20:13:56,860 [INFO] Capturing request: https://securmar.edaesra.workers.dev/trtspor/tracks-v1a1/2026/07/14/20/13/36-10000.avif
2026-07-14 20:13:57,345 [INFO] 
[7/14]
2026-07-14 20:13:57,346 [INFO] 🔍 beIN Sports Max 2 → https://atomsportv510.top/matches?id=bein-sports-max-2
2026-07-14 20:13:57,459 [INFO] Capturing request: https://atomsportv510.top/assets/js/clappr.js
2026-07-14 20:13:57,463 [INFO] Capturing request: https://atomsportv510.top/matches?id=bein-sports-max-2
2026-07-14 20:13:57,495 [INFO] Capturing response: https://atomsportv510.top/assets/js/clappr.js 200 
2026-07-14 20:13:57,550 [INFO] Capturing response: https://atomsportv510.top/matches?id=bein-sports-max-2 200 
2026-07-14 20:13:57,691 [INFO] Capturing request: https://teletv5.top/load/yayinlink.php?id=bein-sports-max-2
2026-07-14 20:13:57,694 [INFO] Capturing request: https://atomsportv510.top/favicon.ico
2026-07-14 20:13:57,744 [INFO] Capturing response: https://atomsportv510.top/favicon.ico 200 
2026-07-14 20:13:57,811 [INFO] Capturing request: https://streamsport365.com/cinema
2026-07-14 20:13:57,885 [INFO] Capturing response: https://teletv5.top/load/yayinlink.php?id=bein-sports-max-2 200 
2026-07-14 20:13:58,014 [INFO] Capturing response: https://securmar.edaesra.workers.dev/trtspor/tracks-v1a1/2026/07/14/20/13/36-10000.avif 200 
2026-07-14 20:13:58,062 [INFO] 127.0.0.1:55612: ProtocolException("Error in HTTP connection: Http2ZombieException('Connection or stream already dead: 1784060038.06179, False')")
2026-07-14 20:13:58,100 [INFO] Capturing response: https://streamsport365.com/cinema 200 
2026-07-14 20:13:58,224 [INFO] Capturing request: https://hlsssssssssssss.edaesra.workers.dev/https://corestream.macsitesi.help//trtspor/tracks-v1a1/mono.m3u8
2026-07-14 20:13:58,405 [INFO] Capturing response: https://hlsssssssssssss.edaesra.workers.dev/https://corestream.macsitesi.help//trtspor/tracks-v1a1/mono.m3u8 200 
2026-07-14 20:13:58,516 [INFO] Capturing request: https://securmar.edaesra.workers.dev/trtspor/tracks-v1a1/2026/07/14/20/13/26-10000.avif
2026-07-14 20:13:59,654 [INFO] Capturing response: https://securmar.edaesra.workers.dev/trtspor/tracks-v1a1/2026/07/14/20/13/26-10000.avif 200 
2026-07-14 20:13:59,878 [INFO] Capturing request: https://securmar.edaesra.workers.dev/trtspor/tracks-v1a1/2026/07/14/20/13/36-10000.avif
2026-07-14 20:14:00,612 [INFO]   ✅ M3U8 bulundu: https://hlsssssssssssss.edaesra.workers.dev/https://corestream.macsitesi.help//trtspor/tracks-v1a1/mono.m3u8
2026-07-14 20:14:00,933 [INFO] Capturing response: https://securmar.edaesra.workers.dev/trtspor/tracks-v1a1/2026/07/14/20/13/36-10000.avif 200 
2026-07-14 20:14:01,179 [INFO] Capturing request: https://securmar.edaesra.workers.dev/trtspor/tracks-v1a1/2026/07/14/20/13/46-10000.avif
2026-07-14 20:14:01,612 [INFO] 
[8/14]
2026-07-14 20:14:01,613 [INFO] 🔍 S Sport → https://atomsportv510.top/matches?id=s-sport
2026-07-14 20:14:01,723 [INFO] Capturing request: https://atomsportv510.top/assets/js/clappr.js
2026-07-14 20:14:01,726 [INFO] Capturing request: https://atomsportv510.top/matches?id=s-sport
2026-07-14 20:14:01,763 [INFO] Capturing response: https://atomsportv510.top/assets/js/clappr.js 200 
2026-07-14 20:14:02,306 [INFO] Capturing response: https://atomsportv510.top/matches?id=s-sport 200 
2026-07-14 20:14:02,315 [INFO] Capturing response: https://securmar.edaesra.workers.dev/trtspor/tracks-v1a1/2026/07/14/20/13/46-10000.avif 200 
2026-07-14 20:14:02,356 [INFO] 127.0.0.1:55612: ProtocolException("Error in HTTP connection: Http2ZombieException('Connection or stream already dead: 1784060042.356334, False')")
2026-07-14 20:14:02,373 [INFO] Capturing request: https://streamsport365.com/cinema
2026-07-14 20:14:02,473 [INFO] Capturing request: https://teletv5.top/load/yayinlink.php?id=s-sport
2026-07-14 20:14:02,476 [INFO] Capturing request: https://atomsportv510.top/favicon.ico
2026-07-14 20:14:02,538 [INFO] Capturing response: https://atomsportv510.top/favicon.ico 200 
2026-07-14 20:14:02,667 [INFO] Capturing response: https://teletv5.top/load/yayinlink.php?id=s-sport 200 
2026-07-14 20:14:02,676 [INFO] Capturing response: https://streamsport365.com/cinema 200 
2026-07-14 20:14:02,828 [INFO] Capturing request: https://hlsssssssssssss.edaesra.workers.dev/https://corestream.macsitesi.help//s-sportt/tracks-v1a1/mono.m3u8
2026-07-14 20:14:02,989 [INFO] Capturing response: https://hlsssssssssssss.edaesra.workers.dev/https://corestream.macsitesi.help//s-sportt/tracks-v1a1/mono.m3u8 404 
2026-07-14 20:14:05,388 [INFO]   ✅ M3U8 bulundu: https://hlsssssssssssss.edaesra.workers.dev/https://corestream.macsitesi.help//s-sportt/tracks-v1a1/mono.m3u8
2026-07-14 20:14:06,388 [INFO] 
[9/14]
2026-07-14 20:14:06,388 [INFO] 🔍 S Sport 2 → https://atomsportv510.top/matches?id=s-sport-2
2026-07-14 20:14:06,498 [INFO] Capturing request: https://atomsportv510.top/assets/js/clappr.js
2026-07-14 20:14:06,500 [INFO] Capturing request: https://atomsportv510.top/matches?id=s-sport-2
2026-07-14 20:14:06,540 [INFO] Capturing response: https://atomsportv510.top/assets/js/clappr.js 200 
2026-07-14 20:14:06,609 [INFO] Capturing response: https://atomsportv510.top/matches?id=s-sport-2 200 
2026-07-14 20:14:06,744 [INFO] Capturing request: https://atomsportv510.top/favicon.ico
2026-07-14 20:14:06,744 [INFO] Capturing request: https://teletv5.top/load/yayinlink.php?id=s-sport-2
2026-07-14 20:14:06,805 [INFO] Capturing response: https://atomsportv510.top/favicon.ico 200 
2026-07-14 20:14:06,861 [INFO] Capturing request: https://streamsport365.com/cinema
2026-07-14 20:14:06,951 [INFO] Capturing response: https://teletv5.top/load/yayinlink.php?id=s-sport-2 200 
2026-07-14 20:14:07,151 [INFO] Capturing response: https://streamsport365.com/cinema 200 
2026-07-14 20:14:07,271 [INFO] Capturing request: https://hlsssssssssssss.edaesra.workers.dev/https://corestream.macsitesi.help//s-sport2/tracks-v1a1/mono.m3u8
2026-07-14 20:14:07,433 [INFO] Capturing response: https://hlsssssssssssss.edaesra.workers.dev/https://corestream.macsitesi.help//s-sport2/tracks-v1a1/mono.m3u8 404 
2026-07-14 20:14:09,657 [INFO]   ✅ M3U8 bulundu: https://hlsssssssssssss.edaesra.workers.dev/https://corestream.macsitesi.help//s-sport2/tracks-v1a1/mono.m3u8
2026-07-14 20:14:10,658 [INFO] 
[10/14]
2026-07-14 20:14:10,658 [INFO] 🔍 A Spor → https://atomsportv510.top/matches?id=a-spor
2026-07-14 20:14:10,766 [INFO] Capturing request: https://atomsportv510.top/assets/js/clappr.js
2026-07-14 20:14:10,768 [INFO] Capturing request: https://atomsportv510.top/matches?id=a-spor
2026-07-14 20:14:10,799 [INFO] Capturing response: https://atomsportv510.top/assets/js/clappr.js 200 
2026-07-14 20:14:10,834 [INFO] Capturing response: https://atomsportv510.top/matches?id=a-spor 200 
2026-07-14 20:14:10,872 [INFO] Capturing request: https://streamsport365.com/cinema
2026-07-14 20:14:10,972 [INFO] Capturing request: https://teletv5.top/load/yayinlink.php?id=a-spor
2026-07-14 20:14:10,976 [INFO] Capturing request: https://atomsportv510.top/favicon.ico
2026-07-14 20:14:11,023 [INFO] Capturing response: https://atomsportv510.top/favicon.ico 200 
2026-07-14 20:14:11,172 [INFO] Capturing response: https://teletv5.top/load/yayinlink.php?id=a-spor 200 
2026-07-14 20:14:11,174 [INFO] Capturing response: https://streamsport365.com/cinema 200 
2026-07-14 20:14:11,334 [INFO] Capturing request: https://hlsssssssssssss.edaesra.workers.dev/https://corestream.macsitesi.help//aspor/tracks-v1a1/mono.m3u8
2026-07-14 20:14:11,498 [INFO] Capturing response: https://hlsssssssssssss.edaesra.workers.dev/https://corestream.macsitesi.help//aspor/tracks-v1a1/mono.m3u8 404 
2026-07-14 20:14:13,889 [INFO]   ✅ M3U8 bulundu: https://hlsssssssssssss.edaesra.workers.dev/https://corestream.macsitesi.help//aspor/tracks-v1a1/mono.m3u8
2026-07-14 20:14:14,889 [INFO] 
[11/14]
2026-07-14 20:14:14,889 [INFO] 🔍 Tivibu Spor 1 → https://atomsportv510.top/matches?id=tivibu-spor-1
2026-07-14 20:14:14,999 [INFO] Capturing request: https://atomsportv510.top/assets/js/clappr.js
2026-07-14 20:14:15,000 [INFO] Capturing request: https://atomsportv510.top/matches?id=tivibu-spor-1
2026-07-14 20:14:15,033 [INFO] Capturing response: https://atomsportv510.top/assets/js/clappr.js 200 
2026-07-14 20:14:15,089 [INFO] Capturing response: https://atomsportv510.top/matches?id=tivibu-spor-1 200 
2026-07-14 20:14:15,249 [INFO] Capturing request: https://teletv5.top/load/yayinlink.php?id=tivibu-spor-1
2026-07-14 20:14:15,250 [INFO] Capturing request: https://atomsportv510.top/favicon.ico
2026-07-14 20:14:15,343 [INFO] Capturing response: https://atomsportv510.top/favicon.ico 200 
2026-07-14 20:14:15,370 [INFO] Capturing request: https://streamsport365.com/cinema
2026-07-14 20:14:15,448 [INFO] Capturing response: https://teletv5.top/load/yayinlink.php?id=tivibu-spor-1 200 
2026-07-14 20:14:15,665 [INFO] Capturing response: https://streamsport365.com/cinema 200 
2026-07-14 20:14:15,787 [INFO] Capturing request: https://hlsssssssssssss.edaesra.workers.dev/https://corestream.macsitesi.help//trtspor/tracks-v1a1/mono.m3u8
2026-07-14 20:14:15,953 [INFO] Capturing response: https://hlsssssssssssss.edaesra.workers.dev/https://corestream.macsitesi.help//trtspor/tracks-v1a1/mono.m3u8 200 
2026-07-14 20:14:16,064 [INFO] Capturing request: https://securmar.edaesra.workers.dev/trtspor/tracks-v1a1/2026/07/14/20/13/46-10000.avif
2026-07-14 20:14:17,076 [INFO] Capturing response: https://securmar.edaesra.workers.dev/trtspor/tracks-v1a1/2026/07/14/20/13/46-10000.avif 200 
2026-07-14 20:14:17,318 [INFO] Capturing request: https://securmar.edaesra.workers.dev/trtspor/tracks-v1a1/2026/07/14/20/13/56-10000.avif
2026-07-14 20:14:18,166 [INFO]   ✅ M3U8 bulundu: https://hlsssssssssssss.edaesra.workers.dev/https://corestream.macsitesi.help//trtspor/tracks-v1a1/mono.m3u8
2026-07-14 20:14:18,574 [INFO] Capturing response: https://securmar.edaesra.workers.dev/trtspor/tracks-v1a1/2026/07/14/20/13/56-10000.avif 200 
2026-07-14 20:14:18,835 [INFO] Capturing request: https://securmar.edaesra.workers.dev/trtspor/tracks-v1a1/2026/07/14/20/14/06-10000.avif
2026-07-14 20:14:19,166 [INFO] 
[12/14]
2026-07-14 20:14:19,166 [INFO] 🔍 Tivibu Spor 2 → https://atomsportv510.top/matches?id=tivibu-spor-2
2026-07-14 20:14:19,276 [INFO] Capturing request: https://atomsportv510.top/assets/js/clappr.js
2026-07-14 20:14:19,278 [INFO] Capturing request: https://atomsportv510.top/matches?id=tivibu-spor-2
2026-07-14 20:14:19,316 [INFO] Capturing response: https://atomsportv510.top/assets/js/clappr.js 200 
2026-07-14 20:14:19,345 [INFO] Capturing response: https://atomsportv510.top/matches?id=tivibu-spor-2 200 
2026-07-14 20:14:19,389 [INFO] Capturing request: https://streamsport365.com/cinema
2026-07-14 20:14:19,489 [INFO] Capturing request: https://teletv5.top/load/yayinlink.php?id=tivibu-spor-2
2026-07-14 20:14:19,496 [INFO] Capturing request: https://atomsportv510.top/favicon.ico
2026-07-14 20:14:19,563 [INFO] Capturing response: https://atomsportv510.top/favicon.ico 200 
2026-07-14 20:14:19,679 [INFO] Capturing response: https://streamsport365.com/cinema 200 
2026-07-14 20:14:19,687 [INFO] Capturing response: https://teletv5.top/load/yayinlink.php?id=tivibu-spor-2 200 
2026-07-14 20:14:19,851 [INFO] Capturing request: https://hlsssssssssssss.edaesra.workers.dev/https://corestream.macsitesi.help//trtspor/tracks-v1a1/mono.m3u8
2026-07-14 20:14:20,007 [INFO] Capturing response: https://hlsssssssssssss.edaesra.workers.dev/https://corestream.macsitesi.help//trtspor/tracks-v1a1/mono.m3u8 200 
2026-07-14 20:14:20,158 [INFO] Capturing request: https://securmar.edaesra.workers.dev/trtspor/tracks-v1a1/2026/07/14/20/13/46-10000.avif
2026-07-14 20:14:20,302 [INFO] Capturing response: https://securmar.edaesra.workers.dev/trtspor/tracks-v1a1/2026/07/14/20/14/06-10000.avif 200 
2026-07-14 20:14:20,353 [INFO] 127.0.0.1:55612: ProtocolException("Error in HTTP connection: Http2ZombieException('Connection or stream already dead: 1784060060.3527682, False')")
2026-07-14 20:14:21,306 [INFO] Capturing response: https://securmar.edaesra.workers.dev/trtspor/tracks-v1a1/2026/07/14/20/13/46-10000.avif 200 
2026-07-14 20:14:21,549 [INFO] Capturing request: https://securmar.edaesra.workers.dev/trtspor/tracks-v1a1/2026/07/14/20/13/56-10000.avif
2026-07-14 20:14:22,439 [INFO]   ✅ M3U8 bulundu: https://hlsssssssssssss.edaesra.workers.dev/https://corestream.macsitesi.help//trtspor/tracks-v1a1/mono.m3u8
2026-07-14 20:14:22,567 [INFO] Capturing response: https://securmar.edaesra.workers.dev/trtspor/tracks-v1a1/2026/07/14/20/13/56-10000.avif 200 
2026-07-14 20:14:22,804 [INFO] Capturing request: https://securmar.edaesra.workers.dev/trtspor/tracks-v1a1/2026/07/14/20/14/06-10000.avif
2026-07-14 20:14:23,439 [INFO] 
[13/14]
2026-07-14 20:14:23,439 [INFO] 🔍 Tivibu Spor 3 → https://atomsportv510.top/matches?id=tivibu-spor-3
2026-07-14 20:14:23,555 [INFO] Capturing request: https://atomsportv510.top/assets/js/clappr.js
2026-07-14 20:14:23,556 [INFO] Capturing request: https://atomsportv510.top/matches?id=tivibu-spor-3
2026-07-14 20:14:23,589 [INFO] Capturing response: https://atomsportv510.top/assets/js/clappr.js 200 
2026-07-14 20:14:23,626 [INFO] Capturing response: https://atomsportv510.top/matches?id=tivibu-spor-3 200 
2026-07-14 20:14:23,787 [INFO] Capturing request: https://teletv5.top/load/yayinlink.php?id=tivibu-spor-3
2026-07-14 20:14:23,792 [INFO] Capturing request: https://atomsportv510.top/favicon.ico
2026-07-14 20:14:23,867 [INFO] Capturing response: https://atomsportv510.top/favicon.ico 200 
2026-07-14 20:14:23,899 [INFO] Capturing response: https://securmar.edaesra.workers.dev/trtspor/tracks-v1a1/2026/07/14/20/14/06-10000.avif 200 
2026-07-14 20:14:23,912 [INFO] Capturing request: https://streamsport365.com/cinema
2026-07-14 20:14:23,949 [INFO] 127.0.0.1:55612: ProtocolException("Error in HTTP connection: Http2ZombieException('Connection or stream already dead: 1784060063.9489324, False')")
2026-07-14 20:14:23,983 [INFO] Capturing response: https://teletv5.top/load/yayinlink.php?id=tivibu-spor-3 200 
2026-07-14 20:14:24,200 [INFO] Capturing response: https://streamsport365.com/cinema 200 
2026-07-14 20:14:24,320 [INFO] Capturing request: https://hlsssssssssssss.edaesra.workers.dev/https://corestream.macsitesi.help//trtspor/tracks-v1a1/mono.m3u8
2026-07-14 20:14:24,486 [INFO] Capturing response: https://hlsssssssssssss.edaesra.workers.dev/https://corestream.macsitesi.help//trtspor/tracks-v1a1/mono.m3u8 200 
2026-07-14 20:14:24,596 [INFO] Capturing request: https://securmar.edaesra.workers.dev/trtspor/tracks-v1a1/2026/07/14/20/13/56-10000.avif
2026-07-14 20:14:25,655 [INFO] Capturing response: https://securmar.edaesra.workers.dev/trtspor/tracks-v1a1/2026/07/14/20/13/56-10000.avif 200 
2026-07-14 20:14:25,910 [INFO] Capturing request: https://securmar.edaesra.workers.dev/trtspor/tracks-v1a1/2026/07/14/20/14/06-10000.avif
2026-07-14 20:14:26,714 [INFO]   ✅ M3U8 bulundu: https://hlsssssssssssss.edaesra.workers.dev/https://corestream.macsitesi.help//trtspor/tracks-v1a1/mono.m3u8
2026-07-14 20:14:27,005 [INFO] Capturing response: https://securmar.edaesra.workers.dev/trtspor/tracks-v1a1/2026/07/14/20/14/06-10000.avif 200 
2026-07-14 20:14:27,244 [INFO] Capturing request: https://securmar.edaesra.workers.dev/trtspor/tracks-v1a1/2026/07/14/20/14/16-10000.avif
2026-07-14 20:14:27,715 [INFO] 
[14/14]
2026-07-14 20:14:27,715 [INFO] 🔍 Tivibu Spor 4 → https://atomsportv510.top/matches?id=tivibu-spor-4
2026-07-14 20:14:27,828 [INFO] Capturing request: https://atomsportv510.top/assets/js/clappr.js
2026-07-14 20:14:27,834 [INFO] Capturing request: https://atomsportv510.top/matches?id=tivibu-spor-4
2026-07-14 20:14:27,864 [INFO] Capturing response: https://atomsportv510.top/assets/js/clappr.js 200 
2026-07-14 20:14:27,904 [INFO] Capturing response: https://atomsportv510.top/matches?id=tivibu-spor-4 200 
2026-07-14 20:14:27,942 [INFO] Capturing request: https://streamsport365.com/cinema
2026-07-14 20:14:28,042 [INFO] Capturing request: https://atomsportv510.top/favicon.ico
2026-07-14 20:14:28,043 [INFO] Capturing request: https://teletv5.top/load/yayinlink.php?id=tivibu-spor-4
2026-07-14 20:14:28,102 [INFO] Capturing response: https://atomsportv510.top/favicon.ico 200 
2026-07-14 20:14:28,236 [INFO] Capturing response: https://teletv5.top/load/yayinlink.php?id=tivibu-spor-4 200 
2026-07-14 20:14:28,240 [INFO] Capturing response: https://streamsport365.com/cinema 200 
2026-07-14 20:14:28,453 [INFO] Capturing response: https://securmar.edaesra.workers.dev/trtspor/tracks-v1a1/2026/07/14/20/14/16-10000.avif 200 
2026-07-14 20:14:31,040 [INFO] Capturing request: https://update.googleapis.com/service/update2/json?cup2key=16:NqTuMKa9OmJIJxmvDjUfI-2SKht9jONcMeHfOx8JvVg&cup2hreq=5d4b26342383b5e16482088dada333fb1485731765f9878181e8fb81fb1ece2a
2026-07-14 20:14:31,104 [INFO] Capturing response: https://update.googleapis.com/service/update2/json?cup2key=16:NqTuMKa9OmJIJxmvDjUfI-2SKht9jONcMeHfOx8JvVg&cup2hreq=5d4b26342383b5e16482088dada333fb1485731765f9878181e8fb81fb1ece2a 200 
2026-07-14 20:14:31,111 [INFO] Capturing request: http://edgedl.me.gvt1.com/edgedl/diffgen-puffin/gcmjkmgdlgnkkcocmoeiminaijmmjnii/df2a22d5ecc7788c3330ebd5f856b41531c74f412a01ed7453d11284708009fe
2026-07-14 20:14:31,208 [INFO] Capturing response: http://edgedl.me.gvt1.com/edgedl/diffgen-puffin/gcmjkmgdlgnkkcocmoeiminaijmmjnii/df2a22d5ecc7788c3330ebd5f856b41531c74f412a01ed7453d11284708009fe 200 OK
2026-07-14 20:14:31,237 [INFO] Capturing request: https://update.googleapis.com/service/update2/json
2026-07-14 20:14:31,299 [INFO] Capturing response: https://update.googleapis.com/service/update2/json 200 
2026-07-14 20:14:31,345 [INFO] Capturing request: http://edgedl.me.gvt1.com/edgedl/release2/chrome_component/acqlojrhcj7su2fcorzuox3t4z5q_10648/hfnkpimlhhgieaddgfemjhofmfblmnib_10648_all_acruq4vkkfbgqmtgxjgq52uvgdaa.crx3
2026-07-14 20:14:31,481 [INFO] Capturing response: http://edgedl.me.gvt1.com/edgedl/release2/chrome_component/acqlojrhcj7su2fcorzuox3t4z5q_10648/hfnkpimlhhgieaddgfemjhofmfblmnib_10648_all_acruq4vkkfbgqmtgxjgq52uvgdaa.crx3 200 OK
2026-07-14 20:14:31,517 [INFO] Capturing request: https://update.googleapis.com/service/update2/json
2026-07-14 20:14:31,558 [INFO] Capturing response: https://update.googleapis.com/service/update2/json 200 
2026-07-14 20:14:48,101 [INFO] Capturing request: https://android.clients.google.com/c2dm/register3
2026-07-14 20:14:48,158 [INFO] Capturing response: https://android.clients.google.com/c2dm/register3 301 
2026-07-14 20:15:01,285 [WARNING]   ❌ Tivibu Spor 4 için M3U8 bulunamadı
2026-07-14 20:15:02,353 [INFO] ✅ 13 kanal bulundu, playlist.m3u kaydedildi
