2026-04-25 08:39:09,165 [INFO] 🔎 Domain aralığı taranıyor: atomsportv240.top - atomsportv250.top
2026-04-25 08:39:09,853 [INFO]   ✅ Aktif domain bulundu: https://tv247us.vip
2026-04-25 08:39:09,854 [INFO] 🌐 Kullanılan BASE_URL: https://tv247us.vip
2026-04-25 08:39:10,946 [INFO] ✅ SeleniumWire aktif
2026-04-25 08:39:10,947 [INFO] =======================================================
2026-04-25 08:39:10,947 [INFO]    M3U8 Scraper
2026-04-25 08:39:10,947 [INFO]    Base URL : https://tv247us.vip
2026-04-25 08:39:10,947 [INFO]    Toplam   : 2 sayfa
2026-04-25 08:39:10,947 [INFO] =======================================================
2026-04-25 08:39:10,947 [INFO] 🔧 Driver başlatılıyor...
2026-04-25 08:39:11,710 [INFO] ✅ Driver başlatıldı
2026-04-25 08:39:11,710 [INFO] 
[1/2]
2026-04-25 08:39:11,710 [INFO] 
──────────────────────────────────────────────────
2026-04-25 08:39:11,710 [INFO] 🔍 beIN Sports 1 → https://tv247us.vip/embed/arena-sport-2-premium
2026-04-25 08:39:11,710 [INFO] ──────────────────────────────────────────────────
2026-04-25 08:39:45,405 [INFO]   📡 M3U8 bekleniyor (max 8s)...
2026-04-25 08:39:53,432 [INFO]   ❌ beIN Sports 1: M3U8 bulunamadı
2026-04-25 08:39:54,432 [INFO] 
[2/2]
2026-04-25 08:39:54,432 [INFO] 
──────────────────────────────────────────────────
2026-04-25 08:39:54,433 [INFO] 🔍 beIN Sports 2 → https://tv247us.vip/watch/arena-sport-2-premium
2026-04-25 08:39:54,433 [INFO] ──────────────────────────────────────────────────
2026-04-25 08:40:27,547 [INFO]   📡 M3U8 bekleniyor (max 8s)...
2026-04-25 08:40:35,619 [INFO]   ❌ beIN Sports 2: M3U8 bulunamadı
2026-04-25 08:40:36,693 [INFO] 🔒 Driver kapatıldı
2026-04-25 08:40:36,693 [INFO] 
=======================================================
2026-04-25 08:40:36,693 [INFO] 🏁 Tamamlandı!
2026-04-25 08:40:36,693 [INFO] 📺 Kanal : 0/2
2026-04-25 08:40:36,693 [INFO] ⏱️  Süre  : 85.7s
2026-04-25 08:40:36,694 [INFO] =======================================================
2026-04-25 08:40:36,694 [INFO] ✅ playlist1.m3u kaydedildi
2026-04-25 08:40:36,694 [INFO] ✅ stats1.json kaydedildi
2026-04-25 08:40:36,694 [WARNING] ⚠️ Hiç M3U8 bulunamadı!
