2026-07-20 23:32:31,427 [INFO] 🌐 BASE_URL: https://atomsportv510.top
2026-07-20 23:32:32,586 [INFO] Başlanıyor... 14 kanal taranacak
2026-07-20 23:32:32,587 [INFO] Using default request storage
2026-07-20 23:32:32,591 [INFO] Created proxy listening on 127.0.0.1:33321
2026-07-20 23:32:33,289 [INFO] Capturing request: http://clients2.google.com/time/1/current?cup2key=10:qpgalaHFi4Wk42WIs8k6VGSEfKrxgQnufQvoUYZoT00&cup2hreq=e3b0c44298fc1c149afbf4c8996fb92427ae41e4649b934ca495991b7852b855
2026-07-20 23:32:33,330 [INFO] Capturing response: http://clients2.google.com/time/1/current?cup2key=10:qpgalaHFi4Wk42WIs8k6VGSEfKrxgQnufQvoUYZoT00&cup2hreq=e3b0c44298fc1c149afbf4c8996fb92427ae41e4649b934ca495991b7852b855 200 OK
2026-07-20 23:32:33,513 [INFO] 
[1/14]
2026-07-20 23:32:33,513 [INFO] 🔍 beIN Sports 1 → https://atomsportv510.top/matches?id=bein-sports-1
2026-07-20 23:32:33,616 [INFO] Capturing request: https://update.googleapis.com/service/update2/json?cup2key=16:ZNFwf33pEGQuPGYX9fC5ZrKwXd5nI7_ZFJa5oCtIw-o&cup2hreq=85c1bbc048e202d8f01264c166d2482dd3a38a6c3ad7772f99841c5a4ae3b8c7
2026-07-20 23:32:33,618 [INFO] Capturing request: https://accounts.google.com/ListAccounts?gpsia=1&source=ChromiumBrowser&json=standard&laf=b64bin
2026-07-20 23:32:33,659 [INFO] Capturing response: https://update.googleapis.com/service/update2/json?cup2key=16:ZNFwf33pEGQuPGYX9fC5ZrKwXd5nI7_ZFJa5oCtIw-o&cup2hreq=85c1bbc048e202d8f01264c166d2482dd3a38a6c3ad7772f99841c5a4ae3b8c7 200 
2026-07-20 23:32:33,663 [INFO] Capturing response: https://accounts.google.com/ListAccounts?gpsia=1&source=ChromiumBrowser&json=standard&laf=b64bin 200 
2026-07-20 23:32:33,706 [INFO] Capturing request: https://update.googleapis.com/service/update2/json?cup2key=16:kb64CsjVW6tGpWtvMCHJr1I822cWsGyeFznXkMZJUpo&cup2hreq=300c98a1c4aca550e93d3c4d6a5609922fe421e798e0595b5ea7d3004c33f72d
2026-07-20 23:32:33,708 [INFO] Capturing request: https://atomsportv510.top/matches?id=bein-sports-1
2026-07-20 23:32:33,712 [INFO] Capturing request: https://www.google.com/async/folae?async=_fmt:pb&udm=50&client_locale=en-US&client_country=ZZ
2026-07-20 23:32:33,731 [INFO] Capturing response: https://update.googleapis.com/service/update2/json?cup2key=16:kb64CsjVW6tGpWtvMCHJr1I822cWsGyeFznXkMZJUpo&cup2hreq=300c98a1c4aca550e93d3c4d6a5609922fe421e798e0595b5ea7d3004c33f72d 200 
2026-07-20 23:32:33,736 [INFO] Capturing response: https://www.google.com/async/folae?async=_fmt:pb&udm=50&client_locale=en-US&client_country=ZZ 200 
2026-07-20 23:32:33,756 [INFO] Capturing response: https://atomsportv510.top/matches?id=bein-sports-1 200 
2026-07-20 23:32:33,791 [INFO] Capturing request: https://update.googleapis.com/service/update2/json?cup2key=16:cotp86cFvQdUKCOyhexSyghHKC5CokbNer9oELt4rng&cup2hreq=3859a44302209817d9c07db41bd208a481d8c5f331c9490e696dd6b43b6f7c0c
2026-07-20 23:32:33,821 [INFO] Capturing response: https://update.googleapis.com/service/update2/json?cup2key=16:cotp86cFvQdUKCOyhexSyghHKC5CokbNer9oELt4rng&cup2hreq=3859a44302209817d9c07db41bd208a481d8c5f331c9490e696dd6b43b6f7c0c 200 
2026-07-20 23:32:33,914 [INFO] Capturing request: https://atomsportv510.top/assets/js/clappr.js
2026-07-20 23:32:33,917 [INFO] Capturing request: https://www.google.com/async/folae?async=_fmt:pb&udm=50&client_locale=en-US&client_country=ZZ
2026-07-20 23:32:33,939 [INFO] Capturing response: https://www.google.com/async/folae?async=_fmt:pb&udm=50&client_locale=en-US&client_country=ZZ 200 
2026-07-20 23:32:33,961 [INFO] Capturing response: https://atomsportv510.top/assets/js/clappr.js 200 
2026-07-20 23:32:33,973 [INFO] Capturing request: https://cdnjs.cloudflare.com/ajax/libs/jquery/3.2.1/jquery.min.js
2026-07-20 23:32:33,979 [INFO] Capturing request: https://cdn.jsdelivr.net/npm/@clappr/player@latest/dist/clappr.min.js
2026-07-20 23:32:34,009 [INFO] Capturing response: https://cdn.jsdelivr.net/npm/@clappr/player@latest/dist/clappr.min.js 200 
2026-07-20 23:32:34,025 [INFO] Capturing response: https://cdnjs.cloudflare.com/ajax/libs/jquery/3.2.1/jquery.min.js 200 
2026-07-20 23:32:34,221 [INFO] Capturing request: https://atomsportv510.top/favicon.ico
2026-07-20 23:32:34,276 [INFO] Capturing response: https://atomsportv510.top/favicon.ico 200 
2026-07-20 23:32:34,284 [INFO] Capturing request: https://teletv5.top/load/yayinlink.php?id=bein-sports-1
2026-07-20 23:32:34,314 [INFO] Capturing response: https://teletv5.top/load/yayinlink.php?id=bein-sports-1 200 
2026-07-20 23:32:34,659 [INFO] Capturing request: https://streamsport365.com/cinema
2026-07-20 23:32:34,903 [INFO] Capturing response: https://streamsport365.com/cinema 200 
2026-07-20 23:32:35,034 [INFO] Capturing request: https://atomsportv510.top/assets/img/player_logo_6880e4e4c52ee.png
2026-07-20 23:32:35,084 [INFO] Capturing response: https://atomsportv510.top/assets/img/player_logo_6880e4e4c52ee.png 200 
2026-07-20 23:32:35,194 [INFO] Capturing request: https://tv-trt1.medya.trt.com.tr/master_720.m3u8
2026-07-20 23:32:35,201 [INFO] Capturing response: https://tv-trt1.medya.trt.com.tr/master_720.m3u8 403 Forbidden
2026-07-20 23:32:36,073 [INFO] Capturing request: https://android.clients.google.com/checkin
2026-07-20 23:32:36,155 [INFO] Capturing response: https://android.clients.google.com/checkin 200 
2026-07-20 23:32:36,207 [INFO] Capturing request: https://android.clients.google.com/c2dm/register3
2026-07-20 23:32:36,208 [INFO] Capturing request: https://android.clients.google.com/c2dm/register3
2026-07-20 23:32:36,210 [INFO] Capturing request: https://android.clients.google.com/c2dm/register3
2026-07-20 23:32:36,254 [INFO] Capturing response: https://android.clients.google.com/c2dm/register3 200 
2026-07-20 23:32:36,259 [INFO] Capturing response: https://android.clients.google.com/c2dm/register3 200 
2026-07-20 23:32:36,263 [INFO] Capturing response: https://android.clients.google.com/c2dm/register3 200 
2026-07-20 23:32:37,139 [INFO]   ✅ M3U8 bulundu: https://tv-trt1.medya.trt.com.tr/master_720.m3u8
2026-07-20 23:32:38,139 [INFO] 
[2/14]
2026-07-20 23:32:38,139 [INFO] 🔍 beIN Sports 2 → https://atomsportv510.top/matches?id=bein-sports-2
2026-07-20 23:32:38,248 [INFO] Capturing request: https://atomsportv510.top/matches?id=bein-sports-2
2026-07-20 23:32:38,283 [INFO] Capturing response: https://atomsportv510.top/matches?id=bein-sports-2 200 
2026-07-20 23:32:38,329 [INFO] Capturing request: https://streamsport365.com/cinema
2026-07-20 23:32:38,430 [INFO] Capturing request: https://atomsportv510.top/favicon.ico
2026-07-20 23:32:38,432 [INFO] Capturing request: https://teletv5.top/load/yayinlink.php?id=bein-sports-2
2026-07-20 23:32:38,458 [INFO] Capturing response: https://atomsportv510.top/favicon.ico 200 
2026-07-20 23:32:38,462 [INFO] Capturing response: https://teletv5.top/load/yayinlink.php?id=bein-sports-2 200 
2026-07-20 23:32:38,571 [INFO] Capturing response: https://streamsport365.com/cinema 200 
2026-07-20 23:32:38,742 [INFO] Capturing request: https://hlshd.korcanturkmen418.workers.dev/https://corestream.corestreamvip.mom//bein2/tracks-v1a1/mono.m3u8
2026-07-20 23:32:38,813 [INFO] Capturing response: https://hlshd.korcanturkmen418.workers.dev/https://corestream.corestreamvip.mom//bein2/tracks-v1a1/mono.m3u8 403 
2026-07-20 23:32:41,342 [INFO]   ✅ M3U8 bulundu: https://hlshd.korcanturkmen418.workers.dev/https://corestream.corestreamvip.mom//bein2/tracks-v1a1/mono.m3u8
2026-07-20 23:32:42,342 [INFO] 
[3/14]
2026-07-20 23:32:42,342 [INFO] 🔍 beIN Sports 3 → https://atomsportv510.top/matches?id=bein-sports-3
2026-07-20 23:32:42,455 [INFO] Capturing request: https://atomsportv510.top/assets/js/clappr.js
2026-07-20 23:32:42,455 [INFO] Capturing request: https://atomsportv510.top/matches?id=bein-sports-3
2026-07-20 23:32:42,471 [INFO] Capturing response: https://atomsportv510.top/assets/js/clappr.js 200 
2026-07-20 23:32:42,499 [INFO] Capturing response: https://atomsportv510.top/matches?id=bein-sports-3 200 
2026-07-20 23:32:42,658 [INFO] Capturing request: https://teletv5.top/load/yayinlink.php?id=bein-sports-3
2026-07-20 23:32:42,659 [INFO] Capturing request: https://atomsportv510.top/favicon.ico
2026-07-20 23:32:42,677 [INFO] Capturing response: https://teletv5.top/load/yayinlink.php?id=bein-sports-3 200 
2026-07-20 23:32:42,691 [INFO] Capturing response: https://atomsportv510.top/favicon.ico 200 
2026-07-20 23:32:42,758 [INFO] Capturing request: https://streamsport365.com/cinema
2026-07-20 23:32:43,000 [INFO] Capturing response: https://streamsport365.com/cinema 200 
2026-07-20 23:32:43,119 [INFO] Capturing request: https://hlshd.korcanturkmen418.workers.dev/https://corestream.corestreamvip.mom//trtspor/tracks-v1a1/mono.m3u8
2026-07-20 23:32:43,140 [INFO] Capturing response: https://hlshd.korcanturkmen418.workers.dev/https://corestream.corestreamvip.mom//trtspor/tracks-v1a1/mono.m3u8 403 
2026-07-20 23:32:45,571 [INFO]   ✅ M3U8 bulundu: https://hlshd.korcanturkmen418.workers.dev/https://corestream.corestreamvip.mom//trtspor/tracks-v1a1/mono.m3u8
2026-07-20 23:32:46,571 [INFO] 
[4/14]
2026-07-20 23:32:46,571 [INFO] 🔍 beIN Sports 4 → https://atomsportv510.top/matches?id=bein-sports-4
2026-07-20 23:32:46,678 [INFO] Capturing request: https://atomsportv510.top/assets/js/clappr.js
2026-07-20 23:32:46,681 [INFO] Capturing request: https://atomsportv510.top/matches?id=bein-sports-4
2026-07-20 23:32:46,696 [INFO] Capturing response: https://atomsportv510.top/assets/js/clappr.js 200 
2026-07-20 23:32:46,721 [INFO] Capturing response: https://atomsportv510.top/matches?id=bein-sports-4 200 
2026-07-20 23:32:46,746 [INFO] Capturing request: https://streamsport365.com/cinema
2026-07-20 23:32:46,848 [INFO] Capturing request: https://teletv5.top/load/yayinlink.php?id=bein-sports-4
2026-07-20 23:32:46,853 [INFO] Capturing request: https://atomsportv510.top/favicon.ico
2026-07-20 23:32:46,866 [INFO] Capturing response: https://teletv5.top/load/yayinlink.php?id=bein-sports-4 200 
2026-07-20 23:32:46,883 [INFO] Capturing response: https://atomsportv510.top/favicon.ico 200 
2026-07-20 23:32:46,990 [INFO] Capturing response: https://streamsport365.com/cinema 200 
2026-07-20 23:32:47,109 [INFO] Capturing request: https://hlshd.korcanturkmen418.workers.dev/https://corestream.corestreamvip.mom//bein2/tracks-v1a1/mono.m3u8
2026-07-20 23:32:47,124 [INFO] Capturing response: https://hlshd.korcanturkmen418.workers.dev/https://corestream.corestreamvip.mom//bein2/tracks-v1a1/mono.m3u8 403 
2026-07-20 23:32:49,764 [INFO]   ✅ M3U8 bulundu: https://hlshd.korcanturkmen418.workers.dev/https://corestream.corestreamvip.mom//bein2/tracks-v1a1/mono.m3u8
2026-07-20 23:32:50,764 [INFO] 
[5/14]
2026-07-20 23:32:50,765 [INFO] 🔍 beIN Sports 5 → https://atomsportv510.top/matches?id=bein-sports-5
2026-07-20 23:32:50,872 [INFO] Capturing request: https://atomsportv510.top/assets/js/clappr.js
2026-07-20 23:32:50,874 [INFO] Capturing request: https://atomsportv510.top/matches?id=bein-sports-5
2026-07-20 23:32:50,890 [INFO] Capturing response: https://atomsportv510.top/assets/js/clappr.js 200 
2026-07-20 23:32:50,917 [INFO] Capturing response: https://atomsportv510.top/matches?id=bein-sports-5 200 
2026-07-20 23:32:51,073 [INFO] Capturing request: https://teletv5.top/load/yayinlink.php?id=bein-sports-5
2026-07-20 23:32:51,076 [INFO] Capturing request: https://atomsportv510.top/favicon.ico
2026-07-20 23:32:51,109 [INFO] Capturing response: https://atomsportv510.top/favicon.ico 200 
2026-07-20 23:32:51,175 [INFO] Capturing request: https://streamsport365.com/cinema
2026-07-20 23:32:51,240 [INFO] Capturing response: https://teletv5.top/load/yayinlink.php?id=bein-sports-5 200 
2026-07-20 23:32:51,416 [INFO] Capturing response: https://streamsport365.com/cinema 200 
2026-07-20 23:32:51,535 [INFO] Capturing request: https://hlshd.korcanturkmen418.workers.dev/https://corestream.corestreamvip.mom//bein2/tracks-v1a1/mono.m3u8
2026-07-20 23:32:51,553 [INFO] Capturing response: https://hlshd.korcanturkmen418.workers.dev/https://corestream.corestreamvip.mom//bein2/tracks-v1a1/mono.m3u8 403 
2026-07-20 23:32:53,989 [INFO]   ✅ M3U8 bulundu: https://hlshd.korcanturkmen418.workers.dev/https://corestream.corestreamvip.mom//bein2/tracks-v1a1/mono.m3u8
2026-07-20 23:32:54,989 [INFO] 
[6/14]
2026-07-20 23:32:54,989 [INFO] 🔍 beIN Sports Max 1 → https://atomsportv510.top/matches?id=bein-sports-max-1
2026-07-20 23:32:55,097 [INFO] Capturing request: https://atomsportv510.top/assets/js/clappr.js
2026-07-20 23:32:55,099 [INFO] Capturing request: https://atomsportv510.top/matches?id=bein-sports-max-1
2026-07-20 23:32:55,114 [INFO] Capturing response: https://atomsportv510.top/assets/js/clappr.js 200 
2026-07-20 23:32:55,551 [INFO] Capturing response: https://atomsportv510.top/matches?id=bein-sports-max-1 200 
2026-07-20 23:32:55,583 [INFO] Capturing request: https://streamsport365.com/cinema
2026-07-20 23:32:55,682 [INFO] Capturing request: https://teletv5.top/load/yayinlink.php?id=bein-sports-max-1
2026-07-20 23:32:55,685 [INFO] Capturing request: https://atomsportv510.top/favicon.ico
2026-07-20 23:32:55,715 [INFO] Capturing response: https://atomsportv510.top/favicon.ico 200 
2026-07-20 23:32:55,825 [INFO] Capturing response: https://streamsport365.com/cinema 200 
2026-07-20 23:32:55,836 [INFO] Capturing response: https://teletv5.top/load/yayinlink.php?id=bein-sports-max-1 200 
2026-07-20 23:32:55,996 [INFO] Capturing request: https://hlshd.korcanturkmen418.workers.dev/https://corestream.corestreamvip.mom//trtspor/tracks-v1a1/mono.m3u8
2026-07-20 23:32:56,016 [INFO] Capturing response: https://hlshd.korcanturkmen418.workers.dev/https://corestream.corestreamvip.mom//trtspor/tracks-v1a1/mono.m3u8 403 
2026-07-20 23:32:58,020 [INFO] Capturing request: https://android.clients.google.com/c2dm/register3
2026-07-20 23:32:58,596 [INFO]   ✅ M3U8 bulundu: https://hlshd.korcanturkmen418.workers.dev/https://corestream.corestreamvip.mom//trtspor/tracks-v1a1/mono.m3u8
2026-07-20 23:32:58,765 [INFO] Capturing response: https://android.clients.google.com/c2dm/register3 200 
2026-07-20 23:32:59,596 [INFO] 
[7/14]
2026-07-20 23:32:59,596 [INFO] 🔍 beIN Sports Max 2 → https://atomsportv510.top/matches?id=bein-sports-max-2
2026-07-20 23:32:59,705 [INFO] Capturing request: https://atomsportv510.top/matches?id=bein-sports-max-2
2026-07-20 23:32:59,706 [INFO] Capturing request: https://atomsportv510.top/assets/js/clappr.js
2026-07-20 23:32:59,738 [INFO] Capturing response: https://atomsportv510.top/matches?id=bein-sports-max-2 200 
2026-07-20 23:32:59,754 [INFO] Capturing response: https://atomsportv510.top/assets/js/clappr.js 200 
2026-07-20 23:32:59,863 [INFO] Capturing request: https://teletv5.top/load/yayinlink.php?id=bein-sports-max-2
2026-07-20 23:32:59,867 [INFO] Capturing request: https://atomsportv510.top/favicon.ico
2026-07-20 23:32:59,902 [INFO] Capturing response: https://atomsportv510.top/favicon.ico 200 
2026-07-20 23:32:59,963 [INFO] Capturing request: https://streamsport365.com/cinema
2026-07-20 23:33:00,205 [INFO] Capturing response: https://streamsport365.com/cinema 200 
2026-07-20 23:33:00,359 [INFO] Capturing response: https://teletv5.top/load/yayinlink.php?id=bein-sports-max-2 200 
2026-07-20 23:33:00,479 [INFO] Capturing request: https://hlshd.korcanturkmen418.workers.dev/https://corestream.corestreamvip.mom//trtspor/tracks-v1a1/mono.m3u8
2026-07-20 23:33:00,494 [INFO] Capturing response: https://hlshd.korcanturkmen418.workers.dev/https://corestream.corestreamvip.mom//trtspor/tracks-v1a1/mono.m3u8 403 
2026-07-20 23:33:02,780 [INFO]   ✅ M3U8 bulundu: https://hlshd.korcanturkmen418.workers.dev/https://corestream.corestreamvip.mom//trtspor/tracks-v1a1/mono.m3u8
2026-07-20 23:33:03,743 [INFO] Capturing request: https://android.clients.google.com/c2dm/register3
2026-07-20 23:33:03,781 [INFO] 
[8/14]
2026-07-20 23:33:03,781 [INFO] 🔍 S Sport → https://atomsportv510.top/matches?id=s-sport
2026-07-20 23:33:03,795 [INFO] Capturing response: https://android.clients.google.com/c2dm/register3 301 
2026-07-20 23:33:03,890 [INFO] Capturing request: https://atomsportv510.top/assets/js/clappr.js
2026-07-20 23:33:03,897 [INFO] Capturing request: https://atomsportv510.top/matches?id=s-sport
2026-07-20 23:33:03,908 [INFO] Capturing response: https://atomsportv510.top/assets/js/clappr.js 200 
2026-07-20 23:33:03,937 [INFO] Capturing response: https://atomsportv510.top/matches?id=s-sport 200 
2026-07-20 23:33:03,967 [INFO] Capturing request: https://streamsport365.com/cinema
2026-07-20 23:33:04,066 [INFO] Capturing request: https://teletv5.top/load/yayinlink.php?id=s-sport
2026-07-20 23:33:04,071 [INFO] Capturing request: https://atomsportv510.top/favicon.ico
2026-07-20 23:33:04,077 [INFO] Capturing request: https://android.clients.google.com/c2dm/register3
2026-07-20 23:33:04,089 [INFO] Capturing response: https://teletv5.top/load/yayinlink.php?id=s-sport 200 
2026-07-20 23:33:04,103 [INFO] Capturing response: https://atomsportv510.top/favicon.ico 200 
2026-07-20 23:33:04,211 [INFO] Capturing response: https://streamsport365.com/cinema 200 
2026-07-20 23:33:04,331 [INFO] Capturing request: https://hlshd.korcanturkmen418.workers.dev/https://corestream.corestreamvip.mom//s-sportt/tracks-v1a1/mono.m3u8
2026-07-20 23:33:04,361 [INFO] Capturing response: https://hlshd.korcanturkmen418.workers.dev/https://corestream.corestreamvip.mom//s-sportt/tracks-v1a1/mono.m3u8 403 
2026-07-20 23:33:04,482 [INFO] Capturing response: https://android.clients.google.com/c2dm/register3 200 
2026-07-20 23:33:06,982 [INFO]   ✅ M3U8 bulundu: https://hlshd.korcanturkmen418.workers.dev/https://corestream.corestreamvip.mom//s-sportt/tracks-v1a1/mono.m3u8
2026-07-20 23:33:07,982 [INFO] 
[9/14]
2026-07-20 23:33:07,982 [INFO] 🔍 S Sport 2 → https://atomsportv510.top/matches?id=s-sport-2
2026-07-20 23:33:08,090 [INFO] Capturing request: https://atomsportv510.top/assets/js/clappr.js
2026-07-20 23:33:08,092 [INFO] Capturing request: https://atomsportv510.top/matches?id=s-sport-2
2026-07-20 23:33:08,114 [INFO] Capturing response: https://atomsportv510.top/assets/js/clappr.js 200 
2026-07-20 23:33:08,144 [INFO] Capturing response: https://atomsportv510.top/matches?id=s-sport-2 200 
2026-07-20 23:33:08,306 [INFO] Capturing request: https://teletv5.top/load/yayinlink.php?id=s-sport-2
2026-07-20 23:33:08,306 [INFO] Capturing request: https://atomsportv510.top/favicon.ico
2026-07-20 23:33:08,327 [INFO] Capturing response: https://teletv5.top/load/yayinlink.php?id=s-sport-2 200 
2026-07-20 23:33:08,341 [INFO] Capturing response: https://atomsportv510.top/favicon.ico 200 
2026-07-20 23:33:08,402 [INFO] Capturing request: https://streamsport365.com/cinema
2026-07-20 23:33:08,643 [INFO] Capturing response: https://streamsport365.com/cinema 200 
2026-07-20 23:33:08,764 [INFO] Capturing request: https://hlshd.korcanturkmen418.workers.dev/https://corestream.corestreamvip.mom//s-sport2/tracks-v1a1/mono.m3u8
2026-07-20 23:33:08,785 [INFO] Capturing response: https://hlshd.korcanturkmen418.workers.dev/https://corestream.corestreamvip.mom//s-sport2/tracks-v1a1/mono.m3u8 403 
2026-07-20 23:33:11,216 [INFO]   ✅ M3U8 bulundu: https://hlshd.korcanturkmen418.workers.dev/https://corestream.corestreamvip.mom//s-sport2/tracks-v1a1/mono.m3u8
2026-07-20 23:33:12,217 [INFO] 
[10/14]
2026-07-20 23:33:12,217 [INFO] 🔍 A Spor → https://atomsportv510.top/matches?id=a-spor
2026-07-20 23:33:12,326 [INFO] Capturing request: https://atomsportv510.top/assets/js/clappr.js
2026-07-20 23:33:12,327 [INFO] Capturing request: https://atomsportv510.top/matches?id=a-spor
2026-07-20 23:33:12,342 [INFO] Capturing response: https://atomsportv510.top/assets/js/clappr.js 200 
2026-07-20 23:33:12,369 [INFO] Capturing response: https://atomsportv510.top/matches?id=a-spor 200 
2026-07-20 23:33:12,402 [INFO] Capturing request: https://streamsport365.com/cinema
2026-07-20 23:33:12,500 [INFO] Capturing request: https://teletv5.top/load/yayinlink.php?id=a-spor
2026-07-20 23:33:12,505 [INFO] Capturing request: https://atomsportv510.top/favicon.ico
2026-07-20 23:33:12,537 [INFO] Capturing response: https://atomsportv510.top/favicon.ico 200 
2026-07-20 23:33:12,645 [INFO] Capturing response: https://streamsport365.com/cinema 200 
2026-07-20 23:33:12,651 [INFO] Capturing response: https://teletv5.top/load/yayinlink.php?id=a-spor 200 
2026-07-20 23:33:12,811 [INFO] Capturing request: https://hlshd.korcanturkmen418.workers.dev/https://corestream.corestreamvip.mom//aspor/tracks-v1a1/mono.m3u8
2026-07-20 23:33:12,833 [INFO] Capturing response: https://hlshd.korcanturkmen418.workers.dev/https://corestream.corestreamvip.mom//aspor/tracks-v1a1/mono.m3u8 403 
2026-07-20 23:33:15,412 [INFO]   ✅ M3U8 bulundu: https://hlshd.korcanturkmen418.workers.dev/https://corestream.corestreamvip.mom//aspor/tracks-v1a1/mono.m3u8
2026-07-20 23:33:16,412 [INFO] 
[11/14]
2026-07-20 23:33:16,413 [INFO] 🔍 Tivibu Spor 1 → https://atomsportv510.top/matches?id=tivibu-spor-1
2026-07-20 23:33:16,522 [INFO] Capturing request: https://atomsportv510.top/matches?id=tivibu-spor-1
2026-07-20 23:33:16,523 [INFO] Capturing request: https://atomsportv510.top/assets/js/clappr.js
2026-07-20 23:33:16,560 [INFO] Capturing response: https://atomsportv510.top/matches?id=tivibu-spor-1 200 
2026-07-20 23:33:16,575 [INFO] Capturing response: https://atomsportv510.top/assets/js/clappr.js 200 
2026-07-20 23:33:16,692 [INFO] Capturing request: https://teletv5.top/load/yayinlink.php?id=tivibu-spor-1
2026-07-20 23:33:16,694 [INFO] Capturing request: https://atomsportv510.top/favicon.ico
2026-07-20 23:33:16,710 [INFO] Capturing response: https://teletv5.top/load/yayinlink.php?id=tivibu-spor-1 200 
2026-07-20 23:33:16,721 [INFO] Capturing response: https://atomsportv510.top/favicon.ico 200 
2026-07-20 23:33:16,788 [INFO] Capturing request: https://streamsport365.com/cinema
2026-07-20 23:33:17,029 [INFO] Capturing response: https://streamsport365.com/cinema 200 
2026-07-20 23:33:17,148 [INFO] Capturing request: https://hlshd.korcanturkmen418.workers.dev/https://corestream.corestreamvip.mom//trtspor/tracks-v1a1/mono.m3u8
2026-07-20 23:33:17,165 [INFO] Capturing response: https://hlshd.korcanturkmen418.workers.dev/https://corestream.corestreamvip.mom//trtspor/tracks-v1a1/mono.m3u8 403 
2026-07-20 23:33:19,606 [INFO]   ✅ M3U8 bulundu: https://hlshd.korcanturkmen418.workers.dev/https://corestream.corestreamvip.mom//trtspor/tracks-v1a1/mono.m3u8
2026-07-20 23:33:20,606 [INFO] 
[12/14]
2026-07-20 23:33:20,606 [INFO] 🔍 Tivibu Spor 2 → https://atomsportv510.top/matches?id=tivibu-spor-2
2026-07-20 23:33:20,718 [INFO] Capturing request: https://atomsportv510.top/matches?id=tivibu-spor-2
2026-07-20 23:33:20,719 [INFO] Capturing request: https://atomsportv510.top/assets/js/clappr.js
2026-07-20 23:33:20,752 [INFO] Capturing response: https://atomsportv510.top/matches?id=tivibu-spor-2 200 
2026-07-20 23:33:20,763 [INFO] Capturing response: https://atomsportv510.top/assets/js/clappr.js 200 
2026-07-20 23:33:20,782 [INFO] Capturing request: https://streamsport365.com/cinema
2026-07-20 23:33:20,884 [INFO] Capturing request: https://teletv5.top/load/yayinlink.php?id=tivibu-spor-2
2026-07-20 23:33:20,886 [INFO] Capturing request: https://atomsportv510.top/favicon.ico
2026-07-20 23:33:20,904 [INFO] Capturing response: https://teletv5.top/load/yayinlink.php?id=tivibu-spor-2 200 
2026-07-20 23:33:20,915 [INFO] Capturing response: https://atomsportv510.top/favicon.ico 200 
2026-07-20 23:33:21,024 [INFO] Capturing response: https://streamsport365.com/cinema 200 
2026-07-20 23:33:21,142 [INFO] Capturing request: https://hlshd.korcanturkmen418.workers.dev/https://corestream.corestreamvip.mom//trtspor/tracks-v1a1/mono.m3u8
2026-07-20 23:33:21,157 [INFO] Capturing response: https://hlshd.korcanturkmen418.workers.dev/https://corestream.corestreamvip.mom//trtspor/tracks-v1a1/mono.m3u8 403 
2026-07-20 23:33:23,795 [INFO]   ✅ M3U8 bulundu: https://hlshd.korcanturkmen418.workers.dev/https://corestream.corestreamvip.mom//trtspor/tracks-v1a1/mono.m3u8
2026-07-20 23:33:24,796 [INFO] 
[13/14]
2026-07-20 23:33:24,796 [INFO] 🔍 Tivibu Spor 3 → https://atomsportv510.top/matches?id=tivibu-spor-3
2026-07-20 23:33:24,903 [INFO] Capturing request: https://atomsportv510.top/assets/js/clappr.js
2026-07-20 23:33:24,905 [INFO] Capturing request: https://atomsportv510.top/matches?id=tivibu-spor-3
2026-07-20 23:33:24,922 [INFO] Capturing response: https://atomsportv510.top/assets/js/clappr.js 200 
2026-07-20 23:33:24,946 [INFO] Capturing response: https://atomsportv510.top/matches?id=tivibu-spor-3 200 
2026-07-20 23:33:25,105 [INFO] Capturing request: https://teletv5.top/load/yayinlink.php?id=tivibu-spor-3
2026-07-20 23:33:25,108 [INFO] Capturing request: https://atomsportv510.top/favicon.ico
2026-07-20 23:33:25,125 [INFO] Capturing response: https://teletv5.top/load/yayinlink.php?id=tivibu-spor-3 200 
2026-07-20 23:33:25,137 [INFO] Capturing response: https://atomsportv510.top/favicon.ico 200 
2026-07-20 23:33:25,203 [INFO] Capturing request: https://streamsport365.com/cinema
2026-07-20 23:33:25,446 [INFO] Capturing response: https://streamsport365.com/cinema 200 
2026-07-20 23:33:25,565 [INFO] Capturing request: https://hlshd.korcanturkmen418.workers.dev/https://corestream.corestreamvip.mom//trtspor/tracks-v1a1/mono.m3u8
2026-07-20 23:33:25,584 [INFO] Capturing response: https://hlshd.korcanturkmen418.workers.dev/https://corestream.corestreamvip.mom//trtspor/tracks-v1a1/mono.m3u8 403 
2026-07-20 23:33:28,017 [INFO]   ✅ M3U8 bulundu: https://hlshd.korcanturkmen418.workers.dev/https://corestream.corestreamvip.mom//trtspor/tracks-v1a1/mono.m3u8
2026-07-20 23:33:29,018 [INFO] 
[14/14]
2026-07-20 23:33:29,018 [INFO] 🔍 Tivibu Spor 4 → https://atomsportv510.top/matches?id=tivibu-spor-4
2026-07-20 23:33:29,126 [INFO] Capturing request: https://atomsportv510.top/assets/js/clappr.js
2026-07-20 23:33:29,128 [INFO] Capturing request: https://atomsportv510.top/matches?id=tivibu-spor-4
2026-07-20 23:33:29,142 [INFO] Capturing response: https://atomsportv510.top/assets/js/clappr.js 200 
2026-07-20 23:33:29,365 [INFO] Capturing response: https://atomsportv510.top/matches?id=tivibu-spor-4 200 
2026-07-20 23:33:29,401 [INFO] Capturing request: https://streamsport365.com/cinema
2026-07-20 23:33:29,500 [INFO] Capturing request: https://teletv5.top/load/yayinlink.php?id=tivibu-spor-4
2026-07-20 23:33:29,502 [INFO] Capturing request: https://atomsportv510.top/favicon.ico
2026-07-20 23:33:29,520 [INFO] Capturing response: https://teletv5.top/load/yayinlink.php?id=tivibu-spor-4 200 
2026-07-20 23:33:29,531 [INFO] Capturing response: https://atomsportv510.top/favicon.ico 200 
2026-07-20 23:33:29,643 [INFO] Capturing response: https://streamsport365.com/cinema 200 
2026-07-20 23:33:33,256 [INFO] Capturing request: https://update.googleapis.com/service/update2/json?cup2key=16:QsWA5pIz05xXEKo4copKU5o5pIfJrJX3Naw9LRdTbUM&cup2hreq=3687a73066ce5141e4f151222a1fd5cb792413427dbc8207ce1959506dbf5504
2026-07-20 23:33:33,279 [INFO] Capturing response: https://update.googleapis.com/service/update2/json?cup2key=16:QsWA5pIz05xXEKo4copKU5o5pIfJrJX3Naw9LRdTbUM&cup2hreq=3687a73066ce5141e4f151222a1fd5cb792413427dbc8207ce1959506dbf5504 200 
2026-07-20 23:33:33,286 [INFO] Capturing request: http://edgedl.me.gvt1.com/edgedl/diffgen-puffin/gcmjkmgdlgnkkcocmoeiminaijmmjnii/df2a22d5ecc7788c3330ebd5f856b41531c74f412a01ed7453d11284708009fe
2026-07-20 23:33:33,306 [INFO] Capturing response: http://edgedl.me.gvt1.com/edgedl/diffgen-puffin/gcmjkmgdlgnkkcocmoeiminaijmmjnii/df2a22d5ecc7788c3330ebd5f856b41531c74f412a01ed7453d11284708009fe 200 OK
2026-07-20 23:33:33,332 [INFO] Capturing request: https://update.googleapis.com/service/update2/json
2026-07-20 23:33:33,355 [INFO] Capturing response: https://update.googleapis.com/service/update2/json 200 
2026-07-20 23:33:33,399 [INFO] Capturing request: http://edgedl.me.gvt1.com/edgedl/release2/chrome_component/l6q5bn7cgljvd6h3cw6ix65sga_10660/hfnkpimlhhgieaddgfemjhofmfblmnib_10660_all_bhuu2telmxgxho24dmlbgmkgti.crx3
2026-07-20 23:33:33,424 [INFO] Capturing response: http://edgedl.me.gvt1.com/edgedl/release2/chrome_component/l6q5bn7cgljvd6h3cw6ix65sga_10660/hfnkpimlhhgieaddgfemjhofmfblmnib_10660_all_bhuu2telmxgxho24dmlbgmkgti.crx3 200 OK
2026-07-20 23:33:33,456 [INFO] Capturing request: https://update.googleapis.com/service/update2/json
2026-07-20 23:33:33,479 [INFO] Capturing response: https://update.googleapis.com/service/update2/json 200 
2026-07-20 23:33:59,767 [INFO] Capturing request: https://android.clients.google.com/c2dm/register3
2026-07-20 23:33:59,815 [INFO] Capturing response: https://android.clients.google.com/c2dm/register3 301 
2026-07-20 23:34:02,676 [WARNING]   ❌ Tivibu Spor 4 için M3U8 bulunamadı
2026-07-20 23:34:03,743 [INFO] ✅ 13 kanal bulundu, playlist.m3u kaydedildi
