2026-06-14 21:15:22,521 [INFO] 🌐 BASE_URL: https://atomsportv506.top
2026-06-14 21:15:23,442 [INFO] Başlanıyor... 14 kanal taranacak
2026-06-14 21:15:23,443 [INFO] Using default request storage
2026-06-14 21:15:23,447 [INFO] Created proxy listening on 127.0.0.1:37697
2026-06-14 21:15:24,120 [INFO] Capturing request: http://clients2.google.com/time/1/current?cup2key=10:m7b5ox4CgNSJNFPtkJcYtroPDQKdt2RLJeXEbFbPa8I&cup2hreq=e3b0c44298fc1c149afbf4c8996fb92427ae41e4649b934ca495991b7852b855
2026-06-14 21:15:24,163 [INFO] Capturing response: http://clients2.google.com/time/1/current?cup2key=10:m7b5ox4CgNSJNFPtkJcYtroPDQKdt2RLJeXEbFbPa8I&cup2hreq=e3b0c44298fc1c149afbf4c8996fb92427ae41e4649b934ca495991b7852b855 200 OK
2026-06-14 21:15:24,241 [INFO] 
[1/14]
2026-06-14 21:15:24,241 [INFO] 🔍 beIN Sports 1 → https://atomsportv506.top/matches?id=bein-sports-1
2026-06-14 21:15:24,306 [INFO] Capturing request: https://accounts.google.com/ListAccounts?gpsia=1&source=ChromiumBrowser&json=standard&laf=b64bin
2026-06-14 21:15:24,373 [INFO] Capturing response: https://accounts.google.com/ListAccounts?gpsia=1&source=ChromiumBrowser&json=standard&laf=b64bin 200 
2026-06-14 21:15:24,428 [INFO] Capturing request: https://atomsportv506.top/matches?id=bein-sports-1
2026-06-14 21:15:24,551 [INFO] Capturing response: https://atomsportv506.top/matches?id=bein-sports-1 200 
2026-06-14 21:15:24,681 [INFO] Capturing request: https://www.google.com/async/folae?async=_fmt:pb&udm=50&client_locale=en-US
2026-06-14 21:15:24,702 [INFO] Capturing response: https://www.google.com/async/folae?async=_fmt:pb&udm=50&client_locale=en-US 200 
2026-06-14 21:15:24,705 [INFO] Capturing request: https://atomsportv506.top/assets/js/clappr.js
2026-06-14 21:15:24,747 [INFO] Capturing response: https://atomsportv506.top/assets/js/clappr.js 200 
2026-06-14 21:15:24,759 [INFO] Capturing request: https://cdnjs.cloudflare.com/ajax/libs/jquery/3.2.1/jquery.min.js
2026-06-14 21:15:24,771 [INFO] Capturing request: https://cdn.jsdelivr.net/npm/@clappr/player@latest/dist/clappr.min.js
2026-06-14 21:15:24,784 [INFO] Capturing response: https://cdnjs.cloudflare.com/ajax/libs/jquery/3.2.1/jquery.min.js 200 
2026-06-14 21:15:24,797 [INFO] Capturing response: https://cdn.jsdelivr.net/npm/@clappr/player@latest/dist/clappr.min.js 200 
2026-06-14 21:15:24,980 [INFO] Capturing request: https://static.cloudflareinsights.com/beacon.min.js/v833ccba57c9e4d2798f2e76cebdd09a11778172276447
2026-06-14 21:15:24,998 [INFO] Capturing response: https://static.cloudflareinsights.com/beacon.min.js/v833ccba57c9e4d2798f2e76cebdd09a11778172276447 200 
2026-06-14 21:15:25,060 [INFO] Capturing request: https://atomsportv506.top/cdn-cgi/rum?
2026-06-14 21:15:25,163 [INFO] Capturing request: https://atomsportv506.top/favicon.ico
2026-06-14 21:15:25,215 [INFO] Capturing response: https://atomsportv506.top/favicon.ico 200 
2026-06-14 21:15:25,217 [INFO] Capturing response: https://atomsportv506.top/cdn-cgi/rum? 204 
2026-06-14 21:15:25,495 [INFO] Capturing request: https://teletv5.top/load/yayinlink.php?id=bein-sports-1
2026-06-14 21:15:25,591 [INFO] Capturing request: https://streamsport365.com/cinema
2026-06-14 21:15:25,686 [INFO] Capturing response: https://teletv5.top/load/yayinlink.php?id=bein-sports-1 200 
2026-06-14 21:15:25,847 [INFO] Capturing response: https://streamsport365.com/cinema 200 
2026-06-14 21:15:25,978 [INFO] Capturing request: https://atomsportv506.top/assets/img/player_logo_6880e4e4c52ee.png
2026-06-14 21:15:26,026 [INFO] Capturing response: https://atomsportv506.top/assets/img/player_logo_6880e4e4c52ee.png 200 
2026-06-14 21:15:26,070 [INFO] Capturing request: https://hlssssssssssssssssss.yedeklinksa35.workers.dev/https://corestream.ronaldovurdu.help//aspor/tracks-v1a1/mono.m3u8
2026-06-14 21:15:26,300 [INFO] Capturing response: https://hlssssssssssssssssss.yedeklinksa35.workers.dev/https://corestream.ronaldovurdu.help//aspor/tracks-v1a1/mono.m3u8 200 
2026-06-14 21:15:26,535 [INFO] Capturing request: https://ts.yedeklinksa35.workers.dev/aspor/tracks-v1a1/2026/06/14/21/15/38-06000.avif
2026-06-14 21:15:26,912 [INFO] Capturing request: https://android.clients.google.com/checkin
2026-06-14 21:15:27,015 [INFO] Capturing response: https://ts.yedeklinksa35.workers.dev/aspor/tracks-v1a1/2026/06/14/21/15/38-06000.avif 200 
2026-06-14 21:15:27,024 [INFO] Capturing response: https://android.clients.google.com/checkin 200 
2026-06-14 21:15:27,082 [INFO] Capturing request: https://android.clients.google.com/c2dm/register3
2026-06-14 21:15:27,094 [INFO] Capturing request: https://android.clients.google.com/c2dm/register3
2026-06-14 21:15:27,096 [INFO] Capturing request: https://android.clients.google.com/c2dm/register3
2026-06-14 21:15:27,133 [INFO] Capturing response: https://android.clients.google.com/c2dm/register3 200 
2026-06-14 21:15:27,145 [INFO] Capturing response: https://android.clients.google.com/c2dm/register3 200 
2026-06-14 21:15:27,149 [INFO] Capturing response: https://android.clients.google.com/c2dm/register3 200 
2026-06-14 21:15:27,335 [INFO] Capturing request: https://ts.yedeklinksa35.workers.dev/aspor/tracks-v1a1/2026/06/14/21/15/44-06000.avif
2026-06-14 21:15:27,898 [INFO] Capturing response: https://ts.yedeklinksa35.workers.dev/aspor/tracks-v1a1/2026/06/14/21/15/44-06000.avif 200 
2026-06-14 21:15:28,095 [INFO]   ✅ M3U8 bulundu: https://hlssssssssssssssssss.yedeklinksa35.workers.dev/https://corestream.ronaldovurdu.help//aspor/tracks-v1a1/mono.m3u8
2026-06-14 21:15:28,184 [INFO] Capturing request: https://ts.yedeklinksa35.workers.dev/aspor/tracks-v1a1/2026/06/14/21/15/50-06000.avif
2026-06-14 21:15:29,096 [INFO] 
[2/14]
2026-06-14 21:15:29,096 [INFO] 🔍 beIN Sports 2 → https://atomsportv506.top/matches?id=bein-sports-2
2026-06-14 21:15:29,208 [INFO] Capturing request: https://atomsportv506.top/matches?id=bein-sports-2
2026-06-14 21:15:29,254 [INFO] Capturing response: https://atomsportv506.top/matches?id=bein-sports-2 200 
2026-06-14 21:15:29,268 [INFO] Capturing request: https://atomsportv506.top/cdn-cgi/rum?
2026-06-14 21:15:29,319 [INFO] Capturing request: https://streamsport365.com/cinema
2026-06-14 21:15:29,328 [INFO] Capturing request: https://atomsportv506.top/cdn-cgi/rum?
2026-06-14 21:15:29,419 [INFO] Capturing request: https://teletv5.top/load/yayinlink.php?id=bein-sports-2
2026-06-14 21:15:29,426 [INFO] Capturing request: https://atomsportv506.top/favicon.ico
2026-06-14 21:15:29,430 [INFO] Capturing response: https://atomsportv506.top/cdn-cgi/rum? 204 
2026-06-14 21:15:29,456 [INFO] Capturing response: https://atomsportv506.top/favicon.ico 200 
2026-06-14 21:15:29,482 [INFO] Capturing response: https://atomsportv506.top/cdn-cgi/rum? 204 
2026-06-14 21:15:29,567 [INFO] Capturing response: https://streamsport365.com/cinema 200 
2026-06-14 21:15:29,585 [INFO] Capturing response: https://teletv5.top/load/yayinlink.php?id=bein-sports-2 200 
2026-06-14 21:15:29,710 [INFO] Capturing request: https://hlssssssssssssssssss.yedeklinksa35.workers.dev/https://corestream.ronaldovurdu.help//bein2/tracks-v1a1/mono.m3u8
2026-06-14 21:15:29,834 [INFO] Capturing response: https://hlssssssssssssssssss.yedeklinksa35.workers.dev/https://corestream.ronaldovurdu.help//bein2/tracks-v1a1/mono.m3u8 200 
2026-06-14 21:15:29,945 [INFO] Capturing request: https://ts.yedeklinksa35.workers.dev/bein2/tracks-v1a1/2026/06/14/21/15/57-10000.avif
2026-06-14 21:15:30,324 [INFO] Capturing response: https://ts.yedeklinksa35.workers.dev/aspor/tracks-v1a1/2026/06/14/21/15/50-06000.avif 200 
2026-06-14 21:15:30,413 [INFO] Capturing response: https://ts.yedeklinksa35.workers.dev/bein2/tracks-v1a1/2026/06/14/21/15/57-10000.avif 200 
2026-06-14 21:15:30,446 [INFO] 127.0.0.1:45636: ProtocolException("Error in HTTP connection: Http2ZombieException('Connection or stream already dead: 1781471730.4456606, False')")
2026-06-14 21:15:30,710 [INFO] Capturing request: https://ts.yedeklinksa35.workers.dev/bein2/tracks-v1a1/2026/06/14/21/16/07-10000.avif
2026-06-14 21:15:31,072 [INFO] Capturing response: https://ts.yedeklinksa35.workers.dev/bein2/tracks-v1a1/2026/06/14/21/16/07-10000.avif 200 
2026-06-14 21:15:31,310 [INFO] Capturing request: https://ts.yedeklinksa35.workers.dev/bein2/tracks-v1a1/2026/06/14/21/16/17-10000.avif
2026-06-14 21:15:31,704 [INFO] Capturing response: https://ts.yedeklinksa35.workers.dev/bein2/tracks-v1a1/2026/06/14/21/16/17-10000.avif 200 
2026-06-14 21:15:32,345 [INFO]   ✅ M3U8 bulundu: https://hlssssssssssssssssss.yedeklinksa35.workers.dev/https://corestream.ronaldovurdu.help//bein2/tracks-v1a1/mono.m3u8
2026-06-14 21:15:33,346 [INFO] 
[3/14]
2026-06-14 21:15:33,346 [INFO] 🔍 beIN Sports 3 → https://atomsportv506.top/matches?id=bein-sports-3
2026-06-14 21:15:33,463 [INFO] Capturing request: https://atomsportv506.top/assets/js/clappr.js
2026-06-14 21:15:33,465 [INFO] Capturing request: https://atomsportv506.top/matches?id=bein-sports-3
2026-06-14 21:15:33,481 [INFO] Capturing response: https://atomsportv506.top/assets/js/clappr.js 200 
2026-06-14 21:15:33,519 [INFO] Capturing response: https://atomsportv506.top/matches?id=bein-sports-3 200 
2026-06-14 21:15:33,529 [INFO] Capturing request: https://atomsportv506.top/cdn-cgi/rum?
2026-06-14 21:15:33,562 [INFO] Capturing request: https://atomsportv506.top/cdn-cgi/rum?
2026-06-14 21:15:33,658 [INFO] Capturing request: https://teletv5.top/load/yayinlink.php?id=bein-sports-3
2026-06-14 21:15:33,663 [INFO] Capturing request: https://atomsportv506.top/favicon.ico
2026-06-14 21:15:33,667 [INFO] Capturing response: https://atomsportv506.top/cdn-cgi/rum? 204 
2026-06-14 21:15:33,696 [INFO] Capturing response: https://atomsportv506.top/favicon.ico 200 
2026-06-14 21:15:33,713 [INFO] Capturing response: https://atomsportv506.top/cdn-cgi/rum? 204 
2026-06-14 21:15:33,757 [INFO] Capturing request: https://streamsport365.com/cinema
2026-06-14 21:15:33,829 [INFO] Capturing response: https://teletv5.top/load/yayinlink.php?id=bein-sports-3 200 
2026-06-14 21:15:34,001 [INFO] Capturing response: https://streamsport365.com/cinema 200 
2026-06-14 21:15:47,309 [INFO] Capturing request: https://android.clients.google.com/c2dm/register3
2026-06-14 21:15:48,150 [INFO] Capturing response: https://android.clients.google.com/c2dm/register3 200 
2026-06-14 21:15:50,024 [INFO] Capturing request: https://android.clients.google.com/c2dm/register3
2026-06-14 21:15:50,063 [INFO] Capturing response: https://android.clients.google.com/c2dm/register3 301 
2026-06-14 21:15:53,688 [INFO] Capturing request: https://android.clients.google.com/c2dm/register3
2026-06-14 21:15:54,301 [INFO] Capturing response: https://android.clients.google.com/c2dm/register3 200 
2026-06-14 21:16:06,953 [WARNING]   ❌ beIN Sports 3 için M3U8 bulunamadı
2026-06-14 21:16:07,953 [INFO] 
[4/14]
2026-06-14 21:16:07,953 [INFO] 🔍 beIN Sports 4 → https://atomsportv506.top/matches?id=bein-sports-4
2026-06-14 21:16:08,063 [INFO] Capturing request: https://atomsportv506.top/assets/js/clappr.js
2026-06-14 21:16:08,065 [INFO] Capturing request: https://atomsportv506.top/matches?id=bein-sports-4
2026-06-14 21:16:08,111 [INFO] Capturing response: https://atomsportv506.top/assets/js/clappr.js 200 
2026-06-14 21:16:08,765 [INFO] Capturing response: https://atomsportv506.top/matches?id=bein-sports-4 200 
2026-06-14 21:16:08,775 [INFO] Capturing request: https://atomsportv506.top/cdn-cgi/rum?
2026-06-14 21:16:08,807 [INFO] Capturing request: https://atomsportv506.top/cdn-cgi/rum?
2026-06-14 21:16:08,886 [INFO] Capturing response: https://atomsportv506.top/cdn-cgi/rum? 204 
2026-06-14 21:16:08,903 [INFO] Capturing request: https://teletv5.top/load/yayinlink.php?id=bein-sports-4
2026-06-14 21:16:08,910 [INFO] Capturing request: https://atomsportv506.top/favicon.ico
2026-06-14 21:16:08,947 [INFO] Capturing response: https://atomsportv506.top/favicon.ico 200 
2026-06-14 21:16:08,958 [INFO] Capturing response: https://atomsportv506.top/cdn-cgi/rum? 204 
2026-06-14 21:16:09,003 [INFO] Capturing request: https://streamsport365.com/cinema
2026-06-14 21:16:09,258 [INFO] Capturing response: https://streamsport365.com/cinema 200 
2026-06-14 21:16:09,446 [INFO] Capturing response: https://teletv5.top/load/yayinlink.php?id=bein-sports-4 200 
2026-06-14 21:16:24,166 [INFO] Capturing request: https://update.googleapis.com/service/update2/json?cup2key=16:joYqGgbE5Mq-qVei5prEM-FVxWSUG2_I2jDN--885F0&cup2hreq=e41dfcba18f2f8a223394c14df29cdf0b2563be1875d3e259f1fcd2547c2768d
2026-06-14 21:16:24,194 [INFO] Capturing response: https://update.googleapis.com/service/update2/json?cup2key=16:joYqGgbE5Mq-qVei5prEM-FVxWSUG2_I2jDN--885F0&cup2hreq=e41dfcba18f2f8a223394c14df29cdf0b2563be1875d3e259f1fcd2547c2768d 200 
2026-06-14 21:16:24,208 [INFO] Capturing request: http://edgedl.me.gvt1.com/edgedl/diffgen-puffin/gcmjkmgdlgnkkcocmoeiminaijmmjnii/71d926df14cb4c89c6f8f88e6c0bfcf6fe1e1a256ca7f8db04002a111af4c5b0
2026-06-14 21:16:24,219 [INFO] Capturing response: http://edgedl.me.gvt1.com/edgedl/diffgen-puffin/gcmjkmgdlgnkkcocmoeiminaijmmjnii/71d926df14cb4c89c6f8f88e6c0bfcf6fe1e1a256ca7f8db04002a111af4c5b0 200 OK
2026-06-14 21:16:24,250 [INFO] Capturing request: https://update.googleapis.com/service/update2/json
2026-06-14 21:16:24,273 [INFO] Capturing response: https://update.googleapis.com/service/update2/json 200 
2026-06-14 21:16:24,318 [INFO] Capturing request: http://edgedl.me.gvt1.com/edgedl/release2/chrome_component/acmozhloyhxsole6wzkmj2w3me5a_10586/hfnkpimlhhgieaddgfemjhofmfblmnib_10586_all_adwhniaa6wlh3twm5ksvkndlbqjq.crx3
2026-06-14 21:16:24,335 [INFO] Capturing response: http://edgedl.me.gvt1.com/edgedl/release2/chrome_component/acmozhloyhxsole6wzkmj2w3me5a_10586/hfnkpimlhhgieaddgfemjhofmfblmnib_10586_all_adwhniaa6wlh3twm5ksvkndlbqjq.crx3 200 OK
2026-06-14 21:16:24,369 [INFO] Capturing request: https://update.googleapis.com/service/update2/json
2026-06-14 21:16:24,394 [INFO] Capturing response: https://update.googleapis.com/service/update2/json 200 
2026-06-14 21:16:42,159 [WARNING]   ❌ beIN Sports 4 için M3U8 bulunamadı
2026-06-14 21:16:43,159 [INFO] 
[5/14]
2026-06-14 21:16:43,159 [INFO] 🔍 beIN Sports 5 → https://atomsportv506.top/matches?id=bein-sports-5
2026-06-14 21:16:43,322 [INFO] Capturing request: https://atomsportv506.top/matches?id=bein-sports-5
2026-06-14 21:16:43,327 [INFO] Capturing request: https://atomsportv506.top/assets/js/clappr.js
2026-06-14 21:16:43,360 [INFO] Capturing response: https://atomsportv506.top/assets/js/clappr.js 200 
2026-06-14 21:16:43,600 [INFO] Capturing response: https://atomsportv506.top/matches?id=bein-sports-5 200 
2026-06-14 21:16:43,612 [INFO] Capturing request: https://atomsportv506.top/cdn-cgi/rum?
2026-06-14 21:16:43,643 [INFO] Capturing request: https://atomsportv506.top/cdn-cgi/rum?
2026-06-14 21:16:43,742 [INFO] Capturing request: https://atomsportv506.top/favicon.ico
2026-06-14 21:16:43,756 [INFO] Capturing response: https://atomsportv506.top/cdn-cgi/rum? 204 
2026-06-14 21:16:43,758 [INFO] Capturing response: https://atomsportv506.top/cdn-cgi/rum? 204 
2026-06-14 21:16:43,779 [INFO] Capturing response: https://atomsportv506.top/favicon.ico 200 
2026-06-14 21:16:43,788 [INFO] Capturing request: https://teletv5.top/load/yayinlink.php?id=bein-sports-5
2026-06-14 21:16:44,097 [INFO] Capturing response: https://teletv5.top/load/yayinlink.php?id=bein-sports-5 200 
2026-06-14 21:16:44,255 [INFO] Capturing request: https://streamsport365.com/cinema
2026-06-14 21:16:44,518 [INFO] Capturing response: https://streamsport365.com/cinema 200 
2026-06-14 21:16:47,562 [INFO] Capturing request: https://android.clients.google.com/c2dm/register3
2026-06-14 21:16:47,606 [INFO] Capturing response: https://android.clients.google.com/c2dm/register3 301 
2026-06-14 21:17:16,980 [WARNING]   ❌ beIN Sports 5 için M3U8 bulunamadı
2026-06-14 21:17:17,980 [INFO] 
[6/14]
2026-06-14 21:17:17,980 [INFO] 🔍 beIN Sports Max 1 → https://atomsportv506.top/matches?id=bein-sports-max-1
2026-06-14 21:17:18,091 [INFO] Capturing request: https://atomsportv506.top/matches?id=bein-sports-max-1
2026-06-14 21:17:18,093 [INFO] Capturing request: https://atomsportv506.top/assets/js/clappr.js
2026-06-14 21:17:18,158 [INFO] Capturing response: https://atomsportv506.top/assets/js/clappr.js 200 
2026-06-14 21:17:18,551 [INFO] Capturing response: https://atomsportv506.top/matches?id=bein-sports-max-1 200 
2026-06-14 21:17:18,560 [INFO] Capturing request: https://atomsportv506.top/cdn-cgi/rum?
2026-06-14 21:17:18,590 [INFO] Capturing request: https://atomsportv506.top/cdn-cgi/rum?
2026-06-14 21:17:18,682 [INFO] Capturing request: https://teletv5.top/load/yayinlink.php?id=bein-sports-max-1
2026-06-14 21:17:18,693 [INFO] Capturing request: https://atomsportv506.top/favicon.ico
2026-06-14 21:17:18,699 [INFO] Capturing response: https://atomsportv506.top/cdn-cgi/rum? 204 
2026-06-14 21:17:18,701 [INFO] Capturing response: https://atomsportv506.top/cdn-cgi/rum? 204 
2026-06-14 21:17:18,730 [INFO] Capturing response: https://atomsportv506.top/favicon.ico 200 
2026-06-14 21:17:18,789 [INFO] Capturing request: https://streamsport365.com/cinema
2026-06-14 21:17:18,963 [INFO] Capturing response: https://teletv5.top/load/yayinlink.php?id=bein-sports-max-1 200 
2026-06-14 21:17:19,034 [INFO] Capturing response: https://streamsport365.com/cinema 200 
2026-06-14 21:17:51,933 [WARNING]   ❌ beIN Sports Max 1 için M3U8 bulunamadı
2026-06-14 21:17:52,933 [INFO] 
[7/14]
2026-06-14 21:17:52,933 [INFO] 🔍 beIN Sports Max 2 → https://atomsportv506.top/matches?id=bein-sports-max-2
2026-06-14 21:17:53,044 [INFO] Capturing request: https://atomsportv506.top/assets/js/clappr.js
2026-06-14 21:17:53,047 [INFO] Capturing request: https://atomsportv506.top/matches?id=bein-sports-max-2
2026-06-14 21:17:53,066 [INFO] Capturing response: https://atomsportv506.top/assets/js/clappr.js 200 
2026-06-14 21:17:53,332 [INFO] Capturing response: https://atomsportv506.top/matches?id=bein-sports-max-2 200 
2026-06-14 21:17:53,343 [INFO] Capturing request: https://atomsportv506.top/cdn-cgi/rum?
2026-06-14 21:17:53,378 [INFO] Capturing request: https://atomsportv506.top/cdn-cgi/rum?
2026-06-14 21:17:53,453 [INFO] Capturing response: https://atomsportv506.top/cdn-cgi/rum? 204 
2026-06-14 21:17:53,476 [INFO] Capturing request: https://teletv5.top/load/yayinlink.php?id=bein-sports-max-2
2026-06-14 21:17:53,482 [INFO] Capturing request: https://atomsportv506.top/favicon.ico
2026-06-14 21:17:53,512 [INFO] Capturing response: https://atomsportv506.top/favicon.ico 200 
2026-06-14 21:17:53,530 [INFO] Capturing response: https://atomsportv506.top/cdn-cgi/rum? 204 
2026-06-14 21:17:53,575 [INFO] Capturing request: https://streamsport365.com/cinema
2026-06-14 21:17:53,633 [INFO] Capturing response: https://teletv5.top/load/yayinlink.php?id=bein-sports-max-2 200 
2026-06-14 21:17:53,819 [INFO] Capturing response: https://streamsport365.com/cinema 200 
2026-06-14 21:18:17,760 [INFO] Capturing request: https://android.clients.google.com/c2dm/register3
2026-06-14 21:18:17,797 [INFO] Capturing response: https://android.clients.google.com/c2dm/register3 301 
2026-06-14 21:18:26,725 [WARNING]   ❌ beIN Sports Max 2 için M3U8 bulunamadı
2026-06-14 21:18:27,725 [INFO] 
[8/14]
2026-06-14 21:18:27,726 [INFO] 🔍 S Sport → https://atomsportv506.top/matches?id=s-sport
2026-06-14 21:18:27,839 [INFO] Capturing request: https://atomsportv506.top/assets/js/clappr.js
2026-06-14 21:18:27,840 [INFO] Capturing request: https://atomsportv506.top/matches?id=s-sport
2026-06-14 21:18:27,863 [INFO] Capturing response: https://atomsportv506.top/assets/js/clappr.js 200 
2026-06-14 21:18:28,131 [INFO] Capturing response: https://atomsportv506.top/matches?id=s-sport 200 
2026-06-14 21:18:28,144 [INFO] Capturing request: https://atomsportv506.top/cdn-cgi/rum?
2026-06-14 21:18:28,174 [INFO] Capturing request: https://atomsportv506.top/cdn-cgi/rum?
2026-06-14 21:18:28,254 [INFO] Capturing response: https://atomsportv506.top/cdn-cgi/rum? 204 
2026-06-14 21:18:28,271 [INFO] Capturing request: https://teletv5.top/load/yayinlink.php?id=s-sport
2026-06-14 21:18:28,275 [INFO] Capturing request: https://atomsportv506.top/favicon.ico
2026-06-14 21:18:28,308 [INFO] Capturing response: https://atomsportv506.top/favicon.ico 200 
2026-06-14 21:18:28,325 [INFO] Capturing response: https://atomsportv506.top/cdn-cgi/rum? 204 
2026-06-14 21:18:28,371 [INFO] Capturing request: https://streamsport365.com/cinema
2026-06-14 21:18:28,434 [INFO] Capturing response: https://teletv5.top/load/yayinlink.php?id=s-sport 200 
2026-06-14 21:18:28,620 [INFO] Capturing response: https://streamsport365.com/cinema 200 
2026-06-14 21:18:28,779 [INFO] Capturing request: https://hlssssssssssssssssss.yedeklinksa35.workers.dev/https://corestream.ronaldovurdu.help//s-sportt/tracks-v1a1/mono.m3u8
2026-06-14 21:18:28,933 [INFO] Capturing response: https://hlssssssssssssssssss.yedeklinksa35.workers.dev/https://corestream.ronaldovurdu.help//s-sportt/tracks-v1a1/mono.m3u8 200 
2026-06-14 21:18:29,129 [INFO] Capturing request: https://ts.yedeklinksa35.workers.dev/s-sportt/tracks-v1a1/2026/06/14/21/18/41-06000.avif
2026-06-14 21:18:29,548 [INFO] Capturing response: https://ts.yedeklinksa35.workers.dev/s-sportt/tracks-v1a1/2026/06/14/21/18/41-06000.avif 200 
2026-06-14 21:18:29,793 [INFO] Capturing request: https://ts.yedeklinksa35.workers.dev/s-sportt/tracks-v1a1/2026/06/14/21/18/47-06000.avif
2026-06-14 21:18:30,129 [INFO] Capturing response: https://ts.yedeklinksa35.workers.dev/s-sportt/tracks-v1a1/2026/06/14/21/18/47-06000.avif 200 
2026-06-14 21:18:30,384 [INFO] Capturing request: https://ts.yedeklinksa35.workers.dev/s-sportt/tracks-v1a1/2026/06/14/21/18/53-06000.avif
2026-06-14 21:18:30,758 [INFO] Capturing response: https://ts.yedeklinksa35.workers.dev/s-sportt/tracks-v1a1/2026/06/14/21/18/53-06000.avif 200 
2026-06-14 21:18:31,199 [INFO]   ✅ M3U8 bulundu: https://hlssssssssssssssssss.yedeklinksa35.workers.dev/https://corestream.ronaldovurdu.help//s-sportt/tracks-v1a1/mono.m3u8
2026-06-14 21:18:32,200 [INFO] 
[9/14]
2026-06-14 21:18:32,200 [INFO] 🔍 S Sport 2 → https://atomsportv506.top/matches?id=s-sport-2
2026-06-14 21:18:32,311 [INFO] Capturing request: https://atomsportv506.top/assets/js/clappr.js
2026-06-14 21:18:32,314 [INFO] Capturing request: https://atomsportv506.top/matches?id=s-sport-2
2026-06-14 21:18:32,330 [INFO] Capturing response: https://atomsportv506.top/assets/js/clappr.js 200 
2026-06-14 21:18:32,362 [INFO] Capturing response: https://atomsportv506.top/matches?id=s-sport-2 200 
2026-06-14 21:18:32,374 [INFO] Capturing request: https://atomsportv506.top/cdn-cgi/rum?
2026-06-14 21:18:32,408 [INFO] Capturing request: https://streamsport365.com/cinema
2026-06-14 21:18:32,409 [INFO] Capturing request: https://atomsportv506.top/cdn-cgi/rum?
2026-06-14 21:18:32,507 [INFO] Capturing request: https://teletv5.top/load/yayinlink.php?id=s-sport-2
2026-06-14 21:18:32,519 [INFO] Capturing request: https://atomsportv506.top/favicon.ico
2026-06-14 21:18:32,523 [INFO] Capturing response: https://atomsportv506.top/cdn-cgi/rum? 204 
2026-06-14 21:18:32,525 [INFO] Capturing response: https://atomsportv506.top/cdn-cgi/rum? 204 
2026-06-14 21:18:32,548 [INFO] Capturing response: https://atomsportv506.top/favicon.ico 200 
2026-06-14 21:18:32,653 [INFO] Capturing response: https://streamsport365.com/cinema 200 
2026-06-14 21:18:32,659 [INFO] Capturing response: https://teletv5.top/load/yayinlink.php?id=s-sport-2 200 
2026-06-14 21:18:32,819 [INFO] Capturing request: https://hlssssssssssssssssss.yedeklinksa35.workers.dev/https://corestream.ronaldovurdu.help//s-sport2/tracks-v1a1/mono.m3u8
2026-06-14 21:18:32,946 [INFO] Capturing response: https://hlssssssssssssssssss.yedeklinksa35.workers.dev/https://corestream.ronaldovurdu.help//s-sport2/tracks-v1a1/mono.m3u8 200 
2026-06-14 21:18:33,057 [INFO] Capturing request: https://ts.yedeklinksa35.workers.dev/s-sport2/tracks-v1a1/2026/06/14/21/19/36-06000.avif
2026-06-14 21:18:33,739 [INFO] Capturing response: https://ts.yedeklinksa35.workers.dev/s-sport2/tracks-v1a1/2026/06/14/21/19/36-06000.avif 200 
2026-06-14 21:18:34,049 [INFO] Capturing request: https://ts.yedeklinksa35.workers.dev/s-sport2/tracks-v1a1/2026/06/14/21/19/42-06000.avif
2026-06-14 21:18:34,775 [INFO] Capturing response: https://ts.yedeklinksa35.workers.dev/s-sport2/tracks-v1a1/2026/06/14/21/19/42-06000.avif 200 
2026-06-14 21:18:35,159 [INFO] Capturing request: https://ts.yedeklinksa35.workers.dev/s-sport2/tracks-v1a1/2026/06/14/21/19/48-06000.avif
2026-06-14 21:18:35,467 [INFO]   ✅ M3U8 bulundu: https://hlssssssssssssssssss.yedeklinksa35.workers.dev/https://corestream.ronaldovurdu.help//s-sport2/tracks-v1a1/mono.m3u8
2026-06-14 21:18:35,836 [INFO] Capturing response: https://ts.yedeklinksa35.workers.dev/s-sport2/tracks-v1a1/2026/06/14/21/19/48-06000.avif 200 
2026-06-14 21:18:36,468 [INFO] 
[10/14]
2026-06-14 21:18:36,468 [INFO] 🔍 A Spor → https://atomsportv506.top/matches?id=a-spor
2026-06-14 21:18:36,581 [INFO] Capturing request: https://atomsportv506.top/assets/js/clappr.js
2026-06-14 21:18:36,585 [INFO] Capturing request: https://atomsportv506.top/matches?id=a-spor
2026-06-14 21:18:36,603 [INFO] Capturing response: https://atomsportv506.top/assets/js/clappr.js 200 
2026-06-14 21:18:36,643 [INFO] Capturing response: https://atomsportv506.top/matches?id=a-spor 200 
2026-06-14 21:18:36,653 [INFO] Capturing request: https://atomsportv506.top/cdn-cgi/rum?
2026-06-14 21:18:36,700 [INFO] Capturing request: https://atomsportv506.top/cdn-cgi/rum?
2026-06-14 21:18:36,792 [INFO] Capturing request: https://teletv5.top/load/yayinlink.php?id=a-spor
2026-06-14 21:18:36,807 [INFO] Capturing request: https://atomsportv506.top/favicon.ico
2026-06-14 21:18:36,809 [INFO] Capturing response: https://atomsportv506.top/cdn-cgi/rum? 204 
2026-06-14 21:18:36,837 [INFO] Capturing response: https://atomsportv506.top/favicon.ico 200 
2026-06-14 21:18:36,852 [INFO] Capturing response: https://atomsportv506.top/cdn-cgi/rum? 204 
2026-06-14 21:18:36,892 [INFO] Capturing request: https://streamsport365.com/cinema
2026-06-14 21:18:36,945 [INFO] Capturing response: https://teletv5.top/load/yayinlink.php?id=a-spor 200 
2026-06-14 21:18:37,146 [INFO] Capturing response: https://streamsport365.com/cinema 200 
2026-06-14 21:18:37,268 [INFO] Capturing request: https://hlssssssssssssssssss.yedeklinksa35.workers.dev/https://corestream.ronaldovurdu.help//aspor/tracks-v1a1/mono.m3u8
2026-06-14 21:18:37,388 [INFO] Capturing response: https://hlssssssssssssssssss.yedeklinksa35.workers.dev/https://corestream.ronaldovurdu.help//aspor/tracks-v1a1/mono.m3u8 200 
2026-06-14 21:18:37,499 [INFO] Capturing request: https://ts.yedeklinksa35.workers.dev/aspor/tracks-v1a1/2026/06/14/21/18/50-06000.avif
2026-06-14 21:18:37,816 [INFO] Capturing response: https://ts.yedeklinksa35.workers.dev/aspor/tracks-v1a1/2026/06/14/21/18/50-06000.avif 200 
2026-06-14 21:18:38,055 [INFO] Capturing request: https://ts.yedeklinksa35.workers.dev/aspor/tracks-v1a1/2026/06/14/21/18/56-06000.avif
2026-06-14 21:18:38,628 [INFO] Capturing response: https://ts.yedeklinksa35.workers.dev/aspor/tracks-v1a1/2026/06/14/21/18/56-06000.avif 200 
2026-06-14 21:18:38,903 [INFO] Capturing request: https://ts.yedeklinksa35.workers.dev/aspor/tracks-v1a1/2026/06/14/21/19/02-06000.avif
2026-06-14 21:18:39,335 [INFO] Capturing response: https://ts.yedeklinksa35.workers.dev/aspor/tracks-v1a1/2026/06/14/21/19/02-06000.avif 200 
2026-06-14 21:18:39,729 [INFO]   ✅ M3U8 bulundu: https://hlssssssssssssssssss.yedeklinksa35.workers.dev/https://corestream.ronaldovurdu.help//aspor/tracks-v1a1/mono.m3u8
2026-06-14 21:18:40,730 [INFO] 
[11/14]
2026-06-14 21:18:40,730 [INFO] 🔍 Tivibu Spor 1 → https://atomsportv506.top/matches?id=tivibu-spor-1
2026-06-14 21:18:40,840 [INFO] Capturing request: https://atomsportv506.top/assets/js/clappr.js
2026-06-14 21:18:40,843 [INFO] Capturing request: https://atomsportv506.top/matches?id=tivibu-spor-1
2026-06-14 21:18:40,861 [INFO] Capturing response: https://atomsportv506.top/assets/js/clappr.js 200 
2026-06-14 21:18:40,894 [INFO] Capturing response: https://atomsportv506.top/matches?id=tivibu-spor-1 200 
2026-06-14 21:18:40,906 [INFO] Capturing request: https://atomsportv506.top/cdn-cgi/rum?
2026-06-14 21:18:40,942 [INFO] Capturing request: https://streamsport365.com/cinema
2026-06-14 21:18:40,946 [INFO] Capturing request: https://atomsportv506.top/cdn-cgi/rum?
2026-06-14 21:18:41,041 [INFO] Capturing request: https://teletv5.top/load/yayinlink.php?id=tivibu-spor-1
2026-06-14 21:18:41,046 [INFO] Capturing request: https://atomsportv506.top/favicon.ico
2026-06-14 21:18:41,053 [INFO] Capturing response: https://atomsportv506.top/cdn-cgi/rum? 204 
2026-06-14 21:18:41,057 [INFO] Capturing response: https://atomsportv506.top/cdn-cgi/rum? 204 
2026-06-14 21:18:41,076 [INFO] Capturing response: https://atomsportv506.top/favicon.ico 200 
2026-06-14 21:18:41,192 [INFO] Capturing response: https://teletv5.top/load/yayinlink.php?id=tivibu-spor-1 200 
2026-06-14 21:18:41,197 [INFO] Capturing response: https://streamsport365.com/cinema 200 
2026-06-14 21:19:14,288 [WARNING]   ❌ Tivibu Spor 1 için M3U8 bulunamadı
2026-06-14 21:19:15,288 [INFO] 
[12/14]
2026-06-14 21:19:15,288 [INFO] 🔍 Tivibu Spor 2 → https://atomsportv506.top/matches?id=tivibu-spor-2
2026-06-14 21:19:15,400 [INFO] Capturing request: https://atomsportv506.top/assets/js/clappr.js
2026-06-14 21:19:15,401 [INFO] Capturing request: https://atomsportv506.top/matches?id=tivibu-spor-2
2026-06-14 21:19:15,422 [INFO] Capturing response: https://atomsportv506.top/assets/js/clappr.js 200 
2026-06-14 21:19:15,699 [INFO] Capturing response: https://atomsportv506.top/matches?id=tivibu-spor-2 200 
2026-06-14 21:19:15,709 [INFO] Capturing request: https://atomsportv506.top/cdn-cgi/rum?
2026-06-14 21:19:15,741 [INFO] Capturing request: https://atomsportv506.top/cdn-cgi/rum?
2026-06-14 21:19:15,820 [INFO] Capturing response: https://atomsportv506.top/cdn-cgi/rum? 204 
2026-06-14 21:19:15,837 [INFO] Capturing request: https://teletv5.top/load/yayinlink.php?id=tivibu-spor-2
2026-06-14 21:19:15,847 [INFO] Capturing request: https://atomsportv506.top/favicon.ico
2026-06-14 21:19:15,879 [INFO] Capturing response: https://atomsportv506.top/favicon.ico 200 
2026-06-14 21:19:15,894 [INFO] Capturing response: https://atomsportv506.top/cdn-cgi/rum? 204 
2026-06-14 21:19:15,937 [INFO] Capturing request: https://streamsport365.com/cinema
2026-06-14 21:19:15,990 [INFO] Capturing response: https://teletv5.top/load/yayinlink.php?id=tivibu-spor-2 200 
2026-06-14 21:19:16,186 [INFO] Capturing response: https://streamsport365.com/cinema 200 
2026-06-14 21:19:49,086 [WARNING]   ❌ Tivibu Spor 2 için M3U8 bulunamadı
2026-06-14 21:19:50,086 [INFO] 
[13/14]
2026-06-14 21:19:50,087 [INFO] 🔍 Tivibu Spor 3 → https://atomsportv506.top/matches?id=tivibu-spor-3
2026-06-14 21:19:50,196 [INFO] Capturing request: https://atomsportv506.top/assets/js/clappr.js
2026-06-14 21:19:50,198 [INFO] Capturing request: https://atomsportv506.top/matches?id=tivibu-spor-3
2026-06-14 21:19:50,218 [INFO] Capturing response: https://atomsportv506.top/assets/js/clappr.js 200 
2026-06-14 21:19:50,485 [INFO] Capturing response: https://atomsportv506.top/matches?id=tivibu-spor-3 200 
2026-06-14 21:19:50,498 [INFO] Capturing request: https://atomsportv506.top/cdn-cgi/rum?
2026-06-14 21:19:50,532 [INFO] Capturing request: https://atomsportv506.top/cdn-cgi/rum?
2026-06-14 21:19:50,610 [INFO] Capturing response: https://atomsportv506.top/cdn-cgi/rum? 204 
2026-06-14 21:19:50,626 [INFO] Capturing request: https://teletv5.top/load/yayinlink.php?id=tivibu-spor-3
2026-06-14 21:19:50,632 [INFO] Capturing request: https://atomsportv506.top/favicon.ico
2026-06-14 21:19:50,667 [INFO] Capturing response: https://atomsportv506.top/favicon.ico 200 
2026-06-14 21:19:50,684 [INFO] Capturing response: https://atomsportv506.top/cdn-cgi/rum? 204 
2026-06-14 21:19:50,725 [INFO] Capturing request: https://streamsport365.com/cinema
2026-06-14 21:19:50,797 [INFO] Capturing response: https://teletv5.top/load/yayinlink.php?id=tivibu-spor-3 200 
2026-06-14 21:19:50,974 [INFO] Capturing response: https://streamsport365.com/cinema 200 
2026-06-14 21:20:23,877 [WARNING]   ❌ Tivibu Spor 3 için M3U8 bulunamadı
2026-06-14 21:20:24,877 [INFO] 
[14/14]
2026-06-14 21:20:24,877 [INFO] 🔍 Tivibu Spor 4 → https://atomsportv506.top/matches?id=tivibu-spor-4
2026-06-14 21:20:24,987 [INFO] Capturing request: https://atomsportv506.top/assets/js/clappr.js
2026-06-14 21:20:24,989 [INFO] Capturing request: https://atomsportv506.top/matches?id=tivibu-spor-4
2026-06-14 21:20:25,011 [INFO] Capturing response: https://atomsportv506.top/assets/js/clappr.js 200 
2026-06-14 21:20:25,330 [INFO] Capturing response: https://atomsportv506.top/matches?id=tivibu-spor-4 200 
2026-06-14 21:20:25,341 [INFO] Capturing request: https://atomsportv506.top/cdn-cgi/rum?
2026-06-14 21:20:25,377 [INFO] Capturing request: https://atomsportv506.top/cdn-cgi/rum?
2026-06-14 21:20:25,451 [INFO] Capturing response: https://atomsportv506.top/cdn-cgi/rum? 204 
2026-06-14 21:20:25,469 [INFO] Capturing request: https://teletv5.top/load/yayinlink.php?id=tivibu-spor-4
2026-06-14 21:20:25,477 [INFO] Capturing request: https://atomsportv506.top/favicon.ico
2026-06-14 21:20:25,507 [INFO] Capturing response: https://atomsportv506.top/favicon.ico 200 
2026-06-14 21:20:25,529 [INFO] Capturing response: https://atomsportv506.top/cdn-cgi/rum? 204 
2026-06-14 21:20:25,574 [INFO] Capturing request: https://streamsport365.com/cinema
2026-06-14 21:20:25,642 [INFO] Capturing response: https://teletv5.top/load/yayinlink.php?id=tivibu-spor-4 200 
2026-06-14 21:20:25,820 [INFO] Capturing response: https://streamsport365.com/cinema 200 
2026-06-14 21:20:58,722 [WARNING]   ❌ Tivibu Spor 4 için M3U8 bulunamadı
2026-06-14 21:20:59,790 [INFO] ✅ 5 kanal bulundu, playlist.m3u kaydedildi
