2026-05-17 03:49:11,923 [INFO] 🔎 Domain aralığı taranıyor: atomsportv503.top - atomsportv535.top
2026-05-17 03:49:12,210 [INFO]   ✅ Aktif domain bulundu: https://atomsportv503.top
2026-05-17 03:49:12,211 [INFO] 🌐 Kullanılan BASE_URL: https://atomsportv503.top
2026-05-17 03:49:12,211 [INFO] 🔗 Proxy Prefix: https://ronaldo.magnitude.workers.dev/?url=
2026-05-17 03:49:13,493 [INFO] ✅ SeleniumWire aktif
2026-05-17 03:49:13,495 [INFO] =======================================================
2026-05-17 03:49:13,495 [INFO]    M3U8 Scraper
2026-05-17 03:49:13,495 [INFO]    Base URL    : https://atomsportv503.top
2026-05-17 03:49:13,495 [INFO]    Proxy Prefix: https://ronaldo.magnitude.workers.dev/?url=
2026-05-17 03:49:13,495 [INFO]    Toplam      : 13 sayfa
2026-05-17 03:49:13,495 [INFO] =======================================================
2026-05-17 03:49:13,495 [INFO] 🔧 Driver başlatılıyor...
2026-05-17 03:49:14,265 [INFO] ✅ Driver başlatıldı
2026-05-17 03:49:14,265 [INFO] 
[1/13]
2026-05-17 03:49:14,265 [INFO] 
──────────────────────────────────────────────────
2026-05-17 03:49:14,265 [INFO] 🔍 beIN Sports 1 → https://atomsportv503.top/matches?id=bein-sports-1
2026-05-17 03:49:14,265 [INFO] ──────────────────────────────────────────────────
2026-05-17 03:49:46,712 [INFO]   📡 M3U8 bekleniyor (max 8s)...
2026-05-17 03:49:54,777 [INFO]   ❌ beIN Sports 1: M3U8 bulunamadı
2026-05-17 03:49:55,778 [INFO] 
[2/13]
2026-05-17 03:49:55,778 [INFO] 
──────────────────────────────────────────────────
2026-05-17 03:49:55,778 [INFO] 🔍 beIN Sports 2 → https://atomsportv503.top/matches?id=bein-sports-2
2026-05-17 03:49:55,778 [INFO] ──────────────────────────────────────────────────
2026-05-17 03:50:27,970 [INFO]   📡 M3U8 bekleniyor (max 8s)...
2026-05-17 03:50:36,056 [INFO]   ❌ beIN Sports 2: M3U8 bulunamadı
2026-05-17 03:50:37,056 [INFO] 
[3/13]
2026-05-17 03:50:37,056 [INFO] 
──────────────────────────────────────────────────
2026-05-17 03:50:37,056 [INFO] 🔍 beIN Sports 3 → https://atomsportv503.top/matches?id=bein-sports-3
2026-05-17 03:50:37,057 [INFO] ──────────────────────────────────────────────────
2026-05-17 03:51:09,034 [INFO]   📡 M3U8 bekleniyor (max 8s)...
2026-05-17 03:51:17,052 [INFO]   ❌ beIN Sports 3: M3U8 bulunamadı
2026-05-17 03:51:18,052 [INFO] 
[4/13]
2026-05-17 03:51:18,052 [INFO] 
──────────────────────────────────────────────────
2026-05-17 03:51:18,052 [INFO] 🔍 beIN Sports 4 → https://atomsportv503.top/matches?id=bein-sports-4
2026-05-17 03:51:18,052 [INFO] ──────────────────────────────────────────────────
2026-05-17 03:51:49,954 [INFO]   📡 M3U8 bekleniyor (max 8s)...
2026-05-17 03:51:58,064 [INFO]   ❌ beIN Sports 4: M3U8 bulunamadı
2026-05-17 03:51:59,066 [INFO] 
[5/13]
2026-05-17 03:51:59,066 [INFO] 
──────────────────────────────────────────────────
2026-05-17 03:51:59,066 [INFO] 🔍 beIN Sports 5 → https://atomsportv503.top/matches?id=bein-sports-5
2026-05-17 03:51:59,066 [INFO] ──────────────────────────────────────────────────
2026-05-17 03:52:31,010 [INFO]   📡 M3U8 bekleniyor (max 8s)...
2026-05-17 03:52:39,074 [INFO]   ❌ beIN Sports 5: M3U8 bulunamadı
2026-05-17 03:52:40,075 [INFO] 
[6/13]
2026-05-17 03:52:40,075 [INFO] 
──────────────────────────────────────────────────
2026-05-17 03:52:40,075 [INFO] 🔍 beIN Sports Max 1 → https://atomsportv503.top/matches?id=bein-sports-max-1
2026-05-17 03:52:40,075 [INFO] ──────────────────────────────────────────────────
2026-05-17 03:53:11,995 [INFO]   📡 M3U8 bekleniyor (max 8s)...
2026-05-17 03:53:20,013 [INFO]   ❌ beIN Sports Max 1: M3U8 bulunamadı
2026-05-17 03:53:21,013 [INFO] 
[7/13]
2026-05-17 03:53:21,013 [INFO] 
──────────────────────────────────────────────────
2026-05-17 03:53:21,014 [INFO] 🔍 beIN Sports Max 2 → https://atomsportv503.top/matches?id=bein-sports-max-2
2026-05-17 03:53:21,014 [INFO] ──────────────────────────────────────────────────
2026-05-17 03:53:52,908 [INFO]   📡 M3U8 bekleniyor (max 8s)...
2026-05-17 03:53:52,909 [INFO]   🎯 DOĞRU kanal bulundu: https://young-surf-88a9.tersansa.workers.dev/https://corestream.ronaldovurdu.help//hls/bein-sports-max-2.m3u8
2026-05-17 03:53:52,909 [INFO]   ✅ beIN Sports Max 2: https://young-surf-88a9.tersansa.workers.dev/https://corestream.ronaldovurdu.help//hls/bein-sports-max-2.m3u8
2026-05-17 03:53:53,909 [INFO] 
[8/13]
2026-05-17 03:53:53,909 [INFO] 
──────────────────────────────────────────────────
2026-05-17 03:53:53,909 [INFO] 🔍 S Sport → https://atomsportv503.top/matches?id=s-sport
2026-05-17 03:53:53,909 [INFO] ──────────────────────────────────────────────────
2026-05-17 03:54:25,818 [INFO]   📡 M3U8 bekleniyor (max 8s)...
2026-05-17 03:54:25,825 [INFO]   🎯 DOĞRU kanal bulundu: https://young-surf-88a9.tersansa.workers.dev/https://corestream.ronaldovurdu.help//s-sport/tracks-v1a1/mono.m3u8
2026-05-17 03:54:25,826 [INFO]   ✅ S Sport: https://young-surf-88a9.tersansa.workers.dev/https://corestream.ronaldovurdu.help//s-sport/tracks-v1a1/mono.m3u8
2026-05-17 03:54:26,826 [INFO] 
[9/13]
2026-05-17 03:54:26,826 [INFO] 
──────────────────────────────────────────────────
2026-05-17 03:54:26,826 [INFO] 🔍 S Sport 2 → https://atomsportv503.top/matches?id=s-sport-2
2026-05-17 03:54:26,826 [INFO] ──────────────────────────────────────────────────
2026-05-17 03:54:58,766 [INFO]   📡 M3U8 bekleniyor (max 8s)...
2026-05-17 03:55:06,832 [INFO]   ❌ S Sport 2: M3U8 bulunamadı
2026-05-17 03:55:07,832 [INFO] 
[10/13]
2026-05-17 03:55:07,832 [INFO] 
──────────────────────────────────────────────────
2026-05-17 03:55:07,832 [INFO] 🔍 Tivibu Spor 1 → https://atomsportv503.top/matches?id=tivibu-spor-1
2026-05-17 03:55:07,832 [INFO] ──────────────────────────────────────────────────
2026-05-17 03:55:39,758 [INFO]   📡 M3U8 bekleniyor (max 8s)...
2026-05-17 03:55:47,775 [INFO]   ❌ Tivibu Spor 1: M3U8 bulunamadı
2026-05-17 03:55:48,775 [INFO] 
[11/13]
2026-05-17 03:55:48,775 [INFO] 
──────────────────────────────────────────────────
2026-05-17 03:55:48,776 [INFO] 🔍 Tivibu Spor 2 → https://atomsportv503.top/matches?id=tivibu-spor-2
2026-05-17 03:55:48,776 [INFO] ──────────────────────────────────────────────────
2026-05-17 03:56:20,673 [INFO]   📡 M3U8 bekleniyor (max 8s)...
2026-05-17 03:56:28,685 [INFO]   ❌ Tivibu Spor 2: M3U8 bulunamadı
2026-05-17 03:56:29,686 [INFO] 
[12/13]
2026-05-17 03:56:29,686 [INFO] 
──────────────────────────────────────────────────
2026-05-17 03:56:29,686 [INFO] 🔍 Tivibu Spor 3 → https://atomsportv503.top/matches?id=tivibu-spor-3
2026-05-17 03:56:29,686 [INFO] ──────────────────────────────────────────────────
2026-05-17 03:57:01,595 [INFO]   📡 M3U8 bekleniyor (max 8s)...
2026-05-17 03:57:09,608 [INFO]   ❌ Tivibu Spor 3: M3U8 bulunamadı
2026-05-17 03:57:10,608 [INFO] 
[13/13]
2026-05-17 03:57:10,608 [INFO] 
──────────────────────────────────────────────────
2026-05-17 03:57:10,608 [INFO] 🔍 Tivibu Spor 4 → https://atomsportv503.top/matches?id=tivibu-spor-4
2026-05-17 03:57:10,608 [INFO] ──────────────────────────────────────────────────
2026-05-17 03:57:42,512 [INFO]   📡 M3U8 bekleniyor (max 8s)...
2026-05-17 03:57:50,525 [INFO]   ❌ Tivibu Spor 4: M3U8 bulunamadı
2026-05-17 03:57:51,588 [INFO] 🔒 Driver kapatıldı
2026-05-17 03:57:51,588 [INFO] 
=======================================================
2026-05-17 03:57:51,588 [INFO] 🏁 Tamamlandı!
2026-05-17 03:57:51,588 [INFO] 📺 Kanal : 2/13
2026-05-17 03:57:51,589 [INFO] ⏱️  Süre  : 518.1s
2026-05-17 03:57:51,589 [INFO] =======================================================
2026-05-17 03:57:51,589 [INFO] ✅ playlist.m3u kaydedildi (proxy prefix'li)
2026-05-17 03:57:51,589 [INFO] ✅ stats.json kaydedildi
