2026-05-30 21:35:08,476 [INFO] 🌐 BASE_URL: https://atomsportv505.top
2026-05-30 21:35:09,455 [INFO] Başlanıyor... 14 kanal taranacak
2026-05-30 21:35:09,455 [INFO] Using default request storage
2026-05-30 21:35:09,460 [INFO] Created proxy listening on 127.0.0.1:36953
2026-05-30 21:35:10,122 [INFO] Capturing request: http://clients2.google.com/time/1/current?cup2key=10:D8g_NdEFyn6Xb3Djruv5dH2mgv_PQTTLFcmtBavPq6o&cup2hreq=e3b0c44298fc1c149afbf4c8996fb92427ae41e4649b934ca495991b7852b855
2026-05-30 21:35:10,155 [INFO] Capturing response: http://clients2.google.com/time/1/current?cup2key=10:D8g_NdEFyn6Xb3Djruv5dH2mgv_PQTTLFcmtBavPq6o&cup2hreq=e3b0c44298fc1c149afbf4c8996fb92427ae41e4649b934ca495991b7852b855 200 OK
2026-05-30 21:35:10,235 [INFO] 
[1/14]
2026-05-30 21:35:10,235 [INFO] 🔍 beIN Sports 1 → https://atomsportv505.top/matches?id=bein-sports-1
2026-05-30 21:35:10,281 [INFO] Capturing request: https://accounts.google.com/ListAccounts?gpsia=1&source=ChromiumBrowser&json=standard&laf=b64bin
2026-05-30 21:35:10,336 [INFO] Capturing response: https://accounts.google.com/ListAccounts?gpsia=1&source=ChromiumBrowser&json=standard&laf=b64bin 200 
2026-05-30 21:35:10,396 [INFO] Capturing request: https://atomsportv505.top/matches?id=bein-sports-1
2026-05-30 21:35:10,502 [INFO] Capturing response: https://atomsportv505.top/matches?id=bein-sports-1 200 
2026-05-30 21:35:10,634 [INFO] Capturing request: https://www.google.com/async/folae?async=_fmt:pb&udm=50&client_locale=en-US
2026-05-30 21:35:10,654 [INFO] Capturing request: https://atomsportv505.top/assets/js/clappr.js
2026-05-30 21:35:10,658 [INFO] Capturing response: https://www.google.com/async/folae?async=_fmt:pb&udm=50&client_locale=en-US 200 
2026-05-30 21:35:10,698 [INFO] Capturing request: https://cdn.jsdelivr.net/npm/@clappr/player@latest/dist/clappr.min.js
2026-05-30 21:35:10,704 [INFO] Capturing response: https://atomsportv505.top/assets/js/clappr.js 200 
2026-05-30 21:35:10,705 [INFO] Capturing request: https://cdnjs.cloudflare.com/ajax/libs/jquery/3.2.1/jquery.min.js
2026-05-30 21:35:10,723 [INFO] Capturing response: https://cdn.jsdelivr.net/npm/@clappr/player@latest/dist/clappr.min.js 200 
2026-05-30 21:35:10,728 [INFO] Capturing response: https://cdnjs.cloudflare.com/ajax/libs/jquery/3.2.1/jquery.min.js 200 
2026-05-30 21:35:10,925 [INFO] Capturing request: https://static.cloudflareinsights.com/beacon.min.js/v833ccba57c9e4d2798f2e76cebdd09a11778172276447
2026-05-30 21:35:10,939 [INFO] Capturing response: https://static.cloudflareinsights.com/beacon.min.js/v833ccba57c9e4d2798f2e76cebdd09a11778172276447 200 
2026-05-30 21:35:10,999 [INFO] Capturing request: https://atomsportv505.top/cdn-cgi/rum?
2026-05-30 21:35:11,100 [INFO] Capturing request: https://atomsportv505.top/favicon.ico
2026-05-30 21:35:11,147 [INFO] Capturing request: https://teletv5.top/load/yayinlink.php?id=bein-sports-1
2026-05-30 21:35:11,149 [INFO] Capturing response: https://atomsportv505.top/cdn-cgi/rum? 204 
2026-05-30 21:35:11,157 [INFO] Capturing response: https://atomsportv505.top/favicon.ico 200 
2026-05-30 21:35:11,456 [INFO] Capturing response: https://teletv5.top/load/yayinlink.php?id=bein-sports-1 200 
2026-05-30 21:35:11,543 [INFO] Capturing request: https://streamsport365.com/cinema
2026-05-30 21:35:11,796 [INFO] Capturing response: https://streamsport365.com/cinema 200 
2026-05-30 21:35:11,927 [INFO] Capturing request: https://atomsportv505.top/assets/img/player_logo_6880e4e4c52ee.png
2026-05-30 21:35:11,971 [INFO] Capturing response: https://atomsportv505.top/assets/img/player_logo_6880e4e4c52ee.png 200 
2026-05-30 21:35:12,009 [INFO] Capturing request: https://hlssssssssssssssssss.yedeklinksa35.workers.dev/https://corestream.ronaldovurdu.help//trt1/tracks-v1a1/mono.m3u8
2026-05-30 21:35:12,234 [INFO] Capturing response: https://hlssssssssssssssssss.yedeklinksa35.workers.dev/https://corestream.ronaldovurdu.help//trt1/tracks-v1a1/mono.m3u8 200 
2026-05-30 21:35:12,494 [INFO] Capturing request: https://ts.yedeklinksa35.workers.dev/trt1/tracks-v1a1/2026/05/30/21/35/12-06000.avif
2026-05-30 21:35:12,774 [INFO] Capturing response: https://ts.yedeklinksa35.workers.dev/trt1/tracks-v1a1/2026/05/30/21/35/12-06000.avif 200 
2026-05-30 21:35:12,943 [INFO] Capturing request: https://android.clients.google.com/checkin
2026-05-30 21:35:13,022 [INFO] Capturing request: https://ts.yedeklinksa35.workers.dev/trt1/tracks-v1a1/2026/05/30/21/35/18-06000.avif
2026-05-30 21:35:13,028 [INFO] Capturing response: https://android.clients.google.com/checkin 200 
2026-05-30 21:35:13,077 [INFO] Capturing request: https://android.clients.google.com/c2dm/register3
2026-05-30 21:35:13,083 [INFO] Capturing request: https://android.clients.google.com/c2dm/register3
2026-05-30 21:35:13,084 [INFO] Capturing request: https://android.clients.google.com/c2dm/register3
2026-05-30 21:35:13,124 [INFO] Capturing response: https://android.clients.google.com/c2dm/register3 301 
2026-05-30 21:35:13,420 [INFO] Capturing response: https://ts.yedeklinksa35.workers.dev/trt1/tracks-v1a1/2026/05/30/21/35/18-06000.avif 200 
2026-05-30 21:35:13,603 [INFO] Capturing request: https://ts.yedeklinksa35.workers.dev/trt1/tracks-v1a1/2026/05/30/21/35/24-06000.avif
2026-05-30 21:35:13,843 [INFO] Capturing response: https://android.clients.google.com/c2dm/register3 200 
2026-05-30 21:35:13,898 [INFO] Capturing response: https://ts.yedeklinksa35.workers.dev/trt1/tracks-v1a1/2026/05/30/21/35/24-06000.avif 200 
2026-05-30 21:35:13,962 [INFO] Capturing response: https://android.clients.google.com/c2dm/register3 200 
2026-05-30 21:35:14,024 [INFO]   ✅ M3U8 bulundu: https://hlssssssssssssssssss.yedeklinksa35.workers.dev/https://corestream.ronaldovurdu.help//trt1/tracks-v1a1/mono.m3u8
2026-05-30 21:35:15,025 [INFO] 
[2/14]
2026-05-30 21:35:15,025 [INFO] 🔍 beIN Sports 2 → https://atomsportv505.top/matches?id=bein-sports-2
2026-05-30 21:35:15,137 [INFO] Capturing request: https://atomsportv505.top/matches?id=bein-sports-2
2026-05-30 21:35:15,168 [INFO] Capturing response: https://atomsportv505.top/matches?id=bein-sports-2 200 
2026-05-30 21:35:15,180 [INFO] Capturing request: https://atomsportv505.top/cdn-cgi/rum?
2026-05-30 21:35:15,227 [INFO] Capturing request: https://streamsport365.com/cinema
2026-05-30 21:35:15,234 [INFO] Capturing request: https://atomsportv505.top/cdn-cgi/rum?
2026-05-30 21:35:15,327 [INFO] Capturing request: https://teletv5.top/load/yayinlink.php?id=bein-sports-2
2026-05-30 21:35:15,336 [INFO] Capturing response: https://atomsportv505.top/cdn-cgi/rum? 204 
2026-05-30 21:35:15,337 [INFO] Capturing request: https://atomsportv505.top/favicon.ico
2026-05-30 21:35:15,382 [INFO] Capturing response: https://atomsportv505.top/cdn-cgi/rum? 204 
2026-05-30 21:35:15,465 [INFO] Capturing response: https://atomsportv505.top/favicon.ico 200 
2026-05-30 21:35:15,469 [INFO] Capturing response: https://streamsport365.com/cinema 200 
2026-05-30 21:35:15,474 [INFO] Capturing response: https://teletv5.top/load/yayinlink.php?id=bein-sports-2 200 
2026-05-30 21:35:15,595 [INFO] Capturing request: https://hlssssssssssssssssss.yedeklinksa35.workers.dev/https://corestream.ronaldovurdu.help//bein2/tracks-v1a1/mono.m3u8
2026-05-30 21:35:15,724 [INFO] Capturing response: https://hlssssssssssssssssss.yedeklinksa35.workers.dev/https://corestream.ronaldovurdu.help//bein2/tracks-v1a1/mono.m3u8 200 
2026-05-30 21:35:15,833 [INFO] Capturing request: https://ts.yedeklinksa35.workers.dev/bein2/tracks-v1a1/2026/05/30/21/35/03-10000.avif
2026-05-30 21:35:16,130 [INFO] Capturing response: https://ts.yedeklinksa35.workers.dev/bein2/tracks-v1a1/2026/05/30/21/35/03-10000.avif 200 
2026-05-30 21:35:16,382 [INFO] Capturing request: https://ts.yedeklinksa35.workers.dev/bein2/tracks-v1a1/2026/05/30/21/35/13-10000.avif
2026-05-30 21:35:16,718 [INFO] Capturing response: https://ts.yedeklinksa35.workers.dev/bein2/tracks-v1a1/2026/05/30/21/35/13-10000.avif 200 
2026-05-30 21:35:16,955 [INFO] Capturing request: https://ts.yedeklinksa35.workers.dev/bein2/tracks-v1a1/2026/05/30/21/35/23-10000.avif
2026-05-30 21:35:17,281 [INFO] Capturing response: https://ts.yedeklinksa35.workers.dev/bein2/tracks-v1a1/2026/05/30/21/35/23-10000.avif 200 
2026-05-30 21:35:18,258 [INFO]   ✅ M3U8 bulundu: https://hlssssssssssssssssss.yedeklinksa35.workers.dev/https://corestream.ronaldovurdu.help//bein2/tracks-v1a1/mono.m3u8
2026-05-30 21:35:19,258 [INFO] 
[3/14]
2026-05-30 21:35:19,258 [INFO] 🔍 beIN Sports 3 → https://atomsportv505.top/matches?id=bein-sports-3
2026-05-30 21:35:19,370 [INFO] Capturing request: https://atomsportv505.top/assets/js/clappr.js
2026-05-30 21:35:19,372 [INFO] Capturing request: https://atomsportv505.top/matches?id=bein-sports-3
2026-05-30 21:35:19,389 [INFO] Capturing response: https://atomsportv505.top/assets/js/clappr.js 200 
2026-05-30 21:35:19,421 [INFO] Capturing response: https://atomsportv505.top/matches?id=bein-sports-3 200 
2026-05-30 21:35:19,442 [INFO] Capturing request: https://atomsportv505.top/cdn-cgi/rum?
2026-05-30 21:35:19,470 [INFO] Capturing request: https://atomsportv505.top/cdn-cgi/rum?
2026-05-30 21:35:19,569 [INFO] Capturing request: https://teletv5.top/load/yayinlink.php?id=bein-sports-3
2026-05-30 21:35:19,574 [INFO] Capturing request: https://atomsportv505.top/favicon.ico
2026-05-30 21:35:19,576 [INFO] Capturing response: https://atomsportv505.top/cdn-cgi/rum? 204 
2026-05-30 21:35:19,599 [INFO] Capturing response: https://atomsportv505.top/favicon.ico 200 
2026-05-30 21:35:19,620 [INFO] Capturing response: https://atomsportv505.top/cdn-cgi/rum? 204 
2026-05-30 21:35:19,664 [INFO] Capturing request: https://streamsport365.com/cinema
2026-05-30 21:35:19,713 [INFO] Capturing response: https://teletv5.top/load/yayinlink.php?id=bein-sports-3 200 
2026-05-30 21:35:19,901 [INFO] Capturing response: https://streamsport365.com/cinema 200 
2026-05-30 21:35:42,326 [INFO] Capturing request: https://android.clients.google.com/c2dm/register3
2026-05-30 21:35:42,388 [INFO] Capturing response: https://android.clients.google.com/c2dm/register3 301 
2026-05-30 21:35:52,779 [WARNING]   ❌ beIN Sports 3 için M3U8 bulunamadı
2026-05-30 21:35:53,779 [INFO] 
[4/14]
2026-05-30 21:35:53,779 [INFO] 🔍 beIN Sports 4 → https://atomsportv505.top/matches?id=bein-sports-4
2026-05-30 21:35:53,887 [INFO] Capturing request: https://atomsportv505.top/matches?id=bein-sports-4
2026-05-30 21:35:53,929 [INFO] Capturing response: https://atomsportv505.top/matches?id=bein-sports-4 200 
2026-05-30 21:35:53,938 [INFO] Capturing request: https://atomsportv505.top/cdn-cgi/rum?
2026-05-30 21:35:53,966 [INFO] Capturing request: https://atomsportv505.top/cdn-cgi/rum?
2026-05-30 21:35:54,059 [INFO] Capturing request: https://teletv5.top/load/yayinlink.php?id=bein-sports-4
2026-05-30 21:35:54,067 [INFO] Capturing request: https://atomsportv505.top/favicon.ico
2026-05-30 21:35:54,072 [INFO] Capturing response: https://atomsportv505.top/cdn-cgi/rum? 204 
2026-05-30 21:35:54,073 [INFO] Capturing response: https://atomsportv505.top/cdn-cgi/rum? 204 
2026-05-30 21:35:54,096 [INFO] Capturing response: https://atomsportv505.top/favicon.ico 200 
2026-05-30 21:35:54,159 [INFO] Capturing request: https://streamsport365.com/cinema
2026-05-30 21:35:54,209 [INFO] Capturing response: https://teletv5.top/load/yayinlink.php?id=bein-sports-4 200 
2026-05-30 21:35:54,408 [INFO] Capturing response: https://streamsport365.com/cinema 200 
2026-05-30 21:36:10,161 [INFO] Capturing request: https://update.googleapis.com/service/update2/json?cup2key=16:uzXUZbEr6vsMSSZhzMWgNb7YO2jTTi1I1Jrw_e0BYBw&cup2hreq=dc3655c1e94141f4e7ac7f4b7d9bb90576e16f4683eae3018b5f8782bc16c614
2026-05-30 21:36:10,190 [INFO] Capturing response: https://update.googleapis.com/service/update2/json?cup2key=16:uzXUZbEr6vsMSSZhzMWgNb7YO2jTTi1I1Jrw_e0BYBw&cup2hreq=dc3655c1e94141f4e7ac7f4b7d9bb90576e16f4683eae3018b5f8782bc16c614 200 
2026-05-30 21:36:10,202 [INFO] Capturing request: http://edgedl.me.gvt1.com/edgedl/diffgen-puffin/gcmjkmgdlgnkkcocmoeiminaijmmjnii/71d926df14cb4c89c6f8f88e6c0bfcf6fe1e1a256ca7f8db04002a111af4c5b0
2026-05-30 21:36:10,215 [INFO] Capturing response: http://edgedl.me.gvt1.com/edgedl/diffgen-puffin/gcmjkmgdlgnkkcocmoeiminaijmmjnii/71d926df14cb4c89c6f8f88e6c0bfcf6fe1e1a256ca7f8db04002a111af4c5b0 200 OK
2026-05-30 21:36:10,243 [INFO] Capturing request: https://update.googleapis.com/service/update2/json
2026-05-30 21:36:10,268 [INFO] Capturing response: https://update.googleapis.com/service/update2/json 200 
2026-05-30 21:36:10,315 [INFO] Capturing request: http://edgedl.me.gvt1.com/edgedl/release2/chrome_component/loh2i5gpoaedq3sniqluhigr4e_10557/hfnkpimlhhgieaddgfemjhofmfblmnib_10557_all_fya5wk2hpp7quo2ge6nvrlagoq.crx3
2026-05-30 21:36:10,334 [INFO] Capturing response: http://edgedl.me.gvt1.com/edgedl/release2/chrome_component/loh2i5gpoaedq3sniqluhigr4e_10557/hfnkpimlhhgieaddgfemjhofmfblmnib_10557_all_fya5wk2hpp7quo2ge6nvrlagoq.crx3 200 OK
2026-05-30 21:36:10,375 [INFO] Capturing request: https://update.googleapis.com/service/update2/json
2026-05-30 21:36:10,399 [INFO] Capturing response: https://update.googleapis.com/service/update2/json 200 
2026-05-30 21:36:26,789 [INFO] Capturing request: https://android.clients.google.com/c2dm/register3
2026-05-30 21:36:26,840 [INFO] Capturing response: https://android.clients.google.com/c2dm/register3 301 
2026-05-30 21:36:27,246 [WARNING]   ❌ beIN Sports 4 için M3U8 bulunamadı
2026-05-30 21:36:28,246 [INFO] 
[5/14]
2026-05-30 21:36:28,246 [INFO] 🔍 beIN Sports 5 → https://atomsportv505.top/matches?id=bein-sports-5
2026-05-30 21:36:28,405 [INFO] Capturing request: https://atomsportv505.top/matches?id=bein-sports-5
2026-05-30 21:36:28,407 [INFO] Capturing request: https://atomsportv505.top/assets/js/clappr.js
2026-05-30 21:36:28,440 [INFO] Capturing response: https://atomsportv505.top/assets/js/clappr.js 200 
2026-05-30 21:36:28,664 [INFO] Capturing response: https://atomsportv505.top/matches?id=bein-sports-5 200 
2026-05-30 21:36:28,673 [INFO] Capturing request: https://atomsportv505.top/cdn-cgi/rum?
2026-05-30 21:36:28,699 [INFO] Capturing request: https://atomsportv505.top/cdn-cgi/rum?
2026-05-30 21:36:28,805 [INFO] Capturing request: https://atomsportv505.top/favicon.ico
2026-05-30 21:36:28,812 [INFO] Capturing response: https://atomsportv505.top/cdn-cgi/rum? 204 
2026-05-30 21:36:28,813 [INFO] Capturing response: https://atomsportv505.top/cdn-cgi/rum? 204 
2026-05-30 21:36:28,840 [INFO] Capturing response: https://atomsportv505.top/favicon.ico 200 
2026-05-30 21:36:28,841 [INFO] Capturing request: https://teletv5.top/load/yayinlink.php?id=bein-sports-5
2026-05-30 21:36:29,169 [INFO] Capturing response: https://teletv5.top/load/yayinlink.php?id=bein-sports-5 200 
2026-05-30 21:36:29,313 [INFO] Capturing request: https://streamsport365.com/cinema
2026-05-30 21:36:29,560 [INFO] Capturing response: https://streamsport365.com/cinema 200 
2026-05-30 21:37:01,966 [WARNING]   ❌ beIN Sports 5 için M3U8 bulunamadı
2026-05-30 21:37:02,966 [INFO] 
[6/14]
2026-05-30 21:37:02,967 [INFO] 🔍 beIN Sports Max 1 → https://atomsportv505.top/matches?id=bein-sports-max-1
2026-05-30 21:37:03,075 [INFO] Capturing request: https://atomsportv505.top/assets/js/clappr.js
2026-05-30 21:37:03,077 [INFO] Capturing request: https://atomsportv505.top/matches?id=bein-sports-max-1
2026-05-30 21:37:03,092 [INFO] Capturing response: https://atomsportv505.top/assets/js/clappr.js 200 
2026-05-30 21:37:03,366 [INFO] Capturing response: https://atomsportv505.top/matches?id=bein-sports-max-1 200 
2026-05-30 21:37:03,375 [INFO] Capturing request: https://atomsportv505.top/cdn-cgi/rum?
2026-05-30 21:37:03,402 [INFO] Capturing request: https://atomsportv505.top/cdn-cgi/rum?
2026-05-30 21:37:03,484 [INFO] Capturing response: https://atomsportv505.top/cdn-cgi/rum? 204 
2026-05-30 21:37:03,498 [INFO] Capturing request: https://teletv5.top/load/yayinlink.php?id=bein-sports-max-1
2026-05-30 21:37:03,507 [INFO] Capturing request: https://atomsportv505.top/favicon.ico
2026-05-30 21:37:03,544 [INFO] Capturing response: https://atomsportv505.top/favicon.ico 200 
2026-05-30 21:37:03,554 [INFO] Capturing response: https://atomsportv505.top/cdn-cgi/rum? 204 
2026-05-30 21:37:03,599 [INFO] Capturing request: https://streamsport365.com/cinema
2026-05-30 21:37:03,655 [INFO] Capturing response: https://teletv5.top/load/yayinlink.php?id=bein-sports-max-1 200 
2026-05-30 21:37:03,839 [INFO] Capturing response: https://streamsport365.com/cinema 200 
2026-05-30 21:37:36,675 [WARNING]   ❌ beIN Sports Max 1 için M3U8 bulunamadı
2026-05-30 21:37:37,675 [INFO] 
[7/14]
2026-05-30 21:37:37,675 [INFO] 🔍 beIN Sports Max 2 → https://atomsportv505.top/matches?id=bein-sports-max-2
2026-05-30 21:37:37,783 [INFO] Capturing request: https://atomsportv505.top/assets/js/clappr.js
2026-05-30 21:37:37,785 [INFO] Capturing request: https://atomsportv505.top/matches?id=bein-sports-max-2
2026-05-30 21:37:37,801 [INFO] Capturing response: https://atomsportv505.top/assets/js/clappr.js 200 
2026-05-30 21:37:38,033 [INFO] Capturing response: https://atomsportv505.top/matches?id=bein-sports-max-2 200 
2026-05-30 21:37:38,044 [INFO] Capturing request: https://atomsportv505.top/cdn-cgi/rum?
2026-05-30 21:37:38,075 [INFO] Capturing request: https://atomsportv505.top/cdn-cgi/rum?
2026-05-30 21:37:38,151 [INFO] Capturing response: https://atomsportv505.top/cdn-cgi/rum? 204 
2026-05-30 21:37:38,175 [INFO] Capturing request: https://teletv5.top/load/yayinlink.php?id=bein-sports-max-2
2026-05-30 21:37:38,176 [INFO] Capturing request: https://atomsportv505.top/favicon.ico
2026-05-30 21:37:38,209 [INFO] Capturing response: https://atomsportv505.top/favicon.ico 200 
2026-05-30 21:37:38,223 [INFO] Capturing response: https://atomsportv505.top/cdn-cgi/rum? 204 
2026-05-30 21:37:38,275 [INFO] Capturing request: https://streamsport365.com/cinema
2026-05-30 21:37:38,335 [INFO] Capturing response: https://teletv5.top/load/yayinlink.php?id=bein-sports-max-2 200 
2026-05-30 21:37:38,525 [INFO] Capturing response: https://streamsport365.com/cinema 200 
2026-05-30 21:38:11,341 [WARNING]   ❌ beIN Sports Max 2 için M3U8 bulunamadı
2026-05-30 21:38:12,342 [INFO] 
[8/14]
2026-05-30 21:38:12,342 [INFO] 🔍 S Sport → https://atomsportv505.top/matches?id=s-sport
2026-05-30 21:38:12,482 [INFO] Capturing request: https://atomsportv505.top/assets/js/clappr.js
2026-05-30 21:38:12,483 [INFO] Capturing request: https://atomsportv505.top/matches?id=s-sport
2026-05-30 21:38:12,504 [INFO] Capturing response: https://atomsportv505.top/assets/js/clappr.js 200 
2026-05-30 21:38:12,548 [INFO] Capturing response: https://atomsportv505.top/matches?id=s-sport 200 
2026-05-30 21:38:12,556 [INFO] Capturing request: https://atomsportv505.top/cdn-cgi/rum?
2026-05-30 21:38:12,585 [INFO] Capturing request: https://atomsportv505.top/cdn-cgi/rum?
2026-05-30 21:38:12,663 [INFO] Capturing response: https://atomsportv505.top/cdn-cgi/rum? 204 
2026-05-30 21:38:12,683 [INFO] Capturing request: https://teletv5.top/load/yayinlink.php?id=s-sport
2026-05-30 21:38:12,689 [INFO] Capturing request: https://atomsportv505.top/favicon.ico
2026-05-30 21:38:12,726 [INFO] Capturing response: https://atomsportv505.top/favicon.ico 200 
2026-05-30 21:38:12,735 [INFO] Capturing response: https://atomsportv505.top/cdn-cgi/rum? 204 
2026-05-30 21:38:12,779 [INFO] Capturing request: https://streamsport365.com/cinema
2026-05-30 21:38:12,842 [INFO] Capturing response: https://teletv5.top/load/yayinlink.php?id=s-sport 200 
2026-05-30 21:38:13,027 [INFO] Capturing response: https://streamsport365.com/cinema 200 
2026-05-30 21:38:13,179 [INFO] Capturing request: https://hlssssssssssssssssss.yedeklinksa35.workers.dev/https://corestream.ronaldovurdu.help//s-sportt/tracks-v1a1/mono.m3u8
2026-05-30 21:38:13,520 [INFO] Capturing response: https://hlssssssssssssssssss.yedeklinksa35.workers.dev/https://corestream.ronaldovurdu.help//s-sportt/tracks-v1a1/mono.m3u8 200 
2026-05-30 21:38:13,701 [INFO] Capturing request: https://ts.yedeklinksa35.workers.dev/s-sportt/tracks-v1a1/2026/05/30/21/38/42-07072.avif
2026-05-30 21:38:14,025 [INFO] Capturing response: https://ts.yedeklinksa35.workers.dev/s-sportt/tracks-v1a1/2026/05/30/21/38/42-07072.avif 200 
2026-05-30 21:38:14,211 [INFO] Capturing request: https://ts.yedeklinksa35.workers.dev/s-sportt/tracks-v1a1/2026/05/30/21/38/49-12885.avif
2026-05-30 21:38:14,613 [INFO] Capturing response: https://ts.yedeklinksa35.workers.dev/s-sportt/tracks-v1a1/2026/05/30/21/38/49-12885.avif 200 
2026-05-30 21:38:14,844 [INFO] Capturing request: https://ts.yedeklinksa35.workers.dev/s-sportt/tracks-v1a1/2026/05/30/21/39/02-09709.avif
2026-05-30 21:38:15,154 [INFO] Capturing response: https://ts.yedeklinksa35.workers.dev/s-sportt/tracks-v1a1/2026/05/30/21/39/02-09709.avif 200 
2026-05-30 21:38:15,336 [INFO] Capturing request: https://ts.yedeklinksa35.workers.dev/s-sportt/tracks-v1a1/2026/05/30/21/39/12-08219.avif
2026-05-30 21:38:15,613 [INFO]   ✅ M3U8 bulundu: https://hlssssssssssssssssss.yedeklinksa35.workers.dev/https://corestream.ronaldovurdu.help//s-sportt/tracks-v1a1/mono.m3u8
2026-05-30 21:38:15,986 [INFO] Capturing response: https://ts.yedeklinksa35.workers.dev/s-sportt/tracks-v1a1/2026/05/30/21/39/12-08219.avif 200 
2026-05-30 21:38:16,614 [INFO] 
[9/14]
2026-05-30 21:38:16,614 [INFO] 🔍 S Sport 2 → https://atomsportv505.top/matches?id=s-sport-2
2026-05-30 21:38:16,724 [INFO] Capturing request: https://atomsportv505.top/assets/js/clappr.js
2026-05-30 21:38:16,725 [INFO] Capturing request: https://atomsportv505.top/matches?id=s-sport-2
2026-05-30 21:38:16,738 [INFO] Capturing response: https://atomsportv505.top/assets/js/clappr.js 200 
2026-05-30 21:38:16,779 [INFO] Capturing response: https://atomsportv505.top/matches?id=s-sport-2 200 
2026-05-30 21:38:16,791 [INFO] Capturing request: https://atomsportv505.top/cdn-cgi/rum?
2026-05-30 21:38:16,830 [INFO] Capturing request: https://streamsport365.com/cinema
2026-05-30 21:38:16,832 [INFO] Capturing request: https://atomsportv505.top/cdn-cgi/rum?
2026-05-30 21:38:16,926 [INFO] Capturing request: https://teletv5.top/load/yayinlink.php?id=s-sport-2
2026-05-30 21:38:16,937 [INFO] Capturing request: https://atomsportv505.top/favicon.ico
2026-05-30 21:38:16,939 [INFO] Capturing response: https://atomsportv505.top/cdn-cgi/rum? 204 
2026-05-30 21:38:16,966 [INFO] Capturing response: https://atomsportv505.top/favicon.ico 200 
2026-05-30 21:38:16,983 [INFO] Capturing response: https://atomsportv505.top/cdn-cgi/rum? 204 
2026-05-30 21:38:17,069 [INFO] Capturing response: https://teletv5.top/load/yayinlink.php?id=s-sport-2 200 
2026-05-30 21:38:17,083 [INFO] Capturing response: https://streamsport365.com/cinema 200 
2026-05-30 21:38:17,228 [INFO] Capturing request: https://hlssssssssssssssssss.yedeklinksa35.workers.dev/https://corestream.ronaldovurdu.help//s-sport2/tracks-v1a1/mono.m3u8
2026-05-30 21:38:17,349 [INFO] Capturing response: https://hlssssssssssssssssss.yedeklinksa35.workers.dev/https://corestream.ronaldovurdu.help//s-sport2/tracks-v1a1/mono.m3u8 200 
2026-05-30 21:38:17,459 [INFO] Capturing request: https://ts.yedeklinksa35.workers.dev/s-sport2/tracks-v1a1/2026/05/30/21/38/09-06000.avif
2026-05-30 21:38:18,466 [INFO] Capturing response: https://ts.yedeklinksa35.workers.dev/s-sport2/tracks-v1a1/2026/05/30/21/38/09-06000.avif 200 
2026-05-30 21:38:18,784 [INFO] Capturing request: https://ts.yedeklinksa35.workers.dev/s-sport2/tracks-v1a1/2026/05/30/21/38/15-06000.avif
2026-05-30 21:38:19,524 [INFO] Capturing response: https://ts.yedeklinksa35.workers.dev/s-sport2/tracks-v1a1/2026/05/30/21/38/15-06000.avif 200 
2026-05-30 21:38:19,805 [INFO] Capturing request: https://ts.yedeklinksa35.workers.dev/s-sport2/tracks-v1a1/2026/05/30/21/38/21-06000.avif
2026-05-30 21:38:19,855 [INFO]   ✅ M3U8 bulundu: https://hlssssssssssssssssss.yedeklinksa35.workers.dev/https://corestream.ronaldovurdu.help//s-sport2/tracks-v1a1/mono.m3u8
2026-05-30 21:38:20,579 [INFO] Capturing response: https://ts.yedeklinksa35.workers.dev/s-sport2/tracks-v1a1/2026/05/30/21/38/21-06000.avif 200 
2026-05-30 21:38:20,856 [INFO] 
[10/14]
2026-05-30 21:38:20,856 [INFO] 🔍 A Spor → https://atomsportv505.top/matches?id=a-spor
2026-05-30 21:38:20,970 [INFO] Capturing request: https://atomsportv505.top/matches?id=a-spor
2026-05-30 21:38:20,971 [INFO] Capturing request: https://atomsportv505.top/assets/js/clappr.js
2026-05-30 21:38:21,019 [INFO] Capturing response: https://atomsportv505.top/matches?id=a-spor 200 
2026-05-30 21:38:21,030 [INFO] Capturing request: https://atomsportv505.top/cdn-cgi/rum?
2026-05-30 21:38:21,041 [INFO] Capturing response: https://atomsportv505.top/assets/js/clappr.js 200 
2026-05-30 21:38:21,076 [INFO] Capturing request: https://atomsportv505.top/cdn-cgi/rum?
2026-05-30 21:38:21,181 [INFO] Capturing request: https://atomsportv505.top/favicon.ico
2026-05-30 21:38:21,181 [INFO] Capturing request: https://teletv5.top/load/yayinlink.php?id=a-spor
2026-05-30 21:38:21,183 [INFO] Capturing response: https://atomsportv505.top/cdn-cgi/rum? 204 
2026-05-30 21:38:21,211 [INFO] Capturing response: https://atomsportv505.top/favicon.ico 200 
2026-05-30 21:38:21,226 [INFO] Capturing response: https://atomsportv505.top/cdn-cgi/rum? 204 
2026-05-30 21:38:21,272 [INFO] Capturing request: https://streamsport365.com/cinema
2026-05-30 21:38:21,333 [INFO] Capturing response: https://teletv5.top/load/yayinlink.php?id=a-spor 200 
2026-05-30 21:38:21,511 [INFO] Capturing response: https://streamsport365.com/cinema 200 
2026-05-30 21:38:21,632 [INFO] Capturing request: https://hlssssssssssssssssss.yedeklinksa35.workers.dev/https://corestream.ronaldovurdu.help//aspor/tracks-v1a1/mono.m3u8
2026-05-30 21:38:21,760 [INFO] Capturing response: https://hlssssssssssssssssss.yedeklinksa35.workers.dev/https://corestream.ronaldovurdu.help//aspor/tracks-v1a1/mono.m3u8 404 
2026-05-30 21:38:22,558 [INFO] Capturing request: https://android.clients.google.com/c2dm/register3
2026-05-30 21:38:22,601 [INFO] Capturing response: https://android.clients.google.com/c2dm/register3 301 
2026-05-30 21:38:24,091 [INFO]   ✅ M3U8 bulundu: https://hlssssssssssssssssss.yedeklinksa35.workers.dev/https://corestream.ronaldovurdu.help//aspor/tracks-v1a1/mono.m3u8
2026-05-30 21:38:25,092 [INFO] 
[11/14]
2026-05-30 21:38:25,092 [INFO] 🔍 Tivibu Spor 1 → https://atomsportv505.top/matches?id=tivibu-spor-1
2026-05-30 21:38:25,202 [INFO] Capturing request: https://atomsportv505.top/assets/js/clappr.js
2026-05-30 21:38:25,202 [INFO] Capturing request: https://atomsportv505.top/matches?id=tivibu-spor-1
2026-05-30 21:38:25,217 [INFO] Capturing response: https://atomsportv505.top/assets/js/clappr.js 200 
2026-05-30 21:38:25,252 [INFO] Capturing response: https://atomsportv505.top/matches?id=tivibu-spor-1 200 
2026-05-30 21:38:25,261 [INFO] Capturing request: https://atomsportv505.top/cdn-cgi/rum?
2026-05-30 21:38:25,284 [INFO] Capturing request: https://streamsport365.com/cinema
2026-05-30 21:38:25,289 [INFO] Capturing request: https://atomsportv505.top/cdn-cgi/rum?
2026-05-30 21:38:25,389 [INFO] Capturing request: https://teletv5.top/load/yayinlink.php?id=tivibu-spor-1
2026-05-30 21:38:25,391 [INFO] Capturing request: https://atomsportv505.top/favicon.ico
2026-05-30 21:38:25,395 [INFO] Capturing response: https://atomsportv505.top/cdn-cgi/rum? 204 
2026-05-30 21:38:25,397 [INFO] Capturing response: https://atomsportv505.top/cdn-cgi/rum? 204 
2026-05-30 21:38:25,427 [INFO] Capturing response: https://atomsportv505.top/favicon.ico 200 
2026-05-30 21:38:25,536 [INFO] Capturing response: https://streamsport365.com/cinema 200 
2026-05-30 21:38:25,541 [INFO] Capturing response: https://teletv5.top/load/yayinlink.php?id=tivibu-spor-1 200 
2026-05-30 21:38:58,554 [WARNING]   ❌ Tivibu Spor 1 için M3U8 bulunamadı
2026-05-30 21:38:59,554 [INFO] 
[12/14]
2026-05-30 21:38:59,554 [INFO] 🔍 Tivibu Spor 2 → https://atomsportv505.top/matches?id=tivibu-spor-2
2026-05-30 21:38:59,662 [INFO] Capturing request: https://atomsportv505.top/assets/js/clappr.js
2026-05-30 21:38:59,664 [INFO] Capturing request: https://atomsportv505.top/matches?id=tivibu-spor-2
2026-05-30 21:38:59,683 [INFO] Capturing response: https://atomsportv505.top/assets/js/clappr.js 200 
2026-05-30 21:39:00,185 [INFO] Capturing response: https://atomsportv505.top/matches?id=tivibu-spor-2 200 
2026-05-30 21:39:00,199 [INFO] Capturing request: https://atomsportv505.top/cdn-cgi/rum?
2026-05-30 21:39:00,236 [INFO] Capturing request: https://atomsportv505.top/cdn-cgi/rum?
2026-05-30 21:39:00,307 [INFO] Capturing response: https://atomsportv505.top/cdn-cgi/rum? 204 
2026-05-30 21:39:00,335 [INFO] Capturing request: https://teletv5.top/load/yayinlink.php?id=tivibu-spor-2
2026-05-30 21:39:00,341 [INFO] Capturing request: https://atomsportv505.top/favicon.ico
2026-05-30 21:39:00,372 [INFO] Capturing response: https://atomsportv505.top/favicon.ico 200 
2026-05-30 21:39:00,386 [INFO] Capturing response: https://atomsportv505.top/cdn-cgi/rum? 204 
2026-05-30 21:39:00,432 [INFO] Capturing request: https://streamsport365.com/cinema
2026-05-30 21:39:00,497 [INFO] Capturing response: https://teletv5.top/load/yayinlink.php?id=tivibu-spor-2 200 
2026-05-30 21:39:00,678 [INFO] Capturing response: https://streamsport365.com/cinema 200 
2026-05-30 21:39:33,506 [WARNING]   ❌ Tivibu Spor 2 için M3U8 bulunamadı
2026-05-30 21:39:34,506 [INFO] 
[13/14]
2026-05-30 21:39:34,506 [INFO] 🔍 Tivibu Spor 3 → https://atomsportv505.top/matches?id=tivibu-spor-3
2026-05-30 21:39:34,616 [INFO] Capturing request: https://atomsportv505.top/assets/js/clappr.js
2026-05-30 21:39:34,617 [INFO] Capturing request: https://atomsportv505.top/matches?id=tivibu-spor-3
2026-05-30 21:39:34,634 [INFO] Capturing response: https://atomsportv505.top/assets/js/clappr.js 200 
2026-05-30 21:39:34,908 [INFO] Capturing response: https://atomsportv505.top/matches?id=tivibu-spor-3 200 
2026-05-30 21:39:34,918 [INFO] Capturing request: https://atomsportv505.top/cdn-cgi/rum?
2026-05-30 21:39:34,947 [INFO] Capturing request: https://atomsportv505.top/cdn-cgi/rum?
2026-05-30 21:39:35,026 [INFO] Capturing response: https://atomsportv505.top/cdn-cgi/rum? 204 
2026-05-30 21:39:35,043 [INFO] Capturing request: https://teletv5.top/load/yayinlink.php?id=tivibu-spor-3
2026-05-30 21:39:35,047 [INFO] Capturing request: https://atomsportv505.top/favicon.ico
2026-05-30 21:39:35,080 [INFO] Capturing response: https://atomsportv505.top/favicon.ico 200 
2026-05-30 21:39:35,097 [INFO] Capturing response: https://atomsportv505.top/cdn-cgi/rum? 204 
2026-05-30 21:39:35,138 [INFO] Capturing request: https://streamsport365.com/cinema
2026-05-30 21:39:35,197 [INFO] Capturing response: https://teletv5.top/load/yayinlink.php?id=tivibu-spor-3 200 
2026-05-30 21:39:35,386 [INFO] Capturing response: https://streamsport365.com/cinema 200 
2026-05-30 21:40:08,216 [WARNING]   ❌ Tivibu Spor 3 için M3U8 bulunamadı
2026-05-30 21:40:09,216 [INFO] 
[14/14]
2026-05-30 21:40:09,216 [INFO] 🔍 Tivibu Spor 4 → https://atomsportv505.top/matches?id=tivibu-spor-4
2026-05-30 21:40:09,324 [INFO] Capturing request: https://atomsportv505.top/assets/js/clappr.js
2026-05-30 21:40:09,326 [INFO] Capturing request: https://atomsportv505.top/matches?id=tivibu-spor-4
2026-05-30 21:40:09,340 [INFO] Capturing response: https://atomsportv505.top/assets/js/clappr.js 200 
2026-05-30 21:40:09,607 [INFO] Capturing response: https://atomsportv505.top/matches?id=tivibu-spor-4 200 
2026-05-30 21:40:09,618 [INFO] Capturing request: https://atomsportv505.top/cdn-cgi/rum?
2026-05-30 21:40:09,648 [INFO] Capturing request: https://atomsportv505.top/cdn-cgi/rum?
2026-05-30 21:40:09,749 [INFO] Capturing request: https://atomsportv505.top/favicon.ico
2026-05-30 21:40:09,750 [INFO] Capturing request: https://teletv5.top/load/yayinlink.php?id=tivibu-spor-4
2026-05-30 21:40:09,757 [INFO] Capturing response: https://atomsportv505.top/cdn-cgi/rum? 204 
2026-05-30 21:40:09,758 [INFO] Capturing response: https://atomsportv505.top/cdn-cgi/rum? 204 
2026-05-30 21:40:09,781 [INFO] Capturing response: https://atomsportv505.top/favicon.ico 200 
2026-05-30 21:40:09,847 [INFO] Capturing request: https://streamsport365.com/cinema
2026-05-30 21:40:09,908 [INFO] Capturing response: https://teletv5.top/load/yayinlink.php?id=tivibu-spor-4 200 
2026-05-30 21:40:10,099 [INFO] Capturing response: https://streamsport365.com/cinema 200 
2026-05-30 21:40:42,919 [WARNING]   ❌ Tivibu Spor 4 için M3U8 bulunamadı
2026-05-30 21:40:43,984 [INFO] ✅ 5 kanal bulundu, playlist.m3u kaydedildi
