2026-07-15 02:34:56,431 [INFO] 🌐 BASE_URL: https://atomsportv510.top
2026-07-15 02:34:57,683 [INFO] Başlanıyor... 14 kanal taranacak
2026-07-15 02:34:57,683 [INFO] Using default request storage
2026-07-15 02:34:57,688 [INFO] Created proxy listening on 127.0.0.1:36473
2026-07-15 02:34:58,372 [INFO] Capturing request: http://clients2.google.com/time/1/current?cup2key=10:9a3blFw07pKcplZJabwxN7aLjRfxYbRoL32OH3f1CB0&cup2hreq=e3b0c44298fc1c149afbf4c8996fb92427ae41e4649b934ca495991b7852b855
2026-07-15 02:34:58,417 [INFO] Capturing response: http://clients2.google.com/time/1/current?cup2key=10:9a3blFw07pKcplZJabwxN7aLjRfxYbRoL32OH3f1CB0&cup2hreq=e3b0c44298fc1c149afbf4c8996fb92427ae41e4649b934ca495991b7852b855 200 OK
2026-07-15 02:34:58,566 [INFO] 
[1/14]
2026-07-15 02:34:58,566 [INFO] 🔍 beIN Sports 1 → https://atomsportv510.top/matches?id=bein-sports-1
2026-07-15 02:34:58,657 [INFO] Capturing request: https://update.googleapis.com/service/update2/json?cup2key=16:NvrPltda4CLp8q3s_Vxl2DORO_D744KJCPrxu0RC2e8&cup2hreq=7488752785a5092926b65b3f172897cafa16e141c1b9792839d5d9897a65aaf1
2026-07-15 02:34:58,661 [INFO] Capturing request: https://accounts.google.com/ListAccounts?gpsia=1&source=ChromiumBrowser&json=standard&laf=b64bin
2026-07-15 02:34:58,705 [INFO] Capturing response: https://update.googleapis.com/service/update2/json?cup2key=16:NvrPltda4CLp8q3s_Vxl2DORO_D744KJCPrxu0RC2e8&cup2hreq=7488752785a5092926b65b3f172897cafa16e141c1b9792839d5d9897a65aaf1 200 
2026-07-15 02:34:58,709 [INFO] Capturing response: https://accounts.google.com/ListAccounts?gpsia=1&source=ChromiumBrowser&json=standard&laf=b64bin 200 
2026-07-15 02:34:58,753 [INFO] Capturing request: https://update.googleapis.com/service/update2/json?cup2key=16:xHrNH649p64IrEXso-OvYVYFMCE_g6OV5Sfn6hbaGrI&cup2hreq=7fc6dd11f9183dbd25c3ea3a8a200341ce874b929888e6ea610d2ece70dd328c
2026-07-15 02:34:58,768 [INFO] Capturing request: https://atomsportv510.top/matches?id=bein-sports-1
2026-07-15 02:34:58,778 [INFO] Capturing response: https://update.googleapis.com/service/update2/json?cup2key=16:xHrNH649p64IrEXso-OvYVYFMCE_g6OV5Sfn6hbaGrI&cup2hreq=7fc6dd11f9183dbd25c3ea3a8a200341ce874b929888e6ea610d2ece70dd328c 200 
2026-07-15 02:34:58,923 [INFO] Capturing response: https://atomsportv510.top/matches?id=bein-sports-1 200 
2026-07-15 02:34:59,010 [INFO] Capturing request: https://www.google.com/async/folae?async=_fmt:pb&udm=50&client_locale=en-US&client_country=ZZ
2026-07-15 02:34:59,037 [INFO] Capturing response: https://www.google.com/async/folae?async=_fmt:pb&udm=50&client_locale=en-US&client_country=ZZ 200 
2026-07-15 02:34:59,076 [INFO] Capturing request: https://atomsportv510.top/assets/js/clappr.js
2026-07-15 02:34:59,125 [INFO] Capturing response: https://atomsportv510.top/assets/js/clappr.js 200 
2026-07-15 02:34:59,130 [INFO] Capturing request: https://cdnjs.cloudflare.com/ajax/libs/jquery/3.2.1/jquery.min.js
2026-07-15 02:34:59,140 [INFO] Capturing request: https://cdn.jsdelivr.net/npm/@clappr/player@latest/dist/clappr.min.js
2026-07-15 02:34:59,147 [INFO] Capturing response: https://cdnjs.cloudflare.com/ajax/libs/jquery/3.2.1/jquery.min.js 200 
2026-07-15 02:34:59,170 [INFO] Capturing response: https://cdn.jsdelivr.net/npm/@clappr/player@latest/dist/clappr.min.js 200 
2026-07-15 02:34:59,386 [INFO] Capturing request: https://atomsportv510.top/favicon.ico
2026-07-15 02:34:59,439 [INFO] Capturing response: https://atomsportv510.top/favicon.ico 200 
2026-07-15 02:34:59,460 [INFO] Capturing request: https://teletv5.top/load/yayinlink.php?id=bein-sports-1
2026-07-15 02:34:59,768 [INFO] Capturing response: https://teletv5.top/load/yayinlink.php?id=bein-sports-1 200 
2026-07-15 02:34:59,820 [INFO] Capturing request: https://streamsport365.com/cinema
2026-07-15 02:35:00,069 [INFO] Capturing response: https://streamsport365.com/cinema 200 
2026-07-15 02:35:00,199 [INFO] Capturing request: https://atomsportv510.top/assets/img/player_logo_6880e4e4c52ee.png
2026-07-15 02:35:00,251 [INFO] Capturing response: https://atomsportv510.top/assets/img/player_logo_6880e4e4c52ee.png 200 
2026-07-15 02:35:00,276 [INFO] Capturing request: https://hlsssssssssssss.edaesra.workers.dev/https://corestream.macsitesi.help//trtspor/tracks-v1a1/mono.m3u8
2026-07-15 02:35:00,474 [INFO] Capturing response: https://hlsssssssssssss.edaesra.workers.dev/https://corestream.macsitesi.help//trtspor/tracks-v1a1/mono.m3u8 200 
2026-07-15 02:35:00,686 [INFO] Capturing request: https://securmar.edaesra.workers.dev/trtspor/tracks-v1a1/2026/07/15/02/34/38-05760.avif
2026-07-15 02:35:01,266 [INFO] Capturing request: https://android.clients.google.com/checkin
2026-07-15 02:35:01,331 [INFO] Capturing response: https://securmar.edaesra.workers.dev/trtspor/tracks-v1a1/2026/07/15/02/34/38-05760.avif 200 
2026-07-15 02:35:01,357 [INFO] Capturing response: https://android.clients.google.com/checkin 200 
2026-07-15 02:35:01,407 [INFO] Capturing request: https://android.clients.google.com/c2dm/register3
2026-07-15 02:35:01,412 [INFO] Capturing request: https://android.clients.google.com/c2dm/register3
2026-07-15 02:35:01,418 [INFO] Capturing request: https://android.clients.google.com/c2dm/register3
2026-07-15 02:35:01,463 [INFO] Capturing response: https://android.clients.google.com/c2dm/register3 200 
2026-07-15 02:35:01,479 [INFO] Capturing response: https://android.clients.google.com/c2dm/register3 200 
2026-07-15 02:35:01,490 [INFO] Capturing response: https://android.clients.google.com/c2dm/register3 200 
2026-07-15 02:35:02,314 [INFO]   ✅ M3U8 bulundu: https://hlsssssssssssss.edaesra.workers.dev/https://corestream.macsitesi.help//trtspor/tracks-v1a1/mono.m3u8
2026-07-15 02:35:03,314 [INFO] 
[2/14]
2026-07-15 02:35:03,314 [INFO] 🔍 beIN Sports 2 → https://atomsportv510.top/matches?id=bein-sports-2
2026-07-15 02:35:03,426 [INFO] Capturing request: https://atomsportv510.top/matches?id=bein-sports-2
2026-07-15 02:35:03,460 [INFO] Capturing response: https://atomsportv510.top/matches?id=bein-sports-2 200 
2026-07-15 02:35:03,512 [INFO] Capturing request: https://streamsport365.com/cinema
2026-07-15 02:35:03,611 [INFO] Capturing request: https://teletv5.top/load/yayinlink.php?id=bein-sports-2
2026-07-15 02:35:03,612 [INFO] Capturing request: https://atomsportv510.top/favicon.ico
2026-07-15 02:35:03,646 [INFO] Capturing response: https://atomsportv510.top/favicon.ico 200 
2026-07-15 02:35:03,766 [INFO] Capturing response: https://teletv5.top/load/yayinlink.php?id=bein-sports-2 200 
2026-07-15 02:35:03,768 [INFO] Capturing response: https://streamsport365.com/cinema 200 
2026-07-15 02:35:03,889 [INFO] Capturing request: https://hlsssssssssssss.edaesra.workers.dev/https://corestream.macsitesi.help//bein2/tracks-v1a1/mono.m3u8
2026-07-15 02:35:04,011 [INFO] Capturing response: https://hlsssssssssssss.edaesra.workers.dev/https://corestream.macsitesi.help//bein2/tracks-v1a1/mono.m3u8 404 
2026-07-15 02:35:06,525 [INFO]   ✅ M3U8 bulundu: https://hlsssssssssssss.edaesra.workers.dev/https://corestream.macsitesi.help//bein2/tracks-v1a1/mono.m3u8
2026-07-15 02:35:07,525 [INFO] 
[3/14]
2026-07-15 02:35:07,525 [INFO] 🔍 beIN Sports 3 → https://atomsportv510.top/matches?id=bein-sports-3
2026-07-15 02:35:07,636 [INFO] Capturing request: https://atomsportv510.top/matches?id=bein-sports-3
2026-07-15 02:35:07,636 [INFO] Capturing request: https://atomsportv510.top/assets/js/clappr.js
2026-07-15 02:35:07,670 [INFO] Capturing response: https://atomsportv510.top/matches?id=bein-sports-3 200 
2026-07-15 02:35:07,686 [INFO] Capturing response: https://atomsportv510.top/assets/js/clappr.js 200 
2026-07-15 02:35:07,829 [INFO] Capturing request: https://teletv5.top/load/yayinlink.php?id=bein-sports-3
2026-07-15 02:35:07,831 [INFO] Capturing request: https://atomsportv510.top/favicon.ico
2026-07-15 02:35:07,861 [INFO] Capturing response: https://atomsportv510.top/favicon.ico 200 
2026-07-15 02:35:07,930 [INFO] Capturing request: https://streamsport365.com/cinema
2026-07-15 02:35:08,106 [INFO] Capturing response: https://teletv5.top/load/yayinlink.php?id=bein-sports-3 200 
2026-07-15 02:35:08,173 [INFO] Capturing response: https://streamsport365.com/cinema 200 
2026-07-15 02:35:08,292 [INFO] Capturing request: https://hlsssssssssssss.edaesra.workers.dev/https://corestream.macsitesi.help//trtspor/tracks-v1a1/mono.m3u8
2026-07-15 02:35:08,415 [INFO] Capturing response: https://hlsssssssssssss.edaesra.workers.dev/https://corestream.macsitesi.help//trtspor/tracks-v1a1/mono.m3u8 200 
2026-07-15 02:35:08,524 [INFO] Capturing request: https://securmar.edaesra.workers.dev/trtspor/tracks-v1a1/2026/07/15/02/34/44-05760.avif
2026-07-15 02:35:09,088 [INFO] Capturing response: https://securmar.edaesra.workers.dev/trtspor/tracks-v1a1/2026/07/15/02/34/44-05760.avif 200 
2026-07-15 02:35:10,749 [INFO]   ✅ M3U8 bulundu: https://hlsssssssssssss.edaesra.workers.dev/https://corestream.macsitesi.help//trtspor/tracks-v1a1/mono.m3u8
2026-07-15 02:35:11,749 [INFO] 
[4/14]
2026-07-15 02:35:11,749 [INFO] 🔍 beIN Sports 4 → https://atomsportv510.top/matches?id=bein-sports-4
2026-07-15 02:35:11,859 [INFO] Capturing request: https://atomsportv510.top/assets/js/clappr.js
2026-07-15 02:35:11,861 [INFO] Capturing request: https://atomsportv510.top/matches?id=bein-sports-4
2026-07-15 02:35:11,878 [INFO] Capturing response: https://atomsportv510.top/assets/js/clappr.js 200 
2026-07-15 02:35:11,906 [INFO] Capturing response: https://atomsportv510.top/matches?id=bein-sports-4 200 
2026-07-15 02:35:11,968 [INFO] Capturing request: https://streamsport365.com/cinema
2026-07-15 02:35:12,067 [INFO] Capturing request: https://teletv5.top/load/yayinlink.php?id=bein-sports-4
2026-07-15 02:35:12,069 [INFO] Capturing request: https://atomsportv510.top/favicon.ico
2026-07-15 02:35:12,102 [INFO] Capturing response: https://atomsportv510.top/favicon.ico 200 
2026-07-15 02:35:12,217 [INFO] Capturing response: https://streamsport365.com/cinema 200 
2026-07-15 02:35:12,222 [INFO] Capturing response: https://teletv5.top/load/yayinlink.php?id=bein-sports-4 200 
2026-07-15 02:35:12,383 [INFO] Capturing request: https://hlsssssssssssss.edaesra.workers.dev/https://corestream.macsitesi.help//bein2/tracks-v1a1/mono.m3u8
2026-07-15 02:35:12,504 [INFO] Capturing response: https://hlsssssssssssss.edaesra.workers.dev/https://corestream.macsitesi.help//bein2/tracks-v1a1/mono.m3u8 404 
2026-07-15 02:35:14,980 [INFO]   ✅ M3U8 bulundu: https://hlsssssssssssss.edaesra.workers.dev/https://corestream.macsitesi.help//bein2/tracks-v1a1/mono.m3u8
2026-07-15 02:35:15,980 [INFO] 
[5/14]
2026-07-15 02:35:15,980 [INFO] 🔍 beIN Sports 5 → https://atomsportv510.top/matches?id=bein-sports-5
2026-07-15 02:35:16,090 [INFO] Capturing request: https://atomsportv510.top/assets/js/clappr.js
2026-07-15 02:35:16,092 [INFO] Capturing request: https://atomsportv510.top/matches?id=bein-sports-5
2026-07-15 02:35:16,107 [INFO] Capturing response: https://atomsportv510.top/assets/js/clappr.js 200 
2026-07-15 02:35:16,139 [INFO] Capturing response: https://atomsportv510.top/matches?id=bein-sports-5 200 
2026-07-15 02:35:16,271 [INFO] Capturing request: https://teletv5.top/load/yayinlink.php?id=bein-sports-5
2026-07-15 02:35:16,272 [INFO] Capturing request: https://atomsportv510.top/favicon.ico
2026-07-15 02:35:16,325 [INFO] Capturing response: https://atomsportv510.top/favicon.ico 200 
2026-07-15 02:35:16,368 [INFO] Capturing request: https://streamsport365.com/cinema
2026-07-15 02:35:16,424 [INFO] Capturing response: https://teletv5.top/load/yayinlink.php?id=bein-sports-5 200 
2026-07-15 02:35:16,608 [INFO] Capturing response: https://streamsport365.com/cinema 200 
2026-07-15 02:35:16,728 [INFO] Capturing request: https://hlsssssssssssss.edaesra.workers.dev/https://corestream.macsitesi.help//bein2/tracks-v1a1/mono.m3u8
2026-07-15 02:35:16,854 [INFO] Capturing response: https://hlsssssssssssss.edaesra.workers.dev/https://corestream.macsitesi.help//bein2/tracks-v1a1/mono.m3u8 404 
2026-07-15 02:35:19,185 [INFO]   ✅ M3U8 bulundu: https://hlsssssssssssss.edaesra.workers.dev/https://corestream.macsitesi.help//bein2/tracks-v1a1/mono.m3u8
2026-07-15 02:35:20,185 [INFO] 
[6/14]
2026-07-15 02:35:20,186 [INFO] 🔍 beIN Sports Max 1 → https://atomsportv510.top/matches?id=bein-sports-max-1
2026-07-15 02:35:20,293 [INFO] Capturing request: https://atomsportv510.top/assets/js/clappr.js
2026-07-15 02:35:20,295 [INFO] Capturing request: https://atomsportv510.top/matches?id=bein-sports-max-1
2026-07-15 02:35:20,318 [INFO] Capturing response: https://atomsportv510.top/assets/js/clappr.js 200 
2026-07-15 02:35:20,332 [INFO] Capturing response: https://atomsportv510.top/matches?id=bein-sports-max-1 200 
2026-07-15 02:35:20,391 [INFO] Capturing request: https://streamsport365.com/cinema
2026-07-15 02:35:20,491 [INFO] Capturing request: https://atomsportv510.top/favicon.ico
2026-07-15 02:35:20,492 [INFO] Capturing request: https://teletv5.top/load/yayinlink.php?id=bein-sports-max-1
2026-07-15 02:35:20,530 [INFO] Capturing response: https://atomsportv510.top/favicon.ico 200 
2026-07-15 02:35:20,641 [INFO] Capturing response: https://streamsport365.com/cinema 200 
2026-07-15 02:35:20,644 [INFO] Capturing response: https://teletv5.top/load/yayinlink.php?id=bein-sports-max-1 200 
2026-07-15 02:35:20,803 [INFO] Capturing request: https://hlsssssssssssss.edaesra.workers.dev/https://corestream.macsitesi.help//trtspor/tracks-v1a1/mono.m3u8
2026-07-15 02:35:20,927 [INFO] Capturing response: https://hlsssssssssssss.edaesra.workers.dev/https://corestream.macsitesi.help//trtspor/tracks-v1a1/mono.m3u8 200 
2026-07-15 02:35:21,077 [INFO] Capturing request: https://securmar.edaesra.workers.dev/trtspor/tracks-v1a1/2026/07/15/02/34/56-05760.avif
2026-07-15 02:35:21,649 [INFO] Capturing response: https://securmar.edaesra.workers.dev/trtspor/tracks-v1a1/2026/07/15/02/34/56-05760.avif 200 
2026-07-15 02:35:23,407 [INFO]   ✅ M3U8 bulundu: https://hlsssssssssssss.edaesra.workers.dev/https://corestream.macsitesi.help//trtspor/tracks-v1a1/mono.m3u8
2026-07-15 02:35:23,715 [INFO] Capturing request: https://android.clients.google.com/c2dm/register3
2026-07-15 02:35:24,407 [INFO] 
[7/14]
2026-07-15 02:35:24,407 [INFO] 🔍 beIN Sports Max 2 → https://atomsportv510.top/matches?id=bein-sports-max-2
2026-07-15 02:35:24,423 [INFO] Capturing response: https://android.clients.google.com/c2dm/register3 200 
2026-07-15 02:35:24,519 [INFO] Capturing request: https://atomsportv510.top/assets/js/clappr.js
2026-07-15 02:35:24,520 [INFO] Capturing request: https://atomsportv510.top/matches?id=bein-sports-max-2
2026-07-15 02:35:24,543 [INFO] Capturing response: https://atomsportv510.top/assets/js/clappr.js 200 
2026-07-15 02:35:24,686 [INFO] Capturing response: https://atomsportv510.top/matches?id=bein-sports-max-2 200 
2026-07-15 02:35:24,816 [INFO] Capturing request: https://teletv5.top/load/yayinlink.php?id=bein-sports-max-2
2026-07-15 02:35:24,817 [INFO] Capturing request: https://atomsportv510.top/favicon.ico
2026-07-15 02:35:24,853 [INFO] Capturing response: https://atomsportv510.top/favicon.ico 200 
2026-07-15 02:35:24,911 [INFO] Capturing request: https://streamsport365.com/cinema
2026-07-15 02:35:24,963 [INFO] Capturing response: https://teletv5.top/load/yayinlink.php?id=bein-sports-max-2 200 
2026-07-15 02:35:25,159 [INFO] Capturing response: https://streamsport365.com/cinema 200 
2026-07-15 02:35:25,279 [INFO] Capturing request: https://hlsssssssssssss.edaesra.workers.dev/https://corestream.macsitesi.help//trtspor/tracks-v1a1/mono.m3u8
2026-07-15 02:35:25,400 [INFO] Capturing response: https://hlsssssssssssss.edaesra.workers.dev/https://corestream.macsitesi.help//trtspor/tracks-v1a1/mono.m3u8 200 
2026-07-15 02:35:25,509 [INFO] Capturing request: https://securmar.edaesra.workers.dev/trtspor/tracks-v1a1/2026/07/15/02/35/01-05760.avif
2026-07-15 02:35:25,724 [INFO] Capturing request: https://android.clients.google.com/c2dm/register3
2026-07-15 02:35:25,863 [INFO] Capturing request: https://android.clients.google.com/c2dm/register3
2026-07-15 02:35:25,903 [INFO] Capturing response: https://android.clients.google.com/c2dm/register3 301 
2026-07-15 02:35:26,090 [INFO] Capturing response: https://securmar.edaesra.workers.dev/trtspor/tracks-v1a1/2026/07/15/02/35/01-05760.avif 200 
2026-07-15 02:35:26,303 [INFO] Capturing response: https://android.clients.google.com/c2dm/register3 200 
2026-07-15 02:35:27,733 [INFO]   ✅ M3U8 bulundu: https://hlsssssssssssss.edaesra.workers.dev/https://corestream.macsitesi.help//trtspor/tracks-v1a1/mono.m3u8
2026-07-15 02:35:28,733 [INFO] 
[8/14]
2026-07-15 02:35:28,733 [INFO] 🔍 S Sport → https://atomsportv510.top/matches?id=s-sport
2026-07-15 02:35:28,842 [INFO] Capturing request: https://atomsportv510.top/assets/js/clappr.js
2026-07-15 02:35:28,844 [INFO] Capturing request: https://atomsportv510.top/matches?id=s-sport
2026-07-15 02:35:28,863 [INFO] Capturing response: https://atomsportv510.top/assets/js/clappr.js 200 
2026-07-15 02:35:29,304 [INFO] Capturing response: https://atomsportv510.top/matches?id=s-sport 200 
2026-07-15 02:35:29,364 [INFO] Capturing request: https://streamsport365.com/cinema
2026-07-15 02:35:29,465 [INFO] Capturing request: https://teletv5.top/load/yayinlink.php?id=s-sport
2026-07-15 02:35:29,466 [INFO] Capturing request: https://atomsportv510.top/favicon.ico
2026-07-15 02:35:29,505 [INFO] Capturing response: https://atomsportv510.top/favicon.ico 200 
2026-07-15 02:35:29,612 [INFO] Capturing response: https://streamsport365.com/cinema 200 
2026-07-15 02:35:29,616 [INFO] Capturing response: https://teletv5.top/load/yayinlink.php?id=s-sport 200 
2026-07-15 02:35:29,775 [INFO] Capturing request: https://hlsssssssssssss.edaesra.workers.dev/https://corestream.macsitesi.help//s-sportt/tracks-v1a1/mono.m3u8
2026-07-15 02:35:29,903 [INFO] Capturing response: https://hlsssssssssssss.edaesra.workers.dev/https://corestream.macsitesi.help//s-sportt/tracks-v1a1/mono.m3u8 404 
2026-07-15 02:35:32,377 [INFO]   ✅ M3U8 bulundu: https://hlsssssssssssss.edaesra.workers.dev/https://corestream.macsitesi.help//s-sportt/tracks-v1a1/mono.m3u8
2026-07-15 02:35:33,377 [INFO] 
[9/14]
2026-07-15 02:35:33,377 [INFO] 🔍 S Sport 2 → https://atomsportv510.top/matches?id=s-sport-2
2026-07-15 02:35:33,486 [INFO] Capturing request: https://atomsportv510.top/assets/js/clappr.js
2026-07-15 02:35:33,488 [INFO] Capturing request: https://atomsportv510.top/matches?id=s-sport-2
2026-07-15 02:35:33,505 [INFO] Capturing response: https://atomsportv510.top/assets/js/clappr.js 200 
2026-07-15 02:35:33,534 [INFO] Capturing response: https://atomsportv510.top/matches?id=s-sport-2 200 
2026-07-15 02:35:33,663 [INFO] Capturing request: https://teletv5.top/load/yayinlink.php?id=s-sport-2
2026-07-15 02:35:33,666 [INFO] Capturing request: https://atomsportv510.top/favicon.ico
2026-07-15 02:35:33,700 [INFO] Capturing response: https://atomsportv510.top/favicon.ico 200 
2026-07-15 02:35:33,761 [INFO] Capturing request: https://streamsport365.com/cinema
2026-07-15 02:35:33,816 [INFO] Capturing response: https://teletv5.top/load/yayinlink.php?id=s-sport-2 200 
2026-07-15 02:35:34,006 [INFO] Capturing response: https://streamsport365.com/cinema 200 
2026-07-15 02:35:34,125 [INFO] Capturing request: https://hlsssssssssssss.edaesra.workers.dev/https://corestream.macsitesi.help//s-sport2/tracks-v1a1/mono.m3u8
2026-07-15 02:35:34,247 [INFO] Capturing response: https://hlsssssssssssss.edaesra.workers.dev/https://corestream.macsitesi.help//s-sport2/tracks-v1a1/mono.m3u8 404 
2026-07-15 02:35:36,579 [INFO]   ✅ M3U8 bulundu: https://hlsssssssssssss.edaesra.workers.dev/https://corestream.macsitesi.help//s-sport2/tracks-v1a1/mono.m3u8
2026-07-15 02:35:37,579 [INFO] 
[10/14]
2026-07-15 02:35:37,580 [INFO] 🔍 A Spor → https://atomsportv510.top/matches?id=a-spor
2026-07-15 02:35:37,689 [INFO] Capturing request: https://atomsportv510.top/assets/js/clappr.js
2026-07-15 02:35:37,690 [INFO] Capturing request: https://atomsportv510.top/matches?id=a-spor
2026-07-15 02:35:37,706 [INFO] Capturing response: https://atomsportv510.top/assets/js/clappr.js 200 
2026-07-15 02:35:37,736 [INFO] Capturing response: https://atomsportv510.top/matches?id=a-spor 200 
2026-07-15 02:35:37,796 [INFO] Capturing request: https://streamsport365.com/cinema
2026-07-15 02:35:37,897 [INFO] Capturing request: https://teletv5.top/load/yayinlink.php?id=a-spor
2026-07-15 02:35:37,897 [INFO] Capturing request: https://atomsportv510.top/favicon.ico
2026-07-15 02:35:37,929 [INFO] Capturing response: https://atomsportv510.top/favicon.ico 200 
2026-07-15 02:35:38,045 [INFO] Capturing response: https://streamsport365.com/cinema 200 
2026-07-15 02:35:38,050 [INFO] Capturing response: https://teletv5.top/load/yayinlink.php?id=a-spor 200 
2026-07-15 02:35:38,210 [INFO] Capturing request: https://hlsssssssssssss.edaesra.workers.dev/https://corestream.macsitesi.help//aspor/tracks-v1a1/mono.m3u8
2026-07-15 02:35:38,333 [INFO] Capturing response: https://hlsssssssssssss.edaesra.workers.dev/https://corestream.macsitesi.help//aspor/tracks-v1a1/mono.m3u8 404 
2026-07-15 02:35:40,808 [INFO]   ✅ M3U8 bulundu: https://hlsssssssssssss.edaesra.workers.dev/https://corestream.macsitesi.help//aspor/tracks-v1a1/mono.m3u8
2026-07-15 02:35:41,809 [INFO] 
[11/14]
2026-07-15 02:35:41,809 [INFO] 🔍 Tivibu Spor 1 → https://atomsportv510.top/matches?id=tivibu-spor-1
2026-07-15 02:35:41,918 [INFO] Capturing request: https://atomsportv510.top/assets/js/clappr.js
2026-07-15 02:35:41,919 [INFO] Capturing request: https://atomsportv510.top/matches?id=tivibu-spor-1
2026-07-15 02:35:41,935 [INFO] Capturing response: https://atomsportv510.top/assets/js/clappr.js 200 
2026-07-15 02:35:41,965 [INFO] Capturing response: https://atomsportv510.top/matches?id=tivibu-spor-1 200 
2026-07-15 02:35:42,094 [INFO] Capturing request: https://teletv5.top/load/yayinlink.php?id=tivibu-spor-1
2026-07-15 02:35:42,097 [INFO] Capturing request: https://atomsportv510.top/favicon.ico
2026-07-15 02:35:42,131 [INFO] Capturing response: https://atomsportv510.top/favicon.ico 200 
2026-07-15 02:35:42,194 [INFO] Capturing request: https://streamsport365.com/cinema
2026-07-15 02:35:42,247 [INFO] Capturing response: https://teletv5.top/load/yayinlink.php?id=tivibu-spor-1 200 
2026-07-15 02:35:42,435 [INFO] Capturing response: https://streamsport365.com/cinema 200 
2026-07-15 02:35:42,553 [INFO] Capturing request: https://hlsssssssssssss.edaesra.workers.dev/https://corestream.macsitesi.help//trtspor/tracks-v1a1/mono.m3u8
2026-07-15 02:35:42,683 [INFO] Capturing response: https://hlsssssssssssss.edaesra.workers.dev/https://corestream.macsitesi.help//trtspor/tracks-v1a1/mono.m3u8 200 
2026-07-15 02:35:42,792 [INFO] Capturing request: https://securmar.edaesra.workers.dev/trtspor/tracks-v1a1/2026/07/15/02/35/19-05760.avif
2026-07-15 02:35:43,380 [INFO] Capturing response: https://securmar.edaesra.workers.dev/trtspor/tracks-v1a1/2026/07/15/02/35/19-05760.avif 200 
2026-07-15 02:35:45,011 [INFO]   ✅ M3U8 bulundu: https://hlsssssssssssss.edaesra.workers.dev/https://corestream.macsitesi.help//trtspor/tracks-v1a1/mono.m3u8
2026-07-15 02:35:46,011 [INFO] 
[12/14]
2026-07-15 02:35:46,012 [INFO] 🔍 Tivibu Spor 2 → https://atomsportv510.top/matches?id=tivibu-spor-2
2026-07-15 02:35:46,121 [INFO] Capturing request: https://atomsportv510.top/assets/js/clappr.js
2026-07-15 02:35:46,123 [INFO] Capturing request: https://atomsportv510.top/matches?id=tivibu-spor-2
2026-07-15 02:35:46,139 [INFO] Capturing response: https://atomsportv510.top/assets/js/clappr.js 200 
2026-07-15 02:35:46,166 [INFO] Capturing response: https://atomsportv510.top/matches?id=tivibu-spor-2 200 
2026-07-15 02:35:46,226 [INFO] Capturing request: https://streamsport365.com/cinema
2026-07-15 02:35:46,326 [INFO] Capturing request: https://teletv5.top/load/yayinlink.php?id=tivibu-spor-2
2026-07-15 02:35:46,326 [INFO] Capturing request: https://atomsportv510.top/favicon.ico
2026-07-15 02:35:46,364 [INFO] Capturing response: https://atomsportv510.top/favicon.ico 200 
2026-07-15 02:35:46,478 [INFO] Capturing response: https://streamsport365.com/cinema 200 
2026-07-15 02:35:46,481 [INFO] Capturing response: https://teletv5.top/load/yayinlink.php?id=tivibu-spor-2 200 
2026-07-15 02:35:46,640 [INFO] Capturing request: https://hlsssssssssssss.edaesra.workers.dev/https://corestream.macsitesi.help//trtspor/tracks-v1a1/mono.m3u8
2026-07-15 02:35:46,771 [INFO] Capturing response: https://hlsssssssssssss.edaesra.workers.dev/https://corestream.macsitesi.help//trtspor/tracks-v1a1/mono.m3u8 200 
2026-07-15 02:35:46,920 [INFO] Capturing request: https://securmar.edaesra.workers.dev/trtspor/tracks-v1a1/2026/07/15/02/35/24-05760.avif
2026-07-15 02:35:47,568 [INFO] Capturing response: https://securmar.edaesra.workers.dev/trtspor/tracks-v1a1/2026/07/15/02/35/24-05760.avif 200 
2026-07-15 02:35:49,243 [INFO]   ✅ M3U8 bulundu: https://hlsssssssssssss.edaesra.workers.dev/https://corestream.macsitesi.help//trtspor/tracks-v1a1/mono.m3u8
2026-07-15 02:35:50,243 [INFO] 
[13/14]
2026-07-15 02:35:50,244 [INFO] 🔍 Tivibu Spor 3 → https://atomsportv510.top/matches?id=tivibu-spor-3
2026-07-15 02:35:50,355 [INFO] Capturing request: https://atomsportv510.top/assets/js/clappr.js
2026-07-15 02:35:50,356 [INFO] Capturing request: https://atomsportv510.top/matches?id=tivibu-spor-3
2026-07-15 02:35:50,374 [INFO] Capturing response: https://atomsportv510.top/assets/js/clappr.js 200 
2026-07-15 02:35:50,403 [INFO] Capturing response: https://atomsportv510.top/matches?id=tivibu-spor-3 200 
2026-07-15 02:35:50,531 [INFO] Capturing request: https://teletv5.top/load/yayinlink.php?id=tivibu-spor-3
2026-07-15 02:35:50,534 [INFO] Capturing request: https://atomsportv510.top/favicon.ico
2026-07-15 02:35:50,562 [INFO] Capturing response: https://atomsportv510.top/favicon.ico 200 
2026-07-15 02:35:50,628 [INFO] Capturing request: https://streamsport365.com/cinema
2026-07-15 02:35:50,875 [INFO] Capturing response: https://streamsport365.com/cinema 200 
2026-07-15 02:35:50,948 [INFO] Capturing response: https://teletv5.top/load/yayinlink.php?id=tivibu-spor-3 200 
2026-07-15 02:35:51,067 [INFO] Capturing request: https://hlsssssssssssss.edaesra.workers.dev/https://corestream.macsitesi.help//trtspor/tracks-v1a1/mono.m3u8
2026-07-15 02:35:51,190 [INFO] Capturing response: https://hlsssssssssssss.edaesra.workers.dev/https://corestream.macsitesi.help//trtspor/tracks-v1a1/mono.m3u8 200 
2026-07-15 02:35:51,300 [INFO] Capturing request: https://securmar.edaesra.workers.dev/trtspor/tracks-v1a1/2026/07/15/02/35/30-05760.avif
2026-07-15 02:35:51,943 [INFO] Capturing response: https://securmar.edaesra.workers.dev/trtspor/tracks-v1a1/2026/07/15/02/35/30-05760.avif 200 
2026-07-15 02:35:53,450 [INFO]   ✅ M3U8 bulundu: https://hlsssssssssssss.edaesra.workers.dev/https://corestream.macsitesi.help//trtspor/tracks-v1a1/mono.m3u8
2026-07-15 02:35:54,450 [INFO] 
[14/14]
2026-07-15 02:35:54,450 [INFO] 🔍 Tivibu Spor 4 → https://atomsportv510.top/matches?id=tivibu-spor-4
2026-07-15 02:35:54,561 [INFO] Capturing request: https://atomsportv510.top/matches?id=tivibu-spor-4
2026-07-15 02:35:54,562 [INFO] Capturing request: https://atomsportv510.top/assets/js/clappr.js
2026-07-15 02:35:54,597 [INFO] Capturing response: https://atomsportv510.top/matches?id=tivibu-spor-4 200 
2026-07-15 02:35:54,610 [INFO] Capturing response: https://atomsportv510.top/assets/js/clappr.js 200 
2026-07-15 02:35:54,629 [INFO] Capturing request: https://streamsport365.com/cinema
2026-07-15 02:35:54,729 [INFO] Capturing request: https://teletv5.top/load/yayinlink.php?id=tivibu-spor-4
2026-07-15 02:35:54,731 [INFO] Capturing request: https://atomsportv510.top/favicon.ico
2026-07-15 02:35:54,762 [INFO] Capturing response: https://atomsportv510.top/favicon.ico 200 
2026-07-15 02:35:54,877 [INFO] Capturing response: https://teletv5.top/load/yayinlink.php?id=tivibu-spor-4 200 
2026-07-15 02:35:54,886 [INFO] Capturing response: https://streamsport365.com/cinema 200 
2026-07-15 02:35:58,369 [INFO] Capturing request: https://update.googleapis.com/service/update2/json?cup2key=16:_9jf7OBCj-RPQshitflWj9n4ghnPJIIhOfOUscS1hRg&cup2hreq=1f841bd051cc12c69723f9e99584138a4a85b50ded66d3a9c4dc3dc82ba4d8a7
2026-07-15 02:35:58,395 [INFO] Capturing response: https://update.googleapis.com/service/update2/json?cup2key=16:_9jf7OBCj-RPQshitflWj9n4ghnPJIIhOfOUscS1hRg&cup2hreq=1f841bd051cc12c69723f9e99584138a4a85b50ded66d3a9c4dc3dc82ba4d8a7 200 
2026-07-15 02:35:58,401 [INFO] Capturing request: http://edgedl.me.gvt1.com/edgedl/release2/chrome_component/acqlojrhcj7su2fcorzuox3t4z5q_10648/hfnkpimlhhgieaddgfemjhofmfblmnib_10648_all_acruq4vkkfbgqmtgxjgq52uvgdaa.crx3
2026-07-15 02:35:58,437 [INFO] Capturing response: http://edgedl.me.gvt1.com/edgedl/release2/chrome_component/acqlojrhcj7su2fcorzuox3t4z5q_10648/hfnkpimlhhgieaddgfemjhofmfblmnib_10648_all_acruq4vkkfbgqmtgxjgq52uvgdaa.crx3 200 OK
2026-07-15 02:35:58,493 [INFO] Capturing request: https://update.googleapis.com/service/update2/json
2026-07-15 02:35:58,521 [INFO] Capturing response: https://update.googleapis.com/service/update2/json 200 
2026-07-15 02:35:58,566 [INFO] Capturing request: http://edgedl.me.gvt1.com/edgedl/diffgen-puffin/gcmjkmgdlgnkkcocmoeiminaijmmjnii/df2a22d5ecc7788c3330ebd5f856b41531c74f412a01ed7453d11284708009fe
2026-07-15 02:35:58,577 [INFO] Capturing response: http://edgedl.me.gvt1.com/edgedl/diffgen-puffin/gcmjkmgdlgnkkcocmoeiminaijmmjnii/df2a22d5ecc7788c3330ebd5f856b41531c74f412a01ed7453d11284708009fe 200 OK
2026-07-15 02:35:58,642 [INFO] Capturing request: https://update.googleapis.com/service/update2/json
2026-07-15 02:35:58,667 [INFO] Capturing response: https://update.googleapis.com/service/update2/json 200 
2026-07-15 02:36:21,966 [INFO] Capturing request: https://android.clients.google.com/c2dm/register3
2026-07-15 02:36:22,012 [INFO] Capturing response: https://android.clients.google.com/c2dm/register3 301 
2026-07-15 02:36:27,969 [WARNING]   ❌ Tivibu Spor 4 için M3U8 bulunamadı
2026-07-15 02:36:29,037 [INFO] ✅ 13 kanal bulundu, playlist.m3u kaydedildi
