2026-07-13 20:00:19,548 [INFO] 🌐 BASE_URL: https://atomsportv508.top
2026-07-13 20:00:20,341 [INFO] Başlanıyor... 14 kanal taranacak
2026-07-13 20:00:20,341 [INFO] Using default request storage
2026-07-13 20:00:20,345 [INFO] Created proxy listening on 127.0.0.1:35049
2026-07-13 20:00:21,009 [INFO] Capturing request: http://clients2.google.com/time/1/current?cup2key=10:kb_tq0oWjnosWv2KaP-NI1RUvIi_7tA9hLrNp7AXSDo&cup2hreq=e3b0c44298fc1c149afbf4c8996fb92427ae41e4649b934ca495991b7852b855
2026-07-13 20:00:21,168 [INFO] 
[1/14]
2026-07-13 20:00:21,168 [INFO] 🔍 beIN Sports 1 → https://atomsportv508.top/matches?id=bein-sports-1
2026-07-13 20:00:21,260 [INFO] Capturing request: https://update.googleapis.com/service/update2/json?cup2key=16:zq5SKeNqfR5hcks3qX6PxKjzx9QLzWlTtHgUKcKzEBs&cup2hreq=fbfd7700ee937106b1a6fca85a2dd6ce62bac8ed52a8501acf08b0039ce9b987
2026-07-13 20:00:21,261 [INFO] Capturing request: https://accounts.google.com/ListAccounts?gpsia=1&source=ChromiumBrowser&json=standard&laf=b64bin
2026-07-13 20:00:21,304 [INFO] Capturing response: https://update.googleapis.com/service/update2/json?cup2key=16:zq5SKeNqfR5hcks3qX6PxKjzx9QLzWlTtHgUKcKzEBs&cup2hreq=fbfd7700ee937106b1a6fca85a2dd6ce62bac8ed52a8501acf08b0039ce9b987 200 
2026-07-13 20:00:21,310 [INFO] Capturing response: https://accounts.google.com/ListAccounts?gpsia=1&source=ChromiumBrowser&json=standard&laf=b64bin 200 
2026-07-13 20:00:21,351 [INFO] Capturing request: https://update.googleapis.com/service/update2/json?cup2key=16:Mtq0PaXAaS9Ij23ED8YDDhQpAYF9Ux146DfpEPvgqm8&cup2hreq=6a035d0b4756744f2d614ea566fdb8edd9f3d3b25af1924a594546617f98fdde
2026-07-13 20:00:21,358 [INFO] Capturing request: https://atomsportv508.top/matches?id=bein-sports-1
2026-07-13 20:00:21,377 [INFO] Capturing response: https://update.googleapis.com/service/update2/json?cup2key=16:Mtq0PaXAaS9Ij23ED8YDDhQpAYF9Ux146DfpEPvgqm8&cup2hreq=6a035d0b4756744f2d614ea566fdb8edd9f3d3b25af1924a594546617f98fdde 200 
2026-07-13 20:00:21,486 [INFO] Capturing response: https://atomsportv508.top/matches?id=bein-sports-1 200 
2026-07-13 20:00:21,611 [INFO] Capturing request: https://www.google.com/async/folae?async=_fmt:pb&udm=50&client_locale=en-US&client_country=ZZ
2026-07-13 20:00:21,634 [INFO] Capturing response: https://www.google.com/async/folae?async=_fmt:pb&udm=50&client_locale=en-US&client_country=ZZ 200 
2026-07-13 20:00:21,638 [INFO] Capturing request: https://atomsportv508.top/assets/js/clappr.js
2026-07-13 20:00:21,693 [INFO] Capturing request: https://cdn.jsdelivr.net/npm/@clappr/player@latest/dist/clappr.min.js
2026-07-13 20:00:21,704 [INFO] Capturing response: https://atomsportv508.top/assets/js/clappr.js 200 
2026-07-13 20:00:21,707 [INFO] Capturing request: https://cdnjs.cloudflare.com/ajax/libs/jquery/3.2.1/jquery.min.js
2026-07-13 20:00:21,717 [INFO] Capturing response: https://cdn.jsdelivr.net/npm/@clappr/player@latest/dist/clappr.min.js 200 
2026-07-13 20:00:21,739 [INFO] Capturing response: https://cdnjs.cloudflare.com/ajax/libs/jquery/3.2.1/jquery.min.js 200 
2026-07-13 20:00:21,745 [INFO] Capturing response: http://clients2.google.com/time/1/current?cup2key=10:kb_tq0oWjnosWv2KaP-NI1RUvIi_7tA9hLrNp7AXSDo&cup2hreq=e3b0c44298fc1c149afbf4c8996fb92427ae41e4649b934ca495991b7852b855 200 OK
2026-07-13 20:00:21,931 [INFO] Capturing request: https://static.cloudflareinsights.com/beacon.min.js/v4513226cdae34746b4dedf0b4dfa099e1781791509496
2026-07-13 20:00:21,954 [INFO] Capturing response: https://static.cloudflareinsights.com/beacon.min.js/v4513226cdae34746b4dedf0b4dfa099e1781791509496 200 
2026-07-13 20:00:22,059 [INFO] Capturing request: https://atomsportv508.top/cdn-cgi/rum?
2026-07-13 20:00:22,159 [INFO] Capturing request: https://atomsportv508.top/favicon.ico
2026-07-13 20:00:22,179 [INFO] Capturing request: https://teletv5.top/load/yayinlink.php?id=bein-sports-1
2026-07-13 20:00:22,208 [INFO] Capturing response: https://atomsportv508.top/cdn-cgi/rum? 204 
2026-07-13 20:00:22,233 [INFO] Capturing response: https://atomsportv508.top/favicon.ico 200 
2026-07-13 20:00:22,536 [INFO] Capturing response: https://teletv5.top/load/yayinlink.php?id=bein-sports-1 200 
2026-07-13 20:00:22,622 [INFO] Capturing request: https://streamsport365.com/cinema
2026-07-13 20:00:22,866 [INFO] Capturing response: https://streamsport365.com/cinema 200 
2026-07-13 20:00:22,998 [INFO] Capturing request: https://atomsportv508.top/assets/img/player_logo_6880e4e4c52ee.png
2026-07-13 20:00:23,077 [INFO] Capturing response: https://atomsportv508.top/assets/img/player_logo_6880e4e4c52ee.png 200 
2026-07-13 20:00:23,113 [INFO] Capturing request: https://hlsssssssssssss.edaesra.workers.dev/https://corestream.macsitesi.help//trtspor/tracks-v1a1/mono.m3u8
2026-07-13 20:00:23,378 [INFO] Capturing response: https://hlsssssssssssss.edaesra.workers.dev/https://corestream.macsitesi.help//trtspor/tracks-v1a1/mono.m3u8 200 
2026-07-13 20:00:23,592 [INFO] Capturing request: https://securmar.edaesra.workers.dev/trtspor/tracks-v1a1/2026/07/13/19/59/55-10000.avif
2026-07-13 20:00:23,943 [INFO] Capturing request: https://android.clients.google.com/checkin
2026-07-13 20:00:24,031 [INFO] Capturing response: https://android.clients.google.com/checkin 200 
2026-07-13 20:00:24,079 [INFO] Capturing request: https://android.clients.google.com/c2dm/register3
2026-07-13 20:00:24,087 [INFO] Capturing request: https://android.clients.google.com/c2dm/register3
2026-07-13 20:00:24,089 [INFO] Capturing request: https://android.clients.google.com/c2dm/register3
2026-07-13 20:00:24,129 [INFO] Capturing response: https://android.clients.google.com/c2dm/register3 200 
2026-07-13 20:00:24,135 [INFO] Capturing response: https://android.clients.google.com/c2dm/register3 200 
2026-07-13 20:00:24,149 [INFO] Capturing response: https://android.clients.google.com/c2dm/register3 200 
2026-07-13 20:00:24,513 [INFO] Capturing response: https://securmar.edaesra.workers.dev/trtspor/tracks-v1a1/2026/07/13/19/59/55-10000.avif 200 
2026-07-13 20:00:24,835 [INFO] Capturing request: https://securmar.edaesra.workers.dev/trtspor/tracks-v1a1/2026/07/13/20/00/05-10000.avif
2026-07-13 20:00:25,042 [INFO]   ✅ M3U8 bulundu: https://hlsssssssssssss.edaesra.workers.dev/https://corestream.macsitesi.help//trtspor/tracks-v1a1/mono.m3u8
2026-07-13 20:00:25,710 [INFO] Capturing response: https://securmar.edaesra.workers.dev/trtspor/tracks-v1a1/2026/07/13/20/00/05-10000.avif 200 
2026-07-13 20:00:26,031 [INFO] Capturing request: https://securmar.edaesra.workers.dev/trtspor/tracks-v1a1/2026/07/13/20/00/15-10000.avif
2026-07-13 20:00:26,043 [INFO] 
[2/14]
2026-07-13 20:00:26,043 [INFO] 🔍 beIN Sports 2 → https://atomsportv508.top/matches?id=bein-sports-2
2026-07-13 20:00:26,157 [INFO] Capturing request: https://atomsportv508.top/matches?id=bein-sports-2
2026-07-13 20:00:26,335 [INFO] Capturing response: https://atomsportv508.top/matches?id=bein-sports-2 200 
2026-07-13 20:00:26,356 [INFO] Capturing request: https://atomsportv508.top/cdn-cgi/rum?
2026-07-13 20:00:26,416 [INFO] Capturing request: https://streamsport365.com/cinema
2026-07-13 20:00:26,422 [INFO] Capturing request: https://atomsportv508.top/cdn-cgi/rum?
2026-07-13 20:00:26,476 [INFO] Capturing response: https://atomsportv508.top/cdn-cgi/rum? 204 
2026-07-13 20:00:26,489 [INFO] Capturing response: https://securmar.edaesra.workers.dev/trtspor/tracks-v1a1/2026/07/13/20/00/15-10000.avif 200 
2026-07-13 20:00:26,510 [INFO] Capturing request: https://teletv5.top/load/yayinlink.php?id=bein-sports-2
2026-07-13 20:00:26,529 [INFO] Capturing request: https://atomsportv508.top/favicon.ico
2026-07-13 20:00:26,572 [INFO] Capturing response: https://atomsportv508.top/favicon.ico 200 
2026-07-13 20:00:26,575 [INFO] Capturing response: https://atomsportv508.top/cdn-cgi/rum? 204 
2026-07-13 20:00:26,667 [INFO] Capturing response: https://streamsport365.com/cinema 200 
2026-07-13 20:00:26,675 [INFO] Capturing response: https://teletv5.top/load/yayinlink.php?id=bein-sports-2 200 
2026-07-13 20:00:26,800 [INFO] Capturing request: https://hlsssssssssssss.edaesra.workers.dev/https://corestream.macsitesi.help//bein2/tracks-v1a1/mono.m3u8
2026-07-13 20:00:26,947 [INFO] Capturing response: https://hlsssssssssssss.edaesra.workers.dev/https://corestream.macsitesi.help//bein2/tracks-v1a1/mono.m3u8 404 
2026-07-13 20:00:29,427 [INFO]   ✅ M3U8 bulundu: https://hlsssssssssssss.edaesra.workers.dev/https://corestream.macsitesi.help//bein2/tracks-v1a1/mono.m3u8
2026-07-13 20:00:30,427 [INFO] 
[3/14]
2026-07-13 20:00:30,428 [INFO] 🔍 beIN Sports 3 → https://atomsportv508.top/matches?id=bein-sports-3
2026-07-13 20:00:30,537 [INFO] Capturing request: https://atomsportv508.top/assets/js/clappr.js
2026-07-13 20:00:30,541 [INFO] Capturing request: https://atomsportv508.top/matches?id=bein-sports-3
2026-07-13 20:00:30,565 [INFO] Capturing response: https://atomsportv508.top/assets/js/clappr.js 200 
2026-07-13 20:00:30,617 [INFO] Capturing response: https://atomsportv508.top/matches?id=bein-sports-3 200 
2026-07-13 20:00:30,626 [INFO] Capturing request: https://atomsportv508.top/cdn-cgi/rum?
2026-07-13 20:00:30,656 [INFO] Capturing request: https://atomsportv508.top/cdn-cgi/rum?
2026-07-13 20:00:30,734 [INFO] Capturing response: https://atomsportv508.top/cdn-cgi/rum? 204 
2026-07-13 20:00:30,752 [INFO] Capturing request: https://teletv5.top/load/yayinlink.php?id=bein-sports-3
2026-07-13 20:00:30,757 [INFO] Capturing request: https://atomsportv508.top/favicon.ico
2026-07-13 20:00:30,796 [INFO] Capturing response: https://atomsportv508.top/favicon.ico 200 
2026-07-13 20:00:30,805 [INFO] Capturing response: https://atomsportv508.top/cdn-cgi/rum? 204 
2026-07-13 20:00:30,852 [INFO] Capturing request: https://streamsport365.com/cinema
2026-07-13 20:00:30,915 [INFO] Capturing response: https://teletv5.top/load/yayinlink.php?id=bein-sports-3 200 
2026-07-13 20:00:31,095 [INFO] Capturing response: https://streamsport365.com/cinema 200 
2026-07-13 20:00:31,216 [INFO] Capturing request: https://hlsssssssssssss.edaesra.workers.dev/https://corestream.macsitesi.help//trtspor/tracks-v1a1/mono.m3u8
2026-07-13 20:00:31,359 [INFO] Capturing response: https://hlsssssssssssss.edaesra.workers.dev/https://corestream.macsitesi.help//trtspor/tracks-v1a1/mono.m3u8 200 
2026-07-13 20:00:31,468 [INFO] Capturing request: https://securmar.edaesra.workers.dev/trtspor/tracks-v1a1/2026/07/13/19/59/55-10000.avif
2026-07-13 20:00:31,893 [INFO] Capturing response: https://securmar.edaesra.workers.dev/trtspor/tracks-v1a1/2026/07/13/19/59/55-10000.avif 200 
2026-07-13 20:00:32,223 [INFO] Capturing request: https://securmar.edaesra.workers.dev/trtspor/tracks-v1a1/2026/07/13/20/00/05-10000.avif
2026-07-13 20:00:32,597 [INFO] Capturing response: https://securmar.edaesra.workers.dev/trtspor/tracks-v1a1/2026/07/13/20/00/05-10000.avif 200 
2026-07-13 20:00:32,919 [INFO] Capturing request: https://securmar.edaesra.workers.dev/trtspor/tracks-v1a1/2026/07/13/20/00/15-10000.avif
2026-07-13 20:00:33,145 [INFO] Capturing response: https://securmar.edaesra.workers.dev/trtspor/tracks-v1a1/2026/07/13/20/00/15-10000.avif 200 
2026-07-13 20:00:33,681 [INFO]   ✅ M3U8 bulundu: https://hlsssssssssssss.edaesra.workers.dev/https://corestream.macsitesi.help//trtspor/tracks-v1a1/mono.m3u8
2026-07-13 20:00:34,681 [INFO] 
[4/14]
2026-07-13 20:00:34,682 [INFO] 🔍 beIN Sports 4 → https://atomsportv508.top/matches?id=bein-sports-4
2026-07-13 20:00:34,795 [INFO] Capturing request: https://atomsportv508.top/matches?id=bein-sports-4
2026-07-13 20:00:34,797 [INFO] Capturing request: https://atomsportv508.top/assets/js/clappr.js
2026-07-13 20:00:34,850 [INFO] Capturing response: https://atomsportv508.top/matches?id=bein-sports-4 200 
2026-07-13 20:00:34,861 [INFO] Capturing request: https://atomsportv508.top/cdn-cgi/rum?
2026-07-13 20:00:34,866 [INFO] Capturing response: https://atomsportv508.top/assets/js/clappr.js 200 
2026-07-13 20:00:34,893 [INFO] Capturing request: https://streamsport365.com/cinema
2026-07-13 20:00:34,897 [INFO] Capturing request: https://atomsportv508.top/cdn-cgi/rum?
2026-07-13 20:00:34,995 [INFO] Capturing request: https://teletv5.top/load/yayinlink.php?id=bein-sports-4
2026-07-13 20:00:34,998 [INFO] Capturing request: https://atomsportv508.top/favicon.ico
2026-07-13 20:00:35,006 [INFO] Capturing response: https://atomsportv508.top/cdn-cgi/rum? 204 
2026-07-13 20:00:35,008 [INFO] Capturing response: https://atomsportv508.top/cdn-cgi/rum? 204 
2026-07-13 20:00:35,038 [INFO] Capturing response: https://atomsportv508.top/favicon.ico 200 
2026-07-13 20:00:35,150 [INFO] Capturing response: https://streamsport365.com/cinema 200 
2026-07-13 20:00:35,155 [INFO] Capturing response: https://teletv5.top/load/yayinlink.php?id=bein-sports-4 200 
2026-07-13 20:00:35,315 [INFO] Capturing request: https://hlsssssssssssss.edaesra.workers.dev/https://corestream.macsitesi.help//bein2/tracks-v1a1/mono.m3u8
2026-07-13 20:00:35,456 [INFO] Capturing response: https://hlsssssssssssss.edaesra.workers.dev/https://corestream.macsitesi.help//bein2/tracks-v1a1/mono.m3u8 404 
2026-07-13 20:00:37,906 [INFO]   ✅ M3U8 bulundu: https://hlsssssssssssss.edaesra.workers.dev/https://corestream.macsitesi.help//bein2/tracks-v1a1/mono.m3u8
2026-07-13 20:00:38,906 [INFO] 
[5/14]
2026-07-13 20:00:38,906 [INFO] 🔍 beIN Sports 5 → https://atomsportv508.top/matches?id=bein-sports-5
2026-07-13 20:00:39,016 [INFO] Capturing request: https://atomsportv508.top/matches?id=bein-sports-5
2026-07-13 20:00:39,059 [INFO] Capturing response: https://atomsportv508.top/matches?id=bein-sports-5 200 
2026-07-13 20:00:39,068 [INFO] Capturing request: https://atomsportv508.top/cdn-cgi/rum?
2026-07-13 20:00:39,096 [INFO] Capturing request: https://atomsportv508.top/cdn-cgi/rum?
2026-07-13 20:00:39,196 [INFO] Capturing request: https://teletv5.top/load/yayinlink.php?id=bein-sports-5
2026-07-13 20:00:39,200 [INFO] Capturing request: https://atomsportv508.top/favicon.ico
2026-07-13 20:00:39,203 [INFO] Capturing response: https://atomsportv508.top/cdn-cgi/rum? 204 
2026-07-13 20:00:39,205 [INFO] Capturing response: https://atomsportv508.top/cdn-cgi/rum? 204 
2026-07-13 20:00:39,247 [INFO] Capturing response: https://atomsportv508.top/favicon.ico 200 
2026-07-13 20:00:39,295 [INFO] Capturing request: https://streamsport365.com/cinema
2026-07-13 20:00:39,362 [INFO] Capturing response: https://teletv5.top/load/yayinlink.php?id=bein-sports-5 200 
2026-07-13 20:00:39,553 [INFO] Capturing response: https://streamsport365.com/cinema 200 
2026-07-13 20:00:39,672 [INFO] Capturing request: https://hlsssssssssssss.edaesra.workers.dev/https://corestream.macsitesi.help//bein2/tracks-v1a1/mono.m3u8
2026-07-13 20:00:39,813 [INFO] Capturing response: https://hlsssssssssssss.edaesra.workers.dev/https://corestream.macsitesi.help//bein2/tracks-v1a1/mono.m3u8 404 
2026-07-13 20:00:42,111 [INFO]   ✅ M3U8 bulundu: https://hlsssssssssssss.edaesra.workers.dev/https://corestream.macsitesi.help//bein2/tracks-v1a1/mono.m3u8
2026-07-13 20:00:43,111 [INFO] 
[6/14]
2026-07-13 20:00:43,111 [INFO] 🔍 beIN Sports Max 1 → https://atomsportv508.top/matches?id=bein-sports-max-1
2026-07-13 20:00:43,220 [INFO] Capturing request: https://atomsportv508.top/matches?id=bein-sports-max-1
2026-07-13 20:00:43,263 [INFO] Capturing response: https://atomsportv508.top/matches?id=bein-sports-max-1 200 
2026-07-13 20:00:43,272 [INFO] Capturing request: https://atomsportv508.top/cdn-cgi/rum?
2026-07-13 20:00:43,297 [INFO] Capturing request: https://streamsport365.com/cinema
2026-07-13 20:00:43,300 [INFO] Capturing request: https://atomsportv508.top/cdn-cgi/rum?
2026-07-13 20:00:43,397 [INFO] Capturing request: https://teletv5.top/load/yayinlink.php?id=bein-sports-max-1
2026-07-13 20:00:43,404 [INFO] Capturing request: https://atomsportv508.top/favicon.ico
2026-07-13 20:00:43,410 [INFO] Capturing response: https://atomsportv508.top/cdn-cgi/rum? 204 
2026-07-13 20:00:43,413 [INFO] Capturing response: https://atomsportv508.top/cdn-cgi/rum? 204 
2026-07-13 20:00:43,452 [INFO] Capturing response: https://atomsportv508.top/favicon.ico 200 
2026-07-13 20:00:43,542 [INFO] Capturing response: https://streamsport365.com/cinema 200 
2026-07-13 20:00:43,797 [INFO] Capturing response: https://teletv5.top/load/yayinlink.php?id=bein-sports-max-1 200 
2026-07-13 20:00:43,959 [INFO] Capturing request: https://hlsssssssssssss.edaesra.workers.dev/https://corestream.macsitesi.help//trtspor/tracks-v1a1/mono.m3u8
2026-07-13 20:00:44,118 [INFO] Capturing response: https://hlsssssssssssss.edaesra.workers.dev/https://corestream.macsitesi.help//trtspor/tracks-v1a1/mono.m3u8 200 
2026-07-13 20:00:44,269 [INFO] Capturing request: https://securmar.edaesra.workers.dev/trtspor/tracks-v1a1/2026/07/13/20/00/15-10000.avif
2026-07-13 20:00:44,538 [INFO] Capturing response: https://securmar.edaesra.workers.dev/trtspor/tracks-v1a1/2026/07/13/20/00/15-10000.avif 200 
2026-07-13 20:00:44,778 [INFO] Capturing request: https://securmar.edaesra.workers.dev/trtspor/tracks-v1a1/2026/07/13/20/00/25-10000.avif
2026-07-13 20:00:45,543 [INFO] Capturing response: https://securmar.edaesra.workers.dev/trtspor/tracks-v1a1/2026/07/13/20/00/25-10000.avif 200 
2026-07-13 20:00:45,899 [INFO] Capturing request: https://securmar.edaesra.workers.dev/trtspor/tracks-v1a1/2026/07/13/20/00/35-10000.avif
2026-07-13 20:00:46,349 [INFO]   ✅ M3U8 bulundu: https://hlsssssssssssss.edaesra.workers.dev/https://corestream.macsitesi.help//trtspor/tracks-v1a1/mono.m3u8
2026-07-13 20:00:46,379 [INFO] Capturing request: https://android.clients.google.com/c2dm/register3
2026-07-13 20:00:46,583 [INFO] Capturing response: https://securmar.edaesra.workers.dev/trtspor/tracks-v1a1/2026/07/13/20/00/35-10000.avif 200 
2026-07-13 20:00:46,787 [INFO] Capturing response: https://android.clients.google.com/c2dm/register3 200 
2026-07-13 20:00:47,349 [INFO] 
[7/14]
2026-07-13 20:00:47,350 [INFO] 🔍 beIN Sports Max 2 → https://atomsportv508.top/matches?id=bein-sports-max-2
2026-07-13 20:00:47,462 [INFO] Capturing request: https://atomsportv508.top/matches?id=bein-sports-max-2
2026-07-13 20:00:47,498 [INFO] Capturing response: https://atomsportv508.top/matches?id=bein-sports-max-2 200 
2026-07-13 20:00:47,508 [INFO] Capturing request: https://atomsportv508.top/cdn-cgi/rum?
2026-07-13 20:00:47,535 [INFO] Capturing request: https://atomsportv508.top/cdn-cgi/rum?
2026-07-13 20:00:47,634 [INFO] Capturing request: https://teletv5.top/load/yayinlink.php?id=bein-sports-max-2
2026-07-13 20:00:47,637 [INFO] Capturing request: https://atomsportv508.top/favicon.ico
2026-07-13 20:00:47,643 [INFO] Capturing response: https://atomsportv508.top/cdn-cgi/rum? 204 
2026-07-13 20:00:47,645 [INFO] Capturing response: https://atomsportv508.top/cdn-cgi/rum? 204 
2026-07-13 20:00:47,670 [INFO] Capturing response: https://atomsportv508.top/favicon.ico 200 
2026-07-13 20:00:47,732 [INFO] Capturing request: https://streamsport365.com/cinema
2026-07-13 20:00:47,988 [INFO] Capturing response: https://streamsport365.com/cinema 200 
2026-07-13 20:00:48,356 [INFO] Capturing response: https://teletv5.top/load/yayinlink.php?id=bein-sports-max-2 200 
2026-07-13 20:00:48,477 [INFO] Capturing request: https://hlsssssssssssss.edaesra.workers.dev/https://corestream.macsitesi.help//trtspor/tracks-v1a1/mono.m3u8
2026-07-13 20:00:48,607 [INFO] Capturing response: https://hlsssssssssssss.edaesra.workers.dev/https://corestream.macsitesi.help//trtspor/tracks-v1a1/mono.m3u8 200 
2026-07-13 20:00:48,717 [INFO] Capturing request: https://securmar.edaesra.workers.dev/trtspor/tracks-v1a1/2026/07/13/20/00/15-10000.avif
2026-07-13 20:00:48,901 [INFO] Capturing response: https://securmar.edaesra.workers.dev/trtspor/tracks-v1a1/2026/07/13/20/00/15-10000.avif 200 
2026-07-13 20:00:49,100 [INFO] Capturing request: https://securmar.edaesra.workers.dev/trtspor/tracks-v1a1/2026/07/13/20/00/25-10000.avif
2026-07-13 20:00:49,668 [INFO] Capturing response: https://securmar.edaesra.workers.dev/trtspor/tracks-v1a1/2026/07/13/20/00/25-10000.avif 200 
2026-07-13 20:00:50,020 [INFO] Capturing request: https://securmar.edaesra.workers.dev/trtspor/tracks-v1a1/2026/07/13/20/00/35-10000.avif
2026-07-13 20:00:50,485 [INFO] Capturing response: https://securmar.edaesra.workers.dev/trtspor/tracks-v1a1/2026/07/13/20/00/35-10000.avif 200 
2026-07-13 20:00:50,571 [INFO]   ✅ M3U8 bulundu: https://hlsssssssssssss.edaesra.workers.dev/https://corestream.macsitesi.help//trtspor/tracks-v1a1/mono.m3u8
2026-07-13 20:00:51,572 [INFO] 
[8/14]
2026-07-13 20:00:51,573 [INFO] 🔍 S Sport → https://atomsportv508.top/matches?id=s-sport
2026-07-13 20:00:51,684 [INFO] Capturing request: https://atomsportv508.top/matches?id=s-sport
2026-07-13 20:00:52,189 [INFO] Capturing response: https://atomsportv508.top/matches?id=s-sport 200 
2026-07-13 20:00:52,199 [INFO] Capturing request: https://atomsportv508.top/cdn-cgi/rum?
2026-07-13 20:00:52,230 [INFO] Capturing request: https://streamsport365.com/cinema
2026-07-13 20:00:52,236 [INFO] Capturing request: https://atomsportv508.top/cdn-cgi/rum?
2026-07-13 20:00:52,308 [INFO] Capturing response: https://atomsportv508.top/cdn-cgi/rum? 204 
2026-07-13 20:00:52,326 [INFO] Capturing request: https://teletv5.top/load/yayinlink.php?id=s-sport
2026-07-13 20:00:52,333 [INFO] Capturing request: https://android.clients.google.com/c2dm/register3
2026-07-13 20:00:52,336 [INFO] Capturing request: https://atomsportv508.top/favicon.ico
2026-07-13 20:00:52,373 [INFO] Capturing response: https://atomsportv508.top/favicon.ico 200 
2026-07-13 20:00:52,380 [INFO] Capturing response: https://android.clients.google.com/c2dm/register3 301 
2026-07-13 20:00:52,386 [INFO] Capturing response: https://atomsportv508.top/cdn-cgi/rum? 204 
2026-07-13 20:00:52,480 [INFO] Capturing response: https://streamsport365.com/cinema 200 
2026-07-13 20:00:52,496 [INFO] Capturing response: https://teletv5.top/load/yayinlink.php?id=s-sport 200 
2026-07-13 20:00:52,658 [INFO] Capturing request: https://hlsssssssssssss.edaesra.workers.dev/https://corestream.macsitesi.help//s-sportt/tracks-v1a1/mono.m3u8
2026-07-13 20:00:52,807 [INFO] Capturing response: https://hlsssssssssssss.edaesra.workers.dev/https://corestream.macsitesi.help//s-sportt/tracks-v1a1/mono.m3u8 404 
2026-07-13 20:00:54,093 [INFO] Capturing request: https://android.clients.google.com/c2dm/register3
2026-07-13 20:00:54,597 [INFO] Capturing response: https://android.clients.google.com/c2dm/register3 200 
2026-07-13 20:00:55,242 [INFO]   ✅ M3U8 bulundu: https://hlsssssssssssss.edaesra.workers.dev/https://corestream.macsitesi.help//s-sportt/tracks-v1a1/mono.m3u8
2026-07-13 20:00:56,243 [INFO] 
[9/14]
2026-07-13 20:00:56,243 [INFO] 🔍 S Sport 2 → https://atomsportv508.top/matches?id=s-sport-2
2026-07-13 20:00:56,354 [INFO] Capturing request: https://atomsportv508.top/matches?id=s-sport-2
2026-07-13 20:00:56,399 [INFO] Capturing response: https://atomsportv508.top/matches?id=s-sport-2 200 
2026-07-13 20:00:56,409 [INFO] Capturing request: https://atomsportv508.top/cdn-cgi/rum?
2026-07-13 20:00:56,439 [INFO] Capturing request: https://atomsportv508.top/cdn-cgi/rum?
2026-07-13 20:00:56,536 [INFO] Capturing request: https://teletv5.top/load/yayinlink.php?id=s-sport-2
2026-07-13 20:00:56,540 [INFO] Capturing request: https://atomsportv508.top/favicon.ico
2026-07-13 20:00:56,546 [INFO] Capturing response: https://atomsportv508.top/cdn-cgi/rum? 204 
2026-07-13 20:00:56,548 [INFO] Capturing response: https://atomsportv508.top/cdn-cgi/rum? 204 
2026-07-13 20:00:56,578 [INFO] Capturing response: https://atomsportv508.top/favicon.ico 200 
2026-07-13 20:00:56,638 [INFO] Capturing request: https://streamsport365.com/cinema
2026-07-13 20:00:56,698 [INFO] Capturing response: https://teletv5.top/load/yayinlink.php?id=s-sport-2 200 
2026-07-13 20:00:56,888 [INFO] Capturing response: https://streamsport365.com/cinema 200 
2026-07-13 20:00:57,007 [INFO] Capturing request: https://hlsssssssssssss.edaesra.workers.dev/https://corestream.macsitesi.help//s-sport2/tracks-v1a1/mono.m3u8
2026-07-13 20:00:57,144 [INFO] Capturing response: https://hlsssssssssssss.edaesra.workers.dev/https://corestream.macsitesi.help//s-sport2/tracks-v1a1/mono.m3u8 404 
2026-07-13 20:00:59,451 [INFO]   ✅ M3U8 bulundu: https://hlsssssssssssss.edaesra.workers.dev/https://corestream.macsitesi.help//s-sport2/tracks-v1a1/mono.m3u8
2026-07-13 20:01:00,452 [INFO] 
[10/14]
2026-07-13 20:01:00,452 [INFO] 🔍 A Spor → https://atomsportv508.top/matches?id=a-spor
2026-07-13 20:01:00,560 [INFO] Capturing request: https://atomsportv508.top/matches?id=a-spor
2026-07-13 20:01:00,621 [INFO] Capturing response: https://atomsportv508.top/matches?id=a-spor 200 
2026-07-13 20:01:00,629 [INFO] Capturing request: https://atomsportv508.top/cdn-cgi/rum?
2026-07-13 20:01:00,659 [INFO] Capturing request: https://streamsport365.com/cinema
2026-07-13 20:01:00,664 [INFO] Capturing request: https://atomsportv508.top/cdn-cgi/rum?
2026-07-13 20:01:00,738 [INFO] Capturing response: https://atomsportv508.top/cdn-cgi/rum? 204 
2026-07-13 20:01:00,758 [INFO] Capturing request: https://teletv5.top/load/yayinlink.php?id=a-spor
2026-07-13 20:01:00,764 [INFO] Capturing request: https://atomsportv508.top/favicon.ico
2026-07-13 20:01:00,799 [INFO] Capturing response: https://atomsportv508.top/favicon.ico 200 
2026-07-13 20:01:00,813 [INFO] Capturing response: https://atomsportv508.top/cdn-cgi/rum? 204 
2026-07-13 20:01:00,910 [INFO] Capturing response: https://streamsport365.com/cinema 200 
2026-07-13 20:01:00,928 [INFO] Capturing response: https://teletv5.top/load/yayinlink.php?id=a-spor 200 
2026-07-13 20:01:01,089 [INFO] Capturing request: https://hlsssssssssssss.edaesra.workers.dev/https://corestream.macsitesi.help//aspor/tracks-v1a1/mono.m3u8
2026-07-13 20:01:01,230 [INFO] Capturing response: https://hlsssssssssssss.edaesra.workers.dev/https://corestream.macsitesi.help//aspor/tracks-v1a1/mono.m3u8 404 
2026-07-13 20:01:03,675 [INFO]   ✅ M3U8 bulundu: https://hlsssssssssssss.edaesra.workers.dev/https://corestream.macsitesi.help//aspor/tracks-v1a1/mono.m3u8
2026-07-13 20:01:04,675 [INFO] 
[11/14]
2026-07-13 20:01:04,675 [INFO] 🔍 Tivibu Spor 1 → https://atomsportv508.top/matches?id=tivibu-spor-1
2026-07-13 20:01:04,784 [INFO] Capturing request: https://atomsportv508.top/matches?id=tivibu-spor-1
2026-07-13 20:01:04,836 [INFO] Capturing response: https://atomsportv508.top/matches?id=tivibu-spor-1 200 
2026-07-13 20:01:04,845 [INFO] Capturing request: https://atomsportv508.top/cdn-cgi/rum?
2026-07-13 20:01:04,874 [INFO] Capturing request: https://atomsportv508.top/cdn-cgi/rum?
2026-07-13 20:01:04,957 [INFO] Capturing response: https://atomsportv508.top/cdn-cgi/rum? 204 
2026-07-13 20:01:04,969 [INFO] Capturing request: https://teletv5.top/load/yayinlink.php?id=tivibu-spor-1
2026-07-13 20:01:04,978 [INFO] Capturing request: https://atomsportv508.top/favicon.ico
2026-07-13 20:01:05,011 [INFO] Capturing response: https://atomsportv508.top/favicon.ico 200 
2026-07-13 20:01:05,023 [INFO] Capturing response: https://atomsportv508.top/cdn-cgi/rum? 204 
2026-07-13 20:01:05,071 [INFO] Capturing request: https://streamsport365.com/cinema
2026-07-13 20:01:05,182 [INFO] Capturing response: https://teletv5.top/load/yayinlink.php?id=tivibu-spor-1 200 
2026-07-13 20:01:05,323 [INFO] Capturing response: https://streamsport365.com/cinema 200 
2026-07-13 20:01:05,443 [INFO] Capturing request: https://hlsssssssssssss.edaesra.workers.dev/https://corestream.macsitesi.help//trtspor/tracks-v1a1/mono.m3u8
2026-07-13 20:01:05,582 [INFO] Capturing response: https://hlsssssssssssss.edaesra.workers.dev/https://corestream.macsitesi.help//trtspor/tracks-v1a1/mono.m3u8 200 
2026-07-13 20:01:05,693 [INFO] Capturing request: https://securmar.edaesra.workers.dev/trtspor/tracks-v1a1/2026/07/13/20/00/35-10000.avif
2026-07-13 20:01:06,124 [INFO] Capturing response: https://securmar.edaesra.workers.dev/trtspor/tracks-v1a1/2026/07/13/20/00/35-10000.avif 200 
2026-07-13 20:01:06,431 [INFO] Capturing request: https://securmar.edaesra.workers.dev/trtspor/tracks-v1a1/2026/07/13/20/00/45-10000.avif
2026-07-13 20:01:07,003 [INFO] Capturing response: https://securmar.edaesra.workers.dev/trtspor/tracks-v1a1/2026/07/13/20/00/45-10000.avif 200 
2026-07-13 20:01:07,296 [INFO] Capturing request: https://securmar.edaesra.workers.dev/trtspor/tracks-v1a1/2026/07/13/20/00/55-10000.avif
2026-07-13 20:01:07,812 [INFO] Capturing response: https://securmar.edaesra.workers.dev/trtspor/tracks-v1a1/2026/07/13/20/00/55-10000.avif 200 
2026-07-13 20:01:07,915 [INFO]   ✅ M3U8 bulundu: https://hlsssssssssssss.edaesra.workers.dev/https://corestream.macsitesi.help//trtspor/tracks-v1a1/mono.m3u8
2026-07-13 20:01:08,916 [INFO] 
[12/14]
2026-07-13 20:01:08,916 [INFO] 🔍 Tivibu Spor 2 → https://atomsportv508.top/matches?id=tivibu-spor-2
2026-07-13 20:01:09,028 [INFO] Capturing request: https://atomsportv508.top/matches?id=tivibu-spor-2
2026-07-13 20:01:09,088 [INFO] Capturing response: https://atomsportv508.top/matches?id=tivibu-spor-2 200 
2026-07-13 20:01:09,097 [INFO] Capturing request: https://atomsportv508.top/cdn-cgi/rum?
2026-07-13 20:01:09,126 [INFO] Capturing request: https://streamsport365.com/cinema
2026-07-13 20:01:09,130 [INFO] Capturing request: https://atomsportv508.top/cdn-cgi/rum?
2026-07-13 20:01:09,205 [INFO] Capturing response: https://atomsportv508.top/cdn-cgi/rum? 204 
2026-07-13 20:01:09,225 [INFO] Capturing request: https://teletv5.top/load/yayinlink.php?id=tivibu-spor-2
2026-07-13 20:01:09,235 [INFO] Capturing request: https://atomsportv508.top/favicon.ico
2026-07-13 20:01:09,268 [INFO] Capturing response: https://atomsportv508.top/favicon.ico 200 
2026-07-13 20:01:09,280 [INFO] Capturing response: https://atomsportv508.top/cdn-cgi/rum? 204 
2026-07-13 20:01:09,382 [INFO] Capturing response: https://teletv5.top/load/yayinlink.php?id=tivibu-spor-2 200 
2026-07-13 20:01:09,393 [INFO] Capturing response: https://streamsport365.com/cinema 200 
2026-07-13 20:01:09,546 [INFO] Capturing request: https://hlsssssssssssss.edaesra.workers.dev/https://corestream.macsitesi.help//trtspor/tracks-v1a1/mono.m3u8
2026-07-13 20:01:09,693 [INFO] Capturing response: https://hlsssssssssssss.edaesra.workers.dev/https://corestream.macsitesi.help//trtspor/tracks-v1a1/mono.m3u8 200 
2026-07-13 20:01:09,843 [INFO] Capturing request: https://securmar.edaesra.workers.dev/trtspor/tracks-v1a1/2026/07/13/20/00/35-10000.avif
2026-07-13 20:01:10,268 [INFO] Capturing response: https://securmar.edaesra.workers.dev/trtspor/tracks-v1a1/2026/07/13/20/00/35-10000.avif 200 
2026-07-13 20:01:10,584 [INFO] Capturing request: https://securmar.edaesra.workers.dev/trtspor/tracks-v1a1/2026/07/13/20/00/45-10000.avif
2026-07-13 20:01:10,941 [INFO] Capturing response: https://securmar.edaesra.workers.dev/trtspor/tracks-v1a1/2026/07/13/20/00/45-10000.avif 200 
2026-07-13 20:01:11,221 [INFO] Capturing request: https://securmar.edaesra.workers.dev/trtspor/tracks-v1a1/2026/07/13/20/00/55-10000.avif
2026-07-13 20:01:11,575 [INFO] Capturing response: https://securmar.edaesra.workers.dev/trtspor/tracks-v1a1/2026/07/13/20/00/55-10000.avif 200 
2026-07-13 20:01:12,149 [INFO]   ✅ M3U8 bulundu: https://hlsssssssssssss.edaesra.workers.dev/https://corestream.macsitesi.help//trtspor/tracks-v1a1/mono.m3u8
2026-07-13 20:01:13,150 [INFO] 
[13/14]
2026-07-13 20:01:13,150 [INFO] 🔍 Tivibu Spor 3 → https://atomsportv508.top/matches?id=tivibu-spor-3
2026-07-13 20:01:13,263 [INFO] Capturing request: https://atomsportv508.top/matches?id=tivibu-spor-3
2026-07-13 20:01:13,326 [INFO] Capturing response: https://atomsportv508.top/matches?id=tivibu-spor-3 200 
2026-07-13 20:01:13,335 [INFO] Capturing request: https://atomsportv508.top/cdn-cgi/rum?
2026-07-13 20:01:13,368 [INFO] Capturing request: https://atomsportv508.top/cdn-cgi/rum?
2026-07-13 20:01:13,444 [INFO] Capturing response: https://atomsportv508.top/cdn-cgi/rum? 204 
2026-07-13 20:01:13,461 [INFO] Capturing request: https://teletv5.top/load/yayinlink.php?id=tivibu-spor-3
2026-07-13 20:01:13,472 [INFO] Capturing request: https://atomsportv508.top/favicon.ico
2026-07-13 20:01:13,503 [INFO] Capturing response: https://atomsportv508.top/favicon.ico 200 
2026-07-13 20:01:13,518 [INFO] Capturing response: https://atomsportv508.top/cdn-cgi/rum? 204 
2026-07-13 20:01:13,563 [INFO] Capturing request: https://streamsport365.com/cinema
2026-07-13 20:01:13,632 [INFO] Capturing response: https://teletv5.top/load/yayinlink.php?id=tivibu-spor-3 200 
2026-07-13 20:01:13,811 [INFO] Capturing response: https://streamsport365.com/cinema 200 
2026-07-13 20:01:13,931 [INFO] Capturing request: https://hlsssssssssssss.edaesra.workers.dev/https://corestream.macsitesi.help//trtspor/tracks-v1a1/mono.m3u8
2026-07-13 20:01:14,068 [INFO] Capturing response: https://hlsssssssssssss.edaesra.workers.dev/https://corestream.macsitesi.help//trtspor/tracks-v1a1/mono.m3u8 200 
2026-07-13 20:01:14,177 [INFO] Capturing request: https://securmar.edaesra.workers.dev/trtspor/tracks-v1a1/2026/07/13/20/00/45-10000.avif
2026-07-13 20:01:14,510 [INFO] Capturing response: https://securmar.edaesra.workers.dev/trtspor/tracks-v1a1/2026/07/13/20/00/45-10000.avif 200 
2026-07-13 20:01:14,806 [INFO] Capturing request: https://securmar.edaesra.workers.dev/trtspor/tracks-v1a1/2026/07/13/20/00/55-10000.avif
2026-07-13 20:01:15,134 [INFO] Capturing response: https://securmar.edaesra.workers.dev/trtspor/tracks-v1a1/2026/07/13/20/00/55-10000.avif 200 
2026-07-13 20:01:15,412 [INFO] Capturing request: https://securmar.edaesra.workers.dev/trtspor/tracks-v1a1/2026/07/13/20/01/05-10000.avif
2026-07-13 20:01:15,912 [INFO] Capturing response: https://securmar.edaesra.workers.dev/trtspor/tracks-v1a1/2026/07/13/20/01/05-10000.avif 200 
2026-07-13 20:01:16,390 [INFO]   ✅ M3U8 bulundu: https://hlsssssssssssss.edaesra.workers.dev/https://corestream.macsitesi.help//trtspor/tracks-v1a1/mono.m3u8
2026-07-13 20:01:17,390 [INFO] 
[14/14]
2026-07-13 20:01:17,390 [INFO] 🔍 Tivibu Spor 4 → https://atomsportv508.top/matches?id=tivibu-spor-4
2026-07-13 20:01:17,507 [INFO] Capturing request: https://atomsportv508.top/matches?id=tivibu-spor-4
2026-07-13 20:01:17,552 [INFO] Capturing response: https://atomsportv508.top/matches?id=tivibu-spor-4 200 
2026-07-13 20:01:17,564 [INFO] Capturing request: https://atomsportv508.top/cdn-cgi/rum?
2026-07-13 20:01:17,591 [INFO] Capturing request: https://streamsport365.com/cinema
2026-07-13 20:01:17,621 [INFO] Capturing request: https://atomsportv508.top/cdn-cgi/rum?
2026-07-13 20:01:17,694 [INFO] Capturing request: https://teletv5.top/load/yayinlink.php?id=tivibu-spor-4
2026-07-13 20:01:17,724 [INFO] Capturing request: https://atomsportv508.top/favicon.ico
2026-07-13 20:01:17,726 [INFO] Capturing response: https://atomsportv508.top/cdn-cgi/rum? 204 
2026-07-13 20:01:17,763 [INFO] Capturing response: https://atomsportv508.top/favicon.ico 200 
2026-07-13 20:01:17,771 [INFO] Capturing response: https://atomsportv508.top/cdn-cgi/rum? 204 
2026-07-13 20:01:17,854 [INFO] Capturing response: https://teletv5.top/load/yayinlink.php?id=tivibu-spor-4 200 
2026-07-13 20:01:17,862 [INFO] Capturing response: https://streamsport365.com/cinema 200 
2026-07-13 20:01:21,043 [INFO] Capturing request: https://update.googleapis.com/service/update2/json?cup2key=16:5Es1Bc5Oa_oT-s33tdehazVjzjFivZgfnGXju7lr2wU&cup2hreq=47772f2092571b5ed47da3f00e9375402948abbd4d84a2203776977833c039bc
2026-07-13 20:01:21,072 [INFO] Capturing response: https://update.googleapis.com/service/update2/json?cup2key=16:5Es1Bc5Oa_oT-s33tdehazVjzjFivZgfnGXju7lr2wU&cup2hreq=47772f2092571b5ed47da3f00e9375402948abbd4d84a2203776977833c039bc 200 
2026-07-13 20:01:21,085 [INFO] Capturing request: http://edgedl.me.gvt1.com/edgedl/diffgen-puffin/gcmjkmgdlgnkkcocmoeiminaijmmjnii/df2a22d5ecc7788c3330ebd5f856b41531c74f412a01ed7453d11284708009fe
2026-07-13 20:01:21,100 [INFO] Capturing response: http://edgedl.me.gvt1.com/edgedl/diffgen-puffin/gcmjkmgdlgnkkcocmoeiminaijmmjnii/df2a22d5ecc7788c3330ebd5f856b41531c74f412a01ed7453d11284708009fe 200 OK
2026-07-13 20:01:21,126 [INFO] Capturing request: https://update.googleapis.com/service/update2/json
2026-07-13 20:01:21,151 [INFO] Capturing response: https://update.googleapis.com/service/update2/json 200 
2026-07-13 20:01:21,197 [INFO] Capturing request: http://edgedl.me.gvt1.com/edgedl/release2/chrome_component/iyz3hm2svthpkiskhtc7qbckby_10646/hfnkpimlhhgieaddgfemjhofmfblmnib_10646_all_gr46sq7gv3373fxwptsrsueuje.crx3
2026-07-13 20:01:21,234 [INFO] Capturing response: http://edgedl.me.gvt1.com/edgedl/release2/chrome_component/iyz3hm2svthpkiskhtc7qbckby_10646/hfnkpimlhhgieaddgfemjhofmfblmnib_10646_all_gr46sq7gv3373fxwptsrsueuje.crx3 200 OK
2026-07-13 20:01:21,267 [INFO] Capturing request: https://update.googleapis.com/service/update2/json
2026-07-13 20:01:21,290 [INFO] Capturing response: https://update.googleapis.com/service/update2/json 200 
2026-07-13 20:01:44,515 [INFO] Capturing request: https://android.clients.google.com/c2dm/register3
2026-07-13 20:01:44,566 [INFO] Capturing response: https://android.clients.google.com/c2dm/register3 429 
2026-07-13 20:01:50,956 [WARNING]   ❌ Tivibu Spor 4 için M3U8 bulunamadı
2026-07-13 20:01:52,021 [INFO] ✅ 13 kanal bulundu, playlist.m3u kaydedildi
