2026-06-15 17:33:06,601 [INFO] 🌐 BASE_URL: https://atomsportv506.top
2026-06-15 17:33:07,302 [INFO] Başlanıyor... 14 kanal taranacak
2026-06-15 17:33:07,302 [INFO] Using default request storage
2026-06-15 17:33:07,307 [INFO] Created proxy listening on 127.0.0.1:37873
2026-06-15 17:33:07,965 [INFO] Capturing request: http://clients2.google.com/time/1/current?cup2key=10:qjFZm7onTxr8g2taov4y4FzunvCGo8MjN3g05xP_ijE&cup2hreq=e3b0c44298fc1c149afbf4c8996fb92427ae41e4649b934ca495991b7852b855
2026-06-15 17:33:08,023 [INFO] Capturing response: http://clients2.google.com/time/1/current?cup2key=10:qjFZm7onTxr8g2taov4y4FzunvCGo8MjN3g05xP_ijE&cup2hreq=e3b0c44298fc1c149afbf4c8996fb92427ae41e4649b934ca495991b7852b855 200 OK
2026-06-15 17:33:08,087 [INFO] 
[1/14]
2026-06-15 17:33:08,087 [INFO] 🔍 beIN Sports 1 → https://atomsportv506.top/matches?id=bein-sports-1
2026-06-15 17:33:08,143 [INFO] Capturing request: https://accounts.google.com/ListAccounts?gpsia=1&source=ChromiumBrowser&json=standard&laf=b64bin
2026-06-15 17:33:08,221 [INFO] Capturing response: https://accounts.google.com/ListAccounts?gpsia=1&source=ChromiumBrowser&json=standard&laf=b64bin 200 
2026-06-15 17:33:08,273 [INFO] Capturing request: https://atomsportv506.top/matches?id=bein-sports-1
2026-06-15 17:33:08,510 [INFO] Capturing request: https://www.google.com/async/folae?async=_fmt:pb&udm=50&client_locale=en-US
2026-06-15 17:33:08,539 [INFO] Capturing response: https://www.google.com/async/folae?async=_fmt:pb&udm=50&client_locale=en-US 200 
2026-06-15 17:33:08,964 [INFO] Capturing response: https://atomsportv506.top/matches?id=bein-sports-1 200 
2026-06-15 17:33:09,115 [INFO] Capturing request: https://atomsportv506.top/assets/js/clappr.js
2026-06-15 17:33:09,152 [INFO] Capturing response: https://atomsportv506.top/assets/js/clappr.js 200 
2026-06-15 17:33:09,175 [INFO] Capturing request: https://cdn.jsdelivr.net/npm/@clappr/player@latest/dist/clappr.min.js
2026-06-15 17:33:09,187 [INFO] Capturing request: https://cdnjs.cloudflare.com/ajax/libs/jquery/3.2.1/jquery.min.js
2026-06-15 17:33:09,225 [INFO] Capturing response: https://cdnjs.cloudflare.com/ajax/libs/jquery/3.2.1/jquery.min.js 200 
2026-06-15 17:33:09,248 [INFO] Capturing response: https://cdn.jsdelivr.net/npm/@clappr/player@latest/dist/clappr.min.js 200 
2026-06-15 17:33:09,439 [INFO] Capturing request: https://static.cloudflareinsights.com/beacon.min.js/v833ccba57c9e4d2798f2e76cebdd09a11778172276447
2026-06-15 17:33:09,471 [INFO] Capturing response: https://static.cloudflareinsights.com/beacon.min.js/v833ccba57c9e4d2798f2e76cebdd09a11778172276447 200 
2026-06-15 17:33:09,532 [INFO] Capturing request: https://atomsportv506.top/cdn-cgi/rum?
2026-06-15 17:33:09,634 [INFO] Capturing request: https://atomsportv506.top/favicon.ico
2026-06-15 17:33:09,691 [INFO] Capturing response: https://atomsportv506.top/favicon.ico 200 
2026-06-15 17:33:09,713 [INFO] Capturing response: https://atomsportv506.top/cdn-cgi/rum? 204 
2026-06-15 17:33:09,727 [INFO] Capturing request: https://teletv5.top/load/yayinlink.php?id=bein-sports-1
2026-06-15 17:33:09,999 [INFO] Capturing response: https://teletv5.top/load/yayinlink.php?id=bein-sports-1 200 
2026-06-15 17:33:10,293 [INFO] Capturing request: https://streamsport365.com/cinema
2026-06-15 17:33:10,653 [INFO] Capturing response: https://streamsport365.com/cinema 200 
2026-06-15 17:33:10,784 [INFO] Capturing request: https://atomsportv506.top/assets/img/player_logo_6880e4e4c52ee.png
2026-06-15 17:33:10,858 [INFO] Capturing response: https://atomsportv506.top/assets/img/player_logo_6880e4e4c52ee.png 200 
2026-06-15 17:33:10,898 [INFO] Capturing request: https://hlssssssssssssssssss.yedeklinksa35.workers.dev/https://corestream.ronaldovurdu.help//aspor/tracks-v1a1/mono.m3u8
2026-06-15 17:33:11,131 [INFO] Capturing response: https://hlssssssssssssssssss.yedeklinksa35.workers.dev/https://corestream.ronaldovurdu.help//aspor/tracks-v1a1/mono.m3u8 200 
2026-06-15 17:33:11,373 [INFO] Capturing request: https://ts.yedeklinksa35.workers.dev/aspor/tracks-v1a1/2026/06/15/17/33/08-06000.avif
2026-06-15 17:33:11,480 [INFO] Capturing request: https://android.clients.google.com/checkin
2026-06-15 17:33:11,569 [INFO] Capturing response: https://android.clients.google.com/checkin 200 
2026-06-15 17:33:11,618 [INFO] Capturing request: https://android.clients.google.com/c2dm/register3
2026-06-15 17:33:11,624 [INFO] Capturing request: https://android.clients.google.com/c2dm/register3
2026-06-15 17:33:11,629 [INFO] Capturing request: https://android.clients.google.com/c2dm/register3
2026-06-15 17:33:11,679 [INFO] Capturing response: https://android.clients.google.com/c2dm/register3 301 
2026-06-15 17:33:12,405 [INFO] Capturing response: https://android.clients.google.com/c2dm/register3 200 
2026-06-15 17:33:12,506 [INFO] Capturing response: https://ts.yedeklinksa35.workers.dev/aspor/tracks-v1a1/2026/06/15/17/33/08-06000.avif 200 
2026-06-15 17:33:12,580 [INFO]   ✅ M3U8 bulundu: https://hlssssssssssssssssss.yedeklinksa35.workers.dev/https://corestream.ronaldovurdu.help//aspor/tracks-v1a1/mono.m3u8
2026-06-15 17:33:12,736 [INFO] Capturing response: https://android.clients.google.com/c2dm/register3 200 
2026-06-15 17:33:12,789 [INFO] Capturing request: https://ts.yedeklinksa35.workers.dev/aspor/tracks-v1a1/2026/06/15/17/33/14-06000.avif
2026-06-15 17:33:13,580 [INFO] 
[2/14]
2026-06-15 17:33:13,580 [INFO] 🔍 beIN Sports 2 → https://atomsportv506.top/matches?id=bein-sports-2
2026-06-15 17:33:13,691 [INFO] Capturing request: https://atomsportv506.top/matches?id=bein-sports-2
2026-06-15 17:33:13,856 [INFO] Capturing response: https://atomsportv506.top/matches?id=bein-sports-2 200 
2026-06-15 17:33:13,871 [INFO] Capturing request: https://atomsportv506.top/cdn-cgi/rum?
2026-06-15 17:33:13,915 [INFO] Capturing request: https://streamsport365.com/cinema
2026-06-15 17:33:13,922 [INFO] Capturing request: https://atomsportv506.top/cdn-cgi/rum?
2026-06-15 17:33:14,015 [INFO] Capturing request: https://teletv5.top/load/yayinlink.php?id=bein-sports-2
2026-06-15 17:33:14,023 [INFO] Capturing response: https://atomsportv506.top/cdn-cgi/rum? 204 
2026-06-15 17:33:14,024 [INFO] Capturing request: https://atomsportv506.top/favicon.ico
2026-06-15 17:33:14,083 [INFO] Capturing response: https://atomsportv506.top/favicon.ico 200 
2026-06-15 17:33:14,102 [INFO] Capturing response: https://atomsportv506.top/cdn-cgi/rum? 204 
2026-06-15 17:33:14,257 [INFO] Capturing response: https://teletv5.top/load/yayinlink.php?id=bein-sports-2 200 
2026-06-15 17:33:14,260 [INFO] Capturing response: https://ts.yedeklinksa35.workers.dev/aspor/tracks-v1a1/2026/06/15/17/33/14-06000.avif 200 
2026-06-15 17:33:14,278 [INFO] Capturing response: https://streamsport365.com/cinema 200 
2026-06-15 17:33:14,411 [INFO] Capturing request: https://hlssssssssssssssssss.yedeklinksa35.workers.dev/https://corestream.ronaldovurdu.help//bein2/tracks-v1a1/mono.m3u8
2026-06-15 17:33:14,620 [INFO] Capturing response: https://hlssssssssssssssssss.yedeklinksa35.workers.dev/https://corestream.ronaldovurdu.help//bein2/tracks-v1a1/mono.m3u8 200 
2026-06-15 17:33:14,726 [INFO] Capturing request: https://hlssssssssssssssssss.yedeklinksa35.workers.dev/https://corestream.ronaldovurdu.help//bein2/tracks-v1a1/mono.m3u8
2026-06-15 17:33:14,729 [INFO] Capturing request: https://ts.yedeklinksa35.workers.dev/bein2/tracks-v1a1/2026/06/15/17/31/39-00002.avif
2026-06-15 17:33:14,943 [INFO] Capturing response: https://hlssssssssssssssssss.yedeklinksa35.workers.dev/https://corestream.ronaldovurdu.help//bein2/tracks-v1a1/mono.m3u8 200 
2026-06-15 17:33:15,041 [INFO] Capturing response: https://ts.yedeklinksa35.workers.dev/bein2/tracks-v1a1/2026/06/15/17/31/39-00002.avif 200 
2026-06-15 17:33:15,176 [INFO] Capturing request: https://ts.yedeklinksa35.workers.dev/bein2/tracks-v1a1/2026/06/15/17/31/40-05573.avif
2026-06-15 17:33:15,544 [INFO] Capturing response: https://ts.yedeklinksa35.workers.dev/bein2/tracks-v1a1/2026/06/15/17/31/40-05573.avif 200 
2026-06-15 17:33:15,801 [INFO] Capturing request: https://ts.yedeklinksa35.workers.dev/bein2/tracks-v1a1/2026/06/15/17/31/39-00002.avif
2026-06-15 17:33:15,937 [INFO] Capturing response: https://ts.yedeklinksa35.workers.dev/bein2/tracks-v1a1/2026/06/15/17/31/39-00002.avif 200 
2026-06-15 17:33:16,063 [INFO] Capturing request: https://ts.yedeklinksa35.workers.dev/bein2/tracks-v1a1/2026/06/15/17/31/40-05573.avif
2026-06-15 17:33:16,114 [INFO] Capturing response: https://ts.yedeklinksa35.workers.dev/bein2/tracks-v1a1/2026/06/15/17/31/40-05573.avif 200 
2026-06-15 17:33:16,365 [INFO] Capturing request: https://ts.yedeklinksa35.workers.dev/bein2/tracks-v1a1/2026/06/15/17/31/40-05573.avif
2026-06-15 17:33:16,419 [INFO] Capturing response: https://ts.yedeklinksa35.workers.dev/bein2/tracks-v1a1/2026/06/15/17/31/40-05573.avif 200 
2026-06-15 17:33:16,572 [INFO] Capturing request: https://ts.yedeklinksa35.workers.dev/bein2/tracks-v1a1/2026/06/15/17/31/45-05333.avif
2026-06-15 17:33:16,918 [INFO] Capturing response: https://ts.yedeklinksa35.workers.dev/bein2/tracks-v1a1/2026/06/15/17/31/45-05333.avif 200 
2026-06-15 17:33:16,937 [INFO]   ✅ M3U8 bulundu: https://hlssssssssssssssssss.yedeklinksa35.workers.dev/https://corestream.ronaldovurdu.help//bein2/tracks-v1a1/mono.m3u8
2026-06-15 17:33:17,727 [INFO] Capturing request: https://hlssssssssssssssssss.yedeklinksa35.workers.dev/https://corestream.ronaldovurdu.help//bein2/tracks-v1a1/mono.m3u8
2026-06-15 17:33:17,937 [INFO] 
[3/14]
2026-06-15 17:33:17,937 [INFO] 🔍 beIN Sports 3 → https://atomsportv506.top/matches?id=bein-sports-3
2026-06-15 17:33:17,952 [INFO] Capturing response: https://hlssssssssssssssssss.yedeklinksa35.workers.dev/https://corestream.ronaldovurdu.help//bein2/tracks-v1a1/mono.m3u8 200 
2026-06-15 17:33:18,051 [INFO] Capturing request: https://atomsportv506.top/assets/js/clappr.js
2026-06-15 17:33:18,052 [INFO] Capturing request: https://atomsportv506.top/matches?id=bein-sports-3
2026-06-15 17:33:18,085 [INFO] Capturing response: https://atomsportv506.top/assets/js/clappr.js 200 
2026-06-15 17:33:18,150 [INFO] Capturing response: https://atomsportv506.top/matches?id=bein-sports-3 200 
2026-06-15 17:33:18,159 [INFO] Capturing request: https://atomsportv506.top/cdn-cgi/rum?
2026-06-15 17:33:18,186 [INFO] Capturing request: https://atomsportv506.top/cdn-cgi/rum?
2026-06-15 17:33:18,286 [INFO] Capturing request: https://teletv5.top/load/yayinlink.php?id=bein-sports-3
2026-06-15 17:33:18,289 [INFO] Capturing request: https://atomsportv506.top/favicon.ico
2026-06-15 17:33:18,300 [INFO] Capturing response: https://atomsportv506.top/cdn-cgi/rum? 204 
2026-06-15 17:33:18,318 [INFO] Capturing response: https://atomsportv506.top/cdn-cgi/rum? 204 
2026-06-15 17:33:18,339 [INFO] Capturing response: https://atomsportv506.top/favicon.ico 200 
2026-06-15 17:33:18,440 [INFO] Capturing request: https://streamsport365.com/cinema
2026-06-15 17:33:18,529 [INFO] Capturing response: https://teletv5.top/load/yayinlink.php?id=bein-sports-3 200 
2026-06-15 17:33:18,811 [INFO] Capturing response: https://streamsport365.com/cinema 200 
2026-06-15 17:33:39,608 [INFO] Capturing request: https://android.clients.google.com/c2dm/register3
2026-06-15 17:33:39,670 [INFO] Capturing response: https://android.clients.google.com/c2dm/register3 301 
2026-06-15 17:33:51,496 [WARNING]   ❌ beIN Sports 3 için M3U8 bulunamadı
2026-06-15 17:33:52,496 [INFO] 
[4/14]
2026-06-15 17:33:52,497 [INFO] 🔍 beIN Sports 4 → https://atomsportv506.top/matches?id=bein-sports-4
2026-06-15 17:33:52,606 [INFO] Capturing request: https://atomsportv506.top/assets/js/clappr.js
2026-06-15 17:33:52,607 [INFO] Capturing request: https://atomsportv506.top/matches?id=bein-sports-4
2026-06-15 17:33:52,644 [INFO] Capturing response: https://atomsportv506.top/assets/js/clappr.js 200 
2026-06-15 17:33:52,711 [INFO] Capturing response: https://atomsportv506.top/matches?id=bein-sports-4 200 
2026-06-15 17:33:52,722 [INFO] Capturing request: https://atomsportv506.top/cdn-cgi/rum?
2026-06-15 17:33:52,746 [INFO] Capturing request: https://atomsportv506.top/cdn-cgi/rum?
2026-06-15 17:33:52,844 [INFO] Capturing request: https://teletv5.top/load/yayinlink.php?id=bein-sports-4
2026-06-15 17:33:52,847 [INFO] Capturing request: https://atomsportv506.top/favicon.ico
2026-06-15 17:33:52,860 [INFO] Capturing response: https://atomsportv506.top/cdn-cgi/rum? 204 
2026-06-15 17:33:52,880 [INFO] Capturing response: https://atomsportv506.top/cdn-cgi/rum? 204 
2026-06-15 17:33:52,906 [INFO] Capturing response: https://atomsportv506.top/favicon.ico 200 
2026-06-15 17:33:52,996 [INFO] Capturing request: https://streamsport365.com/cinema
2026-06-15 17:33:53,099 [INFO] Capturing response: https://teletv5.top/load/yayinlink.php?id=bein-sports-4 200 
2026-06-15 17:33:53,353 [INFO] Capturing response: https://streamsport365.com/cinema 200 
2026-06-15 17:34:08,026 [INFO] Capturing request: https://update.googleapis.com/service/update2/json?cup2key=16:Dwyf8uxWGMWNX4kyRA6gnsDrLlOmC1mZO979FZDV0x8&cup2hreq=4d133bb1ade02dc325145ee5d9458156770ad557bb3bafbb947311e8206be4e7
2026-06-15 17:34:08,075 [INFO] Capturing response: https://update.googleapis.com/service/update2/json?cup2key=16:Dwyf8uxWGMWNX4kyRA6gnsDrLlOmC1mZO979FZDV0x8&cup2hreq=4d133bb1ade02dc325145ee5d9458156770ad557bb3bafbb947311e8206be4e7 200 
2026-06-15 17:34:08,122 [INFO] Capturing request: http://edgedl.me.gvt1.com/edgedl/diffgen-puffin/gcmjkmgdlgnkkcocmoeiminaijmmjnii/71d926df14cb4c89c6f8f88e6c0bfcf6fe1e1a256ca7f8db04002a111af4c5b0
2026-06-15 17:34:08,148 [INFO] Capturing response: http://edgedl.me.gvt1.com/edgedl/diffgen-puffin/gcmjkmgdlgnkkcocmoeiminaijmmjnii/71d926df14cb4c89c6f8f88e6c0bfcf6fe1e1a256ca7f8db04002a111af4c5b0 200 OK
2026-06-15 17:34:08,174 [INFO] Capturing request: https://update.googleapis.com/service/update2/json
2026-06-15 17:34:08,223 [INFO] Capturing response: https://update.googleapis.com/service/update2/json 200 
2026-06-15 17:34:08,228 [INFO] Capturing request: http://edgedl.me.gvt1.com/edgedl/release2/chrome_component/jnjl2gkzjcritgmt7yxiui4xsu_10587/hfnkpimlhhgieaddgfemjhofmfblmnib_10587_all_achdigt2qh32m2ipvonc6hx43j6q.crx3
2026-06-15 17:34:08,242 [INFO] Capturing response: http://edgedl.me.gvt1.com/edgedl/release2/chrome_component/jnjl2gkzjcritgmt7yxiui4xsu_10587/hfnkpimlhhgieaddgfemjhofmfblmnib_10587_all_achdigt2qh32m2ipvonc6hx43j6q.crx3 200 OK
2026-06-15 17:34:08,273 [INFO] Capturing request: https://update.googleapis.com/service/update2/json
2026-06-15 17:34:08,317 [INFO] Capturing response: https://update.googleapis.com/service/update2/json 200 
2026-06-15 17:34:26,037 [WARNING]   ❌ beIN Sports 4 için M3U8 bulunamadı
2026-06-15 17:34:27,038 [INFO] 
[5/14]
2026-06-15 17:34:27,038 [INFO] 🔍 beIN Sports 5 → https://atomsportv506.top/matches?id=bein-sports-5
2026-06-15 17:34:27,212 [INFO] Capturing request: https://atomsportv506.top/matches?id=bein-sports-5
2026-06-15 17:34:27,214 [INFO] Capturing request: https://atomsportv506.top/assets/js/clappr.js
2026-06-15 17:34:27,303 [INFO] Capturing response: https://atomsportv506.top/assets/js/clappr.js 200 
2026-06-15 17:34:28,021 [INFO] Capturing response: https://atomsportv506.top/matches?id=bein-sports-5 200 
2026-06-15 17:34:28,029 [INFO] Capturing request: https://atomsportv506.top/cdn-cgi/rum?
2026-06-15 17:34:28,060 [INFO] Capturing request: https://atomsportv506.top/cdn-cgi/rum?
2026-06-15 17:34:28,157 [INFO] Capturing request: https://atomsportv506.top/favicon.ico
2026-06-15 17:34:28,176 [INFO] Capturing response: https://atomsportv506.top/cdn-cgi/rum? 204 
2026-06-15 17:34:28,184 [INFO] Capturing response: https://atomsportv506.top/cdn-cgi/rum? 204 
2026-06-15 17:34:28,223 [INFO] Capturing request: https://teletv5.top/load/yayinlink.php?id=bein-sports-5
2026-06-15 17:34:28,272 [INFO] Capturing response: https://atomsportv506.top/favicon.ico 200 
2026-06-15 17:34:28,647 [INFO] Capturing response: https://teletv5.top/load/yayinlink.php?id=bein-sports-5 200 
2026-06-15 17:34:28,804 [INFO] Capturing request: https://streamsport365.com/cinema
2026-06-15 17:34:29,151 [INFO] Capturing response: https://streamsport365.com/cinema 200 
2026-06-15 17:34:38,020 [INFO] Capturing request: https://android.clients.google.com/c2dm/register3
2026-06-15 17:34:38,076 [INFO] Capturing response: https://android.clients.google.com/c2dm/register3 301 
2026-06-15 17:35:01,330 [WARNING]   ❌ beIN Sports 5 için M3U8 bulunamadı
2026-06-15 17:35:02,330 [INFO] 
[6/14]
2026-06-15 17:35:02,330 [INFO] 🔍 beIN Sports Max 1 → https://atomsportv506.top/matches?id=bein-sports-max-1
2026-06-15 17:35:02,438 [INFO] Capturing request: https://atomsportv506.top/assets/js/clappr.js
2026-06-15 17:35:02,440 [INFO] Capturing request: https://atomsportv506.top/matches?id=bein-sports-max-1
2026-06-15 17:35:02,472 [INFO] Capturing response: https://atomsportv506.top/assets/js/clappr.js 200 
2026-06-15 17:35:02,939 [INFO] Capturing response: https://atomsportv506.top/matches?id=bein-sports-max-1 200 
2026-06-15 17:35:02,948 [INFO] Capturing request: https://atomsportv506.top/cdn-cgi/rum?
2026-06-15 17:35:02,975 [INFO] Capturing request: https://atomsportv506.top/cdn-cgi/rum?
2026-06-15 17:35:03,072 [INFO] Capturing request: https://teletv5.top/load/yayinlink.php?id=bein-sports-max-1
2026-06-15 17:35:03,076 [INFO] Capturing request: https://atomsportv506.top/favicon.ico
2026-06-15 17:35:03,092 [INFO] Capturing response: https://atomsportv506.top/cdn-cgi/rum? 204 
2026-06-15 17:35:03,103 [INFO] Capturing response: https://atomsportv506.top/cdn-cgi/rum? 204 
2026-06-15 17:35:03,163 [INFO] Capturing response: https://atomsportv506.top/favicon.ico 200 
2026-06-15 17:35:03,225 [INFO] Capturing request: https://streamsport365.com/cinema
2026-06-15 17:35:03,293 [INFO] Capturing response: https://teletv5.top/load/yayinlink.php?id=bein-sports-max-1 200 
2026-06-15 17:35:03,589 [INFO] Capturing response: https://streamsport365.com/cinema 200 
2026-06-15 17:35:36,246 [WARNING]   ❌ beIN Sports Max 1 için M3U8 bulunamadı
2026-06-15 17:35:37,247 [INFO] 
[7/14]
2026-06-15 17:35:37,247 [INFO] 🔍 beIN Sports Max 2 → https://atomsportv506.top/matches?id=bein-sports-max-2
2026-06-15 17:35:37,355 [INFO] Capturing request: https://atomsportv506.top/assets/js/clappr.js
2026-06-15 17:35:37,357 [INFO] Capturing request: https://atomsportv506.top/matches?id=bein-sports-max-2
2026-06-15 17:35:37,389 [INFO] Capturing response: https://atomsportv506.top/assets/js/clappr.js 200 
2026-06-15 17:35:37,775 [INFO] Capturing response: https://atomsportv506.top/matches?id=bein-sports-max-2 200 
2026-06-15 17:35:37,786 [INFO] Capturing request: https://atomsportv506.top/cdn-cgi/rum?
2026-06-15 17:35:37,817 [INFO] Capturing request: https://atomsportv506.top/cdn-cgi/rum?
2026-06-15 17:35:37,913 [INFO] Capturing request: https://teletv5.top/load/yayinlink.php?id=bein-sports-max-2
2026-06-15 17:35:37,915 [INFO] Capturing request: https://atomsportv506.top/favicon.ico
2026-06-15 17:35:37,930 [INFO] Capturing response: https://atomsportv506.top/cdn-cgi/rum? 204 
2026-06-15 17:35:37,938 [INFO] Capturing response: https://atomsportv506.top/cdn-cgi/rum? 204 
2026-06-15 17:35:38,066 [INFO] Capturing request: https://streamsport365.com/cinema
2026-06-15 17:35:38,141 [INFO] Capturing response: https://teletv5.top/load/yayinlink.php?id=bein-sports-max-2 200 
2026-06-15 17:35:38,159 [INFO] Capturing response: https://atomsportv506.top/favicon.ico 200 
2026-06-15 17:35:38,427 [INFO] Capturing response: https://streamsport365.com/cinema 200 
2026-06-15 17:36:11,088 [WARNING]   ❌ beIN Sports Max 2 için M3U8 bulunamadı
2026-06-15 17:36:12,089 [INFO] 
[8/14]
2026-06-15 17:36:12,089 [INFO] 🔍 S Sport → https://atomsportv506.top/matches?id=s-sport
2026-06-15 17:36:12,197 [INFO] Capturing request: https://atomsportv506.top/assets/js/clappr.js
2026-06-15 17:36:12,199 [INFO] Capturing request: https://atomsportv506.top/matches?id=s-sport
2026-06-15 17:36:12,234 [INFO] Capturing response: https://atomsportv506.top/assets/js/clappr.js 200 
2026-06-15 17:36:12,653 [INFO] Capturing response: https://atomsportv506.top/matches?id=s-sport 200 
2026-06-15 17:36:12,662 [INFO] Capturing request: https://atomsportv506.top/cdn-cgi/rum?
2026-06-15 17:36:12,687 [INFO] Capturing request: https://atomsportv506.top/cdn-cgi/rum?
2026-06-15 17:36:12,785 [INFO] Capturing request: https://teletv5.top/load/yayinlink.php?id=s-sport
2026-06-15 17:36:12,790 [INFO] Capturing request: https://atomsportv506.top/favicon.ico
2026-06-15 17:36:12,800 [INFO] Capturing response: https://atomsportv506.top/cdn-cgi/rum? 204 
2026-06-15 17:36:12,810 [INFO] Capturing response: https://atomsportv506.top/cdn-cgi/rum? 204 
2026-06-15 17:36:12,927 [INFO] Capturing response: https://atomsportv506.top/favicon.ico 200 
2026-06-15 17:36:12,935 [INFO] Capturing request: https://streamsport365.com/cinema
2026-06-15 17:36:13,017 [INFO] Capturing response: https://teletv5.top/load/yayinlink.php?id=s-sport 200 
2026-06-15 17:36:13,301 [INFO] Capturing response: https://streamsport365.com/cinema 200 
2026-06-15 17:36:13,473 [INFO] Capturing request: https://hlssssssssssssssssss.yedeklinksa35.workers.dev/https://corestream.ronaldovurdu.help//s-sportt/tracks-v1a1/mono.m3u8
2026-06-15 17:36:13,679 [INFO] Capturing response: https://hlssssssssssssssssss.yedeklinksa35.workers.dev/https://corestream.ronaldovurdu.help//s-sportt/tracks-v1a1/mono.m3u8 200 
2026-06-15 17:36:13,881 [INFO] Capturing request: https://ts.yedeklinksa35.workers.dev/s-sportt/tracks-v1a1/2026/06/15/17/35/59-06000.avif
2026-06-15 17:36:15,044 [INFO] Capturing response: https://ts.yedeklinksa35.workers.dev/s-sportt/tracks-v1a1/2026/06/15/17/35/59-06000.avif 200 
2026-06-15 17:36:15,289 [INFO] Capturing request: https://ts.yedeklinksa35.workers.dev/s-sportt/tracks-v1a1/2026/06/15/17/36/05-06000.avif
2026-06-15 17:36:15,702 [INFO]   ✅ M3U8 bulundu: https://hlssssssssssssssssss.yedeklinksa35.workers.dev/https://corestream.ronaldovurdu.help//s-sportt/tracks-v1a1/mono.m3u8
2026-06-15 17:36:16,123 [INFO] Capturing response: https://ts.yedeklinksa35.workers.dev/s-sportt/tracks-v1a1/2026/06/15/17/36/05-06000.avif 200 
2026-06-15 17:36:16,355 [INFO] Capturing request: https://ts.yedeklinksa35.workers.dev/s-sportt/tracks-v1a1/2026/06/15/17/36/11-06000.avif
2026-06-15 17:36:16,702 [INFO] 
[9/14]
2026-06-15 17:36:16,702 [INFO] 🔍 S Sport 2 → https://atomsportv506.top/matches?id=s-sport-2
2026-06-15 17:36:16,819 [INFO] Capturing request: https://atomsportv506.top/matches?id=s-sport-2
2026-06-15 17:36:16,820 [INFO] Capturing request: https://atomsportv506.top/assets/js/clappr.js
2026-06-15 17:36:16,856 [INFO] Capturing response: https://atomsportv506.top/assets/js/clappr.js 200 
2026-06-15 17:36:16,919 [INFO] Capturing response: https://atomsportv506.top/matches?id=s-sport-2 200 
2026-06-15 17:36:16,933 [INFO] Capturing request: https://atomsportv506.top/cdn-cgi/rum?
2026-06-15 17:36:16,967 [INFO] Capturing request: https://streamsport365.com/cinema
2026-06-15 17:36:16,967 [INFO] Capturing request: https://atomsportv506.top/cdn-cgi/rum?
2026-06-15 17:36:17,054 [INFO] Capturing request: https://teletv5.top/load/yayinlink.php?id=s-sport-2
2026-06-15 17:36:17,101 [INFO] Capturing request: https://atomsportv506.top/favicon.ico
2026-06-15 17:36:17,103 [INFO] Capturing response: https://atomsportv506.top/cdn-cgi/rum? 204 
2026-06-15 17:36:17,123 [INFO] Capturing response: https://ts.yedeklinksa35.workers.dev/s-sportt/tracks-v1a1/2026/06/15/17/36/11-06000.avif 200 
2026-06-15 17:36:17,164 [INFO] Capturing response: https://atomsportv506.top/cdn-cgi/rum? 204 
2026-06-15 17:36:17,172 [INFO] Capturing response: https://atomsportv506.top/favicon.ico 200 
2026-06-15 17:36:17,276 [INFO] Capturing response: https://teletv5.top/load/yayinlink.php?id=s-sport-2 200 
2026-06-15 17:36:17,365 [INFO] Capturing response: https://streamsport365.com/cinema 200 
2026-06-15 17:36:17,483 [INFO] Capturing request: https://hlssssssssssssssssss.yedeklinksa35.workers.dev/https://corestream.ronaldovurdu.help//s-sport2/tracks-v1a1/mono.m3u8
2026-06-15 17:36:17,681 [INFO] Capturing response: https://hlssssssssssssssssss.yedeklinksa35.workers.dev/https://corestream.ronaldovurdu.help//s-sport2/tracks-v1a1/mono.m3u8 200 
2026-06-15 17:36:17,790 [INFO] Capturing request: https://ts.yedeklinksa35.workers.dev/s-sport2/tracks-v1a1/2026/06/15/17/37/33-06000.avif
2026-06-15 17:36:18,429 [INFO] Capturing response: https://ts.yedeklinksa35.workers.dev/s-sport2/tracks-v1a1/2026/06/15/17/37/33-06000.avif 200 
2026-06-15 17:36:18,670 [INFO] Capturing request: https://ts.yedeklinksa35.workers.dev/s-sport2/tracks-v1a1/2026/06/15/17/37/39-06000.avif
2026-06-15 17:36:19,370 [INFO] Capturing request: https://android.clients.google.com/c2dm/register3
2026-06-15 17:36:19,435 [INFO] Capturing response: https://android.clients.google.com/c2dm/register3 301 
2026-06-15 17:36:19,647 [INFO] Capturing response: https://ts.yedeklinksa35.workers.dev/s-sport2/tracks-v1a1/2026/06/15/17/37/39-06000.avif 200 
2026-06-15 17:36:19,913 [INFO] Capturing request: https://ts.yedeklinksa35.workers.dev/s-sport2/tracks-v1a1/2026/06/15/17/37/45-06000.avif
2026-06-15 17:36:20,010 [INFO]   ✅ M3U8 bulundu: https://hlssssssssssssssssss.yedeklinksa35.workers.dev/https://corestream.ronaldovurdu.help//s-sport2/tracks-v1a1/mono.m3u8
2026-06-15 17:36:20,603 [INFO] Capturing response: https://ts.yedeklinksa35.workers.dev/s-sport2/tracks-v1a1/2026/06/15/17/37/45-06000.avif 200 
2026-06-15 17:36:21,010 [INFO] 
[10/14]
2026-06-15 17:36:21,010 [INFO] 🔍 A Spor → https://atomsportv506.top/matches?id=a-spor
2026-06-15 17:36:21,120 [INFO] Capturing request: https://atomsportv506.top/assets/js/clappr.js
2026-06-15 17:36:21,122 [INFO] Capturing request: https://atomsportv506.top/matches?id=a-spor
2026-06-15 17:36:21,155 [INFO] Capturing response: https://atomsportv506.top/assets/js/clappr.js 200 
2026-06-15 17:36:21,200 [INFO] Capturing response: https://atomsportv506.top/matches?id=a-spor 200 
2026-06-15 17:36:21,215 [INFO] Capturing request: https://atomsportv506.top/cdn-cgi/rum?
2026-06-15 17:36:21,246 [INFO] Capturing request: https://atomsportv506.top/cdn-cgi/rum?
2026-06-15 17:36:21,344 [INFO] Capturing request: https://teletv5.top/load/yayinlink.php?id=a-spor
2026-06-15 17:36:21,350 [INFO] Capturing request: https://atomsportv506.top/favicon.ico
2026-06-15 17:36:21,364 [INFO] Capturing response: https://atomsportv506.top/cdn-cgi/rum? 204 
2026-06-15 17:36:21,372 [INFO] Capturing response: https://atomsportv506.top/cdn-cgi/rum? 204 
2026-06-15 17:36:21,436 [INFO] Capturing response: https://atomsportv506.top/favicon.ico 200 
2026-06-15 17:36:21,496 [INFO] Capturing request: https://streamsport365.com/cinema
2026-06-15 17:36:21,571 [INFO] Capturing response: https://teletv5.top/load/yayinlink.php?id=a-spor 200 
2026-06-15 17:36:21,857 [INFO] Capturing response: https://streamsport365.com/cinema 200 
2026-06-15 17:36:21,976 [INFO] Capturing request: https://hlssssssssssssssssss.yedeklinksa35.workers.dev/https://corestream.ronaldovurdu.help//aspor/tracks-v1a1/mono.m3u8
2026-06-15 17:36:22,191 [INFO] Capturing response: https://hlssssssssssssssssss.yedeklinksa35.workers.dev/https://corestream.ronaldovurdu.help//aspor/tracks-v1a1/mono.m3u8 200 
2026-06-15 17:36:22,300 [INFO] Capturing request: https://ts.yedeklinksa35.workers.dev/aspor/tracks-v1a1/2026/06/15/17/36/20-06000.avif
2026-06-15 17:36:23,177 [INFO] Capturing response: https://ts.yedeklinksa35.workers.dev/aspor/tracks-v1a1/2026/06/15/17/36/20-06000.avif 200 
2026-06-15 17:36:23,436 [INFO] Capturing request: https://ts.yedeklinksa35.workers.dev/aspor/tracks-v1a1/2026/06/15/17/36/26-06000.avif
2026-06-15 17:36:24,264 [INFO]   ✅ M3U8 bulundu: https://hlssssssssssssssssss.yedeklinksa35.workers.dev/https://corestream.ronaldovurdu.help//aspor/tracks-v1a1/mono.m3u8
2026-06-15 17:36:24,959 [INFO] Capturing response: https://ts.yedeklinksa35.workers.dev/aspor/tracks-v1a1/2026/06/15/17/36/26-06000.avif 200 
2026-06-15 17:36:25,220 [INFO] Capturing request: https://ts.yedeklinksa35.workers.dev/aspor/tracks-v1a1/2026/06/15/17/36/32-06000.avif
2026-06-15 17:36:25,264 [INFO] 
[11/14]
2026-06-15 17:36:25,265 [INFO] 🔍 Tivibu Spor 1 → https://atomsportv506.top/matches?id=tivibu-spor-1
2026-06-15 17:36:25,374 [INFO] Capturing request: https://atomsportv506.top/assets/js/clappr.js
2026-06-15 17:36:25,376 [INFO] Capturing request: https://atomsportv506.top/matches?id=tivibu-spor-1
2026-06-15 17:36:25,401 [INFO] Capturing response: https://atomsportv506.top/assets/js/clappr.js 200 
2026-06-15 17:36:25,445 [INFO] Capturing response: https://atomsportv506.top/matches?id=tivibu-spor-1 200 
2026-06-15 17:36:25,455 [INFO] Capturing request: https://atomsportv506.top/cdn-cgi/rum?
2026-06-15 17:36:25,490 [INFO] Capturing request: https://streamsport365.com/cinema
2026-06-15 17:36:25,497 [INFO] Capturing request: https://atomsportv506.top/cdn-cgi/rum?
2026-06-15 17:36:25,581 [INFO] Capturing request: https://teletv5.top/load/yayinlink.php?id=tivibu-spor-1
2026-06-15 17:36:25,598 [INFO] Capturing request: https://atomsportv506.top/favicon.ico
2026-06-15 17:36:25,614 [INFO] Capturing response: https://atomsportv506.top/cdn-cgi/rum? 204 
2026-06-15 17:36:25,618 [INFO] Capturing response: https://atomsportv506.top/cdn-cgi/rum? 204 
2026-06-15 17:36:25,679 [INFO] Capturing response: https://atomsportv506.top/favicon.ico 200 
2026-06-15 17:36:25,805 [INFO] Capturing response: https://teletv5.top/load/yayinlink.php?id=tivibu-spor-1 200 
2026-06-15 17:36:25,865 [INFO] Capturing response: https://streamsport365.com/cinema 200 
2026-06-15 17:36:26,402 [INFO] Capturing response: https://ts.yedeklinksa35.workers.dev/aspor/tracks-v1a1/2026/06/15/17/36/32-06000.avif 200 
2026-06-15 17:36:58,770 [WARNING]   ❌ Tivibu Spor 1 için M3U8 bulunamadı
2026-06-15 17:36:59,770 [INFO] 
[12/14]
2026-06-15 17:36:59,770 [INFO] 🔍 Tivibu Spor 2 → https://atomsportv506.top/matches?id=tivibu-spor-2
2026-06-15 17:36:59,878 [INFO] Capturing request: https://atomsportv506.top/assets/js/clappr.js
2026-06-15 17:36:59,880 [INFO] Capturing request: https://atomsportv506.top/matches?id=tivibu-spor-2
2026-06-15 17:36:59,909 [INFO] Capturing response: https://atomsportv506.top/assets/js/clappr.js 200 
2026-06-15 17:37:00,340 [INFO] Capturing response: https://atomsportv506.top/matches?id=tivibu-spor-2 200 
2026-06-15 17:37:00,351 [INFO] Capturing request: https://atomsportv506.top/cdn-cgi/rum?
2026-06-15 17:37:00,381 [INFO] Capturing request: https://atomsportv506.top/cdn-cgi/rum?
2026-06-15 17:37:00,477 [INFO] Capturing request: https://teletv5.top/load/yayinlink.php?id=tivibu-spor-2
2026-06-15 17:37:00,482 [INFO] Capturing request: https://atomsportv506.top/favicon.ico
2026-06-15 17:37:00,495 [INFO] Capturing response: https://atomsportv506.top/cdn-cgi/rum? 204 
2026-06-15 17:37:00,505 [INFO] Capturing response: https://atomsportv506.top/cdn-cgi/rum? 204 
2026-06-15 17:37:00,575 [INFO] Capturing response: https://atomsportv506.top/favicon.ico 200 
2026-06-15 17:37:00,633 [INFO] Capturing request: https://streamsport365.com/cinema
2026-06-15 17:37:00,703 [INFO] Capturing response: https://teletv5.top/load/yayinlink.php?id=tivibu-spor-2 200 
2026-06-15 17:37:00,994 [INFO] Capturing response: https://streamsport365.com/cinema 200 
2026-06-15 17:37:33,653 [WARNING]   ❌ Tivibu Spor 2 için M3U8 bulunamadı
2026-06-15 17:37:34,654 [INFO] 
[13/14]
2026-06-15 17:37:34,654 [INFO] 🔍 Tivibu Spor 3 → https://atomsportv506.top/matches?id=tivibu-spor-3
2026-06-15 17:37:34,762 [INFO] Capturing request: https://atomsportv506.top/assets/js/clappr.js
2026-06-15 17:37:34,764 [INFO] Capturing request: https://atomsportv506.top/matches?id=tivibu-spor-3
2026-06-15 17:37:34,792 [INFO] Capturing response: https://atomsportv506.top/assets/js/clappr.js 200 
2026-06-15 17:37:35,180 [INFO] Capturing response: https://atomsportv506.top/matches?id=tivibu-spor-3 200 
2026-06-15 17:37:35,189 [INFO] Capturing request: https://atomsportv506.top/cdn-cgi/rum?
2026-06-15 17:37:35,221 [INFO] Capturing request: https://atomsportv506.top/cdn-cgi/rum?
2026-06-15 17:37:35,320 [INFO] Capturing request: https://teletv5.top/load/yayinlink.php?id=tivibu-spor-3
2026-06-15 17:37:35,322 [INFO] Capturing request: https://atomsportv506.top/favicon.ico
2026-06-15 17:37:35,336 [INFO] Capturing response: https://atomsportv506.top/cdn-cgi/rum? 204 
2026-06-15 17:37:35,338 [INFO] Capturing response: https://atomsportv506.top/cdn-cgi/rum? 204 
2026-06-15 17:37:35,376 [INFO] Capturing response: https://atomsportv506.top/favicon.ico 200 
2026-06-15 17:37:35,473 [INFO] Capturing request: https://streamsport365.com/cinema
2026-06-15 17:37:35,548 [INFO] Capturing response: https://teletv5.top/load/yayinlink.php?id=tivibu-spor-3 200 
2026-06-15 17:37:35,830 [INFO] Capturing response: https://streamsport365.com/cinema 200 
2026-06-15 17:38:08,496 [WARNING]   ❌ Tivibu Spor 3 için M3U8 bulunamadı
2026-06-15 17:38:09,496 [INFO] 
[14/14]
2026-06-15 17:38:09,496 [INFO] 🔍 Tivibu Spor 4 → https://atomsportv506.top/matches?id=tivibu-spor-4
2026-06-15 17:38:09,603 [INFO] Capturing request: https://atomsportv506.top/assets/js/clappr.js
2026-06-15 17:38:09,605 [INFO] Capturing request: https://atomsportv506.top/matches?id=tivibu-spor-4
2026-06-15 17:38:09,644 [INFO] Capturing response: https://atomsportv506.top/assets/js/clappr.js 200 
2026-06-15 17:38:10,036 [INFO] Capturing response: https://atomsportv506.top/matches?id=tivibu-spor-4 200 
2026-06-15 17:38:10,045 [INFO] Capturing request: https://atomsportv506.top/cdn-cgi/rum?
2026-06-15 17:38:10,077 [INFO] Capturing request: https://atomsportv506.top/cdn-cgi/rum?
2026-06-15 17:38:10,176 [INFO] Capturing request: https://teletv5.top/load/yayinlink.php?id=tivibu-spor-4
2026-06-15 17:38:10,178 [INFO] Capturing request: https://atomsportv506.top/favicon.ico
2026-06-15 17:38:10,190 [INFO] Capturing response: https://atomsportv506.top/cdn-cgi/rum? 204 
2026-06-15 17:38:10,200 [INFO] Capturing response: https://atomsportv506.top/cdn-cgi/rum? 204 
2026-06-15 17:38:10,261 [INFO] Capturing response: https://atomsportv506.top/favicon.ico 200 
2026-06-15 17:38:10,324 [INFO] Capturing request: https://streamsport365.com/cinema
2026-06-15 17:38:10,402 [INFO] Capturing response: https://teletv5.top/load/yayinlink.php?id=tivibu-spor-4 200 
2026-06-15 17:38:10,688 [INFO] Capturing response: https://streamsport365.com/cinema 200 
2026-06-15 17:38:43,348 [WARNING]   ❌ Tivibu Spor 4 için M3U8 bulunamadı
2026-06-15 17:38:44,414 [INFO] ✅ 5 kanal bulundu, playlist.m3u kaydedildi
