2026-06-30 16:37:32,168 [INFO] 🌐 BASE_URL: https://atomsportv508.top
2026-06-30 16:37:33,074 [INFO] Başlanıyor... 14 kanal taranacak
2026-06-30 16:37:33,074 [INFO] Using default request storage
2026-06-30 16:37:33,079 [INFO] Created proxy listening on 127.0.0.1:40683
2026-06-30 16:37:33,739 [INFO] Capturing request: http://clients2.google.com/time/1/current?cup2key=10:ZIZCYjbawGqEst1uSDni77UMi4npphU9DiRZ-gl0Jfw&cup2hreq=e3b0c44298fc1c149afbf4c8996fb92427ae41e4649b934ca495991b7852b855
2026-06-30 16:37:33,783 [INFO] Capturing response: http://clients2.google.com/time/1/current?cup2key=10:ZIZCYjbawGqEst1uSDni77UMi4npphU9DiRZ-gl0Jfw&cup2hreq=e3b0c44298fc1c149afbf4c8996fb92427ae41e4649b934ca495991b7852b855 200 OK
2026-06-30 16:37:33,907 [INFO] 
[1/14]
2026-06-30 16:37:33,908 [INFO] 🔍 beIN Sports 1 → https://atomsportv508.top/matches?id=bein-sports-1
2026-06-30 16:37:33,960 [INFO] Capturing request: https://accounts.google.com/ListAccounts?gpsia=1&source=ChromiumBrowser&json=standard&laf=b64bin
2026-06-30 16:37:33,962 [INFO] Capturing request: https://update.googleapis.com/service/update2/json?cup2key=16:d7SYcFYP529jFx4eKXsQIOUzFKGC64ROV9_lL1EyRoA&cup2hreq=f329193a919a3e876c2af3da2ee4f7aa0afb46cb5d5a1a4847b07cc2a69c710e
2026-06-30 16:37:34,007 [INFO] Capturing response: https://update.googleapis.com/service/update2/json?cup2key=16:d7SYcFYP529jFx4eKXsQIOUzFKGC64ROV9_lL1EyRoA&cup2hreq=f329193a919a3e876c2af3da2ee4f7aa0afb46cb5d5a1a4847b07cc2a69c710e 200 
2026-06-30 16:37:34,011 [INFO] Capturing response: https://accounts.google.com/ListAccounts?gpsia=1&source=ChromiumBrowser&json=standard&laf=b64bin 200 
2026-06-30 16:37:34,055 [INFO] Capturing request: https://update.googleapis.com/service/update2/json?cup2key=16:ghDI9LFzryWU6lEiUDDiqu6feyYXBcw-uGDLu-IdZp0&cup2hreq=c3fa8c49fbc1781b0214e5358edf191172b18c3e33142b4202ae7e4c400735e6
2026-06-30 16:37:34,080 [INFO] Capturing response: https://update.googleapis.com/service/update2/json?cup2key=16:ghDI9LFzryWU6lEiUDDiqu6feyYXBcw-uGDLu-IdZp0&cup2hreq=c3fa8c49fbc1781b0214e5358edf191172b18c3e33142b4202ae7e4c400735e6 200 
2026-06-30 16:37:34,084 [INFO] Capturing request: https://atomsportv508.top/matches?id=bein-sports-1
2026-06-30 16:37:34,192 [INFO] Capturing response: https://atomsportv508.top/matches?id=bein-sports-1 200 
2026-06-30 16:37:34,305 [INFO] Capturing request: https://www.google.com/async/folae?async=_fmt:pb&udm=50&client_locale=en-US&client_country=ZZ
2026-06-30 16:37:34,346 [INFO] Capturing request: https://atomsportv508.top/assets/js/clappr.js
2026-06-30 16:37:34,377 [INFO] Capturing response: https://atomsportv508.top/assets/js/clappr.js 200 
2026-06-30 16:37:34,399 [INFO] Capturing request: https://cdnjs.cloudflare.com/ajax/libs/jquery/3.2.1/jquery.min.js
2026-06-30 16:37:34,426 [INFO] Capturing request: https://cdn.jsdelivr.net/npm/@clappr/player@latest/dist/clappr.min.js
2026-06-30 16:37:34,428 [INFO] Capturing response: https://cdnjs.cloudflare.com/ajax/libs/jquery/3.2.1/jquery.min.js 200 
2026-06-30 16:37:34,431 [INFO] Capturing response: https://www.google.com/async/folae?async=_fmt:pb&udm=50&client_locale=en-US&client_country=ZZ 200 
2026-06-30 16:37:34,460 [INFO] Capturing response: https://cdn.jsdelivr.net/npm/@clappr/player@latest/dist/clappr.min.js 200 
2026-06-30 16:37:34,621 [INFO] Capturing request: https://static.cloudflareinsights.com/beacon.min.js/v4513226cdae34746b4dedf0b4dfa099e1781791509496
2026-06-30 16:37:34,638 [INFO] Capturing response: https://static.cloudflareinsights.com/beacon.min.js/v4513226cdae34746b4dedf0b4dfa099e1781791509496 200 
2026-06-30 16:37:34,700 [INFO] Capturing request: https://atomsportv508.top/cdn-cgi/rum?
2026-06-30 16:37:34,806 [INFO] Capturing request: https://atomsportv508.top/favicon.ico
2026-06-30 16:37:34,852 [INFO] Capturing response: https://atomsportv508.top/cdn-cgi/rum? 204 
2026-06-30 16:37:34,853 [INFO] Capturing response: https://atomsportv508.top/favicon.ico 200 
2026-06-30 16:37:34,869 [INFO] Capturing request: https://teletv5.top/load/yayinlink.php?id=bein-sports-1
2026-06-30 16:37:35,185 [INFO] Capturing response: https://teletv5.top/load/yayinlink.php?id=bein-sports-1 200 
2026-06-30 16:37:35,313 [INFO] Capturing request: https://streamsport365.com/cinema
2026-06-30 16:37:35,559 [INFO] Capturing response: https://streamsport365.com/cinema 200 
2026-06-30 16:37:35,691 [INFO] Capturing request: https://atomsportv508.top/assets/img/player_logo_6880e4e4c52ee.png
2026-06-30 16:37:35,727 [INFO] Capturing response: https://atomsportv508.top/assets/img/player_logo_6880e4e4c52ee.png 200 
2026-06-30 16:37:35,812 [INFO] Capturing request: https://hlssssssssssssssssss.yedeklinksa35.workers.dev/https://corestream.ronaldovurdu.help//trtspor/tracks-v1a1/mono.m3u8
2026-06-30 16:37:36,035 [INFO] Capturing response: https://hlssssssssssssssssss.yedeklinksa35.workers.dev/https://corestream.ronaldovurdu.help//trtspor/tracks-v1a1/mono.m3u8 200 
2026-06-30 16:37:36,257 [INFO] Capturing request: https://ts.yedeklinksa35.workers.dev/trtspor/tracks-v1a1/2026/06/30/16/37/34-06000.avif
2026-06-30 16:37:36,715 [INFO] Capturing response: https://ts.yedeklinksa35.workers.dev/trtspor/tracks-v1a1/2026/06/30/16/37/34-06000.avif 200 
2026-06-30 16:37:36,759 [INFO] Capturing request: https://android.clients.google.com/checkin
2026-06-30 16:37:36,860 [INFO] Capturing response: https://android.clients.google.com/checkin 200 
2026-06-30 16:37:36,912 [INFO] Capturing request: https://android.clients.google.com/c2dm/register3
2026-06-30 16:37:36,914 [INFO] Capturing request: https://android.clients.google.com/c2dm/register3
2026-06-30 16:37:36,919 [INFO] Capturing request: https://android.clients.google.com/c2dm/register3
2026-06-30 16:37:36,959 [INFO] Capturing response: https://android.clients.google.com/c2dm/register3 301 
2026-06-30 16:37:36,985 [INFO] Capturing request: https://ts.yedeklinksa35.workers.dev/trtspor/tracks-v1a1/2026/06/30/16/37/40-06000.avif
2026-06-30 16:37:37,356 [INFO] Capturing response: https://ts.yedeklinksa35.workers.dev/trtspor/tracks-v1a1/2026/06/30/16/37/40-06000.avif 200 
2026-06-30 16:37:37,495 [INFO] Capturing response: https://android.clients.google.com/c2dm/register3 200 
2026-06-30 16:37:37,515 [INFO] Capturing response: https://android.clients.google.com/c2dm/register3 200 
2026-06-30 16:37:37,554 [INFO] Capturing request: https://ts.yedeklinksa35.workers.dev/trtspor/tracks-v1a1/2026/06/30/16/37/46-06000.avif
2026-06-30 16:37:37,733 [INFO]   ✅ M3U8 bulundu: https://hlssssssssssssssssss.yedeklinksa35.workers.dev/https://corestream.ronaldovurdu.help//trtspor/tracks-v1a1/mono.m3u8
2026-06-30 16:37:38,206 [INFO] Capturing response: https://ts.yedeklinksa35.workers.dev/trtspor/tracks-v1a1/2026/06/30/16/37/46-06000.avif 200 
2026-06-30 16:37:38,734 [INFO] 
[2/14]
2026-06-30 16:37:38,734 [INFO] 🔍 beIN Sports 2 → https://atomsportv508.top/matches?id=bein-sports-2
2026-06-30 16:37:38,847 [INFO] Capturing request: https://atomsportv508.top/matches?id=bein-sports-2
2026-06-30 16:37:38,881 [INFO] Capturing response: https://atomsportv508.top/matches?id=bein-sports-2 200 
2026-06-30 16:37:38,893 [INFO] Capturing request: https://atomsportv508.top/cdn-cgi/rum?
2026-06-30 16:37:38,947 [INFO] Capturing request: https://atomsportv508.top/cdn-cgi/rum?
2026-06-30 16:37:38,949 [INFO] Capturing request: https://streamsport365.com/cinema
2026-06-30 16:37:39,043 [INFO] Capturing request: https://teletv5.top/load/yayinlink.php?id=bein-sports-2
2026-06-30 16:37:39,054 [INFO] Capturing response: https://atomsportv508.top/cdn-cgi/rum? 204 
2026-06-30 16:37:39,054 [INFO] Capturing request: https://atomsportv508.top/favicon.ico
2026-06-30 16:37:39,089 [INFO] Capturing response: https://atomsportv508.top/favicon.ico 200 
2026-06-30 16:37:39,100 [INFO] Capturing response: https://atomsportv508.top/cdn-cgi/rum? 204 
2026-06-30 16:37:39,211 [INFO] Capturing response: https://streamsport365.com/cinema 200 
2026-06-30 16:37:39,213 [INFO] Capturing response: https://teletv5.top/load/yayinlink.php?id=bein-sports-2 200 
2026-06-30 16:37:39,335 [INFO] Capturing request: https://hlssssssssssssssssss.yedeklinksa35.workers.dev/https://corestream.ronaldovurdu.help//bein2/tracks-v1a1/mono.m3u8
2026-06-30 16:37:39,475 [INFO] Capturing response: https://hlssssssssssssssssss.yedeklinksa35.workers.dev/https://corestream.ronaldovurdu.help//bein2/tracks-v1a1/mono.m3u8 200 
2026-06-30 16:37:39,585 [INFO] Capturing request: https://ts.yedeklinksa35.workers.dev/bein2/tracks-v1a1/2026/06/30/16/38/01-09400.avif
2026-06-30 16:37:40,417 [INFO] Capturing response: https://ts.yedeklinksa35.workers.dev/bein2/tracks-v1a1/2026/06/30/16/38/01-09400.avif 200 
2026-06-30 16:37:40,685 [INFO] Capturing request: https://ts.yedeklinksa35.workers.dev/bein2/tracks-v1a1/2026/06/30/16/38/10-13680.avif
2026-06-30 16:37:41,238 [INFO] Capturing response: https://ts.yedeklinksa35.workers.dev/bein2/tracks-v1a1/2026/06/30/16/38/10-13680.avif 200 
2026-06-30 16:37:41,546 [INFO] Capturing request: https://ts.yedeklinksa35.workers.dev/bein2/tracks-v1a1/2026/06/30/16/38/24-07120.avif
2026-06-30 16:37:41,943 [INFO] Capturing response: https://ts.yedeklinksa35.workers.dev/bein2/tracks-v1a1/2026/06/30/16/38/24-07120.avif 200 
2026-06-30 16:37:41,987 [INFO]   ✅ M3U8 bulundu: https://hlssssssssssssssssss.yedeklinksa35.workers.dev/https://corestream.ronaldovurdu.help//bein2/tracks-v1a1/mono.m3u8
2026-06-30 16:37:42,169 [INFO] Capturing request: https://ts.yedeklinksa35.workers.dev/bein2/tracks-v1a1/2026/06/30/16/38/31-10000.avif
2026-06-30 16:37:42,712 [INFO] Capturing response: https://ts.yedeklinksa35.workers.dev/bein2/tracks-v1a1/2026/06/30/16/38/31-10000.avif 200 
2026-06-30 16:37:42,988 [INFO] 
[3/14]
2026-06-30 16:37:42,988 [INFO] 🔍 beIN Sports 3 → https://atomsportv508.top/matches?id=bein-sports-3
2026-06-30 16:37:43,100 [INFO] Capturing request: https://atomsportv508.top/assets/js/clappr.js
2026-06-30 16:37:43,103 [INFO] Capturing request: https://atomsportv508.top/matches?id=bein-sports-3
2026-06-30 16:37:43,118 [INFO] Capturing response: https://atomsportv508.top/assets/js/clappr.js 200 
2026-06-30 16:37:43,150 [INFO] Capturing response: https://atomsportv508.top/matches?id=bein-sports-3 200 
2026-06-30 16:37:43,160 [INFO] Capturing request: https://atomsportv508.top/cdn-cgi/rum?
2026-06-30 16:37:43,196 [INFO] Capturing request: https://atomsportv508.top/cdn-cgi/rum?
2026-06-30 16:37:43,293 [INFO] Capturing request: https://teletv5.top/load/yayinlink.php?id=bein-sports-3
2026-06-30 16:37:43,298 [INFO] Capturing response: https://atomsportv508.top/cdn-cgi/rum? 204 
2026-06-30 16:37:43,299 [INFO] Capturing request: https://atomsportv508.top/favicon.ico
2026-06-30 16:37:43,333 [INFO] Capturing response: https://atomsportv508.top/favicon.ico 200 
2026-06-30 16:37:43,347 [INFO] Capturing response: https://atomsportv508.top/cdn-cgi/rum? 204 
2026-06-30 16:37:43,392 [INFO] Capturing request: https://streamsport365.com/cinema
2026-06-30 16:37:43,465 [INFO] Capturing response: https://teletv5.top/load/yayinlink.php?id=bein-sports-3 200 
2026-06-30 16:37:43,645 [INFO] Capturing response: https://streamsport365.com/cinema 200 
2026-06-30 16:37:59,290 [INFO] Capturing request: https://android.clients.google.com/c2dm/register3
2026-06-30 16:37:59,332 [INFO] Capturing response: https://android.clients.google.com/c2dm/register3 301 
2026-06-30 16:38:16,530 [WARNING]   ❌ beIN Sports 3 için M3U8 bulunamadı
2026-06-30 16:38:17,530 [INFO] 
[4/14]
2026-06-30 16:38:17,530 [INFO] 🔍 beIN Sports 4 → https://atomsportv508.top/matches?id=bein-sports-4
2026-06-30 16:38:17,641 [INFO] Capturing request: https://atomsportv508.top/matches?id=bein-sports-4
2026-06-30 16:38:17,679 [INFO] Capturing response: https://atomsportv508.top/matches?id=bein-sports-4 200 
2026-06-30 16:38:17,689 [INFO] Capturing request: https://atomsportv508.top/cdn-cgi/rum?
2026-06-30 16:38:17,720 [INFO] Capturing request: https://atomsportv508.top/cdn-cgi/rum?
2026-06-30 16:38:17,819 [INFO] Capturing request: https://teletv5.top/load/yayinlink.php?id=bein-sports-4
2026-06-30 16:38:17,820 [INFO] Capturing request: https://atomsportv508.top/favicon.ico
2026-06-30 16:38:17,828 [INFO] Capturing response: https://atomsportv508.top/cdn-cgi/rum? 204 
2026-06-30 16:38:17,830 [INFO] Capturing response: https://atomsportv508.top/cdn-cgi/rum? 204 
2026-06-30 16:38:17,864 [INFO] Capturing response: https://atomsportv508.top/favicon.ico 200 
2026-06-30 16:38:17,917 [INFO] Capturing request: https://streamsport365.com/cinema
2026-06-30 16:38:18,002 [INFO] Capturing response: https://teletv5.top/load/yayinlink.php?id=bein-sports-4 200 
2026-06-30 16:38:18,161 [INFO] Capturing response: https://streamsport365.com/cinema 200 
2026-06-30 16:38:33,740 [INFO] Capturing request: https://update.googleapis.com/service/update2/json?cup2key=16:2wr8qppxLXqhLUU25s_JfPWpZXWrQXjicxELbH7Bc6c&cup2hreq=b05497cc49b9fa9be85846ade6e3fbc0c76cde15860bdcdc91a1e90fc6ae1d48
2026-06-30 16:38:33,770 [INFO] Capturing response: https://update.googleapis.com/service/update2/json?cup2key=16:2wr8qppxLXqhLUU25s_JfPWpZXWrQXjicxELbH7Bc6c&cup2hreq=b05497cc49b9fa9be85846ade6e3fbc0c76cde15860bdcdc91a1e90fc6ae1d48 200 
2026-06-30 16:38:33,776 [INFO] Capturing request: http://edgedl.me.gvt1.com/edgedl/diffgen-puffin/gcmjkmgdlgnkkcocmoeiminaijmmjnii/df2a22d5ecc7788c3330ebd5f856b41531c74f412a01ed7453d11284708009fe
2026-06-30 16:38:33,788 [INFO] Capturing response: http://edgedl.me.gvt1.com/edgedl/diffgen-puffin/gcmjkmgdlgnkkcocmoeiminaijmmjnii/df2a22d5ecc7788c3330ebd5f856b41531c74f412a01ed7453d11284708009fe 200 OK
2026-06-30 16:38:33,814 [INFO] Capturing request: https://update.googleapis.com/service/update2/json
2026-06-30 16:38:33,841 [INFO] Capturing response: https://update.googleapis.com/service/update2/json 200 
2026-06-30 16:38:33,886 [INFO] Capturing request: http://edgedl.me.gvt1.com/edgedl/release2/chrome_component/actrweiaxfa3lwhwb4knmbcu2rga_10618/hfnkpimlhhgieaddgfemjhofmfblmnib_10618_all_acl2jaq2vpliknsbfetevwu3ar4a.crx3
2026-06-30 16:38:33,902 [INFO] Capturing response: http://edgedl.me.gvt1.com/edgedl/release2/chrome_component/actrweiaxfa3lwhwb4knmbcu2rga_10618/hfnkpimlhhgieaddgfemjhofmfblmnib_10618_all_acl2jaq2vpliknsbfetevwu3ar4a.crx3 200 OK
2026-06-30 16:38:33,933 [INFO] Capturing request: https://update.googleapis.com/service/update2/json
2026-06-30 16:38:33,956 [INFO] Capturing response: https://update.googleapis.com/service/update2/json 200 
2026-06-30 16:38:51,028 [WARNING]   ❌ beIN Sports 4 için M3U8 bulunamadı
2026-06-30 16:38:52,028 [INFO] 
[5/14]
2026-06-30 16:38:52,028 [INFO] 🔍 beIN Sports 5 → https://atomsportv508.top/matches?id=bein-sports-5
2026-06-30 16:38:52,192 [INFO] Capturing request: https://atomsportv508.top/matches?id=bein-sports-5
2026-06-30 16:38:52,195 [INFO] Capturing request: https://atomsportv508.top/assets/js/clappr.js
2026-06-30 16:38:52,241 [INFO] Capturing response: https://atomsportv508.top/assets/js/clappr.js 200 
2026-06-30 16:38:52,488 [INFO] Capturing response: https://atomsportv508.top/matches?id=bein-sports-5 200 
2026-06-30 16:38:52,498 [INFO] Capturing request: https://atomsportv508.top/cdn-cgi/rum?
2026-06-30 16:38:52,529 [INFO] Capturing request: https://atomsportv508.top/cdn-cgi/rum?
2026-06-30 16:38:52,637 [INFO] Capturing request: https://atomsportv508.top/favicon.ico
2026-06-30 16:38:52,649 [INFO] Capturing response: https://atomsportv508.top/cdn-cgi/rum? 204 
2026-06-30 16:38:52,651 [INFO] Capturing response: https://atomsportv508.top/cdn-cgi/rum? 204 
2026-06-30 16:38:52,676 [INFO] Capturing request: https://teletv5.top/load/yayinlink.php?id=bein-sports-5
2026-06-30 16:38:52,683 [INFO] Capturing response: https://atomsportv508.top/favicon.ico 200 
2026-06-30 16:38:52,984 [INFO] Capturing response: https://teletv5.top/load/yayinlink.php?id=bein-sports-5 200 
2026-06-30 16:38:53,078 [INFO] Capturing request: https://streamsport365.com/cinema
2026-06-30 16:38:53,333 [INFO] Capturing response: https://streamsport365.com/cinema 200 
2026-06-30 16:38:56,619 [INFO] Capturing request: https://android.clients.google.com/c2dm/register3
2026-06-30 16:38:56,660 [INFO] Capturing response: https://android.clients.google.com/c2dm/register3 301 
2026-06-30 16:39:25,826 [WARNING]   ❌ beIN Sports 5 için M3U8 bulunamadı
2026-06-30 16:39:26,827 [INFO] 
[6/14]
2026-06-30 16:39:26,827 [INFO] 🔍 beIN Sports Max 1 → https://atomsportv508.top/matches?id=bein-sports-max-1
2026-06-30 16:39:26,935 [INFO] Capturing request: https://atomsportv508.top/assets/js/clappr.js
2026-06-30 16:39:26,939 [INFO] Capturing request: https://atomsportv508.top/matches?id=bein-sports-max-1
2026-06-30 16:39:26,968 [INFO] Capturing response: https://atomsportv508.top/assets/js/clappr.js 200 
2026-06-30 16:39:27,206 [INFO] Capturing response: https://atomsportv508.top/matches?id=bein-sports-max-1 200 
2026-06-30 16:39:27,216 [INFO] Capturing request: https://atomsportv508.top/cdn-cgi/rum?
2026-06-30 16:39:27,245 [INFO] Capturing request: https://atomsportv508.top/cdn-cgi/rum?
2026-06-30 16:39:27,326 [INFO] Capturing response: https://atomsportv508.top/cdn-cgi/rum? 204 
2026-06-30 16:39:27,344 [INFO] Capturing request: https://teletv5.top/load/yayinlink.php?id=bein-sports-max-1
2026-06-30 16:39:27,349 [INFO] Capturing request: https://atomsportv508.top/favicon.ico
2026-06-30 16:39:27,390 [INFO] Capturing response: https://atomsportv508.top/favicon.ico 200 
2026-06-30 16:39:27,396 [INFO] Capturing response: https://atomsportv508.top/cdn-cgi/rum? 204 
2026-06-30 16:39:27,442 [INFO] Capturing request: https://streamsport365.com/cinema
2026-06-30 16:39:27,506 [INFO] Capturing response: https://teletv5.top/load/yayinlink.php?id=bein-sports-max-1 200 
2026-06-30 16:39:27,698 [INFO] Capturing response: https://streamsport365.com/cinema 200 
2026-06-30 16:40:00,533 [WARNING]   ❌ beIN Sports Max 1 için M3U8 bulunamadı
2026-06-30 16:40:01,534 [INFO] 
[7/14]
2026-06-30 16:40:01,534 [INFO] 🔍 beIN Sports Max 2 → https://atomsportv508.top/matches?id=bein-sports-max-2
2026-06-30 16:40:01,642 [INFO] Capturing request: https://atomsportv508.top/assets/js/clappr.js
2026-06-30 16:40:01,645 [INFO] Capturing request: https://atomsportv508.top/matches?id=bein-sports-max-2
2026-06-30 16:40:01,664 [INFO] Capturing response: https://atomsportv508.top/assets/js/clappr.js 200 
2026-06-30 16:40:01,923 [INFO] Capturing response: https://atomsportv508.top/matches?id=bein-sports-max-2 200 
2026-06-30 16:40:01,934 [INFO] Capturing request: https://atomsportv508.top/cdn-cgi/rum?
2026-06-30 16:40:01,968 [INFO] Capturing request: https://atomsportv508.top/cdn-cgi/rum?
2026-06-30 16:40:02,044 [INFO] Capturing response: https://atomsportv508.top/cdn-cgi/rum? 204 
2026-06-30 16:40:02,069 [INFO] Capturing request: https://teletv5.top/load/yayinlink.php?id=bein-sports-max-2
2026-06-30 16:40:02,072 [INFO] Capturing request: https://atomsportv508.top/favicon.ico
2026-06-30 16:40:02,109 [INFO] Capturing response: https://atomsportv508.top/favicon.ico 200 
2026-06-30 16:40:02,121 [INFO] Capturing response: https://atomsportv508.top/cdn-cgi/rum? 204 
2026-06-30 16:40:02,160 [INFO] Capturing request: https://streamsport365.com/cinema
2026-06-30 16:40:02,413 [INFO] Capturing response: https://streamsport365.com/cinema 200 
2026-06-30 16:40:02,736 [INFO] Capturing response: https://teletv5.top/load/yayinlink.php?id=bein-sports-max-2 200 
2026-06-30 16:40:35,263 [WARNING]   ❌ beIN Sports Max 2 için M3U8 bulunamadı
2026-06-30 16:40:36,263 [INFO] 
[8/14]
2026-06-30 16:40:36,263 [INFO] 🔍 S Sport → https://atomsportv508.top/matches?id=s-sport
2026-06-30 16:40:36,372 [INFO] Capturing request: https://atomsportv508.top/assets/js/clappr.js
2026-06-30 16:40:36,374 [INFO] Capturing request: https://atomsportv508.top/matches?id=s-sport
2026-06-30 16:40:36,393 [INFO] Capturing response: https://atomsportv508.top/assets/js/clappr.js 200 
2026-06-30 16:40:36,633 [INFO] Capturing response: https://atomsportv508.top/matches?id=s-sport 200 
2026-06-30 16:40:36,642 [INFO] Capturing request: https://atomsportv508.top/cdn-cgi/rum?
2026-06-30 16:40:36,676 [INFO] Capturing request: https://atomsportv508.top/cdn-cgi/rum?
2026-06-30 16:40:36,752 [INFO] Capturing response: https://atomsportv508.top/cdn-cgi/rum? 204 
2026-06-30 16:40:36,772 [INFO] Capturing request: https://teletv5.top/load/yayinlink.php?id=s-sport
2026-06-30 16:40:36,776 [INFO] Capturing request: https://atomsportv508.top/favicon.ico
2026-06-30 16:40:36,812 [INFO] Capturing response: https://atomsportv508.top/favicon.ico 200 
2026-06-30 16:40:36,827 [INFO] Capturing response: https://atomsportv508.top/cdn-cgi/rum? 204 
2026-06-30 16:40:36,870 [INFO] Capturing request: https://streamsport365.com/cinema
2026-06-30 16:40:36,928 [INFO] Capturing response: https://teletv5.top/load/yayinlink.php?id=s-sport 200 
2026-06-30 16:40:37,126 [INFO] Capturing response: https://streamsport365.com/cinema 200 
2026-06-30 16:40:37,283 [INFO] Capturing request: https://hlssssssssssssssssss.yedeklinksa35.workers.dev/https://corestream.ronaldovurdu.help//s-sportt/tracks-v1a1/mono.m3u8
2026-06-30 16:40:37,493 [INFO] Capturing response: https://hlssssssssssssssssss.yedeklinksa35.workers.dev/https://corestream.ronaldovurdu.help//s-sportt/tracks-v1a1/mono.m3u8 200 
2026-06-30 16:40:37,681 [INFO] Capturing request: https://ts.yedeklinksa35.workers.dev/s-sportt/tracks-v1a1/2026/06/30/16/41/14-08720.avif
2026-06-30 16:40:38,148 [INFO] Capturing response: https://ts.yedeklinksa35.workers.dev/s-sportt/tracks-v1a1/2026/06/30/16/41/14-08720.avif 200 
2026-06-30 16:40:38,418 [INFO] Capturing request: https://ts.yedeklinksa35.workers.dev/s-sportt/tracks-v1a1/2026/06/30/16/41/23-08080.avif
2026-06-30 16:40:38,875 [INFO] Capturing response: https://ts.yedeklinksa35.workers.dev/s-sportt/tracks-v1a1/2026/06/30/16/41/23-08080.avif 200 
2026-06-30 16:40:39,092 [INFO] Capturing request: https://ts.yedeklinksa35.workers.dev/s-sportt/tracks-v1a1/2026/06/30/16/41/31-05000.avif
2026-06-30 16:40:39,461 [INFO] Capturing response: https://ts.yedeklinksa35.workers.dev/s-sportt/tracks-v1a1/2026/06/30/16/41/31-05000.avif 200 
2026-06-30 16:40:39,699 [INFO] Capturing request: https://ts.yedeklinksa35.workers.dev/s-sportt/tracks-v1a1/2026/06/30/16/41/36-07760.avif
2026-06-30 16:40:39,701 [INFO]   ✅ M3U8 bulundu: https://hlssssssssssssssssss.yedeklinksa35.workers.dev/https://corestream.ronaldovurdu.help//s-sportt/tracks-v1a1/mono.m3u8
2026-06-30 16:40:40,152 [INFO] Capturing response: https://ts.yedeklinksa35.workers.dev/s-sportt/tracks-v1a1/2026/06/30/16/41/36-07760.avif 200 
2026-06-30 16:40:40,702 [INFO] 
[9/14]
2026-06-30 16:40:40,702 [INFO] 🔍 S Sport 2 → https://atomsportv508.top/matches?id=s-sport-2
2026-06-30 16:40:40,816 [INFO] Capturing request: https://atomsportv508.top/assets/js/clappr.js
2026-06-30 16:40:40,816 [INFO] Capturing request: https://atomsportv508.top/matches?id=s-sport-2
2026-06-30 16:40:40,839 [INFO] Capturing response: https://atomsportv508.top/assets/js/clappr.js 200 
2026-06-30 16:40:40,893 [INFO] Capturing response: https://atomsportv508.top/matches?id=s-sport-2 200 
2026-06-30 16:40:40,903 [INFO] Capturing request: https://atomsportv508.top/cdn-cgi/rum?
2026-06-30 16:40:40,929 [INFO] Capturing request: https://streamsport365.com/cinema
2026-06-30 16:40:40,936 [INFO] Capturing request: https://atomsportv508.top/cdn-cgi/rum?
2026-06-30 16:40:41,014 [INFO] Capturing response: https://atomsportv508.top/cdn-cgi/rum? 204 
2026-06-30 16:40:41,028 [INFO] Capturing request: https://teletv5.top/load/yayinlink.php?id=s-sport-2
2026-06-30 16:40:41,040 [INFO] Capturing request: https://atomsportv508.top/favicon.ico
2026-06-30 16:40:41,080 [INFO] Capturing response: https://atomsportv508.top/favicon.ico 200 
2026-06-30 16:40:41,091 [INFO] Capturing response: https://atomsportv508.top/cdn-cgi/rum? 204 
2026-06-30 16:40:41,180 [INFO] Capturing response: https://teletv5.top/load/yayinlink.php?id=s-sport-2 200 
2026-06-30 16:40:41,185 [INFO] Capturing response: https://streamsport365.com/cinema 200 
2026-06-30 16:40:41,342 [INFO] Capturing request: https://hlssssssssssssssssss.yedeklinksa35.workers.dev/https://corestream.ronaldovurdu.help//s-sport2/tracks-v1a1/mono.m3u8
2026-06-30 16:40:41,410 [INFO] Capturing request: https://android.clients.google.com/c2dm/register3
2026-06-30 16:40:41,455 [INFO] Capturing response: https://android.clients.google.com/c2dm/register3 301 
2026-06-30 16:40:41,470 [INFO] Capturing response: https://hlssssssssssssssssss.yedeklinksa35.workers.dev/https://corestream.ronaldovurdu.help//s-sport2/tracks-v1a1/mono.m3u8 200 
2026-06-30 16:40:41,579 [INFO] Capturing request: https://ts.yedeklinksa35.workers.dev/s-sport2/tracks-v1a1/2026/06/30/16/40/56-06000.avif
2026-06-30 16:40:42,030 [INFO] Capturing response: https://ts.yedeklinksa35.workers.dev/s-sport2/tracks-v1a1/2026/06/30/16/40/56-06000.avif 200 
2026-06-30 16:40:43,953 [INFO]   ✅ M3U8 bulundu: https://hlssssssssssssssssss.yedeklinksa35.workers.dev/https://corestream.ronaldovurdu.help//s-sport2/tracks-v1a1/mono.m3u8
2026-06-30 16:40:44,953 [INFO] 
[10/14]
2026-06-30 16:40:44,953 [INFO] 🔍 A Spor → https://atomsportv508.top/matches?id=a-spor
2026-06-30 16:40:45,064 [INFO] Capturing request: https://atomsportv508.top/assets/js/clappr.js
2026-06-30 16:40:45,065 [INFO] Capturing request: https://atomsportv508.top/matches?id=a-spor
2026-06-30 16:40:45,087 [INFO] Capturing response: https://atomsportv508.top/assets/js/clappr.js 200 
2026-06-30 16:40:45,135 [INFO] Capturing response: https://atomsportv508.top/matches?id=a-spor 200 
2026-06-30 16:40:45,144 [INFO] Capturing request: https://atomsportv508.top/cdn-cgi/rum?
2026-06-30 16:40:45,175 [INFO] Capturing request: https://atomsportv508.top/cdn-cgi/rum?
2026-06-30 16:40:45,256 [INFO] Capturing response: https://atomsportv508.top/cdn-cgi/rum? 204 
2026-06-30 16:40:45,272 [INFO] Capturing request: https://teletv5.top/load/yayinlink.php?id=a-spor
2026-06-30 16:40:45,277 [INFO] Capturing request: https://atomsportv508.top/favicon.ico
2026-06-30 16:40:45,326 [INFO] Capturing response: https://atomsportv508.top/favicon.ico 200 
2026-06-30 16:40:45,328 [INFO] Capturing response: https://atomsportv508.top/cdn-cgi/rum? 204 
2026-06-30 16:40:45,370 [INFO] Capturing request: https://streamsport365.com/cinema
2026-06-30 16:40:45,423 [INFO] Capturing response: https://teletv5.top/load/yayinlink.php?id=a-spor 200 
2026-06-30 16:40:45,621 [INFO] Capturing response: https://streamsport365.com/cinema 200 
2026-06-30 16:40:45,741 [INFO] Capturing request: https://hlssssssssssssssssss.yedeklinksa35.workers.dev/https://corestream.ronaldovurdu.help//aspor/tracks-v1a1/mono.m3u8
2026-06-30 16:40:45,876 [INFO] Capturing response: https://hlssssssssssssssssss.yedeklinksa35.workers.dev/https://corestream.ronaldovurdu.help//aspor/tracks-v1a1/mono.m3u8 200 
2026-06-30 16:40:45,986 [INFO] Capturing request: https://ts.yedeklinksa35.workers.dev/aspor/tracks-v1a1/2026/06/30/16/40/30-10000.avif
2026-06-30 16:40:46,833 [INFO] Capturing response: https://ts.yedeklinksa35.workers.dev/aspor/tracks-v1a1/2026/06/30/16/40/30-10000.avif 200 
2026-06-30 16:40:47,141 [INFO] Capturing request: https://ts.yedeklinksa35.workers.dev/aspor/tracks-v1a1/2026/06/30/16/40/40-10000.avif
2026-06-30 16:40:48,048 [INFO] Capturing response: https://ts.yedeklinksa35.workers.dev/aspor/tracks-v1a1/2026/06/30/16/40/40-10000.avif 200 
2026-06-30 16:40:48,192 [INFO]   ✅ M3U8 bulundu: https://hlssssssssssssssssss.yedeklinksa35.workers.dev/https://corestream.ronaldovurdu.help//aspor/tracks-v1a1/mono.m3u8
2026-06-30 16:40:48,356 [INFO] Capturing request: https://ts.yedeklinksa35.workers.dev/aspor/tracks-v1a1/2026/06/30/16/40/50-10000.avif
2026-06-30 16:40:48,923 [INFO] Capturing response: https://ts.yedeklinksa35.workers.dev/aspor/tracks-v1a1/2026/06/30/16/40/50-10000.avif 200 
2026-06-30 16:40:49,193 [INFO] 
[11/14]
2026-06-30 16:40:49,193 [INFO] 🔍 Tivibu Spor 1 → https://atomsportv508.top/matches?id=tivibu-spor-1
2026-06-30 16:40:49,307 [INFO] Capturing request: https://atomsportv508.top/matches?id=tivibu-spor-1
2026-06-30 16:40:49,309 [INFO] Capturing request: https://atomsportv508.top/assets/js/clappr.js
2026-06-30 16:40:49,331 [INFO] Capturing response: https://atomsportv508.top/assets/js/clappr.js 200 
2026-06-30 16:40:49,352 [INFO] Capturing response: https://atomsportv508.top/matches?id=tivibu-spor-1 200 
2026-06-30 16:40:49,362 [INFO] Capturing request: https://atomsportv508.top/cdn-cgi/rum?
2026-06-30 16:40:49,386 [INFO] Capturing request: https://streamsport365.com/cinema
2026-06-30 16:40:49,395 [INFO] Capturing request: https://atomsportv508.top/cdn-cgi/rum?
2026-06-30 16:40:49,494 [INFO] Capturing request: https://teletv5.top/load/yayinlink.php?id=tivibu-spor-1
2026-06-30 16:40:49,496 [INFO] Capturing request: https://atomsportv508.top/favicon.ico
2026-06-30 16:40:49,503 [INFO] Capturing response: https://atomsportv508.top/cdn-cgi/rum? 204 
2026-06-30 16:40:49,505 [INFO] Capturing response: https://atomsportv508.top/cdn-cgi/rum? 204 
2026-06-30 16:40:49,530 [INFO] Capturing response: https://atomsportv508.top/favicon.ico 200 
2026-06-30 16:40:49,647 [INFO] Capturing response: https://teletv5.top/load/yayinlink.php?id=tivibu-spor-1 200 
2026-06-30 16:40:49,657 [INFO] Capturing response: https://streamsport365.com/cinema 200 
2026-06-30 16:41:22,696 [WARNING]   ❌ Tivibu Spor 1 için M3U8 bulunamadı
2026-06-30 16:41:23,696 [INFO] 
[12/14]
2026-06-30 16:41:23,697 [INFO] 🔍 Tivibu Spor 2 → https://atomsportv508.top/matches?id=tivibu-spor-2
2026-06-30 16:41:23,808 [INFO] Capturing request: https://atomsportv508.top/assets/js/clappr.js
2026-06-30 16:41:23,809 [INFO] Capturing request: https://atomsportv508.top/matches?id=tivibu-spor-2
2026-06-30 16:41:23,831 [INFO] Capturing response: https://atomsportv508.top/assets/js/clappr.js 200 
2026-06-30 16:41:24,060 [INFO] Capturing response: https://atomsportv508.top/matches?id=tivibu-spor-2 200 
2026-06-30 16:41:24,071 [INFO] Capturing request: https://atomsportv508.top/cdn-cgi/rum?
2026-06-30 16:41:24,100 [INFO] Capturing request: https://atomsportv508.top/cdn-cgi/rum?
2026-06-30 16:41:24,180 [INFO] Capturing response: https://atomsportv508.top/cdn-cgi/rum? 204 
2026-06-30 16:41:24,195 [INFO] Capturing request: https://teletv5.top/load/yayinlink.php?id=tivibu-spor-2
2026-06-30 16:41:24,204 [INFO] Capturing request: https://atomsportv508.top/favicon.ico
2026-06-30 16:41:24,241 [INFO] Capturing response: https://atomsportv508.top/favicon.ico 200 
2026-06-30 16:41:24,252 [INFO] Capturing response: https://atomsportv508.top/cdn-cgi/rum? 204 
2026-06-30 16:41:24,298 [INFO] Capturing request: https://streamsport365.com/cinema
2026-06-30 16:41:24,354 [INFO] Capturing response: https://teletv5.top/load/yayinlink.php?id=tivibu-spor-2 200 
2026-06-30 16:41:24,548 [INFO] Capturing response: https://streamsport365.com/cinema 200 
2026-06-30 16:41:57,396 [WARNING]   ❌ Tivibu Spor 2 için M3U8 bulunamadı
2026-06-30 16:41:58,396 [INFO] 
[13/14]
2026-06-30 16:41:58,396 [INFO] 🔍 Tivibu Spor 3 → https://atomsportv508.top/matches?id=tivibu-spor-3
2026-06-30 16:41:58,504 [INFO] Capturing request: https://atomsportv508.top/assets/js/clappr.js
2026-06-30 16:41:58,507 [INFO] Capturing request: https://atomsportv508.top/matches?id=tivibu-spor-3
2026-06-30 16:41:58,528 [INFO] Capturing response: https://atomsportv508.top/assets/js/clappr.js 200 
2026-06-30 16:41:58,759 [INFO] Capturing response: https://atomsportv508.top/matches?id=tivibu-spor-3 200 
2026-06-30 16:41:58,770 [INFO] Capturing request: https://atomsportv508.top/cdn-cgi/rum?
2026-06-30 16:41:58,800 [INFO] Capturing request: https://atomsportv508.top/cdn-cgi/rum?
2026-06-30 16:41:58,895 [INFO] Capturing request: https://teletv5.top/load/yayinlink.php?id=tivibu-spor-3
2026-06-30 16:41:58,903 [INFO] Capturing request: https://atomsportv508.top/favicon.ico
2026-06-30 16:41:58,907 [INFO] Capturing response: https://atomsportv508.top/cdn-cgi/rum? 204 
2026-06-30 16:41:58,909 [INFO] Capturing response: https://atomsportv508.top/cdn-cgi/rum? 204 
2026-06-30 16:41:58,942 [INFO] Capturing response: https://atomsportv508.top/favicon.ico 200 
2026-06-30 16:41:58,993 [INFO] Capturing request: https://streamsport365.com/cinema
2026-06-30 16:41:59,051 [INFO] Capturing response: https://teletv5.top/load/yayinlink.php?id=tivibu-spor-3 200 
2026-06-30 16:41:59,243 [INFO] Capturing response: https://streamsport365.com/cinema 200 
2026-06-30 16:42:32,100 [WARNING]   ❌ Tivibu Spor 3 için M3U8 bulunamadı
2026-06-30 16:42:33,100 [INFO] 
[14/14]
2026-06-30 16:42:33,100 [INFO] 🔍 Tivibu Spor 4 → https://atomsportv508.top/matches?id=tivibu-spor-4
2026-06-30 16:42:33,210 [INFO] Capturing request: https://atomsportv508.top/assets/js/clappr.js
2026-06-30 16:42:33,212 [INFO] Capturing request: https://atomsportv508.top/matches?id=tivibu-spor-4
2026-06-30 16:42:33,239 [INFO] Capturing response: https://atomsportv508.top/assets/js/clappr.js 200 
2026-06-30 16:42:33,483 [INFO] Capturing response: https://atomsportv508.top/matches?id=tivibu-spor-4 200 
2026-06-30 16:42:33,493 [INFO] Capturing request: https://atomsportv508.top/cdn-cgi/rum?
2026-06-30 16:42:33,526 [INFO] Capturing request: https://atomsportv508.top/cdn-cgi/rum?
2026-06-30 16:42:33,604 [INFO] Capturing response: https://atomsportv508.top/cdn-cgi/rum? 204 
2026-06-30 16:42:33,626 [INFO] Capturing request: https://teletv5.top/load/yayinlink.php?id=tivibu-spor-4
2026-06-30 16:42:33,627 [INFO] Capturing request: https://atomsportv508.top/favicon.ico
2026-06-30 16:42:33,678 [INFO] Capturing response: https://atomsportv508.top/cdn-cgi/rum? 204 
2026-06-30 16:42:33,682 [INFO] Capturing response: https://atomsportv508.top/favicon.ico 200 
2026-06-30 16:42:33,720 [INFO] Capturing request: https://streamsport365.com/cinema
2026-06-30 16:42:33,783 [INFO] Capturing response: https://teletv5.top/load/yayinlink.php?id=tivibu-spor-4 200 
2026-06-30 16:42:33,975 [INFO] Capturing response: https://streamsport365.com/cinema 200 
2026-06-30 16:43:06,823 [WARNING]   ❌ Tivibu Spor 4 için M3U8 bulunamadı
2026-06-30 16:43:07,888 [INFO] ✅ 5 kanal bulundu, playlist.m3u kaydedildi
