2026-04-22 13:48:41,654 [INFO] 🔎 Domain aralığı taranıyor: atomsportv490.top - atomsportv520.top
2026-04-22 13:48:43,197 [INFO]   ✅ Aktif domain bulundu: https://atomsportv499.top
2026-04-22 13:48:43,198 [INFO] 🌐 Kullanılan BASE_URL: https://atomsportv499.top
2026-04-22 13:48:44,207 [INFO] ✅ SeleniumWire aktif
2026-04-22 13:48:44,209 [INFO] =======================================================
2026-04-22 13:48:44,209 [INFO]    M3U8 Scraper
2026-04-22 13:48:44,209 [INFO]    Base URL : https://atomsportv499.top
2026-04-22 13:48:44,209 [INFO]    Toplam   : 13 sayfa
2026-04-22 13:48:44,209 [INFO] =======================================================
2026-04-22 13:48:44,209 [INFO] 🔧 Driver başlatılıyor...
2026-04-22 13:48:44,947 [INFO] ✅ Driver başlatıldı
2026-04-22 13:48:44,947 [INFO] 
[1/13]
2026-04-22 13:48:44,947 [INFO] 
──────────────────────────────────────────────────
2026-04-22 13:48:44,947 [INFO] 🔍 beIN Sports 1 → https://atomsportv499.top/matches?id=bein-sports-1
2026-04-22 13:48:44,947 [INFO] ──────────────────────────────────────────────────
2026-04-22 13:49:17,161 [INFO]   📡 M3U8 bekleniyor (max 8s)...
2026-04-22 13:49:17,170 [INFO]   🎯 DOĞRU kanal bulundu: https://hlsssssss.neymardacorona.workers.dev/https://corestream.ronaldovurdu.help//hls/bein-sports-11.m3u8
2026-04-22 13:49:17,171 [INFO]   ✅ beIN Sports 1: https://hlsssssss.neymardacorona.workers.dev/https://corestream.ronaldovurdu.help//hls/bein-sports-11.m3u8
2026-04-22 13:49:18,171 [INFO] 
[2/13]
2026-04-22 13:49:18,171 [INFO] 
──────────────────────────────────────────────────
2026-04-22 13:49:18,171 [INFO] 🔍 beIN Sports 2 → https://atomsportv499.top/matches?id=bein-sports-2
2026-04-22 13:49:18,172 [INFO] ──────────────────────────────────────────────────
2026-04-22 13:49:50,140 [INFO]   📡 M3U8 bekleniyor (max 8s)...
2026-04-22 13:49:50,158 [INFO]   🎯 DOĞRU kanal bulundu: https://hlsssssss.neymardacorona.workers.dev/https://corestream.ronaldovurdu.help//hls/bein-sports-2.m3u8
2026-04-22 13:49:50,159 [INFO]   ✅ beIN Sports 2: https://hlsssssss.neymardacorona.workers.dev/https://corestream.ronaldovurdu.help//hls/bein-sports-2.m3u8
2026-04-22 13:49:51,159 [INFO] 
[3/13]
2026-04-22 13:49:51,160 [INFO] 
──────────────────────────────────────────────────
2026-04-22 13:49:51,160 [INFO] 🔍 beIN Sports 3 → https://atomsportv499.top/matches?id=bein-sports-3
2026-04-22 13:49:51,160 [INFO] ──────────────────────────────────────────────────
2026-04-22 13:50:23,593 [INFO]   📡 M3U8 bekleniyor (max 8s)...
2026-04-22 13:50:23,599 [INFO]   🎯 DOĞRU kanal bulundu: https://hlsssssss.neymardacorona.workers.dev/https://corestream.ronaldovurdu.help//hls/bein-sports-3.m3u8
2026-04-22 13:50:23,600 [INFO]   ✅ beIN Sports 3: https://hlsssssss.neymardacorona.workers.dev/https://corestream.ronaldovurdu.help//hls/bein-sports-3.m3u8
2026-04-22 13:50:24,600 [INFO] 
[4/13]
2026-04-22 13:50:24,600 [INFO] 
──────────────────────────────────────────────────
2026-04-22 13:50:24,600 [INFO] 🔍 beIN Sports 4 → https://atomsportv499.top/matches?id=bein-sports-4
2026-04-22 13:50:24,600 [INFO] ──────────────────────────────────────────────────
2026-04-22 13:50:56,604 [INFO]   📡 M3U8 bekleniyor (max 8s)...
2026-04-22 13:50:56,609 [INFO]   🎯 DOĞRU kanal bulundu: https://hlsssssss.neymardacorona.workers.dev/https://corestream.ronaldovurdu.help//hls/bein-sports-4.m3u8
2026-04-22 13:50:56,609 [INFO]   ✅ beIN Sports 4: https://hlsssssss.neymardacorona.workers.dev/https://corestream.ronaldovurdu.help//hls/bein-sports-4.m3u8
2026-04-22 13:50:57,609 [INFO] 
[5/13]
2026-04-22 13:50:57,609 [INFO] 
──────────────────────────────────────────────────
2026-04-22 13:50:57,609 [INFO] 🔍 beIN Sports 5 → https://atomsportv499.top/matches?id=bein-sports-5
2026-04-22 13:50:57,610 [INFO] ──────────────────────────────────────────────────
2026-04-22 13:51:29,839 [INFO]   📡 M3U8 bekleniyor (max 8s)...
2026-04-22 13:51:29,841 [INFO]   🎯 DOĞRU kanal bulundu: https://hlsssssss.neymardacorona.workers.dev/https://corestream.ronaldovurdu.help//hls/bein-sports-5.m3u8
2026-04-22 13:51:29,841 [INFO]   ✅ beIN Sports 5: https://hlsssssss.neymardacorona.workers.dev/https://corestream.ronaldovurdu.help//hls/bein-sports-5.m3u8
2026-04-22 13:51:30,842 [INFO] 
[6/13]
2026-04-22 13:51:30,842 [INFO] 
──────────────────────────────────────────────────
2026-04-22 13:51:30,842 [INFO] 🔍 beIN Sports Max 1 → https://atomsportv499.top/matches?id=bein-sports-max-1
2026-04-22 13:51:30,842 [INFO] ──────────────────────────────────────────────────
2026-04-22 13:52:02,875 [INFO]   📡 M3U8 bekleniyor (max 8s)...
2026-04-22 13:52:02,879 [INFO]   🎯 DOĞRU kanal bulundu: https://hlsssssss.neymardacorona.workers.dev/https://corestream.ronaldovurdu.help//hls/bein-sports-max-1.m3u8
2026-04-22 13:52:02,879 [INFO]   ✅ beIN Sports Max 1: https://hlsssssss.neymardacorona.workers.dev/https://corestream.ronaldovurdu.help//hls/bein-sports-max-1.m3u8
2026-04-22 13:52:03,880 [INFO] 
[7/13]
2026-04-22 13:52:03,880 [INFO] 
──────────────────────────────────────────────────
2026-04-22 13:52:03,880 [INFO] 🔍 beIN Sports Max 2 → https://atomsportv499.top/matches?id=bein-sports-max-2
2026-04-22 13:52:03,880 [INFO] ──────────────────────────────────────────────────
2026-04-22 13:52:35,878 [INFO]   📡 M3U8 bekleniyor (max 8s)...
2026-04-22 13:52:35,880 [INFO]   🎯 DOĞRU kanal bulundu: https://hlsssssss.neymardacorona.workers.dev/https://corestream.ronaldovurdu.help//hls/bein-sports-max-2.m3u8
2026-04-22 13:52:35,880 [INFO]   ✅ beIN Sports Max 2: https://hlsssssss.neymardacorona.workers.dev/https://corestream.ronaldovurdu.help//hls/bein-sports-max-2.m3u8
2026-04-22 13:52:36,880 [INFO] 
[8/13]
2026-04-22 13:52:36,880 [INFO] 
──────────────────────────────────────────────────
2026-04-22 13:52:36,880 [INFO] 🔍 S Sport → https://atomsportv499.top/matches?id=s-sport
2026-04-22 13:52:36,881 [INFO] ──────────────────────────────────────────────────
2026-04-22 13:53:08,918 [INFO]   📡 M3U8 bekleniyor (max 8s)...
2026-04-22 13:53:08,935 [INFO]   🎯 DOĞRU kanal bulundu: https://hlsssssss.neymardacorona.workers.dev/https://corestream.ronaldovurdu.help//hls/s-sport.m3u8
2026-04-22 13:53:08,937 [INFO]   ✅ S Sport: https://hlsssssss.neymardacorona.workers.dev/https://corestream.ronaldovurdu.help//hls/s-sport.m3u8
2026-04-22 13:53:09,937 [INFO] 
[9/13]
2026-04-22 13:53:09,937 [INFO] 
──────────────────────────────────────────────────
2026-04-22 13:53:09,937 [INFO] 🔍 S Sport 2 → https://atomsportv499.top/matches?id=s-sport-2
2026-04-22 13:53:09,937 [INFO] ──────────────────────────────────────────────────
2026-04-22 13:53:41,959 [INFO]   📡 M3U8 bekleniyor (max 8s)...
2026-04-22 13:53:41,967 [INFO]   🎯 DOĞRU kanal bulundu: https://hlsssssss.neymardacorona.workers.dev/https://corestream.ronaldovurdu.help//hls/s-sport-2.m3u8
2026-04-22 13:53:41,968 [INFO]   ✅ S Sport 2: https://hlsssssss.neymardacorona.workers.dev/https://corestream.ronaldovurdu.help//hls/s-sport-2.m3u8
2026-04-22 13:53:42,968 [INFO] 
[10/13]
2026-04-22 13:53:42,968 [INFO] 
──────────────────────────────────────────────────
2026-04-22 13:53:42,968 [INFO] 🔍 Tivibu Spor 1 → https://atomsportv499.top/matches?id=tivibu-spor-1
2026-04-22 13:53:42,968 [INFO] ──────────────────────────────────────────────────
2026-04-22 13:54:14,988 [INFO]   📡 M3U8 bekleniyor (max 8s)...
2026-04-22 13:54:23,002 [INFO]   ❌ Tivibu Spor 1: M3U8 bulunamadı
2026-04-22 13:54:24,003 [INFO] 
[11/13]
2026-04-22 13:54:24,003 [INFO] 
──────────────────────────────────────────────────
2026-04-22 13:54:24,003 [INFO] 🔍 Tivibu Spor 2 → https://atomsportv499.top/matches?id=tivibu-spor-2
2026-04-22 13:54:24,003 [INFO] ──────────────────────────────────────────────────
2026-04-22 13:54:55,985 [INFO]   📡 M3U8 bekleniyor (max 8s)...
2026-04-22 13:55:03,997 [INFO]   ❌ Tivibu Spor 2: M3U8 bulunamadı
2026-04-22 13:55:04,997 [INFO] 
[12/13]
2026-04-22 13:55:04,998 [INFO] 
──────────────────────────────────────────────────
2026-04-22 13:55:04,998 [INFO] 🔍 Tivibu Spor 3 → https://atomsportv499.top/matches?id=tivibu-spor-3
2026-04-22 13:55:04,998 [INFO] ──────────────────────────────────────────────────
2026-04-22 13:55:37,006 [INFO]   📡 M3U8 bekleniyor (max 8s)...
2026-04-22 13:55:45,018 [INFO]   ❌ Tivibu Spor 3: M3U8 bulunamadı
2026-04-22 13:55:46,018 [INFO] 
[13/13]
2026-04-22 13:55:46,018 [INFO] 
──────────────────────────────────────────────────
2026-04-22 13:55:46,018 [INFO] 🔍 Tivibu Spor 4 → https://atomsportv499.top/matches?id=tivibu-spor-4
2026-04-22 13:55:46,018 [INFO] ──────────────────────────────────────────────────
2026-04-22 13:56:18,029 [INFO]   📡 M3U8 bekleniyor (max 8s)...
2026-04-22 13:56:26,041 [INFO]   ❌ Tivibu Spor 4: M3U8 bulunamadı
2026-04-22 13:56:27,107 [INFO] 🔒 Driver kapatıldı
2026-04-22 13:56:27,107 [INFO] 
=======================================================
2026-04-22 13:56:27,107 [INFO] 🏁 Tamamlandı!
2026-04-22 13:56:27,107 [INFO] 📺 Kanal : 9/13
2026-04-22 13:56:27,107 [INFO] ⏱️  Süre  : 462.9s
2026-04-22 13:56:27,108 [INFO] =======================================================
2026-04-22 13:56:27,108 [INFO] ✅ playlist.m3u kaydedildi
2026-04-22 13:56:27,108 [INFO] ✅ stats.json kaydedildi
