2026-07-15 19:13:21,013 [INFO] 🌐 BASE_URL: https://atomsportv510.top
2026-07-15 19:13:22,029 [INFO] Başlanıyor... 14 kanal taranacak
2026-07-15 19:13:22,029 [INFO] Using default request storage
2026-07-15 19:13:22,033 [INFO] Created proxy listening on 127.0.0.1:35597
2026-07-15 19:13:22,738 [INFO] Capturing request: http://clients2.google.com/time/1/current?cup2key=10:3HRkvdMIxnpOeHvIP74embG7TmCIpat1G7nw8bI2ZfU&cup2hreq=e3b0c44298fc1c149afbf4c8996fb92427ae41e4649b934ca495991b7852b855
2026-07-15 19:13:22,781 [INFO] Capturing response: http://clients2.google.com/time/1/current?cup2key=10:3HRkvdMIxnpOeHvIP74embG7TmCIpat1G7nw8bI2ZfU&cup2hreq=e3b0c44298fc1c149afbf4c8996fb92427ae41e4649b934ca495991b7852b855 200 OK
2026-07-15 19:13:22,886 [INFO] 
[1/14]
2026-07-15 19:13:22,887 [INFO] 🔍 beIN Sports 1 → https://atomsportv510.top/matches?id=bein-sports-1
2026-07-15 19:13:23,018 [INFO] Capturing request: https://update.googleapis.com/service/update2/json?cup2key=16:WphqqN0sE2nRfdBS2sOgk_VG1J9x7S6q9dv4oRLBbb4&cup2hreq=2c01580615d7cd3e18c9fe89fef2933ad2dc407bc78133d691a946f85f57d9c5
2026-07-15 19:13:23,019 [INFO] Capturing request: https://accounts.google.com/ListAccounts?gpsia=1&source=ChromiumBrowser&json=standard&laf=b64bin
2026-07-15 19:13:23,081 [INFO] Capturing response: https://update.googleapis.com/service/update2/json?cup2key=16:WphqqN0sE2nRfdBS2sOgk_VG1J9x7S6q9dv4oRLBbb4&cup2hreq=2c01580615d7cd3e18c9fe89fef2933ad2dc407bc78133d691a946f85f57d9c5 200 
2026-07-15 19:13:23,084 [INFO] Capturing response: https://accounts.google.com/ListAccounts?gpsia=1&source=ChromiumBrowser&json=standard&laf=b64bin 200 
2026-07-15 19:13:23,114 [INFO] Capturing request: https://atomsportv510.top/matches?id=bein-sports-1
2026-07-15 19:13:23,127 [INFO] Capturing request: https://update.googleapis.com/service/update2/json?cup2key=16:PzNCrFMWOhKzjQ9r62tHNhROswtycnkvHyVZjqBzSr4&cup2hreq=be9cff6b88e270a0527fa7d2779d9d251ad739dbf591dcc47cca416157eabbff
2026-07-15 19:13:23,162 [INFO] Capturing response: https://update.googleapis.com/service/update2/json?cup2key=16:PzNCrFMWOhKzjQ9r62tHNhROswtycnkvHyVZjqBzSr4&cup2hreq=be9cff6b88e270a0527fa7d2779d9d251ad739dbf591dcc47cca416157eabbff 200 
2026-07-15 19:13:23,220 [INFO] Capturing response: https://atomsportv510.top/matches?id=bein-sports-1 200 
2026-07-15 19:13:23,379 [INFO] Capturing request: https://atomsportv510.top/assets/js/clappr.js
2026-07-15 19:13:23,402 [INFO] Capturing request: https://www.google.com/async/folae?async=_fmt:pb&udm=50&client_locale=en-US&client_country=ZZ
2026-07-15 19:13:23,407 [INFO] Capturing response: https://atomsportv510.top/assets/js/clappr.js 200 
2026-07-15 19:13:23,428 [INFO] Capturing response: https://www.google.com/async/folae?async=_fmt:pb&udm=50&client_locale=en-US&client_country=ZZ 200 
2026-07-15 19:13:23,451 [INFO] Capturing request: https://cdnjs.cloudflare.com/ajax/libs/jquery/3.2.1/jquery.min.js
2026-07-15 19:13:23,466 [INFO] Capturing request: https://cdn.jsdelivr.net/npm/@clappr/player@latest/dist/clappr.min.js
2026-07-15 19:13:23,501 [INFO] Capturing response: https://cdnjs.cloudflare.com/ajax/libs/jquery/3.2.1/jquery.min.js 200 
2026-07-15 19:13:23,509 [INFO] Capturing response: https://cdn.jsdelivr.net/npm/@clappr/player@latest/dist/clappr.min.js 200 
2026-07-15 19:13:23,726 [INFO] Capturing request: https://atomsportv510.top/favicon.ico
2026-07-15 19:13:23,799 [INFO] Capturing request: https://teletv5.top/load/yayinlink.php?id=bein-sports-1
2026-07-15 19:13:23,810 [INFO] Capturing response: https://atomsportv510.top/favicon.ico 200 
2026-07-15 19:13:23,855 [INFO] Capturing response: https://teletv5.top/load/yayinlink.php?id=bein-sports-1 200 
2026-07-15 19:13:24,143 [INFO] Capturing request: https://streamsport365.com/cinema
2026-07-15 19:13:24,390 [INFO] Capturing response: https://streamsport365.com/cinema 200 
2026-07-15 19:13:24,521 [INFO] Capturing request: https://atomsportv510.top/assets/img/player_logo_6880e4e4c52ee.png
2026-07-15 19:13:24,560 [INFO] Capturing response: https://atomsportv510.top/assets/img/player_logo_6880e4e4c52ee.png 200 
2026-07-15 19:13:24,605 [INFO] Capturing request: https://hlsssssssssssss.edaesra.workers.dev/https://corestream.macsitesi.help//trtspor/tracks-v1a1/mono.m3u8
2026-07-15 19:13:24,771 [INFO] Capturing response: https://hlsssssssssssss.edaesra.workers.dev/https://corestream.macsitesi.help//trtspor/tracks-v1a1/mono.m3u8 200 
2026-07-15 19:13:24,998 [INFO] Capturing request: https://securmar.edaesra.workers.dev/trtspor/tracks-v1a1/2026/07/15/19/13/03-06000.avif
2026-07-15 19:13:25,323 [INFO] Capturing response: https://securmar.edaesra.workers.dev/trtspor/tracks-v1a1/2026/07/15/19/13/03-06000.avif 200 
2026-07-15 19:13:25,554 [INFO] Capturing request: https://securmar.edaesra.workers.dev/trtspor/tracks-v1a1/2026/07/15/19/13/09-06000.avif
2026-07-15 19:13:25,617 [INFO] Capturing request: https://android.clients.google.com/checkin
2026-07-15 19:13:25,717 [INFO] Capturing response: https://android.clients.google.com/checkin 200 
2026-07-15 19:13:25,766 [INFO] Capturing request: https://android.clients.google.com/c2dm/register3
2026-07-15 19:13:25,781 [INFO] Capturing request: https://android.clients.google.com/c2dm/register3
2026-07-15 19:13:25,784 [INFO] Capturing request: https://android.clients.google.com/c2dm/register3
2026-07-15 19:13:25,831 [INFO] Capturing response: https://android.clients.google.com/c2dm/register3 200 
2026-07-15 19:13:25,838 [INFO] Capturing response: https://android.clients.google.com/c2dm/register3 200 
2026-07-15 19:13:25,851 [INFO] Capturing response: https://android.clients.google.com/c2dm/register3 200 
2026-07-15 19:13:25,940 [INFO] Capturing response: https://securmar.edaesra.workers.dev/trtspor/tracks-v1a1/2026/07/15/19/13/09-06000.avif 200 
2026-07-15 19:13:26,126 [INFO] Capturing request: https://securmar.edaesra.workers.dev/trtspor/tracks-v1a1/2026/07/15/19/13/15-06000.avif
2026-07-15 19:13:26,451 [INFO] Capturing response: https://securmar.edaesra.workers.dev/trtspor/tracks-v1a1/2026/07/15/19/13/15-06000.avif 200 
2026-07-15 19:13:26,655 [INFO]   ✅ M3U8 bulundu: https://hlsssssssssssss.edaesra.workers.dev/https://corestream.macsitesi.help//trtspor/tracks-v1a1/mono.m3u8
2026-07-15 19:13:27,656 [INFO] 
[2/14]
2026-07-15 19:13:27,656 [INFO] 🔍 beIN Sports 2 → https://atomsportv510.top/matches?id=bein-sports-2
2026-07-15 19:13:27,770 [INFO] Capturing request: https://atomsportv510.top/matches?id=bein-sports-2
2026-07-15 19:13:27,811 [INFO] Capturing response: https://atomsportv510.top/matches?id=bein-sports-2 200 
2026-07-15 19:13:27,862 [INFO] Capturing request: https://streamsport365.com/cinema
2026-07-15 19:13:27,964 [INFO] Capturing request: https://teletv5.top/load/yayinlink.php?id=bein-sports-2
2026-07-15 19:13:27,965 [INFO] Capturing request: https://atomsportv510.top/favicon.ico
2026-07-15 19:13:28,004 [INFO] Capturing response: https://atomsportv510.top/favicon.ico 200 
2026-07-15 19:13:28,096 [INFO] Capturing response: https://streamsport365.com/cinema 200 
2026-07-15 19:13:28,300 [INFO] Capturing response: https://teletv5.top/load/yayinlink.php?id=bein-sports-2 200 
2026-07-15 19:13:28,422 [INFO] Capturing request: https://hlsssssssssssss.edaesra.workers.dev/https://corestream.macsitesi.help//bein2/tracks-v1a1/mono.m3u8
2026-07-15 19:13:28,564 [INFO] Capturing response: https://hlsssssssssssss.edaesra.workers.dev/https://corestream.macsitesi.help//bein2/tracks-v1a1/mono.m3u8 404 
2026-07-15 19:13:30,876 [INFO]   ✅ M3U8 bulundu: https://hlsssssssssssss.edaesra.workers.dev/https://corestream.macsitesi.help//bein2/tracks-v1a1/mono.m3u8
2026-07-15 19:13:31,876 [INFO] 
[3/14]
2026-07-15 19:13:31,876 [INFO] 🔍 beIN Sports 3 → https://atomsportv510.top/matches?id=bein-sports-3
2026-07-15 19:13:31,988 [INFO] Capturing request: https://atomsportv510.top/matches?id=bein-sports-3
2026-07-15 19:13:31,988 [INFO] Capturing request: https://atomsportv510.top/assets/js/clappr.js
2026-07-15 19:13:32,028 [INFO] Capturing response: https://atomsportv510.top/matches?id=bein-sports-3 200 
2026-07-15 19:13:32,049 [INFO] Capturing response: https://atomsportv510.top/assets/js/clappr.js 200 
2026-07-15 19:13:32,186 [INFO] Capturing request: https://atomsportv510.top/favicon.ico
2026-07-15 19:13:32,187 [INFO] Capturing request: https://teletv5.top/load/yayinlink.php?id=bein-sports-3
2026-07-15 19:13:32,227 [INFO] Capturing response: https://atomsportv510.top/favicon.ico 200 
2026-07-15 19:13:32,281 [INFO] Capturing request: https://streamsport365.com/cinema
2026-07-15 19:13:32,364 [INFO] Capturing response: https://teletv5.top/load/yayinlink.php?id=bein-sports-3 200 
2026-07-15 19:13:32,527 [INFO] Capturing response: https://streamsport365.com/cinema 200 
2026-07-15 19:13:32,647 [INFO] Capturing request: https://hlsssssssssssss.edaesra.workers.dev/https://corestream.macsitesi.help//trtspor/tracks-v1a1/mono.m3u8
2026-07-15 19:13:32,793 [INFO] Capturing response: https://hlsssssssssssss.edaesra.workers.dev/https://corestream.macsitesi.help//trtspor/tracks-v1a1/mono.m3u8 200 
2026-07-15 19:13:32,904 [INFO] Capturing request: https://securmar.edaesra.workers.dev/trtspor/tracks-v1a1/2026/07/15/19/13/15-06000.avif
2026-07-15 19:13:33,230 [INFO] Capturing response: https://securmar.edaesra.workers.dev/trtspor/tracks-v1a1/2026/07/15/19/13/15-06000.avif 200 
2026-07-15 19:13:33,450 [INFO] Capturing request: https://securmar.edaesra.workers.dev/trtspor/tracks-v1a1/2026/07/15/19/13/21-06000.avif
2026-07-15 19:13:33,782 [INFO] Capturing response: https://securmar.edaesra.workers.dev/trtspor/tracks-v1a1/2026/07/15/19/13/21-06000.avif 200 
2026-07-15 19:13:33,993 [INFO] Capturing request: https://securmar.edaesra.workers.dev/trtspor/tracks-v1a1/2026/07/15/19/13/27-06000.avif
2026-07-15 19:13:34,328 [INFO] Capturing response: https://securmar.edaesra.workers.dev/trtspor/tracks-v1a1/2026/07/15/19/13/27-06000.avif 200 
2026-07-15 19:13:35,109 [INFO]   ✅ M3U8 bulundu: https://hlsssssssssssss.edaesra.workers.dev/https://corestream.macsitesi.help//trtspor/tracks-v1a1/mono.m3u8
2026-07-15 19:13:36,110 [INFO] 
[4/14]
2026-07-15 19:13:36,110 [INFO] 🔍 beIN Sports 4 → https://atomsportv510.top/matches?id=bein-sports-4
2026-07-15 19:13:36,223 [INFO] Capturing request: https://atomsportv510.top/assets/js/clappr.js
2026-07-15 19:13:36,224 [INFO] Capturing request: https://atomsportv510.top/matches?id=bein-sports-4
2026-07-15 19:13:36,250 [INFO] Capturing response: https://atomsportv510.top/assets/js/clappr.js 200 
2026-07-15 19:13:36,286 [INFO] Capturing response: https://atomsportv510.top/matches?id=bein-sports-4 200 
2026-07-15 19:13:36,347 [INFO] Capturing request: https://streamsport365.com/cinema
2026-07-15 19:13:36,447 [INFO] Capturing request: https://atomsportv510.top/favicon.ico
2026-07-15 19:13:36,448 [INFO] Capturing request: https://teletv5.top/load/yayinlink.php?id=bein-sports-4
2026-07-15 19:13:36,487 [INFO] Capturing response: https://atomsportv510.top/favicon.ico 200 
2026-07-15 19:13:36,586 [INFO] Capturing response: https://streamsport365.com/cinema 200 
2026-07-15 19:13:36,631 [INFO] Capturing response: https://teletv5.top/load/yayinlink.php?id=bein-sports-4 200 
2026-07-15 19:13:36,792 [INFO] Capturing request: https://hlsssssssssssss.edaesra.workers.dev/https://corestream.macsitesi.help//bein2/tracks-v1a1/mono.m3u8
2026-07-15 19:13:36,928 [INFO] Capturing response: https://hlsssssssssssss.edaesra.workers.dev/https://corestream.macsitesi.help//bein2/tracks-v1a1/mono.m3u8 404 
2026-07-15 19:13:39,360 [INFO]   ✅ M3U8 bulundu: https://hlsssssssssssss.edaesra.workers.dev/https://corestream.macsitesi.help//bein2/tracks-v1a1/mono.m3u8
2026-07-15 19:13:40,361 [INFO] 
[5/14]
2026-07-15 19:13:40,361 [INFO] 🔍 beIN Sports 5 → https://atomsportv510.top/matches?id=bein-sports-5
2026-07-15 19:13:40,469 [INFO] Capturing request: https://atomsportv510.top/assets/js/clappr.js
2026-07-15 19:13:40,471 [INFO] Capturing request: https://atomsportv510.top/matches?id=bein-sports-5
2026-07-15 19:13:40,493 [INFO] Capturing response: https://atomsportv510.top/assets/js/clappr.js 200 
2026-07-15 19:13:40,529 [INFO] Capturing response: https://atomsportv510.top/matches?id=bein-sports-5 200 
2026-07-15 19:13:40,664 [INFO] Capturing request: https://teletv5.top/load/yayinlink.php?id=bein-sports-5
2026-07-15 19:13:40,665 [INFO] Capturing request: https://atomsportv510.top/favicon.ico
2026-07-15 19:13:40,711 [INFO] Capturing response: https://atomsportv510.top/favicon.ico 200 
2026-07-15 19:13:40,758 [INFO] Capturing request: https://streamsport365.com/cinema
2026-07-15 19:13:40,841 [INFO] Capturing response: https://teletv5.top/load/yayinlink.php?id=bein-sports-5 200 
2026-07-15 19:13:41,006 [INFO] Capturing response: https://streamsport365.com/cinema 200 
2026-07-15 19:13:41,127 [INFO] Capturing request: https://hlsssssssssssss.edaesra.workers.dev/https://corestream.macsitesi.help//bein2/tracks-v1a1/mono.m3u8
2026-07-15 19:13:41,276 [INFO] Capturing response: https://hlsssssssssssss.edaesra.workers.dev/https://corestream.macsitesi.help//bein2/tracks-v1a1/mono.m3u8 404 
2026-07-15 19:13:43,576 [INFO]   ✅ M3U8 bulundu: https://hlsssssssssssss.edaesra.workers.dev/https://corestream.macsitesi.help//bein2/tracks-v1a1/mono.m3u8
2026-07-15 19:13:44,576 [INFO] 
[6/14]
2026-07-15 19:13:44,576 [INFO] 🔍 beIN Sports Max 1 → https://atomsportv510.top/matches?id=bein-sports-max-1
2026-07-15 19:13:44,685 [INFO] Capturing request: https://atomsportv510.top/assets/js/clappr.js
2026-07-15 19:13:44,687 [INFO] Capturing request: https://atomsportv510.top/matches?id=bein-sports-max-1
2026-07-15 19:13:44,706 [INFO] Capturing response: https://atomsportv510.top/assets/js/clappr.js 200 
2026-07-15 19:13:45,282 [INFO] Capturing response: https://atomsportv510.top/matches?id=bein-sports-max-1 200 
2026-07-15 19:13:45,344 [INFO] Capturing request: https://streamsport365.com/cinema
2026-07-15 19:13:45,445 [INFO] Capturing request: https://teletv5.top/load/yayinlink.php?id=bein-sports-max-1
2026-07-15 19:13:45,446 [INFO] Capturing request: https://atomsportv510.top/favicon.ico
2026-07-15 19:13:45,485 [INFO] Capturing response: https://atomsportv510.top/favicon.ico 200 
2026-07-15 19:13:45,606 [INFO] Capturing response: https://streamsport365.com/cinema 200 
2026-07-15 19:13:45,623 [INFO] Capturing response: https://teletv5.top/load/yayinlink.php?id=bein-sports-max-1 200 
2026-07-15 19:13:45,783 [INFO] Capturing request: https://hlsssssssssssss.edaesra.workers.dev/https://corestream.macsitesi.help//trtspor/tracks-v1a1/mono.m3u8
2026-07-15 19:13:45,934 [INFO] Capturing response: https://hlsssssssssssss.edaesra.workers.dev/https://corestream.macsitesi.help//trtspor/tracks-v1a1/mono.m3u8 200 
2026-07-15 19:13:46,085 [INFO] Capturing request: https://securmar.edaesra.workers.dev/trtspor/tracks-v1a1/2026/07/15/19/13/27-06000.avif
2026-07-15 19:13:46,424 [INFO] Capturing response: https://securmar.edaesra.workers.dev/trtspor/tracks-v1a1/2026/07/15/19/13/27-06000.avif 200 
2026-07-15 19:13:46,639 [INFO] Capturing request: https://securmar.edaesra.workers.dev/trtspor/tracks-v1a1/2026/07/15/19/13/33-06000.avif
2026-07-15 19:13:47,022 [INFO] Capturing response: https://securmar.edaesra.workers.dev/trtspor/tracks-v1a1/2026/07/15/19/13/33-06000.avif 200 
2026-07-15 19:13:47,242 [INFO] Capturing request: https://securmar.edaesra.workers.dev/trtspor/tracks-v1a1/2026/07/15/19/13/39-06000.avif
2026-07-15 19:13:47,785 [INFO] Capturing response: https://securmar.edaesra.workers.dev/trtspor/tracks-v1a1/2026/07/15/19/13/39-06000.avif 200 
2026-07-15 19:13:48,368 [INFO]   ✅ M3U8 bulundu: https://hlsssssssssssss.edaesra.workers.dev/https://corestream.macsitesi.help//trtspor/tracks-v1a1/mono.m3u8
2026-07-15 19:13:49,368 [INFO] 
[7/14]
2026-07-15 19:13:49,368 [INFO] 🔍 beIN Sports Max 2 → https://atomsportv510.top/matches?id=bein-sports-max-2
2026-07-15 19:13:49,486 [INFO] Capturing request: https://atomsportv510.top/assets/js/clappr.js
2026-07-15 19:13:49,488 [INFO] Capturing request: https://atomsportv510.top/matches?id=bein-sports-max-2
2026-07-15 19:13:49,523 [INFO] Capturing response: https://atomsportv510.top/assets/js/clappr.js 200 
2026-07-15 19:13:49,558 [INFO] Capturing response: https://atomsportv510.top/matches?id=bein-sports-max-2 200 
2026-07-15 19:13:49,690 [INFO] Capturing request: https://teletv5.top/load/yayinlink.php?id=bein-sports-max-2
2026-07-15 19:13:49,693 [INFO] Capturing request: https://atomsportv510.top/favicon.ico
2026-07-15 19:13:49,730 [INFO] Capturing response: https://atomsportv510.top/favicon.ico 200 
2026-07-15 19:13:49,785 [INFO] Capturing request: https://streamsport365.com/cinema
2026-07-15 19:13:49,866 [INFO] Capturing response: https://teletv5.top/load/yayinlink.php?id=bein-sports-max-2 200 
2026-07-15 19:13:50,040 [INFO] Capturing response: https://streamsport365.com/cinema 200 
2026-07-15 19:13:50,164 [INFO] Capturing request: https://hlsssssssssssss.edaesra.workers.dev/https://corestream.macsitesi.help//trtspor/tracks-v1a1/mono.m3u8
2026-07-15 19:13:50,301 [INFO] Capturing response: https://hlsssssssssssss.edaesra.workers.dev/https://corestream.macsitesi.help//trtspor/tracks-v1a1/mono.m3u8 200 
2026-07-15 19:13:50,411 [INFO] Capturing request: https://securmar.edaesra.workers.dev/trtspor/tracks-v1a1/2026/07/15/19/13/33-06000.avif
2026-07-15 19:13:50,652 [INFO] Capturing request: https://android.clients.google.com/c2dm/register3
2026-07-15 19:13:50,786 [INFO] Capturing response: https://securmar.edaesra.workers.dev/trtspor/tracks-v1a1/2026/07/15/19/13/33-06000.avif 200 
2026-07-15 19:13:51,008 [INFO] Capturing request: https://securmar.edaesra.workers.dev/trtspor/tracks-v1a1/2026/07/15/19/13/39-06000.avif
2026-07-15 19:13:51,034 [INFO] Capturing response: https://android.clients.google.com/c2dm/register3 200 
2026-07-15 19:13:51,068 [INFO] Capturing request: https://android.clients.google.com/c2dm/register3
2026-07-15 19:13:51,152 [INFO] Capturing response: https://android.clients.google.com/c2dm/register3 301 
2026-07-15 19:13:51,375 [INFO] Capturing response: https://securmar.edaesra.workers.dev/trtspor/tracks-v1a1/2026/07/15/19/13/39-06000.avif 200 
2026-07-15 19:13:51,591 [INFO] Capturing request: https://securmar.edaesra.workers.dev/trtspor/tracks-v1a1/2026/07/15/19/13/45-06000.avif
2026-07-15 19:13:51,931 [INFO] Capturing response: https://securmar.edaesra.workers.dev/trtspor/tracks-v1a1/2026/07/15/19/13/45-06000.avif 200 
2026-07-15 19:13:52,612 [INFO]   ✅ M3U8 bulundu: https://hlsssssssssssss.edaesra.workers.dev/https://corestream.macsitesi.help//trtspor/tracks-v1a1/mono.m3u8
2026-07-15 19:13:52,638 [INFO] Capturing request: https://android.clients.google.com/c2dm/register3
2026-07-15 19:13:52,965 [INFO] Capturing response: https://android.clients.google.com/c2dm/register3 200 
2026-07-15 19:13:53,612 [INFO] 
[8/14]
2026-07-15 19:13:53,613 [INFO] 🔍 S Sport → https://atomsportv510.top/matches?id=s-sport
2026-07-15 19:13:53,723 [INFO] Capturing request: https://atomsportv510.top/matches?id=s-sport
2026-07-15 19:13:53,760 [INFO] Capturing response: https://atomsportv510.top/matches?id=s-sport 200 
2026-07-15 19:13:53,819 [INFO] Capturing request: https://streamsport365.com/cinema
2026-07-15 19:13:53,920 [INFO] Capturing request: https://teletv5.top/load/yayinlink.php?id=s-sport
2026-07-15 19:13:53,923 [INFO] Capturing request: https://atomsportv510.top/favicon.ico
2026-07-15 19:13:53,962 [INFO] Capturing response: https://atomsportv510.top/favicon.ico 200 
2026-07-15 19:13:54,057 [INFO] Capturing response: https://streamsport365.com/cinema 200 
2026-07-15 19:13:54,101 [INFO] Capturing response: https://teletv5.top/load/yayinlink.php?id=s-sport 200 
2026-07-15 19:13:54,261 [INFO] Capturing request: https://hlsssssssssssss.edaesra.workers.dev/https://corestream.macsitesi.help//s-sportt/tracks-v1a1/mono.m3u8
2026-07-15 19:13:54,407 [INFO] Capturing response: https://hlsssssssssssss.edaesra.workers.dev/https://corestream.macsitesi.help//s-sportt/tracks-v1a1/mono.m3u8 404 
2026-07-15 19:13:56,834 [INFO]   ✅ M3U8 bulundu: https://hlsssssssssssss.edaesra.workers.dev/https://corestream.macsitesi.help//s-sportt/tracks-v1a1/mono.m3u8
2026-07-15 19:13:57,834 [INFO] 
[9/14]
2026-07-15 19:13:57,834 [INFO] 🔍 S Sport 2 → https://atomsportv510.top/matches?id=s-sport-2
2026-07-15 19:13:57,942 [INFO] Capturing request: https://atomsportv510.top/matches?id=s-sport-2
2026-07-15 19:13:57,985 [INFO] Capturing response: https://atomsportv510.top/matches?id=s-sport-2 200 
2026-07-15 19:13:58,116 [INFO] Capturing request: https://teletv5.top/load/yayinlink.php?id=s-sport-2
2026-07-15 19:13:58,119 [INFO] Capturing request: https://atomsportv510.top/favicon.ico
2026-07-15 19:13:58,160 [INFO] Capturing response: https://atomsportv510.top/favicon.ico 200 
2026-07-15 19:13:58,208 [INFO] Capturing request: https://streamsport365.com/cinema
2026-07-15 19:13:58,291 [INFO] Capturing response: https://teletv5.top/load/yayinlink.php?id=s-sport-2 200 
2026-07-15 19:13:58,443 [INFO] Capturing response: https://streamsport365.com/cinema 200 
2026-07-15 19:13:58,563 [INFO] Capturing request: https://hlsssssssssssss.edaesra.workers.dev/https://corestream.macsitesi.help//s-sport2/tracks-v1a1/mono.m3u8
2026-07-15 19:13:58,715 [INFO] Capturing response: https://hlsssssssssssss.edaesra.workers.dev/https://corestream.macsitesi.help//s-sport2/tracks-v1a1/mono.m3u8 404 
2026-07-15 19:14:01,032 [INFO]   ✅ M3U8 bulundu: https://hlsssssssssssss.edaesra.workers.dev/https://corestream.macsitesi.help//s-sport2/tracks-v1a1/mono.m3u8
2026-07-15 19:14:02,033 [INFO] 
[10/14]
2026-07-15 19:14:02,033 [INFO] 🔍 A Spor → https://atomsportv510.top/matches?id=a-spor
2026-07-15 19:14:02,141 [INFO] Capturing request: https://atomsportv510.top/matches?id=a-spor
2026-07-15 19:14:02,180 [INFO] Capturing response: https://atomsportv510.top/matches?id=a-spor 200 
2026-07-15 19:14:02,216 [INFO] Capturing request: https://streamsport365.com/cinema
2026-07-15 19:14:02,315 [INFO] Capturing request: https://teletv5.top/load/yayinlink.php?id=a-spor
2026-07-15 19:14:02,318 [INFO] Capturing request: https://atomsportv510.top/favicon.ico
2026-07-15 19:14:02,356 [INFO] Capturing response: https://atomsportv510.top/favicon.ico 200 
2026-07-15 19:14:02,460 [INFO] Capturing response: https://streamsport365.com/cinema 200 
2026-07-15 19:14:02,489 [INFO] Capturing response: https://teletv5.top/load/yayinlink.php?id=a-spor 200 
2026-07-15 19:14:02,649 [INFO] Capturing request: https://hlsssssssssssss.edaesra.workers.dev/https://corestream.macsitesi.help//aspor/tracks-v1a1/mono.m3u8
2026-07-15 19:14:02,787 [INFO] Capturing response: https://hlsssssssssssss.edaesra.workers.dev/https://corestream.macsitesi.help//aspor/tracks-v1a1/mono.m3u8 404 
2026-07-15 19:14:05,231 [INFO]   ✅ M3U8 bulundu: https://hlsssssssssssss.edaesra.workers.dev/https://corestream.macsitesi.help//aspor/tracks-v1a1/mono.m3u8
2026-07-15 19:14:06,232 [INFO] 
[11/14]
2026-07-15 19:14:06,232 [INFO] 🔍 Tivibu Spor 1 → https://atomsportv510.top/matches?id=tivibu-spor-1
2026-07-15 19:14:06,341 [INFO] Capturing request: https://atomsportv510.top/matches?id=tivibu-spor-1
2026-07-15 19:14:06,384 [INFO] Capturing response: https://atomsportv510.top/matches?id=tivibu-spor-1 200 
2026-07-15 19:14:06,518 [INFO] Capturing request: https://teletv5.top/load/yayinlink.php?id=tivibu-spor-1
2026-07-15 19:14:06,521 [INFO] Capturing request: https://atomsportv510.top/favicon.ico
2026-07-15 19:14:06,557 [INFO] Capturing response: https://atomsportv510.top/favicon.ico 200 
2026-07-15 19:14:06,612 [INFO] Capturing request: https://streamsport365.com/cinema
2026-07-15 19:14:06,694 [INFO] Capturing response: https://teletv5.top/load/yayinlink.php?id=tivibu-spor-1 200 
2026-07-15 19:14:06,858 [INFO] Capturing response: https://streamsport365.com/cinema 200 
2026-07-15 19:14:06,978 [INFO] Capturing request: https://hlsssssssssssss.edaesra.workers.dev/https://corestream.macsitesi.help//trtspor/tracks-v1a1/mono.m3u8
2026-07-15 19:14:07,146 [INFO] Capturing response: https://hlsssssssssssss.edaesra.workers.dev/https://corestream.macsitesi.help//trtspor/tracks-v1a1/mono.m3u8 200 
2026-07-15 19:14:07,256 [INFO] Capturing request: https://securmar.edaesra.workers.dev/trtspor/tracks-v1a1/2026/07/15/19/13/45-06000.avif
2026-07-15 19:14:07,609 [INFO] Capturing response: https://securmar.edaesra.workers.dev/trtspor/tracks-v1a1/2026/07/15/19/13/45-06000.avif 200 
2026-07-15 19:14:07,836 [INFO] Capturing request: https://securmar.edaesra.workers.dev/trtspor/tracks-v1a1/2026/07/15/19/13/51-06000.avif
2026-07-15 19:14:08,179 [INFO] Capturing response: https://securmar.edaesra.workers.dev/trtspor/tracks-v1a1/2026/07/15/19/13/51-06000.avif 200 
2026-07-15 19:14:08,392 [INFO] Capturing request: https://securmar.edaesra.workers.dev/trtspor/tracks-v1a1/2026/07/15/19/13/57-06000.avif
2026-07-15 19:14:08,685 [INFO] Capturing response: https://securmar.edaesra.workers.dev/trtspor/tracks-v1a1/2026/07/15/19/13/57-06000.avif 200 
2026-07-15 19:14:09,442 [INFO]   ✅ M3U8 bulundu: https://hlsssssssssssss.edaesra.workers.dev/https://corestream.macsitesi.help//trtspor/tracks-v1a1/mono.m3u8
2026-07-15 19:14:10,443 [INFO] 
[12/14]
2026-07-15 19:14:10,443 [INFO] 🔍 Tivibu Spor 2 → https://atomsportv510.top/matches?id=tivibu-spor-2
2026-07-15 19:14:10,554 [INFO] Capturing request: https://atomsportv510.top/matches?id=tivibu-spor-2
2026-07-15 19:14:10,590 [INFO] Capturing response: https://atomsportv510.top/matches?id=tivibu-spor-2 200 
2026-07-15 19:14:10,622 [INFO] Capturing request: https://streamsport365.com/cinema
2026-07-15 19:14:10,722 [INFO] Capturing request: https://teletv5.top/load/yayinlink.php?id=tivibu-spor-2
2026-07-15 19:14:10,724 [INFO] Capturing request: https://atomsportv510.top/favicon.ico
2026-07-15 19:14:10,759 [INFO] Capturing response: https://atomsportv510.top/favicon.ico 200 
2026-07-15 19:14:10,881 [INFO] Capturing response: https://streamsport365.com/cinema 200 
2026-07-15 19:14:10,967 [INFO] Capturing response: https://teletv5.top/load/yayinlink.php?id=tivibu-spor-2 200 
2026-07-15 19:14:11,130 [INFO] Capturing request: https://hlsssssssssssss.edaesra.workers.dev/https://corestream.macsitesi.help//trtspor/tracks-v1a1/mono.m3u8
2026-07-15 19:14:11,279 [INFO] Capturing response: https://hlsssssssssssss.edaesra.workers.dev/https://corestream.macsitesi.help//trtspor/tracks-v1a1/mono.m3u8 200 
2026-07-15 19:14:11,430 [INFO] Capturing request: https://securmar.edaesra.workers.dev/trtspor/tracks-v1a1/2026/07/15/19/13/51-06000.avif
2026-07-15 19:14:11,758 [INFO] Capturing response: https://securmar.edaesra.workers.dev/trtspor/tracks-v1a1/2026/07/15/19/13/51-06000.avif 200 
2026-07-15 19:14:11,939 [INFO] Capturing request: https://securmar.edaesra.workers.dev/trtspor/tracks-v1a1/2026/07/15/19/13/57-06000.avif
2026-07-15 19:14:12,238 [INFO] Capturing response: https://securmar.edaesra.workers.dev/trtspor/tracks-v1a1/2026/07/15/19/13/57-06000.avif 200 
2026-07-15 19:14:12,438 [INFO] Capturing request: https://securmar.edaesra.workers.dev/trtspor/tracks-v1a1/2026/07/15/19/14/03-06000.avif
2026-07-15 19:14:12,805 [INFO] Capturing response: https://securmar.edaesra.workers.dev/trtspor/tracks-v1a1/2026/07/15/19/14/03-06000.avif 200 
2026-07-15 19:14:13,647 [INFO]   ✅ M3U8 bulundu: https://hlsssssssssssss.edaesra.workers.dev/https://corestream.macsitesi.help//trtspor/tracks-v1a1/mono.m3u8
2026-07-15 19:14:14,648 [INFO] 
[13/14]
2026-07-15 19:14:14,648 [INFO] 🔍 Tivibu Spor 3 → https://atomsportv510.top/matches?id=tivibu-spor-3
2026-07-15 19:14:14,760 [INFO] Capturing request: https://atomsportv510.top/matches?id=tivibu-spor-3
2026-07-15 19:14:14,795 [INFO] Capturing response: https://atomsportv510.top/matches?id=tivibu-spor-3 200 
2026-07-15 19:14:14,934 [INFO] Capturing request: https://teletv5.top/load/yayinlink.php?id=tivibu-spor-3
2026-07-15 19:14:14,936 [INFO] Capturing request: https://atomsportv510.top/favicon.ico
2026-07-15 19:14:14,975 [INFO] Capturing response: https://atomsportv510.top/favicon.ico 200 
2026-07-15 19:14:15,030 [INFO] Capturing request: https://streamsport365.com/cinema
2026-07-15 19:14:15,108 [INFO] Capturing response: https://teletv5.top/load/yayinlink.php?id=tivibu-spor-3 200 
2026-07-15 19:14:15,280 [INFO] Capturing response: https://streamsport365.com/cinema 200 
2026-07-15 19:14:15,400 [INFO] Capturing request: https://hlsssssssssssss.edaesra.workers.dev/https://corestream.macsitesi.help//trtspor/tracks-v1a1/mono.m3u8
2026-07-15 19:14:15,532 [INFO] Capturing response: https://hlsssssssssssss.edaesra.workers.dev/https://corestream.macsitesi.help//trtspor/tracks-v1a1/mono.m3u8 200 
2026-07-15 19:14:15,642 [INFO] Capturing request: https://securmar.edaesra.workers.dev/trtspor/tracks-v1a1/2026/07/15/19/13/57-06000.avif
2026-07-15 19:14:15,942 [INFO] Capturing response: https://securmar.edaesra.workers.dev/trtspor/tracks-v1a1/2026/07/15/19/13/57-06000.avif 200 
2026-07-15 19:14:16,114 [INFO] Capturing request: https://securmar.edaesra.workers.dev/trtspor/tracks-v1a1/2026/07/15/19/14/03-06000.avif
2026-07-15 19:14:16,458 [INFO] Capturing response: https://securmar.edaesra.workers.dev/trtspor/tracks-v1a1/2026/07/15/19/14/03-06000.avif 200 
2026-07-15 19:14:16,677 [INFO] Capturing request: https://securmar.edaesra.workers.dev/trtspor/tracks-v1a1/2026/07/15/19/14/09-06000.avif
2026-07-15 19:14:17,016 [INFO] Capturing response: https://securmar.edaesra.workers.dev/trtspor/tracks-v1a1/2026/07/15/19/14/09-06000.avif 200 
2026-07-15 19:14:17,858 [INFO]   ✅ M3U8 bulundu: https://hlsssssssssssss.edaesra.workers.dev/https://corestream.macsitesi.help//trtspor/tracks-v1a1/mono.m3u8
2026-07-15 19:14:18,859 [INFO] 
[14/14]
2026-07-15 19:14:18,859 [INFO] 🔍 Tivibu Spor 4 → https://atomsportv510.top/matches?id=tivibu-spor-4
2026-07-15 19:14:18,970 [INFO] Capturing request: https://atomsportv510.top/matches?id=tivibu-spor-4
2026-07-15 19:14:19,244 [INFO] Capturing response: https://atomsportv510.top/matches?id=tivibu-spor-4 200 
2026-07-15 19:14:19,276 [INFO] Capturing request: https://streamsport365.com/cinema
2026-07-15 19:14:19,380 [INFO] Capturing request: https://teletv5.top/load/yayinlink.php?id=tivibu-spor-4
2026-07-15 19:14:19,382 [INFO] Capturing request: https://atomsportv510.top/favicon.ico
2026-07-15 19:14:19,430 [INFO] Capturing response: https://atomsportv510.top/favicon.ico 200 
2026-07-15 19:14:19,524 [INFO] Capturing response: https://streamsport365.com/cinema 200 
2026-07-15 19:14:19,552 [INFO] Capturing response: https://teletv5.top/load/yayinlink.php?id=tivibu-spor-4 200 
2026-07-15 19:14:22,716 [INFO] Capturing request: https://update.googleapis.com/service/update2/json?cup2key=16:CANTrwcrmbfSQfzL3zhRiFz5tebR-unJe2xa5qHLAa0&cup2hreq=4422c210d8498ae5c7e5b02fccd1cec3884bb1e3e67ec93d6be30aac6af8b36d
2026-07-15 19:14:22,749 [INFO] Capturing response: https://update.googleapis.com/service/update2/json?cup2key=16:CANTrwcrmbfSQfzL3zhRiFz5tebR-unJe2xa5qHLAa0&cup2hreq=4422c210d8498ae5c7e5b02fccd1cec3884bb1e3e67ec93d6be30aac6af8b36d 200 
2026-07-15 19:14:22,755 [INFO] Capturing request: http://edgedl.me.gvt1.com/edgedl/diffgen-puffin/gcmjkmgdlgnkkcocmoeiminaijmmjnii/df2a22d5ecc7788c3330ebd5f856b41531c74f412a01ed7453d11284708009fe
2026-07-15 19:14:22,785 [INFO] Capturing response: http://edgedl.me.gvt1.com/edgedl/diffgen-puffin/gcmjkmgdlgnkkcocmoeiminaijmmjnii/df2a22d5ecc7788c3330ebd5f856b41531c74f412a01ed7453d11284708009fe 200 OK
2026-07-15 19:14:22,813 [INFO] Capturing request: https://update.googleapis.com/service/update2/json
2026-07-15 19:14:22,844 [INFO] Capturing response: https://update.googleapis.com/service/update2/json 200 
2026-07-15 19:14:22,888 [INFO] Capturing request: http://edgedl.me.gvt1.com/edgedl/release2/chrome_component/cuper2xrs3zfqpcv25kivmhf5a_10650/hfnkpimlhhgieaddgfemjhofmfblmnib_10650_all_chtpo3hlat7tgputks4ws7xxcy.crx3
2026-07-15 19:14:22,931 [INFO] Capturing response: http://edgedl.me.gvt1.com/edgedl/release2/chrome_component/cuper2xrs3zfqpcv25kivmhf5a_10650/hfnkpimlhhgieaddgfemjhofmfblmnib_10650_all_chtpo3hlat7tgputks4ws7xxcy.crx3 200 OK
2026-07-15 19:14:22,963 [INFO] Capturing request: https://update.googleapis.com/service/update2/json
2026-07-15 19:14:22,990 [INFO] Capturing response: https://update.googleapis.com/service/update2/json 200 
2026-07-15 19:14:50,207 [INFO] Capturing request: https://android.clients.google.com/c2dm/register3
2026-07-15 19:14:50,286 [INFO] Capturing response: https://android.clients.google.com/c2dm/register3 301 
2026-07-15 19:14:52,615 [WARNING]   ❌ Tivibu Spor 4 için M3U8 bulunamadı
2026-07-15 19:14:53,684 [INFO] ✅ 13 kanal bulundu, playlist.m3u kaydedildi
