2026-07-16 20:03:25,277 [INFO] 🌐 BASE_URL: https://atomsportv510.top
2026-07-16 20:03:25,927 [INFO] Başlanıyor... 14 kanal taranacak
2026-07-16 20:03:25,927 [INFO] Using default request storage
2026-07-16 20:03:25,932 [INFO] Created proxy listening on 127.0.0.1:44193
2026-07-16 20:03:26,630 [INFO] Capturing request: http://clients2.google.com/time/1/current?cup2key=10:XVNk2MCeV7EzL2CDhhzy6TQvQIDfbp0ULhCRi8AjlkQ&cup2hreq=e3b0c44298fc1c149afbf4c8996fb92427ae41e4649b934ca495991b7852b855
2026-07-16 20:03:26,669 [INFO] Capturing response: http://clients2.google.com/time/1/current?cup2key=10:XVNk2MCeV7EzL2CDhhzy6TQvQIDfbp0ULhCRi8AjlkQ&cup2hreq=e3b0c44298fc1c149afbf4c8996fb92427ae41e4649b934ca495991b7852b855 200 OK
2026-07-16 20:03:26,845 [INFO] 
[1/14]
2026-07-16 20:03:26,846 [INFO] 🔍 beIN Sports 1 → https://atomsportv510.top/matches?id=bein-sports-1
2026-07-16 20:03:26,929 [INFO] Capturing request: https://accounts.google.com/ListAccounts?gpsia=1&source=ChromiumBrowser&json=standard&laf=b64bin
2026-07-16 20:03:26,939 [INFO] Capturing request: https://update.googleapis.com/service/update2/json?cup2key=16:2jSee5e7pIjfyfBhFSjD7WPXwYBwQUzNipHHWXpWClk&cup2hreq=1e67091e8e520c938ffc87313bd9bd05be9b0aeab857e50fd9212f427f77c918
2026-07-16 20:03:26,970 [INFO] Capturing response: https://update.googleapis.com/service/update2/json?cup2key=16:2jSee5e7pIjfyfBhFSjD7WPXwYBwQUzNipHHWXpWClk&cup2hreq=1e67091e8e520c938ffc87313bd9bd05be9b0aeab857e50fd9212f427f77c918 200 
2026-07-16 20:03:26,978 [INFO] Capturing response: https://accounts.google.com/ListAccounts?gpsia=1&source=ChromiumBrowser&json=standard&laf=b64bin 200 
2026-07-16 20:03:27,017 [INFO] Capturing request: https://update.googleapis.com/service/update2/json?cup2key=16:WMMJCAQvAfhc0PRBiQL1WBqfVbadRAIpkCNyxGkZpDw&cup2hreq=9eb9f8e358d165191ee3d563bc44884a186cd811d0357fb9592259bab3e38867
2026-07-16 20:03:27,026 [INFO] Capturing request: https://www.google.com/async/folae?async=_fmt:pb&udm=50&client_locale=en-US&client_country=ZZ
2026-07-16 20:03:27,041 [INFO] Capturing response: https://update.googleapis.com/service/update2/json?cup2key=16:WMMJCAQvAfhc0PRBiQL1WBqfVbadRAIpkCNyxGkZpDw&cup2hreq=9eb9f8e358d165191ee3d563bc44884a186cd811d0357fb9592259bab3e38867 200 
2026-07-16 20:03:27,046 [INFO] Capturing response: https://www.google.com/async/folae?async=_fmt:pb&udm=50&client_locale=en-US&client_country=ZZ 200 
2026-07-16 20:03:27,049 [INFO] Capturing request: https://atomsportv510.top/matches?id=bein-sports-1
2026-07-16 20:03:27,091 [INFO] Capturing request: https://update.googleapis.com/service/update2/json?cup2key=16:6Fp44uezvVhhPUH8eQ5TBgESs5jbF54VCPYutI3E3Vo&cup2hreq=c2f79326cc0cd251736ecc725dabdeabcdd59e8b1cbca9b224f3a0d2d80eb42f
2026-07-16 20:03:27,098 [INFO] Capturing response: https://atomsportv510.top/matches?id=bein-sports-1 200 
2026-07-16 20:03:27,117 [INFO] Capturing response: https://update.googleapis.com/service/update2/json?cup2key=16:6Fp44uezvVhhPUH8eQ5TBgESs5jbF54VCPYutI3E3Vo&cup2hreq=c2f79326cc0cd251736ecc725dabdeabcdd59e8b1cbca9b224f3a0d2d80eb42f 200 
2026-07-16 20:03:27,232 [INFO] Capturing request: https://www.google.com/async/folae?async=_fmt:pb&udm=50&client_locale=en-US&client_country=ZZ
2026-07-16 20:03:27,255 [INFO] Capturing response: https://www.google.com/async/folae?async=_fmt:pb&udm=50&client_locale=en-US&client_country=ZZ 200 
2026-07-16 20:03:27,255 [INFO] Capturing request: https://atomsportv510.top/assets/js/clappr.js
2026-07-16 20:03:27,305 [INFO] Capturing request: https://cdnjs.cloudflare.com/ajax/libs/jquery/3.2.1/jquery.min.js
2026-07-16 20:03:27,324 [INFO] Capturing request: https://cdn.jsdelivr.net/npm/@clappr/player@latest/dist/clappr.min.js
2026-07-16 20:03:27,328 [INFO] Capturing response: https://atomsportv510.top/assets/js/clappr.js 200 
2026-07-16 20:03:27,356 [INFO] Capturing response: https://cdn.jsdelivr.net/npm/@clappr/player@latest/dist/clappr.min.js 200 
2026-07-16 20:03:27,361 [INFO] Capturing response: https://cdnjs.cloudflare.com/ajax/libs/jquery/3.2.1/jquery.min.js 200 
2026-07-16 20:03:27,570 [INFO] Capturing request: https://atomsportv510.top/favicon.ico
2026-07-16 20:03:27,652 [INFO] Capturing request: https://teletv5.top/load/yayinlink.php?id=bein-sports-1
2026-07-16 20:03:27,667 [INFO] Capturing response: https://atomsportv510.top/favicon.ico 200 
2026-07-16 20:03:27,953 [INFO] Capturing response: https://teletv5.top/load/yayinlink.php?id=bein-sports-1 200 
2026-07-16 20:03:28,038 [INFO] Capturing request: https://streamsport365.com/cinema
2026-07-16 20:03:28,285 [INFO] Capturing response: https://streamsport365.com/cinema 200 
2026-07-16 20:03:28,416 [INFO] Capturing request: https://atomsportv510.top/assets/img/player_logo_6880e4e4c52ee.png
2026-07-16 20:03:28,478 [INFO] Capturing request: https://hlsssssssssssss.edaesra.workers.dev/https://corestream.macsitesi.help//trtspor/tracks-v1a1/mono.m3u8
2026-07-16 20:03:28,483 [INFO] Capturing response: https://atomsportv510.top/assets/img/player_logo_6880e4e4c52ee.png 200 
2026-07-16 20:03:28,703 [INFO] Capturing response: https://hlsssssssssssss.edaesra.workers.dev/https://corestream.macsitesi.help//trtspor/tracks-v1a1/mono.m3u8 200 
2026-07-16 20:03:28,919 [INFO] Capturing request: https://securmar.edaesra.workers.dev/trtspor/tracks-v1a1/2026/07/16/20/03/55-06000.avif
2026-07-16 20:03:29,453 [INFO] Capturing request: https://android.clients.google.com/checkin
2026-07-16 20:03:29,561 [INFO] Capturing response: https://android.clients.google.com/checkin 200 
2026-07-16 20:03:29,612 [INFO] Capturing response: https://securmar.edaesra.workers.dev/trtspor/tracks-v1a1/2026/07/16/20/03/55-06000.avif 200 
2026-07-16 20:03:29,618 [INFO] Capturing request: https://android.clients.google.com/c2dm/register3
2026-07-16 20:03:29,620 [INFO] Capturing request: https://android.clients.google.com/c2dm/register3
2026-07-16 20:03:29,622 [INFO] Capturing request: https://android.clients.google.com/c2dm/register3
2026-07-16 20:03:29,659 [INFO] Capturing response: https://android.clients.google.com/c2dm/register3 200 
2026-07-16 20:03:29,670 [INFO] Capturing response: https://android.clients.google.com/c2dm/register3 200 
2026-07-16 20:03:29,675 [INFO] Capturing response: https://android.clients.google.com/c2dm/register3 200 
2026-07-16 20:03:29,886 [INFO] Capturing request: https://securmar.edaesra.workers.dev/trtspor/tracks-v1a1/2026/07/16/20/04/01-06000.avif
2026-07-16 20:03:30,418 [INFO] Capturing response: https://securmar.edaesra.workers.dev/trtspor/tracks-v1a1/2026/07/16/20/04/01-06000.avif 200 
2026-07-16 20:03:30,494 [INFO]   ✅ M3U8 bulundu: https://hlsssssssssssss.edaesra.workers.dev/https://corestream.macsitesi.help//trtspor/tracks-v1a1/mono.m3u8
2026-07-16 20:03:30,629 [INFO] Capturing request: https://securmar.edaesra.workers.dev/trtspor/tracks-v1a1/2026/07/16/20/04/07-06000.avif
2026-07-16 20:03:30,996 [INFO] Capturing response: https://securmar.edaesra.workers.dev/trtspor/tracks-v1a1/2026/07/16/20/04/07-06000.avif 200 
2026-07-16 20:03:31,495 [INFO] 
[2/14]
2026-07-16 20:03:31,495 [INFO] 🔍 beIN Sports 2 → https://atomsportv510.top/matches?id=bein-sports-2
2026-07-16 20:03:31,608 [INFO] Capturing request: https://atomsportv510.top/matches?id=bein-sports-2
2026-07-16 20:03:31,660 [INFO] Capturing response: https://atomsportv510.top/matches?id=bein-sports-2 200 
2026-07-16 20:03:31,710 [INFO] Capturing request: https://streamsport365.com/cinema
2026-07-16 20:03:31,811 [INFO] Capturing request: https://atomsportv510.top/favicon.ico
2026-07-16 20:03:31,812 [INFO] Capturing request: https://teletv5.top/load/yayinlink.php?id=bein-sports-2
2026-07-16 20:03:31,853 [INFO] Capturing response: https://atomsportv510.top/favicon.ico 200 
2026-07-16 20:03:31,964 [INFO] Capturing response: https://teletv5.top/load/yayinlink.php?id=bein-sports-2 200 
2026-07-16 20:03:31,968 [INFO] Capturing response: https://streamsport365.com/cinema 200 
2026-07-16 20:03:32,087 [INFO] Capturing request: https://hlsssssssssssss.edaesra.workers.dev/https://corestream.macsitesi.help//bein2/tracks-v1a1/mono.m3u8
2026-07-16 20:03:32,228 [INFO] Capturing response: https://hlsssssssssssss.edaesra.workers.dev/https://corestream.macsitesi.help//bein2/tracks-v1a1/mono.m3u8 404 
2026-07-16 20:03:34,731 [INFO]   ✅ M3U8 bulundu: https://hlsssssssssssss.edaesra.workers.dev/https://corestream.macsitesi.help//bein2/tracks-v1a1/mono.m3u8
2026-07-16 20:03:35,731 [INFO] 
[3/14]
2026-07-16 20:03:35,731 [INFO] 🔍 beIN Sports 3 → https://atomsportv510.top/matches?id=bein-sports-3
2026-07-16 20:03:35,841 [INFO] Capturing request: https://atomsportv510.top/assets/js/clappr.js
2026-07-16 20:03:35,843 [INFO] Capturing request: https://atomsportv510.top/matches?id=bein-sports-3
2026-07-16 20:03:35,859 [INFO] Capturing response: https://atomsportv510.top/assets/js/clappr.js 200 
2026-07-16 20:03:35,897 [INFO] Capturing response: https://atomsportv510.top/matches?id=bein-sports-3 200 
2026-07-16 20:03:36,056 [INFO] Capturing request: https://teletv5.top/load/yayinlink.php?id=bein-sports-3
2026-07-16 20:03:36,057 [INFO] Capturing request: https://atomsportv510.top/favicon.ico
2026-07-16 20:03:36,113 [INFO] Capturing response: https://atomsportv510.top/favicon.ico 200 
2026-07-16 20:03:36,155 [INFO] Capturing request: https://streamsport365.com/cinema
2026-07-16 20:03:36,209 [INFO] Capturing response: https://teletv5.top/load/yayinlink.php?id=bein-sports-3 200 
2026-07-16 20:03:36,406 [INFO] Capturing response: https://streamsport365.com/cinema 200 
2026-07-16 20:03:36,525 [INFO] Capturing request: https://hlsssssssssssss.edaesra.workers.dev/https://corestream.macsitesi.help//trtspor/tracks-v1a1/mono.m3u8
2026-07-16 20:03:36,650 [INFO] Capturing response: https://hlsssssssssssss.edaesra.workers.dev/https://corestream.macsitesi.help//trtspor/tracks-v1a1/mono.m3u8 200 
2026-07-16 20:03:36,759 [INFO] Capturing request: https://securmar.edaesra.workers.dev/trtspor/tracks-v1a1/2026/07/16/20/04/01-06000.avif
2026-07-16 20:03:36,953 [INFO] Capturing response: https://securmar.edaesra.workers.dev/trtspor/tracks-v1a1/2026/07/16/20/04/01-06000.avif 200 
2026-07-16 20:03:37,196 [INFO] Capturing request: https://securmar.edaesra.workers.dev/trtspor/tracks-v1a1/2026/07/16/20/04/07-06000.avif
2026-07-16 20:03:37,410 [INFO] Capturing response: https://securmar.edaesra.workers.dev/trtspor/tracks-v1a1/2026/07/16/20/04/07-06000.avif 200 
2026-07-16 20:03:37,643 [INFO] Capturing request: https://securmar.edaesra.workers.dev/trtspor/tracks-v1a1/2026/07/16/20/04/13-06000.avif
2026-07-16 20:03:38,031 [INFO] Capturing response: https://securmar.edaesra.workers.dev/trtspor/tracks-v1a1/2026/07/16/20/04/13-06000.avif 200 
2026-07-16 20:03:38,979 [INFO]   ✅ M3U8 bulundu: https://hlsssssssssssss.edaesra.workers.dev/https://corestream.macsitesi.help//trtspor/tracks-v1a1/mono.m3u8
2026-07-16 20:03:39,980 [INFO] 
[4/14]
2026-07-16 20:03:39,980 [INFO] 🔍 beIN Sports 4 → https://atomsportv510.top/matches?id=bein-sports-4
2026-07-16 20:03:40,091 [INFO] Capturing request: https://atomsportv510.top/assets/js/clappr.js
2026-07-16 20:03:40,093 [INFO] Capturing request: https://atomsportv510.top/matches?id=bein-sports-4
2026-07-16 20:03:40,116 [INFO] Capturing response: https://atomsportv510.top/assets/js/clappr.js 200 
2026-07-16 20:03:40,145 [INFO] Capturing response: https://atomsportv510.top/matches?id=bein-sports-4 200 
2026-07-16 20:03:40,177 [INFO] Capturing request: https://streamsport365.com/cinema
2026-07-16 20:03:40,277 [INFO] Capturing request: https://teletv5.top/load/yayinlink.php?id=bein-sports-4
2026-07-16 20:03:40,279 [INFO] Capturing request: https://atomsportv510.top/favicon.ico
2026-07-16 20:03:40,334 [INFO] Capturing response: https://atomsportv510.top/favicon.ico 200 
2026-07-16 20:03:40,423 [INFO] Capturing response: https://streamsport365.com/cinema 200 
2026-07-16 20:03:40,436 [INFO] Capturing response: https://teletv5.top/load/yayinlink.php?id=bein-sports-4 200 
2026-07-16 20:03:40,600 [INFO] Capturing request: https://hlsssssssssssss.edaesra.workers.dev/https://corestream.macsitesi.help//bein2/tracks-v1a1/mono.m3u8
2026-07-16 20:03:40,753 [INFO] Capturing response: https://hlsssssssssssss.edaesra.workers.dev/https://corestream.macsitesi.help//bein2/tracks-v1a1/mono.m3u8 404 
2026-07-16 20:03:43,190 [INFO]   ✅ M3U8 bulundu: https://hlsssssssssssss.edaesra.workers.dev/https://corestream.macsitesi.help//bein2/tracks-v1a1/mono.m3u8
2026-07-16 20:03:44,190 [INFO] 
[5/14]
2026-07-16 20:03:44,190 [INFO] 🔍 beIN Sports 5 → https://atomsportv510.top/matches?id=bein-sports-5
2026-07-16 20:03:44,301 [INFO] Capturing request: https://atomsportv510.top/assets/js/clappr.js
2026-07-16 20:03:44,301 [INFO] Capturing request: https://atomsportv510.top/matches?id=bein-sports-5
2026-07-16 20:03:44,324 [INFO] Capturing response: https://atomsportv510.top/assets/js/clappr.js 200 
2026-07-16 20:03:44,357 [INFO] Capturing response: https://atomsportv510.top/matches?id=bein-sports-5 200 
2026-07-16 20:03:44,518 [INFO] Capturing request: https://teletv5.top/load/yayinlink.php?id=bein-sports-5
2026-07-16 20:03:44,521 [INFO] Capturing request: https://atomsportv510.top/favicon.ico
2026-07-16 20:03:44,591 [INFO] Capturing response: https://atomsportv510.top/favicon.ico 200 
2026-07-16 20:03:44,621 [INFO] Capturing request: https://streamsport365.com/cinema
2026-07-16 20:03:44,670 [INFO] Capturing response: https://teletv5.top/load/yayinlink.php?id=bein-sports-5 200 
2026-07-16 20:03:44,879 [INFO] Capturing response: https://streamsport365.com/cinema 200 
2026-07-16 20:03:44,999 [INFO] Capturing request: https://hlsssssssssssss.edaesra.workers.dev/https://corestream.macsitesi.help//bein2/tracks-v1a1/mono.m3u8
2026-07-16 20:03:45,130 [INFO] Capturing response: https://hlsssssssssssss.edaesra.workers.dev/https://corestream.macsitesi.help//bein2/tracks-v1a1/mono.m3u8 404 
2026-07-16 20:03:47,436 [INFO]   ✅ M3U8 bulundu: https://hlsssssssssssss.edaesra.workers.dev/https://corestream.macsitesi.help//bein2/tracks-v1a1/mono.m3u8
2026-07-16 20:03:48,436 [INFO] 
[6/14]
2026-07-16 20:03:48,437 [INFO] 🔍 beIN Sports Max 1 → https://atomsportv510.top/matches?id=bein-sports-max-1
2026-07-16 20:03:48,545 [INFO] Capturing request: https://atomsportv510.top/assets/js/clappr.js
2026-07-16 20:03:48,547 [INFO] Capturing request: https://atomsportv510.top/matches?id=bein-sports-max-1
2026-07-16 20:03:48,567 [INFO] Capturing response: https://atomsportv510.top/assets/js/clappr.js 200 
2026-07-16 20:03:48,585 [INFO] Capturing response: https://atomsportv510.top/matches?id=bein-sports-max-1 200 
2026-07-16 20:03:48,611 [INFO] Capturing request: https://streamsport365.com/cinema
2026-07-16 20:03:48,712 [INFO] Capturing request: https://teletv5.top/load/yayinlink.php?id=bein-sports-max-1
2026-07-16 20:03:48,717 [INFO] Capturing request: https://atomsportv510.top/favicon.ico
2026-07-16 20:03:48,786 [INFO] Capturing response: https://atomsportv510.top/favicon.ico 200 
2026-07-16 20:03:48,870 [INFO] Capturing response: https://teletv5.top/load/yayinlink.php?id=bein-sports-max-1 200 
2026-07-16 20:03:48,872 [INFO] Capturing response: https://streamsport365.com/cinema 200 
2026-07-16 20:03:49,030 [INFO] Capturing request: https://hlsssssssssssss.edaesra.workers.dev/https://corestream.macsitesi.help//trtspor/tracks-v1a1/mono.m3u8
2026-07-16 20:03:49,161 [INFO] Capturing response: https://hlsssssssssssss.edaesra.workers.dev/https://corestream.macsitesi.help//trtspor/tracks-v1a1/mono.m3u8 200 
2026-07-16 20:03:49,311 [INFO] Capturing request: https://securmar.edaesra.workers.dev/trtspor/tracks-v1a1/2026/07/16/20/04/13-06000.avif
2026-07-16 20:03:49,535 [INFO] Capturing response: https://securmar.edaesra.workers.dev/trtspor/tracks-v1a1/2026/07/16/20/04/13-06000.avif 200 
2026-07-16 20:03:49,772 [INFO] Capturing request: https://securmar.edaesra.workers.dev/trtspor/tracks-v1a1/2026/07/16/20/04/19-06000.avif
2026-07-16 20:03:50,057 [INFO] Capturing response: https://securmar.edaesra.workers.dev/trtspor/tracks-v1a1/2026/07/16/20/04/19-06000.avif 200 
2026-07-16 20:03:50,286 [INFO] Capturing request: https://securmar.edaesra.workers.dev/trtspor/tracks-v1a1/2026/07/16/20/04/25-06000.avif
2026-07-16 20:03:50,631 [INFO] Capturing request: https://android.clients.google.com/c2dm/register3
2026-07-16 20:03:50,676 [INFO] Capturing response: https://android.clients.google.com/c2dm/register3 301 
2026-07-16 20:03:50,698 [INFO] Capturing response: https://securmar.edaesra.workers.dev/trtspor/tracks-v1a1/2026/07/16/20/04/25-06000.avif 200 
2026-07-16 20:03:51,342 [INFO] Capturing request: https://android.clients.google.com/c2dm/register3
2026-07-16 20:03:51,639 [INFO]   ✅ M3U8 bulundu: https://hlsssssssssssss.edaesra.workers.dev/https://corestream.macsitesi.help//trtspor/tracks-v1a1/mono.m3u8
2026-07-16 20:03:52,099 [INFO] Capturing response: https://android.clients.google.com/c2dm/register3 200 
2026-07-16 20:03:52,640 [INFO] 
[7/14]
2026-07-16 20:03:52,640 [INFO] 🔍 beIN Sports Max 2 → https://atomsportv510.top/matches?id=bein-sports-max-2
2026-07-16 20:03:52,752 [INFO] Capturing request: https://atomsportv510.top/assets/js/clappr.js
2026-07-16 20:03:52,752 [INFO] Capturing request: https://atomsportv510.top/matches?id=bein-sports-max-2
2026-07-16 20:03:52,773 [INFO] Capturing response: https://atomsportv510.top/assets/js/clappr.js 200 
2026-07-16 20:03:52,798 [INFO] Capturing response: https://atomsportv510.top/matches?id=bein-sports-max-2 200 
2026-07-16 20:03:52,955 [INFO] Capturing request: https://teletv5.top/load/yayinlink.php?id=bein-sports-max-2
2026-07-16 20:03:52,959 [INFO] Capturing request: https://atomsportv510.top/favicon.ico
2026-07-16 20:03:53,016 [INFO] Capturing response: https://atomsportv510.top/favicon.ico 200 
2026-07-16 20:03:53,061 [INFO] Capturing request: https://streamsport365.com/cinema
2026-07-16 20:03:53,107 [INFO] Capturing response: https://teletv5.top/load/yayinlink.php?id=bein-sports-max-2 200 
2026-07-16 20:03:53,317 [INFO] Capturing response: https://streamsport365.com/cinema 200 
2026-07-16 20:03:53,438 [INFO] Capturing request: https://hlsssssssssssss.edaesra.workers.dev/https://corestream.macsitesi.help//trtspor/tracks-v1a1/mono.m3u8
2026-07-16 20:03:53,569 [INFO] Capturing response: https://hlsssssssssssss.edaesra.workers.dev/https://corestream.macsitesi.help//trtspor/tracks-v1a1/mono.m3u8 200 
2026-07-16 20:03:53,679 [INFO] Capturing request: https://securmar.edaesra.workers.dev/trtspor/tracks-v1a1/2026/07/16/20/04/19-06000.avif
2026-07-16 20:03:53,879 [INFO] Capturing response: https://securmar.edaesra.workers.dev/trtspor/tracks-v1a1/2026/07/16/20/04/19-06000.avif 200 
2026-07-16 20:03:54,090 [INFO] Capturing request: https://securmar.edaesra.workers.dev/trtspor/tracks-v1a1/2026/07/16/20/04/25-06000.avif
2026-07-16 20:03:54,303 [INFO] Capturing response: https://securmar.edaesra.workers.dev/trtspor/tracks-v1a1/2026/07/16/20/04/25-06000.avif 200 
2026-07-16 20:03:54,465 [INFO] Capturing request: https://android.clients.google.com/c2dm/register3
2026-07-16 20:03:54,541 [INFO] Capturing request: https://securmar.edaesra.workers.dev/trtspor/tracks-v1a1/2026/07/16/20/04/31-06000.avif
2026-07-16 20:03:54,984 [INFO] Capturing response: https://android.clients.google.com/c2dm/register3 200 
2026-07-16 20:03:55,044 [INFO] Capturing response: https://securmar.edaesra.workers.dev/trtspor/tracks-v1a1/2026/07/16/20/04/31-06000.avif 200 
2026-07-16 20:03:55,879 [INFO]   ✅ M3U8 bulundu: https://hlsssssssssssss.edaesra.workers.dev/https://corestream.macsitesi.help//trtspor/tracks-v1a1/mono.m3u8
2026-07-16 20:03:56,880 [INFO] 
[8/14]
2026-07-16 20:03:56,880 [INFO] 🔍 S Sport → https://atomsportv510.top/matches?id=s-sport
2026-07-16 20:03:56,992 [INFO] Capturing request: https://atomsportv510.top/assets/js/clappr.js
2026-07-16 20:03:56,993 [INFO] Capturing request: https://atomsportv510.top/matches?id=s-sport
2026-07-16 20:03:57,023 [INFO] Capturing response: https://atomsportv510.top/assets/js/clappr.js 200 
2026-07-16 20:03:57,241 [INFO] Capturing response: https://atomsportv510.top/matches?id=s-sport 200 
2026-07-16 20:03:57,270 [INFO] Capturing request: https://streamsport365.com/cinema
2026-07-16 20:03:57,370 [INFO] Capturing request: https://teletv5.top/load/yayinlink.php?id=s-sport
2026-07-16 20:03:57,377 [INFO] Capturing request: https://atomsportv510.top/favicon.ico
2026-07-16 20:03:57,439 [INFO] Capturing response: https://atomsportv510.top/favicon.ico 200 
2026-07-16 20:03:57,523 [INFO] Capturing response: https://teletv5.top/load/yayinlink.php?id=s-sport 200 
2026-07-16 20:03:57,525 [INFO] Capturing response: https://streamsport365.com/cinema 200 
2026-07-16 20:03:57,684 [INFO] Capturing request: https://hlsssssssssssss.edaesra.workers.dev/https://corestream.macsitesi.help//s-sportt/tracks-v1a1/mono.m3u8
2026-07-16 20:03:57,813 [INFO] Capturing response: https://hlsssssssssssss.edaesra.workers.dev/https://corestream.macsitesi.help//s-sportt/tracks-v1a1/mono.m3u8 404 
2026-07-16 20:04:00,289 [INFO]   ✅ M3U8 bulundu: https://hlsssssssssssss.edaesra.workers.dev/https://corestream.macsitesi.help//s-sportt/tracks-v1a1/mono.m3u8
2026-07-16 20:04:01,289 [INFO] 
[9/14]
2026-07-16 20:04:01,289 [INFO] 🔍 S Sport 2 → https://atomsportv510.top/matches?id=s-sport-2
2026-07-16 20:04:01,397 [INFO] Capturing request: https://atomsportv510.top/assets/js/clappr.js
2026-07-16 20:04:01,399 [INFO] Capturing request: https://atomsportv510.top/matches?id=s-sport-2
2026-07-16 20:04:01,430 [INFO] Capturing response: https://atomsportv510.top/assets/js/clappr.js 200 
2026-07-16 20:04:01,451 [INFO] Capturing response: https://atomsportv510.top/matches?id=s-sport-2 200 
2026-07-16 20:04:01,610 [INFO] Capturing request: https://teletv5.top/load/yayinlink.php?id=s-sport-2
2026-07-16 20:04:01,610 [INFO] Capturing request: https://atomsportv510.top/favicon.ico
2026-07-16 20:04:01,671 [INFO] Capturing response: https://atomsportv510.top/favicon.ico 200 
2026-07-16 20:04:01,705 [INFO] Capturing request: https://streamsport365.com/cinema
2026-07-16 20:04:01,761 [INFO] Capturing response: https://teletv5.top/load/yayinlink.php?id=s-sport-2 200 
2026-07-16 20:04:01,952 [INFO] Capturing response: https://streamsport365.com/cinema 200 
2026-07-16 20:04:02,071 [INFO] Capturing request: https://hlsssssssssssss.edaesra.workers.dev/https://corestream.macsitesi.help//s-sport2/tracks-v1a1/mono.m3u8
2026-07-16 20:04:02,204 [INFO] Capturing response: https://hlsssssssssssss.edaesra.workers.dev/https://corestream.macsitesi.help//s-sport2/tracks-v1a1/mono.m3u8 404 
2026-07-16 20:04:04,523 [INFO]   ✅ M3U8 bulundu: https://hlsssssssssssss.edaesra.workers.dev/https://corestream.macsitesi.help//s-sport2/tracks-v1a1/mono.m3u8
2026-07-16 20:04:05,523 [INFO] 
[10/14]
2026-07-16 20:04:05,523 [INFO] 🔍 A Spor → https://atomsportv510.top/matches?id=a-spor
2026-07-16 20:04:05,632 [INFO] Capturing request: https://atomsportv510.top/assets/js/clappr.js
2026-07-16 20:04:05,634 [INFO] Capturing request: https://atomsportv510.top/matches?id=a-spor
2026-07-16 20:04:05,651 [INFO] Capturing response: https://atomsportv510.top/assets/js/clappr.js 200 
2026-07-16 20:04:05,692 [INFO] Capturing response: https://atomsportv510.top/matches?id=a-spor 200 
2026-07-16 20:04:05,721 [INFO] Capturing request: https://streamsport365.com/cinema
2026-07-16 20:04:05,823 [INFO] Capturing request: https://teletv5.top/load/yayinlink.php?id=a-spor
2026-07-16 20:04:05,827 [INFO] Capturing request: https://atomsportv510.top/favicon.ico
2026-07-16 20:04:05,893 [INFO] Capturing response: https://atomsportv510.top/favicon.ico 200 
2026-07-16 20:04:05,976 [INFO] Capturing response: https://teletv5.top/load/yayinlink.php?id=a-spor 200 
2026-07-16 20:04:05,978 [INFO] Capturing response: https://streamsport365.com/cinema 200 
2026-07-16 20:04:06,138 [INFO] Capturing request: https://hlsssssssssssss.edaesra.workers.dev/https://corestream.macsitesi.help//aspor/tracks-v1a1/mono.m3u8
2026-07-16 20:04:06,284 [INFO] Capturing response: https://hlsssssssssssss.edaesra.workers.dev/https://corestream.macsitesi.help//aspor/tracks-v1a1/mono.m3u8 404 
2026-07-16 20:04:08,739 [INFO]   ✅ M3U8 bulundu: https://hlsssssssssssss.edaesra.workers.dev/https://corestream.macsitesi.help//aspor/tracks-v1a1/mono.m3u8
2026-07-16 20:04:09,739 [INFO] 
[11/14]
2026-07-16 20:04:09,739 [INFO] 🔍 Tivibu Spor 1 → https://atomsportv510.top/matches?id=tivibu-spor-1
2026-07-16 20:04:09,847 [INFO] Capturing request: https://atomsportv510.top/assets/js/clappr.js
2026-07-16 20:04:09,849 [INFO] Capturing request: https://atomsportv510.top/matches?id=tivibu-spor-1
2026-07-16 20:04:09,868 [INFO] Capturing response: https://atomsportv510.top/assets/js/clappr.js 200 
2026-07-16 20:04:09,894 [INFO] Capturing response: https://atomsportv510.top/matches?id=tivibu-spor-1 200 
2026-07-16 20:04:10,054 [INFO] Capturing request: https://teletv5.top/load/yayinlink.php?id=tivibu-spor-1
2026-07-16 20:04:10,056 [INFO] Capturing request: https://atomsportv510.top/favicon.ico
2026-07-16 20:04:10,120 [INFO] Capturing response: https://atomsportv510.top/favicon.ico 200 
2026-07-16 20:04:10,157 [INFO] Capturing request: https://streamsport365.com/cinema
2026-07-16 20:04:10,209 [INFO] Capturing response: https://teletv5.top/load/yayinlink.php?id=tivibu-spor-1 200 
2026-07-16 20:04:10,419 [INFO] Capturing response: https://streamsport365.com/cinema 200 
2026-07-16 20:04:10,539 [INFO] Capturing request: https://hlsssssssssssss.edaesra.workers.dev/https://corestream.macsitesi.help//trtspor/tracks-v1a1/mono.m3u8
2026-07-16 20:04:10,669 [INFO] Capturing response: https://hlsssssssssssss.edaesra.workers.dev/https://corestream.macsitesi.help//trtspor/tracks-v1a1/mono.m3u8 200 
2026-07-16 20:04:10,780 [INFO] Capturing request: https://securmar.edaesra.workers.dev/trtspor/tracks-v1a1/2026/07/16/20/04/31-06000.avif
2026-07-16 20:04:10,980 [INFO] Capturing response: https://securmar.edaesra.workers.dev/trtspor/tracks-v1a1/2026/07/16/20/04/31-06000.avif 200 
2026-07-16 20:04:11,231 [INFO] Capturing request: https://securmar.edaesra.workers.dev/trtspor/tracks-v1a1/2026/07/16/20/04/37-06000.avif
2026-07-16 20:04:11,577 [INFO] Capturing response: https://securmar.edaesra.workers.dev/trtspor/tracks-v1a1/2026/07/16/20/04/37-06000.avif 200 
2026-07-16 20:04:11,815 [INFO] Capturing request: https://securmar.edaesra.workers.dev/trtspor/tracks-v1a1/2026/07/16/20/04/43-06000.avif
2026-07-16 20:04:12,187 [INFO] Capturing response: https://securmar.edaesra.workers.dev/trtspor/tracks-v1a1/2026/07/16/20/04/43-06000.avif 200 
2026-07-16 20:04:12,973 [INFO]   ✅ M3U8 bulundu: https://hlsssssssssssss.edaesra.workers.dev/https://corestream.macsitesi.help//trtspor/tracks-v1a1/mono.m3u8
2026-07-16 20:04:13,974 [INFO] 
[12/14]
2026-07-16 20:04:13,974 [INFO] 🔍 Tivibu Spor 2 → https://atomsportv510.top/matches?id=tivibu-spor-2
2026-07-16 20:04:14,084 [INFO] Capturing request: https://atomsportv510.top/assets/js/clappr.js
2026-07-16 20:04:14,086 [INFO] Capturing request: https://atomsportv510.top/matches?id=tivibu-spor-2
2026-07-16 20:04:14,109 [INFO] Capturing response: https://atomsportv510.top/assets/js/clappr.js 200 
2026-07-16 20:04:14,127 [INFO] Capturing response: https://atomsportv510.top/matches?id=tivibu-spor-2 200 
2026-07-16 20:04:14,159 [INFO] Capturing request: https://streamsport365.com/cinema
2026-07-16 20:04:14,262 [INFO] Capturing request: https://teletv5.top/load/yayinlink.php?id=tivibu-spor-2
2026-07-16 20:04:14,263 [INFO] Capturing request: https://atomsportv510.top/favicon.ico
2026-07-16 20:04:14,309 [INFO] Capturing response: https://atomsportv510.top/favicon.ico 200 
2026-07-16 20:04:14,408 [INFO] Capturing response: https://streamsport365.com/cinema 200 
2026-07-16 20:04:14,414 [INFO] Capturing response: https://teletv5.top/load/yayinlink.php?id=tivibu-spor-2 200 
2026-07-16 20:04:14,575 [INFO] Capturing request: https://hlsssssssssssss.edaesra.workers.dev/https://corestream.macsitesi.help//trtspor/tracks-v1a1/mono.m3u8
2026-07-16 20:04:14,715 [INFO] Capturing response: https://hlsssssssssssss.edaesra.workers.dev/https://corestream.macsitesi.help//trtspor/tracks-v1a1/mono.m3u8 200 
2026-07-16 20:04:14,864 [INFO] Capturing request: https://securmar.edaesra.workers.dev/trtspor/tracks-v1a1/2026/07/16/20/04/37-06000.avif
2026-07-16 20:04:15,071 [INFO] Capturing response: https://securmar.edaesra.workers.dev/trtspor/tracks-v1a1/2026/07/16/20/04/37-06000.avif 200 
2026-07-16 20:04:15,286 [INFO] Capturing request: https://securmar.edaesra.workers.dev/trtspor/tracks-v1a1/2026/07/16/20/04/43-06000.avif
2026-07-16 20:04:15,499 [INFO] Capturing response: https://securmar.edaesra.workers.dev/trtspor/tracks-v1a1/2026/07/16/20/04/43-06000.avif 200 
2026-07-16 20:04:15,737 [INFO] Capturing request: https://securmar.edaesra.workers.dev/trtspor/tracks-v1a1/2026/07/16/20/04/49-06000.avif
2026-07-16 20:04:16,030 [INFO] Capturing response: https://securmar.edaesra.workers.dev/trtspor/tracks-v1a1/2026/07/16/20/04/49-06000.avif 200 
2026-07-16 20:04:17,179 [INFO]   ✅ M3U8 bulundu: https://hlsssssssssssss.edaesra.workers.dev/https://corestream.macsitesi.help//trtspor/tracks-v1a1/mono.m3u8
2026-07-16 20:04:18,180 [INFO] 
[13/14]
2026-07-16 20:04:18,180 [INFO] 🔍 Tivibu Spor 3 → https://atomsportv510.top/matches?id=tivibu-spor-3
2026-07-16 20:04:18,294 [INFO] Capturing request: https://atomsportv510.top/assets/js/clappr.js
2026-07-16 20:04:18,295 [INFO] Capturing request: https://atomsportv510.top/matches?id=tivibu-spor-3
2026-07-16 20:04:18,319 [INFO] Capturing response: https://atomsportv510.top/assets/js/clappr.js 200 
2026-07-16 20:04:18,669 [INFO] Capturing response: https://atomsportv510.top/matches?id=tivibu-spor-3 200 
2026-07-16 20:04:18,830 [INFO] Capturing request: https://atomsportv510.top/favicon.ico
2026-07-16 20:04:18,831 [INFO] Capturing request: https://teletv5.top/load/yayinlink.php?id=tivibu-spor-3
2026-07-16 20:04:18,893 [INFO] Capturing response: https://atomsportv510.top/favicon.ico 200 
2026-07-16 20:04:18,929 [INFO] Capturing request: https://streamsport365.com/cinema
2026-07-16 20:04:18,986 [INFO] Capturing response: https://teletv5.top/load/yayinlink.php?id=tivibu-spor-3 200 
2026-07-16 20:04:19,186 [INFO] Capturing response: https://streamsport365.com/cinema 200 
2026-07-16 20:04:19,307 [INFO] Capturing request: https://hlsssssssssssss.edaesra.workers.dev/https://corestream.macsitesi.help//trtspor/tracks-v1a1/mono.m3u8
2026-07-16 20:04:19,447 [INFO] Capturing response: https://hlsssssssssssss.edaesra.workers.dev/https://corestream.macsitesi.help//trtspor/tracks-v1a1/mono.m3u8 200 
2026-07-16 20:04:19,557 [INFO] Capturing request: https://securmar.edaesra.workers.dev/trtspor/tracks-v1a1/2026/07/16/20/04/43-06000.avif
2026-07-16 20:04:19,777 [INFO] Capturing response: https://securmar.edaesra.workers.dev/trtspor/tracks-v1a1/2026/07/16/20/04/43-06000.avif 200 
2026-07-16 20:04:19,991 [INFO] Capturing request: https://securmar.edaesra.workers.dev/trtspor/tracks-v1a1/2026/07/16/20/04/49-06000.avif
2026-07-16 20:04:20,162 [INFO] Capturing response: https://securmar.edaesra.workers.dev/trtspor/tracks-v1a1/2026/07/16/20/04/49-06000.avif 200 
2026-07-16 20:04:20,377 [INFO] Capturing request: https://securmar.edaesra.workers.dev/trtspor/tracks-v1a1/2026/07/16/20/04/55-06000.avif
2026-07-16 20:04:21,072 [INFO] Capturing response: https://securmar.edaesra.workers.dev/trtspor/tracks-v1a1/2026/07/16/20/04/55-06000.avif 200 
2026-07-16 20:04:21,749 [INFO]   ✅ M3U8 bulundu: https://hlsssssssssssss.edaesra.workers.dev/https://corestream.macsitesi.help//trtspor/tracks-v1a1/mono.m3u8
2026-07-16 20:04:22,750 [INFO] 
[14/14]
2026-07-16 20:04:22,750 [INFO] 🔍 Tivibu Spor 4 → https://atomsportv510.top/matches?id=tivibu-spor-4
2026-07-16 20:04:22,861 [INFO] Capturing request: https://atomsportv510.top/assets/js/clappr.js
2026-07-16 20:04:22,862 [INFO] Capturing request: https://atomsportv510.top/matches?id=tivibu-spor-4
2026-07-16 20:04:22,881 [INFO] Capturing response: https://atomsportv510.top/assets/js/clappr.js 200 
2026-07-16 20:04:22,906 [INFO] Capturing response: https://atomsportv510.top/matches?id=tivibu-spor-4 200 
2026-07-16 20:04:22,942 [INFO] Capturing request: https://streamsport365.com/cinema
2026-07-16 20:04:23,037 [INFO] Capturing request: https://teletv5.top/load/yayinlink.php?id=tivibu-spor-4
2026-07-16 20:04:23,042 [INFO] Capturing request: https://atomsportv510.top/favicon.ico
2026-07-16 20:04:23,089 [INFO] Capturing response: https://atomsportv510.top/favicon.ico 200 
2026-07-16 20:04:23,189 [INFO] Capturing response: https://teletv5.top/load/yayinlink.php?id=tivibu-spor-4 200 
2026-07-16 20:04:23,205 [INFO] Capturing response: https://streamsport365.com/cinema 200 
2026-07-16 20:04:26,616 [INFO] Capturing request: https://update.googleapis.com/service/update2/json?cup2key=16:_0_PEN6gdvD670_pjpb2peIeR4SWdna_kMmQ0JZIJXg&cup2hreq=dda00f465db3e11570d824cf93ee5674ea36aa681644118ecbeef0400a7e3dd7
2026-07-16 20:04:26,642 [INFO] Capturing response: https://update.googleapis.com/service/update2/json?cup2key=16:_0_PEN6gdvD670_pjpb2peIeR4SWdna_kMmQ0JZIJXg&cup2hreq=dda00f465db3e11570d824cf93ee5674ea36aa681644118ecbeef0400a7e3dd7 200 
2026-07-16 20:04:26,648 [INFO] Capturing request: http://edgedl.me.gvt1.com/edgedl/diffgen-puffin/gcmjkmgdlgnkkcocmoeiminaijmmjnii/df2a22d5ecc7788c3330ebd5f856b41531c74f412a01ed7453d11284708009fe
2026-07-16 20:04:26,675 [INFO] Capturing response: http://edgedl.me.gvt1.com/edgedl/diffgen-puffin/gcmjkmgdlgnkkcocmoeiminaijmmjnii/df2a22d5ecc7788c3330ebd5f856b41531c74f412a01ed7453d11284708009fe 200 OK
2026-07-16 20:04:26,703 [INFO] Capturing request: https://update.googleapis.com/service/update2/json
2026-07-16 20:04:26,726 [INFO] Capturing response: https://update.googleapis.com/service/update2/json 200 
2026-07-16 20:04:26,771 [INFO] Capturing request: http://edgedl.me.gvt1.com/edgedl/release2/chrome_component/adyskmtrvzlz223bsdgl2qhzpxhq_10652/hfnkpimlhhgieaddgfemjhofmfblmnib_10652_all_acary2j24nmnmpg2vmu6mbgj2dvq.crx3
2026-07-16 20:04:26,803 [INFO] Capturing response: http://edgedl.me.gvt1.com/edgedl/release2/chrome_component/adyskmtrvzlz223bsdgl2qhzpxhq_10652/hfnkpimlhhgieaddgfemjhofmfblmnib_10652_all_acary2j24nmnmpg2vmu6mbgj2dvq.crx3 200 OK
2026-07-16 20:04:26,836 [INFO] Capturing request: https://update.googleapis.com/service/update2/json
2026-07-16 20:04:26,857 [INFO] Capturing response: https://update.googleapis.com/service/update2/json 200 
2026-07-16 20:04:37,324 [INFO] Capturing request: https://android.clients.google.com/c2dm/register3
2026-07-16 20:04:37,381 [INFO] Capturing response: https://android.clients.google.com/c2dm/register3 301 
2026-07-16 20:04:56,227 [WARNING]   ❌ Tivibu Spor 4 için M3U8 bulunamadı
2026-07-16 20:04:57,297 [INFO] ✅ 13 kanal bulundu, playlist.m3u kaydedildi
