2026-05-30 14:15:32,635 [INFO] 🌐 BASE_URL: https://atomsportv504.top
2026-05-30 14:15:34,271 [INFO] Başlanıyor... 14 kanal taranacak
2026-05-30 14:15:34,271 [INFO] Using default request storage
2026-05-30 14:15:34,276 [INFO] Created proxy listening on 127.0.0.1:44887
2026-05-30 14:15:34,930 [INFO] Capturing request: http://clients2.google.com/time/1/current?cup2key=10:DWbx5G6dhBfu3zt42YC8ORJuV-XcX9-78GN1IuiyHFo&cup2hreq=e3b0c44298fc1c149afbf4c8996fb92427ae41e4649b934ca495991b7852b855
2026-05-30 14:15:34,975 [INFO] Capturing response: http://clients2.google.com/time/1/current?cup2key=10:DWbx5G6dhBfu3zt42YC8ORJuV-XcX9-78GN1IuiyHFo&cup2hreq=e3b0c44298fc1c149afbf4c8996fb92427ae41e4649b934ca495991b7852b855 200 OK
2026-05-30 14:15:35,042 [INFO] 
[1/14]
2026-05-30 14:15:35,042 [INFO] 🔍 beIN Sports 1 → https://atomsportv504.top/matches?id=bein-sports-1
2026-05-30 14:15:35,129 [INFO] Capturing request: https://accounts.google.com/ListAccounts?gpsia=1&source=ChromiumBrowser&json=standard&laf=b64bin
2026-05-30 14:15:35,226 [INFO] Capturing request: https://atomsportv504.top/matches?id=bein-sports-1
2026-05-30 14:15:35,291 [INFO] Capturing response: https://accounts.google.com/ListAccounts?gpsia=1&source=ChromiumBrowser&json=standard&laf=b64bin 200 
2026-05-30 14:15:35,316 [INFO] Capturing response: https://atomsportv504.top/matches?id=bein-sports-1 200 
2026-05-30 14:15:35,469 [INFO] Capturing request: https://atomsportv504.top/assets/js/clappr.js
2026-05-30 14:15:35,497 [INFO] Capturing response: https://atomsportv504.top/assets/js/clappr.js 200 
2026-05-30 14:15:35,526 [INFO] Capturing request: https://cdnjs.cloudflare.com/ajax/libs/jquery/3.2.1/jquery.min.js
2026-05-30 14:15:35,532 [INFO] Capturing request: https://cdn.jsdelivr.net/npm/@clappr/player@latest/dist/clappr.min.js
2026-05-30 14:15:35,561 [INFO] Capturing response: https://cdnjs.cloudflare.com/ajax/libs/jquery/3.2.1/jquery.min.js 200 
2026-05-30 14:15:35,572 [INFO] Capturing response: https://cdn.jsdelivr.net/npm/@clappr/player@latest/dist/clappr.min.js 200 
2026-05-30 14:15:35,603 [INFO] Capturing request: https://www.google.com/async/folae?async=_fmt:pb&udm=50&client_locale=en-US
2026-05-30 14:15:35,648 [INFO] Capturing response: https://www.google.com/async/folae?async=_fmt:pb&udm=50&client_locale=en-US 200 
2026-05-30 14:15:35,762 [INFO] Capturing request: https://static.cloudflareinsights.com/beacon.min.js/v833ccba57c9e4d2798f2e76cebdd09a11778172276447
2026-05-30 14:15:35,784 [INFO] Capturing response: https://static.cloudflareinsights.com/beacon.min.js/v833ccba57c9e4d2798f2e76cebdd09a11778172276447 200 
2026-05-30 14:15:35,847 [INFO] Capturing request: https://atomsportv504.top/cdn-cgi/rum?
2026-05-30 14:15:35,948 [INFO] Capturing request: https://atomsportv504.top/favicon.ico
2026-05-30 14:15:36,000 [INFO] Capturing response: https://atomsportv504.top/cdn-cgi/rum? 204 
2026-05-30 14:15:36,004 [INFO] Capturing response: https://atomsportv504.top/favicon.ico 200 
2026-05-30 14:15:36,245 [INFO] Capturing request: https://teletv5.top/load/yayinlink.php?id=bein-sports-1
2026-05-30 14:15:36,543 [INFO] Capturing request: https://streamsport365.com/cinema
2026-05-30 14:15:36,565 [INFO] Capturing response: https://teletv5.top/load/yayinlink.php?id=bein-sports-1 200 
2026-05-30 14:15:36,825 [INFO] Capturing response: https://streamsport365.com/cinema 200 
2026-05-30 14:15:36,956 [INFO] Capturing request: https://atomsportv504.top/assets/img/player_logo_6880e4e4c52ee.png
2026-05-30 14:15:36,997 [INFO] Capturing response: https://atomsportv504.top/assets/img/player_logo_6880e4e4c52ee.png 200 
2026-05-30 14:15:37,022 [INFO] Capturing request: https://young-surf-88a9.halitumutseler.workers.dev/https://corestream.ronaldovurdu.help//aspor/tracks-v1a1/mono.m3u8
2026-05-30 14:15:37,748 [INFO] Capturing request: https://android.clients.google.com/checkin
2026-05-30 14:15:37,808 [INFO] Capturing response: https://android.clients.google.com/checkin 200 
2026-05-30 14:15:37,859 [INFO] Capturing request: https://android.clients.google.com/c2dm/register3
2026-05-30 14:15:37,862 [INFO] Capturing request: https://android.clients.google.com/c2dm/register3
2026-05-30 14:15:37,864 [INFO] Capturing request: https://android.clients.google.com/c2dm/register3
2026-05-30 14:15:37,905 [INFO] Capturing response: https://android.clients.google.com/c2dm/register3 301 
2026-05-30 14:15:38,346 [INFO] Capturing response: https://android.clients.google.com/c2dm/register3 200 
2026-05-30 14:15:38,400 [INFO] Capturing response: https://android.clients.google.com/c2dm/register3 200 
2026-05-30 14:15:38,873 [INFO]   ✅ M3U8 bulundu: https://young-surf-88a9.halitumutseler.workers.dev/https://corestream.ronaldovurdu.help//aspor/tracks-v1a1/mono.m3u8
2026-05-30 14:15:39,873 [INFO] 
[2/14]
2026-05-30 14:15:39,873 [INFO] 🔍 beIN Sports 2 → https://atomsportv504.top/matches?id=bein-sports-2
2026-05-30 14:15:39,982 [INFO] Capturing request: https://atomsportv504.top/matches?id=bein-sports-2
2026-05-30 14:15:40,037 [INFO] Capturing response: https://atomsportv504.top/matches?id=bein-sports-2 200 
2026-05-30 14:15:40,049 [INFO] Capturing request: https://atomsportv504.top/cdn-cgi/rum?
2026-05-30 14:15:40,086 [INFO] Capturing request: https://streamsport365.com/cinema
2026-05-30 14:15:40,089 [INFO] Capturing request: https://atomsportv504.top/cdn-cgi/rum?
2026-05-30 14:15:40,161 [INFO] Capturing response: https://atomsportv504.top/cdn-cgi/rum? 204 
2026-05-30 14:15:40,184 [INFO] Capturing request: https://teletv5.top/load/yayinlink.php?id=bein-sports-2
2026-05-30 14:15:40,191 [INFO] Capturing request: https://atomsportv504.top/favicon.ico
2026-05-30 14:15:40,226 [INFO] Capturing response: https://atomsportv504.top/favicon.ico 200 
2026-05-30 14:15:40,243 [INFO] Capturing response: https://atomsportv504.top/cdn-cgi/rum? 204 
2026-05-30 14:15:40,364 [INFO] Capturing response: https://streamsport365.com/cinema 200 
2026-05-30 14:15:40,652 [INFO] Capturing response: https://teletv5.top/load/yayinlink.php?id=bein-sports-2 200 
2026-05-30 14:15:40,773 [INFO] Capturing request: https://young-surf-88a9.halitumutseler.workers.dev/https://corestream.ronaldovurdu.help//bein2/tracks-v1a1/mono.m3u8
2026-05-30 14:15:41,331 [INFO] Capturing response: https://young-surf-88a9.halitumutseler.workers.dev/https://corestream.ronaldovurdu.help//aspor/tracks-v1a1/mono.m3u8 504 
2026-05-30 14:15:43,102 [INFO]   ✅ M3U8 bulundu: https://young-surf-88a9.halitumutseler.workers.dev/https://corestream.ronaldovurdu.help//bein2/tracks-v1a1/mono.m3u8
2026-05-30 14:15:44,102 [INFO] 
[3/14]
2026-05-30 14:15:44,102 [INFO] 🔍 beIN Sports 3 → https://atomsportv504.top/matches?id=bein-sports-3
2026-05-30 14:15:44,213 [INFO] Capturing request: https://atomsportv504.top/matches?id=bein-sports-3
2026-05-30 14:15:44,267 [INFO] Capturing response: https://atomsportv504.top/matches?id=bein-sports-3 200 
2026-05-30 14:15:44,278 [INFO] Capturing request: https://atomsportv504.top/cdn-cgi/rum?
2026-05-30 14:15:44,301 [INFO] Capturing request: https://atomsportv504.top/cdn-cgi/rum?
2026-05-30 14:15:44,388 [INFO] Capturing response: https://atomsportv504.top/cdn-cgi/rum? 204 
2026-05-30 14:15:44,398 [INFO] Capturing request: https://teletv5.top/load/yayinlink.php?id=bein-sports-3
2026-05-30 14:15:44,402 [INFO] Capturing request: https://atomsportv504.top/favicon.ico
2026-05-30 14:15:44,455 [INFO] Capturing response: https://atomsportv504.top/cdn-cgi/rum? 204 
2026-05-30 14:15:44,456 [INFO] Capturing response: https://atomsportv504.top/favicon.ico 200 
2026-05-30 14:15:44,509 [INFO] Capturing request: https://streamsport365.com/cinema
2026-05-30 14:15:44,558 [INFO] Capturing response: https://teletv5.top/load/yayinlink.php?id=bein-sports-3 200 
2026-05-30 14:15:44,793 [INFO] Capturing response: https://streamsport365.com/cinema 200 
2026-05-30 14:15:45,125 [INFO] Capturing response: https://young-surf-88a9.halitumutseler.workers.dev/https://corestream.ronaldovurdu.help//bein2/tracks-v1a1/mono.m3u8 504 
2026-05-30 14:15:59,365 [INFO] Capturing request: https://android.clients.google.com/c2dm/register3
2026-05-30 14:15:59,388 [INFO] Capturing response: https://android.clients.google.com/c2dm/register3 301 
2026-05-30 14:16:17,616 [WARNING]   ❌ beIN Sports 3 için M3U8 bulunamadı
2026-05-30 14:16:18,617 [INFO] 
[4/14]
2026-05-30 14:16:18,617 [INFO] 🔍 beIN Sports 4 → https://atomsportv504.top/matches?id=bein-sports-4
2026-05-30 14:16:18,725 [INFO] Capturing request: https://atomsportv504.top/matches?id=bein-sports-4
2026-05-30 14:16:19,234 [INFO] Capturing response: https://atomsportv504.top/matches?id=bein-sports-4 200 
2026-05-30 14:16:19,243 [INFO] Capturing request: https://atomsportv504.top/cdn-cgi/rum?
2026-05-30 14:16:19,270 [INFO] Capturing request: https://atomsportv504.top/cdn-cgi/rum?
2026-05-30 14:16:19,353 [INFO] Capturing response: https://atomsportv504.top/cdn-cgi/rum? 204 
2026-05-30 14:16:19,363 [INFO] Capturing request: https://teletv5.top/load/yayinlink.php?id=bein-sports-4
2026-05-30 14:16:19,372 [INFO] Capturing request: https://atomsportv504.top/favicon.ico
2026-05-30 14:16:19,405 [INFO] Capturing response: https://atomsportv504.top/favicon.ico 200 
2026-05-30 14:16:19,420 [INFO] Capturing response: https://atomsportv504.top/cdn-cgi/rum? 204 
2026-05-30 14:16:19,479 [INFO] Capturing request: https://streamsport365.com/cinema
2026-05-30 14:16:19,525 [INFO] Capturing response: https://teletv5.top/load/yayinlink.php?id=bein-sports-4 200 
2026-05-30 14:16:19,757 [INFO] Capturing response: https://streamsport365.com/cinema 200 
2026-05-30 14:16:35,001 [INFO] Capturing request: https://update.googleapis.com/service/update2/json?cup2key=16:Zo3nIf5VtCOq603Jt0wOqNLzU2BQ0YbJe49mm_14nLU&cup2hreq=822e860e337c9545a26d242f0e399539d206370ae59de0a777a57251267653ec
2026-05-30 14:16:35,028 [INFO] Capturing response: https://update.googleapis.com/service/update2/json?cup2key=16:Zo3nIf5VtCOq603Jt0wOqNLzU2BQ0YbJe49mm_14nLU&cup2hreq=822e860e337c9545a26d242f0e399539d206370ae59de0a777a57251267653ec 200 
2026-05-30 14:16:35,043 [INFO] Capturing request: http://edgedl.me.gvt1.com/edgedl/diffgen-puffin/gcmjkmgdlgnkkcocmoeiminaijmmjnii/71d926df14cb4c89c6f8f88e6c0bfcf6fe1e1a256ca7f8db04002a111af4c5b0
2026-05-30 14:16:35,060 [INFO] Capturing response: http://edgedl.me.gvt1.com/edgedl/diffgen-puffin/gcmjkmgdlgnkkcocmoeiminaijmmjnii/71d926df14cb4c89c6f8f88e6c0bfcf6fe1e1a256ca7f8db04002a111af4c5b0 200 OK
2026-05-30 14:16:35,087 [INFO] Capturing request: https://update.googleapis.com/service/update2/json
2026-05-30 14:16:35,112 [INFO] Capturing response: https://update.googleapis.com/service/update2/json 200 
2026-05-30 14:16:35,157 [INFO] Capturing request: http://edgedl.me.gvt1.com/edgedl/release2/chrome_component/ltafr2lovxdd26ccjezvczo4du_10556/hfnkpimlhhgieaddgfemjhofmfblmnib_10556_all_babkmynsjhluoabzttoxr77734.crx3
2026-05-30 14:16:35,173 [INFO] Capturing response: http://edgedl.me.gvt1.com/edgedl/release2/chrome_component/ltafr2lovxdd26ccjezvczo4du_10556/hfnkpimlhhgieaddgfemjhofmfblmnib_10556_all_babkmynsjhluoabzttoxr77734.crx3 200 OK
2026-05-30 14:16:35,205 [INFO] Capturing request: https://update.googleapis.com/service/update2/json
2026-05-30 14:16:35,229 [INFO] Capturing response: https://update.googleapis.com/service/update2/json 200 
2026-05-30 14:16:52,547 [WARNING]   ❌ beIN Sports 4 için M3U8 bulunamadı
2026-05-30 14:16:53,548 [INFO] 
[5/14]
2026-05-30 14:16:53,548 [INFO] 🔍 beIN Sports 5 → https://atomsportv504.top/matches?id=bein-sports-5
2026-05-30 14:16:53,709 [INFO] Capturing request: https://atomsportv504.top/matches?id=bein-sports-5
2026-05-30 14:16:53,714 [INFO] Capturing request: https://atomsportv504.top/assets/js/clappr.js
2026-05-30 14:16:53,736 [INFO] Capturing response: https://atomsportv504.top/assets/js/clappr.js 200 
2026-05-30 14:16:54,340 [INFO] Capturing response: https://atomsportv504.top/matches?id=bein-sports-5 200 
2026-05-30 14:16:54,348 [INFO] Capturing request: https://atomsportv504.top/cdn-cgi/rum?
2026-05-30 14:16:54,378 [INFO] Capturing request: https://atomsportv504.top/cdn-cgi/rum?
2026-05-30 14:16:54,483 [INFO] Capturing request: https://atomsportv504.top/favicon.ico
2026-05-30 14:16:54,491 [INFO] Capturing response: https://atomsportv504.top/cdn-cgi/rum? 204 
2026-05-30 14:16:54,493 [INFO] Capturing response: https://atomsportv504.top/cdn-cgi/rum? 204 
2026-05-30 14:16:54,514 [INFO] Capturing response: https://atomsportv504.top/favicon.ico 200 
2026-05-30 14:16:54,525 [INFO] Capturing request: https://teletv5.top/load/yayinlink.php?id=bein-sports-5
2026-05-30 14:16:55,018 [INFO] Capturing request: https://streamsport365.com/cinema
2026-05-30 14:16:55,185 [INFO] Capturing response: https://teletv5.top/load/yayinlink.php?id=bein-sports-5 200 
2026-05-30 14:16:55,293 [INFO] Capturing response: https://streamsport365.com/cinema 200 
2026-05-30 14:16:58,853 [INFO] Capturing request: https://android.clients.google.com/c2dm/register3
2026-05-30 14:16:58,882 [INFO] Capturing response: https://android.clients.google.com/c2dm/register3 301 
2026-05-30 14:17:27,654 [WARNING]   ❌ beIN Sports 5 için M3U8 bulunamadı
2026-05-30 14:17:28,654 [INFO] 
[6/14]
2026-05-30 14:17:28,654 [INFO] 🔍 beIN Sports Max 1 → https://atomsportv504.top/matches?id=bein-sports-max-1
2026-05-30 14:17:28,762 [INFO] Capturing request: https://atomsportv504.top/assets/js/clappr.js
2026-05-30 14:17:28,764 [INFO] Capturing request: https://atomsportv504.top/matches?id=bein-sports-max-1
2026-05-30 14:17:28,781 [INFO] Capturing response: https://atomsportv504.top/assets/js/clappr.js 200 
2026-05-30 14:17:29,036 [INFO] Capturing response: https://atomsportv504.top/matches?id=bein-sports-max-1 200 
2026-05-30 14:17:29,045 [INFO] Capturing request: https://atomsportv504.top/cdn-cgi/rum?
2026-05-30 14:17:29,072 [INFO] Capturing request: https://atomsportv504.top/cdn-cgi/rum?
2026-05-30 14:17:29,156 [INFO] Capturing response: https://atomsportv504.top/cdn-cgi/rum? 204 
2026-05-30 14:17:29,170 [INFO] Capturing request: https://teletv5.top/load/yayinlink.php?id=bein-sports-max-1
2026-05-30 14:17:29,177 [INFO] Capturing request: https://atomsportv504.top/favicon.ico
2026-05-30 14:17:29,211 [INFO] Capturing response: https://atomsportv504.top/favicon.ico 200 
2026-05-30 14:17:29,224 [INFO] Capturing response: https://atomsportv504.top/cdn-cgi/rum? 204 
2026-05-30 14:17:29,280 [INFO] Capturing request: https://streamsport365.com/cinema
2026-05-30 14:17:29,348 [INFO] Capturing response: https://teletv5.top/load/yayinlink.php?id=bein-sports-max-1 200 
2026-05-30 14:17:29,570 [INFO] Capturing response: https://streamsport365.com/cinema 200 
2026-05-30 14:18:02,339 [WARNING]   ❌ beIN Sports Max 1 için M3U8 bulunamadı
2026-05-30 14:18:03,339 [INFO] 
[7/14]
2026-05-30 14:18:03,339 [INFO] 🔍 beIN Sports Max 2 → https://atomsportv504.top/matches?id=bein-sports-max-2
2026-05-30 14:18:03,447 [INFO] Capturing request: https://atomsportv504.top/assets/js/clappr.js
2026-05-30 14:18:03,449 [INFO] Capturing request: https://atomsportv504.top/matches?id=bein-sports-max-2
2026-05-30 14:18:03,472 [INFO] Capturing response: https://atomsportv504.top/assets/js/clappr.js 200 
2026-05-30 14:18:03,735 [INFO] Capturing response: https://atomsportv504.top/matches?id=bein-sports-max-2 200 
2026-05-30 14:18:03,743 [INFO] Capturing request: https://atomsportv504.top/cdn-cgi/rum?
2026-05-30 14:18:03,776 [INFO] Capturing request: https://atomsportv504.top/cdn-cgi/rum?
2026-05-30 14:18:03,852 [INFO] Capturing response: https://atomsportv504.top/cdn-cgi/rum? 204 
2026-05-30 14:18:03,876 [INFO] Capturing request: https://teletv5.top/load/yayinlink.php?id=bein-sports-max-2
2026-05-30 14:18:03,880 [INFO] Capturing request: https://atomsportv504.top/favicon.ico
2026-05-30 14:18:03,911 [INFO] Capturing response: https://atomsportv504.top/favicon.ico 200 
2026-05-30 14:18:03,926 [INFO] Capturing response: https://atomsportv504.top/cdn-cgi/rum? 204 
2026-05-30 14:18:03,988 [INFO] Capturing request: https://streamsport365.com/cinema
2026-05-30 14:18:04,049 [INFO] Capturing response: https://teletv5.top/load/yayinlink.php?id=bein-sports-max-2 200 
2026-05-30 14:18:04,266 [INFO] Capturing response: https://streamsport365.com/cinema 200 
2026-05-30 14:18:37,034 [WARNING]   ❌ beIN Sports Max 2 için M3U8 bulunamadı
2026-05-30 14:18:38,034 [INFO] 
[8/14]
2026-05-30 14:18:38,034 [INFO] 🔍 S Sport → https://atomsportv504.top/matches?id=s-sport
2026-05-30 14:18:38,144 [INFO] Capturing request: https://atomsportv504.top/matches?id=s-sport
2026-05-30 14:18:38,145 [INFO] Capturing request: https://atomsportv504.top/assets/js/clappr.js
2026-05-30 14:18:38,209 [INFO] Capturing response: https://atomsportv504.top/assets/js/clappr.js 200 
2026-05-30 14:18:38,403 [INFO] Capturing response: https://atomsportv504.top/matches?id=s-sport 200 
2026-05-30 14:18:38,412 [INFO] Capturing request: https://atomsportv504.top/cdn-cgi/rum?
2026-05-30 14:18:38,446 [INFO] Capturing request: https://atomsportv504.top/cdn-cgi/rum?
2026-05-30 14:18:38,542 [INFO] Capturing request: https://teletv5.top/load/yayinlink.php?id=s-sport
2026-05-30 14:18:38,548 [INFO] Capturing request: https://atomsportv504.top/favicon.ico
2026-05-30 14:18:38,554 [INFO] Capturing response: https://atomsportv504.top/cdn-cgi/rum? 204 
2026-05-30 14:18:38,556 [INFO] Capturing response: https://atomsportv504.top/cdn-cgi/rum? 204 
2026-05-30 14:18:38,581 [INFO] Capturing response: https://atomsportv504.top/favicon.ico 200 
2026-05-30 14:18:38,654 [INFO] Capturing request: https://streamsport365.com/cinema
2026-05-30 14:18:38,718 [INFO] Capturing response: https://teletv5.top/load/yayinlink.php?id=s-sport 200 
2026-05-30 14:18:38,928 [INFO] Capturing response: https://streamsport365.com/cinema 200 
2026-05-30 14:18:39,085 [INFO] Capturing request: https://young-surf-88a9.halitumutseler.workers.dev/https://corestream.ronaldovurdu.help//s-sportt/tracks-v1a1/mono.m3u8
2026-05-30 14:18:41,460 [INFO]   ✅ M3U8 bulundu: https://young-surf-88a9.halitumutseler.workers.dev/https://corestream.ronaldovurdu.help//s-sportt/tracks-v1a1/mono.m3u8
2026-05-30 14:18:42,460 [INFO] 
[9/14]
2026-05-30 14:18:42,460 [INFO] 🔍 S Sport 2 → https://atomsportv504.top/matches?id=s-sport-2
2026-05-30 14:18:42,568 [INFO] Capturing request: https://atomsportv504.top/assets/js/clappr.js
2026-05-30 14:18:42,570 [INFO] Capturing request: https://atomsportv504.top/matches?id=s-sport-2
2026-05-30 14:18:42,595 [INFO] Capturing response: https://atomsportv504.top/assets/js/clappr.js 200 
2026-05-30 14:18:42,637 [INFO] Capturing response: https://atomsportv504.top/matches?id=s-sport-2 200 
2026-05-30 14:18:42,646 [INFO] Capturing request: https://atomsportv504.top/cdn-cgi/rum?
2026-05-30 14:18:42,667 [INFO] Capturing request: https://streamsport365.com/cinema
2026-05-30 14:18:42,674 [INFO] Capturing request: https://atomsportv504.top/cdn-cgi/rum?
2026-05-30 14:18:42,756 [INFO] Capturing response: https://atomsportv504.top/cdn-cgi/rum? 204 
2026-05-30 14:18:42,774 [INFO] Capturing request: https://teletv5.top/load/yayinlink.php?id=s-sport-2
2026-05-30 14:18:42,776 [INFO] Capturing request: https://atomsportv504.top/favicon.ico
2026-05-30 14:18:42,804 [INFO] Capturing response: https://atomsportv504.top/favicon.ico 200 
2026-05-30 14:18:42,824 [INFO] Capturing response: https://atomsportv504.top/cdn-cgi/rum? 204 
2026-05-30 14:18:42,944 [INFO] Capturing response: https://teletv5.top/load/yayinlink.php?id=s-sport-2 200 
2026-05-30 14:18:42,952 [INFO] Capturing response: https://streamsport365.com/cinema 200 
2026-05-30 14:18:43,103 [INFO] Capturing request: https://young-surf-88a9.halitumutseler.workers.dev/https://corestream.ronaldovurdu.help//s-sport2/tracks-v1a1/mono.m3u8
2026-05-30 14:18:43,459 [INFO] Capturing response: https://young-surf-88a9.halitumutseler.workers.dev/https://corestream.ronaldovurdu.help//s-sportt/tracks-v1a1/mono.m3u8 504 
2026-05-30 14:18:45,687 [INFO]   ✅ M3U8 bulundu: https://young-surf-88a9.halitumutseler.workers.dev/https://corestream.ronaldovurdu.help//s-sport2/tracks-v1a1/mono.m3u8
2026-05-30 14:18:46,687 [INFO] 
[10/14]
2026-05-30 14:18:46,687 [INFO] 🔍 A Spor → https://atomsportv504.top/matches?id=a-spor
2026-05-30 14:18:46,796 [INFO] Capturing request: https://atomsportv504.top/matches?id=a-spor
2026-05-30 14:18:46,797 [INFO] Capturing request: https://atomsportv504.top/assets/js/clappr.js
2026-05-30 14:18:46,849 [INFO] Capturing response: https://atomsportv504.top/matches?id=a-spor 200 
2026-05-30 14:18:46,860 [INFO] Capturing request: https://atomsportv504.top/cdn-cgi/rum?
2026-05-30 14:18:46,863 [INFO] Capturing response: https://atomsportv504.top/assets/js/clappr.js 200 
2026-05-30 14:18:46,884 [INFO] Capturing request: https://atomsportv504.top/cdn-cgi/rum?
2026-05-30 14:18:46,979 [INFO] Capturing request: https://teletv5.top/load/yayinlink.php?id=a-spor
2026-05-30 14:18:46,985 [INFO] Capturing request: https://atomsportv504.top/favicon.ico
2026-05-30 14:18:46,992 [INFO] Capturing response: https://atomsportv504.top/cdn-cgi/rum? 204 
2026-05-30 14:18:46,994 [INFO] Capturing response: https://atomsportv504.top/cdn-cgi/rum? 204 
2026-05-30 14:18:47,014 [INFO] Capturing response: https://atomsportv504.top/favicon.ico 200 
2026-05-30 14:18:47,091 [INFO] Capturing request: https://streamsport365.com/cinema
2026-05-30 14:18:47,150 [INFO] Capturing response: https://teletv5.top/load/yayinlink.php?id=a-spor 200 
2026-05-30 14:18:47,243 [INFO] Capturing response: https://young-surf-88a9.halitumutseler.workers.dev/https://corestream.ronaldovurdu.help//s-sport2/tracks-v1a1/mono.m3u8 504 
2026-05-30 14:18:47,365 [INFO] Capturing response: https://streamsport365.com/cinema 200 
2026-05-30 14:18:47,484 [INFO] Capturing request: https://young-surf-88a9.halitumutseler.workers.dev/https://corestream.ronaldovurdu.help//aspor/tracks-v1a1/mono.m3u8
2026-05-30 14:18:49,898 [INFO]   ✅ M3U8 bulundu: https://young-surf-88a9.halitumutseler.workers.dev/https://corestream.ronaldovurdu.help//aspor/tracks-v1a1/mono.m3u8
2026-05-30 14:18:50,898 [INFO] 
[11/14]
2026-05-30 14:18:50,898 [INFO] 🔍 Tivibu Spor 1 → https://atomsportv504.top/matches?id=tivibu-spor-1
2026-05-30 14:18:51,006 [INFO] Capturing request: https://atomsportv504.top/assets/js/clappr.js
2026-05-30 14:18:51,008 [INFO] Capturing request: https://atomsportv504.top/matches?id=tivibu-spor-1
2026-05-30 14:18:51,026 [INFO] Capturing response: https://atomsportv504.top/assets/js/clappr.js 200 
2026-05-30 14:18:51,625 [INFO] Capturing response: https://young-surf-88a9.halitumutseler.workers.dev/https://corestream.ronaldovurdu.help//aspor/tracks-v1a1/mono.m3u8 504 
2026-05-30 14:18:52,770 [INFO] Capturing request: https://young-surf-88a9.halitumutseler.workers.dev/https://corestream.ronaldovurdu.help//aspor/tracks-v1a1/mono.m3u8
2026-05-30 14:18:54,173 [INFO] Capturing request: https://android.clients.google.com/c2dm/register3
2026-05-30 14:18:54,202 [INFO] Capturing response: https://android.clients.google.com/c2dm/register3 301 
2026-05-30 14:18:55,711 [INFO] Capturing response: https://atomsportv504.top/matches?id=tivibu-spor-1 200 
2026-05-30 14:18:55,719 [INFO] Capturing request: https://atomsportv504.top/cdn-cgi/rum?
2026-05-30 14:18:55,745 [INFO] Capturing request: https://atomsportv504.top/cdn-cgi/rum?
2026-05-30 14:18:55,842 [INFO] Capturing request: https://teletv5.top/load/yayinlink.php?id=tivibu-spor-1
2026-05-30 14:18:55,847 [INFO] Capturing request: https://atomsportv504.top/favicon.ico
2026-05-30 14:18:55,852 [INFO] Capturing response: https://atomsportv504.top/cdn-cgi/rum? 204 
2026-05-30 14:18:55,854 [INFO] Capturing response: https://atomsportv504.top/cdn-cgi/rum? 204 
2026-05-30 14:18:55,875 [INFO] Capturing response: https://atomsportv504.top/favicon.ico 200 
2026-05-30 14:18:55,950 [INFO] Capturing request: https://streamsport365.com/cinema
2026-05-30 14:18:56,013 [INFO] Capturing response: https://teletv5.top/load/yayinlink.php?id=tivibu-spor-1 200 
2026-05-30 14:18:56,224 [INFO] Capturing response: https://streamsport365.com/cinema 200 
2026-05-30 14:18:56,910 [INFO] Capturing response: https://young-surf-88a9.halitumutseler.workers.dev/https://corestream.ronaldovurdu.help//aspor/tracks-v1a1/mono.m3u8 504 
2026-05-30 14:19:13,969 [INFO]   ✅ M3U8 bulundu: https://young-surf-88a9.halitumutseler.workers.dev/https://corestream.ronaldovurdu.help//aspor/tracks-v1a1/mono.m3u8
2026-05-30 14:19:14,969 [INFO] 
[12/14]
2026-05-30 14:19:14,969 [INFO] 🔍 Tivibu Spor 2 → https://atomsportv504.top/matches?id=tivibu-spor-2
2026-05-30 14:19:15,077 [INFO] Capturing request: https://atomsportv504.top/assets/js/clappr.js
2026-05-30 14:19:15,080 [INFO] Capturing request: https://atomsportv504.top/matches?id=tivibu-spor-2
2026-05-30 14:19:15,098 [INFO] Capturing response: https://atomsportv504.top/assets/js/clappr.js 200 
2026-05-30 14:19:15,354 [INFO] Capturing response: https://atomsportv504.top/matches?id=tivibu-spor-2 200 
2026-05-30 14:19:15,362 [INFO] Capturing request: https://atomsportv504.top/cdn-cgi/rum?
2026-05-30 14:19:15,396 [INFO] Capturing request: https://atomsportv504.top/cdn-cgi/rum?
2026-05-30 14:19:15,471 [INFO] Capturing response: https://atomsportv504.top/cdn-cgi/rum? 204 
2026-05-30 14:19:15,492 [INFO] Capturing request: https://teletv5.top/load/yayinlink.php?id=tivibu-spor-2
2026-05-30 14:19:15,498 [INFO] Capturing request: https://atomsportv504.top/favicon.ico
2026-05-30 14:19:15,528 [INFO] Capturing response: https://atomsportv504.top/favicon.ico 200 
2026-05-30 14:19:15,545 [INFO] Capturing response: https://atomsportv504.top/cdn-cgi/rum? 204 
2026-05-30 14:19:15,601 [INFO] Capturing request: https://streamsport365.com/cinema
2026-05-30 14:19:15,663 [INFO] Capturing response: https://teletv5.top/load/yayinlink.php?id=tivibu-spor-2 200 
2026-05-30 14:19:15,870 [INFO] Capturing response: https://streamsport365.com/cinema 200 
2026-05-30 14:19:48,652 [WARNING]   ❌ Tivibu Spor 2 için M3U8 bulunamadı
2026-05-30 14:19:49,652 [INFO] 
[13/14]
2026-05-30 14:19:49,653 [INFO] 🔍 Tivibu Spor 3 → https://atomsportv504.top/matches?id=tivibu-spor-3
2026-05-30 14:19:49,762 [INFO] Capturing request: https://atomsportv504.top/assets/js/clappr.js
2026-05-30 14:19:49,764 [INFO] Capturing request: https://atomsportv504.top/matches?id=tivibu-spor-3
2026-05-30 14:19:49,791 [INFO] Capturing response: https://atomsportv504.top/assets/js/clappr.js 200 
2026-05-30 14:19:50,046 [INFO] Capturing response: https://atomsportv504.top/matches?id=tivibu-spor-3 200 
2026-05-30 14:19:50,056 [INFO] Capturing request: https://atomsportv504.top/cdn-cgi/rum?
2026-05-30 14:19:50,088 [INFO] Capturing request: https://atomsportv504.top/cdn-cgi/rum?
2026-05-30 14:19:50,166 [INFO] Capturing response: https://atomsportv504.top/cdn-cgi/rum? 204 
2026-05-30 14:19:50,182 [INFO] Capturing request: https://teletv5.top/load/yayinlink.php?id=tivibu-spor-3
2026-05-30 14:19:50,189 [INFO] Capturing request: https://atomsportv504.top/favicon.ico
2026-05-30 14:19:50,229 [INFO] Capturing response: https://atomsportv504.top/favicon.ico 200 
2026-05-30 14:19:50,238 [INFO] Capturing response: https://atomsportv504.top/cdn-cgi/rum? 204 
2026-05-30 14:19:50,295 [INFO] Capturing request: https://streamsport365.com/cinema
2026-05-30 14:19:50,424 [INFO] Capturing response: https://teletv5.top/load/yayinlink.php?id=tivibu-spor-3 200 
2026-05-30 14:19:50,572 [INFO] Capturing response: https://streamsport365.com/cinema 200 
2026-05-30 14:20:23,347 [WARNING]   ❌ Tivibu Spor 3 için M3U8 bulunamadı
2026-05-30 14:20:24,347 [INFO] 
[14/14]
2026-05-30 14:20:24,347 [INFO] 🔍 Tivibu Spor 4 → https://atomsportv504.top/matches?id=tivibu-spor-4
2026-05-30 14:20:24,455 [INFO] Capturing request: https://atomsportv504.top/assets/js/clappr.js
2026-05-30 14:20:24,457 [INFO] Capturing request: https://atomsportv504.top/matches?id=tivibu-spor-4
2026-05-30 14:20:24,477 [INFO] Capturing response: https://atomsportv504.top/assets/js/clappr.js 200 
2026-05-30 14:20:24,736 [INFO] Capturing response: https://atomsportv504.top/matches?id=tivibu-spor-4 200 
2026-05-30 14:20:24,747 [INFO] Capturing request: https://atomsportv504.top/cdn-cgi/rum?
2026-05-30 14:20:24,775 [INFO] Capturing request: https://atomsportv504.top/cdn-cgi/rum?
2026-05-30 14:20:24,855 [INFO] Capturing response: https://atomsportv504.top/cdn-cgi/rum? 204 
2026-05-30 14:20:24,873 [INFO] Capturing request: https://teletv5.top/load/yayinlink.php?id=tivibu-spor-4
2026-05-30 14:20:24,877 [INFO] Capturing request: https://atomsportv504.top/favicon.ico
2026-05-30 14:20:24,907 [INFO] Capturing response: https://atomsportv504.top/favicon.ico 200 
2026-05-30 14:20:24,926 [INFO] Capturing response: https://atomsportv504.top/cdn-cgi/rum? 204 
2026-05-30 14:20:24,981 [INFO] Capturing request: https://streamsport365.com/cinema
2026-05-30 14:20:25,042 [INFO] Capturing response: https://teletv5.top/load/yayinlink.php?id=tivibu-spor-4 200 
2026-05-30 14:20:25,275 [INFO] Capturing response: https://streamsport365.com/cinema 200 
2026-05-30 14:20:58,039 [WARNING]   ❌ Tivibu Spor 4 için M3U8 bulunamadı
2026-05-30 14:20:59,106 [INFO] ✅ 6 kanal bulundu, playlist.m3u kaydedildi
