2026-06-14 06:46:22,781 [INFO] 🌐 BASE_URL: https://atomsportv506.top
2026-06-14 06:46:24,305 [INFO] Başlanıyor... 14 kanal taranacak
2026-06-14 06:46:24,305 [INFO] Using default request storage
2026-06-14 06:46:24,310 [INFO] Created proxy listening on 127.0.0.1:43399
2026-06-14 06:46:24,961 [INFO] Capturing request: http://clients2.google.com/time/1/current?cup2key=10:zdfHTsDAbmg64XcQzvrQwj1SxFKk1zbDgwnj3llXF0w&cup2hreq=e3b0c44298fc1c149afbf4c8996fb92427ae41e4649b934ca495991b7852b855
2026-06-14 06:46:25,016 [INFO] Capturing response: http://clients2.google.com/time/1/current?cup2key=10:zdfHTsDAbmg64XcQzvrQwj1SxFKk1zbDgwnj3llXF0w&cup2hreq=e3b0c44298fc1c149afbf4c8996fb92427ae41e4649b934ca495991b7852b855 200 OK
2026-06-14 06:46:25,083 [INFO] 
[1/14]
2026-06-14 06:46:25,083 [INFO] 🔍 beIN Sports 1 → https://atomsportv506.top/matches?id=bein-sports-1
2026-06-14 06:46:25,158 [INFO] Capturing request: https://accounts.google.com/ListAccounts?gpsia=1&source=ChromiumBrowser&json=standard&laf=b64bin
2026-06-14 06:46:25,313 [INFO] Capturing response: https://accounts.google.com/ListAccounts?gpsia=1&source=ChromiumBrowser&json=standard&laf=b64bin 200 
2026-06-14 06:46:25,315 [INFO] Capturing request: https://atomsportv506.top/matches?id=bein-sports-1
2026-06-14 06:46:25,432 [INFO] Capturing response: https://atomsportv506.top/matches?id=bein-sports-1 200 
2026-06-14 06:46:25,584 [INFO] Capturing request: https://atomsportv506.top/assets/js/clappr.js
2026-06-14 06:46:25,613 [INFO] Capturing request: https://www.google.com/async/folae?async=_fmt:pb&udm=50&client_locale=en-US
2026-06-14 06:46:25,634 [INFO] Capturing request: https://cdn.jsdelivr.net/npm/@clappr/player@latest/dist/clappr.min.js
2026-06-14 06:46:25,640 [INFO] Capturing request: https://cdnjs.cloudflare.com/ajax/libs/jquery/3.2.1/jquery.min.js
2026-06-14 06:46:25,642 [INFO] Capturing response: https://www.google.com/async/folae?async=_fmt:pb&udm=50&client_locale=en-US 200 
2026-06-14 06:46:25,655 [INFO] Capturing response: https://cdnjs.cloudflare.com/ajax/libs/jquery/3.2.1/jquery.min.js 200 
2026-06-14 06:46:25,660 [INFO] Capturing response: https://atomsportv506.top/assets/js/clappr.js 200 
2026-06-14 06:46:25,759 [INFO] Capturing response: https://cdn.jsdelivr.net/npm/@clappr/player@latest/dist/clappr.min.js 200 
2026-06-14 06:46:25,851 [INFO] Capturing request: https://static.cloudflareinsights.com/beacon.min.js/v833ccba57c9e4d2798f2e76cebdd09a11778172276447
2026-06-14 06:46:25,865 [INFO] Capturing response: https://static.cloudflareinsights.com/beacon.min.js/v833ccba57c9e4d2798f2e76cebdd09a11778172276447 200 
2026-06-14 06:46:25,925 [INFO] Capturing request: https://atomsportv506.top/cdn-cgi/rum?
2026-06-14 06:46:26,026 [INFO] Capturing request: https://atomsportv506.top/favicon.ico
2026-06-14 06:46:26,035 [INFO] Capturing response: https://atomsportv506.top/cdn-cgi/rum? 204 
2026-06-14 06:46:26,077 [INFO] Capturing response: https://atomsportv506.top/favicon.ico 200 
2026-06-14 06:46:26,101 [INFO] Capturing request: https://teletv5.top/load/yayinlink.php?id=bein-sports-1
2026-06-14 06:46:26,414 [INFO] Capturing response: https://teletv5.top/load/yayinlink.php?id=bein-sports-1 200 
2026-06-14 06:46:26,637 [INFO] Capturing request: https://streamsport365.com/cinema
2026-06-14 06:46:26,919 [INFO] Capturing response: https://streamsport365.com/cinema 200 
2026-06-14 06:46:27,048 [INFO] Capturing request: https://atomsportv506.top/assets/img/player_logo_6880e4e4c52ee.png
2026-06-14 06:46:27,091 [INFO] Capturing response: https://atomsportv506.top/assets/img/player_logo_6880e4e4c52ee.png 200 
2026-06-14 06:46:27,131 [INFO] Capturing request: https://hlssssssssssssssssss.yedeklinksa35.workers.dev/https://corestream.ronaldovurdu.help//aspor/tracks-v1a1/mono.m3u8
2026-06-14 06:46:27,652 [INFO] Capturing response: https://hlssssssssssssssssss.yedeklinksa35.workers.dev/https://corestream.ronaldovurdu.help//aspor/tracks-v1a1/mono.m3u8 200 
2026-06-14 06:46:27,889 [INFO] Capturing request: https://ts.yedeklinksa35.workers.dev/aspor/tracks-v1a1/2026/06/14/06/46/24-06000.avif
2026-06-14 06:46:28,017 [INFO] Capturing request: https://android.clients.google.com/checkin
2026-06-14 06:46:28,086 [INFO] Capturing response: https://android.clients.google.com/checkin 200 
2026-06-14 06:46:28,134 [INFO] Capturing request: https://android.clients.google.com/c2dm/register3
2026-06-14 06:46:28,140 [INFO] Capturing request: https://android.clients.google.com/c2dm/register3
2026-06-14 06:46:28,141 [INFO] Capturing request: https://android.clients.google.com/c2dm/register3
2026-06-14 06:46:28,161 [INFO] Capturing response: https://android.clients.google.com/c2dm/register3 301 
2026-06-14 06:46:28,174 [INFO] Capturing response: https://android.clients.google.com/c2dm/register3 200 
2026-06-14 06:46:28,629 [INFO] Capturing response: https://ts.yedeklinksa35.workers.dev/aspor/tracks-v1a1/2026/06/14/06/46/24-06000.avif 200 
2026-06-14 06:46:28,914 [INFO] Capturing request: https://ts.yedeklinksa35.workers.dev/aspor/tracks-v1a1/2026/06/14/06/46/30-06000.avif
2026-06-14 06:46:28,932 [INFO] Capturing response: https://android.clients.google.com/c2dm/register3 200 
2026-06-14 06:46:28,952 [INFO]   ✅ M3U8 bulundu: https://hlssssssssssssssssss.yedeklinksa35.workers.dev/https://corestream.ronaldovurdu.help//aspor/tracks-v1a1/mono.m3u8
2026-06-14 06:46:29,369 [INFO] Capturing response: https://ts.yedeklinksa35.workers.dev/aspor/tracks-v1a1/2026/06/14/06/46/30-06000.avif 200 
2026-06-14 06:46:29,607 [INFO] Capturing request: https://ts.yedeklinksa35.workers.dev/aspor/tracks-v1a1/2026/06/14/06/46/36-06000.avif
2026-06-14 06:46:29,953 [INFO] 
[2/14]
2026-06-14 06:46:29,954 [INFO] 🔍 beIN Sports 2 → https://atomsportv506.top/matches?id=bein-sports-2
2026-06-14 06:46:30,081 [INFO] Capturing response: https://ts.yedeklinksa35.workers.dev/aspor/tracks-v1a1/2026/06/14/06/46/36-06000.avif 200 
2026-06-14 06:46:30,136 [INFO] Capturing request: https://atomsportv506.top/matches?id=bein-sports-2
2026-06-14 06:46:30,182 [INFO] Capturing response: https://atomsportv506.top/matches?id=bein-sports-2 200 
2026-06-14 06:46:30,195 [INFO] Capturing request: https://atomsportv506.top/cdn-cgi/rum?
2026-06-14 06:46:30,251 [INFO] Capturing request: https://streamsport365.com/cinema
2026-06-14 06:46:30,252 [INFO] Capturing request: https://atomsportv506.top/cdn-cgi/rum?
2026-06-14 06:46:30,350 [INFO] Capturing request: https://teletv5.top/load/yayinlink.php?id=bein-sports-2
2026-06-14 06:46:30,351 [INFO] Capturing request: https://atomsportv506.top/favicon.ico
2026-06-14 06:46:30,353 [INFO] Capturing response: https://atomsportv506.top/cdn-cgi/rum? 204 
2026-06-14 06:46:30,379 [INFO] Capturing response: https://atomsportv506.top/favicon.ico 200 
2026-06-14 06:46:30,403 [INFO] Capturing response: https://atomsportv506.top/cdn-cgi/rum? 204 
2026-06-14 06:46:30,535 [INFO] Capturing response: https://streamsport365.com/cinema 200 
2026-06-14 06:46:30,635 [INFO] Capturing response: https://teletv5.top/load/yayinlink.php?id=bein-sports-2 200 
2026-06-14 06:46:30,757 [INFO] Capturing request: https://hlssssssssssssssssss.yedeklinksa35.workers.dev/https://corestream.ronaldovurdu.help//bein2/tracks-v1a1/mono.m3u8
2026-06-14 06:46:30,891 [INFO] Capturing response: https://hlssssssssssssssssss.yedeklinksa35.workers.dev/https://corestream.ronaldovurdu.help//bein2/tracks-v1a1/mono.m3u8 200 
2026-06-14 06:46:31,000 [INFO] Capturing request: https://ts.yedeklinksa35.workers.dev/bein2/tracks-v1a1/2026/06/14/06/46/52-10000.avif
2026-06-14 06:46:31,784 [INFO] Capturing response: https://ts.yedeklinksa35.workers.dev/bein2/tracks-v1a1/2026/06/14/06/46/52-10000.avif 200 
2026-06-14 06:46:32,194 [INFO] Capturing request: https://ts.yedeklinksa35.workers.dev/bein2/tracks-v1a1/2026/06/14/06/47/02-10000.avif
2026-06-14 06:46:32,949 [INFO] Capturing response: https://ts.yedeklinksa35.workers.dev/bein2/tracks-v1a1/2026/06/14/06/47/02-10000.avif 200 
2026-06-14 06:46:33,245 [INFO] Capturing request: https://ts.yedeklinksa35.workers.dev/bein2/tracks-v1a1/2026/06/14/06/47/12-10000.avif
2026-06-14 06:46:33,272 [INFO]   ✅ M3U8 bulundu: https://hlssssssssssssssssss.yedeklinksa35.workers.dev/https://corestream.ronaldovurdu.help//bein2/tracks-v1a1/mono.m3u8
2026-06-14 06:46:33,627 [INFO] Capturing response: https://ts.yedeklinksa35.workers.dev/bein2/tracks-v1a1/2026/06/14/06/47/12-10000.avif 200 
2026-06-14 06:46:34,273 [INFO] 
[3/14]
2026-06-14 06:46:34,273 [INFO] 🔍 beIN Sports 3 → https://atomsportv506.top/matches?id=bein-sports-3
2026-06-14 06:46:34,388 [INFO] Capturing request: https://atomsportv506.top/assets/js/clappr.js
2026-06-14 06:46:34,389 [INFO] Capturing request: https://atomsportv506.top/matches?id=bein-sports-3
2026-06-14 06:46:34,406 [INFO] Capturing response: https://atomsportv506.top/assets/js/clappr.js 200 
2026-06-14 06:46:34,443 [INFO] Capturing response: https://atomsportv506.top/matches?id=bein-sports-3 200 
2026-06-14 06:46:34,453 [INFO] Capturing request: https://atomsportv506.top/cdn-cgi/rum?
2026-06-14 06:46:34,481 [INFO] Capturing request: https://atomsportv506.top/cdn-cgi/rum?
2026-06-14 06:46:34,575 [INFO] Capturing request: https://teletv5.top/load/yayinlink.php?id=bein-sports-3
2026-06-14 06:46:34,580 [INFO] Capturing request: https://atomsportv506.top/favicon.ico
2026-06-14 06:46:34,588 [INFO] Capturing response: https://atomsportv506.top/cdn-cgi/rum? 204 
2026-06-14 06:46:34,590 [INFO] Capturing response: https://atomsportv506.top/cdn-cgi/rum? 204 
2026-06-14 06:46:34,608 [INFO] Capturing response: https://atomsportv506.top/favicon.ico 200 
2026-06-14 06:46:34,695 [INFO] Capturing request: https://streamsport365.com/cinema
2026-06-14 06:46:34,736 [INFO] Capturing response: https://teletv5.top/load/yayinlink.php?id=bein-sports-3 200 
2026-06-14 06:46:34,975 [INFO] Capturing response: https://streamsport365.com/cinema 200 
2026-06-14 06:46:50,092 [INFO] Capturing request: https://android.clients.google.com/c2dm/register3
2026-06-14 06:46:50,634 [INFO] Capturing response: https://android.clients.google.com/c2dm/register3 200 
2026-06-14 06:46:53,095 [INFO] Capturing request: https://android.clients.google.com/c2dm/register3
2026-06-14 06:46:53,127 [INFO] Capturing response: https://android.clients.google.com/c2dm/register3 301 
2026-06-14 06:47:07,801 [WARNING]   ❌ beIN Sports 3 için M3U8 bulunamadı
2026-06-14 06:47:08,802 [INFO] 
[4/14]
2026-06-14 06:47:08,802 [INFO] 🔍 beIN Sports 4 → https://atomsportv506.top/matches?id=bein-sports-4
2026-06-14 06:47:08,912 [INFO] Capturing request: https://atomsportv506.top/matches?id=bein-sports-4
2026-06-14 06:47:09,399 [INFO] Capturing response: https://atomsportv506.top/matches?id=bein-sports-4 200 
2026-06-14 06:47:09,407 [INFO] Capturing request: https://atomsportv506.top/cdn-cgi/rum?
2026-06-14 06:47:09,438 [INFO] Capturing request: https://atomsportv506.top/cdn-cgi/rum?
2026-06-14 06:47:09,518 [INFO] Capturing response: https://atomsportv506.top/cdn-cgi/rum? 204 
2026-06-14 06:47:09,537 [INFO] Capturing request: https://teletv5.top/load/yayinlink.php?id=bein-sports-4
2026-06-14 06:47:09,538 [INFO] Capturing request: https://atomsportv506.top/favicon.ico
2026-06-14 06:47:09,571 [INFO] Capturing response: https://atomsportv506.top/favicon.ico 200 
2026-06-14 06:47:09,593 [INFO] Capturing response: https://atomsportv506.top/cdn-cgi/rum? 204 
2026-06-14 06:47:09,654 [INFO] Capturing request: https://streamsport365.com/cinema
2026-06-14 06:47:09,701 [INFO] Capturing response: https://teletv5.top/load/yayinlink.php?id=bein-sports-4 200 
2026-06-14 06:47:09,935 [INFO] Capturing response: https://streamsport365.com/cinema 200 
2026-06-14 06:47:25,037 [INFO] Capturing request: https://update.googleapis.com/service/update2/json?cup2key=16:WveqlRatiyw8va-dgDufmn2SckJI22oFEieMTYGYVHo&cup2hreq=c046f13bf8c9d3f9282a0ee1c160c620fbfc5f71c9552e936ebd3b5c989e4e1a
2026-06-14 06:47:25,066 [INFO] Capturing response: https://update.googleapis.com/service/update2/json?cup2key=16:WveqlRatiyw8va-dgDufmn2SckJI22oFEieMTYGYVHo&cup2hreq=c046f13bf8c9d3f9282a0ee1c160c620fbfc5f71c9552e936ebd3b5c989e4e1a 200 
2026-06-14 06:47:25,079 [INFO] Capturing request: http://edgedl.me.gvt1.com/edgedl/diffgen-puffin/gcmjkmgdlgnkkcocmoeiminaijmmjnii/71d926df14cb4c89c6f8f88e6c0bfcf6fe1e1a256ca7f8db04002a111af4c5b0
2026-06-14 06:47:25,093 [INFO] Capturing response: http://edgedl.me.gvt1.com/edgedl/diffgen-puffin/gcmjkmgdlgnkkcocmoeiminaijmmjnii/71d926df14cb4c89c6f8f88e6c0bfcf6fe1e1a256ca7f8db04002a111af4c5b0 200 OK
2026-06-14 06:47:25,120 [INFO] Capturing request: https://update.googleapis.com/service/update2/json
2026-06-14 06:47:25,144 [INFO] Capturing response: https://update.googleapis.com/service/update2/json 200 
2026-06-14 06:47:25,189 [INFO] Capturing request: http://edgedl.me.gvt1.com/edgedl/release2/chrome_component/izbbka66ndpnplvibnczrevqxa_10584/hfnkpimlhhgieaddgfemjhofmfblmnib_10584_all_gigfr2zh4ef63yqfkyptnqhsbq.crx3
2026-06-14 06:47:25,204 [INFO] Capturing response: http://edgedl.me.gvt1.com/edgedl/release2/chrome_component/izbbka66ndpnplvibnczrevqxa_10584/hfnkpimlhhgieaddgfemjhofmfblmnib_10584_all_gigfr2zh4ef63yqfkyptnqhsbq.crx3 200 OK
2026-06-14 06:47:25,237 [INFO] Capturing request: https://update.googleapis.com/service/update2/json
2026-06-14 06:47:25,261 [INFO] Capturing response: https://update.googleapis.com/service/update2/json 200 
2026-06-14 06:47:42,735 [WARNING]   ❌ beIN Sports 4 için M3U8 bulunamadı
2026-06-14 06:47:43,736 [INFO] 
[5/14]
2026-06-14 06:47:43,736 [INFO] 🔍 beIN Sports 5 → https://atomsportv506.top/matches?id=bein-sports-5
2026-06-14 06:47:43,876 [INFO] Capturing request: https://atomsportv506.top/matches?id=bein-sports-5
2026-06-14 06:47:44,484 [INFO] Capturing response: https://atomsportv506.top/matches?id=bein-sports-5 200 
2026-06-14 06:47:44,493 [INFO] Capturing request: https://atomsportv506.top/cdn-cgi/rum?
2026-06-14 06:47:44,524 [INFO] Capturing request: https://atomsportv506.top/cdn-cgi/rum?
2026-06-14 06:47:44,601 [INFO] Capturing response: https://atomsportv506.top/cdn-cgi/rum? 204 
2026-06-14 06:47:44,630 [INFO] Capturing request: https://atomsportv506.top/favicon.ico
2026-06-14 06:47:44,659 [INFO] Capturing response: https://atomsportv506.top/favicon.ico 200 
2026-06-14 06:47:44,666 [INFO] Capturing request: https://teletv5.top/load/yayinlink.php?id=bein-sports-5
2026-06-14 06:47:44,675 [INFO] Capturing response: https://atomsportv506.top/cdn-cgi/rum? 204 
2026-06-14 06:47:45,006 [INFO] Capturing response: https://teletv5.top/load/yayinlink.php?id=bein-sports-5 200 
2026-06-14 06:47:45,186 [INFO] Capturing request: https://streamsport365.com/cinema
2026-06-14 06:47:45,471 [INFO] Capturing response: https://streamsport365.com/cinema 200 
2026-06-14 06:47:45,818 [INFO] Capturing request: https://android.clients.google.com/c2dm/register3
2026-06-14 06:47:45,852 [INFO] Capturing response: https://android.clients.google.com/c2dm/register3 301 
2026-06-14 06:48:17,796 [WARNING]   ❌ beIN Sports 5 için M3U8 bulunamadı
2026-06-14 06:48:18,796 [INFO] 
[6/14]
2026-06-14 06:48:18,796 [INFO] 🔍 beIN Sports Max 1 → https://atomsportv506.top/matches?id=bein-sports-max-1
2026-06-14 06:48:18,908 [INFO] Capturing request: https://atomsportv506.top/assets/js/clappr.js
2026-06-14 06:48:18,912 [INFO] Capturing request: https://atomsportv506.top/matches?id=bein-sports-max-1
2026-06-14 06:48:18,926 [INFO] Capturing response: https://atomsportv506.top/assets/js/clappr.js 200 
2026-06-14 06:48:19,184 [INFO] Capturing response: https://atomsportv506.top/matches?id=bein-sports-max-1 200 
2026-06-14 06:48:19,193 [INFO] Capturing request: https://atomsportv506.top/cdn-cgi/rum?
2026-06-14 06:48:19,225 [INFO] Capturing request: https://atomsportv506.top/cdn-cgi/rum?
2026-06-14 06:48:19,301 [INFO] Capturing response: https://atomsportv506.top/cdn-cgi/rum? 204 
2026-06-14 06:48:19,318 [INFO] Capturing request: https://teletv5.top/load/yayinlink.php?id=bein-sports-max-1
2026-06-14 06:48:19,330 [INFO] Capturing request: https://atomsportv506.top/favicon.ico
2026-06-14 06:48:19,361 [INFO] Capturing response: https://atomsportv506.top/favicon.ico 200 
2026-06-14 06:48:19,374 [INFO] Capturing response: https://atomsportv506.top/cdn-cgi/rum? 204 
2026-06-14 06:48:19,437 [INFO] Capturing request: https://streamsport365.com/cinema
2026-06-14 06:48:19,488 [INFO] Capturing response: https://teletv5.top/load/yayinlink.php?id=bein-sports-max-1 200 
2026-06-14 06:48:19,726 [INFO] Capturing response: https://streamsport365.com/cinema 200 
2026-06-14 06:48:52,499 [WARNING]   ❌ beIN Sports Max 1 için M3U8 bulunamadı
2026-06-14 06:48:53,499 [INFO] 
[7/14]
2026-06-14 06:48:53,499 [INFO] 🔍 beIN Sports Max 2 → https://atomsportv506.top/matches?id=bein-sports-max-2
2026-06-14 06:48:53,607 [INFO] Capturing request: https://atomsportv506.top/assets/js/clappr.js
2026-06-14 06:48:53,609 [INFO] Capturing request: https://atomsportv506.top/matches?id=bein-sports-max-2
2026-06-14 06:48:53,624 [INFO] Capturing response: https://atomsportv506.top/assets/js/clappr.js 200 
2026-06-14 06:48:53,878 [INFO] Capturing response: https://atomsportv506.top/matches?id=bein-sports-max-2 200 
2026-06-14 06:48:53,886 [INFO] Capturing request: https://atomsportv506.top/cdn-cgi/rum?
2026-06-14 06:48:53,923 [INFO] Capturing request: https://atomsportv506.top/cdn-cgi/rum?
2026-06-14 06:48:53,993 [INFO] Capturing response: https://atomsportv506.top/cdn-cgi/rum? 204 
2026-06-14 06:48:54,020 [INFO] Capturing request: https://teletv5.top/load/yayinlink.php?id=bein-sports-max-2
2026-06-14 06:48:54,024 [INFO] Capturing request: https://atomsportv506.top/favicon.ico
2026-06-14 06:48:54,053 [INFO] Capturing response: https://atomsportv506.top/favicon.ico 200 
2026-06-14 06:48:54,073 [INFO] Capturing response: https://atomsportv506.top/cdn-cgi/rum? 204 
2026-06-14 06:48:54,133 [INFO] Capturing request: https://streamsport365.com/cinema
2026-06-14 06:48:54,192 [INFO] Capturing response: https://teletv5.top/load/yayinlink.php?id=bein-sports-max-2 200 
2026-06-14 06:48:54,426 [INFO] Capturing response: https://streamsport365.com/cinema 200 
2026-06-14 06:49:21,212 [INFO] Capturing request: https://android.clients.google.com/c2dm/register3
2026-06-14 06:49:21,236 [INFO] Capturing response: https://android.clients.google.com/c2dm/register3 301 
2026-06-14 06:49:27,201 [WARNING]   ❌ beIN Sports Max 2 için M3U8 bulunamadı
2026-06-14 06:49:28,201 [INFO] 
[8/14]
2026-06-14 06:49:28,201 [INFO] 🔍 S Sport → https://atomsportv506.top/matches?id=s-sport
2026-06-14 06:49:28,311 [INFO] Capturing request: https://atomsportv506.top/assets/js/clappr.js
2026-06-14 06:49:28,312 [INFO] Capturing request: https://atomsportv506.top/matches?id=s-sport
2026-06-14 06:49:28,326 [INFO] Capturing response: https://atomsportv506.top/assets/js/clappr.js 200 
2026-06-14 06:49:28,578 [INFO] Capturing response: https://atomsportv506.top/matches?id=s-sport 200 
2026-06-14 06:49:28,587 [INFO] Capturing request: https://atomsportv506.top/cdn-cgi/rum?
2026-06-14 06:49:28,620 [INFO] Capturing request: https://atomsportv506.top/cdn-cgi/rum?
2026-06-14 06:49:28,695 [INFO] Capturing response: https://atomsportv506.top/cdn-cgi/rum? 204 
2026-06-14 06:49:28,715 [INFO] Capturing request: https://teletv5.top/load/yayinlink.php?id=s-sport
2026-06-14 06:49:28,722 [INFO] Capturing request: https://atomsportv506.top/favicon.ico
2026-06-14 06:49:28,749 [INFO] Capturing response: https://atomsportv506.top/favicon.ico 200 
2026-06-14 06:49:28,768 [INFO] Capturing response: https://atomsportv506.top/cdn-cgi/rum? 204 
2026-06-14 06:49:28,832 [INFO] Capturing request: https://streamsport365.com/cinema
2026-06-14 06:49:28,934 [INFO] Capturing response: https://teletv5.top/load/yayinlink.php?id=s-sport 200 
2026-06-14 06:49:29,109 [INFO] Capturing response: https://streamsport365.com/cinema 200 
2026-06-14 06:49:29,262 [INFO] Capturing request: https://hlssssssssssssssssss.yedeklinksa35.workers.dev/https://corestream.ronaldovurdu.help//s-sportt/tracks-v1a1/mono.m3u8
2026-06-14 06:49:29,442 [INFO] Capturing response: https://hlssssssssssssssssss.yedeklinksa35.workers.dev/https://corestream.ronaldovurdu.help//s-sportt/tracks-v1a1/mono.m3u8 200 
2026-06-14 06:49:29,626 [INFO] Capturing request: https://ts.yedeklinksa35.workers.dev/s-sportt/tracks-v1a1/2026/06/14/06/49/13-06000.avif
2026-06-14 06:49:29,978 [INFO] Capturing response: https://ts.yedeklinksa35.workers.dev/s-sportt/tracks-v1a1/2026/06/14/06/49/13-06000.avif 200 
2026-06-14 06:49:30,212 [INFO] Capturing request: https://ts.yedeklinksa35.workers.dev/s-sportt/tracks-v1a1/2026/06/14/06/49/19-06000.avif
2026-06-14 06:49:30,615 [INFO] Capturing response: https://ts.yedeklinksa35.workers.dev/s-sportt/tracks-v1a1/2026/06/14/06/49/19-06000.avif 200 
2026-06-14 06:49:30,874 [INFO] Capturing request: https://ts.yedeklinksa35.workers.dev/s-sportt/tracks-v1a1/2026/06/14/06/49/25-06000.avif
2026-06-14 06:49:31,580 [INFO] Capturing response: https://ts.yedeklinksa35.workers.dev/s-sportt/tracks-v1a1/2026/06/14/06/49/25-06000.avif 200 
2026-06-14 06:49:31,662 [INFO]   ✅ M3U8 bulundu: https://hlssssssssssssssssss.yedeklinksa35.workers.dev/https://corestream.ronaldovurdu.help//s-sportt/tracks-v1a1/mono.m3u8
2026-06-14 06:49:32,662 [INFO] 
[9/14]
2026-06-14 06:49:32,663 [INFO] 🔍 S Sport 2 → https://atomsportv506.top/matches?id=s-sport-2
2026-06-14 06:49:32,773 [INFO] Capturing request: https://atomsportv506.top/assets/js/clappr.js
2026-06-14 06:49:32,775 [INFO] Capturing request: https://atomsportv506.top/matches?id=s-sport-2
2026-06-14 06:49:32,789 [INFO] Capturing response: https://atomsportv506.top/assets/js/clappr.js 200 
2026-06-14 06:49:32,824 [INFO] Capturing response: https://atomsportv506.top/matches?id=s-sport-2 200 
2026-06-14 06:49:32,834 [INFO] Capturing request: https://atomsportv506.top/cdn-cgi/rum?
2026-06-14 06:49:32,867 [INFO] Capturing request: https://streamsport365.com/cinema
2026-06-14 06:49:32,875 [INFO] Capturing request: https://atomsportv506.top/cdn-cgi/rum?
2026-06-14 06:49:32,964 [INFO] Capturing request: https://teletv5.top/load/yayinlink.php?id=s-sport-2
2026-06-14 06:49:32,975 [INFO] Capturing request: https://atomsportv506.top/favicon.ico
2026-06-14 06:49:32,982 [INFO] Capturing response: https://atomsportv506.top/cdn-cgi/rum? 204 
2026-06-14 06:49:32,984 [INFO] Capturing response: https://atomsportv506.top/cdn-cgi/rum? 204 
2026-06-14 06:49:33,000 [INFO] Capturing response: https://atomsportv506.top/favicon.ico 200 
2026-06-14 06:49:33,132 [INFO] Capturing response: https://teletv5.top/load/yayinlink.php?id=s-sport-2 200 
2026-06-14 06:49:33,150 [INFO] Capturing response: https://streamsport365.com/cinema 200 
2026-06-14 06:49:33,290 [INFO] Capturing request: https://hlssssssssssssssssss.yedeklinksa35.workers.dev/https://corestream.ronaldovurdu.help//s-sport2/tracks-v1a1/mono.m3u8
2026-06-14 06:49:33,422 [INFO] Capturing response: https://hlssssssssssssssssss.yedeklinksa35.workers.dev/https://corestream.ronaldovurdu.help//s-sport2/tracks-v1a1/mono.m3u8 200 
2026-06-14 06:49:33,531 [INFO] Capturing request: https://ts.yedeklinksa35.workers.dev/s-sport2/tracks-v1a1/2026/06/14/06/50/25-06000.avif
2026-06-14 06:49:33,929 [INFO] Capturing response: https://ts.yedeklinksa35.workers.dev/s-sport2/tracks-v1a1/2026/06/14/06/50/25-06000.avif 200 
2026-06-14 06:49:34,143 [INFO] Capturing request: https://ts.yedeklinksa35.workers.dev/s-sport2/tracks-v1a1/2026/06/14/06/50/31-06000.avif
2026-06-14 06:49:34,525 [INFO] Capturing response: https://ts.yedeklinksa35.workers.dev/s-sport2/tracks-v1a1/2026/06/14/06/50/31-06000.avif 200 
2026-06-14 06:49:34,755 [INFO] Capturing request: https://ts.yedeklinksa35.workers.dev/s-sport2/tracks-v1a1/2026/06/14/06/50/37-06000.avif
2026-06-14 06:49:35,530 [INFO] Capturing response: https://ts.yedeklinksa35.workers.dev/s-sport2/tracks-v1a1/2026/06/14/06/50/37-06000.avif 200 
2026-06-14 06:49:35,894 [INFO]   ✅ M3U8 bulundu: https://hlssssssssssssssssss.yedeklinksa35.workers.dev/https://corestream.ronaldovurdu.help//s-sport2/tracks-v1a1/mono.m3u8
2026-06-14 06:49:36,895 [INFO] 
[10/14]
2026-06-14 06:49:36,895 [INFO] 🔍 A Spor → https://atomsportv506.top/matches?id=a-spor
2026-06-14 06:49:37,006 [INFO] Capturing request: https://atomsportv506.top/assets/js/clappr.js
2026-06-14 06:49:37,007 [INFO] Capturing request: https://atomsportv506.top/matches?id=a-spor
2026-06-14 06:49:37,021 [INFO] Capturing response: https://atomsportv506.top/assets/js/clappr.js 200 
2026-06-14 06:49:37,054 [INFO] Capturing response: https://atomsportv506.top/matches?id=a-spor 200 
2026-06-14 06:49:37,066 [INFO] Capturing request: https://atomsportv506.top/cdn-cgi/rum?
2026-06-14 06:49:37,099 [INFO] Capturing request: https://atomsportv506.top/cdn-cgi/rum?
2026-06-14 06:49:37,191 [INFO] Capturing request: https://teletv5.top/load/yayinlink.php?id=a-spor
2026-06-14 06:49:37,209 [INFO] Capturing response: https://atomsportv506.top/cdn-cgi/rum? 204 
2026-06-14 06:49:37,214 [INFO] Capturing request: https://atomsportv506.top/favicon.ico
2026-06-14 06:49:37,216 [INFO] Capturing response: https://atomsportv506.top/cdn-cgi/rum? 204 
2026-06-14 06:49:37,240 [INFO] Capturing response: https://atomsportv506.top/favicon.ico 200 
2026-06-14 06:49:37,317 [INFO] Capturing request: https://streamsport365.com/cinema
2026-06-14 06:49:37,594 [INFO] Capturing response: https://streamsport365.com/cinema 200 
2026-06-14 06:49:37,850 [INFO] Capturing response: https://teletv5.top/load/yayinlink.php?id=a-spor 200 
2026-06-14 06:49:37,969 [INFO] Capturing request: https://hlssssssssssssssssss.yedeklinksa35.workers.dev/https://corestream.ronaldovurdu.help//aspor/tracks-v1a1/mono.m3u8
2026-06-14 06:49:38,103 [INFO] Capturing response: https://hlssssssssssssssssss.yedeklinksa35.workers.dev/https://corestream.ronaldovurdu.help//aspor/tracks-v1a1/mono.m3u8 200 
2026-06-14 06:49:38,212 [INFO] Capturing request: https://ts.yedeklinksa35.workers.dev/aspor/tracks-v1a1/2026/06/14/06/49/36-06000.avif
2026-06-14 06:49:38,652 [INFO] Capturing response: https://ts.yedeklinksa35.workers.dev/aspor/tracks-v1a1/2026/06/14/06/49/36-06000.avif 200 
2026-06-14 06:49:38,923 [INFO] Capturing request: https://ts.yedeklinksa35.workers.dev/aspor/tracks-v1a1/2026/06/14/06/49/42-06000.avif
2026-06-14 06:49:39,678 [INFO] Capturing response: https://ts.yedeklinksa35.workers.dev/aspor/tracks-v1a1/2026/06/14/06/49/42-06000.avif 200 
2026-06-14 06:49:39,951 [INFO] Capturing request: https://ts.yedeklinksa35.workers.dev/aspor/tracks-v1a1/2026/06/14/06/49/48-06000.avif
2026-06-14 06:49:40,127 [INFO]   ✅ M3U8 bulundu: https://hlssssssssssssssssss.yedeklinksa35.workers.dev/https://corestream.ronaldovurdu.help//aspor/tracks-v1a1/mono.m3u8
2026-06-14 06:49:40,460 [INFO] Capturing response: https://ts.yedeklinksa35.workers.dev/aspor/tracks-v1a1/2026/06/14/06/49/48-06000.avif 200 
2026-06-14 06:49:41,128 [INFO] 
[11/14]
2026-06-14 06:49:41,128 [INFO] 🔍 Tivibu Spor 1 → https://atomsportv506.top/matches?id=tivibu-spor-1
2026-06-14 06:49:41,238 [INFO] Capturing request: https://atomsportv506.top/assets/js/clappr.js
2026-06-14 06:49:41,241 [INFO] Capturing request: https://atomsportv506.top/matches?id=tivibu-spor-1
2026-06-14 06:49:41,252 [INFO] Capturing response: https://atomsportv506.top/assets/js/clappr.js 200 
2026-06-14 06:49:41,280 [INFO] Capturing response: https://atomsportv506.top/matches?id=tivibu-spor-1 200 
2026-06-14 06:49:41,289 [INFO] Capturing request: https://atomsportv506.top/cdn-cgi/rum?
2026-06-14 06:49:41,318 [INFO] Capturing request: https://streamsport365.com/cinema
2026-06-14 06:49:41,321 [INFO] Capturing request: https://atomsportv506.top/cdn-cgi/rum?
2026-06-14 06:49:41,424 [INFO] Capturing request: https://teletv5.top/load/yayinlink.php?id=tivibu-spor-1
2026-06-14 06:49:41,426 [INFO] Capturing request: https://atomsportv506.top/favicon.ico
2026-06-14 06:49:41,428 [INFO] Capturing response: https://atomsportv506.top/cdn-cgi/rum? 204 
2026-06-14 06:49:41,430 [INFO] Capturing response: https://atomsportv506.top/cdn-cgi/rum? 204 
2026-06-14 06:49:41,452 [INFO] Capturing response: https://atomsportv506.top/favicon.ico 200 
2026-06-14 06:49:41,590 [INFO] Capturing response: https://teletv5.top/load/yayinlink.php?id=tivibu-spor-1 200 
2026-06-14 06:49:41,606 [INFO] Capturing response: https://streamsport365.com/cinema 200 
2026-06-14 06:50:14,606 [WARNING]   ❌ Tivibu Spor 1 için M3U8 bulunamadı
2026-06-14 06:50:15,607 [INFO] 
[12/14]
2026-06-14 06:50:15,607 [INFO] 🔍 Tivibu Spor 2 → https://atomsportv506.top/matches?id=tivibu-spor-2
2026-06-14 06:50:15,715 [INFO] Capturing request: https://atomsportv506.top/assets/js/clappr.js
2026-06-14 06:50:15,718 [INFO] Capturing request: https://atomsportv506.top/matches?id=tivibu-spor-2
2026-06-14 06:50:15,731 [INFO] Capturing response: https://atomsportv506.top/assets/js/clappr.js 200 
2026-06-14 06:50:15,982 [INFO] Capturing response: https://atomsportv506.top/matches?id=tivibu-spor-2 200 
2026-06-14 06:50:15,991 [INFO] Capturing request: https://atomsportv506.top/cdn-cgi/rum?
2026-06-14 06:50:16,017 [INFO] Capturing request: https://atomsportv506.top/cdn-cgi/rum?
2026-06-14 06:50:16,099 [INFO] Capturing response: https://atomsportv506.top/cdn-cgi/rum? 204 
2026-06-14 06:50:16,114 [INFO] Capturing request: https://teletv5.top/load/yayinlink.php?id=tivibu-spor-2
2026-06-14 06:50:16,121 [INFO] Capturing request: https://atomsportv506.top/favicon.ico
2026-06-14 06:50:16,149 [INFO] Capturing response: https://atomsportv506.top/favicon.ico 200 
2026-06-14 06:50:16,167 [INFO] Capturing response: https://atomsportv506.top/cdn-cgi/rum? 204 
2026-06-14 06:50:16,233 [INFO] Capturing request: https://streamsport365.com/cinema
2026-06-14 06:50:16,283 [INFO] Capturing response: https://teletv5.top/load/yayinlink.php?id=tivibu-spor-2 200 
2026-06-14 06:50:16,513 [INFO] Capturing response: https://streamsport365.com/cinema 200 
2026-06-14 06:50:49,302 [WARNING]   ❌ Tivibu Spor 2 için M3U8 bulunamadı
2026-06-14 06:50:50,302 [INFO] 
[13/14]
2026-06-14 06:50:50,303 [INFO] 🔍 Tivibu Spor 3 → https://atomsportv506.top/matches?id=tivibu-spor-3
2026-06-14 06:50:50,410 [INFO] Capturing request: https://atomsportv506.top/assets/js/clappr.js
2026-06-14 06:50:50,413 [INFO] Capturing request: https://atomsportv506.top/matches?id=tivibu-spor-3
2026-06-14 06:50:50,425 [INFO] Capturing response: https://atomsportv506.top/assets/js/clappr.js 200 
2026-06-14 06:50:50,670 [INFO] Capturing response: https://atomsportv506.top/matches?id=tivibu-spor-3 200 
2026-06-14 06:50:50,678 [INFO] Capturing request: https://atomsportv506.top/cdn-cgi/rum?
2026-06-14 06:50:50,712 [INFO] Capturing request: https://atomsportv506.top/cdn-cgi/rum?
2026-06-14 06:50:50,785 [INFO] Capturing response: https://atomsportv506.top/cdn-cgi/rum? 204 
2026-06-14 06:50:50,808 [INFO] Capturing request: https://teletv5.top/load/yayinlink.php?id=tivibu-spor-3
2026-06-14 06:50:50,815 [INFO] Capturing request: https://atomsportv506.top/favicon.ico
2026-06-14 06:50:50,842 [INFO] Capturing response: https://atomsportv506.top/favicon.ico 200 
2026-06-14 06:50:50,860 [INFO] Capturing response: https://atomsportv506.top/cdn-cgi/rum? 204 
2026-06-14 06:50:50,924 [INFO] Capturing request: https://streamsport365.com/cinema
2026-06-14 06:50:50,977 [INFO] Capturing response: https://teletv5.top/load/yayinlink.php?id=tivibu-spor-3 200 
2026-06-14 06:50:51,204 [INFO] Capturing response: https://streamsport365.com/cinema 200 
2026-06-14 06:51:23,993 [WARNING]   ❌ Tivibu Spor 3 için M3U8 bulunamadı
2026-06-14 06:51:24,993 [INFO] 
[14/14]
2026-06-14 06:51:24,993 [INFO] 🔍 Tivibu Spor 4 → https://atomsportv506.top/matches?id=tivibu-spor-4
2026-06-14 06:51:25,103 [INFO] Capturing request: https://atomsportv506.top/assets/js/clappr.js
2026-06-14 06:51:25,104 [INFO] Capturing request: https://atomsportv506.top/matches?id=tivibu-spor-4
2026-06-14 06:51:25,120 [INFO] Capturing response: https://atomsportv506.top/assets/js/clappr.js 200 
2026-06-14 06:51:25,371 [INFO] Capturing response: https://atomsportv506.top/matches?id=tivibu-spor-4 200 
2026-06-14 06:51:25,381 [INFO] Capturing request: https://atomsportv506.top/cdn-cgi/rum?
2026-06-14 06:51:25,415 [INFO] Capturing request: https://atomsportv506.top/cdn-cgi/rum?
2026-06-14 06:51:25,490 [INFO] Capturing response: https://atomsportv506.top/cdn-cgi/rum? 204 
2026-06-14 06:51:25,514 [INFO] Capturing request: https://teletv5.top/load/yayinlink.php?id=tivibu-spor-4
2026-06-14 06:51:25,518 [INFO] Capturing request: https://atomsportv506.top/favicon.ico
2026-06-14 06:51:25,547 [INFO] Capturing response: https://atomsportv506.top/favicon.ico 200 
2026-06-14 06:51:25,565 [INFO] Capturing response: https://atomsportv506.top/cdn-cgi/rum? 204 
2026-06-14 06:51:25,634 [INFO] Capturing request: https://streamsport365.com/cinema
2026-06-14 06:51:25,685 [INFO] Capturing response: https://teletv5.top/load/yayinlink.php?id=tivibu-spor-4 200 
2026-06-14 06:51:25,911 [INFO] Capturing response: https://streamsport365.com/cinema 200 
2026-06-14 06:51:58,705 [WARNING]   ❌ Tivibu Spor 4 için M3U8 bulunamadı
2026-06-14 06:51:59,772 [INFO] ✅ 5 kanal bulundu, playlist.m3u kaydedildi
