2026-04-23 21:52:52,959 [INFO] 🔎 Domain aralığı taranıyor: atomsportv490.top - atomsportv520.top
2026-04-23 21:52:54,787 [INFO]   ✅ Aktif domain bulundu: https://atomsportv499.top
2026-04-23 21:52:54,788 [INFO] 🌐 Kullanılan BASE_URL: https://atomsportv499.top
2026-04-23 21:52:55,560 [INFO] ✅ SeleniumWire aktif
2026-04-23 21:52:55,561 [INFO] =======================================================
2026-04-23 21:52:55,561 [INFO]    M3U8 Scraper
2026-04-23 21:52:55,561 [INFO]    Base URL : https://atomsportv499.top
2026-04-23 21:52:55,562 [INFO]    Toplam   : 13 sayfa
2026-04-23 21:52:55,562 [INFO] =======================================================
2026-04-23 21:52:55,562 [INFO] 🔧 Driver başlatılıyor...
2026-04-23 21:52:56,304 [INFO] ✅ Driver başlatıldı
2026-04-23 21:52:56,304 [INFO] 
[1/13]
2026-04-23 21:52:56,304 [INFO] 
──────────────────────────────────────────────────
2026-04-23 21:52:56,304 [INFO] 🔍 beIN Sports 1 → https://atomsportv499.top/matches?id=bein-sports-1
2026-04-23 21:52:56,304 [INFO] ──────────────────────────────────────────────────
2026-04-23 21:53:28,494 [INFO]   📡 M3U8 bekleniyor (max 8s)...
2026-04-23 21:53:28,505 [INFO]   🎯 DOĞRU kanal bulundu: https://hlsssssss.neymardacorona.workers.dev/https://corestream.ronaldovurdu.help//hls/bein-sports-11.m3u8
2026-04-23 21:53:28,506 [INFO]   ✅ beIN Sports 1: https://hlsssssss.neymardacorona.workers.dev/https://corestream.ronaldovurdu.help//hls/bein-sports-11.m3u8
2026-04-23 21:53:29,506 [INFO] 
[2/13]
2026-04-23 21:53:29,506 [INFO] 
──────────────────────────────────────────────────
2026-04-23 21:53:29,506 [INFO] 🔍 beIN Sports 2 → https://atomsportv499.top/matches?id=bein-sports-2
2026-04-23 21:53:29,506 [INFO] ──────────────────────────────────────────────────
2026-04-23 21:54:01,814 [INFO]   📡 M3U8 bekleniyor (max 8s)...
2026-04-23 21:54:01,827 [INFO]   🎯 DOĞRU kanal bulundu: https://hlsssssss.neymardacorona.workers.dev/https://corestream.ronaldovurdu.help//hls/bein-sports-2.m3u8
2026-04-23 21:54:01,828 [INFO]   ✅ beIN Sports 2: https://hlsssssss.neymardacorona.workers.dev/https://corestream.ronaldovurdu.help//hls/bein-sports-2.m3u8
2026-04-23 21:54:02,828 [INFO] 
[3/13]
2026-04-23 21:54:02,828 [INFO] 
──────────────────────────────────────────────────
2026-04-23 21:54:02,828 [INFO] 🔍 beIN Sports 3 → https://atomsportv499.top/matches?id=bein-sports-3
2026-04-23 21:54:02,828 [INFO] ──────────────────────────────────────────────────
2026-04-23 21:54:35,008 [INFO]   📡 M3U8 bekleniyor (max 8s)...
2026-04-23 21:54:35,013 [INFO]   🎯 DOĞRU kanal bulundu: https://hlsssssss.neymardacorona.workers.dev/https://corestream.ronaldovurdu.help//hls/bein-sports-3.m3u8
2026-04-23 21:54:35,014 [INFO]   ✅ beIN Sports 3: https://hlsssssss.neymardacorona.workers.dev/https://corestream.ronaldovurdu.help//hls/bein-sports-3.m3u8
2026-04-23 21:54:36,014 [INFO] 
[4/13]
2026-04-23 21:54:36,014 [INFO] 
──────────────────────────────────────────────────
2026-04-23 21:54:36,015 [INFO] 🔍 beIN Sports 4 → https://atomsportv499.top/matches?id=bein-sports-4
2026-04-23 21:54:36,015 [INFO] ──────────────────────────────────────────────────
2026-04-23 21:55:08,545 [INFO]   📡 M3U8 bekleniyor (max 8s)...
2026-04-23 21:55:08,552 [INFO]   🎯 DOĞRU kanal bulundu: https://hlsssssss.neymardacorona.workers.dev/https://corestream.ronaldovurdu.help//hls/bein-sports-4.m3u8
2026-04-23 21:55:08,552 [INFO]   ✅ beIN Sports 4: https://hlsssssss.neymardacorona.workers.dev/https://corestream.ronaldovurdu.help//hls/bein-sports-4.m3u8
2026-04-23 21:55:09,552 [INFO] 
[5/13]
2026-04-23 21:55:09,553 [INFO] 
──────────────────────────────────────────────────
2026-04-23 21:55:09,553 [INFO] 🔍 beIN Sports 5 → https://atomsportv499.top/matches?id=bein-sports-5
2026-04-23 21:55:09,553 [INFO] ──────────────────────────────────────────────────
2026-04-23 21:55:41,430 [INFO]   📡 M3U8 bekleniyor (max 8s)...
2026-04-23 21:55:41,434 [INFO]   🎯 DOĞRU kanal bulundu: https://hlsssssss.neymardacorona.workers.dev/https://corestream.ronaldovurdu.help//hls/bein-sports-5.m3u8
2026-04-23 21:55:41,435 [INFO]   ✅ beIN Sports 5: https://hlsssssss.neymardacorona.workers.dev/https://corestream.ronaldovurdu.help//hls/bein-sports-5.m3u8
2026-04-23 21:55:42,435 [INFO] 
[6/13]
2026-04-23 21:55:42,435 [INFO] 
──────────────────────────────────────────────────
2026-04-23 21:55:42,435 [INFO] 🔍 beIN Sports Max 1 → https://atomsportv499.top/matches?id=bein-sports-max-1
2026-04-23 21:55:42,435 [INFO] ──────────────────────────────────────────────────
2026-04-23 21:56:14,301 [INFO]   📡 M3U8 bekleniyor (max 8s)...
2026-04-23 21:56:14,313 [INFO]   🎯 DOĞRU kanal bulundu: https://hlsssssss.neymardacorona.workers.dev/https://corestream.ronaldovurdu.help//hls/bein-sports-max-1.m3u8
2026-04-23 21:56:14,314 [INFO]   ✅ beIN Sports Max 1: https://hlsssssss.neymardacorona.workers.dev/https://corestream.ronaldovurdu.help//hls/bein-sports-max-1.m3u8
2026-04-23 21:56:15,314 [INFO] 
[7/13]
2026-04-23 21:56:15,314 [INFO] 
──────────────────────────────────────────────────
2026-04-23 21:56:15,314 [INFO] 🔍 beIN Sports Max 2 → https://atomsportv499.top/matches?id=bein-sports-max-2
2026-04-23 21:56:15,315 [INFO] ──────────────────────────────────────────────────
2026-04-23 21:56:47,252 [INFO]   📡 M3U8 bekleniyor (max 8s)...
2026-04-23 21:56:47,265 [INFO]   🎯 DOĞRU kanal bulundu: https://hlsssssss.neymardacorona.workers.dev/https://corestream.ronaldovurdu.help//hls/bein-sports-max-2.m3u8
2026-04-23 21:56:47,266 [INFO]   ✅ beIN Sports Max 2: https://hlsssssss.neymardacorona.workers.dev/https://corestream.ronaldovurdu.help//hls/bein-sports-max-2.m3u8
2026-04-23 21:56:48,267 [INFO] 
[8/13]
2026-04-23 21:56:48,267 [INFO] 
──────────────────────────────────────────────────
2026-04-23 21:56:48,267 [INFO] 🔍 S Sport → https://atomsportv499.top/matches?id=s-sport
2026-04-23 21:56:48,267 [INFO] ──────────────────────────────────────────────────
2026-04-23 21:57:20,209 [INFO]   📡 M3U8 bekleniyor (max 8s)...
2026-04-23 21:57:20,228 [INFO]   🎯 DOĞRU kanal bulundu: https://hlsssssss.neymardacorona.workers.dev/https://corestream.ronaldovurdu.help//hls/s-sport.m3u8
2026-04-23 21:57:20,230 [INFO]   ✅ S Sport: https://hlsssssss.neymardacorona.workers.dev/https://corestream.ronaldovurdu.help//hls/s-sport.m3u8
2026-04-23 21:57:21,230 [INFO] 
[9/13]
2026-04-23 21:57:21,230 [INFO] 
──────────────────────────────────────────────────
2026-04-23 21:57:21,230 [INFO] 🔍 S Sport 2 → https://atomsportv499.top/matches?id=s-sport-2
2026-04-23 21:57:21,231 [INFO] ──────────────────────────────────────────────────
2026-04-23 21:57:53,058 [INFO]   📡 M3U8 bekleniyor (max 8s)...
2026-04-23 21:57:53,065 [INFO]   🎯 DOĞRU kanal bulundu: https://hlsssssss.neymardacorona.workers.dev/https://corestream.ronaldovurdu.help//hls/s-sport-2.m3u8
2026-04-23 21:57:53,065 [INFO]   ✅ S Sport 2: https://hlsssssss.neymardacorona.workers.dev/https://corestream.ronaldovurdu.help//hls/s-sport-2.m3u8
2026-04-23 21:57:54,065 [INFO] 
[10/13]
2026-04-23 21:57:54,065 [INFO] 
──────────────────────────────────────────────────
2026-04-23 21:57:54,065 [INFO] 🔍 Tivibu Spor 1 → https://atomsportv499.top/matches?id=tivibu-spor-1
2026-04-23 21:57:54,065 [INFO] ──────────────────────────────────────────────────
2026-04-23 21:58:25,943 [INFO]   📡 M3U8 bekleniyor (max 8s)...
2026-04-23 21:58:33,955 [INFO]   ❌ Tivibu Spor 1: M3U8 bulunamadı
2026-04-23 21:58:34,955 [INFO] 
[11/13]
2026-04-23 21:58:34,955 [INFO] 
──────────────────────────────────────────────────
2026-04-23 21:58:34,955 [INFO] 🔍 Tivibu Spor 2 → https://atomsportv499.top/matches?id=tivibu-spor-2
2026-04-23 21:58:34,955 [INFO] ──────────────────────────────────────────────────
2026-04-23 21:59:07,157 [INFO]   📡 M3U8 bekleniyor (max 8s)...
2026-04-23 21:59:15,169 [INFO]   ❌ Tivibu Spor 2: M3U8 bulunamadı
2026-04-23 21:59:16,169 [INFO] 
[12/13]
2026-04-23 21:59:16,170 [INFO] 
──────────────────────────────────────────────────
2026-04-23 21:59:16,170 [INFO] 🔍 Tivibu Spor 3 → https://atomsportv499.top/matches?id=tivibu-spor-3
2026-04-23 21:59:16,170 [INFO] ──────────────────────────────────────────────────
2026-04-23 21:59:48,050 [INFO]   📡 M3U8 bekleniyor (max 8s)...
2026-04-23 21:59:56,061 [INFO]   ❌ Tivibu Spor 3: M3U8 bulunamadı
2026-04-23 21:59:57,061 [INFO] 
[13/13]
2026-04-23 21:59:57,062 [INFO] 
──────────────────────────────────────────────────
2026-04-23 21:59:57,062 [INFO] 🔍 Tivibu Spor 4 → https://atomsportv499.top/matches?id=tivibu-spor-4
2026-04-23 21:59:57,062 [INFO] ──────────────────────────────────────────────────
2026-04-23 22:00:28,918 [INFO]   📡 M3U8 bekleniyor (max 8s)...
2026-04-23 22:00:36,929 [INFO]   ❌ Tivibu Spor 4: M3U8 bulunamadı
2026-04-23 22:00:37,992 [INFO] 🔒 Driver kapatıldı
2026-04-23 22:00:37,992 [INFO] 
=======================================================
2026-04-23 22:00:37,992 [INFO] 🏁 Tamamlandı!
2026-04-23 22:00:37,992 [INFO] 📺 Kanal : 9/13
2026-04-23 22:00:37,993 [INFO] ⏱️  Süre  : 462.4s
2026-04-23 22:00:37,993 [INFO] =======================================================
2026-04-23 22:00:37,993 [INFO] ✅ playlist.m3u kaydedildi
2026-04-23 22:00:37,993 [INFO] ✅ stats.json kaydedildi
