2026-06-09 21:49:09,267 [INFO] 🌐 BASE_URL: https://atomsportv506.top
2026-06-09 21:49:10,062 [INFO] Başlanıyor... 14 kanal taranacak
2026-06-09 21:49:10,063 [INFO] Using default request storage
2026-06-09 21:49:10,067 [INFO] Created proxy listening on 127.0.0.1:44445
2026-06-09 21:49:10,723 [INFO] Capturing request: http://clients2.google.com/time/1/current?cup2key=10:b5YCsrVyx0Opvy9UrXc1WN2iKuN3H55EzA6ja3SYPww&cup2hreq=e3b0c44298fc1c149afbf4c8996fb92427ae41e4649b934ca495991b7852b855
2026-06-09 21:49:10,779 [INFO] Capturing response: http://clients2.google.com/time/1/current?cup2key=10:b5YCsrVyx0Opvy9UrXc1WN2iKuN3H55EzA6ja3SYPww&cup2hreq=e3b0c44298fc1c149afbf4c8996fb92427ae41e4649b934ca495991b7852b855 200 OK
2026-06-09 21:49:10,852 [INFO] 
[1/14]
2026-06-09 21:49:10,852 [INFO] 🔍 beIN Sports 1 → https://atomsportv506.top/matches?id=bein-sports-1
2026-06-09 21:49:10,897 [INFO] Capturing request: https://accounts.google.com/ListAccounts?gpsia=1&source=ChromiumBrowser&json=standard&laf=b64bin
2026-06-09 21:49:10,995 [INFO] Capturing response: https://accounts.google.com/ListAccounts?gpsia=1&source=ChromiumBrowser&json=standard&laf=b64bin 200 
2026-06-09 21:49:11,034 [INFO] Capturing request: https://atomsportv506.top/matches?id=bein-sports-1
2026-06-09 21:49:11,251 [INFO] Capturing response: https://atomsportv506.top/matches?id=bein-sports-1 200 
2026-06-09 21:49:11,280 [INFO] Capturing request: https://www.google.com/async/folae?async=_fmt:pb&udm=50&client_locale=en-US
2026-06-09 21:49:11,309 [INFO] Capturing response: https://www.google.com/async/folae?async=_fmt:pb&udm=50&client_locale=en-US 200 
2026-06-09 21:49:11,402 [INFO] Capturing request: https://atomsportv506.top/assets/js/clappr.js
2026-06-09 21:49:11,465 [INFO] Capturing request: https://cdnjs.cloudflare.com/ajax/libs/jquery/3.2.1/jquery.min.js
2026-06-09 21:49:11,468 [INFO] Capturing request: https://cdn.jsdelivr.net/npm/@clappr/player@latest/dist/clappr.min.js
2026-06-09 21:49:11,471 [INFO] Capturing response: https://atomsportv506.top/assets/js/clappr.js 200 
2026-06-09 21:49:11,510 [INFO] Capturing response: https://cdnjs.cloudflare.com/ajax/libs/jquery/3.2.1/jquery.min.js 200 
2026-06-09 21:49:11,527 [INFO] Capturing response: https://cdn.jsdelivr.net/npm/@clappr/player@latest/dist/clappr.min.js 200 
2026-06-09 21:49:11,738 [INFO] Capturing request: https://static.cloudflareinsights.com/beacon.min.js/v833ccba57c9e4d2798f2e76cebdd09a11778172276447
2026-06-09 21:49:11,766 [INFO] Capturing response: https://static.cloudflareinsights.com/beacon.min.js/v833ccba57c9e4d2798f2e76cebdd09a11778172276447 200 
2026-06-09 21:49:11,827 [INFO] Capturing request: https://atomsportv506.top/cdn-cgi/rum?
2026-06-09 21:49:11,930 [INFO] Capturing request: https://atomsportv506.top/favicon.ico
2026-06-09 21:49:11,955 [INFO] Capturing response: https://atomsportv506.top/cdn-cgi/rum? 204 
2026-06-09 21:49:12,029 [INFO] Capturing request: https://teletv5.top/load/yayinlink.php?id=bein-sports-1
2026-06-09 21:49:12,129 [INFO] Capturing response: https://atomsportv506.top/favicon.ico 200 
2026-06-09 21:49:12,544 [INFO] Capturing response: https://teletv5.top/load/yayinlink.php?id=bein-sports-1 200 
2026-06-09 21:49:12,570 [INFO] Capturing request: https://streamsport365.com/cinema
2026-06-09 21:49:12,925 [INFO] Capturing response: https://streamsport365.com/cinema 200 
2026-06-09 21:49:13,054 [INFO] Capturing request: https://atomsportv506.top/assets/img/player_logo_6880e4e4c52ee.png
2026-06-09 21:49:13,159 [INFO] Capturing request: https://hlssssssssssssssssss.yedeklinksa35.workers.dev/https://corestream.ronaldovurdu.help//aspor/tracks-v1a1/mono.m3u8
2026-06-09 21:49:13,177 [INFO] Capturing response: https://atomsportv506.top/assets/img/player_logo_6880e4e4c52ee.png 200 
2026-06-09 21:49:13,581 [INFO] Capturing response: https://hlssssssssssssssssss.yedeklinksa35.workers.dev/https://corestream.ronaldovurdu.help//aspor/tracks-v1a1/mono.m3u8 200 
2026-06-09 21:49:13,774 [INFO] Capturing request: https://android.clients.google.com/checkin
2026-06-09 21:49:13,827 [INFO] Capturing request: https://ts.yedeklinksa35.workers.dev/aspor/tracks-v1a1/2026/06/09/21/49/17-06000.avif
2026-06-09 21:49:13,875 [INFO] Capturing response: https://android.clients.google.com/checkin 200 
2026-06-09 21:49:13,921 [INFO] Capturing request: https://android.clients.google.com/c2dm/register3
2026-06-09 21:49:13,927 [INFO] Capturing request: https://android.clients.google.com/c2dm/register3
2026-06-09 21:49:13,929 [INFO] Capturing request: https://android.clients.google.com/c2dm/register3
2026-06-09 21:49:14,030 [INFO] Capturing response: https://android.clients.google.com/c2dm/register3 200 
2026-06-09 21:49:14,054 [INFO] Capturing response: https://android.clients.google.com/c2dm/register3 200 
2026-06-09 21:49:14,660 [INFO] Capturing response: https://android.clients.google.com/c2dm/register3 200 
2026-06-09 21:49:14,848 [INFO]   ✅ M3U8 bulundu: https://hlssssssssssssssssss.yedeklinksa35.workers.dev/https://corestream.ronaldovurdu.help//aspor/tracks-v1a1/mono.m3u8
2026-06-09 21:49:15,506 [INFO] Capturing response: https://ts.yedeklinksa35.workers.dev/aspor/tracks-v1a1/2026/06/09/21/49/17-06000.avif 200 
2026-06-09 21:49:15,770 [INFO] Capturing request: https://ts.yedeklinksa35.workers.dev/aspor/tracks-v1a1/2026/06/09/21/49/23-06000.avif
2026-06-09 21:49:15,849 [INFO] 
[2/14]
2026-06-09 21:49:15,849 [INFO] 🔍 beIN Sports 2 → https://atomsportv506.top/matches?id=bein-sports-2
2026-06-09 21:49:15,959 [INFO] Capturing request: https://atomsportv506.top/matches?id=bein-sports-2
2026-06-09 21:49:16,022 [INFO] Capturing response: https://atomsportv506.top/matches?id=bein-sports-2 200 
2026-06-09 21:49:16,034 [INFO] Capturing request: https://atomsportv506.top/cdn-cgi/rum?
2026-06-09 21:49:16,077 [INFO] Capturing request: https://streamsport365.com/cinema
2026-06-09 21:49:16,082 [INFO] Capturing request: https://atomsportv506.top/cdn-cgi/rum?
2026-06-09 21:49:16,157 [INFO] Capturing response: https://atomsportv506.top/cdn-cgi/rum? 204 
2026-06-09 21:49:16,181 [INFO] Capturing request: https://teletv5.top/load/yayinlink.php?id=bein-sports-2
2026-06-09 21:49:16,182 [INFO] Capturing request: https://atomsportv506.top/favicon.ico
2026-06-09 21:49:16,235 [INFO] Capturing response: https://atomsportv506.top/favicon.ico 200 
2026-06-09 21:49:16,245 [INFO] Capturing response: https://atomsportv506.top/cdn-cgi/rum? 204 
2026-06-09 21:49:16,429 [INFO] Capturing response: https://streamsport365.com/cinema 200 
2026-06-09 21:49:16,431 [INFO] Capturing response: https://teletv5.top/load/yayinlink.php?id=bein-sports-2 200 
2026-06-09 21:49:16,552 [INFO] Capturing request: https://hlssssssssssssssssss.yedeklinksa35.workers.dev/https://corestream.ronaldovurdu.help//bein2/tracks-v1a1/mono.m3u8
2026-06-09 21:49:16,779 [INFO] Capturing response: https://hlssssssssssssssssss.yedeklinksa35.workers.dev/https://corestream.ronaldovurdu.help//bein2/tracks-v1a1/mono.m3u8 200 
2026-06-09 21:49:16,888 [INFO] Capturing request: https://ts.yedeklinksa35.workers.dev/bein2/tracks-v1a1/2026/06/09/21/49/00-07280.avif
2026-06-09 21:49:17,632 [INFO] Capturing response: https://ts.yedeklinksa35.workers.dev/bein2/tracks-v1a1/2026/06/09/21/49/00-07280.avif 200 
2026-06-09 21:49:17,827 [INFO] Capturing request: https://ts.yedeklinksa35.workers.dev/bein2/tracks-v1a1/2026/06/09/21/49/07-07000.avif
2026-06-09 21:49:18,562 [INFO] Capturing response: https://ts.yedeklinksa35.workers.dev/bein2/tracks-v1a1/2026/06/09/21/49/07-07000.avif 200 
2026-06-09 21:49:18,783 [INFO] Capturing request: https://ts.yedeklinksa35.workers.dev/bein2/tracks-v1a1/2026/06/09/21/49/14-06920.avif
2026-06-09 21:49:19,100 [INFO]   ✅ M3U8 bulundu: https://hlssssssssssssssssss.yedeklinksa35.workers.dev/https://corestream.ronaldovurdu.help//bein2/tracks-v1a1/mono.m3u8
2026-06-09 21:49:19,543 [INFO] Capturing response: https://ts.yedeklinksa35.workers.dev/bein2/tracks-v1a1/2026/06/09/21/49/14-06920.avif 200 
2026-06-09 21:49:19,757 [INFO] Capturing request: https://ts.yedeklinksa35.workers.dev/bein2/tracks-v1a1/2026/06/09/21/49/21-08080.avif
2026-06-09 21:49:20,100 [INFO] 
[3/14]
2026-06-09 21:49:20,100 [INFO] 🔍 beIN Sports 3 → https://atomsportv506.top/matches?id=bein-sports-3
2026-06-09 21:49:20,211 [INFO] Capturing request: https://atomsportv506.top/matches?id=bein-sports-3
2026-06-09 21:49:20,376 [INFO] Capturing response: https://atomsportv506.top/matches?id=bein-sports-3 200 
2026-06-09 21:49:20,388 [INFO] Capturing request: https://atomsportv506.top/cdn-cgi/rum?
2026-06-09 21:49:20,418 [INFO] Capturing request: https://atomsportv506.top/cdn-cgi/rum?
2026-06-09 21:49:20,520 [INFO] Capturing request: https://teletv5.top/load/yayinlink.php?id=bein-sports-3
2026-06-09 21:49:20,524 [INFO] Capturing request: https://atomsportv506.top/favicon.ico
2026-06-09 21:49:20,526 [INFO] Capturing response: https://atomsportv506.top/cdn-cgi/rum? 204 
2026-06-09 21:49:20,586 [INFO] Capturing response: https://atomsportv506.top/cdn-cgi/rum? 204 
2026-06-09 21:49:20,662 [INFO] Capturing request: https://streamsport365.com/cinema
2026-06-09 21:49:20,767 [INFO] Capturing response: https://teletv5.top/load/yayinlink.php?id=bein-sports-3 200 
2026-06-09 21:49:20,930 [INFO] Capturing response: https://ts.yedeklinksa35.workers.dev/bein2/tracks-v1a1/2026/06/09/21/49/21-08080.avif 200 
2026-06-09 21:49:21,018 [INFO] Capturing response: https://streamsport365.com/cinema 200 
2026-06-09 21:49:21,320 [INFO] Capturing response: https://atomsportv506.top/favicon.ico 200 
2026-06-09 21:49:34,651 [INFO] Capturing request: https://android.clients.google.com/c2dm/register3
2026-06-09 21:49:34,751 [INFO] Capturing response: https://android.clients.google.com/c2dm/register3 301 
2026-06-09 21:49:41,364 [INFO] Capturing request: https://android.clients.google.com/c2dm/register3
2026-06-09 21:49:41,962 [INFO] Capturing response: https://android.clients.google.com/c2dm/register3 200 
2026-06-09 21:49:47,217 [INFO] Capturing response: https://ts.yedeklinksa35.workers.dev/aspor/tracks-v1a1/2026/06/09/21/49/23-06000.avif 200 
2026-06-09 21:49:53,726 [WARNING]   ❌ beIN Sports 3 için M3U8 bulunamadı
2026-06-09 21:49:54,726 [INFO] 
[4/14]
2026-06-09 21:49:54,727 [INFO] 🔍 beIN Sports 4 → https://atomsportv506.top/matches?id=bein-sports-4
2026-06-09 21:49:54,834 [INFO] Capturing request: https://atomsportv506.top/matches?id=bein-sports-4
2026-06-09 21:49:55,759 [INFO] Capturing response: https://atomsportv506.top/matches?id=bein-sports-4 200 
2026-06-09 21:49:55,768 [INFO] Capturing request: https://atomsportv506.top/cdn-cgi/rum?
2026-06-09 21:49:55,798 [INFO] Capturing request: https://atomsportv506.top/cdn-cgi/rum?
2026-06-09 21:49:55,891 [INFO] Capturing response: https://atomsportv506.top/cdn-cgi/rum? 204 
2026-06-09 21:49:55,896 [INFO] Capturing request: https://teletv5.top/load/yayinlink.php?id=bein-sports-4
2026-06-09 21:49:55,899 [INFO] Capturing request: https://atomsportv506.top/favicon.ico
2026-06-09 21:49:55,962 [INFO] Capturing response: https://atomsportv506.top/cdn-cgi/rum? 204 
2026-06-09 21:49:55,967 [INFO] Capturing response: https://atomsportv506.top/favicon.ico 200 
2026-06-09 21:49:56,047 [INFO] Capturing request: https://streamsport365.com/cinema
2026-06-09 21:49:56,162 [INFO] Capturing response: https://teletv5.top/load/yayinlink.php?id=bein-sports-4 200 
2026-06-09 21:49:56,402 [INFO] Capturing response: https://streamsport365.com/cinema 200 
2026-06-09 21:50:10,789 [INFO] Capturing request: https://update.googleapis.com/service/update2/json?cup2key=16:ONqhxQW6jFcoXbzQHoL37hSW3ALZ0_h5eqXz5zDdCxk&cup2hreq=d47ef94837ebd1f4aa596e7bc5d20da9d04edf282f4540ac483ada98501a3054
2026-06-09 21:50:10,837 [INFO] Capturing response: https://update.googleapis.com/service/update2/json?cup2key=16:ONqhxQW6jFcoXbzQHoL37hSW3ALZ0_h5eqXz5zDdCxk&cup2hreq=d47ef94837ebd1f4aa596e7bc5d20da9d04edf282f4540ac483ada98501a3054 200 
2026-06-09 21:50:10,883 [INFO] Capturing request: http://edgedl.me.gvt1.com/edgedl/diffgen-puffin/gcmjkmgdlgnkkcocmoeiminaijmmjnii/71d926df14cb4c89c6f8f88e6c0bfcf6fe1e1a256ca7f8db04002a111af4c5b0
2026-06-09 21:50:10,896 [INFO] Capturing response: http://edgedl.me.gvt1.com/edgedl/diffgen-puffin/gcmjkmgdlgnkkcocmoeiminaijmmjnii/71d926df14cb4c89c6f8f88e6c0bfcf6fe1e1a256ca7f8db04002a111af4c5b0 200 OK
2026-06-09 21:50:10,921 [INFO] Capturing request: https://update.googleapis.com/service/update2/json
2026-06-09 21:50:10,970 [INFO] Capturing response: https://update.googleapis.com/service/update2/json 200 
2026-06-09 21:50:11,015 [INFO] Capturing request: http://edgedl.me.gvt1.com/edgedl/release2/chrome_component/adyepqztqyu4i22oylv5yt5ehcva_10577/hfnkpimlhhgieaddgfemjhofmfblmnib_10577_all_frqa6tsvinhel7lhhci6xqfvum.crx3
2026-06-09 21:50:11,031 [INFO] Capturing response: http://edgedl.me.gvt1.com/edgedl/release2/chrome_component/adyepqztqyu4i22oylv5yt5ehcva_10577/hfnkpimlhhgieaddgfemjhofmfblmnib_10577_all_frqa6tsvinhel7lhhci6xqfvum.crx3 200 OK
2026-06-09 21:50:11,062 [INFO] Capturing request: https://update.googleapis.com/service/update2/json
2026-06-09 21:50:11,137 [INFO] Capturing response: https://update.googleapis.com/service/update2/json 200 
2026-06-09 21:50:29,076 [WARNING]   ❌ beIN Sports 4 için M3U8 bulunamadı
2026-06-09 21:50:30,076 [INFO] 
[5/14]
2026-06-09 21:50:30,076 [INFO] 🔍 beIN Sports 5 → https://atomsportv506.top/matches?id=bein-sports-5
2026-06-09 21:50:30,238 [INFO] Capturing request: https://atomsportv506.top/matches?id=bein-sports-5
2026-06-09 21:50:30,662 [INFO] Capturing response: https://atomsportv506.top/matches?id=bein-sports-5 200 
2026-06-09 21:50:30,674 [INFO] Capturing request: https://atomsportv506.top/cdn-cgi/rum?
2026-06-09 21:50:30,705 [INFO] Capturing request: https://atomsportv506.top/cdn-cgi/rum?
2026-06-09 21:50:30,804 [INFO] Capturing response: https://atomsportv506.top/cdn-cgi/rum? 204 
2026-06-09 21:50:30,811 [INFO] Capturing request: https://atomsportv506.top/favicon.ico
2026-06-09 21:50:30,865 [INFO] Capturing request: https://teletv5.top/load/yayinlink.php?id=bein-sports-5
2026-06-09 21:50:30,871 [INFO] Capturing response: https://atomsportv506.top/cdn-cgi/rum? 204 
2026-06-09 21:50:30,894 [INFO] Capturing response: https://atomsportv506.top/favicon.ico 200 
2026-06-09 21:50:31,128 [INFO] Capturing response: https://teletv5.top/load/yayinlink.php?id=bein-sports-5 200 
2026-06-09 21:50:31,391 [INFO] Capturing request: https://streamsport365.com/cinema
2026-06-09 21:50:31,750 [INFO] Capturing response: https://streamsport365.com/cinema 200 
2026-06-09 21:50:31,818 [INFO] Capturing request: https://android.clients.google.com/c2dm/register3
2026-06-09 21:50:31,908 [INFO] Capturing response: https://android.clients.google.com/c2dm/register3 301 
2026-06-09 21:51:03,982 [WARNING]   ❌ beIN Sports 5 için M3U8 bulunamadı
2026-06-09 21:51:04,982 [INFO] 
[6/14]
2026-06-09 21:51:04,983 [INFO] 🔍 beIN Sports Max 1 → https://atomsportv506.top/matches?id=bein-sports-max-1
2026-06-09 21:51:05,093 [INFO] Capturing request: https://atomsportv506.top/assets/js/clappr.js
2026-06-09 21:51:05,096 [INFO] Capturing request: https://atomsportv506.top/matches?id=bein-sports-max-1
2026-06-09 21:51:05,128 [INFO] Capturing response: https://atomsportv506.top/assets/js/clappr.js 200 
2026-06-09 21:51:05,494 [INFO] Capturing response: https://atomsportv506.top/matches?id=bein-sports-max-1 200 
2026-06-09 21:51:05,504 [INFO] Capturing request: https://atomsportv506.top/cdn-cgi/rum?
2026-06-09 21:51:05,537 [INFO] Capturing request: https://atomsportv506.top/cdn-cgi/rum?
2026-06-09 21:51:05,633 [INFO] Capturing request: https://teletv5.top/load/yayinlink.php?id=bein-sports-max-1
2026-06-09 21:51:05,642 [INFO] Capturing request: https://atomsportv506.top/favicon.ico
2026-06-09 21:51:05,653 [INFO] Capturing response: https://atomsportv506.top/cdn-cgi/rum? 204 
2026-06-09 21:51:05,662 [INFO] Capturing response: https://atomsportv506.top/cdn-cgi/rum? 204 
2026-06-09 21:51:05,785 [INFO] Capturing request: https://streamsport365.com/cinema
2026-06-09 21:51:05,885 [INFO] Capturing response: https://atomsportv506.top/favicon.ico 200 
2026-06-09 21:51:05,896 [INFO] Capturing response: https://teletv5.top/load/yayinlink.php?id=bein-sports-max-1 200 
2026-06-09 21:51:06,143 [INFO] Capturing response: https://streamsport365.com/cinema 200 
2026-06-09 21:51:38,815 [WARNING]   ❌ beIN Sports Max 1 için M3U8 bulunamadı
2026-06-09 21:51:39,815 [INFO] 
[7/14]
2026-06-09 21:51:39,815 [INFO] 🔍 beIN Sports Max 2 → https://atomsportv506.top/matches?id=bein-sports-max-2
2026-06-09 21:51:39,925 [INFO] Capturing request: https://atomsportv506.top/assets/js/clappr.js
2026-06-09 21:51:39,927 [INFO] Capturing request: https://atomsportv506.top/matches?id=bein-sports-max-2
2026-06-09 21:51:39,957 [INFO] Capturing response: https://atomsportv506.top/assets/js/clappr.js 200 
2026-06-09 21:51:40,335 [INFO] Capturing response: https://atomsportv506.top/matches?id=bein-sports-max-2 200 
2026-06-09 21:51:40,344 [INFO] Capturing request: https://atomsportv506.top/cdn-cgi/rum?
2026-06-09 21:51:40,380 [INFO] Capturing request: https://atomsportv506.top/cdn-cgi/rum?
2026-06-09 21:51:40,476 [INFO] Capturing request: https://teletv5.top/load/yayinlink.php?id=bein-sports-max-2
2026-06-09 21:51:40,481 [INFO] Capturing request: https://atomsportv506.top/favicon.ico
2026-06-09 21:51:40,502 [INFO] Capturing response: https://atomsportv506.top/cdn-cgi/rum? 204 
2026-06-09 21:51:40,504 [INFO] Capturing response: https://atomsportv506.top/cdn-cgi/rum? 204 
2026-06-09 21:51:40,615 [INFO] Capturing response: https://atomsportv506.top/favicon.ico 200 
2026-06-09 21:51:40,626 [INFO] Capturing request: https://streamsport365.com/cinema
2026-06-09 21:51:40,975 [INFO] Capturing response: https://streamsport365.com/cinema 200 
2026-06-09 21:51:41,590 [INFO] Capturing response: https://teletv5.top/load/yayinlink.php?id=bein-sports-max-2 200 
2026-06-09 21:51:55,627 [INFO] Capturing request: https://android.clients.google.com/c2dm/register3
2026-06-09 21:51:55,742 [INFO] Capturing response: https://android.clients.google.com/c2dm/register3 301 
2026-06-09 21:52:13,661 [WARNING]   ❌ beIN Sports Max 2 için M3U8 bulunamadı
2026-06-09 21:52:14,661 [INFO] 
[8/14]
2026-06-09 21:52:14,661 [INFO] 🔍 S Sport → https://atomsportv506.top/matches?id=s-sport
2026-06-09 21:52:14,772 [INFO] Capturing request: https://atomsportv506.top/assets/js/clappr.js
2026-06-09 21:52:14,773 [INFO] Capturing request: https://atomsportv506.top/matches?id=s-sport
2026-06-09 21:52:14,809 [INFO] Capturing response: https://atomsportv506.top/assets/js/clappr.js 200 
2026-06-09 21:52:15,323 [INFO] Capturing response: https://atomsportv506.top/matches?id=s-sport 200 
2026-06-09 21:52:15,333 [INFO] Capturing request: https://atomsportv506.top/cdn-cgi/rum?
2026-06-09 21:52:15,366 [INFO] Capturing request: https://atomsportv506.top/cdn-cgi/rum?
2026-06-09 21:52:15,467 [INFO] Capturing request: https://teletv5.top/load/yayinlink.php?id=s-sport
2026-06-09 21:52:15,468 [INFO] Capturing request: https://atomsportv506.top/favicon.ico
2026-06-09 21:52:15,482 [INFO] Capturing response: https://atomsportv506.top/cdn-cgi/rum? 204 
2026-06-09 21:52:15,493 [INFO] Capturing response: https://atomsportv506.top/cdn-cgi/rum? 204 
2026-06-09 21:52:15,618 [INFO] Capturing response: https://atomsportv506.top/favicon.ico 200 
2026-06-09 21:52:15,623 [INFO] Capturing request: https://streamsport365.com/cinema
2026-06-09 21:52:15,746 [INFO] Capturing response: https://teletv5.top/load/yayinlink.php?id=s-sport 200 
2026-06-09 21:52:15,978 [INFO] Capturing response: https://streamsport365.com/cinema 200 
2026-06-09 21:52:16,096 [INFO] Capturing request: https://atomsportv506.top/assets/img/player_logo_6880e4e4c52ee.png
2026-06-09 21:52:16,151 [INFO] Capturing request: https://hlssssssssssssssssss.yedeklinksa35.workers.dev/https://corestream.ronaldovurdu.help//s-sportt/tracks-v1a1/mono.m3u8
2026-06-09 21:52:16,167 [INFO] Capturing response: https://atomsportv506.top/assets/img/player_logo_6880e4e4c52ee.png 200 
2026-06-09 21:52:16,543 [INFO] Capturing response: https://hlssssssssssssssssss.yedeklinksa35.workers.dev/https://corestream.ronaldovurdu.help//s-sportt/tracks-v1a1/mono.m3u8 200 
2026-06-09 21:52:16,747 [INFO] Capturing request: https://ts.yedeklinksa35.workers.dev/s-sportt/tracks-v1a1/2026/06/09/21/52/28-05000.avif
2026-06-09 21:52:17,226 [INFO] Capturing response: https://ts.yedeklinksa35.workers.dev/s-sportt/tracks-v1a1/2026/06/09/21/52/28-05000.avif 200 
2026-06-09 21:52:17,412 [INFO] Capturing request: https://ts.yedeklinksa35.workers.dev/s-sportt/tracks-v1a1/2026/06/09/21/52/33-09940.avif
2026-06-09 21:52:18,152 [INFO] Capturing response: https://ts.yedeklinksa35.workers.dev/s-sportt/tracks-v1a1/2026/06/09/21/52/33-09940.avif 200 
2026-06-09 21:52:18,374 [INFO] Capturing request: https://ts.yedeklinksa35.workers.dev/s-sportt/tracks-v1a1/2026/06/09/21/52/43-05000.avif
2026-06-09 21:52:18,380 [INFO]   ✅ M3U8 bulundu: https://hlssssssssssssssssss.yedeklinksa35.workers.dev/https://corestream.ronaldovurdu.help//s-sportt/tracks-v1a1/mono.m3u8
2026-06-09 21:52:18,894 [INFO] Capturing response: https://ts.yedeklinksa35.workers.dev/s-sportt/tracks-v1a1/2026/06/09/21/52/43-05000.avif 200 
2026-06-09 21:52:19,090 [INFO] Capturing request: https://ts.yedeklinksa35.workers.dev/s-sportt/tracks-v1a1/2026/06/09/21/52/48-05000.avif
2026-06-09 21:52:19,380 [INFO] 
[9/14]
2026-06-09 21:52:19,380 [INFO] 🔍 S Sport 2 → https://atomsportv506.top/matches?id=s-sport-2
2026-06-09 21:52:19,491 [INFO] Capturing request: https://atomsportv506.top/matches?id=s-sport-2
2026-06-09 21:52:19,492 [INFO] Capturing request: https://atomsportv506.top/assets/js/clappr.js
2026-06-09 21:52:19,529 [INFO] Capturing response: https://atomsportv506.top/assets/js/clappr.js 200 
2026-06-09 21:52:19,551 [INFO] Capturing response: https://atomsportv506.top/matches?id=s-sport-2 200 
2026-06-09 21:52:19,562 [INFO] Capturing request: https://atomsportv506.top/cdn-cgi/rum?
2026-06-09 21:52:19,591 [INFO] Capturing request: https://streamsport365.com/cinema
2026-06-09 21:52:19,596 [INFO] Capturing request: https://atomsportv506.top/cdn-cgi/rum?
2026-06-09 21:52:19,689 [INFO] Capturing request: https://teletv5.top/load/yayinlink.php?id=s-sport-2
2026-06-09 21:52:19,702 [INFO] Capturing request: https://atomsportv506.top/favicon.ico
2026-06-09 21:52:19,713 [INFO] Capturing response: https://atomsportv506.top/cdn-cgi/rum? 204 
2026-06-09 21:52:19,721 [INFO] Capturing response: https://atomsportv506.top/cdn-cgi/rum? 204 
2026-06-09 21:52:19,780 [INFO] Capturing response: https://atomsportv506.top/favicon.ico 200 
2026-06-09 21:52:19,940 [INFO] Capturing response: https://teletv5.top/load/yayinlink.php?id=s-sport-2 200 
2026-06-09 21:52:19,955 [INFO] Capturing response: https://streamsport365.com/cinema 200 
2026-06-09 21:52:19,965 [INFO] Capturing response: https://ts.yedeklinksa35.workers.dev/s-sportt/tracks-v1a1/2026/06/09/21/52/48-05000.avif 200 
2026-06-09 21:52:20,106 [INFO] Capturing request: https://hlssssssssssssssssss.yedeklinksa35.workers.dev/https://corestream.ronaldovurdu.help//s-sport2/tracks-v1a1/mono.m3u8
2026-06-09 21:52:20,352 [INFO] Capturing response: https://hlssssssssssssssssss.yedeklinksa35.workers.dev/https://corestream.ronaldovurdu.help//s-sport2/tracks-v1a1/mono.m3u8 200 
2026-06-09 21:52:20,461 [INFO] Capturing request: https://ts.yedeklinksa35.workers.dev/s-sport2/tracks-v1a1/2026/06/09/21/52/12-06000.avif
2026-06-09 21:52:21,814 [INFO] Capturing response: https://ts.yedeklinksa35.workers.dev/s-sport2/tracks-v1a1/2026/06/09/21/52/12-06000.avif 200 
2026-06-09 21:52:22,125 [INFO] Capturing request: https://ts.yedeklinksa35.workers.dev/s-sport2/tracks-v1a1/2026/06/09/21/52/18-06000.avif
2026-06-09 21:52:22,614 [INFO]   ✅ M3U8 bulundu: https://hlssssssssssssssssss.yedeklinksa35.workers.dev/https://corestream.ronaldovurdu.help//s-sport2/tracks-v1a1/mono.m3u8
2026-06-09 21:52:23,614 [INFO] 
[10/14]
2026-06-09 21:52:23,615 [INFO] 🔍 A Spor → https://atomsportv506.top/matches?id=a-spor
2026-06-09 21:52:23,721 [INFO] Capturing response: https://ts.yedeklinksa35.workers.dev/s-sport2/tracks-v1a1/2026/06/09/21/52/18-06000.avif 200 
2026-06-09 21:52:23,730 [INFO] Capturing request: https://atomsportv506.top/assets/js/clappr.js
2026-06-09 21:52:23,744 [INFO] Capturing request: https://atomsportv506.top/matches?id=a-spor
2026-06-09 21:52:23,774 [INFO] Capturing response: https://atomsportv506.top/assets/js/clappr.js 200 
2026-06-09 21:52:23,932 [INFO] Capturing response: https://atomsportv506.top/matches?id=a-spor 200 
2026-06-09 21:52:23,966 [INFO] Capturing request: https://atomsportv506.top/cdn-cgi/rum?
2026-06-09 21:52:24,001 [INFO] Capturing request: https://atomsportv506.top/cdn-cgi/rum?
2026-06-09 21:52:24,095 [INFO] Capturing request: https://teletv5.top/load/yayinlink.php?id=a-spor
2026-06-09 21:52:24,104 [INFO] Capturing request: https://atomsportv506.top/favicon.ico
2026-06-09 21:52:24,121 [INFO] Capturing response: https://atomsportv506.top/cdn-cgi/rum? 204 
2026-06-09 21:52:24,128 [INFO] Capturing response: https://atomsportv506.top/cdn-cgi/rum? 204 
2026-06-09 21:52:24,198 [INFO] Capturing response: https://atomsportv506.top/favicon.ico 200 
2026-06-09 21:52:24,254 [INFO] Capturing request: https://streamsport365.com/cinema
2026-06-09 21:52:24,347 [INFO] Capturing response: https://teletv5.top/load/yayinlink.php?id=a-spor 200 
2026-06-09 21:52:24,608 [INFO] Capturing response: https://streamsport365.com/cinema 200 
2026-06-09 21:52:24,729 [INFO] Capturing request: https://hlssssssssssssssssss.yedeklinksa35.workers.dev/https://corestream.ronaldovurdu.help//aspor/tracks-v1a1/mono.m3u8
2026-06-09 21:52:24,954 [INFO] Capturing response: https://hlssssssssssssssssss.yedeklinksa35.workers.dev/https://corestream.ronaldovurdu.help//aspor/tracks-v1a1/mono.m3u8 200 
2026-06-09 21:52:25,065 [INFO] Capturing request: https://ts.yedeklinksa35.workers.dev/aspor/tracks-v1a1/2026/06/09/21/52/29-06000.avif
2026-06-09 21:52:27,020 [INFO]   ✅ M3U8 bulundu: https://hlssssssssssssssssss.yedeklinksa35.workers.dev/https://corestream.ronaldovurdu.help//aspor/tracks-v1a1/mono.m3u8
2026-06-09 21:52:27,538 [INFO] Capturing response: https://ts.yedeklinksa35.workers.dev/aspor/tracks-v1a1/2026/06/09/21/52/29-06000.avif 200 
2026-06-09 21:52:27,826 [INFO] Capturing request: https://ts.yedeklinksa35.workers.dev/aspor/tracks-v1a1/2026/06/09/21/52/35-06000.avif
2026-06-09 21:52:28,020 [INFO] 
[11/14]
2026-06-09 21:52:28,020 [INFO] 🔍 Tivibu Spor 1 → https://atomsportv506.top/matches?id=tivibu-spor-1
2026-06-09 21:52:28,134 [INFO] Capturing request: https://atomsportv506.top/assets/js/clappr.js
2026-06-09 21:52:28,134 [INFO] Capturing request: https://atomsportv506.top/matches?id=tivibu-spor-1
2026-06-09 21:52:28,164 [INFO] Capturing response: https://atomsportv506.top/assets/js/clappr.js 200 
2026-06-09 21:52:28,206 [INFO] Capturing response: https://atomsportv506.top/matches?id=tivibu-spor-1 200 
2026-06-09 21:52:28,219 [INFO] Capturing request: https://atomsportv506.top/cdn-cgi/rum?
2026-06-09 21:52:28,270 [INFO] Capturing request: https://atomsportv506.top/cdn-cgi/rum?
2026-06-09 21:52:28,280 [INFO] Capturing request: https://streamsport365.com/cinema
2026-06-09 21:52:28,373 [INFO] Capturing request: https://teletv5.top/load/yayinlink.php?id=tivibu-spor-1
2026-06-09 21:52:28,378 [INFO] Capturing request: https://atomsportv506.top/favicon.ico
2026-06-09 21:52:28,385 [INFO] Capturing response: https://atomsportv506.top/cdn-cgi/rum? 204 
2026-06-09 21:52:28,393 [INFO] Capturing response: https://atomsportv506.top/cdn-cgi/rum? 204 
2026-06-09 21:52:28,434 [INFO] Capturing response: https://atomsportv506.top/favicon.ico 200 
2026-06-09 21:52:28,613 [INFO] Capturing response: https://teletv5.top/load/yayinlink.php?id=tivibu-spor-1 200 
2026-06-09 21:52:28,644 [INFO] Capturing response: https://streamsport365.com/cinema 200 
2026-06-09 21:52:28,887 [INFO] Capturing response: https://ts.yedeklinksa35.workers.dev/aspor/tracks-v1a1/2026/06/09/21/52/35-06000.avif 200 
2026-06-09 21:53:01,546 [WARNING]   ❌ Tivibu Spor 1 için M3U8 bulunamadı
2026-06-09 21:53:02,546 [INFO] 
[12/14]
2026-06-09 21:53:02,546 [INFO] 🔍 Tivibu Spor 2 → https://atomsportv506.top/matches?id=tivibu-spor-2
2026-06-09 21:53:02,654 [INFO] Capturing request: https://atomsportv506.top/assets/js/clappr.js
2026-06-09 21:53:02,656 [INFO] Capturing request: https://atomsportv506.top/matches?id=tivibu-spor-2
2026-06-09 21:53:02,696 [INFO] Capturing response: https://atomsportv506.top/assets/js/clappr.js 200 
2026-06-09 21:53:03,571 [INFO] Capturing response: https://atomsportv506.top/matches?id=tivibu-spor-2 200 
2026-06-09 21:53:03,581 [INFO] Capturing request: https://atomsportv506.top/cdn-cgi/rum?
2026-06-09 21:53:03,613 [INFO] Capturing request: https://atomsportv506.top/cdn-cgi/rum?
2026-06-09 21:53:03,715 [INFO] Capturing request: https://teletv5.top/load/yayinlink.php?id=tivibu-spor-2
2026-06-09 21:53:03,716 [INFO] Capturing request: https://atomsportv506.top/favicon.ico
2026-06-09 21:53:03,733 [INFO] Capturing response: https://atomsportv506.top/cdn-cgi/rum? 204 
2026-06-09 21:53:03,746 [INFO] Capturing response: https://atomsportv506.top/cdn-cgi/rum? 204 
2026-06-09 21:53:03,789 [INFO] Capturing response: https://atomsportv506.top/favicon.ico 200 
2026-06-09 21:53:03,859 [INFO] Capturing request: https://streamsport365.com/cinema
2026-06-09 21:53:03,974 [INFO] Capturing response: https://teletv5.top/load/yayinlink.php?id=tivibu-spor-2 200 
2026-06-09 21:53:04,219 [INFO] Capturing response: https://streamsport365.com/cinema 200 
2026-06-09 21:53:36,891 [WARNING]   ❌ Tivibu Spor 2 için M3U8 bulunamadı
2026-06-09 21:53:37,892 [INFO] 
[13/14]
2026-06-09 21:53:37,892 [INFO] 🔍 Tivibu Spor 3 → https://atomsportv506.top/matches?id=tivibu-spor-3
2026-06-09 21:53:37,999 [INFO] Capturing request: https://atomsportv506.top/assets/js/clappr.js
2026-06-09 21:53:38,001 [INFO] Capturing request: https://atomsportv506.top/matches?id=tivibu-spor-3
2026-06-09 21:53:38,045 [INFO] Capturing response: https://atomsportv506.top/assets/js/clappr.js 200 
2026-06-09 21:53:38,393 [INFO] Capturing response: https://atomsportv506.top/matches?id=tivibu-spor-3 200 
2026-06-09 21:53:38,403 [INFO] Capturing request: https://atomsportv506.top/cdn-cgi/rum?
2026-06-09 21:53:38,433 [INFO] Capturing request: https://atomsportv506.top/cdn-cgi/rum?
2026-06-09 21:53:38,528 [INFO] Capturing request: https://teletv5.top/load/yayinlink.php?id=tivibu-spor-3
2026-06-09 21:53:38,539 [INFO] Capturing request: https://atomsportv506.top/favicon.ico
2026-06-09 21:53:38,550 [INFO] Capturing response: https://atomsportv506.top/cdn-cgi/rum? 204 
2026-06-09 21:53:38,561 [INFO] Capturing response: https://atomsportv506.top/cdn-cgi/rum? 204 
2026-06-09 21:53:38,621 [INFO] Capturing response: https://atomsportv506.top/favicon.ico 200 
2026-06-09 21:53:38,682 [INFO] Capturing request: https://streamsport365.com/cinema
2026-06-09 21:53:38,775 [INFO] Capturing response: https://teletv5.top/load/yayinlink.php?id=tivibu-spor-3 200 
2026-06-09 21:53:39,037 [INFO] Capturing response: https://streamsport365.com/cinema 200 
2026-06-09 21:54:11,714 [WARNING]   ❌ Tivibu Spor 3 için M3U8 bulunamadı
2026-06-09 21:54:12,714 [INFO] 
[14/14]
2026-06-09 21:54:12,715 [INFO] 🔍 Tivibu Spor 4 → https://atomsportv506.top/matches?id=tivibu-spor-4
2026-06-09 21:54:12,822 [INFO] Capturing request: https://atomsportv506.top/assets/js/clappr.js
2026-06-09 21:54:12,824 [INFO] Capturing request: https://atomsportv506.top/matches?id=tivibu-spor-4
2026-06-09 21:54:12,854 [INFO] Capturing response: https://atomsportv506.top/assets/js/clappr.js 200 
2026-06-09 21:54:13,226 [INFO] Capturing response: https://atomsportv506.top/matches?id=tivibu-spor-4 200 
2026-06-09 21:54:13,235 [INFO] Capturing request: https://atomsportv506.top/cdn-cgi/rum?
2026-06-09 21:54:13,267 [INFO] Capturing request: https://atomsportv506.top/cdn-cgi/rum?
2026-06-09 21:54:13,365 [INFO] Capturing request: https://teletv5.top/load/yayinlink.php?id=tivibu-spor-4
2026-06-09 21:54:13,368 [INFO] Capturing request: https://atomsportv506.top/favicon.ico
2026-06-09 21:54:13,384 [INFO] Capturing response: https://atomsportv506.top/cdn-cgi/rum? 204 
2026-06-09 21:54:13,390 [INFO] Capturing response: https://atomsportv506.top/cdn-cgi/rum? 204 
2026-06-09 21:54:13,434 [INFO] Capturing response: https://atomsportv506.top/favicon.ico 200 
2026-06-09 21:54:13,517 [INFO] Capturing request: https://streamsport365.com/cinema
2026-06-09 21:54:13,644 [INFO] Capturing response: https://teletv5.top/load/yayinlink.php?id=tivibu-spor-4 200 
2026-06-09 21:54:13,872 [INFO] Capturing response: https://streamsport365.com/cinema 200 
2026-06-09 21:54:46,547 [WARNING]   ❌ Tivibu Spor 4 için M3U8 bulunamadı
2026-06-09 21:54:47,613 [INFO] ✅ 5 kanal bulundu, playlist.m3u kaydedildi
