2026-05-29 01:33:36,963 [INFO] 🌐 BASE_URL: https://atomsportv504.top
2026-05-29 01:33:37,968 [INFO] Başlanıyor... 14 kanal taranacak
2026-05-29 01:33:37,968 [INFO] Using default request storage
2026-05-29 01:33:37,972 [INFO] Created proxy listening on 127.0.0.1:42355
2026-05-29 01:33:38,598 [INFO] Capturing request: http://clients2.google.com/time/1/current?cup2key=10:DfvLXSZ9DBR4Uo3vjA6tC_fzBMABidQwIYwZmAMbFss&cup2hreq=e3b0c44298fc1c149afbf4c8996fb92427ae41e4649b934ca495991b7852b855
2026-05-29 01:33:38,658 [INFO] Capturing response: http://clients2.google.com/time/1/current?cup2key=10:DfvLXSZ9DBR4Uo3vjA6tC_fzBMABidQwIYwZmAMbFss&cup2hreq=e3b0c44298fc1c149afbf4c8996fb92427ae41e4649b934ca495991b7852b855 200 OK
2026-05-29 01:33:38,697 [INFO] 
[1/14]
2026-05-29 01:33:38,698 [INFO] 🔍 beIN Sports 1 → https://atomsportv504.top/matches?id=bein-sports-1
2026-05-29 01:33:38,773 [INFO] Capturing request: https://accounts.google.com/ListAccounts?gpsia=1&source=ChromiumBrowser&json=standard&laf=b64bin
2026-05-29 01:33:38,863 [INFO] Capturing response: https://accounts.google.com/ListAccounts?gpsia=1&source=ChromiumBrowser&json=standard&laf=b64bin 200 
2026-05-29 01:33:38,871 [INFO] Capturing request: https://atomsportv504.top/matches?id=bein-sports-1
2026-05-29 01:33:39,056 [INFO] Capturing response: https://atomsportv504.top/matches?id=bein-sports-1 200 
2026-05-29 01:33:39,138 [INFO] Capturing request: https://www.google.com/async/folae?async=_fmt:pb&udm=50&client_locale=en-US
2026-05-29 01:33:39,176 [INFO] Capturing response: https://www.google.com/async/folae?async=_fmt:pb&udm=50&client_locale=en-US 200 
2026-05-29 01:33:39,207 [INFO] Capturing request: https://atomsportv504.top/assets/js/clappr.js
2026-05-29 01:33:39,260 [INFO] Capturing request: https://cdnjs.cloudflare.com/ajax/libs/jquery/3.2.1/jquery.min.js
2026-05-29 01:33:39,278 [INFO] Capturing request: https://cdn.jsdelivr.net/npm/@clappr/player@latest/dist/clappr.min.js
2026-05-29 01:33:39,284 [INFO] Capturing response: https://atomsportv504.top/assets/js/clappr.js 200 
2026-05-29 01:33:39,303 [INFO] Capturing response: https://cdnjs.cloudflare.com/ajax/libs/jquery/3.2.1/jquery.min.js 200 
2026-05-29 01:33:39,347 [INFO] Capturing response: https://cdn.jsdelivr.net/npm/@clappr/player@latest/dist/clappr.min.js 200 
2026-05-29 01:33:39,517 [INFO] Capturing request: https://static.cloudflareinsights.com/beacon.min.js/v833ccba57c9e4d2798f2e76cebdd09a11778172276447
2026-05-29 01:33:39,545 [INFO] Capturing response: https://static.cloudflareinsights.com/beacon.min.js/v833ccba57c9e4d2798f2e76cebdd09a11778172276447 200 
2026-05-29 01:33:39,604 [INFO] Capturing request: https://atomsportv504.top/cdn-cgi/rum?
2026-05-29 01:33:39,707 [INFO] Capturing request: https://atomsportv504.top/favicon.ico
2026-05-29 01:33:39,732 [INFO] Capturing response: https://atomsportv504.top/cdn-cgi/rum? 204 
2026-05-29 01:33:39,785 [INFO] Capturing request: https://teletv5.top/load/yayinlink.php?id=bein-sports-1
2026-05-29 01:33:39,815 [INFO] Capturing response: https://atomsportv504.top/favicon.ico 200 
2026-05-29 01:33:40,275 [INFO] Capturing response: https://teletv5.top/load/yayinlink.php?id=bein-sports-1 200 
2026-05-29 01:33:40,306 [INFO] Capturing request: https://streamsport365.com/cinema
2026-05-29 01:33:40,630 [INFO] Capturing response: https://streamsport365.com/cinema 200 
2026-05-29 01:33:40,760 [INFO] Capturing request: https://atomsportv504.top/assets/img/player_logo_6880e4e4c52ee.png
2026-05-29 01:33:40,882 [INFO] Capturing response: https://atomsportv504.top/assets/img/player_logo_6880e4e4c52ee.png 200 
2026-05-29 01:33:40,915 [INFO] Capturing request: https://young-surf-88a9.halitumutseler.workers.dev/https://corestream.ronaldovurdu.help//aspor/tracks-v1a1/mono.m3u8
2026-05-29 01:33:42,007 [INFO] Capturing request: https://android.clients.google.com/checkin
2026-05-29 01:33:42,112 [INFO] Capturing response: https://android.clients.google.com/checkin 200 
2026-05-29 01:33:42,159 [INFO] Capturing request: https://android.clients.google.com/c2dm/register3
2026-05-29 01:33:42,165 [INFO] Capturing request: https://android.clients.google.com/c2dm/register3
2026-05-29 01:33:42,166 [INFO] Capturing request: https://android.clients.google.com/c2dm/register3
2026-05-29 01:33:42,293 [INFO] Capturing response: https://android.clients.google.com/c2dm/register3 200 
2026-05-29 01:33:42,623 [INFO]   ✅ M3U8 bulundu: https://young-surf-88a9.halitumutseler.workers.dev/https://corestream.ronaldovurdu.help//aspor/tracks-v1a1/mono.m3u8
2026-05-29 01:33:43,011 [INFO] Capturing response: https://android.clients.google.com/c2dm/register3 200 
2026-05-29 01:33:43,096 [INFO] Capturing response: https://android.clients.google.com/c2dm/register3 200 
2026-05-29 01:33:43,623 [INFO] 
[2/14]
2026-05-29 01:33:43,623 [INFO] 🔍 beIN Sports 2 → https://atomsportv504.top/matches?id=bein-sports-2
2026-05-29 01:33:43,732 [INFO] Capturing request: https://atomsportv504.top/matches?id=bein-sports-2
2026-05-29 01:33:43,807 [INFO] Capturing response: https://atomsportv504.top/matches?id=bein-sports-2 200 
2026-05-29 01:33:43,817 [INFO] Capturing request: https://atomsportv504.top/cdn-cgi/rum?
2026-05-29 01:33:43,851 [INFO] Capturing request: https://streamsport365.com/cinema
2026-05-29 01:33:43,857 [INFO] Capturing request: https://atomsportv504.top/cdn-cgi/rum?
2026-05-29 01:33:43,939 [INFO] Capturing response: https://atomsportv504.top/cdn-cgi/rum? 204 
2026-05-29 01:33:43,949 [INFO] Capturing request: https://teletv5.top/load/yayinlink.php?id=bein-sports-2
2026-05-29 01:33:43,957 [INFO] Capturing request: https://atomsportv504.top/favicon.ico
2026-05-29 01:33:44,016 [INFO] Capturing response: https://atomsportv504.top/favicon.ico 200 
2026-05-29 01:33:44,020 [INFO] Capturing response: https://atomsportv504.top/cdn-cgi/rum? 204 
2026-05-29 01:33:44,182 [INFO] Capturing response: https://teletv5.top/load/yayinlink.php?id=bein-sports-2 200 
2026-05-29 01:33:44,189 [INFO] Capturing response: https://streamsport365.com/cinema 200 
2026-05-29 01:33:44,309 [INFO] Capturing request: https://young-surf-88a9.halitumutseler.workers.dev/https://corestream.ronaldovurdu.help//bein2/tracks-v1a1/mono.m3u8
2026-05-29 01:33:45,272 [INFO] Capturing response: https://young-surf-88a9.halitumutseler.workers.dev/https://corestream.ronaldovurdu.help//aspor/tracks-v1a1/mono.m3u8 504 
2026-05-29 01:33:46,867 [INFO]   ✅ M3U8 bulundu: https://young-surf-88a9.halitumutseler.workers.dev/https://corestream.ronaldovurdu.help//bein2/tracks-v1a1/mono.m3u8
2026-05-29 01:33:47,867 [INFO] 
[3/14]
2026-05-29 01:33:47,867 [INFO] 🔍 beIN Sports 3 → https://atomsportv504.top/matches?id=bein-sports-3
2026-05-29 01:33:47,976 [INFO] Capturing request: https://atomsportv504.top/matches?id=bein-sports-3
2026-05-29 01:33:48,055 [INFO] Capturing response: https://atomsportv504.top/matches?id=bein-sports-3 200 
2026-05-29 01:33:48,063 [INFO] Capturing request: https://atomsportv504.top/cdn-cgi/rum?
2026-05-29 01:33:48,088 [INFO] Capturing request: https://atomsportv504.top/cdn-cgi/rum?
2026-05-29 01:33:48,186 [INFO] Capturing request: https://teletv5.top/load/yayinlink.php?id=bein-sports-3
2026-05-29 01:33:48,192 [INFO] Capturing request: https://atomsportv504.top/favicon.ico
2026-05-29 01:33:48,193 [INFO] Capturing response: https://atomsportv504.top/cdn-cgi/rum? 204 
2026-05-29 01:33:48,256 [INFO] Capturing response: https://atomsportv504.top/cdn-cgi/rum? 204 
2026-05-29 01:33:48,269 [INFO] Capturing response: https://atomsportv504.top/favicon.ico 200 
2026-05-29 01:33:48,328 [INFO] Capturing request: https://streamsport365.com/cinema
2026-05-29 01:33:48,416 [INFO] Capturing response: https://teletv5.top/load/yayinlink.php?id=bein-sports-3 200 
2026-05-29 01:33:48,526 [INFO] Capturing response: https://young-surf-88a9.halitumutseler.workers.dev/https://corestream.ronaldovurdu.help//bein2/tracks-v1a1/mono.m3u8 504 
2026-05-29 01:33:48,671 [INFO] Capturing response: https://streamsport365.com/cinema 200 
2026-05-29 01:34:07,825 [INFO] Capturing request: https://android.clients.google.com/c2dm/register3
2026-05-29 01:34:07,891 [INFO] Capturing response: https://android.clients.google.com/c2dm/register3 301 
2026-05-29 01:34:21,336 [WARNING]   ❌ beIN Sports 3 için M3U8 bulunamadı
2026-05-29 01:34:22,336 [INFO] 
[4/14]
2026-05-29 01:34:22,336 [INFO] 🔍 beIN Sports 4 → https://atomsportv504.top/matches?id=bein-sports-4
2026-05-29 01:34:22,444 [INFO] Capturing request: https://atomsportv504.top/matches?id=bein-sports-4
2026-05-29 01:34:23,535 [INFO] Capturing response: https://atomsportv504.top/matches?id=bein-sports-4 200 
2026-05-29 01:34:23,544 [INFO] Capturing request: https://atomsportv504.top/cdn-cgi/rum?
2026-05-29 01:34:23,576 [INFO] Capturing request: https://atomsportv504.top/cdn-cgi/rum?
2026-05-29 01:34:23,675 [INFO] Capturing request: https://teletv5.top/load/yayinlink.php?id=bein-sports-4
2026-05-29 01:34:23,677 [INFO] Capturing response: https://atomsportv504.top/cdn-cgi/rum? 204 
2026-05-29 01:34:23,680 [INFO] Capturing request: https://atomsportv504.top/favicon.ico
2026-05-29 01:34:23,742 [INFO] Capturing response: https://atomsportv504.top/cdn-cgi/rum? 204 
2026-05-29 01:34:23,750 [INFO] Capturing response: https://atomsportv504.top/favicon.ico 200 
2026-05-29 01:34:23,822 [INFO] Capturing request: https://streamsport365.com/cinema
2026-05-29 01:34:23,921 [INFO] Capturing response: https://teletv5.top/load/yayinlink.php?id=bein-sports-4 200 
2026-05-29 01:34:24,169 [INFO] Capturing response: https://streamsport365.com/cinema 200 
2026-05-29 01:34:38,649 [INFO] Capturing request: https://update.googleapis.com/service/update2/json?cup2key=16:oh8eQJu0ayFMxMxyUMgrRqxzH-Mpq9OFw3BPP0Rb44k&cup2hreq=03241f0847e83bce8d68b4f5e4b872cd7d473ee64174260cdd8129d49217dfad
2026-05-29 01:34:38,696 [INFO] Capturing response: https://update.googleapis.com/service/update2/json?cup2key=16:oh8eQJu0ayFMxMxyUMgrRqxzH-Mpq9OFw3BPP0Rb44k&cup2hreq=03241f0847e83bce8d68b4f5e4b872cd7d473ee64174260cdd8129d49217dfad 200 
2026-05-29 01:34:55,054 [INFO] Capturing request: https://android.clients.google.com/c2dm/register3
2026-05-29 01:34:55,112 [INFO] Capturing response: https://android.clients.google.com/c2dm/register3 301 
2026-05-29 01:34:56,800 [WARNING]   ❌ beIN Sports 4 için M3U8 bulunamadı
2026-05-29 01:34:57,800 [INFO] 
[5/14]
2026-05-29 01:34:57,800 [INFO] 🔍 beIN Sports 5 → https://atomsportv504.top/matches?id=bein-sports-5
2026-05-29 01:34:57,907 [INFO] Capturing request: https://atomsportv504.top/assets/js/clappr.js
2026-05-29 01:34:57,909 [INFO] Capturing request: https://atomsportv504.top/matches?id=bein-sports-5
2026-05-29 01:34:57,947 [INFO] Capturing response: https://atomsportv504.top/assets/js/clappr.js 200 
2026-05-29 01:34:59,958 [INFO] Capturing response: https://atomsportv504.top/matches?id=bein-sports-5 200 
2026-05-29 01:34:59,966 [INFO] Capturing request: https://atomsportv504.top/cdn-cgi/rum?
2026-05-29 01:34:59,996 [INFO] Capturing request: https://atomsportv504.top/cdn-cgi/rum?
2026-05-29 01:35:00,096 [INFO] Capturing request: https://teletv5.top/load/yayinlink.php?id=bein-sports-5
2026-05-29 01:35:00,098 [INFO] Capturing request: https://atomsportv504.top/favicon.ico
2026-05-29 01:35:00,111 [INFO] Capturing response: https://atomsportv504.top/cdn-cgi/rum? 204 
2026-05-29 01:35:00,119 [INFO] Capturing response: https://atomsportv504.top/cdn-cgi/rum? 204 
2026-05-29 01:35:00,181 [INFO] Capturing response: https://atomsportv504.top/favicon.ico 200 
2026-05-29 01:35:00,239 [INFO] Capturing request: https://streamsport365.com/cinema
2026-05-29 01:35:00,340 [INFO] Capturing response: https://teletv5.top/load/yayinlink.php?id=bein-sports-5 200 
2026-05-29 01:35:00,581 [INFO] Capturing response: https://streamsport365.com/cinema 200 
2026-05-29 01:35:33,212 [WARNING]   ❌ beIN Sports 5 için M3U8 bulunamadı
2026-05-29 01:35:34,212 [INFO] 
[6/14]
2026-05-29 01:35:34,212 [INFO] 🔍 beIN Sports Max 1 → https://atomsportv504.top/matches?id=bein-sports-max-1
2026-05-29 01:35:34,318 [INFO] Capturing request: https://atomsportv504.top/assets/js/clappr.js
2026-05-29 01:35:34,322 [INFO] Capturing request: https://atomsportv504.top/matches?id=bein-sports-max-1
2026-05-29 01:35:34,370 [INFO] Capturing response: https://atomsportv504.top/assets/js/clappr.js 200 
2026-05-29 01:35:36,580 [INFO] Capturing response: https://atomsportv504.top/matches?id=bein-sports-max-1 200 
2026-05-29 01:35:36,588 [INFO] Capturing request: https://atomsportv504.top/cdn-cgi/rum?
2026-05-29 01:35:36,616 [INFO] Capturing request: https://atomsportv504.top/cdn-cgi/rum?
2026-05-29 01:35:36,717 [INFO] Capturing request: https://atomsportv504.top/favicon.ico
2026-05-29 01:35:36,718 [INFO] Capturing request: https://teletv5.top/load/yayinlink.php?id=bein-sports-max-1
2026-05-29 01:35:36,730 [INFO] Capturing response: https://atomsportv504.top/cdn-cgi/rum? 204 
2026-05-29 01:35:36,740 [INFO] Capturing response: https://atomsportv504.top/cdn-cgi/rum? 204 
2026-05-29 01:35:36,817 [INFO] Capturing response: https://atomsportv504.top/favicon.ico 200 
2026-05-29 01:35:36,860 [INFO] Capturing request: https://streamsport365.com/cinema
2026-05-29 01:35:36,960 [INFO] Capturing response: https://teletv5.top/load/yayinlink.php?id=bein-sports-max-1 200 
2026-05-29 01:35:37,210 [INFO] Capturing response: https://streamsport365.com/cinema 200 
2026-05-29 01:36:09,832 [WARNING]   ❌ beIN Sports Max 1 için M3U8 bulunamadı
2026-05-29 01:36:10,832 [INFO] 
[7/14]
2026-05-29 01:36:10,833 [INFO] 🔍 beIN Sports Max 2 → https://atomsportv504.top/matches?id=bein-sports-max-2
2026-05-29 01:36:10,940 [INFO] Capturing request: https://atomsportv504.top/assets/js/clappr.js
2026-05-29 01:36:10,942 [INFO] Capturing request: https://atomsportv504.top/matches?id=bein-sports-max-2
2026-05-29 01:36:10,989 [INFO] Capturing response: https://atomsportv504.top/assets/js/clappr.js 200 
2026-05-29 01:36:12,143 [INFO] Capturing response: https://atomsportv504.top/matches?id=bein-sports-max-2 200 
2026-05-29 01:36:12,152 [INFO] Capturing request: https://atomsportv504.top/cdn-cgi/rum?
2026-05-29 01:36:12,191 [INFO] Capturing request: https://atomsportv504.top/cdn-cgi/rum?
2026-05-29 01:36:12,291 [INFO] Capturing request: https://teletv5.top/load/yayinlink.php?id=bein-sports-max-2
2026-05-29 01:36:12,293 [INFO] Capturing request: https://atomsportv504.top/favicon.ico
2026-05-29 01:36:12,307 [INFO] Capturing response: https://atomsportv504.top/cdn-cgi/rum? 204 
2026-05-29 01:36:12,317 [INFO] Capturing response: https://atomsportv504.top/cdn-cgi/rum? 204 
2026-05-29 01:36:12,355 [INFO] Capturing response: https://atomsportv504.top/favicon.ico 200 
2026-05-29 01:36:12,432 [INFO] Capturing request: https://streamsport365.com/cinema
2026-05-29 01:36:12,545 [INFO] Capturing response: https://teletv5.top/load/yayinlink.php?id=bein-sports-max-2 200 
2026-05-29 01:36:12,772 [INFO] Capturing response: https://streamsport365.com/cinema 200 
2026-05-29 01:36:37,340 [INFO] Capturing request: https://android.clients.google.com/c2dm/register3
2026-05-29 01:36:37,453 [INFO] Capturing response: https://android.clients.google.com/c2dm/register3 301 
2026-05-29 01:36:45,404 [WARNING]   ❌ beIN Sports Max 2 için M3U8 bulunamadı
2026-05-29 01:36:46,405 [INFO] 
[8/14]
2026-05-29 01:36:46,405 [INFO] 🔍 S Sport → https://atomsportv504.top/matches?id=s-sport
2026-05-29 01:36:46,511 [INFO] Capturing request: https://atomsportv504.top/assets/js/clappr.js
2026-05-29 01:36:46,514 [INFO] Capturing request: https://atomsportv504.top/matches?id=s-sport
2026-05-29 01:36:46,552 [INFO] Capturing response: https://atomsportv504.top/assets/js/clappr.js 200 
2026-05-29 01:36:47,067 [INFO] Capturing response: https://atomsportv504.top/matches?id=s-sport 200 
2026-05-29 01:36:47,076 [INFO] Capturing request: https://atomsportv504.top/cdn-cgi/rum?
2026-05-29 01:36:47,106 [INFO] Capturing request: https://atomsportv504.top/cdn-cgi/rum?
2026-05-29 01:36:47,199 [INFO] Capturing request: https://teletv5.top/load/yayinlink.php?id=s-sport
2026-05-29 01:36:47,207 [INFO] Capturing request: https://atomsportv504.top/favicon.ico
2026-05-29 01:36:47,221 [INFO] Capturing response: https://atomsportv504.top/cdn-cgi/rum? 204 
2026-05-29 01:36:47,228 [INFO] Capturing response: https://atomsportv504.top/cdn-cgi/rum? 204 
2026-05-29 01:36:47,268 [INFO] Capturing response: https://atomsportv504.top/favicon.ico 200 
2026-05-29 01:36:47,346 [INFO] Capturing request: https://streamsport365.com/cinema
2026-05-29 01:36:47,446 [INFO] Capturing response: https://teletv5.top/load/yayinlink.php?id=s-sport 200 
2026-05-29 01:36:47,694 [INFO] Capturing response: https://streamsport365.com/cinema 200 
2026-05-29 01:36:47,815 [INFO] Capturing request: https://young-surf-88a9.halitumutseler.workers.dev/https://corestream.ronaldovurdu.help//s-sportt/tracks-v1a1/mono.m3u8
2026-05-29 01:36:50,119 [INFO]   ✅ M3U8 bulundu: https://young-surf-88a9.halitumutseler.workers.dev/https://corestream.ronaldovurdu.help//s-sportt/tracks-v1a1/mono.m3u8
2026-05-29 01:36:51,119 [INFO] 
[9/14]
2026-05-29 01:36:51,119 [INFO] 🔍 S Sport 2 → https://atomsportv504.top/matches?id=s-sport-2
2026-05-29 01:36:51,227 [INFO] Capturing request: https://atomsportv504.top/assets/js/clappr.js
2026-05-29 01:36:51,228 [INFO] Capturing request: https://atomsportv504.top/matches?id=s-sport-2
2026-05-29 01:36:51,254 [INFO] Capturing response: https://atomsportv504.top/assets/js/clappr.js 200 
2026-05-29 01:36:51,305 [INFO] Capturing response: https://atomsportv504.top/matches?id=s-sport-2 200 
2026-05-29 01:36:51,314 [INFO] Capturing request: https://atomsportv504.top/cdn-cgi/rum?
2026-05-29 01:36:51,339 [INFO] Capturing request: https://atomsportv504.top/cdn-cgi/rum?
2026-05-29 01:36:51,342 [INFO] Capturing request: https://streamsport365.com/cinema
2026-05-29 01:36:51,438 [INFO] Capturing request: https://teletv5.top/load/yayinlink.php?id=s-sport-2
2026-05-29 01:36:51,444 [INFO] Capturing request: https://atomsportv504.top/favicon.ico
2026-05-29 01:36:51,455 [INFO] Capturing response: https://atomsportv504.top/cdn-cgi/rum? 204 
2026-05-29 01:36:51,464 [INFO] Capturing response: https://atomsportv504.top/cdn-cgi/rum? 204 
2026-05-29 01:36:51,495 [INFO] Capturing response: https://atomsportv504.top/favicon.ico 200 
2026-05-29 01:36:51,674 [INFO] Capturing response: https://teletv5.top/load/yayinlink.php?id=s-sport-2 200 
2026-05-29 01:36:51,686 [INFO] Capturing response: https://streamsport365.com/cinema 200 
2026-05-29 01:36:51,834 [INFO] Capturing request: https://young-surf-88a9.halitumutseler.workers.dev/https://corestream.ronaldovurdu.help//s-sport2/tracks-v1a1/mono.m3u8
2026-05-29 01:36:52,241 [INFO] Capturing response: https://young-surf-88a9.halitumutseler.workers.dev/https://corestream.ronaldovurdu.help//s-sportt/tracks-v1a1/mono.m3u8 504 
2026-05-29 01:36:54,352 [INFO]   ✅ M3U8 bulundu: https://young-surf-88a9.halitumutseler.workers.dev/https://corestream.ronaldovurdu.help//s-sport2/tracks-v1a1/mono.m3u8
2026-05-29 01:36:55,352 [INFO] 
[10/14]
2026-05-29 01:36:55,352 [INFO] 🔍 A Spor → https://atomsportv504.top/matches?id=a-spor
2026-05-29 01:36:55,462 [INFO] Capturing request: https://atomsportv504.top/assets/js/clappr.js
2026-05-29 01:36:55,462 [INFO] Capturing request: https://atomsportv504.top/matches?id=a-spor
2026-05-29 01:36:55,490 [INFO] Capturing response: https://atomsportv504.top/assets/js/clappr.js 200 
2026-05-29 01:36:55,570 [INFO] Capturing response: https://atomsportv504.top/matches?id=a-spor 200 
2026-05-29 01:36:55,578 [INFO] Capturing request: https://atomsportv504.top/cdn-cgi/rum?
2026-05-29 01:36:55,604 [INFO] Capturing request: https://atomsportv504.top/cdn-cgi/rum?
2026-05-29 01:36:55,697 [INFO] Capturing request: https://teletv5.top/load/yayinlink.php?id=a-spor
2026-05-29 01:36:55,703 [INFO] Capturing response: https://atomsportv504.top/cdn-cgi/rum? 204 
2026-05-29 01:36:55,706 [INFO] Capturing request: https://atomsportv504.top/favicon.ico
2026-05-29 01:36:55,756 [INFO] Capturing response: https://atomsportv504.top/favicon.ico 200 
2026-05-29 01:36:55,769 [INFO] Capturing response: https://atomsportv504.top/cdn-cgi/rum? 204 
2026-05-29 01:36:55,844 [INFO] Capturing request: https://streamsport365.com/cinema
2026-05-29 01:36:55,936 [INFO] Capturing response: https://teletv5.top/load/yayinlink.php?id=a-spor 200 
2026-05-29 01:36:56,035 [INFO] Capturing response: https://young-surf-88a9.halitumutseler.workers.dev/https://corestream.ronaldovurdu.help//s-sport2/tracks-v1a1/mono.m3u8 504 
2026-05-29 01:36:56,187 [INFO] Capturing response: https://streamsport365.com/cinema 200 
2026-05-29 01:36:56,305 [INFO] Capturing request: https://young-surf-88a9.halitumutseler.workers.dev/https://corestream.ronaldovurdu.help//aspor/tracks-v1a1/mono.m3u8
2026-05-29 01:36:58,618 [INFO]   ✅ M3U8 bulundu: https://young-surf-88a9.halitumutseler.workers.dev/https://corestream.ronaldovurdu.help//aspor/tracks-v1a1/mono.m3u8
2026-05-29 01:36:59,618 [INFO] 
[11/14]
2026-05-29 01:36:59,618 [INFO] 🔍 Tivibu Spor 1 → https://atomsportv504.top/matches?id=tivibu-spor-1
2026-05-29 01:36:59,725 [INFO] Capturing request: https://atomsportv504.top/matches?id=tivibu-spor-1
2026-05-29 01:36:59,727 [INFO] Capturing request: https://atomsportv504.top/assets/js/clappr.js
2026-05-29 01:36:59,792 [INFO] Capturing response: https://atomsportv504.top/matches?id=tivibu-spor-1 200 
2026-05-29 01:36:59,800 [INFO] Capturing request: https://atomsportv504.top/cdn-cgi/rum?
2026-05-29 01:36:59,805 [INFO] Capturing response: https://atomsportv504.top/assets/js/clappr.js 200 
2026-05-29 01:36:59,823 [INFO] Capturing request: https://streamsport365.com/cinema
2026-05-29 01:36:59,830 [INFO] Capturing request: https://atomsportv504.top/cdn-cgi/rum?
2026-05-29 01:36:59,926 [INFO] Capturing request: https://teletv5.top/load/yayinlink.php?id=tivibu-spor-1
2026-05-29 01:36:59,931 [INFO] Capturing request: https://atomsportv504.top/favicon.ico
2026-05-29 01:36:59,943 [INFO] Capturing response: https://atomsportv504.top/cdn-cgi/rum? 204 
2026-05-29 01:36:59,952 [INFO] Capturing response: https://atomsportv504.top/cdn-cgi/rum? 204 
2026-05-29 01:37:00,027 [INFO] Capturing response: https://atomsportv504.top/favicon.ico 200 
2026-05-29 01:37:00,172 [INFO] Capturing response: https://teletv5.top/load/yayinlink.php?id=tivibu-spor-1 200 
2026-05-29 01:37:00,176 [INFO] Capturing response: https://streamsport365.com/cinema 200 
2026-05-29 01:37:00,516 [INFO] Capturing response: https://young-surf-88a9.halitumutseler.workers.dev/https://corestream.ronaldovurdu.help//aspor/tracks-v1a1/mono.m3u8 504 
2026-05-29 01:37:33,040 [WARNING]   ❌ Tivibu Spor 1 için M3U8 bulunamadı
2026-05-29 01:37:34,040 [INFO] 
[12/14]
2026-05-29 01:37:34,040 [INFO] 🔍 Tivibu Spor 2 → https://atomsportv504.top/matches?id=tivibu-spor-2
2026-05-29 01:37:34,147 [INFO] Capturing request: https://atomsportv504.top/assets/js/clappr.js
2026-05-29 01:37:34,149 [INFO] Capturing request: https://atomsportv504.top/matches?id=tivibu-spor-2
2026-05-29 01:37:34,184 [INFO] Capturing response: https://atomsportv504.top/assets/js/clappr.js 200 
2026-05-29 01:37:35,789 [INFO] Capturing response: https://atomsportv504.top/matches?id=tivibu-spor-2 200 
2026-05-29 01:37:35,798 [INFO] Capturing request: https://atomsportv504.top/cdn-cgi/rum?
2026-05-29 01:37:35,826 [INFO] Capturing request: https://atomsportv504.top/cdn-cgi/rum?
2026-05-29 01:37:35,923 [INFO] Capturing request: https://teletv5.top/load/yayinlink.php?id=tivibu-spor-2
2026-05-29 01:37:35,930 [INFO] Capturing request: https://atomsportv504.top/favicon.ico
2026-05-29 01:37:35,941 [INFO] Capturing response: https://atomsportv504.top/cdn-cgi/rum? 204 
2026-05-29 01:37:35,949 [INFO] Capturing response: https://atomsportv504.top/cdn-cgi/rum? 204 
2026-05-29 01:37:36,004 [INFO] Capturing response: https://atomsportv504.top/favicon.ico 200 
2026-05-29 01:37:36,070 [INFO] Capturing request: https://streamsport365.com/cinema
2026-05-29 01:37:36,176 [INFO] Capturing response: https://teletv5.top/load/yayinlink.php?id=tivibu-spor-2 200 
2026-05-29 01:37:36,418 [INFO] Capturing response: https://streamsport365.com/cinema 200 
2026-05-29 01:37:38,854 [INFO] 127.0.0.1:53358: HTTP/2 connection terminated by server: error code: 0, last stream id: 201, additional data: b'session_timed_out'
2026-05-29 01:37:39,171 [INFO] 127.0.0.1:47386: HTTP/2 connection terminated by server: error code: 0, last stream id: 201, additional data: b'session_timed_out'
2026-05-29 01:38:09,047 [WARNING]   ❌ Tivibu Spor 2 için M3U8 bulunamadı
2026-05-29 01:38:10,047 [INFO] 
[13/14]
2026-05-29 01:38:10,048 [INFO] 🔍 Tivibu Spor 3 → https://atomsportv504.top/matches?id=tivibu-spor-3
2026-05-29 01:38:10,155 [INFO] Capturing request: https://atomsportv504.top/assets/js/clappr.js
2026-05-29 01:38:10,159 [INFO] Capturing request: https://atomsportv504.top/matches?id=tivibu-spor-3
2026-05-29 01:38:10,207 [INFO] Capturing response: https://atomsportv504.top/assets/js/clappr.js 200 
2026-05-29 01:38:12,523 [INFO] Capturing response: https://atomsportv504.top/matches?id=tivibu-spor-3 200 
2026-05-29 01:38:12,531 [INFO] Capturing request: https://atomsportv504.top/cdn-cgi/rum?
2026-05-29 01:38:12,562 [INFO] Capturing request: https://atomsportv504.top/cdn-cgi/rum?
2026-05-29 01:38:12,661 [INFO] Capturing request: https://teletv5.top/load/yayinlink.php?id=tivibu-spor-3
2026-05-29 01:38:12,663 [INFO] Capturing response: https://atomsportv504.top/cdn-cgi/rum? 204 
2026-05-29 01:38:12,664 [INFO] Capturing request: https://atomsportv504.top/favicon.ico
2026-05-29 01:38:12,730 [INFO] Capturing response: https://atomsportv504.top/cdn-cgi/rum? 204 
2026-05-29 01:38:12,756 [INFO] Capturing response: https://atomsportv504.top/favicon.ico 200 
2026-05-29 01:38:12,804 [INFO] Capturing request: https://streamsport365.com/cinema
2026-05-29 01:38:12,916 [INFO] Capturing response: https://teletv5.top/load/yayinlink.php?id=tivibu-spor-3 200 
2026-05-29 01:38:13,154 [INFO] Capturing response: https://streamsport365.com/cinema 200 
2026-05-29 01:38:38,697 [INFO] 127.0.0.1:42726: HTTP/2 connection terminated by server: error code: 0, last stream id: 201, additional data: b'session_timed_out'
2026-05-29 01:38:45,780 [WARNING]   ❌ Tivibu Spor 3 için M3U8 bulunamadı
2026-05-29 01:38:46,780 [INFO] 
[14/14]
2026-05-29 01:38:46,780 [INFO] 🔍 Tivibu Spor 4 → https://atomsportv504.top/matches?id=tivibu-spor-4
2026-05-29 01:38:46,888 [INFO] Capturing request: https://atomsportv504.top/assets/js/clappr.js
2026-05-29 01:38:46,890 [INFO] Capturing request: https://atomsportv504.top/matches?id=tivibu-spor-4
2026-05-29 01:38:46,949 [INFO] Capturing response: https://atomsportv504.top/assets/js/clappr.js 200 
2026-05-29 01:38:47,376 [INFO] Capturing response: https://atomsportv504.top/matches?id=tivibu-spor-4 200 
2026-05-29 01:38:47,384 [INFO] Capturing request: https://atomsportv504.top/cdn-cgi/rum?
2026-05-29 01:38:47,414 [INFO] Capturing request: https://atomsportv504.top/cdn-cgi/rum?
2026-05-29 01:38:47,508 [INFO] Capturing request: https://teletv5.top/load/yayinlink.php?id=tivibu-spor-4
2026-05-29 01:38:47,514 [INFO] Capturing request: https://atomsportv504.top/favicon.ico
2026-05-29 01:38:47,530 [INFO] Capturing response: https://atomsportv504.top/cdn-cgi/rum? 204 
2026-05-29 01:38:47,538 [INFO] Capturing response: https://atomsportv504.top/cdn-cgi/rum? 204 
2026-05-29 01:38:47,582 [INFO] Capturing response: https://atomsportv504.top/favicon.ico 200 
2026-05-29 01:38:47,655 [INFO] Capturing request: https://streamsport365.com/cinema
2026-05-29 01:38:47,766 [INFO] Capturing response: https://teletv5.top/load/yayinlink.php?id=tivibu-spor-4 200 
2026-05-29 01:38:48,000 [INFO] Capturing response: https://streamsport365.com/cinema 200 
2026-05-29 01:39:20,633 [WARNING]   ❌ Tivibu Spor 4 için M3U8 bulunamadı
2026-05-29 01:39:21,691 [INFO] ✅ 5 kanal bulundu, playlist.m3u kaydedildi
