2026-06-21 13:08:09,339 [INFO] 🌐 BASE_URL: https://atomsportv507.top
2026-06-21 13:08:10,028 [INFO] Başlanıyor... 14 kanal taranacak
2026-06-21 13:08:10,028 [INFO] Using default request storage
2026-06-21 13:08:10,033 [INFO] Created proxy listening on 127.0.0.1:33481
2026-06-21 13:08:10,693 [INFO] Capturing request: http://clients2.google.com/time/1/current?cup2key=10:3dh8WHjg3mGtXBYUUngu_F8T0XeY_IL6-P880QAN2Eo&cup2hreq=e3b0c44298fc1c149afbf4c8996fb92427ae41e4649b934ca495991b7852b855
2026-06-21 13:08:10,726 [INFO] Capturing response: http://clients2.google.com/time/1/current?cup2key=10:3dh8WHjg3mGtXBYUUngu_F8T0XeY_IL6-P880QAN2Eo&cup2hreq=e3b0c44298fc1c149afbf4c8996fb92427ae41e4649b934ca495991b7852b855 200 OK
2026-06-21 13:08:10,842 [INFO] 
[1/14]
2026-06-21 13:08:10,842 [INFO] 🔍 beIN Sports 1 → https://atomsportv507.top/matches?id=bein-sports-1
2026-06-21 13:08:10,923 [INFO] Capturing request: https://update.googleapis.com/service/update2/json?cup2key=16:a5RAgerNKLaWSyYdWhPKaQX71H6FaIi1gp0iKjcurAg&cup2hreq=29cfb5b9edfe6a9380789cb1dde02b94a1a5aeacbf9d702d58e2dd8ffb23925a
2026-06-21 13:08:10,924 [INFO] Capturing request: https://accounts.google.com/ListAccounts?gpsia=1&source=ChromiumBrowser&json=standard&laf=b64bin
2026-06-21 13:08:11,001 [INFO] Capturing response: https://update.googleapis.com/service/update2/json?cup2key=16:a5RAgerNKLaWSyYdWhPKaQX71H6FaIi1gp0iKjcurAg&cup2hreq=29cfb5b9edfe6a9380789cb1dde02b94a1a5aeacbf9d702d58e2dd8ffb23925a 200 
2026-06-21 13:08:11,012 [INFO] Capturing response: https://accounts.google.com/ListAccounts?gpsia=1&source=ChromiumBrowser&json=standard&laf=b64bin 200 
2026-06-21 13:08:11,023 [INFO] Capturing request: https://atomsportv507.top/matches?id=bein-sports-1
2026-06-21 13:08:11,047 [INFO] Capturing request: https://update.googleapis.com/service/update2/json?cup2key=16:ugv0rCt73-bxUBpYXthKCqSM59jkrwSBrAW8b03IDnQ&cup2hreq=806e602557f57ce2e684fd9f82283e7ca5432ef848a1b2582371e2fb6fd7b1aa
2026-06-21 13:08:11,071 [INFO] Capturing response: https://update.googleapis.com/service/update2/json?cup2key=16:ugv0rCt73-bxUBpYXthKCqSM59jkrwSBrAW8b03IDnQ&cup2hreq=806e602557f57ce2e684fd9f82283e7ca5432ef848a1b2582371e2fb6fd7b1aa 200 
2026-06-21 13:08:11,110 [INFO] Capturing response: https://atomsportv507.top/matches?id=bein-sports-1 200 
2026-06-21 13:08:11,263 [INFO] Capturing request: https://atomsportv507.top/assets/js/clappr.js
2026-06-21 13:08:11,315 [INFO] Capturing response: https://atomsportv507.top/assets/js/clappr.js 200 
2026-06-21 13:08:11,318 [INFO] Capturing request: https://cdn.jsdelivr.net/npm/@clappr/player@latest/dist/clappr.min.js
2026-06-21 13:08:11,324 [INFO] Capturing request: https://cdnjs.cloudflare.com/ajax/libs/jquery/3.2.1/jquery.min.js
2026-06-21 13:08:11,330 [INFO] Capturing request: https://www.google.com/async/folae?async=_fmt:pb&udm=50&client_locale=en-US&client_country=ZZ
2026-06-21 13:08:11,342 [INFO] Capturing response: https://cdn.jsdelivr.net/npm/@clappr/player@latest/dist/clappr.min.js 200 
2026-06-21 13:08:11,345 [INFO] Capturing response: https://cdnjs.cloudflare.com/ajax/libs/jquery/3.2.1/jquery.min.js 200 
2026-06-21 13:08:11,460 [INFO] Capturing response: https://www.google.com/async/folae?async=_fmt:pb&udm=50&client_locale=en-US&client_country=ZZ 200 
2026-06-21 13:08:11,541 [INFO] Capturing request: https://static.cloudflareinsights.com/beacon.min.js/v833ccba57c9e4d2798f2e76cebdd09a11778172276447
2026-06-21 13:08:11,557 [INFO] Capturing response: https://static.cloudflareinsights.com/beacon.min.js/v833ccba57c9e4d2798f2e76cebdd09a11778172276447 200 
2026-06-21 13:08:11,618 [INFO] Capturing request: https://atomsportv507.top/cdn-cgi/rum?
2026-06-21 13:08:11,721 [INFO] Capturing request: https://atomsportv507.top/favicon.ico
2026-06-21 13:08:11,729 [INFO] Capturing response: https://atomsportv507.top/cdn-cgi/rum? 204 
2026-06-21 13:08:11,779 [INFO] Capturing request: https://teletv5.top/load/yayinlink.php?id=bein-sports-1
2026-06-21 13:08:11,785 [INFO] Capturing response: https://atomsportv507.top/favicon.ico 200 
2026-06-21 13:08:12,114 [INFO] Capturing response: https://teletv5.top/load/yayinlink.php?id=bein-sports-1 200 
2026-06-21 13:08:12,239 [INFO] Capturing request: https://streamsport365.com/cinema
2026-06-21 13:08:12,516 [INFO] Capturing response: https://streamsport365.com/cinema 200 
2026-06-21 13:08:12,648 [INFO] Capturing request: https://atomsportv507.top/assets/img/player_logo_6880e4e4c52ee.png
2026-06-21 13:08:12,706 [INFO] Capturing response: https://atomsportv507.top/assets/img/player_logo_6880e4e4c52ee.png 200 
2026-06-21 13:08:12,716 [INFO] Capturing request: https://hlssssssssssssssssss.yedeklinksa35.workers.dev/https://corestream.ronaldovurdu.help//aspor/tracks-v1a1/mono.m3u8
2026-06-21 13:08:13,023 [INFO] Capturing response: https://hlssssssssssssssssss.yedeklinksa35.workers.dev/https://corestream.ronaldovurdu.help//aspor/tracks-v1a1/mono.m3u8 200 
2026-06-21 13:08:13,233 [INFO] Capturing request: https://ts.yedeklinksa35.workers.dev/aspor/tracks-v1a1/2026/06/21/13/08/02-10000.avif
2026-06-21 13:08:13,773 [INFO] Capturing request: https://android.clients.google.com/checkin
2026-06-21 13:08:13,793 [INFO] Capturing response: https://ts.yedeklinksa35.workers.dev/aspor/tracks-v1a1/2026/06/21/13/08/02-10000.avif 200 
2026-06-21 13:08:13,845 [INFO] Capturing response: https://android.clients.google.com/checkin 200 
2026-06-21 13:08:13,895 [INFO] Capturing request: https://android.clients.google.com/c2dm/register3
2026-06-21 13:08:13,905 [INFO] Capturing request: https://android.clients.google.com/c2dm/register3
2026-06-21 13:08:13,906 [INFO] Capturing request: https://android.clients.google.com/c2dm/register3
2026-06-21 13:08:13,938 [INFO] Capturing response: https://android.clients.google.com/c2dm/register3 301 
2026-06-21 13:08:14,135 [INFO] Capturing request: https://ts.yedeklinksa35.workers.dev/aspor/tracks-v1a1/2026/06/21/13/08/12-10000.avif
2026-06-21 13:08:14,616 [INFO] Capturing response: https://android.clients.google.com/c2dm/register3 200 
2026-06-21 13:08:14,644 [INFO]   ✅ M3U8 bulundu: https://hlssssssssssssssssss.yedeklinksa35.workers.dev/https://corestream.ronaldovurdu.help//aspor/tracks-v1a1/mono.m3u8
2026-06-21 13:08:14,688 [INFO] Capturing response: https://android.clients.google.com/c2dm/register3 200 
2026-06-21 13:08:14,752 [INFO] Capturing response: https://ts.yedeklinksa35.workers.dev/aspor/tracks-v1a1/2026/06/21/13/08/12-10000.avif 200 
2026-06-21 13:08:15,062 [INFO] Capturing request: https://ts.yedeklinksa35.workers.dev/aspor/tracks-v1a1/2026/06/21/13/08/22-10000.avif
2026-06-21 13:08:15,645 [INFO] 
[2/14]
2026-06-21 13:08:15,645 [INFO] 🔍 beIN Sports 2 → https://atomsportv507.top/matches?id=bein-sports-2
2026-06-21 13:08:15,813 [INFO] Capturing request: https://atomsportv507.top/matches?id=bein-sports-2
2026-06-21 13:08:15,861 [INFO] Capturing response: https://atomsportv507.top/matches?id=bein-sports-2 200 
2026-06-21 13:08:15,880 [INFO] Capturing request: https://atomsportv507.top/cdn-cgi/rum?
2026-06-21 13:08:15,917 [INFO] Capturing response: https://ts.yedeklinksa35.workers.dev/aspor/tracks-v1a1/2026/06/21/13/08/22-10000.avif 200 
2026-06-21 13:08:15,929 [INFO] Capturing request: https://streamsport365.com/cinema
2026-06-21 13:08:15,935 [INFO] Capturing request: https://atomsportv507.top/cdn-cgi/rum?
2026-06-21 13:08:16,037 [INFO] Capturing request: https://teletv5.top/load/yayinlink.php?id=bein-sports-2
2026-06-21 13:08:16,042 [INFO] Capturing response: https://atomsportv507.top/cdn-cgi/rum? 204 
2026-06-21 13:08:16,044 [INFO] Capturing request: https://atomsportv507.top/favicon.ico
2026-06-21 13:08:16,079 [INFO] Capturing response: https://atomsportv507.top/favicon.ico 200 
2026-06-21 13:08:16,087 [INFO] Capturing response: https://atomsportv507.top/cdn-cgi/rum? 204 
2026-06-21 13:08:16,218 [INFO] Capturing response: https://streamsport365.com/cinema 200 
2026-06-21 13:08:16,337 [INFO] Capturing response: https://teletv5.top/load/yayinlink.php?id=bein-sports-2 200 
2026-06-21 13:08:16,458 [INFO] Capturing request: https://hlssssssssssssssssss.yedeklinksa35.workers.dev/https://corestream.ronaldovurdu.help//bein2/tracks-v1a1/mono.m3u8
2026-06-21 13:08:16,602 [INFO] Capturing response: https://hlssssssssssssssssss.yedeklinksa35.workers.dev/https://corestream.ronaldovurdu.help//bein2/tracks-v1a1/mono.m3u8 200 
2026-06-21 13:08:16,710 [INFO] Capturing request: https://ts.yedeklinksa35.workers.dev/bein2/tracks-v1a1/2026/06/21/13/09/19-10000.avif
2026-06-21 13:08:18,947 [INFO]   ✅ M3U8 bulundu: https://hlssssssssssssssssss.yedeklinksa35.workers.dev/https://corestream.ronaldovurdu.help//bein2/tracks-v1a1/mono.m3u8
2026-06-21 13:08:19,948 [INFO] 
[3/14]
2026-06-21 13:08:19,948 [INFO] 🔍 beIN Sports 3 → https://atomsportv507.top/matches?id=bein-sports-3
2026-06-21 13:08:20,056 [INFO] Capturing request: https://atomsportv507.top/assets/js/clappr.js
2026-06-21 13:08:20,058 [INFO] Capturing request: https://atomsportv507.top/matches?id=bein-sports-3
2026-06-21 13:08:20,078 [INFO] Capturing response: https://atomsportv507.top/assets/js/clappr.js 200 
2026-06-21 13:08:20,107 [INFO] Capturing response: https://atomsportv507.top/matches?id=bein-sports-3 200 
2026-06-21 13:08:20,116 [INFO] Capturing request: https://atomsportv507.top/cdn-cgi/rum?
2026-06-21 13:08:20,143 [INFO] Capturing request: https://atomsportv507.top/cdn-cgi/rum?
2026-06-21 13:08:20,239 [INFO] Capturing request: https://teletv5.top/load/yayinlink.php?id=bein-sports-3
2026-06-21 13:08:20,244 [INFO] Capturing request: https://atomsportv507.top/favicon.ico
2026-06-21 13:08:20,251 [INFO] Capturing response: https://atomsportv507.top/cdn-cgi/rum? 204 
2026-06-21 13:08:20,254 [INFO] Capturing response: https://atomsportv507.top/cdn-cgi/rum? 204 
2026-06-21 13:08:20,278 [INFO] Capturing response: https://atomsportv507.top/favicon.ico 200 
2026-06-21 13:08:20,354 [INFO] Capturing request: https://streamsport365.com/cinema
2026-06-21 13:08:20,405 [INFO] Capturing response: https://teletv5.top/load/yayinlink.php?id=bein-sports-3 200 
2026-06-21 13:08:20,629 [INFO] Capturing response: https://streamsport365.com/cinema 200 
2026-06-21 13:08:23,112 [INFO] Capturing response: https://ts.yedeklinksa35.workers.dev/bein2/tracks-v1a1/2026/06/21/13/09/19-10000.avif 200 
2026-06-21 13:08:36,039 [INFO] Capturing request: https://android.clients.google.com/c2dm/register3
2026-06-21 13:08:36,072 [INFO] Capturing response: https://android.clients.google.com/c2dm/register3 301 
2026-06-21 13:08:53,449 [WARNING]   ❌ beIN Sports 3 için M3U8 bulunamadı
2026-06-21 13:08:54,449 [INFO] 
[4/14]
2026-06-21 13:08:54,449 [INFO] 🔍 beIN Sports 4 → https://atomsportv507.top/matches?id=bein-sports-4
2026-06-21 13:08:54,559 [INFO] Capturing request: https://atomsportv507.top/assets/js/clappr.js
2026-06-21 13:08:54,561 [INFO] Capturing request: https://atomsportv507.top/matches?id=bein-sports-4
2026-06-21 13:08:54,579 [INFO] Capturing response: https://atomsportv507.top/assets/js/clappr.js 200 
2026-06-21 13:08:54,613 [INFO] Capturing response: https://atomsportv507.top/matches?id=bein-sports-4 200 
2026-06-21 13:08:54,622 [INFO] Capturing request: https://atomsportv507.top/cdn-cgi/rum?
2026-06-21 13:08:54,650 [INFO] Capturing request: https://atomsportv507.top/cdn-cgi/rum?
2026-06-21 13:08:54,750 [INFO] Capturing request: https://teletv5.top/load/yayinlink.php?id=bein-sports-4
2026-06-21 13:08:54,751 [INFO] Capturing request: https://atomsportv507.top/favicon.ico
2026-06-21 13:08:54,757 [INFO] Capturing response: https://atomsportv507.top/cdn-cgi/rum? 204 
2026-06-21 13:08:54,759 [INFO] Capturing response: https://atomsportv507.top/cdn-cgi/rum? 204 
2026-06-21 13:08:54,791 [INFO] Capturing response: https://atomsportv507.top/favicon.ico 200 
2026-06-21 13:08:54,867 [INFO] Capturing request: https://streamsport365.com/cinema
2026-06-21 13:08:54,914 [INFO] Capturing response: https://teletv5.top/load/yayinlink.php?id=bein-sports-4 200 
2026-06-21 13:08:55,153 [INFO] Capturing response: https://streamsport365.com/cinema 200 
2026-06-21 13:09:10,688 [INFO] Capturing request: https://update.googleapis.com/service/update2/json?cup2key=16:hr2s8g4dJ6EPUqJzoJHPk6lJngAraGO5VJBM2wVPfmE&cup2hreq=90c4e99e0875bbcc02bd677c27e969eacdc4b6bfb5e8af2cb37603c9cb0bd9e7
2026-06-21 13:09:10,713 [INFO] Capturing response: https://update.googleapis.com/service/update2/json?cup2key=16:hr2s8g4dJ6EPUqJzoJHPk6lJngAraGO5VJBM2wVPfmE&cup2hreq=90c4e99e0875bbcc02bd677c27e969eacdc4b6bfb5e8af2cb37603c9cb0bd9e7 200 
2026-06-21 13:09:10,720 [INFO] Capturing request: http://edgedl.me.gvt1.com/edgedl/diffgen-puffin/gcmjkmgdlgnkkcocmoeiminaijmmjnii/df2a22d5ecc7788c3330ebd5f856b41531c74f412a01ed7453d11284708009fe
2026-06-21 13:09:10,732 [INFO] Capturing response: http://edgedl.me.gvt1.com/edgedl/diffgen-puffin/gcmjkmgdlgnkkcocmoeiminaijmmjnii/df2a22d5ecc7788c3330ebd5f856b41531c74f412a01ed7453d11284708009fe 200 OK
2026-06-21 13:09:10,775 [INFO] Capturing request: https://update.googleapis.com/service/update2/json
2026-06-21 13:09:10,797 [INFO] Capturing response: https://update.googleapis.com/service/update2/json 200 
2026-06-21 13:09:10,842 [INFO] Capturing request: http://edgedl.me.gvt1.com/edgedl/release2/chrome_component/mf2fglcongw5fbgyixtenrvw7a_10598/hfnkpimlhhgieaddgfemjhofmfblmnib_10598_all_b6777ii6wjfrvcanqcwvmr727u.crx3
2026-06-21 13:09:10,856 [INFO] Capturing response: http://edgedl.me.gvt1.com/edgedl/release2/chrome_component/mf2fglcongw5fbgyixtenrvw7a_10598/hfnkpimlhhgieaddgfemjhofmfblmnib_10598_all_b6777ii6wjfrvcanqcwvmr727u.crx3 200 OK
2026-06-21 13:09:10,884 [INFO] Capturing request: https://update.googleapis.com/service/update2/json
2026-06-21 13:09:10,908 [INFO] Capturing response: https://update.googleapis.com/service/update2/json 200 
2026-06-21 13:09:27,528 [INFO] Capturing request: https://android.clients.google.com/c2dm/register3
2026-06-21 13:09:27,561 [INFO] Capturing response: https://android.clients.google.com/c2dm/register3 301 
2026-06-21 13:09:27,937 [WARNING]   ❌ beIN Sports 4 için M3U8 bulunamadı
2026-06-21 13:09:28,937 [INFO] 
[5/14]
2026-06-21 13:09:28,937 [INFO] 🔍 beIN Sports 5 → https://atomsportv507.top/matches?id=bein-sports-5
2026-06-21 13:09:29,090 [INFO] Capturing request: https://atomsportv507.top/matches?id=bein-sports-5
2026-06-21 13:09:29,095 [INFO] Capturing request: https://atomsportv507.top/assets/js/clappr.js
2026-06-21 13:09:29,117 [INFO] Capturing response: https://atomsportv507.top/assets/js/clappr.js 200 
2026-06-21 13:09:29,571 [INFO] Capturing response: https://atomsportv507.top/matches?id=bein-sports-5 200 
2026-06-21 13:09:29,581 [INFO] Capturing request: https://atomsportv507.top/cdn-cgi/rum?
2026-06-21 13:09:29,613 [INFO] Capturing request: https://atomsportv507.top/cdn-cgi/rum?
2026-06-21 13:09:29,717 [INFO] Capturing request: https://atomsportv507.top/favicon.ico
2026-06-21 13:09:29,724 [INFO] Capturing response: https://atomsportv507.top/cdn-cgi/rum? 204 
2026-06-21 13:09:29,726 [INFO] Capturing response: https://atomsportv507.top/cdn-cgi/rum? 204 
2026-06-21 13:09:29,752 [INFO] Capturing response: https://atomsportv507.top/favicon.ico 200 
2026-06-21 13:09:29,756 [INFO] Capturing request: https://teletv5.top/load/yayinlink.php?id=bein-sports-5
2026-06-21 13:09:29,933 [INFO] Capturing response: https://teletv5.top/load/yayinlink.php?id=bein-sports-5 200 
2026-06-21 13:09:30,291 [INFO] Capturing request: https://streamsport365.com/cinema
2026-06-21 13:09:30,571 [INFO] Capturing response: https://streamsport365.com/cinema 200 
2026-06-21 13:10:02,876 [WARNING]   ❌ beIN Sports 5 için M3U8 bulunamadı
2026-06-21 13:10:03,876 [INFO] 
[6/14]
2026-06-21 13:10:03,876 [INFO] 🔍 beIN Sports Max 1 → https://atomsportv507.top/matches?id=bein-sports-max-1
2026-06-21 13:10:03,985 [INFO] Capturing request: https://atomsportv507.top/assets/js/clappr.js
2026-06-21 13:10:03,987 [INFO] Capturing request: https://atomsportv507.top/matches?id=bein-sports-max-1
2026-06-21 13:10:04,006 [INFO] Capturing response: https://atomsportv507.top/assets/js/clappr.js 200 
2026-06-21 13:10:04,256 [INFO] Capturing response: https://atomsportv507.top/matches?id=bein-sports-max-1 200 
2026-06-21 13:10:04,268 [INFO] Capturing request: https://atomsportv507.top/cdn-cgi/rum?
2026-06-21 13:10:04,295 [INFO] Capturing request: https://atomsportv507.top/cdn-cgi/rum?
2026-06-21 13:10:04,377 [INFO] Capturing response: https://atomsportv507.top/cdn-cgi/rum? 204 
2026-06-21 13:10:04,395 [INFO] Capturing request: https://teletv5.top/load/yayinlink.php?id=bein-sports-max-1
2026-06-21 13:10:04,399 [INFO] Capturing request: https://atomsportv507.top/favicon.ico
2026-06-21 13:10:04,438 [INFO] Capturing response: https://atomsportv507.top/favicon.ico 200 
2026-06-21 13:10:04,446 [INFO] Capturing response: https://atomsportv507.top/cdn-cgi/rum? 204 
2026-06-21 13:10:04,502 [INFO] Capturing request: https://streamsport365.com/cinema
2026-06-21 13:10:04,565 [INFO] Capturing response: https://teletv5.top/load/yayinlink.php?id=bein-sports-max-1 200 
2026-06-21 13:10:05,787 [INFO] Capturing response: https://streamsport365.com/cinema 200 
2026-06-21 13:10:37,565 [WARNING]   ❌ beIN Sports Max 1 için M3U8 bulunamadı
2026-06-21 13:10:38,565 [INFO] 
[7/14]
2026-06-21 13:10:38,566 [INFO] 🔍 beIN Sports Max 2 → https://atomsportv507.top/matches?id=bein-sports-max-2
2026-06-21 13:10:38,674 [INFO] Capturing request: https://atomsportv507.top/assets/js/clappr.js
2026-06-21 13:10:38,677 [INFO] Capturing request: https://atomsportv507.top/matches?id=bein-sports-max-2
2026-06-21 13:10:38,695 [INFO] Capturing response: https://atomsportv507.top/assets/js/clappr.js 200 
2026-06-21 13:10:38,936 [INFO] Capturing response: https://atomsportv507.top/matches?id=bein-sports-max-2 200 
2026-06-21 13:10:38,947 [INFO] Capturing request: https://atomsportv507.top/cdn-cgi/rum?
2026-06-21 13:10:38,974 [INFO] Capturing request: https://atomsportv507.top/cdn-cgi/rum?
2026-06-21 13:10:39,056 [INFO] Capturing response: https://atomsportv507.top/cdn-cgi/rum? 204 
2026-06-21 13:10:39,074 [INFO] Capturing request: https://teletv5.top/load/yayinlink.php?id=bein-sports-max-2
2026-06-21 13:10:39,078 [INFO] Capturing request: https://atomsportv507.top/favicon.ico
2026-06-21 13:10:39,116 [INFO] Capturing response: https://atomsportv507.top/favicon.ico 200 
2026-06-21 13:10:39,125 [INFO] Capturing response: https://atomsportv507.top/cdn-cgi/rum? 204 
2026-06-21 13:10:39,187 [INFO] Capturing request: https://streamsport365.com/cinema
2026-06-21 13:10:39,250 [INFO] Capturing response: https://teletv5.top/load/yayinlink.php?id=bein-sports-max-2 200 
2026-06-21 13:10:39,480 [INFO] Capturing response: https://streamsport365.com/cinema 200 
2026-06-21 13:11:12,252 [WARNING]   ❌ beIN Sports Max 2 için M3U8 bulunamadı
2026-06-21 13:11:13,253 [INFO] 
[8/14]
2026-06-21 13:11:13,253 [INFO] 🔍 S Sport → https://atomsportv507.top/matches?id=s-sport
2026-06-21 13:11:13,360 [INFO] Capturing request: https://atomsportv507.top/assets/js/clappr.js
2026-06-21 13:11:13,364 [INFO] Capturing request: https://atomsportv507.top/matches?id=s-sport
2026-06-21 13:11:13,380 [INFO] Capturing response: https://atomsportv507.top/assets/js/clappr.js 200 
2026-06-21 13:11:13,620 [INFO] Capturing response: https://atomsportv507.top/matches?id=s-sport 200 
2026-06-21 13:11:13,629 [INFO] Capturing request: https://atomsportv507.top/cdn-cgi/rum?
2026-06-21 13:11:13,657 [INFO] Capturing request: https://atomsportv507.top/cdn-cgi/rum?
2026-06-21 13:11:13,739 [INFO] Capturing response: https://atomsportv507.top/cdn-cgi/rum? 204 
2026-06-21 13:11:13,755 [INFO] Capturing request: https://teletv5.top/load/yayinlink.php?id=s-sport
2026-06-21 13:11:13,759 [INFO] Capturing request: https://atomsportv507.top/favicon.ico
2026-06-21 13:11:13,793 [INFO] Capturing response: https://atomsportv507.top/favicon.ico 200 
2026-06-21 13:11:13,806 [INFO] Capturing response: https://atomsportv507.top/cdn-cgi/rum? 204 
2026-06-21 13:11:13,864 [INFO] Capturing request: https://streamsport365.com/cinema
2026-06-21 13:11:13,926 [INFO] Capturing response: https://teletv5.top/load/yayinlink.php?id=s-sport 200 
2026-06-21 13:11:14,154 [INFO] Capturing response: https://streamsport365.com/cinema 200 
2026-06-21 13:11:14,272 [INFO] Capturing request: https://atomsportv507.top/assets/img/player_logo_6880e4e4c52ee.png
2026-06-21 13:11:14,309 [INFO] Capturing response: https://atomsportv507.top/assets/img/player_logo_6880e4e4c52ee.png 200 
2026-06-21 13:11:14,311 [INFO] Capturing request: https://hlssssssssssssssssss.yedeklinksa35.workers.dev/https://corestream.ronaldovurdu.help//s-sportt/tracks-v1a1/mono.m3u8
2026-06-21 13:11:14,496 [INFO] Capturing response: https://hlssssssssssssssssss.yedeklinksa35.workers.dev/https://corestream.ronaldovurdu.help//s-sportt/tracks-v1a1/mono.m3u8 200 
2026-06-21 13:11:14,680 [INFO] Capturing request: https://ts.yedeklinksa35.workers.dev/s-sportt/tracks-v1a1/2026/06/21/13/11/06-05920.avif
2026-06-21 13:11:15,087 [INFO] Capturing response: https://ts.yedeklinksa35.workers.dev/s-sportt/tracks-v1a1/2026/06/21/13/11/06-05920.avif 200 
2026-06-21 13:11:15,235 [INFO] Capturing request: https://android.clients.google.com/c2dm/register3
2026-06-21 13:11:15,257 [INFO] Capturing request: https://ts.yedeklinksa35.workers.dev/s-sportt/tracks-v1a1/2026/06/21/13/11/12-05000.avif
2026-06-21 13:11:15,261 [INFO] Capturing response: https://android.clients.google.com/c2dm/register3 301 
2026-06-21 13:11:15,643 [INFO] Capturing response: https://ts.yedeklinksa35.workers.dev/s-sportt/tracks-v1a1/2026/06/21/13/11/12-05000.avif 200 
2026-06-21 13:11:15,827 [INFO] Capturing request: https://ts.yedeklinksa35.workers.dev/s-sportt/tracks-v1a1/2026/06/21/13/11/17-05040.avif
2026-06-21 13:11:16,359 [INFO] Capturing response: https://ts.yedeklinksa35.workers.dev/s-sportt/tracks-v1a1/2026/06/21/13/11/17-05040.avif 200 
2026-06-21 13:11:16,574 [INFO] Capturing request: https://ts.yedeklinksa35.workers.dev/s-sportt/tracks-v1a1/2026/06/21/13/11/22-08360.avif
2026-06-21 13:11:16,676 [INFO]   ✅ M3U8 bulundu: https://hlssssssssssssssssss.yedeklinksa35.workers.dev/https://corestream.ronaldovurdu.help//s-sportt/tracks-v1a1/mono.m3u8
2026-06-21 13:11:17,028 [INFO] Capturing response: https://ts.yedeklinksa35.workers.dev/s-sportt/tracks-v1a1/2026/06/21/13/11/22-08360.avif 200 
2026-06-21 13:11:17,677 [INFO] 
[9/14]
2026-06-21 13:11:17,677 [INFO] 🔍 S Sport 2 → https://atomsportv507.top/matches?id=s-sport-2
2026-06-21 13:11:17,788 [INFO] Capturing request: https://atomsportv507.top/matches?id=s-sport-2
2026-06-21 13:11:17,790 [INFO] Capturing request: https://atomsportv507.top/assets/js/clappr.js
2026-06-21 13:11:17,810 [INFO] Capturing response: https://atomsportv507.top/assets/js/clappr.js 200 
2026-06-21 13:11:17,823 [INFO] Capturing response: https://atomsportv507.top/matches?id=s-sport-2 200 
2026-06-21 13:11:17,832 [INFO] Capturing request: https://atomsportv507.top/cdn-cgi/rum?
2026-06-21 13:11:17,865 [INFO] Capturing request: https://atomsportv507.top/cdn-cgi/rum?
2026-06-21 13:11:17,867 [INFO] Capturing request: https://streamsport365.com/cinema
2026-06-21 13:11:17,961 [INFO] Capturing request: https://teletv5.top/load/yayinlink.php?id=s-sport-2
2026-06-21 13:11:17,969 [INFO] Capturing request: https://atomsportv507.top/favicon.ico
2026-06-21 13:11:17,974 [INFO] Capturing response: https://atomsportv507.top/cdn-cgi/rum? 204 
2026-06-21 13:11:17,976 [INFO] Capturing response: https://atomsportv507.top/cdn-cgi/rum? 204 
2026-06-21 13:11:18,002 [INFO] Capturing response: https://atomsportv507.top/favicon.ico 200 
2026-06-21 13:11:18,130 [INFO] Capturing response: https://teletv5.top/load/yayinlink.php?id=s-sport-2 200 
2026-06-21 13:11:18,157 [INFO] Capturing response: https://streamsport365.com/cinema 200 
2026-06-21 13:11:18,289 [INFO] Capturing request: https://hlssssssssssssssssss.yedeklinksa35.workers.dev/https://corestream.ronaldovurdu.help//s-sport2/tracks-v1a1/mono.m3u8
2026-06-21 13:11:18,433 [INFO] Capturing response: https://hlssssssssssssssssss.yedeklinksa35.workers.dev/https://corestream.ronaldovurdu.help//s-sport2/tracks-v1a1/mono.m3u8 200 
2026-06-21 13:11:18,542 [INFO] Capturing request: https://ts.yedeklinksa35.workers.dev/s-sport2/tracks-v1a1/2026/06/21/13/11/55-06000.avif
2026-06-21 13:11:19,075 [INFO] Capturing response: https://ts.yedeklinksa35.workers.dev/s-sport2/tracks-v1a1/2026/06/21/13/11/55-06000.avif 200 
2026-06-21 13:11:19,391 [INFO] Capturing request: https://ts.yedeklinksa35.workers.dev/s-sport2/tracks-v1a1/2026/06/21/13/12/01-06000.avif
2026-06-21 13:11:19,757 [INFO] Capturing response: https://ts.yedeklinksa35.workers.dev/s-sport2/tracks-v1a1/2026/06/21/13/12/01-06000.avif 200 
2026-06-21 13:11:19,982 [INFO] Capturing request: https://ts.yedeklinksa35.workers.dev/s-sport2/tracks-v1a1/2026/06/21/13/12/07-06000.avif
2026-06-21 13:11:20,527 [INFO] Capturing response: https://ts.yedeklinksa35.workers.dev/s-sport2/tracks-v1a1/2026/06/21/13/12/07-06000.avif 200 
2026-06-21 13:11:20,893 [INFO]   ✅ M3U8 bulundu: https://hlssssssssssssssssss.yedeklinksa35.workers.dev/https://corestream.ronaldovurdu.help//s-sport2/tracks-v1a1/mono.m3u8
2026-06-21 13:11:21,894 [INFO] 
[10/14]
2026-06-21 13:11:21,894 [INFO] 🔍 A Spor → https://atomsportv507.top/matches?id=a-spor
2026-06-21 13:11:22,010 [INFO] Capturing request: https://atomsportv507.top/assets/js/clappr.js
2026-06-21 13:11:22,011 [INFO] Capturing request: https://atomsportv507.top/matches?id=a-spor
2026-06-21 13:11:22,030 [INFO] Capturing response: https://atomsportv507.top/assets/js/clappr.js 200 
2026-06-21 13:11:22,062 [INFO] Capturing response: https://atomsportv507.top/matches?id=a-spor 200 
2026-06-21 13:11:22,072 [INFO] Capturing request: https://atomsportv507.top/cdn-cgi/rum?
2026-06-21 13:11:22,106 [INFO] Capturing request: https://atomsportv507.top/cdn-cgi/rum?
2026-06-21 13:11:22,202 [INFO] Capturing request: https://teletv5.top/load/yayinlink.php?id=a-spor
2026-06-21 13:11:22,210 [INFO] Capturing request: https://atomsportv507.top/favicon.ico
2026-06-21 13:11:22,213 [INFO] Capturing response: https://atomsportv507.top/cdn-cgi/rum? 204 
2026-06-21 13:11:22,215 [INFO] Capturing response: https://atomsportv507.top/cdn-cgi/rum? 204 
2026-06-21 13:11:22,244 [INFO] Capturing response: https://atomsportv507.top/favicon.ico 200 
2026-06-21 13:11:22,319 [INFO] Capturing request: https://streamsport365.com/cinema
2026-06-21 13:11:22,373 [INFO] Capturing response: https://teletv5.top/load/yayinlink.php?id=a-spor 200 
2026-06-21 13:11:22,602 [INFO] Capturing response: https://streamsport365.com/cinema 200 
2026-06-21 13:11:22,722 [INFO] Capturing request: https://hlssssssssssssssssss.yedeklinksa35.workers.dev/https://corestream.ronaldovurdu.help//aspor/tracks-v1a1/mono.m3u8
2026-06-21 13:11:22,867 [INFO] Capturing response: https://hlssssssssssssssssss.yedeklinksa35.workers.dev/https://corestream.ronaldovurdu.help//aspor/tracks-v1a1/mono.m3u8 200 
2026-06-21 13:11:22,976 [INFO] Capturing request: https://ts.yedeklinksa35.workers.dev/aspor/tracks-v1a1/2026/06/21/13/11/12-10000.avif
2026-06-21 13:11:23,508 [INFO] Capturing response: https://ts.yedeklinksa35.workers.dev/aspor/tracks-v1a1/2026/06/21/13/11/12-10000.avif 200 
2026-06-21 13:11:23,786 [INFO] Capturing request: https://ts.yedeklinksa35.workers.dev/aspor/tracks-v1a1/2026/06/21/13/11/22-10000.avif
2026-06-21 13:11:24,495 [INFO] Capturing response: https://ts.yedeklinksa35.workers.dev/aspor/tracks-v1a1/2026/06/21/13/11/22-10000.avif 200 
2026-06-21 13:11:24,764 [INFO] Capturing request: https://ts.yedeklinksa35.workers.dev/aspor/tracks-v1a1/2026/06/21/13/11/32-10000.avif
2026-06-21 13:11:25,145 [INFO]   ✅ M3U8 bulundu: https://hlssssssssssssssssss.yedeklinksa35.workers.dev/https://corestream.ronaldovurdu.help//aspor/tracks-v1a1/mono.m3u8
2026-06-21 13:11:25,325 [INFO] Capturing response: https://ts.yedeklinksa35.workers.dev/aspor/tracks-v1a1/2026/06/21/13/11/32-10000.avif 200 
2026-06-21 13:11:26,146 [INFO] 
[11/14]
2026-06-21 13:11:26,146 [INFO] 🔍 Tivibu Spor 1 → https://atomsportv507.top/matches?id=tivibu-spor-1
2026-06-21 13:11:26,259 [INFO] Capturing request: https://atomsportv507.top/assets/js/clappr.js
2026-06-21 13:11:26,260 [INFO] Capturing request: https://atomsportv507.top/matches?id=tivibu-spor-1
2026-06-21 13:11:26,279 [INFO] Capturing response: https://atomsportv507.top/assets/js/clappr.js 200 
2026-06-21 13:11:26,308 [INFO] Capturing response: https://atomsportv507.top/matches?id=tivibu-spor-1 200 
2026-06-21 13:11:26,319 [INFO] Capturing request: https://atomsportv507.top/cdn-cgi/rum?
2026-06-21 13:11:26,363 [INFO] Capturing request: https://streamsport365.com/cinema
2026-06-21 13:11:26,364 [INFO] Capturing request: https://atomsportv507.top/cdn-cgi/rum?
2026-06-21 13:11:26,463 [INFO] Capturing request: https://atomsportv507.top/favicon.ico
2026-06-21 13:11:26,464 [INFO] Capturing request: https://teletv5.top/load/yayinlink.php?id=tivibu-spor-1
2026-06-21 13:11:26,469 [INFO] Capturing response: https://atomsportv507.top/cdn-cgi/rum? 204 
2026-06-21 13:11:26,499 [INFO] Capturing response: https://atomsportv507.top/favicon.ico 200 
2026-06-21 13:11:26,514 [INFO] Capturing response: https://atomsportv507.top/cdn-cgi/rum? 204 
2026-06-21 13:11:26,656 [INFO] Capturing response: https://streamsport365.com/cinema 200 
2026-06-21 13:11:26,696 [INFO] Capturing response: https://teletv5.top/load/yayinlink.php?id=tivibu-spor-1 200 
2026-06-21 13:11:59,629 [WARNING]   ❌ Tivibu Spor 1 için M3U8 bulunamadı
2026-06-21 13:12:00,629 [INFO] 
[12/14]
2026-06-21 13:12:00,629 [INFO] 🔍 Tivibu Spor 2 → https://atomsportv507.top/matches?id=tivibu-spor-2
2026-06-21 13:12:00,740 [INFO] Capturing request: https://atomsportv507.top/matches?id=tivibu-spor-2
2026-06-21 13:12:00,741 [INFO] Capturing request: https://atomsportv507.top/assets/js/clappr.js
2026-06-21 13:12:00,804 [INFO] Capturing response: https://atomsportv507.top/assets/js/clappr.js 200 
2026-06-21 13:12:00,984 [INFO] Capturing response: https://atomsportv507.top/matches?id=tivibu-spor-2 200 
2026-06-21 13:12:00,994 [INFO] Capturing request: https://atomsportv507.top/cdn-cgi/rum?
2026-06-21 13:12:01,027 [INFO] Capturing request: https://atomsportv507.top/cdn-cgi/rum?
2026-06-21 13:12:01,124 [INFO] Capturing request: https://teletv5.top/load/yayinlink.php?id=tivibu-spor-2
2026-06-21 13:12:01,129 [INFO] Capturing request: https://atomsportv507.top/favicon.ico
2026-06-21 13:12:01,134 [INFO] Capturing response: https://atomsportv507.top/cdn-cgi/rum? 204 
2026-06-21 13:12:01,136 [INFO] Capturing response: https://atomsportv507.top/cdn-cgi/rum? 204 
2026-06-21 13:12:01,169 [INFO] Capturing response: https://atomsportv507.top/favicon.ico 200 
2026-06-21 13:12:01,241 [INFO] Capturing request: https://streamsport365.com/cinema
2026-06-21 13:12:01,299 [INFO] Capturing response: https://teletv5.top/load/yayinlink.php?id=tivibu-spor-2 200 
2026-06-21 13:12:01,522 [INFO] Capturing response: https://streamsport365.com/cinema 200 
2026-06-21 13:12:34,288 [WARNING]   ❌ Tivibu Spor 2 için M3U8 bulunamadı
2026-06-21 13:12:35,289 [INFO] 
[13/14]
2026-06-21 13:12:35,289 [INFO] 🔍 Tivibu Spor 3 → https://atomsportv507.top/matches?id=tivibu-spor-3
2026-06-21 13:12:35,398 [INFO] Capturing request: https://atomsportv507.top/assets/js/clappr.js
2026-06-21 13:12:35,400 [INFO] Capturing request: https://atomsportv507.top/matches?id=tivibu-spor-3
2026-06-21 13:12:35,419 [INFO] Capturing response: https://atomsportv507.top/assets/js/clappr.js 200 
2026-06-21 13:12:35,660 [INFO] Capturing response: https://atomsportv507.top/matches?id=tivibu-spor-3 200 
2026-06-21 13:12:35,669 [INFO] Capturing request: https://atomsportv507.top/cdn-cgi/rum?
2026-06-21 13:12:35,704 [INFO] Capturing request: https://atomsportv507.top/cdn-cgi/rum?
2026-06-21 13:12:35,778 [INFO] Capturing response: https://atomsportv507.top/cdn-cgi/rum? 204 
2026-06-21 13:12:35,800 [INFO] Capturing request: https://teletv5.top/load/yayinlink.php?id=tivibu-spor-3
2026-06-21 13:12:35,810 [INFO] Capturing request: https://atomsportv507.top/favicon.ico
2026-06-21 13:12:35,848 [INFO] Capturing response: https://atomsportv507.top/favicon.ico 200 
2026-06-21 13:12:35,856 [INFO] Capturing response: https://atomsportv507.top/cdn-cgi/rum? 204 
2026-06-21 13:12:35,925 [INFO] Capturing request: https://streamsport365.com/cinema
2026-06-21 13:12:35,972 [INFO] Capturing response: https://teletv5.top/load/yayinlink.php?id=tivibu-spor-3 200 
2026-06-21 13:12:36,207 [INFO] Capturing response: https://streamsport365.com/cinema 200 
2026-06-21 13:13:08,982 [WARNING]   ❌ Tivibu Spor 3 için M3U8 bulunamadı
2026-06-21 13:13:09,983 [INFO] 
[14/14]
2026-06-21 13:13:09,983 [INFO] 🔍 Tivibu Spor 4 → https://atomsportv507.top/matches?id=tivibu-spor-4
2026-06-21 13:13:10,091 [INFO] Capturing request: https://atomsportv507.top/assets/js/clappr.js
2026-06-21 13:13:10,093 [INFO] Capturing request: https://atomsportv507.top/matches?id=tivibu-spor-4
2026-06-21 13:13:10,111 [INFO] Capturing response: https://atomsportv507.top/assets/js/clappr.js 200 
2026-06-21 13:13:10,371 [INFO] Capturing response: https://atomsportv507.top/matches?id=tivibu-spor-4 200 
2026-06-21 13:13:10,379 [INFO] Capturing request: https://atomsportv507.top/cdn-cgi/rum?
2026-06-21 13:13:10,412 [INFO] Capturing request: https://atomsportv507.top/cdn-cgi/rum?
2026-06-21 13:13:10,488 [INFO] Capturing response: https://atomsportv507.top/cdn-cgi/rum? 204 
2026-06-21 13:13:10,511 [INFO] Capturing request: https://teletv5.top/load/yayinlink.php?id=tivibu-spor-4
2026-06-21 13:13:10,515 [INFO] Capturing request: https://atomsportv507.top/favicon.ico
2026-06-21 13:13:10,549 [INFO] Capturing response: https://atomsportv507.top/favicon.ico 200 
2026-06-21 13:13:10,562 [INFO] Capturing response: https://atomsportv507.top/cdn-cgi/rum? 204 
2026-06-21 13:13:10,625 [INFO] Capturing request: https://streamsport365.com/cinema
2026-06-21 13:13:10,682 [INFO] Capturing response: https://teletv5.top/load/yayinlink.php?id=tivibu-spor-4 200 
2026-06-21 13:13:10,907 [INFO] Capturing response: https://streamsport365.com/cinema 200 
2026-06-21 13:13:43,687 [WARNING]   ❌ Tivibu Spor 4 için M3U8 bulunamadı
2026-06-21 13:13:44,754 [INFO] ✅ 5 kanal bulundu, playlist.m3u kaydedildi
