2026-07-06 00:08:25,243 [INFO] 🌐 BASE_URL: https://atomsportv508.top
2026-07-06 00:08:26,183 [INFO] Başlanıyor... 14 kanal taranacak
2026-07-06 00:08:26,183 [INFO] Using default request storage
2026-07-06 00:08:26,188 [INFO] Created proxy listening on 127.0.0.1:39017
2026-07-06 00:08:26,900 [INFO] Capturing request: http://clients2.google.com/time/1/current?cup2key=10:nNMJ2d_upY606bku_egYPyHe96qxhMabaqc8ZKAF07c&cup2hreq=e3b0c44298fc1c149afbf4c8996fb92427ae41e4649b934ca495991b7852b855
2026-07-06 00:08:26,958 [INFO] Capturing response: http://clients2.google.com/time/1/current?cup2key=10:nNMJ2d_upY606bku_egYPyHe96qxhMabaqc8ZKAF07c&cup2hreq=e3b0c44298fc1c149afbf4c8996fb92427ae41e4649b934ca495991b7852b855 200 OK
2026-07-06 00:08:27,114 [INFO] 
[1/14]
2026-07-06 00:08:27,115 [INFO] 🔍 beIN Sports 1 → https://atomsportv508.top/matches?id=bein-sports-1
2026-07-06 00:08:27,204 [INFO] Capturing request: https://accounts.google.com/ListAccounts?gpsia=1&source=ChromiumBrowser&json=standard&laf=b64bin
2026-07-06 00:08:27,209 [INFO] Capturing request: https://update.googleapis.com/service/update2/json?cup2key=16:003RBs9FwFITmVurcdX0KzqfPN06MLDUw4uJtZ_NFus&cup2hreq=f5aec6c03b6a940668ab65b3155c1aaf0eb82635e9c48441d21800cc847488ab
2026-07-06 00:08:27,260 [INFO] Capturing response: https://update.googleapis.com/service/update2/json?cup2key=16:003RBs9FwFITmVurcdX0KzqfPN06MLDUw4uJtZ_NFus&cup2hreq=f5aec6c03b6a940668ab65b3155c1aaf0eb82635e9c48441d21800cc847488ab 200 
2026-07-06 00:08:27,264 [INFO] Capturing response: https://accounts.google.com/ListAccounts?gpsia=1&source=ChromiumBrowser&json=standard&laf=b64bin 200 
2026-07-06 00:08:27,307 [INFO] Capturing request: https://update.googleapis.com/service/update2/json?cup2key=16:kGLj-11gokAF8pi_x1rfoTJvZn7UmKP0CW676_Yz9c4&cup2hreq=e6d556244b5e592c6107c1e6dbd516fe752fa70261a74599cc241de15db72dcc
2026-07-06 00:08:27,321 [INFO] Capturing request: https://atomsportv508.top/matches?id=bein-sports-1
2026-07-06 00:08:27,340 [INFO] Capturing response: https://update.googleapis.com/service/update2/json?cup2key=16:kGLj-11gokAF8pi_x1rfoTJvZn7UmKP0CW676_Yz9c4&cup2hreq=e6d556244b5e592c6107c1e6dbd516fe752fa70261a74599cc241de15db72dcc 200 
2026-07-06 00:08:27,405 [INFO] Capturing response: https://atomsportv508.top/matches?id=bein-sports-1 200 
2026-07-06 00:08:27,561 [INFO] Capturing request: https://atomsportv508.top/assets/js/clappr.js
2026-07-06 00:08:27,581 [INFO] Capturing request: https://www.google.com/async/folae?async=_fmt:pb&udm=50&client_locale=en-US&client_country=ZZ
2026-07-06 00:08:27,596 [INFO] Capturing response: https://atomsportv508.top/assets/js/clappr.js 200 
2026-07-06 00:08:27,610 [INFO] Capturing response: https://www.google.com/async/folae?async=_fmt:pb&udm=50&client_locale=en-US&client_country=ZZ 200 
2026-07-06 00:08:27,631 [INFO] Capturing request: https://cdn.jsdelivr.net/npm/@clappr/player@latest/dist/clappr.min.js
2026-07-06 00:08:27,632 [INFO] Capturing request: https://cdnjs.cloudflare.com/ajax/libs/jquery/3.2.1/jquery.min.js
2026-07-06 00:08:27,663 [INFO] Capturing response: https://cdnjs.cloudflare.com/ajax/libs/jquery/3.2.1/jquery.min.js 200 
2026-07-06 00:08:27,674 [INFO] Capturing response: https://cdn.jsdelivr.net/npm/@clappr/player@latest/dist/clappr.min.js 200 
2026-07-06 00:08:27,875 [INFO] Capturing request: https://static.cloudflareinsights.com/beacon.min.js/v4513226cdae34746b4dedf0b4dfa099e1781791509496
2026-07-06 00:08:27,894 [INFO] Capturing response: https://static.cloudflareinsights.com/beacon.min.js/v4513226cdae34746b4dedf0b4dfa099e1781791509496 200 
2026-07-06 00:08:27,956 [INFO] Capturing request: https://atomsportv508.top/cdn-cgi/rum?
2026-07-06 00:08:28,059 [INFO] Capturing request: https://atomsportv508.top/favicon.ico
2026-07-06 00:08:28,106 [INFO] Capturing response: https://atomsportv508.top/favicon.ico 200 
2026-07-06 00:08:28,115 [INFO] Capturing response: https://atomsportv508.top/cdn-cgi/rum? 204 
2026-07-06 00:08:28,133 [INFO] Capturing request: https://teletv5.top/load/yayinlink.php?id=bein-sports-1
2026-07-06 00:08:28,490 [INFO] Capturing response: https://teletv5.top/load/yayinlink.php?id=bein-sports-1 200 
2026-07-06 00:08:28,559 [INFO] Capturing request: https://streamsport365.com/cinema
2026-07-06 00:08:28,801 [INFO] Capturing response: https://streamsport365.com/cinema 200 
2026-07-06 00:08:28,933 [INFO] Capturing request: https://atomsportv508.top/assets/img/player_logo_6880e4e4c52ee.png
2026-07-06 00:08:28,983 [INFO] Capturing response: https://atomsportv508.top/assets/img/player_logo_6880e4e4c52ee.png 200 
2026-07-06 00:08:29,021 [INFO] Capturing request: https://hlssssss-wildflower-4845.ugurdurmus9402.workers.dev/https://corestream.taylandakanzi.help//trtspor/tracks-v1a1/mono.m3u8
2026-07-06 00:08:29,475 [INFO] Capturing response: https://hlssssss-wildflower-4845.ugurdurmus9402.workers.dev/https://corestream.taylandakanzi.help//trtspor/tracks-v1a1/mono.m3u8 200 
2026-07-06 00:08:29,725 [INFO] Capturing request: https://tsss.ugurdurmus9402.workers.dev/trtspor/tracks-v1a1/2026/07/06/00/08/09-06000.avif
2026-07-06 00:08:29,913 [INFO] Capturing request: https://android.clients.google.com/checkin
2026-07-06 00:08:30,037 [INFO] Capturing response: https://android.clients.google.com/checkin 200 
2026-07-06 00:08:30,085 [INFO] Capturing request: https://android.clients.google.com/c2dm/register3
2026-07-06 00:08:30,089 [INFO] Capturing request: https://android.clients.google.com/c2dm/register3
2026-07-06 00:08:30,091 [INFO] Capturing request: https://android.clients.google.com/c2dm/register3
2026-07-06 00:08:30,137 [INFO] Capturing response: https://android.clients.google.com/c2dm/register3 301 
2026-07-06 00:08:30,711 [INFO] Capturing response: https://android.clients.google.com/c2dm/register3 200 
2026-07-06 00:08:30,839 [INFO] Capturing response: https://android.clients.google.com/c2dm/register3 200 
2026-07-06 00:08:30,931 [INFO] Capturing response: https://tsss.ugurdurmus9402.workers.dev/trtspor/tracks-v1a1/2026/07/06/00/08/09-06000.avif 200 
2026-07-06 00:08:30,989 [INFO]   ✅ M3U8 bulundu: https://hlssssss-wildflower-4845.ugurdurmus9402.workers.dev/https://corestream.taylandakanzi.help//trtspor/tracks-v1a1/mono.m3u8
2026-07-06 00:08:31,168 [INFO] Capturing request: https://tsss.ugurdurmus9402.workers.dev/trtspor/tracks-v1a1/2026/07/06/00/08/15-06000.avif
2026-07-06 00:08:31,990 [INFO] 
[2/14]
2026-07-06 00:08:31,990 [INFO] 🔍 beIN Sports 2 → https://atomsportv508.top/matches?id=bein-sports-2
2026-07-06 00:08:32,106 [INFO] Capturing request: https://atomsportv508.top/matches?id=bein-sports-2
2026-07-06 00:08:32,152 [INFO] Capturing response: https://atomsportv508.top/matches?id=bein-sports-2 200 
2026-07-06 00:08:32,166 [INFO] Capturing request: https://atomsportv508.top/cdn-cgi/rum?
2026-07-06 00:08:32,225 [INFO] Capturing request: https://streamsport365.com/cinema
2026-07-06 00:08:32,237 [INFO] Capturing request: https://atomsportv508.top/cdn-cgi/rum?
2026-07-06 00:08:32,327 [INFO] Capturing request: https://teletv5.top/load/yayinlink.php?id=bein-sports-2
2026-07-06 00:08:32,337 [INFO] Capturing response: https://tsss.ugurdurmus9402.workers.dev/trtspor/tracks-v1a1/2026/07/06/00/08/15-06000.avif 200 
2026-07-06 00:08:32,339 [INFO] Capturing response: https://atomsportv508.top/cdn-cgi/rum? 204 
2026-07-06 00:08:32,340 [INFO] Capturing request: https://atomsportv508.top/favicon.ico
2026-07-06 00:08:32,385 [INFO] Capturing response: https://atomsportv508.top/favicon.ico 200 
2026-07-06 00:08:32,395 [INFO] Capturing response: https://atomsportv508.top/cdn-cgi/rum? 204 
2026-07-06 00:08:32,400 [INFO] 127.0.0.1:59512: ProtocolException("Error in HTTP connection: Http2ZombieException('Connection or stream already dead: 1783296512.400199, False')")
2026-07-06 00:08:32,470 [INFO] Capturing response: https://streamsport365.com/cinema 200 
2026-07-06 00:08:32,607 [INFO] Capturing response: https://teletv5.top/load/yayinlink.php?id=bein-sports-2 200 
2026-07-06 00:08:32,728 [INFO] Capturing request: https://hlssssss-wildflower-4845.ugurdurmus9402.workers.dev/https://corestream.taylandakanzi.help//bein2/tracks-v1a1/mono.m3u8
2026-07-06 00:08:32,850 [INFO] Capturing response: https://hlssssss-wildflower-4845.ugurdurmus9402.workers.dev/https://corestream.taylandakanzi.help//bein2/tracks-v1a1/mono.m3u8 200 
2026-07-06 00:08:32,959 [INFO] Capturing request: https://tsss.ugurdurmus9402.workers.dev/bein2/tracks-v1a1/2026/07/06/00/08/26-05000.avif
2026-07-06 00:08:33,972 [INFO] Capturing response: https://tsss.ugurdurmus9402.workers.dev/bein2/tracks-v1a1/2026/07/06/00/08/26-05000.avif 200 
2026-07-06 00:08:34,142 [INFO] Capturing request: https://tsss.ugurdurmus9402.workers.dev/bein2/tracks-v1a1/2026/07/06/00/08/31-05000.avif
2026-07-06 00:08:35,168 [INFO] Capturing response: https://tsss.ugurdurmus9402.workers.dev/bein2/tracks-v1a1/2026/07/06/00/08/31-05000.avif 200 
2026-07-06 00:08:35,248 [INFO]   ✅ M3U8 bulundu: https://hlssssss-wildflower-4845.ugurdurmus9402.workers.dev/https://corestream.taylandakanzi.help//bein2/tracks-v1a1/mono.m3u8
2026-07-06 00:08:35,373 [INFO] Capturing request: https://tsss.ugurdurmus9402.workers.dev/bein2/tracks-v1a1/2026/07/06/00/08/36-05000.avif
2026-07-06 00:08:36,249 [INFO] 
[3/14]
2026-07-06 00:08:36,249 [INFO] 🔍 beIN Sports 3 → https://atomsportv508.top/matches?id=bein-sports-3
2026-07-06 00:08:36,370 [INFO] Capturing request: https://atomsportv508.top/matches?id=bein-sports-3
2026-07-06 00:08:36,371 [INFO] Capturing request: https://atomsportv508.top/assets/js/clappr.js
2026-07-06 00:08:36,374 [INFO] Capturing response: https://tsss.ugurdurmus9402.workers.dev/bein2/tracks-v1a1/2026/07/06/00/08/36-05000.avif 200 
2026-07-06 00:08:36,413 [INFO] Capturing response: https://atomsportv508.top/matches?id=bein-sports-3 200 
2026-07-06 00:08:36,424 [INFO] Capturing request: https://atomsportv508.top/cdn-cgi/rum?
2026-07-06 00:08:36,431 [INFO] Capturing response: https://atomsportv508.top/assets/js/clappr.js 200 
2026-07-06 00:08:36,455 [INFO] Capturing request: https://atomsportv508.top/cdn-cgi/rum?
2026-07-06 00:08:36,538 [INFO] Capturing response: https://atomsportv508.top/cdn-cgi/rum? 204 
2026-07-06 00:08:36,546 [INFO] Capturing request: https://teletv5.top/load/yayinlink.php?id=bein-sports-3
2026-07-06 00:08:36,557 [INFO] Capturing request: https://atomsportv508.top/favicon.ico
2026-07-06 00:08:36,592 [INFO] Capturing response: https://atomsportv508.top/favicon.ico 200 
2026-07-06 00:08:36,613 [INFO] Capturing response: https://atomsportv508.top/cdn-cgi/rum? 204 
2026-07-06 00:08:36,650 [INFO] Capturing request: https://streamsport365.com/cinema
2026-07-06 00:08:36,709 [INFO] Capturing response: https://teletv5.top/load/yayinlink.php?id=bein-sports-3 200 
2026-07-06 00:08:36,892 [INFO] Capturing response: https://streamsport365.com/cinema 200 
2026-07-06 00:08:59,982 [INFO] Capturing request: https://android.clients.google.com/c2dm/register3
2026-07-06 00:09:00,031 [INFO] Capturing response: https://android.clients.google.com/c2dm/register3 301 
2026-07-06 00:09:09,776 [WARNING]   ❌ beIN Sports 3 için M3U8 bulunamadı
2026-07-06 00:09:10,776 [INFO] 
[4/14]
2026-07-06 00:09:10,776 [INFO] 🔍 beIN Sports 4 → https://atomsportv508.top/matches?id=bein-sports-4
2026-07-06 00:09:10,885 [INFO] Capturing request: https://atomsportv508.top/assets/js/clappr.js
2026-07-06 00:09:10,887 [INFO] Capturing request: https://atomsportv508.top/matches?id=bein-sports-4
2026-07-06 00:09:10,909 [INFO] Capturing response: https://atomsportv508.top/assets/js/clappr.js 200 
2026-07-06 00:09:11,349 [INFO] Capturing response: https://atomsportv508.top/matches?id=bein-sports-4 200 
2026-07-06 00:09:11,359 [INFO] Capturing request: https://atomsportv508.top/cdn-cgi/rum?
2026-07-06 00:09:11,390 [INFO] Capturing request: https://atomsportv508.top/cdn-cgi/rum?
2026-07-06 00:09:11,476 [INFO] Capturing response: https://atomsportv508.top/cdn-cgi/rum? 204 
2026-07-06 00:09:11,489 [INFO] Capturing request: https://teletv5.top/load/yayinlink.php?id=bein-sports-4
2026-07-06 00:09:11,496 [INFO] Capturing request: https://atomsportv508.top/favicon.ico
2026-07-06 00:09:11,539 [INFO] Capturing response: https://atomsportv508.top/favicon.ico 200 
2026-07-06 00:09:11,549 [INFO] Capturing response: https://atomsportv508.top/cdn-cgi/rum? 204 
2026-07-06 00:09:11,581 [INFO] Capturing request: https://streamsport365.com/cinema
2026-07-06 00:09:11,665 [INFO] Capturing response: https://teletv5.top/load/yayinlink.php?id=bein-sports-4 200 
2026-07-06 00:09:11,821 [INFO] Capturing response: https://streamsport365.com/cinema 200 
2026-07-06 00:09:26,910 [INFO] Capturing request: https://update.googleapis.com/service/update2/json?cup2key=16:sWnp0ztl24DB70YUNMqhYwUy6_wKju7fxTdzd8_wpRg&cup2hreq=0c9f175ac04dc31290f3c14267d1d6e4bb539c01706d88b4e36cf49304a39e73
2026-07-06 00:09:26,939 [INFO] Capturing response: https://update.googleapis.com/service/update2/json?cup2key=16:sWnp0ztl24DB70YUNMqhYwUy6_wKju7fxTdzd8_wpRg&cup2hreq=0c9f175ac04dc31290f3c14267d1d6e4bb539c01706d88b4e36cf49304a39e73 200 
2026-07-06 00:09:41,698 [INFO] Capturing request: https://android.clients.google.com/c2dm/register3
2026-07-06 00:09:41,738 [INFO] Capturing response: https://android.clients.google.com/c2dm/register3 301 
2026-07-06 00:09:44,678 [WARNING]   ❌ beIN Sports 4 için M3U8 bulunamadı
2026-07-06 00:09:45,679 [INFO] 
[5/14]
2026-07-06 00:09:45,679 [INFO] 🔍 beIN Sports 5 → https://atomsportv508.top/matches?id=bein-sports-5
2026-07-06 00:09:45,789 [INFO] Capturing request: https://atomsportv508.top/assets/js/clappr.js
2026-07-06 00:09:45,791 [INFO] Capturing request: https://atomsportv508.top/matches?id=bein-sports-5
2026-07-06 00:09:45,814 [INFO] Capturing response: https://atomsportv508.top/assets/js/clappr.js 200 
2026-07-06 00:09:46,044 [INFO] Capturing response: https://atomsportv508.top/matches?id=bein-sports-5 200 
2026-07-06 00:09:46,055 [INFO] Capturing request: https://atomsportv508.top/cdn-cgi/rum?
2026-07-06 00:09:46,084 [INFO] Capturing request: https://atomsportv508.top/cdn-cgi/rum?
2026-07-06 00:09:46,172 [INFO] Capturing response: https://atomsportv508.top/cdn-cgi/rum? 204 
2026-07-06 00:09:46,178 [INFO] Capturing request: https://teletv5.top/load/yayinlink.php?id=bein-sports-5
2026-07-06 00:09:46,188 [INFO] Capturing request: https://atomsportv508.top/favicon.ico
2026-07-06 00:09:46,222 [INFO] Capturing response: https://atomsportv508.top/favicon.ico 200 
2026-07-06 00:09:46,243 [INFO] Capturing response: https://atomsportv508.top/cdn-cgi/rum? 204 
2026-07-06 00:09:46,276 [INFO] Capturing request: https://streamsport365.com/cinema
2026-07-06 00:09:46,354 [INFO] Capturing response: https://teletv5.top/load/yayinlink.php?id=bein-sports-5 200 
2026-07-06 00:09:46,528 [INFO] Capturing response: https://streamsport365.com/cinema 200 
2026-07-06 00:10:19,365 [WARNING]   ❌ beIN Sports 5 için M3U8 bulunamadı
2026-07-06 00:10:20,365 [INFO] 
[6/14]
2026-07-06 00:10:20,365 [INFO] 🔍 beIN Sports Max 1 → https://atomsportv508.top/matches?id=bein-sports-max-1
2026-07-06 00:10:20,473 [INFO] Capturing request: https://atomsportv508.top/assets/js/clappr.js
2026-07-06 00:10:20,475 [INFO] Capturing request: https://atomsportv508.top/matches?id=bein-sports-max-1
2026-07-06 00:10:20,507 [INFO] Capturing response: https://atomsportv508.top/assets/js/clappr.js 200 
2026-07-06 00:10:20,733 [INFO] Capturing response: https://atomsportv508.top/matches?id=bein-sports-max-1 200 
2026-07-06 00:10:20,742 [INFO] Capturing request: https://atomsportv508.top/cdn-cgi/rum?
2026-07-06 00:10:20,774 [INFO] Capturing request: https://atomsportv508.top/cdn-cgi/rum?
2026-07-06 00:10:20,858 [INFO] Capturing response: https://atomsportv508.top/cdn-cgi/rum? 204 
2026-07-06 00:10:20,868 [INFO] Capturing request: https://teletv5.top/load/yayinlink.php?id=bein-sports-max-1
2026-07-06 00:10:20,874 [INFO] Capturing request: https://atomsportv508.top/favicon.ico
2026-07-06 00:10:20,915 [INFO] Capturing response: https://atomsportv508.top/favicon.ico 200 
2026-07-06 00:10:20,931 [INFO] Capturing response: https://atomsportv508.top/cdn-cgi/rum? 204 
2026-07-06 00:10:20,965 [INFO] Capturing request: https://streamsport365.com/cinema
2026-07-06 00:10:21,052 [INFO] Capturing response: https://teletv5.top/load/yayinlink.php?id=bein-sports-max-1 200 
2026-07-06 00:10:21,209 [INFO] Capturing response: https://streamsport365.com/cinema 200 
2026-07-06 00:10:54,054 [WARNING]   ❌ beIN Sports Max 1 için M3U8 bulunamadı
2026-07-06 00:10:55,055 [INFO] 
[7/14]
2026-07-06 00:10:55,055 [INFO] 🔍 beIN Sports Max 2 → https://atomsportv508.top/matches?id=bein-sports-max-2
2026-07-06 00:10:55,164 [INFO] Capturing request: https://atomsportv508.top/assets/js/clappr.js
2026-07-06 00:10:55,166 [INFO] Capturing request: https://atomsportv508.top/matches?id=bein-sports-max-2
2026-07-06 00:10:55,192 [INFO] Capturing response: https://atomsportv508.top/assets/js/clappr.js 200 
2026-07-06 00:10:55,515 [INFO] Capturing response: https://atomsportv508.top/matches?id=bein-sports-max-2 200 
2026-07-06 00:10:55,526 [INFO] Capturing request: https://atomsportv508.top/cdn-cgi/rum?
2026-07-06 00:10:55,568 [INFO] Capturing request: https://atomsportv508.top/cdn-cgi/rum?
2026-07-06 00:10:55,642 [INFO] Capturing response: https://atomsportv508.top/cdn-cgi/rum? 204 
2026-07-06 00:10:55,662 [INFO] Capturing request: https://teletv5.top/load/yayinlink.php?id=bein-sports-max-2
2026-07-06 00:10:55,670 [INFO] Capturing request: https://atomsportv508.top/favicon.ico
2026-07-06 00:10:55,706 [INFO] Capturing response: https://atomsportv508.top/favicon.ico 200 
2026-07-06 00:10:55,726 [INFO] Capturing response: https://atomsportv508.top/cdn-cgi/rum? 204 
2026-07-06 00:10:55,754 [INFO] Capturing request: https://streamsport365.com/cinema
2026-07-06 00:10:55,830 [INFO] Capturing response: https://teletv5.top/load/yayinlink.php?id=bein-sports-max-2 200 
2026-07-06 00:10:56,001 [INFO] Capturing response: https://streamsport365.com/cinema 200 
2026-07-06 00:11:26,062 [INFO] Capturing request: https://android.clients.google.com/c2dm/register3
2026-07-06 00:11:26,102 [INFO] Capturing response: https://android.clients.google.com/c2dm/register3 301 
2026-07-06 00:11:28,844 [WARNING]   ❌ beIN Sports Max 2 için M3U8 bulunamadı
2026-07-06 00:11:29,845 [INFO] 
[8/14]
2026-07-06 00:11:29,845 [INFO] 🔍 S Sport → https://atomsportv508.top/matches?id=s-sport
2026-07-06 00:11:29,955 [INFO] Capturing request: https://atomsportv508.top/matches?id=s-sport
2026-07-06 00:11:29,957 [INFO] Capturing request: https://atomsportv508.top/assets/js/clappr.js
2026-07-06 00:11:30,028 [INFO] Capturing response: https://atomsportv508.top/assets/js/clappr.js 200 
2026-07-06 00:11:30,249 [INFO] Capturing response: https://atomsportv508.top/matches?id=s-sport 200 
2026-07-06 00:11:30,260 [INFO] Capturing request: https://atomsportv508.top/cdn-cgi/rum?
2026-07-06 00:11:30,310 [INFO] Capturing request: https://atomsportv508.top/cdn-cgi/rum?
2026-07-06 00:11:30,409 [INFO] Capturing request: https://teletv5.top/load/yayinlink.php?id=s-sport
2026-07-06 00:11:30,414 [INFO] Capturing request: https://atomsportv508.top/favicon.ico
2026-07-06 00:11:30,417 [INFO] Capturing response: https://atomsportv508.top/cdn-cgi/rum? 204 
2026-07-06 00:11:30,423 [INFO] Capturing response: https://atomsportv508.top/cdn-cgi/rum? 204 
2026-07-06 00:11:30,450 [INFO] Capturing response: https://atomsportv508.top/favicon.ico 200 
2026-07-06 00:11:30,507 [INFO] Capturing request: https://streamsport365.com/cinema
2026-07-06 00:11:30,589 [INFO] Capturing response: https://teletv5.top/load/yayinlink.php?id=s-sport 200 
2026-07-06 00:11:30,749 [INFO] Capturing response: https://streamsport365.com/cinema 200 
2026-07-06 00:11:30,871 [INFO] Capturing request: https://hlssssss-wildflower-4845.ugurdurmus9402.workers.dev/https://corestream.taylandakanzi.help//s-sportt/tracks-v1a1/mono.m3u8
2026-07-06 00:11:31,274 [INFO] Capturing response: https://hlssssss-wildflower-4845.ugurdurmus9402.workers.dev/https://corestream.taylandakanzi.help//s-sportt/tracks-v1a1/mono.m3u8 200 
2026-07-06 00:11:31,384 [INFO] Capturing request: https://tsss.ugurdurmus9402.workers.dev/s-sportt/tracks-v1a1/2026/07/06/00/11/16-06000.avif
2026-07-06 00:11:32,721 [INFO] Capturing response: https://tsss.ugurdurmus9402.workers.dev/s-sportt/tracks-v1a1/2026/07/06/00/11/16-06000.avif 200 
2026-07-06 00:11:33,083 [INFO] Capturing request: https://tsss.ugurdurmus9402.workers.dev/s-sportt/tracks-v1a1/2026/07/06/00/11/16-06000.avif
2026-07-06 00:11:33,330 [INFO]   ✅ M3U8 bulundu: https://hlssssss-wildflower-4845.ugurdurmus9402.workers.dev/https://corestream.taylandakanzi.help//s-sportt/tracks-v1a1/mono.m3u8
2026-07-06 00:11:33,688 [INFO] Capturing response: https://tsss.ugurdurmus9402.workers.dev/s-sportt/tracks-v1a1/2026/07/06/00/11/16-06000.avif 200 
2026-07-06 00:11:34,039 [INFO] Capturing request: https://tsss.ugurdurmus9402.workers.dev/s-sportt/tracks-v1a1/2026/07/06/00/11/16-06000.avif
2026-07-06 00:11:34,330 [INFO] 
[9/14]
2026-07-06 00:11:34,331 [INFO] 🔍 S Sport 2 → https://atomsportv508.top/matches?id=s-sport-2
2026-07-06 00:11:34,446 [INFO] Capturing request: https://atomsportv508.top/assets/js/clappr.js
2026-07-06 00:11:34,449 [INFO] Capturing request: https://atomsportv508.top/matches?id=s-sport-2
2026-07-06 00:11:34,468 [INFO] Capturing response: https://atomsportv508.top/assets/js/clappr.js 200 
2026-07-06 00:11:34,507 [INFO] Capturing response: https://atomsportv508.top/matches?id=s-sport-2 200 
2026-07-06 00:11:34,519 [INFO] Capturing request: https://atomsportv508.top/cdn-cgi/rum?
2026-07-06 00:11:34,545 [INFO] Capturing request: https://streamsport365.com/cinema
2026-07-06 00:11:34,558 [INFO] Capturing request: https://atomsportv508.top/cdn-cgi/rum?
2026-07-06 00:11:34,616 [INFO] Capturing response: https://tsss.ugurdurmus9402.workers.dev/s-sportt/tracks-v1a1/2026/07/06/00/11/16-06000.avif 200 
2026-07-06 00:11:34,658 [INFO] Capturing request: https://teletv5.top/load/yayinlink.php?id=s-sport-2
2026-07-06 00:11:34,666 [INFO] Capturing request: https://atomsportv508.top/favicon.ico
2026-07-06 00:11:34,699 [INFO] Capturing response: https://atomsportv508.top/cdn-cgi/rum? 204 
2026-07-06 00:11:34,705 [INFO] Capturing response: https://atomsportv508.top/cdn-cgi/rum? 204 
2026-07-06 00:11:34,710 [INFO] Capturing response: https://atomsportv508.top/favicon.ico 200 
2026-07-06 00:11:34,790 [INFO] Capturing response: https://streamsport365.com/cinema 200 
2026-07-06 00:11:34,824 [INFO] Capturing response: https://teletv5.top/load/yayinlink.php?id=s-sport-2 200 
2026-07-06 00:11:34,985 [INFO] Capturing request: https://hlssssss-wildflower-4845.ugurdurmus9402.workers.dev/https://corestream.taylandakanzi.help//s-sport2/tracks-v1a1/mono.m3u8
2026-07-06 00:11:35,103 [INFO] Capturing response: https://hlssssss-wildflower-4845.ugurdurmus9402.workers.dev/https://corestream.taylandakanzi.help//s-sport2/tracks-v1a1/mono.m3u8 200 
2026-07-06 00:11:35,253 [INFO] Capturing request: https://tsss.ugurdurmus9402.workers.dev/s-sport2/tracks-v1a1/2026/07/06/00/11/17-06000.avif
2026-07-06 00:11:36,387 [INFO] Capturing response: https://tsss.ugurdurmus9402.workers.dev/s-sport2/tracks-v1a1/2026/07/06/00/11/17-06000.avif 200 
2026-07-06 00:11:36,582 [INFO] Capturing request: https://tsss.ugurdurmus9402.workers.dev/s-sport2/tracks-v1a1/2026/07/06/00/11/23-06000.avif
2026-07-06 00:11:37,569 [INFO]   ✅ M3U8 bulundu: https://hlssssss-wildflower-4845.ugurdurmus9402.workers.dev/https://corestream.taylandakanzi.help//s-sport2/tracks-v1a1/mono.m3u8
2026-07-06 00:11:37,823 [INFO] Capturing response: https://tsss.ugurdurmus9402.workers.dev/s-sport2/tracks-v1a1/2026/07/06/00/11/23-06000.avif 200 
2026-07-06 00:11:38,065 [INFO] Capturing request: https://tsss.ugurdurmus9402.workers.dev/s-sport2/tracks-v1a1/2026/07/06/00/11/29-06000.avif
2026-07-06 00:11:38,570 [INFO] 
[10/14]
2026-07-06 00:11:38,570 [INFO] 🔍 A Spor → https://atomsportv508.top/matches?id=a-spor
2026-07-06 00:11:38,683 [INFO] Capturing request: https://atomsportv508.top/assets/js/clappr.js
2026-07-06 00:11:38,683 [INFO] Capturing request: https://atomsportv508.top/matches?id=a-spor
2026-07-06 00:11:38,703 [INFO] Capturing response: https://atomsportv508.top/assets/js/clappr.js 200 
2026-07-06 00:11:38,745 [INFO] Capturing response: https://atomsportv508.top/matches?id=a-spor 200 
2026-07-06 00:11:38,755 [INFO] Capturing request: https://atomsportv508.top/cdn-cgi/rum?
2026-07-06 00:11:38,784 [INFO] Capturing request: https://atomsportv508.top/cdn-cgi/rum?
2026-07-06 00:11:38,885 [INFO] Capturing request: https://teletv5.top/load/yayinlink.php?id=a-spor
2026-07-06 00:11:38,889 [INFO] Capturing request: https://atomsportv508.top/favicon.ico
2026-07-06 00:11:38,896 [INFO] Capturing response: https://atomsportv508.top/cdn-cgi/rum? 204 
2026-07-06 00:11:38,901 [INFO] Capturing response: https://atomsportv508.top/cdn-cgi/rum? 204 
2026-07-06 00:11:38,925 [INFO] Capturing response: https://atomsportv508.top/favicon.ico 200 
2026-07-06 00:11:38,981 [INFO] Capturing request: https://streamsport365.com/cinema
2026-07-06 00:11:39,056 [INFO] Capturing response: https://teletv5.top/load/yayinlink.php?id=a-spor 200 
2026-07-06 00:11:39,224 [INFO] Capturing response: https://streamsport365.com/cinema 200 
2026-07-06 00:11:39,340 [INFO] Capturing response: https://tsss.ugurdurmus9402.workers.dev/s-sport2/tracks-v1a1/2026/07/06/00/11/29-06000.avif 200 
2026-07-06 00:11:39,348 [INFO] Capturing request: https://hlssssss-wildflower-4845.ugurdurmus9402.workers.dev/https://corestream.taylandakanzi.help//aspor/tracks-v1a1/mono.m3u8
2026-07-06 00:11:39,470 [INFO] Capturing response: https://hlssssss-wildflower-4845.ugurdurmus9402.workers.dev/https://corestream.taylandakanzi.help//aspor/tracks-v1a1/mono.m3u8 200 
2026-07-06 00:11:39,579 [INFO] Capturing request: https://tsss.ugurdurmus9402.workers.dev/aspor/tracks-v1a1/2026/07/06/00/11/27-06000.avif
2026-07-06 00:11:40,856 [INFO] Capturing response: https://tsss.ugurdurmus9402.workers.dev/aspor/tracks-v1a1/2026/07/06/00/11/27-06000.avif 200 
2026-07-06 00:11:41,106 [INFO] Capturing request: https://tsss.ugurdurmus9402.workers.dev/aspor/tracks-v1a1/2026/07/06/00/11/33-06000.avif
2026-07-06 00:11:41,798 [INFO]   ✅ M3U8 bulundu: https://hlssssss-wildflower-4845.ugurdurmus9402.workers.dev/https://corestream.taylandakanzi.help//aspor/tracks-v1a1/mono.m3u8
2026-07-06 00:11:42,231 [INFO] Capturing response: https://tsss.ugurdurmus9402.workers.dev/aspor/tracks-v1a1/2026/07/06/00/11/33-06000.avif 200 
2026-07-06 00:11:42,462 [INFO] Capturing request: https://tsss.ugurdurmus9402.workers.dev/aspor/tracks-v1a1/2026/07/06/00/11/39-06000.avif
2026-07-06 00:11:42,798 [INFO] 
[11/14]
2026-07-06 00:11:42,798 [INFO] 🔍 Tivibu Spor 1 → https://atomsportv508.top/matches?id=tivibu-spor-1
2026-07-06 00:11:42,909 [INFO] Capturing request: https://atomsportv508.top/matches?id=tivibu-spor-1
2026-07-06 00:11:42,911 [INFO] Capturing request: https://atomsportv508.top/assets/js/clappr.js
2026-07-06 00:11:42,947 [INFO] Capturing response: https://atomsportv508.top/matches?id=tivibu-spor-1 200 
2026-07-06 00:11:42,959 [INFO] Capturing request: https://atomsportv508.top/cdn-cgi/rum?
2026-07-06 00:11:42,964 [INFO] Capturing response: https://atomsportv508.top/assets/js/clappr.js 200 
2026-07-06 00:11:42,986 [INFO] Capturing request: https://atomsportv508.top/cdn-cgi/rum?
2026-07-06 00:11:42,988 [INFO] Capturing request: https://streamsport365.com/cinema
2026-07-06 00:11:43,072 [INFO] Capturing response: https://atomsportv508.top/cdn-cgi/rum? 204 
2026-07-06 00:11:43,079 [INFO] Capturing request: https://teletv5.top/load/yayinlink.php?id=tivibu-spor-1
2026-07-06 00:11:43,092 [INFO] Capturing request: https://atomsportv508.top/favicon.ico
2026-07-06 00:11:43,127 [INFO] Capturing response: https://atomsportv508.top/favicon.ico 200 
2026-07-06 00:11:43,144 [INFO] Capturing response: https://atomsportv508.top/cdn-cgi/rum? 204 
2026-07-06 00:11:43,230 [INFO] Capturing response: https://streamsport365.com/cinema 200 
2026-07-06 00:11:43,249 [INFO] Capturing response: https://teletv5.top/load/yayinlink.php?id=tivibu-spor-1 200 
2026-07-06 00:11:43,525 [INFO] Capturing response: https://tsss.ugurdurmus9402.workers.dev/aspor/tracks-v1a1/2026/07/06/00/11/39-06000.avif 200 
2026-07-06 00:12:16,263 [WARNING]   ❌ Tivibu Spor 1 için M3U8 bulunamadı
2026-07-06 00:12:17,263 [INFO] 
[12/14]
2026-07-06 00:12:17,264 [INFO] 🔍 Tivibu Spor 2 → https://atomsportv508.top/matches?id=tivibu-spor-2
2026-07-06 00:12:17,372 [INFO] Capturing request: https://atomsportv508.top/assets/js/clappr.js
2026-07-06 00:12:17,374 [INFO] Capturing request: https://atomsportv508.top/matches?id=tivibu-spor-2
2026-07-06 00:12:17,402 [INFO] Capturing response: https://atomsportv508.top/assets/js/clappr.js 200 
2026-07-06 00:12:17,452 [INFO] Capturing response: https://atomsportv508.top/matches?id=tivibu-spor-2 200 
2026-07-06 00:12:17,461 [INFO] Capturing request: https://atomsportv508.top/cdn-cgi/rum?
2026-07-06 00:12:17,490 [INFO] Capturing request: https://atomsportv508.top/cdn-cgi/rum?
2026-07-06 00:12:17,578 [INFO] Capturing response: https://atomsportv508.top/cdn-cgi/rum? 204 
2026-07-06 00:12:17,586 [INFO] Capturing request: https://teletv5.top/load/yayinlink.php?id=tivibu-spor-2
2026-07-06 00:12:17,595 [INFO] Capturing request: https://atomsportv508.top/favicon.ico
2026-07-06 00:12:17,634 [INFO] Capturing response: https://atomsportv508.top/favicon.ico 200 
2026-07-06 00:12:17,649 [INFO] Capturing response: https://atomsportv508.top/cdn-cgi/rum? 204 
2026-07-06 00:12:17,682 [INFO] Capturing request: https://streamsport365.com/cinema
2026-07-06 00:12:17,757 [INFO] Capturing response: https://teletv5.top/load/yayinlink.php?id=tivibu-spor-2 200 
2026-07-06 00:12:17,929 [INFO] Capturing response: https://streamsport365.com/cinema 200 
2026-07-06 00:12:27,251 [INFO] 127.0.0.1:59432: HTTP/2 connection terminated by server: error code: 0, last stream id: 201, additional data: b'session_timed_out'
2026-07-06 00:12:27,615 [INFO] 127.0.0.1:59456: HTTP/2 connection terminated by server: error code: 0, last stream id: 201, additional data: b'session_timed_out'
2026-07-06 00:12:50,768 [WARNING]   ❌ Tivibu Spor 2 için M3U8 bulunamadı
2026-07-06 00:12:51,769 [INFO] 
[13/14]
2026-07-06 00:12:51,769 [INFO] 🔍 Tivibu Spor 3 → https://atomsportv508.top/matches?id=tivibu-spor-3
2026-07-06 00:12:51,880 [INFO] Capturing request: https://atomsportv508.top/assets/js/clappr.js
2026-07-06 00:12:51,884 [INFO] Capturing request: https://atomsportv508.top/matches?id=tivibu-spor-3
2026-07-06 00:12:51,905 [INFO] Capturing response: https://atomsportv508.top/assets/js/clappr.js 200 
2026-07-06 00:12:52,349 [INFO] Capturing response: https://atomsportv508.top/matches?id=tivibu-spor-3 200 
2026-07-06 00:12:52,362 [INFO] Capturing request: https://atomsportv508.top/cdn-cgi/rum?
2026-07-06 00:12:52,390 [INFO] Capturing request: https://atomsportv508.top/cdn-cgi/rum?
2026-07-06 00:12:52,479 [INFO] Capturing response: https://atomsportv508.top/cdn-cgi/rum? 204 
2026-07-06 00:12:52,487 [INFO] Capturing request: https://teletv5.top/load/yayinlink.php?id=tivibu-spor-3
2026-07-06 00:12:52,491 [INFO] Capturing request: https://atomsportv508.top/favicon.ico
2026-07-06 00:12:52,534 [INFO] Capturing response: https://atomsportv508.top/favicon.ico 200 
2026-07-06 00:12:52,546 [INFO] Capturing response: https://atomsportv508.top/cdn-cgi/rum? 204 
2026-07-06 00:12:52,580 [INFO] Capturing request: https://streamsport365.com/cinema
2026-07-06 00:12:52,660 [INFO] Capturing response: https://teletv5.top/load/yayinlink.php?id=tivibu-spor-3 200 
2026-07-06 00:12:52,827 [INFO] Capturing response: https://streamsport365.com/cinema 200 
2026-07-06 00:13:25,670 [WARNING]   ❌ Tivibu Spor 3 için M3U8 bulunamadı
2026-07-06 00:13:26,670 [INFO] 
[14/14]
2026-07-06 00:13:26,670 [INFO] 🔍 Tivibu Spor 4 → https://atomsportv508.top/matches?id=tivibu-spor-4
2026-07-06 00:13:26,781 [INFO] Capturing request: https://atomsportv508.top/assets/js/clappr.js
2026-07-06 00:13:26,783 [INFO] Capturing request: https://atomsportv508.top/matches?id=tivibu-spor-4
2026-07-06 00:13:26,807 [INFO] Capturing response: https://atomsportv508.top/assets/js/clappr.js 200 
2026-07-06 00:13:26,943 [INFO] 127.0.0.1:59444: HTTP/2 connection terminated by server: error code: 0, last stream id: 205, additional data: b'session_timed_out'
2026-07-06 00:13:27,038 [INFO] Capturing response: https://atomsportv508.top/matches?id=tivibu-spor-4 200 
2026-07-06 00:13:27,050 [INFO] Capturing request: https://atomsportv508.top/cdn-cgi/rum?
2026-07-06 00:13:27,082 [INFO] Capturing request: https://atomsportv508.top/cdn-cgi/rum?
2026-07-06 00:13:27,168 [INFO] Capturing response: https://atomsportv508.top/cdn-cgi/rum? 204 
2026-07-06 00:13:27,171 [INFO] Capturing request: https://teletv5.top/load/yayinlink.php?id=tivibu-spor-4
2026-07-06 00:13:27,185 [INFO] Capturing request: https://atomsportv508.top/favicon.ico
2026-07-06 00:13:27,224 [INFO] Capturing response: https://atomsportv508.top/favicon.ico 200 
2026-07-06 00:13:27,240 [INFO] Capturing response: https://atomsportv508.top/cdn-cgi/rum? 204 
2026-07-06 00:13:27,276 [INFO] Capturing request: https://streamsport365.com/cinema
2026-07-06 00:13:27,344 [INFO] Capturing response: https://teletv5.top/load/yayinlink.php?id=tivibu-spor-4 200 
2026-07-06 00:13:27,525 [INFO] Capturing response: https://streamsport365.com/cinema 200 
2026-07-06 00:14:00,361 [WARNING]   ❌ Tivibu Spor 4 için M3U8 bulunamadı
2026-07-06 00:14:01,427 [INFO] ✅ 5 kanal bulundu, playlist.m3u kaydedildi
