2026-05-31 21:33:55,041 [INFO] 🌐 BASE_URL: https://atomsportv505.top
2026-05-31 21:33:56,640 [INFO] Başlanıyor... 14 kanal taranacak
2026-05-31 21:33:56,640 [INFO] Using default request storage
2026-05-31 21:33:56,644 [INFO] Created proxy listening on 127.0.0.1:44919
2026-05-31 21:33:57,320 [INFO] Capturing request: http://clients2.google.com/time/1/current?cup2key=10:zadvxqvRHagocobQrk0KDTokQjR6K_ksnWVjAqZ9Z5c&cup2hreq=e3b0c44298fc1c149afbf4c8996fb92427ae41e4649b934ca495991b7852b855
2026-05-31 21:33:57,382 [INFO] Capturing response: http://clients2.google.com/time/1/current?cup2key=10:zadvxqvRHagocobQrk0KDTokQjR6K_ksnWVjAqZ9Z5c&cup2hreq=e3b0c44298fc1c149afbf4c8996fb92427ae41e4649b934ca495991b7852b855 200 OK
2026-05-31 21:33:57,384 [INFO] 
[1/14]
2026-05-31 21:33:57,384 [INFO] 🔍 beIN Sports 1 → https://atomsportv505.top/matches?id=bein-sports-1
2026-05-31 21:33:57,551 [INFO] Capturing request: https://accounts.google.com/ListAccounts?gpsia=1&source=ChromiumBrowser&json=standard&laf=b64bin
2026-05-31 21:33:57,636 [INFO] Capturing request: https://atomsportv505.top/matches?id=bein-sports-1
2026-05-31 21:33:57,671 [INFO] Capturing response: https://accounts.google.com/ListAccounts?gpsia=1&source=ChromiumBrowser&json=standard&laf=b64bin 200 
2026-05-31 21:33:57,752 [INFO] Capturing response: https://atomsportv505.top/matches?id=bein-sports-1 200 
2026-05-31 21:33:57,902 [INFO] Capturing request: https://atomsportv505.top/assets/js/clappr.js
2026-05-31 21:33:57,957 [INFO] Capturing response: https://atomsportv505.top/assets/js/clappr.js 200 
2026-05-31 21:33:57,970 [INFO] Capturing request: https://www.google.com/async/folae?async=_fmt:pb&udm=50&client_locale=en-US
2026-05-31 21:33:57,983 [INFO] Capturing request: https://cdnjs.cloudflare.com/ajax/libs/jquery/3.2.1/jquery.min.js
2026-05-31 21:33:58,007 [INFO] Capturing response: https://www.google.com/async/folae?async=_fmt:pb&udm=50&client_locale=en-US 200 
2026-05-31 21:33:58,016 [INFO] Capturing request: https://cdn.jsdelivr.net/npm/@clappr/player@latest/dist/clappr.min.js
2026-05-31 21:33:58,019 [INFO] Capturing response: https://cdnjs.cloudflare.com/ajax/libs/jquery/3.2.1/jquery.min.js 200 
2026-05-31 21:33:58,142 [INFO] Capturing response: https://cdn.jsdelivr.net/npm/@clappr/player@latest/dist/clappr.min.js 200 
2026-05-31 21:33:58,256 [INFO] Capturing request: https://static.cloudflareinsights.com/beacon.min.js/v833ccba57c9e4d2798f2e76cebdd09a11778172276447
2026-05-31 21:33:58,287 [INFO] Capturing response: https://static.cloudflareinsights.com/beacon.min.js/v833ccba57c9e4d2798f2e76cebdd09a11778172276447 200 
2026-05-31 21:33:58,346 [INFO] Capturing request: https://atomsportv505.top/cdn-cgi/rum?
2026-05-31 21:33:58,446 [INFO] Capturing request: https://atomsportv505.top/favicon.ico
2026-05-31 21:33:58,522 [INFO] Capturing response: https://atomsportv505.top/favicon.ico 200 
2026-05-31 21:33:58,528 [INFO] Capturing response: https://atomsportv505.top/cdn-cgi/rum? 204 
2026-05-31 21:33:58,585 [INFO] Capturing request: https://teletv5.top/load/yayinlink.php?id=bein-sports-1
2026-05-31 21:33:58,971 [INFO] Capturing response: https://teletv5.top/load/yayinlink.php?id=bein-sports-1 200 
2026-05-31 21:33:58,980 [INFO] Capturing request: https://streamsport365.com/cinema
2026-05-31 21:33:59,302 [INFO] Capturing response: https://streamsport365.com/cinema 200 
2026-05-31 21:33:59,426 [INFO] Capturing request: https://atomsportv505.top/assets/img/player_logo_6880e4e4c52ee.png
2026-05-31 21:33:59,533 [INFO] Capturing response: https://atomsportv505.top/assets/img/player_logo_6880e4e4c52ee.png 200 
2026-05-31 21:33:59,538 [INFO] Capturing request: https://hlssssssssssssssssss.yedeklinksa35.workers.dev/https://corestream.ronaldovurdu.help//trt1/tracks-v1a1/mono.m3u8
2026-05-31 21:33:59,712 [INFO] Capturing response: https://hlssssssssssssssssss.yedeklinksa35.workers.dev/https://corestream.ronaldovurdu.help//trt1/tracks-v1a1/mono.m3u8 200 
2026-05-31 21:33:59,976 [INFO] Capturing request: https://ts.yedeklinksa35.workers.dev/trt1/tracks-v1a1/2026/05/31/21/33/52-10000.avif
2026-05-31 21:34:00,599 [INFO] Capturing request: https://android.clients.google.com/checkin
2026-05-31 21:34:00,702 [INFO] Capturing response: https://android.clients.google.com/checkin 200 
2026-05-31 21:34:00,752 [INFO] Capturing request: https://android.clients.google.com/c2dm/register3
2026-05-31 21:34:00,756 [INFO] Capturing request: https://android.clients.google.com/c2dm/register3
2026-05-31 21:34:00,757 [INFO] Capturing request: https://android.clients.google.com/c2dm/register3
2026-05-31 21:34:00,816 [INFO] Capturing response: https://android.clients.google.com/c2dm/register3 301 
2026-05-31 21:34:01,363 [INFO]   ✅ M3U8 bulundu: https://hlssssssssssssssssss.yedeklinksa35.workers.dev/https://corestream.ronaldovurdu.help//trt1/tracks-v1a1/mono.m3u8
2026-05-31 21:34:01,400 [INFO] Capturing response: https://ts.yedeklinksa35.workers.dev/trt1/tracks-v1a1/2026/05/31/21/33/52-10000.avif 200 
2026-05-31 21:34:01,590 [INFO] Capturing response: https://android.clients.google.com/c2dm/register3 200 
2026-05-31 21:34:01,618 [INFO] Capturing request: https://ts.yedeklinksa35.workers.dev/trt1/tracks-v1a1/2026/05/31/21/34/02-10000.avif
2026-05-31 21:34:01,658 [INFO] Capturing response: https://android.clients.google.com/c2dm/register3 200 
2026-05-31 21:34:02,363 [INFO] 
[2/14]
2026-05-31 21:34:02,363 [INFO] 🔍 beIN Sports 2 → https://atomsportv505.top/matches?id=bein-sports-2
2026-05-31 21:34:02,472 [INFO] Capturing request: https://atomsportv505.top/matches?id=bein-sports-2
2026-05-31 21:34:02,535 [INFO] Capturing response: https://atomsportv505.top/matches?id=bein-sports-2 200 
2026-05-31 21:34:02,544 [INFO] Capturing request: https://atomsportv505.top/cdn-cgi/rum?
2026-05-31 21:34:02,578 [INFO] Capturing request: https://streamsport365.com/cinema
2026-05-31 21:34:02,584 [INFO] Capturing request: https://atomsportv505.top/cdn-cgi/rum?
2026-05-31 21:34:02,678 [INFO] Capturing request: https://teletv5.top/load/yayinlink.php?id=bein-sports-2
2026-05-31 21:34:02,684 [INFO] Capturing request: https://atomsportv505.top/favicon.ico
2026-05-31 21:34:02,707 [INFO] Capturing response: https://atomsportv505.top/cdn-cgi/rum? 204 
2026-05-31 21:34:02,725 [INFO] Capturing response: https://atomsportv505.top/cdn-cgi/rum? 204 
2026-05-31 21:34:02,730 [INFO] Capturing response: https://atomsportv505.top/favicon.ico 200 
2026-05-31 21:34:02,884 [INFO] Capturing response: https://teletv5.top/load/yayinlink.php?id=bein-sports-2 200 
2026-05-31 21:34:02,895 [INFO] Capturing response: https://streamsport365.com/cinema 200 
2026-05-31 21:34:03,012 [INFO] Capturing request: https://hlssssssssssssssssss.yedeklinksa35.workers.dev/https://corestream.ronaldovurdu.help//bein2/tracks-v1a1/mono.m3u8
2026-05-31 21:34:03,119 [INFO] Capturing response: https://ts.yedeklinksa35.workers.dev/trt1/tracks-v1a1/2026/05/31/21/34/02-10000.avif 200 
2026-05-31 21:34:03,161 [INFO] 127.0.0.1:38138: ProtocolException("Error in HTTP connection: Http2ZombieException('Connection or stream already dead: 1780263243.16147, False')")
2026-05-31 21:34:03,201 [INFO] Capturing response: https://hlssssssssssssssssss.yedeklinksa35.workers.dev/https://corestream.ronaldovurdu.help//bein2/tracks-v1a1/mono.m3u8 200 
2026-05-31 21:34:03,310 [INFO] Capturing request: https://ts.yedeklinksa35.workers.dev/bein2/tracks-v1a1/2026/05/31/21/33/40-05120.avif
2026-05-31 21:34:04,145 [INFO] Capturing response: https://ts.yedeklinksa35.workers.dev/bein2/tracks-v1a1/2026/05/31/21/33/40-05120.avif 200 
2026-05-31 21:34:04,321 [INFO] Capturing request: https://ts.yedeklinksa35.workers.dev/bein2/tracks-v1a1/2026/05/31/21/33/45-10000.avif
2026-05-31 21:34:05,289 [INFO] Capturing response: https://ts.yedeklinksa35.workers.dev/bein2/tracks-v1a1/2026/05/31/21/33/45-10000.avif 200 
2026-05-31 21:34:05,467 [INFO] Capturing request: https://ts.yedeklinksa35.workers.dev/bein2/tracks-v1a1/2026/05/31/21/33/55-11000.avif
2026-05-31 21:34:05,594 [INFO]   ✅ M3U8 bulundu: https://hlssssssssssssssssss.yedeklinksa35.workers.dev/https://corestream.ronaldovurdu.help//bein2/tracks-v1a1/mono.m3u8
2026-05-31 21:34:06,329 [INFO] Capturing response: https://ts.yedeklinksa35.workers.dev/bein2/tracks-v1a1/2026/05/31/21/33/55-11000.avif 200 
2026-05-31 21:34:06,507 [INFO] Capturing request: https://ts.yedeklinksa35.workers.dev/bein2/tracks-v1a1/2026/05/31/21/34/06-05960.avif
2026-05-31 21:34:06,594 [INFO] 
[3/14]
2026-05-31 21:34:06,594 [INFO] 🔍 beIN Sports 3 → https://atomsportv505.top/matches?id=bein-sports-3
2026-05-31 21:34:06,702 [INFO] Capturing request: https://atomsportv505.top/matches?id=bein-sports-3
2026-05-31 21:34:06,756 [INFO] Capturing response: https://atomsportv505.top/matches?id=bein-sports-3 200 
2026-05-31 21:34:06,766 [INFO] Capturing request: https://atomsportv505.top/cdn-cgi/rum?
2026-05-31 21:34:06,791 [INFO] Capturing request: https://atomsportv505.top/cdn-cgi/rum?
2026-05-31 21:34:06,891 [INFO] Capturing request: https://teletv5.top/load/yayinlink.php?id=bein-sports-3
2026-05-31 21:34:06,892 [INFO] Capturing request: https://atomsportv505.top/favicon.ico
2026-05-31 21:34:06,915 [INFO] Capturing response: https://atomsportv505.top/cdn-cgi/rum? 204 
2026-05-31 21:34:06,931 [INFO] Capturing response: https://atomsportv505.top/cdn-cgi/rum? 204 
2026-05-31 21:34:06,935 [INFO] Capturing response: https://atomsportv505.top/favicon.ico 200 
2026-05-31 21:34:07,023 [INFO] Capturing request: https://streamsport365.com/cinema
2026-05-31 21:34:07,094 [INFO] Capturing response: https://teletv5.top/load/yayinlink.php?id=bein-sports-3 200 
2026-05-31 21:34:07,342 [INFO] Capturing response: https://streamsport365.com/cinema 200 
2026-05-31 21:34:07,556 [INFO] Capturing response: https://ts.yedeklinksa35.workers.dev/bein2/tracks-v1a1/2026/05/31/21/34/06-05960.avif 200 
2026-05-31 21:34:23,886 [INFO] Capturing request: https://android.clients.google.com/c2dm/register3
2026-05-31 21:34:23,954 [INFO] Capturing response: https://android.clients.google.com/c2dm/register3 301 
2026-05-31 21:34:40,043 [WARNING]   ❌ beIN Sports 3 için M3U8 bulunamadı
2026-05-31 21:34:41,043 [INFO] 
[4/14]
2026-05-31 21:34:41,043 [INFO] 🔍 beIN Sports 4 → https://atomsportv505.top/matches?id=bein-sports-4
2026-05-31 21:34:41,151 [INFO] Capturing request: https://atomsportv505.top/matches?id=bein-sports-4
2026-05-31 21:34:41,724 [INFO] Capturing response: https://atomsportv505.top/matches?id=bein-sports-4 200 
2026-05-31 21:34:41,733 [INFO] Capturing request: https://atomsportv505.top/cdn-cgi/rum?
2026-05-31 21:34:41,756 [INFO] Capturing request: https://atomsportv505.top/cdn-cgi/rum?
2026-05-31 21:34:41,857 [INFO] Capturing request: https://teletv5.top/load/yayinlink.php?id=bein-sports-4
2026-05-31 21:34:41,857 [INFO] Capturing request: https://atomsportv505.top/favicon.ico
2026-05-31 21:34:41,872 [INFO] Capturing response: https://atomsportv505.top/cdn-cgi/rum? 204 
2026-05-31 21:34:41,891 [INFO] Capturing response: https://atomsportv505.top/cdn-cgi/rum? 204 
2026-05-31 21:34:41,993 [INFO] Capturing request: https://streamsport365.com/cinema
2026-05-31 21:34:42,018 [INFO] Capturing response: https://atomsportv505.top/favicon.ico 200 
2026-05-31 21:34:42,061 [INFO] Capturing response: https://teletv5.top/load/yayinlink.php?id=bein-sports-4 200 
2026-05-31 21:34:42,309 [INFO] Capturing response: https://streamsport365.com/cinema 200 
2026-05-31 21:34:57,454 [INFO] Capturing request: https://update.googleapis.com/service/update2/json?cup2key=16:7cAAt9WMv1fnKVfa2catn-KU4n0xAKq94n0mBqW25vI&cup2hreq=72e06db531ea3255e3972e04fde466e1f7bf904780beb967e633f74c507d16f8
2026-05-31 21:34:57,513 [INFO] Capturing response: https://update.googleapis.com/service/update2/json?cup2key=16:7cAAt9WMv1fnKVfa2catn-KU4n0xAKq94n0mBqW25vI&cup2hreq=72e06db531ea3255e3972e04fde466e1f7bf904780beb967e633f74c507d16f8 200 
2026-05-31 21:34:57,559 [INFO] Capturing request: http://edgedl.me.gvt1.com/edgedl/diffgen-puffin/gcmjkmgdlgnkkcocmoeiminaijmmjnii/71d926df14cb4c89c6f8f88e6c0bfcf6fe1e1a256ca7f8db04002a111af4c5b0
2026-05-31 21:34:57,614 [INFO] Capturing response: http://edgedl.me.gvt1.com/edgedl/diffgen-puffin/gcmjkmgdlgnkkcocmoeiminaijmmjnii/71d926df14cb4c89c6f8f88e6c0bfcf6fe1e1a256ca7f8db04002a111af4c5b0 200 OK
2026-05-31 21:34:57,636 [INFO] Capturing request: https://update.googleapis.com/service/update2/json
2026-05-31 21:34:57,693 [INFO] Capturing response: https://update.googleapis.com/service/update2/json 200 
2026-05-31 21:34:57,697 [INFO] Capturing request: http://edgedl.me.gvt1.com/edgedl/release2/chrome_component/admcnmesx7fo4j2vx25fo3lhjz2a_10559/hfnkpimlhhgieaddgfemjhofmfblmnib_10559_all_addiwfngcemuu7hufieo2ilq6y2a.crx3
2026-05-31 21:34:57,766 [INFO] Capturing response: http://edgedl.me.gvt1.com/edgedl/release2/chrome_component/admcnmesx7fo4j2vx25fo3lhjz2a_10559/hfnkpimlhhgieaddgfemjhofmfblmnib_10559_all_addiwfngcemuu7hufieo2ilq6y2a.crx3 200 OK
2026-05-31 21:34:57,791 [INFO] Capturing request: https://update.googleapis.com/service/update2/json
2026-05-31 21:34:57,840 [INFO] Capturing response: https://update.googleapis.com/service/update2/json 200 
2026-05-31 21:35:05,419 [INFO] Capturing request: https://android.clients.google.com/c2dm/register3
2026-05-31 21:35:05,482 [INFO] Capturing response: https://android.clients.google.com/c2dm/register3 301 
2026-05-31 21:35:14,991 [WARNING]   ❌ beIN Sports 4 için M3U8 bulunamadı
2026-05-31 21:35:15,991 [INFO] 
[5/14]
2026-05-31 21:35:15,992 [INFO] 🔍 beIN Sports 5 → https://atomsportv505.top/matches?id=bein-sports-5
2026-05-31 21:35:16,157 [INFO] Capturing request: https://atomsportv505.top/matches?id=bein-sports-5
2026-05-31 21:35:16,835 [INFO] Capturing response: https://atomsportv505.top/matches?id=bein-sports-5 200 
2026-05-31 21:35:16,844 [INFO] Capturing request: https://atomsportv505.top/cdn-cgi/rum?
2026-05-31 21:35:16,869 [INFO] Capturing request: https://atomsportv505.top/cdn-cgi/rum?
2026-05-31 21:35:16,970 [INFO] Capturing request: https://atomsportv505.top/favicon.ico
2026-05-31 21:35:16,985 [INFO] Capturing response: https://atomsportv505.top/cdn-cgi/rum? 204 
2026-05-31 21:35:17,003 [INFO] Capturing response: https://atomsportv505.top/cdn-cgi/rum? 204 
2026-05-31 21:35:17,019 [INFO] Capturing response: https://atomsportv505.top/favicon.ico 200 
2026-05-31 21:35:17,037 [INFO] Capturing request: https://teletv5.top/load/yayinlink.php?id=bein-sports-5
2026-05-31 21:35:17,392 [INFO] Capturing response: https://teletv5.top/load/yayinlink.php?id=bein-sports-5 200 
2026-05-31 21:35:17,471 [INFO] Capturing request: https://streamsport365.com/cinema
2026-05-31 21:35:17,786 [INFO] Capturing response: https://streamsport365.com/cinema 200 
2026-05-31 21:35:50,087 [WARNING]   ❌ beIN Sports 5 için M3U8 bulunamadı
2026-05-31 21:35:51,087 [INFO] 
[6/14]
2026-05-31 21:35:51,087 [INFO] 🔍 beIN Sports Max 1 → https://atomsportv505.top/matches?id=bein-sports-max-1
2026-05-31 21:35:51,194 [INFO] Capturing request: https://atomsportv505.top/assets/js/clappr.js
2026-05-31 21:35:51,196 [INFO] Capturing request: https://atomsportv505.top/matches?id=bein-sports-max-1
2026-05-31 21:35:51,240 [INFO] Capturing response: https://atomsportv505.top/assets/js/clappr.js 200 
2026-05-31 21:35:51,554 [INFO] Capturing response: https://atomsportv505.top/matches?id=bein-sports-max-1 200 
2026-05-31 21:35:51,562 [INFO] Capturing request: https://atomsportv505.top/cdn-cgi/rum?
2026-05-31 21:35:51,586 [INFO] Capturing request: https://atomsportv505.top/cdn-cgi/rum?
2026-05-31 21:35:51,683 [INFO] Capturing request: https://teletv5.top/load/yayinlink.php?id=bein-sports-max-1
2026-05-31 21:35:51,688 [INFO] Capturing request: https://atomsportv505.top/favicon.ico
2026-05-31 21:35:51,702 [INFO] Capturing response: https://atomsportv505.top/cdn-cgi/rum? 204 
2026-05-31 21:35:51,721 [INFO] Capturing response: https://atomsportv505.top/cdn-cgi/rum? 204 
2026-05-31 21:35:51,734 [INFO] Capturing response: https://atomsportv505.top/favicon.ico 200 
2026-05-31 21:35:51,819 [INFO] Capturing request: https://streamsport365.com/cinema
2026-05-31 21:35:51,887 [INFO] Capturing response: https://teletv5.top/load/yayinlink.php?id=bein-sports-max-1 200 
2026-05-31 21:35:52,149 [INFO] Capturing response: https://streamsport365.com/cinema 200 
2026-05-31 21:36:24,803 [WARNING]   ❌ beIN Sports Max 1 için M3U8 bulunamadı
2026-05-31 21:36:25,803 [INFO] 
[7/14]
2026-05-31 21:36:25,804 [INFO] 🔍 beIN Sports Max 2 → https://atomsportv505.top/matches?id=bein-sports-max-2
2026-05-31 21:36:25,910 [INFO] Capturing request: https://atomsportv505.top/assets/js/clappr.js
2026-05-31 21:36:25,912 [INFO] Capturing request: https://atomsportv505.top/matches?id=bein-sports-max-2
2026-05-31 21:36:25,945 [INFO] Capturing response: https://atomsportv505.top/assets/js/clappr.js 200 
2026-05-31 21:36:26,253 [INFO] Capturing response: https://atomsportv505.top/matches?id=bein-sports-max-2 200 
2026-05-31 21:36:26,260 [INFO] Capturing request: https://atomsportv505.top/cdn-cgi/rum?
2026-05-31 21:36:26,291 [INFO] Capturing request: https://atomsportv505.top/cdn-cgi/rum?
2026-05-31 21:36:26,387 [INFO] Capturing request: https://teletv5.top/load/yayinlink.php?id=bein-sports-max-2
2026-05-31 21:36:26,394 [INFO] Capturing request: https://atomsportv505.top/favicon.ico
2026-05-31 21:36:26,400 [INFO] Capturing response: https://atomsportv505.top/cdn-cgi/rum? 204 
2026-05-31 21:36:26,419 [INFO] Capturing response: https://atomsportv505.top/cdn-cgi/rum? 204 
2026-05-31 21:36:26,520 [INFO] Capturing request: https://streamsport365.com/cinema
2026-05-31 21:36:26,572 [INFO] Capturing response: https://atomsportv505.top/favicon.ico 200 
2026-05-31 21:36:26,592 [INFO] Capturing response: https://teletv5.top/load/yayinlink.php?id=bein-sports-max-2 200 
2026-05-31 21:36:26,833 [INFO] Capturing response: https://streamsport365.com/cinema 200 
2026-05-31 21:36:36,559 [INFO] Capturing request: https://android.clients.google.com/c2dm/register3
2026-05-31 21:36:36,620 [INFO] Capturing response: https://android.clients.google.com/c2dm/register3 301 
2026-05-31 21:36:59,516 [WARNING]   ❌ beIN Sports Max 2 için M3U8 bulunamadı
2026-05-31 21:37:00,516 [INFO] 
[8/14]
2026-05-31 21:37:00,516 [INFO] 🔍 S Sport → https://atomsportv505.top/matches?id=s-sport
2026-05-31 21:37:00,623 [INFO] Capturing request: https://atomsportv505.top/assets/js/clappr.js
2026-05-31 21:37:00,625 [INFO] Capturing request: https://atomsportv505.top/matches?id=s-sport
2026-05-31 21:37:00,657 [INFO] Capturing response: https://atomsportv505.top/assets/js/clappr.js 200 
2026-05-31 21:37:00,959 [INFO] Capturing response: https://atomsportv505.top/matches?id=s-sport 200 
2026-05-31 21:37:00,968 [INFO] Capturing request: https://atomsportv505.top/cdn-cgi/rum?
2026-05-31 21:37:00,987 [INFO] Capturing request: https://atomsportv505.top/cdn-cgi/rum?
2026-05-31 21:37:01,086 [INFO] Capturing request: https://teletv5.top/load/yayinlink.php?id=s-sport
2026-05-31 21:37:01,091 [INFO] Capturing request: https://atomsportv505.top/favicon.ico
2026-05-31 21:37:01,108 [INFO] Capturing response: https://atomsportv505.top/cdn-cgi/rum? 204 
2026-05-31 21:37:01,127 [INFO] Capturing response: https://atomsportv505.top/cdn-cgi/rum? 204 
2026-05-31 21:37:01,143 [INFO] Capturing response: https://atomsportv505.top/favicon.ico 200 
2026-05-31 21:37:01,223 [INFO] Capturing request: https://streamsport365.com/cinema
2026-05-31 21:37:01,290 [INFO] Capturing response: https://teletv5.top/load/yayinlink.php?id=s-sport 200 
2026-05-31 21:37:01,540 [INFO] Capturing response: https://streamsport365.com/cinema 200 
2026-05-31 21:37:01,716 [INFO] Capturing request: https://hlssssssssssssssssss.yedeklinksa35.workers.dev/https://corestream.ronaldovurdu.help//s-sportt/tracks-v1a1/mono.m3u8
2026-05-31 21:37:02,079 [INFO] Capturing response: https://hlssssssssssssssssss.yedeklinksa35.workers.dev/https://corestream.ronaldovurdu.help//s-sportt/tracks-v1a1/mono.m3u8 200 
2026-05-31 21:37:02,288 [INFO] Capturing request: https://ts.yedeklinksa35.workers.dev/s-sportt/tracks-v1a1/2026/05/31/21/37/22-05000.avif
2026-05-31 21:37:03,724 [INFO] Capturing response: https://ts.yedeklinksa35.workers.dev/s-sportt/tracks-v1a1/2026/05/31/21/37/22-05000.avif 200 
2026-05-31 21:37:03,911 [INFO] Capturing request: https://ts.yedeklinksa35.workers.dev/s-sportt/tracks-v1a1/2026/05/31/21/37/27-05340.avif
2026-05-31 21:37:04,003 [INFO]   ✅ M3U8 bulundu: https://hlssssssssssssssssss.yedeklinksa35.workers.dev/https://corestream.ronaldovurdu.help//s-sportt/tracks-v1a1/mono.m3u8
2026-05-31 21:37:04,784 [INFO] Capturing response: https://ts.yedeklinksa35.workers.dev/s-sportt/tracks-v1a1/2026/05/31/21/37/27-05340.avif 200 
2026-05-31 21:37:04,961 [INFO] Capturing request: https://ts.yedeklinksa35.workers.dev/s-sportt/tracks-v1a1/2026/05/31/21/37/33-05000.avif
2026-05-31 21:37:05,003 [INFO] 
[9/14]
2026-05-31 21:37:05,003 [INFO] 🔍 S Sport 2 → https://atomsportv505.top/matches?id=s-sport-2
2026-05-31 21:37:05,110 [INFO] Capturing request: https://atomsportv505.top/assets/js/clappr.js
2026-05-31 21:37:05,112 [INFO] Capturing request: https://atomsportv505.top/matches?id=s-sport-2
2026-05-31 21:37:05,146 [INFO] Capturing response: https://atomsportv505.top/assets/js/clappr.js 200 
2026-05-31 21:37:05,210 [INFO] Capturing response: https://atomsportv505.top/matches?id=s-sport-2 200 
2026-05-31 21:37:05,218 [INFO] Capturing request: https://atomsportv505.top/cdn-cgi/rum?
2026-05-31 21:37:05,252 [INFO] Capturing request: https://streamsport365.com/cinema
2026-05-31 21:37:05,257 [INFO] Capturing request: https://atomsportv505.top/cdn-cgi/rum?
2026-05-31 21:37:05,349 [INFO] Capturing request: https://teletv5.top/load/yayinlink.php?id=s-sport-2
2026-05-31 21:37:05,355 [INFO] Capturing request: https://atomsportv505.top/favicon.ico
2026-05-31 21:37:05,381 [INFO] Capturing response: https://atomsportv505.top/cdn-cgi/rum? 204 
2026-05-31 21:37:05,399 [INFO] Capturing response: https://atomsportv505.top/cdn-cgi/rum? 204 
2026-05-31 21:37:05,401 [INFO] Capturing response: https://atomsportv505.top/favicon.ico 200 
2026-05-31 21:37:05,552 [INFO] Capturing response: https://teletv5.top/load/yayinlink.php?id=s-sport-2 200 
2026-05-31 21:37:05,577 [INFO] Capturing response: https://streamsport365.com/cinema 200 
2026-05-31 21:37:05,709 [INFO] Capturing request: https://hlssssssssssssssssss.yedeklinksa35.workers.dev/https://corestream.ronaldovurdu.help//s-sport2/tracks-v1a1/mono.m3u8
2026-05-31 21:37:05,803 [INFO] Capturing response: https://ts.yedeklinksa35.workers.dev/s-sportt/tracks-v1a1/2026/05/31/21/37/33-05000.avif 200 
2026-05-31 21:37:05,878 [INFO] Capturing response: https://hlssssssssssssssssss.yedeklinksa35.workers.dev/https://corestream.ronaldovurdu.help//s-sport2/tracks-v1a1/mono.m3u8 200 
2026-05-31 21:37:05,987 [INFO] Capturing request: https://ts.yedeklinksa35.workers.dev/s-sport2/tracks-v1a1/2026/05/31/21/37/44-10000.avif
2026-05-31 21:37:07,699 [INFO] Capturing response: https://ts.yedeklinksa35.workers.dev/s-sport2/tracks-v1a1/2026/05/31/21/37/44-10000.avif 200 
2026-05-31 21:37:07,919 [INFO] Capturing request: https://ts.yedeklinksa35.workers.dev/s-sport2/tracks-v1a1/2026/05/31/21/37/54-10000.avif
2026-05-31 21:37:08,265 [INFO]   ✅ M3U8 bulundu: https://hlssssssssssssssssss.yedeklinksa35.workers.dev/https://corestream.ronaldovurdu.help//s-sport2/tracks-v1a1/mono.m3u8
2026-05-31 21:37:09,265 [INFO] 
[10/14]
2026-05-31 21:37:09,265 [INFO] 🔍 A Spor → https://atomsportv505.top/matches?id=a-spor
2026-05-31 21:37:09,372 [INFO] Capturing request: https://atomsportv505.top/assets/js/clappr.js
2026-05-31 21:37:09,373 [INFO] Capturing request: https://atomsportv505.top/matches?id=a-spor
2026-05-31 21:37:09,407 [INFO] Capturing response: https://atomsportv505.top/assets/js/clappr.js 200 
2026-05-31 21:37:09,462 [INFO] Capturing response: https://atomsportv505.top/matches?id=a-spor 200 
2026-05-31 21:37:09,471 [INFO] Capturing request: https://atomsportv505.top/cdn-cgi/rum?
2026-05-31 21:37:09,502 [INFO] Capturing request: https://atomsportv505.top/cdn-cgi/rum?
2026-05-31 21:37:09,594 [INFO] Capturing request: https://teletv5.top/load/yayinlink.php?id=a-spor
2026-05-31 21:37:09,606 [INFO] Capturing request: https://atomsportv505.top/favicon.ico
2026-05-31 21:37:09,628 [INFO] Capturing response: https://atomsportv505.top/cdn-cgi/rum? 204 
2026-05-31 21:37:09,645 [INFO] Capturing response: https://atomsportv505.top/cdn-cgi/rum? 204 
2026-05-31 21:37:09,649 [INFO] Capturing response: https://atomsportv505.top/favicon.ico 200 
2026-05-31 21:37:09,729 [INFO] Capturing request: https://streamsport365.com/cinema
2026-05-31 21:37:09,794 [INFO] Capturing response: https://teletv5.top/load/yayinlink.php?id=a-spor 200 
2026-05-31 21:37:10,052 [INFO] Capturing response: https://streamsport365.com/cinema 200 
2026-05-31 21:37:10,168 [INFO] Capturing request: https://hlssssssssssssssssss.yedeklinksa35.workers.dev/https://corestream.ronaldovurdu.help//aspor/tracks-v1a1/mono.m3u8
2026-05-31 21:37:10,211 [INFO] Capturing response: https://ts.yedeklinksa35.workers.dev/s-sport2/tracks-v1a1/2026/05/31/21/37/54-10000.avif 200 
2026-05-31 21:37:10,343 [INFO] Capturing response: https://hlssssssssssssssssss.yedeklinksa35.workers.dev/https://corestream.ronaldovurdu.help//aspor/tracks-v1a1/mono.m3u8 404 
2026-05-31 21:37:12,514 [INFO]   ✅ M3U8 bulundu: https://hlssssssssssssssssss.yedeklinksa35.workers.dev/https://corestream.ronaldovurdu.help//aspor/tracks-v1a1/mono.m3u8
2026-05-31 21:37:13,515 [INFO] 
[11/14]
2026-05-31 21:37:13,515 [INFO] 🔍 Tivibu Spor 1 → https://atomsportv505.top/matches?id=tivibu-spor-1
2026-05-31 21:37:13,622 [INFO] Capturing request: https://atomsportv505.top/assets/js/clappr.js
2026-05-31 21:37:13,622 [INFO] Capturing request: https://atomsportv505.top/matches?id=tivibu-spor-1
2026-05-31 21:37:13,654 [INFO] Capturing response: https://atomsportv505.top/assets/js/clappr.js 200 
2026-05-31 21:37:13,703 [INFO] Capturing response: https://atomsportv505.top/matches?id=tivibu-spor-1 200 
2026-05-31 21:37:13,711 [INFO] Capturing request: https://atomsportv505.top/cdn-cgi/rum?
2026-05-31 21:37:13,729 [INFO] Capturing request: https://streamsport365.com/cinema
2026-05-31 21:37:13,729 [INFO] Capturing request: https://atomsportv505.top/cdn-cgi/rum?
2026-05-31 21:37:13,829 [INFO] Capturing request: https://teletv5.top/load/yayinlink.php?id=tivibu-spor-1
2026-05-31 21:37:13,831 [INFO] Capturing request: https://atomsportv505.top/favicon.ico
2026-05-31 21:37:13,852 [INFO] Capturing response: https://atomsportv505.top/cdn-cgi/rum? 204 
2026-05-31 21:37:13,870 [INFO] Capturing response: https://atomsportv505.top/cdn-cgi/rum? 204 
2026-05-31 21:37:13,877 [INFO] Capturing response: https://atomsportv505.top/favicon.ico 200 
2026-05-31 21:37:14,031 [INFO] Capturing response: https://teletv5.top/load/yayinlink.php?id=tivibu-spor-1 200 
2026-05-31 21:37:14,045 [INFO] Capturing response: https://streamsport365.com/cinema 200 
2026-05-31 21:37:46,948 [WARNING]   ❌ Tivibu Spor 1 için M3U8 bulunamadı
2026-05-31 21:37:47,948 [INFO] 
[12/14]
2026-05-31 21:37:47,948 [INFO] 🔍 Tivibu Spor 2 → https://atomsportv505.top/matches?id=tivibu-spor-2
2026-05-31 21:37:48,056 [INFO] Capturing request: https://atomsportv505.top/assets/js/clappr.js
2026-05-31 21:37:48,057 [INFO] Capturing request: https://atomsportv505.top/matches?id=tivibu-spor-2
2026-05-31 21:37:48,089 [INFO] Capturing response: https://atomsportv505.top/assets/js/clappr.js 200 
2026-05-31 21:37:48,396 [INFO] Capturing response: https://atomsportv505.top/matches?id=tivibu-spor-2 200 
2026-05-31 21:37:48,404 [INFO] Capturing request: https://atomsportv505.top/cdn-cgi/rum?
2026-05-31 21:37:48,432 [INFO] Capturing request: https://atomsportv505.top/cdn-cgi/rum?
2026-05-31 21:37:48,531 [INFO] Capturing request: https://teletv5.top/load/yayinlink.php?id=tivibu-spor-2
2026-05-31 21:37:48,550 [INFO] Capturing request: https://atomsportv505.top/favicon.ico
2026-05-31 21:37:48,561 [INFO] Capturing response: https://atomsportv505.top/cdn-cgi/rum? 204 
2026-05-31 21:37:48,563 [INFO] Capturing response: https://atomsportv505.top/cdn-cgi/rum? 204 
2026-05-31 21:37:48,595 [INFO] Capturing response: https://atomsportv505.top/favicon.ico 200 
2026-05-31 21:37:48,663 [INFO] Capturing request: https://streamsport365.com/cinema
2026-05-31 21:37:48,743 [INFO] Capturing response: https://teletv5.top/load/yayinlink.php?id=tivibu-spor-2 200 
2026-05-31 21:37:48,977 [INFO] Capturing response: https://streamsport365.com/cinema 200 
2026-05-31 21:38:21,663 [WARNING]   ❌ Tivibu Spor 2 için M3U8 bulunamadı
2026-05-31 21:38:22,663 [INFO] 
[13/14]
2026-05-31 21:38:22,663 [INFO] 🔍 Tivibu Spor 3 → https://atomsportv505.top/matches?id=tivibu-spor-3
2026-05-31 21:38:22,770 [INFO] Capturing request: https://atomsportv505.top/assets/js/clappr.js
2026-05-31 21:38:22,771 [INFO] Capturing request: https://atomsportv505.top/matches?id=tivibu-spor-3
2026-05-31 21:38:22,803 [INFO] Capturing response: https://atomsportv505.top/assets/js/clappr.js 200 
2026-05-31 21:38:23,111 [INFO] Capturing response: https://atomsportv505.top/matches?id=tivibu-spor-3 200 
2026-05-31 21:38:23,118 [INFO] Capturing request: https://atomsportv505.top/cdn-cgi/rum?
2026-05-31 21:38:23,143 [INFO] Capturing request: https://atomsportv505.top/cdn-cgi/rum?
2026-05-31 21:38:23,241 [INFO] Capturing request: https://teletv5.top/load/yayinlink.php?id=tivibu-spor-3
2026-05-31 21:38:23,246 [INFO] Capturing request: https://atomsportv505.top/favicon.ico
2026-05-31 21:38:23,267 [INFO] Capturing response: https://atomsportv505.top/cdn-cgi/rum? 204 
2026-05-31 21:38:23,285 [INFO] Capturing response: https://atomsportv505.top/cdn-cgi/rum? 204 
2026-05-31 21:38:23,295 [INFO] Capturing response: https://atomsportv505.top/favicon.ico 200 
2026-05-31 21:38:23,371 [INFO] Capturing request: https://streamsport365.com/cinema
2026-05-31 21:38:23,503 [INFO] Capturing response: https://teletv5.top/load/yayinlink.php?id=tivibu-spor-3 200 
2026-05-31 21:38:23,682 [INFO] Capturing response: https://streamsport365.com/cinema 200 
2026-05-31 21:38:56,363 [WARNING]   ❌ Tivibu Spor 3 için M3U8 bulunamadı
2026-05-31 21:38:57,363 [INFO] 
[14/14]
2026-05-31 21:38:57,363 [INFO] 🔍 Tivibu Spor 4 → https://atomsportv505.top/matches?id=tivibu-spor-4
2026-05-31 21:38:57,471 [INFO] Capturing request: https://atomsportv505.top/assets/js/clappr.js
2026-05-31 21:38:57,471 [INFO] Capturing request: https://atomsportv505.top/matches?id=tivibu-spor-4
2026-05-31 21:38:57,506 [INFO] Capturing response: https://atomsportv505.top/assets/js/clappr.js 200 
2026-05-31 21:38:57,803 [INFO] Capturing response: https://atomsportv505.top/matches?id=tivibu-spor-4 200 
2026-05-31 21:38:57,811 [INFO] Capturing request: https://atomsportv505.top/cdn-cgi/rum?
2026-05-31 21:38:57,836 [INFO] Capturing request: https://atomsportv505.top/cdn-cgi/rum?
2026-05-31 21:38:57,934 [INFO] Capturing request: https://teletv5.top/load/yayinlink.php?id=tivibu-spor-4
2026-05-31 21:38:57,939 [INFO] Capturing request: https://atomsportv505.top/favicon.ico
2026-05-31 21:38:57,951 [INFO] Capturing response: https://atomsportv505.top/cdn-cgi/rum? 204 
2026-05-31 21:38:57,970 [INFO] Capturing response: https://atomsportv505.top/cdn-cgi/rum? 204 
2026-05-31 21:38:57,985 [INFO] Capturing response: https://atomsportv505.top/favicon.ico 200 
2026-05-31 21:38:58,066 [INFO] Capturing request: https://streamsport365.com/cinema
2026-05-31 21:38:58,134 [INFO] Capturing response: https://teletv5.top/load/yayinlink.php?id=tivibu-spor-4 200 
2026-05-31 21:38:58,378 [INFO] Capturing response: https://streamsport365.com/cinema 200 
2026-05-31 21:39:31,053 [WARNING]   ❌ Tivibu Spor 4 için M3U8 bulunamadı
2026-05-31 21:39:32,115 [INFO] ✅ 5 kanal bulundu, playlist.m3u kaydedildi
