2026-05-16 19:34:04,026 [INFO] 🔎 Domain aralığı taranıyor: atomsportv503.top - atomsportv535.top
2026-05-16 19:34:04,864 [INFO]   ✅ Aktif domain bulundu: https://atomsportv503.top
2026-05-16 19:34:04,865 [INFO] 🌐 Kullanılan BASE_URL: https://atomsportv503.top
2026-05-16 19:34:04,865 [INFO] 🔗 Proxy Prefix: https://ronaldo.magnitude.workers.dev/?url=
2026-05-16 19:34:06,229 [INFO] ✅ SeleniumWire aktif
2026-05-16 19:34:06,230 [INFO] =======================================================
2026-05-16 19:34:06,230 [INFO]    M3U8 Scraper
2026-05-16 19:34:06,230 [INFO]    Base URL    : https://atomsportv503.top
2026-05-16 19:34:06,230 [INFO]    Proxy Prefix: https://ronaldo.magnitude.workers.dev/?url=
2026-05-16 19:34:06,230 [INFO]    Toplam      : 13 sayfa
2026-05-16 19:34:06,230 [INFO] =======================================================
2026-05-16 19:34:06,230 [INFO] 🔧 Driver başlatılıyor...
2026-05-16 19:34:06,993 [INFO] ✅ Driver başlatıldı
2026-05-16 19:34:06,994 [INFO] 
[1/13]
2026-05-16 19:34:06,994 [INFO] 
──────────────────────────────────────────────────
2026-05-16 19:34:06,995 [INFO] 🔍 beIN Sports 1 → https://atomsportv503.top/matches?id=bein-sports-1
2026-05-16 19:34:06,995 [INFO] ──────────────────────────────────────────────────
2026-05-16 19:34:39,480 [INFO]   📡 M3U8 bekleniyor (max 8s)...
2026-05-16 19:34:47,542 [INFO]   ❌ beIN Sports 1: M3U8 bulunamadı
2026-05-16 19:34:48,543 [INFO] 
[2/13]
2026-05-16 19:34:48,543 [INFO] 
──────────────────────────────────────────────────
2026-05-16 19:34:48,543 [INFO] 🔍 beIN Sports 2 → https://atomsportv503.top/matches?id=bein-sports-2
2026-05-16 19:34:48,543 [INFO] ──────────────────────────────────────────────────
2026-05-16 19:35:20,783 [INFO]   📡 M3U8 bekleniyor (max 8s)...
2026-05-16 19:35:28,861 [INFO]   ❌ beIN Sports 2: M3U8 bulunamadı
2026-05-16 19:35:29,863 [INFO] 
[3/13]
2026-05-16 19:35:29,863 [INFO] 
──────────────────────────────────────────────────
2026-05-16 19:35:29,863 [INFO] 🔍 beIN Sports 3 → https://atomsportv503.top/matches?id=bein-sports-3
2026-05-16 19:35:29,863 [INFO] ──────────────────────────────────────────────────
2026-05-16 19:36:02,094 [INFO]   📡 M3U8 bekleniyor (max 8s)...
2026-05-16 19:36:10,159 [INFO]   ❌ beIN Sports 3: M3U8 bulunamadı
2026-05-16 19:36:11,160 [INFO] 
[4/13]
2026-05-16 19:36:11,161 [INFO] 
──────────────────────────────────────────────────
2026-05-16 19:36:11,161 [INFO] 🔍 beIN Sports 4 → https://atomsportv503.top/matches?id=bein-sports-4
2026-05-16 19:36:11,161 [INFO] ──────────────────────────────────────────────────
2026-05-16 19:36:43,060 [INFO]   📡 M3U8 bekleniyor (max 8s)...
2026-05-16 19:36:51,142 [INFO]   ❌ beIN Sports 4: M3U8 bulunamadı
2026-05-16 19:36:52,143 [INFO] 
[5/13]
2026-05-16 19:36:52,143 [INFO] 
──────────────────────────────────────────────────
2026-05-16 19:36:52,143 [INFO] 🔍 beIN Sports 5 → https://atomsportv503.top/matches?id=bein-sports-5
2026-05-16 19:36:52,143 [INFO] ──────────────────────────────────────────────────
2026-05-16 19:37:24,061 [INFO]   📡 M3U8 bekleniyor (max 8s)...
2026-05-16 19:37:32,170 [INFO]   ❌ beIN Sports 5: M3U8 bulunamadı
2026-05-16 19:37:33,170 [INFO] 
[6/13]
2026-05-16 19:37:33,170 [INFO] 
──────────────────────────────────────────────────
2026-05-16 19:37:33,171 [INFO] 🔍 beIN Sports Max 1 → https://atomsportv503.top/matches?id=bein-sports-max-1
2026-05-16 19:37:33,171 [INFO] ──────────────────────────────────────────────────
2026-05-16 19:38:05,076 [INFO]   📡 M3U8 bekleniyor (max 8s)...
2026-05-16 19:38:13,092 [INFO]   ❌ beIN Sports Max 1: M3U8 bulunamadı
2026-05-16 19:38:14,092 [INFO] 
[7/13]
2026-05-16 19:38:14,093 [INFO] 
──────────────────────────────────────────────────
2026-05-16 19:38:14,093 [INFO] 🔍 beIN Sports Max 2 → https://atomsportv503.top/matches?id=bein-sports-max-2
2026-05-16 19:38:14,093 [INFO] ──────────────────────────────────────────────────
2026-05-16 19:38:45,988 [INFO]   📡 M3U8 bekleniyor (max 8s)...
2026-05-16 19:38:45,989 [INFO]   🎯 DOĞRU kanal bulundu: https://young-surf-88a9.tersansa.workers.dev/https://corestream.ronaldovurdu.help//hls/bein-sports-max-2.m3u8
2026-05-16 19:38:45,989 [INFO]   ✅ beIN Sports Max 2: https://young-surf-88a9.tersansa.workers.dev/https://corestream.ronaldovurdu.help//hls/bein-sports-max-2.m3u8
2026-05-16 19:38:46,989 [INFO] 
[8/13]
2026-05-16 19:38:46,989 [INFO] 
──────────────────────────────────────────────────
2026-05-16 19:38:46,989 [INFO] 🔍 S Sport → https://atomsportv503.top/matches?id=s-sport
2026-05-16 19:38:46,990 [INFO] ──────────────────────────────────────────────────
2026-05-16 19:39:18,895 [INFO]   📡 M3U8 bekleniyor (max 8s)...
2026-05-16 19:39:18,906 [INFO]   🎯 DOĞRU kanal bulundu: https://young-surf-88a9.tersansa.workers.dev/https://corestream.ronaldovurdu.help//s-sport/tracks-v1a1/mono.m3u8
2026-05-16 19:39:18,907 [INFO]   ✅ S Sport: https://young-surf-88a9.tersansa.workers.dev/https://corestream.ronaldovurdu.help//s-sport/tracks-v1a1/mono.m3u8
2026-05-16 19:39:19,907 [INFO] 
[9/13]
2026-05-16 19:39:19,907 [INFO] 
──────────────────────────────────────────────────
2026-05-16 19:39:19,907 [INFO] 🔍 S Sport 2 → https://atomsportv503.top/matches?id=s-sport-2
2026-05-16 19:39:19,907 [INFO] ──────────────────────────────────────────────────
2026-05-16 19:39:51,821 [INFO]   📡 M3U8 bekleniyor (max 8s)...
2026-05-16 19:39:59,846 [INFO]   ❌ S Sport 2: M3U8 bulunamadı
2026-05-16 19:40:00,846 [INFO] 
[10/13]
2026-05-16 19:40:00,846 [INFO] 
──────────────────────────────────────────────────
2026-05-16 19:40:00,846 [INFO] 🔍 Tivibu Spor 1 → https://atomsportv503.top/matches?id=tivibu-spor-1
2026-05-16 19:40:00,846 [INFO] ──────────────────────────────────────────────────
2026-05-16 19:40:32,758 [INFO]   📡 M3U8 bekleniyor (max 8s)...
2026-05-16 19:40:40,770 [INFO]   ❌ Tivibu Spor 1: M3U8 bulunamadı
2026-05-16 19:40:41,770 [INFO] 
[11/13]
2026-05-16 19:40:41,770 [INFO] 
──────────────────────────────────────────────────
2026-05-16 19:40:41,770 [INFO] 🔍 Tivibu Spor 2 → https://atomsportv503.top/matches?id=tivibu-spor-2
2026-05-16 19:40:41,770 [INFO] ──────────────────────────────────────────────────
2026-05-16 19:41:13,671 [INFO]   📡 M3U8 bekleniyor (max 8s)...
2026-05-16 19:41:21,682 [INFO]   ❌ Tivibu Spor 2: M3U8 bulunamadı
2026-05-16 19:41:22,683 [INFO] 
[12/13]
2026-05-16 19:41:22,683 [INFO] 
──────────────────────────────────────────────────
2026-05-16 19:41:22,683 [INFO] 🔍 Tivibu Spor 3 → https://atomsportv503.top/matches?id=tivibu-spor-3
2026-05-16 19:41:22,683 [INFO] ──────────────────────────────────────────────────
2026-05-16 19:41:54,348 [INFO]   📡 M3U8 bekleniyor (max 8s)...
2026-05-16 19:42:02,360 [INFO]   ❌ Tivibu Spor 3: M3U8 bulunamadı
2026-05-16 19:42:03,360 [INFO] 
[13/13]
2026-05-16 19:42:03,360 [INFO] 
──────────────────────────────────────────────────
2026-05-16 19:42:03,360 [INFO] 🔍 Tivibu Spor 4 → https://atomsportv503.top/matches?id=tivibu-spor-4
2026-05-16 19:42:03,360 [INFO] ──────────────────────────────────────────────────
2026-05-16 19:42:35,532 [INFO]   📡 M3U8 bekleniyor (max 8s)...
2026-05-16 19:42:43,543 [INFO]   ❌ Tivibu Spor 4: M3U8 bulunamadı
2026-05-16 19:42:44,610 [INFO] 🔒 Driver kapatıldı
2026-05-16 19:42:44,610 [INFO] 
=======================================================
2026-05-16 19:42:44,610 [INFO] 🏁 Tamamlandı!
2026-05-16 19:42:44,610 [INFO] 📺 Kanal : 2/13
2026-05-16 19:42:44,610 [INFO] ⏱️  Süre  : 518.4s
2026-05-16 19:42:44,610 [INFO] =======================================================
2026-05-16 19:42:44,610 [INFO] ✅ playlist.m3u kaydedildi (proxy prefix'li)
2026-05-16 19:42:44,611 [INFO] ✅ stats.json kaydedildi
