2026-07-19 09:29:08,104 [INFO] 🌐 BASE_URL: https://atomsportv510.top
2026-07-19 09:29:08,673 [INFO] Başlanıyor... 14 kanal taranacak
2026-07-19 09:29:08,674 [INFO] Using default request storage
2026-07-19 09:29:08,678 [INFO] Created proxy listening on 127.0.0.1:36053
2026-07-19 09:29:09,355 [INFO] Capturing request: http://clients2.google.com/time/1/current?cup2key=10:fjZgZUbGDhnjbIXR1_DW36hRTYWKMmQJssRo5lpFUBc&cup2hreq=e3b0c44298fc1c149afbf4c8996fb92427ae41e4649b934ca495991b7852b855
2026-07-19 09:29:09,531 [INFO] Capturing response: http://clients2.google.com/time/1/current?cup2key=10:fjZgZUbGDhnjbIXR1_DW36hRTYWKMmQJssRo5lpFUBc&cup2hreq=e3b0c44298fc1c149afbf4c8996fb92427ae41e4649b934ca495991b7852b855 200 OK
2026-07-19 09:29:09,563 [INFO] 
[1/14]
2026-07-19 09:29:09,564 [INFO] 🔍 beIN Sports 1 → https://atomsportv510.top/matches?id=bein-sports-1
2026-07-19 09:29:09,725 [INFO] Capturing request: https://accounts.google.com/ListAccounts?gpsia=1&source=ChromiumBrowser&json=standard&laf=b64bin
2026-07-19 09:29:09,756 [INFO] Capturing request: https://update.googleapis.com/service/update2/json?cup2key=16:R6UrY6sJLnj3NfRYuflSX9FlmLHn_MtWvLY23UJIs9w&cup2hreq=514b7201d5569da5dd87dc8ef299861836632a0a92b5f4821c77e2e04ba9b9e1
2026-07-19 09:29:09,806 [INFO] Capturing response: https://accounts.google.com/ListAccounts?gpsia=1&source=ChromiumBrowser&json=standard&laf=b64bin 200 
2026-07-19 09:29:09,830 [INFO] Capturing request: https://www.google.com/async/folae?async=_fmt:pb&udm=50&client_locale=en-US&client_country=ZZ
2026-07-19 09:29:09,832 [INFO] Capturing request: https://atomsportv510.top/matches?id=bein-sports-1
2026-07-19 09:29:09,879 [INFO] Capturing response: https://www.google.com/async/folae?async=_fmt:pb&udm=50&client_locale=en-US&client_country=ZZ 200 
2026-07-19 09:29:09,890 [INFO] Capturing response: https://update.googleapis.com/service/update2/json?cup2key=16:R6UrY6sJLnj3NfRYuflSX9FlmLHn_MtWvLY23UJIs9w&cup2hreq=514b7201d5569da5dd87dc8ef299861836632a0a92b5f4821c77e2e04ba9b9e1 200 
2026-07-19 09:29:09,937 [INFO] Capturing request: https://update.googleapis.com/service/update2/json?cup2key=16:LQEnt1YduvmOwjVIpUlLmdGWQADOe-O1P8uXukzZXVE&cup2hreq=2202e4627c708c4353beff36b64c959274c1d2595b78978dc523a1780f9333b4
2026-07-19 09:29:09,956 [INFO] Capturing response: https://atomsportv510.top/matches?id=bein-sports-1 200 
2026-07-19 09:29:10,053 [INFO] Capturing request: https://www.google.com/async/folae?async=_fmt:pb&udm=50&client_locale=en-US&client_country=ZZ
2026-07-19 09:29:10,063 [INFO] Capturing response: https://update.googleapis.com/service/update2/json?cup2key=16:LQEnt1YduvmOwjVIpUlLmdGWQADOe-O1P8uXukzZXVE&cup2hreq=2202e4627c708c4353beff36b64c959274c1d2595b78978dc523a1780f9333b4 200 
2026-07-19 09:29:10,102 [INFO] Capturing response: https://www.google.com/async/folae?async=_fmt:pb&udm=50&client_locale=en-US&client_country=ZZ 200 
2026-07-19 09:29:10,109 [INFO] Capturing request: https://update.googleapis.com/service/update2/json?cup2key=16:wMlcuwQo7XOqsI4fqkiVn3DeKs_4kWOEkQbsADL8_Sk&cup2hreq=e90d46ef6f2e9b811837c13aff40bf7067761201ae00daf4a28c2c02f015578d
2026-07-19 09:29:10,111 [INFO] Capturing request: https://atomsportv510.top/assets/js/clappr.js
2026-07-19 09:29:10,179 [INFO] Capturing response: https://atomsportv510.top/assets/js/clappr.js 200 
2026-07-19 09:29:10,215 [INFO] Capturing response: https://update.googleapis.com/service/update2/json?cup2key=16:wMlcuwQo7XOqsI4fqkiVn3DeKs_4kWOEkQbsADL8_Sk&cup2hreq=e90d46ef6f2e9b811837c13aff40bf7067761201ae00daf4a28c2c02f015578d 200 
2026-07-19 09:29:10,222 [INFO] Capturing request: https://cdn.jsdelivr.net/npm/@clappr/player@latest/dist/clappr.min.js
2026-07-19 09:29:10,242 [INFO] Capturing request: https://cdnjs.cloudflare.com/ajax/libs/jquery/3.2.1/jquery.min.js
2026-07-19 09:29:10,429 [INFO] Capturing response: https://cdn.jsdelivr.net/npm/@clappr/player@latest/dist/clappr.min.js 200 
2026-07-19 09:29:10,444 [INFO] Capturing response: https://cdnjs.cloudflare.com/ajax/libs/jquery/3.2.1/jquery.min.js 200 
2026-07-19 09:29:10,644 [INFO] Capturing request: https://atomsportv510.top/favicon.ico
2026-07-19 09:29:10,729 [INFO] Capturing response: https://atomsportv510.top/favicon.ico 200 
2026-07-19 09:29:10,858 [INFO] Capturing request: https://teletv5.top/load/yayinlink.php?id=bein-sports-1
2026-07-19 09:29:11,277 [INFO] Capturing response: https://teletv5.top/load/yayinlink.php?id=bein-sports-1 200 
2026-07-19 09:29:11,297 [INFO] Capturing request: https://streamsport365.com/cinema
2026-07-19 09:29:11,617 [INFO] Capturing response: https://streamsport365.com/cinema 200 
2026-07-19 09:29:11,747 [INFO] Capturing request: https://atomsportv510.top/assets/img/player_logo_6880e4e4c52ee.png
2026-07-19 09:29:11,888 [INFO] Capturing response: https://atomsportv510.top/assets/img/player_logo_6880e4e4c52ee.png 200 
2026-07-19 09:29:12,018 [INFO] Capturing request: https://hlsssssssssssss.edaesra.workers.dev/https://corestream.macsitesi.help//trtspor/tracks-v1a1/mono.m3u8
2026-07-19 09:29:12,072 [INFO] Capturing response: https://hlsssssssssssss.edaesra.workers.dev/https://corestream.macsitesi.help//trtspor/tracks-v1a1/mono.m3u8 403 
2026-07-19 09:29:12,562 [INFO] Capturing request: https://android.clients.google.com/checkin
2026-07-19 09:29:12,739 [INFO] Capturing response: https://android.clients.google.com/checkin 200 
2026-07-19 09:29:12,791 [INFO] Capturing request: https://android.clients.google.com/c2dm/register3
2026-07-19 09:29:12,792 [INFO] Capturing request: https://android.clients.google.com/c2dm/register3
2026-07-19 09:29:12,795 [INFO] Capturing request: https://android.clients.google.com/c2dm/register3
2026-07-19 09:29:12,890 [INFO] Capturing response: https://android.clients.google.com/c2dm/register3 301 
2026-07-19 09:29:13,565 [INFO]   ✅ M3U8 bulundu: https://hlsssssssssssss.edaesra.workers.dev/https://corestream.macsitesi.help//trtspor/tracks-v1a1/mono.m3u8
2026-07-19 09:29:13,785 [INFO] Capturing response: https://android.clients.google.com/c2dm/register3 200 
2026-07-19 09:29:13,885 [INFO] Capturing response: https://android.clients.google.com/c2dm/register3 200 
2026-07-19 09:29:14,566 [INFO] 
[2/14]
2026-07-19 09:29:14,566 [INFO] 🔍 beIN Sports 2 → https://atomsportv510.top/matches?id=bein-sports-2
2026-07-19 09:29:14,676 [INFO] Capturing request: https://atomsportv510.top/matches?id=bein-sports-2
2026-07-19 09:29:14,736 [INFO] Capturing response: https://atomsportv510.top/matches?id=bein-sports-2 200 
2026-07-19 09:29:14,781 [INFO] Capturing request: https://streamsport365.com/cinema
2026-07-19 09:29:14,877 [INFO] Capturing request: https://teletv5.top/load/yayinlink.php?id=bein-sports-2
2026-07-19 09:29:14,882 [INFO] Capturing request: https://atomsportv510.top/favicon.ico
2026-07-19 09:29:14,941 [INFO] Capturing response: https://atomsportv510.top/favicon.ico 200 
2026-07-19 09:29:15,116 [INFO] Capturing response: https://streamsport365.com/cinema 200 
2026-07-19 09:29:15,259 [INFO] Capturing response: https://teletv5.top/load/yayinlink.php?id=bein-sports-2 200 
2026-07-19 09:29:15,383 [INFO] Capturing request: https://hlsssssssssssss.edaesra.workers.dev/https://corestream.macsitesi.help//bein2/tracks-v1a1/mono.m3u8
2026-07-19 09:29:15,423 [INFO] Capturing response: https://hlsssssssssssss.edaesra.workers.dev/https://corestream.macsitesi.help//bein2/tracks-v1a1/mono.m3u8 403 
2026-07-19 09:29:17,793 [INFO]   ✅ M3U8 bulundu: https://hlsssssssssssss.edaesra.workers.dev/https://corestream.macsitesi.help//bein2/tracks-v1a1/mono.m3u8
2026-07-19 09:29:18,794 [INFO] 
[3/14]
2026-07-19 09:29:18,794 [INFO] 🔍 beIN Sports 3 → https://atomsportv510.top/matches?id=bein-sports-3
2026-07-19 09:29:18,902 [INFO] Capturing request: https://atomsportv510.top/assets/js/clappr.js
2026-07-19 09:29:18,904 [INFO] Capturing request: https://atomsportv510.top/matches?id=bein-sports-3
2026-07-19 09:29:18,951 [INFO] Capturing response: https://atomsportv510.top/assets/js/clappr.js 200 
2026-07-19 09:29:19,010 [INFO] Capturing response: https://atomsportv510.top/matches?id=bein-sports-3 200 
2026-07-19 09:29:19,135 [INFO] Capturing request: https://teletv5.top/load/yayinlink.php?id=bein-sports-3
2026-07-19 09:29:19,139 [INFO] Capturing request: https://atomsportv510.top/favicon.ico
2026-07-19 09:29:19,198 [INFO] Capturing response: https://atomsportv510.top/favicon.ico 200 
2026-07-19 09:29:19,276 [INFO] Capturing request: https://streamsport365.com/cinema
2026-07-19 09:29:19,358 [INFO] Capturing response: https://teletv5.top/load/yayinlink.php?id=bein-sports-3 200 
2026-07-19 09:29:19,618 [INFO] Capturing response: https://streamsport365.com/cinema 200 
2026-07-19 09:29:19,737 [INFO] Capturing request: https://hlsssssssssssss.edaesra.workers.dev/https://corestream.macsitesi.help//trtspor/tracks-v1a1/mono.m3u8
2026-07-19 09:29:19,775 [INFO] Capturing response: https://hlsssssssssssss.edaesra.workers.dev/https://corestream.macsitesi.help//trtspor/tracks-v1a1/mono.m3u8 403 
2026-07-19 09:29:22,053 [INFO]   ✅ M3U8 bulundu: https://hlsssssssssssss.edaesra.workers.dev/https://corestream.macsitesi.help//trtspor/tracks-v1a1/mono.m3u8
2026-07-19 09:29:23,053 [INFO] 
[4/14]
2026-07-19 09:29:23,053 [INFO] 🔍 beIN Sports 4 → https://atomsportv510.top/matches?id=bein-sports-4
2026-07-19 09:29:23,162 [INFO] Capturing request: https://atomsportv510.top/assets/js/clappr.js
2026-07-19 09:29:23,163 [INFO] Capturing request: https://atomsportv510.top/matches?id=bein-sports-4
2026-07-19 09:29:23,206 [INFO] Capturing response: https://atomsportv510.top/assets/js/clappr.js 200 
2026-07-19 09:29:23,259 [INFO] Capturing response: https://atomsportv510.top/matches?id=bein-sports-4 200 
2026-07-19 09:29:23,317 [INFO] Capturing request: https://streamsport365.com/cinema
2026-07-19 09:29:23,417 [INFO] Capturing request: https://teletv5.top/load/yayinlink.php?id=bein-sports-4
2026-07-19 09:29:23,419 [INFO] Capturing request: https://atomsportv510.top/favicon.ico
2026-07-19 09:29:23,477 [INFO] Capturing response: https://atomsportv510.top/favicon.ico 200 
2026-07-19 09:29:23,638 [INFO] Capturing response: https://teletv5.top/load/yayinlink.php?id=bein-sports-4 200 
2026-07-19 09:29:23,654 [INFO] Capturing response: https://streamsport365.com/cinema 200 
2026-07-19 09:29:23,798 [INFO] Capturing request: https://hlsssssssssssss.edaesra.workers.dev/https://corestream.macsitesi.help//bein2/tracks-v1a1/mono.m3u8
2026-07-19 09:29:23,835 [INFO] Capturing response: https://hlsssssssssssss.edaesra.workers.dev/https://corestream.macsitesi.help//bein2/tracks-v1a1/mono.m3u8 403 
2026-07-19 09:29:26,329 [INFO]   ✅ M3U8 bulundu: https://hlsssssssssssss.edaesra.workers.dev/https://corestream.macsitesi.help//bein2/tracks-v1a1/mono.m3u8
2026-07-19 09:29:27,329 [INFO] 
[5/14]
2026-07-19 09:29:27,329 [INFO] 🔍 beIN Sports 5 → https://atomsportv510.top/matches?id=bein-sports-5
2026-07-19 09:29:27,439 [INFO] Capturing request: https://atomsportv510.top/matches?id=bein-sports-5
2026-07-19 09:29:27,440 [INFO] Capturing request: https://atomsportv510.top/assets/js/clappr.js
2026-07-19 09:29:27,501 [INFO] Capturing response: https://atomsportv510.top/matches?id=bein-sports-5 200 
2026-07-19 09:29:27,541 [INFO] Capturing response: https://atomsportv510.top/assets/js/clappr.js 200 
2026-07-19 09:29:27,632 [INFO] Capturing request: https://atomsportv510.top/favicon.ico
2026-07-19 09:29:27,634 [INFO] Capturing request: https://teletv5.top/load/yayinlink.php?id=bein-sports-5
2026-07-19 09:29:27,691 [INFO] Capturing response: https://atomsportv510.top/favicon.ico 200 
2026-07-19 09:29:27,774 [INFO] Capturing request: https://streamsport365.com/cinema
2026-07-19 09:29:27,855 [INFO] Capturing response: https://teletv5.top/load/yayinlink.php?id=bein-sports-5 200 
2026-07-19 09:29:28,099 [INFO] Capturing response: https://streamsport365.com/cinema 200 
2026-07-19 09:29:28,219 [INFO] Capturing request: https://hlsssssssssssss.edaesra.workers.dev/https://corestream.macsitesi.help//bein2/tracks-v1a1/mono.m3u8
2026-07-19 09:29:28,256 [INFO] Capturing response: https://hlsssssssssssss.edaesra.workers.dev/https://corestream.macsitesi.help//bein2/tracks-v1a1/mono.m3u8 403 
2026-07-19 09:29:30,545 [INFO]   ✅ M3U8 bulundu: https://hlsssssssssssss.edaesra.workers.dev/https://corestream.macsitesi.help//bein2/tracks-v1a1/mono.m3u8
2026-07-19 09:29:31,545 [INFO] 
[6/14]
2026-07-19 09:29:31,545 [INFO] 🔍 beIN Sports Max 1 → https://atomsportv510.top/matches?id=bein-sports-max-1
2026-07-19 09:29:31,654 [INFO] Capturing request: https://atomsportv510.top/assets/js/clappr.js
2026-07-19 09:29:31,656 [INFO] Capturing request: https://atomsportv510.top/matches?id=bein-sports-max-1
2026-07-19 09:29:31,699 [INFO] Capturing response: https://atomsportv510.top/assets/js/clappr.js 200 
2026-07-19 09:29:31,768 [INFO] Capturing response: https://atomsportv510.top/matches?id=bein-sports-max-1 200 
2026-07-19 09:29:31,827 [INFO] Capturing request: https://streamsport365.com/cinema
2026-07-19 09:29:31,926 [INFO] Capturing request: https://teletv5.top/load/yayinlink.php?id=bein-sports-max-1
2026-07-19 09:29:31,928 [INFO] Capturing request: https://atomsportv510.top/favicon.ico
2026-07-19 09:29:31,984 [INFO] Capturing response: https://atomsportv510.top/favicon.ico 200 
2026-07-19 09:29:32,148 [INFO] Capturing response: https://teletv5.top/load/yayinlink.php?id=bein-sports-max-1 200 
2026-07-19 09:29:32,167 [INFO] Capturing response: https://streamsport365.com/cinema 200 
2026-07-19 09:29:32,308 [INFO] Capturing request: https://hlsssssssssssss.edaesra.workers.dev/https://corestream.macsitesi.help//trtspor/tracks-v1a1/mono.m3u8
2026-07-19 09:29:32,346 [INFO] Capturing response: https://hlsssssssssssss.edaesra.workers.dev/https://corestream.macsitesi.help//trtspor/tracks-v1a1/mono.m3u8 403 
2026-07-19 09:29:34,099 [INFO] Capturing request: https://android.clients.google.com/c2dm/register3
2026-07-19 09:29:34,247 [INFO] Capturing response: https://android.clients.google.com/c2dm/register3 301 
2026-07-19 09:29:34,838 [INFO]   ✅ M3U8 bulundu: https://hlsssssssssssss.edaesra.workers.dev/https://corestream.macsitesi.help//trtspor/tracks-v1a1/mono.m3u8
2026-07-19 09:29:35,838 [INFO] 
[7/14]
2026-07-19 09:29:35,838 [INFO] 🔍 beIN Sports Max 2 → https://atomsportv510.top/matches?id=bein-sports-max-2
2026-07-19 09:29:35,947 [INFO] Capturing request: https://atomsportv510.top/assets/js/clappr.js
2026-07-19 09:29:35,948 [INFO] Capturing request: https://atomsportv510.top/matches?id=bein-sports-max-2
2026-07-19 09:29:35,993 [INFO] Capturing response: https://atomsportv510.top/assets/js/clappr.js 200 
2026-07-19 09:29:36,049 [INFO] Capturing response: https://atomsportv510.top/matches?id=bein-sports-max-2 200 
2026-07-19 09:29:36,180 [INFO] Capturing request: https://teletv5.top/load/yayinlink.php?id=bein-sports-max-2
2026-07-19 09:29:36,181 [INFO] Capturing request: https://atomsportv510.top/favicon.ico
2026-07-19 09:29:36,237 [INFO] Capturing response: https://atomsportv510.top/favicon.ico 200 
2026-07-19 09:29:36,321 [INFO] Capturing request: https://streamsport365.com/cinema
2026-07-19 09:29:36,403 [INFO] Capturing response: https://teletv5.top/load/yayinlink.php?id=bein-sports-max-2 200 
2026-07-19 09:29:36,672 [INFO] Capturing response: https://streamsport365.com/cinema 200 
2026-07-19 09:29:36,792 [INFO] Capturing request: https://hlsssssssssssss.edaesra.workers.dev/https://corestream.macsitesi.help//trtspor/tracks-v1a1/mono.m3u8
2026-07-19 09:29:36,829 [INFO] Capturing response: https://hlsssssssssssss.edaesra.workers.dev/https://corestream.macsitesi.help//trtspor/tracks-v1a1/mono.m3u8 403 
2026-07-19 09:29:39,095 [INFO]   ✅ M3U8 bulundu: https://hlsssssssssssss.edaesra.workers.dev/https://corestream.macsitesi.help//trtspor/tracks-v1a1/mono.m3u8
2026-07-19 09:29:40,095 [INFO] 
[8/14]
2026-07-19 09:29:40,095 [INFO] 🔍 S Sport → https://atomsportv510.top/matches?id=s-sport
2026-07-19 09:29:40,205 [INFO] Capturing request: https://atomsportv510.top/matches?id=s-sport
2026-07-19 09:29:40,207 [INFO] Capturing request: https://atomsportv510.top/assets/js/clappr.js
2026-07-19 09:29:40,319 [INFO] Capturing response: https://atomsportv510.top/assets/js/clappr.js 200 
2026-07-19 09:29:40,869 [INFO] Capturing response: https://atomsportv510.top/matches?id=s-sport 200 
2026-07-19 09:29:40,927 [INFO] Capturing request: https://streamsport365.com/cinema
2026-07-19 09:29:41,027 [INFO] Capturing request: https://atomsportv510.top/favicon.ico
2026-07-19 09:29:41,028 [INFO] Capturing request: https://teletv5.top/load/yayinlink.php?id=s-sport
2026-07-19 09:29:41,086 [INFO] Capturing response: https://atomsportv510.top/favicon.ico 200 
2026-07-19 09:29:41,251 [INFO] Capturing response: https://teletv5.top/load/yayinlink.php?id=s-sport 200 
2026-07-19 09:29:41,264 [INFO] Capturing response: https://streamsport365.com/cinema 200 
2026-07-19 09:29:41,410 [INFO] Capturing request: https://hlsssssssssssss.edaesra.workers.dev/https://corestream.macsitesi.help//s-sportt/tracks-v1a1/mono.m3u8
2026-07-19 09:29:41,450 [INFO] Capturing response: https://hlsssssssssssss.edaesra.workers.dev/https://corestream.macsitesi.help//s-sportt/tracks-v1a1/mono.m3u8 403 
2026-07-19 09:29:43,936 [INFO]   ✅ M3U8 bulundu: https://hlsssssssssssss.edaesra.workers.dev/https://corestream.macsitesi.help//s-sportt/tracks-v1a1/mono.m3u8
2026-07-19 09:29:44,936 [INFO] 
[9/14]
2026-07-19 09:29:44,936 [INFO] 🔍 S Sport 2 → https://atomsportv510.top/matches?id=s-sport-2
2026-07-19 09:29:45,046 [INFO] Capturing request: https://atomsportv510.top/matches?id=s-sport-2
2026-07-19 09:29:45,047 [INFO] Capturing request: https://atomsportv510.top/assets/js/clappr.js
2026-07-19 09:29:45,108 [INFO] Capturing response: https://atomsportv510.top/matches?id=s-sport-2 200 
2026-07-19 09:29:45,148 [INFO] Capturing response: https://atomsportv510.top/assets/js/clappr.js 200 
2026-07-19 09:29:45,243 [INFO] Capturing request: https://teletv5.top/load/yayinlink.php?id=s-sport-2
2026-07-19 09:29:45,244 [INFO] Capturing request: https://atomsportv510.top/favicon.ico
2026-07-19 09:29:45,302 [INFO] Capturing response: https://atomsportv510.top/favicon.ico 200 
2026-07-19 09:29:45,384 [INFO] Capturing request: https://streamsport365.com/cinema
2026-07-19 09:29:45,466 [INFO] Capturing response: https://teletv5.top/load/yayinlink.php?id=s-sport-2 200 
2026-07-19 09:29:45,723 [INFO] Capturing response: https://streamsport365.com/cinema 200 
2026-07-19 09:29:45,843 [INFO] Capturing request: https://hlsssssssssssss.edaesra.workers.dev/https://corestream.macsitesi.help//s-sport2/tracks-v1a1/mono.m3u8
2026-07-19 09:29:45,884 [INFO] Capturing response: https://hlsssssssssssss.edaesra.workers.dev/https://corestream.macsitesi.help//s-sport2/tracks-v1a1/mono.m3u8 403 
2026-07-19 09:29:48,154 [INFO]   ✅ M3U8 bulundu: https://hlsssssssssssss.edaesra.workers.dev/https://corestream.macsitesi.help//s-sport2/tracks-v1a1/mono.m3u8
2026-07-19 09:29:49,154 [INFO] 
[10/14]
2026-07-19 09:29:49,154 [INFO] 🔍 A Spor → https://atomsportv510.top/matches?id=a-spor
2026-07-19 09:29:49,263 [INFO] Capturing request: https://atomsportv510.top/assets/js/clappr.js
2026-07-19 09:29:49,265 [INFO] Capturing request: https://atomsportv510.top/matches?id=a-spor
2026-07-19 09:29:49,306 [INFO] Capturing response: https://atomsportv510.top/assets/js/clappr.js 200 
2026-07-19 09:29:49,360 [INFO] Capturing response: https://atomsportv510.top/matches?id=a-spor 200 
2026-07-19 09:29:49,420 [INFO] Capturing request: https://streamsport365.com/cinema
2026-07-19 09:29:49,521 [INFO] Capturing request: https://teletv5.top/load/yayinlink.php?id=a-spor
2026-07-19 09:29:49,523 [INFO] Capturing request: https://atomsportv510.top/favicon.ico
2026-07-19 09:29:49,578 [INFO] Capturing response: https://atomsportv510.top/favicon.ico 200 
2026-07-19 09:29:49,743 [INFO] Capturing response: https://teletv5.top/load/yayinlink.php?id=a-spor 200 
2026-07-19 09:29:49,757 [INFO] Capturing response: https://streamsport365.com/cinema 200 
2026-07-19 09:29:49,904 [INFO] Capturing request: https://hlsssssssssssss.edaesra.workers.dev/https://corestream.macsitesi.help//aspor/tracks-v1a1/mono.m3u8
2026-07-19 09:29:49,944 [INFO] Capturing response: https://hlsssssssssssss.edaesra.workers.dev/https://corestream.macsitesi.help//aspor/tracks-v1a1/mono.m3u8 403 
2026-07-19 09:29:52,434 [INFO]   ✅ M3U8 bulundu: https://hlsssssssssssss.edaesra.workers.dev/https://corestream.macsitesi.help//aspor/tracks-v1a1/mono.m3u8
2026-07-19 09:29:53,434 [INFO] 
[11/14]
2026-07-19 09:29:53,435 [INFO] 🔍 Tivibu Spor 1 → https://atomsportv510.top/matches?id=tivibu-spor-1
2026-07-19 09:29:53,543 [INFO] Capturing request: https://atomsportv510.top/assets/js/clappr.js
2026-07-19 09:29:53,544 [INFO] Capturing request: https://atomsportv510.top/matches?id=tivibu-spor-1
2026-07-19 09:29:53,589 [INFO] Capturing response: https://atomsportv510.top/assets/js/clappr.js 200 
2026-07-19 09:29:53,655 [INFO] Capturing response: https://atomsportv510.top/matches?id=tivibu-spor-1 200 
2026-07-19 09:29:53,786 [INFO] Capturing request: https://teletv5.top/load/yayinlink.php?id=tivibu-spor-1
2026-07-19 09:29:53,790 [INFO] Capturing request: https://atomsportv510.top/favicon.ico
2026-07-19 09:29:53,846 [INFO] Capturing response: https://atomsportv510.top/favicon.ico 200 
2026-07-19 09:29:53,932 [INFO] Capturing request: https://streamsport365.com/cinema
2026-07-19 09:29:54,008 [INFO] Capturing response: https://teletv5.top/load/yayinlink.php?id=tivibu-spor-1 200 
2026-07-19 09:29:54,268 [INFO] Capturing response: https://streamsport365.com/cinema 200 
2026-07-19 09:29:54,387 [INFO] Capturing request: https://hlsssssssssssss.edaesra.workers.dev/https://corestream.macsitesi.help//trtspor/tracks-v1a1/mono.m3u8
2026-07-19 09:29:54,425 [INFO] Capturing response: https://hlsssssssssssss.edaesra.workers.dev/https://corestream.macsitesi.help//trtspor/tracks-v1a1/mono.m3u8 403 
2026-07-19 09:29:56,702 [INFO]   ✅ M3U8 bulundu: https://hlsssssssssssss.edaesra.workers.dev/https://corestream.macsitesi.help//trtspor/tracks-v1a1/mono.m3u8
2026-07-19 09:29:57,702 [INFO] 
[12/14]
2026-07-19 09:29:57,702 [INFO] 🔍 Tivibu Spor 2 → https://atomsportv510.top/matches?id=tivibu-spor-2
2026-07-19 09:29:57,811 [INFO] Capturing request: https://atomsportv510.top/matches?id=tivibu-spor-2
2026-07-19 09:29:57,812 [INFO] Capturing request: https://atomsportv510.top/assets/js/clappr.js
2026-07-19 09:29:57,868 [INFO] Capturing response: https://atomsportv510.top/matches?id=tivibu-spor-2 200 
2026-07-19 09:29:57,903 [INFO] Capturing request: https://streamsport365.com/cinema
2026-07-19 09:29:57,909 [INFO] Capturing response: https://atomsportv510.top/assets/js/clappr.js 200 
2026-07-19 09:29:58,002 [INFO] Capturing request: https://teletv5.top/load/yayinlink.php?id=tivibu-spor-2
2026-07-19 09:29:58,004 [INFO] Capturing request: https://atomsportv510.top/favicon.ico
2026-07-19 09:29:58,064 [INFO] Capturing response: https://atomsportv510.top/favicon.ico 200 
2026-07-19 09:29:58,222 [INFO] Capturing response: https://teletv5.top/load/yayinlink.php?id=tivibu-spor-2 200 
2026-07-19 09:29:58,229 [INFO] Capturing response: https://streamsport365.com/cinema 200 
2026-07-19 09:29:58,382 [INFO] Capturing request: https://hlsssssssssssss.edaesra.workers.dev/https://corestream.macsitesi.help//trtspor/tracks-v1a1/mono.m3u8
2026-07-19 09:29:58,419 [INFO] Capturing response: https://hlsssssssssssss.edaesra.workers.dev/https://corestream.macsitesi.help//trtspor/tracks-v1a1/mono.m3u8 403 
2026-07-19 09:30:00,914 [INFO]   ✅ M3U8 bulundu: https://hlsssssssssssss.edaesra.workers.dev/https://corestream.macsitesi.help//trtspor/tracks-v1a1/mono.m3u8
2026-07-19 09:30:01,914 [INFO] 
[13/14]
2026-07-19 09:30:01,914 [INFO] 🔍 Tivibu Spor 3 → https://atomsportv510.top/matches?id=tivibu-spor-3
2026-07-19 09:30:02,023 [INFO] Capturing request: https://atomsportv510.top/assets/js/clappr.js
2026-07-19 09:30:02,025 [INFO] Capturing request: https://atomsportv510.top/matches?id=tivibu-spor-3
2026-07-19 09:30:02,067 [INFO] Capturing response: https://atomsportv510.top/assets/js/clappr.js 200 
2026-07-19 09:30:02,135 [INFO] Capturing response: https://atomsportv510.top/matches?id=tivibu-spor-3 200 
2026-07-19 09:30:02,265 [INFO] Capturing request: https://teletv5.top/load/yayinlink.php?id=tivibu-spor-3
2026-07-19 09:30:02,267 [INFO] Capturing request: https://atomsportv510.top/favicon.ico
2026-07-19 09:30:02,324 [INFO] Capturing response: https://atomsportv510.top/favicon.ico 200 
2026-07-19 09:30:02,404 [INFO] Capturing request: https://streamsport365.com/cinema
2026-07-19 09:30:02,487 [INFO] Capturing response: https://teletv5.top/load/yayinlink.php?id=tivibu-spor-3 200 
2026-07-19 09:30:02,737 [INFO] Capturing response: https://streamsport365.com/cinema 200 
2026-07-19 09:30:02,858 [INFO] Capturing request: https://hlsssssssssssss.edaesra.workers.dev/https://corestream.macsitesi.help//trtspor/tracks-v1a1/mono.m3u8
2026-07-19 09:30:02,896 [INFO] Capturing response: https://hlsssssssssssss.edaesra.workers.dev/https://corestream.macsitesi.help//trtspor/tracks-v1a1/mono.m3u8 403 
2026-07-19 09:30:05,180 [INFO]   ✅ M3U8 bulundu: https://hlsssssssssssss.edaesra.workers.dev/https://corestream.macsitesi.help//trtspor/tracks-v1a1/mono.m3u8
2026-07-19 09:30:06,180 [INFO] 
[14/14]
2026-07-19 09:30:06,180 [INFO] 🔍 Tivibu Spor 4 → https://atomsportv510.top/matches?id=tivibu-spor-4
2026-07-19 09:30:06,291 [INFO] Capturing request: https://atomsportv510.top/matches?id=tivibu-spor-4
2026-07-19 09:30:06,291 [INFO] Capturing request: https://atomsportv510.top/assets/js/clappr.js
2026-07-19 09:30:06,354 [INFO] Capturing response: https://atomsportv510.top/matches?id=tivibu-spor-4 200 
2026-07-19 09:30:06,385 [INFO] Capturing request: https://streamsport365.com/cinema
2026-07-19 09:30:06,393 [INFO] Capturing response: https://atomsportv510.top/assets/js/clappr.js 200 
2026-07-19 09:30:06,486 [INFO] Capturing request: https://teletv5.top/load/yayinlink.php?id=tivibu-spor-4
2026-07-19 09:30:06,489 [INFO] Capturing request: https://atomsportv510.top/favicon.ico
2026-07-19 09:30:06,543 [INFO] Capturing response: https://atomsportv510.top/favicon.ico 200 
2026-07-19 09:30:06,710 [INFO] Capturing response: https://teletv5.top/load/yayinlink.php?id=tivibu-spor-4 200 
2026-07-19 09:30:06,720 [INFO] Capturing response: https://streamsport365.com/cinema 200 
2026-07-19 09:30:09,355 [INFO] Capturing request: https://update.googleapis.com/service/update2/json?cup2key=16:UgRY0dHnnf0FyNIIQUk8V6KfZEcJRKLj9U5S9yZitG4&cup2hreq=f2461df8ebae9022797292e9525a729678ca59a4320bdf2525e2855ac20810c3
2026-07-19 09:30:09,516 [INFO] Capturing response: https://update.googleapis.com/service/update2/json?cup2key=16:UgRY0dHnnf0FyNIIQUk8V6KfZEcJRKLj9U5S9yZitG4&cup2hreq=f2461df8ebae9022797292e9525a729678ca59a4320bdf2525e2855ac20810c3 200 
2026-07-19 09:30:09,523 [INFO] Capturing request: http://edgedl.me.gvt1.com/edgedl/diffgen-puffin/gcmjkmgdlgnkkcocmoeiminaijmmjnii/df2a22d5ecc7788c3330ebd5f856b41531c74f412a01ed7453d11284708009fe
2026-07-19 09:30:09,601 [INFO] Capturing response: http://edgedl.me.gvt1.com/edgedl/diffgen-puffin/gcmjkmgdlgnkkcocmoeiminaijmmjnii/df2a22d5ecc7788c3330ebd5f856b41531c74f412a01ed7453d11284708009fe 200 OK
2026-07-19 09:30:09,627 [INFO] Capturing request: https://update.googleapis.com/service/update2/json
2026-07-19 09:30:09,775 [INFO] Capturing response: https://update.googleapis.com/service/update2/json 200 
2026-07-19 09:30:09,819 [INFO] Capturing request: http://edgedl.me.gvt1.com/edgedl/release2/chrome_component/acralx36k5ida5mwutthnaqqlwva_10657/hfnkpimlhhgieaddgfemjhofmfblmnib_10657_all_dcdioefbxdyrtevo5kqxxvlvbq.crx3
2026-07-19 09:30:09,998 [INFO] Capturing response: http://edgedl.me.gvt1.com/edgedl/release2/chrome_component/acralx36k5ida5mwutthnaqqlwva_10657/hfnkpimlhhgieaddgfemjhofmfblmnib_10657_all_dcdioefbxdyrtevo5kqxxvlvbq.crx3 200 OK
2026-07-19 09:30:10,029 [INFO] Capturing request: https://update.googleapis.com/service/update2/json
2026-07-19 09:30:10,124 [INFO] Capturing response: https://update.googleapis.com/service/update2/json 200 
2026-07-19 09:30:16,113 [INFO] Capturing request: https://android.clients.google.com/c2dm/register3
2026-07-19 09:30:16,257 [INFO] Capturing response: https://android.clients.google.com/c2dm/register3 301 
2026-07-19 09:30:39,678 [WARNING]   ❌ Tivibu Spor 4 için M3U8 bulunamadı
2026-07-19 09:30:40,745 [INFO] ✅ 13 kanal bulundu, playlist.m3u kaydedildi
