2026-07-05 10:24:51,427 [INFO] 🌐 BASE_URL: https://atomsportv508.top
2026-07-05 10:24:52,388 [INFO] Başlanıyor... 14 kanal taranacak
2026-07-05 10:24:52,388 [INFO] Using default request storage
2026-07-05 10:24:52,393 [INFO] Created proxy listening on 127.0.0.1:38725
2026-07-05 10:24:53,071 [INFO] Capturing request: http://clients2.google.com/time/1/current?cup2key=10:bxChPf-T1GzioFycuXn1lBMyKFoev7GjYgB5qa-Tolc&cup2hreq=e3b0c44298fc1c149afbf4c8996fb92427ae41e4649b934ca495991b7852b855
2026-07-05 10:24:53,115 [INFO] Capturing response: http://clients2.google.com/time/1/current?cup2key=10:bxChPf-T1GzioFycuXn1lBMyKFoev7GjYgB5qa-Tolc&cup2hreq=e3b0c44298fc1c149afbf4c8996fb92427ae41e4649b934ca495991b7852b855 200 OK
2026-07-05 10:24:53,242 [INFO] 
[1/14]
2026-07-05 10:24:53,243 [INFO] 🔍 beIN Sports 1 → https://atomsportv508.top/matches?id=bein-sports-1
2026-07-05 10:24:53,354 [INFO] Capturing request: https://update.googleapis.com/service/update2/json?cup2key=16:UyjlLsmcz8bX3yGchx10lPevI9nXbNOFK1_GoNw9CSs&cup2hreq=267d74429e0174d952a6454c0823f6dc6aeed691c7e655b864953144ea773586
2026-07-05 10:24:53,355 [INFO] Capturing request: https://accounts.google.com/ListAccounts?gpsia=1&source=ChromiumBrowser&json=standard&laf=b64bin
2026-07-05 10:24:53,403 [INFO] Capturing response: https://update.googleapis.com/service/update2/json?cup2key=16:UyjlLsmcz8bX3yGchx10lPevI9nXbNOFK1_GoNw9CSs&cup2hreq=267d74429e0174d952a6454c0823f6dc6aeed691c7e655b864953144ea773586 200 
2026-07-05 10:24:53,450 [INFO] Capturing request: https://update.googleapis.com/service/update2/json?cup2key=16:NGSMHY5WfYevCdHdOJgSu5eHnhTaKZgW0odY9v1U5wA&cup2hreq=000188e9170d0742c14d3ebd374795cee4abccaed5d7452f240fbb99c5f9a3ab
2026-07-05 10:24:53,451 [INFO] Capturing request: https://atomsportv508.top/matches?id=bein-sports-1
2026-07-05 10:24:53,476 [INFO] Capturing response: https://accounts.google.com/ListAccounts?gpsia=1&source=ChromiumBrowser&json=standard&laf=b64bin 200 
2026-07-05 10:24:53,480 [INFO] Capturing response: https://update.googleapis.com/service/update2/json?cup2key=16:NGSMHY5WfYevCdHdOJgSu5eHnhTaKZgW0odY9v1U5wA&cup2hreq=000188e9170d0742c14d3ebd374795cee4abccaed5d7452f240fbb99c5f9a3ab 200 
2026-07-05 10:24:53,626 [INFO] Capturing response: https://atomsportv508.top/matches?id=bein-sports-1 200 
2026-07-05 10:24:53,783 [INFO] Capturing request: https://atomsportv508.top/assets/js/clappr.js
2026-07-05 10:24:53,789 [INFO] Capturing request: https://www.google.com/async/folae?async=_fmt:pb&udm=50&client_locale=en-US&client_country=ZZ
2026-07-05 10:24:53,816 [INFO] Capturing response: https://www.google.com/async/folae?async=_fmt:pb&udm=50&client_locale=en-US&client_country=ZZ 200 
2026-07-05 10:24:53,833 [INFO] Capturing response: https://atomsportv508.top/assets/js/clappr.js 200 
2026-07-05 10:24:53,842 [INFO] Capturing request: https://cdn.jsdelivr.net/npm/@clappr/player@latest/dist/clappr.min.js
2026-07-05 10:24:53,845 [INFO] Capturing request: https://cdnjs.cloudflare.com/ajax/libs/jquery/3.2.1/jquery.min.js
2026-07-05 10:24:53,868 [INFO] Capturing response: https://cdn.jsdelivr.net/npm/@clappr/player@latest/dist/clappr.min.js 200 
2026-07-05 10:24:53,872 [INFO] Capturing response: https://cdnjs.cloudflare.com/ajax/libs/jquery/3.2.1/jquery.min.js 200 
2026-07-05 10:24:54,082 [INFO] Capturing request: https://static.cloudflareinsights.com/beacon.min.js/v4513226cdae34746b4dedf0b4dfa099e1781791509496
2026-07-05 10:24:54,097 [INFO] Capturing response: https://static.cloudflareinsights.com/beacon.min.js/v4513226cdae34746b4dedf0b4dfa099e1781791509496 200 
2026-07-05 10:24:54,157 [INFO] Capturing request: https://atomsportv508.top/cdn-cgi/rum?
2026-07-05 10:24:54,261 [INFO] Capturing request: https://atomsportv508.top/favicon.ico
2026-07-05 10:24:54,270 [INFO] Capturing response: https://atomsportv508.top/cdn-cgi/rum? 204 
2026-07-05 10:24:54,312 [INFO] Capturing response: https://atomsportv508.top/favicon.ico 200 
2026-07-05 10:24:54,555 [INFO] Capturing request: https://teletv5.top/load/yayinlink.php?id=bein-sports-1
2026-07-05 10:24:54,833 [INFO] Capturing request: https://streamsport365.com/cinema
2026-07-05 10:24:54,904 [INFO] Capturing response: https://teletv5.top/load/yayinlink.php?id=bein-sports-1 200 
2026-07-05 10:24:55,101 [INFO] Capturing response: https://streamsport365.com/cinema 200 
2026-07-05 10:24:55,230 [INFO] Capturing request: https://atomsportv508.top/assets/img/player_logo_6880e4e4c52ee.png
2026-07-05 10:24:55,278 [INFO] Capturing response: https://atomsportv508.top/assets/img/player_logo_6880e4e4c52ee.png 200 
2026-07-05 10:24:55,312 [INFO] Capturing request: https://hlssssssssssssssssss.yedeklinksa35.workers.dev/https://corestream.ronaldovurdu.help//trtspor/tracks-v1a1/mono.m3u8
2026-07-05 10:24:55,323 [INFO] Capturing response: https://hlssssssssssssssssss.yedeklinksa35.workers.dev/https://corestream.ronaldovurdu.help//trtspor/tracks-v1a1/mono.m3u8 500 
2026-07-05 10:24:56,063 [INFO] Capturing request: https://android.clients.google.com/checkin
2026-07-05 10:24:56,153 [INFO] Capturing response: https://android.clients.google.com/checkin 200 
2026-07-05 10:24:56,200 [INFO] Capturing request: https://android.clients.google.com/c2dm/register3
2026-07-05 10:24:56,206 [INFO] Capturing request: https://android.clients.google.com/c2dm/register3
2026-07-05 10:24:56,210 [INFO] Capturing request: https://android.clients.google.com/c2dm/register3
2026-07-05 10:24:56,226 [INFO] Capturing response: https://android.clients.google.com/c2dm/register3 301 
2026-07-05 10:24:56,244 [INFO] Capturing response: https://android.clients.google.com/c2dm/register3 200 
2026-07-05 10:24:56,590 [INFO] Capturing response: https://android.clients.google.com/c2dm/register3 200 
2026-07-05 10:24:57,179 [INFO]   ✅ M3U8 bulundu: https://hlssssssssssssssssss.yedeklinksa35.workers.dev/https://corestream.ronaldovurdu.help//trtspor/tracks-v1a1/mono.m3u8
2026-07-05 10:24:58,179 [INFO] 
[2/14]
2026-07-05 10:24:58,179 [INFO] 🔍 beIN Sports 2 → https://atomsportv508.top/matches?id=bein-sports-2
2026-07-05 10:24:58,289 [INFO] Capturing request: https://atomsportv508.top/matches?id=bein-sports-2
2026-07-05 10:24:58,328 [INFO] Capturing response: https://atomsportv508.top/matches?id=bein-sports-2 200 
2026-07-05 10:24:58,338 [INFO] Capturing request: https://atomsportv508.top/cdn-cgi/rum?
2026-07-05 10:24:58,379 [INFO] Capturing request: https://atomsportv508.top/cdn-cgi/rum?
2026-07-05 10:24:58,381 [INFO] Capturing request: https://streamsport365.com/cinema
2026-07-05 10:24:58,477 [INFO] Capturing request: https://teletv5.top/load/yayinlink.php?id=bein-sports-2
2026-07-05 10:24:58,484 [INFO] Capturing request: https://atomsportv508.top/favicon.ico
2026-07-05 10:24:58,487 [INFO] Capturing response: https://atomsportv508.top/cdn-cgi/rum? 204 
2026-07-05 10:24:58,489 [INFO] Capturing response: https://atomsportv508.top/cdn-cgi/rum? 204 
2026-07-05 10:24:58,517 [INFO] Capturing response: https://atomsportv508.top/favicon.ico 200 
2026-07-05 10:24:58,650 [INFO] Capturing response: https://streamsport365.com/cinema 200 
2026-07-05 10:24:58,807 [INFO] Capturing response: https://teletv5.top/load/yayinlink.php?id=bein-sports-2 200 
2026-07-05 10:24:58,929 [INFO] Capturing request: https://hlssssssssssssssssss.yedeklinksa35.workers.dev/https://corestream.ronaldovurdu.help//bein2/tracks-v1a1/mono.m3u8
2026-07-05 10:24:58,938 [INFO] Capturing response: https://hlssssssssssssssssss.yedeklinksa35.workers.dev/https://corestream.ronaldovurdu.help//bein2/tracks-v1a1/mono.m3u8 500 
2026-07-05 10:25:01,392 [INFO]   ✅ M3U8 bulundu: https://hlssssssssssssssssss.yedeklinksa35.workers.dev/https://corestream.ronaldovurdu.help//bein2/tracks-v1a1/mono.m3u8
2026-07-05 10:25:02,393 [INFO] 
[3/14]
2026-07-05 10:25:02,393 [INFO] 🔍 beIN Sports 3 → https://atomsportv508.top/matches?id=bein-sports-3
2026-07-05 10:25:02,504 [INFO] Capturing request: https://atomsportv508.top/matches?id=bein-sports-3
2026-07-05 10:25:02,504 [INFO] Capturing request: https://atomsportv508.top/assets/js/clappr.js
2026-07-05 10:25:02,541 [INFO] Capturing response: https://atomsportv508.top/matches?id=bein-sports-3 200 
2026-07-05 10:25:02,550 [INFO] Capturing request: https://atomsportv508.top/cdn-cgi/rum?
2026-07-05 10:25:02,558 [INFO] Capturing response: https://atomsportv508.top/assets/js/clappr.js 200 
2026-07-05 10:25:02,579 [INFO] Capturing request: https://atomsportv508.top/cdn-cgi/rum?
2026-07-05 10:25:02,661 [INFO] Capturing response: https://atomsportv508.top/cdn-cgi/rum? 204 
2026-07-05 10:25:02,680 [INFO] Capturing request: https://teletv5.top/load/yayinlink.php?id=bein-sports-3
2026-07-05 10:25:02,683 [INFO] Capturing request: https://atomsportv508.top/favicon.ico
2026-07-05 10:25:02,716 [INFO] Capturing response: https://atomsportv508.top/favicon.ico 200 
2026-07-05 10:25:02,730 [INFO] Capturing response: https://atomsportv508.top/cdn-cgi/rum? 204 
2026-07-05 10:25:02,787 [INFO] Capturing request: https://streamsport365.com/cinema
2026-07-05 10:25:02,862 [INFO] Capturing response: https://teletv5.top/load/yayinlink.php?id=bein-sports-3 200 
2026-07-05 10:25:03,049 [INFO] Capturing response: https://streamsport365.com/cinema 200 
2026-07-05 10:25:19,752 [INFO] Capturing request: https://android.clients.google.com/c2dm/register3
2026-07-05 10:25:20,292 [INFO] Capturing response: https://android.clients.google.com/c2dm/register3 200 
2026-07-05 10:25:21,682 [INFO] Capturing request: https://android.clients.google.com/c2dm/register3
2026-07-05 10:25:21,707 [INFO] Capturing response: https://android.clients.google.com/c2dm/register3 301 
2026-07-05 10:25:35,875 [WARNING]   ❌ beIN Sports 3 için M3U8 bulunamadı
2026-07-05 10:25:36,876 [INFO] 
[4/14]
2026-07-05 10:25:36,876 [INFO] 🔍 beIN Sports 4 → https://atomsportv508.top/matches?id=bein-sports-4
2026-07-05 10:25:36,986 [INFO] Capturing request: https://atomsportv508.top/matches?id=bein-sports-4
2026-07-05 10:25:36,988 [INFO] Capturing request: https://atomsportv508.top/assets/js/clappr.js
2026-07-05 10:25:37,051 [INFO] Capturing response: https://atomsportv508.top/assets/js/clappr.js 200 
2026-07-05 10:25:37,499 [INFO] Capturing response: https://atomsportv508.top/matches?id=bein-sports-4 200 
2026-07-05 10:25:37,509 [INFO] Capturing request: https://atomsportv508.top/cdn-cgi/rum?
2026-07-05 10:25:37,542 [INFO] Capturing request: https://atomsportv508.top/cdn-cgi/rum?
2026-07-05 10:25:37,638 [INFO] Capturing request: https://teletv5.top/load/yayinlink.php?id=bein-sports-4
2026-07-05 10:25:37,644 [INFO] Capturing request: https://atomsportv508.top/favicon.ico
2026-07-05 10:25:37,650 [INFO] Capturing response: https://atomsportv508.top/cdn-cgi/rum? 204 
2026-07-05 10:25:37,652 [INFO] Capturing response: https://atomsportv508.top/cdn-cgi/rum? 204 
2026-07-05 10:25:37,677 [INFO] Capturing response: https://atomsportv508.top/favicon.ico 200 
2026-07-05 10:25:37,750 [INFO] Capturing request: https://streamsport365.com/cinema
2026-07-05 10:25:37,820 [INFO] Capturing response: https://teletv5.top/load/yayinlink.php?id=bein-sports-4 200 
2026-07-05 10:25:38,018 [INFO] Capturing response: https://streamsport365.com/cinema 200 
2026-07-05 10:25:53,070 [INFO] Capturing request: https://update.googleapis.com/service/update2/json?cup2key=16:9K2xIVeFBFkoATndhYhH920pBXe_lilIzpV1pF_Yaa8&cup2hreq=84dccc65951fcabc62c12ae68abd16529d5201d952fb46fe1aad777fc7f1af9f
2026-07-05 10:25:53,096 [INFO] Capturing response: https://update.googleapis.com/service/update2/json?cup2key=16:9K2xIVeFBFkoATndhYhH920pBXe_lilIzpV1pF_Yaa8&cup2hreq=84dccc65951fcabc62c12ae68abd16529d5201d952fb46fe1aad777fc7f1af9f 200 
2026-07-05 10:25:53,102 [INFO] Capturing request: http://edgedl.me.gvt1.com/edgedl/diffgen-puffin/gcmjkmgdlgnkkcocmoeiminaijmmjnii/df2a22d5ecc7788c3330ebd5f856b41531c74f412a01ed7453d11284708009fe
2026-07-05 10:25:53,114 [INFO] Capturing response: http://edgedl.me.gvt1.com/edgedl/diffgen-puffin/gcmjkmgdlgnkkcocmoeiminaijmmjnii/df2a22d5ecc7788c3330ebd5f856b41531c74f412a01ed7453d11284708009fe 200 OK
2026-07-05 10:25:53,139 [INFO] Capturing request: https://update.googleapis.com/service/update2/json
2026-07-05 10:25:53,163 [INFO] Capturing response: https://update.googleapis.com/service/update2/json 200 
2026-07-05 10:25:53,207 [INFO] Capturing request: http://edgedl.me.gvt1.com/edgedl/release2/chrome_component/f7fj3s2i3u76ecxs5o3s3bcykm_10628/hfnkpimlhhgieaddgfemjhofmfblmnib_10628_all_acihpmq7febcuav5ccdp7su7yvta.crx3
2026-07-05 10:25:53,224 [INFO] Capturing response: http://edgedl.me.gvt1.com/edgedl/release2/chrome_component/f7fj3s2i3u76ecxs5o3s3bcykm_10628/hfnkpimlhhgieaddgfemjhofmfblmnib_10628_all_acihpmq7febcuav5ccdp7su7yvta.crx3 200 OK
2026-07-05 10:25:53,254 [INFO] Capturing request: https://update.googleapis.com/service/update2/json
2026-07-05 10:25:53,277 [INFO] Capturing response: https://update.googleapis.com/service/update2/json 200 
2026-07-05 10:26:10,104 [INFO] Capturing request: https://android.clients.google.com/c2dm/register3
2026-07-05 10:26:10,134 [INFO] Capturing response: https://android.clients.google.com/c2dm/register3 301 
2026-07-05 10:26:10,821 [WARNING]   ❌ beIN Sports 4 için M3U8 bulunamadı
2026-07-05 10:26:11,821 [INFO] 
[5/14]
2026-07-05 10:26:11,821 [INFO] 🔍 beIN Sports 5 → https://atomsportv508.top/matches?id=bein-sports-5
2026-07-05 10:26:11,980 [INFO] Capturing request: https://atomsportv508.top/matches?id=bein-sports-5
2026-07-05 10:26:11,986 [INFO] Capturing request: https://atomsportv508.top/assets/js/clappr.js
2026-07-05 10:26:12,007 [INFO] Capturing response: https://atomsportv508.top/assets/js/clappr.js 200 
2026-07-05 10:26:12,495 [INFO] Capturing response: https://atomsportv508.top/matches?id=bein-sports-5 200 
2026-07-05 10:26:12,504 [INFO] Capturing request: https://atomsportv508.top/cdn-cgi/rum?
2026-07-05 10:26:12,532 [INFO] Capturing request: https://atomsportv508.top/cdn-cgi/rum?
2026-07-05 10:26:12,632 [INFO] Capturing request: https://atomsportv508.top/favicon.ico
2026-07-05 10:26:12,644 [INFO] Capturing response: https://atomsportv508.top/cdn-cgi/rum? 204 
2026-07-05 10:26:12,645 [INFO] Capturing response: https://atomsportv508.top/cdn-cgi/rum? 204 
2026-07-05 10:26:12,665 [INFO] Capturing response: https://atomsportv508.top/favicon.ico 200 
2026-07-05 10:26:12,672 [INFO] Capturing request: https://teletv5.top/load/yayinlink.php?id=bein-sports-5
2026-07-05 10:26:12,843 [INFO] Capturing response: https://teletv5.top/load/yayinlink.php?id=bein-sports-5 200 
2026-07-05 10:26:13,144 [INFO] Capturing request: https://streamsport365.com/cinema
2026-07-05 10:26:13,408 [INFO] Capturing response: https://streamsport365.com/cinema 200 
2026-07-05 10:26:45,801 [WARNING]   ❌ beIN Sports 5 için M3U8 bulunamadı
2026-07-05 10:26:46,802 [INFO] 
[6/14]
2026-07-05 10:26:46,802 [INFO] 🔍 beIN Sports Max 1 → https://atomsportv508.top/matches?id=bein-sports-max-1
2026-07-05 10:26:46,911 [INFO] Capturing request: https://atomsportv508.top/assets/js/clappr.js
2026-07-05 10:26:46,912 [INFO] Capturing request: https://atomsportv508.top/matches?id=bein-sports-max-1
2026-07-05 10:26:46,932 [INFO] Capturing response: https://atomsportv508.top/assets/js/clappr.js 200 
2026-07-05 10:26:47,166 [INFO] Capturing response: https://atomsportv508.top/matches?id=bein-sports-max-1 200 
2026-07-05 10:26:47,175 [INFO] Capturing request: https://atomsportv508.top/cdn-cgi/rum?
2026-07-05 10:26:47,209 [INFO] Capturing request: https://atomsportv508.top/cdn-cgi/rum?
2026-07-05 10:26:47,284 [INFO] Capturing response: https://atomsportv508.top/cdn-cgi/rum? 204 
2026-07-05 10:26:47,309 [INFO] Capturing request: https://teletv5.top/load/yayinlink.php?id=bein-sports-max-1
2026-07-05 10:26:47,312 [INFO] Capturing request: https://atomsportv508.top/favicon.ico
2026-07-05 10:26:47,346 [INFO] Capturing response: https://atomsportv508.top/favicon.ico 200 
2026-07-05 10:26:47,360 [INFO] Capturing response: https://atomsportv508.top/cdn-cgi/rum? 204 
2026-07-05 10:26:47,416 [INFO] Capturing request: https://streamsport365.com/cinema
2026-07-05 10:26:47,688 [INFO] Capturing response: https://streamsport365.com/cinema 200 
2026-07-05 10:26:48,080 [INFO] Capturing response: https://teletv5.top/load/yayinlink.php?id=bein-sports-max-1 200 
2026-07-05 10:27:20,476 [WARNING]   ❌ beIN Sports Max 1 için M3U8 bulunamadı
2026-07-05 10:27:21,476 [INFO] 
[7/14]
2026-07-05 10:27:21,477 [INFO] 🔍 beIN Sports Max 2 → https://atomsportv508.top/matches?id=bein-sports-max-2
2026-07-05 10:27:21,585 [INFO] Capturing request: https://atomsportv508.top/assets/js/clappr.js
2026-07-05 10:27:21,587 [INFO] Capturing request: https://atomsportv508.top/matches?id=bein-sports-max-2
2026-07-05 10:27:21,606 [INFO] Capturing response: https://atomsportv508.top/assets/js/clappr.js 200 
2026-07-05 10:27:21,838 [INFO] Capturing response: https://atomsportv508.top/matches?id=bein-sports-max-2 200 
2026-07-05 10:27:21,848 [INFO] Capturing request: https://atomsportv508.top/cdn-cgi/rum?
2026-07-05 10:27:21,886 [INFO] Capturing request: https://atomsportv508.top/cdn-cgi/rum?
2026-07-05 10:27:21,958 [INFO] Capturing response: https://atomsportv508.top/cdn-cgi/rum? 204 
2026-07-05 10:27:21,982 [INFO] Capturing request: https://teletv5.top/load/yayinlink.php?id=bein-sports-max-2
2026-07-05 10:27:21,986 [INFO] Capturing request: https://atomsportv508.top/favicon.ico
2026-07-05 10:27:22,016 [INFO] Capturing response: https://atomsportv508.top/favicon.ico 200 
2026-07-05 10:27:22,036 [INFO] Capturing response: https://atomsportv508.top/cdn-cgi/rum? 204 
2026-07-05 10:27:22,090 [INFO] Capturing request: https://streamsport365.com/cinema
2026-07-05 10:27:22,152 [INFO] Capturing response: https://teletv5.top/load/yayinlink.php?id=bein-sports-max-2 200 
2026-07-05 10:27:22,349 [INFO] Capturing response: https://streamsport365.com/cinema 200 
2026-07-05 10:27:55,121 [WARNING]   ❌ beIN Sports Max 2 için M3U8 bulunamadı
2026-07-05 10:27:56,122 [INFO] 
[8/14]
2026-07-05 10:27:56,122 [INFO] 🔍 S Sport → https://atomsportv508.top/matches?id=s-sport
2026-07-05 10:27:56,230 [INFO] Capturing request: https://atomsportv508.top/assets/js/clappr.js
2026-07-05 10:27:56,232 [INFO] Capturing request: https://atomsportv508.top/matches?id=s-sport
2026-07-05 10:27:56,249 [INFO] Capturing response: https://atomsportv508.top/assets/js/clappr.js 200 
2026-07-05 10:27:56,490 [INFO] Capturing response: https://atomsportv508.top/matches?id=s-sport 200 
2026-07-05 10:27:56,501 [INFO] Capturing request: https://atomsportv508.top/cdn-cgi/rum?
2026-07-05 10:27:56,529 [INFO] Capturing request: https://atomsportv508.top/cdn-cgi/rum?
2026-07-05 10:27:56,611 [INFO] Capturing response: https://atomsportv508.top/cdn-cgi/rum? 204 
2026-07-05 10:27:56,628 [INFO] Capturing request: https://teletv5.top/load/yayinlink.php?id=s-sport
2026-07-05 10:27:56,632 [INFO] Capturing request: https://atomsportv508.top/favicon.ico
2026-07-05 10:27:56,663 [INFO] Capturing response: https://atomsportv508.top/favicon.ico 200 
2026-07-05 10:27:56,679 [INFO] Capturing response: https://atomsportv508.top/cdn-cgi/rum? 204 
2026-07-05 10:27:56,733 [INFO] Capturing request: https://streamsport365.com/cinema
2026-07-05 10:27:56,796 [INFO] Capturing response: https://teletv5.top/load/yayinlink.php?id=s-sport 200 
2026-07-05 10:27:56,994 [INFO] Capturing response: https://streamsport365.com/cinema 200 
2026-07-05 10:27:57,148 [INFO] Capturing request: https://hlssssssssssssssssss.yedeklinksa35.workers.dev/https://corestream.ronaldovurdu.help//s-sportt/tracks-v1a1/mono.m3u8
2026-07-05 10:27:57,158 [INFO] Capturing response: https://hlssssssssssssssssss.yedeklinksa35.workers.dev/https://corestream.ronaldovurdu.help//s-sportt/tracks-v1a1/mono.m3u8 500 
2026-07-05 10:27:59,544 [INFO]   ✅ M3U8 bulundu: https://hlssssssssssssssssss.yedeklinksa35.workers.dev/https://corestream.ronaldovurdu.help//s-sportt/tracks-v1a1/mono.m3u8
2026-07-05 10:27:59,830 [INFO] Capturing request: https://android.clients.google.com/c2dm/register3
2026-07-05 10:27:59,859 [INFO] Capturing response: https://android.clients.google.com/c2dm/register3 301 
2026-07-05 10:28:00,545 [INFO] 
[9/14]
2026-07-05 10:28:00,545 [INFO] 🔍 S Sport 2 → https://atomsportv508.top/matches?id=s-sport-2
2026-07-05 10:28:00,654 [INFO] Capturing request: https://atomsportv508.top/matches?id=s-sport-2
2026-07-05 10:28:00,655 [INFO] Capturing request: https://atomsportv508.top/assets/js/clappr.js
2026-07-05 10:28:00,688 [INFO] Capturing response: https://atomsportv508.top/matches?id=s-sport-2 200 
2026-07-05 10:28:00,696 [INFO] Capturing request: https://atomsportv508.top/cdn-cgi/rum?
2026-07-05 10:28:00,703 [INFO] Capturing response: https://atomsportv508.top/assets/js/clappr.js 200 
2026-07-05 10:28:00,726 [INFO] Capturing request: https://streamsport365.com/cinema
2026-07-05 10:28:00,727 [INFO] Capturing request: https://atomsportv508.top/cdn-cgi/rum?
2026-07-05 10:28:00,809 [INFO] Capturing response: https://atomsportv508.top/cdn-cgi/rum? 204 
2026-07-05 10:28:00,822 [INFO] Capturing request: https://teletv5.top/load/yayinlink.php?id=s-sport-2
2026-07-05 10:28:00,832 [INFO] Capturing request: https://atomsportv508.top/favicon.ico
2026-07-05 10:28:00,864 [INFO] Capturing response: https://atomsportv508.top/favicon.ico 200 
2026-07-05 10:28:00,879 [INFO] Capturing response: https://atomsportv508.top/cdn-cgi/rum? 204 
2026-07-05 10:28:00,996 [INFO] Capturing response: https://teletv5.top/load/yayinlink.php?id=s-sport-2 200 
2026-07-05 10:28:00,999 [INFO] Capturing response: https://streamsport365.com/cinema 200 
2026-07-05 10:28:01,156 [INFO] Capturing request: https://hlssssssssssssssssss.yedeklinksa35.workers.dev/https://corestream.ronaldovurdu.help//s-sport2/tracks-v1a1/mono.m3u8
2026-07-05 10:28:01,166 [INFO] Capturing response: https://hlssssssssssssssssss.yedeklinksa35.workers.dev/https://corestream.ronaldovurdu.help//s-sport2/tracks-v1a1/mono.m3u8 500 
2026-07-05 10:28:03,741 [INFO]   ✅ M3U8 bulundu: https://hlssssssssssssssssss.yedeklinksa35.workers.dev/https://corestream.ronaldovurdu.help//s-sport2/tracks-v1a1/mono.m3u8
2026-07-05 10:28:04,742 [INFO] 
[10/14]
2026-07-05 10:28:04,742 [INFO] 🔍 A Spor → https://atomsportv508.top/matches?id=a-spor
2026-07-05 10:28:04,850 [INFO] Capturing request: https://atomsportv508.top/assets/js/clappr.js
2026-07-05 10:28:04,852 [INFO] Capturing request: https://atomsportv508.top/matches?id=a-spor
2026-07-05 10:28:04,869 [INFO] Capturing response: https://atomsportv508.top/assets/js/clappr.js 200 
2026-07-05 10:28:04,899 [INFO] Capturing response: https://atomsportv508.top/matches?id=a-spor 200 
2026-07-05 10:28:04,908 [INFO] Capturing request: https://atomsportv508.top/cdn-cgi/rum?
2026-07-05 10:28:04,938 [INFO] Capturing request: https://atomsportv508.top/cdn-cgi/rum?
2026-07-05 10:28:05,032 [INFO] Capturing request: https://teletv5.top/load/yayinlink.php?id=a-spor
2026-07-05 10:28:05,039 [INFO] Capturing request: https://atomsportv508.top/favicon.ico
2026-07-05 10:28:05,045 [INFO] Capturing response: https://atomsportv508.top/cdn-cgi/rum? 204 
2026-07-05 10:28:05,047 [INFO] Capturing response: https://atomsportv508.top/cdn-cgi/rum? 204 
2026-07-05 10:28:05,072 [INFO] Capturing response: https://atomsportv508.top/favicon.ico 200 
2026-07-05 10:28:05,142 [INFO] Capturing request: https://streamsport365.com/cinema
2026-07-05 10:28:05,203 [INFO] Capturing response: https://teletv5.top/load/yayinlink.php?id=a-spor 200 
2026-07-05 10:28:05,413 [INFO] Capturing response: https://streamsport365.com/cinema 200 
2026-07-05 10:28:05,534 [INFO] Capturing request: https://hlssssssssssssssssss.yedeklinksa35.workers.dev/https://corestream.ronaldovurdu.help//aspor/tracks-v1a1/mono.m3u8
2026-07-05 10:28:05,543 [INFO] Capturing response: https://hlssssssssssssssssss.yedeklinksa35.workers.dev/https://corestream.ronaldovurdu.help//aspor/tracks-v1a1/mono.m3u8 500 
2026-07-05 10:28:07,950 [INFO]   ✅ M3U8 bulundu: https://hlssssssssssssssssss.yedeklinksa35.workers.dev/https://corestream.ronaldovurdu.help//aspor/tracks-v1a1/mono.m3u8
2026-07-05 10:28:08,951 [INFO] 
[11/14]
2026-07-05 10:28:08,951 [INFO] 🔍 Tivibu Spor 1 → https://atomsportv508.top/matches?id=tivibu-spor-1
2026-07-05 10:28:09,061 [INFO] Capturing request: https://atomsportv508.top/matches?id=tivibu-spor-1
2026-07-05 10:28:09,062 [INFO] Capturing request: https://atomsportv508.top/assets/js/clappr.js
2026-07-05 10:28:09,088 [INFO] Capturing response: https://atomsportv508.top/matches?id=tivibu-spor-1 200 
2026-07-05 10:28:09,097 [INFO] Capturing request: https://atomsportv508.top/cdn-cgi/rum?
2026-07-05 10:28:09,107 [INFO] Capturing response: https://atomsportv508.top/assets/js/clappr.js 200 
2026-07-05 10:28:09,127 [INFO] Capturing request: https://streamsport365.com/cinema
2026-07-05 10:28:09,128 [INFO] Capturing request: https://atomsportv508.top/cdn-cgi/rum?
2026-07-05 10:28:09,212 [INFO] Capturing response: https://atomsportv508.top/cdn-cgi/rum? 204 
2026-07-05 10:28:09,223 [INFO] Capturing request: https://teletv5.top/load/yayinlink.php?id=tivibu-spor-1
2026-07-05 10:28:09,237 [INFO] Capturing request: https://atomsportv508.top/favicon.ico
2026-07-05 10:28:09,274 [INFO] Capturing response: https://atomsportv508.top/favicon.ico 200 
2026-07-05 10:28:09,278 [INFO] Capturing response: https://atomsportv508.top/cdn-cgi/rum? 204 
2026-07-05 10:28:09,392 [INFO] Capturing response: https://teletv5.top/load/yayinlink.php?id=tivibu-spor-1 200 
2026-07-05 10:28:09,402 [INFO] Capturing response: https://streamsport365.com/cinema 200 
2026-07-05 10:28:42,386 [WARNING]   ❌ Tivibu Spor 1 için M3U8 bulunamadı
2026-07-05 10:28:43,386 [INFO] 
[12/14]
2026-07-05 10:28:43,386 [INFO] 🔍 Tivibu Spor 2 → https://atomsportv508.top/matches?id=tivibu-spor-2
2026-07-05 10:28:43,494 [INFO] Capturing request: https://atomsportv508.top/assets/js/clappr.js
2026-07-05 10:28:43,496 [INFO] Capturing request: https://atomsportv508.top/matches?id=tivibu-spor-2
2026-07-05 10:28:43,513 [INFO] Capturing response: https://atomsportv508.top/assets/js/clappr.js 200 
2026-07-05 10:28:43,741 [INFO] Capturing response: https://atomsportv508.top/matches?id=tivibu-spor-2 200 
2026-07-05 10:28:43,751 [INFO] Capturing request: https://atomsportv508.top/cdn-cgi/rum?
2026-07-05 10:28:43,781 [INFO] Capturing request: https://atomsportv508.top/cdn-cgi/rum?
2026-07-05 10:28:43,860 [INFO] Capturing response: https://atomsportv508.top/cdn-cgi/rum? 204 
2026-07-05 10:28:43,877 [INFO] Capturing request: https://teletv5.top/load/yayinlink.php?id=tivibu-spor-2
2026-07-05 10:28:43,881 [INFO] Capturing request: https://atomsportv508.top/favicon.ico
2026-07-05 10:28:43,912 [INFO] Capturing response: https://atomsportv508.top/favicon.ico 200 
2026-07-05 10:28:43,930 [INFO] Capturing response: https://atomsportv508.top/cdn-cgi/rum? 204 
2026-07-05 10:28:43,985 [INFO] Capturing request: https://streamsport365.com/cinema
2026-07-05 10:28:44,047 [INFO] Capturing response: https://teletv5.top/load/yayinlink.php?id=tivibu-spor-2 200 
2026-07-05 10:28:44,247 [INFO] Capturing response: https://streamsport365.com/cinema 200 
2026-07-05 10:29:17,028 [WARNING]   ❌ Tivibu Spor 2 için M3U8 bulunamadı
2026-07-05 10:29:18,028 [INFO] 
[13/14]
2026-07-05 10:29:18,028 [INFO] 🔍 Tivibu Spor 3 → https://atomsportv508.top/matches?id=tivibu-spor-3
2026-07-05 10:29:18,138 [INFO] Capturing request: https://atomsportv508.top/matches?id=tivibu-spor-3
2026-07-05 10:29:18,138 [INFO] Capturing request: https://atomsportv508.top/assets/js/clappr.js
2026-07-05 10:29:18,202 [INFO] Capturing response: https://atomsportv508.top/assets/js/clappr.js 200 
2026-07-05 10:29:18,373 [INFO] Capturing response: https://atomsportv508.top/matches?id=tivibu-spor-3 200 
2026-07-05 10:29:18,381 [INFO] Capturing request: https://atomsportv508.top/cdn-cgi/rum?
2026-07-05 10:29:18,413 [INFO] Capturing request: https://atomsportv508.top/cdn-cgi/rum?
2026-07-05 10:29:18,515 [INFO] Capturing request: https://teletv5.top/load/yayinlink.php?id=tivibu-spor-3
2026-07-05 10:29:18,516 [INFO] Capturing request: https://atomsportv508.top/favicon.ico
2026-07-05 10:29:18,521 [INFO] Capturing response: https://atomsportv508.top/cdn-cgi/rum? 204 
2026-07-05 10:29:18,523 [INFO] Capturing response: https://atomsportv508.top/cdn-cgi/rum? 204 
2026-07-05 10:29:18,546 [INFO] Capturing response: https://atomsportv508.top/favicon.ico 200 
2026-07-05 10:29:18,620 [INFO] Capturing request: https://streamsport365.com/cinema
2026-07-05 10:29:18,685 [INFO] Capturing response: https://teletv5.top/load/yayinlink.php?id=tivibu-spor-3 200 
2026-07-05 10:29:18,892 [INFO] Capturing response: https://streamsport365.com/cinema 200 
2026-07-05 10:29:51,662 [WARNING]   ❌ Tivibu Spor 3 için M3U8 bulunamadı
2026-07-05 10:29:52,662 [INFO] 
[14/14]
2026-07-05 10:29:52,662 [INFO] 🔍 Tivibu Spor 4 → https://atomsportv508.top/matches?id=tivibu-spor-4
2026-07-05 10:29:52,773 [INFO] Capturing request: https://atomsportv508.top/matches?id=tivibu-spor-4
2026-07-05 10:29:52,774 [INFO] Capturing request: https://atomsportv508.top/assets/js/clappr.js
2026-07-05 10:29:52,837 [INFO] Capturing response: https://atomsportv508.top/assets/js/clappr.js 200 
2026-07-05 10:29:53,026 [INFO] Capturing response: https://atomsportv508.top/matches?id=tivibu-spor-4 200 
2026-07-05 10:29:53,035 [INFO] Capturing request: https://atomsportv508.top/cdn-cgi/rum?
2026-07-05 10:29:53,069 [INFO] Capturing request: https://atomsportv508.top/cdn-cgi/rum?
2026-07-05 10:29:53,162 [INFO] Capturing request: https://teletv5.top/load/yayinlink.php?id=tivibu-spor-4
2026-07-05 10:29:53,169 [INFO] Capturing request: https://atomsportv508.top/favicon.ico
2026-07-05 10:29:53,177 [INFO] Capturing response: https://atomsportv508.top/cdn-cgi/rum? 204 
2026-07-05 10:29:53,179 [INFO] Capturing response: https://atomsportv508.top/cdn-cgi/rum? 204 
2026-07-05 10:29:53,199 [INFO] Capturing response: https://atomsportv508.top/favicon.ico 200 
2026-07-05 10:29:53,277 [INFO] Capturing request: https://streamsport365.com/cinema
2026-07-05 10:29:53,336 [INFO] Capturing response: https://teletv5.top/load/yayinlink.php?id=tivibu-spor-4 200 
2026-07-05 10:29:53,545 [INFO] Capturing response: https://streamsport365.com/cinema 200 
2026-07-05 10:30:26,321 [WARNING]   ❌ Tivibu Spor 4 için M3U8 bulunamadı
2026-07-05 10:30:27,386 [INFO] ✅ 5 kanal bulundu, playlist.m3u kaydedildi
