2026-06-11 20:25:21,811 [INFO] 🌐 BASE_URL: https://atomsportv506.top
2026-06-11 20:25:22,793 [INFO] Başlanıyor... 14 kanal taranacak
2026-06-11 20:25:22,793 [INFO] Using default request storage
2026-06-11 20:25:22,798 [INFO] Created proxy listening on 127.0.0.1:38279
2026-06-11 20:25:23,467 [INFO] Capturing request: http://clients2.google.com/time/1/current?cup2key=10:XdaSjWfgml7M6S54Zet4JV77lyJk_zHWxqMzbZu7zkU&cup2hreq=e3b0c44298fc1c149afbf4c8996fb92427ae41e4649b934ca495991b7852b855
2026-06-11 20:25:23,498 [INFO] Capturing response: http://clients2.google.com/time/1/current?cup2key=10:XdaSjWfgml7M6S54Zet4JV77lyJk_zHWxqMzbZu7zkU&cup2hreq=e3b0c44298fc1c149afbf4c8996fb92427ae41e4649b934ca495991b7852b855 200 OK
2026-06-11 20:25:23,577 [INFO] 
[1/14]
2026-06-11 20:25:23,578 [INFO] 🔍 beIN Sports 1 → https://atomsportv506.top/matches?id=bein-sports-1
2026-06-11 20:25:23,657 [INFO] Capturing request: https://accounts.google.com/ListAccounts?gpsia=1&source=ChromiumBrowser&json=standard&laf=b64bin
2026-06-11 20:25:23,755 [INFO] Capturing request: https://atomsportv506.top/matches?id=bein-sports-1
2026-06-11 20:25:23,779 [INFO] Capturing response: https://accounts.google.com/ListAccounts?gpsia=1&source=ChromiumBrowser&json=standard&laf=b64bin 200 
2026-06-11 20:25:23,904 [INFO] Capturing response: https://atomsportv506.top/matches?id=bein-sports-1 200 
2026-06-11 20:25:24,057 [INFO] Capturing request: https://atomsportv506.top/assets/js/clappr.js
2026-06-11 20:25:24,087 [INFO] Capturing request: https://www.google.com/async/folae?async=_fmt:pb&udm=50&client_locale=en-US
2026-06-11 20:25:24,090 [INFO] Capturing response: https://atomsportv506.top/assets/js/clappr.js 200 
2026-06-11 20:25:24,120 [INFO] Capturing request: https://cdn.jsdelivr.net/npm/@clappr/player@latest/dist/clappr.min.js
2026-06-11 20:25:24,123 [INFO] Capturing request: https://cdnjs.cloudflare.com/ajax/libs/jquery/3.2.1/jquery.min.js
2026-06-11 20:25:24,156 [INFO] Capturing response: https://cdnjs.cloudflare.com/ajax/libs/jquery/3.2.1/jquery.min.js 200 
2026-06-11 20:25:24,220 [INFO] Capturing response: https://www.google.com/async/folae?async=_fmt:pb&udm=50&client_locale=en-US 200 
2026-06-11 20:25:24,244 [INFO] Capturing response: https://cdn.jsdelivr.net/npm/@clappr/player@latest/dist/clappr.min.js 200 
2026-06-11 20:25:24,356 [INFO] Capturing request: https://static.cloudflareinsights.com/beacon.min.js/v833ccba57c9e4d2798f2e76cebdd09a11778172276447
2026-06-11 20:25:24,374 [INFO] Capturing response: https://static.cloudflareinsights.com/beacon.min.js/v833ccba57c9e4d2798f2e76cebdd09a11778172276447 200 
2026-06-11 20:25:24,435 [INFO] Capturing request: https://atomsportv506.top/cdn-cgi/rum?
2026-06-11 20:25:24,540 [INFO] Capturing request: https://atomsportv506.top/favicon.ico
2026-06-11 20:25:24,590 [INFO] Capturing response: https://atomsportv506.top/cdn-cgi/rum? 204 
2026-06-11 20:25:24,610 [INFO] Capturing request: https://teletv5.top/load/yayinlink.php?id=bein-sports-1
2026-06-11 20:25:24,698 [INFO] Capturing response: https://atomsportv506.top/favicon.ico 200 
2026-06-11 20:25:24,939 [INFO] Capturing response: https://teletv5.top/load/yayinlink.php?id=bein-sports-1 200 
2026-06-11 20:25:25,077 [INFO] Capturing request: https://streamsport365.com/cinema
2026-06-11 20:25:25,360 [INFO] Capturing response: https://streamsport365.com/cinema 200 
2026-06-11 20:25:25,495 [INFO] Capturing request: https://atomsportv506.top/assets/img/player_logo_6880e4e4c52ee.png
2026-06-11 20:25:25,569 [INFO] Capturing request: https://hlssssssssssssssssss.yedeklinksa35.workers.dev/https://corestream.ronaldovurdu.help//aspor/tracks-v1a1/mono.m3u8
2026-06-11 20:25:25,716 [INFO] Capturing response: https://atomsportv506.top/assets/img/player_logo_6880e4e4c52ee.png 200 
2026-06-11 20:25:25,798 [INFO] Capturing response: https://hlssssssssssssssssss.yedeklinksa35.workers.dev/https://corestream.ronaldovurdu.help//aspor/tracks-v1a1/mono.m3u8 200 
2026-06-11 20:25:26,044 [INFO] Capturing request: https://ts.yedeklinksa35.workers.dev/aspor/tracks-v1a1/2026/06/11/20/26/07-06000.avif
2026-06-11 20:25:26,530 [INFO] Capturing request: https://android.clients.google.com/checkin
2026-06-11 20:25:26,588 [INFO] Capturing response: https://ts.yedeklinksa35.workers.dev/aspor/tracks-v1a1/2026/06/11/20/26/07-06000.avif 200 
2026-06-11 20:25:26,690 [INFO] Capturing response: https://android.clients.google.com/checkin 200 
2026-06-11 20:25:26,741 [INFO] Capturing request: https://android.clients.google.com/c2dm/register3
2026-06-11 20:25:26,746 [INFO] Capturing request: https://android.clients.google.com/c2dm/register3
2026-06-11 20:25:26,754 [INFO] Capturing request: https://android.clients.google.com/c2dm/register3
2026-06-11 20:25:26,861 [INFO] Capturing response: https://android.clients.google.com/c2dm/register3 200 
2026-06-11 20:25:26,867 [INFO] Capturing response: https://android.clients.google.com/c2dm/register3 200 
2026-06-11 20:25:26,891 [INFO] Capturing request: https://ts.yedeklinksa35.workers.dev/aspor/tracks-v1a1/2026/06/11/20/26/13-06000.avif
2026-06-11 20:25:27,377 [INFO] Capturing response: https://ts.yedeklinksa35.workers.dev/aspor/tracks-v1a1/2026/06/11/20/26/13-06000.avif 200 
2026-06-11 20:25:27,396 [INFO] Capturing response: https://android.clients.google.com/c2dm/register3 200 
2026-06-11 20:25:27,483 [INFO]   ✅ M3U8 bulundu: https://hlssssssssssssssssss.yedeklinksa35.workers.dev/https://corestream.ronaldovurdu.help//aspor/tracks-v1a1/mono.m3u8
2026-06-11 20:25:27,672 [INFO] Capturing request: https://ts.yedeklinksa35.workers.dev/aspor/tracks-v1a1/2026/06/11/20/26/19-06000.avif
2026-06-11 20:25:28,484 [INFO] 
[2/14]
2026-06-11 20:25:28,484 [INFO] 🔍 beIN Sports 2 → https://atomsportv506.top/matches?id=bein-sports-2
2026-06-11 20:25:28,597 [INFO] Capturing request: https://atomsportv506.top/matches?id=bein-sports-2
2026-06-11 20:25:28,657 [INFO] Capturing response: https://atomsportv506.top/matches?id=bein-sports-2 200 
2026-06-11 20:25:28,674 [INFO] Capturing request: https://atomsportv506.top/cdn-cgi/rum?
2026-06-11 20:25:28,738 [INFO] Capturing request: https://streamsport365.com/cinema
2026-06-11 20:25:28,740 [INFO] Capturing request: https://atomsportv506.top/cdn-cgi/rum?
2026-06-11 20:25:28,795 [INFO] Capturing response: https://atomsportv506.top/cdn-cgi/rum? 204 
2026-06-11 20:25:28,834 [INFO] Capturing request: https://teletv5.top/load/yayinlink.php?id=bein-sports-2
2026-06-11 20:25:28,844 [INFO] Capturing request: https://atomsportv506.top/favicon.ico
2026-06-11 20:25:28,858 [INFO] Capturing response: https://atomsportv506.top/cdn-cgi/rum? 204 
2026-06-11 20:25:28,902 [INFO] Capturing response: https://atomsportv506.top/favicon.ico 200 
2026-06-11 20:25:28,911 [INFO] Capturing response: https://ts.yedeklinksa35.workers.dev/aspor/tracks-v1a1/2026/06/11/20/26/19-06000.avif 200 
2026-06-11 20:25:29,005 [INFO] Capturing response: https://teletv5.top/load/yayinlink.php?id=bein-sports-2 200 
2026-06-11 20:25:29,017 [INFO] Capturing response: https://streamsport365.com/cinema 200 
2026-06-11 20:25:29,139 [INFO] Capturing request: https://hlssssssssssssssssss.yedeklinksa35.workers.dev/https://corestream.ronaldovurdu.help//bein2/tracks-v1a1/mono.m3u8
2026-06-11 20:25:29,445 [INFO] Capturing response: https://hlssssssssssssssssss.yedeklinksa35.workers.dev/https://corestream.ronaldovurdu.help//bein2/tracks-v1a1/mono.m3u8 200 
2026-06-11 20:25:29,555 [INFO] Capturing request: https://ts.yedeklinksa35.workers.dev/bein2/tracks-v1a1/2026/06/11/20/25/51-10000.avif
2026-06-11 20:25:30,328 [INFO] Capturing response: https://ts.yedeklinksa35.workers.dev/bein2/tracks-v1a1/2026/06/11/20/25/51-10000.avif 200 
2026-06-11 20:25:30,508 [INFO] Capturing request: https://ts.yedeklinksa35.workers.dev/bein2/tracks-v1a1/2026/06/11/20/26/01-10000.avif
2026-06-11 20:25:31,164 [INFO] Capturing response: https://ts.yedeklinksa35.workers.dev/bein2/tracks-v1a1/2026/06/11/20/26/01-10000.avif 200 
2026-06-11 20:25:31,368 [INFO] Capturing request: https://ts.yedeklinksa35.workers.dev/bein2/tracks-v1a1/2026/06/11/20/26/11-10000.avif
2026-06-11 20:25:31,680 [INFO] Capturing response: https://ts.yedeklinksa35.workers.dev/bein2/tracks-v1a1/2026/06/11/20/26/11-10000.avif 200 
2026-06-11 20:25:31,753 [INFO]   ✅ M3U8 bulundu: https://hlssssssssssssssssss.yedeklinksa35.workers.dev/https://corestream.ronaldovurdu.help//bein2/tracks-v1a1/mono.m3u8
2026-06-11 20:25:32,754 [INFO] 
[3/14]
2026-06-11 20:25:32,754 [INFO] 🔍 beIN Sports 3 → https://atomsportv506.top/matches?id=bein-sports-3
2026-06-11 20:25:32,864 [INFO] Capturing request: https://atomsportv506.top/matches?id=bein-sports-3
2026-06-11 20:25:32,922 [INFO] Capturing response: https://atomsportv506.top/matches?id=bein-sports-3 200 
2026-06-11 20:25:32,933 [INFO] Capturing request: https://atomsportv506.top/cdn-cgi/rum?
2026-06-11 20:25:32,958 [INFO] Capturing request: https://atomsportv506.top/cdn-cgi/rum?
2026-06-11 20:25:33,043 [INFO] Capturing response: https://atomsportv506.top/cdn-cgi/rum? 204 
2026-06-11 20:25:33,053 [INFO] Capturing request: https://teletv5.top/load/yayinlink.php?id=bein-sports-3
2026-06-11 20:25:33,061 [INFO] Capturing request: https://atomsportv506.top/favicon.ico
2026-06-11 20:25:33,102 [INFO] Capturing response: https://atomsportv506.top/favicon.ico 200 
2026-06-11 20:25:33,112 [INFO] Capturing response: https://atomsportv506.top/cdn-cgi/rum? 204 
2026-06-11 20:25:33,171 [INFO] Capturing request: https://streamsport365.com/cinema
2026-06-11 20:25:33,223 [INFO] Capturing response: https://teletv5.top/load/yayinlink.php?id=bein-sports-3 200 
2026-06-11 20:25:33,463 [INFO] Capturing response: https://streamsport365.com/cinema 200 
2026-06-11 20:25:52,906 [INFO] Capturing request: https://android.clients.google.com/c2dm/register3
2026-06-11 20:25:53,298 [INFO] Capturing response: https://android.clients.google.com/c2dm/register3 200 
2026-06-11 20:25:53,983 [INFO] Capturing request: https://android.clients.google.com/c2dm/register3
2026-06-11 20:25:54,015 [INFO] Capturing response: https://android.clients.google.com/c2dm/register3 301 
2026-06-11 20:26:06,291 [WARNING]   ❌ beIN Sports 3 için M3U8 bulunamadı
2026-06-11 20:26:07,291 [INFO] 
[4/14]
2026-06-11 20:26:07,291 [INFO] 🔍 beIN Sports 4 → https://atomsportv506.top/matches?id=bein-sports-4
2026-06-11 20:26:07,401 [INFO] Capturing request: https://atomsportv506.top/matches?id=bein-sports-4
2026-06-11 20:26:07,980 [INFO] Capturing response: https://atomsportv506.top/matches?id=bein-sports-4 200 
2026-06-11 20:26:07,991 [INFO] Capturing request: https://atomsportv506.top/cdn-cgi/rum?
2026-06-11 20:26:08,022 [INFO] Capturing request: https://atomsportv506.top/cdn-cgi/rum?
2026-06-11 20:26:08,102 [INFO] Capturing response: https://atomsportv506.top/cdn-cgi/rum? 204 
2026-06-11 20:26:08,119 [INFO] Capturing request: https://teletv5.top/load/yayinlink.php?id=bein-sports-4
2026-06-11 20:26:08,124 [INFO] Capturing request: https://atomsportv506.top/favicon.ico
2026-06-11 20:26:08,165 [INFO] Capturing response: https://atomsportv506.top/favicon.ico 200 
2026-06-11 20:26:08,176 [INFO] Capturing response: https://atomsportv506.top/cdn-cgi/rum? 204 
2026-06-11 20:26:08,235 [INFO] Capturing request: https://streamsport365.com/cinema
2026-06-11 20:26:08,298 [INFO] Capturing response: https://teletv5.top/load/yayinlink.php?id=bein-sports-4 200 
2026-06-11 20:26:08,522 [INFO] Capturing response: https://streamsport365.com/cinema 200 
2026-06-11 20:26:23,508 [INFO] Capturing request: https://update.googleapis.com/service/update2/json?cup2key=16:avtE2AY5lZRYm0xnNb4OBCwVvFGCC3MvWryy91SqXJs&cup2hreq=3cd2153059481726a95fc7369ba905189b63b0b2ab50d2bee7717ba486503d62
2026-06-11 20:26:23,536 [INFO] Capturing response: https://update.googleapis.com/service/update2/json?cup2key=16:avtE2AY5lZRYm0xnNb4OBCwVvFGCC3MvWryy91SqXJs&cup2hreq=3cd2153059481726a95fc7369ba905189b63b0b2ab50d2bee7717ba486503d62 200 
2026-06-11 20:26:36,563 [INFO] Capturing request: https://android.clients.google.com/c2dm/register3
2026-06-11 20:26:36,601 [INFO] Capturing response: https://android.clients.google.com/c2dm/register3 301 
2026-06-11 20:26:41,307 [WARNING]   ❌ beIN Sports 4 için M3U8 bulunamadı
2026-06-11 20:26:42,308 [INFO] 
[5/14]
2026-06-11 20:26:42,308 [INFO] 🔍 beIN Sports 5 → https://atomsportv506.top/matches?id=bein-sports-5
2026-06-11 20:26:42,418 [INFO] Capturing request: https://atomsportv506.top/assets/js/clappr.js
2026-06-11 20:26:42,420 [INFO] Capturing request: https://atomsportv506.top/matches?id=bein-sports-5
2026-06-11 20:26:42,446 [INFO] Capturing response: https://atomsportv506.top/assets/js/clappr.js 200 
2026-06-11 20:26:42,738 [INFO] Capturing response: https://atomsportv506.top/matches?id=bein-sports-5 200 
2026-06-11 20:26:42,746 [INFO] Capturing request: https://atomsportv506.top/cdn-cgi/rum?
2026-06-11 20:26:42,780 [INFO] Capturing request: https://atomsportv506.top/cdn-cgi/rum?
2026-06-11 20:26:42,856 [INFO] Capturing response: https://atomsportv506.top/cdn-cgi/rum? 204 
2026-06-11 20:26:42,876 [INFO] Capturing request: https://teletv5.top/load/yayinlink.php?id=bein-sports-5
2026-06-11 20:26:42,883 [INFO] Capturing request: https://atomsportv506.top/favicon.ico
2026-06-11 20:26:42,927 [INFO] Capturing response: https://atomsportv506.top/favicon.ico 200 
2026-06-11 20:26:42,933 [INFO] Capturing response: https://atomsportv506.top/cdn-cgi/rum? 204 
2026-06-11 20:26:42,996 [INFO] Capturing request: https://streamsport365.com/cinema
2026-06-11 20:26:43,159 [INFO] Capturing response: https://teletv5.top/load/yayinlink.php?id=bein-sports-5 200 
2026-06-11 20:26:43,284 [INFO] Capturing response: https://streamsport365.com/cinema 200 
2026-06-11 20:27:16,055 [WARNING]   ❌ beIN Sports 5 için M3U8 bulunamadı
2026-06-11 20:27:17,056 [INFO] 
[6/14]
2026-06-11 20:27:17,056 [INFO] 🔍 beIN Sports Max 1 → https://atomsportv506.top/matches?id=bein-sports-max-1
2026-06-11 20:27:17,163 [INFO] Capturing request: https://atomsportv506.top/assets/js/clappr.js
2026-06-11 20:27:17,166 [INFO] Capturing request: https://atomsportv506.top/matches?id=bein-sports-max-1
2026-06-11 20:27:17,196 [INFO] Capturing response: https://atomsportv506.top/assets/js/clappr.js 200 
2026-06-11 20:27:17,494 [INFO] Capturing response: https://atomsportv506.top/matches?id=bein-sports-max-1 200 
2026-06-11 20:27:17,503 [INFO] Capturing request: https://atomsportv506.top/cdn-cgi/rum?
2026-06-11 20:27:17,530 [INFO] Capturing request: https://atomsportv506.top/cdn-cgi/rum?
2026-06-11 20:27:17,615 [INFO] Capturing response: https://atomsportv506.top/cdn-cgi/rum? 204 
2026-06-11 20:27:17,626 [INFO] Capturing request: https://teletv5.top/load/yayinlink.php?id=bein-sports-max-1
2026-06-11 20:27:17,635 [INFO] Capturing request: https://atomsportv506.top/favicon.ico
2026-06-11 20:27:17,676 [INFO] Capturing response: https://atomsportv506.top/favicon.ico 200 
2026-06-11 20:27:17,684 [INFO] Capturing response: https://atomsportv506.top/cdn-cgi/rum? 204 
2026-06-11 20:27:17,749 [INFO] Capturing request: https://streamsport365.com/cinema
2026-06-11 20:27:17,845 [INFO] Capturing response: https://teletv5.top/load/yayinlink.php?id=bein-sports-max-1 200 
2026-06-11 20:27:18,039 [INFO] Capturing response: https://streamsport365.com/cinema 200 
2026-06-11 20:27:50,815 [WARNING]   ❌ beIN Sports Max 1 için M3U8 bulunamadı
2026-06-11 20:27:51,815 [INFO] 
[7/14]
2026-06-11 20:27:51,815 [INFO] 🔍 beIN Sports Max 2 → https://atomsportv506.top/matches?id=bein-sports-max-2
2026-06-11 20:27:51,923 [INFO] Capturing request: https://atomsportv506.top/assets/js/clappr.js
2026-06-11 20:27:51,925 [INFO] Capturing request: https://atomsportv506.top/matches?id=bein-sports-max-2
2026-06-11 20:27:51,947 [INFO] Capturing response: https://atomsportv506.top/assets/js/clappr.js 200 
2026-06-11 20:27:52,251 [INFO] Capturing response: https://atomsportv506.top/matches?id=bein-sports-max-2 200 
2026-06-11 20:27:52,260 [INFO] Capturing request: https://atomsportv506.top/cdn-cgi/rum?
2026-06-11 20:27:52,303 [INFO] Capturing request: https://atomsportv506.top/cdn-cgi/rum?
2026-06-11 20:27:52,371 [INFO] Capturing response: https://atomsportv506.top/cdn-cgi/rum? 204 
2026-06-11 20:27:52,401 [INFO] Capturing request: https://teletv5.top/load/yayinlink.php?id=bein-sports-max-2
2026-06-11 20:27:52,403 [INFO] Capturing request: https://atomsportv506.top/favicon.ico
2026-06-11 20:27:52,455 [INFO] Capturing response: https://atomsportv506.top/favicon.ico 200 
2026-06-11 20:27:52,457 [INFO] Capturing response: https://atomsportv506.top/cdn-cgi/rum? 204 
2026-06-11 20:27:52,514 [INFO] Capturing request: https://streamsport365.com/cinema
2026-06-11 20:27:52,575 [INFO] Capturing response: https://teletv5.top/load/yayinlink.php?id=bein-sports-max-2 200 
2026-06-11 20:27:52,806 [INFO] Capturing response: https://streamsport365.com/cinema 200 
2026-06-11 20:28:05,418 [INFO] Capturing request: https://android.clients.google.com/c2dm/register3
2026-06-11 20:28:05,441 [INFO] Capturing response: https://android.clients.google.com/c2dm/register3 301 
2026-06-11 20:28:25,577 [WARNING]   ❌ beIN Sports Max 2 için M3U8 bulunamadı
2026-06-11 20:28:26,577 [INFO] 
[8/14]
2026-06-11 20:28:26,577 [INFO] 🔍 S Sport → https://atomsportv506.top/matches?id=s-sport
2026-06-11 20:28:26,686 [INFO] Capturing request: https://atomsportv506.top/assets/js/clappr.js
2026-06-11 20:28:26,688 [INFO] Capturing request: https://atomsportv506.top/matches?id=s-sport
2026-06-11 20:28:26,710 [INFO] Capturing response: https://atomsportv506.top/assets/js/clappr.js 200 
2026-06-11 20:28:26,980 [INFO] Capturing response: https://atomsportv506.top/matches?id=s-sport 200 
2026-06-11 20:28:26,989 [INFO] Capturing request: https://atomsportv506.top/cdn-cgi/rum?
2026-06-11 20:28:27,017 [INFO] Capturing request: https://atomsportv506.top/cdn-cgi/rum?
2026-06-11 20:28:27,113 [INFO] Capturing request: https://teletv5.top/load/yayinlink.php?id=s-sport
2026-06-11 20:28:27,122 [INFO] Capturing request: https://atomsportv506.top/favicon.ico
2026-06-11 20:28:27,126 [INFO] Capturing response: https://atomsportv506.top/cdn-cgi/rum? 204 
2026-06-11 20:28:27,129 [INFO] Capturing response: https://atomsportv506.top/cdn-cgi/rum? 204 
2026-06-11 20:28:27,173 [INFO] Capturing response: https://atomsportv506.top/favicon.ico 200 
2026-06-11 20:28:27,234 [INFO] Capturing request: https://streamsport365.com/cinema
2026-06-11 20:28:27,287 [INFO] Capturing response: https://teletv5.top/load/yayinlink.php?id=s-sport 200 
2026-06-11 20:28:27,528 [INFO] Capturing response: https://streamsport365.com/cinema 200 
2026-06-11 20:28:27,650 [INFO] Capturing request: https://hlssssssssssssssssss.yedeklinksa35.workers.dev/https://corestream.ronaldovurdu.help//s-sportt/tracks-v1a1/mono.m3u8
2026-06-11 20:28:27,873 [INFO] Capturing response: https://hlssssssssssssssssss.yedeklinksa35.workers.dev/https://corestream.ronaldovurdu.help//s-sportt/tracks-v1a1/mono.m3u8 200 
2026-06-11 20:28:27,983 [INFO] Capturing request: https://ts.yedeklinksa35.workers.dev/s-sportt/tracks-v1a1/2026/06/11/20/28/12-06000.avif
2026-06-11 20:28:28,581 [INFO] Capturing response: https://ts.yedeklinksa35.workers.dev/s-sportt/tracks-v1a1/2026/06/11/20/28/12-06000.avif 200 
2026-06-11 20:28:29,009 [INFO] Capturing request: https://ts.yedeklinksa35.workers.dev/s-sportt/tracks-v1a1/2026/06/11/20/28/12-06000.avif
2026-06-11 20:28:29,386 [INFO] Capturing response: https://ts.yedeklinksa35.workers.dev/s-sportt/tracks-v1a1/2026/06/11/20/28/12-06000.avif 200 
2026-06-11 20:28:29,792 [INFO] Capturing request: https://ts.yedeklinksa35.workers.dev/s-sportt/tracks-v1a1/2026/06/11/20/28/12-06000.avif
2026-06-11 20:28:30,051 [INFO]   ✅ M3U8 bulundu: https://hlssssssssssssssssss.yedeklinksa35.workers.dev/https://corestream.ronaldovurdu.help//s-sportt/tracks-v1a1/mono.m3u8
2026-06-11 20:28:30,172 [INFO] Capturing response: https://ts.yedeklinksa35.workers.dev/s-sportt/tracks-v1a1/2026/06/11/20/28/12-06000.avif 200 
2026-06-11 20:28:31,052 [INFO] 
[9/14]
2026-06-11 20:28:31,052 [INFO] 🔍 S Sport 2 → https://atomsportv506.top/matches?id=s-sport-2
2026-06-11 20:28:31,164 [INFO] Capturing request: https://atomsportv506.top/assets/js/clappr.js
2026-06-11 20:28:31,165 [INFO] Capturing request: https://atomsportv506.top/matches?id=s-sport-2
2026-06-11 20:28:31,191 [INFO] Capturing response: https://atomsportv506.top/assets/js/clappr.js 200 
2026-06-11 20:28:31,227 [INFO] Capturing response: https://atomsportv506.top/matches?id=s-sport-2 200 
2026-06-11 20:28:31,236 [INFO] Capturing request: https://atomsportv506.top/cdn-cgi/rum?
2026-06-11 20:28:31,260 [INFO] Capturing request: https://streamsport365.com/cinema
2026-06-11 20:28:31,263 [INFO] Capturing request: https://atomsportv506.top/cdn-cgi/rum?
2026-06-11 20:28:31,360 [INFO] Capturing request: https://teletv5.top/load/yayinlink.php?id=s-sport-2
2026-06-11 20:28:31,365 [INFO] Capturing request: https://atomsportv506.top/favicon.ico
2026-06-11 20:28:31,376 [INFO] Capturing response: https://atomsportv506.top/cdn-cgi/rum? 204 
2026-06-11 20:28:31,378 [INFO] Capturing response: https://atomsportv506.top/cdn-cgi/rum? 204 
2026-06-11 20:28:31,419 [INFO] Capturing response: https://atomsportv506.top/favicon.ico 200 
2026-06-11 20:28:31,530 [INFO] Capturing response: https://teletv5.top/load/yayinlink.php?id=s-sport-2 200 
2026-06-11 20:28:31,550 [INFO] Capturing response: https://streamsport365.com/cinema 200 
2026-06-11 20:28:31,690 [INFO] Capturing request: https://hlssssssssssssssssss.yedeklinksa35.workers.dev/https://corestream.ronaldovurdu.help//s-sport2/tracks-v1a1/mono.m3u8
2026-06-11 20:28:31,834 [INFO] Capturing response: https://hlssssssssssssssssss.yedeklinksa35.workers.dev/https://corestream.ronaldovurdu.help//s-sport2/tracks-v1a1/mono.m3u8 200 
2026-06-11 20:28:31,984 [INFO] Capturing request: https://ts.yedeklinksa35.workers.dev/s-sport2/tracks-v1a1/2026/06/11/20/29/44-06000.avif
2026-06-11 20:28:32,735 [INFO] Capturing response: https://ts.yedeklinksa35.workers.dev/s-sport2/tracks-v1a1/2026/06/11/20/29/44-06000.avif 200 
2026-06-11 20:28:33,116 [INFO] Capturing request: https://ts.yedeklinksa35.workers.dev/s-sport2/tracks-v1a1/2026/06/11/20/29/50-06000.avif
2026-06-11 20:28:33,787 [INFO] Capturing response: https://ts.yedeklinksa35.workers.dev/s-sport2/tracks-v1a1/2026/06/11/20/29/50-06000.avif 200 
2026-06-11 20:28:34,093 [INFO] Capturing request: https://ts.yedeklinksa35.workers.dev/s-sport2/tracks-v1a1/2026/06/11/20/29/56-06000.avif
2026-06-11 20:28:34,279 [INFO]   ✅ M3U8 bulundu: https://hlssssssssssssssssss.yedeklinksa35.workers.dev/https://corestream.ronaldovurdu.help//s-sport2/tracks-v1a1/mono.m3u8
2026-06-11 20:28:35,136 [INFO] Capturing response: https://ts.yedeklinksa35.workers.dev/s-sport2/tracks-v1a1/2026/06/11/20/29/56-06000.avif 200 
2026-06-11 20:28:35,280 [INFO] 
[10/14]
2026-06-11 20:28:35,281 [INFO] 🔍 A Spor → https://atomsportv506.top/matches?id=a-spor
2026-06-11 20:28:35,414 [INFO] Capturing request: https://atomsportv506.top/matches?id=a-spor
2026-06-11 20:28:35,416 [INFO] Capturing request: https://atomsportv506.top/assets/js/clappr.js
2026-06-11 20:28:35,436 [INFO] Capturing response: https://atomsportv506.top/assets/js/clappr.js 200 
2026-06-11 20:28:35,489 [INFO] Capturing response: https://atomsportv506.top/matches?id=a-spor 200 
2026-06-11 20:28:35,501 [INFO] Capturing request: https://atomsportv506.top/cdn-cgi/rum?
2026-06-11 20:28:35,532 [INFO] Capturing request: https://atomsportv506.top/cdn-cgi/rum?
2026-06-11 20:28:35,630 [INFO] Capturing request: https://teletv5.top/load/yayinlink.php?id=a-spor
2026-06-11 20:28:35,636 [INFO] Capturing request: https://atomsportv506.top/favicon.ico
2026-06-11 20:28:35,640 [INFO] Capturing response: https://atomsportv506.top/cdn-cgi/rum? 204 
2026-06-11 20:28:35,642 [INFO] Capturing response: https://atomsportv506.top/cdn-cgi/rum? 204 
2026-06-11 20:28:35,675 [INFO] Capturing response: https://atomsportv506.top/favicon.ico 200 
2026-06-11 20:28:35,752 [INFO] Capturing request: https://streamsport365.com/cinema
2026-06-11 20:28:35,801 [INFO] Capturing response: https://teletv5.top/load/yayinlink.php?id=a-spor 200 
2026-06-11 20:28:36,042 [INFO] Capturing response: https://streamsport365.com/cinema 200 
2026-06-11 20:28:36,163 [INFO] Capturing request: https://hlssssssssssssssssss.yedeklinksa35.workers.dev/https://corestream.ronaldovurdu.help//aspor/tracks-v1a1/mono.m3u8
2026-06-11 20:28:36,304 [INFO] Capturing response: https://hlssssssssssssssssss.yedeklinksa35.workers.dev/https://corestream.ronaldovurdu.help//aspor/tracks-v1a1/mono.m3u8 200 
2026-06-11 20:28:36,414 [INFO] Capturing request: https://ts.yedeklinksa35.workers.dev/aspor/tracks-v1a1/2026/06/11/20/29/19-06000.avif
2026-06-11 20:28:36,877 [INFO] Capturing response: https://ts.yedeklinksa35.workers.dev/aspor/tracks-v1a1/2026/06/11/20/29/19-06000.avif 200 
2026-06-11 20:28:37,153 [INFO] Capturing request: https://ts.yedeklinksa35.workers.dev/aspor/tracks-v1a1/2026/06/11/20/29/25-06000.avif
2026-06-11 20:28:37,832 [INFO] Capturing response: https://ts.yedeklinksa35.workers.dev/aspor/tracks-v1a1/2026/06/11/20/29/25-06000.avif 200 
2026-06-11 20:28:38,080 [INFO] Capturing request: https://ts.yedeklinksa35.workers.dev/aspor/tracks-v1a1/2026/06/11/20/29/31-06000.avif
2026-06-11 20:28:38,556 [INFO]   ✅ M3U8 bulundu: https://hlssssssssssssssssss.yedeklinksa35.workers.dev/https://corestream.ronaldovurdu.help//aspor/tracks-v1a1/mono.m3u8
2026-06-11 20:28:38,756 [INFO] Capturing response: https://ts.yedeklinksa35.workers.dev/aspor/tracks-v1a1/2026/06/11/20/29/31-06000.avif 200 
2026-06-11 20:28:39,557 [INFO] 
[11/14]
2026-06-11 20:28:39,557 [INFO] 🔍 Tivibu Spor 1 → https://atomsportv506.top/matches?id=tivibu-spor-1
2026-06-11 20:28:39,668 [INFO] Capturing request: https://atomsportv506.top/assets/js/clappr.js
2026-06-11 20:28:39,671 [INFO] Capturing request: https://atomsportv506.top/matches?id=tivibu-spor-1
2026-06-11 20:28:39,691 [INFO] Capturing response: https://atomsportv506.top/assets/js/clappr.js 200 
2026-06-11 20:28:39,741 [INFO] Capturing response: https://atomsportv506.top/matches?id=tivibu-spor-1 200 
2026-06-11 20:28:39,750 [INFO] Capturing request: https://atomsportv506.top/cdn-cgi/rum?
2026-06-11 20:28:39,777 [INFO] Capturing request: https://streamsport365.com/cinema
2026-06-11 20:28:39,779 [INFO] Capturing request: https://atomsportv506.top/cdn-cgi/rum?
2026-06-11 20:28:39,861 [INFO] Capturing response: https://atomsportv506.top/cdn-cgi/rum? 204 
2026-06-11 20:28:39,876 [INFO] Capturing request: https://teletv5.top/load/yayinlink.php?id=tivibu-spor-1
2026-06-11 20:28:39,886 [INFO] Capturing request: https://atomsportv506.top/favicon.ico
2026-06-11 20:28:39,922 [INFO] Capturing response: https://atomsportv506.top/favicon.ico 200 
2026-06-11 20:28:39,933 [INFO] Capturing response: https://atomsportv506.top/cdn-cgi/rum? 204 
2026-06-11 20:28:40,045 [INFO] Capturing response: https://teletv5.top/load/yayinlink.php?id=tivibu-spor-1 200 
2026-06-11 20:28:40,071 [INFO] Capturing response: https://streamsport365.com/cinema 200 
2026-06-11 20:29:13,052 [WARNING]   ❌ Tivibu Spor 1 için M3U8 bulunamadı
2026-06-11 20:29:14,052 [INFO] 
[12/14]
2026-06-11 20:29:14,053 [INFO] 🔍 Tivibu Spor 2 → https://atomsportv506.top/matches?id=tivibu-spor-2
2026-06-11 20:29:14,161 [INFO] Capturing request: https://atomsportv506.top/assets/js/clappr.js
2026-06-11 20:29:14,163 [INFO] Capturing request: https://atomsportv506.top/matches?id=tivibu-spor-2
2026-06-11 20:29:14,188 [INFO] Capturing response: https://atomsportv506.top/assets/js/clappr.js 200 
2026-06-11 20:29:14,503 [INFO] Capturing response: https://atomsportv506.top/matches?id=tivibu-spor-2 200 
2026-06-11 20:29:14,512 [INFO] Capturing request: https://atomsportv506.top/cdn-cgi/rum?
2026-06-11 20:29:14,547 [INFO] Capturing request: https://atomsportv506.top/cdn-cgi/rum?
2026-06-11 20:29:14,623 [INFO] Capturing response: https://atomsportv506.top/cdn-cgi/rum? 204 
2026-06-11 20:29:14,644 [INFO] Capturing request: https://teletv5.top/load/yayinlink.php?id=tivibu-spor-2
2026-06-11 20:29:14,651 [INFO] Capturing request: https://atomsportv506.top/favicon.ico
2026-06-11 20:29:14,697 [INFO] Capturing response: https://atomsportv506.top/favicon.ico 200 
2026-06-11 20:29:14,699 [INFO] Capturing response: https://atomsportv506.top/cdn-cgi/rum? 204 
2026-06-11 20:29:14,757 [INFO] Capturing request: https://streamsport365.com/cinema
2026-06-11 20:29:14,818 [INFO] Capturing response: https://teletv5.top/load/yayinlink.php?id=tivibu-spor-2 200 
2026-06-11 20:29:15,052 [INFO] Capturing response: https://streamsport365.com/cinema 200 
2026-06-11 20:29:23,768 [INFO] 127.0.0.1:52010: HTTP/2 connection terminated by server: error code: 0, last stream id: 201, additional data: b'session_timed_out'
2026-06-11 20:29:24,122 [INFO] 127.0.0.1:52028: HTTP/2 connection terminated by server: error code: 0, last stream id: 201, additional data: b'session_timed_out'
2026-06-11 20:29:47,829 [WARNING]   ❌ Tivibu Spor 2 için M3U8 bulunamadı
2026-06-11 20:29:48,829 [INFO] 
[13/14]
2026-06-11 20:29:48,830 [INFO] 🔍 Tivibu Spor 3 → https://atomsportv506.top/matches?id=tivibu-spor-3
2026-06-11 20:29:48,937 [INFO] Capturing request: https://atomsportv506.top/assets/js/clappr.js
2026-06-11 20:29:48,940 [INFO] Capturing request: https://atomsportv506.top/matches?id=tivibu-spor-3
2026-06-11 20:29:48,964 [INFO] Capturing response: https://atomsportv506.top/assets/js/clappr.js 200 
2026-06-11 20:29:49,291 [INFO] Capturing response: https://atomsportv506.top/matches?id=tivibu-spor-3 200 
2026-06-11 20:29:49,300 [INFO] Capturing request: https://atomsportv506.top/cdn-cgi/rum?
2026-06-11 20:29:49,327 [INFO] Capturing request: https://atomsportv506.top/cdn-cgi/rum?
2026-06-11 20:29:49,411 [INFO] Capturing response: https://atomsportv506.top/cdn-cgi/rum? 204 
2026-06-11 20:29:49,434 [INFO] Capturing request: https://teletv5.top/load/yayinlink.php?id=tivibu-spor-3
2026-06-11 20:29:49,435 [INFO] Capturing request: https://atomsportv506.top/favicon.ico
2026-06-11 20:29:49,480 [INFO] Capturing response: https://atomsportv506.top/favicon.ico 200 
2026-06-11 20:29:49,483 [INFO] Capturing response: https://atomsportv506.top/cdn-cgi/rum? 204 
2026-06-11 20:29:49,555 [INFO] Capturing request: https://streamsport365.com/cinema
2026-06-11 20:29:49,609 [INFO] Capturing response: https://teletv5.top/load/yayinlink.php?id=tivibu-spor-3 200 
2026-06-11 20:29:49,842 [INFO] Capturing response: https://streamsport365.com/cinema 200 
2026-06-11 20:30:22,613 [WARNING]   ❌ Tivibu Spor 3 için M3U8 bulunamadı
2026-06-11 20:30:23,535 [INFO] 127.0.0.1:53014: HTTP/2 connection terminated by server: error code: 0, last stream id: 201, additional data: b'session_timed_out'
2026-06-11 20:30:23,613 [INFO] 
[14/14]
2026-06-11 20:30:23,614 [INFO] 🔍 Tivibu Spor 4 → https://atomsportv506.top/matches?id=tivibu-spor-4
2026-06-11 20:30:23,723 [INFO] Capturing request: https://atomsportv506.top/assets/js/clappr.js
2026-06-11 20:30:23,724 [INFO] Capturing request: https://atomsportv506.top/matches?id=tivibu-spor-4
2026-06-11 20:30:23,746 [INFO] Capturing response: https://atomsportv506.top/assets/js/clappr.js 200 
2026-06-11 20:30:24,063 [INFO] Capturing response: https://atomsportv506.top/matches?id=tivibu-spor-4 200 
2026-06-11 20:30:24,074 [INFO] Capturing request: https://atomsportv506.top/cdn-cgi/rum?
2026-06-11 20:30:24,109 [INFO] Capturing request: https://atomsportv506.top/cdn-cgi/rum?
2026-06-11 20:30:24,184 [INFO] Capturing response: https://atomsportv506.top/cdn-cgi/rum? 204 
2026-06-11 20:30:24,202 [INFO] Capturing request: https://teletv5.top/load/yayinlink.php?id=tivibu-spor-4
2026-06-11 20:30:24,211 [INFO] Capturing request: https://atomsportv506.top/favicon.ico
2026-06-11 20:30:24,261 [INFO] Capturing response: https://atomsportv506.top/cdn-cgi/rum? 204 
2026-06-11 20:30:24,271 [INFO] Capturing response: https://atomsportv506.top/favicon.ico 200 
2026-06-11 20:30:24,322 [INFO] Capturing request: https://streamsport365.com/cinema
2026-06-11 20:30:24,375 [INFO] Capturing response: https://teletv5.top/load/yayinlink.php?id=tivibu-spor-4 200 
2026-06-11 20:30:24,605 [INFO] Capturing response: https://streamsport365.com/cinema 200 
2026-06-11 20:30:52,302 [INFO] Capturing request: https://android.clients.google.com/c2dm/register3
2026-06-11 20:30:52,329 [INFO] Capturing response: https://android.clients.google.com/c2dm/register3 429 
2026-06-11 20:30:57,394 [WARNING]   ❌ Tivibu Spor 4 için M3U8 bulunamadı
2026-06-11 20:30:58,460 [INFO] ✅ 5 kanal bulundu, playlist.m3u kaydedildi
