2026-07-12 15:35:07,240 [INFO] 🌐 BASE_URL: https://atomsportv508.top
2026-07-12 15:35:08,109 [INFO] Başlanıyor... 14 kanal taranacak
2026-07-12 15:35:08,109 [INFO] Using default request storage
2026-07-12 15:35:08,113 [INFO] Created proxy listening on 127.0.0.1:38175
2026-07-12 15:35:08,807 [INFO] Capturing request: http://clients2.google.com/time/1/current?cup2key=10:Ko992VEu0DCpJBsWEJLOWNjiucFJBMJd7hb-47Sa3Tk&cup2hreq=e3b0c44298fc1c149afbf4c8996fb92427ae41e4649b934ca495991b7852b855
2026-07-12 15:35:08,867 [INFO] Capturing response: http://clients2.google.com/time/1/current?cup2key=10:Ko992VEu0DCpJBsWEJLOWNjiucFJBMJd7hb-47Sa3Tk&cup2hreq=e3b0c44298fc1c149afbf4c8996fb92427ae41e4649b934ca495991b7852b855 200 OK
2026-07-12 15:35:09,000 [INFO] 
[1/14]
2026-07-12 15:35:09,001 [INFO] 🔍 beIN Sports 1 → https://atomsportv508.top/matches?id=bein-sports-1
2026-07-12 15:35:09,123 [INFO] Capturing request: https://accounts.google.com/ListAccounts?gpsia=1&source=ChromiumBrowser&json=standard&laf=b64bin
2026-07-12 15:35:09,129 [INFO] Capturing request: https://update.googleapis.com/service/update2/json?cup2key=16:XRJdW9B8Qlc0RHs5PfnfFxTlokcRqVRhDG67v0EKTl8&cup2hreq=9a9f5c01229a3ab20f850b145e04c22600738990e8a809b25188168e2c01af10
2026-07-12 15:35:09,243 [INFO] Capturing response: https://update.googleapis.com/service/update2/json?cup2key=16:XRJdW9B8Qlc0RHs5PfnfFxTlokcRqVRhDG67v0EKTl8&cup2hreq=9a9f5c01229a3ab20f850b145e04c22600738990e8a809b25188168e2c01af10 200 
2026-07-12 15:35:09,244 [INFO] Capturing request: https://atomsportv508.top/matches?id=bein-sports-1
2026-07-12 15:35:09,249 [INFO] Capturing response: https://accounts.google.com/ListAccounts?gpsia=1&source=ChromiumBrowser&json=standard&laf=b64bin 200 
2026-07-12 15:35:09,291 [INFO] Capturing request: https://update.googleapis.com/service/update2/json?cup2key=16:_sWix8if4-eYAzkEkR2zWw0uYYQx44avXwb3WQAQH3w&cup2hreq=d6dd8e8c76b7d9a6e716b590a5d44aa47631ac7f5902b27ba098e7cd91d37020
2026-07-12 15:35:09,299 [INFO] Capturing response: https://atomsportv508.top/matches?id=bein-sports-1 200 
2026-07-12 15:35:09,325 [INFO] Capturing response: https://update.googleapis.com/service/update2/json?cup2key=16:_sWix8if4-eYAzkEkR2zWw0uYYQx44avXwb3WQAQH3w&cup2hreq=d6dd8e8c76b7d9a6e716b590a5d44aa47631ac7f5902b27ba098e7cd91d37020 200 
2026-07-12 15:35:09,453 [INFO] Capturing request: https://atomsportv508.top/assets/js/clappr.js
2026-07-12 15:35:09,500 [INFO] Capturing response: https://atomsportv508.top/assets/js/clappr.js 200 
2026-07-12 15:35:09,516 [INFO] Capturing request: https://cdnjs.cloudflare.com/ajax/libs/jquery/3.2.1/jquery.min.js
2026-07-12 15:35:09,519 [INFO] Capturing request: https://cdn.jsdelivr.net/npm/@clappr/player@latest/dist/clappr.min.js
2026-07-12 15:35:09,547 [INFO] Capturing response: https://cdnjs.cloudflare.com/ajax/libs/jquery/3.2.1/jquery.min.js 200 
2026-07-12 15:35:09,549 [INFO] Capturing response: https://cdn.jsdelivr.net/npm/@clappr/player@latest/dist/clappr.min.js 200 
2026-07-12 15:35:09,560 [INFO] Capturing request: https://www.google.com/async/folae?async=_fmt:pb&udm=50&client_locale=en-US&client_country=ZZ
2026-07-12 15:35:09,597 [INFO] Capturing response: https://www.google.com/async/folae?async=_fmt:pb&udm=50&client_locale=en-US&client_country=ZZ 200 
2026-07-12 15:35:09,744 [INFO] Capturing request: https://static.cloudflareinsights.com/beacon.min.js/v4513226cdae34746b4dedf0b4dfa099e1781791509496
2026-07-12 15:35:09,763 [INFO] Capturing response: https://static.cloudflareinsights.com/beacon.min.js/v4513226cdae34746b4dedf0b4dfa099e1781791509496 200 
2026-07-12 15:35:09,824 [INFO] Capturing request: https://atomsportv508.top/cdn-cgi/rum?
2026-07-12 15:35:09,927 [INFO] Capturing request: https://atomsportv508.top/favicon.ico
2026-07-12 15:35:09,934 [INFO] Capturing response: https://atomsportv508.top/cdn-cgi/rum? 204 
2026-07-12 15:35:09,982 [INFO] Capturing response: https://atomsportv508.top/favicon.ico 200 
2026-07-12 15:35:10,026 [INFO] Capturing request: https://teletv5.top/load/yayinlink.php?id=bein-sports-1
2026-07-12 15:35:10,430 [INFO] Capturing response: https://teletv5.top/load/yayinlink.php?id=bein-sports-1 200 
2026-07-12 15:35:10,588 [INFO] Capturing request: https://streamsport365.com/cinema
2026-07-12 15:35:10,956 [INFO] Capturing response: https://streamsport365.com/cinema 200 
2026-07-12 15:35:11,087 [INFO] Capturing request: https://atomsportv508.top/assets/img/player_logo_6880e4e4c52ee.png
2026-07-12 15:35:11,140 [INFO] Capturing response: https://atomsportv508.top/assets/img/player_logo_6880e4e4c52ee.png 200 
2026-07-12 15:35:11,148 [INFO] Capturing request: https://hlssssss-wildflower-4845.ugurdurmus9402.workers.dev/https://corestream.ardaporno.live//trtspor/tracks-v1a1/mono.m3u8
2026-07-12 15:35:11,677 [INFO] Capturing request: https://android.clients.google.com/checkin
2026-07-12 15:35:11,770 [INFO] Capturing response: https://android.clients.google.com/checkin 200 
2026-07-12 15:35:11,818 [INFO] Capturing request: https://android.clients.google.com/c2dm/register3
2026-07-12 15:35:11,824 [INFO] Capturing request: https://android.clients.google.com/c2dm/register3
2026-07-12 15:35:11,826 [INFO] Capturing request: https://android.clients.google.com/c2dm/register3
2026-07-12 15:35:11,883 [INFO] Capturing response: https://hlssssss-wildflower-4845.ugurdurmus9402.workers.dev/https://corestream.ardaporno.live//trtspor/tracks-v1a1/mono.m3u8 200 
2026-07-12 15:35:11,900 [INFO] Capturing response: https://android.clients.google.com/c2dm/register3 301 
2026-07-12 15:35:12,234 [INFO] Capturing request: https://ses.ardaporno.live/trtspor/tracks-v1a1/2026/07/12/15/35/20-10000.avif
2026-07-12 15:35:12,731 [INFO] Capturing response: https://android.clients.google.com/c2dm/register3 200 
2026-07-12 15:35:12,812 [INFO] Capturing response: https://android.clients.google.com/c2dm/register3 200 
2026-07-12 15:35:12,849 [INFO]   ✅ M3U8 bulundu: https://hlssssss-wildflower-4845.ugurdurmus9402.workers.dev/https://corestream.ardaporno.live//trtspor/tracks-v1a1/mono.m3u8
2026-07-12 15:35:13,850 [INFO] 
[2/14]
2026-07-12 15:35:13,851 [INFO] 🔍 beIN Sports 2 → https://atomsportv508.top/matches?id=bein-sports-2
2026-07-12 15:35:13,976 [INFO] Capturing request: https://atomsportv508.top/matches?id=bein-sports-2
2026-07-12 15:35:14,020 [INFO] Capturing response: https://atomsportv508.top/matches?id=bein-sports-2 200 
2026-07-12 15:35:14,038 [INFO] Capturing request: https://atomsportv508.top/cdn-cgi/rum?
2026-07-12 15:35:14,086 [INFO] Capturing request: https://streamsport365.com/cinema
2026-07-12 15:35:14,093 [INFO] Capturing request: https://atomsportv508.top/cdn-cgi/rum?
2026-07-12 15:35:14,184 [INFO] Capturing request: https://teletv5.top/load/yayinlink.php?id=bein-sports-2
2026-07-12 15:35:14,186 [INFO] Capturing response: https://ses.ardaporno.live/trtspor/tracks-v1a1/2026/07/12/15/35/20-10000.avif 200 
2026-07-12 15:35:14,193 [INFO] Capturing request: https://atomsportv508.top/favicon.ico
2026-07-12 15:35:14,198 [INFO] Capturing response: https://atomsportv508.top/cdn-cgi/rum? 204 
2026-07-12 15:35:14,222 [INFO] Capturing response: https://atomsportv508.top/favicon.ico 200 
2026-07-12 15:35:14,245 [INFO] Capturing response: https://atomsportv508.top/cdn-cgi/rum? 204 
2026-07-12 15:35:14,278 [INFO] 127.0.0.1:35056: ProtocolException("Error in HTTP connection: Http2ZombieException('Connection or stream already dead: 1783870514.277773, False')")
2026-07-12 15:35:14,391 [INFO] Capturing response: https://teletv5.top/load/yayinlink.php?id=bein-sports-2 200 
2026-07-12 15:35:14,468 [INFO] Capturing response: https://streamsport365.com/cinema 200 
2026-07-12 15:35:14,592 [INFO] Capturing request: https://hlssssss-wildflower-4845.ugurdurmus9402.workers.dev/https://corestream.ardaporno.live//bein2/tracks-v1a1/mono.m3u8
2026-07-12 15:35:14,779 [INFO] Capturing response: https://hlssssss-wildflower-4845.ugurdurmus9402.workers.dev/https://corestream.ardaporno.live//bein2/tracks-v1a1/mono.m3u8 404 
2026-07-12 15:35:17,098 [INFO]   ✅ M3U8 bulundu: https://hlssssss-wildflower-4845.ugurdurmus9402.workers.dev/https://corestream.ardaporno.live//bein2/tracks-v1a1/mono.m3u8
2026-07-12 15:35:18,098 [INFO] 
[3/14]
2026-07-12 15:35:18,099 [INFO] 🔍 beIN Sports 3 → https://atomsportv508.top/matches?id=bein-sports-3
2026-07-12 15:35:18,208 [INFO] Capturing request: https://atomsportv508.top/matches?id=bein-sports-3
2026-07-12 15:35:18,240 [INFO] Capturing response: https://atomsportv508.top/matches?id=bein-sports-3 200 
2026-07-12 15:35:18,249 [INFO] Capturing request: https://atomsportv508.top/cdn-cgi/rum?
2026-07-12 15:35:18,272 [INFO] Capturing request: https://atomsportv508.top/cdn-cgi/rum?
2026-07-12 15:35:18,373 [INFO] Capturing request: https://teletv5.top/load/yayinlink.php?id=bein-sports-3
2026-07-12 15:35:18,377 [INFO] Capturing request: https://atomsportv508.top/favicon.ico
2026-07-12 15:35:18,381 [INFO] Capturing response: https://atomsportv508.top/cdn-cgi/rum? 204 
2026-07-12 15:35:18,383 [INFO] Capturing response: https://atomsportv508.top/cdn-cgi/rum? 204 
2026-07-12 15:35:18,404 [INFO] Capturing response: https://atomsportv508.top/favicon.ico 200 
2026-07-12 15:35:18,529 [INFO] Capturing request: https://streamsport365.com/cinema
2026-07-12 15:35:18,581 [INFO] Capturing response: https://teletv5.top/load/yayinlink.php?id=bein-sports-3 200 
2026-07-12 15:35:18,910 [INFO] Capturing response: https://streamsport365.com/cinema 200 
2026-07-12 15:35:19,030 [INFO] Capturing request: https://hlssssss-wildflower-4845.ugurdurmus9402.workers.dev/https://corestream.ardaporno.live//trtspor/tracks-v1a1/mono.m3u8
2026-07-12 15:35:19,215 [INFO] Capturing response: https://hlssssss-wildflower-4845.ugurdurmus9402.workers.dev/https://corestream.ardaporno.live//trtspor/tracks-v1a1/mono.m3u8 200 
2026-07-12 15:35:19,324 [INFO] Capturing request: https://ses.ardaporno.live/trtspor/tracks-v1a1/2026/07/12/15/35/30-10000.avif
2026-07-12 15:35:21,287 [INFO]   ✅ M3U8 bulundu: https://hlssssss-wildflower-4845.ugurdurmus9402.workers.dev/https://corestream.ardaporno.live//trtspor/tracks-v1a1/mono.m3u8
2026-07-12 15:35:21,440 [INFO] Capturing response: https://ses.ardaporno.live/trtspor/tracks-v1a1/2026/07/12/15/35/30-10000.avif 200 
2026-07-12 15:35:21,785 [INFO] Capturing request: https://ses.ardaporno.live/trtspor/tracks-v1a1/2026/07/12/15/35/40-10000.avif
2026-07-12 15:35:22,288 [INFO] 
[4/14]
2026-07-12 15:35:22,288 [INFO] 🔍 beIN Sports 4 → https://atomsportv508.top/matches?id=bein-sports-4
2026-07-12 15:35:22,404 [INFO] Capturing request: https://atomsportv508.top/assets/js/clappr.js
2026-07-12 15:35:22,406 [INFO] Capturing request: https://atomsportv508.top/matches?id=bein-sports-4
2026-07-12 15:35:22,421 [INFO] Capturing response: https://atomsportv508.top/assets/js/clappr.js 200 
2026-07-12 15:35:22,447 [INFO] Capturing response: https://atomsportv508.top/matches?id=bein-sports-4 200 
2026-07-12 15:35:22,458 [INFO] Capturing request: https://atomsportv508.top/cdn-cgi/rum?
2026-07-12 15:35:22,485 [INFO] Capturing request: https://streamsport365.com/cinema
2026-07-12 15:35:22,486 [INFO] Capturing request: https://atomsportv508.top/cdn-cgi/rum?
2026-07-12 15:35:22,579 [INFO] Capturing request: https://teletv5.top/load/yayinlink.php?id=bein-sports-4
2026-07-12 15:35:22,590 [INFO] Capturing request: https://atomsportv508.top/favicon.ico
2026-07-12 15:35:22,595 [INFO] Capturing response: https://atomsportv508.top/cdn-cgi/rum? 204 
2026-07-12 15:35:22,596 [INFO] Capturing response: https://atomsportv508.top/cdn-cgi/rum? 204 
2026-07-12 15:35:22,616 [INFO] Capturing response: https://atomsportv508.top/favicon.ico 200 
2026-07-12 15:35:22,786 [INFO] Capturing response: https://teletv5.top/load/yayinlink.php?id=bein-sports-4 200 
2026-07-12 15:35:22,868 [INFO] Capturing response: https://streamsport365.com/cinema 200 
2026-07-12 15:35:22,989 [INFO] Capturing request: https://hlssssss-wildflower-4845.ugurdurmus9402.workers.dev/https://corestream.ardaporno.live//bein2/tracks-v1a1/mono.m3u8
2026-07-12 15:35:23,171 [INFO] Capturing response: https://hlssssss-wildflower-4845.ugurdurmus9402.workers.dev/https://corestream.ardaporno.live//bein2/tracks-v1a1/mono.m3u8 404 
2026-07-12 15:35:23,685 [INFO] Capturing response: https://ses.ardaporno.live/trtspor/tracks-v1a1/2026/07/12/15/35/40-10000.avif 200 
2026-07-12 15:35:25,502 [INFO]   ✅ M3U8 bulundu: https://hlssssss-wildflower-4845.ugurdurmus9402.workers.dev/https://corestream.ardaporno.live//bein2/tracks-v1a1/mono.m3u8
2026-07-12 15:35:26,502 [INFO] 
[5/14]
2026-07-12 15:35:26,502 [INFO] 🔍 beIN Sports 5 → https://atomsportv508.top/matches?id=bein-sports-5
2026-07-12 15:35:26,614 [INFO] Capturing request: https://atomsportv508.top/matches?id=bein-sports-5
2026-07-12 15:35:26,614 [INFO] Capturing request: https://atomsportv508.top/assets/js/clappr.js
2026-07-12 15:35:26,649 [INFO] Capturing response: https://atomsportv508.top/matches?id=bein-sports-5 200 
2026-07-12 15:35:26,658 [INFO] Capturing request: https://atomsportv508.top/cdn-cgi/rum?
2026-07-12 15:35:26,663 [INFO] Capturing response: https://atomsportv508.top/assets/js/clappr.js 200 
2026-07-12 15:35:26,688 [INFO] Capturing request: https://atomsportv508.top/cdn-cgi/rum?
2026-07-12 15:35:26,783 [INFO] Capturing request: https://teletv5.top/load/yayinlink.php?id=bein-sports-5
2026-07-12 15:35:26,790 [INFO] Capturing request: https://atomsportv508.top/favicon.ico
2026-07-12 15:35:26,795 [INFO] Capturing response: https://atomsportv508.top/cdn-cgi/rum? 204 
2026-07-12 15:35:26,796 [INFO] Capturing response: https://atomsportv508.top/cdn-cgi/rum? 204 
2026-07-12 15:35:26,814 [INFO] Capturing response: https://atomsportv508.top/favicon.ico 200 
2026-07-12 15:35:26,945 [INFO] Capturing request: https://streamsport365.com/cinema
2026-07-12 15:35:26,990 [INFO] Capturing response: https://teletv5.top/load/yayinlink.php?id=bein-sports-5 200 
2026-07-12 15:35:27,317 [INFO] Capturing response: https://streamsport365.com/cinema 200 
2026-07-12 15:35:27,439 [INFO] Capturing request: https://hlssssss-wildflower-4845.ugurdurmus9402.workers.dev/https://corestream.ardaporno.live//bein2/tracks-v1a1/mono.m3u8
2026-07-12 15:35:27,621 [INFO] Capturing response: https://hlssssss-wildflower-4845.ugurdurmus9402.workers.dev/https://corestream.ardaporno.live//bein2/tracks-v1a1/mono.m3u8 404 
2026-07-12 15:35:29,699 [INFO]   ✅ M3U8 bulundu: https://hlssssss-wildflower-4845.ugurdurmus9402.workers.dev/https://corestream.ardaporno.live//bein2/tracks-v1a1/mono.m3u8
2026-07-12 15:35:30,699 [INFO] 
[6/14]
2026-07-12 15:35:30,699 [INFO] 🔍 beIN Sports Max 1 → https://atomsportv508.top/matches?id=bein-sports-max-1
2026-07-12 15:35:30,808 [INFO] Capturing request: https://atomsportv508.top/matches?id=bein-sports-max-1
2026-07-12 15:35:30,810 [INFO] Capturing request: https://atomsportv508.top/assets/js/clappr.js
2026-07-12 15:35:30,838 [INFO] Capturing response: https://atomsportv508.top/matches?id=bein-sports-max-1 200 
2026-07-12 15:35:30,846 [INFO] Capturing request: https://atomsportv508.top/cdn-cgi/rum?
2026-07-12 15:35:30,852 [INFO] Capturing response: https://atomsportv508.top/assets/js/clappr.js 200 
2026-07-12 15:35:30,873 [INFO] Capturing request: https://streamsport365.com/cinema
2026-07-12 15:35:30,877 [INFO] Capturing request: https://atomsportv508.top/cdn-cgi/rum?
2026-07-12 15:35:30,969 [INFO] Capturing request: https://teletv5.top/load/yayinlink.php?id=bein-sports-max-1
2026-07-12 15:35:30,981 [INFO] Capturing request: https://atomsportv508.top/favicon.ico
2026-07-12 15:35:30,983 [INFO] Capturing response: https://atomsportv508.top/cdn-cgi/rum? 204 
2026-07-12 15:35:30,985 [INFO] Capturing response: https://atomsportv508.top/cdn-cgi/rum? 204 
2026-07-12 15:35:31,012 [INFO] Capturing response: https://atomsportv508.top/favicon.ico 200 
2026-07-12 15:35:31,222 [INFO] Capturing response: https://teletv5.top/load/yayinlink.php?id=bein-sports-max-1 200 
2026-07-12 15:35:31,241 [INFO] Capturing response: https://streamsport365.com/cinema 200 
2026-07-12 15:35:31,381 [INFO] Capturing request: https://hlssssss-wildflower-4845.ugurdurmus9402.workers.dev/https://corestream.ardaporno.live//trtspor/tracks-v1a1/mono.m3u8
2026-07-12 15:35:31,567 [INFO] Capturing response: https://hlssssss-wildflower-4845.ugurdurmus9402.workers.dev/https://corestream.ardaporno.live//trtspor/tracks-v1a1/mono.m3u8 200 
2026-07-12 15:35:31,716 [INFO] Capturing request: https://ses.ardaporno.live/trtspor/tracks-v1a1/2026/07/12/15/35/40-10000.avif
2026-07-12 15:35:31,962 [INFO] Capturing response: https://ses.ardaporno.live/trtspor/tracks-v1a1/2026/07/12/15/35/40-10000.avif 200 
2026-07-12 15:35:32,235 [INFO] Capturing request: https://ses.ardaporno.live/trtspor/tracks-v1a1/2026/07/12/15/35/50-10000.avif
2026-07-12 15:35:32,527 [INFO] Capturing request: https://android.clients.google.com/c2dm/register3
2026-07-12 15:35:32,576 [INFO] Capturing response: https://android.clients.google.com/c2dm/register3 301 
2026-07-12 15:35:33,897 [INFO]   ✅ M3U8 bulundu: https://hlssssss-wildflower-4845.ugurdurmus9402.workers.dev/https://corestream.ardaporno.live//trtspor/tracks-v1a1/mono.m3u8
2026-07-12 15:35:34,150 [INFO] Capturing response: https://ses.ardaporno.live/trtspor/tracks-v1a1/2026/07/12/15/35/50-10000.avif 200 
2026-07-12 15:35:34,431 [INFO] Capturing request: https://ses.ardaporno.live/trtspor/tracks-v1a1/2026/07/12/15/36/00-10000.avif
2026-07-12 15:35:34,898 [INFO] 
[7/14]
2026-07-12 15:35:34,898 [INFO] 🔍 beIN Sports Max 2 → https://atomsportv508.top/matches?id=bein-sports-max-2
2026-07-12 15:35:35,008 [INFO] Capturing request: https://atomsportv508.top/assets/js/clappr.js
2026-07-12 15:35:35,010 [INFO] Capturing request: https://atomsportv508.top/matches?id=bein-sports-max-2
2026-07-12 15:35:35,028 [INFO] Capturing response: https://atomsportv508.top/assets/js/clappr.js 200 
2026-07-12 15:35:35,055 [INFO] Capturing response: https://atomsportv508.top/matches?id=bein-sports-max-2 200 
2026-07-12 15:35:35,065 [INFO] Capturing request: https://atomsportv508.top/cdn-cgi/rum?
2026-07-12 15:35:35,096 [INFO] Capturing request: https://atomsportv508.top/cdn-cgi/rum?
2026-07-12 15:35:35,190 [INFO] Capturing request: https://teletv5.top/load/yayinlink.php?id=bein-sports-max-2
2026-07-12 15:35:35,201 [INFO] Capturing request: https://atomsportv508.top/favicon.ico
2026-07-12 15:35:35,203 [INFO] Capturing response: https://atomsportv508.top/cdn-cgi/rum? 204 
2026-07-12 15:35:35,205 [INFO] Capturing response: https://atomsportv508.top/cdn-cgi/rum? 204 
2026-07-12 15:35:35,231 [INFO] Capturing response: https://atomsportv508.top/favicon.ico 200 
2026-07-12 15:35:35,359 [INFO] Capturing request: https://streamsport365.com/cinema
2026-07-12 15:35:35,395 [INFO] Capturing response: https://teletv5.top/load/yayinlink.php?id=bein-sports-max-2 200 
2026-07-12 15:35:35,733 [INFO] Capturing response: https://streamsport365.com/cinema 200 
2026-07-12 15:35:35,854 [INFO] Capturing request: https://hlssssss-wildflower-4845.ugurdurmus9402.workers.dev/https://corestream.ardaporno.live//trtspor/tracks-v1a1/mono.m3u8
2026-07-12 15:35:36,047 [INFO] Capturing response: https://hlssssss-wildflower-4845.ugurdurmus9402.workers.dev/https://corestream.ardaporno.live//trtspor/tracks-v1a1/mono.m3u8 200 
2026-07-12 15:35:36,161 [INFO] Capturing request: https://ses.ardaporno.live/trtspor/tracks-v1a1/2026/07/12/15/35/50-10000.avif
2026-07-12 15:35:36,464 [INFO] Capturing response: https://ses.ardaporno.live/trtspor/tracks-v1a1/2026/07/12/15/36/00-10000.avif 200 
2026-07-12 15:35:36,668 [INFO] Capturing response: https://ses.ardaporno.live/trtspor/tracks-v1a1/2026/07/12/15/35/50-10000.avif 200 
2026-07-12 15:35:36,955 [INFO] Capturing request: https://ses.ardaporno.live/trtspor/tracks-v1a1/2026/07/12/15/36/00-10000.avif
2026-07-12 15:35:37,438 [INFO] Capturing response: https://ses.ardaporno.live/trtspor/tracks-v1a1/2026/07/12/15/36/00-10000.avif 200 
2026-07-12 15:35:37,744 [INFO] Capturing request: https://ses.ardaporno.live/trtspor/tracks-v1a1/2026/07/12/15/36/10-10000.avif
2026-07-12 15:35:38,118 [INFO]   ✅ M3U8 bulundu: https://hlssssss-wildflower-4845.ugurdurmus9402.workers.dev/https://corestream.ardaporno.live//trtspor/tracks-v1a1/mono.m3u8
2026-07-12 15:35:39,118 [INFO] 
[8/14]
2026-07-12 15:35:39,118 [INFO] 🔍 S Sport → https://atomsportv508.top/matches?id=s-sport
2026-07-12 15:35:39,231 [INFO] Capturing request: https://atomsportv508.top/matches?id=s-sport
2026-07-12 15:35:39,233 [INFO] Capturing request: https://atomsportv508.top/assets/js/clappr.js
2026-07-12 15:35:39,291 [INFO] Capturing response: https://atomsportv508.top/assets/js/clappr.js 200 
2026-07-12 15:35:39,746 [INFO] Capturing response: https://ses.ardaporno.live/trtspor/tracks-v1a1/2026/07/12/15/36/10-10000.avif 200 
2026-07-12 15:35:39,864 [INFO] Capturing response: https://atomsportv508.top/matches?id=s-sport 200 
2026-07-12 15:35:39,874 [INFO] Capturing request: https://atomsportv508.top/cdn-cgi/rum?
2026-07-12 15:35:39,903 [INFO] Capturing request: https://atomsportv508.top/cdn-cgi/rum?
2026-07-12 15:35:39,903 [INFO] Capturing request: https://streamsport365.com/cinema
2026-07-12 15:35:39,996 [INFO] Capturing request: https://teletv5.top/load/yayinlink.php?id=s-sport
2026-07-12 15:35:40,007 [INFO] Capturing request: https://atomsportv508.top/favicon.ico
2026-07-12 15:35:40,009 [INFO] Capturing response: https://atomsportv508.top/cdn-cgi/rum? 204 
2026-07-12 15:35:40,011 [INFO] Capturing response: https://atomsportv508.top/cdn-cgi/rum? 204 
2026-07-12 15:35:40,035 [INFO] Capturing response: https://atomsportv508.top/favicon.ico 200 
2026-07-12 15:35:40,202 [INFO] Capturing response: https://teletv5.top/load/yayinlink.php?id=s-sport 200 
2026-07-12 15:35:40,289 [INFO] Capturing response: https://streamsport365.com/cinema 200 
2026-07-12 15:35:40,408 [INFO] Capturing request: https://hlssssss-wildflower-4845.ugurdurmus9402.workers.dev/https://corestream.ardaporno.live//s-sportt/tracks-v1a1/mono.m3u8
2026-07-12 15:35:40,593 [INFO] Capturing response: https://hlssssss-wildflower-4845.ugurdurmus9402.workers.dev/https://corestream.ardaporno.live//s-sportt/tracks-v1a1/mono.m3u8 404 
2026-07-12 15:35:42,917 [INFO]   ✅ M3U8 bulundu: https://hlssssss-wildflower-4845.ugurdurmus9402.workers.dev/https://corestream.ardaporno.live//s-sportt/tracks-v1a1/mono.m3u8
2026-07-12 15:35:43,917 [INFO] 
[9/14]
2026-07-12 15:35:43,917 [INFO] 🔍 S Sport 2 → https://atomsportv508.top/matches?id=s-sport-2
2026-07-12 15:35:44,027 [INFO] Capturing request: https://atomsportv508.top/matches?id=s-sport-2
2026-07-12 15:35:44,028 [INFO] Capturing request: https://atomsportv508.top/assets/js/clappr.js
2026-07-12 15:35:44,060 [INFO] Capturing response: https://atomsportv508.top/matches?id=s-sport-2 200 
2026-07-12 15:35:44,069 [INFO] Capturing request: https://atomsportv508.top/cdn-cgi/rum?
2026-07-12 15:35:44,075 [INFO] Capturing response: https://atomsportv508.top/assets/js/clappr.js 200 
2026-07-12 15:35:44,099 [INFO] Capturing request: https://atomsportv508.top/cdn-cgi/rum?
2026-07-12 15:35:44,195 [INFO] Capturing request: https://teletv5.top/load/yayinlink.php?id=s-sport-2
2026-07-12 15:35:44,200 [INFO] Capturing request: https://atomsportv508.top/favicon.ico
2026-07-12 15:35:44,206 [INFO] Capturing response: https://atomsportv508.top/cdn-cgi/rum? 204 
2026-07-12 15:35:44,207 [INFO] Capturing response: https://atomsportv508.top/cdn-cgi/rum? 204 
2026-07-12 15:35:44,225 [INFO] Capturing response: https://atomsportv508.top/favicon.ico 200 
2026-07-12 15:35:44,353 [INFO] Capturing request: https://streamsport365.com/cinema
2026-07-12 15:35:44,403 [INFO] Capturing response: https://teletv5.top/load/yayinlink.php?id=s-sport-2 200 
2026-07-12 15:35:44,736 [INFO] Capturing response: https://streamsport365.com/cinema 200 
2026-07-12 15:35:44,855 [INFO] Capturing request: https://hlssssss-wildflower-4845.ugurdurmus9402.workers.dev/https://corestream.ardaporno.live//s-sport2/tracks-v1a1/mono.m3u8
2026-07-12 15:35:45,040 [INFO] Capturing response: https://hlssssss-wildflower-4845.ugurdurmus9402.workers.dev/https://corestream.ardaporno.live//s-sport2/tracks-v1a1/mono.m3u8 404 
2026-07-12 15:35:47,109 [INFO]   ✅ M3U8 bulundu: https://hlssssss-wildflower-4845.ugurdurmus9402.workers.dev/https://corestream.ardaporno.live//s-sport2/tracks-v1a1/mono.m3u8
2026-07-12 15:35:48,109 [INFO] 
[10/14]
2026-07-12 15:35:48,109 [INFO] 🔍 A Spor → https://atomsportv508.top/matches?id=a-spor
2026-07-12 15:35:48,218 [INFO] Capturing request: https://atomsportv508.top/assets/js/clappr.js
2026-07-12 15:35:48,219 [INFO] Capturing request: https://atomsportv508.top/matches?id=a-spor
2026-07-12 15:35:48,233 [INFO] Capturing response: https://atomsportv508.top/assets/js/clappr.js 200 
2026-07-12 15:35:48,261 [INFO] Capturing response: https://atomsportv508.top/matches?id=a-spor 200 
2026-07-12 15:35:48,270 [INFO] Capturing request: https://atomsportv508.top/cdn-cgi/rum?
2026-07-12 15:35:48,299 [INFO] Capturing request: https://streamsport365.com/cinema
2026-07-12 15:35:48,309 [INFO] Capturing request: https://atomsportv508.top/cdn-cgi/rum?
2026-07-12 15:35:48,396 [INFO] Capturing request: https://teletv5.top/load/yayinlink.php?id=a-spor
2026-07-12 15:35:48,410 [INFO] Capturing request: https://atomsportv508.top/favicon.ico
2026-07-12 15:35:48,415 [INFO] Capturing response: https://atomsportv508.top/cdn-cgi/rum? 204 
2026-07-12 15:35:48,417 [INFO] Capturing response: https://atomsportv508.top/cdn-cgi/rum? 204 
2026-07-12 15:35:48,437 [INFO] Capturing response: https://atomsportv508.top/favicon.ico 200 
2026-07-12 15:35:48,598 [INFO] Capturing response: https://teletv5.top/load/yayinlink.php?id=a-spor 200 
2026-07-12 15:35:48,678 [INFO] Capturing response: https://streamsport365.com/cinema 200 
2026-07-12 15:35:48,796 [INFO] Capturing request: https://hlssssss-wildflower-4845.ugurdurmus9402.workers.dev/https://corestream.ardaporno.live//aspor/tracks-v1a1/mono.m3u8
2026-07-12 15:35:49,077 [INFO] Capturing response: https://hlssssss-wildflower-4845.ugurdurmus9402.workers.dev/https://corestream.ardaporno.live//aspor/tracks-v1a1/mono.m3u8 404 
2026-07-12 15:35:51,322 [INFO]   ✅ M3U8 bulundu: https://hlssssss-wildflower-4845.ugurdurmus9402.workers.dev/https://corestream.ardaporno.live//aspor/tracks-v1a1/mono.m3u8
2026-07-12 15:35:52,322 [INFO] 
[11/14]
2026-07-12 15:35:52,322 [INFO] 🔍 Tivibu Spor 1 → https://atomsportv508.top/matches?id=tivibu-spor-1
2026-07-12 15:35:52,432 [INFO] Capturing request: https://atomsportv508.top/assets/js/clappr.js
2026-07-12 15:35:52,433 [INFO] Capturing request: https://atomsportv508.top/matches?id=tivibu-spor-1
2026-07-12 15:35:52,450 [INFO] Capturing response: https://atomsportv508.top/assets/js/clappr.js 200 
2026-07-12 15:35:52,478 [INFO] Capturing response: https://atomsportv508.top/matches?id=tivibu-spor-1 200 
2026-07-12 15:35:52,486 [INFO] Capturing request: https://atomsportv508.top/cdn-cgi/rum?
2026-07-12 15:35:52,514 [INFO] Capturing request: https://atomsportv508.top/cdn-cgi/rum?
2026-07-12 15:35:52,609 [INFO] Capturing request: https://teletv5.top/load/yayinlink.php?id=tivibu-spor-1
2026-07-12 15:35:52,613 [INFO] Capturing request: https://atomsportv508.top/favicon.ico
2026-07-12 15:35:52,621 [INFO] Capturing response: https://atomsportv508.top/cdn-cgi/rum? 204 
2026-07-12 15:35:52,623 [INFO] Capturing response: https://atomsportv508.top/cdn-cgi/rum? 204 
2026-07-12 15:35:52,638 [INFO] Capturing response: https://atomsportv508.top/favicon.ico 200 
2026-07-12 15:35:52,769 [INFO] Capturing request: https://streamsport365.com/cinema
2026-07-12 15:35:52,816 [INFO] Capturing response: https://teletv5.top/load/yayinlink.php?id=tivibu-spor-1 200 
2026-07-12 15:35:53,143 [INFO] Capturing response: https://streamsport365.com/cinema 200 
2026-07-12 15:35:53,261 [INFO] Capturing request: https://hlssssss-wildflower-4845.ugurdurmus9402.workers.dev/https://corestream.ardaporno.live//trtspor/tracks-v1a1/mono.m3u8
2026-07-12 15:35:53,446 [INFO] Capturing response: https://hlssssss-wildflower-4845.ugurdurmus9402.workers.dev/https://corestream.ardaporno.live//trtspor/tracks-v1a1/mono.m3u8 200 
2026-07-12 15:35:53,556 [INFO] Capturing request: https://ses.ardaporno.live/trtspor/tracks-v1a1/2026/07/12/15/36/00-10000.avif
2026-07-12 15:35:53,904 [INFO] Capturing response: https://ses.ardaporno.live/trtspor/tracks-v1a1/2026/07/12/15/36/00-10000.avif 200 
2026-07-12 15:35:54,204 [INFO] Capturing request: https://ses.ardaporno.live/trtspor/tracks-v1a1/2026/07/12/15/36/10-10000.avif
2026-07-12 15:35:54,566 [INFO] Capturing response: https://ses.ardaporno.live/trtspor/tracks-v1a1/2026/07/12/15/36/10-10000.avif 200 
2026-07-12 15:35:54,866 [INFO] Capturing request: https://ses.ardaporno.live/trtspor/tracks-v1a1/2026/07/12/15/36/20-10000.avif
2026-07-12 15:35:55,537 [INFO]   ✅ M3U8 bulundu: https://hlssssss-wildflower-4845.ugurdurmus9402.workers.dev/https://corestream.ardaporno.live//trtspor/tracks-v1a1/mono.m3u8
2026-07-12 15:35:56,537 [INFO] 
[12/14]
2026-07-12 15:35:56,539 [INFO] 🔍 Tivibu Spor 2 → https://atomsportv508.top/matches?id=tivibu-spor-2
2026-07-12 15:35:56,691 [INFO] Capturing request: https://atomsportv508.top/assets/js/clappr.js
2026-07-12 15:35:56,692 [INFO] Capturing request: https://atomsportv508.top/matches?id=tivibu-spor-2
2026-07-12 15:35:56,721 [INFO] Capturing response: https://atomsportv508.top/assets/js/clappr.js 200 
2026-07-12 15:35:56,744 [INFO] Capturing response: https://atomsportv508.top/matches?id=tivibu-spor-2 200 
2026-07-12 15:35:56,784 [INFO] Capturing request: https://atomsportv508.top/cdn-cgi/rum?
2026-07-12 15:35:56,820 [INFO] Capturing request: https://streamsport365.com/cinema
2026-07-12 15:35:56,823 [INFO] Capturing request: https://atomsportv508.top/cdn-cgi/rum?
2026-07-12 15:35:56,830 [INFO] Capturing response: https://ses.ardaporno.live/trtspor/tracks-v1a1/2026/07/12/15/36/20-10000.avif 200 
2026-07-12 15:35:56,921 [INFO] Capturing response: https://atomsportv508.top/cdn-cgi/rum? 204 
2026-07-12 15:35:56,924 [INFO] Capturing request: https://atomsportv508.top/favicon.ico
2026-07-12 15:35:56,925 [INFO] Capturing request: https://teletv5.top/load/yayinlink.php?id=tivibu-spor-2
2026-07-12 15:35:56,945 [INFO] Capturing response: https://atomsportv508.top/cdn-cgi/rum? 204 
2026-07-12 15:35:56,955 [INFO] Capturing response: https://atomsportv508.top/favicon.ico 200 
2026-07-12 15:35:57,137 [INFO] Capturing response: https://teletv5.top/load/yayinlink.php?id=tivibu-spor-2 200 
2026-07-12 15:35:57,194 [INFO] Capturing response: https://streamsport365.com/cinema 200 
2026-07-12 15:35:57,313 [INFO] Capturing request: https://hlssssss-wildflower-4845.ugurdurmus9402.workers.dev/https://corestream.ardaporno.live//trtspor/tracks-v1a1/mono.m3u8
2026-07-12 15:35:57,498 [INFO] Capturing response: https://hlssssss-wildflower-4845.ugurdurmus9402.workers.dev/https://corestream.ardaporno.live//trtspor/tracks-v1a1/mono.m3u8 200 
2026-07-12 15:35:57,647 [INFO] Capturing request: https://ses.ardaporno.live/trtspor/tracks-v1a1/2026/07/12/15/36/10-10000.avif
2026-07-12 15:35:57,997 [INFO] Capturing response: https://ses.ardaporno.live/trtspor/tracks-v1a1/2026/07/12/15/36/10-10000.avif 200 
2026-07-12 15:35:58,304 [INFO] Capturing request: https://ses.ardaporno.live/trtspor/tracks-v1a1/2026/07/12/15/36/20-10000.avif
2026-07-12 15:35:58,705 [INFO] Capturing response: https://ses.ardaporno.live/trtspor/tracks-v1a1/2026/07/12/15/36/20-10000.avif 200 
2026-07-12 15:35:59,032 [INFO] Capturing request: https://ses.ardaporno.live/trtspor/tracks-v1a1/2026/07/12/15/36/30-10000.avif
2026-07-12 15:35:59,838 [INFO]   ✅ M3U8 bulundu: https://hlssssss-wildflower-4845.ugurdurmus9402.workers.dev/https://corestream.ardaporno.live//trtspor/tracks-v1a1/mono.m3u8
2026-07-12 15:36:00,838 [INFO] 
[13/14]
2026-07-12 15:36:00,838 [INFO] 🔍 Tivibu Spor 3 → https://atomsportv508.top/matches?id=tivibu-spor-3
2026-07-12 15:36:00,938 [INFO] Capturing response: https://ses.ardaporno.live/trtspor/tracks-v1a1/2026/07/12/15/36/30-10000.avif 200 
2026-07-12 15:36:00,986 [INFO] Capturing request: https://atomsportv508.top/assets/js/clappr.js
2026-07-12 15:36:00,989 [INFO] Capturing request: https://atomsportv508.top/matches?id=tivibu-spor-3
2026-07-12 15:36:01,005 [INFO] Capturing response: https://atomsportv508.top/assets/js/clappr.js 200 
2026-07-12 15:36:01,034 [INFO] Capturing response: https://atomsportv508.top/matches?id=tivibu-spor-3 200 
2026-07-12 15:36:01,052 [INFO] Capturing request: https://atomsportv508.top/cdn-cgi/rum?
2026-07-12 15:36:01,099 [INFO] Capturing request: https://atomsportv508.top/cdn-cgi/rum?
2026-07-12 15:36:01,123 [INFO] 127.0.0.1:35056: ProtocolException("Error in HTTP connection: Http2ZombieException('Connection or stream already dead: 1783870561.1222384, False')")
2026-07-12 15:36:01,201 [INFO] Capturing request: https://teletv5.top/load/yayinlink.php?id=tivibu-spor-3
2026-07-12 15:36:01,203 [INFO] Capturing request: https://atomsportv508.top/favicon.ico
2026-07-12 15:36:01,205 [INFO] Capturing response: https://atomsportv508.top/cdn-cgi/rum? 204 
2026-07-12 15:36:01,230 [INFO] Capturing response: https://atomsportv508.top/favicon.ico 200 
2026-07-12 15:36:01,247 [INFO] Capturing response: https://atomsportv508.top/cdn-cgi/rum? 204 
2026-07-12 15:36:01,359 [INFO] Capturing request: https://streamsport365.com/cinema
2026-07-12 15:36:01,411 [INFO] Capturing response: https://teletv5.top/load/yayinlink.php?id=tivibu-spor-3 200 
2026-07-12 15:36:01,736 [INFO] Capturing response: https://streamsport365.com/cinema 200 
2026-07-12 15:36:01,855 [INFO] Capturing request: https://hlssssss-wildflower-4845.ugurdurmus9402.workers.dev/https://corestream.ardaporno.live//trtspor/tracks-v1a1/mono.m3u8
2026-07-12 15:36:02,045 [INFO] Capturing response: https://hlssssss-wildflower-4845.ugurdurmus9402.workers.dev/https://corestream.ardaporno.live//trtspor/tracks-v1a1/mono.m3u8 200 
2026-07-12 15:36:02,154 [INFO] Capturing request: https://ses.ardaporno.live/trtspor/tracks-v1a1/2026/07/12/15/36/10-10000.avif
2026-07-12 15:36:02,530 [INFO] Capturing response: https://ses.ardaporno.live/trtspor/tracks-v1a1/2026/07/12/15/36/10-10000.avif 200 
2026-07-12 15:36:02,833 [INFO] Capturing request: https://ses.ardaporno.live/trtspor/tracks-v1a1/2026/07/12/15/36/20-10000.avif
2026-07-12 15:36:03,242 [INFO] Capturing response: https://ses.ardaporno.live/trtspor/tracks-v1a1/2026/07/12/15/36/20-10000.avif 200 
2026-07-12 15:36:03,548 [INFO] Capturing request: https://ses.ardaporno.live/trtspor/tracks-v1a1/2026/07/12/15/36/30-10000.avif
2026-07-12 15:36:03,984 [INFO] Capturing response: https://ses.ardaporno.live/trtspor/tracks-v1a1/2026/07/12/15/36/30-10000.avif 200 
2026-07-12 15:36:04,124 [INFO]   ✅ M3U8 bulundu: https://hlssssss-wildflower-4845.ugurdurmus9402.workers.dev/https://corestream.ardaporno.live//trtspor/tracks-v1a1/mono.m3u8
2026-07-12 15:36:05,126 [INFO] 
[14/14]
2026-07-12 15:36:05,126 [INFO] 🔍 Tivibu Spor 4 → https://atomsportv508.top/matches?id=tivibu-spor-4
2026-07-12 15:36:05,237 [INFO] Capturing request: https://atomsportv508.top/assets/js/clappr.js
2026-07-12 15:36:05,240 [INFO] Capturing request: https://atomsportv508.top/matches?id=tivibu-spor-4
2026-07-12 15:36:05,254 [INFO] Capturing response: https://atomsportv508.top/assets/js/clappr.js 200 
2026-07-12 15:36:05,282 [INFO] Capturing response: https://atomsportv508.top/matches?id=tivibu-spor-4 200 
2026-07-12 15:36:05,292 [INFO] Capturing request: https://atomsportv508.top/cdn-cgi/rum?
2026-07-12 15:36:05,323 [INFO] Capturing request: https://atomsportv508.top/cdn-cgi/rum?
2026-07-12 15:36:05,324 [INFO] Capturing request: https://streamsport365.com/cinema
2026-07-12 15:36:05,417 [INFO] Capturing request: https://teletv5.top/load/yayinlink.php?id=tivibu-spor-4
2026-07-12 15:36:05,427 [INFO] Capturing request: https://atomsportv508.top/favicon.ico
2026-07-12 15:36:05,431 [INFO] Capturing response: https://atomsportv508.top/cdn-cgi/rum? 204 
2026-07-12 15:36:05,432 [INFO] Capturing response: https://atomsportv508.top/cdn-cgi/rum? 204 
2026-07-12 15:36:05,453 [INFO] Capturing response: https://atomsportv508.top/favicon.ico 200 
2026-07-12 15:36:05,625 [INFO] Capturing response: https://teletv5.top/load/yayinlink.php?id=tivibu-spor-4 200 
2026-07-12 15:36:05,816 [INFO] Capturing response: https://streamsport365.com/cinema 200 
2026-07-12 15:36:08,779 [INFO] Capturing request: https://update.googleapis.com/service/update2/json?cup2key=16:w6PEGn1vCyzH9HF14yyfxXJ6MQ5Y304AgIGacZOT3U8&cup2hreq=be5e3c21e1cd0bf2f32e089c0cb302f30b4fff4661f5471f85a2a22576fb5739
2026-07-12 15:36:08,808 [INFO] Capturing response: https://update.googleapis.com/service/update2/json?cup2key=16:w6PEGn1vCyzH9HF14yyfxXJ6MQ5Y304AgIGacZOT3U8&cup2hreq=be5e3c21e1cd0bf2f32e089c0cb302f30b4fff4661f5471f85a2a22576fb5739 200 
2026-07-12 15:36:08,815 [INFO] Capturing request: http://edgedl.me.gvt1.com/edgedl/diffgen-puffin/gcmjkmgdlgnkkcocmoeiminaijmmjnii/df2a22d5ecc7788c3330ebd5f856b41531c74f412a01ed7453d11284708009fe
2026-07-12 15:36:08,840 [INFO] Capturing response: http://edgedl.me.gvt1.com/edgedl/diffgen-puffin/gcmjkmgdlgnkkcocmoeiminaijmmjnii/df2a22d5ecc7788c3330ebd5f856b41531c74f412a01ed7453d11284708009fe 200 OK
2026-07-12 15:36:08,867 [INFO] Capturing request: https://update.googleapis.com/service/update2/json
2026-07-12 15:36:08,893 [INFO] Capturing response: https://update.googleapis.com/service/update2/json 200 
2026-07-12 15:36:08,937 [INFO] Capturing request: http://edgedl.me.gvt1.com/edgedl/release2/chrome_component/g3ryqei677tolu7gvvngiilwrq_10643/hfnkpimlhhgieaddgfemjhofmfblmnib_10643_all_ezpdjof77yj7xotrw6ihv2vtba.crx3
2026-07-12 15:36:08,953 [INFO] Capturing response: http://edgedl.me.gvt1.com/edgedl/release2/chrome_component/g3ryqei677tolu7gvvngiilwrq_10643/hfnkpimlhhgieaddgfemjhofmfblmnib_10643_all_ezpdjof77yj7xotrw6ihv2vtba.crx3 200 OK
2026-07-12 15:36:08,983 [INFO] Capturing request: https://update.googleapis.com/service/update2/json
2026-07-12 15:36:09,009 [INFO] Capturing response: https://update.googleapis.com/service/update2/json 200 
2026-07-12 15:36:29,389 [INFO] Capturing request: https://android.clients.google.com/c2dm/register3
2026-07-12 15:36:29,442 [INFO] Capturing response: https://android.clients.google.com/c2dm/register3 301 
2026-07-12 15:36:38,639 [WARNING]   ❌ Tivibu Spor 4 için M3U8 bulunamadı
2026-07-12 15:36:39,707 [INFO] ✅ 13 kanal bulundu, playlist.m3u kaydedildi
