2026-06-05 22:43:53,151 [INFO] 🌐 BASE_URL: https://atomsportv506.top
2026-06-05 22:43:54,144 [INFO] Başlanıyor... 14 kanal taranacak
2026-06-05 22:43:54,144 [INFO] Using default request storage
2026-06-05 22:43:54,147 [INFO] Created proxy listening on 127.0.0.1:39089
2026-06-05 22:43:54,781 [INFO] Capturing request: http://clients2.google.com/time/1/current?cup2key=10:X8ABNtms5_AXWx0SbojJ_DNDau_1VccjhtzEQuP-zI8&cup2hreq=e3b0c44298fc1c149afbf4c8996fb92427ae41e4649b934ca495991b7852b855
2026-06-05 22:43:54,835 [INFO] Capturing response: http://clients2.google.com/time/1/current?cup2key=10:X8ABNtms5_AXWx0SbojJ_DNDau_1VccjhtzEQuP-zI8&cup2hreq=e3b0c44298fc1c149afbf4c8996fb92427ae41e4649b934ca495991b7852b855 200 OK
2026-06-05 22:43:54,880 [INFO] 
[1/14]
2026-06-05 22:43:54,880 [INFO] 🔍 beIN Sports 1 → https://atomsportv506.top/matches?id=bein-sports-1
2026-06-05 22:43:55,084 [INFO] Capturing request: https://accounts.google.com/ListAccounts?gpsia=1&source=ChromiumBrowser&json=standard&laf=b64bin
2026-06-05 22:43:55,181 [INFO] Capturing request: https://atomsportv506.top/matches?id=bein-sports-1
2026-06-05 22:43:55,320 [INFO] Capturing response: https://accounts.google.com/ListAccounts?gpsia=1&source=ChromiumBrowser&json=standard&laf=b64bin 200 
2026-06-05 22:43:55,322 [INFO] Capturing response: https://atomsportv506.top/matches?id=bein-sports-1 200 
2026-06-05 22:43:55,472 [INFO] Capturing request: https://atomsportv506.top/assets/js/clappr.js
2026-06-05 22:43:55,512 [INFO] Capturing request: https://cdnjs.cloudflare.com/ajax/libs/jquery/3.2.1/jquery.min.js
2026-06-05 22:43:55,512 [INFO] Capturing request: https://cdn.jsdelivr.net/npm/@clappr/player@latest/dist/clappr.min.js
2026-06-05 22:43:55,532 [INFO] Capturing response: https://cdnjs.cloudflare.com/ajax/libs/jquery/3.2.1/jquery.min.js 200 
2026-06-05 22:43:55,535 [INFO] Capturing response: https://cdn.jsdelivr.net/npm/@clappr/player@latest/dist/clappr.min.js 200 
2026-06-05 22:43:55,537 [INFO] Capturing response: https://atomsportv506.top/assets/js/clappr.js 200 
2026-06-05 22:43:55,607 [INFO] Capturing request: https://www.google.com/async/folae?async=_fmt:pb&udm=50&client_locale=en-US
2026-06-05 22:43:55,641 [INFO] Capturing response: https://www.google.com/async/folae?async=_fmt:pb&udm=50&client_locale=en-US 200 
2026-06-05 22:43:55,716 [INFO] Capturing request: https://static.cloudflareinsights.com/beacon.min.js/v833ccba57c9e4d2798f2e76cebdd09a11778172276447
2026-06-05 22:43:55,730 [INFO] Capturing response: https://static.cloudflareinsights.com/beacon.min.js/v833ccba57c9e4d2798f2e76cebdd09a11778172276447 200 
2026-06-05 22:43:55,786 [INFO] Capturing request: https://atomsportv506.top/cdn-cgi/rum?
2026-06-05 22:43:55,886 [INFO] Capturing request: https://atomsportv506.top/favicon.ico
2026-06-05 22:43:55,894 [INFO] Capturing response: https://atomsportv506.top/cdn-cgi/rum? 204 
2026-06-05 22:43:56,007 [INFO] Capturing response: https://atomsportv506.top/favicon.ico 200 
2026-06-05 22:43:56,099 [INFO] Capturing request: https://teletv5.top/load/yayinlink.php?id=bein-sports-1
2026-06-05 22:43:56,547 [INFO] Capturing response: https://teletv5.top/load/yayinlink.php?id=bein-sports-1 200 
2026-06-05 22:43:56,549 [INFO] Capturing request: https://streamsport365.com/cinema
2026-06-05 22:43:56,907 [INFO] Capturing response: https://streamsport365.com/cinema 200 
2026-06-05 22:43:57,031 [INFO] Capturing request: https://atomsportv506.top/assets/img/player_logo_6880e4e4c52ee.png
2026-06-05 22:43:57,077 [INFO] Capturing request: https://hlssssssssssssssssss.yedeklinksa35.workers.dev/https://corestream.ronaldovurdu.help//s-sportt/tracks-v1a1/mono.m3u8
2026-06-05 22:43:57,081 [INFO] Capturing response: https://atomsportv506.top/assets/img/player_logo_6880e4e4c52ee.png 200 
2026-06-05 22:43:57,510 [INFO] Capturing response: https://hlssssssssssssssssss.yedeklinksa35.workers.dev/https://corestream.ronaldovurdu.help//s-sportt/tracks-v1a1/mono.m3u8 200 
2026-06-05 22:43:57,683 [INFO] Capturing request: https://android.clients.google.com/checkin
2026-06-05 22:43:57,797 [INFO] Capturing response: https://android.clients.google.com/checkin 200 
2026-06-05 22:43:57,834 [INFO] Capturing request: https://ts.yedeklinksa35.workers.dev/s-sportt/tracks-v1a1/2026/06/05/22/43/52-06000.avif
2026-06-05 22:43:57,843 [INFO] Capturing request: https://android.clients.google.com/c2dm/register3
2026-06-05 22:43:57,849 [INFO] Capturing request: https://android.clients.google.com/c2dm/register3
2026-06-05 22:43:57,850 [INFO] Capturing request: https://android.clients.google.com/c2dm/register3
2026-06-05 22:43:58,000 [INFO] Capturing response: https://android.clients.google.com/c2dm/register3 301 
2026-06-05 22:43:58,174 [INFO] Capturing response: https://ts.yedeklinksa35.workers.dev/s-sportt/tracks-v1a1/2026/06/05/22/43/52-06000.avif 200 
2026-06-05 22:43:58,382 [INFO] Capturing request: https://ts.yedeklinksa35.workers.dev/s-sportt/tracks-v1a1/2026/06/05/22/43/58-06000.avif
2026-06-05 22:43:58,806 [INFO]   ✅ M3U8 bulundu: https://hlssssssssssssssssss.yedeklinksa35.workers.dev/https://corestream.ronaldovurdu.help//s-sportt/tracks-v1a1/mono.m3u8
2026-06-05 22:43:59,090 [INFO] Capturing response: https://android.clients.google.com/c2dm/register3 200 
2026-06-05 22:43:59,121 [INFO] Capturing response: https://android.clients.google.com/c2dm/register3 200 
2026-06-05 22:43:59,273 [INFO] Capturing response: https://ts.yedeklinksa35.workers.dev/s-sportt/tracks-v1a1/2026/06/05/22/43/58-06000.avif 200 
2026-06-05 22:43:59,476 [INFO] Capturing request: https://ts.yedeklinksa35.workers.dev/s-sportt/tracks-v1a1/2026/06/05/22/44/04-06000.avif
2026-06-05 22:43:59,807 [INFO] 
[2/14]
2026-06-05 22:43:59,807 [INFO] 🔍 beIN Sports 2 → https://atomsportv506.top/matches?id=bein-sports-2
2026-06-05 22:43:59,917 [INFO] Capturing request: https://atomsportv506.top/matches?id=bein-sports-2
2026-06-05 22:43:59,953 [INFO] Capturing response: https://atomsportv506.top/matches?id=bein-sports-2 200 
2026-06-05 22:43:59,967 [INFO] Capturing request: https://atomsportv506.top/cdn-cgi/rum?
2026-06-05 22:44:00,005 [INFO] Capturing request: https://streamsport365.com/cinema
2026-06-05 22:44:00,011 [INFO] Capturing request: https://atomsportv506.top/cdn-cgi/rum?
2026-06-05 22:44:00,104 [INFO] Capturing request: https://teletv5.top/load/yayinlink.php?id=bein-sports-2
2026-06-05 22:44:00,114 [INFO] Capturing request: https://atomsportv506.top/favicon.ico
2026-06-05 22:44:00,116 [INFO] Capturing response: https://atomsportv506.top/cdn-cgi/rum? 204 
2026-06-05 22:44:00,153 [INFO] Capturing response: https://atomsportv506.top/favicon.ico 200 
2026-06-05 22:44:00,161 [INFO] Capturing response: https://atomsportv506.top/cdn-cgi/rum? 204 
2026-06-05 22:44:00,291 [INFO] Capturing response: https://ts.yedeklinksa35.workers.dev/s-sportt/tracks-v1a1/2026/06/05/22/44/04-06000.avif 200 
2026-06-05 22:44:00,378 [INFO] Capturing response: https://streamsport365.com/cinema 200 
2026-06-05 22:44:00,513 [INFO] Capturing response: https://teletv5.top/load/yayinlink.php?id=bein-sports-2 200 
2026-06-05 22:44:00,631 [INFO] Capturing request: https://hlssssssssssssssssss.yedeklinksa35.workers.dev/https://corestream.ronaldovurdu.help//bein2/tracks-v1a1/mono.m3u8
2026-06-05 22:44:00,818 [INFO] Capturing response: https://hlssssssssssssssssss.yedeklinksa35.workers.dev/https://corestream.ronaldovurdu.help//bein2/tracks-v1a1/mono.m3u8 200 
2026-06-05 22:44:00,926 [INFO] Capturing request: https://ts.yedeklinksa35.workers.dev/bein2/tracks-v1a1/2026/06/05/22/44/06-09080.avif
2026-06-05 22:44:01,621 [INFO] Capturing response: https://ts.yedeklinksa35.workers.dev/bein2/tracks-v1a1/2026/06/05/22/44/06-09080.avif 200 
2026-06-05 22:44:01,799 [INFO] Capturing request: https://ts.yedeklinksa35.workers.dev/bein2/tracks-v1a1/2026/06/05/22/44/15-12160.avif
2026-06-05 22:44:02,216 [INFO] Capturing response: https://ts.yedeklinksa35.workers.dev/bein2/tracks-v1a1/2026/06/05/22/44/15-12160.avif 200 
2026-06-05 22:44:02,415 [INFO] Capturing request: https://ts.yedeklinksa35.workers.dev/bein2/tracks-v1a1/2026/06/05/22/44/27-10000.avif
2026-06-05 22:44:02,662 [INFO] Capturing response: https://ts.yedeklinksa35.workers.dev/bein2/tracks-v1a1/2026/06/05/22/44/27-10000.avif 200 
2026-06-05 22:44:02,837 [INFO] Capturing request: https://ts.yedeklinksa35.workers.dev/bein2/tracks-v1a1/2026/06/05/22/44/37-10000.avif
2026-06-05 22:44:03,025 [INFO]   ✅ M3U8 bulundu: https://hlssssssssssssssssss.yedeklinksa35.workers.dev/https://corestream.ronaldovurdu.help//bein2/tracks-v1a1/mono.m3u8
2026-06-05 22:44:03,710 [INFO] Capturing response: https://ts.yedeklinksa35.workers.dev/bein2/tracks-v1a1/2026/06/05/22/44/37-10000.avif 200 
2026-06-05 22:44:04,025 [INFO] 
[3/14]
2026-06-05 22:44:04,025 [INFO] 🔍 beIN Sports 3 → https://atomsportv506.top/matches?id=bein-sports-3
2026-06-05 22:44:04,133 [INFO] Capturing request: https://atomsportv506.top/assets/js/clappr.js
2026-06-05 22:44:04,136 [INFO] Capturing request: https://atomsportv506.top/matches?id=bein-sports-3
2026-06-05 22:44:04,153 [INFO] Capturing response: https://atomsportv506.top/assets/js/clappr.js 200 
2026-06-05 22:44:04,183 [INFO] Capturing response: https://atomsportv506.top/matches?id=bein-sports-3 200 
2026-06-05 22:44:04,190 [INFO] Capturing request: https://atomsportv506.top/cdn-cgi/rum?
2026-06-05 22:44:04,208 [INFO] Capturing request: https://atomsportv506.top/cdn-cgi/rum?
2026-06-05 22:44:04,304 [INFO] Capturing request: https://teletv5.top/load/yayinlink.php?id=bein-sports-3
2026-06-05 22:44:04,312 [INFO] Capturing request: https://atomsportv506.top/favicon.ico
2026-06-05 22:44:04,316 [INFO] Capturing response: https://atomsportv506.top/cdn-cgi/rum? 204 
2026-06-05 22:44:04,337 [INFO] Capturing response: https://atomsportv506.top/cdn-cgi/rum? 204 
2026-06-05 22:44:04,343 [INFO] Capturing response: https://atomsportv506.top/favicon.ico 200 
2026-06-05 22:44:04,465 [INFO] Capturing request: https://streamsport365.com/cinema
2026-06-05 22:44:04,523 [INFO] Capturing response: https://teletv5.top/load/yayinlink.php?id=bein-sports-3 200 
2026-06-05 22:44:04,841 [INFO] Capturing response: https://streamsport365.com/cinema 200 
2026-06-05 22:44:26,530 [INFO] Capturing request: https://android.clients.google.com/c2dm/register3
2026-06-05 22:44:26,578 [INFO] Capturing response: https://android.clients.google.com/c2dm/register3 301 
2026-06-05 22:44:37,464 [WARNING]   ❌ beIN Sports 3 için M3U8 bulunamadı
2026-06-05 22:44:38,464 [INFO] 
[4/14]
2026-06-05 22:44:38,464 [INFO] 🔍 beIN Sports 4 → https://atomsportv506.top/matches?id=bein-sports-4
2026-06-05 22:44:38,571 [INFO] Capturing request: https://atomsportv506.top/assets/js/clappr.js
2026-06-05 22:44:38,572 [INFO] Capturing request: https://atomsportv506.top/matches?id=bein-sports-4
2026-06-05 22:44:38,587 [INFO] Capturing response: https://atomsportv506.top/assets/js/clappr.js 200 
2026-06-05 22:44:39,241 [INFO] Capturing response: https://atomsportv506.top/matches?id=bein-sports-4 200 
2026-06-05 22:44:39,248 [INFO] Capturing request: https://atomsportv506.top/cdn-cgi/rum?
2026-06-05 22:44:39,270 [INFO] Capturing request: https://atomsportv506.top/cdn-cgi/rum?
2026-06-05 22:44:39,355 [INFO] Capturing response: https://atomsportv506.top/cdn-cgi/rum? 204 
2026-06-05 22:44:39,366 [INFO] Capturing request: https://teletv5.top/load/yayinlink.php?id=bein-sports-4
2026-06-05 22:44:39,372 [INFO] Capturing request: https://atomsportv506.top/favicon.ico
2026-06-05 22:44:39,419 [INFO] Capturing response: https://atomsportv506.top/cdn-cgi/rum? 204 
2026-06-05 22:44:39,431 [INFO] Capturing response: https://atomsportv506.top/favicon.ico 200 
2026-06-05 22:44:39,527 [INFO] Capturing request: https://streamsport365.com/cinema
2026-06-05 22:44:39,593 [INFO] Capturing response: https://teletv5.top/load/yayinlink.php?id=bein-sports-4 200 
2026-06-05 22:44:39,890 [INFO] Capturing response: https://streamsport365.com/cinema 200 
2026-06-05 22:44:54,840 [INFO] Capturing request: https://update.googleapis.com/service/update2/json?cup2key=16:28GDn5QZ5xyuaaeU2_cQGFzj1ksYGFges4TGoifda1Q&cup2hreq=10e456a3fa664cd2fed8e3a2281d475c9da717323d7e4d2833b6f5d87dbae353
2026-06-05 22:44:54,885 [INFO] Capturing response: https://update.googleapis.com/service/update2/json?cup2key=16:28GDn5QZ5xyuaaeU2_cQGFzj1ksYGFges4TGoifda1Q&cup2hreq=10e456a3fa664cd2fed8e3a2281d475c9da717323d7e4d2833b6f5d87dbae353 200 
2026-06-05 22:44:54,931 [INFO] Capturing request: http://edgedl.me.gvt1.com/edgedl/diffgen-puffin/gcmjkmgdlgnkkcocmoeiminaijmmjnii/71d926df14cb4c89c6f8f88e6c0bfcf6fe1e1a256ca7f8db04002a111af4c5b0
2026-06-05 22:44:54,944 [INFO] Capturing response: http://edgedl.me.gvt1.com/edgedl/diffgen-puffin/gcmjkmgdlgnkkcocmoeiminaijmmjnii/71d926df14cb4c89c6f8f88e6c0bfcf6fe1e1a256ca7f8db04002a111af4c5b0 200 OK
2026-06-05 22:44:54,966 [INFO] Capturing request: https://update.googleapis.com/service/update2/json
2026-06-05 22:44:54,992 [INFO] Capturing response: https://update.googleapis.com/service/update2/json 200 
2026-06-05 22:44:55,037 [INFO] Capturing request: http://edgedl.me.gvt1.com/edgedl/release2/chrome_component/mmx2wrqbw53baayi7vk6cm5464_10569/hfnkpimlhhgieaddgfemjhofmfblmnib_10569_all_oitnaztofbyoglonfq4665377i.crx3
2026-06-05 22:44:55,054 [INFO] Capturing response: http://edgedl.me.gvt1.com/edgedl/release2/chrome_component/mmx2wrqbw53baayi7vk6cm5464_10569/hfnkpimlhhgieaddgfemjhofmfblmnib_10569_all_oitnaztofbyoglonfq4665377i.crx3 200 OK
2026-06-05 22:44:55,081 [INFO] Capturing request: https://update.googleapis.com/service/update2/json
2026-06-05 22:44:55,107 [INFO] Capturing response: https://update.googleapis.com/service/update2/json 200 
2026-06-05 22:45:12,503 [WARNING]   ❌ beIN Sports 4 için M3U8 bulunamadı
2026-06-05 22:45:13,504 [INFO] 
[5/14]
2026-06-05 22:45:13,504 [INFO] 🔍 beIN Sports 5 → https://atomsportv506.top/matches?id=bein-sports-5
2026-06-05 22:45:13,635 [INFO] Capturing request: https://atomsportv506.top/matches?id=bein-sports-5
2026-06-05 22:45:14,347 [INFO] Capturing response: https://atomsportv506.top/matches?id=bein-sports-5 200 
2026-06-05 22:45:14,357 [INFO] Capturing request: https://atomsportv506.top/cdn-cgi/rum?
2026-06-05 22:45:14,378 [INFO] Capturing request: https://atomsportv506.top/cdn-cgi/rum?
2026-06-05 22:45:14,466 [INFO] Capturing response: https://atomsportv506.top/cdn-cgi/rum? 204 
2026-06-05 22:45:14,479 [INFO] Capturing request: https://atomsportv506.top/favicon.ico
2026-06-05 22:45:14,501 [INFO] Capturing request: https://teletv5.top/load/yayinlink.php?id=bein-sports-5
2026-06-05 22:45:14,527 [INFO] Capturing response: https://atomsportv506.top/cdn-cgi/rum? 204 
2026-06-05 22:45:14,533 [INFO] Capturing response: https://atomsportv506.top/favicon.ico 200 
2026-06-05 22:45:14,924 [INFO] Capturing response: https://teletv5.top/load/yayinlink.php?id=bein-sports-5 200 
2026-06-05 22:45:15,185 [INFO] Capturing request: https://streamsport365.com/cinema
2026-06-05 22:45:15,539 [INFO] Capturing response: https://streamsport365.com/cinema 200 
2026-06-05 22:45:24,274 [INFO] Capturing request: https://android.clients.google.com/c2dm/register3
2026-06-05 22:45:24,323 [INFO] Capturing response: https://android.clients.google.com/c2dm/register3 301 
2026-06-05 22:45:47,599 [WARNING]   ❌ beIN Sports 5 için M3U8 bulunamadı
2026-06-05 22:45:48,599 [INFO] 
[6/14]
2026-06-05 22:45:48,599 [INFO] 🔍 beIN Sports Max 1 → https://atomsportv506.top/matches?id=bein-sports-max-1
2026-06-05 22:45:48,706 [INFO] Capturing request: https://atomsportv506.top/assets/js/clappr.js
2026-06-05 22:45:48,708 [INFO] Capturing request: https://atomsportv506.top/matches?id=bein-sports-max-1
2026-06-05 22:45:48,735 [INFO] Capturing response: https://atomsportv506.top/assets/js/clappr.js 200 
2026-06-05 22:45:49,037 [INFO] Capturing response: https://atomsportv506.top/matches?id=bein-sports-max-1 200 
2026-06-05 22:45:49,045 [INFO] Capturing request: https://atomsportv506.top/cdn-cgi/rum?
2026-06-05 22:45:49,068 [INFO] Capturing request: https://atomsportv506.top/cdn-cgi/rum?
2026-06-05 22:45:49,168 [INFO] Capturing request: https://teletv5.top/load/yayinlink.php?id=bein-sports-max-1
2026-06-05 22:45:49,171 [INFO] Capturing request: https://atomsportv506.top/favicon.ico
2026-06-05 22:45:49,175 [INFO] Capturing response: https://atomsportv506.top/cdn-cgi/rum? 204 
2026-06-05 22:45:49,176 [INFO] Capturing response: https://atomsportv506.top/cdn-cgi/rum? 204 
2026-06-05 22:45:49,209 [INFO] Capturing response: https://atomsportv506.top/favicon.ico 200 
2026-06-05 22:45:49,319 [INFO] Capturing request: https://streamsport365.com/cinema
2026-06-05 22:45:49,374 [INFO] Capturing response: https://teletv5.top/load/yayinlink.php?id=bein-sports-max-1 200 
2026-06-05 22:45:49,674 [INFO] Capturing response: https://streamsport365.com/cinema 200 
2026-06-05 22:46:22,287 [WARNING]   ❌ beIN Sports Max 1 için M3U8 bulunamadı
2026-06-05 22:46:23,288 [INFO] 
[7/14]
2026-06-05 22:46:23,288 [INFO] 🔍 beIN Sports Max 2 → https://atomsportv506.top/matches?id=bein-sports-max-2
2026-06-05 22:46:23,394 [INFO] Capturing request: https://atomsportv506.top/assets/js/clappr.js
2026-06-05 22:46:23,396 [INFO] Capturing request: https://atomsportv506.top/matches?id=bein-sports-max-2
2026-06-05 22:46:23,414 [INFO] Capturing response: https://atomsportv506.top/assets/js/clappr.js 200 
2026-06-05 22:46:23,737 [INFO] Capturing response: https://atomsportv506.top/matches?id=bein-sports-max-2 200 
2026-06-05 22:46:23,744 [INFO] Capturing request: https://atomsportv506.top/cdn-cgi/rum?
2026-06-05 22:46:23,770 [INFO] Capturing request: https://atomsportv506.top/cdn-cgi/rum?
2026-06-05 22:46:23,853 [INFO] Capturing response: https://atomsportv506.top/cdn-cgi/rum? 204 
2026-06-05 22:46:23,868 [INFO] Capturing request: https://teletv5.top/load/yayinlink.php?id=bein-sports-max-2
2026-06-05 22:46:23,871 [INFO] Capturing request: https://atomsportv506.top/favicon.ico
2026-06-05 22:46:23,908 [INFO] Capturing response: https://atomsportv506.top/favicon.ico 200 
2026-06-05 22:46:23,918 [INFO] Capturing response: https://atomsportv506.top/cdn-cgi/rum? 204 
2026-06-05 22:46:24,020 [INFO] Capturing request: https://streamsport365.com/cinema
2026-06-05 22:46:24,073 [INFO] Capturing response: https://teletv5.top/load/yayinlink.php?id=bein-sports-max-2 200 
2026-06-05 22:46:24,375 [INFO] Capturing response: https://streamsport365.com/cinema 200 
2026-06-05 22:46:56,277 [INFO] Capturing request: https://android.clients.google.com/c2dm/register3
2026-06-05 22:46:56,331 [INFO] Capturing response: https://android.clients.google.com/c2dm/register3 301 
2026-06-05 22:46:56,989 [WARNING]   ❌ beIN Sports Max 2 için M3U8 bulunamadı
2026-06-05 22:46:57,989 [INFO] 
[8/14]
2026-06-05 22:46:57,989 [INFO] 🔍 S Sport → https://atomsportv506.top/matches?id=s-sport
2026-06-05 22:46:58,097 [INFO] Capturing request: https://atomsportv506.top/assets/js/clappr.js
2026-06-05 22:46:58,099 [INFO] Capturing request: https://atomsportv506.top/matches?id=s-sport
2026-06-05 22:46:58,113 [INFO] Capturing response: https://atomsportv506.top/assets/js/clappr.js 200 
2026-06-05 22:46:58,429 [INFO] Capturing response: https://atomsportv506.top/matches?id=s-sport 200 
2026-06-05 22:46:58,437 [INFO] Capturing request: https://atomsportv506.top/cdn-cgi/rum?
2026-06-05 22:46:58,458 [INFO] Capturing request: https://atomsportv506.top/cdn-cgi/rum?
2026-06-05 22:46:58,545 [INFO] Capturing response: https://atomsportv506.top/cdn-cgi/rum? 204 
2026-06-05 22:46:58,558 [INFO] Capturing request: https://atomsportv506.top/favicon.ico
2026-06-05 22:46:58,559 [INFO] Capturing request: https://teletv5.top/load/yayinlink.php?id=s-sport
2026-06-05 22:46:58,593 [INFO] Capturing response: https://atomsportv506.top/favicon.ico 200 
2026-06-05 22:46:58,605 [INFO] Capturing response: https://atomsportv506.top/cdn-cgi/rum? 204 
2026-06-05 22:46:58,714 [INFO] Capturing request: https://streamsport365.com/cinema
2026-06-05 22:46:58,767 [INFO] Capturing response: https://teletv5.top/load/yayinlink.php?id=s-sport 200 
2026-06-05 22:46:59,070 [INFO] Capturing response: https://streamsport365.com/cinema 200 
2026-06-05 22:46:59,219 [INFO] Capturing request: https://hlssssssssssssssssss.yedeklinksa35.workers.dev/https://corestream.ronaldovurdu.help//s-sportt/tracks-v1a1/mono.m3u8
2026-06-05 22:46:59,431 [INFO] Capturing response: https://hlssssssssssssssssss.yedeklinksa35.workers.dev/https://corestream.ronaldovurdu.help//s-sportt/tracks-v1a1/mono.m3u8 200 
2026-06-05 22:46:59,606 [INFO] Capturing request: https://ts.yedeklinksa35.workers.dev/s-sportt/tracks-v1a1/2026/06/05/22/46/46-06000.avif
2026-06-05 22:47:00,931 [INFO] Capturing response: https://ts.yedeklinksa35.workers.dev/s-sportt/tracks-v1a1/2026/06/05/22/46/46-06000.avif 200 
2026-06-05 22:47:01,142 [INFO] Capturing request: https://ts.yedeklinksa35.workers.dev/s-sportt/tracks-v1a1/2026/06/05/22/46/52-06000.avif
2026-06-05 22:47:01,437 [INFO] Capturing response: https://ts.yedeklinksa35.workers.dev/s-sportt/tracks-v1a1/2026/06/05/22/46/52-06000.avif 200 
2026-06-05 22:47:01,477 [INFO]   ✅ M3U8 bulundu: https://hlssssssssssssssssss.yedeklinksa35.workers.dev/https://corestream.ronaldovurdu.help//s-sportt/tracks-v1a1/mono.m3u8
2026-06-05 22:47:01,661 [INFO] Capturing request: https://ts.yedeklinksa35.workers.dev/s-sportt/tracks-v1a1/2026/06/05/22/46/58-06000.avif
2026-06-05 22:47:01,983 [INFO] Capturing response: https://ts.yedeklinksa35.workers.dev/s-sportt/tracks-v1a1/2026/06/05/22/46/58-06000.avif 200 
2026-06-05 22:47:02,477 [INFO] 
[9/14]
2026-06-05 22:47:02,477 [INFO] 🔍 S Sport 2 → https://atomsportv506.top/matches?id=s-sport-2
2026-06-05 22:47:02,585 [INFO] Capturing request: https://atomsportv506.top/assets/js/clappr.js
2026-06-05 22:47:02,587 [INFO] Capturing request: https://atomsportv506.top/matches?id=s-sport-2
2026-06-05 22:47:02,601 [INFO] Capturing response: https://atomsportv506.top/assets/js/clappr.js 200 
2026-06-05 22:47:02,647 [INFO] Capturing response: https://atomsportv506.top/matches?id=s-sport-2 200 
2026-06-05 22:47:02,658 [INFO] Capturing request: https://atomsportv506.top/cdn-cgi/rum?
2026-06-05 22:47:02,679 [INFO] Capturing request: https://streamsport365.com/cinema
2026-06-05 22:47:02,692 [INFO] Capturing request: https://atomsportv506.top/cdn-cgi/rum?
2026-06-05 22:47:02,765 [INFO] Capturing response: https://atomsportv506.top/cdn-cgi/rum? 204 
2026-06-05 22:47:02,778 [INFO] Capturing request: https://teletv5.top/load/yayinlink.php?id=s-sport-2
2026-06-05 22:47:02,792 [INFO] Capturing request: https://atomsportv506.top/favicon.ico
2026-06-05 22:47:02,831 [INFO] Capturing response: https://atomsportv506.top/favicon.ico 200 
2026-06-05 22:47:02,840 [INFO] Capturing response: https://atomsportv506.top/cdn-cgi/rum? 204 
2026-06-05 22:47:03,040 [INFO] Capturing response: https://streamsport365.com/cinema 200 
2026-06-05 22:47:03,084 [INFO] Capturing response: https://teletv5.top/load/yayinlink.php?id=s-sport-2 200 
2026-06-05 22:47:03,240 [INFO] Capturing request: https://hlssssssssssssssssss.yedeklinksa35.workers.dev/https://corestream.ronaldovurdu.help//s-sport2/tracks-v1a1/mono.m3u8
2026-06-05 22:47:03,424 [INFO] Capturing response: https://hlssssssssssssssssss.yedeklinksa35.workers.dev/https://corestream.ronaldovurdu.help//s-sport2/tracks-v1a1/mono.m3u8 200 
2026-06-05 22:47:03,533 [INFO] Capturing request: https://ts.yedeklinksa35.workers.dev/s-sport2/tracks-v1a1/2026/06/05/22/47/18-06000.avif
2026-06-05 22:47:03,913 [INFO] Capturing response: https://ts.yedeklinksa35.workers.dev/s-sport2/tracks-v1a1/2026/06/05/22/47/18-06000.avif 200 
2026-06-05 22:47:04,133 [INFO] Capturing request: https://ts.yedeklinksa35.workers.dev/s-sport2/tracks-v1a1/2026/06/05/22/47/24-06000.avif
2026-06-05 22:47:04,469 [INFO] Capturing response: https://ts.yedeklinksa35.workers.dev/s-sport2/tracks-v1a1/2026/06/05/22/47/24-06000.avif 200 
2026-06-05 22:47:04,678 [INFO] Capturing request: https://ts.yedeklinksa35.workers.dev/s-sport2/tracks-v1a1/2026/06/05/22/47/30-06000.avif
2026-06-05 22:47:05,040 [INFO] Capturing response: https://ts.yedeklinksa35.workers.dev/s-sport2/tracks-v1a1/2026/06/05/22/47/30-06000.avif 200 
2026-06-05 22:47:05,708 [INFO]   ✅ M3U8 bulundu: https://hlssssssssssssssssss.yedeklinksa35.workers.dev/https://corestream.ronaldovurdu.help//s-sport2/tracks-v1a1/mono.m3u8
2026-06-05 22:47:06,708 [INFO] 
[10/14]
2026-06-05 22:47:06,708 [INFO] 🔍 A Spor → https://atomsportv506.top/matches?id=a-spor
2026-06-05 22:47:06,818 [INFO] Capturing request: https://atomsportv506.top/assets/js/clappr.js
2026-06-05 22:47:06,819 [INFO] Capturing request: https://atomsportv506.top/matches?id=a-spor
2026-06-05 22:47:06,835 [INFO] Capturing response: https://atomsportv506.top/assets/js/clappr.js 200 
2026-06-05 22:47:06,883 [INFO] Capturing response: https://atomsportv506.top/matches?id=a-spor 200 
2026-06-05 22:47:06,891 [INFO] Capturing request: https://atomsportv506.top/cdn-cgi/rum?
2026-06-05 22:47:06,922 [INFO] Capturing request: https://atomsportv506.top/cdn-cgi/rum?
2026-06-05 22:47:06,998 [INFO] Capturing response: https://atomsportv506.top/cdn-cgi/rum? 204 
2026-06-05 22:47:07,015 [INFO] Capturing request: https://teletv5.top/load/yayinlink.php?id=a-spor
2026-06-05 22:47:07,024 [INFO] Capturing request: https://atomsportv506.top/favicon.ico
2026-06-05 22:47:07,060 [INFO] Capturing response: https://atomsportv506.top/favicon.ico 200 
2026-06-05 22:47:07,072 [INFO] Capturing response: https://atomsportv506.top/cdn-cgi/rum? 204 
2026-06-05 22:47:07,171 [INFO] Capturing request: https://streamsport365.com/cinema
2026-06-05 22:47:07,219 [INFO] Capturing response: https://teletv5.top/load/yayinlink.php?id=a-spor 200 
2026-06-05 22:47:07,530 [INFO] Capturing response: https://streamsport365.com/cinema 200 
2026-06-05 22:47:07,646 [INFO] Capturing request: https://hlssssssssssssssssss.yedeklinksa35.workers.dev/https://corestream.ronaldovurdu.help//aspor/tracks-v1a1/mono.m3u8
2026-06-05 22:47:07,833 [INFO] Capturing response: https://hlssssssssssssssssss.yedeklinksa35.workers.dev/https://corestream.ronaldovurdu.help//aspor/tracks-v1a1/mono.m3u8 404 
2026-06-05 22:47:09,938 [INFO]   ✅ M3U8 bulundu: https://hlssssssssssssssssss.yedeklinksa35.workers.dev/https://corestream.ronaldovurdu.help//aspor/tracks-v1a1/mono.m3u8
2026-06-05 22:47:10,938 [INFO] 
[11/14]
2026-06-05 22:47:10,938 [INFO] 🔍 Tivibu Spor 1 → https://atomsportv506.top/matches?id=tivibu-spor-1
2026-06-05 22:47:11,045 [INFO] Capturing request: https://atomsportv506.top/assets/js/clappr.js
2026-06-05 22:47:11,047 [INFO] Capturing request: https://atomsportv506.top/matches?id=tivibu-spor-1
2026-06-05 22:47:11,063 [INFO] Capturing response: https://atomsportv506.top/assets/js/clappr.js 200 
2026-06-05 22:47:11,099 [INFO] Capturing response: https://atomsportv506.top/matches?id=tivibu-spor-1 200 
2026-06-05 22:47:11,109 [INFO] Capturing request: https://atomsportv506.top/cdn-cgi/rum?
2026-06-05 22:47:11,128 [INFO] Capturing request: https://streamsport365.com/cinema
2026-06-05 22:47:11,132 [INFO] Capturing request: https://atomsportv506.top/cdn-cgi/rum?
2026-06-05 22:47:11,226 [INFO] Capturing request: https://teletv5.top/load/yayinlink.php?id=tivibu-spor-1
2026-06-05 22:47:11,231 [INFO] Capturing request: https://atomsportv506.top/favicon.ico
2026-06-05 22:47:11,240 [INFO] Capturing response: https://atomsportv506.top/cdn-cgi/rum? 204 
2026-06-05 22:47:11,241 [INFO] Capturing response: https://atomsportv506.top/cdn-cgi/rum? 204 
2026-06-05 22:47:11,285 [INFO] Capturing response: https://atomsportv506.top/favicon.ico 200 
2026-06-05 22:47:11,433 [INFO] Capturing response: https://teletv5.top/load/yayinlink.php?id=tivibu-spor-1 200 
2026-06-05 22:47:11,485 [INFO] Capturing response: https://streamsport365.com/cinema 200 
2026-06-05 22:47:44,351 [WARNING]   ❌ Tivibu Spor 1 için M3U8 bulunamadı
2026-06-05 22:47:45,351 [INFO] 
[12/14]
2026-06-05 22:47:45,352 [INFO] 🔍 Tivibu Spor 2 → https://atomsportv506.top/matches?id=tivibu-spor-2
2026-06-05 22:47:45,458 [INFO] Capturing request: https://atomsportv506.top/assets/js/clappr.js
2026-06-05 22:47:45,461 [INFO] Capturing request: https://atomsportv506.top/matches?id=tivibu-spor-2
2026-06-05 22:47:45,478 [INFO] Capturing response: https://atomsportv506.top/assets/js/clappr.js 200 
2026-06-05 22:47:45,785 [INFO] Capturing response: https://atomsportv506.top/matches?id=tivibu-spor-2 200 
2026-06-05 22:47:45,795 [INFO] Capturing request: https://atomsportv506.top/cdn-cgi/rum?
2026-06-05 22:47:45,820 [INFO] Capturing request: https://atomsportv506.top/cdn-cgi/rum?
2026-06-05 22:47:45,917 [INFO] Capturing request: https://teletv5.top/load/yayinlink.php?id=tivibu-spor-2
2026-06-05 22:47:45,920 [INFO] Capturing request: https://atomsportv506.top/favicon.ico
2026-06-05 22:47:45,926 [INFO] Capturing response: https://atomsportv506.top/cdn-cgi/rum? 204 
2026-06-05 22:47:45,927 [INFO] Capturing response: https://atomsportv506.top/cdn-cgi/rum? 204 
2026-06-05 22:47:45,957 [INFO] Capturing response: https://atomsportv506.top/favicon.ico 200 
2026-06-05 22:47:46,072 [INFO] Capturing request: https://streamsport365.com/cinema
2026-06-05 22:47:46,125 [INFO] Capturing response: https://teletv5.top/load/yayinlink.php?id=tivibu-spor-2 200 
2026-06-05 22:47:46,435 [INFO] Capturing response: https://streamsport365.com/cinema 200 
2026-06-05 22:48:19,040 [WARNING]   ❌ Tivibu Spor 2 için M3U8 bulunamadı
2026-06-05 22:48:20,041 [INFO] 
[13/14]
2026-06-05 22:48:20,041 [INFO] 🔍 Tivibu Spor 3 → https://atomsportv506.top/matches?id=tivibu-spor-3
2026-06-05 22:48:20,147 [INFO] Capturing request: https://atomsportv506.top/assets/js/clappr.js
2026-06-05 22:48:20,149 [INFO] Capturing request: https://atomsportv506.top/matches?id=tivibu-spor-3
2026-06-05 22:48:20,164 [INFO] Capturing response: https://atomsportv506.top/assets/js/clappr.js 200 
2026-06-05 22:48:20,482 [INFO] Capturing response: https://atomsportv506.top/matches?id=tivibu-spor-3 200 
2026-06-05 22:48:20,489 [INFO] Capturing request: https://atomsportv506.top/cdn-cgi/rum?
2026-06-05 22:48:20,518 [INFO] Capturing request: https://atomsportv506.top/cdn-cgi/rum?
2026-06-05 22:48:20,598 [INFO] Capturing response: https://atomsportv506.top/cdn-cgi/rum? 204 
2026-06-05 22:48:20,616 [INFO] Capturing request: https://teletv5.top/load/yayinlink.php?id=tivibu-spor-3
2026-06-05 22:48:20,621 [INFO] Capturing request: https://atomsportv506.top/favicon.ico
2026-06-05 22:48:20,664 [INFO] Capturing response: https://atomsportv506.top/favicon.ico 200 
2026-06-05 22:48:20,667 [INFO] Capturing response: https://atomsportv506.top/cdn-cgi/rum? 204 
2026-06-05 22:48:20,768 [INFO] Capturing request: https://streamsport365.com/cinema
2026-06-05 22:48:20,825 [INFO] Capturing response: https://teletv5.top/load/yayinlink.php?id=tivibu-spor-3 200 
2026-06-05 22:48:21,127 [INFO] Capturing response: https://streamsport365.com/cinema 200 
2026-06-05 22:48:53,739 [WARNING]   ❌ Tivibu Spor 3 için M3U8 bulunamadı
2026-06-05 22:48:54,739 [INFO] 
[14/14]
2026-06-05 22:48:54,739 [INFO] 🔍 Tivibu Spor 4 → https://atomsportv506.top/matches?id=tivibu-spor-4
2026-06-05 22:48:54,847 [INFO] Capturing request: https://atomsportv506.top/assets/js/clappr.js
2026-06-05 22:48:54,848 [INFO] Capturing request: https://atomsportv506.top/matches?id=tivibu-spor-4
2026-06-05 22:48:54,864 [INFO] Capturing response: https://atomsportv506.top/assets/js/clappr.js 200 
2026-06-05 22:48:55,183 [INFO] Capturing response: https://atomsportv506.top/matches?id=tivibu-spor-4 200 
2026-06-05 22:48:55,192 [INFO] Capturing request: https://atomsportv506.top/cdn-cgi/rum?
2026-06-05 22:48:55,220 [INFO] Capturing request: https://atomsportv506.top/cdn-cgi/rum?
2026-06-05 22:48:55,302 [INFO] Capturing response: https://atomsportv506.top/cdn-cgi/rum? 204 
2026-06-05 22:48:55,317 [INFO] Capturing request: https://teletv5.top/load/yayinlink.php?id=tivibu-spor-4
2026-06-05 22:48:55,322 [INFO] Capturing request: https://atomsportv506.top/favicon.ico
2026-06-05 22:48:55,358 [INFO] Capturing response: https://atomsportv506.top/favicon.ico 200 
2026-06-05 22:48:55,369 [INFO] Capturing response: https://atomsportv506.top/cdn-cgi/rum? 204 
2026-06-05 22:48:55,470 [INFO] Capturing request: https://streamsport365.com/cinema
2026-06-05 22:48:55,677 [INFO] Capturing response: https://teletv5.top/load/yayinlink.php?id=tivibu-spor-4 200 
2026-06-05 22:48:55,824 [INFO] Capturing response: https://streamsport365.com/cinema 200 
2026-06-05 22:49:28,444 [WARNING]   ❌ Tivibu Spor 4 için M3U8 bulunamadı
2026-06-05 22:49:29,506 [INFO] ✅ 5 kanal bulundu, playlist.m3u kaydedildi
