2026-06-27 05:32:53,529 [INFO] 🌐 BASE_URL: https://atomsportv508.top
2026-06-27 05:32:54,631 [INFO] Başlanıyor... 14 kanal taranacak
2026-06-27 05:32:54,631 [INFO] Using default request storage
2026-06-27 05:32:54,636 [INFO] Created proxy listening on 127.0.0.1:40685
2026-06-27 05:32:55,305 [INFO] Capturing request: http://clients2.google.com/time/1/current?cup2key=10:q0gJCOjh5A2oz0fcOKpt5l456xBONl3pmivT7wsuj8A&cup2hreq=e3b0c44298fc1c149afbf4c8996fb92427ae41e4649b934ca495991b7852b855
2026-06-27 05:32:55,357 [INFO] Capturing response: http://clients2.google.com/time/1/current?cup2key=10:q0gJCOjh5A2oz0fcOKpt5l456xBONl3pmivT7wsuj8A&cup2hreq=e3b0c44298fc1c149afbf4c8996fb92427ae41e4649b934ca495991b7852b855 200 OK
2026-06-27 05:32:55,461 [INFO] 
[1/14]
2026-06-27 05:32:55,462 [INFO] 🔍 beIN Sports 1 → https://atomsportv508.top/matches?id=bein-sports-1
2026-06-27 05:32:55,530 [INFO] Capturing request: https://accounts.google.com/ListAccounts?gpsia=1&source=ChromiumBrowser&json=standard&laf=b64bin
2026-06-27 05:32:55,531 [INFO] Capturing request: https://update.googleapis.com/service/update2/json?cup2key=16:WwGO17JxhUQr-9083kjLgnT2GnFwXtXXu4Ls62XX7R4&cup2hreq=9f4d09dd08b4615059e733cf4a4aa255936032dcb2a50cf781bc748f92683567
2026-06-27 05:32:55,648 [INFO] Capturing response: https://update.googleapis.com/service/update2/json?cup2key=16:WwGO17JxhUQr-9083kjLgnT2GnFwXtXXu4Ls62XX7R4&cup2hreq=9f4d09dd08b4615059e733cf4a4aa255936032dcb2a50cf781bc748f92683567 200 
2026-06-27 05:32:55,650 [INFO] Capturing request: https://atomsportv508.top/matches?id=bein-sports-1
2026-06-27 05:32:55,653 [INFO] Capturing response: https://accounts.google.com/ListAccounts?gpsia=1&source=ChromiumBrowser&json=standard&laf=b64bin 200 
2026-06-27 05:32:55,697 [INFO] Capturing request: https://update.googleapis.com/service/update2/json?cup2key=16:vdcteM5GDh9_VkNZ5lzCgNJyIfQz5oQWNvE6FZwqpYc&cup2hreq=14a55ffdef1827760a161a6dcd78d1c037d32bf574471d41752d291cb12e09f9
2026-06-27 05:32:55,727 [INFO] Capturing response: https://update.googleapis.com/service/update2/json?cup2key=16:vdcteM5GDh9_VkNZ5lzCgNJyIfQz5oQWNvE6FZwqpYc&cup2hreq=14a55ffdef1827760a161a6dcd78d1c037d32bf574471d41752d291cb12e09f9 200 
2026-06-27 05:32:55,755 [INFO] Capturing response: https://atomsportv508.top/matches?id=bein-sports-1 200 
2026-06-27 05:32:55,908 [INFO] Capturing request: https://atomsportv508.top/assets/js/clappr.js
2026-06-27 05:32:55,946 [INFO] Capturing response: https://atomsportv508.top/assets/js/clappr.js 200 
2026-06-27 05:32:55,954 [INFO] Capturing request: https://www.google.com/async/folae?async=_fmt:pb&udm=50&client_locale=en-US&client_country=ZZ
2026-06-27 05:32:55,977 [INFO] Capturing response: https://www.google.com/async/folae?async=_fmt:pb&udm=50&client_locale=en-US&client_country=ZZ 200 
2026-06-27 05:32:55,982 [INFO] Capturing request: https://cdn.jsdelivr.net/npm/@clappr/player@latest/dist/clappr.min.js
2026-06-27 05:32:55,983 [INFO] Capturing request: https://cdnjs.cloudflare.com/ajax/libs/jquery/3.2.1/jquery.min.js
2026-06-27 05:32:56,015 [INFO] Capturing response: https://cdnjs.cloudflare.com/ajax/libs/jquery/3.2.1/jquery.min.js 200 
2026-06-27 05:32:56,034 [INFO] Capturing response: https://cdn.jsdelivr.net/npm/@clappr/player@latest/dist/clappr.min.js 200 
2026-06-27 05:32:56,220 [INFO] Capturing request: https://static.cloudflareinsights.com/beacon.min.js/v833ccba57c9e4d2798f2e76cebdd09a11778172276447
2026-06-27 05:32:56,242 [INFO] Capturing response: https://static.cloudflareinsights.com/beacon.min.js/v833ccba57c9e4d2798f2e76cebdd09a11778172276447 200 
2026-06-27 05:32:56,302 [INFO] Capturing request: https://atomsportv508.top/cdn-cgi/rum?
2026-06-27 05:32:56,403 [INFO] Capturing request: https://atomsportv508.top/favicon.ico
2026-06-27 05:32:56,459 [INFO] Capturing response: https://atomsportv508.top/cdn-cgi/rum? 204 
2026-06-27 05:32:56,465 [INFO] Capturing response: https://atomsportv508.top/favicon.ico 200 
2026-06-27 05:32:56,489 [INFO] Capturing request: https://teletv5.top/load/yayinlink.php?id=bein-sports-1
2026-06-27 05:32:56,800 [INFO] Capturing response: https://teletv5.top/load/yayinlink.php?id=bein-sports-1 200 
2026-06-27 05:32:56,812 [INFO] Capturing request: https://streamsport365.com/cinema
2026-06-27 05:32:57,048 [INFO] Capturing response: https://streamsport365.com/cinema 200 
2026-06-27 05:32:57,181 [INFO] Capturing request: https://atomsportv508.top/assets/img/player_logo_6880e4e4c52ee.png
2026-06-27 05:32:57,238 [INFO] Capturing response: https://atomsportv508.top/assets/img/player_logo_6880e4e4c52ee.png 200 
2026-06-27 05:32:57,273 [INFO] Capturing request: https://hlssssssssssssssssss.yedeklinksa35.workers.dev/https://corestream.ronaldovurdu.help//trtspor/tracks-v1a1/mono.m3u8
2026-06-27 05:32:57,397 [INFO] Capturing response: https://hlssssssssssssssssss.yedeklinksa35.workers.dev/https://corestream.ronaldovurdu.help//trtspor/tracks-v1a1/mono.m3u8 200 
2026-06-27 05:32:57,631 [INFO] Capturing request: https://ts.yedeklinksa35.workers.dev/trtspor/tracks-v1a1/2026/06/27/05/32/49-06000.avif
2026-06-27 05:32:58,196 [INFO] Capturing response: https://ts.yedeklinksa35.workers.dev/trtspor/tracks-v1a1/2026/06/27/05/32/49-06000.avif 200 
2026-06-27 05:32:58,230 [INFO] Capturing request: https://android.clients.google.com/checkin
2026-06-27 05:32:58,340 [INFO] Capturing response: https://android.clients.google.com/checkin 200 
2026-06-27 05:32:58,393 [INFO] Capturing request: https://android.clients.google.com/c2dm/register3
2026-06-27 05:32:58,398 [INFO] Capturing request: https://android.clients.google.com/c2dm/register3
2026-06-27 05:32:58,399 [INFO] Capturing request: https://android.clients.google.com/c2dm/register3
2026-06-27 05:32:58,447 [INFO] Capturing request: https://ts.yedeklinksa35.workers.dev/trtspor/tracks-v1a1/2026/06/27/05/32/55-06000.avif
2026-06-27 05:32:58,489 [INFO] Capturing response: https://android.clients.google.com/c2dm/register3 301 
2026-06-27 05:32:58,937 [INFO] Capturing response: https://ts.yedeklinksa35.workers.dev/trtspor/tracks-v1a1/2026/06/27/05/32/55-06000.avif 200 
2026-06-27 05:32:58,943 [INFO] Capturing response: https://android.clients.google.com/c2dm/register3 200 
2026-06-27 05:32:58,972 [INFO] Capturing response: https://android.clients.google.com/c2dm/register3 200 
2026-06-27 05:32:59,139 [INFO] Capturing request: https://ts.yedeklinksa35.workers.dev/trtspor/tracks-v1a1/2026/06/27/05/33/01-06000.avif
2026-06-27 05:32:59,363 [INFO]   ✅ M3U8 bulundu: https://hlssssssssssssssssss.yedeklinksa35.workers.dev/https://corestream.ronaldovurdu.help//trtspor/tracks-v1a1/mono.m3u8
2026-06-27 05:32:59,656 [INFO] Capturing response: https://ts.yedeklinksa35.workers.dev/trtspor/tracks-v1a1/2026/06/27/05/33/01-06000.avif 200 
2026-06-27 05:33:00,364 [INFO] 
[2/14]
2026-06-27 05:33:00,364 [INFO] 🔍 beIN Sports 2 → https://atomsportv508.top/matches?id=bein-sports-2
2026-06-27 05:33:00,476 [INFO] Capturing request: https://atomsportv508.top/matches?id=bein-sports-2
2026-06-27 05:33:00,517 [INFO] Capturing response: https://atomsportv508.top/matches?id=bein-sports-2 200 
2026-06-27 05:33:00,529 [INFO] Capturing request: https://atomsportv508.top/cdn-cgi/rum?
2026-06-27 05:33:00,582 [INFO] Capturing request: https://streamsport365.com/cinema
2026-06-27 05:33:00,586 [INFO] Capturing request: https://atomsportv508.top/cdn-cgi/rum?
2026-06-27 05:33:00,674 [INFO] Capturing request: https://teletv5.top/load/yayinlink.php?id=bein-sports-2
2026-06-27 05:33:00,689 [INFO] Capturing request: https://atomsportv508.top/favicon.ico
2026-06-27 05:33:00,691 [INFO] Capturing response: https://atomsportv508.top/cdn-cgi/rum? 204 
2026-06-27 05:33:00,721 [INFO] Capturing response: https://atomsportv508.top/favicon.ico 200 
2026-06-27 05:33:00,744 [INFO] Capturing response: https://atomsportv508.top/cdn-cgi/rum? 204 
2026-06-27 05:33:00,826 [INFO] Capturing response: https://streamsport365.com/cinema 200 
2026-06-27 05:33:00,956 [INFO] Capturing response: https://teletv5.top/load/yayinlink.php?id=bein-sports-2 200 
2026-06-27 05:33:01,077 [INFO] Capturing request: https://hlssssssssssssssssss.yedeklinksa35.workers.dev/https://corestream.ronaldovurdu.help//bein2/tracks-v1a1/mono.m3u8
2026-06-27 05:33:01,202 [INFO] Capturing response: https://hlssssssssssssssssss.yedeklinksa35.workers.dev/https://corestream.ronaldovurdu.help//bein2/tracks-v1a1/mono.m3u8 200 
2026-06-27 05:33:01,311 [INFO] Capturing request: https://ts.yedeklinksa35.workers.dev/bein2/tracks-v1a1/2026/06/27/05/34/00-10000.avif
2026-06-27 05:33:01,890 [INFO] Capturing response: https://ts.yedeklinksa35.workers.dev/bein2/tracks-v1a1/2026/06/27/05/34/00-10000.avif 200 
2026-06-27 05:33:02,101 [INFO] Capturing request: https://ts.yedeklinksa35.workers.dev/bein2/tracks-v1a1/2026/06/27/05/34/10-10000.avif
2026-06-27 05:33:02,476 [INFO] Capturing response: https://ts.yedeklinksa35.workers.dev/bein2/tracks-v1a1/2026/06/27/05/34/10-10000.avif 200 
2026-06-27 05:33:02,677 [INFO] Capturing request: https://ts.yedeklinksa35.workers.dev/bein2/tracks-v1a1/2026/06/27/05/34/20-07920.avif
2026-06-27 05:33:02,997 [INFO] Capturing response: https://ts.yedeklinksa35.workers.dev/bein2/tracks-v1a1/2026/06/27/05/34/20-07920.avif 200 
2026-06-27 05:33:03,182 [INFO] Capturing request: https://ts.yedeklinksa35.workers.dev/bein2/tracks-v1a1/2026/06/27/05/34/27-06720.avif
2026-06-27 05:33:03,482 [INFO] Capturing response: https://ts.yedeklinksa35.workers.dev/bein2/tracks-v1a1/2026/06/27/05/34/27-06720.avif 200 
2026-06-27 05:33:03,602 [INFO]   ✅ M3U8 bulundu: https://hlssssssssssssssssss.yedeklinksa35.workers.dev/https://corestream.ronaldovurdu.help//bein2/tracks-v1a1/mono.m3u8
2026-06-27 05:33:04,603 [INFO] 
[3/14]
2026-06-27 05:33:04,603 [INFO] 🔍 beIN Sports 3 → https://atomsportv508.top/matches?id=bein-sports-3
2026-06-27 05:33:04,714 [INFO] Capturing request: https://atomsportv508.top/assets/js/clappr.js
2026-06-27 05:33:04,716 [INFO] Capturing request: https://atomsportv508.top/matches?id=bein-sports-3
2026-06-27 05:33:04,734 [INFO] Capturing response: https://atomsportv508.top/assets/js/clappr.js 200 
2026-06-27 05:33:04,771 [INFO] Capturing response: https://atomsportv508.top/matches?id=bein-sports-3 200 
2026-06-27 05:33:04,782 [INFO] Capturing request: https://atomsportv508.top/cdn-cgi/rum?
2026-06-27 05:33:04,810 [INFO] Capturing request: https://atomsportv508.top/cdn-cgi/rum?
2026-06-27 05:33:04,910 [INFO] Capturing request: https://atomsportv508.top/favicon.ico
2026-06-27 05:33:04,911 [INFO] Capturing request: https://teletv5.top/load/yayinlink.php?id=bein-sports-3
2026-06-27 05:33:04,922 [INFO] Capturing response: https://atomsportv508.top/cdn-cgi/rum? 204 
2026-06-27 05:33:04,924 [INFO] Capturing response: https://atomsportv508.top/cdn-cgi/rum? 204 
2026-06-27 05:33:04,946 [INFO] Capturing response: https://atomsportv508.top/favicon.ico 200 
2026-06-27 05:33:05,001 [INFO] Capturing request: https://streamsport365.com/cinema
2026-06-27 05:33:05,069 [INFO] Capturing response: https://teletv5.top/load/yayinlink.php?id=bein-sports-3 200 
2026-06-27 05:33:05,243 [INFO] Capturing response: https://streamsport365.com/cinema 200 
2026-06-27 05:33:24,249 [INFO] Capturing request: https://android.clients.google.com/c2dm/register3
2026-06-27 05:33:24,288 [INFO] Capturing response: https://android.clients.google.com/c2dm/register3 301 
2026-06-27 05:33:38,123 [WARNING]   ❌ beIN Sports 3 için M3U8 bulunamadı
2026-06-27 05:33:39,124 [INFO] 
[4/14]
2026-06-27 05:33:39,124 [INFO] 🔍 beIN Sports 4 → https://atomsportv508.top/matches?id=bein-sports-4
2026-06-27 05:33:39,233 [INFO] Capturing request: https://atomsportv508.top/assets/js/clappr.js
2026-06-27 05:33:39,235 [INFO] Capturing request: https://atomsportv508.top/matches?id=bein-sports-4
2026-06-27 05:33:39,259 [INFO] Capturing response: https://atomsportv508.top/assets/js/clappr.js 200 
2026-06-27 05:33:39,702 [INFO] Capturing response: https://atomsportv508.top/matches?id=bein-sports-4 200 
2026-06-27 05:33:39,710 [INFO] Capturing request: https://atomsportv508.top/cdn-cgi/rum?
2026-06-27 05:33:39,740 [INFO] Capturing request: https://atomsportv508.top/cdn-cgi/rum?
2026-06-27 05:33:39,826 [INFO] Capturing response: https://atomsportv508.top/cdn-cgi/rum? 204 
2026-06-27 05:33:39,839 [INFO] Capturing request: https://teletv5.top/load/yayinlink.php?id=bein-sports-4
2026-06-27 05:33:39,841 [INFO] Capturing request: https://atomsportv508.top/favicon.ico
2026-06-27 05:33:39,876 [INFO] Capturing response: https://atomsportv508.top/favicon.ico 200 
2026-06-27 05:33:39,896 [INFO] Capturing response: https://atomsportv508.top/cdn-cgi/rum? 204 
2026-06-27 05:33:39,932 [INFO] Capturing request: https://streamsport365.com/cinema
2026-06-27 05:33:39,999 [INFO] Capturing response: https://teletv5.top/load/yayinlink.php?id=bein-sports-4 200 
2026-06-27 05:33:40,168 [INFO] Capturing response: https://streamsport365.com/cinema 200 
2026-06-27 05:33:55,311 [INFO] Capturing request: https://update.googleapis.com/service/update2/json?cup2key=16:dxjhOCJniFrGb6ioiIECeAWaUl9_VGAFaR7rN4HOiCs&cup2hreq=47953fc8a32d95f86a3148f50e6bb9c3f537d66b8746eb800f3e6cf1a438bd0f
2026-06-27 05:33:55,344 [INFO] Capturing response: https://update.googleapis.com/service/update2/json?cup2key=16:dxjhOCJniFrGb6ioiIECeAWaUl9_VGAFaR7rN4HOiCs&cup2hreq=47953fc8a32d95f86a3148f50e6bb9c3f537d66b8746eb800f3e6cf1a438bd0f 200 
2026-06-27 05:33:55,351 [INFO] Capturing request: http://edgedl.me.gvt1.com/edgedl/diffgen-puffin/gcmjkmgdlgnkkcocmoeiminaijmmjnii/df2a22d5ecc7788c3330ebd5f856b41531c74f412a01ed7453d11284708009fe
2026-06-27 05:33:55,409 [INFO] Capturing response: http://edgedl.me.gvt1.com/edgedl/diffgen-puffin/gcmjkmgdlgnkkcocmoeiminaijmmjnii/df2a22d5ecc7788c3330ebd5f856b41531c74f412a01ed7453d11284708009fe 200 OK
2026-06-27 05:33:55,437 [INFO] Capturing request: https://update.googleapis.com/service/update2/json
2026-06-27 05:33:55,468 [INFO] Capturing response: https://update.googleapis.com/service/update2/json 200 
2026-06-27 05:33:55,512 [INFO] Capturing request: http://edgedl.me.gvt1.com/edgedl/release2/chrome_component/aczn23x7a4hufvrqvylbshal5qea_10611/hfnkpimlhhgieaddgfemjhofmfblmnib_10611_all_acoldmqvwwscwkxv2ej3gcpge7wa.crx3
2026-06-27 05:33:55,611 [INFO] Capturing response: http://edgedl.me.gvt1.com/edgedl/release2/chrome_component/aczn23x7a4hufvrqvylbshal5qea_10611/hfnkpimlhhgieaddgfemjhofmfblmnib_10611_all_acoldmqvwwscwkxv2ej3gcpge7wa.crx3 200 OK
2026-06-27 05:33:55,642 [INFO] Capturing request: https://update.googleapis.com/service/update2/json
2026-06-27 05:33:55,667 [INFO] Capturing response: https://update.googleapis.com/service/update2/json 200 
2026-06-27 05:34:13,031 [WARNING]   ❌ beIN Sports 4 için M3U8 bulunamadı
2026-06-27 05:34:14,031 [INFO] 
[5/14]
2026-06-27 05:34:14,032 [INFO] 🔍 beIN Sports 5 → https://atomsportv508.top/matches?id=bein-sports-5
2026-06-27 05:34:14,198 [INFO] Capturing request: https://atomsportv508.top/matches?id=bein-sports-5
2026-06-27 05:34:14,203 [INFO] Capturing request: https://atomsportv508.top/assets/js/clappr.js
2026-06-27 05:34:14,229 [INFO] Capturing response: https://atomsportv508.top/assets/js/clappr.js 200 
2026-06-27 05:34:14,776 [INFO] Capturing response: https://atomsportv508.top/matches?id=bein-sports-5 200 
2026-06-27 05:34:14,785 [INFO] Capturing request: https://atomsportv508.top/cdn-cgi/rum?
2026-06-27 05:34:14,814 [INFO] Capturing request: https://atomsportv508.top/cdn-cgi/rum?
2026-06-27 05:34:14,914 [INFO] Capturing request: https://atomsportv508.top/favicon.ico
2026-06-27 05:34:14,936 [INFO] Capturing response: https://atomsportv508.top/cdn-cgi/rum? 204 
2026-06-27 05:34:14,937 [INFO] Capturing response: https://atomsportv508.top/cdn-cgi/rum? 204 
2026-06-27 05:34:14,955 [INFO] Capturing response: https://atomsportv508.top/favicon.ico 200 
2026-06-27 05:34:14,962 [INFO] Capturing request: https://teletv5.top/load/yayinlink.php?id=bein-sports-5
2026-06-27 05:34:15,116 [INFO] Capturing response: https://teletv5.top/load/yayinlink.php?id=bein-sports-5 200 
2026-06-27 05:34:15,347 [INFO] Capturing request: https://streamsport365.com/cinema
2026-06-27 05:34:15,580 [INFO] Capturing response: https://streamsport365.com/cinema 200 
2026-06-27 05:34:24,116 [INFO] Capturing request: https://android.clients.google.com/c2dm/register3
2026-06-27 05:34:24,161 [INFO] Capturing response: https://android.clients.google.com/c2dm/register3 301 
2026-06-27 05:34:48,091 [WARNING]   ❌ beIN Sports 5 için M3U8 bulunamadı
2026-06-27 05:34:49,091 [INFO] 
[6/14]
2026-06-27 05:34:49,091 [INFO] 🔍 beIN Sports Max 1 → https://atomsportv508.top/matches?id=bein-sports-max-1
2026-06-27 05:34:49,201 [INFO] Capturing request: https://atomsportv508.top/assets/js/clappr.js
2026-06-27 05:34:49,202 [INFO] Capturing request: https://atomsportv508.top/matches?id=bein-sports-max-1
2026-06-27 05:34:49,224 [INFO] Capturing response: https://atomsportv508.top/assets/js/clappr.js 200 
2026-06-27 05:34:49,463 [INFO] Capturing response: https://atomsportv508.top/matches?id=bein-sports-max-1 200 
2026-06-27 05:34:49,472 [INFO] Capturing request: https://atomsportv508.top/cdn-cgi/rum?
2026-06-27 05:34:49,500 [INFO] Capturing request: https://atomsportv508.top/cdn-cgi/rum?
2026-06-27 05:34:49,588 [INFO] Capturing response: https://atomsportv508.top/cdn-cgi/rum? 204 
2026-06-27 05:34:49,598 [INFO] Capturing request: https://teletv5.top/load/yayinlink.php?id=bein-sports-max-1
2026-06-27 05:34:49,604 [INFO] Capturing request: https://atomsportv508.top/favicon.ico
2026-06-27 05:34:49,641 [INFO] Capturing response: https://atomsportv508.top/favicon.ico 200 
2026-06-27 05:34:49,657 [INFO] Capturing response: https://atomsportv508.top/cdn-cgi/rum? 204 
2026-06-27 05:34:49,692 [INFO] Capturing request: https://streamsport365.com/cinema
2026-06-27 05:34:49,755 [INFO] Capturing response: https://teletv5.top/load/yayinlink.php?id=bein-sports-max-1 200 
2026-06-27 05:34:49,935 [INFO] Capturing response: https://streamsport365.com/cinema 200 
2026-06-27 05:35:22,775 [WARNING]   ❌ beIN Sports Max 1 için M3U8 bulunamadı
2026-06-27 05:35:23,775 [INFO] 
[7/14]
2026-06-27 05:35:23,775 [INFO] 🔍 beIN Sports Max 2 → https://atomsportv508.top/matches?id=bein-sports-max-2
2026-06-27 05:35:23,883 [INFO] Capturing request: https://atomsportv508.top/assets/js/clappr.js
2026-06-27 05:35:23,886 [INFO] Capturing request: https://atomsportv508.top/matches?id=bein-sports-max-2
2026-06-27 05:35:23,906 [INFO] Capturing response: https://atomsportv508.top/assets/js/clappr.js 200 
2026-06-27 05:35:24,154 [INFO] Capturing response: https://atomsportv508.top/matches?id=bein-sports-max-2 200 
2026-06-27 05:35:24,164 [INFO] Capturing request: https://atomsportv508.top/cdn-cgi/rum?
2026-06-27 05:35:24,205 [INFO] Capturing request: https://atomsportv508.top/cdn-cgi/rum?
2026-06-27 05:35:24,280 [INFO] Capturing response: https://atomsportv508.top/cdn-cgi/rum? 204 
2026-06-27 05:35:24,293 [INFO] Capturing request: https://teletv5.top/load/yayinlink.php?id=bein-sports-max-2
2026-06-27 05:35:24,306 [INFO] Capturing request: https://atomsportv508.top/favicon.ico
2026-06-27 05:35:24,349 [INFO] Capturing response: https://atomsportv508.top/favicon.ico 200 
2026-06-27 05:35:24,364 [INFO] Capturing response: https://atomsportv508.top/cdn-cgi/rum? 204 
2026-06-27 05:35:24,391 [INFO] Capturing request: https://streamsport365.com/cinema
2026-06-27 05:35:24,444 [INFO] Capturing response: https://teletv5.top/load/yayinlink.php?id=bein-sports-max-2 200 
2026-06-27 05:35:24,629 [INFO] Capturing response: https://streamsport365.com/cinema 200 
2026-06-27 05:35:45,963 [INFO] Capturing request: https://android.clients.google.com/c2dm/register3
2026-06-27 05:35:46,009 [INFO] Capturing response: https://android.clients.google.com/c2dm/register3 301 
2026-06-27 05:35:57,485 [WARNING]   ❌ beIN Sports Max 2 için M3U8 bulunamadı
2026-06-27 05:35:58,485 [INFO] 
[8/14]
2026-06-27 05:35:58,486 [INFO] 🔍 S Sport → https://atomsportv508.top/matches?id=s-sport
2026-06-27 05:35:58,594 [INFO] Capturing request: https://atomsportv508.top/assets/js/clappr.js
2026-06-27 05:35:58,596 [INFO] Capturing request: https://atomsportv508.top/matches?id=s-sport
2026-06-27 05:35:58,622 [INFO] Capturing response: https://atomsportv508.top/assets/js/clappr.js 200 
2026-06-27 05:35:58,856 [INFO] Capturing response: https://atomsportv508.top/matches?id=s-sport 200 
2026-06-27 05:35:58,865 [INFO] Capturing request: https://atomsportv508.top/cdn-cgi/rum?
2026-06-27 05:35:58,899 [INFO] Capturing request: https://atomsportv508.top/cdn-cgi/rum?
2026-06-27 05:35:58,982 [INFO] Capturing response: https://atomsportv508.top/cdn-cgi/rum? 204 
2026-06-27 05:35:58,994 [INFO] Capturing request: https://teletv5.top/load/yayinlink.php?id=s-sport
2026-06-27 05:35:59,001 [INFO] Capturing request: https://atomsportv508.top/favicon.ico
2026-06-27 05:35:59,037 [INFO] Capturing response: https://atomsportv508.top/favicon.ico 200 
2026-06-27 05:35:59,056 [INFO] Capturing response: https://atomsportv508.top/cdn-cgi/rum? 204 
2026-06-27 05:35:59,089 [INFO] Capturing request: https://streamsport365.com/cinema
2026-06-27 05:35:59,148 [INFO] Capturing response: https://teletv5.top/load/yayinlink.php?id=s-sport 200 
2026-06-27 05:35:59,336 [INFO] Capturing response: https://streamsport365.com/cinema 200 
2026-06-27 05:35:59,498 [INFO] Capturing request: https://hlssssssssssssssssss.yedeklinksa35.workers.dev/https://corestream.ronaldovurdu.help//s-sportt/tracks-v1a1/mono.m3u8
2026-06-27 05:35:59,658 [INFO] Capturing response: https://hlssssssssssssssssss.yedeklinksa35.workers.dev/https://corestream.ronaldovurdu.help//s-sportt/tracks-v1a1/mono.m3u8 200 
2026-06-27 05:35:59,850 [INFO] Capturing request: https://ts.yedeklinksa35.workers.dev/s-sportt/tracks-v1a1/2026/06/27/05/35/38-06000.avif
2026-06-27 05:36:00,583 [INFO] Capturing response: https://ts.yedeklinksa35.workers.dev/s-sportt/tracks-v1a1/2026/06/27/05/35/38-06000.avif 200 
2026-06-27 05:36:00,840 [INFO] Capturing request: https://ts.yedeklinksa35.workers.dev/s-sportt/tracks-v1a1/2026/06/27/05/35/44-06000.avif
2026-06-27 05:36:01,623 [INFO] Capturing response: https://ts.yedeklinksa35.workers.dev/s-sportt/tracks-v1a1/2026/06/27/05/35/44-06000.avif 200 
2026-06-27 05:36:01,831 [INFO] Capturing request: https://ts.yedeklinksa35.workers.dev/s-sportt/tracks-v1a1/2026/06/27/05/35/50-06000.avif
2026-06-27 05:36:01,921 [INFO]   ✅ M3U8 bulundu: https://hlssssssssssssssssss.yedeklinksa35.workers.dev/https://corestream.ronaldovurdu.help//s-sportt/tracks-v1a1/mono.m3u8
2026-06-27 05:36:02,299 [INFO] Capturing response: https://ts.yedeklinksa35.workers.dev/s-sportt/tracks-v1a1/2026/06/27/05/35/50-06000.avif 200 
2026-06-27 05:36:02,922 [INFO] 
[9/14]
2026-06-27 05:36:02,922 [INFO] 🔍 S Sport 2 → https://atomsportv508.top/matches?id=s-sport-2
2026-06-27 05:36:03,033 [INFO] Capturing request: https://atomsportv508.top/assets/js/clappr.js
2026-06-27 05:36:03,034 [INFO] Capturing request: https://atomsportv508.top/matches?id=s-sport-2
2026-06-27 05:36:03,061 [INFO] Capturing response: https://atomsportv508.top/assets/js/clappr.js 200 
2026-06-27 05:36:03,109 [INFO] Capturing response: https://atomsportv508.top/matches?id=s-sport-2 200 
2026-06-27 05:36:03,120 [INFO] Capturing request: https://atomsportv508.top/cdn-cgi/rum?
2026-06-27 05:36:03,153 [INFO] Capturing request: https://streamsport365.com/cinema
2026-06-27 05:36:03,165 [INFO] Capturing request: https://atomsportv508.top/cdn-cgi/rum?
2026-06-27 05:36:03,237 [INFO] Capturing response: https://atomsportv508.top/cdn-cgi/rum? 204 
2026-06-27 05:36:03,263 [INFO] Capturing request: https://teletv5.top/load/yayinlink.php?id=s-sport-2
2026-06-27 05:36:03,270 [INFO] Capturing request: https://atomsportv508.top/favicon.ico
2026-06-27 05:36:03,310 [INFO] Capturing response: https://atomsportv508.top/favicon.ico 200 
2026-06-27 05:36:03,323 [INFO] Capturing response: https://atomsportv508.top/cdn-cgi/rum? 204 
2026-06-27 05:36:03,406 [INFO] Capturing response: https://streamsport365.com/cinema 200 
2026-06-27 05:36:03,413 [INFO] Capturing response: https://teletv5.top/load/yayinlink.php?id=s-sport-2 200 
2026-06-27 05:36:03,575 [INFO] Capturing request: https://hlssssssssssssssssss.yedeklinksa35.workers.dev/https://corestream.ronaldovurdu.help//s-sport2/tracks-v1a1/mono.m3u8
2026-06-27 05:36:03,707 [INFO] Capturing response: https://hlssssssssssssssssss.yedeklinksa35.workers.dev/https://corestream.ronaldovurdu.help//s-sport2/tracks-v1a1/mono.m3u8 200 
2026-06-27 05:36:03,817 [INFO] Capturing request: https://ts.yedeklinksa35.workers.dev/s-sport2/tracks-v1a1/2026/06/27/05/35/52-10000.avif
2026-06-27 05:36:04,625 [INFO] Capturing response: https://ts.yedeklinksa35.workers.dev/s-sport2/tracks-v1a1/2026/06/27/05/35/52-10000.avif 200 
2026-06-27 05:36:04,883 [INFO] Capturing request: https://ts.yedeklinksa35.workers.dev/s-sport2/tracks-v1a1/2026/06/27/05/36/02-10000.avif
2026-06-27 05:36:05,553 [INFO] Capturing response: https://ts.yedeklinksa35.workers.dev/s-sport2/tracks-v1a1/2026/06/27/05/36/02-10000.avif 200 
2026-06-27 05:36:05,801 [INFO] Capturing request: https://ts.yedeklinksa35.workers.dev/s-sport2/tracks-v1a1/2026/06/27/05/36/12-10000.avif
2026-06-27 05:36:06,187 [INFO]   ✅ M3U8 bulundu: https://hlssssssssssssssssss.yedeklinksa35.workers.dev/https://corestream.ronaldovurdu.help//s-sport2/tracks-v1a1/mono.m3u8
2026-06-27 05:36:06,549 [INFO] Capturing response: https://ts.yedeklinksa35.workers.dev/s-sport2/tracks-v1a1/2026/06/27/05/36/12-10000.avif 200 
2026-06-27 05:36:07,188 [INFO] 
[10/14]
2026-06-27 05:36:07,188 [INFO] 🔍 A Spor → https://atomsportv508.top/matches?id=a-spor
2026-06-27 05:36:07,304 [INFO] Capturing request: https://atomsportv508.top/matches?id=a-spor
2026-06-27 05:36:07,304 [INFO] Capturing request: https://atomsportv508.top/assets/js/clappr.js
2026-06-27 05:36:07,358 [INFO] Capturing response: https://atomsportv508.top/matches?id=a-spor 200 
2026-06-27 05:36:07,367 [INFO] Capturing request: https://atomsportv508.top/cdn-cgi/rum?
2026-06-27 05:36:07,375 [INFO] Capturing response: https://atomsportv508.top/assets/js/clappr.js 200 
2026-06-27 05:36:07,397 [INFO] Capturing request: https://atomsportv508.top/cdn-cgi/rum?
2026-06-27 05:36:07,493 [INFO] Capturing request: https://teletv5.top/load/yayinlink.php?id=a-spor
2026-06-27 05:36:07,500 [INFO] Capturing request: https://atomsportv508.top/favicon.ico
2026-06-27 05:36:07,509 [INFO] Capturing response: https://atomsportv508.top/cdn-cgi/rum? 204 
2026-06-27 05:36:07,514 [INFO] Capturing response: https://atomsportv508.top/cdn-cgi/rum? 204 
2026-06-27 05:36:07,538 [INFO] Capturing response: https://atomsportv508.top/favicon.ico 200 
2026-06-27 05:36:07,587 [INFO] Capturing request: https://streamsport365.com/cinema
2026-06-27 05:36:07,646 [INFO] Capturing response: https://teletv5.top/load/yayinlink.php?id=a-spor 200 
2026-06-27 05:36:07,822 [INFO] Capturing response: https://streamsport365.com/cinema 200 
2026-06-27 05:36:07,940 [INFO] Capturing request: https://hlssssssssssssssssss.yedeklinksa35.workers.dev/https://corestream.ronaldovurdu.help//aspor/tracks-v1a1/mono.m3u8
2026-06-27 05:36:08,071 [INFO] Capturing response: https://hlssssssssssssssssss.yedeklinksa35.workers.dev/https://corestream.ronaldovurdu.help//aspor/tracks-v1a1/mono.m3u8 200 
2026-06-27 05:36:08,181 [INFO] Capturing request: https://ts.yedeklinksa35.workers.dev/aspor/tracks-v1a1/2026/06/27/05/35/32-10000.avif
2026-06-27 05:36:09,005 [INFO] Capturing response: https://ts.yedeklinksa35.workers.dev/aspor/tracks-v1a1/2026/06/27/05/35/32-10000.avif 200 
2026-06-27 05:36:09,290 [INFO] Capturing request: https://ts.yedeklinksa35.workers.dev/aspor/tracks-v1a1/2026/06/27/05/35/42-10000.avif
2026-06-27 05:36:10,242 [INFO] Capturing response: https://ts.yedeklinksa35.workers.dev/aspor/tracks-v1a1/2026/06/27/05/35/42-10000.avif 200 
2026-06-27 05:36:10,418 [INFO]   ✅ M3U8 bulundu: https://hlssssssssssssssssss.yedeklinksa35.workers.dev/https://corestream.ronaldovurdu.help//aspor/tracks-v1a1/mono.m3u8
2026-06-27 05:36:10,522 [INFO] Capturing request: https://ts.yedeklinksa35.workers.dev/aspor/tracks-v1a1/2026/06/27/05/35/52-10000.avif
2026-06-27 05:36:11,370 [INFO] Capturing response: https://ts.yedeklinksa35.workers.dev/aspor/tracks-v1a1/2026/06/27/05/35/52-10000.avif 200 
2026-06-27 05:36:11,419 [INFO] 
[11/14]
2026-06-27 05:36:11,419 [INFO] 🔍 Tivibu Spor 1 → https://atomsportv508.top/matches?id=tivibu-spor-1
2026-06-27 05:36:11,549 [INFO] Capturing request: https://atomsportv508.top/matches?id=tivibu-spor-1
2026-06-27 05:36:11,550 [INFO] Capturing request: https://atomsportv508.top/assets/js/clappr.js
2026-06-27 05:36:11,595 [INFO] Capturing response: https://atomsportv508.top/matches?id=tivibu-spor-1 200 
2026-06-27 05:36:11,605 [INFO] Capturing request: https://atomsportv508.top/cdn-cgi/rum?
2026-06-27 05:36:11,613 [INFO] Capturing response: https://atomsportv508.top/assets/js/clappr.js 200 
2026-06-27 05:36:11,640 [INFO] Capturing request: https://streamsport365.com/cinema
2026-06-27 05:36:11,643 [INFO] Capturing request: https://atomsportv508.top/cdn-cgi/rum?
2026-06-27 05:36:11,738 [INFO] Capturing request: https://teletv5.top/load/yayinlink.php?id=tivibu-spor-1
2026-06-27 05:36:11,750 [INFO] Capturing request: https://atomsportv508.top/favicon.ico
2026-06-27 05:36:11,754 [INFO] Capturing response: https://atomsportv508.top/cdn-cgi/rum? 204 
2026-06-27 05:36:11,758 [INFO] Capturing response: https://atomsportv508.top/cdn-cgi/rum? 204 
2026-06-27 05:36:11,789 [INFO] Capturing response: https://atomsportv508.top/favicon.ico 200 
2026-06-27 05:36:11,892 [INFO] Capturing response: https://streamsport365.com/cinema 200 
2026-06-27 05:36:11,895 [INFO] Capturing response: https://teletv5.top/load/yayinlink.php?id=tivibu-spor-1 200 
2026-06-27 05:36:44,924 [WARNING]   ❌ Tivibu Spor 1 için M3U8 bulunamadı
2026-06-27 05:36:45,924 [INFO] 
[12/14]
2026-06-27 05:36:45,925 [INFO] 🔍 Tivibu Spor 2 → https://atomsportv508.top/matches?id=tivibu-spor-2
2026-06-27 05:36:46,036 [INFO] Capturing request: https://atomsportv508.top/matches?id=tivibu-spor-2
2026-06-27 05:36:46,037 [INFO] Capturing request: https://atomsportv508.top/assets/js/clappr.js
2026-06-27 05:36:46,108 [INFO] Capturing response: https://atomsportv508.top/assets/js/clappr.js 200 
2026-06-27 05:36:46,278 [INFO] Capturing response: https://atomsportv508.top/matches?id=tivibu-spor-2 200 
2026-06-27 05:36:46,288 [INFO] Capturing request: https://atomsportv508.top/cdn-cgi/rum?
2026-06-27 05:36:46,320 [INFO] Capturing request: https://atomsportv508.top/cdn-cgi/rum?
2026-06-27 05:36:46,416 [INFO] Capturing request: https://teletv5.top/load/yayinlink.php?id=tivibu-spor-2
2026-06-27 05:36:46,421 [INFO] Capturing request: https://atomsportv508.top/favicon.ico
2026-06-27 05:36:46,431 [INFO] Capturing response: https://atomsportv508.top/cdn-cgi/rum? 204 
2026-06-27 05:36:46,436 [INFO] Capturing response: https://atomsportv508.top/cdn-cgi/rum? 204 
2026-06-27 05:36:46,468 [INFO] Capturing response: https://atomsportv508.top/favicon.ico 200 
2026-06-27 05:36:46,510 [INFO] Capturing request: https://streamsport365.com/cinema
2026-06-27 05:36:46,569 [INFO] Capturing response: https://teletv5.top/load/yayinlink.php?id=tivibu-spor-2 200 
2026-06-27 05:36:46,743 [INFO] Capturing response: https://streamsport365.com/cinema 200 
2026-06-27 05:37:19,597 [WARNING]   ❌ Tivibu Spor 2 için M3U8 bulunamadı
2026-06-27 05:37:20,597 [INFO] 
[13/14]
2026-06-27 05:37:20,597 [INFO] 🔍 Tivibu Spor 3 → https://atomsportv508.top/matches?id=tivibu-spor-3
2026-06-27 05:37:20,706 [INFO] Capturing request: https://atomsportv508.top/assets/js/clappr.js
2026-06-27 05:37:20,708 [INFO] Capturing request: https://atomsportv508.top/matches?id=tivibu-spor-3
2026-06-27 05:37:20,731 [INFO] Capturing response: https://atomsportv508.top/assets/js/clappr.js 200 
2026-06-27 05:37:20,967 [INFO] Capturing response: https://atomsportv508.top/matches?id=tivibu-spor-3 200 
2026-06-27 05:37:20,977 [INFO] Capturing request: https://atomsportv508.top/cdn-cgi/rum?
2026-06-27 05:37:21,006 [INFO] Capturing request: https://atomsportv508.top/cdn-cgi/rum?
2026-06-27 05:37:21,098 [INFO] Capturing response: https://atomsportv508.top/cdn-cgi/rum? 204 
2026-06-27 05:37:21,104 [INFO] Capturing request: https://teletv5.top/load/yayinlink.php?id=tivibu-spor-3
2026-06-27 05:37:21,110 [INFO] Capturing request: https://atomsportv508.top/favicon.ico
2026-06-27 05:37:21,152 [INFO] Capturing response: https://atomsportv508.top/favicon.ico 200 
2026-06-27 05:37:21,168 [INFO] Capturing response: https://atomsportv508.top/cdn-cgi/rum? 204 
2026-06-27 05:37:21,195 [INFO] Capturing request: https://streamsport365.com/cinema
2026-06-27 05:37:21,259 [INFO] Capturing response: https://teletv5.top/load/yayinlink.php?id=tivibu-spor-3 200 
2026-06-27 05:37:21,439 [INFO] Capturing response: https://streamsport365.com/cinema 200 
2026-06-27 05:37:54,281 [WARNING]   ❌ Tivibu Spor 3 için M3U8 bulunamadı
2026-06-27 05:37:55,281 [INFO] 
[14/14]
2026-06-27 05:37:55,281 [INFO] 🔍 Tivibu Spor 4 → https://atomsportv508.top/matches?id=tivibu-spor-4
2026-06-27 05:37:55,389 [INFO] Capturing request: https://atomsportv508.top/assets/js/clappr.js
2026-06-27 05:37:55,392 [INFO] Capturing request: https://atomsportv508.top/matches?id=tivibu-spor-4
2026-06-27 05:37:55,410 [INFO] Capturing response: https://atomsportv508.top/assets/js/clappr.js 200 
2026-06-27 05:37:55,650 [INFO] Capturing response: https://atomsportv508.top/matches?id=tivibu-spor-4 200 
2026-06-27 05:37:55,659 [INFO] Capturing request: https://atomsportv508.top/cdn-cgi/rum?
2026-06-27 05:37:55,697 [INFO] Capturing request: https://atomsportv508.top/cdn-cgi/rum?
2026-06-27 05:37:55,775 [INFO] Capturing response: https://atomsportv508.top/cdn-cgi/rum? 204 
2026-06-27 05:37:55,793 [INFO] Capturing request: https://teletv5.top/load/yayinlink.php?id=tivibu-spor-4
2026-06-27 05:37:55,799 [INFO] Capturing request: https://atomsportv508.top/favicon.ico
2026-06-27 05:37:55,835 [INFO] Capturing response: https://atomsportv508.top/favicon.ico 200 
2026-06-27 05:37:55,853 [INFO] Capturing response: https://atomsportv508.top/cdn-cgi/rum? 204 
2026-06-27 05:37:55,888 [INFO] Capturing request: https://streamsport365.com/cinema
2026-06-27 05:37:55,945 [INFO] Capturing response: https://teletv5.top/load/yayinlink.php?id=tivibu-spor-4 200 
2026-06-27 05:37:56,130 [INFO] Capturing response: https://streamsport365.com/cinema 200 
2026-06-27 05:38:28,973 [WARNING]   ❌ Tivibu Spor 4 için M3U8 bulunamadı
2026-06-27 05:38:30,040 [INFO] ✅ 5 kanal bulundu, playlist.m3u kaydedildi
