2026-06-01 22:12:20,144 [INFO] 🌐 BASE_URL: https://atomsportv505.top
2026-06-01 22:12:21,071 [INFO] Başlanıyor... 14 kanal taranacak
2026-06-01 22:12:21,072 [INFO] Using default request storage
2026-06-01 22:12:21,079 [INFO] Created proxy listening on 127.0.0.1:34381
2026-06-01 22:12:21,733 [INFO] Capturing request: http://clients2.google.com/time/1/current?cup2key=10:1cIkRPhRGptXTEjKR_1eJm3Az2yGixSq-Al0JyqUUmI&cup2hreq=e3b0c44298fc1c149afbf4c8996fb92427ae41e4649b934ca495991b7852b855
2026-06-01 22:12:21,772 [INFO] Capturing response: http://clients2.google.com/time/1/current?cup2key=10:1cIkRPhRGptXTEjKR_1eJm3Az2yGixSq-Al0JyqUUmI&cup2hreq=e3b0c44298fc1c149afbf4c8996fb92427ae41e4649b934ca495991b7852b855 200 OK
2026-06-01 22:12:21,854 [INFO] 
[1/14]
2026-06-01 22:12:21,854 [INFO] 🔍 beIN Sports 1 → https://atomsportv505.top/matches?id=bein-sports-1
2026-06-01 22:12:21,902 [INFO] Capturing request: https://accounts.google.com/ListAccounts?gpsia=1&source=ChromiumBrowser&json=standard&laf=b64bin
2026-06-01 22:12:21,972 [INFO] Capturing response: https://accounts.google.com/ListAccounts?gpsia=1&source=ChromiumBrowser&json=standard&laf=b64bin 200 
2026-06-01 22:12:22,017 [INFO] Capturing request: https://atomsportv505.top/matches?id=bein-sports-1
2026-06-01 22:12:22,104 [INFO] Capturing response: https://atomsportv505.top/matches?id=bein-sports-1 200 
2026-06-01 22:12:22,256 [INFO] Capturing request: https://atomsportv505.top/assets/js/clappr.js
2026-06-01 22:12:22,284 [INFO] Capturing request: https://www.google.com/async/folae?async=_fmt:pb&udm=50&client_locale=en-US
2026-06-01 22:12:22,308 [INFO] Capturing response: https://www.google.com/async/folae?async=_fmt:pb&udm=50&client_locale=en-US 200 
2026-06-01 22:12:22,311 [INFO] Capturing response: https://atomsportv505.top/assets/js/clappr.js 200 
2026-06-01 22:12:22,318 [INFO] Capturing request: https://cdnjs.cloudflare.com/ajax/libs/jquery/3.2.1/jquery.min.js
2026-06-01 22:12:22,323 [INFO] Capturing request: https://cdn.jsdelivr.net/npm/@clappr/player@latest/dist/clappr.min.js
2026-06-01 22:12:22,333 [INFO] Capturing response: https://cdnjs.cloudflare.com/ajax/libs/jquery/3.2.1/jquery.min.js 200 
2026-06-01 22:12:22,359 [INFO] Capturing response: https://cdn.jsdelivr.net/npm/@clappr/player@latest/dist/clappr.min.js 200 
2026-06-01 22:12:22,527 [INFO] Capturing request: https://static.cloudflareinsights.com/beacon.min.js/v833ccba57c9e4d2798f2e76cebdd09a11778172276447
2026-06-01 22:12:22,546 [INFO] Capturing response: https://static.cloudflareinsights.com/beacon.min.js/v833ccba57c9e4d2798f2e76cebdd09a11778172276447 200 
2026-06-01 22:12:22,604 [INFO] Capturing request: https://atomsportv505.top/cdn-cgi/rum?
2026-06-01 22:12:22,710 [INFO] Capturing request: https://atomsportv505.top/favicon.ico
2026-06-01 22:12:22,720 [INFO] Capturing response: https://atomsportv505.top/cdn-cgi/rum? 204 
2026-06-01 22:12:22,767 [INFO] Capturing response: https://atomsportv505.top/favicon.ico 200 
2026-06-01 22:12:22,774 [INFO] Capturing request: https://teletv5.top/load/yayinlink.php?id=bein-sports-1
2026-06-01 22:12:23,109 [INFO] Capturing response: https://teletv5.top/load/yayinlink.php?id=bein-sports-1 200 
2026-06-01 22:12:23,208 [INFO] Capturing request: https://streamsport365.com/cinema
2026-06-01 22:12:23,448 [INFO] Capturing response: https://streamsport365.com/cinema 200 
2026-06-01 22:12:23,580 [INFO] Capturing request: https://atomsportv505.top/assets/img/player_logo_6880e4e4c52ee.png
2026-06-01 22:12:23,631 [INFO] Capturing response: https://atomsportv505.top/assets/img/player_logo_6880e4e4c52ee.png 200 
2026-06-01 22:12:23,642 [INFO] Capturing request: https://hlssssssssssssssssss.yedeklinksa35.workers.dev/https://corestream.ronaldovurdu.help//trt1/tracks-v1a1/mono.m3u8
2026-06-01 22:12:23,905 [INFO] Capturing response: https://hlssssssssssssssssss.yedeklinksa35.workers.dev/https://corestream.ronaldovurdu.help//trt1/tracks-v1a1/mono.m3u8 200 
2026-06-01 22:12:24,224 [INFO] Capturing request: https://ts.yedeklinksa35.workers.dev/trt1/tracks-v1a1/2026/06/01/22/11/57-10000.avif
2026-06-01 22:12:24,575 [INFO] Capturing request: https://android.clients.google.com/checkin
2026-06-01 22:12:24,660 [INFO] Capturing response: https://android.clients.google.com/checkin 200 
2026-06-01 22:12:24,709 [INFO] Capturing request: https://android.clients.google.com/c2dm/register3
2026-06-01 22:12:24,720 [INFO] Capturing request: https://android.clients.google.com/c2dm/register3
2026-06-01 22:12:24,724 [INFO] Capturing request: https://android.clients.google.com/c2dm/register3
2026-06-01 22:12:24,759 [INFO] Capturing response: https://android.clients.google.com/c2dm/register3 301 
2026-06-01 22:12:25,202 [INFO] Capturing response: https://ts.yedeklinksa35.workers.dev/trt1/tracks-v1a1/2026/06/01/22/11/57-10000.avif 200 
2026-06-01 22:12:25,249 [INFO] Capturing response: https://android.clients.google.com/c2dm/register3 200 
2026-06-01 22:12:25,354 [INFO] Capturing response: https://android.clients.google.com/c2dm/register3 200 
2026-06-01 22:12:25,633 [INFO]   ✅ M3U8 bulundu: https://hlssssssssssssssssss.yedeklinksa35.workers.dev/https://corestream.ronaldovurdu.help//trt1/tracks-v1a1/mono.m3u8
2026-06-01 22:12:25,703 [INFO] Capturing request: https://ts.yedeklinksa35.workers.dev/trt1/tracks-v1a1/2026/06/01/22/11/57-10000.avif
2026-06-01 22:12:26,329 [INFO] Capturing response: https://ts.yedeklinksa35.workers.dev/trt1/tracks-v1a1/2026/06/01/22/11/57-10000.avif 200 
2026-06-01 22:12:26,633 [INFO] 
[2/14]
2026-06-01 22:12:26,633 [INFO] 🔍 beIN Sports 2 → https://atomsportv505.top/matches?id=bein-sports-2
2026-06-01 22:12:26,746 [INFO] Capturing request: https://atomsportv505.top/matches?id=bein-sports-2
2026-06-01 22:12:26,796 [INFO] Capturing response: https://atomsportv505.top/matches?id=bein-sports-2 200 
2026-06-01 22:12:26,807 [INFO] Capturing request: https://atomsportv505.top/cdn-cgi/rum?
2026-06-01 22:12:26,851 [INFO] Capturing request: https://streamsport365.com/cinema
2026-06-01 22:12:26,852 [INFO] Capturing request: https://atomsportv505.top/cdn-cgi/rum?
2026-06-01 22:12:26,905 [INFO] Capturing request: https://ts.yedeklinksa35.workers.dev/trt1/tracks-v1a1/2026/06/01/22/11/57-10000.avif
2026-06-01 22:12:26,914 [INFO] Capturing response: https://atomsportv505.top/cdn-cgi/rum? 204 
2026-06-01 22:12:26,950 [INFO] Capturing request: https://teletv5.top/load/yayinlink.php?id=bein-sports-2
2026-06-01 22:12:26,955 [INFO] Capturing request: https://atomsportv505.top/favicon.ico
2026-06-01 22:12:26,988 [INFO] Capturing response: https://atomsportv505.top/favicon.ico 200 
2026-06-01 22:12:27,004 [INFO] Capturing response: https://atomsportv505.top/cdn-cgi/rum? 204 
2026-06-01 22:12:27,101 [INFO] Capturing response: https://streamsport365.com/cinema 200 
2026-06-01 22:12:27,118 [INFO] Capturing response: https://teletv5.top/load/yayinlink.php?id=bein-sports-2 200 
2026-06-01 22:12:27,255 [INFO] Capturing request: https://hlssssssssssssssssss.yedeklinksa35.workers.dev/https://corestream.ronaldovurdu.help//bein2/tracks-v1a1/mono.m3u8
2026-06-01 22:12:27,389 [INFO] Capturing response: https://hlssssssssssssssssss.yedeklinksa35.workers.dev/https://corestream.ronaldovurdu.help//bein2/tracks-v1a1/mono.m3u8 200 
2026-06-01 22:12:27,507 [INFO] Capturing request: https://ts.yedeklinksa35.workers.dev/bein2/tracks-v1a1/2026/06/01/22/12/16-10000.avif
2026-06-01 22:12:27,596 [INFO] Capturing response: https://ts.yedeklinksa35.workers.dev/trt1/tracks-v1a1/2026/06/01/22/11/57-10000.avif 200 
2026-06-01 22:12:27,834 [INFO] Capturing response: https://ts.yedeklinksa35.workers.dev/bein2/tracks-v1a1/2026/06/01/22/12/16-10000.avif 200 
2026-06-01 22:12:27,867 [INFO] 127.0.0.1:59872: ProtocolException("Error in HTTP connection: Http2ZombieException('Connection or stream already dead: 1780351947.767806, False')")
2026-06-01 22:12:27,983 [INFO] Capturing request: https://ts.yedeklinksa35.workers.dev/bein2/tracks-v1a1/2026/06/01/22/12/26-10000.avif
2026-06-01 22:12:28,169 [INFO] Capturing response: https://ts.yedeklinksa35.workers.dev/bein2/tracks-v1a1/2026/06/01/22/12/26-10000.avif 200 
2026-06-01 22:12:28,353 [INFO] Capturing request: https://ts.yedeklinksa35.workers.dev/bein2/tracks-v1a1/2026/06/01/22/12/36-10000.avif
2026-06-01 22:12:28,797 [INFO] Capturing response: https://ts.yedeklinksa35.workers.dev/bein2/tracks-v1a1/2026/06/01/22/12/36-10000.avif 200 
2026-06-01 22:12:29,874 [INFO]   ✅ M3U8 bulundu: https://hlssssssssssssssssss.yedeklinksa35.workers.dev/https://corestream.ronaldovurdu.help//bein2/tracks-v1a1/mono.m3u8
2026-06-01 22:12:30,874 [INFO] 
[3/14]
2026-06-01 22:12:30,875 [INFO] 🔍 beIN Sports 3 → https://atomsportv505.top/matches?id=bein-sports-3
2026-06-01 22:12:30,988 [INFO] Capturing request: https://atomsportv505.top/matches?id=bein-sports-3
2026-06-01 22:12:31,132 [INFO] Capturing response: https://atomsportv505.top/matches?id=bein-sports-3 200 
2026-06-01 22:12:31,144 [INFO] Capturing request: https://atomsportv505.top/cdn-cgi/rum?
2026-06-01 22:12:31,176 [INFO] Capturing request: https://atomsportv505.top/cdn-cgi/rum?
2026-06-01 22:12:31,251 [INFO] Capturing response: https://atomsportv505.top/cdn-cgi/rum? 204 
2026-06-01 22:12:31,267 [INFO] Capturing request: https://teletv5.top/load/yayinlink.php?id=bein-sports-3
2026-06-01 22:12:31,280 [INFO] Capturing request: https://atomsportv505.top/favicon.ico
2026-06-01 22:12:31,310 [INFO] Capturing response: https://atomsportv505.top/favicon.ico 200 
2026-06-01 22:12:31,327 [INFO] Capturing response: https://atomsportv505.top/cdn-cgi/rum? 204 
2026-06-01 22:12:31,374 [INFO] Capturing request: https://streamsport365.com/cinema
2026-06-01 22:12:31,422 [INFO] Capturing response: https://teletv5.top/load/yayinlink.php?id=bein-sports-3 200 
2026-06-01 22:12:31,618 [INFO] Capturing response: https://streamsport365.com/cinema 200 
2026-06-01 22:12:53,892 [INFO] Capturing request: https://android.clients.google.com/c2dm/register3
2026-06-01 22:12:53,927 [INFO] Capturing response: https://android.clients.google.com/c2dm/register3 301 
2026-06-01 22:13:04,486 [WARNING]   ❌ beIN Sports 3 için M3U8 bulunamadı
2026-06-01 22:13:05,487 [INFO] 
[4/14]
2026-06-01 22:13:05,487 [INFO] 🔍 beIN Sports 4 → https://atomsportv505.top/matches?id=bein-sports-4
2026-06-01 22:13:05,595 [INFO] Capturing request: https://atomsportv505.top/matches?id=bein-sports-4
2026-06-01 22:13:06,126 [INFO] Capturing response: https://atomsportv505.top/matches?id=bein-sports-4 200 
2026-06-01 22:13:06,135 [INFO] Capturing request: https://atomsportv505.top/cdn-cgi/rum?
2026-06-01 22:13:06,163 [INFO] Capturing request: https://atomsportv505.top/cdn-cgi/rum?
2026-06-01 22:13:06,246 [INFO] Capturing response: https://atomsportv505.top/cdn-cgi/rum? 204 
2026-06-01 22:13:06,256 [INFO] Capturing request: https://teletv5.top/load/yayinlink.php?id=bein-sports-4
2026-06-01 22:13:06,264 [INFO] Capturing request: https://atomsportv505.top/favicon.ico
2026-06-01 22:13:06,301 [INFO] Capturing response: https://atomsportv505.top/favicon.ico 200 
2026-06-01 22:13:06,313 [INFO] Capturing response: https://atomsportv505.top/cdn-cgi/rum? 204 
2026-06-01 22:13:06,360 [INFO] Capturing request: https://streamsport365.com/cinema
2026-06-01 22:13:06,415 [INFO] Capturing response: https://teletv5.top/load/yayinlink.php?id=bein-sports-4 200 
2026-06-01 22:13:06,612 [INFO] Capturing response: https://streamsport365.com/cinema 200 
2026-06-01 22:13:21,777 [INFO] Capturing request: https://update.googleapis.com/service/update2/json?cup2key=16:sNcVIBEQxzttxlfXFCNVIMKljsELb3OFY1mz-Hb_n0I&cup2hreq=d9abc22871e392f43939a323312ca9140d0d0227c591cfb99e06f5d4f3f0733b
2026-06-01 22:13:21,803 [INFO] Capturing response: https://update.googleapis.com/service/update2/json?cup2key=16:sNcVIBEQxzttxlfXFCNVIMKljsELb3OFY1mz-Hb_n0I&cup2hreq=d9abc22871e392f43939a323312ca9140d0d0227c591cfb99e06f5d4f3f0733b 200 
2026-06-01 22:13:21,818 [INFO] Capturing request: http://edgedl.me.gvt1.com/edgedl/diffgen-puffin/gcmjkmgdlgnkkcocmoeiminaijmmjnii/71d926df14cb4c89c6f8f88e6c0bfcf6fe1e1a256ca7f8db04002a111af4c5b0
2026-06-01 22:13:21,838 [INFO] Capturing response: http://edgedl.me.gvt1.com/edgedl/diffgen-puffin/gcmjkmgdlgnkkcocmoeiminaijmmjnii/71d926df14cb4c89c6f8f88e6c0bfcf6fe1e1a256ca7f8db04002a111af4c5b0 200 OK
2026-06-01 22:13:21,866 [INFO] Capturing request: https://update.googleapis.com/service/update2/json
2026-06-01 22:13:21,892 [INFO] Capturing response: https://update.googleapis.com/service/update2/json 200 
2026-06-01 22:13:21,937 [INFO] Capturing request: http://edgedl.me.gvt1.com/edgedl/release2/chrome_component/acotl5cqbymqwe32h7hoonch3tua_10561/hfnkpimlhhgieaddgfemjhofmfblmnib_10561_all_adtkkawisqmwrjgytnn73tlyptoq.crx3
2026-06-01 22:13:21,953 [INFO] Capturing response: http://edgedl.me.gvt1.com/edgedl/release2/chrome_component/acotl5cqbymqwe32h7hoonch3tua_10561/hfnkpimlhhgieaddgfemjhofmfblmnib_10561_all_adtkkawisqmwrjgytnn73tlyptoq.crx3 200 OK
2026-06-01 22:13:21,987 [INFO] Capturing request: https://update.googleapis.com/service/update2/json
2026-06-01 22:13:22,009 [INFO] Capturing response: https://update.googleapis.com/service/update2/json 200 
2026-06-01 22:13:37,753 [INFO] Capturing request: https://android.clients.google.com/c2dm/register3
2026-06-01 22:13:37,817 [INFO] Capturing response: https://android.clients.google.com/c2dm/register3 301 
2026-06-01 22:13:39,450 [WARNING]   ❌ beIN Sports 4 için M3U8 bulunamadı
2026-06-01 22:13:40,450 [INFO] 
[5/14]
2026-06-01 22:13:40,450 [INFO] 🔍 beIN Sports 5 → https://atomsportv505.top/matches?id=bein-sports-5
2026-06-01 22:13:40,610 [INFO] Capturing request: https://atomsportv505.top/matches?id=bein-sports-5
2026-06-01 22:13:40,613 [INFO] Capturing request: https://atomsportv505.top/assets/js/clappr.js
2026-06-01 22:13:40,654 [INFO] Capturing response: https://atomsportv505.top/assets/js/clappr.js 200 
2026-06-01 22:13:41,106 [INFO] Capturing response: https://atomsportv505.top/matches?id=bein-sports-5 200 
2026-06-01 22:13:41,116 [INFO] Capturing request: https://atomsportv505.top/cdn-cgi/rum?
2026-06-01 22:13:41,150 [INFO] Capturing request: https://atomsportv505.top/cdn-cgi/rum?
2026-06-01 22:13:41,252 [INFO] Capturing request: https://atomsportv505.top/favicon.ico
2026-06-01 22:13:41,260 [INFO] Capturing response: https://atomsportv505.top/cdn-cgi/rum? 204 
2026-06-01 22:13:41,262 [INFO] Capturing response: https://atomsportv505.top/cdn-cgi/rum? 204 
2026-06-01 22:13:41,290 [INFO] Capturing response: https://atomsportv505.top/favicon.ico 200 
2026-06-01 22:13:41,292 [INFO] Capturing request: https://teletv5.top/load/yayinlink.php?id=bein-sports-5
2026-06-01 22:13:41,744 [INFO] Capturing request: https://streamsport365.com/cinema
2026-06-01 22:13:41,749 [INFO] Capturing response: https://teletv5.top/load/yayinlink.php?id=bein-sports-5 200 
2026-06-01 22:13:41,984 [INFO] Capturing response: https://streamsport365.com/cinema 200 
2026-06-01 22:14:14,412 [WARNING]   ❌ beIN Sports 5 için M3U8 bulunamadı
2026-06-01 22:14:15,413 [INFO] 
[6/14]
2026-06-01 22:14:15,413 [INFO] 🔍 beIN Sports Max 1 → https://atomsportv505.top/matches?id=bein-sports-max-1
2026-06-01 22:14:15,521 [INFO] Capturing request: https://atomsportv505.top/assets/js/clappr.js
2026-06-01 22:14:15,523 [INFO] Capturing request: https://atomsportv505.top/matches?id=bein-sports-max-1
2026-06-01 22:14:15,545 [INFO] Capturing response: https://atomsportv505.top/assets/js/clappr.js 200 
2026-06-01 22:14:15,783 [INFO] Capturing response: https://atomsportv505.top/matches?id=bein-sports-max-1 200 
2026-06-01 22:14:15,795 [INFO] Capturing request: https://atomsportv505.top/cdn-cgi/rum?
2026-06-01 22:14:15,820 [INFO] Capturing request: https://atomsportv505.top/cdn-cgi/rum?
2026-06-01 22:14:15,903 [INFO] Capturing response: https://atomsportv505.top/cdn-cgi/rum? 204 
2026-06-01 22:14:15,922 [INFO] Capturing request: https://atomsportv505.top/favicon.ico
2026-06-01 22:14:15,923 [INFO] Capturing request: https://teletv5.top/load/yayinlink.php?id=bein-sports-max-1
2026-06-01 22:14:15,955 [INFO] Capturing response: https://atomsportv505.top/favicon.ico 200 
2026-06-01 22:14:15,971 [INFO] Capturing response: https://atomsportv505.top/cdn-cgi/rum? 204 
2026-06-01 22:14:16,018 [INFO] Capturing request: https://streamsport365.com/cinema
2026-06-01 22:14:16,082 [INFO] Capturing response: https://teletv5.top/load/yayinlink.php?id=bein-sports-max-1 200 
2026-06-01 22:14:16,267 [INFO] Capturing response: https://streamsport365.com/cinema 200 
2026-06-01 22:14:49,095 [WARNING]   ❌ beIN Sports Max 1 için M3U8 bulunamadı
2026-06-01 22:14:50,095 [INFO] 
[7/14]
2026-06-01 22:14:50,096 [INFO] 🔍 beIN Sports Max 2 → https://atomsportv505.top/matches?id=bein-sports-max-2
2026-06-01 22:14:50,204 [INFO] Capturing request: https://atomsportv505.top/assets/js/clappr.js
2026-06-01 22:14:50,206 [INFO] Capturing request: https://atomsportv505.top/matches?id=bein-sports-max-2
2026-06-01 22:14:50,222 [INFO] Capturing response: https://atomsportv505.top/assets/js/clappr.js 200 
2026-06-01 22:14:50,473 [INFO] Capturing response: https://atomsportv505.top/matches?id=bein-sports-max-2 200 
2026-06-01 22:14:50,484 [INFO] Capturing request: https://atomsportv505.top/cdn-cgi/rum?
2026-06-01 22:14:50,519 [INFO] Capturing request: https://atomsportv505.top/cdn-cgi/rum?
2026-06-01 22:14:50,592 [INFO] Capturing response: https://atomsportv505.top/cdn-cgi/rum? 204 
2026-06-01 22:14:50,612 [INFO] Capturing request: https://teletv5.top/load/yayinlink.php?id=bein-sports-max-2
2026-06-01 22:14:50,620 [INFO] Capturing request: https://atomsportv505.top/favicon.ico
2026-06-01 22:14:50,650 [INFO] Capturing response: https://atomsportv505.top/favicon.ico 200 
2026-06-01 22:14:50,668 [INFO] Capturing response: https://atomsportv505.top/cdn-cgi/rum? 204 
2026-06-01 22:14:50,715 [INFO] Capturing request: https://streamsport365.com/cinema
2026-06-01 22:14:50,760 [INFO] Capturing response: https://teletv5.top/load/yayinlink.php?id=bein-sports-max-2 200 
2026-06-01 22:14:50,960 [INFO] Capturing response: https://streamsport365.com/cinema 200 
2026-06-01 22:15:15,741 [INFO] Capturing request: https://android.clients.google.com/c2dm/register3
2026-06-01 22:15:15,786 [INFO] Capturing response: https://android.clients.google.com/c2dm/register3 301 
2026-06-01 22:15:23,787 [WARNING]   ❌ beIN Sports Max 2 için M3U8 bulunamadı
2026-06-01 22:15:24,787 [INFO] 
[8/14]
2026-06-01 22:15:24,787 [INFO] 🔍 S Sport → https://atomsportv505.top/matches?id=s-sport
2026-06-01 22:15:24,898 [INFO] Capturing request: https://atomsportv505.top/assets/js/clappr.js
2026-06-01 22:15:24,899 [INFO] Capturing request: https://atomsportv505.top/matches?id=s-sport
2026-06-01 22:15:24,917 [INFO] Capturing response: https://atomsportv505.top/assets/js/clappr.js 200 
2026-06-01 22:15:25,178 [INFO] Capturing response: https://atomsportv505.top/matches?id=s-sport 200 
2026-06-01 22:15:25,188 [INFO] Capturing request: https://atomsportv505.top/cdn-cgi/rum?
2026-06-01 22:15:25,219 [INFO] Capturing request: https://atomsportv505.top/cdn-cgi/rum?
2026-06-01 22:15:25,296 [INFO] Capturing response: https://atomsportv505.top/cdn-cgi/rum? 204 
2026-06-01 22:15:25,319 [INFO] Capturing request: https://teletv5.top/load/yayinlink.php?id=s-sport
2026-06-01 22:15:25,321 [INFO] Capturing request: https://atomsportv505.top/favicon.ico
2026-06-01 22:15:25,367 [INFO] Capturing response: https://atomsportv505.top/favicon.ico 200 
2026-06-01 22:15:25,371 [INFO] Capturing response: https://atomsportv505.top/cdn-cgi/rum? 204 
2026-06-01 22:15:25,415 [INFO] Capturing request: https://streamsport365.com/cinema
2026-06-01 22:15:25,470 [INFO] Capturing response: https://teletv5.top/load/yayinlink.php?id=s-sport 200 
2026-06-01 22:15:25,668 [INFO] Capturing response: https://streamsport365.com/cinema 200 
2026-06-01 22:15:25,828 [INFO] Capturing request: https://hlssssssssssssssssss.yedeklinksa35.workers.dev/https://corestream.ronaldovurdu.help//s-sportt/tracks-v1a1/mono.m3u8
2026-06-01 22:15:26,016 [INFO] Capturing response: https://hlssssssssssssssssss.yedeklinksa35.workers.dev/https://corestream.ronaldovurdu.help//s-sportt/tracks-v1a1/mono.m3u8 200 
2026-06-01 22:15:26,203 [INFO] Capturing request: https://ts.yedeklinksa35.workers.dev/s-sportt/tracks-v1a1/2026/06/01/22/15/20-05000.avif
2026-06-01 22:15:26,447 [INFO] Capturing response: https://ts.yedeklinksa35.workers.dev/s-sportt/tracks-v1a1/2026/06/01/22/15/20-05000.avif 200 
2026-06-01 22:15:26,638 [INFO] Capturing request: https://ts.yedeklinksa35.workers.dev/s-sportt/tracks-v1a1/2026/06/01/22/15/25-05000.avif
2026-06-01 22:15:27,135 [INFO] Capturing response: https://ts.yedeklinksa35.workers.dev/s-sportt/tracks-v1a1/2026/06/01/22/15/25-05000.avif 200 
2026-06-01 22:15:27,329 [INFO] Capturing request: https://ts.yedeklinksa35.workers.dev/s-sportt/tracks-v1a1/2026/06/01/22/15/30-05000.avif
2026-06-01 22:15:27,647 [INFO] Capturing response: https://ts.yedeklinksa35.workers.dev/s-sportt/tracks-v1a1/2026/06/01/22/15/30-05000.avif 200 
2026-06-01 22:15:28,239 [INFO]   ✅ M3U8 bulundu: https://hlssssssssssssssssss.yedeklinksa35.workers.dev/https://corestream.ronaldovurdu.help//s-sportt/tracks-v1a1/mono.m3u8
2026-06-01 22:15:29,239 [INFO] 
[9/14]
2026-06-01 22:15:29,239 [INFO] 🔍 S Sport 2 → https://atomsportv505.top/matches?id=s-sport-2
2026-06-01 22:15:29,350 [INFO] Capturing request: https://atomsportv505.top/matches?id=s-sport-2
2026-06-01 22:15:29,350 [INFO] Capturing request: https://atomsportv505.top/assets/js/clappr.js
2026-06-01 22:15:29,404 [INFO] Capturing response: https://atomsportv505.top/matches?id=s-sport-2 200 
2026-06-01 22:15:29,416 [INFO] Capturing request: https://atomsportv505.top/cdn-cgi/rum?
2026-06-01 22:15:29,418 [INFO] Capturing response: https://atomsportv505.top/assets/js/clappr.js 200 
2026-06-01 22:15:29,457 [INFO] Capturing request: https://streamsport365.com/cinema
2026-06-01 22:15:29,460 [INFO] Capturing request: https://atomsportv505.top/cdn-cgi/rum?
2026-06-01 22:15:29,548 [INFO] Capturing request: https://teletv5.top/load/yayinlink.php?id=s-sport-2
2026-06-01 22:15:29,563 [INFO] Capturing request: https://atomsportv505.top/favicon.ico
2026-06-01 22:15:29,567 [INFO] Capturing response: https://atomsportv505.top/cdn-cgi/rum? 204 
2026-06-01 22:15:29,598 [INFO] Capturing response: https://atomsportv505.top/favicon.ico 200 
2026-06-01 22:15:29,611 [INFO] Capturing response: https://atomsportv505.top/cdn-cgi/rum? 204 
2026-06-01 22:15:29,701 [INFO] Capturing response: https://teletv5.top/load/yayinlink.php?id=s-sport-2 200 
2026-06-01 22:15:29,706 [INFO] Capturing response: https://streamsport365.com/cinema 200 
2026-06-01 22:15:29,863 [INFO] Capturing request: https://hlssssssssssssssssss.yedeklinksa35.workers.dev/https://corestream.ronaldovurdu.help//s-sport2/tracks-v1a1/mono.m3u8
2026-06-01 22:15:29,994 [INFO] Capturing response: https://hlssssssssssssssssss.yedeklinksa35.workers.dev/https://corestream.ronaldovurdu.help//s-sport2/tracks-v1a1/mono.m3u8 200 
2026-06-01 22:15:30,104 [INFO] Capturing request: https://ts.yedeklinksa35.workers.dev/s-sport2/tracks-v1a1/2026/06/01/22/15/25-06000.avif
2026-06-01 22:15:31,248 [INFO] Capturing response: https://ts.yedeklinksa35.workers.dev/s-sport2/tracks-v1a1/2026/06/01/22/15/25-06000.avif 200 
2026-06-01 22:15:31,788 [INFO] Capturing request: https://ts.yedeklinksa35.workers.dev/s-sport2/tracks-v1a1/2026/06/01/22/15/31-06000.avif
2026-06-01 22:15:32,490 [INFO]   ✅ M3U8 bulundu: https://hlssssssssssssssssss.yedeklinksa35.workers.dev/https://corestream.ronaldovurdu.help//s-sport2/tracks-v1a1/mono.m3u8
2026-06-01 22:15:32,738 [INFO] Capturing response: https://ts.yedeklinksa35.workers.dev/s-sport2/tracks-v1a1/2026/06/01/22/15/31-06000.avif 200 
2026-06-01 22:15:33,121 [INFO] Capturing request: https://ts.yedeklinksa35.workers.dev/s-sport2/tracks-v1a1/2026/06/01/22/15/37-06000.avif
2026-06-01 22:15:33,491 [INFO] 
[10/14]
2026-06-01 22:15:33,492 [INFO] 🔍 A Spor → https://atomsportv505.top/matches?id=a-spor
2026-06-01 22:15:33,621 [INFO] Capturing request: https://atomsportv505.top/matches?id=a-spor
2026-06-01 22:15:33,626 [INFO] Capturing request: https://atomsportv505.top/assets/js/clappr.js
2026-06-01 22:15:33,669 [INFO] Capturing response: https://atomsportv505.top/matches?id=a-spor 200 
2026-06-01 22:15:33,694 [INFO] Capturing response: https://atomsportv505.top/assets/js/clappr.js 200 
2026-06-01 22:15:33,695 [INFO] Capturing request: https://atomsportv505.top/cdn-cgi/rum?
2026-06-01 22:15:33,726 [INFO] Capturing request: https://atomsportv505.top/cdn-cgi/rum?
2026-06-01 22:15:33,795 [INFO] Capturing response: https://ts.yedeklinksa35.workers.dev/s-sport2/tracks-v1a1/2026/06/01/22/15/37-06000.avif 200 
2026-06-01 22:15:33,830 [INFO] Capturing request: https://teletv5.top/load/yayinlink.php?id=a-spor
2026-06-01 22:15:33,836 [INFO] Capturing request: https://atomsportv505.top/favicon.ico
2026-06-01 22:15:33,841 [INFO] Capturing response: https://atomsportv505.top/cdn-cgi/rum? 204 
2026-06-01 22:15:33,845 [INFO] Capturing response: https://atomsportv505.top/cdn-cgi/rum? 204 
2026-06-01 22:15:33,874 [INFO] Capturing response: https://atomsportv505.top/favicon.ico 200 
2026-06-01 22:15:33,929 [INFO] Capturing request: https://streamsport365.com/cinema
2026-06-01 22:15:33,980 [INFO] Capturing response: https://teletv5.top/load/yayinlink.php?id=a-spor 200 
2026-06-01 22:15:34,183 [INFO] Capturing response: https://streamsport365.com/cinema 200 
2026-06-01 22:15:34,304 [INFO] Capturing request: https://hlssssssssssssssssss.yedeklinksa35.workers.dev/https://corestream.ronaldovurdu.help//aspor/tracks-v1a1/mono.m3u8
2026-06-01 22:15:34,434 [INFO] Capturing response: https://hlssssssssssssssssss.yedeklinksa35.workers.dev/https://corestream.ronaldovurdu.help//aspor/tracks-v1a1/mono.m3u8 404 
2026-06-01 22:15:36,741 [INFO]   ✅ M3U8 bulundu: https://hlssssssssssssssssss.yedeklinksa35.workers.dev/https://corestream.ronaldovurdu.help//aspor/tracks-v1a1/mono.m3u8
2026-06-01 22:15:37,741 [INFO] 
[11/14]
2026-06-01 22:15:37,742 [INFO] 🔍 Tivibu Spor 1 → https://atomsportv505.top/matches?id=tivibu-spor-1
2026-06-01 22:15:37,851 [INFO] Capturing request: https://atomsportv505.top/matches?id=tivibu-spor-1
2026-06-01 22:15:37,852 [INFO] Capturing request: https://atomsportv505.top/assets/js/clappr.js
2026-06-01 22:15:37,889 [INFO] Capturing response: https://atomsportv505.top/matches?id=tivibu-spor-1 200 
2026-06-01 22:15:37,900 [INFO] Capturing request: https://atomsportv505.top/cdn-cgi/rum?
2026-06-01 22:15:37,906 [INFO] Capturing response: https://atomsportv505.top/assets/js/clappr.js 200 
2026-06-01 22:15:37,924 [INFO] Capturing request: https://streamsport365.com/cinema
2026-06-01 22:15:37,933 [INFO] Capturing request: https://atomsportv505.top/cdn-cgi/rum?
2026-06-01 22:15:38,024 [INFO] Capturing request: https://teletv5.top/load/yayinlink.php?id=tivibu-spor-1
2026-06-01 22:15:38,033 [INFO] Capturing request: https://atomsportv505.top/favicon.ico
2026-06-01 22:15:38,040 [INFO] Capturing response: https://atomsportv505.top/cdn-cgi/rum? 204 
2026-06-01 22:15:38,042 [INFO] Capturing response: https://atomsportv505.top/cdn-cgi/rum? 204 
2026-06-01 22:15:38,062 [INFO] Capturing response: https://atomsportv505.top/favicon.ico 200 
2026-06-01 22:15:38,174 [INFO] Capturing response: https://streamsport365.com/cinema 200 
2026-06-01 22:15:38,177 [INFO] Capturing response: https://teletv5.top/load/yayinlink.php?id=tivibu-spor-1 200 
2026-06-01 22:16:11,205 [WARNING]   ❌ Tivibu Spor 1 için M3U8 bulunamadı
2026-06-01 22:16:12,205 [INFO] 
[12/14]
2026-06-01 22:16:12,205 [INFO] 🔍 Tivibu Spor 2 → https://atomsportv505.top/matches?id=tivibu-spor-2
2026-06-01 22:16:12,315 [INFO] Capturing request: https://atomsportv505.top/assets/js/clappr.js
2026-06-01 22:16:12,316 [INFO] Capturing request: https://atomsportv505.top/matches?id=tivibu-spor-2
2026-06-01 22:16:12,338 [INFO] Capturing response: https://atomsportv505.top/assets/js/clappr.js 200 
2026-06-01 22:16:12,579 [INFO] Capturing response: https://atomsportv505.top/matches?id=tivibu-spor-2 200 
2026-06-01 22:16:12,591 [INFO] Capturing request: https://atomsportv505.top/cdn-cgi/rum?
2026-06-01 22:16:12,622 [INFO] Capturing request: https://atomsportv505.top/cdn-cgi/rum?
2026-06-01 22:16:12,699 [INFO] Capturing response: https://atomsportv505.top/cdn-cgi/rum? 204 
2026-06-01 22:16:12,717 [INFO] Capturing request: https://teletv5.top/load/yayinlink.php?id=tivibu-spor-2
2026-06-01 22:16:12,724 [INFO] Capturing request: https://atomsportv505.top/favicon.ico
2026-06-01 22:16:12,757 [INFO] Capturing response: https://atomsportv505.top/favicon.ico 200 
2026-06-01 22:16:12,771 [INFO] Capturing response: https://atomsportv505.top/cdn-cgi/rum? 204 
2026-06-01 22:16:12,817 [INFO] Capturing request: https://streamsport365.com/cinema
2026-06-01 22:16:12,868 [INFO] Capturing response: https://teletv5.top/load/yayinlink.php?id=tivibu-spor-2 200 
2026-06-01 22:16:13,069 [INFO] Capturing response: https://streamsport365.com/cinema 200 
2026-06-01 22:16:45,901 [WARNING]   ❌ Tivibu Spor 2 için M3U8 bulunamadı
2026-06-01 22:16:46,901 [INFO] 
[13/14]
2026-06-01 22:16:46,901 [INFO] 🔍 Tivibu Spor 3 → https://atomsportv505.top/matches?id=tivibu-spor-3
2026-06-01 22:16:47,010 [INFO] Capturing request: https://atomsportv505.top/assets/js/clappr.js
2026-06-01 22:16:47,012 [INFO] Capturing request: https://atomsportv505.top/matches?id=tivibu-spor-3
2026-06-01 22:16:47,030 [INFO] Capturing response: https://atomsportv505.top/assets/js/clappr.js 200 
2026-06-01 22:16:47,268 [INFO] Capturing response: https://atomsportv505.top/matches?id=tivibu-spor-3 200 
2026-06-01 22:16:47,276 [INFO] Capturing request: https://atomsportv505.top/cdn-cgi/rum?
2026-06-01 22:16:47,310 [INFO] Capturing request: https://atomsportv505.top/cdn-cgi/rum?
2026-06-01 22:16:47,384 [INFO] Capturing response: https://atomsportv505.top/cdn-cgi/rum? 204 
2026-06-01 22:16:47,406 [INFO] Capturing request: https://teletv5.top/load/yayinlink.php?id=tivibu-spor-3
2026-06-01 22:16:47,411 [INFO] Capturing request: https://atomsportv505.top/favicon.ico
2026-06-01 22:16:47,455 [INFO] Capturing response: https://atomsportv505.top/favicon.ico 200 
2026-06-01 22:16:47,460 [INFO] Capturing response: https://atomsportv505.top/cdn-cgi/rum? 204 
2026-06-01 22:16:47,504 [INFO] Capturing request: https://streamsport365.com/cinema
2026-06-01 22:16:47,559 [INFO] Capturing response: https://teletv5.top/load/yayinlink.php?id=tivibu-spor-3 200 
2026-06-01 22:16:47,750 [INFO] Capturing response: https://streamsport365.com/cinema 200 
2026-06-01 22:17:20,590 [WARNING]   ❌ Tivibu Spor 3 için M3U8 bulunamadı
2026-06-01 22:17:21,591 [INFO] 
[14/14]
2026-06-01 22:17:21,591 [INFO] 🔍 Tivibu Spor 4 → https://atomsportv505.top/matches?id=tivibu-spor-4
2026-06-01 22:17:21,701 [INFO] Capturing request: https://atomsportv505.top/assets/js/clappr.js
2026-06-01 22:17:21,702 [INFO] Capturing request: https://atomsportv505.top/matches?id=tivibu-spor-4
2026-06-01 22:17:21,719 [INFO] Capturing response: https://atomsportv505.top/assets/js/clappr.js 200 
2026-06-01 22:17:21,961 [INFO] Capturing response: https://atomsportv505.top/matches?id=tivibu-spor-4 200 
2026-06-01 22:17:21,972 [INFO] Capturing request: https://atomsportv505.top/cdn-cgi/rum?
2026-06-01 22:17:22,005 [INFO] Capturing request: https://atomsportv505.top/cdn-cgi/rum?
2026-06-01 22:17:22,080 [INFO] Capturing response: https://atomsportv505.top/cdn-cgi/rum? 204 
2026-06-01 22:17:22,105 [INFO] Capturing request: https://teletv5.top/load/yayinlink.php?id=tivibu-spor-4
2026-06-01 22:17:22,107 [INFO] Capturing request: https://atomsportv505.top/favicon.ico
2026-06-01 22:17:22,137 [INFO] Capturing response: https://atomsportv505.top/favicon.ico 200 
2026-06-01 22:17:22,155 [INFO] Capturing response: https://atomsportv505.top/cdn-cgi/rum? 204 
2026-06-01 22:17:22,196 [INFO] Capturing request: https://streamsport365.com/cinema
2026-06-01 22:17:22,265 [INFO] Capturing response: https://teletv5.top/load/yayinlink.php?id=tivibu-spor-4 200 
2026-06-01 22:17:22,544 [INFO] Capturing response: https://streamsport365.com/cinema 200 
2026-06-01 22:17:55,278 [WARNING]   ❌ Tivibu Spor 4 için M3U8 bulunamadı
2026-06-01 22:17:56,345 [INFO] ✅ 5 kanal bulundu, playlist.m3u kaydedildi
