2026-06-21 22:16:29,080 [INFO] 🌐 BASE_URL: https://atomsportv508.top
2026-06-21 22:16:29,958 [INFO] Başlanıyor... 14 kanal taranacak
2026-06-21 22:16:29,958 [INFO] Using default request storage
2026-06-21 22:16:29,963 [INFO] Created proxy listening on 127.0.0.1:45009
2026-06-21 22:16:30,632 [INFO] Capturing request: http://clients2.google.com/time/1/current?cup2key=10:t_uyPNTFvcmL4NrrVodJFksG9FD2JeOSlgv7kwI_WP8&cup2hreq=e3b0c44298fc1c149afbf4c8996fb92427ae41e4649b934ca495991b7852b855
2026-06-21 22:16:30,742 [INFO] Capturing response: http://clients2.google.com/time/1/current?cup2key=10:t_uyPNTFvcmL4NrrVodJFksG9FD2JeOSlgv7kwI_WP8&cup2hreq=e3b0c44298fc1c149afbf4c8996fb92427ae41e4649b934ca495991b7852b855 200 OK
2026-06-21 22:16:30,780 [INFO] 
[1/14]
2026-06-21 22:16:30,780 [INFO] 🔍 beIN Sports 1 → https://atomsportv508.top/matches?id=bein-sports-1
2026-06-21 22:16:30,888 [INFO] Capturing request: https://accounts.google.com/ListAccounts?gpsia=1&source=ChromiumBrowser&json=standard&laf=b64bin
2026-06-21 22:16:30,889 [INFO] Capturing request: https://update.googleapis.com/service/update2/json?cup2key=16:MMcLCnUurSHtIX3ZYtnWw-q-Bh8xeAi9AtRj73DczrA&cup2hreq=c5efb53bf528b38645dc91798a03f5866fa422db5750d5e3f21165929dca6b6e
2026-06-21 22:16:30,991 [INFO] Capturing response: https://update.googleapis.com/service/update2/json?cup2key=16:MMcLCnUurSHtIX3ZYtnWw-q-Bh8xeAi9AtRj73DczrA&cup2hreq=c5efb53bf528b38645dc91798a03f5866fa422db5750d5e3f21165929dca6b6e 200 
2026-06-21 22:16:30,993 [INFO] Capturing request: https://atomsportv508.top/matches?id=bein-sports-1
2026-06-21 22:16:30,995 [INFO] Capturing response: https://accounts.google.com/ListAccounts?gpsia=1&source=ChromiumBrowser&json=standard&laf=b64bin 200 
2026-06-21 22:16:31,036 [INFO] Capturing request: https://update.googleapis.com/service/update2/json?cup2key=16:YxJ5-iJcCSgwciQOBMAW7Q9gAUR5csjYHVD2QFS53Oo&cup2hreq=683bdf5bf0c345eeb22f2475133accda625f5e7e0d79c4d982af1c765deeea6a
2026-06-21 22:16:31,095 [INFO] Capturing response: https://update.googleapis.com/service/update2/json?cup2key=16:YxJ5-iJcCSgwciQOBMAW7Q9gAUR5csjYHVD2QFS53Oo&cup2hreq=683bdf5bf0c345eeb22f2475133accda625f5e7e0d79c4d982af1c765deeea6a 200 
2026-06-21 22:16:31,106 [INFO] Capturing response: https://atomsportv508.top/matches?id=bein-sports-1 200 
2026-06-21 22:16:31,257 [INFO] Capturing request: https://atomsportv508.top/assets/js/clappr.js
2026-06-21 22:16:31,311 [INFO] Capturing response: https://atomsportv508.top/assets/js/clappr.js 200 
2026-06-21 22:16:31,312 [INFO] Capturing request: https://www.google.com/async/folae?async=_fmt:pb&udm=50&client_locale=en-US&client_country=ZZ
2026-06-21 22:16:31,344 [INFO] Capturing request: https://cdnjs.cloudflare.com/ajax/libs/jquery/3.2.1/jquery.min.js
2026-06-21 22:16:31,344 [INFO] Capturing request: https://cdn.jsdelivr.net/npm/@clappr/player@latest/dist/clappr.min.js
2026-06-21 22:16:31,350 [INFO] Capturing response: https://www.google.com/async/folae?async=_fmt:pb&udm=50&client_locale=en-US&client_country=ZZ 200 
2026-06-21 22:16:31,385 [INFO] Capturing response: https://cdnjs.cloudflare.com/ajax/libs/jquery/3.2.1/jquery.min.js 200 
2026-06-21 22:16:31,480 [INFO] Capturing response: https://cdn.jsdelivr.net/npm/@clappr/player@latest/dist/clappr.min.js 200 
2026-06-21 22:16:31,636 [INFO] Capturing request: https://static.cloudflareinsights.com/beacon.min.js/v833ccba57c9e4d2798f2e76cebdd09a11778172276447
2026-06-21 22:16:31,669 [INFO] Capturing response: https://static.cloudflareinsights.com/beacon.min.js/v833ccba57c9e4d2798f2e76cebdd09a11778172276447 200 
2026-06-21 22:16:31,728 [INFO] Capturing request: https://atomsportv508.top/cdn-cgi/rum?
2026-06-21 22:16:31,828 [INFO] Capturing request: https://atomsportv508.top/favicon.ico
2026-06-21 22:16:31,903 [INFO] Capturing response: https://atomsportv508.top/favicon.ico 200 
2026-06-21 22:16:31,912 [INFO] Capturing response: https://atomsportv508.top/cdn-cgi/rum? 204 
2026-06-21 22:16:31,998 [INFO] Capturing request: https://teletv5.top/load/yayinlink.php?id=bein-sports-1
2026-06-21 22:16:32,397 [INFO] Capturing response: https://teletv5.top/load/yayinlink.php?id=bein-sports-1 200 
2026-06-21 22:16:32,414 [INFO] Capturing request: https://streamsport365.com/cinema
2026-06-21 22:16:32,735 [INFO] Capturing response: https://streamsport365.com/cinema 200 
2026-06-21 22:16:32,865 [INFO] Capturing request: https://atomsportv508.top/assets/img/player_logo_6880e4e4c52ee.png
2026-06-21 22:16:32,956 [INFO] Capturing response: https://atomsportv508.top/assets/img/player_logo_6880e4e4c52ee.png 200 
2026-06-21 22:16:33,000 [INFO] Capturing request: https://hlssssssssssssssssss.yedeklinksa35.workers.dev/https://corestream.ronaldovurdu.help//aspor/tracks-v1a1/mono.m3u8
2026-06-21 22:16:33,297 [INFO] Capturing response: https://hlssssssssssssssssss.yedeklinksa35.workers.dev/https://corestream.ronaldovurdu.help//aspor/tracks-v1a1/mono.m3u8 200 
2026-06-21 22:16:33,587 [INFO] Capturing request: https://ts.yedeklinksa35.workers.dev/aspor/tracks-v1a1/2026/06/21/22/16/41-06000.avif
2026-06-21 22:16:33,630 [INFO] Capturing request: https://android.clients.google.com/checkin
2026-06-21 22:16:33,767 [INFO] Capturing response: https://android.clients.google.com/checkin 200 
2026-06-21 22:16:33,814 [INFO] Capturing request: https://android.clients.google.com/c2dm/register3
2026-06-21 22:16:33,821 [INFO] Capturing request: https://android.clients.google.com/c2dm/register3
2026-06-21 22:16:33,825 [INFO] Capturing request: https://android.clients.google.com/c2dm/register3
2026-06-21 22:16:33,886 [INFO] Capturing response: https://android.clients.google.com/c2dm/register3 301 
2026-06-21 22:16:34,750 [INFO]   ✅ M3U8 bulundu: https://hlssssssssssssssssss.yedeklinksa35.workers.dev/https://corestream.ronaldovurdu.help//aspor/tracks-v1a1/mono.m3u8
2026-06-21 22:16:35,002 [INFO] Capturing response: https://android.clients.google.com/c2dm/register3 200 
2026-06-21 22:16:35,255 [INFO] Capturing response: https://android.clients.google.com/c2dm/register3 200 
2026-06-21 22:16:35,550 [INFO] Capturing response: https://ts.yedeklinksa35.workers.dev/aspor/tracks-v1a1/2026/06/21/22/16/41-06000.avif 200 
2026-06-21 22:16:35,750 [INFO] 
[2/14]
2026-06-21 22:16:35,751 [INFO] 🔍 beIN Sports 2 → https://atomsportv508.top/matches?id=bein-sports-2
2026-06-21 22:16:35,811 [INFO] Capturing request: https://ts.yedeklinksa35.workers.dev/aspor/tracks-v1a1/2026/06/21/22/16/47-06000.avif
2026-06-21 22:16:35,866 [INFO] Capturing request: https://atomsportv508.top/matches?id=bein-sports-2
2026-06-21 22:16:35,932 [INFO] Capturing response: https://atomsportv508.top/matches?id=bein-sports-2 200 
2026-06-21 22:16:35,943 [INFO] Capturing request: https://atomsportv508.top/cdn-cgi/rum?
2026-06-21 22:16:35,993 [INFO] Capturing request: https://streamsport365.com/cinema
2026-06-21 22:16:36,000 [INFO] Capturing request: https://atomsportv508.top/cdn-cgi/rum?
2026-06-21 22:16:36,092 [INFO] Capturing response: https://atomsportv508.top/cdn-cgi/rum? 204 
2026-06-21 22:16:36,092 [INFO] Capturing request: https://teletv5.top/load/yayinlink.php?id=bein-sports-2
2026-06-21 22:16:36,102 [INFO] Capturing request: https://atomsportv508.top/favicon.ico
2026-06-21 22:16:36,154 [INFO] Capturing response: https://atomsportv508.top/favicon.ico 200 
2026-06-21 22:16:36,186 [INFO] Capturing response: https://atomsportv508.top/cdn-cgi/rum? 204 
2026-06-21 22:16:36,309 [INFO] Capturing response: https://teletv5.top/load/yayinlink.php?id=bein-sports-2 200 
2026-06-21 22:16:36,319 [INFO] Capturing response: https://streamsport365.com/cinema 200 
2026-06-21 22:16:36,439 [INFO] Capturing request: https://hlssssssssssssssssss.yedeklinksa35.workers.dev/https://corestream.ronaldovurdu.help//bein2/tracks-v1a1/mono.m3u8
2026-06-21 22:16:36,626 [INFO] Capturing response: https://hlssssssssssssssssss.yedeklinksa35.workers.dev/https://corestream.ronaldovurdu.help//bein2/tracks-v1a1/mono.m3u8 200 
2026-06-21 22:16:36,737 [INFO] Capturing request: https://ts.yedeklinksa35.workers.dev/bein2/tracks-v1a1/2026/06/21/22/16/11-10000.avif
2026-06-21 22:16:38,407 [INFO] Capturing response: https://ts.yedeklinksa35.workers.dev/aspor/tracks-v1a1/2026/06/21/22/16/47-06000.avif 200 
2026-06-21 22:16:39,013 [INFO]   ✅ M3U8 bulundu: https://hlssssssssssssssssss.yedeklinksa35.workers.dev/https://corestream.ronaldovurdu.help//bein2/tracks-v1a1/mono.m3u8
2026-06-21 22:16:39,217 [INFO] Capturing response: https://ts.yedeklinksa35.workers.dev/bein2/tracks-v1a1/2026/06/21/22/16/11-10000.avif 200 
2026-06-21 22:16:39,430 [INFO] Capturing request: https://ts.yedeklinksa35.workers.dev/bein2/tracks-v1a1/2026/06/21/22/16/21-10000.avif
2026-06-21 22:16:40,014 [INFO] 
[3/14]
2026-06-21 22:16:40,014 [INFO] 🔍 beIN Sports 3 → https://atomsportv508.top/matches?id=bein-sports-3
2026-06-21 22:16:40,128 [INFO] Capturing request: https://atomsportv508.top/assets/js/clappr.js
2026-06-21 22:16:40,129 [INFO] Capturing request: https://atomsportv508.top/matches?id=bein-sports-3
2026-06-21 22:16:40,228 [INFO] Capturing response: https://atomsportv508.top/assets/js/clappr.js 200 
2026-06-21 22:16:40,735 [INFO] Capturing response: https://atomsportv508.top/matches?id=bein-sports-3 200 
2026-06-21 22:16:40,746 [INFO] Capturing request: https://atomsportv508.top/cdn-cgi/rum?
2026-06-21 22:16:40,772 [INFO] Capturing request: https://atomsportv508.top/cdn-cgi/rum?
2026-06-21 22:16:40,870 [INFO] Capturing request: https://teletv5.top/load/yayinlink.php?id=bein-sports-3
2026-06-21 22:16:40,874 [INFO] Capturing request: https://atomsportv508.top/favicon.ico
2026-06-21 22:16:40,888 [INFO] Capturing response: https://atomsportv508.top/cdn-cgi/rum? 204 
2026-06-21 22:16:40,909 [INFO] Capturing response: https://atomsportv508.top/cdn-cgi/rum? 204 
2026-06-21 22:16:40,924 [INFO] Capturing response: https://atomsportv508.top/favicon.ico 200 
2026-06-21 22:16:41,010 [INFO] Capturing request: https://streamsport365.com/cinema
2026-06-21 22:16:41,082 [INFO] Capturing response: https://ts.yedeklinksa35.workers.dev/bein2/tracks-v1a1/2026/06/21/22/16/21-10000.avif 200 
2026-06-21 22:16:41,103 [INFO] Capturing response: https://teletv5.top/load/yayinlink.php?id=bein-sports-3 200 
2026-06-21 22:16:41,115 [INFO] 127.0.0.1:60198: ProtocolException("Error in HTTP connection: Http2ZombieException('Connection or stream already dead: 1782080201.115338, False')")
2026-06-21 22:16:41,336 [INFO] Capturing response: https://streamsport365.com/cinema 200 
2026-06-21 22:16:57,989 [INFO] Capturing request: https://android.clients.google.com/c2dm/register3
2026-06-21 22:16:58,056 [INFO] Capturing response: https://android.clients.google.com/c2dm/register3 301 
2026-06-21 22:17:14,090 [WARNING]   ❌ beIN Sports 3 için M3U8 bulunamadı
2026-06-21 22:17:15,090 [INFO] 
[4/14]
2026-06-21 22:17:15,090 [INFO] 🔍 beIN Sports 4 → https://atomsportv508.top/matches?id=bein-sports-4
2026-06-21 22:17:15,199 [INFO] Capturing request: https://atomsportv508.top/assets/js/clappr.js
2026-06-21 22:17:15,201 [INFO] Capturing request: https://atomsportv508.top/matches?id=bein-sports-4
2026-06-21 22:17:15,239 [INFO] Capturing response: https://atomsportv508.top/assets/js/clappr.js 200 
2026-06-21 22:17:15,558 [INFO] Capturing response: https://atomsportv508.top/matches?id=bein-sports-4 200 
2026-06-21 22:17:15,566 [INFO] Capturing request: https://atomsportv508.top/cdn-cgi/rum?
2026-06-21 22:17:15,594 [INFO] Capturing request: https://atomsportv508.top/cdn-cgi/rum?
2026-06-21 22:17:15,688 [INFO] Capturing request: https://teletv5.top/load/yayinlink.php?id=bein-sports-4
2026-06-21 22:17:15,694 [INFO] Capturing request: https://atomsportv508.top/favicon.ico
2026-06-21 22:17:15,707 [INFO] Capturing response: https://atomsportv508.top/cdn-cgi/rum? 204 
2026-06-21 22:17:15,729 [INFO] Capturing response: https://atomsportv508.top/cdn-cgi/rum? 204 
2026-06-21 22:17:15,749 [INFO] Capturing response: https://atomsportv508.top/favicon.ico 200 
2026-06-21 22:17:15,828 [INFO] Capturing request: https://streamsport365.com/cinema
2026-06-21 22:17:15,906 [INFO] Capturing response: https://teletv5.top/load/yayinlink.php?id=bein-sports-4 200 
2026-06-21 22:17:16,153 [INFO] Capturing response: https://streamsport365.com/cinema 200 
2026-06-21 22:17:30,633 [INFO] Capturing request: https://update.googleapis.com/service/update2/json?cup2key=16:q2xtG8_2Ek_N21VlLIFR4XCb_9ojkjF6LGnhN1ZtMfk&cup2hreq=cdc83dd2d799853b6bb3882780653b4709a8f3fbb920a373e415135011bf9418
2026-06-21 22:17:30,693 [INFO] Capturing response: https://update.googleapis.com/service/update2/json?cup2key=16:q2xtG8_2Ek_N21VlLIFR4XCb_9ojkjF6LGnhN1ZtMfk&cup2hreq=cdc83dd2d799853b6bb3882780653b4709a8f3fbb920a373e415135011bf9418 200 
2026-06-21 22:17:30,700 [INFO] Capturing request: http://edgedl.me.gvt1.com/edgedl/diffgen-puffin/gcmjkmgdlgnkkcocmoeiminaijmmjnii/df2a22d5ecc7788c3330ebd5f856b41531c74f412a01ed7453d11284708009fe
2026-06-21 22:17:30,772 [INFO] Capturing response: http://edgedl.me.gvt1.com/edgedl/diffgen-puffin/gcmjkmgdlgnkkcocmoeiminaijmmjnii/df2a22d5ecc7788c3330ebd5f856b41531c74f412a01ed7453d11284708009fe 200 OK
2026-06-21 22:17:30,802 [INFO] Capturing request: https://update.googleapis.com/service/update2/json
2026-06-21 22:17:30,861 [INFO] Capturing response: https://update.googleapis.com/service/update2/json 200 
2026-06-21 22:17:30,905 [INFO] Capturing request: http://edgedl.me.gvt1.com/edgedl/release2/chrome_component/kpd4k34bdnayc4apdnuczkq4ge_10599/hfnkpimlhhgieaddgfemjhofmfblmnib_10599_all_l6vlhwcjfjc556se4wv67p4dx4.crx3
2026-06-21 22:17:30,977 [INFO] Capturing response: http://edgedl.me.gvt1.com/edgedl/release2/chrome_component/kpd4k34bdnayc4apdnuczkq4ge_10599/hfnkpimlhhgieaddgfemjhofmfblmnib_10599_all_l6vlhwcjfjc556se4wv67p4dx4.crx3 200 OK
2026-06-21 22:17:31,013 [INFO] Capturing request: https://update.googleapis.com/service/update2/json
2026-06-21 22:17:31,092 [INFO] Capturing response: https://update.googleapis.com/service/update2/json 200 
2026-06-21 22:17:48,885 [WARNING]   ❌ beIN Sports 4 için M3U8 bulunamadı
2026-06-21 22:17:49,885 [INFO] 
[5/14]
2026-06-21 22:17:49,885 [INFO] 🔍 beIN Sports 5 → https://atomsportv508.top/matches?id=bein-sports-5
2026-06-21 22:17:50,070 [INFO] Capturing request: https://atomsportv508.top/matches?id=bein-sports-5
2026-06-21 22:17:50,071 [INFO] Capturing request: https://atomsportv508.top/assets/js/clappr.js
2026-06-21 22:17:50,125 [INFO] Capturing response: https://atomsportv508.top/assets/js/clappr.js 200 
2026-06-21 22:17:50,411 [INFO] Capturing response: https://atomsportv508.top/matches?id=bein-sports-5 200 
2026-06-21 22:17:50,421 [INFO] Capturing request: https://atomsportv508.top/cdn-cgi/rum?
2026-06-21 22:17:50,450 [INFO] Capturing request: https://atomsportv508.top/cdn-cgi/rum?
2026-06-21 22:17:50,550 [INFO] Capturing request: https://atomsportv508.top/favicon.ico
2026-06-21 22:17:50,574 [INFO] Capturing response: https://atomsportv508.top/cdn-cgi/rum? 204 
2026-06-21 22:17:50,591 [INFO] Capturing response: https://atomsportv508.top/cdn-cgi/rum? 204 
2026-06-21 22:17:50,606 [INFO] Capturing response: https://atomsportv508.top/favicon.ico 200 
2026-06-21 22:17:50,623 [INFO] Capturing request: https://teletv5.top/load/yayinlink.php?id=bein-sports-5
2026-06-21 22:17:51,038 [INFO] Capturing response: https://teletv5.top/load/yayinlink.php?id=bein-sports-5 200 
2026-06-21 22:17:51,100 [INFO] Capturing request: https://streamsport365.com/cinema
2026-06-21 22:17:51,417 [INFO] Capturing response: https://streamsport365.com/cinema 200 
2026-06-21 22:17:54,753 [INFO] Capturing request: https://android.clients.google.com/c2dm/register3
2026-06-21 22:17:54,813 [INFO] Capturing response: https://android.clients.google.com/c2dm/register3 301 
2026-06-21 22:18:23,723 [WARNING]   ❌ beIN Sports 5 için M3U8 bulunamadı
2026-06-21 22:18:24,723 [INFO] 
[6/14]
2026-06-21 22:18:24,723 [INFO] 🔍 beIN Sports Max 1 → https://atomsportv508.top/matches?id=bein-sports-max-1
2026-06-21 22:18:24,832 [INFO] Capturing request: https://atomsportv508.top/assets/js/clappr.js
2026-06-21 22:18:24,834 [INFO] Capturing request: https://atomsportv508.top/matches?id=bein-sports-max-1
2026-06-21 22:18:24,867 [INFO] Capturing response: https://atomsportv508.top/assets/js/clappr.js 200 
2026-06-21 22:18:25,166 [INFO] Capturing response: https://atomsportv508.top/matches?id=bein-sports-max-1 200 
2026-06-21 22:18:25,174 [INFO] Capturing request: https://atomsportv508.top/cdn-cgi/rum?
2026-06-21 22:18:25,206 [INFO] Capturing request: https://atomsportv508.top/cdn-cgi/rum?
2026-06-21 22:18:25,305 [INFO] Capturing request: https://teletv5.top/load/yayinlink.php?id=bein-sports-max-1
2026-06-21 22:18:25,311 [INFO] Capturing request: https://atomsportv508.top/favicon.ico
2026-06-21 22:18:25,314 [INFO] Capturing response: https://atomsportv508.top/cdn-cgi/rum? 204 
2026-06-21 22:18:25,332 [INFO] Capturing response: https://atomsportv508.top/cdn-cgi/rum? 204 
2026-06-21 22:18:25,364 [INFO] Capturing response: https://atomsportv508.top/favicon.ico 200 
2026-06-21 22:18:25,443 [INFO] Capturing request: https://streamsport365.com/cinema
2026-06-21 22:18:25,551 [INFO] Capturing response: https://teletv5.top/load/yayinlink.php?id=bein-sports-max-1 200 
2026-06-21 22:18:25,773 [INFO] Capturing response: https://streamsport365.com/cinema 200 
2026-06-21 22:18:58,478 [WARNING]   ❌ beIN Sports Max 1 için M3U8 bulunamadı
2026-06-21 22:18:59,478 [INFO] 
[7/14]
2026-06-21 22:18:59,478 [INFO] 🔍 beIN Sports Max 2 → https://atomsportv508.top/matches?id=bein-sports-max-2
2026-06-21 22:18:59,588 [INFO] Capturing request: https://atomsportv508.top/assets/js/clappr.js
2026-06-21 22:18:59,590 [INFO] Capturing request: https://atomsportv508.top/matches?id=bein-sports-max-2
2026-06-21 22:18:59,625 [INFO] Capturing response: https://atomsportv508.top/assets/js/clappr.js 200 
2026-06-21 22:18:59,937 [INFO] Capturing response: https://atomsportv508.top/matches?id=bein-sports-max-2 200 
2026-06-21 22:18:59,946 [INFO] Capturing request: https://atomsportv508.top/cdn-cgi/rum?
2026-06-21 22:18:59,980 [INFO] Capturing request: https://atomsportv508.top/cdn-cgi/rum?
2026-06-21 22:19:00,080 [INFO] Capturing request: https://teletv5.top/load/yayinlink.php?id=bein-sports-max-2
2026-06-21 22:19:00,081 [INFO] Capturing request: https://atomsportv508.top/favicon.ico
2026-06-21 22:19:00,086 [INFO] Capturing response: https://atomsportv508.top/cdn-cgi/rum? 204 
2026-06-21 22:19:00,105 [INFO] Capturing response: https://atomsportv508.top/cdn-cgi/rum? 204 
2026-06-21 22:19:00,128 [INFO] Capturing response: https://atomsportv508.top/favicon.ico 200 
2026-06-21 22:19:00,211 [INFO] Capturing request: https://streamsport365.com/cinema
2026-06-21 22:19:00,303 [INFO] Capturing response: https://teletv5.top/load/yayinlink.php?id=bein-sports-max-2 200 
2026-06-21 22:19:00,535 [INFO] Capturing response: https://streamsport365.com/cinema 200 
2026-06-21 22:19:33,250 [WARNING]   ❌ beIN Sports Max 2 için M3U8 bulunamadı
2026-06-21 22:19:34,251 [INFO] 
[8/14]
2026-06-21 22:19:34,251 [INFO] 🔍 S Sport → https://atomsportv508.top/matches?id=s-sport
2026-06-21 22:19:34,359 [INFO] Capturing request: https://atomsportv508.top/assets/js/clappr.js
2026-06-21 22:19:34,362 [INFO] Capturing request: https://atomsportv508.top/matches?id=s-sport
2026-06-21 22:19:34,395 [INFO] Capturing response: https://atomsportv508.top/assets/js/clappr.js 200 
2026-06-21 22:19:34,708 [INFO] Capturing response: https://atomsportv508.top/matches?id=s-sport 200 
2026-06-21 22:19:34,719 [INFO] Capturing request: https://atomsportv508.top/cdn-cgi/rum?
2026-06-21 22:19:34,747 [INFO] Capturing request: https://atomsportv508.top/cdn-cgi/rum?
2026-06-21 22:19:34,847 [INFO] Capturing request: https://teletv5.top/load/yayinlink.php?id=s-sport
2026-06-21 22:19:34,849 [INFO] Capturing request: https://atomsportv508.top/favicon.ico
2026-06-21 22:19:34,859 [INFO] Capturing response: https://atomsportv508.top/cdn-cgi/rum? 204 
2026-06-21 22:19:34,877 [INFO] Capturing response: https://atomsportv508.top/cdn-cgi/rum? 204 
2026-06-21 22:19:34,899 [INFO] Capturing response: https://atomsportv508.top/favicon.ico 200 
2026-06-21 22:19:34,983 [INFO] Capturing request: https://streamsport365.com/cinema
2026-06-21 22:19:35,071 [INFO] Capturing response: https://teletv5.top/load/yayinlink.php?id=s-sport 200 
2026-06-21 22:19:35,309 [INFO] Capturing response: https://streamsport365.com/cinema 200 
2026-06-21 22:19:35,426 [INFO] Capturing request: https://atomsportv508.top/assets/img/player_logo_6880e4e4c52ee.png
2026-06-21 22:19:35,496 [INFO] Capturing request: https://hlssssssssssssssssss.yedeklinksa35.workers.dev/https://corestream.ronaldovurdu.help//s-sportt/tracks-v1a1/mono.m3u8
2026-06-21 22:19:35,502 [INFO] Capturing response: https://atomsportv508.top/assets/img/player_logo_6880e4e4c52ee.png 200 
2026-06-21 22:19:35,785 [INFO] Capturing response: https://hlssssssssssssssssss.yedeklinksa35.workers.dev/https://corestream.ronaldovurdu.help//s-sportt/tracks-v1a1/mono.m3u8 200 
2026-06-21 22:19:36,001 [INFO] Capturing request: https://ts.yedeklinksa35.workers.dev/s-sportt/tracks-v1a1/2026/06/21/22/19/43-05000.avif
2026-06-21 22:19:36,987 [INFO] Capturing response: https://ts.yedeklinksa35.workers.dev/s-sportt/tracks-v1a1/2026/06/21/22/19/43-05000.avif 200 
2026-06-21 22:19:37,181 [INFO] Capturing request: https://ts.yedeklinksa35.workers.dev/s-sportt/tracks-v1a1/2026/06/21/22/19/48-05000.avif
2026-06-21 22:19:37,763 [INFO]   ✅ M3U8 bulundu: https://hlssssssssssssssssss.yedeklinksa35.workers.dev/https://corestream.ronaldovurdu.help//s-sportt/tracks-v1a1/mono.m3u8
2026-06-21 22:19:38,661 [INFO] Capturing response: https://ts.yedeklinksa35.workers.dev/s-sportt/tracks-v1a1/2026/06/21/22/19/48-05000.avif 200 
2026-06-21 22:19:38,764 [INFO] 
[9/14]
2026-06-21 22:19:38,764 [INFO] 🔍 S Sport 2 → https://atomsportv508.top/matches?id=s-sport-2
2026-06-21 22:19:38,862 [INFO] Capturing request: https://ts.yedeklinksa35.workers.dev/s-sportt/tracks-v1a1/2026/06/21/22/19/53-05000.avif
2026-06-21 22:19:38,872 [INFO] Capturing request: https://atomsportv508.top/assets/js/clappr.js
2026-06-21 22:19:38,874 [INFO] Capturing request: https://atomsportv508.top/matches?id=s-sport-2
2026-06-21 22:19:38,903 [INFO] Capturing response: https://atomsportv508.top/assets/js/clappr.js 200 
2026-06-21 22:19:38,943 [INFO] Capturing response: https://atomsportv508.top/matches?id=s-sport-2 200 
2026-06-21 22:19:38,955 [INFO] Capturing request: https://atomsportv508.top/cdn-cgi/rum?
2026-06-21 22:19:38,985 [INFO] Capturing request: https://streamsport365.com/cinema
2026-06-21 22:19:38,989 [INFO] Capturing request: https://atomsportv508.top/cdn-cgi/rum?
2026-06-21 22:19:39,082 [INFO] Capturing request: https://teletv5.top/load/yayinlink.php?id=s-sport-2
2026-06-21 22:19:39,093 [INFO] Capturing request: https://atomsportv508.top/favicon.ico
2026-06-21 22:19:39,115 [INFO] Capturing response: https://atomsportv508.top/cdn-cgi/rum? 204 
2026-06-21 22:19:39,132 [INFO] Capturing response: https://atomsportv508.top/cdn-cgi/rum? 204 
2026-06-21 22:19:39,141 [INFO] Capturing response: https://atomsportv508.top/favicon.ico 200 
2026-06-21 22:19:39,303 [INFO] Capturing response: https://teletv5.top/load/yayinlink.php?id=s-sport-2 200 
2026-06-21 22:19:39,312 [INFO] Capturing response: https://streamsport365.com/cinema 200 
2026-06-21 22:19:39,464 [INFO] Capturing request: https://hlssssssssssssssssss.yedeklinksa35.workers.dev/https://corestream.ronaldovurdu.help//s-sport2/tracks-v1a1/mono.m3u8
2026-06-21 22:19:39,492 [INFO] Capturing response: https://ts.yedeklinksa35.workers.dev/s-sportt/tracks-v1a1/2026/06/21/22/19/53-05000.avif 200 
2026-06-21 22:19:39,648 [INFO] Capturing response: https://hlssssssssssssssssss.yedeklinksa35.workers.dev/https://corestream.ronaldovurdu.help//s-sport2/tracks-v1a1/mono.m3u8 200 
2026-06-21 22:19:39,757 [INFO] Capturing request: https://ts.yedeklinksa35.workers.dev/s-sport2/tracks-v1a1/2026/06/21/22/20/23-06000.avif
2026-06-21 22:19:42,008 [INFO]   ✅ M3U8 bulundu: https://hlssssssssssssssssss.yedeklinksa35.workers.dev/https://corestream.ronaldovurdu.help//s-sport2/tracks-v1a1/mono.m3u8
2026-06-21 22:19:42,257 [INFO] Capturing response: https://ts.yedeklinksa35.workers.dev/s-sport2/tracks-v1a1/2026/06/21/22/20/23-06000.avif 200 
2026-06-21 22:19:42,536 [INFO] Capturing request: https://ts.yedeklinksa35.workers.dev/s-sport2/tracks-v1a1/2026/06/21/22/20/29-06000.avif
2026-06-21 22:19:43,008 [INFO] 
[10/14]
2026-06-21 22:19:43,008 [INFO] 🔍 A Spor → https://atomsportv508.top/matches?id=a-spor
2026-06-21 22:19:43,120 [INFO] Capturing request: https://atomsportv508.top/assets/js/clappr.js
2026-06-21 22:19:43,123 [INFO] Capturing request: https://atomsportv508.top/matches?id=a-spor
2026-06-21 22:19:43,153 [INFO] Capturing response: https://atomsportv508.top/assets/js/clappr.js 200 
2026-06-21 22:19:43,210 [INFO] Capturing response: https://atomsportv508.top/matches?id=a-spor 200 
2026-06-21 22:19:43,222 [INFO] Capturing request: https://atomsportv508.top/cdn-cgi/rum?
2026-06-21 22:19:43,268 [INFO] Capturing request: https://atomsportv508.top/cdn-cgi/rum?
2026-06-21 22:19:43,354 [INFO] Capturing request: https://teletv5.top/load/yayinlink.php?id=a-spor
2026-06-21 22:19:43,368 [INFO] Capturing request: https://atomsportv508.top/favicon.ico
2026-06-21 22:19:43,394 [INFO] Capturing response: https://atomsportv508.top/cdn-cgi/rum? 204 
2026-06-21 22:19:43,406 [INFO] Capturing response: https://atomsportv508.top/cdn-cgi/rum? 204 
2026-06-21 22:19:43,411 [INFO] Capturing response: https://atomsportv508.top/favicon.ico 200 
2026-06-21 22:19:43,494 [INFO] Capturing request: https://streamsport365.com/cinema
2026-06-21 22:19:43,576 [INFO] Capturing response: https://teletv5.top/load/yayinlink.php?id=a-spor 200 
2026-06-21 22:19:43,822 [INFO] Capturing response: https://streamsport365.com/cinema 200 
2026-06-21 22:19:43,942 [INFO] Capturing request: https://hlssssssssssssssssss.yedeklinksa35.workers.dev/https://corestream.ronaldovurdu.help//aspor/tracks-v1a1/mono.m3u8
2026-06-21 22:19:44,135 [INFO] Capturing response: https://hlssssssssssssssssss.yedeklinksa35.workers.dev/https://corestream.ronaldovurdu.help//aspor/tracks-v1a1/mono.m3u8 200 
2026-06-21 22:19:44,244 [INFO] Capturing request: https://ts.yedeklinksa35.workers.dev/aspor/tracks-v1a1/2026/06/21/22/19/47-06000.avif
2026-06-21 22:19:45,442 [INFO] Capturing response: https://ts.yedeklinksa35.workers.dev/s-sport2/tracks-v1a1/2026/06/21/22/20/29-06000.avif 200 
2026-06-21 22:19:45,477 [INFO] 127.0.0.1:54916: ProtocolException("Error in HTTP connection: Http2ZombieException('Connection or stream already dead: 1782080385.4763558, False')")
2026-06-21 22:19:45,869 [INFO] Capturing response: https://ts.yedeklinksa35.workers.dev/aspor/tracks-v1a1/2026/06/21/22/19/47-06000.avif 200 
2026-06-21 22:19:46,036 [INFO] Capturing request: https://ts.yedeklinksa35.workers.dev/aspor/tracks-v1a1/2026/06/21/22/19/53-06000.avif
2026-06-21 22:19:46,287 [INFO]   ✅ M3U8 bulundu: https://hlssssssssssssssssss.yedeklinksa35.workers.dev/https://corestream.ronaldovurdu.help//aspor/tracks-v1a1/mono.m3u8
2026-06-21 22:19:46,918 [INFO] Capturing request: https://android.clients.google.com/c2dm/register3
2026-06-21 22:19:46,987 [INFO] Capturing response: https://android.clients.google.com/c2dm/register3 301 
2026-06-21 22:19:47,287 [INFO] 
[11/14]
2026-06-21 22:19:47,287 [INFO] 🔍 Tivibu Spor 1 → https://atomsportv508.top/matches?id=tivibu-spor-1
2026-06-21 22:19:47,359 [INFO] Capturing response: https://ts.yedeklinksa35.workers.dev/aspor/tracks-v1a1/2026/06/21/22/19/53-06000.avif 200 
2026-06-21 22:19:47,399 [INFO] Capturing request: https://atomsportv508.top/matches?id=tivibu-spor-1
2026-06-21 22:19:47,400 [INFO] Capturing request: https://atomsportv508.top/assets/js/clappr.js
2026-06-21 22:19:47,450 [INFO] Capturing response: https://atomsportv508.top/matches?id=tivibu-spor-1 200 
2026-06-21 22:19:47,469 [INFO] Capturing request: https://atomsportv508.top/cdn-cgi/rum?
2026-06-21 22:19:47,481 [INFO] Capturing response: https://atomsportv508.top/assets/js/clappr.js 200 
2026-06-21 22:19:47,502 [INFO] Capturing request: https://streamsport365.com/cinema
2026-06-21 22:19:47,513 [INFO] Capturing request: https://atomsportv508.top/cdn-cgi/rum?
2026-06-21 22:19:47,602 [INFO] Capturing request: https://teletv5.top/load/yayinlink.php?id=tivibu-spor-1
2026-06-21 22:19:47,610 [INFO] Capturing response: https://atomsportv508.top/cdn-cgi/rum? 204 
2026-06-21 22:19:47,616 [INFO] Capturing request: https://atomsportv508.top/favicon.ico
2026-06-21 22:19:47,664 [INFO] Capturing response: https://atomsportv508.top/favicon.ico 200 
2026-06-21 22:19:47,694 [INFO] Capturing response: https://atomsportv508.top/cdn-cgi/rum? 204 
2026-06-21 22:19:47,823 [INFO] Capturing response: https://teletv5.top/load/yayinlink.php?id=tivibu-spor-1 200 
2026-06-21 22:19:47,838 [INFO] Capturing response: https://streamsport365.com/cinema 200 
2026-06-21 22:20:20,787 [WARNING]   ❌ Tivibu Spor 1 için M3U8 bulunamadı
2026-06-21 22:20:21,787 [INFO] 
[12/14]
2026-06-21 22:20:21,787 [INFO] 🔍 Tivibu Spor 2 → https://atomsportv508.top/matches?id=tivibu-spor-2
2026-06-21 22:20:21,897 [INFO] Capturing request: https://atomsportv508.top/assets/js/clappr.js
2026-06-21 22:20:21,898 [INFO] Capturing request: https://atomsportv508.top/matches?id=tivibu-spor-2
2026-06-21 22:20:21,934 [INFO] Capturing response: https://atomsportv508.top/assets/js/clappr.js 200 
2026-06-21 22:20:22,241 [INFO] Capturing response: https://atomsportv508.top/matches?id=tivibu-spor-2 200 
2026-06-21 22:20:22,250 [INFO] Capturing request: https://atomsportv508.top/cdn-cgi/rum?
2026-06-21 22:20:22,282 [INFO] Capturing request: https://atomsportv508.top/cdn-cgi/rum?
2026-06-21 22:20:22,378 [INFO] Capturing request: https://teletv5.top/load/yayinlink.php?id=tivibu-spor-2
2026-06-21 22:20:22,384 [INFO] Capturing request: https://atomsportv508.top/favicon.ico
2026-06-21 22:20:22,390 [INFO] Capturing response: https://atomsportv508.top/cdn-cgi/rum? 204 
2026-06-21 22:20:22,409 [INFO] Capturing response: https://atomsportv508.top/cdn-cgi/rum? 204 
2026-06-21 22:20:22,432 [INFO] Capturing response: https://atomsportv508.top/favicon.ico 200 
2026-06-21 22:20:22,519 [INFO] Capturing request: https://streamsport365.com/cinema
2026-06-21 22:20:22,605 [INFO] Capturing response: https://teletv5.top/load/yayinlink.php?id=tivibu-spor-2 200 
2026-06-21 22:20:22,850 [INFO] Capturing response: https://streamsport365.com/cinema 200 
2026-06-21 22:20:55,555 [WARNING]   ❌ Tivibu Spor 2 için M3U8 bulunamadı
2026-06-21 22:20:56,555 [INFO] 
[13/14]
2026-06-21 22:20:56,555 [INFO] 🔍 Tivibu Spor 3 → https://atomsportv508.top/matches?id=tivibu-spor-3
2026-06-21 22:20:56,663 [INFO] Capturing request: https://atomsportv508.top/assets/js/clappr.js
2026-06-21 22:20:56,665 [INFO] Capturing request: https://atomsportv508.top/matches?id=tivibu-spor-3
2026-06-21 22:20:56,699 [INFO] Capturing response: https://atomsportv508.top/assets/js/clappr.js 200 
2026-06-21 22:20:57,003 [INFO] Capturing response: https://atomsportv508.top/matches?id=tivibu-spor-3 200 
2026-06-21 22:20:57,012 [INFO] Capturing request: https://atomsportv508.top/cdn-cgi/rum?
2026-06-21 22:20:57,043 [INFO] Capturing request: https://atomsportv508.top/cdn-cgi/rum?
2026-06-21 22:20:57,138 [INFO] Capturing request: https://teletv5.top/load/yayinlink.php?id=tivibu-spor-3
2026-06-21 22:20:57,146 [INFO] Capturing request: https://atomsportv508.top/favicon.ico
2026-06-21 22:20:57,152 [INFO] Capturing response: https://atomsportv508.top/cdn-cgi/rum? 204 
2026-06-21 22:20:57,171 [INFO] Capturing response: https://atomsportv508.top/cdn-cgi/rum? 204 
2026-06-21 22:20:57,192 [INFO] Capturing response: https://atomsportv508.top/favicon.ico 200 
2026-06-21 22:20:57,279 [INFO] Capturing request: https://streamsport365.com/cinema
2026-06-21 22:20:57,363 [INFO] Capturing response: https://teletv5.top/load/yayinlink.php?id=tivibu-spor-3 200 
2026-06-21 22:20:57,603 [INFO] Capturing response: https://streamsport365.com/cinema 200 
2026-06-21 22:21:30,321 [WARNING]   ❌ Tivibu Spor 3 için M3U8 bulunamadı
2026-06-21 22:21:31,322 [INFO] 
[14/14]
2026-06-21 22:21:31,322 [INFO] 🔍 Tivibu Spor 4 → https://atomsportv508.top/matches?id=tivibu-spor-4
2026-06-21 22:21:31,431 [INFO] Capturing request: https://atomsportv508.top/assets/js/clappr.js
2026-06-21 22:21:31,433 [INFO] Capturing request: https://atomsportv508.top/matches?id=tivibu-spor-4
2026-06-21 22:21:31,467 [INFO] Capturing response: https://atomsportv508.top/assets/js/clappr.js 200 
2026-06-21 22:21:31,769 [INFO] Capturing response: https://atomsportv508.top/matches?id=tivibu-spor-4 200 
2026-06-21 22:21:31,779 [INFO] Capturing request: https://atomsportv508.top/cdn-cgi/rum?
2026-06-21 22:21:31,809 [INFO] Capturing request: https://atomsportv508.top/cdn-cgi/rum?
2026-06-21 22:21:31,904 [INFO] Capturing request: https://teletv5.top/load/yayinlink.php?id=tivibu-spor-4
2026-06-21 22:21:31,909 [INFO] Capturing request: https://atomsportv508.top/favicon.ico
2026-06-21 22:21:31,919 [INFO] Capturing response: https://atomsportv508.top/cdn-cgi/rum? 204 
2026-06-21 22:21:31,938 [INFO] Capturing response: https://atomsportv508.top/cdn-cgi/rum? 204 
2026-06-21 22:21:31,957 [INFO] Capturing response: https://atomsportv508.top/favicon.ico 200 
2026-06-21 22:21:32,042 [INFO] Capturing request: https://streamsport365.com/cinema
2026-06-21 22:21:32,125 [INFO] Capturing response: https://teletv5.top/load/yayinlink.php?id=tivibu-spor-4 200 
2026-06-21 22:21:32,372 [INFO] Capturing response: https://streamsport365.com/cinema 200 
2026-06-21 22:22:05,093 [WARNING]   ❌ Tivibu Spor 4 için M3U8 bulunamadı
2026-06-21 22:22:06,159 [INFO] ✅ 5 kanal bulundu, playlist.m3u kaydedildi
