2026-07-11 20:50:55,968 [INFO] 🌐 BASE_URL: https://atomsportv508.top
2026-07-11 20:50:56,792 [INFO] Başlanıyor... 14 kanal taranacak
2026-07-11 20:50:56,792 [INFO] Using default request storage
2026-07-11 20:50:56,796 [INFO] Created proxy listening on 127.0.0.1:40237
2026-07-11 20:50:57,485 [INFO] Capturing request: http://clients2.google.com/time/1/current?cup2key=10:dV3-3JuT38mVLAPomj0kAirWeyWvMks0zH37cRZiaVs&cup2hreq=e3b0c44298fc1c149afbf4c8996fb92427ae41e4649b934ca495991b7852b855
2026-07-11 20:50:57,581 [INFO] Capturing response: http://clients2.google.com/time/1/current?cup2key=10:dV3-3JuT38mVLAPomj0kAirWeyWvMks0zH37cRZiaVs&cup2hreq=e3b0c44298fc1c149afbf4c8996fb92427ae41e4649b934ca495991b7852b855 200 OK
2026-07-11 20:50:57,671 [INFO] 
[1/14]
2026-07-11 20:50:57,672 [INFO] 🔍 beIN Sports 1 → https://atomsportv508.top/matches?id=bein-sports-1
2026-07-11 20:50:57,837 [INFO] Capturing request: https://update.googleapis.com/service/update2/json?cup2key=16:f1eMgvDcutNe-pFZL0HRP1Pt9t47yf6Nt83iTIM4HXU&cup2hreq=e182888b6789b439a6faea1b54180aacc377192a718bf54297017fed65ee1147
2026-07-11 20:50:57,839 [INFO] Capturing request: https://accounts.google.com/ListAccounts?gpsia=1&source=ChromiumBrowser&json=standard&laf=b64bin
2026-07-11 20:50:57,948 [INFO] Capturing response: https://accounts.google.com/ListAccounts?gpsia=1&source=ChromiumBrowser&json=standard&laf=b64bin 200 
2026-07-11 20:50:57,950 [INFO] Capturing request: https://atomsportv508.top/matches?id=bein-sports-1
2026-07-11 20:50:57,953 [INFO] Capturing response: https://update.googleapis.com/service/update2/json?cup2key=16:f1eMgvDcutNe-pFZL0HRP1Pt9t47yf6Nt83iTIM4HXU&cup2hreq=e182888b6789b439a6faea1b54180aacc377192a718bf54297017fed65ee1147 200 
2026-07-11 20:50:58,001 [INFO] Capturing request: https://update.googleapis.com/service/update2/json?cup2key=16:m9FXACwxVddA9HMpcvewxe3H5B0tpE3PfeOlA_0WBSw&cup2hreq=9226f3443d068b1739c3bff8a03553d6d95e9e66c1f85ae723741f0043aea301
2026-07-11 20:50:58,043 [INFO] Capturing response: https://atomsportv508.top/matches?id=bein-sports-1 200 
2026-07-11 20:50:58,071 [INFO] Capturing response: https://update.googleapis.com/service/update2/json?cup2key=16:m9FXACwxVddA9HMpcvewxe3H5B0tpE3PfeOlA_0WBSw&cup2hreq=9226f3443d068b1739c3bff8a03553d6d95e9e66c1f85ae723741f0043aea301 200 
2026-07-11 20:50:58,196 [INFO] Capturing request: https://atomsportv508.top/assets/js/clappr.js
2026-07-11 20:50:58,249 [INFO] Capturing response: https://atomsportv508.top/assets/js/clappr.js 200 
2026-07-11 20:50:58,268 [INFO] Capturing request: https://cdn.jsdelivr.net/npm/@clappr/player@latest/dist/clappr.min.js
2026-07-11 20:50:58,273 [INFO] Capturing request: https://cdnjs.cloudflare.com/ajax/libs/jquery/3.2.1/jquery.min.js
2026-07-11 20:50:58,290 [INFO] Capturing request: https://www.google.com/async/folae?async=_fmt:pb&udm=50&client_locale=en-US&client_country=ZZ
2026-07-11 20:50:58,304 [INFO] Capturing response: https://cdnjs.cloudflare.com/ajax/libs/jquery/3.2.1/jquery.min.js 200 
2026-07-11 20:50:58,321 [INFO] Capturing response: https://cdn.jsdelivr.net/npm/@clappr/player@latest/dist/clappr.min.js 200 
2026-07-11 20:50:58,334 [INFO] Capturing response: https://www.google.com/async/folae?async=_fmt:pb&udm=50&client_locale=en-US&client_country=ZZ 200 
2026-07-11 20:50:58,504 [INFO] Capturing request: https://static.cloudflareinsights.com/beacon.min.js/v4513226cdae34746b4dedf0b4dfa099e1781791509496
2026-07-11 20:50:58,583 [INFO] Capturing response: https://static.cloudflareinsights.com/beacon.min.js/v4513226cdae34746b4dedf0b4dfa099e1781791509496 200 
2026-07-11 20:50:58,644 [INFO] Capturing request: https://atomsportv508.top/cdn-cgi/rum?
2026-07-11 20:50:58,750 [INFO] Capturing request: https://atomsportv508.top/favicon.ico
2026-07-11 20:50:58,815 [INFO] Capturing response: https://atomsportv508.top/favicon.ico 200 
2026-07-11 20:50:58,818 [INFO] Capturing response: https://atomsportv508.top/cdn-cgi/rum? 204 
2026-07-11 20:50:59,044 [INFO] Capturing request: https://teletv5.top/load/yayinlink.php?id=bein-sports-1
2026-07-11 20:50:59,319 [INFO] Capturing request: https://streamsport365.com/cinema
2026-07-11 20:50:59,400 [INFO] Capturing response: https://teletv5.top/load/yayinlink.php?id=bein-sports-1 200 
2026-07-11 20:50:59,620 [INFO] Capturing response: https://streamsport365.com/cinema 200 
2026-07-11 20:50:59,754 [INFO] Capturing request: https://atomsportv508.top/assets/img/player_logo_6880e4e4c52ee.png
2026-07-11 20:50:59,851 [INFO] Capturing response: https://atomsportv508.top/assets/img/player_logo_6880e4e4c52ee.png 200 
2026-07-11 20:50:59,854 [INFO] Capturing request: https://hlssssss-wildflower-4845.ugurdurmus9402.workers.dev/https://corestream.taylandakanzi.help//trtspor/tracks-v1a1/mono.m3u8
2026-07-11 20:51:00,407 [INFO] Capturing response: https://hlssssss-wildflower-4845.ugurdurmus9402.workers.dev/https://corestream.taylandakanzi.help//trtspor/tracks-v1a1/mono.m3u8 200 
2026-07-11 20:51:00,554 [INFO] Capturing request: https://android.clients.google.com/checkin
2026-07-11 20:51:00,636 [INFO] Capturing response: https://android.clients.google.com/checkin 200 
2026-07-11 20:51:00,668 [INFO] Capturing request: https://tsss.ugurdurmus9402.workers.dev/trtspor/tracks-v1a1/2026/07/11/20/50/21-10000.avif
2026-07-11 20:51:00,684 [INFO] Capturing request: https://android.clients.google.com/c2dm/register3
2026-07-11 20:51:00,690 [INFO] Capturing request: https://android.clients.google.com/c2dm/register3
2026-07-11 20:51:00,691 [INFO] Capturing request: https://android.clients.google.com/c2dm/register3
2026-07-11 20:51:00,732 [INFO] Capturing response: https://android.clients.google.com/c2dm/register3 301 
2026-07-11 20:51:01,272 [INFO] Capturing response: https://android.clients.google.com/c2dm/register3 200 
2026-07-11 20:51:01,321 [INFO] Capturing response: https://android.clients.google.com/c2dm/register3 200 
2026-07-11 20:51:01,666 [INFO]   ✅ M3U8 bulundu: https://hlssssss-wildflower-4845.ugurdurmus9402.workers.dev/https://corestream.taylandakanzi.help//trtspor/tracks-v1a1/mono.m3u8
2026-07-11 20:51:02,666 [INFO] 
[2/14]
2026-07-11 20:51:02,666 [INFO] 🔍 beIN Sports 2 → https://atomsportv508.top/matches?id=bein-sports-2
2026-07-11 20:51:02,728 [INFO] Capturing response: https://tsss.ugurdurmus9402.workers.dev/trtspor/tracks-v1a1/2026/07/11/20/50/21-10000.avif 200 
2026-07-11 20:51:02,776 [INFO] Capturing request: https://atomsportv508.top/matches?id=bein-sports-2
2026-07-11 20:51:02,837 [INFO] Capturing response: https://atomsportv508.top/matches?id=bein-sports-2 200 
2026-07-11 20:51:02,879 [INFO] Capturing request: https://atomsportv508.top/cdn-cgi/rum?
2026-07-11 20:51:02,944 [INFO] Capturing request: https://atomsportv508.top/cdn-cgi/rum?
2026-07-11 20:51:02,947 [INFO] Capturing request: https://streamsport365.com/cinema
2026-07-11 20:51:03,008 [INFO] Capturing response: https://atomsportv508.top/cdn-cgi/rum? 204 
2026-07-11 20:51:03,040 [INFO] Capturing request: https://teletv5.top/load/yayinlink.php?id=bein-sports-2
2026-07-11 20:51:03,047 [INFO] Capturing request: https://atomsportv508.top/favicon.ico
2026-07-11 20:51:03,086 [INFO] Capturing response: https://atomsportv508.top/favicon.ico 200 
2026-07-11 20:51:03,116 [INFO] Capturing response: https://atomsportv508.top/cdn-cgi/rum? 204 
2026-07-11 20:51:03,224 [INFO] Capturing response: https://teletv5.top/load/yayinlink.php?id=bein-sports-2 200 
2026-07-11 20:51:03,252 [INFO] Capturing response: https://streamsport365.com/cinema 200 
2026-07-11 20:51:03,372 [INFO] Capturing request: https://hlssssss-wildflower-4845.ugurdurmus9402.workers.dev/https://corestream.taylandakanzi.help//bein2/tracks-v1a1/mono.m3u8
2026-07-11 20:51:03,852 [INFO] Capturing response: https://hlssssss-wildflower-4845.ugurdurmus9402.workers.dev/https://corestream.taylandakanzi.help//bein2/tracks-v1a1/mono.m3u8 404 
2026-07-11 20:51:05,961 [INFO]   ✅ M3U8 bulundu: https://hlssssss-wildflower-4845.ugurdurmus9402.workers.dev/https://corestream.taylandakanzi.help//bein2/tracks-v1a1/mono.m3u8
2026-07-11 20:51:06,961 [INFO] 
[3/14]
2026-07-11 20:51:06,961 [INFO] 🔍 beIN Sports 3 → https://atomsportv508.top/matches?id=bein-sports-3
2026-07-11 20:51:07,072 [INFO] Capturing request: https://atomsportv508.top/matches?id=bein-sports-3
2026-07-11 20:51:07,116 [INFO] Capturing response: https://atomsportv508.top/matches?id=bein-sports-3 200 
2026-07-11 20:51:07,125 [INFO] Capturing request: https://atomsportv508.top/cdn-cgi/rum?
2026-07-11 20:51:07,156 [INFO] Capturing request: https://atomsportv508.top/cdn-cgi/rum?
2026-07-11 20:51:07,255 [INFO] Capturing request: https://teletv5.top/load/yayinlink.php?id=bein-sports-3
2026-07-11 20:51:07,260 [INFO] Capturing request: https://atomsportv508.top/favicon.ico
2026-07-11 20:51:07,276 [INFO] Capturing response: https://atomsportv508.top/cdn-cgi/rum? 204 
2026-07-11 20:51:07,282 [INFO] Capturing response: https://atomsportv508.top/cdn-cgi/rum? 204 
2026-07-11 20:51:07,301 [INFO] Capturing response: https://atomsportv508.top/favicon.ico 200 
2026-07-11 20:51:07,382 [INFO] Capturing request: https://streamsport365.com/cinema
2026-07-11 20:51:07,438 [INFO] Capturing response: https://teletv5.top/load/yayinlink.php?id=bein-sports-3 200 
2026-07-11 20:51:07,689 [INFO] Capturing response: https://streamsport365.com/cinema 200 
2026-07-11 20:51:07,809 [INFO] Capturing request: https://hlssssss-wildflower-4845.ugurdurmus9402.workers.dev/https://corestream.taylandakanzi.help//trtspor/tracks-v1a1/mono.m3u8
2026-07-11 20:51:07,949 [INFO] Capturing response: https://hlssssss-wildflower-4845.ugurdurmus9402.workers.dev/https://corestream.taylandakanzi.help//trtspor/tracks-v1a1/mono.m3u8 200 
2026-07-11 20:51:08,059 [INFO] Capturing request: https://tsss.ugurdurmus9402.workers.dev/trtspor/tracks-v1a1/2026/07/11/20/50/31-10000.avif
2026-07-11 20:51:10,106 [INFO] Capturing response: https://tsss.ugurdurmus9402.workers.dev/trtspor/tracks-v1a1/2026/07/11/20/50/31-10000.avif 200 
2026-07-11 20:51:10,177 [INFO]   ✅ M3U8 bulundu: https://hlssssss-wildflower-4845.ugurdurmus9402.workers.dev/https://corestream.taylandakanzi.help//trtspor/tracks-v1a1/mono.m3u8
2026-07-11 20:51:10,361 [INFO] Capturing request: https://tsss.ugurdurmus9402.workers.dev/trtspor/tracks-v1a1/2026/07/11/20/50/41-10000.avif
2026-07-11 20:51:11,177 [INFO] 
[4/14]
2026-07-11 20:51:11,177 [INFO] 🔍 beIN Sports 4 → https://atomsportv508.top/matches?id=bein-sports-4
2026-07-11 20:51:11,288 [INFO] Capturing request: https://atomsportv508.top/matches?id=bein-sports-4
2026-07-11 20:51:11,335 [INFO] Capturing response: https://atomsportv508.top/matches?id=bein-sports-4 200 
2026-07-11 20:51:11,346 [INFO] Capturing request: https://atomsportv508.top/cdn-cgi/rum?
2026-07-11 20:51:11,382 [INFO] Capturing request: https://streamsport365.com/cinema
2026-07-11 20:51:11,385 [INFO] Capturing request: https://atomsportv508.top/cdn-cgi/rum?
2026-07-11 20:51:11,483 [INFO] Capturing request: https://teletv5.top/load/yayinlink.php?id=bein-sports-4
2026-07-11 20:51:11,492 [INFO] Capturing request: https://atomsportv508.top/favicon.ico
2026-07-11 20:51:11,506 [INFO] Capturing response: https://atomsportv508.top/cdn-cgi/rum? 204 
2026-07-11 20:51:11,518 [INFO] Capturing response: https://atomsportv508.top/cdn-cgi/rum? 204 
2026-07-11 20:51:11,533 [INFO] Capturing response: https://atomsportv508.top/favicon.ico 200 
2026-07-11 20:51:11,670 [INFO] Capturing response: https://teletv5.top/load/yayinlink.php?id=bein-sports-4 200 
2026-07-11 20:51:11,685 [INFO] Capturing response: https://streamsport365.com/cinema 200 
2026-07-11 20:51:11,831 [INFO] Capturing request: https://hlssssss-wildflower-4845.ugurdurmus9402.workers.dev/https://corestream.taylandakanzi.help//bein2/tracks-v1a1/mono.m3u8
2026-07-11 20:51:11,971 [INFO] Capturing response: https://hlssssss-wildflower-4845.ugurdurmus9402.workers.dev/https://corestream.taylandakanzi.help//bein2/tracks-v1a1/mono.m3u8 404 
2026-07-11 20:51:12,632 [INFO] Capturing response: https://tsss.ugurdurmus9402.workers.dev/trtspor/tracks-v1a1/2026/07/11/20/50/41-10000.avif 200 
2026-07-11 20:51:12,682 [INFO] 127.0.0.1:43232: ProtocolException("Error in HTTP connection: Http2ZombieException('Connection or stream already dead: 1783803072.681621, False')")
2026-07-11 20:51:14,395 [INFO]   ✅ M3U8 bulundu: https://hlssssss-wildflower-4845.ugurdurmus9402.workers.dev/https://corestream.taylandakanzi.help//bein2/tracks-v1a1/mono.m3u8
2026-07-11 20:51:15,395 [INFO] 
[5/14]
2026-07-11 20:51:15,395 [INFO] 🔍 beIN Sports 5 → https://atomsportv508.top/matches?id=bein-sports-5
2026-07-11 20:51:15,504 [INFO] Capturing request: https://atomsportv508.top/assets/js/clappr.js
2026-07-11 20:51:15,506 [INFO] Capturing request: https://atomsportv508.top/matches?id=bein-sports-5
2026-07-11 20:51:15,534 [INFO] Capturing response: https://atomsportv508.top/assets/js/clappr.js 200 
2026-07-11 20:51:15,585 [INFO] Capturing response: https://atomsportv508.top/matches?id=bein-sports-5 200 
2026-07-11 20:51:15,594 [INFO] Capturing request: https://atomsportv508.top/cdn-cgi/rum?
2026-07-11 20:51:15,624 [INFO] Capturing request: https://atomsportv508.top/cdn-cgi/rum?
2026-07-11 20:51:15,722 [INFO] Capturing request: https://teletv5.top/load/yayinlink.php?id=bein-sports-5
2026-07-11 20:51:15,729 [INFO] Capturing request: https://atomsportv508.top/favicon.ico
2026-07-11 20:51:15,741 [INFO] Capturing response: https://atomsportv508.top/cdn-cgi/rum? 204 
2026-07-11 20:51:15,753 [INFO] Capturing response: https://atomsportv508.top/cdn-cgi/rum? 204 
2026-07-11 20:51:15,776 [INFO] Capturing response: https://atomsportv508.top/favicon.ico 200 
2026-07-11 20:51:15,847 [INFO] Capturing request: https://streamsport365.com/cinema
2026-07-11 20:51:16,161 [INFO] Capturing response: https://streamsport365.com/cinema 200 
2026-07-11 20:51:16,405 [INFO] Capturing response: https://teletv5.top/load/yayinlink.php?id=bein-sports-5 200 
2026-07-11 20:51:16,527 [INFO] Capturing request: https://hlssssss-wildflower-4845.ugurdurmus9402.workers.dev/https://corestream.taylandakanzi.help//bein2/tracks-v1a1/mono.m3u8
2026-07-11 20:51:16,666 [INFO] Capturing response: https://hlssssss-wildflower-4845.ugurdurmus9402.workers.dev/https://corestream.taylandakanzi.help//bein2/tracks-v1a1/mono.m3u8 404 
2026-07-11 20:51:18,638 [INFO]   ✅ M3U8 bulundu: https://hlssssss-wildflower-4845.ugurdurmus9402.workers.dev/https://corestream.taylandakanzi.help//bein2/tracks-v1a1/mono.m3u8
2026-07-11 20:51:19,638 [INFO] 
[6/14]
2026-07-11 20:51:19,639 [INFO] 🔍 beIN Sports Max 1 → https://atomsportv508.top/matches?id=bein-sports-max-1
2026-07-11 20:51:19,748 [INFO] Capturing request: https://atomsportv508.top/assets/js/clappr.js
2026-07-11 20:51:19,750 [INFO] Capturing request: https://atomsportv508.top/matches?id=bein-sports-max-1
2026-07-11 20:51:19,781 [INFO] Capturing response: https://atomsportv508.top/assets/js/clappr.js 200 
2026-07-11 20:51:19,827 [INFO] Capturing response: https://atomsportv508.top/matches?id=bein-sports-max-1 200 
2026-07-11 20:51:19,835 [INFO] Capturing request: https://atomsportv508.top/cdn-cgi/rum?
2026-07-11 20:51:19,865 [INFO] Capturing request: https://streamsport365.com/cinema
2026-07-11 20:51:19,871 [INFO] Capturing request: https://atomsportv508.top/cdn-cgi/rum?
2026-07-11 20:51:19,969 [INFO] Capturing request: https://teletv5.top/load/yayinlink.php?id=bein-sports-max-1
2026-07-11 20:51:19,971 [INFO] Capturing request: https://atomsportv508.top/favicon.ico
2026-07-11 20:51:19,987 [INFO] Capturing response: https://atomsportv508.top/cdn-cgi/rum? 204 
2026-07-11 20:51:19,999 [INFO] Capturing response: https://atomsportv508.top/cdn-cgi/rum? 204 
2026-07-11 20:51:20,009 [INFO] Capturing response: https://atomsportv508.top/favicon.ico 200 
2026-07-11 20:51:20,153 [INFO] Capturing response: https://teletv5.top/load/yayinlink.php?id=bein-sports-max-1 200 
2026-07-11 20:51:20,181 [INFO] Capturing response: https://streamsport365.com/cinema 200 
2026-07-11 20:51:20,313 [INFO] Capturing request: https://hlssssss-wildflower-4845.ugurdurmus9402.workers.dev/https://corestream.taylandakanzi.help//trtspor/tracks-v1a1/mono.m3u8
2026-07-11 20:51:20,452 [INFO] Capturing response: https://hlssssss-wildflower-4845.ugurdurmus9402.workers.dev/https://corestream.taylandakanzi.help//trtspor/tracks-v1a1/mono.m3u8 200 
2026-07-11 20:51:20,603 [INFO] Capturing request: https://tsss.ugurdurmus9402.workers.dev/trtspor/tracks-v1a1/2026/07/11/20/50/51-10000.avif
2026-07-11 20:51:22,629 [INFO] Capturing response: https://tsss.ugurdurmus9402.workers.dev/trtspor/tracks-v1a1/2026/07/11/20/50/51-10000.avif 200 
2026-07-11 20:51:22,880 [INFO]   ✅ M3U8 bulundu: https://hlssssss-wildflower-4845.ugurdurmus9402.workers.dev/https://corestream.taylandakanzi.help//trtspor/tracks-v1a1/mono.m3u8
2026-07-11 20:51:22,883 [INFO] Capturing request: https://tsss.ugurdurmus9402.workers.dev/trtspor/tracks-v1a1/2026/07/11/20/51/01-10000.avif
2026-07-11 20:51:23,415 [INFO] Capturing request: https://android.clients.google.com/c2dm/register3
2026-07-11 20:51:23,465 [INFO] Capturing response: https://android.clients.google.com/c2dm/register3 301 
2026-07-11 20:51:23,881 [INFO] 
[7/14]
2026-07-11 20:51:23,882 [INFO] 🔍 beIN Sports Max 2 → https://atomsportv508.top/matches?id=bein-sports-max-2
2026-07-11 20:51:23,995 [INFO] Capturing request: https://atomsportv508.top/assets/js/clappr.js
2026-07-11 20:51:23,999 [INFO] Capturing request: https://atomsportv508.top/matches?id=bein-sports-max-2
2026-07-11 20:51:24,026 [INFO] Capturing response: https://atomsportv508.top/assets/js/clappr.js 200 
2026-07-11 20:51:24,071 [INFO] Capturing response: https://atomsportv508.top/matches?id=bein-sports-max-2 200 
2026-07-11 20:51:24,080 [INFO] Capturing request: https://atomsportv508.top/cdn-cgi/rum?
2026-07-11 20:51:24,114 [INFO] Capturing request: https://atomsportv508.top/cdn-cgi/rum?
2026-07-11 20:51:24,212 [INFO] Capturing request: https://teletv5.top/load/yayinlink.php?id=bein-sports-max-2
2026-07-11 20:51:24,217 [INFO] Capturing request: https://atomsportv508.top/favicon.ico
2026-07-11 20:51:24,232 [INFO] Capturing response: https://atomsportv508.top/cdn-cgi/rum? 204 
2026-07-11 20:51:24,244 [INFO] Capturing response: https://atomsportv508.top/cdn-cgi/rum? 204 
2026-07-11 20:51:24,264 [INFO] Capturing response: https://atomsportv508.top/favicon.ico 200 
2026-07-11 20:51:24,344 [INFO] Capturing request: https://streamsport365.com/cinema
2026-07-11 20:51:24,397 [INFO] Capturing response: https://teletv5.top/load/yayinlink.php?id=bein-sports-max-2 200 
2026-07-11 20:51:24,646 [INFO] Capturing response: https://streamsport365.com/cinema 200 
2026-07-11 20:51:24,770 [INFO] Capturing request: https://hlssssss-wildflower-4845.ugurdurmus9402.workers.dev/https://corestream.taylandakanzi.help//trtspor/tracks-v1a1/mono.m3u8
2026-07-11 20:51:24,907 [INFO] Capturing response: https://hlssssss-wildflower-4845.ugurdurmus9402.workers.dev/https://corestream.taylandakanzi.help//trtspor/tracks-v1a1/mono.m3u8 200 
2026-07-11 20:51:24,979 [INFO] Capturing response: https://tsss.ugurdurmus9402.workers.dev/trtspor/tracks-v1a1/2026/07/11/20/51/01-10000.avif 200 
2026-07-11 20:51:25,020 [INFO] Capturing request: https://tsss.ugurdurmus9402.workers.dev/trtspor/tracks-v1a1/2026/07/11/20/50/51-10000.avif
2026-07-11 20:51:26,357 [INFO] Capturing response: https://tsss.ugurdurmus9402.workers.dev/trtspor/tracks-v1a1/2026/07/11/20/50/51-10000.avif 200 
2026-07-11 20:51:26,606 [INFO] Capturing request: https://tsss.ugurdurmus9402.workers.dev/trtspor/tracks-v1a1/2026/07/11/20/51/01-10000.avif
2026-07-11 20:51:27,129 [INFO]   ✅ M3U8 bulundu: https://hlssssss-wildflower-4845.ugurdurmus9402.workers.dev/https://corestream.taylandakanzi.help//trtspor/tracks-v1a1/mono.m3u8
2026-07-11 20:51:27,921 [INFO] Capturing response: https://tsss.ugurdurmus9402.workers.dev/trtspor/tracks-v1a1/2026/07/11/20/51/01-10000.avif 200 
2026-07-11 20:51:28,130 [INFO] 
[8/14]
2026-07-11 20:51:28,130 [INFO] 🔍 S Sport → https://atomsportv508.top/matches?id=s-sport
2026-07-11 20:51:28,170 [INFO] Capturing request: https://tsss.ugurdurmus9402.workers.dev/trtspor/tracks-v1a1/2026/07/11/20/51/11-10000.avif
2026-07-11 20:51:28,241 [INFO] Capturing request: https://atomsportv508.top/assets/js/clappr.js
2026-07-11 20:51:28,242 [INFO] Capturing request: https://atomsportv508.top/matches?id=s-sport
2026-07-11 20:51:28,272 [INFO] Capturing response: https://atomsportv508.top/assets/js/clappr.js 200 
2026-07-11 20:51:28,765 [INFO] Capturing response: https://atomsportv508.top/matches?id=s-sport 200 
2026-07-11 20:51:28,774 [INFO] Capturing request: https://atomsportv508.top/cdn-cgi/rum?
2026-07-11 20:51:28,805 [INFO] Capturing request: https://atomsportv508.top/cdn-cgi/rum?
2026-07-11 20:51:28,806 [INFO] Capturing request: https://streamsport365.com/cinema
2026-07-11 20:51:28,906 [INFO] Capturing request: https://teletv5.top/load/yayinlink.php?id=s-sport
2026-07-11 20:51:28,908 [INFO] Capturing response: https://atomsportv508.top/cdn-cgi/rum? 204 
2026-07-11 20:51:28,910 [INFO] Capturing request: https://atomsportv508.top/favicon.ico
2026-07-11 20:51:28,952 [INFO] Capturing response: https://atomsportv508.top/favicon.ico 200 
2026-07-11 20:51:28,976 [INFO] Capturing response: https://atomsportv508.top/cdn-cgi/rum? 204 
2026-07-11 20:51:29,093 [INFO] Capturing response: https://teletv5.top/load/yayinlink.php?id=s-sport 200 
2026-07-11 20:51:29,124 [INFO] Capturing response: https://streamsport365.com/cinema 200 
2026-07-11 20:51:29,254 [INFO] Capturing request: https://hlssssss-wildflower-4845.ugurdurmus9402.workers.dev/https://corestream.taylandakanzi.help//s-sportt/tracks-v1a1/mono.m3u8
2026-07-11 20:51:29,398 [INFO] Capturing response: https://hlssssss-wildflower-4845.ugurdurmus9402.workers.dev/https://corestream.taylandakanzi.help//s-sportt/tracks-v1a1/mono.m3u8 404 
2026-07-11 20:51:30,115 [INFO] Capturing response: https://tsss.ugurdurmus9402.workers.dev/trtspor/tracks-v1a1/2026/07/11/20/51/11-10000.avif 200 
2026-07-11 20:51:31,820 [INFO]   ✅ M3U8 bulundu: https://hlssssss-wildflower-4845.ugurdurmus9402.workers.dev/https://corestream.taylandakanzi.help//s-sportt/tracks-v1a1/mono.m3u8
2026-07-11 20:51:32,821 [INFO] 
[9/14]
2026-07-11 20:51:32,821 [INFO] 🔍 S Sport 2 → https://atomsportv508.top/matches?id=s-sport-2
2026-07-11 20:51:32,931 [INFO] Capturing request: https://atomsportv508.top/assets/js/clappr.js
2026-07-11 20:51:32,933 [INFO] Capturing request: https://atomsportv508.top/matches?id=s-sport-2
2026-07-11 20:51:32,960 [INFO] Capturing response: https://atomsportv508.top/assets/js/clappr.js 200 
2026-07-11 20:51:33,003 [INFO] Capturing response: https://atomsportv508.top/matches?id=s-sport-2 200 
2026-07-11 20:51:33,013 [INFO] Capturing request: https://atomsportv508.top/cdn-cgi/rum?
2026-07-11 20:51:33,040 [INFO] Capturing request: https://atomsportv508.top/cdn-cgi/rum?
2026-07-11 20:51:33,139 [INFO] Capturing request: https://teletv5.top/load/yayinlink.php?id=s-sport-2
2026-07-11 20:51:33,142 [INFO] Capturing request: https://atomsportv508.top/favicon.ico
2026-07-11 20:51:33,157 [INFO] Capturing response: https://atomsportv508.top/cdn-cgi/rum? 204 
2026-07-11 20:51:33,170 [INFO] Capturing response: https://atomsportv508.top/cdn-cgi/rum? 204 
2026-07-11 20:51:33,188 [INFO] Capturing response: https://atomsportv508.top/favicon.ico 200 
2026-07-11 20:51:33,265 [INFO] Capturing request: https://streamsport365.com/cinema
2026-07-11 20:51:33,324 [INFO] Capturing response: https://teletv5.top/load/yayinlink.php?id=s-sport-2 200 
2026-07-11 20:51:33,573 [INFO] Capturing response: https://streamsport365.com/cinema 200 
2026-07-11 20:51:33,692 [INFO] Capturing request: https://hlssssss-wildflower-4845.ugurdurmus9402.workers.dev/https://corestream.taylandakanzi.help//s-sport2/tracks-v1a1/mono.m3u8
2026-07-11 20:51:33,835 [INFO] Capturing response: https://hlssssss-wildflower-4845.ugurdurmus9402.workers.dev/https://corestream.taylandakanzi.help//s-sport2/tracks-v1a1/mono.m3u8 404 
2026-07-11 20:51:36,056 [INFO]   ✅ M3U8 bulundu: https://hlssssss-wildflower-4845.ugurdurmus9402.workers.dev/https://corestream.taylandakanzi.help//s-sport2/tracks-v1a1/mono.m3u8
2026-07-11 20:51:37,056 [INFO] 
[10/14]
2026-07-11 20:51:37,056 [INFO] 🔍 A Spor → https://atomsportv508.top/matches?id=a-spor
2026-07-11 20:51:37,165 [INFO] Capturing request: https://atomsportv508.top/assets/js/clappr.js
2026-07-11 20:51:37,166 [INFO] Capturing request: https://atomsportv508.top/matches?id=a-spor
2026-07-11 20:51:37,196 [INFO] Capturing response: https://atomsportv508.top/assets/js/clappr.js 200 
2026-07-11 20:51:37,242 [INFO] Capturing response: https://atomsportv508.top/matches?id=a-spor 200 
2026-07-11 20:51:37,251 [INFO] Capturing request: https://atomsportv508.top/cdn-cgi/rum?
2026-07-11 20:51:37,279 [INFO] Capturing request: https://streamsport365.com/cinema
2026-07-11 20:51:37,286 [INFO] Capturing request: https://atomsportv508.top/cdn-cgi/rum?
2026-07-11 20:51:37,376 [INFO] Capturing request: https://teletv5.top/load/yayinlink.php?id=a-spor
2026-07-11 20:51:37,386 [INFO] Capturing request: https://atomsportv508.top/favicon.ico
2026-07-11 20:51:37,402 [INFO] Capturing response: https://atomsportv508.top/cdn-cgi/rum? 204 
2026-07-11 20:51:37,414 [INFO] Capturing response: https://atomsportv508.top/cdn-cgi/rum? 204 
2026-07-11 20:51:37,428 [INFO] Capturing response: https://atomsportv508.top/favicon.ico 200 
2026-07-11 20:51:37,556 [INFO] Capturing response: https://teletv5.top/load/yayinlink.php?id=a-spor 200 
2026-07-11 20:51:37,579 [INFO] Capturing response: https://streamsport365.com/cinema 200 
2026-07-11 20:51:37,715 [INFO] Capturing request: https://hlssssss-wildflower-4845.ugurdurmus9402.workers.dev/https://corestream.taylandakanzi.help//aspor/tracks-v1a1/mono.m3u8
2026-07-11 20:51:37,856 [INFO] Capturing response: https://hlssssss-wildflower-4845.ugurdurmus9402.workers.dev/https://corestream.taylandakanzi.help//aspor/tracks-v1a1/mono.m3u8 404 
2026-07-11 20:51:40,295 [INFO]   ✅ M3U8 bulundu: https://hlssssss-wildflower-4845.ugurdurmus9402.workers.dev/https://corestream.taylandakanzi.help//aspor/tracks-v1a1/mono.m3u8
2026-07-11 20:51:41,295 [INFO] 
[11/14]
2026-07-11 20:51:41,295 [INFO] 🔍 Tivibu Spor 1 → https://atomsportv508.top/matches?id=tivibu-spor-1
2026-07-11 20:51:41,404 [INFO] Capturing request: https://atomsportv508.top/assets/js/clappr.js
2026-07-11 20:51:41,405 [INFO] Capturing request: https://atomsportv508.top/matches?id=tivibu-spor-1
2026-07-11 20:51:41,438 [INFO] Capturing response: https://atomsportv508.top/assets/js/clappr.js 200 
2026-07-11 20:51:41,490 [INFO] Capturing response: https://atomsportv508.top/matches?id=tivibu-spor-1 200 
2026-07-11 20:51:41,499 [INFO] Capturing request: https://atomsportv508.top/cdn-cgi/rum?
2026-07-11 20:51:41,527 [INFO] Capturing request: https://atomsportv508.top/cdn-cgi/rum?
2026-07-11 20:51:41,624 [INFO] Capturing request: https://teletv5.top/load/yayinlink.php?id=tivibu-spor-1
2026-07-11 20:51:41,631 [INFO] Capturing request: https://atomsportv508.top/favicon.ico
2026-07-11 20:51:41,644 [INFO] Capturing response: https://atomsportv508.top/cdn-cgi/rum? 204 
2026-07-11 20:51:41,656 [INFO] Capturing response: https://atomsportv508.top/cdn-cgi/rum? 204 
2026-07-11 20:51:41,669 [INFO] Capturing response: https://atomsportv508.top/favicon.ico 200 
2026-07-11 20:51:41,753 [INFO] Capturing request: https://streamsport365.com/cinema
2026-07-11 20:51:41,806 [INFO] Capturing response: https://teletv5.top/load/yayinlink.php?id=tivibu-spor-1 200 
2026-07-11 20:51:42,063 [INFO] Capturing response: https://streamsport365.com/cinema 200 
2026-07-11 20:51:42,182 [INFO] Capturing request: https://hlssssss-wildflower-4845.ugurdurmus9402.workers.dev/https://corestream.taylandakanzi.help//trtspor/tracks-v1a1/mono.m3u8
2026-07-11 20:51:42,326 [INFO] Capturing response: https://hlssssss-wildflower-4845.ugurdurmus9402.workers.dev/https://corestream.taylandakanzi.help//trtspor/tracks-v1a1/mono.m3u8 200 
2026-07-11 20:51:42,436 [INFO] Capturing request: https://tsss.ugurdurmus9402.workers.dev/trtspor/tracks-v1a1/2026/07/11/20/51/11-10000.avif
2026-07-11 20:51:43,836 [INFO] Capturing response: https://tsss.ugurdurmus9402.workers.dev/trtspor/tracks-v1a1/2026/07/11/20/51/11-10000.avif 200 
2026-07-11 20:51:44,088 [INFO] Capturing request: https://tsss.ugurdurmus9402.workers.dev/trtspor/tracks-v1a1/2026/07/11/20/51/21-10000.avif
2026-07-11 20:51:44,543 [INFO]   ✅ M3U8 bulundu: https://hlssssss-wildflower-4845.ugurdurmus9402.workers.dev/https://corestream.taylandakanzi.help//trtspor/tracks-v1a1/mono.m3u8
2026-07-11 20:51:45,543 [INFO] 
[12/14]
2026-07-11 20:51:45,544 [INFO] 🔍 Tivibu Spor 2 → https://atomsportv508.top/matches?id=tivibu-spor-2
2026-07-11 20:51:45,655 [INFO] Capturing request: https://atomsportv508.top/assets/js/clappr.js
2026-07-11 20:51:45,657 [INFO] Capturing request: https://atomsportv508.top/matches?id=tivibu-spor-2
2026-07-11 20:51:45,688 [INFO] Capturing response: https://atomsportv508.top/assets/js/clappr.js 200 
2026-07-11 20:51:45,727 [INFO] Capturing response: https://atomsportv508.top/matches?id=tivibu-spor-2 200 
2026-07-11 20:51:45,778 [INFO] Capturing request: https://streamsport365.com/cinema
2026-07-11 20:51:45,781 [INFO] Capturing request: https://atomsportv508.top/cdn-cgi/rum?
2026-07-11 20:51:45,786 [INFO] Capturing request: https://atomsportv508.top/cdn-cgi/rum?
2026-07-11 20:51:45,880 [INFO] Capturing request: https://teletv5.top/load/yayinlink.php?id=tivibu-spor-2
2026-07-11 20:51:45,886 [INFO] Capturing request: https://atomsportv508.top/favicon.ico
2026-07-11 20:51:45,905 [INFO] Capturing response: https://atomsportv508.top/cdn-cgi/rum? 204 
2026-07-11 20:51:45,915 [INFO] Capturing response: https://atomsportv508.top/cdn-cgi/rum? 204 
2026-07-11 20:51:45,925 [INFO] Capturing response: https://atomsportv508.top/favicon.ico 200 
2026-07-11 20:51:46,064 [INFO] Capturing response: https://teletv5.top/load/yayinlink.php?id=tivibu-spor-2 200 
2026-07-11 20:51:46,088 [INFO] Capturing response: https://streamsport365.com/cinema 200 
2026-07-11 20:51:46,149 [INFO] Capturing response: https://tsss.ugurdurmus9402.workers.dev/trtspor/tracks-v1a1/2026/07/11/20/51/21-10000.avif 200 
2026-07-11 20:51:46,224 [INFO] Capturing request: https://hlssssss-wildflower-4845.ugurdurmus9402.workers.dev/https://corestream.taylandakanzi.help//trtspor/tracks-v1a1/mono.m3u8
2026-07-11 20:51:46,368 [INFO] Capturing response: https://hlssssss-wildflower-4845.ugurdurmus9402.workers.dev/https://corestream.taylandakanzi.help//trtspor/tracks-v1a1/mono.m3u8 200 
2026-07-11 20:51:46,518 [INFO] Capturing request: https://tsss.ugurdurmus9402.workers.dev/trtspor/tracks-v1a1/2026/07/11/20/51/11-10000.avif
2026-07-11 20:51:47,734 [INFO] Capturing response: https://tsss.ugurdurmus9402.workers.dev/trtspor/tracks-v1a1/2026/07/11/20/51/11-10000.avif 200 
2026-07-11 20:51:47,981 [INFO] Capturing request: https://tsss.ugurdurmus9402.workers.dev/trtspor/tracks-v1a1/2026/07/11/20/51/21-10000.avif
2026-07-11 20:51:48,796 [INFO]   ✅ M3U8 bulundu: https://hlssssss-wildflower-4845.ugurdurmus9402.workers.dev/https://corestream.taylandakanzi.help//trtspor/tracks-v1a1/mono.m3u8
2026-07-11 20:51:49,263 [INFO] Capturing response: https://tsss.ugurdurmus9402.workers.dev/trtspor/tracks-v1a1/2026/07/11/20/51/21-10000.avif 200 
2026-07-11 20:51:49,512 [INFO] Capturing request: https://tsss.ugurdurmus9402.workers.dev/trtspor/tracks-v1a1/2026/07/11/20/51/31-10000.avif
2026-07-11 20:51:49,797 [INFO] 
[13/14]
2026-07-11 20:51:49,797 [INFO] 🔍 Tivibu Spor 3 → https://atomsportv508.top/matches?id=tivibu-spor-3
2026-07-11 20:51:49,908 [INFO] Capturing request: https://atomsportv508.top/assets/js/clappr.js
2026-07-11 20:51:49,908 [INFO] Capturing request: https://atomsportv508.top/matches?id=tivibu-spor-3
2026-07-11 20:51:49,939 [INFO] Capturing response: https://atomsportv508.top/assets/js/clappr.js 200 
2026-07-11 20:51:49,984 [INFO] Capturing response: https://atomsportv508.top/matches?id=tivibu-spor-3 200 
2026-07-11 20:51:49,994 [INFO] Capturing request: https://atomsportv508.top/cdn-cgi/rum?
2026-07-11 20:51:50,022 [INFO] Capturing request: https://atomsportv508.top/cdn-cgi/rum?
2026-07-11 20:51:50,123 [INFO] Capturing request: https://teletv5.top/load/yayinlink.php?id=tivibu-spor-3
2026-07-11 20:51:50,126 [INFO] Capturing request: https://atomsportv508.top/favicon.ico
2026-07-11 20:51:50,140 [INFO] Capturing response: https://atomsportv508.top/cdn-cgi/rum? 204 
2026-07-11 20:51:50,149 [INFO] Capturing response: https://atomsportv508.top/cdn-cgi/rum? 204 
2026-07-11 20:51:50,178 [INFO] Capturing response: https://atomsportv508.top/favicon.ico 200 
2026-07-11 20:51:50,251 [INFO] Capturing request: https://streamsport365.com/cinema
2026-07-11 20:51:50,308 [INFO] Capturing response: https://teletv5.top/load/yayinlink.php?id=tivibu-spor-3 200 
2026-07-11 20:51:50,570 [INFO] Capturing response: https://streamsport365.com/cinema 200 
2026-07-11 20:51:50,695 [INFO] Capturing request: https://hlssssss-wildflower-4845.ugurdurmus9402.workers.dev/https://corestream.taylandakanzi.help//trtspor/tracks-v1a1/mono.m3u8
2026-07-11 20:51:50,830 [INFO] Capturing response: https://hlssssss-wildflower-4845.ugurdurmus9402.workers.dev/https://corestream.taylandakanzi.help//trtspor/tracks-v1a1/mono.m3u8 200 
2026-07-11 20:51:50,939 [INFO] Capturing request: https://tsss.ugurdurmus9402.workers.dev/trtspor/tracks-v1a1/2026/07/11/20/51/21-10000.avif
2026-07-11 20:51:52,149 [INFO] Capturing response: https://tsss.ugurdurmus9402.workers.dev/trtspor/tracks-v1a1/2026/07/11/20/51/31-10000.avif 200 
2026-07-11 20:51:52,895 [INFO] Capturing response: https://tsss.ugurdurmus9402.workers.dev/trtspor/tracks-v1a1/2026/07/11/20/51/21-10000.avif 200 
2026-07-11 20:51:53,039 [INFO]   ✅ M3U8 bulundu: https://hlssssss-wildflower-4845.ugurdurmus9402.workers.dev/https://corestream.taylandakanzi.help//trtspor/tracks-v1a1/mono.m3u8
2026-07-11 20:51:53,143 [INFO] Capturing request: https://tsss.ugurdurmus9402.workers.dev/trtspor/tracks-v1a1/2026/07/11/20/51/31-10000.avif
2026-07-11 20:51:54,040 [INFO] 
[14/14]
2026-07-11 20:51:54,040 [INFO] 🔍 Tivibu Spor 4 → https://atomsportv508.top/matches?id=tivibu-spor-4
2026-07-11 20:51:54,150 [INFO] Capturing request: https://atomsportv508.top/assets/js/clappr.js
2026-07-11 20:51:54,152 [INFO] Capturing request: https://atomsportv508.top/matches?id=tivibu-spor-4
2026-07-11 20:51:54,181 [INFO] Capturing response: https://atomsportv508.top/assets/js/clappr.js 200 
2026-07-11 20:51:54,229 [INFO] Capturing response: https://atomsportv508.top/matches?id=tivibu-spor-4 200 
2026-07-11 20:51:54,244 [INFO] Capturing request: https://atomsportv508.top/cdn-cgi/rum?
2026-07-11 20:51:54,276 [INFO] Capturing request: https://streamsport365.com/cinema
2026-07-11 20:51:54,280 [INFO] Capturing request: https://atomsportv508.top/cdn-cgi/rum?
2026-07-11 20:51:54,384 [INFO] Capturing request: https://teletv5.top/load/yayinlink.php?id=tivibu-spor-4
2026-07-11 20:51:54,387 [INFO] Capturing request: https://atomsportv508.top/favicon.ico
2026-07-11 20:51:54,401 [INFO] Capturing response: https://atomsportv508.top/cdn-cgi/rum? 204 
2026-07-11 20:51:54,414 [INFO] Capturing response: https://atomsportv508.top/cdn-cgi/rum? 204 
2026-07-11 20:51:54,432 [INFO] Capturing response: https://atomsportv508.top/favicon.ico 200 
2026-07-11 20:51:54,461 [INFO] Capturing response: https://tsss.ugurdurmus9402.workers.dev/trtspor/tracks-v1a1/2026/07/11/20/51/31-10000.avif 200 
2026-07-11 20:51:54,575 [INFO] Capturing response: https://teletv5.top/load/yayinlink.php?id=tivibu-spor-4 200 
2026-07-11 20:51:54,587 [INFO] Capturing response: https://streamsport365.com/cinema 200 
2026-07-11 20:51:57,469 [INFO] Capturing request: https://update.googleapis.com/service/update2/json?cup2key=16:Mt1F7RLlC2NjeWyvoyLv4SUoRcG3QxcSaEKSGWTlEBE&cup2hreq=93b6dcd560dd7575c2268a8e62fa35ef79dae6c4dcad73437781062a93106370
2026-07-11 20:51:57,537 [INFO] Capturing response: https://update.googleapis.com/service/update2/json?cup2key=16:Mt1F7RLlC2NjeWyvoyLv4SUoRcG3QxcSaEKSGWTlEBE&cup2hreq=93b6dcd560dd7575c2268a8e62fa35ef79dae6c4dcad73437781062a93106370 200 
2026-07-11 20:51:57,545 [INFO] Capturing request: http://edgedl.me.gvt1.com/edgedl/release2/chrome_component/ejt2czerdoyw4bq2kwpj6b2isa_10642/hfnkpimlhhgieaddgfemjhofmfblmnib_10642_all_f6bbpjsaazapopepl24oytcfha.crx3
2026-07-11 20:51:57,711 [INFO] Capturing response: http://edgedl.me.gvt1.com/edgedl/release2/chrome_component/ejt2czerdoyw4bq2kwpj6b2isa_10642/hfnkpimlhhgieaddgfemjhofmfblmnib_10642_all_f6bbpjsaazapopepl24oytcfha.crx3 200 OK
2026-07-11 20:51:57,743 [INFO] Capturing request: https://update.googleapis.com/service/update2/json
2026-07-11 20:51:57,785 [INFO] Capturing response: https://update.googleapis.com/service/update2/json 200 
2026-07-11 20:51:57,832 [INFO] Capturing request: http://edgedl.me.gvt1.com/edgedl/diffgen-puffin/gcmjkmgdlgnkkcocmoeiminaijmmjnii/df2a22d5ecc7788c3330ebd5f856b41531c74f412a01ed7453d11284708009fe
2026-07-11 20:51:57,926 [INFO] Capturing response: http://edgedl.me.gvt1.com/edgedl/diffgen-puffin/gcmjkmgdlgnkkcocmoeiminaijmmjnii/df2a22d5ecc7788c3330ebd5f856b41531c74f412a01ed7453d11284708009fe 200 OK
2026-07-11 20:51:58,026 [INFO] Capturing request: https://update.googleapis.com/service/update2/json
2026-07-11 20:51:58,068 [INFO] Capturing response: https://update.googleapis.com/service/update2/json 200 
2026-07-11 20:52:08,146 [INFO] Capturing request: https://android.clients.google.com/c2dm/register3
2026-07-11 20:52:08,207 [INFO] Capturing response: https://android.clients.google.com/c2dm/register3 301 
2026-07-11 20:52:27,609 [WARNING]   ❌ Tivibu Spor 4 için M3U8 bulunamadı
2026-07-11 20:52:28,677 [INFO] ✅ 13 kanal bulundu, playlist.m3u kaydedildi
