2026-06-04 23:46:53,184 [INFO] 🌐 BASE_URL: https://atomsportv505.top
2026-06-04 23:46:54,094 [INFO] Başlanıyor... 14 kanal taranacak
2026-06-04 23:46:54,094 [INFO] Using default request storage
2026-06-04 23:46:54,098 [INFO] Created proxy listening on 127.0.0.1:41217
2026-06-04 23:46:54,737 [INFO] Capturing request: http://clients2.google.com/time/1/current?cup2key=10:gQU5DrLQoMmeFqSdENl-f7EQfhf56SNXQ1pt1nQr0Go&cup2hreq=e3b0c44298fc1c149afbf4c8996fb92427ae41e4649b934ca495991b7852b855
2026-06-04 23:46:54,820 [INFO] Capturing response: http://clients2.google.com/time/1/current?cup2key=10:gQU5DrLQoMmeFqSdENl-f7EQfhf56SNXQ1pt1nQr0Go&cup2hreq=e3b0c44298fc1c149afbf4c8996fb92427ae41e4649b934ca495991b7852b855 200 OK
2026-06-04 23:46:54,834 [INFO] 
[1/14]
2026-06-04 23:46:54,834 [INFO] 🔍 beIN Sports 1 → https://atomsportv505.top/matches?id=bein-sports-1
2026-06-04 23:46:54,912 [INFO] Capturing request: https://accounts.google.com/ListAccounts?gpsia=1&source=ChromiumBrowser&json=standard&laf=b64bin
2026-06-04 23:46:55,021 [INFO] Capturing response: https://accounts.google.com/ListAccounts?gpsia=1&source=ChromiumBrowser&json=standard&laf=b64bin 200 
2026-06-04 23:46:55,022 [INFO] Capturing request: https://atomsportv505.top/matches?id=bein-sports-1
2026-06-04 23:46:55,181 [INFO] Capturing response: https://atomsportv505.top/matches?id=bein-sports-1 200 
2026-06-04 23:46:55,330 [INFO] Capturing request: https://atomsportv505.top/assets/js/clappr.js
2026-06-04 23:46:55,344 [INFO] Capturing request: https://www.google.com/async/folae?async=_fmt:pb&udm=50&client_locale=en-US
2026-06-04 23:46:55,377 [INFO] Capturing response: https://www.google.com/async/folae?async=_fmt:pb&udm=50&client_locale=en-US 200 
2026-06-04 23:46:55,395 [INFO] Capturing request: https://cdnjs.cloudflare.com/ajax/libs/jquery/3.2.1/jquery.min.js
2026-06-04 23:46:55,431 [INFO] Capturing response: https://atomsportv505.top/assets/js/clappr.js 200 
2026-06-04 23:46:55,433 [INFO] Capturing response: https://cdnjs.cloudflare.com/ajax/libs/jquery/3.2.1/jquery.min.js 200 
2026-06-04 23:46:55,446 [INFO] Capturing request: https://cdn.jsdelivr.net/npm/@clappr/player@latest/dist/clappr.min.js
2026-06-04 23:46:55,571 [INFO] Capturing response: https://cdn.jsdelivr.net/npm/@clappr/player@latest/dist/clappr.min.js 200 
2026-06-04 23:46:55,682 [INFO] Capturing request: https://static.cloudflareinsights.com/beacon.min.js/v833ccba57c9e4d2798f2e76cebdd09a11778172276447
2026-06-04 23:46:55,719 [INFO] Capturing response: https://static.cloudflareinsights.com/beacon.min.js/v833ccba57c9e4d2798f2e76cebdd09a11778172276447 200 
2026-06-04 23:46:55,777 [INFO] Capturing request: https://atomsportv505.top/cdn-cgi/rum?
2026-06-04 23:46:55,879 [INFO] Capturing request: https://atomsportv505.top/favicon.ico
2026-06-04 23:46:55,918 [INFO] Capturing response: https://atomsportv505.top/cdn-cgi/rum? 204 
2026-06-04 23:46:55,947 [INFO] Capturing response: https://atomsportv505.top/favicon.ico 200 
2026-06-04 23:46:56,036 [INFO] Capturing request: https://teletv5.top/load/yayinlink.php?id=bein-sports-1
2026-06-04 23:46:56,413 [INFO] Capturing request: https://streamsport365.com/cinema
2026-06-04 23:46:56,431 [INFO] Capturing response: https://teletv5.top/load/yayinlink.php?id=bein-sports-1 200 
2026-06-04 23:46:56,731 [INFO] Capturing response: https://streamsport365.com/cinema 200 
2026-06-04 23:46:56,855 [INFO] Capturing request: https://atomsportv505.top/assets/img/player_logo_6880e4e4c52ee.png
2026-06-04 23:46:56,962 [INFO] Capturing response: https://atomsportv505.top/assets/img/player_logo_6880e4e4c52ee.png 200 
2026-06-04 23:46:57,020 [INFO] Capturing request: https://hlssssssssssssssssss.yedeklinksa35.workers.dev/https://corestream.ronaldovurdu.help//s-sportt/tracks-v1a1/mono.m3u8
2026-06-04 23:46:57,444 [INFO] Capturing response: https://hlssssssssssssssssss.yedeklinksa35.workers.dev/https://corestream.ronaldovurdu.help//s-sportt/tracks-v1a1/mono.m3u8 200 
2026-06-04 23:46:57,614 [INFO] Capturing request: https://android.clients.google.com/checkin
2026-06-04 23:46:57,730 [INFO] Capturing response: https://android.clients.google.com/checkin 200 
2026-06-04 23:46:57,770 [INFO] Capturing request: https://ts.yedeklinksa35.workers.dev/s-sportt/tracks-v1a1/2026/06/04/23/46/41-06000.avif
2026-06-04 23:46:57,776 [INFO] Capturing request: https://android.clients.google.com/c2dm/register3
2026-06-04 23:46:57,779 [INFO] Capturing request: https://android.clients.google.com/c2dm/register3
2026-06-04 23:46:57,782 [INFO] Capturing request: https://android.clients.google.com/c2dm/register3
2026-06-04 23:46:57,873 [INFO] Capturing response: https://android.clients.google.com/c2dm/register3 301 
2026-06-04 23:46:58,637 [INFO] Capturing response: https://android.clients.google.com/c2dm/register3 200 
2026-06-04 23:46:58,710 [INFO] Capturing response: https://android.clients.google.com/c2dm/register3 200 
2026-06-04 23:46:58,795 [INFO]   ✅ M3U8 bulundu: https://hlssssssssssssssssss.yedeklinksa35.workers.dev/https://corestream.ronaldovurdu.help//s-sportt/tracks-v1a1/mono.m3u8
2026-06-04 23:46:59,508 [INFO] Capturing response: https://ts.yedeklinksa35.workers.dev/s-sportt/tracks-v1a1/2026/06/04/23/46/41-06000.avif 200 
2026-06-04 23:46:59,724 [INFO] Capturing request: https://ts.yedeklinksa35.workers.dev/s-sportt/tracks-v1a1/2026/06/04/23/46/47-06000.avif
2026-06-04 23:46:59,795 [INFO] 
[2/14]
2026-06-04 23:46:59,796 [INFO] 🔍 beIN Sports 2 → https://atomsportv505.top/matches?id=bein-sports-2
2026-06-04 23:46:59,904 [INFO] Capturing request: https://atomsportv505.top/matches?id=bein-sports-2
2026-06-04 23:46:59,955 [INFO] Capturing response: https://atomsportv505.top/matches?id=bein-sports-2 200 
2026-06-04 23:46:59,970 [INFO] Capturing request: https://atomsportv505.top/cdn-cgi/rum?
2026-06-04 23:47:00,002 [INFO] Capturing request: https://streamsport365.com/cinema
2026-06-04 23:47:00,003 [INFO] Capturing request: https://atomsportv505.top/cdn-cgi/rum?
2026-06-04 23:47:00,100 [INFO] Capturing request: https://teletv5.top/load/yayinlink.php?id=bein-sports-2
2026-06-04 23:47:00,107 [INFO] Capturing request: https://atomsportv505.top/favicon.ico
2026-06-04 23:47:00,127 [INFO] Capturing response: https://atomsportv505.top/cdn-cgi/rum? 204 
2026-06-04 23:47:00,144 [INFO] Capturing response: https://atomsportv505.top/cdn-cgi/rum? 204 
2026-06-04 23:47:00,151 [INFO] Capturing response: https://atomsportv505.top/favicon.ico 200 
2026-06-04 23:47:00,303 [INFO] Capturing response: https://teletv5.top/load/yayinlink.php?id=bein-sports-2 200 
2026-06-04 23:47:00,333 [INFO] Capturing response: https://streamsport365.com/cinema 200 
2026-06-04 23:47:00,449 [INFO] Capturing request: https://hlssssssssssssssssss.yedeklinksa35.workers.dev/https://corestream.ronaldovurdu.help//bein2/tracks-v1a1/mono.m3u8
2026-06-04 23:47:00,625 [INFO] Capturing response: https://hlssssssssssssssssss.yedeklinksa35.workers.dev/https://corestream.ronaldovurdu.help//bein2/tracks-v1a1/mono.m3u8 200 
2026-06-04 23:47:00,734 [INFO] Capturing request: https://ts.yedeklinksa35.workers.dev/bein2/tracks-v1a1/2026/06/04/23/46/33-14680.avif
2026-06-04 23:47:01,253 [INFO] Capturing response: https://ts.yedeklinksa35.workers.dev/s-sportt/tracks-v1a1/2026/06/04/23/46/47-06000.avif 200 
2026-06-04 23:47:01,295 [INFO] 127.0.0.1:55934: ProtocolException("Error in HTTP connection: Http2ZombieException('Connection or stream already dead: 1780616821.2951984, False')")
2026-06-04 23:47:03,017 [INFO]   ✅ M3U8 bulundu: https://hlssssssssssssssssss.yedeklinksa35.workers.dev/https://corestream.ronaldovurdu.help//bein2/tracks-v1a1/mono.m3u8
2026-06-04 23:47:03,237 [INFO] Capturing response: https://ts.yedeklinksa35.workers.dev/bein2/tracks-v1a1/2026/06/04/23/46/33-14680.avif 200 
2026-06-04 23:47:03,493 [INFO] Capturing request: https://ts.yedeklinksa35.workers.dev/bein2/tracks-v1a1/2026/06/04/23/46/47-10000.avif
2026-06-04 23:47:04,017 [INFO] 
[3/14]
2026-06-04 23:47:04,017 [INFO] 🔍 beIN Sports 3 → https://atomsportv505.top/matches?id=bein-sports-3
2026-06-04 23:47:04,125 [INFO] Capturing request: https://atomsportv505.top/assets/js/clappr.js
2026-06-04 23:47:04,127 [INFO] Capturing request: https://atomsportv505.top/matches?id=bein-sports-3
2026-06-04 23:47:04,160 [INFO] Capturing response: https://atomsportv505.top/assets/js/clappr.js 200 
2026-06-04 23:47:04,210 [INFO] Capturing response: https://atomsportv505.top/matches?id=bein-sports-3 200 
2026-06-04 23:47:04,219 [INFO] Capturing request: https://atomsportv505.top/cdn-cgi/rum?
2026-06-04 23:47:04,239 [INFO] Capturing request: https://atomsportv505.top/cdn-cgi/rum?
2026-06-04 23:47:04,339 [INFO] Capturing request: https://teletv5.top/load/yayinlink.php?id=bein-sports-3
2026-06-04 23:47:04,341 [INFO] Capturing request: https://atomsportv505.top/favicon.ico
2026-06-04 23:47:04,363 [INFO] Capturing response: https://atomsportv505.top/cdn-cgi/rum? 204 
2026-06-04 23:47:04,378 [INFO] Capturing response: https://atomsportv505.top/cdn-cgi/rum? 204 
2026-06-04 23:47:04,383 [INFO] Capturing response: https://atomsportv505.top/favicon.ico 200 
2026-06-04 23:47:04,475 [INFO] Capturing request: https://streamsport365.com/cinema
2026-06-04 23:47:04,548 [INFO] Capturing response: https://teletv5.top/load/yayinlink.php?id=bein-sports-3 200 
2026-06-04 23:47:04,798 [INFO] Capturing response: https://streamsport365.com/cinema 200 
2026-06-04 23:47:05,349 [INFO] Capturing response: https://ts.yedeklinksa35.workers.dev/bein2/tracks-v1a1/2026/06/04/23/46/47-10000.avif 200 
2026-06-04 23:47:21,474 [INFO] Capturing request: https://android.clients.google.com/c2dm/register3
2026-06-04 23:47:21,570 [INFO] Capturing response: https://android.clients.google.com/c2dm/register3 301 
2026-06-04 23:47:37,482 [WARNING]   ❌ beIN Sports 3 için M3U8 bulunamadı
2026-06-04 23:47:38,482 [INFO] 
[4/14]
2026-06-04 23:47:38,482 [INFO] 🔍 beIN Sports 4 → https://atomsportv505.top/matches?id=bein-sports-4
2026-06-04 23:47:38,591 [INFO] Capturing request: https://atomsportv505.top/matches?id=bein-sports-4
2026-06-04 23:47:38,591 [INFO] Capturing request: https://atomsportv505.top/assets/js/clappr.js
2026-06-04 23:47:38,686 [INFO] Capturing response: https://atomsportv505.top/assets/js/clappr.js 200 
2026-06-04 23:47:39,168 [INFO] Capturing response: https://atomsportv505.top/matches?id=bein-sports-4 200 
2026-06-04 23:47:39,175 [INFO] Capturing request: https://atomsportv505.top/cdn-cgi/rum?
2026-06-04 23:47:39,200 [INFO] Capturing request: https://atomsportv505.top/cdn-cgi/rum?
2026-06-04 23:47:39,298 [INFO] Capturing request: https://teletv5.top/load/yayinlink.php?id=bein-sports-4
2026-06-04 23:47:39,300 [INFO] Capturing request: https://atomsportv505.top/favicon.ico
2026-06-04 23:47:39,322 [INFO] Capturing response: https://atomsportv505.top/cdn-cgi/rum? 204 
2026-06-04 23:47:39,339 [INFO] Capturing response: https://atomsportv505.top/cdn-cgi/rum? 204 
2026-06-04 23:47:39,347 [INFO] Capturing response: https://atomsportv505.top/favicon.ico 200 
2026-06-04 23:47:39,434 [INFO] Capturing request: https://streamsport365.com/cinema
2026-06-04 23:47:39,505 [INFO] Capturing response: https://teletv5.top/load/yayinlink.php?id=bein-sports-4 200 
2026-06-04 23:47:39,765 [INFO] Capturing response: https://streamsport365.com/cinema 200 
2026-06-04 23:47:54,828 [INFO] Capturing request: https://update.googleapis.com/service/update2/json?cup2key=16:H5FW1-K8GILhR0jDbW3aAbRgjXdj7GFtaezEUFP9s7Y&cup2hreq=ad0d7950fa440cd05d3a6348eac79640c88a90b3326f611c59eb3e07a4b61c82
2026-06-04 23:47:54,886 [INFO] Capturing response: https://update.googleapis.com/service/update2/json?cup2key=16:H5FW1-K8GILhR0jDbW3aAbRgjXdj7GFtaezEUFP9s7Y&cup2hreq=ad0d7950fa440cd05d3a6348eac79640c88a90b3326f611c59eb3e07a4b61c82 200 
2026-06-04 23:47:54,932 [INFO] Capturing request: http://edgedl.me.gvt1.com/edgedl/release2/chrome_component/ajwjxwph32ldcr4qvi6jimfw7u_10567/hfnkpimlhhgieaddgfemjhofmfblmnib_10567_all_n7iusdw2wrxdzfqoygrvb6r2rm.crx3
2026-06-04 23:47:55,037 [INFO] Capturing response: http://edgedl.me.gvt1.com/edgedl/release2/chrome_component/ajwjxwph32ldcr4qvi6jimfw7u_10567/hfnkpimlhhgieaddgfemjhofmfblmnib_10567_all_n7iusdw2wrxdzfqoygrvb6r2rm.crx3 200 OK
2026-06-04 23:47:55,066 [INFO] Capturing request: https://update.googleapis.com/service/update2/json
2026-06-04 23:47:55,115 [INFO] Capturing response: https://update.googleapis.com/service/update2/json 200 
2026-06-04 23:47:55,120 [INFO] Capturing request: http://edgedl.me.gvt1.com/edgedl/diffgen-puffin/gcmjkmgdlgnkkcocmoeiminaijmmjnii/71d926df14cb4c89c6f8f88e6c0bfcf6fe1e1a256ca7f8db04002a111af4c5b0
2026-06-04 23:47:55,169 [INFO] Capturing response: http://edgedl.me.gvt1.com/edgedl/diffgen-puffin/gcmjkmgdlgnkkcocmoeiminaijmmjnii/71d926df14cb4c89c6f8f88e6c0bfcf6fe1e1a256ca7f8db04002a111af4c5b0 200 OK
2026-06-04 23:47:55,238 [INFO] Capturing request: https://update.googleapis.com/service/update2/json
2026-06-04 23:47:55,287 [INFO] Capturing response: https://update.googleapis.com/service/update2/json 200 
2026-06-04 23:48:12,428 [WARNING]   ❌ beIN Sports 4 için M3U8 bulunamadı
2026-06-04 23:48:13,428 [INFO] 
[5/14]
2026-06-04 23:48:13,428 [INFO] 🔍 beIN Sports 5 → https://atomsportv505.top/matches?id=bein-sports-5
2026-06-04 23:48:13,595 [INFO] Capturing request: https://atomsportv505.top/matches?id=bein-sports-5
2026-06-04 23:48:13,599 [INFO] Capturing request: https://atomsportv505.top/assets/js/clappr.js
2026-06-04 23:48:13,648 [INFO] Capturing response: https://atomsportv505.top/assets/js/clappr.js 200 
2026-06-04 23:48:13,906 [INFO] Capturing response: https://atomsportv505.top/matches?id=bein-sports-5 200 
2026-06-04 23:48:13,913 [INFO] Capturing request: https://atomsportv505.top/cdn-cgi/rum?
2026-06-04 23:48:13,931 [INFO] Capturing request: https://atomsportv505.top/cdn-cgi/rum?
2026-06-04 23:48:14,035 [INFO] Capturing request: https://atomsportv505.top/favicon.ico
2026-06-04 23:48:14,055 [INFO] Capturing response: https://atomsportv505.top/cdn-cgi/rum? 204 
2026-06-04 23:48:14,072 [INFO] Capturing response: https://atomsportv505.top/cdn-cgi/rum? 204 
2026-06-04 23:48:14,082 [INFO] Capturing response: https://atomsportv505.top/favicon.ico 200 
2026-06-04 23:48:14,098 [INFO] Capturing request: https://teletv5.top/load/yayinlink.php?id=bein-sports-5
2026-06-04 23:48:14,322 [INFO] Capturing response: https://teletv5.top/load/yayinlink.php?id=bein-sports-5 200 
2026-06-04 23:48:14,614 [INFO] Capturing request: https://streamsport365.com/cinema
2026-06-04 23:48:14,942 [INFO] Capturing response: https://streamsport365.com/cinema 200 
2026-06-04 23:48:19,115 [INFO] Capturing request: https://android.clients.google.com/c2dm/register3
2026-06-04 23:48:19,177 [INFO] Capturing response: https://android.clients.google.com/c2dm/register3 301 
2026-06-04 23:48:47,151 [WARNING]   ❌ beIN Sports 5 için M3U8 bulunamadı
2026-06-04 23:48:48,151 [INFO] 
[6/14]
2026-06-04 23:48:48,151 [INFO] 🔍 beIN Sports Max 1 → https://atomsportv505.top/matches?id=bein-sports-max-1
2026-06-04 23:48:48,257 [INFO] Capturing request: https://atomsportv505.top/assets/js/clappr.js
2026-06-04 23:48:48,259 [INFO] Capturing request: https://atomsportv505.top/matches?id=bein-sports-max-1
2026-06-04 23:48:48,294 [INFO] Capturing response: https://atomsportv505.top/assets/js/clappr.js 200 
2026-06-04 23:48:48,590 [INFO] Capturing response: https://atomsportv505.top/matches?id=bein-sports-max-1 200 
2026-06-04 23:48:48,600 [INFO] Capturing request: https://atomsportv505.top/cdn-cgi/rum?
2026-06-04 23:48:48,619 [INFO] Capturing request: https://atomsportv505.top/cdn-cgi/rum?
2026-06-04 23:48:48,716 [INFO] Capturing request: https://teletv5.top/load/yayinlink.php?id=bein-sports-max-1
2026-06-04 23:48:48,720 [INFO] Capturing request: https://atomsportv505.top/favicon.ico
2026-06-04 23:48:48,738 [INFO] Capturing response: https://atomsportv505.top/cdn-cgi/rum? 204 
2026-06-04 23:48:48,756 [INFO] Capturing response: https://atomsportv505.top/cdn-cgi/rum? 204 
2026-06-04 23:48:48,768 [INFO] Capturing response: https://atomsportv505.top/favicon.ico 200 
2026-06-04 23:48:48,854 [INFO] Capturing request: https://streamsport365.com/cinema
2026-06-04 23:48:48,922 [INFO] Capturing response: https://teletv5.top/load/yayinlink.php?id=bein-sports-max-1 200 
2026-06-04 23:48:49,193 [INFO] Capturing response: https://streamsport365.com/cinema 200 
2026-06-04 23:49:21,832 [WARNING]   ❌ beIN Sports Max 1 için M3U8 bulunamadı
2026-06-04 23:49:22,832 [INFO] 
[7/14]
2026-06-04 23:49:22,832 [INFO] 🔍 beIN Sports Max 2 → https://atomsportv505.top/matches?id=bein-sports-max-2
2026-06-04 23:49:22,940 [INFO] Capturing request: https://atomsportv505.top/assets/js/clappr.js
2026-06-04 23:49:22,941 [INFO] Capturing request: https://atomsportv505.top/matches?id=bein-sports-max-2
2026-06-04 23:49:22,973 [INFO] Capturing response: https://atomsportv505.top/assets/js/clappr.js 200 
2026-06-04 23:49:23,275 [INFO] Capturing response: https://atomsportv505.top/matches?id=bein-sports-max-2 200 
2026-06-04 23:49:23,282 [INFO] Capturing request: https://atomsportv505.top/cdn-cgi/rum?
2026-06-04 23:49:23,304 [INFO] Capturing request: https://atomsportv505.top/cdn-cgi/rum?
2026-06-04 23:49:23,400 [INFO] Capturing request: https://teletv5.top/load/yayinlink.php?id=bein-sports-max-2
2026-06-04 23:49:23,407 [INFO] Capturing request: https://atomsportv505.top/favicon.ico
2026-06-04 23:49:23,425 [INFO] Capturing response: https://atomsportv505.top/cdn-cgi/rum? 204 
2026-06-04 23:49:23,442 [INFO] Capturing response: https://atomsportv505.top/cdn-cgi/rum? 204 
2026-06-04 23:49:23,458 [INFO] Capturing response: https://atomsportv505.top/favicon.ico 200 
2026-06-04 23:49:23,538 [INFO] Capturing request: https://streamsport365.com/cinema
2026-06-04 23:49:23,607 [INFO] Capturing response: https://teletv5.top/load/yayinlink.php?id=bein-sports-max-2 200 
2026-06-04 23:49:23,864 [INFO] Capturing response: https://streamsport365.com/cinema 200 
2026-06-04 23:49:50,229 [INFO] Capturing request: https://android.clients.google.com/c2dm/register3
2026-06-04 23:49:50,293 [INFO] Capturing response: https://android.clients.google.com/c2dm/register3 301 
2026-06-04 23:49:56,526 [WARNING]   ❌ beIN Sports Max 2 için M3U8 bulunamadı
2026-06-04 23:49:57,526 [INFO] 
[8/14]
2026-06-04 23:49:57,526 [INFO] 🔍 S Sport → https://atomsportv505.top/matches?id=s-sport
2026-06-04 23:49:57,633 [INFO] Capturing request: https://atomsportv505.top/matches?id=s-sport
2026-06-04 23:49:57,937 [INFO] Capturing response: https://atomsportv505.top/matches?id=s-sport 200 
2026-06-04 23:49:57,944 [INFO] Capturing request: https://atomsportv505.top/cdn-cgi/rum?
2026-06-04 23:49:57,966 [INFO] Capturing request: https://atomsportv505.top/cdn-cgi/rum?
2026-06-04 23:49:58,063 [INFO] Capturing request: https://teletv5.top/load/yayinlink.php?id=s-sport
2026-06-04 23:49:58,066 [INFO] Capturing request: https://atomsportv505.top/favicon.ico
2026-06-04 23:49:58,082 [INFO] Capturing response: https://atomsportv505.top/cdn-cgi/rum? 204 
2026-06-04 23:49:58,099 [INFO] Capturing response: https://atomsportv505.top/cdn-cgi/rum? 204 
2026-06-04 23:49:58,118 [INFO] Capturing response: https://atomsportv505.top/favicon.ico 200 
2026-06-04 23:49:58,199 [INFO] Capturing request: https://streamsport365.com/cinema
2026-06-04 23:49:58,271 [INFO] Capturing response: https://teletv5.top/load/yayinlink.php?id=s-sport 200 
2026-06-04 23:49:58,529 [INFO] Capturing response: https://streamsport365.com/cinema 200 
2026-06-04 23:49:58,643 [INFO] Capturing request: https://atomsportv505.top/assets/img/player_logo_6880e4e4c52ee.png
2026-06-04 23:49:58,705 [INFO] Capturing request: https://hlssssssssssssssssss.yedeklinksa35.workers.dev/https://corestream.ronaldovurdu.help//s-sportt/tracks-v1a1/mono.m3u8
2026-06-04 23:49:58,717 [INFO] Capturing response: https://atomsportv505.top/assets/img/player_logo_6880e4e4c52ee.png 200 
2026-06-04 23:49:59,028 [INFO] Capturing response: https://hlssssssssssssssssss.yedeklinksa35.workers.dev/https://corestream.ronaldovurdu.help//s-sportt/tracks-v1a1/mono.m3u8 200 
2026-06-04 23:49:59,236 [INFO] Capturing request: https://ts.yedeklinksa35.workers.dev/s-sportt/tracks-v1a1/2026/06/04/23/49/47-06000.avif
2026-06-04 23:50:00,658 [INFO] Capturing response: https://ts.yedeklinksa35.workers.dev/s-sportt/tracks-v1a1/2026/06/04/23/49/47-06000.avif 200 
2026-06-04 23:50:00,867 [INFO] Capturing request: https://ts.yedeklinksa35.workers.dev/s-sportt/tracks-v1a1/2026/06/04/23/49/53-06000.avif
2026-06-04 23:50:00,979 [INFO]   ✅ M3U8 bulundu: https://hlssssssssssssssssss.yedeklinksa35.workers.dev/https://corestream.ronaldovurdu.help//s-sportt/tracks-v1a1/mono.m3u8
2026-06-04 23:50:01,979 [INFO] 
[9/14]
2026-06-04 23:50:01,979 [INFO] 🔍 S Sport 2 → https://atomsportv505.top/matches?id=s-sport-2
2026-06-04 23:50:02,089 [INFO] Capturing request: https://atomsportv505.top/assets/js/clappr.js
2026-06-04 23:50:02,089 [INFO] Capturing request: https://atomsportv505.top/matches?id=s-sport-2
2026-06-04 23:50:02,140 [INFO] Capturing response: https://atomsportv505.top/assets/js/clappr.js 200 
2026-06-04 23:50:02,147 [INFO] Capturing response: https://atomsportv505.top/matches?id=s-sport-2 200 
2026-06-04 23:50:02,157 [INFO] Capturing request: https://atomsportv505.top/cdn-cgi/rum?
2026-06-04 23:50:02,185 [INFO] Capturing request: https://streamsport365.com/cinema
2026-06-04 23:50:02,185 [INFO] Capturing request: https://atomsportv505.top/cdn-cgi/rum?
2026-06-04 23:50:02,276 [INFO] Capturing request: https://teletv5.top/load/yayinlink.php?id=s-sport-2
2026-06-04 23:50:02,293 [INFO] Capturing request: https://atomsportv505.top/favicon.ico
2026-06-04 23:50:02,311 [INFO] Capturing response: https://atomsportv505.top/cdn-cgi/rum? 204 
2026-06-04 23:50:02,328 [INFO] Capturing response: https://atomsportv505.top/cdn-cgi/rum? 204 
2026-06-04 23:50:02,337 [INFO] Capturing response: https://atomsportv505.top/favicon.ico 200 
2026-06-04 23:50:02,485 [INFO] Capturing response: https://teletv5.top/load/yayinlink.php?id=s-sport-2 200 
2026-06-04 23:50:02,521 [INFO] Capturing response: https://streamsport365.com/cinema 200 
2026-06-04 23:50:02,644 [INFO] Capturing request: https://hlssssssssssssssssss.yedeklinksa35.workers.dev/https://corestream.ronaldovurdu.help//s-sport2/tracks-v1a1/mono.m3u8
2026-06-04 23:50:02,665 [INFO] Capturing response: https://ts.yedeklinksa35.workers.dev/s-sportt/tracks-v1a1/2026/06/04/23/49/53-06000.avif 200 
2026-06-04 23:50:02,814 [INFO] Capturing response: https://hlssssssssssssssssss.yedeklinksa35.workers.dev/https://corestream.ronaldovurdu.help//s-sport2/tracks-v1a1/mono.m3u8 200 
2026-06-04 23:50:02,923 [INFO] Capturing request: https://ts.yedeklinksa35.workers.dev/s-sport2/tracks-v1a1/2026/06/04/23/51/03-07360.avif
2026-06-04 23:50:03,867 [INFO] Capturing response: https://ts.yedeklinksa35.workers.dev/s-sport2/tracks-v1a1/2026/06/04/23/51/03-07360.avif 200 
2026-06-04 23:50:04,015 [INFO] Capturing request: https://ts.yedeklinksa35.workers.dev/s-sport2/tracks-v1a1/2026/06/04/23/51/11-08080.avif
2026-06-04 23:50:05,087 [INFO] Capturing response: https://ts.yedeklinksa35.workers.dev/s-sport2/tracks-v1a1/2026/06/04/23/51/11-08080.avif 200 
2026-06-04 23:50:05,203 [INFO]   ✅ M3U8 bulundu: https://hlssssssssssssssssss.yedeklinksa35.workers.dev/https://corestream.ronaldovurdu.help//s-sport2/tracks-v1a1/mono.m3u8
2026-06-04 23:50:05,283 [INFO] Capturing request: https://ts.yedeklinksa35.workers.dev/s-sport2/tracks-v1a1/2026/06/04/23/51/19-05560.avif
2026-06-04 23:50:06,203 [INFO] 
[10/14]
2026-06-04 23:50:06,203 [INFO] 🔍 A Spor → https://atomsportv505.top/matches?id=a-spor
2026-06-04 23:50:06,310 [INFO] Capturing request: https://atomsportv505.top/assets/js/clappr.js
2026-06-04 23:50:06,314 [INFO] Capturing request: https://atomsportv505.top/matches?id=a-spor
2026-06-04 23:50:06,340 [INFO] Capturing response: https://atomsportv505.top/assets/js/clappr.js 200 
2026-06-04 23:50:06,391 [INFO] Capturing response: https://atomsportv505.top/matches?id=a-spor 200 
2026-06-04 23:50:06,401 [INFO] Capturing request: https://atomsportv505.top/cdn-cgi/rum?
2026-06-04 23:50:06,434 [INFO] Capturing request: https://atomsportv505.top/cdn-cgi/rum?
2026-06-04 23:50:06,532 [INFO] Capturing request: https://teletv5.top/load/yayinlink.php?id=a-spor
2026-06-04 23:50:06,537 [INFO] Capturing request: https://atomsportv505.top/favicon.ico
2026-06-04 23:50:06,557 [INFO] Capturing response: https://atomsportv505.top/cdn-cgi/rum? 204 
2026-06-04 23:50:06,574 [INFO] Capturing response: https://atomsportv505.top/cdn-cgi/rum? 204 
2026-06-04 23:50:06,581 [INFO] Capturing response: https://atomsportv505.top/favicon.ico 200 
2026-06-04 23:50:06,594 [INFO] Capturing response: https://ts.yedeklinksa35.workers.dev/s-sport2/tracks-v1a1/2026/06/04/23/51/19-05560.avif 200 
2026-06-04 23:50:06,666 [INFO] Capturing request: https://streamsport365.com/cinema
2026-06-04 23:50:06,742 [INFO] Capturing response: https://teletv5.top/load/yayinlink.php?id=a-spor 200 
2026-06-04 23:50:06,999 [INFO] Capturing response: https://streamsport365.com/cinema 200 
2026-06-04 23:50:07,115 [INFO] Capturing request: https://hlssssssssssssssssss.yedeklinksa35.workers.dev/https://corestream.ronaldovurdu.help//aspor/tracks-v1a1/mono.m3u8
2026-06-04 23:50:07,293 [INFO] Capturing response: https://hlssssssssssssssssss.yedeklinksa35.workers.dev/https://corestream.ronaldovurdu.help//aspor/tracks-v1a1/mono.m3u8 404 
2026-06-04 23:50:09,445 [INFO]   ✅ M3U8 bulundu: https://hlssssssssssssssssss.yedeklinksa35.workers.dev/https://corestream.ronaldovurdu.help//aspor/tracks-v1a1/mono.m3u8
2026-06-04 23:50:10,445 [INFO] 
[11/14]
2026-06-04 23:50:10,445 [INFO] 🔍 Tivibu Spor 1 → https://atomsportv505.top/matches?id=tivibu-spor-1
2026-06-04 23:50:10,552 [INFO] Capturing request: https://atomsportv505.top/assets/js/clappr.js
2026-06-04 23:50:10,552 [INFO] Capturing request: https://atomsportv505.top/matches?id=tivibu-spor-1
2026-06-04 23:50:10,585 [INFO] Capturing response: https://atomsportv505.top/assets/js/clappr.js 200 
2026-06-04 23:50:10,639 [INFO] Capturing response: https://atomsportv505.top/matches?id=tivibu-spor-1 200 
2026-06-04 23:50:10,647 [INFO] Capturing request: https://atomsportv505.top/cdn-cgi/rum?
2026-06-04 23:50:10,665 [INFO] Capturing request: https://streamsport365.com/cinema
2026-06-04 23:50:10,667 [INFO] Capturing request: https://atomsportv505.top/cdn-cgi/rum?
2026-06-04 23:50:10,766 [INFO] Capturing request: https://teletv5.top/load/yayinlink.php?id=tivibu-spor-1
2026-06-04 23:50:10,768 [INFO] Capturing request: https://atomsportv505.top/favicon.ico
2026-06-04 23:50:10,789 [INFO] Capturing response: https://atomsportv505.top/cdn-cgi/rum? 204 
2026-06-04 23:50:10,806 [INFO] Capturing response: https://atomsportv505.top/cdn-cgi/rum? 204 
2026-06-04 23:50:10,817 [INFO] Capturing response: https://atomsportv505.top/favicon.ico 200 
2026-06-04 23:50:10,972 [INFO] Capturing response: https://teletv5.top/load/yayinlink.php?id=tivibu-spor-1 200 
2026-06-04 23:50:10,996 [INFO] Capturing response: https://streamsport365.com/cinema 200 
2026-06-04 23:50:43,881 [WARNING]   ❌ Tivibu Spor 1 için M3U8 bulunamadı
2026-06-04 23:50:44,881 [INFO] 
[12/14]
2026-06-04 23:50:44,881 [INFO] 🔍 Tivibu Spor 2 → https://atomsportv505.top/matches?id=tivibu-spor-2
2026-06-04 23:50:44,988 [INFO] Capturing request: https://atomsportv505.top/assets/js/clappr.js
2026-06-04 23:50:44,990 [INFO] Capturing request: https://atomsportv505.top/matches?id=tivibu-spor-2
2026-06-04 23:50:45,020 [INFO] Capturing response: https://atomsportv505.top/assets/js/clappr.js 200 
2026-06-04 23:50:45,076 [INFO] Capturing response: https://atomsportv505.top/matches?id=tivibu-spor-2 200 
2026-06-04 23:50:45,086 [INFO] Capturing request: https://atomsportv505.top/cdn-cgi/rum?
2026-06-04 23:50:45,112 [INFO] Capturing request: https://atomsportv505.top/cdn-cgi/rum?
2026-06-04 23:50:45,209 [INFO] Capturing request: https://teletv5.top/load/yayinlink.php?id=tivibu-spor-2
2026-06-04 23:50:45,213 [INFO] Capturing request: https://atomsportv505.top/favicon.ico
2026-06-04 23:50:45,234 [INFO] Capturing response: https://atomsportv505.top/cdn-cgi/rum? 204 
2026-06-04 23:50:45,251 [INFO] Capturing response: https://atomsportv505.top/cdn-cgi/rum? 204 
2026-06-04 23:50:45,257 [INFO] Capturing response: https://atomsportv505.top/favicon.ico 200 
2026-06-04 23:50:45,345 [INFO] Capturing request: https://streamsport365.com/cinema
2026-06-04 23:50:45,411 [INFO] Capturing response: https://teletv5.top/load/yayinlink.php?id=tivibu-spor-2 200 
2026-06-04 23:50:45,681 [INFO] Capturing response: https://streamsport365.com/cinema 200 
2026-06-04 23:51:18,331 [WARNING]   ❌ Tivibu Spor 2 için M3U8 bulunamadı
2026-06-04 23:51:19,331 [INFO] 
[13/14]
2026-06-04 23:51:19,331 [INFO] 🔍 Tivibu Spor 3 → https://atomsportv505.top/matches?id=tivibu-spor-3
2026-06-04 23:51:19,438 [INFO] Capturing request: https://atomsportv505.top/assets/js/clappr.js
2026-06-04 23:51:19,440 [INFO] Capturing request: https://atomsportv505.top/matches?id=tivibu-spor-3
2026-06-04 23:51:19,471 [INFO] Capturing response: https://atomsportv505.top/assets/js/clappr.js 200 
2026-06-04 23:51:20,103 [INFO] Capturing response: https://atomsportv505.top/matches?id=tivibu-spor-3 200 
2026-06-04 23:51:20,110 [INFO] Capturing request: https://atomsportv505.top/cdn-cgi/rum?
2026-06-04 23:51:20,138 [INFO] Capturing request: https://atomsportv505.top/cdn-cgi/rum?
2026-06-04 23:51:20,236 [INFO] Capturing request: https://teletv5.top/load/yayinlink.php?id=tivibu-spor-3
2026-06-04 23:51:20,240 [INFO] Capturing request: https://atomsportv505.top/favicon.ico
2026-06-04 23:51:20,250 [INFO] Capturing response: https://atomsportv505.top/cdn-cgi/rum? 204 
2026-06-04 23:51:20,268 [INFO] Capturing response: https://atomsportv505.top/cdn-cgi/rum? 204 
2026-06-04 23:51:20,287 [INFO] Capturing response: https://atomsportv505.top/favicon.ico 200 
2026-06-04 23:51:20,370 [INFO] Capturing request: https://streamsport365.com/cinema
2026-06-04 23:51:20,441 [INFO] Capturing response: https://teletv5.top/load/yayinlink.php?id=tivibu-spor-3 200 
2026-06-04 23:51:20,701 [INFO] Capturing response: https://streamsport365.com/cinema 200 
2026-06-04 23:51:53,355 [WARNING]   ❌ Tivibu Spor 3 için M3U8 bulunamadı
2026-06-04 23:51:54,355 [INFO] 
[14/14]
2026-06-04 23:51:54,355 [INFO] 🔍 Tivibu Spor 4 → https://atomsportv505.top/matches?id=tivibu-spor-4
2026-06-04 23:51:54,462 [INFO] Capturing request: https://atomsportv505.top/assets/js/clappr.js
2026-06-04 23:51:54,464 [INFO] Capturing request: https://atomsportv505.top/matches?id=tivibu-spor-4
2026-06-04 23:51:54,493 [INFO] Capturing response: https://atomsportv505.top/assets/js/clappr.js 200 
2026-06-04 23:51:54,805 [INFO] Capturing response: https://atomsportv505.top/matches?id=tivibu-spor-4 200 
2026-06-04 23:51:54,813 [INFO] Capturing request: https://atomsportv505.top/cdn-cgi/rum?
2026-06-04 23:51:54,840 [INFO] Capturing request: https://atomsportv505.top/cdn-cgi/rum?
2026-06-04 23:51:54,934 [INFO] Capturing request: https://teletv5.top/load/yayinlink.php?id=tivibu-spor-4
2026-06-04 23:51:54,941 [INFO] Capturing request: https://atomsportv505.top/favicon.ico
2026-06-04 23:51:54,951 [INFO] Capturing response: https://atomsportv505.top/cdn-cgi/rum? 204 
2026-06-04 23:51:54,969 [INFO] Capturing response: https://atomsportv505.top/cdn-cgi/rum? 204 
2026-06-04 23:51:54,988 [INFO] Capturing response: https://atomsportv505.top/favicon.ico 200 
2026-06-04 23:51:55,073 [INFO] Capturing request: https://streamsport365.com/cinema
2026-06-04 23:51:55,143 [INFO] Capturing response: https://teletv5.top/load/yayinlink.php?id=tivibu-spor-4 200 
2026-06-04 23:51:55,300 [INFO] 127.0.0.1:50982: HTTP/2 connection terminated by server: error code: 0, last stream id: 201, additional data: b'session_timed_out'
2026-06-04 23:51:55,401 [INFO] Capturing response: https://streamsport365.com/cinema 200 
2026-06-04 23:52:28,057 [WARNING]   ❌ Tivibu Spor 4 için M3U8 bulunamadı
2026-06-04 23:52:29,267 [INFO] ✅ 5 kanal bulundu, playlist.m3u kaydedildi
