2026-04-17 12:00:10,025 [INFO] 🔎 Domain aralığı taranıyor: atomsportv490.top - atomsportv520.top
2026-04-17 12:00:11,346 [INFO]   ✅ Aktif domain bulundu: https://atomsportv497.top
2026-04-17 12:00:11,347 [INFO] 🌐 Kullanılan BASE_URL: https://atomsportv497.top
2026-04-17 12:00:12,564 [INFO] ✅ SeleniumWire aktif
2026-04-17 12:00:12,565 [INFO] =======================================================
2026-04-17 12:00:12,565 [INFO]    M3U8 Scraper
2026-04-17 12:00:12,565 [INFO]    Base URL : https://atomsportv497.top
2026-04-17 12:00:12,565 [INFO]    Toplam   : 13 sayfa
2026-04-17 12:00:12,565 [INFO] =======================================================
2026-04-17 12:00:12,566 [INFO] 🔧 Driver başlatılıyor...
2026-04-17 12:00:13,287 [INFO] ✅ Driver başlatıldı
2026-04-17 12:00:13,287 [INFO] 
[1/13]
2026-04-17 12:00:13,287 [INFO] 
──────────────────────────────────────────────────
2026-04-17 12:00:13,287 [INFO] 🔍 beIN Sports 1 → https://atomsportv497.top/matches?id=bein-sports-1
2026-04-17 12:00:13,288 [INFO] ──────────────────────────────────────────────────
2026-04-17 12:00:45,394 [INFO]   📡 M3U8 bekleniyor (max 8s)...
2026-04-17 12:00:45,395 [INFO]   🎯 DOĞRU kanal bulundu: https://hlsssssss.amgtmeme.workers.dev/https://corestream.ronaldovurdu.help//hls/bein-sports-11.m3u8
2026-04-17 12:00:45,396 [INFO]   ✅ beIN Sports 1: https://hlsssssss.amgtmeme.workers.dev/https://corestream.ronaldovurdu.help//hls/bein-sports-11.m3u8
2026-04-17 12:00:46,396 [INFO] 
[2/13]
2026-04-17 12:00:46,396 [INFO] 
──────────────────────────────────────────────────
2026-04-17 12:00:46,396 [INFO] 🔍 beIN Sports 2 → https://atomsportv497.top/matches?id=bein-sports-2
2026-04-17 12:00:46,396 [INFO] ──────────────────────────────────────────────────
2026-04-17 12:01:18,645 [INFO]   📡 M3U8 bekleniyor (max 8s)...
2026-04-17 12:01:18,647 [INFO]   🎯 DOĞRU kanal bulundu: https://hlsssssss.amgtmeme.workers.dev/https://corestream.ronaldovurdu.help//hls/bein-sports-2.m3u8
2026-04-17 12:01:18,647 [INFO]   ✅ beIN Sports 2: https://hlsssssss.amgtmeme.workers.dev/https://corestream.ronaldovurdu.help//hls/bein-sports-2.m3u8
2026-04-17 12:01:19,648 [INFO] 
[3/13]
2026-04-17 12:01:19,648 [INFO] 
──────────────────────────────────────────────────
2026-04-17 12:01:19,648 [INFO] 🔍 beIN Sports 3 → https://atomsportv497.top/matches?id=bein-sports-3
2026-04-17 12:01:19,648 [INFO] ──────────────────────────────────────────────────
2026-04-17 12:01:51,608 [INFO]   📡 M3U8 bekleniyor (max 8s)...
2026-04-17 12:01:51,609 [INFO]   🎯 DOĞRU kanal bulundu: https://hlsssssss.amgtmeme.workers.dev/https://corestream.ronaldovurdu.help//hls/bein-sports-3.m3u8
2026-04-17 12:01:51,609 [INFO]   ✅ beIN Sports 3: https://hlsssssss.amgtmeme.workers.dev/https://corestream.ronaldovurdu.help//hls/bein-sports-3.m3u8
2026-04-17 12:01:52,610 [INFO] 
[4/13]
2026-04-17 12:01:52,610 [INFO] 
──────────────────────────────────────────────────
2026-04-17 12:01:52,610 [INFO] 🔍 beIN Sports 4 → https://atomsportv497.top/matches?id=bein-sports-4
2026-04-17 12:01:52,610 [INFO] ──────────────────────────────────────────────────
2026-04-17 12:02:24,534 [INFO]   📡 M3U8 bekleniyor (max 8s)...
2026-04-17 12:02:24,535 [INFO]   🎯 DOĞRU kanal bulundu: https://hlsssssss.amgtmeme.workers.dev/https://corestream.ronaldovurdu.help//hls/bein-sports-4.m3u8
2026-04-17 12:02:24,535 [INFO]   ✅ beIN Sports 4: https://hlsssssss.amgtmeme.workers.dev/https://corestream.ronaldovurdu.help//hls/bein-sports-4.m3u8
2026-04-17 12:02:25,535 [INFO] 
[5/13]
2026-04-17 12:02:25,535 [INFO] 
──────────────────────────────────────────────────
2026-04-17 12:02:25,535 [INFO] 🔍 beIN Sports 5 → https://atomsportv497.top/matches?id=bein-sports-5
2026-04-17 12:02:25,535 [INFO] ──────────────────────────────────────────────────
2026-04-17 12:02:58,386 [INFO]   📡 M3U8 bekleniyor (max 8s)...
2026-04-17 12:02:58,386 [INFO]   🎯 DOĞRU kanal bulundu: https://hlsssssss.amgtmeme.workers.dev/https://corestream.ronaldovurdu.help//hls/bein-sports-5.m3u8
2026-04-17 12:02:58,386 [INFO]   ✅ beIN Sports 5: https://hlsssssss.amgtmeme.workers.dev/https://corestream.ronaldovurdu.help//hls/bein-sports-5.m3u8
2026-04-17 12:02:59,387 [INFO] 
[6/13]
2026-04-17 12:02:59,387 [INFO] 
──────────────────────────────────────────────────
2026-04-17 12:02:59,387 [INFO] 🔍 beIN Sports Max 1 → https://atomsportv497.top/matches?id=bein-sports-max-1
2026-04-17 12:02:59,387 [INFO] ──────────────────────────────────────────────────
2026-04-17 12:03:31,333 [INFO]   📡 M3U8 bekleniyor (max 8s)...
2026-04-17 12:03:31,334 [INFO]   🎯 DOĞRU kanal bulundu: https://hlsssssss.amgtmeme.workers.dev/https://corestream.ronaldovurdu.help//hls/bein-sports-max-1.m3u8
2026-04-17 12:03:31,334 [INFO]   ✅ beIN Sports Max 1: https://hlsssssss.amgtmeme.workers.dev/https://corestream.ronaldovurdu.help//hls/bein-sports-max-1.m3u8
2026-04-17 12:03:32,334 [INFO] 
[7/13]
2026-04-17 12:03:32,334 [INFO] 
──────────────────────────────────────────────────
2026-04-17 12:03:32,334 [INFO] 🔍 beIN Sports Max 2 → https://atomsportv497.top/matches?id=bein-sports-max-2
2026-04-17 12:03:32,334 [INFO] ──────────────────────────────────────────────────
2026-04-17 12:04:04,312 [INFO]   📡 M3U8 bekleniyor (max 8s)...
2026-04-17 12:04:04,313 [INFO]   🎯 DOĞRU kanal bulundu: https://hlsssssss.amgtmeme.workers.dev/https://corestream.ronaldovurdu.help//hls/bein-sports-max-2.m3u8
2026-04-17 12:04:04,313 [INFO]   ✅ beIN Sports Max 2: https://hlsssssss.amgtmeme.workers.dev/https://corestream.ronaldovurdu.help//hls/bein-sports-max-2.m3u8
2026-04-17 12:04:05,313 [INFO] 
[8/13]
2026-04-17 12:04:05,314 [INFO] 
──────────────────────────────────────────────────
2026-04-17 12:04:05,314 [INFO] 🔍 S Sport → https://atomsportv497.top/matches?id=s-sport
2026-04-17 12:04:05,314 [INFO] ──────────────────────────────────────────────────
2026-04-17 12:04:37,250 [INFO]   📡 M3U8 bekleniyor (max 8s)...
2026-04-17 12:04:37,251 [INFO]   🎯 DOĞRU kanal bulundu: https://hlsssssss.amgtmeme.workers.dev/https://corestream.ronaldovurdu.help//hls/s-sport.m3u8
2026-04-17 12:04:37,251 [INFO]   ✅ S Sport: https://hlsssssss.amgtmeme.workers.dev/https://corestream.ronaldovurdu.help//hls/s-sport.m3u8
2026-04-17 12:04:38,251 [INFO] 
[9/13]
2026-04-17 12:04:38,252 [INFO] 
──────────────────────────────────────────────────
2026-04-17 12:04:38,252 [INFO] 🔍 S Sport 2 → https://atomsportv497.top/matches?id=s-sport-2
2026-04-17 12:04:38,252 [INFO] ──────────────────────────────────────────────────
2026-04-17 12:05:10,186 [INFO]   📡 M3U8 bekleniyor (max 8s)...
2026-04-17 12:05:10,187 [INFO]   🎯 DOĞRU kanal bulundu: https://hlsssssss.amgtmeme.workers.dev/https://corestream.ronaldovurdu.help//hls/s-sport-2.m3u8
2026-04-17 12:05:10,187 [INFO]   ✅ S Sport 2: https://hlsssssss.amgtmeme.workers.dev/https://corestream.ronaldovurdu.help//hls/s-sport-2.m3u8
2026-04-17 12:05:11,187 [INFO] 
[10/13]
2026-04-17 12:05:11,187 [INFO] 
──────────────────────────────────────────────────
2026-04-17 12:05:11,187 [INFO] 🔍 Tivibu Spor 1 → https://atomsportv497.top/matches?id=tivibu-spor-1
2026-04-17 12:05:11,187 [INFO] ──────────────────────────────────────────────────
2026-04-17 12:05:43,120 [INFO]   📡 M3U8 bekleniyor (max 8s)...
2026-04-17 12:05:43,121 [INFO]   🎯 DOĞRU kanal bulundu: https://hlsssssss.amgtmeme.workers.dev/https://corestream.ronaldovurdu.help//hls/tivibu-spor-1.m3u8
2026-04-17 12:05:43,121 [INFO]   ✅ Tivibu Spor 1: https://hlsssssss.amgtmeme.workers.dev/https://corestream.ronaldovurdu.help//hls/tivibu-spor-1.m3u8
2026-04-17 12:05:44,121 [INFO] 
[11/13]
2026-04-17 12:05:44,121 [INFO] 
──────────────────────────────────────────────────
2026-04-17 12:05:44,121 [INFO] 🔍 Tivibu Spor 2 → https://atomsportv497.top/matches?id=tivibu-spor-2
2026-04-17 12:05:44,122 [INFO] ──────────────────────────────────────────────────
2026-04-17 12:06:16,081 [INFO]   📡 M3U8 bekleniyor (max 8s)...
2026-04-17 12:06:16,082 [INFO]   🎯 DOĞRU kanal bulundu: https://hlsssssss.amgtmeme.workers.dev/https://corestream.ronaldovurdu.help//hls/tivibu-spor-2.m3u8
2026-04-17 12:06:16,082 [INFO]   ✅ Tivibu Spor 2: https://hlsssssss.amgtmeme.workers.dev/https://corestream.ronaldovurdu.help//hls/tivibu-spor-2.m3u8
2026-04-17 12:06:17,083 [INFO] 
[12/13]
2026-04-17 12:06:17,083 [INFO] 
──────────────────────────────────────────────────
2026-04-17 12:06:17,083 [INFO] 🔍 Tivibu Spor 3 → https://atomsportv497.top/matches?id=tivibu-spor-3
2026-04-17 12:06:17,083 [INFO] ──────────────────────────────────────────────────
2026-04-17 12:06:49,058 [INFO]   📡 M3U8 bekleniyor (max 8s)...
2026-04-17 12:06:49,059 [INFO]   🎯 DOĞRU kanal bulundu: https://hlsssssss.amgtmeme.workers.dev/https://corestream.ronaldovurdu.help//hls/tivibu-spor-3.m3u8
2026-04-17 12:06:49,059 [INFO]   ✅ Tivibu Spor 3: https://hlsssssss.amgtmeme.workers.dev/https://corestream.ronaldovurdu.help//hls/tivibu-spor-3.m3u8
2026-04-17 12:06:50,059 [INFO] 
[13/13]
2026-04-17 12:06:50,059 [INFO] 
──────────────────────────────────────────────────
2026-04-17 12:06:50,059 [INFO] 🔍 Tivibu Spor 4 → https://atomsportv497.top/matches?id=tivibu-spor-4
2026-04-17 12:06:50,060 [INFO] ──────────────────────────────────────────────────
2026-04-17 12:07:22,028 [INFO]   📡 M3U8 bekleniyor (max 8s)...
2026-04-17 12:07:30,040 [INFO]   ❌ Tivibu Spor 4: M3U8 bulunamadı
2026-04-17 12:07:31,103 [INFO] 🔒 Driver kapatıldı
2026-04-17 12:07:31,103 [INFO] 
=======================================================
2026-04-17 12:07:31,103 [INFO] 🏁 Tamamlandı!
2026-04-17 12:07:31,103 [INFO] 📺 Kanal : 12/13
2026-04-17 12:07:31,104 [INFO] ⏱️  Süre  : 438.5s
2026-04-17 12:07:31,104 [INFO] =======================================================
2026-04-17 12:07:31,104 [INFO] ✅ playlist.m3u kaydedildi
2026-04-17 12:07:31,104 [INFO] ✅ stats.json kaydedildi
