2026-05-08 21:04:49,942 [INFO] 🔎 Domain aralığı taranıyor: atomsportv490.top - atomsportv520.top
2026-05-08 21:04:52,504 [INFO]   ✅ Aktif domain bulundu: https://atomsportv502.top
2026-05-08 21:04:52,506 [INFO] 🌐 Kullanılan BASE_URL: https://atomsportv502.top
2026-05-08 21:04:52,507 [INFO] 🔗 Proxy Prefix: https://ronaldo.magnitude.workers.dev/?url=
2026-05-08 21:04:53,452 [INFO] ✅ SeleniumWire aktif
2026-05-08 21:04:53,453 [INFO] =======================================================
2026-05-08 21:04:53,454 [INFO]    M3U8 Scraper
2026-05-08 21:04:53,454 [INFO]    Base URL    : https://atomsportv502.top
2026-05-08 21:04:53,454 [INFO]    Proxy Prefix: https://ronaldo.magnitude.workers.dev/?url=
2026-05-08 21:04:53,454 [INFO]    Toplam      : 13 sayfa
2026-05-08 21:04:53,454 [INFO] =======================================================
2026-05-08 21:04:53,454 [INFO] 🔧 Driver başlatılıyor...
2026-05-08 21:04:54,222 [INFO] ✅ Driver başlatıldı
2026-05-08 21:04:54,222 [INFO] 
[1/13]
2026-05-08 21:04:54,222 [INFO] 
──────────────────────────────────────────────────
2026-05-08 21:04:54,222 [INFO] 🔍 beIN Sports 1 → https://atomsportv502.top/matches?id=bein-sports-1
2026-05-08 21:04:54,222 [INFO] ──────────────────────────────────────────────────
2026-05-08 21:05:26,489 [INFO]   📡 M3U8 bekleniyor (max 8s)...
2026-05-08 21:05:26,499 [INFO]   🎯 DOĞRU kanal bulundu: https://young-surf-88a9.emgetsek.workers.dev/https://corestream.ronaldovurdu.help//hls/bein-sports-11.m3u8
2026-05-08 21:05:26,500 [INFO]   ✅ beIN Sports 1: https://young-surf-88a9.emgetsek.workers.dev/https://corestream.ronaldovurdu.help//hls/bein-sports-11.m3u8
2026-05-08 21:05:27,500 [INFO] 
[2/13]
2026-05-08 21:05:27,500 [INFO] 
──────────────────────────────────────────────────
2026-05-08 21:05:27,500 [INFO] 🔍 beIN Sports 2 → https://atomsportv502.top/matches?id=bein-sports-2
2026-05-08 21:05:27,500 [INFO] ──────────────────────────────────────────────────
2026-05-08 21:05:59,408 [INFO]   📡 M3U8 bekleniyor (max 8s)...
2026-05-08 21:05:59,414 [INFO]   🎯 DOĞRU kanal bulundu: https://young-surf-88a9.emgetsek.workers.dev/https://corestream.ronaldovurdu.help//hls/bein-sports-2.m3u8
2026-05-08 21:05:59,415 [INFO]   ✅ beIN Sports 2: https://young-surf-88a9.emgetsek.workers.dev/https://corestream.ronaldovurdu.help//hls/bein-sports-2.m3u8
2026-05-08 21:06:00,415 [INFO] 
[3/13]
2026-05-08 21:06:00,415 [INFO] 
──────────────────────────────────────────────────
2026-05-08 21:06:00,415 [INFO] 🔍 beIN Sports 3 → https://atomsportv502.top/matches?id=bein-sports-3
2026-05-08 21:06:00,415 [INFO] ──────────────────────────────────────────────────
2026-05-08 21:06:32,781 [INFO]   📡 M3U8 bekleniyor (max 8s)...
2026-05-08 21:06:32,787 [INFO]   🎯 DOĞRU kanal bulundu: https://young-surf-88a9.emgetsek.workers.dev/https://corestream.ronaldovurdu.help//hls/bein-sports-3.m3u8
2026-05-08 21:06:32,788 [INFO]   ✅ beIN Sports 3: https://young-surf-88a9.emgetsek.workers.dev/https://corestream.ronaldovurdu.help//hls/bein-sports-3.m3u8
2026-05-08 21:06:33,788 [INFO] 
[4/13]
2026-05-08 21:06:33,788 [INFO] 
──────────────────────────────────────────────────
2026-05-08 21:06:33,788 [INFO] 🔍 beIN Sports 4 → https://atomsportv502.top/matches?id=bein-sports-4
2026-05-08 21:06:33,788 [INFO] ──────────────────────────────────────────────────
2026-05-08 21:07:05,745 [INFO]   📡 M3U8 bekleniyor (max 8s)...
2026-05-08 21:07:05,751 [INFO]   🎯 DOĞRU kanal bulundu: https://young-surf-88a9.emgetsek.workers.dev/https://corestream.ronaldovurdu.help//hls/bein-sports-4.m3u8
2026-05-08 21:07:05,751 [INFO]   ✅ beIN Sports 4: https://young-surf-88a9.emgetsek.workers.dev/https://corestream.ronaldovurdu.help//hls/bein-sports-4.m3u8
2026-05-08 21:07:06,751 [INFO] 
[5/13]
2026-05-08 21:07:06,752 [INFO] 
──────────────────────────────────────────────────
2026-05-08 21:07:06,752 [INFO] 🔍 beIN Sports 5 → https://atomsportv502.top/matches?id=bein-sports-5
2026-05-08 21:07:06,752 [INFO] ──────────────────────────────────────────────────
2026-05-08 21:07:38,729 [INFO]   📡 M3U8 bekleniyor (max 8s)...
2026-05-08 21:07:38,733 [INFO]   🎯 DOĞRU kanal bulundu: https://young-surf-88a9.emgetsek.workers.dev/https://corestream.ronaldovurdu.help//hls/bein-sports-5.m3u8
2026-05-08 21:07:38,734 [INFO]   ✅ beIN Sports 5: https://young-surf-88a9.emgetsek.workers.dev/https://corestream.ronaldovurdu.help//hls/bein-sports-5.m3u8
2026-05-08 21:07:39,734 [INFO] 
[6/13]
2026-05-08 21:07:39,734 [INFO] 
──────────────────────────────────────────────────
2026-05-08 21:07:39,734 [INFO] 🔍 beIN Sports Max 1 → https://atomsportv502.top/matches?id=bein-sports-max-1
2026-05-08 21:07:39,734 [INFO] ──────────────────────────────────────────────────
2026-05-08 21:08:11,682 [INFO]   📡 M3U8 bekleniyor (max 8s)...
2026-05-08 21:08:19,701 [INFO]   ❌ beIN Sports Max 1: M3U8 bulunamadı
2026-05-08 21:08:20,701 [INFO] 
[7/13]
2026-05-08 21:08:20,701 [INFO] 
──────────────────────────────────────────────────
2026-05-08 21:08:20,702 [INFO] 🔍 beIN Sports Max 2 → https://atomsportv502.top/matches?id=bein-sports-max-2
2026-05-08 21:08:20,702 [INFO] ──────────────────────────────────────────────────
2026-05-08 21:08:52,610 [INFO]   📡 M3U8 bekleniyor (max 8s)...
2026-05-08 21:08:52,611 [INFO]   🎯 DOĞRU kanal bulundu: https://young-surf-88a9.emgetsek.workers.dev/https://corestream.ronaldovurdu.help//hls/bein-sports-max-2.m3u8
2026-05-08 21:08:52,611 [INFO]   ✅ beIN Sports Max 2: https://young-surf-88a9.emgetsek.workers.dev/https://corestream.ronaldovurdu.help//hls/bein-sports-max-2.m3u8
2026-05-08 21:08:53,612 [INFO] 
[8/13]
2026-05-08 21:08:53,612 [INFO] 
──────────────────────────────────────────────────
2026-05-08 21:08:53,612 [INFO] 🔍 S Sport → https://atomsportv502.top/matches?id=s-sport
2026-05-08 21:08:53,612 [INFO] ──────────────────────────────────────────────────
2026-05-08 21:09:25,548 [INFO]   📡 M3U8 bekleniyor (max 8s)...
2026-05-08 21:09:25,597 [INFO]   🎯 DOĞRU kanal bulundu: https://young-surf-88a9.emgetsek.workers.dev/https://corestream.ronaldovurdu.help//hls/s-sport.m3u8
2026-05-08 21:09:25,597 [INFO]   ✅ S Sport: https://young-surf-88a9.emgetsek.workers.dev/https://corestream.ronaldovurdu.help//hls/s-sport.m3u8
2026-05-08 21:09:26,597 [INFO] 
[9/13]
2026-05-08 21:09:26,597 [INFO] 
──────────────────────────────────────────────────
2026-05-08 21:09:26,597 [INFO] 🔍 S Sport 2 → https://atomsportv502.top/matches?id=s-sport-2
2026-05-08 21:09:26,597 [INFO] ──────────────────────────────────────────────────
2026-05-08 21:09:58,558 [INFO]   📡 M3U8 bekleniyor (max 8s)...
2026-05-08 21:09:58,567 [INFO]   🎯 DOĞRU kanal bulundu: https://young-surf-88a9.emgetsek.workers.dev/https://corestream.ronaldovurdu.help//hls/s-sport-2.m3u8
2026-05-08 21:09:58,568 [INFO]   ✅ S Sport 2: https://young-surf-88a9.emgetsek.workers.dev/https://corestream.ronaldovurdu.help//hls/s-sport-2.m3u8
2026-05-08 21:09:59,568 [INFO] 
[10/13]
2026-05-08 21:09:59,568 [INFO] 
──────────────────────────────────────────────────
2026-05-08 21:09:59,568 [INFO] 🔍 Tivibu Spor 1 → https://atomsportv502.top/matches?id=tivibu-spor-1
2026-05-08 21:09:59,568 [INFO] ──────────────────────────────────────────────────
2026-05-08 21:10:31,482 [INFO]   📡 M3U8 bekleniyor (max 8s)...
2026-05-08 21:10:39,494 [INFO]   ❌ Tivibu Spor 1: M3U8 bulunamadı
2026-05-08 21:10:40,494 [INFO] 
[11/13]
2026-05-08 21:10:40,495 [INFO] 
──────────────────────────────────────────────────
2026-05-08 21:10:40,495 [INFO] 🔍 Tivibu Spor 2 → https://atomsportv502.top/matches?id=tivibu-spor-2
2026-05-08 21:10:40,495 [INFO] ──────────────────────────────────────────────────
2026-05-08 21:11:12,387 [INFO]   📡 M3U8 bekleniyor (max 8s)...
2026-05-08 21:11:20,399 [INFO]   ❌ Tivibu Spor 2: M3U8 bulunamadı
2026-05-08 21:11:21,399 [INFO] 
[12/13]
2026-05-08 21:11:21,399 [INFO] 
──────────────────────────────────────────────────
2026-05-08 21:11:21,399 [INFO] 🔍 Tivibu Spor 3 → https://atomsportv502.top/matches?id=tivibu-spor-3
2026-05-08 21:11:21,400 [INFO] ──────────────────────────────────────────────────
2026-05-08 21:11:53,311 [INFO]   📡 M3U8 bekleniyor (max 8s)...
2026-05-08 21:12:01,322 [INFO]   ❌ Tivibu Spor 3: M3U8 bulunamadı
2026-05-08 21:12:02,323 [INFO] 
[13/13]
2026-05-08 21:12:02,323 [INFO] 
──────────────────────────────────────────────────
2026-05-08 21:12:02,323 [INFO] 🔍 Tivibu Spor 4 → https://atomsportv502.top/matches?id=tivibu-spor-4
2026-05-08 21:12:02,323 [INFO] ──────────────────────────────────────────────────
2026-05-08 21:12:34,271 [INFO]   📡 M3U8 bekleniyor (max 8s)...
2026-05-08 21:12:42,284 [INFO]   ❌ Tivibu Spor 4: M3U8 bulunamadı
2026-05-08 21:12:43,350 [INFO] 🔒 Driver kapatıldı
2026-05-08 21:12:43,350 [INFO] 
=======================================================
2026-05-08 21:12:43,350 [INFO] 🏁 Tamamlandı!
2026-05-08 21:12:43,350 [INFO] 📺 Kanal : 8/13
2026-05-08 21:12:43,350 [INFO] ⏱️  Süre  : 469.9s
2026-05-08 21:12:43,350 [INFO] =======================================================
2026-05-08 21:12:43,350 [INFO] ✅ playlist.m3u kaydedildi (proxy prefix'li)
2026-05-08 21:12:43,351 [INFO] ✅ stats.json kaydedildi
