2026-06-10 14:24:48,986 [INFO] 🌐 BASE_URL: https://atomsportv506.top
2026-06-10 14:24:50,054 [INFO] Başlanıyor... 14 kanal taranacak
2026-06-10 14:24:50,055 [INFO] Using default request storage
2026-06-10 14:24:50,059 [INFO] Created proxy listening on 127.0.0.1:42255
2026-06-10 14:24:50,728 [INFO] Capturing request: http://clients2.google.com/time/1/current?cup2key=10:vdg40Z5bA9M3hlAy1HOtXuHgG9mmw7-W7mI43-KSFeU&cup2hreq=e3b0c44298fc1c149afbf4c8996fb92427ae41e4649b934ca495991b7852b855
2026-06-10 14:24:50,830 [INFO] Capturing response: http://clients2.google.com/time/1/current?cup2key=10:vdg40Z5bA9M3hlAy1HOtXuHgG9mmw7-W7mI43-KSFeU&cup2hreq=e3b0c44298fc1c149afbf4c8996fb92427ae41e4649b934ca495991b7852b855 200 OK
2026-06-10 14:24:50,839 [INFO] 
[1/14]
2026-06-10 14:24:50,840 [INFO] 🔍 beIN Sports 1 → https://atomsportv506.top/matches?id=bein-sports-1
2026-06-10 14:24:50,928 [INFO] Capturing request: https://accounts.google.com/ListAccounts?gpsia=1&source=ChromiumBrowser&json=standard&laf=b64bin
2026-06-10 14:24:50,990 [INFO] Capturing response: https://accounts.google.com/ListAccounts?gpsia=1&source=ChromiumBrowser&json=standard&laf=b64bin 200 
2026-06-10 14:24:51,028 [INFO] Capturing request: https://atomsportv506.top/matches?id=bein-sports-1
2026-06-10 14:24:51,308 [INFO] Capturing request: https://www.google.com/async/folae?async=_fmt:pb&udm=50&client_locale=en-US
2026-06-10 14:24:51,340 [INFO] Capturing response: https://www.google.com/async/folae?async=_fmt:pb&udm=50&client_locale=en-US 200 
2026-06-10 14:24:51,631 [INFO] Capturing response: https://atomsportv506.top/matches?id=bein-sports-1 200 
2026-06-10 14:24:51,783 [INFO] Capturing request: https://atomsportv506.top/assets/js/clappr.js
2026-06-10 14:24:51,839 [INFO] Capturing response: https://atomsportv506.top/assets/js/clappr.js 200 
2026-06-10 14:24:51,840 [INFO] Capturing request: https://cdn.jsdelivr.net/npm/@clappr/player@latest/dist/clappr.min.js
2026-06-10 14:24:51,851 [INFO] Capturing request: https://cdnjs.cloudflare.com/ajax/libs/jquery/3.2.1/jquery.min.js
2026-06-10 14:24:51,882 [INFO] Capturing response: https://cdnjs.cloudflare.com/ajax/libs/jquery/3.2.1/jquery.min.js 200 
2026-06-10 14:24:51,904 [INFO] Capturing response: https://cdn.jsdelivr.net/npm/@clappr/player@latest/dist/clappr.min.js 200 
2026-06-10 14:24:52,108 [INFO] Capturing request: https://static.cloudflareinsights.com/beacon.min.js/v833ccba57c9e4d2798f2e76cebdd09a11778172276447
2026-06-10 14:24:52,134 [INFO] Capturing response: https://static.cloudflareinsights.com/beacon.min.js/v833ccba57c9e4d2798f2e76cebdd09a11778172276447 200 
2026-06-10 14:24:52,193 [INFO] Capturing request: https://atomsportv506.top/cdn-cgi/rum?
2026-06-10 14:24:52,294 [INFO] Capturing request: https://atomsportv506.top/favicon.ico
2026-06-10 14:24:52,324 [INFO] Capturing response: https://atomsportv506.top/cdn-cgi/rum? 204 
2026-06-10 14:24:52,372 [INFO] Capturing response: https://atomsportv506.top/favicon.ico 200 
2026-06-10 14:24:52,450 [INFO] Capturing request: https://teletv5.top/load/yayinlink.php?id=bein-sports-1
2026-06-10 14:24:52,819 [INFO] Capturing request: https://streamsport365.com/cinema
2026-06-10 14:24:52,885 [INFO] Capturing response: https://teletv5.top/load/yayinlink.php?id=bein-sports-1 200 
2026-06-10 14:24:53,134 [INFO] Capturing response: https://streamsport365.com/cinema 200 
2026-06-10 14:24:53,264 [INFO] Capturing request: https://atomsportv506.top/assets/img/player_logo_6880e4e4c52ee.png
2026-06-10 14:24:53,354 [INFO] Capturing response: https://atomsportv506.top/assets/img/player_logo_6880e4e4c52ee.png 200 
2026-06-10 14:24:53,378 [INFO] Capturing request: https://hlssssssssssssssssss.yedeklinksa35.workers.dev/https://corestream.ronaldovurdu.help//aspor/tracks-v1a1/mono.m3u8
2026-06-10 14:24:53,808 [INFO] Capturing response: https://hlssssssssssssssssss.yedeklinksa35.workers.dev/https://corestream.ronaldovurdu.help//aspor/tracks-v1a1/mono.m3u8 200 
2026-06-10 14:24:54,053 [INFO] Capturing request: https://android.clients.google.com/checkin
2026-06-10 14:24:54,081 [INFO] Capturing request: https://ts.yedeklinksa35.workers.dev/aspor/tracks-v1a1/2026/06/10/14/24/35-05760.avif
2026-06-10 14:24:54,154 [INFO] Capturing response: https://android.clients.google.com/checkin 200 
2026-06-10 14:24:54,200 [INFO] Capturing request: https://android.clients.google.com/c2dm/register3
2026-06-10 14:24:54,208 [INFO] Capturing request: https://android.clients.google.com/c2dm/register3
2026-06-10 14:24:54,211 [INFO] Capturing request: https://android.clients.google.com/c2dm/register3
2026-06-10 14:24:54,261 [INFO] Capturing response: https://android.clients.google.com/c2dm/register3 301 
2026-06-10 14:24:54,887 [INFO] Capturing response: https://android.clients.google.com/c2dm/register3 200 
2026-06-10 14:24:55,037 [INFO] Capturing response: https://android.clients.google.com/c2dm/register3 200 
2026-06-10 14:24:55,093 [INFO] Capturing response: https://ts.yedeklinksa35.workers.dev/aspor/tracks-v1a1/2026/06/10/14/24/35-05760.avif 200 
2026-06-10 14:24:55,222 [INFO]   ✅ M3U8 bulundu: https://hlssssssssssssssssss.yedeklinksa35.workers.dev/https://corestream.ronaldovurdu.help//aspor/tracks-v1a1/mono.m3u8
2026-06-10 14:24:55,301 [INFO] Capturing request: https://ts.yedeklinksa35.workers.dev/aspor/tracks-v1a1/2026/06/10/14/24/41-05760.avif
2026-06-10 14:24:56,222 [INFO] 
[2/14]
2026-06-10 14:24:56,222 [INFO] 🔍 beIN Sports 2 → https://atomsportv506.top/matches?id=bein-sports-2
2026-06-10 14:24:56,247 [INFO] Capturing response: https://ts.yedeklinksa35.workers.dev/aspor/tracks-v1a1/2026/06/10/14/24/41-05760.avif 200 
2026-06-10 14:24:56,335 [INFO] Capturing request: https://atomsportv506.top/matches?id=bein-sports-2
2026-06-10 14:24:56,385 [INFO] Capturing response: https://atomsportv506.top/matches?id=bein-sports-2 200 
2026-06-10 14:24:56,397 [INFO] Capturing request: https://atomsportv506.top/cdn-cgi/rum?
2026-06-10 14:24:56,438 [INFO] Capturing request: https://atomsportv506.top/cdn-cgi/rum?
2026-06-10 14:24:56,440 [INFO] Capturing request: https://streamsport365.com/cinema
2026-06-10 14:24:56,441 [INFO] Capturing request: https://ts.yedeklinksa35.workers.dev/aspor/tracks-v1a1/2026/06/10/14/24/46-05760.avif
2026-06-10 14:24:56,533 [INFO] Capturing request: https://teletv5.top/load/yayinlink.php?id=bein-sports-2
2026-06-10 14:24:56,544 [INFO] Capturing request: https://atomsportv506.top/favicon.ico
2026-06-10 14:24:56,558 [INFO] Capturing response: https://atomsportv506.top/cdn-cgi/rum? 204 
2026-06-10 14:24:56,567 [INFO] Capturing response: https://atomsportv506.top/cdn-cgi/rum? 204 
2026-06-10 14:24:56,589 [INFO] Capturing response: https://atomsportv506.top/favicon.ico 200 
2026-06-10 14:24:56,761 [INFO] Capturing response: https://streamsport365.com/cinema 200 
2026-06-10 14:24:56,916 [INFO] Capturing response: https://teletv5.top/load/yayinlink.php?id=bein-sports-2 200 
2026-06-10 14:24:57,038 [INFO] Capturing request: https://hlssssssssssssssssss.yedeklinksa35.workers.dev/https://corestream.ronaldovurdu.help//bein2/tracks-v1a1/mono.m3u8
2026-06-10 14:24:57,183 [INFO] Capturing response: https://hlssssssssssssssssss.yedeklinksa35.workers.dev/https://corestream.ronaldovurdu.help//bein2/tracks-v1a1/mono.m3u8 200 
2026-06-10 14:24:57,295 [INFO] Capturing request: https://ts.yedeklinksa35.workers.dev/bein2/tracks-v1a1/2026/06/10/14/24/20-09480.avif
2026-06-10 14:24:57,459 [INFO] Capturing response: https://ts.yedeklinksa35.workers.dev/aspor/tracks-v1a1/2026/06/10/14/24/46-05760.avif 200 
2026-06-10 14:24:58,512 [INFO] Capturing response: https://ts.yedeklinksa35.workers.dev/bein2/tracks-v1a1/2026/06/10/14/24/20-09480.avif 200 
2026-06-10 14:24:58,763 [INFO] Capturing request: https://ts.yedeklinksa35.workers.dev/bein2/tracks-v1a1/2026/06/10/14/24/30-11640.avif
2026-06-10 14:24:59,464 [INFO]   ✅ M3U8 bulundu: https://hlssssssssssssssssss.yedeklinksa35.workers.dev/https://corestream.ronaldovurdu.help//bein2/tracks-v1a1/mono.m3u8
2026-06-10 14:25:00,215 [INFO] Capturing response: https://ts.yedeklinksa35.workers.dev/bein2/tracks-v1a1/2026/06/10/14/24/30-11640.avif 200 
2026-06-10 14:25:00,465 [INFO] 
[3/14]
2026-06-10 14:25:00,465 [INFO] 🔍 beIN Sports 3 → https://atomsportv506.top/matches?id=bein-sports-3
2026-06-10 14:25:00,476 [INFO] Capturing request: https://ts.yedeklinksa35.workers.dev/bein2/tracks-v1a1/2026/06/10/14/24/41-10000.avif
2026-06-10 14:25:00,579 [INFO] Capturing request: https://atomsportv506.top/matches?id=bein-sports-3
2026-06-10 14:25:00,633 [INFO] Capturing response: https://atomsportv506.top/matches?id=bein-sports-3 200 
2026-06-10 14:25:00,645 [INFO] Capturing request: https://atomsportv506.top/cdn-cgi/rum?
2026-06-10 14:25:00,672 [INFO] Capturing request: https://atomsportv506.top/cdn-cgi/rum?
2026-06-10 14:25:00,772 [INFO] Capturing request: https://atomsportv506.top/favicon.ico
2026-06-10 14:25:00,774 [INFO] Capturing request: https://teletv5.top/load/yayinlink.php?id=bein-sports-3
2026-06-10 14:25:00,791 [INFO] Capturing response: https://atomsportv506.top/cdn-cgi/rum? 204 
2026-06-10 14:25:00,799 [INFO] Capturing response: https://atomsportv506.top/cdn-cgi/rum? 204 
2026-06-10 14:25:00,825 [INFO] Capturing response: https://atomsportv506.top/favicon.ico 200 
2026-06-10 14:25:00,904 [INFO] Capturing request: https://streamsport365.com/cinema
2026-06-10 14:25:01,000 [INFO] Capturing response: https://teletv5.top/load/yayinlink.php?id=bein-sports-3 200 
2026-06-10 14:25:01,221 [INFO] Capturing response: https://streamsport365.com/cinema 200 
2026-06-10 14:25:01,783 [INFO] Capturing response: https://ts.yedeklinksa35.workers.dev/bein2/tracks-v1a1/2026/06/10/14/24/41-10000.avif 200 
2026-06-10 14:25:15,288 [INFO] Capturing request: https://android.clients.google.com/c2dm/register3
2026-06-10 14:25:15,353 [INFO] Capturing response: https://android.clients.google.com/c2dm/register3 301 
2026-06-10 14:25:33,997 [WARNING]   ❌ beIN Sports 3 için M3U8 bulunamadı
2026-06-10 14:25:34,998 [INFO] 
[4/14]
2026-06-10 14:25:34,998 [INFO] 🔍 beIN Sports 4 → https://atomsportv506.top/matches?id=bein-sports-4
2026-06-10 14:25:35,108 [INFO] Capturing request: https://atomsportv506.top/assets/js/clappr.js
2026-06-10 14:25:35,110 [INFO] Capturing request: https://atomsportv506.top/matches?id=bein-sports-4
2026-06-10 14:25:35,143 [INFO] Capturing response: https://atomsportv506.top/assets/js/clappr.js 200 
2026-06-10 14:25:35,413 [INFO] Capturing response: https://atomsportv506.top/matches?id=bein-sports-4 200 
2026-06-10 14:25:35,421 [INFO] Capturing request: https://atomsportv506.top/cdn-cgi/rum?
2026-06-10 14:25:35,451 [INFO] Capturing request: https://atomsportv506.top/cdn-cgi/rum?
2026-06-10 14:25:35,546 [INFO] Capturing request: https://teletv5.top/load/yayinlink.php?id=bein-sports-4
2026-06-10 14:25:35,553 [INFO] Capturing request: https://atomsportv506.top/favicon.ico
2026-06-10 14:25:35,554 [INFO] Capturing response: https://atomsportv506.top/cdn-cgi/rum? 204 
2026-06-10 14:25:35,603 [INFO] Capturing response: https://atomsportv506.top/favicon.ico 200 
2026-06-10 14:25:35,622 [INFO] Capturing response: https://atomsportv506.top/cdn-cgi/rum? 204 
2026-06-10 14:25:35,676 [INFO] Capturing request: https://streamsport365.com/cinema
2026-06-10 14:25:36,003 [INFO] Capturing response: https://streamsport365.com/cinema 200 
2026-06-10 14:25:36,513 [INFO] Capturing response: https://teletv5.top/load/yayinlink.php?id=bein-sports-4 200 
2026-06-10 14:25:50,804 [INFO] Capturing request: https://update.googleapis.com/service/update2/json?cup2key=16:1NHBINFjXbY9VaX6lBfMwtfZv6s1SKDiCMIOwd8QZAQ&cup2hreq=ca62cdb6f28fb4f33e257fba568700681acc14d6c24edc975748249f9ea34e82
2026-06-10 14:25:50,845 [INFO] Capturing response: https://update.googleapis.com/service/update2/json?cup2key=16:1NHBINFjXbY9VaX6lBfMwtfZv6s1SKDiCMIOwd8QZAQ&cup2hreq=ca62cdb6f28fb4f33e257fba568700681acc14d6c24edc975748249f9ea34e82 200 
2026-06-10 14:25:50,892 [INFO] Capturing request: http://edgedl.me.gvt1.com/edgedl/diffgen-puffin/gcmjkmgdlgnkkcocmoeiminaijmmjnii/71d926df14cb4c89c6f8f88e6c0bfcf6fe1e1a256ca7f8db04002a111af4c5b0
2026-06-10 14:25:51,014 [INFO] Capturing response: http://edgedl.me.gvt1.com/edgedl/diffgen-puffin/gcmjkmgdlgnkkcocmoeiminaijmmjnii/71d926df14cb4c89c6f8f88e6c0bfcf6fe1e1a256ca7f8db04002a111af4c5b0 200 OK
2026-06-10 14:25:51,042 [INFO] Capturing request: https://update.googleapis.com/service/update2/json
2026-06-10 14:25:51,098 [INFO] Capturing response: https://update.googleapis.com/service/update2/json 200 
2026-06-10 14:25:51,102 [INFO] Capturing request: http://edgedl.me.gvt1.com/edgedl/release2/chrome_component/adwrtgmsgdpiqi6ajxawnczbqk5q_10578/hfnkpimlhhgieaddgfemjhofmfblmnib_10578_all_hsjojogipmh3eqa64gmtz4qhda.crx3
2026-06-10 14:25:51,234 [INFO] Capturing response: http://edgedl.me.gvt1.com/edgedl/release2/chrome_component/adwrtgmsgdpiqi6ajxawnczbqk5q_10578/hfnkpimlhhgieaddgfemjhofmfblmnib_10578_all_hsjojogipmh3eqa64gmtz4qhda.crx3 200 OK
2026-06-10 14:25:51,268 [INFO] Capturing request: https://update.googleapis.com/service/update2/json
2026-06-10 14:25:51,304 [INFO] Capturing response: https://update.googleapis.com/service/update2/json 200 
2026-06-10 14:26:08,738 [WARNING]   ❌ beIN Sports 4 için M3U8 bulunamadı
2026-06-10 14:26:09,738 [INFO] 
[5/14]
2026-06-10 14:26:09,738 [INFO] 🔍 beIN Sports 5 → https://atomsportv506.top/matches?id=bein-sports-5
2026-06-10 14:26:09,910 [INFO] Capturing request: https://atomsportv506.top/matches?id=bein-sports-5
2026-06-10 14:26:09,911 [INFO] Capturing request: https://atomsportv506.top/assets/js/clappr.js
2026-06-10 14:26:09,979 [INFO] Capturing response: https://atomsportv506.top/assets/js/clappr.js 200 
2026-06-10 14:26:10,597 [INFO] Capturing response: https://atomsportv506.top/matches?id=bein-sports-5 200 
2026-06-10 14:26:10,606 [INFO] Capturing request: https://atomsportv506.top/cdn-cgi/rum?
2026-06-10 14:26:10,637 [INFO] Capturing request: https://atomsportv506.top/cdn-cgi/rum?
2026-06-10 14:26:10,743 [INFO] Capturing request: https://atomsportv506.top/favicon.ico
2026-06-10 14:26:10,761 [INFO] Capturing response: https://atomsportv506.top/cdn-cgi/rum? 204 
2026-06-10 14:26:10,771 [INFO] Capturing response: https://atomsportv506.top/cdn-cgi/rum? 204 
2026-06-10 14:26:10,802 [INFO] Capturing request: https://teletv5.top/load/yayinlink.php?id=bein-sports-5
2026-06-10 14:26:10,840 [INFO] Capturing response: https://atomsportv506.top/favicon.ico 200 
2026-06-10 14:26:11,027 [INFO] Capturing response: https://teletv5.top/load/yayinlink.php?id=bein-sports-5 200 
2026-06-10 14:26:11,239 [INFO] Capturing request: https://streamsport365.com/cinema
2026-06-10 14:26:11,566 [INFO] Capturing response: https://streamsport365.com/cinema 200 
2026-06-10 14:26:14,905 [INFO] Capturing request: https://android.clients.google.com/c2dm/register3
2026-06-10 14:26:14,973 [INFO] Capturing response: https://android.clients.google.com/c2dm/register3 301 
2026-06-10 14:26:43,909 [WARNING]   ❌ beIN Sports 5 için M3U8 bulunamadı
2026-06-10 14:26:44,909 [INFO] 
[6/14]
2026-06-10 14:26:44,910 [INFO] 🔍 beIN Sports Max 1 → https://atomsportv506.top/matches?id=bein-sports-max-1
2026-06-10 14:26:45,019 [INFO] Capturing request: https://atomsportv506.top/assets/js/clappr.js
2026-06-10 14:26:45,020 [INFO] Capturing request: https://atomsportv506.top/matches?id=bein-sports-max-1
2026-06-10 14:26:45,052 [INFO] Capturing response: https://atomsportv506.top/assets/js/clappr.js 200 
2026-06-10 14:26:45,351 [INFO] Capturing response: https://atomsportv506.top/matches?id=bein-sports-max-1 200 
2026-06-10 14:26:45,362 [INFO] Capturing request: https://atomsportv506.top/cdn-cgi/rum?
2026-06-10 14:26:45,389 [INFO] Capturing request: https://atomsportv506.top/cdn-cgi/rum?
2026-06-10 14:26:45,486 [INFO] Capturing request: https://teletv5.top/load/yayinlink.php?id=bein-sports-max-1
2026-06-10 14:26:45,493 [INFO] Capturing request: https://atomsportv506.top/favicon.ico
2026-06-10 14:26:45,509 [INFO] Capturing response: https://atomsportv506.top/cdn-cgi/rum? 204 
2026-06-10 14:26:45,523 [INFO] Capturing response: https://atomsportv506.top/cdn-cgi/rum? 204 
2026-06-10 14:26:45,555 [INFO] Capturing response: https://atomsportv506.top/favicon.ico 200 
2026-06-10 14:26:45,619 [INFO] Capturing request: https://streamsport365.com/cinema
2026-06-10 14:26:45,713 [INFO] Capturing response: https://teletv5.top/load/yayinlink.php?id=bein-sports-max-1 200 
2026-06-10 14:26:45,945 [INFO] Capturing response: https://streamsport365.com/cinema 200 
2026-06-10 14:27:18,655 [WARNING]   ❌ beIN Sports Max 1 için M3U8 bulunamadı
2026-06-10 14:27:19,656 [INFO] 
[7/14]
2026-06-10 14:27:19,656 [INFO] 🔍 beIN Sports Max 2 → https://atomsportv506.top/matches?id=bein-sports-max-2
2026-06-10 14:27:19,764 [INFO] Capturing request: https://atomsportv506.top/assets/js/clappr.js
2026-06-10 14:27:19,766 [INFO] Capturing request: https://atomsportv506.top/matches?id=bein-sports-max-2
2026-06-10 14:27:19,798 [INFO] Capturing response: https://atomsportv506.top/assets/js/clappr.js 200 
2026-06-10 14:27:20,090 [INFO] Capturing response: https://atomsportv506.top/matches?id=bein-sports-max-2 200 
2026-06-10 14:27:20,100 [INFO] Capturing request: https://atomsportv506.top/cdn-cgi/rum?
2026-06-10 14:27:20,126 [INFO] Capturing request: https://atomsportv506.top/cdn-cgi/rum?
2026-06-10 14:27:20,228 [INFO] Capturing request: https://teletv5.top/load/yayinlink.php?id=bein-sports-max-2
2026-06-10 14:27:20,234 [INFO] Capturing request: https://atomsportv506.top/favicon.ico
2026-06-10 14:27:20,251 [INFO] Capturing response: https://atomsportv506.top/cdn-cgi/rum? 204 
2026-06-10 14:27:20,265 [INFO] Capturing response: https://atomsportv506.top/cdn-cgi/rum? 204 
2026-06-10 14:27:20,287 [INFO] Capturing response: https://atomsportv506.top/favicon.ico 200 
2026-06-10 14:27:20,366 [INFO] Capturing request: https://streamsport365.com/cinema
2026-06-10 14:27:20,448 [INFO] Capturing response: https://teletv5.top/load/yayinlink.php?id=bein-sports-max-2 200 
2026-06-10 14:27:20,673 [INFO] Capturing response: https://streamsport365.com/cinema 200 
2026-06-10 14:27:53,403 [WARNING]   ❌ beIN Sports Max 2 için M3U8 bulunamadı
2026-06-10 14:27:54,403 [INFO] 
[8/14]
2026-06-10 14:27:54,403 [INFO] 🔍 S Sport → https://atomsportv506.top/matches?id=s-sport
2026-06-10 14:27:54,511 [INFO] Capturing request: https://atomsportv506.top/assets/js/clappr.js
2026-06-10 14:27:54,513 [INFO] Capturing request: https://atomsportv506.top/matches?id=s-sport
2026-06-10 14:27:54,544 [INFO] Capturing response: https://atomsportv506.top/assets/js/clappr.js 200 
2026-06-10 14:27:54,846 [INFO] Capturing response: https://atomsportv506.top/matches?id=s-sport 200 
2026-06-10 14:27:54,856 [INFO] Capturing request: https://atomsportv506.top/cdn-cgi/rum?
2026-06-10 14:27:54,886 [INFO] Capturing request: https://atomsportv506.top/cdn-cgi/rum?
2026-06-10 14:27:54,984 [INFO] Capturing request: https://teletv5.top/load/yayinlink.php?id=s-sport
2026-06-10 14:27:54,986 [INFO] Capturing request: https://atomsportv506.top/favicon.ico
2026-06-10 14:27:54,991 [INFO] Capturing response: https://atomsportv506.top/cdn-cgi/rum? 204 
2026-06-10 14:27:55,046 [INFO] Capturing response: https://atomsportv506.top/favicon.ico 200 
2026-06-10 14:27:55,064 [INFO] Capturing response: https://atomsportv506.top/cdn-cgi/rum? 204 
2026-06-10 14:27:55,118 [INFO] Capturing request: https://streamsport365.com/cinema
2026-06-10 14:27:55,205 [INFO] Capturing response: https://teletv5.top/load/yayinlink.php?id=s-sport 200 
2026-06-10 14:27:55,437 [INFO] Capturing response: https://streamsport365.com/cinema 200 
2026-06-10 14:27:55,556 [INFO] Capturing request: https://atomsportv506.top/assets/img/player_logo_6880e4e4c52ee.png
2026-06-10 14:27:55,617 [INFO] Capturing request: https://hlssssssssssssssssss.yedeklinksa35.workers.dev/https://corestream.ronaldovurdu.help//s-sportt/tracks-v1a1/mono.m3u8
2026-06-10 14:27:55,651 [INFO] Capturing response: https://atomsportv506.top/assets/img/player_logo_6880e4e4c52ee.png 200 
2026-06-10 14:27:56,258 [INFO] Capturing response: https://hlssssssssssssssssss.yedeklinksa35.workers.dev/https://corestream.ronaldovurdu.help//s-sportt/tracks-v1a1/mono.m3u8 200 
2026-06-10 14:27:56,463 [INFO] Capturing request: https://ts.yedeklinksa35.workers.dev/s-sportt/tracks-v1a1/2026/06/10/14/27/33-05600.avif
2026-06-10 14:27:57,031 [INFO] Capturing response: https://ts.yedeklinksa35.workers.dev/s-sportt/tracks-v1a1/2026/06/10/14/27/33-05600.avif 200 
2026-06-10 14:27:57,211 [INFO] Capturing request: https://ts.yedeklinksa35.workers.dev/s-sportt/tracks-v1a1/2026/06/10/14/27/38-05600.avif
2026-06-10 14:27:57,803 [INFO] Capturing response: https://ts.yedeklinksa35.workers.dev/s-sportt/tracks-v1a1/2026/06/10/14/27/38-05600.avif 200 
2026-06-10 14:27:57,902 [INFO]   ✅ M3U8 bulundu: https://hlssssssssssssssssss.yedeklinksa35.workers.dev/https://corestream.ronaldovurdu.help//s-sportt/tracks-v1a1/mono.m3u8
2026-06-10 14:27:57,970 [INFO] Capturing request: https://ts.yedeklinksa35.workers.dev/s-sportt/tracks-v1a1/2026/06/10/14/27/44-05200.avif
2026-06-10 14:27:58,287 [INFO] Capturing response: https://ts.yedeklinksa35.workers.dev/s-sportt/tracks-v1a1/2026/06/10/14/27/44-05200.avif 200 
2026-06-10 14:27:58,450 [INFO] Capturing request: https://ts.yedeklinksa35.workers.dev/s-sportt/tracks-v1a1/2026/06/10/14/27/49-09760.avif
2026-06-10 14:27:58,902 [INFO] 
[9/14]
2026-06-10 14:27:58,902 [INFO] 🔍 S Sport 2 → https://atomsportv506.top/matches?id=s-sport-2
2026-06-10 14:27:59,015 [INFO] Capturing request: https://atomsportv506.top/assets/js/clappr.js
2026-06-10 14:27:59,018 [INFO] Capturing request: https://atomsportv506.top/matches?id=s-sport-2
2026-06-10 14:27:59,054 [INFO] Capturing response: https://atomsportv506.top/assets/js/clappr.js 200 
2026-06-10 14:27:59,065 [INFO] Capturing response: https://ts.yedeklinksa35.workers.dev/s-sportt/tracks-v1a1/2026/06/10/14/27/49-09760.avif 200 
2026-06-10 14:27:59,092 [INFO] Capturing response: https://atomsportv506.top/matches?id=s-sport-2 200 
2026-06-10 14:27:59,102 [INFO] Capturing request: https://atomsportv506.top/cdn-cgi/rum?
2026-06-10 14:27:59,141 [INFO] Capturing request: https://atomsportv506.top/cdn-cgi/rum?
2026-06-10 14:27:59,143 [INFO] Capturing request: https://streamsport365.com/cinema
2026-06-10 14:27:59,242 [INFO] Capturing request: https://teletv5.top/load/yayinlink.php?id=s-sport-2
2026-06-10 14:27:59,247 [INFO] Capturing request: https://atomsportv506.top/favicon.ico
2026-06-10 14:27:59,262 [INFO] Capturing response: https://atomsportv506.top/cdn-cgi/rum? 204 
2026-06-10 14:27:59,276 [INFO] Capturing response: https://atomsportv506.top/cdn-cgi/rum? 204 
2026-06-10 14:27:59,304 [INFO] Capturing response: https://atomsportv506.top/favicon.ico 200 
2026-06-10 14:27:59,463 [INFO] Capturing response: https://teletv5.top/load/yayinlink.php?id=s-sport-2 200 
2026-06-10 14:27:59,467 [INFO] Capturing response: https://streamsport365.com/cinema 200 
2026-06-10 14:27:59,623 [INFO] Capturing request: https://hlssssssssssssssssss.yedeklinksa35.workers.dev/https://corestream.ronaldovurdu.help//s-sport2/tracks-v1a1/mono.m3u8
2026-06-10 14:27:59,806 [INFO] Capturing response: https://hlssssssssssssssssss.yedeklinksa35.workers.dev/https://corestream.ronaldovurdu.help//s-sport2/tracks-v1a1/mono.m3u8 200 
2026-06-10 14:27:59,916 [INFO] Capturing request: https://ts.yedeklinksa35.workers.dev/s-sport2/tracks-v1a1/2026/06/10/14/28/16-06000.avif
2026-06-10 14:28:01,677 [INFO] Capturing response: https://ts.yedeklinksa35.workers.dev/s-sport2/tracks-v1a1/2026/06/10/14/28/16-06000.avif 200 
2026-06-10 14:28:01,954 [INFO] Capturing request: https://ts.yedeklinksa35.workers.dev/s-sport2/tracks-v1a1/2026/06/10/14/28/22-06000.avif
2026-06-10 14:28:02,163 [INFO]   ✅ M3U8 bulundu: https://hlssssssssssssssssss.yedeklinksa35.workers.dev/https://corestream.ronaldovurdu.help//s-sport2/tracks-v1a1/mono.m3u8
2026-06-10 14:28:03,163 [INFO] 
[10/14]
2026-06-10 14:28:03,163 [INFO] 🔍 A Spor → https://atomsportv506.top/matches?id=a-spor
2026-06-10 14:28:03,273 [INFO] Capturing request: https://atomsportv506.top/assets/js/clappr.js
2026-06-10 14:28:03,277 [INFO] Capturing request: https://atomsportv506.top/matches?id=a-spor
2026-06-10 14:28:03,304 [INFO] Capturing response: https://atomsportv506.top/assets/js/clappr.js 200 
2026-06-10 14:28:03,359 [INFO] Capturing response: https://atomsportv506.top/matches?id=a-spor 200 
2026-06-10 14:28:03,378 [INFO] Capturing request: https://atomsportv506.top/cdn-cgi/rum?
2026-06-10 14:28:03,417 [INFO] Capturing request: https://atomsportv506.top/cdn-cgi/rum?
2026-06-10 14:28:03,510 [INFO] Capturing request: https://teletv5.top/load/yayinlink.php?id=a-spor
2026-06-10 14:28:03,519 [INFO] Capturing request: https://atomsportv506.top/favicon.ico
2026-06-10 14:28:03,538 [INFO] Capturing response: https://atomsportv506.top/cdn-cgi/rum? 204 
2026-06-10 14:28:03,553 [INFO] Capturing response: https://atomsportv506.top/cdn-cgi/rum? 204 
2026-06-10 14:28:03,575 [INFO] Capturing response: https://atomsportv506.top/favicon.ico 200 
2026-06-10 14:28:03,640 [INFO] Capturing request: https://streamsport365.com/cinema
2026-06-10 14:28:03,847 [INFO] Capturing response: https://teletv5.top/load/yayinlink.php?id=a-spor 200 
2026-06-10 14:28:03,970 [INFO] Capturing response: https://streamsport365.com/cinema 200 
2026-06-10 14:28:04,091 [INFO] Capturing request: https://hlssssssssssssssssss.yedeklinksa35.workers.dev/https://corestream.ronaldovurdu.help//aspor/tracks-v1a1/mono.m3u8
2026-06-10 14:28:04,471 [INFO] Capturing response: https://hlssssssssssssssssss.yedeklinksa35.workers.dev/https://corestream.ronaldovurdu.help//aspor/tracks-v1a1/mono.m3u8 200 
2026-06-10 14:28:04,582 [INFO] Capturing request: https://ts.yedeklinksa35.workers.dev/aspor/tracks-v1a1/2026/06/10/14/27/45-05760.avif
2026-06-10 14:28:04,755 [INFO] Capturing response: https://ts.yedeklinksa35.workers.dev/s-sport2/tracks-v1a1/2026/06/10/14/28/22-06000.avif 200 
2026-06-10 14:28:04,842 [INFO] 127.0.0.1:56204: ProtocolException("Error in HTTP connection: Http2ZombieException('Connection or stream already dead: 1781101684.8420947, False')")
2026-06-10 14:28:05,721 [INFO] Capturing response: https://ts.yedeklinksa35.workers.dev/aspor/tracks-v1a1/2026/06/10/14/27/45-05760.avif 200 
2026-06-10 14:28:05,884 [INFO] Capturing request: https://ts.yedeklinksa35.workers.dev/aspor/tracks-v1a1/2026/06/10/14/27/51-05760.avif
2026-06-10 14:28:06,440 [INFO]   ✅ M3U8 bulundu: https://hlssssssssssssssssss.yedeklinksa35.workers.dev/https://corestream.ronaldovurdu.help//aspor/tracks-v1a1/mono.m3u8
2026-06-10 14:28:06,865 [INFO] Capturing response: https://ts.yedeklinksa35.workers.dev/aspor/tracks-v1a1/2026/06/10/14/27/51-05760.avif 200 
2026-06-10 14:28:07,052 [INFO] Capturing request: https://ts.yedeklinksa35.workers.dev/aspor/tracks-v1a1/2026/06/10/14/27/56-05760.avif
2026-06-10 14:28:07,441 [INFO] 
[11/14]
2026-06-10 14:28:07,441 [INFO] 🔍 Tivibu Spor 1 → https://atomsportv506.top/matches?id=tivibu-spor-1
2026-06-10 14:28:07,552 [INFO] Capturing request: https://atomsportv506.top/assets/js/clappr.js
2026-06-10 14:28:07,555 [INFO] Capturing request: https://atomsportv506.top/matches?id=tivibu-spor-1
2026-06-10 14:28:07,587 [INFO] Capturing response: https://atomsportv506.top/assets/js/clappr.js 200 
2026-06-10 14:28:07,626 [INFO] Capturing request: https://android.clients.google.com/c2dm/register3
2026-06-10 14:28:07,646 [INFO] Capturing response: https://atomsportv506.top/matches?id=tivibu-spor-1 200 
2026-06-10 14:28:07,658 [INFO] Capturing request: https://atomsportv506.top/cdn-cgi/rum?
2026-06-10 14:28:07,685 [INFO] Capturing request: https://atomsportv506.top/cdn-cgi/rum?
2026-06-10 14:28:07,685 [INFO] Capturing request: https://streamsport365.com/cinema
2026-06-10 14:28:07,700 [INFO] Capturing response: https://android.clients.google.com/c2dm/register3 301 
2026-06-10 14:28:07,781 [INFO] Capturing request: https://teletv5.top/load/yayinlink.php?id=tivibu-spor-1
2026-06-10 14:28:07,785 [INFO] Capturing request: https://atomsportv506.top/favicon.ico
2026-06-10 14:28:07,792 [INFO] Capturing response: https://atomsportv506.top/cdn-cgi/rum? 204 
2026-06-10 14:28:07,806 [INFO] Capturing response: https://atomsportv506.top/cdn-cgi/rum? 204 
2026-06-10 14:28:07,838 [INFO] Capturing response: https://atomsportv506.top/favicon.ico 200 
2026-06-10 14:28:08,000 [INFO] Capturing response: https://streamsport365.com/cinema 200 
2026-06-10 14:28:08,002 [INFO] Capturing response: https://teletv5.top/load/yayinlink.php?id=tivibu-spor-1 200 
2026-06-10 14:28:08,762 [INFO] Capturing response: https://ts.yedeklinksa35.workers.dev/aspor/tracks-v1a1/2026/06/10/14/27/56-05760.avif 200 
2026-06-10 14:28:40,967 [WARNING]   ❌ Tivibu Spor 1 için M3U8 bulunamadı
2026-06-10 14:28:41,968 [INFO] 
[12/14]
2026-06-10 14:28:41,968 [INFO] 🔍 Tivibu Spor 2 → https://atomsportv506.top/matches?id=tivibu-spor-2
2026-06-10 14:28:42,077 [INFO] Capturing request: https://atomsportv506.top/assets/js/clappr.js
2026-06-10 14:28:42,079 [INFO] Capturing request: https://atomsportv506.top/matches?id=tivibu-spor-2
2026-06-10 14:28:42,110 [INFO] Capturing response: https://atomsportv506.top/assets/js/clappr.js 200 
2026-06-10 14:28:42,419 [INFO] Capturing response: https://atomsportv506.top/matches?id=tivibu-spor-2 200 
2026-06-10 14:28:42,429 [INFO] Capturing request: https://atomsportv506.top/cdn-cgi/rum?
2026-06-10 14:28:42,463 [INFO] Capturing request: https://atomsportv506.top/cdn-cgi/rum?
2026-06-10 14:28:42,561 [INFO] Capturing request: https://teletv5.top/load/yayinlink.php?id=tivibu-spor-2
2026-06-10 14:28:42,567 [INFO] Capturing request: https://atomsportv506.top/favicon.ico
2026-06-10 14:28:42,569 [INFO] Capturing response: https://atomsportv506.top/cdn-cgi/rum? 204 
2026-06-10 14:28:42,623 [INFO] Capturing response: https://atomsportv506.top/favicon.ico 200 
2026-06-10 14:28:42,639 [INFO] Capturing response: https://atomsportv506.top/cdn-cgi/rum? 204 
2026-06-10 14:28:42,689 [INFO] Capturing request: https://streamsport365.com/cinema
2026-06-10 14:28:42,782 [INFO] Capturing response: https://teletv5.top/load/yayinlink.php?id=tivibu-spor-2 200 
2026-06-10 14:28:43,004 [INFO] Capturing response: https://streamsport365.com/cinema 200 
2026-06-10 14:29:15,737 [WARNING]   ❌ Tivibu Spor 2 için M3U8 bulunamadı
2026-06-10 14:29:16,737 [INFO] 
[13/14]
2026-06-10 14:29:16,737 [INFO] 🔍 Tivibu Spor 3 → https://atomsportv506.top/matches?id=tivibu-spor-3
2026-06-10 14:29:16,845 [INFO] Capturing request: https://atomsportv506.top/assets/js/clappr.js
2026-06-10 14:29:16,847 [INFO] Capturing request: https://atomsportv506.top/matches?id=tivibu-spor-3
2026-06-10 14:29:16,886 [INFO] Capturing response: https://atomsportv506.top/assets/js/clappr.js 200 
2026-06-10 14:29:17,192 [INFO] Capturing response: https://atomsportv506.top/matches?id=tivibu-spor-3 200 
2026-06-10 14:29:17,201 [INFO] Capturing request: https://atomsportv506.top/cdn-cgi/rum?
2026-06-10 14:29:17,237 [INFO] Capturing request: https://atomsportv506.top/cdn-cgi/rum?
2026-06-10 14:29:17,331 [INFO] Capturing request: https://teletv5.top/load/yayinlink.php?id=tivibu-spor-3
2026-06-10 14:29:17,338 [INFO] Capturing request: https://atomsportv506.top/favicon.ico
2026-06-10 14:29:17,340 [INFO] Capturing response: https://atomsportv506.top/cdn-cgi/rum? 204 
2026-06-10 14:29:17,405 [INFO] Capturing response: https://atomsportv506.top/favicon.ico 200 
2026-06-10 14:29:17,411 [INFO] Capturing response: https://atomsportv506.top/cdn-cgi/rum? 204 
2026-06-10 14:29:17,463 [INFO] Capturing request: https://streamsport365.com/cinema
2026-06-10 14:29:17,554 [INFO] Capturing response: https://teletv5.top/load/yayinlink.php?id=tivibu-spor-3 200 
2026-06-10 14:29:17,780 [INFO] Capturing response: https://streamsport365.com/cinema 200 
2026-06-10 14:29:50,518 [WARNING]   ❌ Tivibu Spor 3 için M3U8 bulunamadı
2026-06-10 14:29:51,519 [INFO] 
[14/14]
2026-06-10 14:29:51,519 [INFO] 🔍 Tivibu Spor 4 → https://atomsportv506.top/matches?id=tivibu-spor-4
2026-06-10 14:29:51,627 [INFO] Capturing request: https://atomsportv506.top/assets/js/clappr.js
2026-06-10 14:29:51,629 [INFO] Capturing request: https://atomsportv506.top/matches?id=tivibu-spor-4
2026-06-10 14:29:51,668 [INFO] Capturing response: https://atomsportv506.top/assets/js/clappr.js 200 
2026-06-10 14:29:51,974 [INFO] Capturing response: https://atomsportv506.top/matches?id=tivibu-spor-4 200 
2026-06-10 14:29:51,986 [INFO] Capturing request: https://atomsportv506.top/cdn-cgi/rum?
2026-06-10 14:29:52,019 [INFO] Capturing request: https://atomsportv506.top/cdn-cgi/rum?
2026-06-10 14:29:52,118 [INFO] Capturing request: https://teletv5.top/load/yayinlink.php?id=tivibu-spor-4
2026-06-10 14:29:52,123 [INFO] Capturing request: https://atomsportv506.top/favicon.ico
2026-06-10 14:29:52,139 [INFO] Capturing response: https://atomsportv506.top/cdn-cgi/rum? 204 
2026-06-10 14:29:52,153 [INFO] Capturing response: https://atomsportv506.top/cdn-cgi/rum? 204 
2026-06-10 14:29:52,176 [INFO] Capturing response: https://atomsportv506.top/favicon.ico 200 
2026-06-10 14:29:52,251 [INFO] Capturing request: https://streamsport365.com/cinema
2026-06-10 14:29:52,352 [INFO] Capturing response: https://teletv5.top/load/yayinlink.php?id=tivibu-spor-4 200 
2026-06-10 14:29:52,561 [INFO] Capturing response: https://streamsport365.com/cinema 200 
2026-06-10 14:30:25,298 [WARNING]   ❌ Tivibu Spor 4 için M3U8 bulunamadı
2026-06-10 14:30:26,366 [INFO] ✅ 5 kanal bulundu, playlist.m3u kaydedildi
