2026-04-26 10:34:19,518 [INFO] 🔎 Domain aralığı taranıyor: atomsportv240.top - atomsportv250.top
2026-04-26 10:34:20,250 [INFO]   ✅ Aktif domain bulundu: https://tv247us.vip
2026-04-26 10:34:20,251 [INFO] 🌐 Kullanılan BASE_URL: https://tv247us.vip
2026-04-26 10:34:21,414 [INFO] ✅ SeleniumWire aktif
2026-04-26 10:34:21,416 [INFO] =======================================================
2026-04-26 10:34:21,416 [INFO]    M3U8 Scraper
2026-04-26 10:34:21,416 [INFO]    Base URL : https://tv247us.vip
2026-04-26 10:34:21,416 [INFO]    Toplam   : 2 sayfa
2026-04-26 10:34:21,416 [INFO] =======================================================
2026-04-26 10:34:21,416 [INFO] 🔧 Driver başlatılıyor...
2026-04-26 10:34:22,165 [INFO] ✅ Driver başlatıldı
2026-04-26 10:34:22,165 [INFO] 
[1/2]
2026-04-26 10:34:22,165 [INFO] 
──────────────────────────────────────────────────
2026-04-26 10:34:22,165 [INFO] 🔍 beIN Sports 1 → https://tv247us.vip/embed/arena-sport-2-premium
2026-04-26 10:34:22,165 [INFO] ──────────────────────────────────────────────────
2026-04-26 10:34:55,138 [INFO]   📡 M3U8 bekleniyor (max 8s)...
2026-04-26 10:35:03,162 [INFO]   ❌ beIN Sports 1: M3U8 bulunamadı
2026-04-26 10:35:04,162 [INFO] 
[2/2]
2026-04-26 10:35:04,162 [INFO] 
──────────────────────────────────────────────────
2026-04-26 10:35:04,163 [INFO] 🔍 beIN Sports 2 → https://tv247us.vip/watch/arena-sport-2-premium
2026-04-26 10:35:04,163 [INFO] ──────────────────────────────────────────────────
2026-04-26 10:35:37,116 [INFO]   📡 M3U8 bekleniyor (max 8s)...
2026-04-26 10:35:45,178 [INFO]   ❌ beIN Sports 2: M3U8 bulunamadı
2026-04-26 10:35:46,250 [INFO] 🔒 Driver kapatıldı
2026-04-26 10:35:46,250 [INFO] 
=======================================================
2026-04-26 10:35:46,250 [INFO] 🏁 Tamamlandı!
2026-04-26 10:35:46,250 [INFO] 📺 Kanal : 0/2
2026-04-26 10:35:46,250 [INFO] ⏱️  Süre  : 84.8s
2026-04-26 10:35:46,250 [INFO] =======================================================
2026-04-26 10:35:46,250 [INFO] ✅ playlist1.m3u kaydedildi
2026-04-26 10:35:46,251 [INFO] ✅ stats1.json kaydedildi
2026-04-26 10:35:46,251 [WARNING] ⚠️ Hiç M3U8 bulunamadı!
