2026-04-26 17:41:47,340 [INFO] 🔎 Domain aralığı taranıyor: atomsportv490.top - atomsportv520.top
2026-04-26 17:41:51,428 [INFO]   ✅ Aktif domain bulundu: https://atomsportv500.top
2026-04-26 17:41:51,430 [INFO] 🌐 Kullanılan BASE_URL: https://atomsportv500.top
2026-04-26 17:41:53,036 [INFO] ✅ SeleniumWire aktif
2026-04-26 17:41:53,038 [INFO] =======================================================
2026-04-26 17:41:53,038 [INFO]    M3U8 Scraper
2026-04-26 17:41:53,038 [INFO]    Base URL : https://atomsportv500.top
2026-04-26 17:41:53,038 [INFO]    Toplam   : 13 sayfa
2026-04-26 17:41:53,038 [INFO] =======================================================
2026-04-26 17:41:53,039 [INFO] 🔧 Driver başlatılıyor...
2026-04-26 17:41:53,811 [INFO] ✅ Driver başlatıldı
2026-04-26 17:41:53,811 [INFO] 
[1/13]
2026-04-26 17:41:53,811 [INFO] 
──────────────────────────────────────────────────
2026-04-26 17:41:53,811 [INFO] 🔍 beIN Sports 1 → https://atomsportv500.top/matches?id=bein-sports-1
2026-04-26 17:41:53,811 [INFO] ──────────────────────────────────────────────────
2026-04-26 17:42:26,191 [INFO]   📡 M3U8 bekleniyor (max 8s)...
2026-04-26 17:42:26,201 [INFO]   🎯 DOĞRU kanal bulundu: https://hlssssssssssss.hatimindiriyom.workers.dev/https://corestream.ronaldovurdu.help//hls/bein-sports-11.m3u8
2026-04-26 17:42:26,201 [INFO]   ✅ beIN Sports 1: https://hlssssssssssss.hatimindiriyom.workers.dev/https://corestream.ronaldovurdu.help//hls/bein-sports-11.m3u8
2026-04-26 17:42:27,202 [INFO] 
[2/13]
2026-04-26 17:42:27,202 [INFO] 
──────────────────────────────────────────────────
2026-04-26 17:42:27,202 [INFO] 🔍 beIN Sports 2 → https://atomsportv500.top/matches?id=bein-sports-2
2026-04-26 17:42:27,202 [INFO] ──────────────────────────────────────────────────
2026-04-26 17:42:58,950 [INFO]   📡 M3U8 bekleniyor (max 8s)...
2026-04-26 17:42:58,955 [INFO]   🎯 DOĞRU kanal bulundu: https://hlssssssssssss.hatimindiriyom.workers.dev/https://corestream.ronaldovurdu.help//hls/bein-sports-2.m3u8
2026-04-26 17:42:58,955 [INFO]   ✅ beIN Sports 2: https://hlssssssssssss.hatimindiriyom.workers.dev/https://corestream.ronaldovurdu.help//hls/bein-sports-2.m3u8
2026-04-26 17:42:59,956 [INFO] 
[3/13]
2026-04-26 17:42:59,956 [INFO] 
──────────────────────────────────────────────────
2026-04-26 17:42:59,956 [INFO] 🔍 beIN Sports 3 → https://atomsportv500.top/matches?id=bein-sports-3
2026-04-26 17:42:59,956 [INFO] ──────────────────────────────────────────────────
2026-04-26 17:43:31,959 [INFO]   📡 M3U8 bekleniyor (max 8s)...
2026-04-26 17:43:31,984 [INFO]   🎯 DOĞRU kanal bulundu: https://hlssssssssssss.hatimindiriyom.workers.dev/https://corestream.ronaldovurdu.help//hls/bein-sports-3.m3u8
2026-04-26 17:43:31,986 [INFO]   ✅ beIN Sports 3: https://hlssssssssssss.hatimindiriyom.workers.dev/https://corestream.ronaldovurdu.help//hls/bein-sports-3.m3u8
2026-04-26 17:43:32,986 [INFO] 
[4/13]
2026-04-26 17:43:32,986 [INFO] 
──────────────────────────────────────────────────
2026-04-26 17:43:32,986 [INFO] 🔍 beIN Sports 4 → https://atomsportv500.top/matches?id=bein-sports-4
2026-04-26 17:43:32,986 [INFO] ──────────────────────────────────────────────────
2026-04-26 17:44:04,939 [INFO]   📡 M3U8 bekleniyor (max 8s)...
2026-04-26 17:44:04,953 [INFO]   🎯 DOĞRU kanal bulundu: https://hlssssssssssss.hatimindiriyom.workers.dev/https://corestream.ronaldovurdu.help//hls/bein-sports-4.m3u8
2026-04-26 17:44:04,955 [INFO]   ✅ beIN Sports 4: https://hlssssssssssss.hatimindiriyom.workers.dev/https://corestream.ronaldovurdu.help//hls/bein-sports-4.m3u8
2026-04-26 17:44:05,955 [INFO] 
[5/13]
2026-04-26 17:44:05,955 [INFO] 
──────────────────────────────────────────────────
2026-04-26 17:44:05,955 [INFO] 🔍 beIN Sports 5 → https://atomsportv500.top/matches?id=bein-sports-5
2026-04-26 17:44:05,955 [INFO] ──────────────────────────────────────────────────
2026-04-26 17:44:37,906 [INFO]   📡 M3U8 bekleniyor (max 8s)...
2026-04-26 17:44:37,917 [INFO]   🎯 DOĞRU kanal bulundu: https://hlssssssssssss.hatimindiriyom.workers.dev/https://corestream.ronaldovurdu.help//hls/bein-sports-5.m3u8
2026-04-26 17:44:37,918 [INFO]   ✅ beIN Sports 5: https://hlssssssssssss.hatimindiriyom.workers.dev/https://corestream.ronaldovurdu.help//hls/bein-sports-5.m3u8
2026-04-26 17:44:38,918 [INFO] 
[6/13]
2026-04-26 17:44:38,918 [INFO] 
──────────────────────────────────────────────────
2026-04-26 17:44:38,918 [INFO] 🔍 beIN Sports Max 1 → https://atomsportv500.top/matches?id=bein-sports-max-1
2026-04-26 17:44:38,918 [INFO] ──────────────────────────────────────────────────
2026-04-26 17:45:10,853 [INFO]   📡 M3U8 bekleniyor (max 8s)...
2026-04-26 17:45:10,855 [INFO]   🎯 DOĞRU kanal bulundu: https://hlssssssssssss.hatimindiriyom.workers.dev/https://corestream.ronaldovurdu.help//hls/bein-sports-max-1.m3u8
2026-04-26 17:45:10,855 [INFO]   ✅ beIN Sports Max 1: https://hlssssssssssss.hatimindiriyom.workers.dev/https://corestream.ronaldovurdu.help//hls/bein-sports-max-1.m3u8
2026-04-26 17:45:11,855 [INFO] 
[7/13]
2026-04-26 17:45:11,856 [INFO] 
──────────────────────────────────────────────────
2026-04-26 17:45:11,856 [INFO] 🔍 beIN Sports Max 2 → https://atomsportv500.top/matches?id=bein-sports-max-2
2026-04-26 17:45:11,856 [INFO] ──────────────────────────────────────────────────
2026-04-26 17:45:43,780 [INFO]   📡 M3U8 bekleniyor (max 8s)...
2026-04-26 17:45:43,782 [INFO]   🎯 DOĞRU kanal bulundu: https://hlssssssssssss.hatimindiriyom.workers.dev/https://corestream.ronaldovurdu.help//hls/bein-sports-max-2.m3u8
2026-04-26 17:45:43,782 [INFO]   ✅ beIN Sports Max 2: https://hlssssssssssss.hatimindiriyom.workers.dev/https://corestream.ronaldovurdu.help//hls/bein-sports-max-2.m3u8
2026-04-26 17:45:44,782 [INFO] 
[8/13]
2026-04-26 17:45:44,782 [INFO] 
──────────────────────────────────────────────────
2026-04-26 17:45:44,782 [INFO] 🔍 S Sport → https://atomsportv500.top/matches?id=s-sport
2026-04-26 17:45:44,782 [INFO] ──────────────────────────────────────────────────
2026-04-26 17:46:16,730 [INFO]   📡 M3U8 bekleniyor (max 8s)...
2026-04-26 17:46:16,736 [INFO]   🎯 DOĞRU kanal bulundu: https://hlssssssssssss.hatimindiriyom.workers.dev/https://corestream.ronaldovurdu.help//hls/s-sport.m3u8
2026-04-26 17:46:16,737 [INFO]   ✅ S Sport: https://hlssssssssssss.hatimindiriyom.workers.dev/https://corestream.ronaldovurdu.help//hls/s-sport.m3u8
2026-04-26 17:46:17,737 [INFO] 
[9/13]
2026-04-26 17:46:17,737 [INFO] 
──────────────────────────────────────────────────
2026-04-26 17:46:17,737 [INFO] 🔍 S Sport 2 → https://atomsportv500.top/matches?id=s-sport-2
2026-04-26 17:46:17,737 [INFO] ──────────────────────────────────────────────────
2026-04-26 17:46:49,628 [INFO]   📡 M3U8 bekleniyor (max 8s)...
2026-04-26 17:46:49,630 [INFO]   🎯 DOĞRU kanal bulundu: https://hlssssssssssss.hatimindiriyom.workers.dev/https://corestream.ronaldovurdu.help//hls/s-sport-2.m3u8
2026-04-26 17:46:49,630 [INFO]   ✅ S Sport 2: https://hlssssssssssss.hatimindiriyom.workers.dev/https://corestream.ronaldovurdu.help//hls/s-sport-2.m3u8
2026-04-26 17:46:50,630 [INFO] 
[10/13]
2026-04-26 17:46:50,630 [INFO] 
──────────────────────────────────────────────────
2026-04-26 17:46:50,630 [INFO] 🔍 Tivibu Spor 1 → https://atomsportv500.top/matches?id=tivibu-spor-1
2026-04-26 17:46:50,630 [INFO] ──────────────────────────────────────────────────
2026-04-26 17:47:22,512 [INFO]   📡 M3U8 bekleniyor (max 8s)...
2026-04-26 17:47:30,524 [INFO]   ❌ Tivibu Spor 1: M3U8 bulunamadı
2026-04-26 17:47:31,525 [INFO] 
[11/13]
2026-04-26 17:47:31,525 [INFO] 
──────────────────────────────────────────────────
2026-04-26 17:47:31,525 [INFO] 🔍 Tivibu Spor 2 → https://atomsportv500.top/matches?id=tivibu-spor-2
2026-04-26 17:47:31,525 [INFO] ──────────────────────────────────────────────────
2026-04-26 17:48:03,389 [INFO]   📡 M3U8 bekleniyor (max 8s)...
2026-04-26 17:48:11,399 [INFO]   ❌ Tivibu Spor 2: M3U8 bulunamadı
2026-04-26 17:48:12,399 [INFO] 
[12/13]
2026-04-26 17:48:12,399 [INFO] 
──────────────────────────────────────────────────
2026-04-26 17:48:12,399 [INFO] 🔍 Tivibu Spor 3 → https://atomsportv500.top/matches?id=tivibu-spor-3
2026-04-26 17:48:12,399 [INFO] ──────────────────────────────────────────────────
2026-04-26 17:48:44,203 [INFO]   📡 M3U8 bekleniyor (max 8s)...
2026-04-26 17:48:52,214 [INFO]   ❌ Tivibu Spor 3: M3U8 bulunamadı
2026-04-26 17:48:53,214 [INFO] 
[13/13]
2026-04-26 17:48:53,215 [INFO] 
──────────────────────────────────────────────────
2026-04-26 17:48:53,215 [INFO] 🔍 Tivibu Spor 4 → https://atomsportv500.top/matches?id=tivibu-spor-4
2026-04-26 17:48:53,215 [INFO] ──────────────────────────────────────────────────
2026-04-26 17:49:24,836 [INFO]   📡 M3U8 bekleniyor (max 8s)...
2026-04-26 17:49:32,846 [INFO]   ❌ Tivibu Spor 4: M3U8 bulunamadı
2026-04-26 17:49:33,909 [INFO] 🔒 Driver kapatıldı
2026-04-26 17:49:33,909 [INFO] 
=======================================================
2026-04-26 17:49:33,910 [INFO] 🏁 Tamamlandı!
2026-04-26 17:49:33,910 [INFO] 📺 Kanal : 9/13
2026-04-26 17:49:33,910 [INFO] ⏱️  Süre  : 460.9s
2026-04-26 17:49:33,910 [INFO] =======================================================
2026-04-26 17:49:33,910 [INFO] ✅ playlist.m3u kaydedildi
2026-04-26 17:49:33,910 [INFO] ✅ stats.json kaydedildi
