2026-05-26 04:46:01,065 [INFO] 🔎 Domain aralığı taranıyor: atomsportv503.top - atomsportv535.top
2026-05-26 04:46:02,950 [INFO]   ✅ Aktif domain bulundu: https://atomsportv504.top
2026-05-26 04:46:02,952 [INFO] 🌐 Kullanılan BASE_URL: https://atomsportv504.top
2026-05-26 04:46:02,952 [INFO] 🔗 Proxy Prefix: https://ronaldo.magnitude.workers.dev/?url=
2026-05-26 04:46:03,928 [INFO] ✅ SeleniumWire aktif
2026-05-26 04:46:03,930 [INFO] =======================================================
2026-05-26 04:46:03,930 [INFO]    M3U8 Scraper
2026-05-26 04:46:03,930 [INFO]    Base URL    : https://atomsportv504.top
2026-05-26 04:46:03,930 [INFO]    Proxy Prefix: https://ronaldo.magnitude.workers.dev/?url=
2026-05-26 04:46:03,930 [INFO]    Toplam      : 14 sayfa
2026-05-26 04:46:03,930 [INFO] =======================================================
2026-05-26 04:46:03,930 [INFO] 🔧 Driver başlatılıyor...
2026-05-26 04:46:04,706 [INFO] ✅ Driver başlatıldı
2026-05-26 04:46:04,706 [INFO] 
[1/14]
2026-05-26 04:46:04,706 [INFO] 
──────────────────────────────────────────────────
2026-05-26 04:46:04,706 [INFO] 🔍 beIN Sports 1 → https://atomsportv504.top/matches?id=bein-sports-1
2026-05-26 04:46:04,706 [INFO] ──────────────────────────────────────────────────
2026-05-26 04:46:37,007 [INFO]   📡 M3U8 bekleniyor (max 8s)...
2026-05-26 04:46:45,103 [INFO]   ❌ beIN Sports 1: M3U8 bulunamadı
2026-05-26 04:46:46,104 [INFO] 
[2/14]
2026-05-26 04:46:46,104 [INFO] 
──────────────────────────────────────────────────
2026-05-26 04:46:46,105 [INFO] 🔍 beIN Sports 2 → https://atomsportv504.top/matches?id=bein-sports-2
2026-05-26 04:46:46,105 [INFO] ──────────────────────────────────────────────────
2026-05-26 04:47:18,357 [INFO]   📡 M3U8 bekleniyor (max 8s)...
2026-05-26 04:47:26,407 [INFO]   ❌ beIN Sports 2: M3U8 bulunamadı
2026-05-26 04:47:27,408 [INFO] 
[3/14]
2026-05-26 04:47:27,409 [INFO] 
──────────────────────────────────────────────────
2026-05-26 04:47:27,409 [INFO] 🔍 beIN Sports 3 → https://atomsportv504.top/matches?id=bein-sports-3
2026-05-26 04:47:27,409 [INFO] ──────────────────────────────────────────────────
2026-05-26 04:47:59,726 [INFO]   📡 M3U8 bekleniyor (max 8s)...
2026-05-26 04:48:07,744 [INFO]   ❌ beIN Sports 3: M3U8 bulunamadı
2026-05-26 04:48:08,744 [INFO] 
[4/14]
2026-05-26 04:48:08,744 [INFO] 
──────────────────────────────────────────────────
2026-05-26 04:48:08,744 [INFO] 🔍 beIN Sports 4 → https://atomsportv504.top/matches?id=bein-sports-4
2026-05-26 04:48:08,745 [INFO] ──────────────────────────────────────────────────
2026-05-26 04:48:40,643 [INFO]   📡 M3U8 bekleniyor (max 8s)...
2026-05-26 04:48:48,655 [INFO]   ❌ beIN Sports 4: M3U8 bulunamadı
2026-05-26 04:48:49,655 [INFO] 
[5/14]
2026-05-26 04:48:49,655 [INFO] 
──────────────────────────────────────────────────
2026-05-26 04:48:49,655 [INFO] 🔍 beIN Sports 5 → https://atomsportv504.top/matches?id=bein-sports-5
2026-05-26 04:48:49,655 [INFO] ──────────────────────────────────────────────────
2026-05-26 04:49:21,529 [INFO]   📡 M3U8 bekleniyor (max 8s)...
2026-05-26 04:49:29,542 [INFO]   ❌ beIN Sports 5: M3U8 bulunamadı
2026-05-26 04:49:30,542 [INFO] 
[6/14]
2026-05-26 04:49:30,542 [INFO] 
──────────────────────────────────────────────────
2026-05-26 04:49:30,542 [INFO] 🔍 beIN Sports Max 1 → https://atomsportv504.top/matches?id=bein-sports-max-1
2026-05-26 04:49:30,542 [INFO] ──────────────────────────────────────────────────
2026-05-26 04:50:02,426 [INFO]   📡 M3U8 bekleniyor (max 8s)...
2026-05-26 04:50:10,438 [INFO]   ❌ beIN Sports Max 1: M3U8 bulunamadı
2026-05-26 04:50:11,439 [INFO] 
[7/14]
2026-05-26 04:50:11,439 [INFO] 
──────────────────────────────────────────────────
2026-05-26 04:50:11,439 [INFO] 🔍 beIN Sports Max 2 → https://atomsportv504.top/matches?id=bein-sports-max-2
2026-05-26 04:50:11,439 [INFO] ──────────────────────────────────────────────────
2026-05-26 04:50:43,328 [INFO]   📡 M3U8 bekleniyor (max 8s)...
2026-05-26 04:50:51,341 [INFO]   ❌ beIN Sports Max 2: M3U8 bulunamadı
2026-05-26 04:50:52,341 [INFO] 
[8/14]
2026-05-26 04:50:52,341 [INFO] 
──────────────────────────────────────────────────
2026-05-26 04:50:52,341 [INFO] 🔍 S Sport → https://atomsportv504.top/matches?id=s-sport
2026-05-26 04:50:52,341 [INFO] ──────────────────────────────────────────────────
2026-05-26 04:51:24,257 [INFO]   📡 M3U8 bekleniyor (max 8s)...
2026-05-26 04:51:24,284 [INFO]   🎯 DOĞRU kanal bulundu: https://young-surf-88a9.halitumutseler.workers.dev/https://corestream.ronaldovurdu.help//s-sportt/tracks-v1a1/mono.m3u8
2026-05-26 04:51:24,286 [INFO]   ✅ S Sport: https://young-surf-88a9.halitumutseler.workers.dev/https://corestream.ronaldovurdu.help//s-sportt/tracks-v1a1/mono.m3u8
2026-05-26 04:51:25,286 [INFO] 
[9/14]
2026-05-26 04:51:25,287 [INFO] 
──────────────────────────────────────────────────
2026-05-26 04:51:25,287 [INFO] 🔍 S Sport 2 → https://atomsportv504.top/matches?id=s-sport-2
2026-05-26 04:51:25,287 [INFO] ──────────────────────────────────────────────────
2026-05-26 04:51:57,198 [INFO]   📡 M3U8 bekleniyor (max 8s)...
2026-05-26 04:52:05,310 [INFO]   ❌ S Sport 2: M3U8 bulunamadı
2026-05-26 04:52:06,311 [INFO] 
[10/14]
2026-05-26 04:52:06,311 [INFO] 
──────────────────────────────────────────────────
2026-05-26 04:52:06,311 [INFO] 🔍 A Spor → https://atomsportv504.top/matches?id=a-spor
2026-05-26 04:52:06,311 [INFO] ──────────────────────────────────────────────────
2026-05-26 04:52:38,209 [INFO]   📡 M3U8 bekleniyor (max 8s)...
2026-05-26 04:52:46,268 [INFO]   ❌ A Spor: M3U8 bulunamadı
2026-05-26 04:52:47,270 [INFO] 
[11/14]
2026-05-26 04:52:47,270 [INFO] 
──────────────────────────────────────────────────
2026-05-26 04:52:47,270 [INFO] 🔍 Tivibu Spor 1 → https://atomsportv504.top/matches?id=tivibu-spor-1
2026-05-26 04:52:47,270 [INFO] ──────────────────────────────────────────────────
2026-05-26 04:53:19,215 [INFO]   📡 M3U8 bekleniyor (max 8s)...
2026-05-26 04:53:27,229 [INFO]   ❌ Tivibu Spor 1: M3U8 bulunamadı
2026-05-26 04:53:28,229 [INFO] 
[12/14]
2026-05-26 04:53:28,229 [INFO] 
──────────────────────────────────────────────────
2026-05-26 04:53:28,229 [INFO] 🔍 Tivibu Spor 2 → https://atomsportv504.top/matches?id=tivibu-spor-2
2026-05-26 04:53:28,229 [INFO] ──────────────────────────────────────────────────
2026-05-26 04:54:00,119 [INFO]   📡 M3U8 bekleniyor (max 8s)...
2026-05-26 04:54:08,132 [INFO]   ❌ Tivibu Spor 2: M3U8 bulunamadı
2026-05-26 04:54:09,132 [INFO] 
[13/14]
2026-05-26 04:54:09,132 [INFO] 
──────────────────────────────────────────────────
2026-05-26 04:54:09,132 [INFO] 🔍 Tivibu Spor 3 → https://atomsportv504.top/matches?id=tivibu-spor-3
2026-05-26 04:54:09,132 [INFO] ──────────────────────────────────────────────────
2026-05-26 04:54:41,032 [INFO]   📡 M3U8 bekleniyor (max 8s)...
2026-05-26 04:54:49,045 [INFO]   ❌ Tivibu Spor 3: M3U8 bulunamadı
2026-05-26 04:54:50,045 [INFO] 
[14/14]
2026-05-26 04:54:50,045 [INFO] 
──────────────────────────────────────────────────
2026-05-26 04:54:50,045 [INFO] 🔍 Tivibu Spor 4 → https://atomsportv504.top/matches?id=tivibu-spor-4
2026-05-26 04:54:50,045 [INFO] ──────────────────────────────────────────────────
2026-05-26 04:55:21,959 [INFO]   📡 M3U8 bekleniyor (max 8s)...
2026-05-26 04:55:29,972 [INFO]   ❌ Tivibu Spor 4: M3U8 bulunamadı
2026-05-26 04:55:31,038 [INFO] 🔒 Driver kapatıldı
2026-05-26 04:55:31,038 [INFO] 
=======================================================
2026-05-26 04:55:31,038 [INFO] 🏁 Tamamlandı!
2026-05-26 04:55:31,038 [INFO] 📺 Kanal : 1/14
2026-05-26 04:55:31,038 [INFO] ⏱️  Süre  : 567.1s
2026-05-26 04:55:31,038 [INFO] =======================================================
2026-05-26 04:55:31,038 [INFO] ✅ playlist.m3u kaydedildi (proxy prefix'li)
2026-05-26 04:55:31,038 [INFO] ✅ stats.json kaydedildi
