2026-05-13 22:15:25,194 [INFO] 🔎 Domain aralığı taranıyor: atomsportv490.top - atomsportv520.top
2026-05-13 22:15:28,794 [INFO]   ✅ Aktif domain bulundu: https://atomsportv503.top
2026-05-13 22:15:28,796 [INFO] 🌐 Kullanılan BASE_URL: https://atomsportv503.top
2026-05-13 22:15:28,796 [INFO] 🔗 Proxy Prefix: https://ronaldo.magnitude.workers.dev/?url=
2026-05-13 22:15:29,883 [INFO] ✅ SeleniumWire aktif
2026-05-13 22:15:29,885 [INFO] =======================================================
2026-05-13 22:15:29,885 [INFO]    M3U8 Scraper
2026-05-13 22:15:29,885 [INFO]    Base URL    : https://atomsportv503.top
2026-05-13 22:15:29,885 [INFO]    Proxy Prefix: https://ronaldo.magnitude.workers.dev/?url=
2026-05-13 22:15:29,885 [INFO]    Toplam      : 13 sayfa
2026-05-13 22:15:29,885 [INFO] =======================================================
2026-05-13 22:15:29,885 [INFO] 🔧 Driver başlatılıyor...
2026-05-13 22:15:30,636 [INFO] ✅ Driver başlatıldı
2026-05-13 22:15:30,637 [INFO] 
[1/13]
2026-05-13 22:15:30,637 [INFO] 
──────────────────────────────────────────────────
2026-05-13 22:15:30,637 [INFO] 🔍 beIN Sports 1 → https://atomsportv503.top/matches?id=bein-sports-1
2026-05-13 22:15:30,637 [INFO] ──────────────────────────────────────────────────
2026-05-13 22:16:02,903 [INFO]   📡 M3U8 bekleniyor (max 8s)...
2026-05-13 22:16:02,914 [INFO]   🎯 DOĞRU kanal bulundu: https://young-surf-88a9.pitpitvur.workers.dev/https://corestream.ronaldovurdu.help//hls/bein-sports-11.m3u8
2026-05-13 22:16:02,915 [INFO]   ✅ beIN Sports 1: https://young-surf-88a9.pitpitvur.workers.dev/https://corestream.ronaldovurdu.help//hls/bein-sports-11.m3u8
2026-05-13 22:16:03,915 [INFO] 
[2/13]
2026-05-13 22:16:03,915 [INFO] 
──────────────────────────────────────────────────
2026-05-13 22:16:03,915 [INFO] 🔍 beIN Sports 2 → https://atomsportv503.top/matches?id=bein-sports-2
2026-05-13 22:16:03,915 [INFO] ──────────────────────────────────────────────────
2026-05-13 22:16:36,022 [INFO]   📡 M3U8 bekleniyor (max 8s)...
2026-05-13 22:16:36,024 [INFO]   🎯 DOĞRU kanal bulundu: https://young-surf-88a9.pitpitvur.workers.dev/https://corestream.ronaldovurdu.help//hls/bein-sports-2.m3u8
2026-05-13 22:16:36,024 [INFO]   ✅ beIN Sports 2: https://young-surf-88a9.pitpitvur.workers.dev/https://corestream.ronaldovurdu.help//hls/bein-sports-2.m3u8
2026-05-13 22:16:37,024 [INFO] 
[3/13]
2026-05-13 22:16:37,024 [INFO] 
──────────────────────────────────────────────────
2026-05-13 22:16:37,024 [INFO] 🔍 beIN Sports 3 → https://atomsportv503.top/matches?id=bein-sports-3
2026-05-13 22:16:37,024 [INFO] ──────────────────────────────────────────────────
2026-05-13 22:17:08,860 [INFO]   📡 M3U8 bekleniyor (max 8s)...
2026-05-13 22:17:08,861 [INFO]   🎯 DOĞRU kanal bulundu: https://young-surf-88a9.pitpitvur.workers.dev/https://corestream.ronaldovurdu.help//hls/bein-sports-3.m3u8
2026-05-13 22:17:08,861 [INFO]   ✅ beIN Sports 3: https://young-surf-88a9.pitpitvur.workers.dev/https://corestream.ronaldovurdu.help//hls/bein-sports-3.m3u8
2026-05-13 22:17:09,861 [INFO] 
[4/13]
2026-05-13 22:17:09,861 [INFO] 
──────────────────────────────────────────────────
2026-05-13 22:17:09,861 [INFO] 🔍 beIN Sports 4 → https://atomsportv503.top/matches?id=bein-sports-4
2026-05-13 22:17:09,861 [INFO] ──────────────────────────────────────────────────
2026-05-13 22:17:41,657 [INFO]   📡 M3U8 bekleniyor (max 8s)...
2026-05-13 22:17:41,658 [INFO]   🎯 DOĞRU kanal bulundu: https://young-surf-88a9.pitpitvur.workers.dev/https://corestream.ronaldovurdu.help//hls/bein-sports-4.m3u8
2026-05-13 22:17:41,658 [INFO]   ✅ beIN Sports 4: https://young-surf-88a9.pitpitvur.workers.dev/https://corestream.ronaldovurdu.help//hls/bein-sports-4.m3u8
2026-05-13 22:17:42,658 [INFO] 
[5/13]
2026-05-13 22:17:42,659 [INFO] 
──────────────────────────────────────────────────
2026-05-13 22:17:42,659 [INFO] 🔍 beIN Sports 5 → https://atomsportv503.top/matches?id=bein-sports-5
2026-05-13 22:17:42,659 [INFO] ──────────────────────────────────────────────────
2026-05-13 22:18:14,458 [INFO]   📡 M3U8 bekleniyor (max 8s)...
2026-05-13 22:18:14,458 [INFO]   🎯 DOĞRU kanal bulundu: https://young-surf-88a9.pitpitvur.workers.dev/https://corestream.ronaldovurdu.help//hls/bein-sports-5.m3u8
2026-05-13 22:18:14,458 [INFO]   ✅ beIN Sports 5: https://young-surf-88a9.pitpitvur.workers.dev/https://corestream.ronaldovurdu.help//hls/bein-sports-5.m3u8
2026-05-13 22:18:15,459 [INFO] 
[6/13]
2026-05-13 22:18:15,459 [INFO] 
──────────────────────────────────────────────────
2026-05-13 22:18:15,459 [INFO] 🔍 beIN Sports Max 1 → https://atomsportv503.top/matches?id=bein-sports-max-1
2026-05-13 22:18:15,459 [INFO] ──────────────────────────────────────────────────
2026-05-13 22:18:47,249 [INFO]   📡 M3U8 bekleniyor (max 8s)...
2026-05-13 22:18:55,267 [INFO]   ❌ beIN Sports Max 1: M3U8 bulunamadı
2026-05-13 22:18:56,267 [INFO] 
[7/13]
2026-05-13 22:18:56,267 [INFO] 
──────────────────────────────────────────────────
2026-05-13 22:18:56,267 [INFO] 🔍 beIN Sports Max 2 → https://atomsportv503.top/matches?id=bein-sports-max-2
2026-05-13 22:18:56,267 [INFO] ──────────────────────────────────────────────────
2026-05-13 22:19:28,093 [INFO]   📡 M3U8 bekleniyor (max 8s)...
2026-05-13 22:19:28,094 [INFO]   🎯 DOĞRU kanal bulundu: https://young-surf-88a9.pitpitvur.workers.dev/https://corestream.ronaldovurdu.help//hls/bein-sports-max-2.m3u8
2026-05-13 22:19:28,094 [INFO]   ✅ beIN Sports Max 2: https://young-surf-88a9.pitpitvur.workers.dev/https://corestream.ronaldovurdu.help//hls/bein-sports-max-2.m3u8
2026-05-13 22:19:29,095 [INFO] 
[8/13]
2026-05-13 22:19:29,095 [INFO] 
──────────────────────────────────────────────────
2026-05-13 22:19:29,095 [INFO] 🔍 S Sport → https://atomsportv503.top/matches?id=s-sport
2026-05-13 22:19:29,095 [INFO] ──────────────────────────────────────────────────
2026-05-13 22:20:00,941 [INFO]   📡 M3U8 bekleniyor (max 8s)...
2026-05-13 22:20:00,953 [INFO]   🎯 DOĞRU kanal bulundu: https://young-surf-88a9.pitpitvur.workers.dev/https://corestream.ronaldovurdu.help//hls/s-sport.m3u8
2026-05-13 22:20:00,954 [INFO]   ✅ S Sport: https://young-surf-88a9.pitpitvur.workers.dev/https://corestream.ronaldovurdu.help//hls/s-sport.m3u8
2026-05-13 22:20:01,954 [INFO] 
[9/13]
2026-05-13 22:20:01,954 [INFO] 
──────────────────────────────────────────────────
2026-05-13 22:20:01,954 [INFO] 🔍 S Sport 2 → https://atomsportv503.top/matches?id=s-sport-2
2026-05-13 22:20:01,954 [INFO] ──────────────────────────────────────────────────
2026-05-13 22:20:33,815 [INFO]   📡 M3U8 bekleniyor (max 8s)...
2026-05-13 22:20:33,845 [INFO]   🎯 DOĞRU kanal bulundu: https://young-surf-88a9.pitpitvur.workers.dev/https://corestream.ronaldovurdu.help//hls/s-sport-2.m3u8
2026-05-13 22:20:33,846 [INFO]   ✅ S Sport 2: https://young-surf-88a9.pitpitvur.workers.dev/https://corestream.ronaldovurdu.help//hls/s-sport-2.m3u8
2026-05-13 22:20:34,846 [INFO] 
[10/13]
2026-05-13 22:20:34,846 [INFO] 
──────────────────────────────────────────────────
2026-05-13 22:20:34,846 [INFO] 🔍 Tivibu Spor 1 → https://atomsportv503.top/matches?id=tivibu-spor-1
2026-05-13 22:20:34,846 [INFO] ──────────────────────────────────────────────────
2026-05-13 22:21:06,663 [INFO]   📡 M3U8 bekleniyor (max 8s)...
2026-05-13 22:21:14,674 [INFO]   ❌ Tivibu Spor 1: M3U8 bulunamadı
2026-05-13 22:21:15,674 [INFO] 
[11/13]
2026-05-13 22:21:15,674 [INFO] 
──────────────────────────────────────────────────
2026-05-13 22:21:15,674 [INFO] 🔍 Tivibu Spor 2 → https://atomsportv503.top/matches?id=tivibu-spor-2
2026-05-13 22:21:15,675 [INFO] ──────────────────────────────────────────────────
2026-05-13 22:21:47,494 [INFO]   📡 M3U8 bekleniyor (max 8s)...
2026-05-13 22:21:55,506 [INFO]   ❌ Tivibu Spor 2: M3U8 bulunamadı
2026-05-13 22:21:56,506 [INFO] 
[12/13]
2026-05-13 22:21:56,506 [INFO] 
──────────────────────────────────────────────────
2026-05-13 22:21:56,506 [INFO] 🔍 Tivibu Spor 3 → https://atomsportv503.top/matches?id=tivibu-spor-3
2026-05-13 22:21:56,506 [INFO] ──────────────────────────────────────────────────
2026-05-13 22:22:28,342 [INFO]   📡 M3U8 bekleniyor (max 8s)...
2026-05-13 22:22:36,354 [INFO]   ❌ Tivibu Spor 3: M3U8 bulunamadı
2026-05-13 22:22:37,354 [INFO] 
[13/13]
2026-05-13 22:22:37,354 [INFO] 
──────────────────────────────────────────────────
2026-05-13 22:22:37,354 [INFO] 🔍 Tivibu Spor 4 → https://atomsportv503.top/matches?id=tivibu-spor-4
2026-05-13 22:22:37,354 [INFO] ──────────────────────────────────────────────────
2026-05-13 22:23:09,150 [INFO]   📡 M3U8 bekleniyor (max 8s)...
2026-05-13 22:23:17,161 [INFO]   ❌ Tivibu Spor 4: M3U8 bulunamadı
2026-05-13 22:23:18,225 [INFO] 🔒 Driver kapatıldı
2026-05-13 22:23:18,225 [INFO] 
=======================================================
2026-05-13 22:23:18,225 [INFO] 🏁 Tamamlandı!
2026-05-13 22:23:18,225 [INFO] 📺 Kanal : 8/13
2026-05-13 22:23:18,225 [INFO] ⏱️  Süre  : 468.3s
2026-05-13 22:23:18,225 [INFO] =======================================================
2026-05-13 22:23:18,225 [INFO] ✅ playlist.m3u kaydedildi (proxy prefix'li)
2026-05-13 22:23:18,226 [INFO] ✅ stats.json kaydedildi
