2026-07-17 17:17:52,075 [INFO] 🌐 BASE_URL: https://atomsportv510.top
2026-07-17 17:17:52,780 [INFO] Başlanıyor... 14 kanal taranacak
2026-07-17 17:17:52,780 [INFO] Using default request storage
2026-07-17 17:17:52,783 [INFO] Created proxy listening on 127.0.0.1:44213
2026-07-17 17:17:53,437 [INFO] Capturing request: http://clients2.google.com/time/1/current?cup2key=10:CcUR5nwFltUosVabTdJ96b0o0gUWDZgKNBoJQ_buAvE&cup2hreq=e3b0c44298fc1c149afbf4c8996fb92427ae41e4649b934ca495991b7852b855
2026-07-17 17:17:53,482 [INFO] Capturing response: http://clients2.google.com/time/1/current?cup2key=10:CcUR5nwFltUosVabTdJ96b0o0gUWDZgKNBoJQ_buAvE&cup2hreq=e3b0c44298fc1c149afbf4c8996fb92427ae41e4649b934ca495991b7852b855 200 OK
2026-07-17 17:17:53,613 [INFO] 
[1/14]
2026-07-17 17:17:53,613 [INFO] 🔍 beIN Sports 1 → https://atomsportv510.top/matches?id=bein-sports-1
2026-07-17 17:17:53,734 [INFO] Capturing request: https://accounts.google.com/ListAccounts?gpsia=1&source=ChromiumBrowser&json=standard&laf=b64bin
2026-07-17 17:17:53,738 [INFO] Capturing request: https://update.googleapis.com/service/update2/json?cup2key=16:1Jm0UQgx6d9dRxkSnZTKm3Dp2wwvR1v9k0-AqfIYet0&cup2hreq=1100fe05512b337f287b188226a2cb8cb41c609e583c23450d5188ece953aa92
2026-07-17 17:17:53,779 [INFO] Capturing response: https://update.googleapis.com/service/update2/json?cup2key=16:1Jm0UQgx6d9dRxkSnZTKm3Dp2wwvR1v9k0-AqfIYet0&cup2hreq=1100fe05512b337f287b188226a2cb8cb41c609e583c23450d5188ece953aa92 200 
2026-07-17 17:17:53,818 [INFO] Capturing response: https://accounts.google.com/ListAccounts?gpsia=1&source=ChromiumBrowser&json=standard&laf=b64bin 200 
2026-07-17 17:17:53,824 [INFO] Capturing request: https://update.googleapis.com/service/update2/json?cup2key=16:QGTHq3E6H37-ynquDYVJ0KhLa6lqG2LFREzllWVxXQk&cup2hreq=105be3be0058d7176c7d23c957a9683e16a47a1d0b0685bde176a8b4f271d27f
2026-07-17 17:17:53,830 [INFO] Capturing request: https://atomsportv510.top/matches?id=bein-sports-1
2026-07-17 17:17:53,836 [INFO] Capturing request: https://www.google.com/async/folae?async=_fmt:pb&udm=50&client_locale=en-US&client_country=ZZ
2026-07-17 17:17:53,852 [INFO] Capturing response: https://update.googleapis.com/service/update2/json?cup2key=16:QGTHq3E6H37-ynquDYVJ0KhLa6lqG2LFREzllWVxXQk&cup2hreq=105be3be0058d7176c7d23c957a9683e16a47a1d0b0685bde176a8b4f271d27f 200 
2026-07-17 17:17:53,863 [INFO] Capturing response: https://www.google.com/async/folae?async=_fmt:pb&udm=50&client_locale=en-US&client_country=ZZ 200 
2026-07-17 17:17:53,900 [INFO] Capturing response: https://atomsportv510.top/matches?id=bein-sports-1 200 
2026-07-17 17:17:53,903 [INFO] Capturing request: https://update.googleapis.com/service/update2/json?cup2key=16:qk_AnWEMkOWyDAIAgdagDm_hVOqhiFs9aJ-Y4ALomOQ&cup2hreq=a809d31c7c774034001ed6f43f21e112c4783f2bb9397666832252d634704560
2026-07-17 17:17:53,928 [INFO] Capturing response: https://update.googleapis.com/service/update2/json?cup2key=16:qk_AnWEMkOWyDAIAgdagDm_hVOqhiFs9aJ-Y4ALomOQ&cup2hreq=a809d31c7c774034001ed6f43f21e112c4783f2bb9397666832252d634704560 200 
2026-07-17 17:17:54,051 [INFO] Capturing request: https://atomsportv510.top/assets/js/clappr.js
2026-07-17 17:17:54,064 [INFO] Capturing request: https://www.google.com/async/folae?async=_fmt:pb&udm=50&client_locale=en-US&client_country=ZZ
2026-07-17 17:17:54,080 [INFO] Capturing request: https://cdnjs.cloudflare.com/ajax/libs/jquery/3.2.1/jquery.min.js
2026-07-17 17:17:54,092 [INFO] Capturing response: https://www.google.com/async/folae?async=_fmt:pb&udm=50&client_locale=en-US&client_country=ZZ 200 
2026-07-17 17:17:54,105 [INFO] Capturing request: https://cdn.jsdelivr.net/npm/@clappr/player@latest/dist/clappr.min.js
2026-07-17 17:17:54,108 [INFO] Capturing response: https://atomsportv510.top/assets/js/clappr.js 200 
2026-07-17 17:17:54,125 [INFO] Capturing response: https://cdnjs.cloudflare.com/ajax/libs/jquery/3.2.1/jquery.min.js 200 
2026-07-17 17:17:54,137 [INFO] Capturing response: https://cdn.jsdelivr.net/npm/@clappr/player@latest/dist/clappr.min.js 200 
2026-07-17 17:17:54,334 [INFO] Capturing request: https://atomsportv510.top/favicon.ico
2026-07-17 17:17:54,377 [INFO] Capturing response: https://atomsportv510.top/favicon.ico 200 
2026-07-17 17:17:54,405 [INFO] Capturing request: https://teletv5.top/load/yayinlink.php?id=bein-sports-1
2026-07-17 17:17:54,727 [INFO] Capturing response: https://teletv5.top/load/yayinlink.php?id=bein-sports-1 200 
2026-07-17 17:17:54,963 [INFO] Capturing request: https://streamsport365.com/cinema
2026-07-17 17:17:55,239 [INFO] Capturing response: https://streamsport365.com/cinema 200 
2026-07-17 17:17:55,364 [INFO] Capturing request: https://atomsportv510.top/assets/img/player_logo_6880e4e4c52ee.png
2026-07-17 17:17:55,411 [INFO] Capturing response: https://atomsportv510.top/assets/img/player_logo_6880e4e4c52ee.png 200 
2026-07-17 17:17:55,415 [INFO] Capturing request: https://hlsssssssssssss.edaesra.workers.dev/https://corestream.macsitesi.help//trtspor/tracks-v1a1/mono.m3u8
2026-07-17 17:17:55,782 [INFO] Capturing response: https://hlsssssssssssss.edaesra.workers.dev/https://corestream.macsitesi.help//trtspor/tracks-v1a1/mono.m3u8 200 
2026-07-17 17:17:55,978 [INFO] Capturing request: https://securmar.edaesra.workers.dev/trtspor/tracks-v1a1/2026/07/17/17/19/08-06000.avif
2026-07-17 17:17:56,424 [INFO] Capturing response: https://securmar.edaesra.workers.dev/trtspor/tracks-v1a1/2026/07/17/17/19/08-06000.avif 200 
2026-07-17 17:17:56,664 [INFO] Capturing request: https://securmar.edaesra.workers.dev/trtspor/tracks-v1a1/2026/07/17/17/19/14-06000.avif
2026-07-17 17:17:56,977 [INFO] Capturing request: https://android.clients.google.com/checkin
2026-07-17 17:17:57,049 [INFO] Capturing response: https://android.clients.google.com/checkin 200 
2026-07-17 17:17:57,100 [INFO] Capturing request: https://android.clients.google.com/c2dm/register3
2026-07-17 17:17:57,102 [INFO] Capturing request: https://android.clients.google.com/c2dm/register3
2026-07-17 17:17:57,104 [INFO] Capturing request: https://android.clients.google.com/c2dm/register3
2026-07-17 17:17:57,121 [INFO] Capturing response: https://android.clients.google.com/c2dm/register3 301 
2026-07-17 17:17:57,260 [INFO]   ✅ M3U8 bulundu: https://hlsssssssssssss.edaesra.workers.dev/https://corestream.macsitesi.help//trtspor/tracks-v1a1/mono.m3u8
2026-07-17 17:17:57,340 [INFO] Capturing response: https://securmar.edaesra.workers.dev/trtspor/tracks-v1a1/2026/07/17/17/19/14-06000.avif 200 
2026-07-17 17:17:57,522 [INFO] Capturing request: https://securmar.edaesra.workers.dev/trtspor/tracks-v1a1/2026/07/17/17/19/20-06000.avif
2026-07-17 17:17:57,806 [INFO] Capturing response: https://android.clients.google.com/c2dm/register3 200 
2026-07-17 17:17:57,879 [INFO] Capturing response: https://securmar.edaesra.workers.dev/trtspor/tracks-v1a1/2026/07/17/17/19/20-06000.avif 200 
2026-07-17 17:17:57,910 [INFO] Capturing response: https://android.clients.google.com/c2dm/register3 200 
2026-07-17 17:17:58,260 [INFO] 
[2/14]
2026-07-17 17:17:58,260 [INFO] 🔍 beIN Sports 2 → https://atomsportv510.top/matches?id=bein-sports-2
2026-07-17 17:17:58,370 [INFO] Capturing request: https://atomsportv510.top/matches?id=bein-sports-2
2026-07-17 17:17:58,416 [INFO] Capturing response: https://atomsportv510.top/matches?id=bein-sports-2 200 
2026-07-17 17:17:58,456 [INFO] Capturing request: https://streamsport365.com/cinema
2026-07-17 17:17:58,556 [INFO] Capturing request: https://teletv5.top/load/yayinlink.php?id=bein-sports-2
2026-07-17 17:17:58,557 [INFO] Capturing request: https://atomsportv510.top/favicon.ico
2026-07-17 17:17:58,592 [INFO] Capturing response: https://atomsportv510.top/favicon.ico 200 
2026-07-17 17:17:58,742 [INFO] Capturing response: https://streamsport365.com/cinema 200 
2026-07-17 17:17:58,783 [INFO] Capturing response: https://teletv5.top/load/yayinlink.php?id=bein-sports-2 200 
2026-07-17 17:17:58,901 [INFO] Capturing request: https://hlsssssssssssss.edaesra.workers.dev/https://corestream.macsitesi.help//bein2/tracks-v1a1/mono.m3u8
2026-07-17 17:17:59,044 [INFO] Capturing response: https://hlsssssssssssss.edaesra.workers.dev/https://corestream.macsitesi.help//bein2/tracks-v1a1/mono.m3u8 404 
2026-07-17 17:18:01,463 [INFO]   ✅ M3U8 bulundu: https://hlsssssssssssss.edaesra.workers.dev/https://corestream.macsitesi.help//bein2/tracks-v1a1/mono.m3u8
2026-07-17 17:18:02,463 [INFO] 
[3/14]
2026-07-17 17:18:02,463 [INFO] 🔍 beIN Sports 3 → https://atomsportv510.top/matches?id=bein-sports-3
2026-07-17 17:18:02,571 [INFO] Capturing request: https://atomsportv510.top/assets/js/clappr.js
2026-07-17 17:18:02,572 [INFO] Capturing request: https://atomsportv510.top/matches?id=bein-sports-3
2026-07-17 17:18:02,592 [INFO] Capturing response: https://atomsportv510.top/assets/js/clappr.js 200 
2026-07-17 17:18:02,630 [INFO] Capturing response: https://atomsportv510.top/matches?id=bein-sports-3 200 
2026-07-17 17:18:02,867 [INFO] Capturing request: https://atomsportv510.top/favicon.ico
2026-07-17 17:18:02,868 [INFO] Capturing request: https://teletv5.top/load/yayinlink.php?id=bein-sports-3
2026-07-17 17:18:02,901 [INFO] Capturing response: https://atomsportv510.top/favicon.ico 200 
2026-07-17 17:18:02,981 [INFO] Capturing request: https://streamsport365.com/cinema
2026-07-17 17:18:03,036 [INFO] Capturing response: https://teletv5.top/load/yayinlink.php?id=bein-sports-3 200 
2026-07-17 17:18:03,265 [INFO] Capturing response: https://streamsport365.com/cinema 200 
2026-07-17 17:18:03,385 [INFO] Capturing request: https://hlsssssssssssss.edaesra.workers.dev/https://corestream.macsitesi.help//trtspor/tracks-v1a1/mono.m3u8
2026-07-17 17:18:03,526 [INFO] Capturing response: https://hlsssssssssssss.edaesra.workers.dev/https://corestream.macsitesi.help//trtspor/tracks-v1a1/mono.m3u8 200 
2026-07-17 17:18:03,636 [INFO] Capturing request: https://securmar.edaesra.workers.dev/trtspor/tracks-v1a1/2026/07/17/17/19/20-06000.avif
2026-07-17 17:18:03,822 [INFO] Capturing response: https://securmar.edaesra.workers.dev/trtspor/tracks-v1a1/2026/07/17/17/19/20-06000.avif 200 
2026-07-17 17:18:04,044 [INFO] Capturing request: https://securmar.edaesra.workers.dev/trtspor/tracks-v1a1/2026/07/17/17/19/26-06000.avif
2026-07-17 17:18:04,818 [INFO] Capturing response: https://securmar.edaesra.workers.dev/trtspor/tracks-v1a1/2026/07/17/17/19/26-06000.avif 200 
2026-07-17 17:18:05,037 [INFO] Capturing request: https://securmar.edaesra.workers.dev/trtspor/tracks-v1a1/2026/07/17/17/19/32-06000.avif
2026-07-17 17:18:05,638 [INFO] Capturing response: https://securmar.edaesra.workers.dev/trtspor/tracks-v1a1/2026/07/17/17/19/32-06000.avif 200 
2026-07-17 17:18:05,782 [INFO]   ✅ M3U8 bulundu: https://hlsssssssssssss.edaesra.workers.dev/https://corestream.macsitesi.help//trtspor/tracks-v1a1/mono.m3u8
2026-07-17 17:18:06,783 [INFO] 
[4/14]
2026-07-17 17:18:06,783 [INFO] 🔍 beIN Sports 4 → https://atomsportv510.top/matches?id=bein-sports-4
2026-07-17 17:18:06,892 [INFO] Capturing request: https://atomsportv510.top/assets/js/clappr.js
2026-07-17 17:18:06,893 [INFO] Capturing request: https://atomsportv510.top/matches?id=bein-sports-4
2026-07-17 17:18:06,909 [INFO] Capturing response: https://atomsportv510.top/assets/js/clappr.js 200 
2026-07-17 17:18:06,938 [INFO] Capturing response: https://atomsportv510.top/matches?id=bein-sports-4 200 
2026-07-17 17:18:06,965 [INFO] Capturing request: https://streamsport365.com/cinema
2026-07-17 17:18:07,064 [INFO] Capturing request: https://teletv5.top/load/yayinlink.php?id=bein-sports-4
2026-07-17 17:18:07,066 [INFO] Capturing request: https://atomsportv510.top/favicon.ico
2026-07-17 17:18:07,097 [INFO] Capturing response: https://atomsportv510.top/favicon.ico 200 
2026-07-17 17:18:07,235 [INFO] Capturing response: https://teletv5.top/load/yayinlink.php?id=bein-sports-4 200 
2026-07-17 17:18:07,243 [INFO] Capturing response: https://streamsport365.com/cinema 200 
2026-07-17 17:18:07,392 [INFO] Capturing request: https://hlsssssssssssss.edaesra.workers.dev/https://corestream.macsitesi.help//bein2/tracks-v1a1/mono.m3u8
2026-07-17 17:18:07,531 [INFO] Capturing response: https://hlsssssssssssss.edaesra.workers.dev/https://corestream.macsitesi.help//bein2/tracks-v1a1/mono.m3u8 404 
2026-07-17 17:18:09,976 [INFO]   ✅ M3U8 bulundu: https://hlsssssssssssss.edaesra.workers.dev/https://corestream.macsitesi.help//bein2/tracks-v1a1/mono.m3u8
2026-07-17 17:18:10,976 [INFO] 
[5/14]
2026-07-17 17:18:10,976 [INFO] 🔍 beIN Sports 5 → https://atomsportv510.top/matches?id=bein-sports-5
2026-07-17 17:18:11,083 [INFO] Capturing request: https://atomsportv510.top/assets/js/clappr.js
2026-07-17 17:18:11,083 [INFO] Capturing request: https://atomsportv510.top/matches?id=bein-sports-5
2026-07-17 17:18:11,106 [INFO] Capturing response: https://atomsportv510.top/assets/js/clappr.js 200 
2026-07-17 17:18:11,153 [INFO] Capturing response: https://atomsportv510.top/matches?id=bein-sports-5 200 
2026-07-17 17:18:11,309 [INFO] Capturing request: https://teletv5.top/load/yayinlink.php?id=bein-sports-5
2026-07-17 17:18:11,310 [INFO] Capturing request: https://atomsportv510.top/favicon.ico
2026-07-17 17:18:11,348 [INFO] Capturing response: https://atomsportv510.top/favicon.ico 200 
2026-07-17 17:18:11,422 [INFO] Capturing request: https://streamsport365.com/cinema
2026-07-17 17:18:11,477 [INFO] Capturing response: https://teletv5.top/load/yayinlink.php?id=bein-sports-5 200 
2026-07-17 17:18:11,702 [INFO] Capturing response: https://streamsport365.com/cinema 200 
2026-07-17 17:18:11,818 [INFO] Capturing request: https://hlsssssssssssss.edaesra.workers.dev/https://corestream.macsitesi.help//bein2/tracks-v1a1/mono.m3u8
2026-07-17 17:18:11,955 [INFO] Capturing response: https://hlsssssssssssss.edaesra.workers.dev/https://corestream.macsitesi.help//bein2/tracks-v1a1/mono.m3u8 404 
2026-07-17 17:18:14,215 [INFO]   ✅ M3U8 bulundu: https://hlsssssssssssss.edaesra.workers.dev/https://corestream.macsitesi.help//bein2/tracks-v1a1/mono.m3u8
2026-07-17 17:18:15,216 [INFO] 
[6/14]
2026-07-17 17:18:15,216 [INFO] 🔍 beIN Sports Max 1 → https://atomsportv510.top/matches?id=bein-sports-max-1
2026-07-17 17:18:15,324 [INFO] Capturing request: https://atomsportv510.top/matches?id=bein-sports-max-1
2026-07-17 17:18:15,324 [INFO] Capturing request: https://atomsportv510.top/assets/js/clappr.js
2026-07-17 17:18:15,369 [INFO] Capturing response: https://atomsportv510.top/matches?id=bein-sports-max-1 200 
2026-07-17 17:18:15,392 [INFO] Capturing response: https://atomsportv510.top/assets/js/clappr.js 200 
2026-07-17 17:18:15,395 [INFO] Capturing request: https://streamsport365.com/cinema
2026-07-17 17:18:15,496 [INFO] Capturing request: https://atomsportv510.top/favicon.ico
2026-07-17 17:18:15,496 [INFO] Capturing request: https://teletv5.top/load/yayinlink.php?id=bein-sports-max-1
2026-07-17 17:18:15,527 [INFO] Capturing response: https://atomsportv510.top/favicon.ico 200 
2026-07-17 17:18:15,665 [INFO] Capturing response: https://teletv5.top/load/yayinlink.php?id=bein-sports-max-1 200 
2026-07-17 17:18:15,676 [INFO] Capturing response: https://streamsport365.com/cinema 200 
2026-07-17 17:18:15,822 [INFO] Capturing request: https://hlsssssssssssss.edaesra.workers.dev/https://corestream.macsitesi.help//trtspor/tracks-v1a1/mono.m3u8
2026-07-17 17:18:15,957 [INFO] Capturing response: https://hlsssssssssssss.edaesra.workers.dev/https://corestream.macsitesi.help//trtspor/tracks-v1a1/mono.m3u8 200 
2026-07-17 17:18:16,106 [INFO] Capturing request: https://securmar.edaesra.workers.dev/trtspor/tracks-v1a1/2026/07/17/17/19/26-06000.avif
2026-07-17 17:18:16,289 [INFO] Capturing response: https://securmar.edaesra.workers.dev/trtspor/tracks-v1a1/2026/07/17/17/19/26-06000.avif 200 
2026-07-17 17:18:16,511 [INFO] Capturing request: https://securmar.edaesra.workers.dev/trtspor/tracks-v1a1/2026/07/17/17/19/32-06000.avif
2026-07-17 17:18:16,706 [INFO] Capturing response: https://securmar.edaesra.workers.dev/trtspor/tracks-v1a1/2026/07/17/17/19/32-06000.avif 200 
2026-07-17 17:18:16,932 [INFO] Capturing request: https://securmar.edaesra.workers.dev/trtspor/tracks-v1a1/2026/07/17/17/19/38-06000.avif
2026-07-17 17:18:17,389 [INFO] Capturing response: https://securmar.edaesra.workers.dev/trtspor/tracks-v1a1/2026/07/17/17/19/38-06000.avif 200 
2026-07-17 17:18:18,411 [INFO]   ✅ M3U8 bulundu: https://hlsssssssssssss.edaesra.workers.dev/https://corestream.macsitesi.help//trtspor/tracks-v1a1/mono.m3u8
2026-07-17 17:18:19,412 [INFO] 
[7/14]
2026-07-17 17:18:19,412 [INFO] 🔍 beIN Sports Max 2 → https://atomsportv510.top/matches?id=bein-sports-max-2
2026-07-17 17:18:19,520 [INFO] Capturing request: https://atomsportv510.top/assets/js/clappr.js
2026-07-17 17:18:19,522 [INFO] Capturing request: https://atomsportv510.top/matches?id=bein-sports-max-2
2026-07-17 17:18:19,540 [INFO] Capturing response: https://atomsportv510.top/assets/js/clappr.js 200 
2026-07-17 17:18:19,575 [INFO] Capturing response: https://atomsportv510.top/matches?id=bein-sports-max-2 200 
2026-07-17 17:18:19,733 [INFO] Capturing request: https://teletv5.top/load/yayinlink.php?id=bein-sports-max-2
2026-07-17 17:18:19,734 [INFO] Capturing request: https://atomsportv510.top/favicon.ico
2026-07-17 17:18:19,769 [INFO] Capturing response: https://atomsportv510.top/favicon.ico 200 
2026-07-17 17:18:19,845 [INFO] Capturing request: https://streamsport365.com/cinema
2026-07-17 17:18:19,898 [INFO] Capturing response: https://teletv5.top/load/yayinlink.php?id=bein-sports-max-2 200 
2026-07-17 17:18:20,121 [INFO] Capturing response: https://streamsport365.com/cinema 200 
2026-07-17 17:18:20,238 [INFO] Capturing request: https://hlsssssssssssss.edaesra.workers.dev/https://corestream.macsitesi.help//trtspor/tracks-v1a1/mono.m3u8
2026-07-17 17:18:20,379 [INFO] Capturing response: https://hlsssssssssssss.edaesra.workers.dev/https://corestream.macsitesi.help//trtspor/tracks-v1a1/mono.m3u8 200 
2026-07-17 17:18:20,488 [INFO] Capturing request: https://securmar.edaesra.workers.dev/trtspor/tracks-v1a1/2026/07/17/17/19/32-06000.avif
2026-07-17 17:18:20,688 [INFO] Capturing response: https://securmar.edaesra.workers.dev/trtspor/tracks-v1a1/2026/07/17/17/19/32-06000.avif 200 
2026-07-17 17:18:20,890 [INFO] Capturing request: https://securmar.edaesra.workers.dev/trtspor/tracks-v1a1/2026/07/17/17/19/38-06000.avif
2026-07-17 17:18:21,082 [INFO] Capturing response: https://securmar.edaesra.workers.dev/trtspor/tracks-v1a1/2026/07/17/17/19/38-06000.avif 200 
2026-07-17 17:18:21,297 [INFO] Capturing request: https://securmar.edaesra.workers.dev/trtspor/tracks-v1a1/2026/07/17/17/19/44-06000.avif
2026-07-17 17:18:22,003 [INFO] Capturing request: https://android.clients.google.com/c2dm/register3
2026-07-17 17:18:22,037 [INFO] Capturing response: https://android.clients.google.com/c2dm/register3 301 
2026-07-17 17:18:22,091 [INFO] Capturing response: https://securmar.edaesra.workers.dev/trtspor/tracks-v1a1/2026/07/17/17/19/44-06000.avif 200 
2026-07-17 17:18:22,645 [INFO]   ✅ M3U8 bulundu: https://hlsssssssssssss.edaesra.workers.dev/https://corestream.macsitesi.help//trtspor/tracks-v1a1/mono.m3u8
2026-07-17 17:18:23,646 [INFO] 
[8/14]
2026-07-17 17:18:23,646 [INFO] 🔍 S Sport → https://atomsportv510.top/matches?id=s-sport
2026-07-17 17:18:23,754 [INFO] Capturing request: https://atomsportv510.top/assets/js/clappr.js
2026-07-17 17:18:23,756 [INFO] Capturing request: https://atomsportv510.top/matches?id=s-sport
2026-07-17 17:18:23,773 [INFO] Capturing response: https://atomsportv510.top/assets/js/clappr.js 200 
2026-07-17 17:18:24,254 [INFO] Capturing response: https://atomsportv510.top/matches?id=s-sport 200 
2026-07-17 17:18:24,285 [INFO] Capturing request: https://streamsport365.com/cinema
2026-07-17 17:18:24,386 [INFO] Capturing request: https://teletv5.top/load/yayinlink.php?id=s-sport
2026-07-17 17:18:24,386 [INFO] Capturing request: https://atomsportv510.top/favicon.ico
2026-07-17 17:18:24,418 [INFO] Capturing response: https://atomsportv510.top/favicon.ico 200 
2026-07-17 17:18:24,552 [INFO] Capturing response: https://teletv5.top/load/yayinlink.php?id=s-sport 200 
2026-07-17 17:18:24,560 [INFO] Capturing response: https://streamsport365.com/cinema 200 
2026-07-17 17:18:24,709 [INFO] Capturing request: https://hlsssssssssssss.edaesra.workers.dev/https://corestream.macsitesi.help//s-sportt/tracks-v1a1/mono.m3u8
2026-07-17 17:18:24,849 [INFO] Capturing response: https://hlsssssssssssss.edaesra.workers.dev/https://corestream.macsitesi.help//s-sportt/tracks-v1a1/mono.m3u8 404 
2026-07-17 17:18:27,294 [INFO]   ✅ M3U8 bulundu: https://hlsssssssssssss.edaesra.workers.dev/https://corestream.macsitesi.help//s-sportt/tracks-v1a1/mono.m3u8
2026-07-17 17:18:28,295 [INFO] 
[9/14]
2026-07-17 17:18:28,295 [INFO] 🔍 S Sport 2 → https://atomsportv510.top/matches?id=s-sport-2
2026-07-17 17:18:28,402 [INFO] Capturing request: https://atomsportv510.top/assets/js/clappr.js
2026-07-17 17:18:28,403 [INFO] Capturing request: https://atomsportv510.top/matches?id=s-sport-2
2026-07-17 17:18:28,425 [INFO] Capturing response: https://atomsportv510.top/assets/js/clappr.js 200 
2026-07-17 17:18:28,462 [INFO] Capturing response: https://atomsportv510.top/matches?id=s-sport-2 200 
2026-07-17 17:18:28,618 [INFO] Capturing request: https://teletv5.top/load/yayinlink.php?id=s-sport-2
2026-07-17 17:18:28,619 [INFO] Capturing request: https://atomsportv510.top/favicon.ico
2026-07-17 17:18:28,651 [INFO] Capturing response: https://atomsportv510.top/favicon.ico 200 
2026-07-17 17:18:28,730 [INFO] Capturing request: https://streamsport365.com/cinema
2026-07-17 17:18:28,786 [INFO] Capturing response: https://teletv5.top/load/yayinlink.php?id=s-sport-2 200 
2026-07-17 17:18:29,005 [INFO] Capturing response: https://streamsport365.com/cinema 200 
2026-07-17 17:18:29,120 [INFO] Capturing request: https://hlsssssssssssss.edaesra.workers.dev/https://corestream.macsitesi.help//s-sport2/tracks-v1a1/mono.m3u8
2026-07-17 17:18:29,256 [INFO] Capturing response: https://hlsssssssssssss.edaesra.workers.dev/https://corestream.macsitesi.help//s-sport2/tracks-v1a1/mono.m3u8 404 
2026-07-17 17:18:31,526 [INFO]   ✅ M3U8 bulundu: https://hlsssssssssssss.edaesra.workers.dev/https://corestream.macsitesi.help//s-sport2/tracks-v1a1/mono.m3u8
2026-07-17 17:18:32,526 [INFO] 
[10/14]
2026-07-17 17:18:32,527 [INFO] 🔍 A Spor → https://atomsportv510.top/matches?id=a-spor
2026-07-17 17:18:32,633 [INFO] Capturing request: https://atomsportv510.top/matches?id=a-spor
2026-07-17 17:18:32,668 [INFO] Capturing response: https://atomsportv510.top/matches?id=a-spor 200 
2026-07-17 17:18:32,694 [INFO] Capturing request: https://streamsport365.com/cinema
2026-07-17 17:18:32,797 [INFO] Capturing request: https://teletv5.top/load/yayinlink.php?id=a-spor
2026-07-17 17:18:32,799 [INFO] Capturing request: https://atomsportv510.top/favicon.ico
2026-07-17 17:18:32,836 [INFO] Capturing response: https://atomsportv510.top/favicon.ico 200 
2026-07-17 17:18:32,955 [INFO] Capturing response: https://teletv5.top/load/yayinlink.php?id=a-spor 200 
2026-07-17 17:18:32,993 [INFO] Capturing response: https://streamsport365.com/cinema 200 
2026-07-17 17:18:33,114 [INFO] Capturing request: https://hlsssssssssssss.edaesra.workers.dev/https://corestream.macsitesi.help//aspor/tracks-v1a1/mono.m3u8
2026-07-17 17:18:33,251 [INFO] Capturing response: https://hlsssssssssssss.edaesra.workers.dev/https://corestream.macsitesi.help//aspor/tracks-v1a1/mono.m3u8 404 
2026-07-17 17:18:35,708 [INFO]   ✅ M3U8 bulundu: https://hlsssssssssssss.edaesra.workers.dev/https://corestream.macsitesi.help//aspor/tracks-v1a1/mono.m3u8
2026-07-17 17:18:36,708 [INFO] 
[11/14]
2026-07-17 17:18:36,708 [INFO] 🔍 Tivibu Spor 1 → https://atomsportv510.top/matches?id=tivibu-spor-1
2026-07-17 17:18:36,815 [INFO] Capturing request: https://atomsportv510.top/matches?id=tivibu-spor-1
2026-07-17 17:18:36,853 [INFO] Capturing response: https://atomsportv510.top/matches?id=tivibu-spor-1 200 
2026-07-17 17:18:36,981 [INFO] Capturing request: https://atomsportv510.top/favicon.ico
2026-07-17 17:18:36,983 [INFO] Capturing request: https://teletv5.top/load/yayinlink.php?id=tivibu-spor-1
2026-07-17 17:18:37,018 [INFO] Capturing response: https://atomsportv510.top/favicon.ico 200 
2026-07-17 17:18:37,094 [INFO] Capturing request: https://streamsport365.com/cinema
2026-07-17 17:18:37,147 [INFO] Capturing response: https://teletv5.top/load/yayinlink.php?id=tivibu-spor-1 200 
2026-07-17 17:18:37,377 [INFO] Capturing response: https://streamsport365.com/cinema 200 
2026-07-17 17:18:37,494 [INFO] Capturing request: https://hlsssssssssssss.edaesra.workers.dev/https://corestream.macsitesi.help//trtspor/tracks-v1a1/mono.m3u8
2026-07-17 17:18:37,634 [INFO] Capturing response: https://hlsssssssssssss.edaesra.workers.dev/https://corestream.macsitesi.help//trtspor/tracks-v1a1/mono.m3u8 200 
2026-07-17 17:18:37,744 [INFO] Capturing request: https://securmar.edaesra.workers.dev/trtspor/tracks-v1a1/2026/07/17/17/19/50-06000.avif
2026-07-17 17:18:38,597 [INFO] Capturing response: https://securmar.edaesra.workers.dev/trtspor/tracks-v1a1/2026/07/17/17/19/50-06000.avif 200 
2026-07-17 17:18:38,816 [INFO] Capturing request: https://securmar.edaesra.workers.dev/trtspor/tracks-v1a1/2026/07/17/17/19/56-06000.avif
2026-07-17 17:18:39,201 [INFO] Capturing response: https://securmar.edaesra.workers.dev/trtspor/tracks-v1a1/2026/07/17/17/19/56-06000.avif 200 
2026-07-17 17:18:39,411 [INFO] Capturing request: https://securmar.edaesra.workers.dev/trtspor/tracks-v1a1/2026/07/17/17/20/02-06000.avif
2026-07-17 17:18:39,896 [INFO]   ✅ M3U8 bulundu: https://hlsssssssssssss.edaesra.workers.dev/https://corestream.macsitesi.help//trtspor/tracks-v1a1/mono.m3u8
2026-07-17 17:18:40,134 [INFO] Capturing response: https://securmar.edaesra.workers.dev/trtspor/tracks-v1a1/2026/07/17/17/20/02-06000.avif 200 
2026-07-17 17:18:40,896 [INFO] 
[12/14]
2026-07-17 17:18:40,897 [INFO] 🔍 Tivibu Spor 2 → https://atomsportv510.top/matches?id=tivibu-spor-2
2026-07-17 17:18:41,006 [INFO] Capturing request: https://atomsportv510.top/matches?id=tivibu-spor-2
2026-07-17 17:18:41,041 [INFO] Capturing response: https://atomsportv510.top/matches?id=tivibu-spor-2 200 
2026-07-17 17:18:41,068 [INFO] Capturing request: https://streamsport365.com/cinema
2026-07-17 17:18:41,169 [INFO] Capturing request: https://atomsportv510.top/favicon.ico
2026-07-17 17:18:41,169 [INFO] Capturing request: https://teletv5.top/load/yayinlink.php?id=tivibu-spor-2
2026-07-17 17:18:41,203 [INFO] Capturing response: https://atomsportv510.top/favicon.ico 200 
2026-07-17 17:18:41,337 [INFO] Capturing response: https://teletv5.top/load/yayinlink.php?id=tivibu-spor-2 200 
2026-07-17 17:18:41,345 [INFO] Capturing response: https://streamsport365.com/cinema 200 
2026-07-17 17:18:41,496 [INFO] Capturing request: https://hlsssssssssssss.edaesra.workers.dev/https://corestream.macsitesi.help//trtspor/tracks-v1a1/mono.m3u8
2026-07-17 17:18:41,635 [INFO] Capturing response: https://hlsssssssssssss.edaesra.workers.dev/https://corestream.macsitesi.help//trtspor/tracks-v1a1/mono.m3u8 200 
2026-07-17 17:18:41,784 [INFO] Capturing request: https://securmar.edaesra.workers.dev/trtspor/tracks-v1a1/2026/07/17/17/19/56-06000.avif
2026-07-17 17:18:41,962 [INFO] Capturing response: https://securmar.edaesra.workers.dev/trtspor/tracks-v1a1/2026/07/17/17/19/56-06000.avif 200 
2026-07-17 17:18:42,141 [INFO] Capturing request: https://securmar.edaesra.workers.dev/trtspor/tracks-v1a1/2026/07/17/17/20/02-06000.avif
2026-07-17 17:18:42,453 [INFO] Capturing response: https://securmar.edaesra.workers.dev/trtspor/tracks-v1a1/2026/07/17/17/20/02-06000.avif 200 
2026-07-17 17:18:42,659 [INFO] Capturing request: https://securmar.edaesra.workers.dev/trtspor/tracks-v1a1/2026/07/17/17/20/08-06000.avif
2026-07-17 17:18:43,091 [INFO] Capturing response: https://securmar.edaesra.workers.dev/trtspor/tracks-v1a1/2026/07/17/17/20/08-06000.avif 200 
2026-07-17 17:18:44,084 [INFO]   ✅ M3U8 bulundu: https://hlsssssssssssss.edaesra.workers.dev/https://corestream.macsitesi.help//trtspor/tracks-v1a1/mono.m3u8
2026-07-17 17:18:45,084 [INFO] 
[13/14]
2026-07-17 17:18:45,084 [INFO] 🔍 Tivibu Spor 3 → https://atomsportv510.top/matches?id=tivibu-spor-3
2026-07-17 17:18:45,193 [INFO] Capturing request: https://atomsportv510.top/matches?id=tivibu-spor-3
2026-07-17 17:18:45,236 [INFO] Capturing response: https://atomsportv510.top/matches?id=tivibu-spor-3 200 
2026-07-17 17:18:45,359 [INFO] Capturing request: https://teletv5.top/load/yayinlink.php?id=tivibu-spor-3
2026-07-17 17:18:45,361 [INFO] Capturing request: https://atomsportv510.top/favicon.ico
2026-07-17 17:18:45,395 [INFO] Capturing response: https://atomsportv510.top/favicon.ico 200 
2026-07-17 17:18:45,472 [INFO] Capturing request: https://streamsport365.com/cinema
2026-07-17 17:18:45,526 [INFO] Capturing response: https://teletv5.top/load/yayinlink.php?id=tivibu-spor-3 200 
2026-07-17 17:18:45,759 [INFO] Capturing response: https://streamsport365.com/cinema 200 
2026-07-17 17:18:45,875 [INFO] Capturing request: https://hlsssssssssssss.edaesra.workers.dev/https://corestream.macsitesi.help//trtspor/tracks-v1a1/mono.m3u8
2026-07-17 17:18:46,019 [INFO] Capturing response: https://hlsssssssssssss.edaesra.workers.dev/https://corestream.macsitesi.help//trtspor/tracks-v1a1/mono.m3u8 200 
2026-07-17 17:18:46,128 [INFO] Capturing request: https://securmar.edaesra.workers.dev/trtspor/tracks-v1a1/2026/07/17/17/19/56-06000.avif
2026-07-17 17:18:46,304 [INFO] Capturing response: https://securmar.edaesra.workers.dev/trtspor/tracks-v1a1/2026/07/17/17/19/56-06000.avif 200 
2026-07-17 17:18:46,484 [INFO] Capturing request: https://securmar.edaesra.workers.dev/trtspor/tracks-v1a1/2026/07/17/17/20/02-06000.avif
2026-07-17 17:18:46,772 [INFO] Capturing response: https://securmar.edaesra.workers.dev/trtspor/tracks-v1a1/2026/07/17/17/20/02-06000.avif 200 
2026-07-17 17:18:46,980 [INFO] Capturing request: https://securmar.edaesra.workers.dev/trtspor/tracks-v1a1/2026/07/17/17/20/08-06000.avif
2026-07-17 17:18:47,149 [INFO] Capturing response: https://securmar.edaesra.workers.dev/trtspor/tracks-v1a1/2026/07/17/17/20/08-06000.avif 200 
2026-07-17 17:18:48,278 [INFO]   ✅ M3U8 bulundu: https://hlsssssssssssss.edaesra.workers.dev/https://corestream.macsitesi.help//trtspor/tracks-v1a1/mono.m3u8
2026-07-17 17:18:49,278 [INFO] 
[14/14]
2026-07-17 17:18:49,278 [INFO] 🔍 Tivibu Spor 4 → https://atomsportv510.top/matches?id=tivibu-spor-4
2026-07-17 17:18:49,386 [INFO] Capturing request: https://atomsportv510.top/matches?id=tivibu-spor-4
2026-07-17 17:18:49,427 [INFO] Capturing response: https://atomsportv510.top/matches?id=tivibu-spor-4 200 
2026-07-17 17:18:49,456 [INFO] Capturing request: https://streamsport365.com/cinema
2026-07-17 17:18:49,553 [INFO] Capturing request: https://teletv5.top/load/yayinlink.php?id=tivibu-spor-4
2026-07-17 17:18:49,556 [INFO] Capturing request: https://atomsportv510.top/favicon.ico
2026-07-17 17:18:49,588 [INFO] Capturing response: https://atomsportv510.top/favicon.ico 200 
2026-07-17 17:18:49,724 [INFO] Capturing response: https://teletv5.top/load/yayinlink.php?id=tivibu-spor-4 200 
2026-07-17 17:18:49,758 [INFO] Capturing response: https://streamsport365.com/cinema 200 
2026-07-17 17:18:53,438 [INFO] Capturing request: https://update.googleapis.com/service/update2/json?cup2key=16:y3_iO5c3_AznrzEk-CGBuXvcLg2qqhz_kH-LK8G8UKc&cup2hreq=d9734ce0ef75b194065e28c16cee0a9a565a167385bc3e17e069301e0f0d93d9
2026-07-17 17:18:53,465 [INFO] Capturing response: https://update.googleapis.com/service/update2/json?cup2key=16:y3_iO5c3_AznrzEk-CGBuXvcLg2qqhz_kH-LK8G8UKc&cup2hreq=d9734ce0ef75b194065e28c16cee0a9a565a167385bc3e17e069301e0f0d93d9 200 
2026-07-17 17:18:53,471 [INFO] Capturing request: http://edgedl.me.gvt1.com/edgedl/diffgen-puffin/gcmjkmgdlgnkkcocmoeiminaijmmjnii/df2a22d5ecc7788c3330ebd5f856b41531c74f412a01ed7453d11284708009fe
2026-07-17 17:18:53,483 [INFO] Capturing response: http://edgedl.me.gvt1.com/edgedl/diffgen-puffin/gcmjkmgdlgnkkcocmoeiminaijmmjnii/df2a22d5ecc7788c3330ebd5f856b41531c74f412a01ed7453d11284708009fe 200 OK
2026-07-17 17:18:53,505 [INFO] Capturing request: https://update.googleapis.com/service/update2/json
2026-07-17 17:18:53,530 [INFO] Capturing response: https://update.googleapis.com/service/update2/json 200 
2026-07-17 17:18:53,575 [INFO] Capturing request: http://edgedl.me.gvt1.com/edgedl/release2/chrome_component/adxla2olrpupvyxtnzlnpe2ukrxq_10653/hfnkpimlhhgieaddgfemjhofmfblmnib_10653_all_adjgpa74m2f4yyx6mmbftq2vojjq.crx3
2026-07-17 17:18:53,592 [INFO] Capturing response: http://edgedl.me.gvt1.com/edgedl/release2/chrome_component/adxla2olrpupvyxtnzlnpe2ukrxq_10653/hfnkpimlhhgieaddgfemjhofmfblmnib_10653_all_adjgpa74m2f4yyx6mmbftq2vojjq.crx3 200 OK
2026-07-17 17:18:53,617 [INFO] Capturing request: https://update.googleapis.com/service/update2/json
2026-07-17 17:18:53,644 [INFO] Capturing response: https://update.googleapis.com/service/update2/json 200 
2026-07-17 17:19:05,675 [INFO] Capturing request: https://android.clients.google.com/c2dm/register3
2026-07-17 17:19:05,704 [INFO] Capturing response: https://android.clients.google.com/c2dm/register3 301 
2026-07-17 17:19:22,688 [WARNING]   ❌ Tivibu Spor 4 için M3U8 bulunamadı
2026-07-17 17:19:23,750 [INFO] ✅ 13 kanal bulundu, playlist.m3u kaydedildi
