2026-06-25 20:59:06,614 [INFO] 🌐 BASE_URL: https://atomsportv508.top
2026-06-25 20:59:08,153 [INFO] Başlanıyor... 14 kanal taranacak
2026-06-25 20:59:08,153 [INFO] Using default request storage
2026-06-25 20:59:08,157 [INFO] Created proxy listening on 127.0.0.1:42339
2026-06-25 20:59:08,812 [INFO] Capturing request: http://clients2.google.com/time/1/current?cup2key=10:OHV6s2ukkb4PNJWdb3Q95wAGmcv8XKNTeG8kBBytcSM&cup2hreq=e3b0c44298fc1c149afbf4c8996fb92427ae41e4649b934ca495991b7852b855
2026-06-25 20:59:08,844 [INFO] Capturing response: http://clients2.google.com/time/1/current?cup2key=10:OHV6s2ukkb4PNJWdb3Q95wAGmcv8XKNTeG8kBBytcSM&cup2hreq=e3b0c44298fc1c149afbf4c8996fb92427ae41e4649b934ca495991b7852b855 200 OK
2026-06-25 20:59:08,959 [INFO] 
[1/14]
2026-06-25 20:59:08,959 [INFO] 🔍 beIN Sports 1 → https://atomsportv508.top/matches?id=bein-sports-1
2026-06-25 20:59:09,038 [INFO] Capturing request: https://accounts.google.com/ListAccounts?gpsia=1&source=ChromiumBrowser&json=standard&laf=b64bin
2026-06-25 20:59:09,040 [INFO] Capturing request: https://update.googleapis.com/service/update2/json?cup2key=16:cFuC9oX2RKd--SV0Ail6_781XkA2lVnIIQY8t7F5tug&cup2hreq=47b762fc12a33c6776aeb1cba1ea3ffce34fd71f79543a7750de557f639dd205
2026-06-25 20:59:09,073 [INFO] Capturing response: https://update.googleapis.com/service/update2/json?cup2key=16:cFuC9oX2RKd--SV0Ail6_781XkA2lVnIIQY8t7F5tug&cup2hreq=47b762fc12a33c6776aeb1cba1ea3ffce34fd71f79543a7750de557f639dd205 200 
2026-06-25 20:59:09,119 [INFO] Capturing request: https://update.googleapis.com/service/update2/json?cup2key=16:NdEJYNcYInTXedzrYCbewiarnHqvPqBm_zNkIIdP6Uk&cup2hreq=1449fd64fe1a708933c82f49457f8c4aa5c16d268e9bc1757b710f6eb258c978
2026-06-25 20:59:09,136 [INFO] Capturing response: https://accounts.google.com/ListAccounts?gpsia=1&source=ChromiumBrowser&json=standard&laf=b64bin 200 
2026-06-25 20:59:09,142 [INFO] Capturing response: https://update.googleapis.com/service/update2/json?cup2key=16:NdEJYNcYInTXedzrYCbewiarnHqvPqBm_zNkIIdP6Uk&cup2hreq=1449fd64fe1a708933c82f49457f8c4aa5c16d268e9bc1757b710f6eb258c978 200 
2026-06-25 20:59:09,144 [INFO] Capturing request: https://atomsportv508.top/matches?id=bein-sports-1
2026-06-25 20:59:09,239 [INFO] Capturing response: https://atomsportv508.top/matches?id=bein-sports-1 200 
2026-06-25 20:59:09,391 [INFO] Capturing request: https://atomsportv508.top/assets/js/clappr.js
2026-06-25 20:59:09,437 [INFO] Capturing request: https://www.google.com/async/folae?async=_fmt:pb&udm=50&client_locale=en-US&client_country=ZZ
2026-06-25 20:59:09,445 [INFO] Capturing request: https://cdn.jsdelivr.net/npm/@clappr/player@latest/dist/clappr.min.js
2026-06-25 20:59:09,450 [INFO] Capturing request: https://cdnjs.cloudflare.com/ajax/libs/jquery/3.2.1/jquery.min.js
2026-06-25 20:59:09,459 [INFO] Capturing response: https://atomsportv508.top/assets/js/clappr.js 200 
2026-06-25 20:59:09,472 [INFO] Capturing response: https://cdn.jsdelivr.net/npm/@clappr/player@latest/dist/clappr.min.js 200 
2026-06-25 20:59:09,478 [INFO] Capturing response: https://cdnjs.cloudflare.com/ajax/libs/jquery/3.2.1/jquery.min.js 200 
2026-06-25 20:59:09,505 [INFO] Capturing response: https://www.google.com/async/folae?async=_fmt:pb&udm=50&client_locale=en-US&client_country=ZZ 200 
2026-06-25 20:59:09,769 [INFO] Capturing request: https://static.cloudflareinsights.com/beacon.min.js/v833ccba57c9e4d2798f2e76cebdd09a11778172276447
2026-06-25 20:59:09,786 [INFO] Capturing response: https://static.cloudflareinsights.com/beacon.min.js/v833ccba57c9e4d2798f2e76cebdd09a11778172276447 200 
2026-06-25 20:59:09,845 [INFO] Capturing request: https://atomsportv508.top/cdn-cgi/rum?
2026-06-25 20:59:09,951 [INFO] Capturing request: https://atomsportv508.top/favicon.ico
2026-06-25 20:59:09,960 [INFO] Capturing response: https://atomsportv508.top/cdn-cgi/rum? 204 
2026-06-25 20:59:10,019 [INFO] Capturing response: https://atomsportv508.top/favicon.ico 200 
2026-06-25 20:59:10,036 [INFO] Capturing request: https://teletv5.top/load/yayinlink.php?id=bein-sports-1
2026-06-25 20:59:10,350 [INFO] Capturing response: https://teletv5.top/load/yayinlink.php?id=bein-sports-1 200 
2026-06-25 20:59:10,489 [INFO] Capturing request: https://streamsport365.com/cinema
2026-06-25 20:59:10,764 [INFO] Capturing response: https://streamsport365.com/cinema 200 
2026-06-25 20:59:10,893 [INFO] Capturing request: https://atomsportv508.top/assets/img/player_logo_6880e4e4c52ee.png
2026-06-25 20:59:10,945 [INFO] Capturing response: https://atomsportv508.top/assets/img/player_logo_6880e4e4c52ee.png 200 
2026-06-25 20:59:10,955 [INFO] Capturing request: https://hlssssssssssssssssss.yedeklinksa35.workers.dev/https://corestream.ronaldovurdu.help//aspor/tracks-v1a1/mono.m3u8
2026-06-25 20:59:11,312 [INFO] Capturing response: https://hlssssssssssssssssss.yedeklinksa35.workers.dev/https://corestream.ronaldovurdu.help//aspor/tracks-v1a1/mono.m3u8 200 
2026-06-25 20:59:11,536 [INFO] Capturing request: https://ts.yedeklinksa35.workers.dev/aspor/tracks-v1a1/2026/06/25/20/59/46-06000.avif
2026-06-25 20:59:11,728 [INFO] Capturing request: https://android.clients.google.com/checkin
2026-06-25 20:59:11,807 [INFO] Capturing response: https://android.clients.google.com/checkin 200 
2026-06-25 20:59:11,866 [INFO] Capturing request: https://android.clients.google.com/c2dm/register3
2026-06-25 20:59:11,870 [INFO] Capturing request: https://android.clients.google.com/c2dm/register3
2026-06-25 20:59:11,873 [INFO] Capturing request: https://android.clients.google.com/c2dm/register3
2026-06-25 20:59:11,899 [INFO] Capturing response: https://android.clients.google.com/c2dm/register3 301 
2026-06-25 20:59:11,918 [INFO] Capturing response: https://android.clients.google.com/c2dm/register3 200 
2026-06-25 20:59:11,944 [INFO] Capturing response: https://ts.yedeklinksa35.workers.dev/aspor/tracks-v1a1/2026/06/25/20/59/46-06000.avif 200 
2026-06-25 20:59:12,205 [INFO] Capturing request: https://ts.yedeklinksa35.workers.dev/aspor/tracks-v1a1/2026/06/25/20/59/52-06000.avif
2026-06-25 20:59:12,503 [INFO] Capturing response: https://android.clients.google.com/c2dm/register3 200 
2026-06-25 20:59:12,871 [INFO] Capturing response: https://ts.yedeklinksa35.workers.dev/aspor/tracks-v1a1/2026/06/25/20/59/52-06000.avif 200 
2026-06-25 20:59:12,881 [INFO]   ✅ M3U8 bulundu: https://hlssssssssssssssssss.yedeklinksa35.workers.dev/https://corestream.ronaldovurdu.help//aspor/tracks-v1a1/mono.m3u8
2026-06-25 20:59:13,099 [INFO] Capturing request: https://ts.yedeklinksa35.workers.dev/aspor/tracks-v1a1/2026/06/25/20/59/58-06000.avif
2026-06-25 20:59:13,493 [INFO] Capturing response: https://ts.yedeklinksa35.workers.dev/aspor/tracks-v1a1/2026/06/25/20/59/58-06000.avif 200 
2026-06-25 20:59:13,882 [INFO] 
[2/14]
2026-06-25 20:59:13,882 [INFO] 🔍 beIN Sports 2 → https://atomsportv508.top/matches?id=bein-sports-2
2026-06-25 20:59:13,996 [INFO] Capturing request: https://atomsportv508.top/matches?id=bein-sports-2
2026-06-25 20:59:14,052 [INFO] Capturing response: https://atomsportv508.top/matches?id=bein-sports-2 200 
2026-06-25 20:59:14,064 [INFO] Capturing request: https://atomsportv508.top/cdn-cgi/rum?
2026-06-25 20:59:14,108 [INFO] Capturing request: https://atomsportv508.top/cdn-cgi/rum?
2026-06-25 20:59:14,108 [INFO] Capturing request: https://streamsport365.com/cinema
2026-06-25 20:59:14,173 [INFO] Capturing response: https://atomsportv508.top/cdn-cgi/rum? 204 
2026-06-25 20:59:14,207 [INFO] Capturing request: https://teletv5.top/load/yayinlink.php?id=bein-sports-2
2026-06-25 20:59:14,209 [INFO] Capturing request: https://atomsportv508.top/favicon.ico
2026-06-25 20:59:14,246 [INFO] Capturing response: https://atomsportv508.top/favicon.ico 200 
2026-06-25 20:59:14,258 [INFO] Capturing response: https://atomsportv508.top/cdn-cgi/rum? 204 
2026-06-25 20:59:14,372 [INFO] Capturing response: https://teletv5.top/load/yayinlink.php?id=bein-sports-2 200 
2026-06-25 20:59:14,396 [INFO] Capturing response: https://streamsport365.com/cinema 200 
2026-06-25 20:59:14,516 [INFO] Capturing request: https://hlssssssssssssssssss.yedeklinksa35.workers.dev/https://corestream.ronaldovurdu.help//bein2/tracks-v1a1/mono.m3u8
2026-06-25 20:59:14,667 [INFO] Capturing response: https://hlssssssssssssssssss.yedeklinksa35.workers.dev/https://corestream.ronaldovurdu.help//bein2/tracks-v1a1/mono.m3u8 200 
2026-06-25 20:59:14,776 [INFO] Capturing request: https://ts.yedeklinksa35.workers.dev/bein2/tracks-v1a1/2026/06/25/20/59/17-10000.avif
2026-06-25 20:59:15,142 [INFO] Capturing response: https://ts.yedeklinksa35.workers.dev/bein2/tracks-v1a1/2026/06/25/20/59/17-10000.avif 200 
2026-06-25 20:59:15,324 [INFO] Capturing request: https://ts.yedeklinksa35.workers.dev/bein2/tracks-v1a1/2026/06/25/20/59/27-10000.avif
2026-06-25 20:59:15,911 [INFO] Capturing response: https://ts.yedeklinksa35.workers.dev/bein2/tracks-v1a1/2026/06/25/20/59/27-10000.avif 200 
2026-06-25 20:59:16,120 [INFO] Capturing request: https://ts.yedeklinksa35.workers.dev/bein2/tracks-v1a1/2026/06/25/20/59/37-10000.avif
2026-06-25 20:59:16,605 [INFO] Capturing response: https://ts.yedeklinksa35.workers.dev/bein2/tracks-v1a1/2026/06/25/20/59/37-10000.avif 200 
2026-06-25 20:59:17,122 [INFO]   ✅ M3U8 bulundu: https://hlssssssssssssssssss.yedeklinksa35.workers.dev/https://corestream.ronaldovurdu.help//bein2/tracks-v1a1/mono.m3u8
2026-06-25 20:59:18,122 [INFO] 
[3/14]
2026-06-25 20:59:18,123 [INFO] 🔍 beIN Sports 3 → https://atomsportv508.top/matches?id=bein-sports-3
2026-06-25 20:59:18,236 [INFO] Capturing request: https://atomsportv508.top/matches?id=bein-sports-3
2026-06-25 20:59:18,237 [INFO] Capturing request: https://atomsportv508.top/assets/js/clappr.js
2026-06-25 20:59:18,295 [INFO] Capturing response: https://atomsportv508.top/matches?id=bein-sports-3 200 
2026-06-25 20:59:18,301 [INFO] Capturing response: https://atomsportv508.top/assets/js/clappr.js 200 
2026-06-25 20:59:18,307 [INFO] Capturing request: https://atomsportv508.top/cdn-cgi/rum?
2026-06-25 20:59:18,331 [INFO] Capturing request: https://atomsportv508.top/cdn-cgi/rum?
2026-06-25 20:59:18,428 [INFO] Capturing request: https://teletv5.top/load/yayinlink.php?id=bein-sports-3
2026-06-25 20:59:18,439 [INFO] Capturing request: https://atomsportv508.top/favicon.ico
2026-06-25 20:59:18,441 [INFO] Capturing response: https://atomsportv508.top/cdn-cgi/rum? 204 
2026-06-25 20:59:18,443 [INFO] Capturing response: https://atomsportv508.top/cdn-cgi/rum? 204 
2026-06-25 20:59:18,479 [INFO] Capturing response: https://atomsportv508.top/favicon.ico 200 
2026-06-25 20:59:18,544 [INFO] Capturing request: https://streamsport365.com/cinema
2026-06-25 20:59:18,606 [INFO] Capturing response: https://teletv5.top/load/yayinlink.php?id=bein-sports-3 200 
2026-06-25 20:59:18,825 [INFO] Capturing response: https://streamsport365.com/cinema 200 
2026-06-25 20:59:36,325 [INFO] Capturing request: https://android.clients.google.com/c2dm/register3
2026-06-25 20:59:36,803 [INFO] Capturing response: https://android.clients.google.com/c2dm/register3 200 
2026-06-25 20:59:40,711 [INFO] Capturing request: https://android.clients.google.com/c2dm/register3
2026-06-25 20:59:40,735 [INFO] Capturing response: https://android.clients.google.com/c2dm/register3 301 
2026-06-25 20:59:51,630 [WARNING]   ❌ beIN Sports 3 için M3U8 bulunamadı
2026-06-25 20:59:52,630 [INFO] 
[4/14]
2026-06-25 20:59:52,631 [INFO] 🔍 beIN Sports 4 → https://atomsportv508.top/matches?id=bein-sports-4
2026-06-25 20:59:52,740 [INFO] Capturing request: https://atomsportv508.top/assets/js/clappr.js
2026-06-25 20:59:52,742 [INFO] Capturing request: https://atomsportv508.top/matches?id=bein-sports-4
2026-06-25 20:59:52,769 [INFO] Capturing response: https://atomsportv508.top/assets/js/clappr.js 200 
2026-06-25 20:59:53,449 [INFO] Capturing response: https://atomsportv508.top/matches?id=bein-sports-4 200 
2026-06-25 20:59:53,460 [INFO] Capturing request: https://atomsportv508.top/cdn-cgi/rum?
2026-06-25 20:59:53,490 [INFO] Capturing request: https://atomsportv508.top/cdn-cgi/rum?
2026-06-25 20:59:53,568 [INFO] Capturing response: https://atomsportv508.top/cdn-cgi/rum? 204 
2026-06-25 20:59:53,590 [INFO] Capturing request: https://atomsportv508.top/favicon.ico
2026-06-25 20:59:53,591 [INFO] Capturing request: https://teletv5.top/load/yayinlink.php?id=bein-sports-4
2026-06-25 20:59:53,632 [INFO] Capturing response: https://atomsportv508.top/favicon.ico 200 
2026-06-25 20:59:53,639 [INFO] Capturing response: https://atomsportv508.top/cdn-cgi/rum? 204 
2026-06-25 20:59:53,705 [INFO] Capturing request: https://streamsport365.com/cinema
2026-06-25 20:59:53,768 [INFO] Capturing response: https://teletv5.top/load/yayinlink.php?id=bein-sports-4 200 
2026-06-25 20:59:53,986 [INFO] Capturing response: https://streamsport365.com/cinema 200 
2026-06-25 21:00:08,812 [INFO] Capturing request: https://update.googleapis.com/service/update2/json?cup2key=16:nx_EoQm6pnk18tk3z1mW7Ok-wGfzQu-hSRBhr2-CNKo&cup2hreq=0b20b6e1c4147fd045ec6e535e22fab09bd8edd9dd9d17f1ff8f0eac5581f9f6
2026-06-25 21:00:08,840 [INFO] Capturing response: https://update.googleapis.com/service/update2/json?cup2key=16:nx_EoQm6pnk18tk3z1mW7Ok-wGfzQu-hSRBhr2-CNKo&cup2hreq=0b20b6e1c4147fd045ec6e535e22fab09bd8edd9dd9d17f1ff8f0eac5581f9f6 200 
2026-06-25 21:00:08,845 [INFO] Capturing request: http://edgedl.me.gvt1.com/edgedl/release2/chrome_component/pthoqzqzxigcuock5a5pklkpay_10608/hfnkpimlhhgieaddgfemjhofmfblmnib_10608_all_dviz47l56oqral47e3ev32uun4.crx3
2026-06-25 21:00:08,872 [INFO] Capturing response: http://edgedl.me.gvt1.com/edgedl/release2/chrome_component/pthoqzqzxigcuock5a5pklkpay_10608/hfnkpimlhhgieaddgfemjhofmfblmnib_10608_all_dviz47l56oqral47e3ev32uun4.crx3 200 OK
2026-06-25 21:00:08,901 [INFO] Capturing request: https://update.googleapis.com/service/update2/json
2026-06-25 21:00:08,926 [INFO] Capturing response: https://update.googleapis.com/service/update2/json 200 
2026-06-25 21:00:09,026 [INFO] Capturing request: http://edgedl.me.gvt1.com/edgedl/diffgen-puffin/gcmjkmgdlgnkkcocmoeiminaijmmjnii/df2a22d5ecc7788c3330ebd5f856b41531c74f412a01ed7453d11284708009fe
2026-06-25 21:00:09,039 [INFO] Capturing response: http://edgedl.me.gvt1.com/edgedl/diffgen-puffin/gcmjkmgdlgnkkcocmoeiminaijmmjnii/df2a22d5ecc7788c3330ebd5f856b41531c74f412a01ed7453d11284708009fe 200 OK
2026-06-25 21:00:09,107 [INFO] Capturing request: https://update.googleapis.com/service/update2/json
2026-06-25 21:00:09,131 [INFO] Capturing response: https://update.googleapis.com/service/update2/json 200 
2026-06-25 21:00:26,756 [WARNING]   ❌ beIN Sports 4 için M3U8 bulunamadı
2026-06-25 21:00:27,251 [INFO] Capturing request: https://android.clients.google.com/c2dm/register3
2026-06-25 21:00:27,281 [INFO] Capturing response: https://android.clients.google.com/c2dm/register3 301 
2026-06-25 21:00:27,756 [INFO] 
[5/14]
2026-06-25 21:00:27,756 [INFO] 🔍 beIN Sports 5 → https://atomsportv508.top/matches?id=bein-sports-5
2026-06-25 21:00:27,920 [INFO] Capturing request: https://atomsportv508.top/matches?id=bein-sports-5
2026-06-25 21:00:27,924 [INFO] Capturing request: https://atomsportv508.top/assets/js/clappr.js
2026-06-25 21:00:27,963 [INFO] Capturing response: https://atomsportv508.top/assets/js/clappr.js 200 
2026-06-25 21:00:28,421 [INFO] Capturing response: https://atomsportv508.top/matches?id=bein-sports-5 200 
2026-06-25 21:00:28,430 [INFO] Capturing request: https://atomsportv508.top/cdn-cgi/rum?
2026-06-25 21:00:28,462 [INFO] Capturing request: https://atomsportv508.top/cdn-cgi/rum?
2026-06-25 21:00:28,562 [INFO] Capturing request: https://atomsportv508.top/favicon.ico
2026-06-25 21:00:28,574 [INFO] Capturing response: https://atomsportv508.top/cdn-cgi/rum? 204 
2026-06-25 21:00:28,575 [INFO] Capturing response: https://atomsportv508.top/cdn-cgi/rum? 204 
2026-06-25 21:00:28,604 [INFO] Capturing request: https://teletv5.top/load/yayinlink.php?id=bein-sports-5
2026-06-25 21:00:28,616 [INFO] Capturing response: https://atomsportv508.top/favicon.ico 200 
2026-06-25 21:00:28,988 [INFO] Capturing response: https://teletv5.top/load/yayinlink.php?id=bein-sports-5 200 
2026-06-25 21:00:29,123 [INFO] Capturing request: https://streamsport365.com/cinema
2026-06-25 21:00:29,412 [INFO] Capturing response: https://streamsport365.com/cinema 200 
2026-06-25 21:01:01,718 [WARNING]   ❌ beIN Sports 5 için M3U8 bulunamadı
2026-06-25 21:01:02,718 [INFO] 
[6/14]
2026-06-25 21:01:02,718 [INFO] 🔍 beIN Sports Max 1 → https://atomsportv508.top/matches?id=bein-sports-max-1
2026-06-25 21:01:02,828 [INFO] Capturing request: https://atomsportv508.top/assets/js/clappr.js
2026-06-25 21:01:02,830 [INFO] Capturing request: https://atomsportv508.top/matches?id=bein-sports-max-1
2026-06-25 21:01:02,854 [INFO] Capturing response: https://atomsportv508.top/assets/js/clappr.js 200 
2026-06-25 21:01:03,094 [INFO] Capturing response: https://atomsportv508.top/matches?id=bein-sports-max-1 200 
2026-06-25 21:01:03,103 [INFO] Capturing request: https://atomsportv508.top/cdn-cgi/rum?
2026-06-25 21:01:03,131 [INFO] Capturing request: https://atomsportv508.top/cdn-cgi/rum?
2026-06-25 21:01:03,229 [INFO] Capturing request: https://teletv5.top/load/yayinlink.php?id=bein-sports-max-1
2026-06-25 21:01:03,234 [INFO] Capturing request: https://atomsportv508.top/favicon.ico
2026-06-25 21:01:03,240 [INFO] Capturing response: https://atomsportv508.top/cdn-cgi/rum? 204 
2026-06-25 21:01:03,242 [INFO] Capturing response: https://atomsportv508.top/cdn-cgi/rum? 204 
2026-06-25 21:01:03,300 [INFO] Capturing response: https://atomsportv508.top/favicon.ico 200 
2026-06-25 21:01:03,340 [INFO] Capturing request: https://streamsport365.com/cinema
2026-06-25 21:01:03,413 [INFO] Capturing response: https://teletv5.top/load/yayinlink.php?id=bein-sports-max-1 200 
2026-06-25 21:01:03,616 [INFO] Capturing response: https://streamsport365.com/cinema 200 
2026-06-25 21:01:36,388 [WARNING]   ❌ beIN Sports Max 1 için M3U8 bulunamadı
2026-06-25 21:01:37,389 [INFO] 
[7/14]
2026-06-25 21:01:37,389 [INFO] 🔍 beIN Sports Max 2 → https://atomsportv508.top/matches?id=bein-sports-max-2
2026-06-25 21:01:37,498 [INFO] Capturing request: https://atomsportv508.top/assets/js/clappr.js
2026-06-25 21:01:37,500 [INFO] Capturing request: https://atomsportv508.top/matches?id=bein-sports-max-2
2026-06-25 21:01:37,523 [INFO] Capturing response: https://atomsportv508.top/assets/js/clappr.js 200 
2026-06-25 21:01:37,760 [INFO] Capturing response: https://atomsportv508.top/matches?id=bein-sports-max-2 200 
2026-06-25 21:01:37,768 [INFO] Capturing request: https://atomsportv508.top/cdn-cgi/rum?
2026-06-25 21:01:37,800 [INFO] Capturing request: https://atomsportv508.top/cdn-cgi/rum?
2026-06-25 21:01:37,894 [INFO] Capturing request: https://teletv5.top/load/yayinlink.php?id=bein-sports-max-2
2026-06-25 21:01:37,904 [INFO] Capturing request: https://atomsportv508.top/favicon.ico
2026-06-25 21:01:37,910 [INFO] Capturing response: https://atomsportv508.top/cdn-cgi/rum? 204 
2026-06-25 21:01:37,914 [INFO] Capturing response: https://atomsportv508.top/cdn-cgi/rum? 204 
2026-06-25 21:01:37,956 [INFO] Capturing response: https://atomsportv508.top/favicon.ico 200 
2026-06-25 21:01:38,009 [INFO] Capturing request: https://streamsport365.com/cinema
2026-06-25 21:01:38,092 [INFO] Capturing response: https://teletv5.top/load/yayinlink.php?id=bein-sports-max-2 200 
2026-06-25 21:01:38,282 [INFO] Capturing response: https://streamsport365.com/cinema 200 
2026-06-25 21:02:11,057 [WARNING]   ❌ beIN Sports Max 2 için M3U8 bulunamadı
2026-06-25 21:02:12,057 [INFO] 
[8/14]
2026-06-25 21:02:12,057 [INFO] 🔍 S Sport → https://atomsportv508.top/matches?id=s-sport
2026-06-25 21:02:12,167 [INFO] Capturing request: https://atomsportv508.top/assets/js/clappr.js
2026-06-25 21:02:12,168 [INFO] Capturing request: https://atomsportv508.top/matches?id=s-sport
2026-06-25 21:02:12,190 [INFO] Capturing response: https://atomsportv508.top/assets/js/clappr.js 200 
2026-06-25 21:02:12,425 [INFO] Capturing response: https://atomsportv508.top/matches?id=s-sport 200 
2026-06-25 21:02:12,434 [INFO] Capturing request: https://atomsportv508.top/cdn-cgi/rum?
2026-06-25 21:02:12,463 [INFO] Capturing request: https://atomsportv508.top/cdn-cgi/rum?
2026-06-25 21:02:12,558 [INFO] Capturing request: https://teletv5.top/load/yayinlink.php?id=s-sport
2026-06-25 21:02:12,567 [INFO] Capturing request: https://atomsportv508.top/favicon.ico
2026-06-25 21:02:12,572 [INFO] Capturing response: https://atomsportv508.top/cdn-cgi/rum? 204 
2026-06-25 21:02:12,574 [INFO] Capturing response: https://atomsportv508.top/cdn-cgi/rum? 204 
2026-06-25 21:02:12,612 [INFO] Capturing response: https://atomsportv508.top/favicon.ico 200 
2026-06-25 21:02:12,670 [INFO] Capturing request: https://streamsport365.com/cinema
2026-06-25 21:02:12,740 [INFO] Capturing response: https://teletv5.top/load/yayinlink.php?id=s-sport 200 
2026-06-25 21:02:12,942 [INFO] Capturing response: https://streamsport365.com/cinema 200 
2026-06-25 21:02:13,098 [INFO] Capturing request: https://hlssssssssssssssssss.yedeklinksa35.workers.dev/https://corestream.ronaldovurdu.help//s-sportt/tracks-v1a1/mono.m3u8
2026-06-25 21:02:13,302 [INFO] Capturing response: https://hlssssssssssssssssss.yedeklinksa35.workers.dev/https://corestream.ronaldovurdu.help//s-sportt/tracks-v1a1/mono.m3u8 200 
2026-06-25 21:02:13,491 [INFO] Capturing request: https://ts.yedeklinksa35.workers.dev/s-sportt/tracks-v1a1/2026/06/25/21/02/09-06000.avif
2026-06-25 21:02:13,678 [INFO] Capturing request: https://android.clients.google.com/c2dm/register3
2026-06-25 21:02:13,706 [INFO] Capturing response: https://android.clients.google.com/c2dm/register3 301 
2026-06-25 21:02:13,874 [INFO] Capturing response: https://ts.yedeklinksa35.workers.dev/s-sportt/tracks-v1a1/2026/06/25/21/02/09-06000.avif 200 
2026-06-25 21:02:14,094 [INFO] Capturing request: https://ts.yedeklinksa35.workers.dev/s-sportt/tracks-v1a1/2026/06/25/21/02/15-06000.avif
2026-06-25 21:02:14,489 [INFO] Capturing response: https://ts.yedeklinksa35.workers.dev/s-sportt/tracks-v1a1/2026/06/25/21/02/15-06000.avif 200 
2026-06-25 21:02:14,709 [INFO] Capturing request: https://ts.yedeklinksa35.workers.dev/s-sportt/tracks-v1a1/2026/06/25/21/02/21-06000.avif
2026-06-25 21:02:15,049 [INFO] Capturing response: https://ts.yedeklinksa35.workers.dev/s-sportt/tracks-v1a1/2026/06/25/21/02/21-06000.avif 200 
2026-06-25 21:02:15,486 [INFO]   ✅ M3U8 bulundu: https://hlssssssssssssssssss.yedeklinksa35.workers.dev/https://corestream.ronaldovurdu.help//s-sportt/tracks-v1a1/mono.m3u8
2026-06-25 21:02:16,486 [INFO] 
[9/14]
2026-06-25 21:02:16,486 [INFO] 🔍 S Sport 2 → https://atomsportv508.top/matches?id=s-sport-2
2026-06-25 21:02:16,598 [INFO] Capturing request: https://atomsportv508.top/assets/js/clappr.js
2026-06-25 21:02:16,599 [INFO] Capturing request: https://atomsportv508.top/matches?id=s-sport-2
2026-06-25 21:02:16,619 [INFO] Capturing response: https://atomsportv508.top/assets/js/clappr.js 200 
2026-06-25 21:02:16,670 [INFO] Capturing response: https://atomsportv508.top/matches?id=s-sport-2 200 
2026-06-25 21:02:16,680 [INFO] Capturing request: https://atomsportv508.top/cdn-cgi/rum?
2026-06-25 21:02:16,712 [INFO] Capturing request: https://streamsport365.com/cinema
2026-06-25 21:02:16,720 [INFO] Capturing request: https://atomsportv508.top/cdn-cgi/rum?
2026-06-25 21:02:16,792 [INFO] Capturing response: https://atomsportv508.top/cdn-cgi/rum? 204 
2026-06-25 21:02:16,812 [INFO] Capturing request: https://teletv5.top/load/yayinlink.php?id=s-sport-2
2026-06-25 21:02:16,820 [INFO] Capturing request: https://atomsportv508.top/favicon.ico
2026-06-25 21:02:16,857 [INFO] Capturing response: https://atomsportv508.top/favicon.ico 200 
2026-06-25 21:02:16,870 [INFO] Capturing response: https://atomsportv508.top/cdn-cgi/rum? 204 
2026-06-25 21:02:16,994 [INFO] Capturing response: https://teletv5.top/load/yayinlink.php?id=s-sport-2 200 
2026-06-25 21:02:16,996 [INFO] Capturing response: https://streamsport365.com/cinema 200 
2026-06-25 21:02:17,154 [INFO] Capturing request: https://hlssssssssssssssssss.yedeklinksa35.workers.dev/https://corestream.ronaldovurdu.help//s-sport2/tracks-v1a1/mono.m3u8
2026-06-25 21:02:17,320 [INFO] Capturing response: https://hlssssssssssssssssss.yedeklinksa35.workers.dev/https://corestream.ronaldovurdu.help//s-sport2/tracks-v1a1/mono.m3u8 200 
2026-06-25 21:02:17,428 [INFO] Capturing request: https://ts.yedeklinksa35.workers.dev/s-sport2/tracks-v1a1/2026/06/25/21/02/56-06000.avif
2026-06-25 21:02:18,330 [INFO] Capturing response: https://ts.yedeklinksa35.workers.dev/s-sport2/tracks-v1a1/2026/06/25/21/02/56-06000.avif 200 
2026-06-25 21:02:18,834 [INFO] Capturing request: https://ts.yedeklinksa35.workers.dev/s-sport2/tracks-v1a1/2026/06/25/21/03/02-06000.avif
2026-06-25 21:02:19,582 [INFO] Capturing response: https://ts.yedeklinksa35.workers.dev/s-sport2/tracks-v1a1/2026/06/25/21/03/02-06000.avif 200 
2026-06-25 21:02:19,749 [INFO]   ✅ M3U8 bulundu: https://hlssssssssssssssssss.yedeklinksa35.workers.dev/https://corestream.ronaldovurdu.help//s-sport2/tracks-v1a1/mono.m3u8
2026-06-25 21:02:19,887 [INFO] Capturing request: https://ts.yedeklinksa35.workers.dev/s-sport2/tracks-v1a1/2026/06/25/21/03/08-06000.avif
2026-06-25 21:02:20,549 [INFO] Capturing response: https://ts.yedeklinksa35.workers.dev/s-sport2/tracks-v1a1/2026/06/25/21/03/08-06000.avif 200 
2026-06-25 21:02:20,750 [INFO] 
[10/14]
2026-06-25 21:02:20,750 [INFO] 🔍 A Spor → https://atomsportv508.top/matches?id=a-spor
2026-06-25 21:02:20,863 [INFO] Capturing request: https://atomsportv508.top/assets/js/clappr.js
2026-06-25 21:02:20,866 [INFO] Capturing request: https://atomsportv508.top/matches?id=a-spor
2026-06-25 21:02:20,889 [INFO] Capturing response: https://atomsportv508.top/assets/js/clappr.js 200 
2026-06-25 21:02:20,925 [INFO] Capturing response: https://atomsportv508.top/matches?id=a-spor 200 
2026-06-25 21:02:20,940 [INFO] Capturing request: https://atomsportv508.top/cdn-cgi/rum?
2026-06-25 21:02:20,970 [INFO] Capturing request: https://atomsportv508.top/cdn-cgi/rum?
2026-06-25 21:02:21,068 [INFO] Capturing request: https://teletv5.top/load/yayinlink.php?id=a-spor
2026-06-25 21:02:21,073 [INFO] Capturing request: https://atomsportv508.top/favicon.ico
2026-06-25 21:02:21,077 [INFO] Capturing response: https://atomsportv508.top/cdn-cgi/rum? 204 
2026-06-25 21:02:21,080 [INFO] Capturing response: https://atomsportv508.top/cdn-cgi/rum? 204 
2026-06-25 21:02:21,157 [INFO] Capturing response: https://atomsportv508.top/favicon.ico 200 
2026-06-25 21:02:21,180 [INFO] Capturing request: https://streamsport365.com/cinema
2026-06-25 21:02:21,252 [INFO] Capturing response: https://teletv5.top/load/yayinlink.php?id=a-spor 200 
2026-06-25 21:02:21,464 [INFO] Capturing response: https://streamsport365.com/cinema 200 
2026-06-25 21:02:21,581 [INFO] Capturing request: https://hlssssssssssssssssss.yedeklinksa35.workers.dev/https://corestream.ronaldovurdu.help//aspor/tracks-v1a1/mono.m3u8
2026-06-25 21:02:21,724 [INFO] Capturing response: https://hlssssssssssssssssss.yedeklinksa35.workers.dev/https://corestream.ronaldovurdu.help//aspor/tracks-v1a1/mono.m3u8 200 
2026-06-25 21:02:21,832 [INFO] Capturing request: https://ts.yedeklinksa35.workers.dev/aspor/tracks-v1a1/2026/06/25/21/02/58-06000.avif
2026-06-25 21:02:22,252 [INFO] Capturing response: https://ts.yedeklinksa35.workers.dev/aspor/tracks-v1a1/2026/06/25/21/02/58-06000.avif 200 
2026-06-25 21:02:22,527 [INFO] Capturing request: https://ts.yedeklinksa35.workers.dev/aspor/tracks-v1a1/2026/06/25/21/03/04-06000.avif
2026-06-25 21:02:22,922 [INFO] Capturing response: https://ts.yedeklinksa35.workers.dev/aspor/tracks-v1a1/2026/06/25/21/03/04-06000.avif 200 
2026-06-25 21:02:23,204 [INFO] Capturing request: https://ts.yedeklinksa35.workers.dev/aspor/tracks-v1a1/2026/06/25/21/03/10-06000.avif
2026-06-25 21:02:23,821 [INFO] Capturing response: https://ts.yedeklinksa35.workers.dev/aspor/tracks-v1a1/2026/06/25/21/03/10-06000.avif 200 
2026-06-25 21:02:23,986 [INFO]   ✅ M3U8 bulundu: https://hlssssssssssssssssss.yedeklinksa35.workers.dev/https://corestream.ronaldovurdu.help//aspor/tracks-v1a1/mono.m3u8
2026-06-25 21:02:24,987 [INFO] 
[11/14]
2026-06-25 21:02:24,987 [INFO] 🔍 Tivibu Spor 1 → https://atomsportv508.top/matches?id=tivibu-spor-1
2026-06-25 21:02:25,099 [INFO] Capturing request: https://atomsportv508.top/assets/js/clappr.js
2026-06-25 21:02:25,101 [INFO] Capturing request: https://atomsportv508.top/matches?id=tivibu-spor-1
2026-06-25 21:02:25,121 [INFO] Capturing response: https://atomsportv508.top/assets/js/clappr.js 200 
2026-06-25 21:02:25,138 [INFO] Capturing response: https://atomsportv508.top/matches?id=tivibu-spor-1 200 
2026-06-25 21:02:25,148 [INFO] Capturing request: https://atomsportv508.top/cdn-cgi/rum?
2026-06-25 21:02:25,178 [INFO] Capturing request: https://streamsport365.com/cinema
2026-06-25 21:02:25,179 [INFO] Capturing request: https://atomsportv508.top/cdn-cgi/rum?
2026-06-25 21:02:25,274 [INFO] Capturing request: https://teletv5.top/load/yayinlink.php?id=tivibu-spor-1
2026-06-25 21:02:25,283 [INFO] Capturing request: https://atomsportv508.top/favicon.ico
2026-06-25 21:02:25,289 [INFO] Capturing response: https://atomsportv508.top/cdn-cgi/rum? 204 
2026-06-25 21:02:25,291 [INFO] Capturing response: https://atomsportv508.top/cdn-cgi/rum? 204 
2026-06-25 21:02:25,321 [INFO] Capturing response: https://atomsportv508.top/favicon.ico 200 
2026-06-25 21:02:25,453 [INFO] Capturing response: https://teletv5.top/load/yayinlink.php?id=tivibu-spor-1 200 
2026-06-25 21:02:25,467 [INFO] Capturing response: https://streamsport365.com/cinema 200 
2026-06-25 21:02:58,440 [WARNING]   ❌ Tivibu Spor 1 için M3U8 bulunamadı
2026-06-25 21:02:59,440 [INFO] 
[12/14]
2026-06-25 21:02:59,440 [INFO] 🔍 Tivibu Spor 2 → https://atomsportv508.top/matches?id=tivibu-spor-2
2026-06-25 21:02:59,548 [INFO] Capturing request: https://atomsportv508.top/assets/js/clappr.js
2026-06-25 21:02:59,551 [INFO] Capturing request: https://atomsportv508.top/matches?id=tivibu-spor-2
2026-06-25 21:02:59,571 [INFO] Capturing response: https://atomsportv508.top/assets/js/clappr.js 200 
2026-06-25 21:02:59,823 [INFO] Capturing response: https://atomsportv508.top/matches?id=tivibu-spor-2 200 
2026-06-25 21:02:59,832 [INFO] Capturing request: https://atomsportv508.top/cdn-cgi/rum?
2026-06-25 21:02:59,863 [INFO] Capturing request: https://atomsportv508.top/cdn-cgi/rum?
2026-06-25 21:02:59,942 [INFO] Capturing response: https://atomsportv508.top/cdn-cgi/rum? 204 
2026-06-25 21:02:59,964 [INFO] Capturing request: https://atomsportv508.top/favicon.ico
2026-06-25 21:02:59,964 [INFO] Capturing request: https://teletv5.top/load/yayinlink.php?id=tivibu-spor-2
2026-06-25 21:03:00,002 [INFO] Capturing response: https://atomsportv508.top/favicon.ico 200 
2026-06-25 21:03:00,015 [INFO] Capturing response: https://atomsportv508.top/cdn-cgi/rum? 204 
2026-06-25 21:03:00,070 [INFO] Capturing request: https://streamsport365.com/cinema
2026-06-25 21:03:00,148 [INFO] Capturing response: https://teletv5.top/load/yayinlink.php?id=tivibu-spor-2 200 
2026-06-25 21:03:00,355 [INFO] Capturing response: https://streamsport365.com/cinema 200 
2026-06-25 21:03:33,115 [WARNING]   ❌ Tivibu Spor 2 için M3U8 bulunamadı
2026-06-25 21:03:34,115 [INFO] 
[13/14]
2026-06-25 21:03:34,115 [INFO] 🔍 Tivibu Spor 3 → https://atomsportv508.top/matches?id=tivibu-spor-3
2026-06-25 21:03:34,225 [INFO] Capturing request: https://atomsportv508.top/assets/js/clappr.js
2026-06-25 21:03:34,226 [INFO] Capturing request: https://atomsportv508.top/matches?id=tivibu-spor-3
2026-06-25 21:03:34,250 [INFO] Capturing response: https://atomsportv508.top/assets/js/clappr.js 200 
2026-06-25 21:03:34,502 [INFO] Capturing response: https://atomsportv508.top/matches?id=tivibu-spor-3 200 
2026-06-25 21:03:34,510 [INFO] Capturing request: https://atomsportv508.top/cdn-cgi/rum?
2026-06-25 21:03:34,540 [INFO] Capturing request: https://atomsportv508.top/cdn-cgi/rum?
2026-06-25 21:03:34,619 [INFO] Capturing response: https://atomsportv508.top/cdn-cgi/rum? 204 
2026-06-25 21:03:34,637 [INFO] Capturing request: https://teletv5.top/load/yayinlink.php?id=tivibu-spor-3
2026-06-25 21:03:34,642 [INFO] Capturing request: https://atomsportv508.top/favicon.ico
2026-06-25 21:03:34,684 [INFO] Capturing response: https://atomsportv508.top/favicon.ico 200 
2026-06-25 21:03:34,693 [INFO] Capturing response: https://atomsportv508.top/cdn-cgi/rum? 204 
2026-06-25 21:03:34,750 [INFO] Capturing request: https://streamsport365.com/cinema
2026-06-25 21:03:34,818 [INFO] Capturing response: https://teletv5.top/load/yayinlink.php?id=tivibu-spor-3 200 
2026-06-25 21:03:35,029 [INFO] Capturing response: https://streamsport365.com/cinema 200 
2026-06-25 21:04:07,794 [WARNING]   ❌ Tivibu Spor 3 için M3U8 bulunamadı
2026-06-25 21:04:08,794 [INFO] 
[14/14]
2026-06-25 21:04:08,794 [INFO] 🔍 Tivibu Spor 4 → https://atomsportv508.top/matches?id=tivibu-spor-4
2026-06-25 21:04:08,901 [INFO] Capturing request: https://atomsportv508.top/assets/js/clappr.js
2026-06-25 21:04:08,904 [INFO] Capturing request: https://atomsportv508.top/matches?id=tivibu-spor-4
2026-06-25 21:04:08,923 [INFO] Capturing response: https://atomsportv508.top/assets/js/clappr.js 200 
2026-06-25 21:04:09,130 [INFO] 127.0.0.1:51272: HTTP/2 connection terminated by server: error code: 0, last stream id: 201, additional data: b'session_timed_out'
2026-06-25 21:04:09,198 [INFO] Capturing response: https://atomsportv508.top/matches?id=tivibu-spor-4 200 
2026-06-25 21:04:09,207 [INFO] Capturing request: https://atomsportv508.top/cdn-cgi/rum?
2026-06-25 21:04:09,240 [INFO] Capturing request: https://atomsportv508.top/cdn-cgi/rum?
2026-06-25 21:04:09,316 [INFO] Capturing response: https://atomsportv508.top/cdn-cgi/rum? 204 
2026-06-25 21:04:09,335 [INFO] Capturing request: https://teletv5.top/load/yayinlink.php?id=tivibu-spor-4
2026-06-25 21:04:09,342 [INFO] Capturing request: https://atomsportv508.top/favicon.ico
2026-06-25 21:04:09,390 [INFO] Capturing response: https://atomsportv508.top/favicon.ico 200 
2026-06-25 21:04:09,392 [INFO] Capturing response: https://atomsportv508.top/cdn-cgi/rum? 204 
2026-06-25 21:04:09,458 [INFO] Capturing request: https://streamsport365.com/cinema
2026-06-25 21:04:09,521 [INFO] Capturing response: https://teletv5.top/load/yayinlink.php?id=tivibu-spor-4 200 
2026-06-25 21:04:09,740 [INFO] Capturing response: https://streamsport365.com/cinema 200 
2026-06-25 21:04:42,498 [WARNING]   ❌ Tivibu Spor 4 için M3U8 bulunamadı
2026-06-25 21:04:43,563 [INFO] ✅ 5 kanal bulundu, playlist.m3u kaydedildi
