2026-05-16 13:27:55,238 [INFO] 🔎 Domain aralığı taranıyor: atomsportv490.top - atomsportv520.top
2026-05-16 13:28:00,520 [INFO]   ✅ Aktif domain bulundu: https://atomsportv503.top
2026-05-16 13:28:00,522 [INFO] 🌐 Kullanılan BASE_URL: https://atomsportv503.top
2026-05-16 13:28:00,522 [INFO] 🔗 Proxy Prefix: https://ronaldo.magnitude.workers.dev/?url=
2026-05-16 13:28:01,959 [INFO] ✅ SeleniumWire aktif
2026-05-16 13:28:01,960 [INFO] =======================================================
2026-05-16 13:28:01,960 [INFO]    M3U8 Scraper
2026-05-16 13:28:01,961 [INFO]    Base URL    : https://atomsportv503.top
2026-05-16 13:28:01,961 [INFO]    Proxy Prefix: https://ronaldo.magnitude.workers.dev/?url=
2026-05-16 13:28:01,961 [INFO]    Toplam      : 13 sayfa
2026-05-16 13:28:01,961 [INFO] =======================================================
2026-05-16 13:28:01,961 [INFO] 🔧 Driver başlatılıyor...
2026-05-16 13:28:02,734 [INFO] ✅ Driver başlatıldı
2026-05-16 13:28:02,734 [INFO] 
[1/13]
2026-05-16 13:28:02,734 [INFO] 
──────────────────────────────────────────────────
2026-05-16 13:28:02,735 [INFO] 🔍 beIN Sports 1 → https://atomsportv503.top/matches?id=bein-sports-1
2026-05-16 13:28:02,735 [INFO] ──────────────────────────────────────────────────
2026-05-16 13:28:35,017 [INFO]   📡 M3U8 bekleniyor (max 8s)...
2026-05-16 13:28:43,122 [INFO]   ❌ beIN Sports 1: M3U8 bulunamadı
2026-05-16 13:28:44,123 [INFO] 
[2/13]
2026-05-16 13:28:44,123 [INFO] 
──────────────────────────────────────────────────
2026-05-16 13:28:44,123 [INFO] 🔍 beIN Sports 2 → https://atomsportv503.top/matches?id=bein-sports-2
2026-05-16 13:28:44,123 [INFO] ──────────────────────────────────────────────────
2026-05-16 13:29:16,255 [INFO]   📡 M3U8 bekleniyor (max 8s)...
2026-05-16 13:29:24,323 [INFO]   ❌ beIN Sports 2: M3U8 bulunamadı
2026-05-16 13:29:25,325 [INFO] 
[3/13]
2026-05-16 13:29:25,325 [INFO] 
──────────────────────────────────────────────────
2026-05-16 13:29:25,325 [INFO] 🔍 beIN Sports 3 → https://atomsportv503.top/matches?id=bein-sports-3
2026-05-16 13:29:25,325 [INFO] ──────────────────────────────────────────────────
2026-05-16 13:29:57,512 [INFO]   📡 M3U8 bekleniyor (max 8s)...
2026-05-16 13:30:05,603 [INFO]   ❌ beIN Sports 3: M3U8 bulunamadı
2026-05-16 13:30:06,603 [INFO] 
[4/13]
2026-05-16 13:30:06,603 [INFO] 
──────────────────────────────────────────────────
2026-05-16 13:30:06,603 [INFO] 🔍 beIN Sports 4 → https://atomsportv503.top/matches?id=bein-sports-4
2026-05-16 13:30:06,604 [INFO] ──────────────────────────────────────────────────
2026-05-16 13:30:38,489 [INFO]   📡 M3U8 bekleniyor (max 8s)...
2026-05-16 13:30:46,632 [INFO]   ❌ beIN Sports 4: M3U8 bulunamadı
2026-05-16 13:30:47,633 [INFO] 
[5/13]
2026-05-16 13:30:47,633 [INFO] 
──────────────────────────────────────────────────
2026-05-16 13:30:47,633 [INFO] 🔍 beIN Sports 5 → https://atomsportv503.top/matches?id=bein-sports-5
2026-05-16 13:30:47,633 [INFO] ──────────────────────────────────────────────────
2026-05-16 13:31:19,506 [INFO]   📡 M3U8 bekleniyor (max 8s)...
2026-05-16 13:31:27,556 [INFO]   ❌ beIN Sports 5: M3U8 bulunamadı
2026-05-16 13:31:28,557 [INFO] 
[6/13]
2026-05-16 13:31:28,557 [INFO] 
──────────────────────────────────────────────────
2026-05-16 13:31:28,557 [INFO] 🔍 beIN Sports Max 1 → https://atomsportv503.top/matches?id=bein-sports-max-1
2026-05-16 13:31:28,557 [INFO] ──────────────────────────────────────────────────
2026-05-16 13:32:00,428 [INFO]   📡 M3U8 bekleniyor (max 8s)...
2026-05-16 13:32:08,446 [INFO]   ❌ beIN Sports Max 1: M3U8 bulunamadı
2026-05-16 13:32:09,446 [INFO] 
[7/13]
2026-05-16 13:32:09,447 [INFO] 
──────────────────────────────────────────────────
2026-05-16 13:32:09,447 [INFO] 🔍 beIN Sports Max 2 → https://atomsportv503.top/matches?id=bein-sports-max-2
2026-05-16 13:32:09,447 [INFO] ──────────────────────────────────────────────────
2026-05-16 13:32:41,290 [INFO]   📡 M3U8 bekleniyor (max 8s)...
2026-05-16 13:32:41,291 [INFO]   🎯 DOĞRU kanal bulundu: https://hlssssssssssssssssss.sevinccaglayan6384.workers.dev/https://corestream.ronaldovurdu.help//hls/bein-sports-max-2.m3u8
2026-05-16 13:32:41,291 [INFO]   ✅ beIN Sports Max 2: https://hlssssssssssssssssss.sevinccaglayan6384.workers.dev/https://corestream.ronaldovurdu.help//hls/bein-sports-max-2.m3u8
2026-05-16 13:32:42,291 [INFO] 
[8/13]
2026-05-16 13:32:42,291 [INFO] 
──────────────────────────────────────────────────
2026-05-16 13:32:42,291 [INFO] 🔍 S Sport → https://atomsportv503.top/matches?id=s-sport
2026-05-16 13:32:42,291 [INFO] ──────────────────────────────────────────────────
2026-05-16 13:33:14,158 [INFO]   📡 M3U8 bekleniyor (max 8s)...
2026-05-16 13:33:14,165 [INFO]   🎯 DOĞRU kanal bulundu: https://hlssssssssssssssssss.sevinccaglayan6384.workers.dev/https://corestream.ronaldovurdu.help//s-sport/tracks-v1a1/mono.m3u8
2026-05-16 13:33:14,167 [INFO]   ✅ S Sport: https://hlssssssssssssssssss.sevinccaglayan6384.workers.dev/https://corestream.ronaldovurdu.help//s-sport/tracks-v1a1/mono.m3u8
2026-05-16 13:33:15,167 [INFO] 
[9/13]
2026-05-16 13:33:15,167 [INFO] 
──────────────────────────────────────────────────
2026-05-16 13:33:15,167 [INFO] 🔍 S Sport 2 → https://atomsportv503.top/matches?id=s-sport-2
2026-05-16 13:33:15,167 [INFO] ──────────────────────────────────────────────────
2026-05-16 13:33:47,060 [INFO]   📡 M3U8 bekleniyor (max 8s)...
2026-05-16 13:33:55,125 [INFO]   ❌ S Sport 2: M3U8 bulunamadı
2026-05-16 13:33:56,127 [INFO] 
[10/13]
2026-05-16 13:33:56,127 [INFO] 
──────────────────────────────────────────────────
2026-05-16 13:33:56,127 [INFO] 🔍 Tivibu Spor 1 → https://atomsportv503.top/matches?id=tivibu-spor-1
2026-05-16 13:33:56,128 [INFO] ──────────────────────────────────────────────────
2026-05-16 13:34:27,981 [INFO]   📡 M3U8 bekleniyor (max 8s)...
2026-05-16 13:34:35,995 [INFO]   ❌ Tivibu Spor 1: M3U8 bulunamadı
2026-05-16 13:34:36,995 [INFO] 
[11/13]
2026-05-16 13:34:36,995 [INFO] 
──────────────────────────────────────────────────
2026-05-16 13:34:36,995 [INFO] 🔍 Tivibu Spor 2 → https://atomsportv503.top/matches?id=tivibu-spor-2
2026-05-16 13:34:36,995 [INFO] ──────────────────────────────────────────────────
2026-05-16 13:35:08,875 [INFO]   📡 M3U8 bekleniyor (max 8s)...
2026-05-16 13:35:16,888 [INFO]   ❌ Tivibu Spor 2: M3U8 bulunamadı
2026-05-16 13:35:17,889 [INFO] 
[12/13]
2026-05-16 13:35:17,889 [INFO] 
──────────────────────────────────────────────────
2026-05-16 13:35:17,889 [INFO] 🔍 Tivibu Spor 3 → https://atomsportv503.top/matches?id=tivibu-spor-3
2026-05-16 13:35:17,889 [INFO] ──────────────────────────────────────────────────
2026-05-16 13:35:49,743 [INFO]   📡 M3U8 bekleniyor (max 8s)...
2026-05-16 13:35:57,756 [INFO]   ❌ Tivibu Spor 3: M3U8 bulunamadı
2026-05-16 13:35:58,756 [INFO] 
[13/13]
2026-05-16 13:35:58,757 [INFO] 
──────────────────────────────────────────────────
2026-05-16 13:35:58,757 [INFO] 🔍 Tivibu Spor 4 → https://atomsportv503.top/matches?id=tivibu-spor-4
2026-05-16 13:35:58,757 [INFO] ──────────────────────────────────────────────────
2026-05-16 13:36:30,597 [INFO]   📡 M3U8 bekleniyor (max 8s)...
2026-05-16 13:36:38,610 [INFO]   ❌ Tivibu Spor 4: M3U8 bulunamadı
2026-05-16 13:36:39,675 [INFO] 🔒 Driver kapatıldı
2026-05-16 13:36:39,675 [INFO] 
=======================================================
2026-05-16 13:36:39,675 [INFO] 🏁 Tamamlandı!
2026-05-16 13:36:39,675 [INFO] 📺 Kanal : 2/13
2026-05-16 13:36:39,675 [INFO] ⏱️  Süre  : 517.7s
2026-05-16 13:36:39,675 [INFO] =======================================================
2026-05-16 13:36:39,675 [INFO] ✅ playlist.m3u kaydedildi (proxy prefix'li)
2026-05-16 13:36:39,675 [INFO] ✅ stats.json kaydedildi
