2026-05-31 20:11:41,666 [INFO] 🌐 BASE_URL: https://atomsportv505.top
2026-05-31 20:11:42,720 [INFO] Başlanıyor... 14 kanal taranacak
2026-05-31 20:11:42,720 [INFO] Using default request storage
2026-05-31 20:11:42,723 [INFO] Created proxy listening on 127.0.0.1:46199
2026-05-31 20:11:43,306 [INFO] Capturing request: http://clients2.google.com/time/1/current?cup2key=10:RWgS4v8Yrzcg-x7I9d0gT0to3meox6sgXIlbpsMjDCI&cup2hreq=e3b0c44298fc1c149afbf4c8996fb92427ae41e4649b934ca495991b7852b855
2026-05-31 20:11:43,363 [INFO] 
[1/14]
2026-05-31 20:11:43,364 [INFO] 🔍 beIN Sports 1 → https://atomsportv505.top/matches?id=bein-sports-1
2026-05-31 20:11:43,371 [INFO] Capturing response: http://clients2.google.com/time/1/current?cup2key=10:RWgS4v8Yrzcg-x7I9d0gT0to3meox6sgXIlbpsMjDCI&cup2hreq=e3b0c44298fc1c149afbf4c8996fb92427ae41e4649b934ca495991b7852b855 200 OK
2026-05-31 20:11:43,550 [INFO] Capturing request: https://accounts.google.com/ListAccounts?gpsia=1&source=ChromiumBrowser&json=standard&laf=b64bin
2026-05-31 20:11:43,652 [INFO] Capturing response: https://accounts.google.com/ListAccounts?gpsia=1&source=ChromiumBrowser&json=standard&laf=b64bin 200 
2026-05-31 20:11:43,652 [INFO] Capturing request: https://atomsportv505.top/matches?id=bein-sports-1
2026-05-31 20:11:43,779 [INFO] Capturing response: https://atomsportv505.top/matches?id=bein-sports-1 200 
2026-05-31 20:11:43,927 [INFO] Capturing request: https://atomsportv505.top/assets/js/clappr.js
2026-05-31 20:11:43,945 [INFO] Capturing request: https://www.google.com/async/folae?async=_fmt:pb&udm=50&client_locale=en-US
2026-05-31 20:11:43,969 [INFO] Capturing response: https://www.google.com/async/folae?async=_fmt:pb&udm=50&client_locale=en-US 200 
2026-05-31 20:11:43,979 [INFO] Capturing request: https://cdnjs.cloudflare.com/ajax/libs/jquery/3.2.1/jquery.min.js
2026-05-31 20:11:43,981 [INFO] Capturing response: https://atomsportv505.top/assets/js/clappr.js 200 
2026-05-31 20:11:44,012 [INFO] Capturing response: https://cdnjs.cloudflare.com/ajax/libs/jquery/3.2.1/jquery.min.js 200 
2026-05-31 20:11:44,020 [INFO] Capturing request: https://cdn.jsdelivr.net/npm/@clappr/player@latest/dist/clappr.min.js
2026-05-31 20:11:44,073 [INFO] Capturing response: https://cdn.jsdelivr.net/npm/@clappr/player@latest/dist/clappr.min.js 200 
2026-05-31 20:11:44,206 [INFO] Capturing request: https://static.cloudflareinsights.com/beacon.min.js/v833ccba57c9e4d2798f2e76cebdd09a11778172276447
2026-05-31 20:11:44,238 [INFO] Capturing response: https://static.cloudflareinsights.com/beacon.min.js/v833ccba57c9e4d2798f2e76cebdd09a11778172276447 200 
2026-05-31 20:11:44,290 [INFO] Capturing request: https://atomsportv505.top/cdn-cgi/rum?
2026-05-31 20:11:44,392 [INFO] Capturing request: https://atomsportv505.top/favicon.ico
2026-05-31 20:11:44,413 [INFO] Capturing response: https://atomsportv505.top/cdn-cgi/rum? 204 
2026-05-31 20:11:44,454 [INFO] Capturing request: https://teletv5.top/load/yayinlink.php?id=bein-sports-1
2026-05-31 20:11:44,461 [INFO] Capturing response: https://atomsportv505.top/favicon.ico 200 
2026-05-31 20:11:44,873 [INFO] Capturing response: https://teletv5.top/load/yayinlink.php?id=bein-sports-1 200 
2026-05-31 20:11:45,008 [INFO] Capturing request: https://streamsport365.com/cinema
2026-05-31 20:11:45,346 [INFO] Capturing response: https://streamsport365.com/cinema 200 
2026-05-31 20:11:45,467 [INFO] Capturing request: https://atomsportv505.top/assets/img/player_logo_6880e4e4c52ee.png
2026-05-31 20:11:45,542 [INFO] Capturing response: https://atomsportv505.top/assets/img/player_logo_6880e4e4c52ee.png 200 
2026-05-31 20:11:45,556 [INFO] Capturing request: https://hlssssssssssssssssss.yedeklinksa35.workers.dev/https://corestream.ronaldovurdu.help//trt1/tracks-v1a1/mono.m3u8
2026-05-31 20:11:45,892 [INFO] Capturing response: https://hlssssssssssssssssss.yedeklinksa35.workers.dev/https://corestream.ronaldovurdu.help//trt1/tracks-v1a1/mono.m3u8 200 
2026-05-31 20:11:46,128 [INFO] Capturing request: https://ts.yedeklinksa35.workers.dev/trt1/tracks-v1a1/2026/05/31/20/11/53-06000.avif
2026-05-31 20:11:46,202 [INFO] Capturing request: https://android.clients.google.com/checkin
2026-05-31 20:11:46,339 [INFO] Capturing response: https://android.clients.google.com/checkin 200 
2026-05-31 20:11:46,384 [INFO] Capturing request: https://android.clients.google.com/c2dm/register3
2026-05-31 20:11:46,387 [INFO] Capturing request: https://android.clients.google.com/c2dm/register3
2026-05-31 20:11:46,390 [INFO] Capturing request: https://android.clients.google.com/c2dm/register3
2026-05-31 20:11:46,446 [INFO] Capturing response: https://android.clients.google.com/c2dm/register3 301 
2026-05-31 20:11:47,254 [INFO] Capturing response: https://android.clients.google.com/c2dm/register3 200 
2026-05-31 20:11:47,303 [INFO]   ✅ M3U8 bulundu: https://hlssssssssssssssssss.yedeklinksa35.workers.dev/https://corestream.ronaldovurdu.help//trt1/tracks-v1a1/mono.m3u8
2026-05-31 20:11:47,530 [INFO] Capturing response: https://android.clients.google.com/c2dm/register3 200 
2026-05-31 20:11:47,884 [INFO] Capturing response: https://ts.yedeklinksa35.workers.dev/trt1/tracks-v1a1/2026/05/31/20/11/53-06000.avif 200 
2026-05-31 20:11:48,211 [INFO] Capturing request: https://ts.yedeklinksa35.workers.dev/trt1/tracks-v1a1/2026/05/31/20/11/53-06000.avif
2026-05-31 20:11:48,303 [INFO] 
[2/14]
2026-05-31 20:11:48,303 [INFO] 🔍 beIN Sports 2 → https://atomsportv505.top/matches?id=bein-sports-2
2026-05-31 20:11:48,409 [INFO] Capturing request: https://atomsportv505.top/matches?id=bein-sports-2
2026-05-31 20:11:48,455 [INFO] Capturing response: https://atomsportv505.top/matches?id=bein-sports-2 200 
2026-05-31 20:11:48,463 [INFO] Capturing request: https://atomsportv505.top/cdn-cgi/rum?
2026-05-31 20:11:48,487 [INFO] Capturing request: https://streamsport365.com/cinema
2026-05-31 20:11:48,492 [INFO] Capturing request: https://atomsportv505.top/cdn-cgi/rum?
2026-05-31 20:11:48,588 [INFO] Capturing request: https://teletv5.top/load/yayinlink.php?id=bein-sports-2
2026-05-31 20:11:48,592 [INFO] Capturing request: https://atomsportv505.top/favicon.ico
2026-05-31 20:11:48,605 [INFO] Capturing response: https://atomsportv505.top/cdn-cgi/rum? 204 
2026-05-31 20:11:48,612 [INFO] Capturing response: https://atomsportv505.top/cdn-cgi/rum? 204 
2026-05-31 20:11:48,629 [INFO] Capturing response: https://atomsportv505.top/favicon.ico 200 
2026-05-31 20:11:48,843 [INFO] Capturing response: https://streamsport365.com/cinema 200 
2026-05-31 20:11:49,651 [INFO] Capturing response: https://ts.yedeklinksa35.workers.dev/trt1/tracks-v1a1/2026/05/31/20/11/53-06000.avif 200 
2026-05-31 20:11:51,528 [INFO] Capturing response: https://teletv5.top/load/yayinlink.php?id=bein-sports-2 200 
2026-05-31 20:11:51,642 [INFO] Capturing request: https://hlssssssssssssssssss.yedeklinksa35.workers.dev/https://corestream.ronaldovurdu.help//bein2/tracks-v1a1/mono.m3u8
2026-05-31 20:11:51,848 [INFO] Capturing response: https://hlssssssssssssssssss.yedeklinksa35.workers.dev/https://corestream.ronaldovurdu.help//bein2/tracks-v1a1/mono.m3u8 200 
2026-05-31 20:11:51,954 [INFO] Capturing request: https://ts.yedeklinksa35.workers.dev/bein2/tracks-v1a1/2026/05/31/20/11/39-07400.avif
2026-05-31 20:11:52,709 [INFO] Capturing response: https://ts.yedeklinksa35.workers.dev/bein2/tracks-v1a1/2026/05/31/20/11/39-07400.avif 200 
2026-05-31 20:11:52,850 [INFO] Capturing request: https://ts.yedeklinksa35.workers.dev/bein2/tracks-v1a1/2026/05/31/20/11/46-07320.avif
2026-05-31 20:11:53,703 [INFO] Capturing response: https://ts.yedeklinksa35.workers.dev/bein2/tracks-v1a1/2026/05/31/20/11/46-07320.avif 200 
2026-05-31 20:11:53,889 [INFO] Capturing request: https://ts.yedeklinksa35.workers.dev/bein2/tracks-v1a1/2026/05/31/20/11/53-06480.avif
2026-05-31 20:11:54,543 [INFO] Capturing response: https://ts.yedeklinksa35.workers.dev/bein2/tracks-v1a1/2026/05/31/20/11/53-06480.avif 200 
2026-05-31 20:11:54,717 [INFO] Capturing request: https://ts.yedeklinksa35.workers.dev/bein2/tracks-v1a1/2026/05/31/20/12/00-06000.avif
2026-05-31 20:11:55,494 [INFO] Capturing response: https://ts.yedeklinksa35.workers.dev/bein2/tracks-v1a1/2026/05/31/20/12/00-06000.avif 200 
2026-05-31 20:12:03,641 [INFO] Capturing request: https://hlssssssssssssssssss.yedeklinksa35.workers.dev/https://corestream.ronaldovurdu.help//bein2/tracks-v1a1/mono.m3u8
2026-05-31 20:12:03,881 [INFO] Capturing response: https://hlssssssssssssssssss.yedeklinksa35.workers.dev/https://corestream.ronaldovurdu.help//bein2/tracks-v1a1/mono.m3u8 200 
2026-05-31 20:12:03,986 [INFO] Capturing request: https://ts.yedeklinksa35.workers.dev/bein2/tracks-v1a1/2026/05/31/20/12/06-09320.avif
2026-05-31 20:12:04,857 [INFO] Capturing response: https://ts.yedeklinksa35.workers.dev/bein2/tracks-v1a1/2026/05/31/20/12/06-09320.avif 200 
2026-05-31 20:12:06,635 [INFO]   ✅ M3U8 bulundu: https://hlssssssssssssssssss.yedeklinksa35.workers.dev/https://corestream.ronaldovurdu.help//bein2/tracks-v1a1/mono.m3u8
2026-05-31 20:12:07,635 [INFO] 
[3/14]
2026-05-31 20:12:07,635 [INFO] 🔍 beIN Sports 3 → https://atomsportv505.top/matches?id=bein-sports-3
2026-05-31 20:12:07,743 [INFO] Capturing request: https://atomsportv505.top/matches?id=bein-sports-3
2026-05-31 20:12:07,792 [INFO] Capturing response: https://atomsportv505.top/matches?id=bein-sports-3 200 
2026-05-31 20:12:07,798 [INFO] Capturing request: https://atomsportv505.top/cdn-cgi/rum?
2026-05-31 20:12:07,813 [INFO] Capturing request: https://atomsportv505.top/cdn-cgi/rum?
2026-05-31 20:12:07,915 [INFO] Capturing request: https://teletv5.top/load/yayinlink.php?id=bein-sports-3
2026-05-31 20:12:07,916 [INFO] Capturing request: https://atomsportv505.top/favicon.ico
2026-05-31 20:12:07,930 [INFO] Capturing response: https://atomsportv505.top/cdn-cgi/rum? 204 
2026-05-31 20:12:07,935 [INFO] Capturing response: https://atomsportv505.top/cdn-cgi/rum? 204 
2026-05-31 20:12:07,954 [INFO] Capturing response: https://atomsportv505.top/favicon.ico 200 
2026-05-31 20:12:08,065 [INFO] Capturing request: https://streamsport365.com/cinema
2026-05-31 20:12:08,131 [INFO] Capturing response: https://teletv5.top/load/yayinlink.php?id=bein-sports-3 200 
2026-05-31 20:12:08,426 [INFO] Capturing response: https://streamsport365.com/cinema 200 
2026-05-31 20:12:15,325 [INFO] Capturing request: https://android.clients.google.com/c2dm/register3
2026-05-31 20:12:15,380 [INFO] Capturing response: https://android.clients.google.com/c2dm/register3 301 
2026-05-31 20:12:40,928 [WARNING]   ❌ beIN Sports 3 için M3U8 bulunamadı
2026-05-31 20:12:41,928 [INFO] 
[4/14]
2026-05-31 20:12:41,928 [INFO] 🔍 beIN Sports 4 → https://atomsportv505.top/matches?id=bein-sports-4
2026-05-31 20:12:42,034 [INFO] Capturing request: https://atomsportv505.top/matches?id=bein-sports-4
2026-05-31 20:12:42,747 [INFO] Capturing response: https://atomsportv505.top/matches?id=bein-sports-4 200 
2026-05-31 20:12:42,755 [INFO] Capturing request: https://atomsportv505.top/cdn-cgi/rum?
2026-05-31 20:12:42,770 [INFO] Capturing request: https://atomsportv505.top/cdn-cgi/rum?
2026-05-31 20:12:42,866 [INFO] Capturing request: https://teletv5.top/load/yayinlink.php?id=bein-sports-4
2026-05-31 20:12:42,870 [INFO] Capturing request: https://atomsportv505.top/favicon.ico
2026-05-31 20:12:42,875 [INFO] Capturing response: https://atomsportv505.top/cdn-cgi/rum? 204 
2026-05-31 20:12:42,885 [INFO] Capturing response: https://atomsportv505.top/cdn-cgi/rum? 204 
2026-05-31 20:12:42,908 [INFO] Capturing response: https://atomsportv505.top/favicon.ico 200 
2026-05-31 20:12:43,020 [INFO] Capturing request: https://streamsport365.com/cinema
2026-05-31 20:12:43,087 [INFO] Capturing response: https://teletv5.top/load/yayinlink.php?id=bein-sports-4 200 
2026-05-31 20:12:43,375 [INFO] Capturing request: https://update.googleapis.com/service/update2/json?cup2key=16:u5M-5S_LjSTGZgPG-e0MYCooSJBMFVK8Zx7D8F73i8E&cup2hreq=eaf2526cc1dc1847a6959b17290bb4d600fa6761ca6d09f287ac104469a6099c
2026-05-31 20:12:43,390 [INFO] Capturing response: https://streamsport365.com/cinema 200 
2026-05-31 20:12:43,419 [INFO] Capturing response: https://update.googleapis.com/service/update2/json?cup2key=16:u5M-5S_LjSTGZgPG-e0MYCooSJBMFVK8Zx7D8F73i8E&cup2hreq=eaf2526cc1dc1847a6959b17290bb4d600fa6761ca6d09f287ac104469a6099c 200 
2026-05-31 20:12:43,463 [INFO] Capturing request: http://edgedl.me.gvt1.com/edgedl/release2/chrome_component/admcnmesx7fo4j2vx25fo3lhjz2a_10559/hfnkpimlhhgieaddgfemjhofmfblmnib_10559_all_addiwfngcemuu7hufieo2ilq6y2a.crx3
2026-05-31 20:12:43,491 [INFO] Capturing response: http://edgedl.me.gvt1.com/edgedl/release2/chrome_component/admcnmesx7fo4j2vx25fo3lhjz2a_10559/hfnkpimlhhgieaddgfemjhofmfblmnib_10559_all_addiwfngcemuu7hufieo2ilq6y2a.crx3 200 OK
2026-05-31 20:12:43,508 [INFO] Capturing request: https://update.googleapis.com/service/update2/json
2026-05-31 20:12:43,547 [INFO] Capturing response: https://update.googleapis.com/service/update2/json 200 
2026-05-31 20:12:43,550 [INFO] Capturing request: http://edgedl.me.gvt1.com/edgedl/diffgen-puffin/gcmjkmgdlgnkkcocmoeiminaijmmjnii/71d926df14cb4c89c6f8f88e6c0bfcf6fe1e1a256ca7f8db04002a111af4c5b0
2026-05-31 20:12:43,555 [INFO] Capturing response: http://edgedl.me.gvt1.com/edgedl/diffgen-puffin/gcmjkmgdlgnkkcocmoeiminaijmmjnii/71d926df14cb4c89c6f8f88e6c0bfcf6fe1e1a256ca7f8db04002a111af4c5b0 200 OK
2026-05-31 20:12:43,567 [INFO] Capturing request: https://update.googleapis.com/service/update2/json
2026-05-31 20:12:43,615 [INFO] Capturing response: https://update.googleapis.com/service/update2/json 200 
2026-05-31 20:13:00,578 [INFO] Capturing request: https://android.clients.google.com/c2dm/register3
2026-05-31 20:13:00,633 [INFO] Capturing response: https://android.clients.google.com/c2dm/register3 301 
2026-05-31 20:13:15,890 [WARNING]   ❌ beIN Sports 4 için M3U8 bulunamadı
2026-05-31 20:13:16,890 [INFO] 
[5/14]
2026-05-31 20:13:16,890 [INFO] 🔍 beIN Sports 5 → https://atomsportv505.top/matches?id=bein-sports-5
2026-05-31 20:13:17,031 [INFO] Capturing request: https://atomsportv505.top/matches?id=bein-sports-5
2026-05-31 20:13:17,032 [INFO] Capturing request: https://atomsportv505.top/assets/js/clappr.js
2026-05-31 20:13:17,066 [INFO] Capturing response: https://atomsportv505.top/assets/js/clappr.js 200 
2026-05-31 20:13:17,797 [INFO] Capturing response: https://atomsportv505.top/matches?id=bein-sports-5 200 
2026-05-31 20:13:17,803 [INFO] Capturing request: https://atomsportv505.top/cdn-cgi/rum?
2026-05-31 20:13:17,817 [INFO] Capturing request: https://atomsportv505.top/cdn-cgi/rum?
2026-05-31 20:13:17,919 [INFO] Capturing request: https://atomsportv505.top/favicon.ico
2026-05-31 20:13:17,932 [INFO] Capturing response: https://atomsportv505.top/cdn-cgi/rum? 204 
2026-05-31 20:13:17,939 [INFO] Capturing response: https://atomsportv505.top/cdn-cgi/rum? 204 
2026-05-31 20:13:17,954 [INFO] Capturing request: https://teletv5.top/load/yayinlink.php?id=bein-sports-5
2026-05-31 20:13:17,964 [INFO] Capturing response: https://atomsportv505.top/favicon.ico 200 
2026-05-31 20:13:18,417 [INFO] Capturing response: https://teletv5.top/load/yayinlink.php?id=bein-sports-5 200 
2026-05-31 20:13:18,457 [INFO] Capturing request: https://streamsport365.com/cinema
2026-05-31 20:13:18,796 [INFO] Capturing response: https://streamsport365.com/cinema 200 
2026-05-31 20:13:50,938 [WARNING]   ❌ beIN Sports 5 için M3U8 bulunamadı
2026-05-31 20:13:51,938 [INFO] 
[6/14]
2026-05-31 20:13:51,938 [INFO] 🔍 beIN Sports Max 1 → https://atomsportv505.top/matches?id=bein-sports-max-1
2026-05-31 20:13:52,043 [INFO] Capturing request: https://atomsportv505.top/assets/js/clappr.js
2026-05-31 20:13:52,045 [INFO] Capturing request: https://atomsportv505.top/matches?id=bein-sports-max-1
2026-05-31 20:13:52,070 [INFO] Capturing response: https://atomsportv505.top/assets/js/clappr.js 200 
2026-05-31 20:13:52,431 [INFO] Capturing response: https://atomsportv505.top/matches?id=bein-sports-max-1 200 
2026-05-31 20:13:52,437 [INFO] Capturing request: https://atomsportv505.top/cdn-cgi/rum?
2026-05-31 20:13:52,455 [INFO] Capturing request: https://atomsportv505.top/cdn-cgi/rum?
2026-05-31 20:13:52,553 [INFO] Capturing request: https://teletv5.top/load/yayinlink.php?id=bein-sports-max-1
2026-05-31 20:13:52,555 [INFO] Capturing request: https://atomsportv505.top/favicon.ico
2026-05-31 20:13:52,558 [INFO] Capturing response: https://atomsportv505.top/cdn-cgi/rum? 204 
2026-05-31 20:13:52,594 [INFO] Capturing response: https://atomsportv505.top/favicon.ico 200 
2026-05-31 20:13:52,615 [INFO] Capturing response: https://atomsportv505.top/cdn-cgi/rum? 204 
2026-05-31 20:13:52,698 [INFO] Capturing request: https://streamsport365.com/cinema
2026-05-31 20:13:52,780 [INFO] Capturing response: https://teletv5.top/load/yayinlink.php?id=bein-sports-max-1 200 
2026-05-31 20:13:53,037 [INFO] Capturing response: https://streamsport365.com/cinema 200 
2026-05-31 20:14:22,844 [INFO] Capturing request: https://android.clients.google.com/c2dm/register3
2026-05-31 20:14:22,903 [INFO] Capturing response: https://android.clients.google.com/c2dm/register3 301 
2026-05-31 20:14:25,566 [WARNING]   ❌ beIN Sports Max 1 için M3U8 bulunamadı
2026-05-31 20:14:26,566 [INFO] 
[7/14]
2026-05-31 20:14:26,566 [INFO] 🔍 beIN Sports Max 2 → https://atomsportv505.top/matches?id=bein-sports-max-2
2026-05-31 20:14:26,671 [INFO] Capturing request: https://atomsportv505.top/assets/js/clappr.js
2026-05-31 20:14:26,672 [INFO] Capturing request: https://atomsportv505.top/matches?id=bein-sports-max-2
2026-05-31 20:14:26,697 [INFO] Capturing response: https://atomsportv505.top/assets/js/clappr.js 200 
2026-05-31 20:14:27,102 [INFO] Capturing response: https://atomsportv505.top/matches?id=bein-sports-max-2 200 
2026-05-31 20:14:27,108 [INFO] Capturing request: https://atomsportv505.top/cdn-cgi/rum?
2026-05-31 20:14:27,126 [INFO] Capturing request: https://atomsportv505.top/cdn-cgi/rum?
2026-05-31 20:14:27,226 [INFO] Capturing request: https://teletv5.top/load/yayinlink.php?id=bein-sports-max-2
2026-05-31 20:14:27,229 [INFO] Capturing request: https://atomsportv505.top/favicon.ico
2026-05-31 20:14:27,230 [INFO] Capturing response: https://atomsportv505.top/cdn-cgi/rum? 204 
2026-05-31 20:14:27,274 [INFO] Capturing response: https://atomsportv505.top/favicon.ico 200 
2026-05-31 20:14:27,288 [INFO] Capturing response: https://atomsportv505.top/cdn-cgi/rum? 204 
2026-05-31 20:14:27,367 [INFO] Capturing request: https://streamsport365.com/cinema
2026-05-31 20:14:27,464 [INFO] Capturing response: https://teletv5.top/load/yayinlink.php?id=bein-sports-max-2 200 
2026-05-31 20:14:27,702 [INFO] Capturing response: https://streamsport365.com/cinema 200 
2026-05-31 20:15:00,234 [WARNING]   ❌ beIN Sports Max 2 için M3U8 bulunamadı
2026-05-31 20:15:01,234 [INFO] 
[8/14]
2026-05-31 20:15:01,234 [INFO] 🔍 S Sport → https://atomsportv505.top/matches?id=s-sport
2026-05-31 20:15:01,340 [INFO] Capturing request: https://atomsportv505.top/assets/js/clappr.js
2026-05-31 20:15:01,341 [INFO] Capturing request: https://atomsportv505.top/matches?id=s-sport
2026-05-31 20:15:01,369 [INFO] Capturing response: https://atomsportv505.top/assets/js/clappr.js 200 
2026-05-31 20:15:01,756 [INFO] Capturing response: https://atomsportv505.top/matches?id=s-sport 200 
2026-05-31 20:15:01,761 [INFO] Capturing request: https://atomsportv505.top/cdn-cgi/rum?
2026-05-31 20:15:01,783 [INFO] Capturing request: https://atomsportv505.top/cdn-cgi/rum?
2026-05-31 20:15:01,881 [INFO] Capturing request: https://teletv5.top/load/yayinlink.php?id=s-sport
2026-05-31 20:15:01,883 [INFO] Capturing request: https://atomsportv505.top/favicon.ico
2026-05-31 20:15:01,895 [INFO] Capturing response: https://atomsportv505.top/cdn-cgi/rum? 204 
2026-05-31 20:15:01,902 [INFO] Capturing response: https://atomsportv505.top/cdn-cgi/rum? 204 
2026-05-31 20:15:01,929 [INFO] Capturing response: https://atomsportv505.top/favicon.ico 200 
2026-05-31 20:15:02,021 [INFO] Capturing request: https://streamsport365.com/cinema
2026-05-31 20:15:02,118 [INFO] Capturing response: https://teletv5.top/load/yayinlink.php?id=s-sport 200 
2026-05-31 20:15:02,373 [INFO] Capturing response: https://streamsport365.com/cinema 200 
2026-05-31 20:15:02,528 [INFO] Capturing request: https://hlssssssssssssssssss.yedeklinksa35.workers.dev/https://corestream.ronaldovurdu.help//s-sportt/tracks-v1a1/mono.m3u8
2026-05-31 20:15:02,911 [INFO] Capturing response: https://hlssssssssssssssssss.yedeklinksa35.workers.dev/https://corestream.ronaldovurdu.help//s-sportt/tracks-v1a1/mono.m3u8 200 
2026-05-31 20:15:03,090 [INFO] Capturing request: https://ts.yedeklinksa35.workers.dev/s-sportt/tracks-v1a1/2026/05/31/20/15/30-06040.avif
2026-05-31 20:15:04,085 [INFO] Capturing response: https://ts.yedeklinksa35.workers.dev/s-sportt/tracks-v1a1/2026/05/31/20/15/30-06040.avif 200 
2026-05-31 20:15:04,263 [INFO] Capturing request: https://ts.yedeklinksa35.workers.dev/s-sportt/tracks-v1a1/2026/05/31/20/15/36-05000.avif
2026-05-31 20:15:04,789 [INFO]   ✅ M3U8 bulundu: https://hlssssssssssssssssss.yedeklinksa35.workers.dev/https://corestream.ronaldovurdu.help//s-sportt/tracks-v1a1/mono.m3u8
2026-05-31 20:15:04,810 [INFO] Capturing response: https://ts.yedeklinksa35.workers.dev/s-sportt/tracks-v1a1/2026/05/31/20/15/36-05000.avif 200 
2026-05-31 20:15:04,974 [INFO] Capturing request: https://ts.yedeklinksa35.workers.dev/s-sportt/tracks-v1a1/2026/05/31/20/15/41-05000.avif
2026-05-31 20:15:05,484 [INFO] Capturing response: https://ts.yedeklinksa35.workers.dev/s-sportt/tracks-v1a1/2026/05/31/20/15/41-05000.avif 200 
2026-05-31 20:15:05,645 [INFO] Capturing request: https://ts.yedeklinksa35.workers.dev/s-sportt/tracks-v1a1/2026/05/31/20/15/46-05000.avif
2026-05-31 20:15:05,790 [INFO] 
[9/14]
2026-05-31 20:15:05,790 [INFO] 🔍 S Sport 2 → https://atomsportv505.top/matches?id=s-sport-2
2026-05-31 20:15:05,896 [INFO] Capturing request: https://atomsportv505.top/matches?id=s-sport-2
2026-05-31 20:15:05,896 [INFO] Capturing request: https://atomsportv505.top/assets/js/clappr.js
2026-05-31 20:15:05,976 [INFO] Capturing response: https://atomsportv505.top/assets/js/clappr.js 200 
2026-05-31 20:15:05,980 [INFO] Capturing response: https://atomsportv505.top/matches?id=s-sport-2 200 
2026-05-31 20:15:05,989 [INFO] Capturing request: https://atomsportv505.top/cdn-cgi/rum?
2026-05-31 20:15:06,013 [INFO] Capturing request: https://atomsportv505.top/cdn-cgi/rum?
2026-05-31 20:15:06,014 [INFO] Capturing request: https://streamsport365.com/cinema
2026-05-31 20:15:06,037 [INFO] Capturing response: https://ts.yedeklinksa35.workers.dev/s-sportt/tracks-v1a1/2026/05/31/20/15/46-05000.avif 200 
2026-05-31 20:15:06,110 [INFO] Capturing request: https://teletv5.top/load/yayinlink.php?id=s-sport-2
2026-05-31 20:15:06,117 [INFO] Capturing request: https://atomsportv505.top/favicon.ico
2026-05-31 20:15:06,129 [INFO] Capturing response: https://atomsportv505.top/cdn-cgi/rum? 204 
2026-05-31 20:15:06,135 [INFO] Capturing response: https://atomsportv505.top/cdn-cgi/rum? 204 
2026-05-31 20:15:06,154 [INFO] Capturing response: https://atomsportv505.top/favicon.ico 200 
2026-05-31 20:15:06,347 [INFO] Capturing response: https://teletv5.top/load/yayinlink.php?id=s-sport-2 200 
2026-05-31 20:15:06,357 [INFO] Capturing response: https://streamsport365.com/cinema 200 
2026-05-31 20:15:06,501 [INFO] Capturing request: https://hlssssssssssssssssss.yedeklinksa35.workers.dev/https://corestream.ronaldovurdu.help//s-sport2/tracks-v1a1/mono.m3u8
2026-05-31 20:15:06,737 [INFO] Capturing response: https://hlssssssssssssssssss.yedeklinksa35.workers.dev/https://corestream.ronaldovurdu.help//s-sport2/tracks-v1a1/mono.m3u8 200 
2026-05-31 20:15:06,843 [INFO] Capturing request: https://ts.yedeklinksa35.workers.dev/s-sport2/tracks-v1a1/2026/05/31/20/16/02-06000.avif
2026-05-31 20:15:08,136 [INFO] Capturing response: https://ts.yedeklinksa35.workers.dev/s-sport2/tracks-v1a1/2026/05/31/20/16/02-06000.avif 200 
2026-05-31 20:15:08,350 [INFO] Capturing request: https://ts.yedeklinksa35.workers.dev/s-sport2/tracks-v1a1/2026/05/31/20/16/08-06000.avif
2026-05-31 20:15:09,026 [INFO]   ✅ M3U8 bulundu: https://hlssssssssssssssssss.yedeklinksa35.workers.dev/https://corestream.ronaldovurdu.help//s-sport2/tracks-v1a1/mono.m3u8
2026-05-31 20:15:09,975 [INFO] Capturing response: https://ts.yedeklinksa35.workers.dev/s-sport2/tracks-v1a1/2026/05/31/20/16/08-06000.avif 200 
2026-05-31 20:15:10,026 [INFO] 
[10/14]
2026-05-31 20:15:10,027 [INFO] 🔍 A Spor → https://atomsportv505.top/matches?id=a-spor
2026-05-31 20:15:10,138 [INFO] Capturing request: https://atomsportv505.top/assets/js/clappr.js
2026-05-31 20:15:10,140 [INFO] Capturing request: https://atomsportv505.top/matches?id=a-spor
2026-05-31 20:15:10,163 [INFO] Capturing response: https://atomsportv505.top/assets/js/clappr.js 200 
2026-05-31 20:15:10,221 [INFO] Capturing response: https://atomsportv505.top/matches?id=a-spor 200 
2026-05-31 20:15:10,228 [INFO] Capturing request: https://atomsportv505.top/cdn-cgi/rum?
2026-05-31 20:15:10,250 [INFO] Capturing request: https://atomsportv505.top/cdn-cgi/rum?
2026-05-31 20:15:10,251 [INFO] Capturing request: https://ts.yedeklinksa35.workers.dev/s-sport2/tracks-v1a1/2026/05/31/20/16/14-06000.avif
2026-05-31 20:15:10,341 [INFO] Capturing request: https://teletv5.top/load/yayinlink.php?id=a-spor
2026-05-31 20:15:10,347 [INFO] Capturing request: https://atomsportv505.top/favicon.ico
2026-05-31 20:15:10,350 [INFO] Capturing response: https://atomsportv505.top/cdn-cgi/rum? 204 
2026-05-31 20:15:10,382 [INFO] Capturing response: https://atomsportv505.top/favicon.ico 200 
2026-05-31 20:15:10,411 [INFO] Capturing response: https://atomsportv505.top/cdn-cgi/rum? 204 
2026-05-31 20:15:10,489 [INFO] Capturing request: https://streamsport365.com/cinema
2026-05-31 20:15:10,568 [INFO] Capturing response: https://teletv5.top/load/yayinlink.php?id=a-spor 200 
2026-05-31 20:15:10,829 [INFO] Capturing response: https://streamsport365.com/cinema 200 
2026-05-31 20:15:10,943 [INFO] Capturing request: https://hlssssssssssssssssss.yedeklinksa35.workers.dev/https://corestream.ronaldovurdu.help//aspor/tracks-v1a1/mono.m3u8
2026-05-31 20:15:11,150 [INFO] Capturing response: https://hlssssssssssssssssss.yedeklinksa35.workers.dev/https://corestream.ronaldovurdu.help//aspor/tracks-v1a1/mono.m3u8 404 
2026-05-31 20:15:11,447 [INFO] Capturing response: https://ts.yedeklinksa35.workers.dev/s-sport2/tracks-v1a1/2026/05/31/20/16/14-06000.avif 200 
2026-05-31 20:15:11,473 [INFO] 127.0.0.1:32918: ProtocolException("Error in HTTP connection: Http2ZombieException('Connection or stream already dead: 1780258511.473713, False')")
2026-05-31 20:15:13,264 [INFO]   ✅ M3U8 bulundu: https://hlssssssssssssssssss.yedeklinksa35.workers.dev/https://corestream.ronaldovurdu.help//aspor/tracks-v1a1/mono.m3u8
2026-05-31 20:15:14,264 [INFO] 
[11/14]
2026-05-31 20:15:14,264 [INFO] 🔍 Tivibu Spor 1 → https://atomsportv505.top/matches?id=tivibu-spor-1
2026-05-31 20:15:14,369 [INFO] Capturing request: https://atomsportv505.top/assets/js/clappr.js
2026-05-31 20:15:14,370 [INFO] Capturing request: https://atomsportv505.top/matches?id=tivibu-spor-1
2026-05-31 20:15:14,392 [INFO] Capturing response: https://atomsportv505.top/assets/js/clappr.js 200 
2026-05-31 20:15:14,443 [INFO] Capturing response: https://atomsportv505.top/matches?id=tivibu-spor-1 200 
2026-05-31 20:15:14,450 [INFO] Capturing request: https://atomsportv505.top/cdn-cgi/rum?
2026-05-31 20:15:14,466 [INFO] Capturing request: https://streamsport365.com/cinema
2026-05-31 20:15:14,468 [INFO] Capturing request: https://atomsportv505.top/cdn-cgi/rum?
2026-05-31 20:15:14,568 [INFO] Capturing request: https://teletv5.top/load/yayinlink.php?id=tivibu-spor-1
2026-05-31 20:15:14,569 [INFO] Capturing request: https://atomsportv505.top/favicon.ico
2026-05-31 20:15:14,571 [INFO] Capturing response: https://atomsportv505.top/cdn-cgi/rum? 204 
2026-05-31 20:15:14,601 [INFO] Capturing response: https://atomsportv505.top/favicon.ico 200 
2026-05-31 20:15:14,628 [INFO] Capturing response: https://atomsportv505.top/cdn-cgi/rum? 204 
2026-05-31 20:15:14,790 [INFO] Capturing response: https://teletv5.top/load/yayinlink.php?id=tivibu-spor-1 200 
2026-05-31 20:15:14,809 [INFO] Capturing response: https://streamsport365.com/cinema 200 
2026-05-31 20:15:47,573 [WARNING]   ❌ Tivibu Spor 1 için M3U8 bulunamadı
2026-05-31 20:15:48,573 [INFO] 
[12/14]
2026-05-31 20:15:48,573 [INFO] 🔍 Tivibu Spor 2 → https://atomsportv505.top/matches?id=tivibu-spor-2
2026-05-31 20:15:48,678 [INFO] Capturing request: https://atomsportv505.top/assets/js/clappr.js
2026-05-31 20:15:48,680 [INFO] Capturing request: https://atomsportv505.top/matches?id=tivibu-spor-2
2026-05-31 20:15:48,706 [INFO] Capturing response: https://atomsportv505.top/assets/js/clappr.js 200 
2026-05-31 20:15:49,078 [INFO] Capturing response: https://atomsportv505.top/matches?id=tivibu-spor-2 200 
2026-05-31 20:15:49,083 [INFO] Capturing request: https://atomsportv505.top/cdn-cgi/rum?
2026-05-31 20:15:49,104 [INFO] Capturing request: https://atomsportv505.top/cdn-cgi/rum?
2026-05-31 20:15:49,203 [INFO] Capturing request: https://teletv5.top/load/yayinlink.php?id=tivibu-spor-2
2026-05-31 20:15:49,205 [INFO] Capturing request: https://atomsportv505.top/favicon.ico
2026-05-31 20:15:49,207 [INFO] Capturing response: https://atomsportv505.top/cdn-cgi/rum? 204 
2026-05-31 20:15:49,250 [INFO] Capturing response: https://atomsportv505.top/favicon.ico 200 
2026-05-31 20:15:49,267 [INFO] Capturing response: https://atomsportv505.top/cdn-cgi/rum? 204 
2026-05-31 20:15:49,345 [INFO] Capturing request: https://streamsport365.com/cinema
2026-05-31 20:15:49,436 [INFO] Capturing response: https://teletv5.top/load/yayinlink.php?id=tivibu-spor-2 200 
2026-05-31 20:15:49,690 [INFO] Capturing response: https://streamsport365.com/cinema 200 
2026-05-31 20:16:22,222 [WARNING]   ❌ Tivibu Spor 2 için M3U8 bulunamadı
2026-05-31 20:16:23,222 [INFO] 
[13/14]
2026-05-31 20:16:23,222 [INFO] 🔍 Tivibu Spor 3 → https://atomsportv505.top/matches?id=tivibu-spor-3
2026-05-31 20:16:23,328 [INFO] Capturing request: https://atomsportv505.top/assets/js/clappr.js
2026-05-31 20:16:23,329 [INFO] Capturing request: https://atomsportv505.top/matches?id=tivibu-spor-3
2026-05-31 20:16:23,356 [INFO] Capturing response: https://atomsportv505.top/assets/js/clappr.js 200 
2026-05-31 20:16:23,730 [INFO] Capturing response: https://atomsportv505.top/matches?id=tivibu-spor-3 200 
2026-05-31 20:16:23,736 [INFO] Capturing request: https://atomsportv505.top/cdn-cgi/rum?
2026-05-31 20:16:23,755 [INFO] Capturing request: https://atomsportv505.top/cdn-cgi/rum?
2026-05-31 20:16:23,854 [INFO] Capturing request: https://teletv5.top/load/yayinlink.php?id=tivibu-spor-3
2026-05-31 20:16:23,856 [INFO] Capturing request: https://atomsportv505.top/favicon.ico
2026-05-31 20:16:23,868 [INFO] Capturing response: https://atomsportv505.top/cdn-cgi/rum? 204 
2026-05-31 20:16:23,875 [INFO] Capturing response: https://atomsportv505.top/cdn-cgi/rum? 204 
2026-05-31 20:16:23,896 [INFO] Capturing response: https://atomsportv505.top/favicon.ico 200 
2026-05-31 20:16:23,993 [INFO] Capturing request: https://streamsport365.com/cinema
2026-05-31 20:16:24,082 [INFO] Capturing response: https://teletv5.top/load/yayinlink.php?id=tivibu-spor-3 200 
2026-05-31 20:16:24,344 [INFO] Capturing response: https://streamsport365.com/cinema 200 
2026-05-31 20:16:56,874 [WARNING]   ❌ Tivibu Spor 3 için M3U8 bulunamadı
2026-05-31 20:16:57,875 [INFO] 
[14/14]
2026-05-31 20:16:57,875 [INFO] 🔍 Tivibu Spor 4 → https://atomsportv505.top/matches?id=tivibu-spor-4
2026-05-31 20:16:57,979 [INFO] Capturing request: https://atomsportv505.top/assets/js/clappr.js
2026-05-31 20:16:57,980 [INFO] Capturing request: https://atomsportv505.top/matches?id=tivibu-spor-4
2026-05-31 20:16:58,005 [INFO] Capturing response: https://atomsportv505.top/assets/js/clappr.js 200 
2026-05-31 20:16:58,352 [INFO] Capturing response: https://atomsportv505.top/matches?id=tivibu-spor-4 200 
2026-05-31 20:16:58,357 [INFO] Capturing request: https://atomsportv505.top/cdn-cgi/rum?
2026-05-31 20:16:58,378 [INFO] Capturing request: https://atomsportv505.top/cdn-cgi/rum?
2026-05-31 20:16:58,475 [INFO] Capturing request: https://teletv5.top/load/yayinlink.php?id=tivibu-spor-4
2026-05-31 20:16:58,480 [INFO] Capturing request: https://atomsportv505.top/favicon.ico
2026-05-31 20:16:58,481 [INFO] Capturing response: https://atomsportv505.top/cdn-cgi/rum? 204 
2026-05-31 20:16:58,522 [INFO] Capturing response: https://atomsportv505.top/favicon.ico 200 
2026-05-31 20:16:58,540 [INFO] Capturing response: https://atomsportv505.top/cdn-cgi/rum? 204 
2026-05-31 20:16:58,618 [INFO] Capturing request: https://streamsport365.com/cinema
2026-05-31 20:16:58,703 [INFO] Capturing response: https://teletv5.top/load/yayinlink.php?id=tivibu-spor-4 200 
2026-05-31 20:16:58,961 [INFO] Capturing response: https://streamsport365.com/cinema 200 
2026-05-31 20:17:11,436 [INFO] Capturing request: https://android.clients.google.com/c2dm/register3
2026-05-31 20:17:11,497 [INFO] Capturing response: https://android.clients.google.com/c2dm/register3 301 
2026-05-31 20:17:31,501 [WARNING]   ❌ Tivibu Spor 4 için M3U8 bulunamadı
2026-05-31 20:17:32,557 [INFO] ✅ 5 kanal bulundu, playlist.m3u kaydedildi
