2026-04-19 17:38:44,865 [INFO] 🔎 Domain aralığı taranıyor: atomsportv490.top - atomsportv520.top
2026-04-19 17:38:45,826 [INFO]   ✅ Aktif domain bulundu: https://atomsportv498.top
2026-04-19 17:38:45,828 [INFO] 🌐 Kullanılan BASE_URL: https://atomsportv498.top
2026-04-19 17:38:46,935 [INFO] ✅ SeleniumWire aktif
2026-04-19 17:38:46,936 [INFO] =======================================================
2026-04-19 17:38:46,936 [INFO]    M3U8 Scraper
2026-04-19 17:38:46,936 [INFO]    Base URL : https://atomsportv498.top
2026-04-19 17:38:46,936 [INFO]    Toplam   : 13 sayfa
2026-04-19 17:38:46,937 [INFO] =======================================================
2026-04-19 17:38:46,937 [INFO] 🔧 Driver başlatılıyor...
2026-04-19 17:38:47,662 [INFO] ✅ Driver başlatıldı
2026-04-19 17:38:47,663 [INFO] 
[1/13]
2026-04-19 17:38:47,663 [INFO] 
──────────────────────────────────────────────────
2026-04-19 17:38:47,663 [INFO] 🔍 beIN Sports 1 → https://atomsportv498.top/matches?id=bein-sports-1
2026-04-19 17:38:47,663 [INFO] ──────────────────────────────────────────────────
2026-04-19 17:39:19,867 [INFO]   📡 M3U8 bekleniyor (max 8s)...
2026-04-19 17:39:19,877 [INFO]   🎯 DOĞRU kanal bulundu: https://hlssssssssssss.vipescgidiyom.workers.dev/https://corestream.ronaldovurdu.help//hls/bein-sports-11.m3u8
2026-04-19 17:39:19,878 [INFO]   ✅ beIN Sports 1: https://hlssssssssssss.vipescgidiyom.workers.dev/https://corestream.ronaldovurdu.help//hls/bein-sports-11.m3u8
2026-04-19 17:39:20,878 [INFO] 
[2/13]
2026-04-19 17:39:20,878 [INFO] 
──────────────────────────────────────────────────
2026-04-19 17:39:20,878 [INFO] 🔍 beIN Sports 2 → https://atomsportv498.top/matches?id=bein-sports-2
2026-04-19 17:39:20,878 [INFO] ──────────────────────────────────────────────────
2026-04-19 17:39:53,053 [INFO]   📡 M3U8 bekleniyor (max 8s)...
2026-04-19 17:39:53,067 [INFO]   🎯 DOĞRU kanal bulundu: https://hlssssssssssss.vipescgidiyom.workers.dev/https://corestream.ronaldovurdu.help//hls/bein-sports-2.m3u8
2026-04-19 17:39:53,068 [INFO]   ✅ beIN Sports 2: https://hlssssssssssss.vipescgidiyom.workers.dev/https://corestream.ronaldovurdu.help//hls/bein-sports-2.m3u8
2026-04-19 17:39:54,068 [INFO] 
[3/13]
2026-04-19 17:39:54,069 [INFO] 
──────────────────────────────────────────────────
2026-04-19 17:39:54,069 [INFO] 🔍 beIN Sports 3 → https://atomsportv498.top/matches?id=bein-sports-3
2026-04-19 17:39:54,069 [INFO] ──────────────────────────────────────────────────
2026-04-19 17:40:26,253 [INFO]   📡 M3U8 bekleniyor (max 8s)...
2026-04-19 17:40:26,259 [INFO]   🎯 DOĞRU kanal bulundu: https://hlssssssssssss.vipescgidiyom.workers.dev/https://corestream.ronaldovurdu.help//hls/bein-sports-3.m3u8
2026-04-19 17:40:26,260 [INFO]   ✅ beIN Sports 3: https://hlssssssssssss.vipescgidiyom.workers.dev/https://corestream.ronaldovurdu.help//hls/bein-sports-3.m3u8
2026-04-19 17:40:27,260 [INFO] 
[4/13]
2026-04-19 17:40:27,261 [INFO] 
──────────────────────────────────────────────────
2026-04-19 17:40:27,261 [INFO] 🔍 beIN Sports 4 → https://atomsportv498.top/matches?id=bein-sports-4
2026-04-19 17:40:27,261 [INFO] ──────────────────────────────────────────────────
2026-04-19 17:40:59,209 [INFO]   📡 M3U8 bekleniyor (max 8s)...
2026-04-19 17:40:59,215 [INFO]   🎯 DOĞRU kanal bulundu: https://hlssssssssssss.vipescgidiyom.workers.dev/https://corestream.ronaldovurdu.help//hls/bein-sports-4.m3u8
2026-04-19 17:40:59,216 [INFO]   ✅ beIN Sports 4: https://hlssssssssssss.vipescgidiyom.workers.dev/https://corestream.ronaldovurdu.help//hls/bein-sports-4.m3u8
2026-04-19 17:41:00,217 [INFO] 
[5/13]
2026-04-19 17:41:00,217 [INFO] 
──────────────────────────────────────────────────
2026-04-19 17:41:00,217 [INFO] 🔍 beIN Sports 5 → https://atomsportv498.top/matches?id=bein-sports-5
2026-04-19 17:41:00,217 [INFO] ──────────────────────────────────────────────────
2026-04-19 17:41:32,198 [INFO]   📡 M3U8 bekleniyor (max 8s)...
2026-04-19 17:41:32,208 [INFO]   🎯 DOĞRU kanal bulundu: https://hlssssssssssss.vipescgidiyom.workers.dev/https://corestream.ronaldovurdu.help//hls/bein-sports-5.m3u8
2026-04-19 17:41:32,209 [INFO]   ✅ beIN Sports 5: https://hlssssssssssss.vipescgidiyom.workers.dev/https://corestream.ronaldovurdu.help//hls/bein-sports-5.m3u8
2026-04-19 17:41:33,209 [INFO] 
[6/13]
2026-04-19 17:41:33,209 [INFO] 
──────────────────────────────────────────────────
2026-04-19 17:41:33,210 [INFO] 🔍 beIN Sports Max 1 → https://atomsportv498.top/matches?id=bein-sports-max-1
2026-04-19 17:41:33,210 [INFO] ──────────────────────────────────────────────────
2026-04-19 17:42:05,221 [INFO]   📡 M3U8 bekleniyor (max 8s)...
2026-04-19 17:42:05,231 [INFO]   🎯 DOĞRU kanal bulundu: https://hlssssssssssss.vipescgidiyom.workers.dev/https://corestream.ronaldovurdu.help//hls/bein-sports-max-1.m3u8
2026-04-19 17:42:05,232 [INFO]   ✅ beIN Sports Max 1: https://hlssssssssssss.vipescgidiyom.workers.dev/https://corestream.ronaldovurdu.help//hls/bein-sports-max-1.m3u8
2026-04-19 17:42:06,232 [INFO] 
[7/13]
2026-04-19 17:42:06,232 [INFO] 
──────────────────────────────────────────────────
2026-04-19 17:42:06,232 [INFO] 🔍 beIN Sports Max 2 → https://atomsportv498.top/matches?id=bein-sports-max-2
2026-04-19 17:42:06,233 [INFO] ──────────────────────────────────────────────────
2026-04-19 17:42:38,179 [INFO]   📡 M3U8 bekleniyor (max 8s)...
2026-04-19 17:42:38,187 [INFO]   🎯 DOĞRU kanal bulundu: https://hlssssssssssss.vipescgidiyom.workers.dev/https://corestream.ronaldovurdu.help//hls/bein-sports-max-2.m3u8
2026-04-19 17:42:38,188 [INFO]   ✅ beIN Sports Max 2: https://hlssssssssssss.vipescgidiyom.workers.dev/https://corestream.ronaldovurdu.help//hls/bein-sports-max-2.m3u8
2026-04-19 17:42:39,188 [INFO] 
[8/13]
2026-04-19 17:42:39,188 [INFO] 
──────────────────────────────────────────────────
2026-04-19 17:42:39,188 [INFO] 🔍 S Sport → https://atomsportv498.top/matches?id=s-sport
2026-04-19 17:42:39,188 [INFO] ──────────────────────────────────────────────────
2026-04-19 17:43:11,152 [INFO]   📡 M3U8 bekleniyor (max 8s)...
2026-04-19 17:43:11,164 [INFO]   🎯 DOĞRU kanal bulundu: https://hlssssssssssss.vipescgidiyom.workers.dev/https://corestream.ronaldovurdu.help//hls/s-sport.m3u8
2026-04-19 17:43:11,165 [INFO]   ✅ S Sport: https://hlssssssssssss.vipescgidiyom.workers.dev/https://corestream.ronaldovurdu.help//hls/s-sport.m3u8
2026-04-19 17:43:12,165 [INFO] 
[9/13]
2026-04-19 17:43:12,166 [INFO] 
──────────────────────────────────────────────────
2026-04-19 17:43:12,166 [INFO] 🔍 S Sport 2 → https://atomsportv498.top/matches?id=s-sport-2
2026-04-19 17:43:12,166 [INFO] ──────────────────────────────────────────────────
2026-04-19 17:43:44,217 [INFO]   📡 M3U8 bekleniyor (max 8s)...
2026-04-19 17:43:44,227 [INFO]   🎯 DOĞRU kanal bulundu: https://hlssssssssssss.vipescgidiyom.workers.dev/https://corestream.ronaldovurdu.help//hls/s-sport-2.m3u8
2026-04-19 17:43:44,228 [INFO]   ✅ S Sport 2: https://hlssssssssssss.vipescgidiyom.workers.dev/https://corestream.ronaldovurdu.help//hls/s-sport-2.m3u8
2026-04-19 17:43:45,228 [INFO] 
[10/13]
2026-04-19 17:43:45,228 [INFO] 
──────────────────────────────────────────────────
2026-04-19 17:43:45,228 [INFO] 🔍 Tivibu Spor 1 → https://atomsportv498.top/matches?id=tivibu-spor-1
2026-04-19 17:43:45,229 [INFO] ──────────────────────────────────────────────────
2026-04-19 17:44:17,192 [INFO]   📡 M3U8 bekleniyor (max 8s)...
2026-04-19 17:44:25,208 [INFO]   ❌ Tivibu Spor 1: M3U8 bulunamadı
2026-04-19 17:44:26,208 [INFO] 
[11/13]
2026-04-19 17:44:26,209 [INFO] 
──────────────────────────────────────────────────
2026-04-19 17:44:26,209 [INFO] 🔍 Tivibu Spor 2 → https://atomsportv498.top/matches?id=tivibu-spor-2
2026-04-19 17:44:26,209 [INFO] ──────────────────────────────────────────────────
2026-04-19 17:44:58,120 [INFO]   📡 M3U8 bekleniyor (max 8s)...
2026-04-19 17:45:06,131 [INFO]   ❌ Tivibu Spor 2: M3U8 bulunamadı
2026-04-19 17:45:07,131 [INFO] 
[12/13]
2026-04-19 17:45:07,132 [INFO] 
──────────────────────────────────────────────────
2026-04-19 17:45:07,132 [INFO] 🔍 Tivibu Spor 3 → https://atomsportv498.top/matches?id=tivibu-spor-3
2026-04-19 17:45:07,132 [INFO] ──────────────────────────────────────────────────
2026-04-19 17:45:39,040 [INFO]   📡 M3U8 bekleniyor (max 8s)...
2026-04-19 17:45:47,050 [INFO]   ❌ Tivibu Spor 3: M3U8 bulunamadı
2026-04-19 17:45:48,050 [INFO] 
[13/13]
2026-04-19 17:45:48,051 [INFO] 
──────────────────────────────────────────────────
2026-04-19 17:45:48,051 [INFO] 🔍 Tivibu Spor 4 → https://atomsportv498.top/matches?id=tivibu-spor-4
2026-04-19 17:45:48,051 [INFO] ──────────────────────────────────────────────────
2026-04-19 17:46:19,759 [INFO]   📡 M3U8 bekleniyor (max 8s)...
2026-04-19 17:46:27,770 [INFO]   ❌ Tivibu Spor 4: M3U8 bulunamadı
2026-04-19 17:46:28,834 [INFO] 🔒 Driver kapatıldı
2026-04-19 17:46:28,834 [INFO] 
=======================================================
2026-04-19 17:46:28,834 [INFO] 🏁 Tamamlandı!
2026-04-19 17:46:28,834 [INFO] 📺 Kanal : 9/13
2026-04-19 17:46:28,834 [INFO] ⏱️  Süre  : 461.9s
2026-04-19 17:46:28,834 [INFO] =======================================================
2026-04-19 17:46:28,835 [INFO] ✅ playlist.m3u kaydedildi
2026-04-19 17:46:28,835 [INFO] ✅ stats.json kaydedildi
