2026-07-17 00:04:54,830 [INFO] 🌐 BASE_URL: https://atomsportv510.top
2026-07-17 00:04:56,117 [INFO] Başlanıyor... 14 kanal taranacak
2026-07-17 00:04:56,117 [INFO] Using default request storage
2026-07-17 00:04:56,122 [INFO] Created proxy listening on 127.0.0.1:33207
2026-07-17 00:04:56,812 [INFO] Capturing request: http://clients2.google.com/time/1/current?cup2key=10:guUily4kcT08IVVf57KfHW2uAihOzP_9TcmXk16-KHE&cup2hreq=e3b0c44298fc1c149afbf4c8996fb92427ae41e4649b934ca495991b7852b855
2026-07-17 00:04:56,850 [INFO] Capturing response: http://clients2.google.com/time/1/current?cup2key=10:guUily4kcT08IVVf57KfHW2uAihOzP_9TcmXk16-KHE&cup2hreq=e3b0c44298fc1c149afbf4c8996fb92427ae41e4649b934ca495991b7852b855 200 OK
2026-07-17 00:04:57,048 [INFO] 
[1/14]
2026-07-17 00:04:57,048 [INFO] 🔍 beIN Sports 1 → https://atomsportv510.top/matches?id=bein-sports-1
2026-07-17 00:04:57,277 [INFO] Capturing request: https://accounts.google.com/ListAccounts?gpsia=1&source=ChromiumBrowser&json=standard&laf=b64bin
2026-07-17 00:04:57,280 [INFO] Capturing request: https://update.googleapis.com/service/update2/json?cup2key=16:RbOvKutwHBM7I9egjXqWbmg8JhnqHySO7NEHvpDTZE0&cup2hreq=687e32e6bcbbdf4dc0cc7386b022195b2018e3a98f4f1f7a1f6ab3059bf13c1d
2026-07-17 00:04:57,316 [INFO] Capturing response: https://update.googleapis.com/service/update2/json?cup2key=16:RbOvKutwHBM7I9egjXqWbmg8JhnqHySO7NEHvpDTZE0&cup2hreq=687e32e6bcbbdf4dc0cc7386b022195b2018e3a98f4f1f7a1f6ab3059bf13c1d 200 
2026-07-17 00:04:57,320 [INFO] Capturing response: https://accounts.google.com/ListAccounts?gpsia=1&source=ChromiumBrowser&json=standard&laf=b64bin 200 
2026-07-17 00:04:57,364 [INFO] Capturing request: https://update.googleapis.com/service/update2/json?cup2key=16:FuUaOMD4Zk3bQkOvyAeUzO__iHppJG6B8KZBVmfop-Y&cup2hreq=853c9023fe8ddc51f2831c209d8050dfb98f70d9695a4d82cfa9da5ca8ca4aed
2026-07-17 00:04:57,369 [INFO] Capturing request: https://www.google.com/async/folae?async=_fmt:pb&udm=50&client_locale=en-US&client_country=ZZ
2026-07-17 00:04:57,370 [INFO] Capturing request: https://atomsportv510.top/matches?id=bein-sports-1
2026-07-17 00:04:57,391 [INFO] Capturing response: https://update.googleapis.com/service/update2/json?cup2key=16:FuUaOMD4Zk3bQkOvyAeUzO__iHppJG6B8KZBVmfop-Y&cup2hreq=853c9023fe8ddc51f2831c209d8050dfb98f70d9695a4d82cfa9da5ca8ca4aed 200 
2026-07-17 00:04:57,394 [INFO] Capturing response: https://www.google.com/async/folae?async=_fmt:pb&udm=50&client_locale=en-US&client_country=ZZ 200 
2026-07-17 00:04:57,427 [INFO] Capturing response: https://atomsportv510.top/matches?id=bein-sports-1 200 
2026-07-17 00:04:57,458 [INFO] Capturing request: https://update.googleapis.com/service/update2/json?cup2key=16:qASzttXRGfnSYBXGwjwqOSPsnOt5w7qE6iYvdgG5Xjw&cup2hreq=1468393c97479d2270161bf281163999310cb13d069214518ed5c318edbd2ec7
2026-07-17 00:04:57,488 [INFO] Capturing response: https://update.googleapis.com/service/update2/json?cup2key=16:qASzttXRGfnSYBXGwjwqOSPsnOt5w7qE6iYvdgG5Xjw&cup2hreq=1468393c97479d2270161bf281163999310cb13d069214518ed5c318edbd2ec7 200 
2026-07-17 00:04:57,566 [INFO] Capturing request: https://www.google.com/async/folae?async=_fmt:pb&udm=50&client_locale=en-US&client_country=ZZ
2026-07-17 00:04:57,580 [INFO] Capturing request: https://atomsportv510.top/assets/js/clappr.js
2026-07-17 00:04:57,587 [INFO] Capturing response: https://www.google.com/async/folae?async=_fmt:pb&udm=50&client_locale=en-US&client_country=ZZ 200 
2026-07-17 00:04:57,633 [INFO] Capturing response: https://atomsportv510.top/assets/js/clappr.js 200 
2026-07-17 00:04:57,636 [INFO] Capturing request: https://cdnjs.cloudflare.com/ajax/libs/jquery/3.2.1/jquery.min.js
2026-07-17 00:04:57,638 [INFO] Capturing request: https://cdn.jsdelivr.net/npm/@clappr/player@latest/dist/clappr.min.js
2026-07-17 00:04:57,668 [INFO] Capturing response: https://cdn.jsdelivr.net/npm/@clappr/player@latest/dist/clappr.min.js 200 
2026-07-17 00:04:57,718 [INFO] Capturing response: https://cdnjs.cloudflare.com/ajax/libs/jquery/3.2.1/jquery.min.js 200 
2026-07-17 00:04:57,885 [INFO] Capturing request: https://atomsportv510.top/favicon.ico
2026-07-17 00:04:57,957 [INFO] Capturing response: https://atomsportv510.top/favicon.ico 200 
2026-07-17 00:04:58,189 [INFO] Capturing request: https://teletv5.top/load/yayinlink.php?id=bein-sports-1
2026-07-17 00:04:58,392 [INFO] Capturing request: https://streamsport365.com/cinema
2026-07-17 00:04:58,518 [INFO] Capturing response: https://teletv5.top/load/yayinlink.php?id=bein-sports-1 200 
2026-07-17 00:04:58,645 [INFO] Capturing response: https://streamsport365.com/cinema 200 
2026-07-17 00:04:58,776 [INFO] Capturing request: https://atomsportv510.top/assets/img/player_logo_6880e4e4c52ee.png
2026-07-17 00:04:58,830 [INFO] Capturing response: https://atomsportv510.top/assets/img/player_logo_6880e4e4c52ee.png 200 
2026-07-17 00:04:58,853 [INFO] Capturing request: https://hlsssssssssssss.edaesra.workers.dev/https://corestream.macsitesi.help//trtspor/tracks-v1a1/mono.m3u8
2026-07-17 00:04:59,033 [INFO] Capturing response: https://hlsssssssssssss.edaesra.workers.dev/https://corestream.macsitesi.help//trtspor/tracks-v1a1/mono.m3u8 200 
2026-07-17 00:04:59,242 [INFO] Capturing request: https://securmar.edaesra.workers.dev/trtspor/tracks-v1a1/2026/07/17/00/05/32-06000.avif
2026-07-17 00:04:59,672 [INFO] Capturing response: https://securmar.edaesra.workers.dev/trtspor/tracks-v1a1/2026/07/17/00/05/32-06000.avif 200 
2026-07-17 00:04:59,702 [INFO] Capturing request: https://android.clients.google.com/checkin
2026-07-17 00:04:59,794 [INFO] Capturing response: https://android.clients.google.com/checkin 200 
2026-07-17 00:04:59,851 [INFO] Capturing request: https://android.clients.google.com/c2dm/register3
2026-07-17 00:04:59,859 [INFO] Capturing request: https://android.clients.google.com/c2dm/register3
2026-07-17 00:04:59,860 [INFO] Capturing request: https://android.clients.google.com/c2dm/register3
2026-07-17 00:04:59,906 [INFO] Capturing response: https://android.clients.google.com/c2dm/register3 200 
2026-07-17 00:04:59,915 [INFO] Capturing response: https://android.clients.google.com/c2dm/register3 200 
2026-07-17 00:04:59,929 [INFO] Capturing response: https://android.clients.google.com/c2dm/register3 200 
2026-07-17 00:04:59,959 [INFO] Capturing request: https://securmar.edaesra.workers.dev/trtspor/tracks-v1a1/2026/07/17/00/05/38-06000.avif
2026-07-17 00:05:00,383 [INFO] Capturing response: https://securmar.edaesra.workers.dev/trtspor/tracks-v1a1/2026/07/17/00/05/38-06000.avif 200 
2026-07-17 00:05:00,616 [INFO] Capturing request: https://securmar.edaesra.workers.dev/trtspor/tracks-v1a1/2026/07/17/00/05/44-06000.avif
2026-07-17 00:05:00,892 [INFO]   ✅ M3U8 bulundu: https://hlsssssssssssss.edaesra.workers.dev/https://corestream.macsitesi.help//trtspor/tracks-v1a1/mono.m3u8
2026-07-17 00:05:01,053 [INFO] Capturing response: https://securmar.edaesra.workers.dev/trtspor/tracks-v1a1/2026/07/17/00/05/44-06000.avif 200 
2026-07-17 00:05:01,893 [INFO] 
[2/14]
2026-07-17 00:05:01,893 [INFO] 🔍 beIN Sports 2 → https://atomsportv510.top/matches?id=bein-sports-2
2026-07-17 00:05:02,007 [INFO] Capturing request: https://atomsportv510.top/matches?id=bein-sports-2
2026-07-17 00:05:02,040 [INFO] Capturing response: https://atomsportv510.top/matches?id=bein-sports-2 200 
2026-07-17 00:05:02,091 [INFO] Capturing request: https://streamsport365.com/cinema
2026-07-17 00:05:02,188 [INFO] Capturing request: https://teletv5.top/load/yayinlink.php?id=bein-sports-2
2026-07-17 00:05:02,191 [INFO] Capturing request: https://atomsportv510.top/favicon.ico
2026-07-17 00:05:02,223 [INFO] Capturing response: https://atomsportv510.top/favicon.ico 200 
2026-07-17 00:05:02,340 [INFO] Capturing response: https://streamsport365.com/cinema 200 
2026-07-17 00:05:02,357 [INFO] Capturing response: https://teletv5.top/load/yayinlink.php?id=bein-sports-2 200 
2026-07-17 00:05:02,478 [INFO] Capturing request: https://hlsssssssssssss.edaesra.workers.dev/https://corestream.macsitesi.help//bein2/tracks-v1a1/mono.m3u8
2026-07-17 00:05:02,600 [INFO] Capturing response: https://hlsssssssssssss.edaesra.workers.dev/https://corestream.macsitesi.help//bein2/tracks-v1a1/mono.m3u8 404 
2026-07-17 00:05:05,109 [INFO]   ✅ M3U8 bulundu: https://hlsssssssssssss.edaesra.workers.dev/https://corestream.macsitesi.help//bein2/tracks-v1a1/mono.m3u8
2026-07-17 00:05:06,109 [INFO] 
[3/14]
2026-07-17 00:05:06,109 [INFO] 🔍 beIN Sports 3 → https://atomsportv510.top/matches?id=bein-sports-3
2026-07-17 00:05:06,219 [INFO] Capturing request: https://atomsportv510.top/assets/js/clappr.js
2026-07-17 00:05:06,220 [INFO] Capturing request: https://atomsportv510.top/matches?id=bein-sports-3
2026-07-17 00:05:06,244 [INFO] Capturing response: https://atomsportv510.top/assets/js/clappr.js 200 
2026-07-17 00:05:06,274 [INFO] Capturing response: https://atomsportv510.top/matches?id=bein-sports-3 200 
2026-07-17 00:05:06,410 [INFO] Capturing request: https://teletv5.top/load/yayinlink.php?id=bein-sports-3
2026-07-17 00:05:06,413 [INFO] Capturing request: https://atomsportv510.top/favicon.ico
2026-07-17 00:05:06,451 [INFO] Capturing response: https://atomsportv510.top/favicon.ico 200 
2026-07-17 00:05:06,508 [INFO] Capturing request: https://streamsport365.com/cinema
2026-07-17 00:05:06,698 [INFO] Capturing response: https://teletv5.top/load/yayinlink.php?id=bein-sports-3 200 
2026-07-17 00:05:06,756 [INFO] Capturing response: https://streamsport365.com/cinema 200 
2026-07-17 00:05:06,873 [INFO] Capturing request: https://hlsssssssssssss.edaesra.workers.dev/https://corestream.macsitesi.help//trtspor/tracks-v1a1/mono.m3u8
2026-07-17 00:05:06,999 [INFO] Capturing response: https://hlsssssssssssss.edaesra.workers.dev/https://corestream.macsitesi.help//trtspor/tracks-v1a1/mono.m3u8 200 
2026-07-17 00:05:07,109 [INFO] Capturing request: https://securmar.edaesra.workers.dev/trtspor/tracks-v1a1/2026/07/17/00/05/44-06000.avif
2026-07-17 00:05:07,375 [INFO] Capturing response: https://securmar.edaesra.workers.dev/trtspor/tracks-v1a1/2026/07/17/00/05/44-06000.avif 200 
2026-07-17 00:05:07,640 [INFO] Capturing request: https://securmar.edaesra.workers.dev/trtspor/tracks-v1a1/2026/07/17/00/05/50-06000.avif
2026-07-17 00:05:08,207 [INFO] Capturing response: https://securmar.edaesra.workers.dev/trtspor/tracks-v1a1/2026/07/17/00/05/50-06000.avif 200 
2026-07-17 00:05:08,475 [INFO] Capturing request: https://securmar.edaesra.workers.dev/trtspor/tracks-v1a1/2026/07/17/00/05/56-06000.avif
2026-07-17 00:05:08,908 [INFO] Capturing response: https://securmar.edaesra.workers.dev/trtspor/tracks-v1a1/2026/07/17/00/05/56-06000.avif 200 
2026-07-17 00:05:09,331 [INFO]   ✅ M3U8 bulundu: https://hlsssssssssssss.edaesra.workers.dev/https://corestream.macsitesi.help//trtspor/tracks-v1a1/mono.m3u8
2026-07-17 00:05:10,332 [INFO] 
[4/14]
2026-07-17 00:05:10,332 [INFO] 🔍 beIN Sports 4 → https://atomsportv510.top/matches?id=bein-sports-4
2026-07-17 00:05:10,445 [INFO] Capturing request: https://atomsportv510.top/assets/js/clappr.js
2026-07-17 00:05:10,446 [INFO] Capturing request: https://atomsportv510.top/matches?id=bein-sports-4
2026-07-17 00:05:10,469 [INFO] Capturing response: https://atomsportv510.top/assets/js/clappr.js 200 
2026-07-17 00:05:10,502 [INFO] Capturing response: https://atomsportv510.top/matches?id=bein-sports-4 200 
2026-07-17 00:05:10,563 [INFO] Capturing request: https://streamsport365.com/cinema
2026-07-17 00:05:10,663 [INFO] Capturing request: https://teletv5.top/load/yayinlink.php?id=bein-sports-4
2026-07-17 00:05:10,665 [INFO] Capturing request: https://atomsportv510.top/favicon.ico
2026-07-17 00:05:10,705 [INFO] Capturing response: https://atomsportv510.top/favicon.ico 200 
2026-07-17 00:05:10,817 [INFO] Capturing response: https://streamsport365.com/cinema 200 
2026-07-17 00:05:10,822 [INFO] Capturing response: https://teletv5.top/load/yayinlink.php?id=bein-sports-4 200 
2026-07-17 00:05:10,986 [INFO] Capturing request: https://hlsssssssssssss.edaesra.workers.dev/https://corestream.macsitesi.help//bein2/tracks-v1a1/mono.m3u8
2026-07-17 00:05:11,109 [INFO] Capturing response: https://hlsssssssssssss.edaesra.workers.dev/https://corestream.macsitesi.help//bein2/tracks-v1a1/mono.m3u8 404 
2026-07-17 00:05:13,576 [INFO]   ✅ M3U8 bulundu: https://hlsssssssssssss.edaesra.workers.dev/https://corestream.macsitesi.help//bein2/tracks-v1a1/mono.m3u8
2026-07-17 00:05:14,576 [INFO] 
[5/14]
2026-07-17 00:05:14,576 [INFO] 🔍 beIN Sports 5 → https://atomsportv510.top/matches?id=bein-sports-5
2026-07-17 00:05:14,685 [INFO] Capturing request: https://atomsportv510.top/assets/js/clappr.js
2026-07-17 00:05:14,687 [INFO] Capturing request: https://atomsportv510.top/matches?id=bein-sports-5
2026-07-17 00:05:14,704 [INFO] Capturing response: https://atomsportv510.top/assets/js/clappr.js 200 
2026-07-17 00:05:14,737 [INFO] Capturing response: https://atomsportv510.top/matches?id=bein-sports-5 200 
2026-07-17 00:05:14,864 [INFO] Capturing request: https://teletv5.top/load/yayinlink.php?id=bein-sports-5
2026-07-17 00:05:14,865 [INFO] Capturing request: https://atomsportv510.top/favicon.ico
2026-07-17 00:05:14,896 [INFO] Capturing response: https://atomsportv510.top/favicon.ico 200 
2026-07-17 00:05:14,961 [INFO] Capturing request: https://streamsport365.com/cinema
2026-07-17 00:05:15,023 [INFO] Capturing response: https://teletv5.top/load/yayinlink.php?id=bein-sports-5 200 
2026-07-17 00:05:15,220 [INFO] Capturing response: https://streamsport365.com/cinema 200 
2026-07-17 00:05:15,339 [INFO] Capturing request: https://hlsssssssssssss.edaesra.workers.dev/https://corestream.macsitesi.help//bein2/tracks-v1a1/mono.m3u8
2026-07-17 00:05:15,465 [INFO] Capturing response: https://hlsssssssssssss.edaesra.workers.dev/https://corestream.macsitesi.help//bein2/tracks-v1a1/mono.m3u8 404 
2026-07-17 00:05:17,774 [INFO]   ✅ M3U8 bulundu: https://hlsssssssssssss.edaesra.workers.dev/https://corestream.macsitesi.help//bein2/tracks-v1a1/mono.m3u8
2026-07-17 00:05:18,775 [INFO] 
[6/14]
2026-07-17 00:05:18,775 [INFO] 🔍 beIN Sports Max 1 → https://atomsportv510.top/matches?id=bein-sports-max-1
2026-07-17 00:05:18,883 [INFO] Capturing request: https://atomsportv510.top/assets/js/clappr.js
2026-07-17 00:05:18,884 [INFO] Capturing request: https://atomsportv510.top/matches?id=bein-sports-max-1
2026-07-17 00:05:18,908 [INFO] Capturing response: https://atomsportv510.top/assets/js/clappr.js 200 
2026-07-17 00:05:18,935 [INFO] Capturing response: https://atomsportv510.top/matches?id=bein-sports-max-1 200 
2026-07-17 00:05:18,994 [INFO] Capturing request: https://streamsport365.com/cinema
2026-07-17 00:05:19,094 [INFO] Capturing request: https://teletv5.top/load/yayinlink.php?id=bein-sports-max-1
2026-07-17 00:05:19,094 [INFO] Capturing request: https://atomsportv510.top/favicon.ico
2026-07-17 00:05:19,128 [INFO] Capturing response: https://atomsportv510.top/favicon.ico 200 
2026-07-17 00:05:19,243 [INFO] Capturing response: https://streamsport365.com/cinema 200 
2026-07-17 00:05:19,255 [INFO] Capturing response: https://teletv5.top/load/yayinlink.php?id=bein-sports-max-1 200 
2026-07-17 00:05:19,414 [INFO] Capturing request: https://hlsssssssssssss.edaesra.workers.dev/https://corestream.macsitesi.help//trtspor/tracks-v1a1/mono.m3u8
2026-07-17 00:05:19,539 [INFO] Capturing response: https://hlsssssssssssss.edaesra.workers.dev/https://corestream.macsitesi.help//trtspor/tracks-v1a1/mono.m3u8 200 
2026-07-17 00:05:19,688 [INFO] Capturing request: https://securmar.edaesra.workers.dev/trtspor/tracks-v1a1/2026/07/17/00/05/50-06000.avif
2026-07-17 00:05:20,119 [INFO] Capturing response: https://securmar.edaesra.workers.dev/trtspor/tracks-v1a1/2026/07/17/00/05/50-06000.avif 200 
2026-07-17 00:05:20,141 [INFO] Capturing request: https://android.clients.google.com/c2dm/register3
2026-07-17 00:05:20,396 [INFO] Capturing request: https://securmar.edaesra.workers.dev/trtspor/tracks-v1a1/2026/07/17/00/05/56-06000.avif
2026-07-17 00:05:20,654 [INFO] Capturing response: https://android.clients.google.com/c2dm/register3 200 
2026-07-17 00:05:20,696 [INFO] Capturing response: https://securmar.edaesra.workers.dev/trtspor/tracks-v1a1/2026/07/17/00/05/56-06000.avif 200 
2026-07-17 00:05:20,956 [INFO] Capturing request: https://securmar.edaesra.workers.dev/trtspor/tracks-v1a1/2026/07/17/00/06/02-06000.avif
2026-07-17 00:05:21,294 [INFO] Capturing response: https://securmar.edaesra.workers.dev/trtspor/tracks-v1a1/2026/07/17/00/06/02-06000.avif 200 
2026-07-17 00:05:22,010 [INFO]   ✅ M3U8 bulundu: https://hlsssssssssssss.edaesra.workers.dev/https://corestream.macsitesi.help//trtspor/tracks-v1a1/mono.m3u8
2026-07-17 00:05:23,010 [INFO] 
[7/14]
2026-07-17 00:05:23,010 [INFO] 🔍 beIN Sports Max 2 → https://atomsportv510.top/matches?id=bein-sports-max-2
2026-07-17 00:05:23,123 [INFO] Capturing request: https://atomsportv510.top/assets/js/clappr.js
2026-07-17 00:05:23,124 [INFO] Capturing request: https://atomsportv510.top/matches?id=bein-sports-max-2
2026-07-17 00:05:23,142 [INFO] Capturing response: https://atomsportv510.top/assets/js/clappr.js 200 
2026-07-17 00:05:23,180 [INFO] Capturing response: https://atomsportv510.top/matches?id=bein-sports-max-2 200 
2026-07-17 00:05:23,314 [INFO] Capturing request: https://teletv5.top/load/yayinlink.php?id=bein-sports-max-2
2026-07-17 00:05:23,316 [INFO] Capturing request: https://atomsportv510.top/favicon.ico
2026-07-17 00:05:23,349 [INFO] Capturing response: https://atomsportv510.top/favicon.ico 200 
2026-07-17 00:05:23,413 [INFO] Capturing request: https://streamsport365.com/cinema
2026-07-17 00:05:23,474 [INFO] Capturing response: https://teletv5.top/load/yayinlink.php?id=bein-sports-max-2 200 
2026-07-17 00:05:23,659 [INFO] Capturing response: https://streamsport365.com/cinema 200 
2026-07-17 00:05:23,779 [INFO] Capturing request: https://hlsssssssssssss.edaesra.workers.dev/https://corestream.macsitesi.help//trtspor/tracks-v1a1/mono.m3u8
2026-07-17 00:05:23,905 [INFO] Capturing response: https://hlsssssssssssss.edaesra.workers.dev/https://corestream.macsitesi.help//trtspor/tracks-v1a1/mono.m3u8 200 
2026-07-17 00:05:24,013 [INFO] Capturing request: https://securmar.edaesra.workers.dev/trtspor/tracks-v1a1/2026/07/17/00/05/56-06000.avif
2026-07-17 00:05:24,301 [INFO] Capturing response: https://securmar.edaesra.workers.dev/trtspor/tracks-v1a1/2026/07/17/00/05/56-06000.avif 200 
2026-07-17 00:05:24,541 [INFO] Capturing request: https://securmar.edaesra.workers.dev/trtspor/tracks-v1a1/2026/07/17/00/06/02-06000.avif
2026-07-17 00:05:24,781 [INFO] Capturing response: https://securmar.edaesra.workers.dev/trtspor/tracks-v1a1/2026/07/17/00/06/02-06000.avif 200 
2026-07-17 00:05:25,016 [INFO] Capturing request: https://securmar.edaesra.workers.dev/trtspor/tracks-v1a1/2026/07/17/00/06/08-06000.avif
2026-07-17 00:05:25,482 [INFO] Capturing response: https://securmar.edaesra.workers.dev/trtspor/tracks-v1a1/2026/07/17/00/06/08-06000.avif 200 
2026-07-17 00:05:26,239 [INFO]   ✅ M3U8 bulundu: https://hlsssssssssssss.edaesra.workers.dev/https://corestream.macsitesi.help//trtspor/tracks-v1a1/mono.m3u8
2026-07-17 00:05:26,969 [INFO] Capturing request: https://android.clients.google.com/c2dm/register3
2026-07-17 00:05:27,239 [INFO] 
[8/14]
2026-07-17 00:05:27,240 [INFO] 🔍 S Sport → https://atomsportv510.top/matches?id=s-sport
2026-07-17 00:05:27,353 [INFO] Capturing request: https://atomsportv510.top/matches?id=s-sport
2026-07-17 00:05:27,425 [INFO] Capturing response: https://android.clients.google.com/c2dm/register3 200 
2026-07-17 00:05:27,581 [INFO] Capturing response: https://atomsportv510.top/matches?id=s-sport 200 
2026-07-17 00:05:27,618 [INFO] Capturing request: https://streamsport365.com/cinema
2026-07-17 00:05:27,713 [INFO] Capturing request: https://teletv5.top/load/yayinlink.php?id=s-sport
2026-07-17 00:05:27,719 [INFO] Capturing request: https://atomsportv510.top/favicon.ico
2026-07-17 00:05:27,757 [INFO] Capturing response: https://atomsportv510.top/favicon.ico 200 
2026-07-17 00:05:27,874 [INFO] Capturing response: https://streamsport365.com/cinema 200 
2026-07-17 00:05:27,876 [INFO] Capturing response: https://teletv5.top/load/yayinlink.php?id=s-sport 200 
2026-07-17 00:05:28,036 [INFO] Capturing request: https://hlsssssssssssss.edaesra.workers.dev/https://corestream.macsitesi.help//s-sportt/tracks-v1a1/mono.m3u8
2026-07-17 00:05:28,164 [INFO] Capturing response: https://hlsssssssssssss.edaesra.workers.dev/https://corestream.macsitesi.help//s-sportt/tracks-v1a1/mono.m3u8 404 
2026-07-17 00:05:28,186 [INFO] Capturing request: https://android.clients.google.com/c2dm/register3
2026-07-17 00:05:28,244 [INFO] Capturing response: https://android.clients.google.com/c2dm/register3 301 
2026-07-17 00:05:30,630 [INFO]   ✅ M3U8 bulundu: https://hlsssssssssssss.edaesra.workers.dev/https://corestream.macsitesi.help//s-sportt/tracks-v1a1/mono.m3u8
2026-07-17 00:05:31,630 [INFO] 
[9/14]
2026-07-17 00:05:31,630 [INFO] 🔍 S Sport 2 → https://atomsportv510.top/matches?id=s-sport-2
2026-07-17 00:05:31,738 [INFO] Capturing request: https://atomsportv510.top/matches?id=s-sport-2
2026-07-17 00:05:31,772 [INFO] Capturing response: https://atomsportv510.top/matches?id=s-sport-2 200 
2026-07-17 00:05:31,902 [INFO] Capturing request: https://teletv5.top/load/yayinlink.php?id=s-sport-2
2026-07-17 00:05:31,905 [INFO] Capturing request: https://atomsportv510.top/favicon.ico
2026-07-17 00:05:31,943 [INFO] Capturing response: https://atomsportv510.top/favicon.ico 200 
2026-07-17 00:05:32,001 [INFO] Capturing request: https://streamsport365.com/cinema
2026-07-17 00:05:32,062 [INFO] Capturing response: https://teletv5.top/load/yayinlink.php?id=s-sport-2 200 
2026-07-17 00:05:32,252 [INFO] Capturing response: https://streamsport365.com/cinema 200 
2026-07-17 00:05:32,371 [INFO] Capturing request: https://hlsssssssssssss.edaesra.workers.dev/https://corestream.macsitesi.help//s-sport2/tracks-v1a1/mono.m3u8
2026-07-17 00:05:32,491 [INFO] Capturing response: https://hlsssssssssssss.edaesra.workers.dev/https://corestream.macsitesi.help//s-sport2/tracks-v1a1/mono.m3u8 404 
2026-07-17 00:05:34,817 [INFO]   ✅ M3U8 bulundu: https://hlsssssssssssss.edaesra.workers.dev/https://corestream.macsitesi.help//s-sport2/tracks-v1a1/mono.m3u8
2026-07-17 00:05:35,817 [INFO] 
[10/14]
2026-07-17 00:05:35,817 [INFO] 🔍 A Spor → https://atomsportv510.top/matches?id=a-spor
2026-07-17 00:05:35,924 [INFO] Capturing request: https://atomsportv510.top/matches?id=a-spor
2026-07-17 00:05:35,968 [INFO] Capturing response: https://atomsportv510.top/matches?id=a-spor 200 
2026-07-17 00:05:35,994 [INFO] Capturing request: https://streamsport365.com/cinema
2026-07-17 00:05:36,101 [INFO] Capturing request: https://teletv5.top/load/yayinlink.php?id=a-spor
2026-07-17 00:05:36,101 [INFO] Capturing request: https://atomsportv510.top/favicon.ico
2026-07-17 00:05:36,138 [INFO] Capturing response: https://atomsportv510.top/favicon.ico 200 
2026-07-17 00:05:36,240 [INFO] Capturing response: https://streamsport365.com/cinema 200 
2026-07-17 00:05:36,266 [INFO] Capturing response: https://teletv5.top/load/yayinlink.php?id=a-spor 200 
2026-07-17 00:05:36,425 [INFO] Capturing request: https://hlsssssssssssss.edaesra.workers.dev/https://corestream.macsitesi.help//aspor/tracks-v1a1/mono.m3u8
2026-07-17 00:05:36,545 [INFO] Capturing response: https://hlsssssssssssss.edaesra.workers.dev/https://corestream.macsitesi.help//aspor/tracks-v1a1/mono.m3u8 404 
2026-07-17 00:05:39,014 [INFO]   ✅ M3U8 bulundu: https://hlsssssssssssss.edaesra.workers.dev/https://corestream.macsitesi.help//aspor/tracks-v1a1/mono.m3u8
2026-07-17 00:05:40,014 [INFO] 
[11/14]
2026-07-17 00:05:40,014 [INFO] 🔍 Tivibu Spor 1 → https://atomsportv510.top/matches?id=tivibu-spor-1
2026-07-17 00:05:40,122 [INFO] Capturing request: https://atomsportv510.top/matches?id=tivibu-spor-1
2026-07-17 00:05:40,163 [INFO] Capturing response: https://atomsportv510.top/matches?id=tivibu-spor-1 200 
2026-07-17 00:05:40,294 [INFO] Capturing request: https://teletv5.top/load/yayinlink.php?id=tivibu-spor-1
2026-07-17 00:05:40,298 [INFO] Capturing request: https://atomsportv510.top/favicon.ico
2026-07-17 00:05:40,338 [INFO] Capturing response: https://atomsportv510.top/favicon.ico 200 
2026-07-17 00:05:40,393 [INFO] Capturing request: https://streamsport365.com/cinema
2026-07-17 00:05:40,451 [INFO] Capturing response: https://teletv5.top/load/yayinlink.php?id=tivibu-spor-1 200 
2026-07-17 00:05:40,649 [INFO] Capturing response: https://streamsport365.com/cinema 200 
2026-07-17 00:05:40,767 [INFO] Capturing request: https://hlsssssssssssss.edaesra.workers.dev/https://corestream.macsitesi.help//trtspor/tracks-v1a1/mono.m3u8
2026-07-17 00:05:40,887 [INFO] Capturing response: https://hlsssssssssssss.edaesra.workers.dev/https://corestream.macsitesi.help//trtspor/tracks-v1a1/mono.m3u8 200 
2026-07-17 00:05:40,996 [INFO] Capturing request: https://securmar.edaesra.workers.dev/trtspor/tracks-v1a1/2026/07/17/00/06/14-06000.avif
2026-07-17 00:05:41,286 [INFO] Capturing response: https://securmar.edaesra.workers.dev/trtspor/tracks-v1a1/2026/07/17/00/06/14-06000.avif 200 
2026-07-17 00:05:41,510 [INFO] Capturing request: https://securmar.edaesra.workers.dev/trtspor/tracks-v1a1/2026/07/17/00/06/20-06000.avif
2026-07-17 00:05:41,905 [INFO] Capturing response: https://securmar.edaesra.workers.dev/trtspor/tracks-v1a1/2026/07/17/00/06/20-06000.avif 200 
2026-07-17 00:05:42,163 [INFO] Capturing request: https://securmar.edaesra.workers.dev/trtspor/tracks-v1a1/2026/07/17/00/06/26-06000.avif
2026-07-17 00:05:43,019 [INFO] Capturing response: https://securmar.edaesra.workers.dev/trtspor/tracks-v1a1/2026/07/17/00/06/26-06000.avif 200 
2026-07-17 00:05:43,213 [INFO]   ✅ M3U8 bulundu: https://hlsssssssssssss.edaesra.workers.dev/https://corestream.macsitesi.help//trtspor/tracks-v1a1/mono.m3u8
2026-07-17 00:05:44,214 [INFO] 
[12/14]
2026-07-17 00:05:44,214 [INFO] 🔍 Tivibu Spor 2 → https://atomsportv510.top/matches?id=tivibu-spor-2
2026-07-17 00:05:44,324 [INFO] Capturing request: https://atomsportv510.top/matches?id=tivibu-spor-2
2026-07-17 00:05:44,357 [INFO] Capturing response: https://atomsportv510.top/matches?id=tivibu-spor-2 200 
2026-07-17 00:05:44,390 [INFO] Capturing request: https://streamsport365.com/cinema
2026-07-17 00:05:44,487 [INFO] Capturing request: https://teletv5.top/load/yayinlink.php?id=tivibu-spor-2
2026-07-17 00:05:44,493 [INFO] Capturing request: https://atomsportv510.top/favicon.ico
2026-07-17 00:05:44,527 [INFO] Capturing response: https://atomsportv510.top/favicon.ico 200 
2026-07-17 00:05:44,642 [INFO] Capturing response: https://streamsport365.com/cinema 200 
2026-07-17 00:05:44,647 [INFO] Capturing response: https://teletv5.top/load/yayinlink.php?id=tivibu-spor-2 200 
2026-07-17 00:05:44,808 [INFO] Capturing request: https://hlsssssssssssss.edaesra.workers.dev/https://corestream.macsitesi.help//trtspor/tracks-v1a1/mono.m3u8
2026-07-17 00:05:44,931 [INFO] Capturing response: https://hlsssssssssssss.edaesra.workers.dev/https://corestream.macsitesi.help//trtspor/tracks-v1a1/mono.m3u8 200 
2026-07-17 00:05:45,080 [INFO] Capturing request: https://securmar.edaesra.workers.dev/trtspor/tracks-v1a1/2026/07/17/00/06/20-06000.avif
2026-07-17 00:05:45,364 [INFO] Capturing response: https://securmar.edaesra.workers.dev/trtspor/tracks-v1a1/2026/07/17/00/06/20-06000.avif 200 
2026-07-17 00:05:45,625 [INFO] Capturing request: https://securmar.edaesra.workers.dev/trtspor/tracks-v1a1/2026/07/17/00/06/26-06000.avif
2026-07-17 00:05:45,874 [INFO] Capturing response: https://securmar.edaesra.workers.dev/trtspor/tracks-v1a1/2026/07/17/00/06/26-06000.avif 200 
2026-07-17 00:05:46,106 [INFO] Capturing request: https://securmar.edaesra.workers.dev/trtspor/tracks-v1a1/2026/07/17/00/06/32-06000.avif
2026-07-17 00:05:46,567 [INFO] Capturing response: https://securmar.edaesra.workers.dev/trtspor/tracks-v1a1/2026/07/17/00/06/32-06000.avif 200 
2026-07-17 00:05:47,414 [INFO]   ✅ M3U8 bulundu: https://hlsssssssssssss.edaesra.workers.dev/https://corestream.macsitesi.help//trtspor/tracks-v1a1/mono.m3u8
2026-07-17 00:05:48,415 [INFO] 
[13/14]
2026-07-17 00:05:48,415 [INFO] 🔍 Tivibu Spor 3 → https://atomsportv510.top/matches?id=tivibu-spor-3
2026-07-17 00:05:48,525 [INFO] Capturing request: https://atomsportv510.top/matches?id=tivibu-spor-3
2026-07-17 00:05:48,562 [INFO] Capturing response: https://atomsportv510.top/matches?id=tivibu-spor-3 200 
2026-07-17 00:05:48,700 [INFO] Capturing request: https://teletv5.top/load/yayinlink.php?id=tivibu-spor-3
2026-07-17 00:05:48,701 [INFO] Capturing request: https://atomsportv510.top/favicon.ico
2026-07-17 00:05:48,762 [INFO] Capturing response: https://atomsportv510.top/favicon.ico 200 
2026-07-17 00:05:48,815 [INFO] Capturing request: https://streamsport365.com/cinema
2026-07-17 00:05:48,862 [INFO] Capturing response: https://teletv5.top/load/yayinlink.php?id=tivibu-spor-3 200 
2026-07-17 00:05:49,060 [INFO] Capturing response: https://streamsport365.com/cinema 200 
2026-07-17 00:05:49,178 [INFO] Capturing request: https://hlsssssssssssss.edaesra.workers.dev/https://corestream.macsitesi.help//trtspor/tracks-v1a1/mono.m3u8
2026-07-17 00:05:49,307 [INFO] Capturing response: https://hlsssssssssssss.edaesra.workers.dev/https://corestream.macsitesi.help//trtspor/tracks-v1a1/mono.m3u8 200 
2026-07-17 00:05:49,416 [INFO] Capturing request: https://securmar.edaesra.workers.dev/trtspor/tracks-v1a1/2026/07/17/00/06/26-06000.avif
2026-07-17 00:05:49,658 [INFO] Capturing response: https://securmar.edaesra.workers.dev/trtspor/tracks-v1a1/2026/07/17/00/06/26-06000.avif 200 
2026-07-17 00:05:49,867 [INFO] Capturing request: https://securmar.edaesra.workers.dev/trtspor/tracks-v1a1/2026/07/17/00/06/32-06000.avif
2026-07-17 00:05:50,150 [INFO] Capturing response: https://securmar.edaesra.workers.dev/trtspor/tracks-v1a1/2026/07/17/00/06/32-06000.avif 200 
2026-07-17 00:05:50,405 [INFO] Capturing request: https://securmar.edaesra.workers.dev/trtspor/tracks-v1a1/2026/07/17/00/06/38-06000.avif
2026-07-17 00:05:50,942 [INFO] Capturing response: https://securmar.edaesra.workers.dev/trtspor/tracks-v1a1/2026/07/17/00/06/38-06000.avif 200 
2026-07-17 00:05:51,618 [INFO]   ✅ M3U8 bulundu: https://hlsssssssssssss.edaesra.workers.dev/https://corestream.macsitesi.help//trtspor/tracks-v1a1/mono.m3u8
2026-07-17 00:05:52,619 [INFO] 
[14/14]
2026-07-17 00:05:52,619 [INFO] 🔍 Tivibu Spor 4 → https://atomsportv510.top/matches?id=tivibu-spor-4
2026-07-17 00:05:52,730 [INFO] Capturing request: https://atomsportv510.top/matches?id=tivibu-spor-4
2026-07-17 00:05:52,768 [INFO] Capturing response: https://atomsportv510.top/matches?id=tivibu-spor-4 200 
2026-07-17 00:05:52,802 [INFO] Capturing request: https://streamsport365.com/cinema
2026-07-17 00:05:52,902 [INFO] Capturing request: https://teletv5.top/load/yayinlink.php?id=tivibu-spor-4
2026-07-17 00:05:52,903 [INFO] Capturing request: https://atomsportv510.top/favicon.ico
2026-07-17 00:05:52,939 [INFO] Capturing response: https://atomsportv510.top/favicon.ico 200 
2026-07-17 00:05:53,055 [INFO] Capturing response: https://streamsport365.com/cinema 200 
2026-07-17 00:05:53,062 [INFO] Capturing response: https://teletv5.top/load/yayinlink.php?id=tivibu-spor-4 200 
2026-07-17 00:05:56,808 [INFO] Capturing request: https://update.googleapis.com/service/update2/json?cup2key=16:VB-xf4IlNu0ej76Ib7qAOBIuTIiPuqnp9iKxTVBCfFY&cup2hreq=7ed44139d6a2fe515edececb3c7aa541ba582dbc4577b033d2889569c13b1a54
2026-07-17 00:05:56,836 [INFO] Capturing response: https://update.googleapis.com/service/update2/json?cup2key=16:VB-xf4IlNu0ej76Ib7qAOBIuTIiPuqnp9iKxTVBCfFY&cup2hreq=7ed44139d6a2fe515edececb3c7aa541ba582dbc4577b033d2889569c13b1a54 200 
2026-07-17 00:05:56,844 [INFO] Capturing request: http://edgedl.me.gvt1.com/edgedl/diffgen-puffin/gcmjkmgdlgnkkcocmoeiminaijmmjnii/df2a22d5ecc7788c3330ebd5f856b41531c74f412a01ed7453d11284708009fe
2026-07-17 00:05:56,855 [INFO] Capturing response: http://edgedl.me.gvt1.com/edgedl/diffgen-puffin/gcmjkmgdlgnkkcocmoeiminaijmmjnii/df2a22d5ecc7788c3330ebd5f856b41531c74f412a01ed7453d11284708009fe 200 OK
2026-07-17 00:05:56,885 [INFO] Capturing request: https://update.googleapis.com/service/update2/json
2026-07-17 00:05:56,907 [INFO] Capturing response: https://update.googleapis.com/service/update2/json 200 
2026-07-17 00:05:56,951 [INFO] Capturing request: http://edgedl.me.gvt1.com/edgedl/release2/chrome_component/adyskmtrvzlz223bsdgl2qhzpxhq_10652/hfnkpimlhhgieaddgfemjhofmfblmnib_10652_all_acary2j24nmnmpg2vmu6mbgj2dvq.crx3
2026-07-17 00:05:56,966 [INFO] Capturing response: http://edgedl.me.gvt1.com/edgedl/release2/chrome_component/adyskmtrvzlz223bsdgl2qhzpxhq_10652/hfnkpimlhhgieaddgfemjhofmfblmnib_10652_all_acary2j24nmnmpg2vmu6mbgj2dvq.crx3 200 OK
2026-07-17 00:05:56,996 [INFO] Capturing request: https://update.googleapis.com/service/update2/json
2026-07-17 00:05:57,019 [INFO] Capturing response: https://update.googleapis.com/service/update2/json 200 
2026-07-17 00:06:25,029 [INFO] Capturing request: https://android.clients.google.com/c2dm/register3
2026-07-17 00:06:25,074 [INFO] Capturing response: https://android.clients.google.com/c2dm/register3 301 
2026-07-17 00:06:26,056 [WARNING]   ❌ Tivibu Spor 4 için M3U8 bulunamadı
2026-07-17 00:06:27,120 [INFO] ✅ 13 kanal bulundu, playlist.m3u kaydedildi
