2026-05-23 23:32:52,875 [INFO] 🔎 Domain aralığı taranıyor: atomsportv503.top - atomsportv535.top
2026-05-23 23:32:53,615 [INFO]   ✅ Aktif domain bulundu: https://atomsportv503.top
2026-05-23 23:32:53,615 [INFO] 🌐 Kullanılan BASE_URL: https://atomsportv503.top
2026-05-23 23:32:53,615 [INFO] 🔗 Proxy Prefix: https://ronaldo.magnitude.workers.dev/?url=
2026-05-23 23:32:54,685 [INFO] ✅ SeleniumWire aktif
2026-05-23 23:32:54,686 [INFO] =======================================================
2026-05-23 23:32:54,686 [INFO]    M3U8 Scraper
2026-05-23 23:32:54,686 [INFO]    Base URL    : https://atomsportv503.top
2026-05-23 23:32:54,686 [INFO]    Proxy Prefix: https://ronaldo.magnitude.workers.dev/?url=
2026-05-23 23:32:54,686 [INFO]    Toplam      : 13 sayfa
2026-05-23 23:32:54,686 [INFO] =======================================================
2026-05-23 23:32:54,686 [INFO] 🔧 Driver başlatılıyor...
2026-05-23 23:32:55,402 [INFO] ✅ Driver başlatıldı
2026-05-23 23:32:55,403 [INFO] 
[1/13]
2026-05-23 23:32:55,403 [INFO] 
──────────────────────────────────────────────────
2026-05-23 23:32:55,403 [INFO] 🔍 beIN Sports 1 → https://atomsportv503.top/matches?id=bein-sports-1
2026-05-23 23:32:55,403 [INFO] ──────────────────────────────────────────────────
2026-05-23 23:33:27,745 [INFO]   📡 M3U8 bekleniyor (max 8s)...
2026-05-23 23:33:35,828 [INFO]   ❌ beIN Sports 1: M3U8 bulunamadı
2026-05-23 23:33:36,829 [INFO] 
[2/13]
2026-05-23 23:33:36,829 [INFO] 
──────────────────────────────────────────────────
2026-05-23 23:33:36,829 [INFO] 🔍 beIN Sports 2 → https://atomsportv503.top/matches?id=bein-sports-2
2026-05-23 23:33:36,830 [INFO] ──────────────────────────────────────────────────
2026-05-23 23:34:08,890 [INFO]   📡 M3U8 bekleniyor (max 8s)...
2026-05-23 23:34:16,975 [INFO]   ❌ beIN Sports 2: M3U8 bulunamadı
2026-05-23 23:34:17,976 [INFO] 
[3/13]
2026-05-23 23:34:17,976 [INFO] 
──────────────────────────────────────────────────
2026-05-23 23:34:17,976 [INFO] 🔍 beIN Sports 3 → https://atomsportv503.top/matches?id=bein-sports-3
2026-05-23 23:34:17,976 [INFO] ──────────────────────────────────────────────────
2026-05-23 23:34:50,103 [INFO]   📡 M3U8 bekleniyor (max 8s)...
2026-05-23 23:34:58,121 [INFO]   ❌ beIN Sports 3: M3U8 bulunamadı
2026-05-23 23:34:59,122 [INFO] 
[4/13]
2026-05-23 23:34:59,122 [INFO] 
──────────────────────────────────────────────────
2026-05-23 23:34:59,122 [INFO] 🔍 beIN Sports 4 → https://atomsportv503.top/matches?id=bein-sports-4
2026-05-23 23:34:59,122 [INFO] ──────────────────────────────────────────────────
2026-05-23 23:35:30,689 [INFO]   📡 M3U8 bekleniyor (max 8s)...
2026-05-23 23:35:38,699 [INFO]   ❌ beIN Sports 4: M3U8 bulunamadı
2026-05-23 23:35:39,699 [INFO] 
[5/13]
2026-05-23 23:35:39,699 [INFO] 
──────────────────────────────────────────────────
2026-05-23 23:35:39,699 [INFO] 🔍 beIN Sports 5 → https://atomsportv503.top/matches?id=bein-sports-5
2026-05-23 23:35:39,699 [INFO] ──────────────────────────────────────────────────
2026-05-23 23:36:11,696 [INFO]   📡 M3U8 bekleniyor (max 8s)...
2026-05-23 23:36:19,707 [INFO]   ❌ beIN Sports 5: M3U8 bulunamadı
2026-05-23 23:36:20,707 [INFO] 
[6/13]
2026-05-23 23:36:20,707 [INFO] 
──────────────────────────────────────────────────
2026-05-23 23:36:20,707 [INFO] 🔍 beIN Sports Max 1 → https://atomsportv503.top/matches?id=bein-sports-max-1
2026-05-23 23:36:20,707 [INFO] ──────────────────────────────────────────────────
2026-05-23 23:36:52,525 [INFO]   📡 M3U8 bekleniyor (max 8s)...
2026-05-23 23:37:00,535 [INFO]   ❌ beIN Sports Max 1: M3U8 bulunamadı
2026-05-23 23:37:01,535 [INFO] 
[7/13]
2026-05-23 23:37:01,535 [INFO] 
──────────────────────────────────────────────────
2026-05-23 23:37:01,535 [INFO] 🔍 beIN Sports Max 2 → https://atomsportv503.top/matches?id=bein-sports-max-2
2026-05-23 23:37:01,535 [INFO] ──────────────────────────────────────────────────
2026-05-23 23:37:33,353 [INFO]   📡 M3U8 bekleniyor (max 8s)...
2026-05-23 23:37:41,363 [INFO]   ❌ beIN Sports Max 2: M3U8 bulunamadı
2026-05-23 23:37:42,363 [INFO] 
[8/13]
2026-05-23 23:37:42,363 [INFO] 
──────────────────────────────────────────────────
2026-05-23 23:37:42,363 [INFO] 🔍 S Sport → https://atomsportv503.top/matches?id=s-sport
2026-05-23 23:37:42,363 [INFO] ──────────────────────────────────────────────────
2026-05-23 23:38:14,186 [INFO]   📡 M3U8 bekleniyor (max 8s)...
2026-05-23 23:38:14,198 [INFO]   🎯 DOĞRU kanal bulundu: https://young-surf-88a9.halitumutseler.workers.dev/https://corestream.ronaldovurdu.help//s-sportt/tracks-v1a1/mono.m3u8
2026-05-23 23:38:14,198 [INFO]   ✅ S Sport: https://young-surf-88a9.halitumutseler.workers.dev/https://corestream.ronaldovurdu.help//s-sportt/tracks-v1a1/mono.m3u8
2026-05-23 23:38:15,199 [INFO] 
[9/13]
2026-05-23 23:38:15,199 [INFO] 
──────────────────────────────────────────────────
2026-05-23 23:38:15,199 [INFO] 🔍 S Sport 2 → https://atomsportv503.top/matches?id=s-sport-2
2026-05-23 23:38:15,199 [INFO] ──────────────────────────────────────────────────
2026-05-23 23:38:47,057 [INFO]   📡 M3U8 bekleniyor (max 8s)...
2026-05-23 23:38:55,184 [INFO]   ❌ S Sport 2: M3U8 bulunamadı
2026-05-23 23:38:56,184 [INFO] 
[10/13]
2026-05-23 23:38:56,184 [INFO] 
──────────────────────────────────────────────────
2026-05-23 23:38:56,184 [INFO] 🔍 Tivibu Spor 1 → https://atomsportv503.top/matches?id=tivibu-spor-1
2026-05-23 23:38:56,184 [INFO] ──────────────────────────────────────────────────
2026-05-23 23:39:27,752 [INFO]   📡 M3U8 bekleniyor (max 8s)...
2026-05-23 23:39:35,762 [INFO]   ❌ Tivibu Spor 1: M3U8 bulunamadı
2026-05-23 23:39:36,762 [INFO] 
[11/13]
2026-05-23 23:39:36,762 [INFO] 
──────────────────────────────────────────────────
2026-05-23 23:39:36,762 [INFO] 🔍 Tivibu Spor 2 → https://atomsportv503.top/matches?id=tivibu-spor-2
2026-05-23 23:39:36,762 [INFO] ──────────────────────────────────────────────────
2026-05-23 23:40:08,785 [INFO]   📡 M3U8 bekleniyor (max 8s)...
2026-05-23 23:40:16,796 [INFO]   ❌ Tivibu Spor 2: M3U8 bulunamadı
2026-05-23 23:40:17,796 [INFO] 
[12/13]
2026-05-23 23:40:17,796 [INFO] 
──────────────────────────────────────────────────
2026-05-23 23:40:17,796 [INFO] 🔍 Tivibu Spor 3 → https://atomsportv503.top/matches?id=tivibu-spor-3
2026-05-23 23:40:17,796 [INFO] ──────────────────────────────────────────────────
2026-05-23 23:40:49,597 [INFO]   📡 M3U8 bekleniyor (max 8s)...
2026-05-23 23:40:57,608 [INFO]   ❌ Tivibu Spor 3: M3U8 bulunamadı
2026-05-23 23:40:58,608 [INFO] 
[13/13]
2026-05-23 23:40:58,608 [INFO] 
──────────────────────────────────────────────────
2026-05-23 23:40:58,608 [INFO] 🔍 Tivibu Spor 4 → https://atomsportv503.top/matches?id=tivibu-spor-4
2026-05-23 23:40:58,609 [INFO] ──────────────────────────────────────────────────
2026-05-23 23:41:30,574 [INFO]   📡 M3U8 bekleniyor (max 8s)...
2026-05-23 23:41:38,584 [INFO]   ❌ Tivibu Spor 4: M3U8 bulunamadı
2026-05-23 23:41:39,643 [INFO] 🔒 Driver kapatıldı
2026-05-23 23:41:39,643 [INFO] 
=======================================================
2026-05-23 23:41:39,643 [INFO] 🏁 Tamamlandı!
2026-05-23 23:41:39,643 [INFO] 📺 Kanal : 1/13
2026-05-23 23:41:39,643 [INFO] ⏱️  Süre  : 525.0s
2026-05-23 23:41:39,643 [INFO] =======================================================
2026-05-23 23:41:39,643 [INFO] ✅ playlist.m3u kaydedildi (proxy prefix'li)
2026-05-23 23:41:39,643 [INFO] ✅ stats.json kaydedildi
