2026-07-16 11:41:18,502 [INFO] 🌐 BASE_URL: https://atomsportv510.top
2026-07-16 11:41:19,487 [INFO] Başlanıyor... 14 kanal taranacak
2026-07-16 11:41:19,487 [INFO] Using default request storage
2026-07-16 11:41:19,492 [INFO] Created proxy listening on 127.0.0.1:34647
2026-07-16 11:41:20,223 [INFO] Capturing request: http://clients2.google.com/time/1/current?cup2key=10:0NnKjUd8Bxb83V8bpiya2v-zQHyEH2EAG4RVUO1VpEs&cup2hreq=e3b0c44298fc1c149afbf4c8996fb92427ae41e4649b934ca495991b7852b855
2026-07-16 11:41:20,339 [INFO] Capturing response: http://clients2.google.com/time/1/current?cup2key=10:0NnKjUd8Bxb83V8bpiya2v-zQHyEH2EAG4RVUO1VpEs&cup2hreq=e3b0c44298fc1c149afbf4c8996fb92427ae41e4649b934ca495991b7852b855 200 OK
2026-07-16 11:41:20,446 [INFO] 
[1/14]
2026-07-16 11:41:20,446 [INFO] 🔍 beIN Sports 1 → https://atomsportv510.top/matches?id=bein-sports-1
2026-07-16 11:41:20,560 [INFO] Capturing request: https://accounts.google.com/ListAccounts?gpsia=1&source=ChromiumBrowser&json=standard&laf=b64bin
2026-07-16 11:41:20,587 [INFO] Capturing request: https://update.googleapis.com/service/update2/json?cup2key=16:VhC-8PZOC0f_ti8T7xNAFei5Y3cLCxxx6SBbDweZnRA&cup2hreq=d234b9ef9e083e267768ec3a3629aa5d7029818ba23a91d00bcc14c3aebee8c7
2026-07-16 11:41:20,640 [INFO] Capturing response: https://accounts.google.com/ListAccounts?gpsia=1&source=ChromiumBrowser&json=standard&laf=b64bin 200 
2026-07-16 11:41:20,643 [INFO] Capturing response: https://update.googleapis.com/service/update2/json?cup2key=16:VhC-8PZOC0f_ti8T7xNAFei5Y3cLCxxx6SBbDweZnRA&cup2hreq=d234b9ef9e083e267768ec3a3629aa5d7029818ba23a91d00bcc14c3aebee8c7 200 
2026-07-16 11:41:20,660 [INFO] Capturing request: https://www.google.com/async/folae?async=_fmt:pb&udm=50&client_locale=en-US&client_country=ZZ
2026-07-16 11:41:20,687 [INFO] Capturing request: https://atomsportv510.top/matches?id=bein-sports-1
2026-07-16 11:41:20,691 [INFO] Capturing request: https://update.googleapis.com/service/update2/json?cup2key=16:47prrzDxhi9ghk9GvIcNYHfSKVKdQppJHDPPLuCKfCY&cup2hreq=311758d08e3a9312c7713c439ddeb3b73b3e40ce310ca9cf6fee04d4eb1da496
2026-07-16 11:41:20,696 [INFO] Capturing response: https://www.google.com/async/folae?async=_fmt:pb&udm=50&client_locale=en-US&client_country=ZZ 200 
2026-07-16 11:41:20,751 [INFO] Capturing response: https://update.googleapis.com/service/update2/json?cup2key=16:47prrzDxhi9ghk9GvIcNYHfSKVKdQppJHDPPLuCKfCY&cup2hreq=311758d08e3a9312c7713c439ddeb3b73b3e40ce310ca9cf6fee04d4eb1da496 200 
2026-07-16 11:41:20,792 [INFO] Capturing response: https://atomsportv510.top/matches?id=bein-sports-1 200 
2026-07-16 11:41:20,808 [INFO] Capturing request: https://update.googleapis.com/service/update2/json?cup2key=16:T0Cb-26F7a_CpI_HbmQC56mfF-9LXzL2lSSKLPq7-KI&cup2hreq=8d06ffa89a7d141eefc4b7da5ffffc76bd6a8c3066ee064b7f0f53c0d48e6c87
2026-07-16 11:41:20,867 [INFO] Capturing response: https://update.googleapis.com/service/update2/json?cup2key=16:T0Cb-26F7a_CpI_HbmQC56mfF-9LXzL2lSSKLPq7-KI&cup2hreq=8d06ffa89a7d141eefc4b7da5ffffc76bd6a8c3066ee064b7f0f53c0d48e6c87 200 
2026-07-16 11:41:20,887 [INFO] Capturing request: https://www.google.com/async/folae?async=_fmt:pb&udm=50&client_locale=en-US&client_country=ZZ
2026-07-16 11:41:20,920 [INFO] Capturing response: https://www.google.com/async/folae?async=_fmt:pb&udm=50&client_locale=en-US&client_country=ZZ 200 
2026-07-16 11:41:20,946 [INFO] Capturing request: https://atomsportv510.top/assets/js/clappr.js
2026-07-16 11:41:21,003 [INFO] Capturing request: https://cdnjs.cloudflare.com/ajax/libs/jquery/3.2.1/jquery.min.js
2026-07-16 11:41:21,015 [INFO] Capturing request: https://cdn.jsdelivr.net/npm/@clappr/player@latest/dist/clappr.min.js
2026-07-16 11:41:21,035 [INFO] Capturing response: https://atomsportv510.top/assets/js/clappr.js 200 
2026-07-16 11:41:21,076 [INFO] Capturing response: https://cdnjs.cloudflare.com/ajax/libs/jquery/3.2.1/jquery.min.js 200 
2026-07-16 11:41:21,099 [INFO] Capturing response: https://cdn.jsdelivr.net/npm/@clappr/player@latest/dist/clappr.min.js 200 
2026-07-16 11:41:21,315 [INFO] Capturing request: https://atomsportv510.top/favicon.ico
2026-07-16 11:41:21,377 [INFO] Capturing response: https://atomsportv510.top/favicon.ico 200 
2026-07-16 11:41:21,437 [INFO] Capturing request: https://teletv5.top/load/yayinlink.php?id=bein-sports-1
2026-07-16 11:41:21,811 [INFO] Capturing response: https://teletv5.top/load/yayinlink.php?id=bein-sports-1 200 
2026-07-16 11:41:22,009 [INFO] Capturing request: https://streamsport365.com/cinema
2026-07-16 11:41:22,312 [INFO] Capturing response: https://streamsport365.com/cinema 200 
2026-07-16 11:41:22,444 [INFO] Capturing request: https://atomsportv510.top/assets/img/player_logo_6880e4e4c52ee.png
2026-07-16 11:41:22,522 [INFO] Capturing response: https://atomsportv510.top/assets/img/player_logo_6880e4e4c52ee.png 200 
2026-07-16 11:41:22,555 [INFO] Capturing request: https://hlsssssssssssss.edaesra.workers.dev/https://corestream.macsitesi.help//trtspor/tracks-v1a1/mono.m3u8
2026-07-16 11:41:22,870 [INFO] Capturing response: https://hlsssssssssssss.edaesra.workers.dev/https://corestream.macsitesi.help//trtspor/tracks-v1a1/mono.m3u8 200 
2026-07-16 11:41:23,094 [INFO] Capturing request: https://android.clients.google.com/checkin
2026-07-16 11:41:23,132 [INFO] Capturing request: https://securmar.edaesra.workers.dev/trtspor/tracks-v1a1/2026/07/16/11/41/15-06000.avif
2026-07-16 11:41:23,187 [INFO] Capturing response: https://android.clients.google.com/checkin 200 
2026-07-16 11:41:23,238 [INFO] Capturing request: https://android.clients.google.com/c2dm/register3
2026-07-16 11:41:23,241 [INFO] Capturing request: https://android.clients.google.com/c2dm/register3
2026-07-16 11:41:23,242 [INFO] Capturing request: https://android.clients.google.com/c2dm/register3
2026-07-16 11:41:23,291 [INFO] Capturing response: https://android.clients.google.com/c2dm/register3 301 
2026-07-16 11:41:23,667 [INFO] Capturing response: https://android.clients.google.com/c2dm/register3 200 
2026-07-16 11:41:23,761 [INFO] Capturing response: https://android.clients.google.com/c2dm/register3 200 
2026-07-16 11:41:24,234 [INFO]   ✅ M3U8 bulundu: https://hlsssssssssssss.edaesra.workers.dev/https://corestream.macsitesi.help//trtspor/tracks-v1a1/mono.m3u8
2026-07-16 11:41:24,771 [INFO] Capturing response: https://securmar.edaesra.workers.dev/trtspor/tracks-v1a1/2026/07/16/11/41/15-06000.avif 200 
2026-07-16 11:41:25,035 [INFO] Capturing request: https://securmar.edaesra.workers.dev/trtspor/tracks-v1a1/2026/07/16/11/41/21-06000.avif
2026-07-16 11:41:25,234 [INFO] 
[2/14]
2026-07-16 11:41:25,235 [INFO] 🔍 beIN Sports 2 → https://atomsportv510.top/matches?id=bein-sports-2
2026-07-16 11:41:25,346 [INFO] Capturing request: https://atomsportv510.top/matches?id=bein-sports-2
2026-07-16 11:41:25,391 [INFO] Capturing response: https://atomsportv510.top/matches?id=bein-sports-2 200 
2026-07-16 11:41:25,452 [INFO] Capturing request: https://streamsport365.com/cinema
2026-07-16 11:41:25,551 [INFO] Capturing request: https://teletv5.top/load/yayinlink.php?id=bein-sports-2
2026-07-16 11:41:25,559 [INFO] Capturing request: https://atomsportv510.top/favicon.ico
2026-07-16 11:41:25,603 [INFO] Capturing response: https://atomsportv510.top/favicon.ico 200 
2026-07-16 11:41:25,753 [INFO] Capturing response: https://streamsport365.com/cinema 200 
2026-07-16 11:41:25,866 [INFO] Capturing response: https://teletv5.top/load/yayinlink.php?id=bein-sports-2 200 
2026-07-16 11:41:25,988 [INFO] Capturing request: https://hlsssssssssssss.edaesra.workers.dev/https://corestream.macsitesi.help//bein2/tracks-v1a1/mono.m3u8
2026-07-16 11:41:26,132 [INFO] Capturing response: https://hlsssssssssssss.edaesra.workers.dev/https://corestream.macsitesi.help//bein2/tracks-v1a1/mono.m3u8 404 
2026-07-16 11:41:26,411 [INFO] Capturing response: https://securmar.edaesra.workers.dev/trtspor/tracks-v1a1/2026/07/16/11/41/21-06000.avif 200 
2026-07-16 11:41:26,445 [INFO] 127.0.0.1:54322: ProtocolException("Error in HTTP connection: Http2ZombieException('Connection or stream already dead: 1784202086.4454796, False')")
2026-07-16 11:41:28,473 [INFO]   ✅ M3U8 bulundu: https://hlsssssssssssss.edaesra.workers.dev/https://corestream.macsitesi.help//bein2/tracks-v1a1/mono.m3u8
2026-07-16 11:41:29,473 [INFO] 
[3/14]
2026-07-16 11:41:29,473 [INFO] 🔍 beIN Sports 3 → https://atomsportv510.top/matches?id=bein-sports-3
2026-07-16 11:41:29,585 [INFO] Capturing request: https://atomsportv510.top/assets/js/clappr.js
2026-07-16 11:41:29,586 [INFO] Capturing request: https://atomsportv510.top/matches?id=bein-sports-3
2026-07-16 11:41:29,616 [INFO] Capturing response: https://atomsportv510.top/assets/js/clappr.js 200 
2026-07-16 11:41:29,658 [INFO] Capturing response: https://atomsportv510.top/matches?id=bein-sports-3 200 
2026-07-16 11:41:29,786 [INFO] Capturing request: https://teletv5.top/load/yayinlink.php?id=bein-sports-3
2026-07-16 11:41:29,789 [INFO] Capturing request: https://atomsportv510.top/favicon.ico
2026-07-16 11:41:29,831 [INFO] Capturing response: https://atomsportv510.top/favicon.ico 200 
2026-07-16 11:41:29,914 [INFO] Capturing request: https://streamsport365.com/cinema
2026-07-16 11:41:29,976 [INFO] Capturing response: https://teletv5.top/load/yayinlink.php?id=bein-sports-3 200 
2026-07-16 11:41:30,225 [INFO] Capturing response: https://streamsport365.com/cinema 200 
2026-07-16 11:41:30,345 [INFO] Capturing request: https://hlsssssssssssss.edaesra.workers.dev/https://corestream.macsitesi.help//trtspor/tracks-v1a1/mono.m3u8
2026-07-16 11:41:30,503 [INFO] Capturing response: https://hlsssssssssssss.edaesra.workers.dev/https://corestream.macsitesi.help//trtspor/tracks-v1a1/mono.m3u8 200 
2026-07-16 11:41:30,612 [INFO] Capturing request: https://securmar.edaesra.workers.dev/trtspor/tracks-v1a1/2026/07/16/11/41/21-06000.avif
2026-07-16 11:41:31,800 [INFO] Capturing response: https://securmar.edaesra.workers.dev/trtspor/tracks-v1a1/2026/07/16/11/41/21-06000.avif 200 
2026-07-16 11:41:32,044 [INFO] Capturing request: https://securmar.edaesra.workers.dev/trtspor/tracks-v1a1/2026/07/16/11/41/27-06000.avif
2026-07-16 11:41:32,703 [INFO]   ✅ M3U8 bulundu: https://hlsssssssssssss.edaesra.workers.dev/https://corestream.macsitesi.help//trtspor/tracks-v1a1/mono.m3u8
2026-07-16 11:41:33,375 [INFO] Capturing response: https://securmar.edaesra.workers.dev/trtspor/tracks-v1a1/2026/07/16/11/41/27-06000.avif 200 
2026-07-16 11:41:33,604 [INFO] Capturing request: https://securmar.edaesra.workers.dev/trtspor/tracks-v1a1/2026/07/16/11/41/33-06000.avif
2026-07-16 11:41:33,704 [INFO] 
[4/14]
2026-07-16 11:41:33,704 [INFO] 🔍 beIN Sports 4 → https://atomsportv510.top/matches?id=bein-sports-4
2026-07-16 11:41:33,813 [INFO] Capturing request: https://atomsportv510.top/assets/js/clappr.js
2026-07-16 11:41:33,816 [INFO] Capturing request: https://atomsportv510.top/matches?id=bein-sports-4
2026-07-16 11:41:33,844 [INFO] Capturing response: https://atomsportv510.top/assets/js/clappr.js 200 
2026-07-16 11:41:33,890 [INFO] Capturing response: https://atomsportv510.top/matches?id=bein-sports-4 200 
2026-07-16 11:41:33,953 [INFO] Capturing request: https://streamsport365.com/cinema
2026-07-16 11:41:34,048 [INFO] Capturing request: https://teletv5.top/load/yayinlink.php?id=bein-sports-4
2026-07-16 11:41:34,054 [INFO] Capturing request: https://atomsportv510.top/favicon.ico
2026-07-16 11:41:34,101 [INFO] Capturing response: https://atomsportv510.top/favicon.ico 200 
2026-07-16 11:41:34,238 [INFO] Capturing response: https://teletv5.top/load/yayinlink.php?id=bein-sports-4 200 
2026-07-16 11:41:34,253 [INFO] Capturing response: https://streamsport365.com/cinema 200 
2026-07-16 11:41:34,401 [INFO] Capturing request: https://hlsssssssssssss.edaesra.workers.dev/https://corestream.macsitesi.help//bein2/tracks-v1a1/mono.m3u8
2026-07-16 11:41:34,546 [INFO] Capturing response: https://hlsssssssssssss.edaesra.workers.dev/https://corestream.macsitesi.help//bein2/tracks-v1a1/mono.m3u8 404 
2026-07-16 11:41:35,180 [INFO] Capturing response: https://securmar.edaesra.workers.dev/trtspor/tracks-v1a1/2026/07/16/11/41/33-06000.avif 200 
2026-07-16 11:41:35,223 [INFO] 127.0.0.1:54322: ProtocolException("Error in HTTP connection: Http2ZombieException('Connection or stream already dead: 1784202095.2228065, False')")
2026-07-16 11:41:36,968 [INFO]   ✅ M3U8 bulundu: https://hlsssssssssssss.edaesra.workers.dev/https://corestream.macsitesi.help//bein2/tracks-v1a1/mono.m3u8
2026-07-16 11:41:37,968 [INFO] 
[5/14]
2026-07-16 11:41:37,968 [INFO] 🔍 beIN Sports 5 → https://atomsportv510.top/matches?id=bein-sports-5
2026-07-16 11:41:38,078 [INFO] Capturing request: https://atomsportv510.top/assets/js/clappr.js
2026-07-16 11:41:38,079 [INFO] Capturing request: https://atomsportv510.top/matches?id=bein-sports-5
2026-07-16 11:41:38,107 [INFO] Capturing response: https://atomsportv510.top/assets/js/clappr.js 200 
2026-07-16 11:41:38,147 [INFO] Capturing response: https://atomsportv510.top/matches?id=bein-sports-5 200 
2026-07-16 11:41:38,276 [INFO] Capturing request: https://teletv5.top/load/yayinlink.php?id=bein-sports-5
2026-07-16 11:41:38,278 [INFO] Capturing request: https://atomsportv510.top/favicon.ico
2026-07-16 11:41:38,323 [INFO] Capturing response: https://atomsportv510.top/favicon.ico 200 
2026-07-16 11:41:38,404 [INFO] Capturing request: https://streamsport365.com/cinema
2026-07-16 11:41:38,464 [INFO] Capturing response: https://teletv5.top/load/yayinlink.php?id=bein-sports-5 200 
2026-07-16 11:41:38,713 [INFO] Capturing response: https://streamsport365.com/cinema 200 
2026-07-16 11:41:38,834 [INFO] Capturing request: https://hlsssssssssssss.edaesra.workers.dev/https://corestream.macsitesi.help//bein2/tracks-v1a1/mono.m3u8
2026-07-16 11:41:38,983 [INFO] Capturing response: https://hlsssssssssssss.edaesra.workers.dev/https://corestream.macsitesi.help//bein2/tracks-v1a1/mono.m3u8 404 
2026-07-16 11:41:41,191 [INFO]   ✅ M3U8 bulundu: https://hlsssssssssssss.edaesra.workers.dev/https://corestream.macsitesi.help//bein2/tracks-v1a1/mono.m3u8
2026-07-16 11:41:42,192 [INFO] 
[6/14]
2026-07-16 11:41:42,192 [INFO] 🔍 beIN Sports Max 1 → https://atomsportv510.top/matches?id=bein-sports-max-1
2026-07-16 11:41:42,302 [INFO] Capturing request: https://atomsportv510.top/assets/js/clappr.js
2026-07-16 11:41:42,304 [INFO] Capturing request: https://atomsportv510.top/matches?id=bein-sports-max-1
2026-07-16 11:41:42,332 [INFO] Capturing response: https://atomsportv510.top/assets/js/clappr.js 200 
2026-07-16 11:41:42,378 [INFO] Capturing response: https://atomsportv510.top/matches?id=bein-sports-max-1 200 
2026-07-16 11:41:42,437 [INFO] Capturing request: https://streamsport365.com/cinema
2026-07-16 11:41:42,539 [INFO] Capturing request: https://teletv5.top/load/yayinlink.php?id=bein-sports-max-1
2026-07-16 11:41:42,540 [INFO] Capturing request: https://atomsportv510.top/favicon.ico
2026-07-16 11:41:42,580 [INFO] Capturing response: https://atomsportv510.top/favicon.ico 200 
2026-07-16 11:41:42,732 [INFO] Capturing response: https://teletv5.top/load/yayinlink.php?id=bein-sports-max-1 200 
2026-07-16 11:41:42,743 [INFO] Capturing response: https://streamsport365.com/cinema 200 
2026-07-16 11:41:42,894 [INFO] Capturing request: https://hlsssssssssssss.edaesra.workers.dev/https://corestream.macsitesi.help//trtspor/tracks-v1a1/mono.m3u8
2026-07-16 11:41:43,045 [INFO] Capturing response: https://hlsssssssssssss.edaesra.workers.dev/https://corestream.macsitesi.help//trtspor/tracks-v1a1/mono.m3u8 200 
2026-07-16 11:41:43,195 [INFO] Capturing request: https://securmar.edaesra.workers.dev/trtspor/tracks-v1a1/2026/07/16/11/41/39-06000.avif
2026-07-16 11:41:44,909 [INFO] Capturing response: https://securmar.edaesra.workers.dev/trtspor/tracks-v1a1/2026/07/16/11/41/39-06000.avif 200 
2026-07-16 11:41:45,167 [INFO] Capturing request: https://securmar.edaesra.workers.dev/trtspor/tracks-v1a1/2026/07/16/11/41/45-06000.avif
2026-07-16 11:41:45,451 [INFO]   ✅ M3U8 bulundu: https://hlsssssssssssss.edaesra.workers.dev/https://corestream.macsitesi.help//trtspor/tracks-v1a1/mono.m3u8
2026-07-16 11:41:46,452 [INFO] 
[7/14]
2026-07-16 11:41:46,452 [INFO] 🔍 beIN Sports Max 2 → https://atomsportv510.top/matches?id=bein-sports-max-2
2026-07-16 11:41:46,562 [INFO] Capturing request: https://atomsportv510.top/assets/js/clappr.js
2026-07-16 11:41:46,563 [INFO] Capturing request: https://atomsportv510.top/matches?id=bein-sports-max-2
2026-07-16 11:41:46,592 [INFO] Capturing response: https://atomsportv510.top/assets/js/clappr.js 200 
2026-07-16 11:41:46,632 [INFO] Capturing response: https://atomsportv510.top/matches?id=bein-sports-max-2 200 
2026-07-16 11:41:46,707 [INFO] Capturing response: https://securmar.edaesra.workers.dev/trtspor/tracks-v1a1/2026/07/16/11/41/45-06000.avif 200 
2026-07-16 11:41:46,766 [INFO] Capturing request: https://teletv5.top/load/yayinlink.php?id=bein-sports-max-2
2026-07-16 11:41:46,768 [INFO] Capturing request: https://atomsportv510.top/favicon.ico
2026-07-16 11:41:46,807 [INFO] Capturing response: https://atomsportv510.top/favicon.ico 200 
2026-07-16 11:41:46,894 [INFO] Capturing request: https://streamsport365.com/cinema
2026-07-16 11:41:46,955 [INFO] Capturing response: https://teletv5.top/load/yayinlink.php?id=bein-sports-max-2 200 
2026-07-16 11:41:47,190 [INFO] Capturing response: https://streamsport365.com/cinema 200 
2026-07-16 11:41:47,311 [INFO] Capturing request: https://hlsssssssssssss.edaesra.workers.dev/https://corestream.macsitesi.help//trtspor/tracks-v1a1/mono.m3u8
2026-07-16 11:41:47,459 [INFO] Capturing response: https://hlsssssssssssss.edaesra.workers.dev/https://corestream.macsitesi.help//trtspor/tracks-v1a1/mono.m3u8 200 
2026-07-16 11:41:47,570 [INFO] Capturing request: https://securmar.edaesra.workers.dev/trtspor/tracks-v1a1/2026/07/16/11/41/39-06000.avif
2026-07-16 11:41:48,940 [INFO] Capturing response: https://securmar.edaesra.workers.dev/trtspor/tracks-v1a1/2026/07/16/11/41/39-06000.avif 200 
2026-07-16 11:41:49,196 [INFO] Capturing request: https://securmar.edaesra.workers.dev/trtspor/tracks-v1a1/2026/07/16/11/41/45-06000.avif
2026-07-16 11:41:49,682 [INFO]   ✅ M3U8 bulundu: https://hlsssssssssssss.edaesra.workers.dev/https://corestream.macsitesi.help//trtspor/tracks-v1a1/mono.m3u8
2026-07-16 11:41:50,175 [INFO] Capturing request: https://android.clients.google.com/c2dm/register3
2026-07-16 11:41:50,227 [INFO] Capturing response: https://securmar.edaesra.workers.dev/trtspor/tracks-v1a1/2026/07/16/11/41/45-06000.avif 200 
2026-07-16 11:41:50,250 [INFO] Capturing response: https://android.clients.google.com/c2dm/register3 429 
2026-07-16 11:41:50,459 [INFO] Capturing request: https://securmar.edaesra.workers.dev/trtspor/tracks-v1a1/2026/07/16/11/41/51-06000.avif
2026-07-16 11:41:50,682 [INFO] 
[8/14]
2026-07-16 11:41:50,684 [INFO] 🔍 S Sport → https://atomsportv510.top/matches?id=s-sport
2026-07-16 11:41:50,797 [INFO] Capturing request: https://atomsportv510.top/matches?id=s-sport
2026-07-16 11:41:50,798 [INFO] Capturing request: https://atomsportv510.top/assets/js/clappr.js
2026-07-16 11:41:50,883 [INFO] Capturing response: https://atomsportv510.top/assets/js/clappr.js 200 
2026-07-16 11:41:51,305 [INFO] Capturing response: https://atomsportv510.top/matches?id=s-sport 200 
2026-07-16 11:41:51,368 [INFO] Capturing request: https://streamsport365.com/cinema
2026-07-16 11:41:51,472 [INFO] Capturing request: https://atomsportv510.top/favicon.ico
2026-07-16 11:41:51,473 [INFO] Capturing request: https://teletv5.top/load/yayinlink.php?id=s-sport
2026-07-16 11:41:51,514 [INFO] Capturing response: https://atomsportv510.top/favicon.ico 200 
2026-07-16 11:41:51,663 [INFO] Capturing response: https://teletv5.top/load/yayinlink.php?id=s-sport 200 
2026-07-16 11:41:51,678 [INFO] Capturing response: https://streamsport365.com/cinema 200 
2026-07-16 11:41:51,778 [INFO] Capturing response: https://securmar.edaesra.workers.dev/trtspor/tracks-v1a1/2026/07/16/11/41/51-06000.avif 200 
2026-07-16 11:41:51,825 [INFO] Capturing request: https://hlsssssssssssss.edaesra.workers.dev/https://corestream.macsitesi.help//s-sportt/tracks-v1a1/mono.m3u8
2026-07-16 11:41:51,979 [INFO] Capturing response: https://hlsssssssssssss.edaesra.workers.dev/https://corestream.macsitesi.help//s-sportt/tracks-v1a1/mono.m3u8 404 
2026-07-16 11:41:54,381 [INFO]   ✅ M3U8 bulundu: https://hlsssssssssssss.edaesra.workers.dev/https://corestream.macsitesi.help//s-sportt/tracks-v1a1/mono.m3u8
2026-07-16 11:41:55,382 [INFO] 
[9/14]
2026-07-16 11:41:55,382 [INFO] 🔍 S Sport 2 → https://atomsportv510.top/matches?id=s-sport-2
2026-07-16 11:41:55,491 [INFO] Capturing request: https://atomsportv510.top/assets/js/clappr.js
2026-07-16 11:41:55,492 [INFO] Capturing request: https://atomsportv510.top/matches?id=s-sport-2
2026-07-16 11:41:55,521 [INFO] Capturing response: https://atomsportv510.top/assets/js/clappr.js 200 
2026-07-16 11:41:55,570 [INFO] Capturing response: https://atomsportv510.top/matches?id=s-sport-2 200 
2026-07-16 11:41:55,703 [INFO] Capturing request: https://teletv5.top/load/yayinlink.php?id=s-sport-2
2026-07-16 11:41:55,705 [INFO] Capturing request: https://atomsportv510.top/favicon.ico
2026-07-16 11:41:55,745 [INFO] Capturing response: https://atomsportv510.top/favicon.ico 200 
2026-07-16 11:41:55,828 [INFO] Capturing request: https://streamsport365.com/cinema
2026-07-16 11:41:55,892 [INFO] Capturing response: https://teletv5.top/load/yayinlink.php?id=s-sport-2 200 
2026-07-16 11:41:56,133 [INFO] Capturing response: https://streamsport365.com/cinema 200 
2026-07-16 11:41:56,253 [INFO] Capturing request: https://hlsssssssssssss.edaesra.workers.dev/https://corestream.macsitesi.help//s-sport2/tracks-v1a1/mono.m3u8
2026-07-16 11:41:56,399 [INFO] Capturing response: https://hlsssssssssssss.edaesra.workers.dev/https://corestream.macsitesi.help//s-sport2/tracks-v1a1/mono.m3u8 404 
2026-07-16 11:41:58,615 [INFO]   ✅ M3U8 bulundu: https://hlsssssssssssss.edaesra.workers.dev/https://corestream.macsitesi.help//s-sport2/tracks-v1a1/mono.m3u8
2026-07-16 11:41:59,616 [INFO] 
[10/14]
2026-07-16 11:41:59,616 [INFO] 🔍 A Spor → https://atomsportv510.top/matches?id=a-spor
2026-07-16 11:41:59,725 [INFO] Capturing request: https://atomsportv510.top/assets/js/clappr.js
2026-07-16 11:41:59,726 [INFO] Capturing request: https://atomsportv510.top/matches?id=a-spor
2026-07-16 11:41:59,753 [INFO] Capturing response: https://atomsportv510.top/assets/js/clappr.js 200 
2026-07-16 11:41:59,791 [INFO] Capturing response: https://atomsportv510.top/matches?id=a-spor 200 
2026-07-16 11:41:59,852 [INFO] Capturing request: https://streamsport365.com/cinema
2026-07-16 11:41:59,949 [INFO] Capturing request: https://teletv5.top/load/yayinlink.php?id=a-spor
2026-07-16 11:41:59,952 [INFO] Capturing request: https://atomsportv510.top/favicon.ico
2026-07-16 11:41:59,993 [INFO] Capturing response: https://atomsportv510.top/favicon.ico 200 
2026-07-16 11:42:00,136 [INFO] Capturing response: https://teletv5.top/load/yayinlink.php?id=a-spor 200 
2026-07-16 11:42:00,149 [INFO] Capturing response: https://streamsport365.com/cinema 200 
2026-07-16 11:42:00,297 [INFO] Capturing request: https://hlsssssssssssss.edaesra.workers.dev/https://corestream.macsitesi.help//aspor/tracks-v1a1/mono.m3u8
2026-07-16 11:42:00,468 [INFO] Capturing response: https://hlsssssssssssss.edaesra.workers.dev/https://corestream.macsitesi.help//aspor/tracks-v1a1/mono.m3u8 404 
2026-07-16 11:42:02,862 [INFO]   ✅ M3U8 bulundu: https://hlsssssssssssss.edaesra.workers.dev/https://corestream.macsitesi.help//aspor/tracks-v1a1/mono.m3u8
2026-07-16 11:42:03,862 [INFO] 
[11/14]
2026-07-16 11:42:03,863 [INFO] 🔍 Tivibu Spor 1 → https://atomsportv510.top/matches?id=tivibu-spor-1
2026-07-16 11:42:03,971 [INFO] Capturing request: https://atomsportv510.top/assets/js/clappr.js
2026-07-16 11:42:03,973 [INFO] Capturing request: https://atomsportv510.top/matches?id=tivibu-spor-1
2026-07-16 11:42:04,002 [INFO] Capturing response: https://atomsportv510.top/assets/js/clappr.js 200 
2026-07-16 11:42:04,040 [INFO] Capturing response: https://atomsportv510.top/matches?id=tivibu-spor-1 200 
2026-07-16 11:42:04,167 [INFO] Capturing request: https://teletv5.top/load/yayinlink.php?id=tivibu-spor-1
2026-07-16 11:42:04,172 [INFO] Capturing request: https://atomsportv510.top/favicon.ico
2026-07-16 11:42:04,211 [INFO] Capturing response: https://atomsportv510.top/favicon.ico 200 
2026-07-16 11:42:04,294 [INFO] Capturing request: https://streamsport365.com/cinema
2026-07-16 11:42:04,469 [INFO] Capturing response: https://teletv5.top/load/yayinlink.php?id=tivibu-spor-1 200 
2026-07-16 11:42:04,594 [INFO] Capturing response: https://streamsport365.com/cinema 200 
2026-07-16 11:42:04,715 [INFO] Capturing request: https://hlsssssssssssss.edaesra.workers.dev/https://corestream.macsitesi.help//trtspor/tracks-v1a1/mono.m3u8
2026-07-16 11:42:04,865 [INFO] Capturing response: https://hlsssssssssssss.edaesra.workers.dev/https://corestream.macsitesi.help//trtspor/tracks-v1a1/mono.m3u8 200 
2026-07-16 11:42:04,976 [INFO] Capturing request: https://securmar.edaesra.workers.dev/trtspor/tracks-v1a1/2026/07/16/11/41/57-06000.avif
2026-07-16 11:42:06,651 [INFO] Capturing response: https://securmar.edaesra.workers.dev/trtspor/tracks-v1a1/2026/07/16/11/41/57-06000.avif 200 
2026-07-16 11:42:06,903 [INFO] Capturing request: https://securmar.edaesra.workers.dev/trtspor/tracks-v1a1/2026/07/16/11/42/03-06000.avif
2026-07-16 11:42:07,087 [INFO]   ✅ M3U8 bulundu: https://hlsssssssssssss.edaesra.workers.dev/https://corestream.macsitesi.help//trtspor/tracks-v1a1/mono.m3u8
2026-07-16 11:42:08,087 [INFO] 
[12/14]
2026-07-16 11:42:08,087 [INFO] 🔍 Tivibu Spor 2 → https://atomsportv510.top/matches?id=tivibu-spor-2
2026-07-16 11:42:08,198 [INFO] Capturing request: https://atomsportv510.top/assets/js/clappr.js
2026-07-16 11:42:08,199 [INFO] Capturing request: https://atomsportv510.top/matches?id=tivibu-spor-2
2026-07-16 11:42:08,231 [INFO] Capturing response: https://atomsportv510.top/assets/js/clappr.js 200 
2026-07-16 11:42:08,277 [INFO] Capturing response: https://atomsportv510.top/matches?id=tivibu-spor-2 200 
2026-07-16 11:42:08,339 [INFO] Capturing request: https://streamsport365.com/cinema
2026-07-16 11:42:08,386 [INFO] Capturing response: https://securmar.edaesra.workers.dev/trtspor/tracks-v1a1/2026/07/16/11/42/03-06000.avif 200 
2026-07-16 11:42:08,434 [INFO] Capturing request: https://teletv5.top/load/yayinlink.php?id=tivibu-spor-2
2026-07-16 11:42:08,442 [INFO] Capturing request: https://atomsportv510.top/favicon.ico
2026-07-16 11:42:08,490 [INFO] Capturing response: https://atomsportv510.top/favicon.ico 200 
2026-07-16 11:42:08,624 [INFO] Capturing response: https://teletv5.top/load/yayinlink.php?id=tivibu-spor-2 200 
2026-07-16 11:42:08,645 [INFO] Capturing response: https://streamsport365.com/cinema 200 
2026-07-16 11:42:08,786 [INFO] Capturing request: https://hlsssssssssssss.edaesra.workers.dev/https://corestream.macsitesi.help//trtspor/tracks-v1a1/mono.m3u8
2026-07-16 11:42:08,945 [INFO] Capturing response: https://hlsssssssssssss.edaesra.workers.dev/https://corestream.macsitesi.help//trtspor/tracks-v1a1/mono.m3u8 200 
2026-07-16 11:42:09,095 [INFO] Capturing request: https://securmar.edaesra.workers.dev/trtspor/tracks-v1a1/2026/07/16/11/42/03-06000.avif
2026-07-16 11:42:10,396 [INFO] Capturing response: https://securmar.edaesra.workers.dev/trtspor/tracks-v1a1/2026/07/16/11/42/03-06000.avif 200 
2026-07-16 11:42:10,643 [INFO] Capturing request: https://securmar.edaesra.workers.dev/trtspor/tracks-v1a1/2026/07/16/11/42/09-06000.avif
2026-07-16 11:42:11,352 [INFO]   ✅ M3U8 bulundu: https://hlsssssssssssss.edaesra.workers.dev/https://corestream.macsitesi.help//trtspor/tracks-v1a1/mono.m3u8
2026-07-16 11:42:11,883 [INFO] Capturing response: https://securmar.edaesra.workers.dev/trtspor/tracks-v1a1/2026/07/16/11/42/09-06000.avif 200 
2026-07-16 11:42:12,110 [INFO] Capturing request: https://securmar.edaesra.workers.dev/trtspor/tracks-v1a1/2026/07/16/11/42/15-06000.avif
2026-07-16 11:42:12,353 [INFO] 
[13/14]
2026-07-16 11:42:12,353 [INFO] 🔍 Tivibu Spor 3 → https://atomsportv510.top/matches?id=tivibu-spor-3
2026-07-16 11:42:12,466 [INFO] Capturing request: https://atomsportv510.top/assets/js/clappr.js
2026-07-16 11:42:12,467 [INFO] Capturing request: https://atomsportv510.top/matches?id=tivibu-spor-3
2026-07-16 11:42:12,495 [INFO] Capturing response: https://atomsportv510.top/assets/js/clappr.js 200 
2026-07-16 11:42:12,531 [INFO] Capturing response: https://atomsportv510.top/matches?id=tivibu-spor-3 200 
2026-07-16 11:42:12,667 [INFO] Capturing request: https://teletv5.top/load/yayinlink.php?id=tivibu-spor-3
2026-07-16 11:42:12,667 [INFO] Capturing request: https://atomsportv510.top/favicon.ico
2026-07-16 11:42:12,712 [INFO] Capturing response: https://atomsportv510.top/favicon.ico 200 
2026-07-16 11:42:12,795 [INFO] Capturing request: https://streamsport365.com/cinema
2026-07-16 11:42:12,857 [INFO] Capturing response: https://teletv5.top/load/yayinlink.php?id=tivibu-spor-3 200 
2026-07-16 11:42:13,090 [INFO] Capturing response: https://streamsport365.com/cinema 200 
2026-07-16 11:42:13,210 [INFO] Capturing request: https://hlsssssssssssss.edaesra.workers.dev/https://corestream.macsitesi.help//trtspor/tracks-v1a1/mono.m3u8
2026-07-16 11:42:13,359 [INFO] Capturing response: https://hlsssssssssssss.edaesra.workers.dev/https://corestream.macsitesi.help//trtspor/tracks-v1a1/mono.m3u8 200 
2026-07-16 11:42:13,470 [INFO] Capturing request: https://securmar.edaesra.workers.dev/trtspor/tracks-v1a1/2026/07/16/11/42/09-06000.avif
2026-07-16 11:42:13,472 [INFO] Capturing response: https://securmar.edaesra.workers.dev/trtspor/tracks-v1a1/2026/07/16/11/42/15-06000.avif 200 
2026-07-16 11:42:14,625 [INFO] Capturing response: https://securmar.edaesra.workers.dev/trtspor/tracks-v1a1/2026/07/16/11/42/09-06000.avif 200 
2026-07-16 11:42:14,862 [INFO] Capturing request: https://securmar.edaesra.workers.dev/trtspor/tracks-v1a1/2026/07/16/11/42/15-06000.avif
2026-07-16 11:42:15,578 [INFO]   ✅ M3U8 bulundu: https://hlsssssssssssss.edaesra.workers.dev/https://corestream.macsitesi.help//trtspor/tracks-v1a1/mono.m3u8
2026-07-16 11:42:16,100 [INFO] Capturing response: https://securmar.edaesra.workers.dev/trtspor/tracks-v1a1/2026/07/16/11/42/15-06000.avif 200 
2026-07-16 11:42:16,344 [INFO] Capturing request: https://securmar.edaesra.workers.dev/trtspor/tracks-v1a1/2026/07/16/11/42/21-06000.avif
2026-07-16 11:42:16,579 [INFO] 
[14/14]
2026-07-16 11:42:16,579 [INFO] 🔍 Tivibu Spor 4 → https://atomsportv510.top/matches?id=tivibu-spor-4
2026-07-16 11:42:16,691 [INFO] Capturing request: https://atomsportv510.top/assets/js/clappr.js
2026-07-16 11:42:16,693 [INFO] Capturing request: https://atomsportv510.top/matches?id=tivibu-spor-4
2026-07-16 11:42:16,721 [INFO] Capturing response: https://atomsportv510.top/assets/js/clappr.js 200 
2026-07-16 11:42:16,762 [INFO] Capturing response: https://atomsportv510.top/matches?id=tivibu-spor-4 200 
2026-07-16 11:42:16,823 [INFO] Capturing request: https://streamsport365.com/cinema
2026-07-16 11:42:16,923 [INFO] Capturing request: https://atomsportv510.top/favicon.ico
2026-07-16 11:42:16,924 [INFO] Capturing request: https://teletv5.top/load/yayinlink.php?id=tivibu-spor-4
2026-07-16 11:42:16,963 [INFO] Capturing response: https://atomsportv510.top/favicon.ico 200 
2026-07-16 11:42:17,112 [INFO] Capturing response: https://teletv5.top/load/yayinlink.php?id=tivibu-spor-4 200 
2026-07-16 11:42:17,125 [INFO] Capturing response: https://streamsport365.com/cinema 200 
2026-07-16 11:42:17,909 [INFO] Capturing response: https://securmar.edaesra.workers.dev/trtspor/tracks-v1a1/2026/07/16/11/42/21-06000.avif 200 
2026-07-16 11:42:20,193 [INFO] Capturing request: https://update.googleapis.com/service/update2/json?cup2key=16:BTpDxO68wjvyIWLB22Y6o2tZeaxsZf904NcXbzSsJgs&cup2hreq=d292743f8a3dadc2a1546a609ee36ec4e7cf75cf908bbc49f8f1182c4b987651
2026-07-16 11:42:20,252 [INFO] Capturing response: https://update.googleapis.com/service/update2/json?cup2key=16:BTpDxO68wjvyIWLB22Y6o2tZeaxsZf904NcXbzSsJgs&cup2hreq=d292743f8a3dadc2a1546a609ee36ec4e7cf75cf908bbc49f8f1182c4b987651 200 
2026-07-16 11:42:20,258 [INFO] Capturing request: http://edgedl.me.gvt1.com/edgedl/diffgen-puffin/gcmjkmgdlgnkkcocmoeiminaijmmjnii/df2a22d5ecc7788c3330ebd5f856b41531c74f412a01ed7453d11284708009fe
2026-07-16 11:42:20,321 [INFO] Capturing response: http://edgedl.me.gvt1.com/edgedl/diffgen-puffin/gcmjkmgdlgnkkcocmoeiminaijmmjnii/df2a22d5ecc7788c3330ebd5f856b41531c74f412a01ed7453d11284708009fe 200 OK
2026-07-16 11:42:20,349 [INFO] Capturing request: https://update.googleapis.com/service/update2/json
2026-07-16 11:42:20,406 [INFO] Capturing response: https://update.googleapis.com/service/update2/json 200 
2026-07-16 11:42:20,451 [INFO] Capturing request: http://edgedl.me.gvt1.com/edgedl/release2/chrome_component/act755iove5gfhfm53s5dq5wj3ba_10651/hfnkpimlhhgieaddgfemjhofmfblmnib_10651_all_adui36e5mieyx3oatwuuovwobuia.crx3
2026-07-16 11:42:20,528 [INFO] Capturing response: http://edgedl.me.gvt1.com/edgedl/release2/chrome_component/act755iove5gfhfm53s5dq5wj3ba_10651/hfnkpimlhhgieaddgfemjhofmfblmnib_10651_all_adui36e5mieyx3oatwuuovwobuia.crx3 200 OK
2026-07-16 11:42:20,562 [INFO] Capturing request: https://update.googleapis.com/service/update2/json
2026-07-16 11:42:20,599 [INFO] Capturing response: https://update.googleapis.com/service/update2/json 200 
2026-07-16 11:42:50,106 [WARNING]   ❌ Tivibu Spor 4 için M3U8 bulunamadı
2026-07-16 11:42:51,174 [INFO] ✅ 13 kanal bulundu, playlist.m3u kaydedildi
