2026-05-11 07:44:59,932 [INFO] 🔎 Domain aralığı taranıyor: atomsportv490.top - atomsportv520.top
2026-05-11 07:45:05,772 [INFO]   ✅ Aktif domain bulundu: https://atomsportv503.top
2026-05-11 07:45:05,773 [INFO] 🌐 Kullanılan BASE_URL: https://atomsportv503.top
2026-05-11 07:45:05,774 [INFO] 🔗 Proxy Prefix: https://ronaldo.magnitude.workers.dev/?url=
2026-05-11 07:45:08,143 [INFO] ✅ SeleniumWire aktif
2026-05-11 07:45:08,144 [INFO] =======================================================
2026-05-11 07:45:08,144 [INFO]    M3U8 Scraper
2026-05-11 07:45:08,144 [INFO]    Base URL    : https://atomsportv503.top
2026-05-11 07:45:08,144 [INFO]    Proxy Prefix: https://ronaldo.magnitude.workers.dev/?url=
2026-05-11 07:45:08,144 [INFO]    Toplam      : 13 sayfa
2026-05-11 07:45:08,144 [INFO] =======================================================
2026-05-11 07:45:08,145 [INFO] 🔧 Driver başlatılıyor...
2026-05-11 07:45:09,071 [INFO] ✅ Driver başlatıldı
2026-05-11 07:45:09,071 [INFO] 
[1/13]
2026-05-11 07:45:09,071 [INFO] 
──────────────────────────────────────────────────
2026-05-11 07:45:09,071 [INFO] 🔍 beIN Sports 1 → https://atomsportv503.top/matches?id=bein-sports-1
2026-05-11 07:45:09,071 [INFO] ──────────────────────────────────────────────────
2026-05-11 07:45:43,877 [INFO]   📡 M3U8 bekleniyor (max 8s)...
2026-05-11 07:45:43,879 [INFO]   🎯 DOĞRU kanal bulundu: https://young-surf-88a9.pitpitvur.workers.dev/https://corestream.ronaldovurdu.help//hls/bein-sports-11.m3u8
2026-05-11 07:45:43,879 [INFO]   ✅ beIN Sports 1: https://young-surf-88a9.pitpitvur.workers.dev/https://corestream.ronaldovurdu.help//hls/bein-sports-11.m3u8
2026-05-11 07:45:44,879 [INFO] 
[2/13]
2026-05-11 07:45:44,879 [INFO] 
──────────────────────────────────────────────────
2026-05-11 07:45:44,879 [INFO] 🔍 beIN Sports 2 → https://atomsportv503.top/matches?id=bein-sports-2
2026-05-11 07:45:44,879 [INFO] ──────────────────────────────────────────────────
2026-05-11 07:46:17,144 [INFO]   📡 M3U8 bekleniyor (max 8s)...
2026-05-11 07:46:17,146 [INFO]   🎯 DOĞRU kanal bulundu: https://young-surf-88a9.pitpitvur.workers.dev/https://corestream.ronaldovurdu.help//hls/bein-sports-2.m3u8
2026-05-11 07:46:17,146 [INFO]   ✅ beIN Sports 2: https://young-surf-88a9.pitpitvur.workers.dev/https://corestream.ronaldovurdu.help//hls/bein-sports-2.m3u8
2026-05-11 07:46:18,146 [INFO] 
[3/13]
2026-05-11 07:46:18,146 [INFO] 
──────────────────────────────────────────────────
2026-05-11 07:46:18,146 [INFO] 🔍 beIN Sports 3 → https://atomsportv503.top/matches?id=bein-sports-3
2026-05-11 07:46:18,146 [INFO] ──────────────────────────────────────────────────
2026-05-11 07:46:50,386 [INFO]   📡 M3U8 bekleniyor (max 8s)...
2026-05-11 07:46:50,388 [INFO]   🎯 DOĞRU kanal bulundu: https://young-surf-88a9.pitpitvur.workers.dev/https://corestream.ronaldovurdu.help//hls/bein-sports-3.m3u8
2026-05-11 07:46:50,389 [INFO]   ✅ beIN Sports 3: https://young-surf-88a9.pitpitvur.workers.dev/https://corestream.ronaldovurdu.help//hls/bein-sports-3.m3u8
2026-05-11 07:46:51,389 [INFO] 
[4/13]
2026-05-11 07:46:51,389 [INFO] 
──────────────────────────────────────────────────
2026-05-11 07:46:51,389 [INFO] 🔍 beIN Sports 4 → https://atomsportv503.top/matches?id=bein-sports-4
2026-05-11 07:46:51,389 [INFO] ──────────────────────────────────────────────────
2026-05-11 07:47:23,171 [INFO]   📡 M3U8 bekleniyor (max 8s)...
2026-05-11 07:47:23,172 [INFO]   🎯 DOĞRU kanal bulundu: https://young-surf-88a9.pitpitvur.workers.dev/https://corestream.ronaldovurdu.help//hls/bein-sports-4.m3u8
2026-05-11 07:47:23,172 [INFO]   ✅ beIN Sports 4: https://young-surf-88a9.pitpitvur.workers.dev/https://corestream.ronaldovurdu.help//hls/bein-sports-4.m3u8
2026-05-11 07:47:24,172 [INFO] 
[5/13]
2026-05-11 07:47:24,172 [INFO] 
──────────────────────────────────────────────────
2026-05-11 07:47:24,172 [INFO] 🔍 beIN Sports 5 → https://atomsportv503.top/matches?id=bein-sports-5
2026-05-11 07:47:24,172 [INFO] ──────────────────────────────────────────────────
2026-05-11 07:47:55,917 [INFO]   📡 M3U8 bekleniyor (max 8s)...
2026-05-11 07:47:55,918 [INFO]   🎯 DOĞRU kanal bulundu: https://young-surf-88a9.pitpitvur.workers.dev/https://corestream.ronaldovurdu.help//hls/bein-sports-5.m3u8
2026-05-11 07:47:55,918 [INFO]   ✅ beIN Sports 5: https://young-surf-88a9.pitpitvur.workers.dev/https://corestream.ronaldovurdu.help//hls/bein-sports-5.m3u8
2026-05-11 07:47:56,918 [INFO] 
[6/13]
2026-05-11 07:47:56,918 [INFO] 
──────────────────────────────────────────────────
2026-05-11 07:47:56,919 [INFO] 🔍 beIN Sports Max 1 → https://atomsportv503.top/matches?id=bein-sports-max-1
2026-05-11 07:47:56,919 [INFO] ──────────────────────────────────────────────────
2026-05-11 07:48:28,683 [INFO]   📡 M3U8 bekleniyor (max 8s)...
2026-05-11 07:48:36,698 [INFO]   ❌ beIN Sports Max 1: M3U8 bulunamadı
2026-05-11 07:48:37,698 [INFO] 
[7/13]
2026-05-11 07:48:37,698 [INFO] 
──────────────────────────────────────────────────
2026-05-11 07:48:37,698 [INFO] 🔍 beIN Sports Max 2 → https://atomsportv503.top/matches?id=bein-sports-max-2
2026-05-11 07:48:37,699 [INFO] ──────────────────────────────────────────────────
2026-05-11 07:49:09,440 [INFO]   📡 M3U8 bekleniyor (max 8s)...
2026-05-11 07:49:09,440 [INFO]   🎯 DOĞRU kanal bulundu: https://young-surf-88a9.pitpitvur.workers.dev/https://corestream.ronaldovurdu.help//hls/bein-sports-max-2.m3u8
2026-05-11 07:49:09,440 [INFO]   ✅ beIN Sports Max 2: https://young-surf-88a9.pitpitvur.workers.dev/https://corestream.ronaldovurdu.help//hls/bein-sports-max-2.m3u8
2026-05-11 07:49:10,441 [INFO] 
[8/13]
2026-05-11 07:49:10,441 [INFO] 
──────────────────────────────────────────────────
2026-05-11 07:49:10,441 [INFO] 🔍 S Sport → https://atomsportv503.top/matches?id=s-sport
2026-05-11 07:49:10,441 [INFO] ──────────────────────────────────────────────────
2026-05-11 07:49:42,213 [INFO]   📡 M3U8 bekleniyor (max 8s)...
2026-05-11 07:49:42,214 [INFO]   🎯 DOĞRU kanal bulundu: https://young-surf-88a9.pitpitvur.workers.dev/https://corestream.ronaldovurdu.help//hls/s-sport.m3u8
2026-05-11 07:49:42,214 [INFO]   ✅ S Sport: https://young-surf-88a9.pitpitvur.workers.dev/https://corestream.ronaldovurdu.help//hls/s-sport.m3u8
2026-05-11 07:49:43,214 [INFO] 
[9/13]
2026-05-11 07:49:43,214 [INFO] 
──────────────────────────────────────────────────
2026-05-11 07:49:43,215 [INFO] 🔍 S Sport 2 → https://atomsportv503.top/matches?id=s-sport-2
2026-05-11 07:49:43,215 [INFO] ──────────────────────────────────────────────────
2026-05-11 07:50:14,984 [INFO]   📡 M3U8 bekleniyor (max 8s)...
2026-05-11 07:50:14,985 [INFO]   🎯 DOĞRU kanal bulundu: https://young-surf-88a9.pitpitvur.workers.dev/https://corestream.ronaldovurdu.help//hls/s-sport-2.m3u8
2026-05-11 07:50:14,985 [INFO]   ✅ S Sport 2: https://young-surf-88a9.pitpitvur.workers.dev/https://corestream.ronaldovurdu.help//hls/s-sport-2.m3u8
2026-05-11 07:50:15,985 [INFO] 
[10/13]
2026-05-11 07:50:15,985 [INFO] 
──────────────────────────────────────────────────
2026-05-11 07:50:15,985 [INFO] 🔍 Tivibu Spor 1 → https://atomsportv503.top/matches?id=tivibu-spor-1
2026-05-11 07:50:15,985 [INFO] ──────────────────────────────────────────────────
2026-05-11 07:50:47,768 [INFO]   📡 M3U8 bekleniyor (max 8s)...
2026-05-11 07:50:55,779 [INFO]   ❌ Tivibu Spor 1: M3U8 bulunamadı
2026-05-11 07:50:56,779 [INFO] 
[11/13]
2026-05-11 07:50:56,779 [INFO] 
──────────────────────────────────────────────────
2026-05-11 07:50:56,779 [INFO] 🔍 Tivibu Spor 2 → https://atomsportv503.top/matches?id=tivibu-spor-2
2026-05-11 07:50:56,779 [INFO] ──────────────────────────────────────────────────
2026-05-11 07:51:28,556 [INFO]   📡 M3U8 bekleniyor (max 8s)...
2026-05-11 07:51:36,566 [INFO]   ❌ Tivibu Spor 2: M3U8 bulunamadı
2026-05-11 07:51:37,566 [INFO] 
[12/13]
2026-05-11 07:51:37,566 [INFO] 
──────────────────────────────────────────────────
2026-05-11 07:51:37,566 [INFO] 🔍 Tivibu Spor 3 → https://atomsportv503.top/matches?id=tivibu-spor-3
2026-05-11 07:51:37,566 [INFO] ──────────────────────────────────────────────────
2026-05-11 07:52:09,353 [INFO]   📡 M3U8 bekleniyor (max 8s)...
2026-05-11 07:52:17,363 [INFO]   ❌ Tivibu Spor 3: M3U8 bulunamadı
2026-05-11 07:52:18,363 [INFO] 
[13/13]
2026-05-11 07:52:18,364 [INFO] 
──────────────────────────────────────────────────
2026-05-11 07:52:18,364 [INFO] 🔍 Tivibu Spor 4 → https://atomsportv503.top/matches?id=tivibu-spor-4
2026-05-11 07:52:18,364 [INFO] ──────────────────────────────────────────────────
2026-05-11 07:52:50,135 [INFO]   📡 M3U8 bekleniyor (max 8s)...
2026-05-11 07:52:58,145 [INFO]   ❌ Tivibu Spor 4: M3U8 bulunamadı
2026-05-11 07:52:59,207 [INFO] 🔒 Driver kapatıldı
2026-05-11 07:52:59,207 [INFO] 
=======================================================
2026-05-11 07:52:59,207 [INFO] 🏁 Tamamlandı!
2026-05-11 07:52:59,207 [INFO] 📺 Kanal : 8/13
2026-05-11 07:52:59,207 [INFO] ⏱️  Süre  : 471.1s
2026-05-11 07:52:59,207 [INFO] =======================================================
2026-05-11 07:52:59,207 [INFO] ✅ playlist.m3u kaydedildi (proxy prefix'li)
2026-05-11 07:52:59,207 [INFO] ✅ stats.json kaydedildi
