2026-06-29 10:09:42,523 [INFO] 🌐 BASE_URL: https://atomsportv508.top
2026-06-29 10:09:43,203 [INFO] Başlanıyor... 14 kanal taranacak
2026-06-29 10:09:43,204 [INFO] Using default request storage
2026-06-29 10:09:43,208 [INFO] Created proxy listening on 127.0.0.1:36231
2026-06-29 10:09:43,863 [INFO] Capturing request: http://clients2.google.com/time/1/current?cup2key=10:KSWsXSkrxjCSuzcnRh4tWm_Fntcdq3VRXPInXPr8UVU&cup2hreq=e3b0c44298fc1c149afbf4c8996fb92427ae41e4649b934ca495991b7852b855
2026-06-29 10:09:43,900 [INFO] Capturing response: http://clients2.google.com/time/1/current?cup2key=10:KSWsXSkrxjCSuzcnRh4tWm_Fntcdq3VRXPInXPr8UVU&cup2hreq=e3b0c44298fc1c149afbf4c8996fb92427ae41e4649b934ca495991b7852b855 200 OK
2026-06-29 10:09:44,021 [INFO] 
[1/14]
2026-06-29 10:09:44,021 [INFO] 🔍 beIN Sports 1 → https://atomsportv508.top/matches?id=bein-sports-1
2026-06-29 10:09:44,104 [INFO] Capturing request: https://update.googleapis.com/service/update2/json?cup2key=16:PbmK4H0A4xdkTSU57uo-A_ZseYDql1IeQsfNKIw5Gs0&cup2hreq=ad9453a9a4103cbba8e397dbf6a7715ed96efa230a6120fa1df8836d7aba30d1
2026-06-29 10:09:44,107 [INFO] Capturing request: https://accounts.google.com/ListAccounts?gpsia=1&source=ChromiumBrowser&json=standard&laf=b64bin
2026-06-29 10:09:44,143 [INFO] Capturing response: https://update.googleapis.com/service/update2/json?cup2key=16:PbmK4H0A4xdkTSU57uo-A_ZseYDql1IeQsfNKIw5Gs0&cup2hreq=ad9453a9a4103cbba8e397dbf6a7715ed96efa230a6120fa1df8836d7aba30d1 200 
2026-06-29 10:09:44,189 [INFO] Capturing request: https://update.googleapis.com/service/update2/json?cup2key=16:VJ9qItgFi0yTNbkSkXRYLdaiVSAZK0iNJ7C0pT_SVMQ&cup2hreq=2ec2713d0d068e1a0fb8c6fa1d5da0bc20b3191392d9869049948b411cae2e2b
2026-06-29 10:09:44,206 [INFO] Capturing request: https://atomsportv508.top/matches?id=bein-sports-1
2026-06-29 10:09:44,214 [INFO] Capturing response: https://accounts.google.com/ListAccounts?gpsia=1&source=ChromiumBrowser&json=standard&laf=b64bin 200 
2026-06-29 10:09:44,216 [INFO] Capturing response: https://update.googleapis.com/service/update2/json?cup2key=16:VJ9qItgFi0yTNbkSkXRYLdaiVSAZK0iNJ7C0pT_SVMQ&cup2hreq=2ec2713d0d068e1a0fb8c6fa1d5da0bc20b3191392d9869049948b411cae2e2b 200 
2026-06-29 10:09:44,292 [INFO] Capturing response: https://atomsportv508.top/matches?id=bein-sports-1 200 
2026-06-29 10:09:44,444 [INFO] Capturing request: https://atomsportv508.top/assets/js/clappr.js
2026-06-29 10:09:44,496 [INFO] Capturing response: https://atomsportv508.top/assets/js/clappr.js 200 
2026-06-29 10:09:44,500 [INFO] Capturing request: https://cdn.jsdelivr.net/npm/@clappr/player@latest/dist/clappr.min.js
2026-06-29 10:09:44,506 [INFO] Capturing request: https://cdnjs.cloudflare.com/ajax/libs/jquery/3.2.1/jquery.min.js
2026-06-29 10:09:44,516 [INFO] Capturing request: https://www.google.com/async/folae?async=_fmt:pb&udm=50&client_locale=en-US&client_country=ZZ
2026-06-29 10:09:44,529 [INFO] Capturing response: https://cdnjs.cloudflare.com/ajax/libs/jquery/3.2.1/jquery.min.js 200 
2026-06-29 10:09:44,543 [INFO] Capturing response: https://www.google.com/async/folae?async=_fmt:pb&udm=50&client_locale=en-US&client_country=ZZ 200 
2026-06-29 10:09:44,719 [INFO] Capturing request: https://static.cloudflareinsights.com/beacon.min.js/v833ccba57c9e4d2798f2e76cebdd09a11778172276447
2026-06-29 10:09:44,723 [INFO] Capturing response: https://cdn.jsdelivr.net/npm/@clappr/player@latest/dist/clappr.min.js 200 
2026-06-29 10:09:44,737 [INFO] Capturing response: https://static.cloudflareinsights.com/beacon.min.js/v833ccba57c9e4d2798f2e76cebdd09a11778172276447 200 
2026-06-29 10:09:44,847 [INFO] Capturing request: https://atomsportv508.top/cdn-cgi/rum?
2026-06-29 10:09:44,948 [INFO] Capturing request: https://atomsportv508.top/favicon.ico
2026-06-29 10:09:44,957 [INFO] Capturing response: https://atomsportv508.top/cdn-cgi/rum? 204 
2026-06-29 10:09:45,009 [INFO] Capturing response: https://atomsportv508.top/favicon.ico 200 
2026-06-29 10:09:45,012 [INFO] Capturing request: https://teletv5.top/load/yayinlink.php?id=bein-sports-1
2026-06-29 10:09:45,370 [INFO] Capturing response: https://teletv5.top/load/yayinlink.php?id=bein-sports-1 200 
2026-06-29 10:09:45,558 [INFO] Capturing request: https://streamsport365.com/cinema
2026-06-29 10:09:45,834 [INFO] Capturing response: https://streamsport365.com/cinema 200 
2026-06-29 10:09:45,965 [INFO] Capturing request: https://atomsportv508.top/assets/img/player_logo_6880e4e4c52ee.png
2026-06-29 10:09:46,011 [INFO] Capturing response: https://atomsportv508.top/assets/img/player_logo_6880e4e4c52ee.png 200 
2026-06-29 10:09:46,060 [INFO] Capturing request: https://hlssssssssssssssssss.yedeklinksa35.workers.dev/https://corestream.ronaldovurdu.help//trtspor/tracks-v1a1/mono.m3u8
2026-06-29 10:09:46,381 [INFO] Capturing response: https://hlssssssssssssssssss.yedeklinksa35.workers.dev/https://corestream.ronaldovurdu.help//trtspor/tracks-v1a1/mono.m3u8 200 
2026-06-29 10:09:46,617 [INFO] Capturing request: https://ts.yedeklinksa35.workers.dev/trtspor/tracks-v1a1/2026/06/29/10/09/56-06000.avif
2026-06-29 10:09:47,045 [INFO] Capturing request: https://android.clients.google.com/checkin
2026-06-29 10:09:47,113 [INFO] Capturing response: https://ts.yedeklinksa35.workers.dev/trtspor/tracks-v1a1/2026/06/29/10/09/56-06000.avif 200 
2026-06-29 10:09:47,130 [INFO] Capturing response: https://android.clients.google.com/checkin 200 
2026-06-29 10:09:47,184 [INFO] Capturing request: https://android.clients.google.com/c2dm/register3
2026-06-29 10:09:47,195 [INFO] Capturing request: https://android.clients.google.com/c2dm/register3
2026-06-29 10:09:47,199 [INFO] Capturing request: https://android.clients.google.com/c2dm/register3
2026-06-29 10:09:47,214 [INFO] Capturing response: https://android.clients.google.com/c2dm/register3 301 
2026-06-29 10:09:47,230 [INFO] Capturing response: https://android.clients.google.com/c2dm/register3 200 
2026-06-29 10:09:47,391 [INFO] Capturing request: https://ts.yedeklinksa35.workers.dev/trtspor/tracks-v1a1/2026/06/29/10/10/02-06000.avif
2026-06-29 10:09:47,529 [INFO] Capturing response: https://android.clients.google.com/c2dm/register3 200 
2026-06-29 10:09:47,858 [INFO] Capturing response: https://ts.yedeklinksa35.workers.dev/trtspor/tracks-v1a1/2026/06/29/10/10/02-06000.avif 200 
2026-06-29 10:09:47,901 [INFO]   ✅ M3U8 bulundu: https://hlssssssssssssssssss.yedeklinksa35.workers.dev/https://corestream.ronaldovurdu.help//trtspor/tracks-v1a1/mono.m3u8
2026-06-29 10:09:48,074 [INFO] Capturing request: https://ts.yedeklinksa35.workers.dev/trtspor/tracks-v1a1/2026/06/29/10/10/08-06000.avif
2026-06-29 10:09:48,512 [INFO] Capturing response: https://ts.yedeklinksa35.workers.dev/trtspor/tracks-v1a1/2026/06/29/10/10/08-06000.avif 200 
2026-06-29 10:09:48,903 [INFO] 
[2/14]
2026-06-29 10:09:48,903 [INFO] 🔍 beIN Sports 2 → https://atomsportv508.top/matches?id=bein-sports-2
2026-06-29 10:09:49,016 [INFO] Capturing request: https://atomsportv508.top/matches?id=bein-sports-2
2026-06-29 10:09:49,052 [INFO] Capturing response: https://atomsportv508.top/matches?id=bein-sports-2 200 
2026-06-29 10:09:49,064 [INFO] Capturing request: https://atomsportv508.top/cdn-cgi/rum?
2026-06-29 10:09:49,108 [INFO] Capturing request: https://streamsport365.com/cinema
2026-06-29 10:09:49,114 [INFO] Capturing request: https://atomsportv508.top/cdn-cgi/rum?
2026-06-29 10:09:49,212 [INFO] Capturing request: https://teletv5.top/load/yayinlink.php?id=bein-sports-2
2026-06-29 10:09:49,215 [INFO] Capturing request: https://atomsportv508.top/favicon.ico
2026-06-29 10:09:49,217 [INFO] Capturing response: https://atomsportv508.top/cdn-cgi/rum? 204 
2026-06-29 10:09:49,248 [INFO] Capturing response: https://atomsportv508.top/favicon.ico 200 
2026-06-29 10:09:49,265 [INFO] Capturing response: https://atomsportv508.top/cdn-cgi/rum? 204 
2026-06-29 10:09:49,375 [INFO] Capturing response: https://teletv5.top/load/yayinlink.php?id=bein-sports-2 200 
2026-06-29 10:09:49,388 [INFO] Capturing response: https://streamsport365.com/cinema 200 
2026-06-29 10:09:49,508 [INFO] Capturing request: https://hlssssssssssssssssss.yedeklinksa35.workers.dev/https://corestream.ronaldovurdu.help//bein2/tracks-v1a1/mono.m3u8
2026-06-29 10:09:49,656 [INFO] Capturing response: https://hlssssssssssssssssss.yedeklinksa35.workers.dev/https://corestream.ronaldovurdu.help//bein2/tracks-v1a1/mono.m3u8 200 
2026-06-29 10:09:49,765 [INFO] Capturing request: https://ts.yedeklinksa35.workers.dev/bein2/tracks-v1a1/2026/06/29/10/09/34-07760.avif
2026-06-29 10:09:52,125 [INFO]   ✅ M3U8 bulundu: https://hlssssssssssssssssss.yedeklinksa35.workers.dev/https://corestream.ronaldovurdu.help//bein2/tracks-v1a1/mono.m3u8
2026-06-29 10:09:53,126 [INFO] 
[3/14]
2026-06-29 10:09:53,126 [INFO] 🔍 beIN Sports 3 → https://atomsportv508.top/matches?id=bein-sports-3
2026-06-29 10:09:53,236 [INFO] Capturing request: https://atomsportv508.top/assets/js/clappr.js
2026-06-29 10:09:53,238 [INFO] Capturing request: https://atomsportv508.top/matches?id=bein-sports-3
2026-06-29 10:09:53,256 [INFO] Capturing response: https://atomsportv508.top/assets/js/clappr.js 200 
2026-06-29 10:09:53,279 [INFO] Capturing response: https://ts.yedeklinksa35.workers.dev/bein2/tracks-v1a1/2026/06/29/10/09/34-07760.avif 200 
2026-06-29 10:09:53,282 [INFO] Capturing response: https://atomsportv508.top/matches?id=bein-sports-3 200 
2026-06-29 10:09:53,298 [INFO] Capturing request: https://atomsportv508.top/cdn-cgi/rum?
2026-06-29 10:09:53,330 [INFO] Capturing request: https://atomsportv508.top/cdn-cgi/rum?
2026-06-29 10:09:53,427 [INFO] Capturing request: https://teletv5.top/load/yayinlink.php?id=bein-sports-3
2026-06-29 10:09:53,438 [INFO] Capturing response: https://atomsportv508.top/cdn-cgi/rum? 204 
2026-06-29 10:09:53,439 [INFO] Capturing request: https://atomsportv508.top/favicon.ico
2026-06-29 10:09:53,472 [INFO] Capturing response: https://atomsportv508.top/favicon.ico 200 
2026-06-29 10:09:53,484 [INFO] Capturing response: https://atomsportv508.top/cdn-cgi/rum? 204 
2026-06-29 10:09:53,545 [INFO] Capturing request: https://streamsport365.com/cinema
2026-06-29 10:09:53,591 [INFO] Capturing response: https://teletv5.top/load/yayinlink.php?id=bein-sports-3 200 
2026-06-29 10:09:53,820 [INFO] Capturing response: https://streamsport365.com/cinema 200 
2026-06-29 10:10:08,859 [INFO] Capturing request: https://android.clients.google.com/c2dm/register3
2026-06-29 10:10:08,886 [INFO] Capturing response: https://android.clients.google.com/c2dm/register3 301 
2026-06-29 10:10:10,219 [INFO] Capturing request: https://android.clients.google.com/c2dm/register3
2026-06-29 10:10:10,596 [INFO] Capturing response: https://android.clients.google.com/c2dm/register3 200 
2026-06-29 10:10:26,642 [WARNING]   ❌ beIN Sports 3 için M3U8 bulunamadı
2026-06-29 10:10:27,643 [INFO] 
[4/14]
2026-06-29 10:10:27,643 [INFO] 🔍 beIN Sports 4 → https://atomsportv508.top/matches?id=bein-sports-4
2026-06-29 10:10:27,751 [INFO] Capturing request: https://atomsportv508.top/assets/js/clappr.js
2026-06-29 10:10:27,753 [INFO] Capturing request: https://atomsportv508.top/matches?id=bein-sports-4
2026-06-29 10:10:27,771 [INFO] Capturing response: https://atomsportv508.top/assets/js/clappr.js 200 
2026-06-29 10:10:28,320 [INFO] Capturing response: https://atomsportv508.top/matches?id=bein-sports-4 200 
2026-06-29 10:10:28,329 [INFO] Capturing request: https://atomsportv508.top/cdn-cgi/rum?
2026-06-29 10:10:28,358 [INFO] Capturing request: https://atomsportv508.top/cdn-cgi/rum?
2026-06-29 10:10:28,439 [INFO] Capturing response: https://atomsportv508.top/cdn-cgi/rum? 204 
2026-06-29 10:10:28,458 [INFO] Capturing request: https://teletv5.top/load/yayinlink.php?id=bein-sports-4
2026-06-29 10:10:28,460 [INFO] Capturing request: https://atomsportv508.top/favicon.ico
2026-06-29 10:10:28,499 [INFO] Capturing response: https://atomsportv508.top/favicon.ico 200 
2026-06-29 10:10:28,509 [INFO] Capturing response: https://atomsportv508.top/cdn-cgi/rum? 204 
2026-06-29 10:10:28,573 [INFO] Capturing request: https://streamsport365.com/cinema
2026-06-29 10:10:28,624 [INFO] Capturing response: https://teletv5.top/load/yayinlink.php?id=bein-sports-4 200 
2026-06-29 10:10:28,858 [INFO] Capturing response: https://streamsport365.com/cinema 200 
2026-06-29 10:10:43,865 [INFO] Capturing request: https://update.googleapis.com/service/update2/json?cup2key=16:RnRhhwwEDtXSb87clfx9Dlvmzmu-mgqXXl5OxbPZUds&cup2hreq=89e727adbfce937739106aa34c660e41b517e13a6e04e4c8bac59f0ba9539778
2026-06-29 10:10:43,892 [INFO] Capturing response: https://update.googleapis.com/service/update2/json?cup2key=16:RnRhhwwEDtXSb87clfx9Dlvmzmu-mgqXXl5OxbPZUds&cup2hreq=89e727adbfce937739106aa34c660e41b517e13a6e04e4c8bac59f0ba9539778 200 
2026-06-29 10:10:43,898 [INFO] Capturing request: http://edgedl.me.gvt1.com/edgedl/diffgen-puffin/gcmjkmgdlgnkkcocmoeiminaijmmjnii/df2a22d5ecc7788c3330ebd5f856b41531c74f412a01ed7453d11284708009fe
2026-06-29 10:10:43,910 [INFO] Capturing response: http://edgedl.me.gvt1.com/edgedl/diffgen-puffin/gcmjkmgdlgnkkcocmoeiminaijmmjnii/df2a22d5ecc7788c3330ebd5f856b41531c74f412a01ed7453d11284708009fe 200 OK
2026-06-29 10:10:43,935 [INFO] Capturing request: https://update.googleapis.com/service/update2/json
2026-06-29 10:10:43,958 [INFO] Capturing response: https://update.googleapis.com/service/update2/json 200 
2026-06-29 10:10:44,003 [INFO] Capturing request: http://edgedl.me.gvt1.com/edgedl/release2/chrome_component/adatgdzomjan6nked4a77j457bta_10616/hfnkpimlhhgieaddgfemjhofmfblmnib_10616_all_ad4f7eqi4cjmwqa43kf5evqd62ua.crx3
2026-06-29 10:10:44,024 [INFO] Capturing response: http://edgedl.me.gvt1.com/edgedl/release2/chrome_component/adatgdzomjan6nked4a77j457bta_10616/hfnkpimlhhgieaddgfemjhofmfblmnib_10616_all_ad4f7eqi4cjmwqa43kf5evqd62ua.crx3 200 OK
2026-06-29 10:10:44,058 [INFO] Capturing request: https://update.googleapis.com/service/update2/json
2026-06-29 10:10:44,084 [INFO] Capturing response: https://update.googleapis.com/service/update2/json 200 
2026-06-29 10:11:01,645 [WARNING]   ❌ beIN Sports 4 için M3U8 bulunamadı
2026-06-29 10:11:01,671 [INFO] Capturing request: https://android.clients.google.com/c2dm/register3
2026-06-29 10:11:01,699 [INFO] Capturing response: https://android.clients.google.com/c2dm/register3 301 
2026-06-29 10:11:02,645 [INFO] 
[5/14]
2026-06-29 10:11:02,646 [INFO] 🔍 beIN Sports 5 → https://atomsportv508.top/matches?id=bein-sports-5
2026-06-29 10:11:02,800 [INFO] Capturing request: https://atomsportv508.top/matches?id=bein-sports-5
2026-06-29 10:11:02,805 [INFO] Capturing request: https://atomsportv508.top/assets/js/clappr.js
2026-06-29 10:11:02,826 [INFO] Capturing response: https://atomsportv508.top/assets/js/clappr.js 200 
2026-06-29 10:11:03,286 [INFO] Capturing response: https://atomsportv508.top/matches?id=bein-sports-5 200 
2026-06-29 10:11:03,295 [INFO] Capturing request: https://atomsportv508.top/cdn-cgi/rum?
2026-06-29 10:11:03,321 [INFO] Capturing request: https://atomsportv508.top/cdn-cgi/rum?
2026-06-29 10:11:03,425 [INFO] Capturing request: https://atomsportv508.top/favicon.ico
2026-06-29 10:11:03,433 [INFO] Capturing response: https://atomsportv508.top/cdn-cgi/rum? 204 
2026-06-29 10:11:03,435 [INFO] Capturing response: https://atomsportv508.top/cdn-cgi/rum? 204 
2026-06-29 10:11:03,456 [INFO] Capturing response: https://atomsportv508.top/favicon.ico 200 
2026-06-29 10:11:03,464 [INFO] Capturing request: https://teletv5.top/load/yayinlink.php?id=bein-sports-5
2026-06-29 10:11:03,635 [INFO] Capturing response: https://teletv5.top/load/yayinlink.php?id=bein-sports-5 200 
2026-06-29 10:11:03,967 [INFO] Capturing request: https://streamsport365.com/cinema
2026-06-29 10:11:04,245 [INFO] Capturing response: https://streamsport365.com/cinema 200 
2026-06-29 10:11:36,592 [WARNING]   ❌ beIN Sports 5 için M3U8 bulunamadı
2026-06-29 10:11:37,592 [INFO] 
[6/14]
2026-06-29 10:11:37,592 [INFO] 🔍 beIN Sports Max 1 → https://atomsportv508.top/matches?id=bein-sports-max-1
2026-06-29 10:11:37,701 [INFO] Capturing request: https://atomsportv508.top/assets/js/clappr.js
2026-06-29 10:11:37,703 [INFO] Capturing request: https://atomsportv508.top/matches?id=bein-sports-max-1
2026-06-29 10:11:37,721 [INFO] Capturing response: https://atomsportv508.top/assets/js/clappr.js 200 
2026-06-29 10:11:37,966 [INFO] Capturing response: https://atomsportv508.top/matches?id=bein-sports-max-1 200 
2026-06-29 10:11:37,975 [INFO] Capturing request: https://atomsportv508.top/cdn-cgi/rum?
2026-06-29 10:11:38,003 [INFO] Capturing request: https://atomsportv508.top/cdn-cgi/rum?
2026-06-29 10:11:38,083 [INFO] Capturing response: https://atomsportv508.top/cdn-cgi/rum? 204 
2026-06-29 10:11:38,101 [INFO] Capturing request: https://teletv5.top/load/yayinlink.php?id=bein-sports-max-1
2026-06-29 10:11:38,108 [INFO] Capturing request: https://atomsportv508.top/favicon.ico
2026-06-29 10:11:38,146 [INFO] Capturing response: https://atomsportv508.top/favicon.ico 200 
2026-06-29 10:11:38,153 [INFO] Capturing response: https://atomsportv508.top/cdn-cgi/rum? 204 
2026-06-29 10:11:38,215 [INFO] Capturing request: https://streamsport365.com/cinema
2026-06-29 10:11:38,269 [INFO] Capturing response: https://teletv5.top/load/yayinlink.php?id=bein-sports-max-1 200 
2026-06-29 10:11:38,492 [INFO] Capturing response: https://streamsport365.com/cinema 200 
2026-06-29 10:12:11,270 [WARNING]   ❌ beIN Sports Max 1 için M3U8 bulunamadı
2026-06-29 10:12:12,271 [INFO] 
[7/14]
2026-06-29 10:12:12,271 [INFO] 🔍 beIN Sports Max 2 → https://atomsportv508.top/matches?id=bein-sports-max-2
2026-06-29 10:12:12,379 [INFO] Capturing request: https://atomsportv508.top/assets/js/clappr.js
2026-06-29 10:12:12,381 [INFO] Capturing request: https://atomsportv508.top/matches?id=bein-sports-max-2
2026-06-29 10:12:12,400 [INFO] Capturing response: https://atomsportv508.top/assets/js/clappr.js 200 
2026-06-29 10:12:12,642 [INFO] Capturing response: https://atomsportv508.top/matches?id=bein-sports-max-2 200 
2026-06-29 10:12:12,651 [INFO] Capturing request: https://atomsportv508.top/cdn-cgi/rum?
2026-06-29 10:12:12,694 [INFO] Capturing request: https://atomsportv508.top/cdn-cgi/rum?
2026-06-29 10:12:12,759 [INFO] Capturing response: https://atomsportv508.top/cdn-cgi/rum? 204 
2026-06-29 10:12:12,789 [INFO] Capturing request: https://teletv5.top/load/yayinlink.php?id=bein-sports-max-2
2026-06-29 10:12:12,795 [INFO] Capturing request: https://atomsportv508.top/favicon.ico
2026-06-29 10:12:12,831 [INFO] Capturing response: https://atomsportv508.top/favicon.ico 200 
2026-06-29 10:12:12,843 [INFO] Capturing response: https://atomsportv508.top/cdn-cgi/rum? 204 
2026-06-29 10:12:12,900 [INFO] Capturing request: https://streamsport365.com/cinema
2026-06-29 10:12:12,958 [INFO] Capturing response: https://teletv5.top/load/yayinlink.php?id=bein-sports-max-2 200 
2026-06-29 10:12:13,183 [INFO] Capturing response: https://streamsport365.com/cinema 200 
2026-06-29 10:12:45,959 [WARNING]   ❌ beIN Sports Max 2 için M3U8 bulunamadı
2026-06-29 10:12:46,960 [INFO] 
[8/14]
2026-06-29 10:12:46,960 [INFO] 🔍 S Sport → https://atomsportv508.top/matches?id=s-sport
2026-06-29 10:12:47,068 [INFO] Capturing request: https://atomsportv508.top/assets/js/clappr.js
2026-06-29 10:12:47,070 [INFO] Capturing request: https://atomsportv508.top/matches?id=s-sport
2026-06-29 10:12:47,087 [INFO] Capturing response: https://atomsportv508.top/assets/js/clappr.js 200 
2026-06-29 10:12:47,329 [INFO] Capturing response: https://atomsportv508.top/matches?id=s-sport 200 
2026-06-29 10:12:47,338 [INFO] Capturing request: https://atomsportv508.top/cdn-cgi/rum?
2026-06-29 10:12:47,367 [INFO] Capturing request: https://atomsportv508.top/cdn-cgi/rum?
2026-06-29 10:12:47,446 [INFO] Capturing response: https://atomsportv508.top/cdn-cgi/rum? 204 
2026-06-29 10:12:47,465 [INFO] Capturing request: https://teletv5.top/load/yayinlink.php?id=s-sport
2026-06-29 10:12:47,471 [INFO] Capturing request: https://atomsportv508.top/favicon.ico
2026-06-29 10:12:47,502 [INFO] Capturing response: https://atomsportv508.top/favicon.ico 200 
2026-06-29 10:12:47,517 [INFO] Capturing response: https://atomsportv508.top/cdn-cgi/rum? 204 
2026-06-29 10:12:47,582 [INFO] Capturing request: https://streamsport365.com/cinema
2026-06-29 10:12:47,633 [INFO] Capturing response: https://teletv5.top/load/yayinlink.php?id=s-sport 200 
2026-06-29 10:12:47,873 [INFO] Capturing response: https://streamsport365.com/cinema 200 
2026-06-29 10:12:48,028 [INFO] Capturing request: https://hlssssssssssssssssss.yedeklinksa35.workers.dev/https://corestream.ronaldovurdu.help//s-sportt/tracks-v1a1/mono.m3u8
2026-06-29 10:12:48,243 [INFO] Capturing response: https://hlssssssssssssssssss.yedeklinksa35.workers.dev/https://corestream.ronaldovurdu.help//s-sportt/tracks-v1a1/mono.m3u8 200 
2026-06-29 10:12:48,426 [INFO] Capturing request: https://ts.yedeklinksa35.workers.dev/s-sportt/tracks-v1a1/2026/06/29/10/12/50-06000.avif
2026-06-29 10:12:48,924 [INFO] Capturing response: https://ts.yedeklinksa35.workers.dev/s-sportt/tracks-v1a1/2026/06/29/10/12/50-06000.avif 200 
2026-06-29 10:12:50,383 [INFO]   ✅ M3U8 bulundu: https://hlssssssssssssssssss.yedeklinksa35.workers.dev/https://corestream.ronaldovurdu.help//s-sportt/tracks-v1a1/mono.m3u8
2026-06-29 10:12:50,673 [INFO] Capturing request: https://android.clients.google.com/c2dm/register3
2026-06-29 10:12:50,697 [INFO] Capturing response: https://android.clients.google.com/c2dm/register3 301 
2026-06-29 10:12:51,383 [INFO] 
[9/14]
2026-06-29 10:12:51,383 [INFO] 🔍 S Sport 2 → https://atomsportv508.top/matches?id=s-sport-2
2026-06-29 10:12:51,493 [INFO] Capturing request: https://atomsportv508.top/matches?id=s-sport-2
2026-06-29 10:12:51,494 [INFO] Capturing request: https://atomsportv508.top/assets/js/clappr.js
2026-06-29 10:12:51,528 [INFO] Capturing response: https://atomsportv508.top/matches?id=s-sport-2 200 
2026-06-29 10:12:51,539 [INFO] Capturing request: https://atomsportv508.top/cdn-cgi/rum?
2026-06-29 10:12:51,568 [INFO] Capturing request: https://streamsport365.com/cinema
2026-06-29 10:12:51,576 [INFO] Capturing request: https://atomsportv508.top/cdn-cgi/rum?
2026-06-29 10:12:51,645 [INFO] Capturing response: https://atomsportv508.top/assets/js/clappr.js 200 
2026-06-29 10:12:51,665 [INFO] Capturing request: https://teletv5.top/load/yayinlink.php?id=s-sport-2
2026-06-29 10:12:51,680 [INFO] Capturing request: https://atomsportv508.top/favicon.ico
2026-06-29 10:12:51,684 [INFO] Capturing response: https://atomsportv508.top/cdn-cgi/rum? 204 
2026-06-29 10:12:51,685 [INFO] Capturing response: https://atomsportv508.top/cdn-cgi/rum? 204 
2026-06-29 10:12:51,709 [INFO] Capturing response: https://atomsportv508.top/favicon.ico 200 
2026-06-29 10:12:51,832 [INFO] Capturing response: https://teletv5.top/load/yayinlink.php?id=s-sport-2 200 
2026-06-29 10:12:51,853 [INFO] Capturing response: https://streamsport365.com/cinema 200 
2026-06-29 10:12:51,991 [INFO] Capturing request: https://hlssssssssssssssssss.yedeklinksa35.workers.dev/https://corestream.ronaldovurdu.help//s-sport2/tracks-v1a1/mono.m3u8
2026-06-29 10:12:52,139 [INFO] Capturing response: https://hlssssssssssssssssss.yedeklinksa35.workers.dev/https://corestream.ronaldovurdu.help//s-sport2/tracks-v1a1/mono.m3u8 200 
2026-06-29 10:12:52,248 [INFO] Capturing request: https://ts.yedeklinksa35.workers.dev/s-sport2/tracks-v1a1/2026/06/29/10/13/57-06000.avif
2026-06-29 10:12:52,683 [INFO] Capturing response: https://ts.yedeklinksa35.workers.dev/s-sport2/tracks-v1a1/2026/06/29/10/13/57-06000.avif 200 
2026-06-29 10:12:54,595 [INFO]   ✅ M3U8 bulundu: https://hlssssssssssssssssss.yedeklinksa35.workers.dev/https://corestream.ronaldovurdu.help//s-sport2/tracks-v1a1/mono.m3u8
2026-06-29 10:12:55,595 [INFO] 
[10/14]
2026-06-29 10:12:55,595 [INFO] 🔍 A Spor → https://atomsportv508.top/matches?id=a-spor
2026-06-29 10:12:55,704 [INFO] Capturing request: https://atomsportv508.top/assets/js/clappr.js
2026-06-29 10:12:55,706 [INFO] Capturing request: https://atomsportv508.top/matches?id=a-spor
2026-06-29 10:12:55,721 [INFO] Capturing response: https://atomsportv508.top/assets/js/clappr.js 200 
2026-06-29 10:12:55,752 [INFO] Capturing response: https://atomsportv508.top/matches?id=a-spor 200 
2026-06-29 10:12:55,763 [INFO] Capturing request: https://atomsportv508.top/cdn-cgi/rum?
2026-06-29 10:12:55,796 [INFO] Capturing request: https://atomsportv508.top/cdn-cgi/rum?
2026-06-29 10:12:55,897 [INFO] Capturing request: https://teletv5.top/load/yayinlink.php?id=a-spor
2026-06-29 10:12:55,902 [INFO] Capturing request: https://atomsportv508.top/favicon.ico
2026-06-29 10:12:55,905 [INFO] Capturing response: https://atomsportv508.top/cdn-cgi/rum? 204 
2026-06-29 10:12:55,907 [INFO] Capturing response: https://atomsportv508.top/cdn-cgi/rum? 204 
2026-06-29 10:12:55,932 [INFO] Capturing response: https://atomsportv508.top/favicon.ico 200 
2026-06-29 10:12:56,009 [INFO] Capturing request: https://streamsport365.com/cinema
2026-06-29 10:12:56,070 [INFO] Capturing response: https://teletv5.top/load/yayinlink.php?id=a-spor 200 
2026-06-29 10:12:56,284 [INFO] Capturing response: https://streamsport365.com/cinema 200 
2026-06-29 10:12:56,403 [INFO] Capturing request: https://hlssssssssssssssssss.yedeklinksa35.workers.dev/https://corestream.ronaldovurdu.help//aspor/tracks-v1a1/mono.m3u8
2026-06-29 10:12:56,544 [INFO] Capturing response: https://hlssssssssssssssssss.yedeklinksa35.workers.dev/https://corestream.ronaldovurdu.help//aspor/tracks-v1a1/mono.m3u8 200 
2026-06-29 10:12:56,653 [INFO] Capturing request: https://ts.yedeklinksa35.workers.dev/aspor/tracks-v1a1/2026/06/29/10/12/45-06000.avif
2026-06-29 10:12:57,316 [INFO] Capturing response: https://ts.yedeklinksa35.workers.dev/aspor/tracks-v1a1/2026/06/29/10/12/45-06000.avif 200 
2026-06-29 10:12:57,553 [INFO] Capturing request: https://ts.yedeklinksa35.workers.dev/aspor/tracks-v1a1/2026/06/29/10/12/51-06000.avif
2026-06-29 10:12:58,272 [INFO] Capturing response: https://ts.yedeklinksa35.workers.dev/aspor/tracks-v1a1/2026/06/29/10/12/51-06000.avif 200 
2026-06-29 10:12:58,495 [INFO] Capturing request: https://ts.yedeklinksa35.workers.dev/aspor/tracks-v1a1/2026/06/29/10/12/57-06000.avif
2026-06-29 10:12:58,817 [INFO]   ✅ M3U8 bulundu: https://hlssssssssssssssssss.yedeklinksa35.workers.dev/https://corestream.ronaldovurdu.help//aspor/tracks-v1a1/mono.m3u8
2026-06-29 10:12:59,045 [INFO] Capturing response: https://ts.yedeklinksa35.workers.dev/aspor/tracks-v1a1/2026/06/29/10/12/57-06000.avif 200 
2026-06-29 10:12:59,817 [INFO] 
[11/14]
2026-06-29 10:12:59,817 [INFO] 🔍 Tivibu Spor 1 → https://atomsportv508.top/matches?id=tivibu-spor-1
2026-06-29 10:12:59,927 [INFO] Capturing request: https://atomsportv508.top/assets/js/clappr.js
2026-06-29 10:12:59,929 [INFO] Capturing request: https://atomsportv508.top/matches?id=tivibu-spor-1
2026-06-29 10:12:59,945 [INFO] Capturing response: https://atomsportv508.top/assets/js/clappr.js 200 
2026-06-29 10:12:59,972 [INFO] Capturing response: https://atomsportv508.top/matches?id=tivibu-spor-1 200 
2026-06-29 10:12:59,980 [INFO] Capturing request: https://atomsportv508.top/cdn-cgi/rum?
2026-06-29 10:13:00,020 [INFO] Capturing request: https://atomsportv508.top/cdn-cgi/rum?
2026-06-29 10:13:00,021 [INFO] Capturing request: https://streamsport365.com/cinema
2026-06-29 10:13:00,111 [INFO] Capturing request: https://teletv5.top/load/yayinlink.php?id=tivibu-spor-1
2026-06-29 10:13:00,119 [INFO] Capturing request: https://atomsportv508.top/favicon.ico
2026-06-29 10:13:00,127 [INFO] Capturing response: https://atomsportv508.top/cdn-cgi/rum? 204 
2026-06-29 10:13:00,129 [INFO] Capturing response: https://atomsportv508.top/cdn-cgi/rum? 204 
2026-06-29 10:13:00,149 [INFO] Capturing response: https://atomsportv508.top/favicon.ico 200 
2026-06-29 10:13:00,278 [INFO] Capturing response: https://teletv5.top/load/yayinlink.php?id=tivibu-spor-1 200 
2026-06-29 10:13:00,297 [INFO] Capturing response: https://streamsport365.com/cinema 200 
2026-06-29 10:13:33,290 [WARNING]   ❌ Tivibu Spor 1 için M3U8 bulunamadı
2026-06-29 10:13:34,291 [INFO] 
[12/14]
2026-06-29 10:13:34,291 [INFO] 🔍 Tivibu Spor 2 → https://atomsportv508.top/matches?id=tivibu-spor-2
2026-06-29 10:13:34,403 [INFO] Capturing request: https://atomsportv508.top/matches?id=tivibu-spor-2
2026-06-29 10:13:34,403 [INFO] Capturing request: https://atomsportv508.top/assets/js/clappr.js
2026-06-29 10:13:34,467 [INFO] Capturing response: https://atomsportv508.top/assets/js/clappr.js 200 
2026-06-29 10:13:34,643 [INFO] Capturing response: https://atomsportv508.top/matches?id=tivibu-spor-2 200 
2026-06-29 10:13:34,652 [INFO] Capturing request: https://atomsportv508.top/cdn-cgi/rum?
2026-06-29 10:13:34,684 [INFO] Capturing request: https://atomsportv508.top/cdn-cgi/rum?
2026-06-29 10:13:34,783 [INFO] Capturing request: https://teletv5.top/load/yayinlink.php?id=tivibu-spor-2
2026-06-29 10:13:34,785 [INFO] Capturing request: https://atomsportv508.top/favicon.ico
2026-06-29 10:13:34,790 [INFO] Capturing response: https://atomsportv508.top/cdn-cgi/rum? 204 
2026-06-29 10:13:34,792 [INFO] Capturing response: https://atomsportv508.top/cdn-cgi/rum? 204 
2026-06-29 10:13:34,817 [INFO] Capturing response: https://atomsportv508.top/favicon.ico 200 
2026-06-29 10:13:34,896 [INFO] Capturing request: https://streamsport365.com/cinema
2026-06-29 10:13:34,948 [INFO] Capturing response: https://teletv5.top/load/yayinlink.php?id=tivibu-spor-2 200 
2026-06-29 10:13:35,179 [INFO] Capturing response: https://streamsport365.com/cinema 200 
2026-06-29 10:14:07,956 [WARNING]   ❌ Tivibu Spor 2 için M3U8 bulunamadı
2026-06-29 10:14:08,956 [INFO] 
[13/14]
2026-06-29 10:14:08,956 [INFO] 🔍 Tivibu Spor 3 → https://atomsportv508.top/matches?id=tivibu-spor-3
2026-06-29 10:14:09,065 [INFO] Capturing request: https://atomsportv508.top/assets/js/clappr.js
2026-06-29 10:14:09,067 [INFO] Capturing request: https://atomsportv508.top/matches?id=tivibu-spor-3
2026-06-29 10:14:09,084 [INFO] Capturing response: https://atomsportv508.top/assets/js/clappr.js 200 
2026-06-29 10:14:09,326 [INFO] Capturing response: https://atomsportv508.top/matches?id=tivibu-spor-3 200 
2026-06-29 10:14:09,334 [INFO] Capturing request: https://atomsportv508.top/cdn-cgi/rum?
2026-06-29 10:14:09,365 [INFO] Capturing request: https://atomsportv508.top/cdn-cgi/rum?
2026-06-29 10:14:09,442 [INFO] Capturing response: https://atomsportv508.top/cdn-cgi/rum? 204 
2026-06-29 10:14:09,458 [INFO] Capturing request: https://teletv5.top/load/yayinlink.php?id=tivibu-spor-3
2026-06-29 10:14:09,469 [INFO] Capturing request: https://atomsportv508.top/favicon.ico
2026-06-29 10:14:09,500 [INFO] Capturing response: https://atomsportv508.top/favicon.ico 200 
2026-06-29 10:14:09,513 [INFO] Capturing response: https://atomsportv508.top/cdn-cgi/rum? 204 
2026-06-29 10:14:09,579 [INFO] Capturing request: https://streamsport365.com/cinema
2026-06-29 10:14:09,629 [INFO] Capturing response: https://teletv5.top/load/yayinlink.php?id=tivibu-spor-3 200 
2026-06-29 10:14:09,861 [INFO] Capturing response: https://streamsport365.com/cinema 200 
2026-06-29 10:14:42,641 [WARNING]   ❌ Tivibu Spor 3 için M3U8 bulunamadı
2026-06-29 10:14:43,641 [INFO] 
[14/14]
2026-06-29 10:14:43,641 [INFO] 🔍 Tivibu Spor 4 → https://atomsportv508.top/matches?id=tivibu-spor-4
2026-06-29 10:14:43,749 [INFO] Capturing request: https://atomsportv508.top/assets/js/clappr.js
2026-06-29 10:14:43,751 [INFO] Capturing request: https://atomsportv508.top/matches?id=tivibu-spor-4
2026-06-29 10:14:43,769 [INFO] Capturing response: https://atomsportv508.top/assets/js/clappr.js 200 
2026-06-29 10:14:44,014 [INFO] Capturing response: https://atomsportv508.top/matches?id=tivibu-spor-4 200 
2026-06-29 10:14:44,023 [INFO] Capturing request: https://atomsportv508.top/cdn-cgi/rum?
2026-06-29 10:14:44,055 [INFO] Capturing request: https://atomsportv508.top/cdn-cgi/rum?
2026-06-29 10:14:44,132 [INFO] Capturing response: https://atomsportv508.top/cdn-cgi/rum? 204 
2026-06-29 10:14:44,152 [INFO] Capturing request: https://teletv5.top/load/yayinlink.php?id=tivibu-spor-4
2026-06-29 10:14:44,155 [INFO] Capturing request: https://atomsportv508.top/favicon.ico
2026-06-29 10:14:44,192 [INFO] Capturing response: https://atomsportv508.top/favicon.ico 200 
2026-06-29 10:14:44,203 [INFO] Capturing response: https://atomsportv508.top/cdn-cgi/rum? 204 
2026-06-29 10:14:44,265 [INFO] Capturing request: https://streamsport365.com/cinema
2026-06-29 10:14:44,319 [INFO] Capturing response: https://teletv5.top/load/yayinlink.php?id=tivibu-spor-4 200 
2026-06-29 10:14:44,551 [INFO] Capturing response: https://streamsport365.com/cinema 200 
2026-06-29 10:15:17,325 [WARNING]   ❌ Tivibu Spor 4 için M3U8 bulunamadı
2026-06-29 10:15:18,392 [INFO] ✅ 5 kanal bulundu, playlist.m3u kaydedildi
