2026-06-06 22:38:08,337 [INFO] 🌐 BASE_URL: https://atomsportv506.top
2026-06-06 22:38:09,310 [INFO] Başlanıyor... 14 kanal taranacak
2026-06-06 22:38:09,310 [INFO] Using default request storage
2026-06-06 22:38:09,315 [INFO] Created proxy listening on 127.0.0.1:44603
2026-06-06 22:38:09,976 [INFO] Capturing request: http://clients2.google.com/time/1/current?cup2key=10:2UxMPSC21gy3FaYSsqOjk0S1w0baAMOmEh2JyFoOuXk&cup2hreq=e3b0c44298fc1c149afbf4c8996fb92427ae41e4649b934ca495991b7852b855
2026-06-06 22:38:10,009 [INFO] Capturing response: http://clients2.google.com/time/1/current?cup2key=10:2UxMPSC21gy3FaYSsqOjk0S1w0baAMOmEh2JyFoOuXk&cup2hreq=e3b0c44298fc1c149afbf4c8996fb92427ae41e4649b934ca495991b7852b855 200 OK
2026-06-06 22:38:10,101 [INFO] 
[1/14]
2026-06-06 22:38:10,102 [INFO] 🔍 beIN Sports 1 → https://atomsportv506.top/matches?id=bein-sports-1
2026-06-06 22:38:10,135 [INFO] Capturing request: https://accounts.google.com/ListAccounts?gpsia=1&source=ChromiumBrowser&json=standard&laf=b64bin
2026-06-06 22:38:10,189 [INFO] Capturing response: https://accounts.google.com/ListAccounts?gpsia=1&source=ChromiumBrowser&json=standard&laf=b64bin 200 
2026-06-06 22:38:10,261 [INFO] Capturing request: https://atomsportv506.top/matches?id=bein-sports-1
2026-06-06 22:38:10,335 [INFO] Capturing response: https://atomsportv506.top/matches?id=bein-sports-1 200 
2026-06-06 22:38:10,486 [INFO] Capturing request: https://atomsportv506.top/assets/js/clappr.js
2026-06-06 22:38:10,490 [INFO] Capturing request: https://www.google.com/async/folae?async=_fmt:pb&udm=50&client_locale=en-US
2026-06-06 22:38:10,512 [INFO] Capturing response: https://atomsportv506.top/assets/js/clappr.js 200 
2026-06-06 22:38:10,513 [INFO] Capturing response: https://www.google.com/async/folae?async=_fmt:pb&udm=50&client_locale=en-US 200 
2026-06-06 22:38:10,539 [INFO] Capturing request: https://cdnjs.cloudflare.com/ajax/libs/jquery/3.2.1/jquery.min.js
2026-06-06 22:38:10,555 [INFO] Capturing request: https://cdn.jsdelivr.net/npm/@clappr/player@latest/dist/clappr.min.js
2026-06-06 22:38:10,560 [INFO] Capturing response: https://cdnjs.cloudflare.com/ajax/libs/jquery/3.2.1/jquery.min.js 200 
2026-06-06 22:38:10,582 [INFO] Capturing response: https://cdn.jsdelivr.net/npm/@clappr/player@latest/dist/clappr.min.js 200 
2026-06-06 22:38:10,758 [INFO] Capturing request: https://static.cloudflareinsights.com/beacon.min.js/v833ccba57c9e4d2798f2e76cebdd09a11778172276447
2026-06-06 22:38:10,773 [INFO] Capturing response: https://static.cloudflareinsights.com/beacon.min.js/v833ccba57c9e4d2798f2e76cebdd09a11778172276447 200 
2026-06-06 22:38:10,832 [INFO] Capturing request: https://atomsportv506.top/cdn-cgi/rum?
2026-06-06 22:38:10,935 [INFO] Capturing request: https://atomsportv506.top/favicon.ico
2026-06-06 22:38:10,984 [INFO] Capturing request: https://teletv5.top/load/yayinlink.php?id=bein-sports-1
2026-06-06 22:38:10,986 [INFO] Capturing response: https://atomsportv506.top/cdn-cgi/rum? 204 
2026-06-06 22:38:11,010 [INFO] Capturing response: https://teletv5.top/load/yayinlink.php?id=bein-sports-1 200 
2026-06-06 22:38:11,022 [INFO] Capturing response: https://atomsportv506.top/favicon.ico 200 
2026-06-06 22:38:11,423 [INFO] Capturing request: https://streamsport365.com/cinema
2026-06-06 22:38:11,668 [INFO] Capturing response: https://streamsport365.com/cinema 200 
2026-06-06 22:38:11,798 [INFO] Capturing request: https://atomsportv506.top/assets/img/player_logo_6880e4e4c52ee.png
2026-06-06 22:38:11,832 [INFO] Capturing response: https://atomsportv506.top/assets/img/player_logo_6880e4e4c52ee.png 200 
2026-06-06 22:38:11,876 [INFO] Capturing request: https://hlssssssssssssssssss.yedeklinksa35.workers.dev/https://corestream.ronaldovurdu.help//s-sportt/tracks-v1a1/mono.m3u8
2026-06-06 22:38:12,004 [INFO] Capturing response: https://hlssssssssssssssssss.yedeklinksa35.workers.dev/https://corestream.ronaldovurdu.help//s-sportt/tracks-v1a1/mono.m3u8 200 
2026-06-06 22:38:12,252 [INFO] Capturing request: https://ts.yedeklinksa35.workers.dev/s-sportt/tracks-v1a1/2026/06/06/22/38/06-06000.avif
2026-06-06 22:38:12,571 [INFO] Capturing response: https://ts.yedeklinksa35.workers.dev/s-sportt/tracks-v1a1/2026/06/06/22/38/06-06000.avif 200 
2026-06-06 22:38:12,802 [INFO] Capturing request: https://android.clients.google.com/checkin
2026-06-06 22:38:12,839 [INFO] Capturing request: https://ts.yedeklinksa35.workers.dev/s-sportt/tracks-v1a1/2026/06/06/22/38/12-06000.avif
2026-06-06 22:38:12,890 [INFO] Capturing response: https://android.clients.google.com/checkin 200 
2026-06-06 22:38:12,937 [INFO] Capturing request: https://android.clients.google.com/c2dm/register3
2026-06-06 22:38:12,942 [INFO] Capturing request: https://android.clients.google.com/c2dm/register3
2026-06-06 22:38:12,946 [INFO] Capturing request: https://android.clients.google.com/c2dm/register3
2026-06-06 22:38:12,986 [INFO] Capturing response: https://android.clients.google.com/c2dm/register3 301 
2026-06-06 22:38:13,279 [INFO] Capturing response: https://ts.yedeklinksa35.workers.dev/s-sportt/tracks-v1a1/2026/06/06/22/38/12-06000.avif 200 
2026-06-06 22:38:13,479 [INFO] Capturing request: https://ts.yedeklinksa35.workers.dev/s-sportt/tracks-v1a1/2026/06/06/22/38/18-06000.avif
2026-06-06 22:38:13,665 [INFO] Capturing response: https://android.clients.google.com/c2dm/register3 200 
2026-06-06 22:38:13,856 [INFO] Capturing response: https://android.clients.google.com/c2dm/register3 200 
2026-06-06 22:38:13,898 [INFO]   ✅ M3U8 bulundu: https://hlssssssssssssssssss.yedeklinksa35.workers.dev/https://corestream.ronaldovurdu.help//s-sportt/tracks-v1a1/mono.m3u8
2026-06-06 22:38:13,923 [INFO] Capturing response: https://ts.yedeklinksa35.workers.dev/s-sportt/tracks-v1a1/2026/06/06/22/38/18-06000.avif 200 
2026-06-06 22:38:14,898 [INFO] 
[2/14]
2026-06-06 22:38:14,898 [INFO] 🔍 beIN Sports 2 → https://atomsportv506.top/matches?id=bein-sports-2
2026-06-06 22:38:15,010 [INFO] Capturing request: https://atomsportv506.top/matches?id=bein-sports-2
2026-06-06 22:38:15,053 [INFO] Capturing response: https://atomsportv506.top/matches?id=bein-sports-2 200 
2026-06-06 22:38:15,064 [INFO] Capturing request: https://atomsportv506.top/cdn-cgi/rum?
2026-06-06 22:38:15,106 [INFO] Capturing request: https://streamsport365.com/cinema
2026-06-06 22:38:15,113 [INFO] Capturing request: https://atomsportv506.top/cdn-cgi/rum?
2026-06-06 22:38:15,202 [INFO] Capturing request: https://teletv5.top/load/yayinlink.php?id=bein-sports-2
2026-06-06 22:38:15,215 [INFO] Capturing request: https://atomsportv506.top/favicon.ico
2026-06-06 22:38:15,216 [INFO] Capturing response: https://atomsportv506.top/cdn-cgi/rum? 204 
2026-06-06 22:38:15,240 [INFO] Capturing response: https://atomsportv506.top/favicon.ico 200 
2026-06-06 22:38:15,262 [INFO] Capturing response: https://atomsportv506.top/cdn-cgi/rum? 204 
2026-06-06 22:38:15,356 [INFO] Capturing response: https://teletv5.top/load/yayinlink.php?id=bein-sports-2 200 
2026-06-06 22:38:15,360 [INFO] Capturing response: https://streamsport365.com/cinema 200 
2026-06-06 22:38:15,480 [INFO] Capturing request: https://hlssssssssssssssssss.yedeklinksa35.workers.dev/https://corestream.ronaldovurdu.help//bein2/tracks-v1a1/mono.m3u8
2026-06-06 22:38:15,611 [INFO] Capturing response: https://hlssssssssssssssssss.yedeklinksa35.workers.dev/https://corestream.ronaldovurdu.help//bein2/tracks-v1a1/mono.m3u8 200 
2026-06-06 22:38:15,720 [INFO] Capturing request: https://ts.yedeklinksa35.workers.dev/bein2/tracks-v1a1/2026/06/06/22/38/22-10000.avif
2026-06-06 22:38:16,404 [INFO] Capturing response: https://ts.yedeklinksa35.workers.dev/bein2/tracks-v1a1/2026/06/06/22/38/22-10000.avif 200 
2026-06-06 22:38:16,617 [INFO] Capturing request: https://ts.yedeklinksa35.workers.dev/bein2/tracks-v1a1/2026/06/06/22/38/32-10000.avif
2026-06-06 22:38:16,940 [INFO] Capturing response: https://ts.yedeklinksa35.workers.dev/bein2/tracks-v1a1/2026/06/06/22/38/32-10000.avif 200 
2026-06-06 22:38:17,178 [INFO] Capturing request: https://ts.yedeklinksa35.workers.dev/bein2/tracks-v1a1/2026/06/06/22/38/42-10000.avif
2026-06-06 22:38:17,559 [INFO] Capturing response: https://ts.yedeklinksa35.workers.dev/bein2/tracks-v1a1/2026/06/06/22/38/42-10000.avif 200 
2026-06-06 22:38:18,132 [INFO]   ✅ M3U8 bulundu: https://hlssssssssssssssssss.yedeklinksa35.workers.dev/https://corestream.ronaldovurdu.help//bein2/tracks-v1a1/mono.m3u8
2026-06-06 22:38:19,132 [INFO] 
[3/14]
2026-06-06 22:38:19,133 [INFO] 🔍 beIN Sports 3 → https://atomsportv506.top/matches?id=bein-sports-3
2026-06-06 22:38:19,244 [INFO] Capturing request: https://atomsportv506.top/assets/js/clappr.js
2026-06-06 22:38:19,245 [INFO] Capturing request: https://atomsportv506.top/matches?id=bein-sports-3
2026-06-06 22:38:19,262 [INFO] Capturing response: https://atomsportv506.top/assets/js/clappr.js 200 
2026-06-06 22:38:19,305 [INFO] Capturing response: https://atomsportv506.top/matches?id=bein-sports-3 200 
2026-06-06 22:38:19,315 [INFO] Capturing request: https://atomsportv506.top/cdn-cgi/rum?
2026-06-06 22:38:19,346 [INFO] Capturing request: https://atomsportv506.top/cdn-cgi/rum?
2026-06-06 22:38:19,427 [INFO] Capturing response: https://atomsportv506.top/cdn-cgi/rum? 204 
2026-06-06 22:38:19,445 [INFO] Capturing request: https://teletv5.top/load/yayinlink.php?id=bein-sports-3
2026-06-06 22:38:19,448 [INFO] Capturing request: https://atomsportv506.top/favicon.ico
2026-06-06 22:38:19,473 [INFO] Capturing response: https://atomsportv506.top/favicon.ico 200 
2026-06-06 22:38:19,496 [INFO] Capturing response: https://atomsportv506.top/cdn-cgi/rum? 204 
2026-06-06 22:38:19,542 [INFO] Capturing request: https://streamsport365.com/cinema
2026-06-06 22:38:19,609 [INFO] Capturing response: https://teletv5.top/load/yayinlink.php?id=bein-sports-3 200 
2026-06-06 22:38:19,787 [INFO] Capturing response: https://streamsport365.com/cinema 200 
2026-06-06 22:38:41,121 [INFO] Capturing request: https://android.clients.google.com/c2dm/register3
2026-06-06 22:38:41,196 [INFO] Capturing response: https://android.clients.google.com/c2dm/register3 301 
2026-06-06 22:38:52,654 [WARNING]   ❌ beIN Sports 3 için M3U8 bulunamadı
2026-06-06 22:38:53,654 [INFO] 
[4/14]
2026-06-06 22:38:53,654 [INFO] 🔍 beIN Sports 4 → https://atomsportv506.top/matches?id=bein-sports-4
2026-06-06 22:38:53,762 [INFO] Capturing request: https://atomsportv506.top/assets/js/clappr.js
2026-06-06 22:38:53,765 [INFO] Capturing request: https://atomsportv506.top/matches?id=bein-sports-4
2026-06-06 22:38:53,782 [INFO] Capturing response: https://atomsportv506.top/assets/js/clappr.js 200 
2026-06-06 22:38:54,295 [INFO] Capturing response: https://atomsportv506.top/matches?id=bein-sports-4 200 
2026-06-06 22:38:54,304 [INFO] Capturing request: https://atomsportv506.top/cdn-cgi/rum?
2026-06-06 22:38:54,334 [INFO] Capturing request: https://atomsportv506.top/cdn-cgi/rum?
2026-06-06 22:38:54,413 [INFO] Capturing response: https://atomsportv506.top/cdn-cgi/rum? 204 
2026-06-06 22:38:54,432 [INFO] Capturing request: https://teletv5.top/load/yayinlink.php?id=bein-sports-4
2026-06-06 22:38:54,437 [INFO] Capturing request: https://atomsportv506.top/favicon.ico
2026-06-06 22:38:54,470 [INFO] Capturing response: https://atomsportv506.top/favicon.ico 200 
2026-06-06 22:38:54,484 [INFO] Capturing response: https://atomsportv506.top/cdn-cgi/rum? 204 
2026-06-06 22:38:54,527 [INFO] Capturing request: https://streamsport365.com/cinema
2026-06-06 22:38:54,592 [INFO] Capturing response: https://teletv5.top/load/yayinlink.php?id=bein-sports-4 200 
2026-06-06 22:38:54,769 [INFO] Capturing response: https://streamsport365.com/cinema 200 
2026-06-06 22:39:10,072 [INFO] Capturing request: https://update.googleapis.com/service/update2/json?cup2key=16:abU7CBV-qNE5xQGKxrdG-mafxi0WBHXUEhIBpUJcxPM&cup2hreq=5310c3d5233368411b9a4762b715fe93e7d12f3c0268b9a1bfb282e0356f543b
2026-06-06 22:39:10,095 [INFO] Capturing response: https://update.googleapis.com/service/update2/json?cup2key=16:abU7CBV-qNE5xQGKxrdG-mafxi0WBHXUEhIBpUJcxPM&cup2hreq=5310c3d5233368411b9a4762b715fe93e7d12f3c0268b9a1bfb282e0356f543b 200 
2026-06-06 22:39:10,113 [INFO] Capturing request: http://edgedl.me.gvt1.com/edgedl/diffgen-puffin/gcmjkmgdlgnkkcocmoeiminaijmmjnii/71d926df14cb4c89c6f8f88e6c0bfcf6fe1e1a256ca7f8db04002a111af4c5b0
2026-06-06 22:39:10,131 [INFO] Capturing response: http://edgedl.me.gvt1.com/edgedl/diffgen-puffin/gcmjkmgdlgnkkcocmoeiminaijmmjnii/71d926df14cb4c89c6f8f88e6c0bfcf6fe1e1a256ca7f8db04002a111af4c5b0 200 OK
2026-06-06 22:39:10,156 [INFO] Capturing request: https://update.googleapis.com/service/update2/json
2026-06-06 22:39:10,180 [INFO] Capturing response: https://update.googleapis.com/service/update2/json 200 
2026-06-06 22:39:10,224 [INFO] Capturing request: http://edgedl.me.gvt1.com/edgedl/release2/chrome_component/acwmmrkvpu6rbbtpsuhqzxjlibsq_10571/hfnkpimlhhgieaddgfemjhofmfblmnib_10571_all_acxvxhroenxbayz7kymlyrj4xyuq.crx3
2026-06-06 22:39:10,240 [INFO] Capturing response: http://edgedl.me.gvt1.com/edgedl/release2/chrome_component/acwmmrkvpu6rbbtpsuhqzxjlibsq_10571/hfnkpimlhhgieaddgfemjhofmfblmnib_10571_all_acxvxhroenxbayz7kymlyrj4xyuq.crx3 200 OK
2026-06-06 22:39:10,272 [INFO] Capturing request: https://update.googleapis.com/service/update2/json
2026-06-06 22:39:10,293 [INFO] Capturing response: https://update.googleapis.com/service/update2/json 200 
2026-06-06 22:39:27,615 [WARNING]   ❌ beIN Sports 4 için M3U8 bulunamadı
2026-06-06 22:39:28,616 [INFO] 
[5/14]
2026-06-06 22:39:28,616 [INFO] 🔍 beIN Sports 5 → https://atomsportv506.top/matches?id=bein-sports-5
2026-06-06 22:39:28,769 [INFO] Capturing request: https://atomsportv506.top/matches?id=bein-sports-5
2026-06-06 22:39:28,773 [INFO] Capturing request: https://atomsportv506.top/assets/js/clappr.js
2026-06-06 22:39:28,800 [INFO] Capturing response: https://atomsportv506.top/assets/js/clappr.js 200 
2026-06-06 22:39:29,312 [INFO] Capturing response: https://atomsportv506.top/matches?id=bein-sports-5 200 
2026-06-06 22:39:29,321 [INFO] Capturing request: https://atomsportv506.top/cdn-cgi/rum?
2026-06-06 22:39:29,349 [INFO] Capturing request: https://atomsportv506.top/cdn-cgi/rum?
2026-06-06 22:39:29,450 [INFO] Capturing request: https://atomsportv506.top/favicon.ico
2026-06-06 22:39:29,460 [INFO] Capturing response: https://atomsportv506.top/cdn-cgi/rum? 204 
2026-06-06 22:39:29,462 [INFO] Capturing response: https://atomsportv506.top/cdn-cgi/rum? 204 
2026-06-06 22:39:29,484 [INFO] Capturing response: https://atomsportv506.top/favicon.ico 200 
2026-06-06 22:39:29,490 [INFO] Capturing request: https://teletv5.top/load/yayinlink.php?id=bein-sports-5
2026-06-06 22:39:29,780 [INFO] Capturing response: https://teletv5.top/load/yayinlink.php?id=bein-sports-5 200 
2026-06-06 22:39:29,901 [INFO] Capturing request: https://streamsport365.com/cinema
2026-06-06 22:39:30,147 [INFO] Capturing response: https://streamsport365.com/cinema 200 
2026-06-06 22:39:30,575 [INFO] Capturing request: https://android.clients.google.com/c2dm/register3
2026-06-06 22:39:30,636 [INFO] Capturing response: https://android.clients.google.com/c2dm/register3 301 
2026-06-06 22:40:02,627 [WARNING]   ❌ beIN Sports 5 için M3U8 bulunamadı
2026-06-06 22:40:03,627 [INFO] 
[6/14]
2026-06-06 22:40:03,627 [INFO] 🔍 beIN Sports Max 1 → https://atomsportv506.top/matches?id=bein-sports-max-1
2026-06-06 22:40:03,735 [INFO] Capturing request: https://atomsportv506.top/assets/js/clappr.js
2026-06-06 22:40:03,737 [INFO] Capturing request: https://atomsportv506.top/matches?id=bein-sports-max-1
2026-06-06 22:40:03,768 [INFO] Capturing response: https://atomsportv506.top/assets/js/clappr.js 200 
2026-06-06 22:40:04,046 [INFO] Capturing response: https://atomsportv506.top/matches?id=bein-sports-max-1 200 
2026-06-06 22:40:04,056 [INFO] Capturing request: https://atomsportv506.top/cdn-cgi/rum?
2026-06-06 22:40:04,086 [INFO] Capturing request: https://atomsportv506.top/cdn-cgi/rum?
2026-06-06 22:40:04,165 [INFO] Capturing response: https://atomsportv506.top/cdn-cgi/rum? 204 
2026-06-06 22:40:04,183 [INFO] Capturing request: https://teletv5.top/load/yayinlink.php?id=bein-sports-max-1
2026-06-06 22:40:04,186 [INFO] Capturing request: https://atomsportv506.top/favicon.ico
2026-06-06 22:40:04,223 [INFO] Capturing response: https://atomsportv506.top/favicon.ico 200 
2026-06-06 22:40:04,236 [INFO] Capturing response: https://atomsportv506.top/cdn-cgi/rum? 204 
2026-06-06 22:40:04,280 [INFO] Capturing request: https://streamsport365.com/cinema
2026-06-06 22:40:04,332 [INFO] Capturing response: https://teletv5.top/load/yayinlink.php?id=bein-sports-max-1 200 
2026-06-06 22:40:04,537 [INFO] Capturing response: https://streamsport365.com/cinema 200 
2026-06-06 22:40:37,366 [WARNING]   ❌ beIN Sports Max 1 için M3U8 bulunamadı
2026-06-06 22:40:38,366 [INFO] 
[7/14]
2026-06-06 22:40:38,366 [INFO] 🔍 beIN Sports Max 2 → https://atomsportv506.top/matches?id=bein-sports-max-2
2026-06-06 22:40:38,474 [INFO] Capturing request: https://atomsportv506.top/assets/js/clappr.js
2026-06-06 22:40:38,476 [INFO] Capturing request: https://atomsportv506.top/matches?id=bein-sports-max-2
2026-06-06 22:40:38,493 [INFO] Capturing response: https://atomsportv506.top/assets/js/clappr.js 200 
2026-06-06 22:40:38,758 [INFO] Capturing response: https://atomsportv506.top/matches?id=bein-sports-max-2 200 
2026-06-06 22:40:38,766 [INFO] Capturing request: https://atomsportv506.top/cdn-cgi/rum?
2026-06-06 22:40:38,801 [INFO] Capturing request: https://atomsportv506.top/cdn-cgi/rum?
2026-06-06 22:40:38,874 [INFO] Capturing response: https://atomsportv506.top/cdn-cgi/rum? 204 
2026-06-06 22:40:38,896 [INFO] Capturing request: https://teletv5.top/load/yayinlink.php?id=bein-sports-max-2
2026-06-06 22:40:38,904 [INFO] Capturing request: https://atomsportv506.top/favicon.ico
2026-06-06 22:40:38,939 [INFO] Capturing response: https://atomsportv506.top/favicon.ico 200 
2026-06-06 22:40:38,951 [INFO] Capturing response: https://atomsportv506.top/cdn-cgi/rum? 204 
2026-06-06 22:40:38,994 [INFO] Capturing request: https://streamsport365.com/cinema
2026-06-06 22:40:39,047 [INFO] Capturing response: https://teletv5.top/load/yayinlink.php?id=bein-sports-max-2 200 
2026-06-06 22:40:39,237 [INFO] Capturing response: https://streamsport365.com/cinema 200 
2026-06-06 22:41:12,066 [WARNING]   ❌ beIN Sports Max 2 için M3U8 bulunamadı
2026-06-06 22:41:13,066 [INFO] 
[8/14]
2026-06-06 22:41:13,066 [INFO] 🔍 S Sport → https://atomsportv506.top/matches?id=s-sport
2026-06-06 22:41:13,174 [INFO] Capturing request: https://atomsportv506.top/assets/js/clappr.js
2026-06-06 22:41:13,178 [INFO] Capturing request: https://atomsportv506.top/matches?id=s-sport
2026-06-06 22:41:13,200 [INFO] Capturing response: https://atomsportv506.top/assets/js/clappr.js 200 
2026-06-06 22:41:13,456 [INFO] Capturing response: https://atomsportv506.top/matches?id=s-sport 200 
2026-06-06 22:41:13,465 [INFO] Capturing request: https://atomsportv506.top/cdn-cgi/rum?
2026-06-06 22:41:13,496 [INFO] Capturing request: https://atomsportv506.top/cdn-cgi/rum?
2026-06-06 22:41:13,574 [INFO] Capturing response: https://atomsportv506.top/cdn-cgi/rum? 204 
2026-06-06 22:41:13,592 [INFO] Capturing request: https://teletv5.top/load/yayinlink.php?id=s-sport
2026-06-06 22:41:13,598 [INFO] Capturing request: https://atomsportv506.top/favicon.ico
2026-06-06 22:41:13,632 [INFO] Capturing response: https://atomsportv506.top/favicon.ico 200 
2026-06-06 22:41:13,647 [INFO] Capturing response: https://atomsportv506.top/cdn-cgi/rum? 204 
2026-06-06 22:41:13,689 [INFO] Capturing request: https://streamsport365.com/cinema
2026-06-06 22:41:13,743 [INFO] Capturing response: https://teletv5.top/load/yayinlink.php?id=s-sport 200 
2026-06-06 22:41:13,933 [INFO] Capturing response: https://streamsport365.com/cinema 200 
2026-06-06 22:41:14,085 [INFO] Capturing request: https://hlssssssssssssssssss.yedeklinksa35.workers.dev/https://corestream.ronaldovurdu.help//s-sportt/tracks-v1a1/mono.m3u8
2026-06-06 22:41:14,213 [INFO] Capturing response: https://hlssssssssssssssssss.yedeklinksa35.workers.dev/https://corestream.ronaldovurdu.help//s-sportt/tracks-v1a1/mono.m3u8 200 
2026-06-06 22:41:14,395 [INFO] Capturing request: https://ts.yedeklinksa35.workers.dev/s-sportt/tracks-v1a1/2026/06/06/22/41/06-06000.avif
2026-06-06 22:41:14,689 [INFO] Capturing response: https://ts.yedeklinksa35.workers.dev/s-sportt/tracks-v1a1/2026/06/06/22/41/06-06000.avif 200 
2026-06-06 22:41:14,924 [INFO] Capturing request: https://ts.yedeklinksa35.workers.dev/s-sportt/tracks-v1a1/2026/06/06/22/41/12-06000.avif
2026-06-06 22:41:15,196 [INFO] Capturing response: https://ts.yedeklinksa35.workers.dev/s-sportt/tracks-v1a1/2026/06/06/22/41/12-06000.avif 200 
2026-06-06 22:41:15,422 [INFO] Capturing request: https://ts.yedeklinksa35.workers.dev/s-sportt/tracks-v1a1/2026/06/06/22/41/18-06000.avif
2026-06-06 22:41:15,832 [INFO] Capturing response: https://ts.yedeklinksa35.workers.dev/s-sportt/tracks-v1a1/2026/06/06/22/41/18-06000.avif 200 
2026-06-06 22:41:16,518 [INFO]   ✅ M3U8 bulundu: https://hlssssssssssssssssss.yedeklinksa35.workers.dev/https://corestream.ronaldovurdu.help//s-sportt/tracks-v1a1/mono.m3u8
2026-06-06 22:41:17,518 [INFO] 
[9/14]
2026-06-06 22:41:17,519 [INFO] 🔍 S Sport 2 → https://atomsportv506.top/matches?id=s-sport-2
2026-06-06 22:41:17,629 [INFO] Capturing request: https://atomsportv506.top/assets/js/clappr.js
2026-06-06 22:41:17,631 [INFO] Capturing request: https://atomsportv506.top/matches?id=s-sport-2
2026-06-06 22:41:17,648 [INFO] Capturing response: https://atomsportv506.top/assets/js/clappr.js 200 
2026-06-06 22:41:17,704 [INFO] Capturing response: https://atomsportv506.top/matches?id=s-sport-2 200 
2026-06-06 22:41:17,714 [INFO] Capturing request: https://atomsportv506.top/cdn-cgi/rum?
2026-06-06 22:41:17,742 [INFO] Capturing request: https://streamsport365.com/cinema
2026-06-06 22:41:17,754 [INFO] Capturing request: https://atomsportv506.top/cdn-cgi/rum?
2026-06-06 22:41:17,823 [INFO] Capturing response: https://atomsportv506.top/cdn-cgi/rum? 204 
2026-06-06 22:41:17,839 [INFO] Capturing request: https://teletv5.top/load/yayinlink.php?id=s-sport-2
2026-06-06 22:41:17,854 [INFO] Capturing request: https://atomsportv506.top/favicon.ico
2026-06-06 22:41:17,884 [INFO] Capturing response: https://atomsportv506.top/favicon.ico 200 
2026-06-06 22:41:17,903 [INFO] Capturing response: https://atomsportv506.top/cdn-cgi/rum? 204 
2026-06-06 22:41:17,990 [INFO] Capturing response: https://streamsport365.com/cinema 200 
2026-06-06 22:41:17,992 [INFO] Capturing response: https://teletv5.top/load/yayinlink.php?id=s-sport-2 200 
2026-06-06 22:41:18,150 [INFO] Capturing request: https://hlssssssssssssssssss.yedeklinksa35.workers.dev/https://corestream.ronaldovurdu.help//s-sport2/tracks-v1a1/mono.m3u8
2026-06-06 22:41:18,274 [INFO] Capturing response: https://hlssssssssssssssssss.yedeklinksa35.workers.dev/https://corestream.ronaldovurdu.help//s-sport2/tracks-v1a1/mono.m3u8 200 
2026-06-06 22:41:18,383 [INFO] Capturing request: https://ts.yedeklinksa35.workers.dev/s-sport2/tracks-v1a1/2026/06/06/22/42/24-06000.avif
2026-06-06 22:41:18,633 [INFO] Capturing response: https://ts.yedeklinksa35.workers.dev/s-sport2/tracks-v1a1/2026/06/06/22/42/24-06000.avif 200 
2026-06-06 22:41:18,854 [INFO] Capturing request: https://ts.yedeklinksa35.workers.dev/s-sport2/tracks-v1a1/2026/06/06/22/42/30-06000.avif
2026-06-06 22:41:19,092 [INFO] Capturing response: https://ts.yedeklinksa35.workers.dev/s-sport2/tracks-v1a1/2026/06/06/22/42/30-06000.avif 200 
2026-06-06 22:41:19,311 [INFO] Capturing request: https://ts.yedeklinksa35.workers.dev/s-sport2/tracks-v1a1/2026/06/06/22/42/36-06000.avif
2026-06-06 22:41:19,538 [INFO] Capturing response: https://ts.yedeklinksa35.workers.dev/s-sport2/tracks-v1a1/2026/06/06/22/42/36-06000.avif 200 
2026-06-06 22:41:20,772 [INFO]   ✅ M3U8 bulundu: https://hlssssssssssssssssss.yedeklinksa35.workers.dev/https://corestream.ronaldovurdu.help//s-sport2/tracks-v1a1/mono.m3u8
2026-06-06 22:41:21,773 [INFO] 
[10/14]
2026-06-06 22:41:21,773 [INFO] 🔍 A Spor → https://atomsportv506.top/matches?id=a-spor
2026-06-06 22:41:21,882 [INFO] Capturing request: https://atomsportv506.top/assets/js/clappr.js
2026-06-06 22:41:21,884 [INFO] Capturing request: https://atomsportv506.top/matches?id=a-spor
2026-06-06 22:41:21,900 [INFO] Capturing response: https://atomsportv506.top/assets/js/clappr.js 200 
2026-06-06 22:41:21,954 [INFO] Capturing response: https://atomsportv506.top/matches?id=a-spor 200 
2026-06-06 22:41:21,964 [INFO] Capturing request: https://atomsportv506.top/cdn-cgi/rum?
2026-06-06 22:41:21,999 [INFO] Capturing request: https://atomsportv506.top/cdn-cgi/rum?
2026-06-06 22:41:22,079 [INFO] Capturing response: https://atomsportv506.top/cdn-cgi/rum? 204 
2026-06-06 22:41:22,095 [INFO] Capturing request: https://teletv5.top/load/yayinlink.php?id=a-spor
2026-06-06 22:41:22,107 [INFO] Capturing request: https://atomsportv506.top/favicon.ico
2026-06-06 22:41:22,137 [INFO] Capturing response: https://atomsportv506.top/favicon.ico 200 
2026-06-06 22:41:22,153 [INFO] Capturing response: https://atomsportv506.top/cdn-cgi/rum? 204 
2026-06-06 22:41:22,192 [INFO] Capturing request: https://streamsport365.com/cinema
2026-06-06 22:41:22,240 [INFO] Capturing response: https://teletv5.top/load/yayinlink.php?id=a-spor 200 
2026-06-06 22:41:22,437 [INFO] Capturing response: https://streamsport365.com/cinema 200 
2026-06-06 22:41:22,556 [INFO] Capturing request: https://hlssssssssssssssssss.yedeklinksa35.workers.dev/https://corestream.ronaldovurdu.help//aspor/tracks-v1a1/mono.m3u8
2026-06-06 22:41:22,683 [INFO] Capturing response: https://hlssssssssssssssssss.yedeklinksa35.workers.dev/https://corestream.ronaldovurdu.help//aspor/tracks-v1a1/mono.m3u8 404 
2026-06-06 22:41:25,016 [INFO]   ✅ M3U8 bulundu: https://hlssssssssssssssssss.yedeklinksa35.workers.dev/https://corestream.ronaldovurdu.help//aspor/tracks-v1a1/mono.m3u8
2026-06-06 22:41:26,016 [INFO] 
[11/14]
2026-06-06 22:41:26,016 [INFO] 🔍 Tivibu Spor 1 → https://atomsportv506.top/matches?id=tivibu-spor-1
2026-06-06 22:41:26,124 [INFO] Capturing request: https://atomsportv506.top/assets/js/clappr.js
2026-06-06 22:41:26,125 [INFO] Capturing request: https://atomsportv506.top/matches?id=tivibu-spor-1
2026-06-06 22:41:26,143 [INFO] Capturing response: https://atomsportv506.top/assets/js/clappr.js 200 
2026-06-06 22:41:26,185 [INFO] Capturing response: https://atomsportv506.top/matches?id=tivibu-spor-1 200 
2026-06-06 22:41:26,195 [INFO] Capturing request: https://atomsportv506.top/cdn-cgi/rum?
2026-06-06 22:41:26,220 [INFO] Capturing request: https://atomsportv506.top/cdn-cgi/rum?
2026-06-06 22:41:26,221 [INFO] Capturing request: https://streamsport365.com/cinema
2026-06-06 22:41:26,315 [INFO] Capturing request: https://teletv5.top/load/yayinlink.php?id=tivibu-spor-1
2026-06-06 22:41:26,325 [INFO] Capturing request: https://atomsportv506.top/favicon.ico
2026-06-06 22:41:26,328 [INFO] Capturing response: https://atomsportv506.top/cdn-cgi/rum? 204 
2026-06-06 22:41:26,330 [INFO] Capturing response: https://atomsportv506.top/cdn-cgi/rum? 204 
2026-06-06 22:41:26,352 [INFO] Capturing response: https://atomsportv506.top/favicon.ico 200 
2026-06-06 22:41:26,461 [INFO] Capturing response: https://streamsport365.com/cinema 200 
2026-06-06 22:41:26,465 [INFO] Capturing response: https://teletv5.top/load/yayinlink.php?id=tivibu-spor-1 200 
2026-06-06 22:41:27,334 [INFO] Capturing request: https://android.clients.google.com/c2dm/register3
2026-06-06 22:41:27,388 [INFO] Capturing response: https://android.clients.google.com/c2dm/register3 301 
2026-06-06 22:41:59,483 [WARNING]   ❌ Tivibu Spor 1 için M3U8 bulunamadı
2026-06-06 22:42:00,483 [INFO] 
[12/14]
2026-06-06 22:42:00,483 [INFO] 🔍 Tivibu Spor 2 → https://atomsportv506.top/matches?id=tivibu-spor-2
2026-06-06 22:42:00,591 [INFO] Capturing request: https://atomsportv506.top/assets/js/clappr.js
2026-06-06 22:42:00,594 [INFO] Capturing request: https://atomsportv506.top/matches?id=tivibu-spor-2
2026-06-06 22:42:00,612 [INFO] Capturing response: https://atomsportv506.top/assets/js/clappr.js 200 
2026-06-06 22:42:00,876 [INFO] Capturing response: https://atomsportv506.top/matches?id=tivibu-spor-2 200 
2026-06-06 22:42:00,885 [INFO] Capturing request: https://atomsportv506.top/cdn-cgi/rum?
2026-06-06 22:42:00,918 [INFO] Capturing request: https://atomsportv506.top/cdn-cgi/rum?
2026-06-06 22:42:00,993 [INFO] Capturing response: https://atomsportv506.top/cdn-cgi/rum? 204 
2026-06-06 22:42:01,016 [INFO] Capturing request: https://teletv5.top/load/yayinlink.php?id=tivibu-spor-2
2026-06-06 22:42:01,019 [INFO] Capturing request: https://atomsportv506.top/favicon.ico
2026-06-06 22:42:01,054 [INFO] Capturing response: https://atomsportv506.top/favicon.ico 200 
2026-06-06 22:42:01,067 [INFO] Capturing response: https://atomsportv506.top/cdn-cgi/rum? 204 
2026-06-06 22:42:01,112 [INFO] Capturing request: https://streamsport365.com/cinema
2026-06-06 22:42:01,176 [INFO] Capturing response: https://teletv5.top/load/yayinlink.php?id=tivibu-spor-2 200 
2026-06-06 22:42:01,355 [INFO] Capturing response: https://streamsport365.com/cinema 200 
2026-06-06 22:42:34,182 [WARNING]   ❌ Tivibu Spor 2 için M3U8 bulunamadı
2026-06-06 22:42:35,182 [INFO] 
[13/14]
2026-06-06 22:42:35,182 [INFO] 🔍 Tivibu Spor 3 → https://atomsportv506.top/matches?id=tivibu-spor-3
2026-06-06 22:42:35,292 [INFO] Capturing request: https://atomsportv506.top/matches?id=tivibu-spor-3
2026-06-06 22:42:35,292 [INFO] Capturing request: https://atomsportv506.top/assets/js/clappr.js
2026-06-06 22:42:35,357 [INFO] Capturing response: https://atomsportv506.top/assets/js/clappr.js 200 
2026-06-06 22:42:35,550 [INFO] Capturing response: https://atomsportv506.top/matches?id=tivibu-spor-3 200 
2026-06-06 22:42:35,560 [INFO] Capturing request: https://atomsportv506.top/cdn-cgi/rum?
2026-06-06 22:42:35,588 [INFO] Capturing request: https://atomsportv506.top/cdn-cgi/rum?
2026-06-06 22:42:35,688 [INFO] Capturing request: https://teletv5.top/load/yayinlink.php?id=tivibu-spor-3
2026-06-06 22:42:35,692 [INFO] Capturing request: https://atomsportv506.top/favicon.ico
2026-06-06 22:42:35,697 [INFO] Capturing response: https://atomsportv506.top/cdn-cgi/rum? 204 
2026-06-06 22:42:35,699 [INFO] Capturing response: https://atomsportv506.top/cdn-cgi/rum? 204 
2026-06-06 22:42:35,732 [INFO] Capturing response: https://atomsportv506.top/favicon.ico 200 
2026-06-06 22:42:35,785 [INFO] Capturing request: https://streamsport365.com/cinema
2026-06-06 22:42:35,840 [INFO] Capturing response: https://teletv5.top/load/yayinlink.php?id=tivibu-spor-3 200 
2026-06-06 22:42:36,033 [INFO] Capturing response: https://streamsport365.com/cinema 200 
2026-06-06 22:43:08,856 [WARNING]   ❌ Tivibu Spor 3 için M3U8 bulunamadı
2026-06-06 22:43:09,857 [INFO] 
[14/14]
2026-06-06 22:43:09,857 [INFO] 🔍 Tivibu Spor 4 → https://atomsportv506.top/matches?id=tivibu-spor-4
2026-06-06 22:43:09,965 [INFO] Capturing request: https://atomsportv506.top/assets/js/clappr.js
2026-06-06 22:43:09,967 [INFO] Capturing request: https://atomsportv506.top/matches?id=tivibu-spor-4
2026-06-06 22:43:09,988 [INFO] Capturing response: https://atomsportv506.top/assets/js/clappr.js 200 
2026-06-06 22:43:10,258 [INFO] Capturing response: https://atomsportv506.top/matches?id=tivibu-spor-4 200 
2026-06-06 22:43:10,269 [INFO] Capturing request: https://atomsportv506.top/cdn-cgi/rum?
2026-06-06 22:43:10,297 [INFO] Capturing request: https://atomsportv506.top/cdn-cgi/rum?
2026-06-06 22:43:10,377 [INFO] Capturing response: https://atomsportv506.top/cdn-cgi/rum? 204 
2026-06-06 22:43:10,394 [INFO] Capturing request: https://teletv5.top/load/yayinlink.php?id=tivibu-spor-4
2026-06-06 22:43:10,398 [INFO] Capturing request: https://atomsportv506.top/favicon.ico
2026-06-06 22:43:10,437 [INFO] Capturing response: https://atomsportv506.top/favicon.ico 200 
2026-06-06 22:43:10,447 [INFO] Capturing response: https://atomsportv506.top/cdn-cgi/rum? 204 
2026-06-06 22:43:10,490 [INFO] Capturing request: https://streamsport365.com/cinema
2026-06-06 22:43:10,571 [INFO] Capturing response: https://teletv5.top/load/yayinlink.php?id=tivibu-spor-4 200 
2026-06-06 22:43:10,738 [INFO] Capturing response: https://streamsport365.com/cinema 200 
2026-06-06 22:43:43,561 [WARNING]   ❌ Tivibu Spor 4 için M3U8 bulunamadı
2026-06-06 22:43:44,626 [INFO] ✅ 5 kanal bulundu, playlist.m3u kaydedildi
