2026-04-08 00:38:18,724 [INFO] ✅ SeleniumWire aktif
2026-04-08 00:38:18,726 [INFO] =======================================================
2026-04-08 00:38:18,726 [INFO]    M3U8 Scraper
2026-04-08 00:38:18,726 [INFO]    Toplam sayfa: 5
2026-04-08 00:38:18,726 [INFO] =======================================================
2026-04-08 00:38:18,726 [INFO] 🔧 Driver başlatılıyor...
2026-04-08 00:38:19,461 [INFO] ✅ Driver başlatıldı
2026-04-08 00:38:19,461 [INFO] 
[1/5]
2026-04-08 00:38:19,461 [INFO] 
──────────────────────────────────────────────────
2026-04-08 00:38:19,462 [INFO] 🔍 beIN Sports 1 → https://atomsportv494.top/matches?id=bein-sports-1
2026-04-08 00:38:19,462 [INFO] ──────────────────────────────────────────────────
2026-04-08 00:38:54,709 [INFO]   📡 15s bekleniyor...
2026-04-08 00:39:09,718 [INFO]   🎯 Bulundu: https://hlsssssss.yemerke.workers.dev/https://corestream.ronaldovurdu.help//hls/bein-sports-11.m3u8
2026-04-08 00:39:09,719 [INFO]   ✅ beIN Sports 1: https://hlsssssss.yemerke.workers.dev/https://corestream.ronaldovurdu.help//hls/bein-sports-11.m3u8
2026-04-08 00:39:11,719 [INFO] 
[2/5]
2026-04-08 00:39:11,720 [INFO] 
──────────────────────────────────────────────────
2026-04-08 00:39:11,720 [INFO] 🔍 beIN Sports 2 → https://atomsportv494.top/matches?id=bein-sports-2
2026-04-08 00:39:11,720 [INFO] ──────────────────────────────────────────────────
2026-04-08 00:39:45,664 [INFO]   📡 15s bekleniyor...
2026-04-08 00:40:00,683 [INFO]   🎯 Bulundu: https://hlsssssss.yemerke.workers.dev/https://corestream.ronaldovurdu.help//hls/bein-sports-2.m3u8
2026-04-08 00:40:00,685 [INFO]   ✅ beIN Sports 2: https://hlsssssss.yemerke.workers.dev/https://corestream.ronaldovurdu.help//hls/bein-sports-2.m3u8
2026-04-08 00:40:02,685 [INFO] 
[3/5]
2026-04-08 00:40:02,685 [INFO] 
──────────────────────────────────────────────────
2026-04-08 00:40:02,685 [INFO] 🔍 beIN Sports 3 → https://atomsportv494.top/matches?id=bein-sports-3
2026-04-08 00:40:02,685 [INFO] ──────────────────────────────────────────────────
2026-04-08 00:40:37,010 [INFO]   📡 15s bekleniyor...
2026-04-08 00:40:52,022 [INFO]   🎯 Bulundu: https://hlsssssss.yemerke.workers.dev/https://corestream.ronaldovurdu.help//hls/bein-sports-3.m3u8
2026-04-08 00:40:52,023 [INFO]   ✅ beIN Sports 3: https://hlsssssss.yemerke.workers.dev/https://corestream.ronaldovurdu.help//hls/bein-sports-3.m3u8
2026-04-08 00:40:54,023 [INFO] 
[4/5]
2026-04-08 00:40:54,023 [INFO] 
──────────────────────────────────────────────────
2026-04-08 00:40:54,024 [INFO] 🔍 beIN Sports 4 → https://atomsportv494.top/matches?id=bein-sports-4
2026-04-08 00:40:54,024 [INFO] ──────────────────────────────────────────────────
2026-04-08 00:41:27,926 [INFO]   📡 15s bekleniyor...
2026-04-08 00:41:42,939 [INFO]   🎯 Bulundu: https://hlsssssss.yemerke.workers.dev/https://corestream.ronaldovurdu.help//hls/bein-sports-4.m3u8
2026-04-08 00:41:42,940 [INFO]   ✅ beIN Sports 4: https://hlsssssss.yemerke.workers.dev/https://corestream.ronaldovurdu.help//hls/bein-sports-4.m3u8
2026-04-08 00:41:44,941 [INFO] 
[5/5]
2026-04-08 00:41:44,941 [INFO] 
──────────────────────────────────────────────────
2026-04-08 00:41:44,941 [INFO] 🔍 beIN Sports 5 → https://atomsportv494.top/matches?id=bein-sports-5
2026-04-08 00:41:44,941 [INFO] ──────────────────────────────────────────────────
2026-04-08 00:42:18,873 [INFO]   📡 15s bekleniyor...
2026-04-08 00:42:33,874 [INFO]   🎯 Bulundu: https://hlsssssss.yemerke.workers.dev/https://corestream.ronaldovurdu.help//hls/bein-sports-5.m3u8
2026-04-08 00:42:33,874 [INFO]   ✅ beIN Sports 5: https://hlsssssss.yemerke.workers.dev/https://corestream.ronaldovurdu.help//hls/bein-sports-5.m3u8
2026-04-08 00:42:35,938 [INFO] 🔒 Driver kapatıldı
2026-04-08 00:42:35,938 [INFO] 
=======================================================
2026-04-08 00:42:35,938 [INFO] 🏁 Tamamlandı!
2026-04-08 00:42:35,938 [INFO] 📺 Kanal : 5/5
2026-04-08 00:42:35,938 [INFO] ⏱️  Süre  : 257.2s
2026-04-08 00:42:35,938 [INFO] =======================================================
2026-04-08 00:42:35,938 [INFO] ✅ playlist.m3u kaydedildi
2026-04-08 00:42:35,938 [INFO] ✅ stats.json kaydedildi
