2026-05-29 20:28:46,093 [INFO] 🌐 BASE_URL: https://atomsportv504.top
2026-05-29 20:28:46,801 [INFO] Başlanıyor... 14 kanal taranacak
2026-05-29 20:28:46,801 [INFO] Using default request storage
2026-05-29 20:28:46,806 [INFO] Created proxy listening on 127.0.0.1:43199
2026-05-29 20:28:47,469 [INFO] Capturing request: http://clients2.google.com/time/1/current?cup2key=10:O7H8cvicSfnzix2pu4bHQnM7Hfr1fsfVKWSNiAVX9V8&cup2hreq=e3b0c44298fc1c149afbf4c8996fb92427ae41e4649b934ca495991b7852b855
2026-05-29 20:28:47,534 [INFO] Capturing response: http://clients2.google.com/time/1/current?cup2key=10:O7H8cvicSfnzix2pu4bHQnM7Hfr1fsfVKWSNiAVX9V8&cup2hreq=e3b0c44298fc1c149afbf4c8996fb92427ae41e4649b934ca495991b7852b855 200 OK
2026-05-29 20:28:47,588 [INFO] 
[1/14]
2026-05-29 20:28:47,588 [INFO] 🔍 beIN Sports 1 → https://atomsportv504.top/matches?id=bein-sports-1
2026-05-29 20:28:47,649 [INFO] Capturing request: https://accounts.google.com/ListAccounts?gpsia=1&source=ChromiumBrowser&json=standard&laf=b64bin
2026-05-29 20:28:47,739 [INFO] Capturing response: https://accounts.google.com/ListAccounts?gpsia=1&source=ChromiumBrowser&json=standard&laf=b64bin 200 
2026-05-29 20:28:47,766 [INFO] Capturing request: https://atomsportv504.top/matches?id=bein-sports-1
2026-05-29 20:28:47,966 [INFO] Capturing response: https://atomsportv504.top/matches?id=bein-sports-1 200 
2026-05-29 20:28:48,026 [INFO] Capturing request: https://www.google.com/async/folae?async=_fmt:pb&udm=50&client_locale=en-US
2026-05-29 20:28:48,101 [INFO] Capturing response: https://www.google.com/async/folae?async=_fmt:pb&udm=50&client_locale=en-US 200 
2026-05-29 20:28:48,121 [INFO] Capturing request: https://atomsportv504.top/assets/js/clappr.js
2026-05-29 20:28:48,175 [INFO] Capturing request: https://cdn.jsdelivr.net/npm/@clappr/player@latest/dist/clappr.min.js
2026-05-29 20:28:48,189 [INFO] Capturing response: https://atomsportv504.top/assets/js/clappr.js 200 
2026-05-29 20:28:48,192 [INFO] Capturing request: https://cdnjs.cloudflare.com/ajax/libs/jquery/3.2.1/jquery.min.js
2026-05-29 20:28:48,232 [INFO] Capturing response: https://cdnjs.cloudflare.com/ajax/libs/jquery/3.2.1/jquery.min.js 200 
2026-05-29 20:28:48,236 [INFO] Capturing response: https://cdn.jsdelivr.net/npm/@clappr/player@latest/dist/clappr.min.js 200 
2026-05-29 20:28:48,449 [INFO] Capturing request: https://static.cloudflareinsights.com/beacon.min.js/v833ccba57c9e4d2798f2e76cebdd09a11778172276447
2026-05-29 20:28:48,496 [INFO] Capturing response: https://static.cloudflareinsights.com/beacon.min.js/v833ccba57c9e4d2798f2e76cebdd09a11778172276447 200 
2026-05-29 20:28:48,558 [INFO] Capturing request: https://atomsportv504.top/cdn-cgi/rum?
2026-05-29 20:28:48,661 [INFO] Capturing request: https://atomsportv504.top/favicon.ico
2026-05-29 20:28:48,682 [INFO] Capturing response: https://atomsportv504.top/cdn-cgi/rum? 204 
2026-05-29 20:28:48,756 [INFO] Capturing request: https://teletv5.top/load/yayinlink.php?id=bein-sports-1
2026-05-29 20:28:48,759 [INFO] Capturing response: https://atomsportv504.top/favicon.ico 200 
2026-05-29 20:28:49,208 [INFO] Capturing response: https://teletv5.top/load/yayinlink.php?id=bein-sports-1 200 
2026-05-29 20:28:49,233 [INFO] Capturing request: https://streamsport365.com/cinema
2026-05-29 20:28:49,578 [INFO] Capturing response: https://streamsport365.com/cinema 200 
2026-05-29 20:28:49,710 [INFO] Capturing request: https://atomsportv504.top/assets/img/player_logo_6880e4e4c52ee.png
2026-05-29 20:28:49,800 [INFO] Capturing response: https://atomsportv504.top/assets/img/player_logo_6880e4e4c52ee.png 200 
2026-05-29 20:28:49,834 [INFO] Capturing request: https://young-surf-88a9.halitumutseler.workers.dev/https://corestream.ronaldovurdu.help//aspor/tracks-v1a1/mono.m3u8
2026-05-29 20:28:50,610 [INFO] Capturing request: https://android.clients.google.com/checkin
2026-05-29 20:28:50,711 [INFO] Capturing response: https://android.clients.google.com/checkin 200 
2026-05-29 20:28:50,759 [INFO] Capturing request: https://android.clients.google.com/c2dm/register3
2026-05-29 20:28:50,766 [INFO] Capturing request: https://android.clients.google.com/c2dm/register3
2026-05-29 20:28:50,767 [INFO] Capturing request: https://android.clients.google.com/c2dm/register3
2026-05-29 20:28:50,825 [INFO] Capturing response: https://android.clients.google.com/c2dm/register3 301 
2026-05-29 20:28:51,580 [INFO]   ✅ M3U8 bulundu: https://young-surf-88a9.halitumutseler.workers.dev/https://corestream.ronaldovurdu.help//aspor/tracks-v1a1/mono.m3u8
2026-05-29 20:28:51,722 [INFO] Capturing response: https://android.clients.google.com/c2dm/register3 200 
2026-05-29 20:28:51,804 [INFO] Capturing response: https://android.clients.google.com/c2dm/register3 200 
2026-05-29 20:28:52,580 [INFO] 
[2/14]
2026-05-29 20:28:52,580 [INFO] 🔍 beIN Sports 2 → https://atomsportv504.top/matches?id=bein-sports-2
2026-05-29 20:28:52,690 [INFO] Capturing request: https://atomsportv504.top/matches?id=bein-sports-2
2026-05-29 20:28:52,794 [INFO] Capturing response: https://atomsportv504.top/matches?id=bein-sports-2 200 
2026-05-29 20:28:52,805 [INFO] Capturing request: https://atomsportv504.top/cdn-cgi/rum?
2026-05-29 20:28:52,849 [INFO] Capturing request: https://atomsportv504.top/cdn-cgi/rum?
2026-05-29 20:28:52,850 [INFO] Capturing request: https://streamsport365.com/cinema
2026-05-29 20:28:52,926 [INFO] Capturing response: https://atomsportv504.top/cdn-cgi/rum? 204 
2026-05-29 20:28:52,944 [INFO] Capturing request: https://teletv5.top/load/yayinlink.php?id=bein-sports-2
2026-05-29 20:28:52,953 [INFO] Capturing request: https://atomsportv504.top/favicon.ico
2026-05-29 20:28:53,006 [INFO] Capturing response: https://atomsportv504.top/favicon.ico 200 
2026-05-29 20:28:53,013 [INFO] Capturing response: https://atomsportv504.top/cdn-cgi/rum? 204 
2026-05-29 20:28:53,173 [INFO] Capturing response: https://teletv5.top/load/yayinlink.php?id=bein-sports-2 200 
2026-05-29 20:28:53,204 [INFO] Capturing response: https://streamsport365.com/cinema 200 
2026-05-29 20:28:53,326 [INFO] Capturing request: https://young-surf-88a9.halitumutseler.workers.dev/https://corestream.ronaldovurdu.help//bein2/tracks-v1a1/mono.m3u8
2026-05-29 20:28:54,143 [INFO] Capturing response: https://young-surf-88a9.halitumutseler.workers.dev/https://corestream.ronaldovurdu.help//aspor/tracks-v1a1/mono.m3u8 504 
2026-05-29 20:28:55,860 [INFO]   ✅ M3U8 bulundu: https://young-surf-88a9.halitumutseler.workers.dev/https://corestream.ronaldovurdu.help//bein2/tracks-v1a1/mono.m3u8
2026-05-29 20:28:56,861 [INFO] 
[3/14]
2026-05-29 20:28:56,861 [INFO] 🔍 beIN Sports 3 → https://atomsportv504.top/matches?id=bein-sports-3
2026-05-29 20:28:56,970 [INFO] Capturing request: https://atomsportv504.top/matches?id=bein-sports-3
2026-05-29 20:28:57,036 [INFO] Capturing response: https://atomsportv504.top/matches?id=bein-sports-3 200 
2026-05-29 20:28:57,045 [INFO] Capturing request: https://atomsportv504.top/cdn-cgi/rum?
2026-05-29 20:28:57,071 [INFO] Capturing request: https://atomsportv504.top/cdn-cgi/rum?
2026-05-29 20:28:57,168 [INFO] Capturing request: https://teletv5.top/load/yayinlink.php?id=bein-sports-3
2026-05-29 20:28:57,171 [INFO] Capturing response: https://atomsportv504.top/cdn-cgi/rum? 204 
2026-05-29 20:28:57,175 [INFO] Capturing request: https://atomsportv504.top/favicon.ico
2026-05-29 20:28:57,235 [INFO] Capturing response: https://atomsportv504.top/cdn-cgi/rum? 204 
2026-05-29 20:28:57,243 [INFO] Capturing response: https://atomsportv504.top/favicon.ico 200 
2026-05-29 20:28:57,316 [INFO] Capturing request: https://streamsport365.com/cinema
2026-05-29 20:28:57,403 [INFO] Capturing response: https://teletv5.top/load/yayinlink.php?id=bein-sports-3 200 
2026-05-29 20:28:57,548 [INFO] Capturing response: https://young-surf-88a9.halitumutseler.workers.dev/https://corestream.ronaldovurdu.help//bein2/tracks-v1a1/mono.m3u8 504 
2026-05-29 20:28:57,693 [INFO] Capturing response: https://streamsport365.com/cinema 200 
2026-05-29 20:29:15,460 [INFO] Capturing request: https://android.clients.google.com/c2dm/register3
2026-05-29 20:29:15,519 [INFO] Capturing response: https://android.clients.google.com/c2dm/register3 429 
2026-05-29 20:29:30,385 [WARNING]   ❌ beIN Sports 3 için M3U8 bulunamadı
2026-05-29 20:29:31,385 [INFO] 
[4/14]
2026-05-29 20:29:31,385 [INFO] 🔍 beIN Sports 4 → https://atomsportv504.top/matches?id=bein-sports-4
2026-05-29 20:29:31,495 [INFO] Capturing request: https://atomsportv504.top/matches?id=bein-sports-4
2026-05-29 20:29:32,264 [INFO] Capturing response: https://atomsportv504.top/matches?id=bein-sports-4 200 
2026-05-29 20:29:32,276 [INFO] Capturing request: https://atomsportv504.top/cdn-cgi/rum?
2026-05-29 20:29:32,305 [INFO] Capturing request: https://atomsportv504.top/cdn-cgi/rum?
2026-05-29 20:29:32,396 [INFO] Capturing request: https://teletv5.top/load/yayinlink.php?id=bein-sports-4
2026-05-29 20:29:32,407 [INFO] Capturing request: https://atomsportv504.top/favicon.ico
2026-05-29 20:29:32,409 [INFO] Capturing response: https://atomsportv504.top/cdn-cgi/rum? 204 
2026-05-29 20:29:32,471 [INFO] Capturing response: https://atomsportv504.top/cdn-cgi/rum? 204 
2026-05-29 20:29:32,492 [INFO] Capturing response: https://atomsportv504.top/favicon.ico 200 
2026-05-29 20:29:32,555 [INFO] Capturing request: https://streamsport365.com/cinema
2026-05-29 20:29:32,629 [INFO] Capturing response: https://teletv5.top/load/yayinlink.php?id=bein-sports-4 200 
2026-05-29 20:29:32,896 [INFO] Capturing response: https://streamsport365.com/cinema 200 
2026-05-29 20:29:47,513 [INFO] Capturing request: https://update.googleapis.com/service/update2/json?cup2key=16:i5v23eyODunnmksXnJSUi-0F0d7onluf7p0E7b50aaM&cup2hreq=c3e11ce57be64542939074dc083a89e49988d828ea7e090b2e3e4ad77af0db93
2026-05-29 20:29:47,560 [INFO] Capturing response: https://update.googleapis.com/service/update2/json?cup2key=16:i5v23eyODunnmksXnJSUi-0F0d7onluf7p0E7b50aaM&cup2hreq=c3e11ce57be64542939074dc083a89e49988d828ea7e090b2e3e4ad77af0db93 200 
2026-05-29 20:29:47,607 [INFO] Capturing request: http://edgedl.me.gvt1.com/edgedl/diffgen-puffin/gcmjkmgdlgnkkcocmoeiminaijmmjnii/71d926df14cb4c89c6f8f88e6c0bfcf6fe1e1a256ca7f8db04002a111af4c5b0
2026-05-29 20:29:47,618 [INFO] Capturing response: http://edgedl.me.gvt1.com/edgedl/diffgen-puffin/gcmjkmgdlgnkkcocmoeiminaijmmjnii/71d926df14cb4c89c6f8f88e6c0bfcf6fe1e1a256ca7f8db04002a111af4c5b0 200 OK
2026-05-29 20:29:47,646 [INFO] Capturing request: https://update.googleapis.com/service/update2/json
2026-05-29 20:29:47,696 [INFO] Capturing response: https://update.googleapis.com/service/update2/json 200 
2026-05-29 20:29:47,740 [INFO] Capturing request: http://edgedl.me.gvt1.com/edgedl/release2/chrome_component/adn5qhz63tq4cnlpgrhsazs4yl6q_10555/hfnkpimlhhgieaddgfemjhofmfblmnib_10555_all_f3oy5apzdmyow7rptqhdmtgvmu.crx3
2026-05-29 20:29:47,757 [INFO] Capturing response: http://edgedl.me.gvt1.com/edgedl/release2/chrome_component/adn5qhz63tq4cnlpgrhsazs4yl6q_10555/hfnkpimlhhgieaddgfemjhofmfblmnib_10555_all_f3oy5apzdmyow7rptqhdmtgvmu.crx3 200 OK
2026-05-29 20:29:47,791 [INFO] Capturing request: https://update.googleapis.com/service/update2/json
2026-05-29 20:29:47,835 [INFO] Capturing response: https://update.googleapis.com/service/update2/json 200 
2026-05-29 20:30:05,594 [WARNING]   ❌ beIN Sports 4 için M3U8 bulunamadı
2026-05-29 20:30:06,594 [INFO] 
[5/14]
2026-05-29 20:30:06,594 [INFO] 🔍 beIN Sports 5 → https://atomsportv504.top/matches?id=bein-sports-5
2026-05-29 20:30:06,756 [INFO] Capturing request: https://atomsportv504.top/matches?id=bein-sports-5
2026-05-29 20:30:07,742 [INFO] Capturing response: https://atomsportv504.top/matches?id=bein-sports-5 200 
2026-05-29 20:30:07,752 [INFO] Capturing request: https://atomsportv504.top/cdn-cgi/rum?
2026-05-29 20:30:07,783 [INFO] Capturing request: https://atomsportv504.top/cdn-cgi/rum?
2026-05-29 20:30:07,886 [INFO] Capturing response: https://atomsportv504.top/cdn-cgi/rum? 204 
2026-05-29 20:30:07,886 [INFO] Capturing request: https://atomsportv504.top/favicon.ico
2026-05-29 20:30:07,952 [INFO] Capturing request: https://teletv5.top/load/yayinlink.php?id=bein-sports-5
2026-05-29 20:30:07,954 [INFO] Capturing response: https://atomsportv504.top/cdn-cgi/rum? 204 
2026-05-29 20:30:07,990 [INFO] Capturing response: https://atomsportv504.top/favicon.ico 200 
2026-05-29 20:30:08,465 [INFO] Capturing request: https://streamsport365.com/cinema
2026-05-29 20:30:08,504 [INFO] Capturing response: https://teletv5.top/load/yayinlink.php?id=bein-sports-5 200 
2026-05-29 20:30:08,817 [INFO] Capturing response: https://streamsport365.com/cinema 200 
2026-05-29 20:30:41,047 [WARNING]   ❌ beIN Sports 5 için M3U8 bulunamadı
2026-05-29 20:30:42,047 [INFO] 
[6/14]
2026-05-29 20:30:42,047 [INFO] 🔍 beIN Sports Max 1 → https://atomsportv504.top/matches?id=bein-sports-max-1
2026-05-29 20:30:42,156 [INFO] Capturing request: https://atomsportv504.top/assets/js/clappr.js
2026-05-29 20:30:42,160 [INFO] Capturing request: https://atomsportv504.top/matches?id=bein-sports-max-1
2026-05-29 20:30:42,243 [INFO] Capturing response: https://atomsportv504.top/assets/js/clappr.js 200 
2026-05-29 20:30:42,601 [INFO] Capturing response: https://atomsportv504.top/matches?id=bein-sports-max-1 200 
2026-05-29 20:30:42,610 [INFO] Capturing request: https://atomsportv504.top/cdn-cgi/rum?
2026-05-29 20:30:42,642 [INFO] Capturing request: https://atomsportv504.top/cdn-cgi/rum?
2026-05-29 20:30:42,740 [INFO] Capturing request: https://teletv5.top/load/yayinlink.php?id=bein-sports-max-1
2026-05-29 20:30:42,749 [INFO] Capturing request: https://atomsportv504.top/favicon.ico
2026-05-29 20:30:42,751 [INFO] Capturing response: https://atomsportv504.top/cdn-cgi/rum? 204 
2026-05-29 20:30:42,810 [INFO] Capturing response: https://atomsportv504.top/cdn-cgi/rum? 204 
2026-05-29 20:30:42,826 [INFO] Capturing response: https://atomsportv504.top/favicon.ico 200 
2026-05-29 20:30:42,890 [INFO] Capturing request: https://streamsport365.com/cinema
2026-05-29 20:30:43,009 [INFO] Capturing response: https://teletv5.top/load/yayinlink.php?id=bein-sports-max-1 200 
2026-05-29 20:30:43,261 [INFO] Capturing response: https://streamsport365.com/cinema 200 
2026-05-29 20:31:15,914 [WARNING]   ❌ beIN Sports Max 1 için M3U8 bulunamadı
2026-05-29 20:31:16,915 [INFO] 
[7/14]
2026-05-29 20:31:16,915 [INFO] 🔍 beIN Sports Max 2 → https://atomsportv504.top/matches?id=bein-sports-max-2
2026-05-29 20:31:17,023 [INFO] Capturing request: https://atomsportv504.top/matches?id=bein-sports-max-2
2026-05-29 20:31:17,404 [INFO] Capturing response: https://atomsportv504.top/matches?id=bein-sports-max-2 200 
2026-05-29 20:31:17,413 [INFO] Capturing request: https://atomsportv504.top/cdn-cgi/rum?
2026-05-29 20:31:17,454 [INFO] Capturing request: https://atomsportv504.top/cdn-cgi/rum?
2026-05-29 20:31:17,538 [INFO] Capturing response: https://atomsportv504.top/cdn-cgi/rum? 204 
2026-05-29 20:31:17,544 [INFO] Capturing request: https://teletv5.top/load/yayinlink.php?id=bein-sports-max-2
2026-05-29 20:31:17,554 [INFO] Capturing request: https://atomsportv504.top/favicon.ico
2026-05-29 20:31:17,612 [INFO] Capturing response: https://atomsportv504.top/favicon.ico 200 
2026-05-29 20:31:17,618 [INFO] Capturing response: https://atomsportv504.top/cdn-cgi/rum? 204 
2026-05-29 20:31:17,690 [INFO] Capturing request: https://streamsport365.com/cinema
2026-05-29 20:31:17,791 [INFO] Capturing response: https://teletv5.top/load/yayinlink.php?id=bein-sports-max-2 200 
2026-05-29 20:31:18,043 [INFO] Capturing response: https://streamsport365.com/cinema 200 
2026-05-29 20:31:50,717 [WARNING]   ❌ beIN Sports Max 2 için M3U8 bulunamadı
2026-05-29 20:31:51,717 [INFO] 
[8/14]
2026-05-29 20:31:51,717 [INFO] 🔍 S Sport → https://atomsportv504.top/matches?id=s-sport
2026-05-29 20:31:51,826 [INFO] Capturing request: https://atomsportv504.top/matches?id=s-sport
2026-05-29 20:31:52,197 [INFO] Capturing response: https://atomsportv504.top/matches?id=s-sport 200 
2026-05-29 20:31:52,206 [INFO] Capturing request: https://atomsportv504.top/cdn-cgi/rum?
2026-05-29 20:31:52,239 [INFO] Capturing request: https://atomsportv504.top/cdn-cgi/rum?
2026-05-29 20:31:52,335 [INFO] Capturing request: https://teletv5.top/load/yayinlink.php?id=s-sport
2026-05-29 20:31:52,341 [INFO] Capturing response: https://atomsportv504.top/cdn-cgi/rum? 204 
2026-05-29 20:31:52,343 [INFO] Capturing request: https://atomsportv504.top/favicon.ico
2026-05-29 20:31:52,404 [INFO] Capturing response: https://atomsportv504.top/cdn-cgi/rum? 204 
2026-05-29 20:31:52,433 [INFO] Capturing response: https://atomsportv504.top/favicon.ico 200 
2026-05-29 20:31:52,483 [INFO] Capturing request: https://streamsport365.com/cinema
2026-05-29 20:31:52,832 [INFO] Capturing response: https://streamsport365.com/cinema 200 
2026-05-29 20:32:25,504 [WARNING]   ❌ S Sport için M3U8 bulunamadı
2026-05-29 20:32:26,505 [INFO] 
[9/14]
2026-05-29 20:32:26,505 [INFO] 🔍 S Sport 2 → https://atomsportv504.top/matches?id=s-sport-2
2026-05-29 20:32:26,613 [INFO] Capturing request: https://atomsportv504.top/matches?id=s-sport-2
2026-05-29 20:32:26,994 [INFO] Capturing response: https://atomsportv504.top/matches?id=s-sport-2 200 
2026-05-29 20:32:27,003 [INFO] Capturing request: https://atomsportv504.top/cdn-cgi/rum?
2026-05-29 20:32:27,033 [INFO] Capturing request: https://atomsportv504.top/cdn-cgi/rum?
2026-05-29 20:32:27,131 [INFO] Capturing response: https://atomsportv504.top/cdn-cgi/rum? 204 
2026-05-29 20:32:27,132 [INFO] Capturing request: https://teletv5.top/load/yayinlink.php?id=s-sport-2
2026-05-29 20:32:27,137 [INFO] Capturing request: https://atomsportv504.top/favicon.ico
2026-05-29 20:32:27,198 [INFO] Capturing response: https://atomsportv504.top/cdn-cgi/rum? 204 
2026-05-29 20:32:27,202 [INFO] Capturing response: https://atomsportv504.top/favicon.ico 200 
2026-05-29 20:32:27,278 [INFO] Capturing request: https://streamsport365.com/cinema
2026-05-29 20:32:27,398 [INFO] Capturing response: https://teletv5.top/load/yayinlink.php?id=s-sport-2 200 
2026-05-29 20:32:27,632 [INFO] Capturing response: https://streamsport365.com/cinema 200 
2026-05-29 20:32:27,807 [INFO] Capturing request: https://young-surf-88a9.halitumutseler.workers.dev/https://corestream.ronaldovurdu.help//s-sport2/tracks-v1a1/mono.m3u8
2026-05-29 20:32:30,048 [INFO]   ✅ M3U8 bulundu: https://young-surf-88a9.halitumutseler.workers.dev/https://corestream.ronaldovurdu.help//s-sport2/tracks-v1a1/mono.m3u8
2026-05-29 20:32:31,048 [INFO] 
[10/14]
2026-05-29 20:32:31,049 [INFO] 🔍 A Spor → https://atomsportv504.top/matches?id=a-spor
2026-05-29 20:32:31,156 [INFO] Capturing request: https://atomsportv504.top/assets/js/clappr.js
2026-05-29 20:32:31,159 [INFO] Capturing request: https://atomsportv504.top/matches?id=a-spor
2026-05-29 20:32:31,198 [INFO] Capturing response: https://atomsportv504.top/assets/js/clappr.js 200 
2026-05-29 20:32:31,285 [INFO] Capturing response: https://atomsportv504.top/matches?id=a-spor 200 
2026-05-29 20:32:31,295 [INFO] Capturing request: https://atomsportv504.top/cdn-cgi/rum?
2026-05-29 20:32:31,322 [INFO] Capturing request: https://streamsport365.com/cinema
2026-05-29 20:32:31,327 [INFO] Capturing request: https://atomsportv504.top/cdn-cgi/rum?
2026-05-29 20:32:31,419 [INFO] Capturing request: https://teletv5.top/load/yayinlink.php?id=a-spor
2026-05-29 20:32:31,428 [INFO] Capturing request: https://atomsportv504.top/favicon.ico
2026-05-29 20:32:31,442 [INFO] Capturing response: https://atomsportv504.top/cdn-cgi/rum? 204 
2026-05-29 20:32:31,450 [INFO] Capturing response: https://atomsportv504.top/cdn-cgi/rum? 204 
2026-05-29 20:32:31,488 [INFO] Capturing response: https://atomsportv504.top/favicon.ico 200 
2026-05-29 20:32:31,665 [INFO] Capturing response: https://teletv5.top/load/yayinlink.php?id=a-spor 200 
2026-05-29 20:32:31,671 [INFO] Capturing response: https://streamsport365.com/cinema 200 
2026-05-29 20:32:31,825 [INFO] Capturing request: https://young-surf-88a9.halitumutseler.workers.dev/https://corestream.ronaldovurdu.help//aspor/tracks-v1a1/mono.m3u8
2026-05-29 20:32:32,092 [INFO] Capturing response: https://young-surf-88a9.halitumutseler.workers.dev/https://corestream.ronaldovurdu.help//s-sport2/tracks-v1a1/mono.m3u8 504 
2026-05-29 20:32:34,333 [INFO]   ✅ M3U8 bulundu: https://young-surf-88a9.halitumutseler.workers.dev/https://corestream.ronaldovurdu.help//aspor/tracks-v1a1/mono.m3u8
2026-05-29 20:32:35,333 [INFO] 
[11/14]
2026-05-29 20:32:35,333 [INFO] 🔍 Tivibu Spor 1 → https://atomsportv504.top/matches?id=tivibu-spor-1
2026-05-29 20:32:35,441 [INFO] Capturing request: https://atomsportv504.top/assets/js/clappr.js
2026-05-29 20:32:35,443 [INFO] Capturing request: https://atomsportv504.top/matches?id=tivibu-spor-1
2026-05-29 20:32:35,476 [INFO] Capturing response: https://atomsportv504.top/assets/js/clappr.js 200 
2026-05-29 20:32:35,544 [INFO] Capturing response: https://atomsportv504.top/matches?id=tivibu-spor-1 200 
2026-05-29 20:32:35,553 [INFO] Capturing request: https://atomsportv504.top/cdn-cgi/rum?
2026-05-29 20:32:35,580 [INFO] Capturing request: https://atomsportv504.top/cdn-cgi/rum?
2026-05-29 20:32:35,679 [INFO] Capturing request: https://teletv5.top/load/yayinlink.php?id=tivibu-spor-1
2026-05-29 20:32:35,686 [INFO] Capturing request: https://atomsportv504.top/favicon.ico
2026-05-29 20:32:35,699 [INFO] Capturing response: https://atomsportv504.top/cdn-cgi/rum? 204 
2026-05-29 20:32:35,707 [INFO] Capturing response: https://atomsportv504.top/cdn-cgi/rum? 204 
2026-05-29 20:32:35,744 [INFO] Capturing response: https://atomsportv504.top/favicon.ico 200 
2026-05-29 20:32:35,827 [INFO] Capturing request: https://streamsport365.com/cinema
2026-05-29 20:32:35,930 [INFO] Capturing response: https://teletv5.top/load/yayinlink.php?id=tivibu-spor-1 200 
2026-05-29 20:32:36,041 [INFO] Capturing response: https://young-surf-88a9.halitumutseler.workers.dev/https://corestream.ronaldovurdu.help//aspor/tracks-v1a1/mono.m3u8 504 
2026-05-29 20:32:36,177 [INFO] Capturing response: https://streamsport365.com/cinema 200 
2026-05-29 20:32:53,057 [INFO] Capturing response: https://teletv5.top/load/yayinlink.php?id=s-sport 200 
2026-05-29 20:33:08,852 [WARNING]   ❌ Tivibu Spor 1 için M3U8 bulunamadı
2026-05-29 20:33:09,852 [INFO] 
[12/14]
2026-05-29 20:33:09,852 [INFO] 🔍 Tivibu Spor 2 → https://atomsportv504.top/matches?id=tivibu-spor-2
2026-05-29 20:33:09,961 [INFO] Capturing request: https://atomsportv504.top/assets/js/clappr.js
2026-05-29 20:33:09,963 [INFO] Capturing request: https://atomsportv504.top/matches?id=tivibu-spor-2
2026-05-29 20:33:09,996 [INFO] Capturing response: https://atomsportv504.top/assets/js/clappr.js 200 
2026-05-29 20:33:10,337 [INFO] Capturing response: https://atomsportv504.top/matches?id=tivibu-spor-2 200 
2026-05-29 20:33:10,349 [INFO] Capturing request: https://atomsportv504.top/cdn-cgi/rum?
2026-05-29 20:33:10,383 [INFO] Capturing request: https://atomsportv504.top/cdn-cgi/rum?
2026-05-29 20:33:10,475 [INFO] Capturing request: https://teletv5.top/load/yayinlink.php?id=tivibu-spor-2
2026-05-29 20:33:10,483 [INFO] Capturing request: https://atomsportv504.top/favicon.ico
2026-05-29 20:33:10,498 [INFO] Capturing response: https://atomsportv504.top/cdn-cgi/rum? 204 
2026-05-29 20:33:10,505 [INFO] Capturing response: https://atomsportv504.top/cdn-cgi/rum? 204 
2026-05-29 20:33:10,553 [INFO] Capturing response: https://atomsportv504.top/favicon.ico 200 
2026-05-29 20:33:10,624 [INFO] Capturing request: https://streamsport365.com/cinema
2026-05-29 20:33:10,732 [INFO] Capturing response: https://teletv5.top/load/yayinlink.php?id=tivibu-spor-2 200 
2026-05-29 20:33:10,962 [INFO] Capturing response: https://streamsport365.com/cinema 200 
2026-05-29 20:33:43,653 [WARNING]   ❌ Tivibu Spor 2 için M3U8 bulunamadı
2026-05-29 20:33:44,653 [INFO] 
[13/14]
2026-05-29 20:33:44,653 [INFO] 🔍 Tivibu Spor 3 → https://atomsportv504.top/matches?id=tivibu-spor-3
2026-05-29 20:33:44,762 [INFO] Capturing request: https://atomsportv504.top/assets/js/clappr.js
2026-05-29 20:33:44,764 [INFO] Capturing request: https://atomsportv504.top/matches?id=tivibu-spor-3
2026-05-29 20:33:44,797 [INFO] Capturing response: https://atomsportv504.top/assets/js/clappr.js 200 
2026-05-29 20:33:45,151 [INFO] Capturing response: https://atomsportv504.top/matches?id=tivibu-spor-3 200 
2026-05-29 20:33:45,161 [INFO] Capturing request: https://atomsportv504.top/cdn-cgi/rum?
2026-05-29 20:33:45,193 [INFO] Capturing request: https://atomsportv504.top/cdn-cgi/rum?
2026-05-29 20:33:45,289 [INFO] Capturing request: https://teletv5.top/load/yayinlink.php?id=tivibu-spor-3
2026-05-29 20:33:45,298 [INFO] Capturing request: https://atomsportv504.top/favicon.ico
2026-05-29 20:33:45,309 [INFO] Capturing response: https://atomsportv504.top/cdn-cgi/rum? 204 
2026-05-29 20:33:45,317 [INFO] Capturing response: https://atomsportv504.top/cdn-cgi/rum? 204 
2026-05-29 20:33:45,386 [INFO] Capturing response: https://atomsportv504.top/favicon.ico 200 
2026-05-29 20:33:45,437 [INFO] Capturing request: https://streamsport365.com/cinema
2026-05-29 20:33:45,543 [INFO] Capturing response: https://teletv5.top/load/yayinlink.php?id=tivibu-spor-3 200 
2026-05-29 20:33:45,782 [INFO] Capturing response: https://streamsport365.com/cinema 200 
2026-05-29 20:34:18,472 [WARNING]   ❌ Tivibu Spor 3 için M3U8 bulunamadı
2026-05-29 20:34:19,472 [INFO] 
[14/14]
2026-05-29 20:34:19,472 [INFO] 🔍 Tivibu Spor 4 → https://atomsportv504.top/matches?id=tivibu-spor-4
2026-05-29 20:34:19,580 [INFO] Capturing request: https://atomsportv504.top/assets/js/clappr.js
2026-05-29 20:34:19,582 [INFO] Capturing request: https://atomsportv504.top/matches?id=tivibu-spor-4
2026-05-29 20:34:19,619 [INFO] Capturing response: https://atomsportv504.top/assets/js/clappr.js 200 
2026-05-29 20:34:20,009 [INFO] Capturing response: https://atomsportv504.top/matches?id=tivibu-spor-4 200 
2026-05-29 20:34:20,020 [INFO] Capturing request: https://atomsportv504.top/cdn-cgi/rum?
2026-05-29 20:34:20,054 [INFO] Capturing request: https://atomsportv504.top/cdn-cgi/rum?
2026-05-29 20:34:20,151 [INFO] Capturing request: https://teletv5.top/load/yayinlink.php?id=tivibu-spor-4
2026-05-29 20:34:20,156 [INFO] Capturing request: https://atomsportv504.top/favicon.ico
2026-05-29 20:34:20,171 [INFO] Capturing response: https://atomsportv504.top/cdn-cgi/rum? 204 
2026-05-29 20:34:20,178 [INFO] Capturing response: https://atomsportv504.top/cdn-cgi/rum? 204 
2026-05-29 20:34:20,246 [INFO] Capturing response: https://atomsportv504.top/favicon.ico 200 
2026-05-29 20:34:20,299 [INFO] Capturing request: https://streamsport365.com/cinema
2026-05-29 20:34:20,643 [INFO] Capturing response: https://streamsport365.com/cinema 200 
2026-05-29 20:34:21,572 [INFO] Capturing response: https://teletv5.top/load/yayinlink.php?id=tivibu-spor-4 200 
2026-05-29 20:34:53,329 [WARNING]   ❌ Tivibu Spor 4 için M3U8 bulunamadı
2026-05-29 20:34:54,396 [INFO] ✅ 4 kanal bulundu, playlist.m3u kaydedildi
