2026-07-03 16:26:18,208 [INFO] 🌐 BASE_URL: https://atomsportv508.top
2026-07-03 16:26:19,031 [INFO] Başlanıyor... 14 kanal taranacak
2026-07-03 16:26:19,031 [INFO] Using default request storage
2026-07-03 16:26:19,036 [INFO] Created proxy listening on 127.0.0.1:45301
2026-07-03 16:26:19,745 [INFO] Capturing request: http://clients2.google.com/time/1/current?cup2key=10:x_njpiPBoO8CKsFFJonRj36Vhx8xE0o1tlcDstyDvoA&cup2hreq=e3b0c44298fc1c149afbf4c8996fb92427ae41e4649b934ca495991b7852b855
2026-07-03 16:26:19,804 [INFO] Capturing response: http://clients2.google.com/time/1/current?cup2key=10:x_njpiPBoO8CKsFFJonRj36Vhx8xE0o1tlcDstyDvoA&cup2hreq=e3b0c44298fc1c149afbf4c8996fb92427ae41e4649b934ca495991b7852b855 200 OK
2026-07-03 16:26:19,941 [INFO] 
[1/14]
2026-07-03 16:26:19,941 [INFO] 🔍 beIN Sports 1 → https://atomsportv508.top/matches?id=bein-sports-1
2026-07-03 16:26:20,012 [INFO] Capturing request: https://accounts.google.com/ListAccounts?gpsia=1&source=ChromiumBrowser&json=standard&laf=b64bin
2026-07-03 16:26:20,014 [INFO] Capturing request: https://update.googleapis.com/service/update2/json?cup2key=16:rKjNbkvlVpc6kpuVDDEQxvwoWlwqBVgfP48u5WyF0qA&cup2hreq=86b79b4e06216b94e6348fb3258c27d0274b31b73905db76ad8dfb8ad6b29904
2026-07-03 16:26:20,085 [INFO] Capturing response: https://update.googleapis.com/service/update2/json?cup2key=16:rKjNbkvlVpc6kpuVDDEQxvwoWlwqBVgfP48u5WyF0qA&cup2hreq=86b79b4e06216b94e6348fb3258c27d0274b31b73905db76ad8dfb8ad6b29904 200 
2026-07-03 16:26:20,094 [INFO] Capturing response: https://accounts.google.com/ListAccounts?gpsia=1&source=ChromiumBrowser&json=standard&laf=b64bin 200 
2026-07-03 16:26:20,131 [INFO] Capturing request: https://update.googleapis.com/service/update2/json?cup2key=16:4afXv4n7iiUmnSzbQ2zNnLbZIqgzr1g7zgI2a49LvXw&cup2hreq=6c76669efc72c3978ec33c11571226d4635587413feb38d0d4835fb04a43bdb6
2026-07-03 16:26:20,140 [INFO] Capturing request: https://atomsportv508.top/matches?id=bein-sports-1
2026-07-03 16:26:20,184 [INFO] Capturing response: https://update.googleapis.com/service/update2/json?cup2key=16:4afXv4n7iiUmnSzbQ2zNnLbZIqgzr1g7zgI2a49LvXw&cup2hreq=6c76669efc72c3978ec33c11571226d4635587413feb38d0d4835fb04a43bdb6 200 
2026-07-03 16:26:20,393 [INFO] Capturing request: https://www.google.com/async/folae?async=_fmt:pb&udm=50&client_locale=en-US&client_country=ZZ
2026-07-03 16:26:20,418 [INFO] Capturing response: https://www.google.com/async/folae?async=_fmt:pb&udm=50&client_locale=en-US&client_country=ZZ 200 
2026-07-03 16:26:20,459 [INFO] Capturing response: https://atomsportv508.top/matches?id=bein-sports-1 200 
2026-07-03 16:26:20,612 [INFO] Capturing request: https://atomsportv508.top/assets/js/clappr.js
2026-07-03 16:26:20,669 [INFO] Capturing request: https://cdnjs.cloudflare.com/ajax/libs/jquery/3.2.1/jquery.min.js
2026-07-03 16:26:20,675 [INFO] Capturing request: https://cdn.jsdelivr.net/npm/@clappr/player@latest/dist/clappr.min.js
2026-07-03 16:26:20,685 [INFO] Capturing response: https://atomsportv508.top/assets/js/clappr.js 200 
2026-07-03 16:26:20,712 [INFO] Capturing response: https://cdnjs.cloudflare.com/ajax/libs/jquery/3.2.1/jquery.min.js 200 
2026-07-03 16:26:20,767 [INFO] Capturing response: https://cdn.jsdelivr.net/npm/@clappr/player@latest/dist/clappr.min.js 200 
2026-07-03 16:26:20,947 [INFO] Capturing request: https://static.cloudflareinsights.com/beacon.min.js/v4513226cdae34746b4dedf0b4dfa099e1781791509496
2026-07-03 16:26:20,976 [INFO] Capturing response: https://static.cloudflareinsights.com/beacon.min.js/v4513226cdae34746b4dedf0b4dfa099e1781791509496 200 
2026-07-03 16:26:21,038 [INFO] Capturing request: https://atomsportv508.top/cdn-cgi/rum?
2026-07-03 16:26:21,139 [INFO] Capturing request: https://atomsportv508.top/favicon.ico
2026-07-03 16:26:21,163 [INFO] Capturing response: https://atomsportv508.top/cdn-cgi/rum? 204 
2026-07-03 16:26:21,232 [INFO] Capturing request: https://teletv5.top/load/yayinlink.php?id=bein-sports-1
2026-07-03 16:26:21,299 [INFO] Capturing response: https://atomsportv508.top/favicon.ico 200 
2026-07-03 16:26:21,725 [INFO] Capturing response: https://teletv5.top/load/yayinlink.php?id=bein-sports-1 200 
2026-07-03 16:26:21,773 [INFO] Capturing request: https://streamsport365.com/cinema
2026-07-03 16:26:22,114 [INFO] Capturing response: https://streamsport365.com/cinema 200 
2026-07-03 16:26:22,248 [INFO] Capturing request: https://atomsportv508.top/assets/img/player_logo_6880e4e4c52ee.png
2026-07-03 16:26:22,347 [INFO] Capturing response: https://atomsportv508.top/assets/img/player_logo_6880e4e4c52ee.png 200 
2026-07-03 16:26:22,362 [INFO] Capturing request: https://hlssssssssssssssssss.yedeklinksa35.workers.dev/https://corestream.ronaldovurdu.help//trtspor/tracks-v1a1/mono.m3u8
2026-07-03 16:26:22,384 [INFO] Capturing response: https://hlssssssssssssssssss.yedeklinksa35.workers.dev/https://corestream.ronaldovurdu.help//trtspor/tracks-v1a1/mono.m3u8 500 
2026-07-03 16:26:22,974 [INFO] Capturing request: https://android.clients.google.com/checkin
2026-07-03 16:26:23,081 [INFO] Capturing response: https://android.clients.google.com/checkin 200 
2026-07-03 16:26:23,129 [INFO] Capturing request: https://android.clients.google.com/c2dm/register3
2026-07-03 16:26:23,135 [INFO] Capturing request: https://android.clients.google.com/c2dm/register3
2026-07-03 16:26:23,137 [INFO] Capturing request: https://android.clients.google.com/c2dm/register3
2026-07-03 16:26:23,204 [INFO] Capturing response: https://android.clients.google.com/c2dm/register3 200 
2026-07-03 16:26:23,210 [INFO] Capturing response: https://android.clients.google.com/c2dm/register3 200 
2026-07-03 16:26:23,213 [INFO] Capturing response: https://android.clients.google.com/c2dm/register3 200 
2026-07-03 16:26:24,058 [INFO]   ✅ M3U8 bulundu: https://hlssssssssssssssssss.yedeklinksa35.workers.dev/https://corestream.ronaldovurdu.help//trtspor/tracks-v1a1/mono.m3u8
2026-07-03 16:26:25,059 [INFO] 
[2/14]
2026-07-03 16:26:25,059 [INFO] 🔍 beIN Sports 2 → https://atomsportv508.top/matches?id=bein-sports-2
2026-07-03 16:26:25,170 [INFO] Capturing request: https://atomsportv508.top/matches?id=bein-sports-2
2026-07-03 16:26:25,251 [INFO] Capturing response: https://atomsportv508.top/matches?id=bein-sports-2 200 
2026-07-03 16:26:25,261 [INFO] Capturing request: https://atomsportv508.top/cdn-cgi/rum?
2026-07-03 16:26:25,301 [INFO] Capturing request: https://streamsport365.com/cinema
2026-07-03 16:26:25,307 [INFO] Capturing request: https://atomsportv508.top/cdn-cgi/rum?
2026-07-03 16:26:25,384 [INFO] Capturing response: https://atomsportv508.top/cdn-cgi/rum? 204 
2026-07-03 16:26:25,402 [INFO] Capturing request: https://teletv5.top/load/yayinlink.php?id=bein-sports-2
2026-07-03 16:26:25,407 [INFO] Capturing request: https://atomsportv508.top/favicon.ico
2026-07-03 16:26:25,465 [INFO] Capturing response: https://atomsportv508.top/favicon.ico 200 
2026-07-03 16:26:25,470 [INFO] Capturing response: https://atomsportv508.top/cdn-cgi/rum? 204 
2026-07-03 16:26:25,644 [INFO] Capturing response: https://teletv5.top/load/yayinlink.php?id=bein-sports-2 200 
2026-07-03 16:26:25,652 [INFO] Capturing response: https://streamsport365.com/cinema 200 
2026-07-03 16:26:25,772 [INFO] Capturing request: https://hlssssssssssssssssss.yedeklinksa35.workers.dev/https://corestream.ronaldovurdu.help//bein2/tracks-v1a1/mono.m3u8
2026-07-03 16:26:25,792 [INFO] Capturing response: https://hlssssssssssssssssss.yedeklinksa35.workers.dev/https://corestream.ronaldovurdu.help//bein2/tracks-v1a1/mono.m3u8 500 
2026-07-03 16:26:28,318 [INFO]   ✅ M3U8 bulundu: https://hlssssssssssssssssss.yedeklinksa35.workers.dev/https://corestream.ronaldovurdu.help//bein2/tracks-v1a1/mono.m3u8
2026-07-03 16:26:29,318 [INFO] 
[3/14]
2026-07-03 16:26:29,318 [INFO] 🔍 beIN Sports 3 → https://atomsportv508.top/matches?id=bein-sports-3
2026-07-03 16:26:29,430 [INFO] Capturing request: https://atomsportv508.top/matches?id=bein-sports-3
2026-07-03 16:26:29,430 [INFO] Capturing request: https://atomsportv508.top/assets/js/clappr.js
2026-07-03 16:26:29,493 [INFO] Capturing response: https://atomsportv508.top/assets/js/clappr.js 200 
2026-07-03 16:26:29,505 [INFO] Capturing response: https://atomsportv508.top/matches?id=bein-sports-3 200 
2026-07-03 16:26:29,513 [INFO] Capturing request: https://atomsportv508.top/cdn-cgi/rum?
2026-07-03 16:26:29,539 [INFO] Capturing request: https://atomsportv508.top/cdn-cgi/rum?
2026-07-03 16:26:29,637 [INFO] Capturing request: https://teletv5.top/load/yayinlink.php?id=bein-sports-3
2026-07-03 16:26:29,639 [INFO] Capturing request: https://atomsportv508.top/favicon.ico
2026-07-03 16:26:29,654 [INFO] Capturing response: https://atomsportv508.top/cdn-cgi/rum? 204 
2026-07-03 16:26:29,668 [INFO] Capturing response: https://atomsportv508.top/cdn-cgi/rum? 204 
2026-07-03 16:26:29,698 [INFO] Capturing response: https://atomsportv508.top/favicon.ico 200 
2026-07-03 16:26:29,784 [INFO] Capturing request: https://streamsport365.com/cinema
2026-07-03 16:26:29,881 [INFO] Capturing response: https://teletv5.top/load/yayinlink.php?id=bein-sports-3 200 
2026-07-03 16:26:30,142 [INFO] Capturing response: https://streamsport365.com/cinema 200 
2026-07-03 16:26:43,685 [INFO] Capturing request: https://android.clients.google.com/c2dm/register3
2026-07-03 16:26:43,759 [INFO] Capturing response: https://android.clients.google.com/c2dm/register3 301 
2026-07-03 16:26:44,898 [INFO] Capturing request: https://android.clients.google.com/c2dm/register3
2026-07-03 16:26:45,486 [INFO] Capturing response: https://android.clients.google.com/c2dm/register3 200 
2026-07-03 16:26:46,890 [INFO] Capturing request: https://android.clients.google.com/c2dm/register3
2026-07-03 16:26:47,470 [INFO] Capturing response: https://android.clients.google.com/c2dm/register3 200 
2026-07-03 16:27:02,872 [WARNING]   ❌ beIN Sports 3 için M3U8 bulunamadı
2026-07-03 16:27:03,872 [INFO] 
[4/14]
2026-07-03 16:27:03,872 [INFO] 🔍 beIN Sports 4 → https://atomsportv508.top/matches?id=bein-sports-4
2026-07-03 16:27:03,982 [INFO] Capturing request: https://atomsportv508.top/assets/js/clappr.js
2026-07-03 16:27:03,983 [INFO] Capturing request: https://atomsportv508.top/matches?id=bein-sports-4
2026-07-03 16:27:04,049 [INFO] Capturing response: https://atomsportv508.top/assets/js/clappr.js 200 
2026-07-03 16:27:04,707 [INFO] Capturing response: https://atomsportv508.top/matches?id=bein-sports-4 200 
2026-07-03 16:27:04,718 [INFO] Capturing request: https://atomsportv508.top/cdn-cgi/rum?
2026-07-03 16:27:04,744 [INFO] Capturing request: https://atomsportv508.top/cdn-cgi/rum?
2026-07-03 16:27:04,845 [INFO] Capturing request: https://teletv5.top/load/yayinlink.php?id=bein-sports-4
2026-07-03 16:27:04,848 [INFO] Capturing request: https://atomsportv508.top/favicon.ico
2026-07-03 16:27:04,850 [INFO] Capturing response: https://atomsportv508.top/cdn-cgi/rum? 204 
2026-07-03 16:27:04,908 [INFO] Capturing response: https://atomsportv508.top/cdn-cgi/rum? 204 
2026-07-03 16:27:04,934 [INFO] Capturing response: https://atomsportv508.top/favicon.ico 200 
2026-07-03 16:27:04,991 [INFO] Capturing request: https://streamsport365.com/cinema
2026-07-03 16:27:05,100 [INFO] Capturing response: https://teletv5.top/load/yayinlink.php?id=bein-sports-4 200 
2026-07-03 16:27:05,336 [INFO] Capturing response: https://streamsport365.com/cinema 200 
2026-07-03 16:27:19,737 [INFO] Capturing request: https://update.googleapis.com/service/update2/json?cup2key=16:Ku7xrtrzfmtGPytrDOAl0OV5SOZc-Q4_Xd7wBt9yph0&cup2hreq=03c0d745f028d890630f49c9c1379a889695311f9ad95035a2e8657d0f7c41b2
2026-07-03 16:27:19,788 [INFO] Capturing response: https://update.googleapis.com/service/update2/json?cup2key=16:Ku7xrtrzfmtGPytrDOAl0OV5SOZc-Q4_Xd7wBt9yph0&cup2hreq=03c0d745f028d890630f49c9c1379a889695311f9ad95035a2e8657d0f7c41b2 200 
2026-07-03 16:27:19,794 [INFO] Capturing request: http://edgedl.me.gvt1.com/edgedl/release2/chrome_component/meutf2p54j4gtfptmswzqitgz4_10624/hfnkpimlhhgieaddgfemjhofmfblmnib_10624_all_euzbtb4xb2htriewpadlrv5mgm.crx3
2026-07-03 16:27:19,829 [INFO] Capturing response: http://edgedl.me.gvt1.com/edgedl/release2/chrome_component/meutf2p54j4gtfptmswzqitgz4_10624/hfnkpimlhhgieaddgfemjhofmfblmnib_10624_all_euzbtb4xb2htriewpadlrv5mgm.crx3 200 OK
2026-07-03 16:27:19,863 [INFO] Capturing request: https://update.googleapis.com/service/update2/json
2026-07-03 16:27:19,906 [INFO] Capturing response: https://update.googleapis.com/service/update2/json 200 
2026-07-03 16:27:19,951 [INFO] Capturing request: http://edgedl.me.gvt1.com/edgedl/diffgen-puffin/gcmjkmgdlgnkkcocmoeiminaijmmjnii/df2a22d5ecc7788c3330ebd5f856b41531c74f412a01ed7453d11284708009fe
2026-07-03 16:27:19,962 [INFO] Capturing response: http://edgedl.me.gvt1.com/edgedl/diffgen-puffin/gcmjkmgdlgnkkcocmoeiminaijmmjnii/df2a22d5ecc7788c3330ebd5f856b41531c74f412a01ed7453d11284708009fe 200 OK
2026-07-03 16:27:20,053 [INFO] Capturing request: https://update.googleapis.com/service/update2/json
2026-07-03 16:27:20,099 [INFO] Capturing response: https://update.googleapis.com/service/update2/json 200 
2026-07-03 16:27:37,965 [INFO] Capturing request: https://android.clients.google.com/c2dm/register3
2026-07-03 16:27:38,038 [INFO] Capturing response: https://android.clients.google.com/c2dm/register3 301 
2026-07-03 16:27:38,050 [WARNING]   ❌ beIN Sports 4 için M3U8 bulunamadı
2026-07-03 16:27:39,050 [INFO] 
[5/14]
2026-07-03 16:27:39,050 [INFO] 🔍 beIN Sports 5 → https://atomsportv508.top/matches?id=bein-sports-5
2026-07-03 16:27:39,221 [INFO] Capturing request: https://atomsportv508.top/matches?id=bein-sports-5
2026-07-03 16:27:39,224 [INFO] Capturing request: https://atomsportv508.top/assets/js/clappr.js
2026-07-03 16:27:39,314 [INFO] Capturing response: https://atomsportv508.top/assets/js/clappr.js 200 
2026-07-03 16:27:39,623 [INFO] Capturing response: https://atomsportv508.top/matches?id=bein-sports-5 200 
2026-07-03 16:27:39,632 [INFO] Capturing request: https://atomsportv508.top/cdn-cgi/rum?
2026-07-03 16:27:39,661 [INFO] Capturing request: https://atomsportv508.top/cdn-cgi/rum?
2026-07-03 16:27:39,760 [INFO] Capturing request: https://atomsportv508.top/favicon.ico
2026-07-03 16:27:39,776 [INFO] Capturing response: https://atomsportv508.top/cdn-cgi/rum? 204 
2026-07-03 16:27:39,785 [INFO] Capturing response: https://atomsportv508.top/cdn-cgi/rum? 204 
2026-07-03 16:27:39,819 [INFO] Capturing request: https://teletv5.top/load/yayinlink.php?id=bein-sports-5
2026-07-03 16:27:39,840 [INFO] Capturing response: https://atomsportv508.top/favicon.ico 200 
2026-07-03 16:27:40,067 [INFO] Capturing response: https://teletv5.top/load/yayinlink.php?id=bein-sports-5 200 
2026-07-03 16:27:40,363 [INFO] Capturing request: https://streamsport365.com/cinema
2026-07-03 16:27:40,706 [INFO] Capturing response: https://streamsport365.com/cinema 200 
2026-07-03 16:28:12,944 [WARNING]   ❌ beIN Sports 5 için M3U8 bulunamadı
2026-07-03 16:28:13,945 [INFO] 
[6/14]
2026-07-03 16:28:13,945 [INFO] 🔍 beIN Sports Max 1 → https://atomsportv508.top/matches?id=bein-sports-max-1
2026-07-03 16:28:14,054 [INFO] Capturing request: https://atomsportv508.top/assets/js/clappr.js
2026-07-03 16:28:14,056 [INFO] Capturing request: https://atomsportv508.top/matches?id=bein-sports-max-1
2026-07-03 16:28:14,098 [INFO] Capturing response: https://atomsportv508.top/assets/js/clappr.js 200 
2026-07-03 16:28:14,441 [INFO] Capturing response: https://atomsportv508.top/matches?id=bein-sports-max-1 200 
2026-07-03 16:28:14,452 [INFO] Capturing request: https://atomsportv508.top/cdn-cgi/rum?
2026-07-03 16:28:14,480 [INFO] Capturing request: https://atomsportv508.top/cdn-cgi/rum?
2026-07-03 16:28:14,576 [INFO] Capturing request: https://teletv5.top/load/yayinlink.php?id=bein-sports-max-1
2026-07-03 16:28:14,581 [INFO] Capturing request: https://atomsportv508.top/favicon.ico
2026-07-03 16:28:14,593 [INFO] Capturing response: https://atomsportv508.top/cdn-cgi/rum? 204 
2026-07-03 16:28:14,602 [INFO] Capturing response: https://atomsportv508.top/cdn-cgi/rum? 204 
2026-07-03 16:28:14,644 [INFO] Capturing response: https://atomsportv508.top/favicon.ico 200 
2026-07-03 16:28:14,722 [INFO] Capturing request: https://streamsport365.com/cinema
2026-07-03 16:28:14,875 [INFO] Capturing response: https://teletv5.top/load/yayinlink.php?id=bein-sports-max-1 200 
2026-07-03 16:28:15,058 [INFO] Capturing response: https://streamsport365.com/cinema 200 
2026-07-03 16:28:47,759 [WARNING]   ❌ beIN Sports Max 1 için M3U8 bulunamadı
2026-07-03 16:28:48,759 [INFO] 
[7/14]
2026-07-03 16:28:48,759 [INFO] 🔍 beIN Sports Max 2 → https://atomsportv508.top/matches?id=bein-sports-max-2
2026-07-03 16:28:48,870 [INFO] Capturing request: https://atomsportv508.top/matches?id=bein-sports-max-2
2026-07-03 16:28:48,871 [INFO] Capturing request: https://atomsportv508.top/assets/js/clappr.js
2026-07-03 16:28:48,922 [INFO] Capturing response: https://atomsportv508.top/assets/js/clappr.js 200 
2026-07-03 16:28:49,257 [INFO] Capturing response: https://atomsportv508.top/matches?id=bein-sports-max-2 200 
2026-07-03 16:28:49,267 [INFO] Capturing request: https://atomsportv508.top/cdn-cgi/rum?
2026-07-03 16:28:49,302 [INFO] Capturing request: https://atomsportv508.top/cdn-cgi/rum?
2026-07-03 16:28:49,402 [INFO] Capturing request: https://teletv5.top/load/yayinlink.php?id=bein-sports-max-2
2026-07-03 16:28:49,404 [INFO] Capturing request: https://atomsportv508.top/favicon.ico
2026-07-03 16:28:49,420 [INFO] Capturing response: https://atomsportv508.top/cdn-cgi/rum? 204 
2026-07-03 16:28:49,426 [INFO] Capturing response: https://atomsportv508.top/cdn-cgi/rum? 204 
2026-07-03 16:28:49,468 [INFO] Capturing response: https://atomsportv508.top/favicon.ico 200 
2026-07-03 16:28:49,534 [INFO] Capturing request: https://streamsport365.com/cinema
2026-07-03 16:28:49,682 [INFO] Capturing response: https://teletv5.top/load/yayinlink.php?id=bein-sports-max-2 200 
2026-07-03 16:28:49,863 [INFO] Capturing response: https://streamsport365.com/cinema 200 
2026-07-03 16:29:22,578 [WARNING]   ❌ beIN Sports Max 2 için M3U8 bulunamadı
2026-07-03 16:29:23,578 [INFO] 
[8/14]
2026-07-03 16:29:23,578 [INFO] 🔍 S Sport → https://atomsportv508.top/matches?id=s-sport
2026-07-03 16:29:23,690 [INFO] Capturing request: https://atomsportv508.top/matches?id=s-sport
2026-07-03 16:29:23,691 [INFO] Capturing request: https://atomsportv508.top/assets/js/clappr.js
2026-07-03 16:29:23,735 [INFO] Capturing response: https://atomsportv508.top/assets/js/clappr.js 200 
2026-07-03 16:29:24,052 [INFO] Capturing response: https://atomsportv508.top/matches?id=s-sport 200 
2026-07-03 16:29:24,062 [INFO] Capturing request: https://atomsportv508.top/cdn-cgi/rum?
2026-07-03 16:29:24,091 [INFO] Capturing request: https://atomsportv508.top/cdn-cgi/rum?
2026-07-03 16:29:24,186 [INFO] Capturing request: https://teletv5.top/load/yayinlink.php?id=s-sport
2026-07-03 16:29:24,195 [INFO] Capturing request: https://atomsportv508.top/favicon.ico
2026-07-03 16:29:24,206 [INFO] Capturing response: https://atomsportv508.top/cdn-cgi/rum? 204 
2026-07-03 16:29:24,214 [INFO] Capturing response: https://atomsportv508.top/cdn-cgi/rum? 204 
2026-07-03 16:29:24,265 [INFO] Capturing response: https://atomsportv508.top/favicon.ico 200 
2026-07-03 16:29:24,334 [INFO] Capturing request: https://streamsport365.com/cinema
2026-07-03 16:29:24,451 [INFO] Capturing response: https://teletv5.top/load/yayinlink.php?id=s-sport 200 
2026-07-03 16:29:24,674 [INFO] Capturing response: https://streamsport365.com/cinema 200 
2026-07-03 16:29:24,847 [INFO] Capturing request: https://hlssssssssssssssssss.yedeklinksa35.workers.dev/https://corestream.ronaldovurdu.help//s-sportt/tracks-v1a1/mono.m3u8
2026-07-03 16:29:24,870 [INFO] Capturing response: https://hlssssssssssssssssss.yedeklinksa35.workers.dev/https://corestream.ronaldovurdu.help//s-sportt/tracks-v1a1/mono.m3u8 500 
2026-07-03 16:29:27,108 [INFO]   ✅ M3U8 bulundu: https://hlssssssssssssssssss.yedeklinksa35.workers.dev/https://corestream.ronaldovurdu.help//s-sportt/tracks-v1a1/mono.m3u8
2026-07-03 16:29:28,108 [INFO] 
[9/14]
2026-07-03 16:29:28,109 [INFO] 🔍 S Sport 2 → https://atomsportv508.top/matches?id=s-sport-2
2026-07-03 16:29:28,217 [INFO] Capturing request: https://atomsportv508.top/assets/js/clappr.js
2026-07-03 16:29:28,219 [INFO] Capturing request: https://atomsportv508.top/matches?id=s-sport-2
2026-07-03 16:29:28,246 [INFO] Capturing response: https://atomsportv508.top/assets/js/clappr.js 200 
2026-07-03 16:29:28,279 [INFO] Capturing response: https://atomsportv508.top/matches?id=s-sport-2 200 
2026-07-03 16:29:28,289 [INFO] Capturing request: https://atomsportv508.top/cdn-cgi/rum?
2026-07-03 16:29:28,316 [INFO] Capturing request: https://streamsport365.com/cinema
2026-07-03 16:29:28,318 [INFO] Capturing request: https://atomsportv508.top/cdn-cgi/rum?
2026-07-03 16:29:28,412 [INFO] Capturing request: https://teletv5.top/load/yayinlink.php?id=s-sport-2
2026-07-03 16:29:28,417 [INFO] Capturing request: https://atomsportv508.top/favicon.ico
2026-07-03 16:29:28,434 [INFO] Capturing response: https://atomsportv508.top/cdn-cgi/rum? 204 
2026-07-03 16:29:28,443 [INFO] Capturing response: https://atomsportv508.top/cdn-cgi/rum? 204 
2026-07-03 16:29:28,479 [INFO] Capturing response: https://atomsportv508.top/favicon.ico 200 
2026-07-03 16:29:28,662 [INFO] Capturing response: https://streamsport365.com/cinema 200 
2026-07-03 16:29:28,703 [INFO] Capturing response: https://teletv5.top/load/yayinlink.php?id=s-sport-2 200 
2026-07-03 16:29:28,862 [INFO] Capturing request: https://hlssssssssssssssssss.yedeklinksa35.workers.dev/https://corestream.ronaldovurdu.help//s-sport2/tracks-v1a1/mono.m3u8
2026-07-03 16:29:28,882 [INFO] Capturing response: https://hlssssssssssssssssss.yedeklinksa35.workers.dev/https://corestream.ronaldovurdu.help//s-sport2/tracks-v1a1/mono.m3u8 500 
2026-07-03 16:29:31,331 [INFO]   ✅ M3U8 bulundu: https://hlssssssssssssssssss.yedeklinksa35.workers.dev/https://corestream.ronaldovurdu.help//s-sport2/tracks-v1a1/mono.m3u8
2026-07-03 16:29:32,331 [INFO] 
[10/14]
2026-07-03 16:29:32,331 [INFO] 🔍 A Spor → https://atomsportv508.top/matches?id=a-spor
2026-07-03 16:29:32,441 [INFO] Capturing request: https://atomsportv508.top/matches?id=a-spor
2026-07-03 16:29:32,442 [INFO] Capturing request: https://atomsportv508.top/assets/js/clappr.js
2026-07-03 16:29:32,479 [INFO] Capturing response: https://atomsportv508.top/assets/js/clappr.js 200 
2026-07-03 16:29:32,505 [INFO] Capturing response: https://atomsportv508.top/matches?id=a-spor 200 
2026-07-03 16:29:32,514 [INFO] Capturing request: https://atomsportv508.top/cdn-cgi/rum?
2026-07-03 16:29:32,543 [INFO] Capturing request: https://atomsportv508.top/cdn-cgi/rum?
2026-07-03 16:29:32,637 [INFO] Capturing request: https://teletv5.top/load/yayinlink.php?id=a-spor
2026-07-03 16:29:32,643 [INFO] Capturing request: https://atomsportv508.top/favicon.ico
2026-07-03 16:29:32,661 [INFO] Capturing response: https://atomsportv508.top/cdn-cgi/rum? 204 
2026-07-03 16:29:32,671 [INFO] Capturing response: https://atomsportv508.top/cdn-cgi/rum? 204 
2026-07-03 16:29:32,695 [INFO] Capturing response: https://atomsportv508.top/favicon.ico 200 
2026-07-03 16:29:32,786 [INFO] Capturing request: https://streamsport365.com/cinema
2026-07-03 16:29:32,882 [INFO] Capturing response: https://teletv5.top/load/yayinlink.php?id=a-spor 200 
2026-07-03 16:29:33,124 [INFO] Capturing response: https://streamsport365.com/cinema 200 
2026-07-03 16:29:33,244 [INFO] Capturing request: https://hlssssssssssssssssss.yedeklinksa35.workers.dev/https://corestream.ronaldovurdu.help//aspor/tracks-v1a1/mono.m3u8
2026-07-03 16:29:33,265 [INFO] Capturing response: https://hlssssssssssssssssss.yedeklinksa35.workers.dev/https://corestream.ronaldovurdu.help//aspor/tracks-v1a1/mono.m3u8 500 
2026-07-03 16:29:35,555 [INFO]   ✅ M3U8 bulundu: https://hlssssssssssssssssss.yedeklinksa35.workers.dev/https://corestream.ronaldovurdu.help//aspor/tracks-v1a1/mono.m3u8
2026-07-03 16:29:36,466 [INFO] Capturing request: https://android.clients.google.com/c2dm/register3
2026-07-03 16:29:36,545 [INFO] Capturing response: https://android.clients.google.com/c2dm/register3 301 
2026-07-03 16:29:36,555 [INFO] 
[11/14]
2026-07-03 16:29:36,556 [INFO] 🔍 Tivibu Spor 1 → https://atomsportv508.top/matches?id=tivibu-spor-1
2026-07-03 16:29:36,663 [INFO] Capturing request: https://atomsportv508.top/assets/js/clappr.js
2026-07-03 16:29:36,665 [INFO] Capturing request: https://atomsportv508.top/matches?id=tivibu-spor-1
2026-07-03 16:29:36,694 [INFO] Capturing response: https://atomsportv508.top/assets/js/clappr.js 200 
2026-07-03 16:29:36,774 [INFO] Capturing response: https://atomsportv508.top/matches?id=tivibu-spor-1 200 
2026-07-03 16:29:36,782 [INFO] Capturing request: https://atomsportv508.top/cdn-cgi/rum?
2026-07-03 16:29:36,809 [INFO] Capturing request: https://streamsport365.com/cinema
2026-07-03 16:29:36,816 [INFO] Capturing request: https://atomsportv508.top/cdn-cgi/rum?
2026-07-03 16:29:36,909 [INFO] Capturing request: https://teletv5.top/load/yayinlink.php?id=tivibu-spor-1
2026-07-03 16:29:36,922 [INFO] Capturing request: https://atomsportv508.top/favicon.ico
2026-07-03 16:29:36,931 [INFO] Capturing response: https://atomsportv508.top/cdn-cgi/rum? 204 
2026-07-03 16:29:36,939 [INFO] Capturing response: https://atomsportv508.top/cdn-cgi/rum? 204 
2026-07-03 16:29:36,979 [INFO] Capturing response: https://atomsportv508.top/favicon.ico 200 
2026-07-03 16:29:37,147 [INFO] Capturing response: https://teletv5.top/load/yayinlink.php?id=tivibu-spor-1 200 
2026-07-03 16:29:37,149 [INFO] Capturing response: https://streamsport365.com/cinema 200 
2026-07-03 16:30:10,100 [WARNING]   ❌ Tivibu Spor 1 için M3U8 bulunamadı
2026-07-03 16:30:11,100 [INFO] 
[12/14]
2026-07-03 16:30:11,100 [INFO] 🔍 Tivibu Spor 2 → https://atomsportv508.top/matches?id=tivibu-spor-2
2026-07-03 16:30:11,209 [INFO] Capturing request: https://atomsportv508.top/assets/js/clappr.js
2026-07-03 16:30:11,211 [INFO] Capturing request: https://atomsportv508.top/matches?id=tivibu-spor-2
2026-07-03 16:30:11,271 [INFO] Capturing response: https://atomsportv508.top/assets/js/clappr.js 200 
2026-07-03 16:30:11,649 [INFO] Capturing response: https://atomsportv508.top/matches?id=tivibu-spor-2 200 
2026-07-03 16:30:11,658 [INFO] Capturing request: https://atomsportv508.top/cdn-cgi/rum?
2026-07-03 16:30:11,691 [INFO] Capturing request: https://atomsportv508.top/cdn-cgi/rum?
2026-07-03 16:30:11,787 [INFO] Capturing request: https://teletv5.top/load/yayinlink.php?id=tivibu-spor-2
2026-07-03 16:30:11,791 [INFO] Capturing request: https://atomsportv508.top/favicon.ico
2026-07-03 16:30:11,810 [INFO] Capturing response: https://atomsportv508.top/cdn-cgi/rum? 204 
2026-07-03 16:30:11,815 [INFO] Capturing response: https://atomsportv508.top/cdn-cgi/rum? 204 
2026-07-03 16:30:11,867 [INFO] Capturing response: https://atomsportv508.top/favicon.ico 200 
2026-07-03 16:30:11,929 [INFO] Capturing request: https://streamsport365.com/cinema
2026-07-03 16:30:12,067 [INFO] Capturing response: https://teletv5.top/load/yayinlink.php?id=tivibu-spor-2 200 
2026-07-03 16:30:12,267 [INFO] Capturing response: https://streamsport365.com/cinema 200 
2026-07-03 16:30:44,969 [WARNING]   ❌ Tivibu Spor 2 için M3U8 bulunamadı
2026-07-03 16:30:45,969 [INFO] 
[13/14]
2026-07-03 16:30:45,970 [INFO] 🔍 Tivibu Spor 3 → https://atomsportv508.top/matches?id=tivibu-spor-3
2026-07-03 16:30:46,078 [INFO] Capturing request: https://atomsportv508.top/assets/js/clappr.js
2026-07-03 16:30:46,080 [INFO] Capturing request: https://atomsportv508.top/matches?id=tivibu-spor-3
2026-07-03 16:30:46,119 [INFO] Capturing response: https://atomsportv508.top/assets/js/clappr.js 200 
2026-07-03 16:30:46,483 [INFO] Capturing response: https://atomsportv508.top/matches?id=tivibu-spor-3 200 
2026-07-03 16:30:46,492 [INFO] Capturing request: https://atomsportv508.top/cdn-cgi/rum?
2026-07-03 16:30:46,526 [INFO] Capturing request: https://atomsportv508.top/cdn-cgi/rum?
2026-07-03 16:30:46,621 [INFO] Capturing request: https://teletv5.top/load/yayinlink.php?id=tivibu-spor-3
2026-07-03 16:30:46,626 [INFO] Capturing request: https://atomsportv508.top/favicon.ico
2026-07-03 16:30:46,662 [INFO] Capturing response: https://atomsportv508.top/cdn-cgi/rum? 204 
2026-07-03 16:30:46,664 [INFO] Capturing response: https://atomsportv508.top/cdn-cgi/rum? 204 
2026-07-03 16:30:46,706 [INFO] Capturing response: https://atomsportv508.top/favicon.ico 200 
2026-07-03 16:30:46,768 [INFO] Capturing request: https://streamsport365.com/cinema
2026-07-03 16:30:46,945 [INFO] Capturing response: https://teletv5.top/load/yayinlink.php?id=tivibu-spor-3 200 
2026-07-03 16:30:47,110 [INFO] Capturing response: https://streamsport365.com/cinema 200 
2026-07-03 16:31:19,810 [WARNING]   ❌ Tivibu Spor 3 için M3U8 bulunamadı
2026-07-03 16:31:20,113 [INFO] 127.0.0.1:59758: HTTP/2 connection terminated by server: error code: 0, last stream id: 201, additional data: b'session_timed_out'
2026-07-03 16:31:20,810 [INFO] 
[14/14]
2026-07-03 16:31:20,810 [INFO] 🔍 Tivibu Spor 4 → https://atomsportv508.top/matches?id=tivibu-spor-4
2026-07-03 16:31:20,921 [INFO] Capturing request: https://atomsportv508.top/assets/js/clappr.js
2026-07-03 16:31:20,921 [INFO] Capturing request: https://atomsportv508.top/matches?id=tivibu-spor-4
2026-07-03 16:31:20,963 [INFO] Capturing response: https://atomsportv508.top/assets/js/clappr.js 200 
2026-07-03 16:31:21,312 [INFO] Capturing response: https://atomsportv508.top/matches?id=tivibu-spor-4 200 
2026-07-03 16:31:21,321 [INFO] Capturing request: https://atomsportv508.top/cdn-cgi/rum?
2026-07-03 16:31:21,354 [INFO] Capturing request: https://atomsportv508.top/cdn-cgi/rum?
2026-07-03 16:31:21,448 [INFO] Capturing request: https://teletv5.top/load/yayinlink.php?id=tivibu-spor-4
2026-07-03 16:31:21,454 [INFO] Capturing request: https://atomsportv508.top/favicon.ico
2026-07-03 16:31:21,469 [INFO] Capturing response: https://atomsportv508.top/cdn-cgi/rum? 204 
2026-07-03 16:31:21,478 [INFO] Capturing response: https://atomsportv508.top/cdn-cgi/rum? 204 
2026-07-03 16:31:21,527 [INFO] Capturing response: https://atomsportv508.top/favicon.ico 200 
2026-07-03 16:31:21,588 [INFO] Capturing request: https://streamsport365.com/cinema
2026-07-03 16:31:21,730 [INFO] Capturing response: https://teletv5.top/load/yayinlink.php?id=tivibu-spor-4 200 
2026-07-03 16:31:21,922 [INFO] Capturing response: https://streamsport365.com/cinema 200 
2026-07-03 16:31:54,633 [WARNING]   ❌ Tivibu Spor 4 için M3U8 bulunamadı
2026-07-03 16:31:55,700 [INFO] ✅ 5 kanal bulundu, playlist.m3u kaydedildi
