2026-04-17 14:59:24,263 [INFO] 🔎 Domain aralığı taranıyor: atomsportv490.top - atomsportv520.top
2026-04-17 14:59:26,282 [INFO]   ✅ Aktif domain bulundu: https://atomsportv497.top
2026-04-17 14:59:26,284 [INFO] 🌐 Kullanılan BASE_URL: https://atomsportv497.top
2026-04-17 14:59:27,335 [INFO] ✅ SeleniumWire aktif
2026-04-17 14:59:27,336 [INFO] =======================================================
2026-04-17 14:59:27,336 [INFO]    M3U8 Scraper
2026-04-17 14:59:27,336 [INFO]    Base URL : https://atomsportv497.top
2026-04-17 14:59:27,336 [INFO]    Toplam   : 13 sayfa
2026-04-17 14:59:27,336 [INFO] =======================================================
2026-04-17 14:59:27,336 [INFO] 🔧 Driver başlatılıyor...
2026-04-17 14:59:28,055 [INFO] ✅ Driver başlatıldı
2026-04-17 14:59:28,055 [INFO] 
[1/13]
2026-04-17 14:59:28,055 [INFO] 
──────────────────────────────────────────────────
2026-04-17 14:59:28,055 [INFO] 🔍 beIN Sports 1 → https://atomsportv497.top/matches?id=bein-sports-1
2026-04-17 14:59:28,055 [INFO] ──────────────────────────────────────────────────
2026-04-17 15:00:00,254 [INFO]   📡 M3U8 bekleniyor (max 8s)...
2026-04-17 15:00:00,256 [INFO]   🎯 DOĞRU kanal bulundu: https://hlsssssss.amgtmeme.workers.dev/https://corestream.ronaldovurdu.help//hls/bein-sports-11.m3u8
2026-04-17 15:00:00,256 [INFO]   ✅ beIN Sports 1: https://hlsssssss.amgtmeme.workers.dev/https://corestream.ronaldovurdu.help//hls/bein-sports-11.m3u8
2026-04-17 15:00:01,256 [INFO] 
[2/13]
2026-04-17 15:00:01,256 [INFO] 
──────────────────────────────────────────────────
2026-04-17 15:00:01,256 [INFO] 🔍 beIN Sports 2 → https://atomsportv497.top/matches?id=bein-sports-2
2026-04-17 15:00:01,256 [INFO] ──────────────────────────────────────────────────
2026-04-17 15:00:33,533 [INFO]   📡 M3U8 bekleniyor (max 8s)...
2026-04-17 15:00:33,534 [INFO]   🎯 DOĞRU kanal bulundu: https://hlsssssss.amgtmeme.workers.dev/https://corestream.ronaldovurdu.help//hls/bein-sports-2.m3u8
2026-04-17 15:00:33,534 [INFO]   ✅ beIN Sports 2: https://hlsssssss.amgtmeme.workers.dev/https://corestream.ronaldovurdu.help//hls/bein-sports-2.m3u8
2026-04-17 15:00:34,535 [INFO] 
[3/13]
2026-04-17 15:00:34,535 [INFO] 
──────────────────────────────────────────────────
2026-04-17 15:00:34,535 [INFO] 🔍 beIN Sports 3 → https://atomsportv497.top/matches?id=bein-sports-3
2026-04-17 15:00:34,535 [INFO] ──────────────────────────────────────────────────
2026-04-17 15:01:07,056 [INFO]   📡 M3U8 bekleniyor (max 8s)...
2026-04-17 15:01:07,056 [INFO]   🎯 DOĞRU kanal bulundu: https://hlsssssss.amgtmeme.workers.dev/https://corestream.ronaldovurdu.help//hls/bein-sports-3.m3u8
2026-04-17 15:01:07,056 [INFO]   ✅ beIN Sports 3: https://hlsssssss.amgtmeme.workers.dev/https://corestream.ronaldovurdu.help//hls/bein-sports-3.m3u8
2026-04-17 15:01:08,057 [INFO] 
[4/13]
2026-04-17 15:01:08,057 [INFO] 
──────────────────────────────────────────────────
2026-04-17 15:01:08,057 [INFO] 🔍 beIN Sports 4 → https://atomsportv497.top/matches?id=bein-sports-4
2026-04-17 15:01:08,057 [INFO] ──────────────────────────────────────────────────
2026-04-17 15:01:40,040 [INFO]   📡 M3U8 bekleniyor (max 8s)...
2026-04-17 15:01:40,041 [INFO]   🎯 DOĞRU kanal bulundu: https://hlsssssss.amgtmeme.workers.dev/https://corestream.ronaldovurdu.help//hls/bein-sports-4.m3u8
2026-04-17 15:01:40,041 [INFO]   ✅ beIN Sports 4: https://hlsssssss.amgtmeme.workers.dev/https://corestream.ronaldovurdu.help//hls/bein-sports-4.m3u8
2026-04-17 15:01:41,041 [INFO] 
[5/13]
2026-04-17 15:01:41,042 [INFO] 
──────────────────────────────────────────────────
2026-04-17 15:01:41,042 [INFO] 🔍 beIN Sports 5 → https://atomsportv497.top/matches?id=bein-sports-5
2026-04-17 15:01:41,042 [INFO] ──────────────────────────────────────────────────
2026-04-17 15:02:13,015 [INFO]   📡 M3U8 bekleniyor (max 8s)...
2026-04-17 15:02:13,016 [INFO]   🎯 DOĞRU kanal bulundu: https://hlsssssss.amgtmeme.workers.dev/https://corestream.ronaldovurdu.help//hls/bein-sports-5.m3u8
2026-04-17 15:02:13,016 [INFO]   ✅ beIN Sports 5: https://hlsssssss.amgtmeme.workers.dev/https://corestream.ronaldovurdu.help//hls/bein-sports-5.m3u8
2026-04-17 15:02:14,016 [INFO] 
[6/13]
2026-04-17 15:02:14,016 [INFO] 
──────────────────────────────────────────────────
2026-04-17 15:02:14,016 [INFO] 🔍 beIN Sports Max 1 → https://atomsportv497.top/matches?id=bein-sports-max-1
2026-04-17 15:02:14,016 [INFO] ──────────────────────────────────────────────────
2026-04-17 15:02:46,054 [INFO]   📡 M3U8 bekleniyor (max 8s)...
2026-04-17 15:02:46,055 [INFO]   🎯 DOĞRU kanal bulundu: https://hlsssssss.amgtmeme.workers.dev/https://corestream.ronaldovurdu.help//hls/bein-sports-max-1.m3u8
2026-04-17 15:02:46,055 [INFO]   ✅ beIN Sports Max 1: https://hlsssssss.amgtmeme.workers.dev/https://corestream.ronaldovurdu.help//hls/bein-sports-max-1.m3u8
2026-04-17 15:02:47,055 [INFO] 
[7/13]
2026-04-17 15:02:47,055 [INFO] 
──────────────────────────────────────────────────
2026-04-17 15:02:47,055 [INFO] 🔍 beIN Sports Max 2 → https://atomsportv497.top/matches?id=bein-sports-max-2
2026-04-17 15:02:47,055 [INFO] ──────────────────────────────────────────────────
2026-04-17 15:03:19,016 [INFO]   📡 M3U8 bekleniyor (max 8s)...
2026-04-17 15:03:19,017 [INFO]   🎯 DOĞRU kanal bulundu: https://hlsssssss.amgtmeme.workers.dev/https://corestream.ronaldovurdu.help//hls/bein-sports-max-2.m3u8
2026-04-17 15:03:19,017 [INFO]   ✅ beIN Sports Max 2: https://hlsssssss.amgtmeme.workers.dev/https://corestream.ronaldovurdu.help//hls/bein-sports-max-2.m3u8
2026-04-17 15:03:20,017 [INFO] 
[8/13]
2026-04-17 15:03:20,017 [INFO] 
──────────────────────────────────────────────────
2026-04-17 15:03:20,017 [INFO] 🔍 S Sport → https://atomsportv497.top/matches?id=s-sport
2026-04-17 15:03:20,018 [INFO] ──────────────────────────────────────────────────
2026-04-17 15:03:52,003 [INFO]   📡 M3U8 bekleniyor (max 8s)...
2026-04-17 15:03:52,004 [INFO]   🎯 DOĞRU kanal bulundu: https://hlsssssss.amgtmeme.workers.dev/https://corestream.ronaldovurdu.help//hls/s-sport.m3u8
2026-04-17 15:03:52,004 [INFO]   ✅ S Sport: https://hlsssssss.amgtmeme.workers.dev/https://corestream.ronaldovurdu.help//hls/s-sport.m3u8
2026-04-17 15:03:53,004 [INFO] 
[9/13]
2026-04-17 15:03:53,004 [INFO] 
──────────────────────────────────────────────────
2026-04-17 15:03:53,004 [INFO] 🔍 S Sport 2 → https://atomsportv497.top/matches?id=s-sport-2
2026-04-17 15:03:53,004 [INFO] ──────────────────────────────────────────────────
2026-04-17 15:04:24,988 [INFO]   📡 M3U8 bekleniyor (max 8s)...
2026-04-17 15:04:24,988 [INFO]   🎯 DOĞRU kanal bulundu: https://hlsssssss.amgtmeme.workers.dev/https://corestream.ronaldovurdu.help//hls/s-sport-2.m3u8
2026-04-17 15:04:24,989 [INFO]   ✅ S Sport 2: https://hlsssssss.amgtmeme.workers.dev/https://corestream.ronaldovurdu.help//hls/s-sport-2.m3u8
2026-04-17 15:04:25,989 [INFO] 
[10/13]
2026-04-17 15:04:25,989 [INFO] 
──────────────────────────────────────────────────
2026-04-17 15:04:25,989 [INFO] 🔍 Tivibu Spor 1 → https://atomsportv497.top/matches?id=tivibu-spor-1
2026-04-17 15:04:25,989 [INFO] ──────────────────────────────────────────────────
2026-04-17 15:04:58,102 [INFO]   📡 M3U8 bekleniyor (max 8s)...
2026-04-17 15:04:58,103 [INFO]   🎯 DOĞRU kanal bulundu: https://hlsssssss.amgtmeme.workers.dev/https://corestream.ronaldovurdu.help//hls/tivibu-spor-1.m3u8
2026-04-17 15:04:58,103 [INFO]   ✅ Tivibu Spor 1: https://hlsssssss.amgtmeme.workers.dev/https://corestream.ronaldovurdu.help//hls/tivibu-spor-1.m3u8
2026-04-17 15:04:59,104 [INFO] 
[11/13]
2026-04-17 15:04:59,104 [INFO] 
──────────────────────────────────────────────────
2026-04-17 15:04:59,104 [INFO] 🔍 Tivibu Spor 2 → https://atomsportv497.top/matches?id=tivibu-spor-2
2026-04-17 15:04:59,104 [INFO] ──────────────────────────────────────────────────
2026-04-17 15:05:31,072 [INFO]   📡 M3U8 bekleniyor (max 8s)...
2026-04-17 15:05:31,073 [INFO]   🎯 DOĞRU kanal bulundu: https://hlsssssss.amgtmeme.workers.dev/https://corestream.ronaldovurdu.help//hls/tivibu-spor-2.m3u8
2026-04-17 15:05:31,073 [INFO]   ✅ Tivibu Spor 2: https://hlsssssss.amgtmeme.workers.dev/https://corestream.ronaldovurdu.help//hls/tivibu-spor-2.m3u8
2026-04-17 15:05:32,074 [INFO] 
[12/13]
2026-04-17 15:05:32,074 [INFO] 
──────────────────────────────────────────────────
2026-04-17 15:05:32,074 [INFO] 🔍 Tivibu Spor 3 → https://atomsportv497.top/matches?id=tivibu-spor-3
2026-04-17 15:05:32,074 [INFO] ──────────────────────────────────────────────────
2026-04-17 15:06:04,040 [INFO]   📡 M3U8 bekleniyor (max 8s)...
2026-04-17 15:06:04,041 [INFO]   🎯 DOĞRU kanal bulundu: https://hlsssssss.amgtmeme.workers.dev/https://corestream.ronaldovurdu.help//hls/tivibu-spor-3.m3u8
2026-04-17 15:06:04,041 [INFO]   ✅ Tivibu Spor 3: https://hlsssssss.amgtmeme.workers.dev/https://corestream.ronaldovurdu.help//hls/tivibu-spor-3.m3u8
2026-04-17 15:06:05,041 [INFO] 
[13/13]
2026-04-17 15:06:05,041 [INFO] 
──────────────────────────────────────────────────
2026-04-17 15:06:05,041 [INFO] 🔍 Tivibu Spor 4 → https://atomsportv497.top/matches?id=tivibu-spor-4
2026-04-17 15:06:05,041 [INFO] ──────────────────────────────────────────────────
2026-04-17 15:06:36,999 [INFO]   📡 M3U8 bekleniyor (max 8s)...
2026-04-17 15:06:45,011 [INFO]   ❌ Tivibu Spor 4: M3U8 bulunamadı
2026-04-17 15:06:46,070 [INFO] 🔒 Driver kapatıldı
2026-04-17 15:06:46,070 [INFO] 
=======================================================
2026-04-17 15:06:46,070 [INFO] 🏁 Tamamlandı!
2026-04-17 15:06:46,070 [INFO] 📺 Kanal : 12/13
2026-04-17 15:06:46,070 [INFO] ⏱️  Süre  : 438.7s
2026-04-17 15:06:46,070 [INFO] =======================================================
2026-04-17 15:06:46,070 [INFO] ✅ playlist.m3u kaydedildi
2026-04-17 15:06:46,071 [INFO] ✅ stats.json kaydedildi
