2026-04-23 23:51:03,689 [INFO] 🔎 Domain aralığı taranıyor: atomsportv490.top - atomsportv520.top
2026-04-23 23:51:06,238 [INFO]   ✅ Aktif domain bulundu: https://atomsportv499.top
2026-04-23 23:51:06,240 [INFO] 🌐 Kullanılan BASE_URL: https://atomsportv499.top
2026-04-23 23:51:08,292 [INFO] ✅ SeleniumWire aktif
2026-04-23 23:51:08,293 [INFO] =======================================================
2026-04-23 23:51:08,293 [INFO]    M3U8 Scraper
2026-04-23 23:51:08,293 [INFO]    Base URL : https://atomsportv499.top
2026-04-23 23:51:08,293 [INFO]    Toplam   : 13 sayfa
2026-04-23 23:51:08,293 [INFO] =======================================================
2026-04-23 23:51:08,293 [INFO] 🔧 Driver başlatılıyor...
2026-04-23 23:51:09,066 [INFO] ✅ Driver başlatıldı
2026-04-23 23:51:09,066 [INFO] 
[1/13]
2026-04-23 23:51:09,066 [INFO] 
──────────────────────────────────────────────────
2026-04-23 23:51:09,066 [INFO] 🔍 beIN Sports 1 → https://atomsportv499.top/matches?id=bein-sports-1
2026-04-23 23:51:09,066 [INFO] ──────────────────────────────────────────────────
2026-04-23 23:51:41,223 [INFO]   📡 M3U8 bekleniyor (max 8s)...
2026-04-23 23:51:41,231 [INFO]   🎯 DOĞRU kanal bulundu: https://hlsssssss.neymardacorona.workers.dev/https://corestream.ronaldovurdu.help//hls/bein-sports-11.m3u8
2026-04-23 23:51:41,231 [INFO]   ✅ beIN Sports 1: https://hlsssssss.neymardacorona.workers.dev/https://corestream.ronaldovurdu.help//hls/bein-sports-11.m3u8
2026-04-23 23:51:42,232 [INFO] 
[2/13]
2026-04-23 23:51:42,232 [INFO] 
──────────────────────────────────────────────────
2026-04-23 23:51:42,232 [INFO] 🔍 beIN Sports 2 → https://atomsportv499.top/matches?id=bein-sports-2
2026-04-23 23:51:42,232 [INFO] ──────────────────────────────────────────────────
2026-04-23 23:52:14,461 [INFO]   📡 M3U8 bekleniyor (max 8s)...
2026-04-23 23:52:14,470 [INFO]   🎯 DOĞRU kanal bulundu: https://hlsssssss.neymardacorona.workers.dev/https://corestream.ronaldovurdu.help//hls/bein-sports-2.m3u8
2026-04-23 23:52:14,471 [INFO]   ✅ beIN Sports 2: https://hlsssssss.neymardacorona.workers.dev/https://corestream.ronaldovurdu.help//hls/bein-sports-2.m3u8
2026-04-23 23:52:15,472 [INFO] 
[3/13]
2026-04-23 23:52:15,472 [INFO] 
──────────────────────────────────────────────────
2026-04-23 23:52:15,472 [INFO] 🔍 beIN Sports 3 → https://atomsportv499.top/matches?id=bein-sports-3
2026-04-23 23:52:15,472 [INFO] ──────────────────────────────────────────────────
2026-04-23 23:52:47,614 [INFO]   📡 M3U8 bekleniyor (max 8s)...
2026-04-23 23:52:47,621 [INFO]   🎯 DOĞRU kanal bulundu: https://hlsssssss.neymardacorona.workers.dev/https://corestream.ronaldovurdu.help//hls/bein-sports-3.m3u8
2026-04-23 23:52:47,622 [INFO]   ✅ beIN Sports 3: https://hlsssssss.neymardacorona.workers.dev/https://corestream.ronaldovurdu.help//hls/bein-sports-3.m3u8
2026-04-23 23:52:48,622 [INFO] 
[4/13]
2026-04-23 23:52:48,622 [INFO] 
──────────────────────────────────────────────────
2026-04-23 23:52:48,622 [INFO] 🔍 beIN Sports 4 → https://atomsportv499.top/matches?id=bein-sports-4
2026-04-23 23:52:48,622 [INFO] ──────────────────────────────────────────────────
2026-04-23 23:53:20,507 [INFO]   📡 M3U8 bekleniyor (max 8s)...
2026-04-23 23:53:20,514 [INFO]   🎯 DOĞRU kanal bulundu: https://hlsssssss.neymardacorona.workers.dev/https://corestream.ronaldovurdu.help//hls/bein-sports-4.m3u8
2026-04-23 23:53:20,514 [INFO]   ✅ beIN Sports 4: https://hlsssssss.neymardacorona.workers.dev/https://corestream.ronaldovurdu.help//hls/bein-sports-4.m3u8
2026-04-23 23:53:21,514 [INFO] 
[5/13]
2026-04-23 23:53:21,514 [INFO] 
──────────────────────────────────────────────────
2026-04-23 23:53:21,514 [INFO] 🔍 beIN Sports 5 → https://atomsportv499.top/matches?id=bein-sports-5
2026-04-23 23:53:21,514 [INFO] ──────────────────────────────────────────────────
2026-04-23 23:53:53,406 [INFO]   📡 M3U8 bekleniyor (max 8s)...
2026-04-23 23:53:53,415 [INFO]   🎯 DOĞRU kanal bulundu: https://hlsssssss.neymardacorona.workers.dev/https://corestream.ronaldovurdu.help//hls/bein-sports-5.m3u8
2026-04-23 23:53:53,415 [INFO]   ✅ beIN Sports 5: https://hlsssssss.neymardacorona.workers.dev/https://corestream.ronaldovurdu.help//hls/bein-sports-5.m3u8
2026-04-23 23:53:54,415 [INFO] 
[6/13]
2026-04-23 23:53:54,415 [INFO] 
──────────────────────────────────────────────────
2026-04-23 23:53:54,415 [INFO] 🔍 beIN Sports Max 1 → https://atomsportv499.top/matches?id=bein-sports-max-1
2026-04-23 23:53:54,415 [INFO] ──────────────────────────────────────────────────
2026-04-23 23:54:26,256 [INFO]   📡 M3U8 bekleniyor (max 8s)...
2026-04-23 23:54:26,261 [INFO]   🎯 DOĞRU kanal bulundu: https://hlsssssss.neymardacorona.workers.dev/https://corestream.ronaldovurdu.help//hls/bein-sports-max-1.m3u8
2026-04-23 23:54:26,261 [INFO]   ✅ beIN Sports Max 1: https://hlsssssss.neymardacorona.workers.dev/https://corestream.ronaldovurdu.help//hls/bein-sports-max-1.m3u8
2026-04-23 23:54:27,261 [INFO] 
[7/13]
2026-04-23 23:54:27,261 [INFO] 
──────────────────────────────────────────────────
2026-04-23 23:54:27,261 [INFO] 🔍 beIN Sports Max 2 → https://atomsportv499.top/matches?id=bein-sports-max-2
2026-04-23 23:54:27,261 [INFO] ──────────────────────────────────────────────────
2026-04-23 23:54:59,089 [INFO]   📡 M3U8 bekleniyor (max 8s)...
2026-04-23 23:54:59,090 [INFO]   🎯 DOĞRU kanal bulundu: https://hlsssssss.neymardacorona.workers.dev/https://corestream.ronaldovurdu.help//hls/bein-sports-max-2.m3u8
2026-04-23 23:54:59,090 [INFO]   ✅ beIN Sports Max 2: https://hlsssssss.neymardacorona.workers.dev/https://corestream.ronaldovurdu.help//hls/bein-sports-max-2.m3u8
2026-04-23 23:55:00,090 [INFO] 
[8/13]
2026-04-23 23:55:00,090 [INFO] 
──────────────────────────────────────────────────
2026-04-23 23:55:00,090 [INFO] 🔍 S Sport → https://atomsportv499.top/matches?id=s-sport
2026-04-23 23:55:00,090 [INFO] ──────────────────────────────────────────────────
2026-04-23 23:55:31,923 [INFO]   📡 M3U8 bekleniyor (max 8s)...
2026-04-23 23:55:31,934 [INFO]   🎯 DOĞRU kanal bulundu: https://hlsssssss.neymardacorona.workers.dev/https://corestream.ronaldovurdu.help//hls/s-sport.m3u8
2026-04-23 23:55:31,936 [INFO]   ✅ S Sport: https://hlsssssss.neymardacorona.workers.dev/https://corestream.ronaldovurdu.help//hls/s-sport.m3u8
2026-04-23 23:55:32,936 [INFO] 
[9/13]
2026-04-23 23:55:32,936 [INFO] 
──────────────────────────────────────────────────
2026-04-23 23:55:32,936 [INFO] 🔍 S Sport 2 → https://atomsportv499.top/matches?id=s-sport-2
2026-04-23 23:55:32,936 [INFO] ──────────────────────────────────────────────────
2026-04-23 23:56:04,774 [INFO]   📡 M3U8 bekleniyor (max 8s)...
2026-04-23 23:56:04,783 [INFO]   🎯 DOĞRU kanal bulundu: https://hlsssssss.neymardacorona.workers.dev/https://corestream.ronaldovurdu.help//hls/s-sport-2.m3u8
2026-04-23 23:56:04,784 [INFO]   ✅ S Sport 2: https://hlsssssss.neymardacorona.workers.dev/https://corestream.ronaldovurdu.help//hls/s-sport-2.m3u8
2026-04-23 23:56:05,784 [INFO] 
[10/13]
2026-04-23 23:56:05,784 [INFO] 
──────────────────────────────────────────────────
2026-04-23 23:56:05,784 [INFO] 🔍 Tivibu Spor 1 → https://atomsportv499.top/matches?id=tivibu-spor-1
2026-04-23 23:56:05,784 [INFO] ──────────────────────────────────────────────────
2026-04-23 23:56:37,622 [INFO]   📡 M3U8 bekleniyor (max 8s)...
2026-04-23 23:56:45,632 [INFO]   ❌ Tivibu Spor 1: M3U8 bulunamadı
2026-04-23 23:56:46,632 [INFO] 
[11/13]
2026-04-23 23:56:46,632 [INFO] 
──────────────────────────────────────────────────
2026-04-23 23:56:46,632 [INFO] 🔍 Tivibu Spor 2 → https://atomsportv499.top/matches?id=tivibu-spor-2
2026-04-23 23:56:46,632 [INFO] ──────────────────────────────────────────────────
2026-04-23 23:57:18,458 [INFO]   📡 M3U8 bekleniyor (max 8s)...
2026-04-23 23:57:26,467 [INFO]   ❌ Tivibu Spor 2: M3U8 bulunamadı
2026-04-23 23:57:27,467 [INFO] 
[12/13]
2026-04-23 23:57:27,488 [INFO] 
──────────────────────────────────────────────────
2026-04-23 23:57:27,488 [INFO] 🔍 Tivibu Spor 3 → https://atomsportv499.top/matches?id=tivibu-spor-3
2026-04-23 23:57:27,488 [INFO] ──────────────────────────────────────────────────
2026-04-23 23:57:59,304 [INFO]   📡 M3U8 bekleniyor (max 8s)...
2026-04-23 23:58:07,313 [INFO]   ❌ Tivibu Spor 3: M3U8 bulunamadı
2026-04-23 23:58:08,313 [INFO] 
[13/13]
2026-04-23 23:58:08,313 [INFO] 
──────────────────────────────────────────────────
2026-04-23 23:58:08,313 [INFO] 🔍 Tivibu Spor 4 → https://atomsportv499.top/matches?id=tivibu-spor-4
2026-04-23 23:58:08,314 [INFO] ──────────────────────────────────────────────────
2026-04-23 23:58:40,137 [INFO]   📡 M3U8 bekleniyor (max 8s)...
2026-04-23 23:58:48,146 [INFO]   ❌ Tivibu Spor 4: M3U8 bulunamadı
2026-04-23 23:58:49,207 [INFO] 🔒 Driver kapatıldı
2026-04-23 23:58:49,207 [INFO] 
=======================================================
2026-04-23 23:58:49,207 [INFO] 🏁 Tamamlandı!
2026-04-23 23:58:49,207 [INFO] 📺 Kanal : 9/13
2026-04-23 23:58:49,207 [INFO] ⏱️  Süre  : 460.9s
2026-04-23 23:58:49,207 [INFO] =======================================================
2026-04-23 23:58:49,207 [INFO] ✅ playlist.m3u kaydedildi
2026-04-23 23:58:49,208 [INFO] ✅ stats.json kaydedildi
