2026-04-18 17:39:00,411 [INFO] 🔎 Domain aralığı taranıyor: atomsportv490.top - atomsportv520.top
2026-04-18 17:39:01,865 [INFO]   ✅ Aktif domain bulundu: https://atomsportv498.top
2026-04-18 17:39:01,867 [INFO] 🌐 Kullanılan BASE_URL: https://atomsportv498.top
2026-04-18 17:39:02,861 [INFO] ✅ SeleniumWire aktif
2026-04-18 17:39:02,862 [INFO] =======================================================
2026-04-18 17:39:02,862 [INFO]    M3U8 Scraper
2026-04-18 17:39:02,862 [INFO]    Base URL : https://atomsportv498.top
2026-04-18 17:39:02,862 [INFO]    Toplam   : 13 sayfa
2026-04-18 17:39:02,862 [INFO] =======================================================
2026-04-18 17:39:02,862 [INFO] 🔧 Driver başlatılıyor...
2026-04-18 17:39:03,613 [INFO] ✅ Driver başlatıldı
2026-04-18 17:39:03,613 [INFO] 
[1/13]
2026-04-18 17:39:03,613 [INFO] 
──────────────────────────────────────────────────
2026-04-18 17:39:03,613 [INFO] 🔍 beIN Sports 1 → https://atomsportv498.top/matches?id=bein-sports-1
2026-04-18 17:39:03,613 [INFO] ──────────────────────────────────────────────────
2026-04-18 17:39:35,849 [INFO]   📡 M3U8 bekleniyor (max 8s)...
2026-04-18 17:39:35,858 [INFO]   🎯 DOĞRU kanal bulundu: https://black-snow-b418.gangasecks.workers.dev/https://corestream.ronaldovurdu.help//hls/bein-sports-11.m3u8
2026-04-18 17:39:35,859 [INFO]   ✅ beIN Sports 1: https://black-snow-b418.gangasecks.workers.dev/https://corestream.ronaldovurdu.help//hls/bein-sports-11.m3u8
2026-04-18 17:39:36,859 [INFO] 
[2/13]
2026-04-18 17:39:36,859 [INFO] 
──────────────────────────────────────────────────
2026-04-18 17:39:36,860 [INFO] 🔍 beIN Sports 2 → https://atomsportv498.top/matches?id=bein-sports-2
2026-04-18 17:39:36,860 [INFO] ──────────────────────────────────────────────────
2026-04-18 17:40:09,047 [INFO]   📡 M3U8 bekleniyor (max 8s)...
2026-04-18 17:40:09,063 [INFO]   🎯 DOĞRU kanal bulundu: https://black-snow-b418.gangasecks.workers.dev/https://corestream.ronaldovurdu.help//hls/bein-sports-2.m3u8
2026-04-18 17:40:09,064 [INFO]   ✅ beIN Sports 2: https://black-snow-b418.gangasecks.workers.dev/https://corestream.ronaldovurdu.help//hls/bein-sports-2.m3u8
2026-04-18 17:40:10,064 [INFO] 
[3/13]
2026-04-18 17:40:10,064 [INFO] 
──────────────────────────────────────────────────
2026-04-18 17:40:10,065 [INFO] 🔍 beIN Sports 3 → https://atomsportv498.top/matches?id=bein-sports-3
2026-04-18 17:40:10,065 [INFO] ──────────────────────────────────────────────────
2026-04-18 17:40:42,127 [INFO]   📡 M3U8 bekleniyor (max 8s)...
2026-04-18 17:40:42,164 [INFO]   🎯 DOĞRU kanal bulundu: https://black-snow-b418.gangasecks.workers.dev/https://corestream.ronaldovurdu.help//hls/bein-sports-3.m3u8
2026-04-18 17:40:42,166 [INFO]   ✅ beIN Sports 3: https://black-snow-b418.gangasecks.workers.dev/https://corestream.ronaldovurdu.help//hls/bein-sports-3.m3u8
2026-04-18 17:40:43,167 [INFO] 
[4/13]
2026-04-18 17:40:43,167 [INFO] 
──────────────────────────────────────────────────
2026-04-18 17:40:43,167 [INFO] 🔍 beIN Sports 4 → https://atomsportv498.top/matches?id=bein-sports-4
2026-04-18 17:40:43,167 [INFO] ──────────────────────────────────────────────────
2026-04-18 17:41:15,064 [INFO]   📡 M3U8 bekleniyor (max 8s)...
2026-04-18 17:41:15,073 [INFO]   🎯 DOĞRU kanal bulundu: https://black-snow-b418.gangasecks.workers.dev/https://corestream.ronaldovurdu.help//hls/bein-sports-4.m3u8
2026-04-18 17:41:15,073 [INFO]   ✅ beIN Sports 4: https://black-snow-b418.gangasecks.workers.dev/https://corestream.ronaldovurdu.help//hls/bein-sports-4.m3u8
2026-04-18 17:41:16,074 [INFO] 
[5/13]
2026-04-18 17:41:16,074 [INFO] 
──────────────────────────────────────────────────
2026-04-18 17:41:16,074 [INFO] 🔍 beIN Sports 5 → https://atomsportv498.top/matches?id=bein-sports-5
2026-04-18 17:41:16,074 [INFO] ──────────────────────────────────────────────────
2026-04-18 17:41:48,050 [INFO]   📡 M3U8 bekleniyor (max 8s)...
2026-04-18 17:41:48,057 [INFO]   🎯 DOĞRU kanal bulundu: https://black-snow-b418.gangasecks.workers.dev/https://corestream.ronaldovurdu.help//hls/bein-sports-5.m3u8
2026-04-18 17:41:48,058 [INFO]   ✅ beIN Sports 5: https://black-snow-b418.gangasecks.workers.dev/https://corestream.ronaldovurdu.help//hls/bein-sports-5.m3u8
2026-04-18 17:41:49,058 [INFO] 
[6/13]
2026-04-18 17:41:49,058 [INFO] 
──────────────────────────────────────────────────
2026-04-18 17:41:49,058 [INFO] 🔍 beIN Sports Max 1 → https://atomsportv498.top/matches?id=bein-sports-max-1
2026-04-18 17:41:49,058 [INFO] ──────────────────────────────────────────────────
2026-04-18 17:42:21,077 [INFO]   📡 M3U8 bekleniyor (max 8s)...
2026-04-18 17:42:21,078 [INFO]   🎯 DOĞRU kanal bulundu: https://black-snow-b418.gangasecks.workers.dev/https://corestream.ronaldovurdu.help//hls/bein-sports-max-1.m3u8
2026-04-18 17:42:21,078 [INFO]   ✅ beIN Sports Max 1: https://black-snow-b418.gangasecks.workers.dev/https://corestream.ronaldovurdu.help//hls/bein-sports-max-1.m3u8
2026-04-18 17:42:22,078 [INFO] 
[7/13]
2026-04-18 17:42:22,078 [INFO] 
──────────────────────────────────────────────────
2026-04-18 17:42:22,079 [INFO] 🔍 beIN Sports Max 2 → https://atomsportv498.top/matches?id=bein-sports-max-2
2026-04-18 17:42:22,079 [INFO] ──────────────────────────────────────────────────
2026-04-18 17:42:54,016 [INFO]   📡 M3U8 bekleniyor (max 8s)...
2026-04-18 17:42:54,017 [INFO]   🎯 DOĞRU kanal bulundu: https://black-snow-b418.gangasecks.workers.dev/https://corestream.ronaldovurdu.help//hls/bein-sports-max-2.m3u8
2026-04-18 17:42:54,017 [INFO]   ✅ beIN Sports Max 2: https://black-snow-b418.gangasecks.workers.dev/https://corestream.ronaldovurdu.help//hls/bein-sports-max-2.m3u8
2026-04-18 17:42:55,017 [INFO] 
[8/13]
2026-04-18 17:42:55,017 [INFO] 
──────────────────────────────────────────────────
2026-04-18 17:42:55,017 [INFO] 🔍 S Sport → https://atomsportv498.top/matches?id=s-sport
2026-04-18 17:42:55,017 [INFO] ──────────────────────────────────────────────────
2026-04-18 17:43:26,991 [INFO]   📡 M3U8 bekleniyor (max 8s)...
2026-04-18 17:43:27,000 [INFO]   🎯 DOĞRU kanal bulundu: https://black-snow-b418.gangasecks.workers.dev/https://corestream.ronaldovurdu.help//hls/s-sport.m3u8
2026-04-18 17:43:27,001 [INFO]   ✅ S Sport: https://black-snow-b418.gangasecks.workers.dev/https://corestream.ronaldovurdu.help//hls/s-sport.m3u8
2026-04-18 17:43:28,001 [INFO] 
[9/13]
2026-04-18 17:43:28,002 [INFO] 
──────────────────────────────────────────────────
2026-04-18 17:43:28,002 [INFO] 🔍 S Sport 2 → https://atomsportv498.top/matches?id=s-sport-2
2026-04-18 17:43:28,002 [INFO] ──────────────────────────────────────────────────
2026-04-18 17:43:59,978 [INFO]   📡 M3U8 bekleniyor (max 8s)...
2026-04-18 17:43:59,988 [INFO]   🎯 DOĞRU kanal bulundu: https://black-snow-b418.gangasecks.workers.dev/https://corestream.ronaldovurdu.help//hls/s-sport-2.m3u8
2026-04-18 17:43:59,988 [INFO]   ✅ S Sport 2: https://black-snow-b418.gangasecks.workers.dev/https://corestream.ronaldovurdu.help//hls/s-sport-2.m3u8
2026-04-18 17:44:00,989 [INFO] 
[10/13]
2026-04-18 17:44:00,989 [INFO] 
──────────────────────────────────────────────────
2026-04-18 17:44:00,989 [INFO] 🔍 Tivibu Spor 1 → https://atomsportv498.top/matches?id=tivibu-spor-1
2026-04-18 17:44:00,989 [INFO] ──────────────────────────────────────────────────
2026-04-18 17:44:32,993 [INFO]   📡 M3U8 bekleniyor (max 8s)...
2026-04-18 17:44:32,994 [INFO]   🎯 DOĞRU kanal bulundu: https://black-snow-b418.gangasecks.workers.dev/https://corestream.ronaldovurdu.help//hls/tivibu-spor-1.m3u8
2026-04-18 17:44:32,994 [INFO]   ✅ Tivibu Spor 1: https://black-snow-b418.gangasecks.workers.dev/https://corestream.ronaldovurdu.help//hls/tivibu-spor-1.m3u8
2026-04-18 17:44:33,994 [INFO] 
[11/13]
2026-04-18 17:44:33,994 [INFO] 
──────────────────────────────────────────────────
2026-04-18 17:44:33,994 [INFO] 🔍 Tivibu Spor 2 → https://atomsportv498.top/matches?id=tivibu-spor-2
2026-04-18 17:44:33,994 [INFO] ──────────────────────────────────────────────────
2026-04-18 17:45:05,939 [INFO]   📡 M3U8 bekleniyor (max 8s)...
2026-04-18 17:45:05,940 [INFO]   🎯 DOĞRU kanal bulundu: https://black-snow-b418.gangasecks.workers.dev/https://corestream.ronaldovurdu.help//hls/tivibu-spor-2.m3u8
2026-04-18 17:45:05,940 [INFO]   ✅ Tivibu Spor 2: https://black-snow-b418.gangasecks.workers.dev/https://corestream.ronaldovurdu.help//hls/tivibu-spor-2.m3u8
2026-04-18 17:45:06,940 [INFO] 
[12/13]
2026-04-18 17:45:06,940 [INFO] 
──────────────────────────────────────────────────
2026-04-18 17:45:06,941 [INFO] 🔍 Tivibu Spor 3 → https://atomsportv498.top/matches?id=tivibu-spor-3
2026-04-18 17:45:06,941 [INFO] ──────────────────────────────────────────────────
2026-04-18 17:45:38,851 [INFO]   📡 M3U8 bekleniyor (max 8s)...
2026-04-18 17:45:38,852 [INFO]   🎯 DOĞRU kanal bulundu: https://black-snow-b418.gangasecks.workers.dev/https://corestream.ronaldovurdu.help//hls/tivibu-spor-3.m3u8
2026-04-18 17:45:38,852 [INFO]   ✅ Tivibu Spor 3: https://black-snow-b418.gangasecks.workers.dev/https://corestream.ronaldovurdu.help//hls/tivibu-spor-3.m3u8
2026-04-18 17:45:39,853 [INFO] 
[13/13]
2026-04-18 17:45:39,853 [INFO] 
──────────────────────────────────────────────────
2026-04-18 17:45:39,853 [INFO] 🔍 Tivibu Spor 4 → https://atomsportv498.top/matches?id=tivibu-spor-4
2026-04-18 17:45:39,853 [INFO] ──────────────────────────────────────────────────
2026-04-18 17:46:11,790 [INFO]   📡 M3U8 bekleniyor (max 8s)...
2026-04-18 17:46:19,802 [INFO]   ❌ Tivibu Spor 4: M3U8 bulunamadı
2026-04-18 17:46:20,866 [INFO] 🔒 Driver kapatıldı
2026-04-18 17:46:20,866 [INFO] 
=======================================================
2026-04-18 17:46:20,866 [INFO] 🏁 Tamamlandı!
2026-04-18 17:46:20,866 [INFO] 📺 Kanal : 12/13
2026-04-18 17:46:20,866 [INFO] ⏱️  Süre  : 438.0s
2026-04-18 17:46:20,866 [INFO] =======================================================
2026-04-18 17:46:20,866 [INFO] ✅ playlist.m3u kaydedildi
2026-04-18 17:46:20,867 [INFO] ✅ stats.json kaydedildi
