2026-07-09 13:50:37,979 [INFO] 🌐 BASE_URL: https://atomsportv508.top
2026-07-09 13:50:38,953 [INFO] Başlanıyor... 14 kanal taranacak
2026-07-09 13:50:38,953 [INFO] Using default request storage
2026-07-09 13:50:38,958 [INFO] Created proxy listening on 127.0.0.1:45291
2026-07-09 13:50:39,643 [INFO] Capturing request: http://clients2.google.com/time/1/current?cup2key=10:gxaAownIth3w093YLoCmRpiQOAO3U8UwtgTmmueqA98&cup2hreq=e3b0c44298fc1c149afbf4c8996fb92427ae41e4649b934ca495991b7852b855
2026-07-09 13:50:39,679 [INFO] Capturing response: http://clients2.google.com/time/1/current?cup2key=10:gxaAownIth3w093YLoCmRpiQOAO3U8UwtgTmmueqA98&cup2hreq=e3b0c44298fc1c149afbf4c8996fb92427ae41e4649b934ca495991b7852b855 200 OK
2026-07-09 13:50:39,815 [INFO] 
[1/14]
2026-07-09 13:50:39,815 [INFO] 🔍 beIN Sports 1 → https://atomsportv508.top/matches?id=bein-sports-1
2026-07-09 13:50:39,949 [INFO] Capturing request: https://accounts.google.com/ListAccounts?gpsia=1&source=ChromiumBrowser&json=standard&laf=b64bin
2026-07-09 13:50:39,950 [INFO] Capturing request: https://update.googleapis.com/service/update2/json?cup2key=16:rU7ygh2V5HZCfnrcnOdYSLTGsl2GbKBa0wyimOI1_4U&cup2hreq=4364a058c4e2307263fddcf45ef589a50509668cd8eb38bf5204f4a14f74f0e0
2026-07-09 13:50:40,002 [INFO] Capturing response: https://update.googleapis.com/service/update2/json?cup2key=16:rU7ygh2V5HZCfnrcnOdYSLTGsl2GbKBa0wyimOI1_4U&cup2hreq=4364a058c4e2307263fddcf45ef589a50509668cd8eb38bf5204f4a14f74f0e0 200 
2026-07-09 13:50:40,039 [INFO] Capturing response: https://accounts.google.com/ListAccounts?gpsia=1&source=ChromiumBrowser&json=standard&laf=b64bin 200 
2026-07-09 13:50:40,043 [INFO] Capturing request: https://atomsportv508.top/matches?id=bein-sports-1
2026-07-09 13:50:40,048 [INFO] Capturing request: https://update.googleapis.com/service/update2/json?cup2key=16:FhmUxLpTvRtQQQRtU-BTgjh29xAew0BvAxMQv4FbH4c&cup2hreq=0107b3e071faf63049446169c3aaed5f9502b3f7b6106602486c4b6fbadc99b6
2026-07-09 13:50:40,072 [INFO] Capturing response: https://update.googleapis.com/service/update2/json?cup2key=16:FhmUxLpTvRtQQQRtU-BTgjh29xAew0BvAxMQv4FbH4c&cup2hreq=0107b3e071faf63049446169c3aaed5f9502b3f7b6106602486c4b6fbadc99b6 200 
2026-07-09 13:50:40,158 [INFO] Capturing response: https://atomsportv508.top/matches?id=bein-sports-1 200 
2026-07-09 13:50:40,313 [INFO] Capturing request: https://atomsportv508.top/assets/js/clappr.js
2026-07-09 13:50:40,354 [INFO] Capturing request: https://www.google.com/async/folae?async=_fmt:pb&udm=50&client_locale=en-US&client_country=ZZ
2026-07-09 13:50:40,375 [INFO] Capturing response: https://atomsportv508.top/assets/js/clappr.js 200 
2026-07-09 13:50:40,387 [INFO] Capturing request: https://cdn.jsdelivr.net/npm/@clappr/player@latest/dist/clappr.min.js
2026-07-09 13:50:40,388 [INFO] Capturing request: https://cdnjs.cloudflare.com/ajax/libs/jquery/3.2.1/jquery.min.js
2026-07-09 13:50:40,391 [INFO] Capturing response: https://www.google.com/async/folae?async=_fmt:pb&udm=50&client_locale=en-US&client_country=ZZ 200 
2026-07-09 13:50:40,413 [INFO] Capturing response: https://cdnjs.cloudflare.com/ajax/libs/jquery/3.2.1/jquery.min.js 200 
2026-07-09 13:50:40,429 [INFO] Capturing response: https://cdn.jsdelivr.net/npm/@clappr/player@latest/dist/clappr.min.js 200 
2026-07-09 13:50:40,610 [INFO] Capturing request: https://static.cloudflareinsights.com/beacon.min.js/v4513226cdae34746b4dedf0b4dfa099e1781791509496
2026-07-09 13:50:40,632 [INFO] Capturing response: https://static.cloudflareinsights.com/beacon.min.js/v4513226cdae34746b4dedf0b4dfa099e1781791509496 200 
2026-07-09 13:50:40,691 [INFO] Capturing request: https://atomsportv508.top/cdn-cgi/rum?
2026-07-09 13:50:40,795 [INFO] Capturing request: https://atomsportv508.top/favicon.ico
2026-07-09 13:50:40,803 [INFO] Capturing response: https://atomsportv508.top/cdn-cgi/rum? 204 
2026-07-09 13:50:40,866 [INFO] Capturing response: https://atomsportv508.top/favicon.ico 200 
2026-07-09 13:50:40,869 [INFO] Capturing request: https://teletv5.top/load/yayinlink.php?id=bein-sports-1
2026-07-09 13:50:41,196 [INFO] Capturing response: https://teletv5.top/load/yayinlink.php?id=bein-sports-1 200 
2026-07-09 13:50:41,429 [INFO] Capturing request: https://streamsport365.com/cinema
2026-07-09 13:50:41,717 [INFO] Capturing response: https://streamsport365.com/cinema 200 
2026-07-09 13:50:41,847 [INFO] Capturing request: https://atomsportv508.top/assets/img/player_logo_6880e4e4c52ee.png
2026-07-09 13:50:41,909 [INFO] Capturing response: https://atomsportv508.top/assets/img/player_logo_6880e4e4c52ee.png 200 
2026-07-09 13:50:41,916 [INFO] Capturing request: https://hlssssss-wildflower-4845.ugurdurmus9402.workers.dev/https://corestream.taylandakanzi.help//trtspor/tracks-v1a1/mono.m3u8
2026-07-09 13:50:42,619 [INFO] Capturing response: https://hlssssss-wildflower-4845.ugurdurmus9402.workers.dev/https://corestream.taylandakanzi.help//trtspor/tracks-v1a1/mono.m3u8 200 
2026-07-09 13:50:42,694 [INFO] Capturing request: https://android.clients.google.com/checkin
2026-07-09 13:50:42,786 [INFO] Capturing response: https://android.clients.google.com/checkin 200 
2026-07-09 13:50:42,834 [INFO] Capturing request: https://android.clients.google.com/c2dm/register3
2026-07-09 13:50:42,842 [INFO] Capturing request: https://android.clients.google.com/c2dm/register3
2026-07-09 13:50:42,843 [INFO] Capturing request: https://android.clients.google.com/c2dm/register3
2026-07-09 13:50:42,873 [INFO] Capturing response: https://android.clients.google.com/c2dm/register3 200 
2026-07-09 13:50:42,953 [INFO] Capturing request: https://ts.taylandakanzi.help/trtspor/tracks-v1a1/2026/07/09/13/50/40-06000.avif
2026-07-09 13:50:43,322 [INFO] Capturing response: https://android.clients.google.com/c2dm/register3 200 
2026-07-09 13:50:43,451 [INFO] Capturing response: https://android.clients.google.com/c2dm/register3 200 
2026-07-09 13:50:43,716 [INFO]   ✅ M3U8 bulundu: https://hlssssss-wildflower-4845.ugurdurmus9402.workers.dev/https://corestream.taylandakanzi.help//trtspor/tracks-v1a1/mono.m3u8
2026-07-09 13:50:43,904 [INFO] Capturing response: https://ts.taylandakanzi.help/trtspor/tracks-v1a1/2026/07/09/13/50/40-06000.avif 200 
2026-07-09 13:50:44,146 [INFO] Capturing request: https://ts.taylandakanzi.help/trtspor/tracks-v1a1/2026/07/09/13/50/46-06000.avif
2026-07-09 13:50:44,512 [INFO] Capturing response: https://ts.taylandakanzi.help/trtspor/tracks-v1a1/2026/07/09/13/50/46-06000.avif 200 
2026-07-09 13:50:44,717 [INFO] 
[2/14]
2026-07-09 13:50:44,717 [INFO] 🔍 beIN Sports 2 → https://atomsportv508.top/matches?id=bein-sports-2
2026-07-09 13:50:44,757 [INFO] Capturing request: https://ts.taylandakanzi.help/trtspor/tracks-v1a1/2026/07/09/13/50/52-06000.avif
2026-07-09 13:50:44,830 [INFO] Capturing request: https://atomsportv508.top/matches?id=bein-sports-2
2026-07-09 13:50:44,870 [INFO] Capturing response: https://atomsportv508.top/matches?id=bein-sports-2 200 
2026-07-09 13:50:44,884 [INFO] Capturing request: https://atomsportv508.top/cdn-cgi/rum?
2026-07-09 13:50:44,957 [INFO] Capturing request: https://atomsportv508.top/cdn-cgi/rum?
2026-07-09 13:50:44,962 [INFO] Capturing request: https://streamsport365.com/cinema
2026-07-09 13:50:45,034 [INFO] Capturing response: https://atomsportv508.top/cdn-cgi/rum? 204 
2026-07-09 13:50:45,038 [INFO] Capturing request: https://teletv5.top/load/yayinlink.php?id=bein-sports-2
2026-07-09 13:50:45,063 [INFO] Capturing request: https://atomsportv508.top/favicon.ico
2026-07-09 13:50:45,102 [INFO] Capturing response: https://atomsportv508.top/favicon.ico 200 
2026-07-09 13:50:45,111 [INFO] Capturing response: https://atomsportv508.top/cdn-cgi/rum? 204 
2026-07-09 13:50:45,201 [INFO] Capturing response: https://teletv5.top/load/yayinlink.php?id=bein-sports-2 200 
2026-07-09 13:50:45,255 [INFO] Capturing response: https://streamsport365.com/cinema 200 
2026-07-09 13:50:45,259 [INFO] Capturing response: https://ts.taylandakanzi.help/trtspor/tracks-v1a1/2026/07/09/13/50/52-06000.avif 200 
2026-07-09 13:50:45,384 [INFO] Capturing request: https://hlssssss-wildflower-4845.ugurdurmus9402.workers.dev/https://corestream.taylandakanzi.help//bein2/tracks-v1a1/mono.m3u8
2026-07-09 13:50:45,849 [INFO] Capturing response: https://hlssssss-wildflower-4845.ugurdurmus9402.workers.dev/https://corestream.taylandakanzi.help//bein2/tracks-v1a1/mono.m3u8 200 
2026-07-09 13:50:45,958 [INFO] Capturing request: https://ts.taylandakanzi.help/bein2/tracks-v1a1/2026/07/09/13/50/35-06360.avif
2026-07-09 13:50:46,203 [INFO] Capturing response: https://ts.taylandakanzi.help/bein2/tracks-v1a1/2026/07/09/13/50/35-06360.avif 200 
2026-07-09 13:50:46,396 [INFO] Capturing request: https://ts.taylandakanzi.help/bein2/tracks-v1a1/2026/07/09/13/50/42-10000.avif
2026-07-09 13:50:46,730 [INFO] Capturing response: https://ts.taylandakanzi.help/bein2/tracks-v1a1/2026/07/09/13/50/42-10000.avif 200 
2026-07-09 13:50:46,944 [INFO] Capturing request: https://ts.taylandakanzi.help/bein2/tracks-v1a1/2026/07/09/13/50/52-06680.avif
2026-07-09 13:50:47,218 [INFO] Capturing response: https://ts.taylandakanzi.help/bein2/tracks-v1a1/2026/07/09/13/50/52-06680.avif 200 
2026-07-09 13:50:47,415 [INFO] Capturing request: https://ts.taylandakanzi.help/bein2/tracks-v1a1/2026/07/09/13/50/58-10000.avif
2026-07-09 13:50:47,715 [INFO] Capturing response: https://ts.taylandakanzi.help/bein2/tracks-v1a1/2026/07/09/13/50/58-10000.avif 200 
2026-07-09 13:50:47,973 [INFO]   ✅ M3U8 bulundu: https://hlssssss-wildflower-4845.ugurdurmus9402.workers.dev/https://corestream.taylandakanzi.help//bein2/tracks-v1a1/mono.m3u8
2026-07-09 13:50:48,974 [INFO] 
[3/14]
2026-07-09 13:50:48,974 [INFO] 🔍 beIN Sports 3 → https://atomsportv508.top/matches?id=bein-sports-3
2026-07-09 13:50:49,086 [INFO] Capturing request: https://atomsportv508.top/matches?id=bein-sports-3
2026-07-09 13:50:49,127 [INFO] Capturing response: https://atomsportv508.top/matches?id=bein-sports-3 200 
2026-07-09 13:50:49,136 [INFO] Capturing request: https://atomsportv508.top/cdn-cgi/rum?
2026-07-09 13:50:49,162 [INFO] Capturing request: https://atomsportv508.top/cdn-cgi/rum?
2026-07-09 13:50:49,261 [INFO] Capturing request: https://teletv5.top/load/yayinlink.php?id=bein-sports-3
2026-07-09 13:50:49,267 [INFO] Capturing request: https://atomsportv508.top/favicon.ico
2026-07-09 13:50:49,274 [INFO] Capturing response: https://atomsportv508.top/cdn-cgi/rum? 204 
2026-07-09 13:50:49,275 [INFO] Capturing response: https://atomsportv508.top/cdn-cgi/rum? 204 
2026-07-09 13:50:49,298 [INFO] Capturing response: https://atomsportv508.top/favicon.ico 200 
2026-07-09 13:50:49,383 [INFO] Capturing request: https://streamsport365.com/cinema
2026-07-09 13:50:49,590 [INFO] Capturing response: https://teletv5.top/load/yayinlink.php?id=bein-sports-3 200 
2026-07-09 13:50:49,678 [INFO] Capturing response: https://streamsport365.com/cinema 200 
2026-07-09 13:51:06,948 [INFO] Capturing request: https://android.clients.google.com/c2dm/register3
2026-07-09 13:51:06,975 [INFO] Capturing response: https://android.clients.google.com/c2dm/register3 301 
2026-07-09 13:51:22,482 [WARNING]   ❌ beIN Sports 3 için M3U8 bulunamadı
2026-07-09 13:51:23,482 [INFO] 
[4/14]
2026-07-09 13:51:23,482 [INFO] 🔍 beIN Sports 4 → https://atomsportv508.top/matches?id=bein-sports-4
2026-07-09 13:51:23,591 [INFO] Capturing request: https://atomsportv508.top/matches?id=bein-sports-4
2026-07-09 13:51:24,103 [INFO] Capturing response: https://atomsportv508.top/matches?id=bein-sports-4 200 
2026-07-09 13:51:24,114 [INFO] Capturing request: https://atomsportv508.top/cdn-cgi/rum?
2026-07-09 13:51:24,141 [INFO] Capturing request: https://atomsportv508.top/cdn-cgi/rum?
2026-07-09 13:51:24,222 [INFO] Capturing response: https://atomsportv508.top/cdn-cgi/rum? 204 
2026-07-09 13:51:24,240 [INFO] Capturing request: https://teletv5.top/load/yayinlink.php?id=bein-sports-4
2026-07-09 13:51:24,245 [INFO] Capturing request: https://atomsportv508.top/favicon.ico
2026-07-09 13:51:24,290 [INFO] Capturing response: https://atomsportv508.top/favicon.ico 200 
2026-07-09 13:51:24,292 [INFO] Capturing response: https://atomsportv508.top/cdn-cgi/rum? 204 
2026-07-09 13:51:24,364 [INFO] Capturing request: https://streamsport365.com/cinema
2026-07-09 13:51:24,410 [INFO] Capturing response: https://teletv5.top/load/yayinlink.php?id=bein-sports-4 200 
2026-07-09 13:51:24,652 [INFO] Capturing response: https://streamsport365.com/cinema 200 
2026-07-09 13:51:39,638 [INFO] Capturing request: https://update.googleapis.com/service/update2/json?cup2key=16:SgFnA0E0iqGqhcxrFsbGkJ4N14YQrcmy2BnjDFixdtE&cup2hreq=f98120686316bda6ab2e8179fee10ac15186c9dbb51856cc13ded4b169db9f16
2026-07-09 13:51:39,664 [INFO] Capturing response: https://update.googleapis.com/service/update2/json?cup2key=16:SgFnA0E0iqGqhcxrFsbGkJ4N14YQrcmy2BnjDFixdtE&cup2hreq=f98120686316bda6ab2e8179fee10ac15186c9dbb51856cc13ded4b169db9f16 200 
2026-07-09 13:51:39,671 [INFO] Capturing request: http://edgedl.me.gvt1.com/edgedl/diffgen-puffin/gcmjkmgdlgnkkcocmoeiminaijmmjnii/df2a22d5ecc7788c3330ebd5f856b41531c74f412a01ed7453d11284708009fe
2026-07-09 13:51:39,711 [INFO] Capturing response: http://edgedl.me.gvt1.com/edgedl/diffgen-puffin/gcmjkmgdlgnkkcocmoeiminaijmmjnii/df2a22d5ecc7788c3330ebd5f856b41531c74f412a01ed7453d11284708009fe 200 OK
2026-07-09 13:51:39,741 [INFO] Capturing request: https://update.googleapis.com/service/update2/json
2026-07-09 13:51:39,764 [INFO] Capturing response: https://update.googleapis.com/service/update2/json 200 
2026-07-09 13:51:39,809 [INFO] Capturing request: http://edgedl.me.gvt1.com/edgedl/release2/chrome_component/adpegs35osfecirionlie2dnforq_10636/hfnkpimlhhgieaddgfemjhofmfblmnib_10636_all_kwmqovebemrl57xafajis2avje.crx3
2026-07-09 13:51:39,827 [INFO] Capturing response: http://edgedl.me.gvt1.com/edgedl/release2/chrome_component/adpegs35osfecirionlie2dnforq_10636/hfnkpimlhhgieaddgfemjhofmfblmnib_10636_all_kwmqovebemrl57xafajis2avje.crx3 200 OK
2026-07-09 13:51:39,857 [INFO] Capturing request: https://update.googleapis.com/service/update2/json
2026-07-09 13:51:39,880 [INFO] Capturing response: https://update.googleapis.com/service/update2/json 200 
2026-07-09 13:51:57,441 [WARNING]   ❌ beIN Sports 4 için M3U8 bulunamadı
2026-07-09 13:51:58,441 [INFO] 
[5/14]
2026-07-09 13:51:58,441 [INFO] 🔍 beIN Sports 5 → https://atomsportv508.top/matches?id=bein-sports-5
2026-07-09 13:51:58,602 [INFO] Capturing request: https://atomsportv508.top/matches?id=bein-sports-5
2026-07-09 13:51:58,609 [INFO] Capturing request: https://atomsportv508.top/assets/js/clappr.js
2026-07-09 13:51:58,639 [INFO] Capturing response: https://atomsportv508.top/assets/js/clappr.js 200 
2026-07-09 13:51:59,092 [INFO] Capturing response: https://atomsportv508.top/matches?id=bein-sports-5 200 
2026-07-09 13:51:59,100 [INFO] Capturing request: https://atomsportv508.top/cdn-cgi/rum?
2026-07-09 13:51:59,131 [INFO] Capturing request: https://atomsportv508.top/cdn-cgi/rum?
2026-07-09 13:51:59,235 [INFO] Capturing request: https://atomsportv508.top/favicon.ico
2026-07-09 13:51:59,244 [INFO] Capturing response: https://atomsportv508.top/cdn-cgi/rum? 204 
2026-07-09 13:51:59,246 [INFO] Capturing response: https://atomsportv508.top/cdn-cgi/rum? 204 
2026-07-09 13:51:59,274 [INFO] Capturing response: https://atomsportv508.top/favicon.ico 200 
2026-07-09 13:51:59,278 [INFO] Capturing request: https://teletv5.top/load/yayinlink.php?id=bein-sports-5
2026-07-09 13:51:59,809 [INFO] Capturing request: https://streamsport365.com/cinema
2026-07-09 13:51:59,837 [INFO] Capturing response: https://teletv5.top/load/yayinlink.php?id=bein-sports-5 200 
2026-07-09 13:52:00,101 [INFO] Capturing response: https://streamsport365.com/cinema 200 
2026-07-09 13:52:00,900 [INFO] Capturing request: https://android.clients.google.com/c2dm/register3
2026-07-09 13:52:00,928 [INFO] Capturing response: https://android.clients.google.com/c2dm/register3 301 
2026-07-09 13:52:32,422 [WARNING]   ❌ beIN Sports 5 için M3U8 bulunamadı
2026-07-09 13:52:33,422 [INFO] 
[6/14]
2026-07-09 13:52:33,422 [INFO] 🔍 beIN Sports Max 1 → https://atomsportv508.top/matches?id=bein-sports-max-1
2026-07-09 13:52:33,531 [INFO] Capturing request: https://atomsportv508.top/assets/js/clappr.js
2026-07-09 13:52:33,533 [INFO] Capturing request: https://atomsportv508.top/matches?id=bein-sports-max-1
2026-07-09 13:52:33,554 [INFO] Capturing response: https://atomsportv508.top/assets/js/clappr.js 200 
2026-07-09 13:52:33,798 [INFO] Capturing response: https://atomsportv508.top/matches?id=bein-sports-max-1 200 
2026-07-09 13:52:33,808 [INFO] Capturing request: https://atomsportv508.top/cdn-cgi/rum?
2026-07-09 13:52:33,837 [INFO] Capturing request: https://atomsportv508.top/cdn-cgi/rum?
2026-07-09 13:52:33,917 [INFO] Capturing response: https://atomsportv508.top/cdn-cgi/rum? 204 
2026-07-09 13:52:33,935 [INFO] Capturing request: https://teletv5.top/load/yayinlink.php?id=bein-sports-max-1
2026-07-09 13:52:33,937 [INFO] Capturing request: https://atomsportv508.top/favicon.ico
2026-07-09 13:52:33,979 [INFO] Capturing response: https://atomsportv508.top/favicon.ico 200 
2026-07-09 13:52:33,986 [INFO] Capturing response: https://atomsportv508.top/cdn-cgi/rum? 204 
2026-07-09 13:52:34,053 [INFO] Capturing request: https://streamsport365.com/cinema
2026-07-09 13:52:34,099 [INFO] Capturing response: https://teletv5.top/load/yayinlink.php?id=bein-sports-max-1 200 
2026-07-09 13:52:34,338 [INFO] Capturing response: https://streamsport365.com/cinema 200 
2026-07-09 13:53:07,112 [WARNING]   ❌ beIN Sports Max 1 için M3U8 bulunamadı
2026-07-09 13:53:08,113 [INFO] 
[7/14]
2026-07-09 13:53:08,113 [INFO] 🔍 beIN Sports Max 2 → https://atomsportv508.top/matches?id=bein-sports-max-2
2026-07-09 13:53:08,222 [INFO] Capturing request: https://atomsportv508.top/assets/js/clappr.js
2026-07-09 13:53:08,224 [INFO] Capturing request: https://atomsportv508.top/matches?id=bein-sports-max-2
2026-07-09 13:53:08,246 [INFO] Capturing response: https://atomsportv508.top/assets/js/clappr.js 200 
2026-07-09 13:53:08,493 [INFO] Capturing response: https://atomsportv508.top/matches?id=bein-sports-max-2 200 
2026-07-09 13:53:08,503 [INFO] Capturing request: https://atomsportv508.top/cdn-cgi/rum?
2026-07-09 13:53:08,539 [INFO] Capturing request: https://atomsportv508.top/cdn-cgi/rum?
2026-07-09 13:53:08,612 [INFO] Capturing response: https://atomsportv508.top/cdn-cgi/rum? 204 
2026-07-09 13:53:08,634 [INFO] Capturing request: https://teletv5.top/load/yayinlink.php?id=bein-sports-max-2
2026-07-09 13:53:08,641 [INFO] Capturing request: https://atomsportv508.top/favicon.ico
2026-07-09 13:53:08,681 [INFO] Capturing response: https://atomsportv508.top/favicon.ico 200 
2026-07-09 13:53:08,688 [INFO] Capturing response: https://atomsportv508.top/cdn-cgi/rum? 204 
2026-07-09 13:53:08,758 [INFO] Capturing request: https://streamsport365.com/cinema
2026-07-09 13:53:08,800 [INFO] Capturing response: https://teletv5.top/load/yayinlink.php?id=bein-sports-max-2 200 
2026-07-09 13:53:09,048 [INFO] Capturing response: https://streamsport365.com/cinema 200 
2026-07-09 13:53:35,676 [INFO] Capturing request: https://android.clients.google.com/c2dm/register3
2026-07-09 13:53:35,704 [INFO] Capturing response: https://android.clients.google.com/c2dm/register3 301 
2026-07-09 13:53:41,816 [WARNING]   ❌ beIN Sports Max 2 için M3U8 bulunamadı
2026-07-09 13:53:42,816 [INFO] 
[8/14]
2026-07-09 13:53:42,816 [INFO] 🔍 S Sport → https://atomsportv508.top/matches?id=s-sport
2026-07-09 13:53:42,925 [INFO] Capturing request: https://atomsportv508.top/matches?id=s-sport
2026-07-09 13:53:43,168 [INFO] Capturing response: https://atomsportv508.top/matches?id=s-sport 200 
2026-07-09 13:53:43,178 [INFO] Capturing request: https://atomsportv508.top/cdn-cgi/rum?
2026-07-09 13:53:43,205 [INFO] Capturing request: https://atomsportv508.top/cdn-cgi/rum?
2026-07-09 13:53:43,286 [INFO] Capturing response: https://atomsportv508.top/cdn-cgi/rum? 204 
2026-07-09 13:53:43,303 [INFO] Capturing request: https://teletv5.top/load/yayinlink.php?id=s-sport
2026-07-09 13:53:43,309 [INFO] Capturing request: https://atomsportv508.top/favicon.ico
2026-07-09 13:53:43,347 [INFO] Capturing response: https://atomsportv508.top/favicon.ico 200 
2026-07-09 13:53:43,356 [INFO] Capturing response: https://atomsportv508.top/cdn-cgi/rum? 204 
2026-07-09 13:53:43,424 [INFO] Capturing request: https://streamsport365.com/cinema
2026-07-09 13:53:43,471 [INFO] Capturing response: https://teletv5.top/load/yayinlink.php?id=s-sport 200 
2026-07-09 13:53:43,714 [INFO] Capturing response: https://streamsport365.com/cinema 200 
2026-07-09 13:53:43,873 [INFO] Capturing request: https://hlssssss-wildflower-4845.ugurdurmus9402.workers.dev/https://corestream.taylandakanzi.help//s-sportt/tracks-v1a1/mono.m3u8
2026-07-09 13:53:44,336 [INFO] Capturing response: https://hlssssss-wildflower-4845.ugurdurmus9402.workers.dev/https://corestream.taylandakanzi.help//s-sportt/tracks-v1a1/mono.m3u8 200 
2026-07-09 13:53:44,523 [INFO] Capturing request: https://ts.taylandakanzi.help/s-sportt/tracks-v1a1/2026/07/09/13/53/14-08440.avif
2026-07-09 13:53:45,448 [INFO] Capturing response: https://ts.taylandakanzi.help/s-sportt/tracks-v1a1/2026/07/09/13/53/14-08440.avif 200 
2026-07-09 13:53:45,748 [INFO] Capturing request: https://ts.taylandakanzi.help/s-sportt/tracks-v1a1/2026/07/09/13/53/23-05280.avif
2026-07-09 13:53:46,126 [INFO] Capturing response: https://ts.taylandakanzi.help/s-sportt/tracks-v1a1/2026/07/09/13/53/23-05280.avif 200 
2026-07-09 13:53:46,228 [INFO]   ✅ M3U8 bulundu: https://hlssssss-wildflower-4845.ugurdurmus9402.workers.dev/https://corestream.taylandakanzi.help//s-sportt/tracks-v1a1/mono.m3u8
2026-07-09 13:53:46,301 [INFO] Capturing request: https://ts.taylandakanzi.help/s-sportt/tracks-v1a1/2026/07/09/13/53/28-07240.avif
2026-07-09 13:53:46,573 [INFO] Capturing response: https://ts.taylandakanzi.help/s-sportt/tracks-v1a1/2026/07/09/13/53/28-07240.avif 200 
2026-07-09 13:53:46,767 [INFO] Capturing request: https://ts.taylandakanzi.help/s-sportt/tracks-v1a1/2026/07/09/13/53/35-05560.avif
2026-07-09 13:53:47,016 [INFO] Capturing response: https://ts.taylandakanzi.help/s-sportt/tracks-v1a1/2026/07/09/13/53/35-05560.avif 200 
2026-07-09 13:53:47,228 [INFO] 
[9/14]
2026-07-09 13:53:47,229 [INFO] 🔍 S Sport 2 → https://atomsportv508.top/matches?id=s-sport-2
2026-07-09 13:53:47,341 [INFO] Capturing request: https://atomsportv508.top/assets/js/clappr.js
2026-07-09 13:53:47,342 [INFO] Capturing request: https://atomsportv508.top/matches?id=s-sport-2
2026-07-09 13:53:47,369 [INFO] Capturing response: https://atomsportv508.top/assets/js/clappr.js 200 
2026-07-09 13:53:47,403 [INFO] Capturing response: https://atomsportv508.top/matches?id=s-sport-2 200 
2026-07-09 13:53:47,413 [INFO] Capturing request: https://atomsportv508.top/cdn-cgi/rum?
2026-07-09 13:53:47,444 [INFO] Capturing request: https://streamsport365.com/cinema
2026-07-09 13:53:47,453 [INFO] Capturing request: https://atomsportv508.top/cdn-cgi/rum?
2026-07-09 13:53:47,543 [INFO] Capturing request: https://teletv5.top/load/yayinlink.php?id=s-sport-2
2026-07-09 13:53:47,552 [INFO] Capturing request: https://atomsportv508.top/favicon.ico
2026-07-09 13:53:47,562 [INFO] Capturing response: https://atomsportv508.top/cdn-cgi/rum? 204 
2026-07-09 13:53:47,564 [INFO] Capturing response: https://atomsportv508.top/cdn-cgi/rum? 204 
2026-07-09 13:53:47,584 [INFO] Capturing response: https://atomsportv508.top/favicon.ico 200 
2026-07-09 13:53:47,704 [INFO] Capturing response: https://teletv5.top/load/yayinlink.php?id=s-sport-2 200 
2026-07-09 13:53:47,742 [INFO] Capturing response: https://streamsport365.com/cinema 200 
2026-07-09 13:53:47,864 [INFO] Capturing request: https://hlssssss-wildflower-4845.ugurdurmus9402.workers.dev/https://corestream.taylandakanzi.help//s-sport2/tracks-v1a1/mono.m3u8
2026-07-09 13:53:48,009 [INFO] Capturing response: https://hlssssss-wildflower-4845.ugurdurmus9402.workers.dev/https://corestream.taylandakanzi.help//s-sport2/tracks-v1a1/mono.m3u8 200 
2026-07-09 13:53:48,119 [INFO] Capturing request: https://ts.taylandakanzi.help/s-sport2/tracks-v1a1/2026/07/09/13/55/24-06000.avif
2026-07-09 13:53:48,771 [INFO] Capturing response: https://ts.taylandakanzi.help/s-sport2/tracks-v1a1/2026/07/09/13/55/24-06000.avif 200 
2026-07-09 13:53:49,151 [INFO] Capturing request: https://ts.taylandakanzi.help/s-sport2/tracks-v1a1/2026/07/09/13/55/30-06000.avif
2026-07-09 13:53:50,036 [INFO] Capturing response: https://ts.taylandakanzi.help/s-sport2/tracks-v1a1/2026/07/09/13/55/30-06000.avif 200 
2026-07-09 13:53:50,387 [INFO] Capturing request: https://ts.taylandakanzi.help/s-sport2/tracks-v1a1/2026/07/09/13/55/36-06000.avif
2026-07-09 13:53:50,477 [INFO]   ✅ M3U8 bulundu: https://hlssssss-wildflower-4845.ugurdurmus9402.workers.dev/https://corestream.taylandakanzi.help//s-sport2/tracks-v1a1/mono.m3u8
2026-07-09 13:53:50,954 [INFO] Capturing response: https://ts.taylandakanzi.help/s-sport2/tracks-v1a1/2026/07/09/13/55/36-06000.avif 200 
2026-07-09 13:53:51,477 [INFO] 
[10/14]
2026-07-09 13:53:51,478 [INFO] 🔍 A Spor → https://atomsportv508.top/matches?id=a-spor
2026-07-09 13:53:51,592 [INFO] Capturing request: https://atomsportv508.top/matches?id=a-spor
2026-07-09 13:53:51,593 [INFO] Capturing request: https://atomsportv508.top/assets/js/clappr.js
2026-07-09 13:53:51,630 [INFO] Capturing response: https://atomsportv508.top/matches?id=a-spor 200 
2026-07-09 13:53:51,643 [INFO] Capturing request: https://atomsportv508.top/cdn-cgi/rum?
2026-07-09 13:53:51,656 [INFO] Capturing response: https://atomsportv508.top/assets/js/clappr.js 200 
2026-07-09 13:53:51,674 [INFO] Capturing request: https://atomsportv508.top/cdn-cgi/rum?
2026-07-09 13:53:51,770 [INFO] Capturing response: https://atomsportv508.top/cdn-cgi/rum? 204 
2026-07-09 13:53:51,773 [INFO] Capturing request: https://teletv5.top/load/yayinlink.php?id=a-spor
2026-07-09 13:53:51,780 [INFO] Capturing request: https://atomsportv508.top/favicon.ico
2026-07-09 13:53:51,816 [INFO] Capturing response: https://atomsportv508.top/favicon.ico 200 
2026-07-09 13:53:51,828 [INFO] Capturing response: https://atomsportv508.top/cdn-cgi/rum? 204 
2026-07-09 13:53:51,900 [INFO] Capturing request: https://streamsport365.com/cinema
2026-07-09 13:53:51,935 [INFO] Capturing response: https://teletv5.top/load/yayinlink.php?id=a-spor 200 
2026-07-09 13:53:52,190 [INFO] Capturing response: https://streamsport365.com/cinema 200 
2026-07-09 13:53:52,310 [INFO] Capturing request: https://hlssssss-wildflower-4845.ugurdurmus9402.workers.dev/https://corestream.taylandakanzi.help//aspor/tracks-v1a1/mono.m3u8
2026-07-09 13:53:52,461 [INFO] Capturing response: https://hlssssss-wildflower-4845.ugurdurmus9402.workers.dev/https://corestream.taylandakanzi.help//aspor/tracks-v1a1/mono.m3u8 200 
2026-07-09 13:53:52,571 [INFO] Capturing request: https://ts.taylandakanzi.help/aspor/tracks-v1a1/2026/07/09/13/54/06-06000.avif
2026-07-09 13:53:52,960 [INFO] Capturing response: https://ts.taylandakanzi.help/aspor/tracks-v1a1/2026/07/09/13/54/06-06000.avif 200 
2026-07-09 13:53:53,217 [INFO] Capturing request: https://ts.taylandakanzi.help/aspor/tracks-v1a1/2026/07/09/13/54/12-06000.avif
2026-07-09 13:53:53,697 [INFO] Capturing response: https://ts.taylandakanzi.help/aspor/tracks-v1a1/2026/07/09/13/54/12-06000.avif 200 
2026-07-09 13:53:53,953 [INFO] Capturing request: https://ts.taylandakanzi.help/aspor/tracks-v1a1/2026/07/09/13/54/18-06000.avif
2026-07-09 13:53:54,403 [INFO] Capturing response: https://ts.taylandakanzi.help/aspor/tracks-v1a1/2026/07/09/13/54/18-06000.avif 200 
2026-07-09 13:53:54,693 [INFO]   ✅ M3U8 bulundu: https://hlssssss-wildflower-4845.ugurdurmus9402.workers.dev/https://corestream.taylandakanzi.help//aspor/tracks-v1a1/mono.m3u8
2026-07-09 13:53:55,694 [INFO] 
[11/14]
2026-07-09 13:53:55,694 [INFO] 🔍 Tivibu Spor 1 → https://atomsportv508.top/matches?id=tivibu-spor-1
2026-07-09 13:53:55,805 [INFO] Capturing request: https://atomsportv508.top/matches?id=tivibu-spor-1
2026-07-09 13:53:55,807 [INFO] Capturing request: https://atomsportv508.top/assets/js/clappr.js
2026-07-09 13:53:55,841 [INFO] Capturing response: https://atomsportv508.top/matches?id=tivibu-spor-1 200 
2026-07-09 13:53:55,850 [INFO] Capturing request: https://atomsportv508.top/cdn-cgi/rum?
2026-07-09 13:53:55,868 [INFO] Capturing response: https://atomsportv508.top/assets/js/clappr.js 200 
2026-07-09 13:53:55,896 [INFO] Capturing request: https://streamsport365.com/cinema
2026-07-09 13:53:55,900 [INFO] Capturing request: https://atomsportv508.top/cdn-cgi/rum?
2026-07-09 13:53:55,973 [INFO] Capturing response: https://atomsportv508.top/cdn-cgi/rum? 204 
2026-07-09 13:53:55,987 [INFO] Capturing request: https://teletv5.top/load/yayinlink.php?id=tivibu-spor-1
2026-07-09 13:53:56,000 [INFO] Capturing request: https://atomsportv508.top/favicon.ico
2026-07-09 13:53:56,036 [INFO] Capturing response: https://atomsportv508.top/favicon.ico 200 
2026-07-09 13:53:56,051 [INFO] Capturing response: https://atomsportv508.top/cdn-cgi/rum? 204 
2026-07-09 13:53:56,151 [INFO] Capturing response: https://teletv5.top/load/yayinlink.php?id=tivibu-spor-1 200 
2026-07-09 13:53:56,194 [INFO] Capturing response: https://streamsport365.com/cinema 200 
2026-07-09 13:54:29,173 [WARNING]   ❌ Tivibu Spor 1 için M3U8 bulunamadı
2026-07-09 13:54:30,173 [INFO] 
[12/14]
2026-07-09 13:54:30,173 [INFO] 🔍 Tivibu Spor 2 → https://atomsportv508.top/matches?id=tivibu-spor-2
2026-07-09 13:54:30,282 [INFO] Capturing request: https://atomsportv508.top/assets/js/clappr.js
2026-07-09 13:54:30,283 [INFO] Capturing request: https://atomsportv508.top/matches?id=tivibu-spor-2
2026-07-09 13:54:30,305 [INFO] Capturing response: https://atomsportv508.top/assets/js/clappr.js 200 
2026-07-09 13:54:30,544 [INFO] Capturing response: https://atomsportv508.top/matches?id=tivibu-spor-2 200 
2026-07-09 13:54:30,553 [INFO] Capturing request: https://atomsportv508.top/cdn-cgi/rum?
2026-07-09 13:54:30,585 [INFO] Capturing request: https://atomsportv508.top/cdn-cgi/rum?
2026-07-09 13:54:30,662 [INFO] Capturing response: https://atomsportv508.top/cdn-cgi/rum? 204 
2026-07-09 13:54:30,683 [INFO] Capturing request: https://teletv5.top/load/yayinlink.php?id=tivibu-spor-2
2026-07-09 13:54:30,687 [INFO] Capturing request: https://atomsportv508.top/favicon.ico
2026-07-09 13:54:30,728 [INFO] Capturing response: https://atomsportv508.top/favicon.ico 200 
2026-07-09 13:54:30,736 [INFO] Capturing response: https://atomsportv508.top/cdn-cgi/rum? 204 
2026-07-09 13:54:30,801 [INFO] Capturing request: https://streamsport365.com/cinema
2026-07-09 13:54:30,848 [INFO] Capturing response: https://teletv5.top/load/yayinlink.php?id=tivibu-spor-2 200 
2026-07-09 13:54:31,092 [INFO] Capturing response: https://streamsport365.com/cinema 200 
2026-07-09 13:55:03,861 [WARNING]   ❌ Tivibu Spor 2 için M3U8 bulunamadı
2026-07-09 13:55:04,862 [INFO] 
[13/14]
2026-07-09 13:55:04,862 [INFO] 🔍 Tivibu Spor 3 → https://atomsportv508.top/matches?id=tivibu-spor-3
2026-07-09 13:55:04,973 [INFO] Capturing request: https://atomsportv508.top/assets/js/clappr.js
2026-07-09 13:55:04,974 [INFO] Capturing request: https://atomsportv508.top/matches?id=tivibu-spor-3
2026-07-09 13:55:04,998 [INFO] Capturing response: https://atomsportv508.top/assets/js/clappr.js 200 
2026-07-09 13:55:05,247 [INFO] Capturing response: https://atomsportv508.top/matches?id=tivibu-spor-3 200 
2026-07-09 13:55:05,256 [INFO] Capturing request: https://atomsportv508.top/cdn-cgi/rum?
2026-07-09 13:55:05,288 [INFO] Capturing request: https://atomsportv508.top/cdn-cgi/rum?
2026-07-09 13:55:05,365 [INFO] Capturing response: https://atomsportv508.top/cdn-cgi/rum? 204 
2026-07-09 13:55:05,388 [INFO] Capturing request: https://teletv5.top/load/yayinlink.php?id=tivibu-spor-3
2026-07-09 13:55:05,392 [INFO] Capturing request: https://atomsportv508.top/favicon.ico
2026-07-09 13:55:05,428 [INFO] Capturing response: https://atomsportv508.top/favicon.ico 200 
2026-07-09 13:55:05,440 [INFO] Capturing response: https://atomsportv508.top/cdn-cgi/rum? 204 
2026-07-09 13:55:05,507 [INFO] Capturing request: https://streamsport365.com/cinema
2026-07-09 13:55:05,554 [INFO] Capturing response: https://teletv5.top/load/yayinlink.php?id=tivibu-spor-3 200 
2026-07-09 13:55:05,792 [INFO] Capturing response: https://streamsport365.com/cinema 200 
2026-07-09 13:55:38,577 [WARNING]   ❌ Tivibu Spor 3 için M3U8 bulunamadı
2026-07-09 13:55:39,578 [INFO] 
[14/14]
2026-07-09 13:55:39,578 [INFO] 🔍 Tivibu Spor 4 → https://atomsportv508.top/matches?id=tivibu-spor-4
2026-07-09 13:55:39,686 [INFO] Capturing request: https://atomsportv508.top/assets/js/clappr.js
2026-07-09 13:55:39,688 [INFO] Capturing request: https://atomsportv508.top/matches?id=tivibu-spor-4
2026-07-09 13:55:39,707 [INFO] Capturing response: https://atomsportv508.top/assets/js/clappr.js 200 
2026-07-09 13:55:39,973 [INFO] Capturing response: https://atomsportv508.top/matches?id=tivibu-spor-4 200 
2026-07-09 13:55:39,983 [INFO] Capturing request: https://atomsportv508.top/cdn-cgi/rum?
2026-07-09 13:55:40,018 [INFO] Capturing request: https://atomsportv508.top/cdn-cgi/rum?
2026-07-09 13:55:40,093 [INFO] Capturing response: https://atomsportv508.top/cdn-cgi/rum? 204 
2026-07-09 13:55:40,118 [INFO] Capturing request: https://teletv5.top/load/yayinlink.php?id=tivibu-spor-4
2026-07-09 13:55:40,120 [INFO] Capturing request: https://atomsportv508.top/favicon.ico
2026-07-09 13:55:40,156 [INFO] Capturing response: https://atomsportv508.top/favicon.ico 200 
2026-07-09 13:55:40,168 [INFO] Capturing response: https://atomsportv508.top/cdn-cgi/rum? 204 
2026-07-09 13:55:40,238 [INFO] Capturing request: https://streamsport365.com/cinema
2026-07-09 13:55:40,285 [INFO] Capturing response: https://teletv5.top/load/yayinlink.php?id=tivibu-spor-4 200 
2026-07-09 13:55:40,524 [INFO] Capturing response: https://streamsport365.com/cinema 200 
2026-07-09 13:56:13,303 [WARNING]   ❌ Tivibu Spor 4 için M3U8 bulunamadı
2026-07-09 13:56:14,370 [INFO] ✅ 5 kanal bulundu, playlist.m3u kaydedildi
