2026-05-21 23:12:16,834 [INFO] 🔎 Domain aralığı taranıyor: atomsportv503.top - atomsportv535.top
2026-05-21 23:12:18,009 [INFO]   ✅ Aktif domain bulundu: https://atomsportv503.top
2026-05-21 23:12:18,010 [INFO] 🌐 Kullanılan BASE_URL: https://atomsportv503.top
2026-05-21 23:12:18,010 [INFO] 🔗 Proxy Prefix: https://ronaldo.magnitude.workers.dev/?url=
2026-05-21 23:12:18,713 [INFO] ✅ SeleniumWire aktif
2026-05-21 23:12:18,715 [INFO] =======================================================
2026-05-21 23:12:18,715 [INFO]    M3U8 Scraper
2026-05-21 23:12:18,715 [INFO]    Base URL    : https://atomsportv503.top
2026-05-21 23:12:18,715 [INFO]    Proxy Prefix: https://ronaldo.magnitude.workers.dev/?url=
2026-05-21 23:12:18,715 [INFO]    Toplam      : 13 sayfa
2026-05-21 23:12:18,715 [INFO] =======================================================
2026-05-21 23:12:18,715 [INFO] 🔧 Driver başlatılıyor...
2026-05-21 23:12:19,486 [INFO] ✅ Driver başlatıldı
2026-05-21 23:12:19,486 [INFO] 
[1/13]
2026-05-21 23:12:19,486 [INFO] 
──────────────────────────────────────────────────
2026-05-21 23:12:19,486 [INFO] 🔍 beIN Sports 1 → https://atomsportv503.top/matches?id=bein-sports-1
2026-05-21 23:12:19,486 [INFO] ──────────────────────────────────────────────────
2026-05-21 23:12:51,905 [INFO]   📡 M3U8 bekleniyor (max 8s)...
2026-05-21 23:12:59,987 [INFO]   ❌ beIN Sports 1: M3U8 bulunamadı
2026-05-21 23:13:00,987 [INFO] 
[2/13]
2026-05-21 23:13:00,987 [INFO] 
──────────────────────────────────────────────────
2026-05-21 23:13:00,987 [INFO] 🔍 beIN Sports 2 → https://atomsportv503.top/matches?id=bein-sports-2
2026-05-21 23:13:00,988 [INFO] ──────────────────────────────────────────────────
2026-05-21 23:13:33,215 [INFO]   📡 M3U8 bekleniyor (max 8s)...
2026-05-21 23:13:41,289 [INFO]   ❌ beIN Sports 2: M3U8 bulunamadı
2026-05-21 23:13:42,289 [INFO] 
[3/13]
2026-05-21 23:13:42,289 [INFO] 
──────────────────────────────────────────────────
2026-05-21 23:13:42,289 [INFO] 🔍 beIN Sports 3 → https://atomsportv503.top/matches?id=bein-sports-3
2026-05-21 23:13:42,289 [INFO] ──────────────────────────────────────────────────
2026-05-21 23:14:14,515 [INFO]   📡 M3U8 bekleniyor (max 8s)...
2026-05-21 23:14:22,527 [INFO]   ❌ beIN Sports 3: M3U8 bulunamadı
2026-05-21 23:14:23,527 [INFO] 
[4/13]
2026-05-21 23:14:23,528 [INFO] 
──────────────────────────────────────────────────
2026-05-21 23:14:23,528 [INFO] 🔍 beIN Sports 4 → https://atomsportv503.top/matches?id=bein-sports-4
2026-05-21 23:14:23,528 [INFO] ──────────────────────────────────────────────────
2026-05-21 23:14:55,393 [INFO]   📡 M3U8 bekleniyor (max 8s)...
2026-05-21 23:15:03,405 [INFO]   ❌ beIN Sports 4: M3U8 bulunamadı
2026-05-21 23:15:04,405 [INFO] 
[5/13]
2026-05-21 23:15:04,406 [INFO] 
──────────────────────────────────────────────────
2026-05-21 23:15:04,406 [INFO] 🔍 beIN Sports 5 → https://atomsportv503.top/matches?id=bein-sports-5
2026-05-21 23:15:04,406 [INFO] ──────────────────────────────────────────────────
2026-05-21 23:15:36,272 [INFO]   📡 M3U8 bekleniyor (max 8s)...
2026-05-21 23:15:44,284 [INFO]   ❌ beIN Sports 5: M3U8 bulunamadı
2026-05-21 23:15:45,285 [INFO] 
[6/13]
2026-05-21 23:15:45,285 [INFO] 
──────────────────────────────────────────────────
2026-05-21 23:15:45,285 [INFO] 🔍 beIN Sports Max 1 → https://atomsportv503.top/matches?id=bein-sports-max-1
2026-05-21 23:15:45,285 [INFO] ──────────────────────────────────────────────────
2026-05-21 23:16:17,152 [INFO]   📡 M3U8 bekleniyor (max 8s)...
2026-05-21 23:16:25,164 [INFO]   ❌ beIN Sports Max 1: M3U8 bulunamadı
2026-05-21 23:16:26,164 [INFO] 
[7/13]
2026-05-21 23:16:26,164 [INFO] 
──────────────────────────────────────────────────
2026-05-21 23:16:26,164 [INFO] 🔍 beIN Sports Max 2 → https://atomsportv503.top/matches?id=bein-sports-max-2
2026-05-21 23:16:26,164 [INFO] ──────────────────────────────────────────────────
2026-05-21 23:16:58,068 [INFO]   📡 M3U8 bekleniyor (max 8s)...
2026-05-21 23:17:06,080 [INFO]   ❌ beIN Sports Max 2: M3U8 bulunamadı
2026-05-21 23:17:07,080 [INFO] 
[8/13]
2026-05-21 23:17:07,080 [INFO] 
──────────────────────────────────────────────────
2026-05-21 23:17:07,080 [INFO] 🔍 S Sport → https://atomsportv503.top/matches?id=s-sport
2026-05-21 23:17:07,081 [INFO] ──────────────────────────────────────────────────
2026-05-21 23:17:39,009 [INFO]   📡 M3U8 bekleniyor (max 8s)...
2026-05-21 23:17:39,021 [INFO]   🎯 DOĞRU kanal bulundu: https://young-surf-88a9.halitumutseler.workers.dev/https://corestream.ronaldovurdu.help//s-sportt/tracks-v1a1/mono.m3u8
2026-05-21 23:17:39,022 [INFO]   ✅ S Sport: https://young-surf-88a9.halitumutseler.workers.dev/https://corestream.ronaldovurdu.help//s-sportt/tracks-v1a1/mono.m3u8
2026-05-21 23:17:40,023 [INFO] 
[9/13]
2026-05-21 23:17:40,023 [INFO] 
──────────────────────────────────────────────────
2026-05-21 23:17:40,023 [INFO] 🔍 S Sport 2 → https://atomsportv503.top/matches?id=s-sport-2
2026-05-21 23:17:40,023 [INFO] ──────────────────────────────────────────────────
2026-05-21 23:18:11,959 [INFO]   📡 M3U8 bekleniyor (max 8s)...
2026-05-21 23:18:19,990 [INFO]   ❌ S Sport 2: M3U8 bulunamadı
2026-05-21 23:18:20,991 [INFO] 
[10/13]
2026-05-21 23:18:20,991 [INFO] 
──────────────────────────────────────────────────
2026-05-21 23:18:20,991 [INFO] 🔍 Tivibu Spor 1 → https://atomsportv503.top/matches?id=tivibu-spor-1
2026-05-21 23:18:20,991 [INFO] ──────────────────────────────────────────────────
2026-05-21 23:18:52,910 [INFO]   📡 M3U8 bekleniyor (max 8s)...
2026-05-21 23:19:00,923 [INFO]   ❌ Tivibu Spor 1: M3U8 bulunamadı
2026-05-21 23:19:01,924 [INFO] 
[11/13]
2026-05-21 23:19:01,924 [INFO] 
──────────────────────────────────────────────────
2026-05-21 23:19:01,924 [INFO] 🔍 Tivibu Spor 2 → https://atomsportv503.top/matches?id=tivibu-spor-2
2026-05-21 23:19:01,924 [INFO] ──────────────────────────────────────────────────
2026-05-21 23:19:33,843 [INFO]   📡 M3U8 bekleniyor (max 8s)...
2026-05-21 23:19:41,856 [INFO]   ❌ Tivibu Spor 2: M3U8 bulunamadı
2026-05-21 23:19:42,856 [INFO] 
[12/13]
2026-05-21 23:19:42,857 [INFO] 
──────────────────────────────────────────────────
2026-05-21 23:19:42,857 [INFO] 🔍 Tivibu Spor 3 → https://atomsportv503.top/matches?id=tivibu-spor-3
2026-05-21 23:19:42,857 [INFO] ──────────────────────────────────────────────────
2026-05-21 23:20:14,767 [INFO]   📡 M3U8 bekleniyor (max 8s)...
2026-05-21 23:20:22,780 [INFO]   ❌ Tivibu Spor 3: M3U8 bulunamadı
2026-05-21 23:20:23,780 [INFO] 
[13/13]
2026-05-21 23:20:23,780 [INFO] 
──────────────────────────────────────────────────
2026-05-21 23:20:23,780 [INFO] 🔍 Tivibu Spor 4 → https://atomsportv503.top/matches?id=tivibu-spor-4
2026-05-21 23:20:23,780 [INFO] ──────────────────────────────────────────────────
2026-05-21 23:20:55,685 [INFO]   📡 M3U8 bekleniyor (max 8s)...
2026-05-21 23:21:03,697 [INFO]   ❌ Tivibu Spor 4: M3U8 bulunamadı
2026-05-21 23:21:04,761 [INFO] 🔒 Driver kapatıldı
2026-05-21 23:21:04,761 [INFO] 
=======================================================
2026-05-21 23:21:04,761 [INFO] 🏁 Tamamlandı!
2026-05-21 23:21:04,761 [INFO] 📺 Kanal : 1/13
2026-05-21 23:21:04,761 [INFO] ⏱️  Süre  : 526.0s
2026-05-21 23:21:04,761 [INFO] =======================================================
2026-05-21 23:21:04,761 [INFO] ✅ playlist.m3u kaydedildi (proxy prefix'li)
2026-05-21 23:21:04,762 [INFO] ✅ stats.json kaydedildi
