2026-07-11 22:50:49,901 [INFO] 🌐 BASE_URL: https://atomsportv508.top
2026-07-11 22:50:50,895 [INFO] Başlanıyor... 14 kanal taranacak
2026-07-11 22:50:50,895 [INFO] Using default request storage
2026-07-11 22:50:50,900 [INFO] Created proxy listening on 127.0.0.1:41335
2026-07-11 22:50:51,594 [INFO] Capturing request: http://clients2.google.com/time/1/current?cup2key=10:CaNmJj3hSnjLhxaAFZtv1YR5C6Dx_hd4rdCUzdjdeWg&cup2hreq=e3b0c44298fc1c149afbf4c8996fb92427ae41e4649b934ca495991b7852b855
2026-07-11 22:50:51,639 [INFO] Capturing response: http://clients2.google.com/time/1/current?cup2key=10:CaNmJj3hSnjLhxaAFZtv1YR5C6Dx_hd4rdCUzdjdeWg&cup2hreq=e3b0c44298fc1c149afbf4c8996fb92427ae41e4649b934ca495991b7852b855 200 OK
2026-07-11 22:50:51,778 [INFO] 
[1/14]
2026-07-11 22:50:51,778 [INFO] 🔍 beIN Sports 1 → https://atomsportv508.top/matches?id=bein-sports-1
2026-07-11 22:50:51,865 [INFO] Capturing request: https://update.googleapis.com/service/update2/json?cup2key=16:gXRbPM5h9ChHYjS0yDTvSHhpgBpcCi7_O-C5jc9kxew&cup2hreq=3b3c062ae9f203f678d1fdfff2394c4423155c1485b98f0bfe6a501ab6eb7252
2026-07-11 22:50:51,872 [INFO] Capturing request: https://accounts.google.com/ListAccounts?gpsia=1&source=ChromiumBrowser&json=standard&laf=b64bin
2026-07-11 22:50:51,914 [INFO] Capturing response: https://update.googleapis.com/service/update2/json?cup2key=16:gXRbPM5h9ChHYjS0yDTvSHhpgBpcCi7_O-C5jc9kxew&cup2hreq=3b3c062ae9f203f678d1fdfff2394c4423155c1485b98f0bfe6a501ab6eb7252 200 
2026-07-11 22:50:51,918 [INFO] Capturing response: https://accounts.google.com/ListAccounts?gpsia=1&source=ChromiumBrowser&json=standard&laf=b64bin 200 
2026-07-11 22:50:51,961 [INFO] Capturing request: https://update.googleapis.com/service/update2/json?cup2key=16:QSwBGbpIIX9asDn-7RGeN3Nd_bsa2JbZ8e6TBuc63Zw&cup2hreq=5f521c2ca9b28815bc056db03a800c7bdb512eee3bb098c7af171f3b0f78b318
2026-07-11 22:50:51,980 [INFO] Capturing request: https://atomsportv508.top/matches?id=bein-sports-1
2026-07-11 22:50:51,987 [INFO] Capturing response: https://update.googleapis.com/service/update2/json?cup2key=16:QSwBGbpIIX9asDn-7RGeN3Nd_bsa2JbZ8e6TBuc63Zw&cup2hreq=5f521c2ca9b28815bc056db03a800c7bdb512eee3bb098c7af171f3b0f78b318 200 
2026-07-11 22:50:52,073 [INFO] Capturing response: https://atomsportv508.top/matches?id=bein-sports-1 200 
2026-07-11 22:50:52,220 [INFO] Capturing request: https://www.google.com/async/folae?async=_fmt:pb&udm=50&client_locale=en-US&client_country=ZZ
2026-07-11 22:50:52,230 [INFO] Capturing request: https://atomsportv508.top/assets/js/clappr.js
2026-07-11 22:50:52,242 [INFO] Capturing response: https://www.google.com/async/folae?async=_fmt:pb&udm=50&client_locale=en-US&client_country=ZZ 200 
2026-07-11 22:50:52,255 [INFO] Capturing response: https://atomsportv508.top/assets/js/clappr.js 200 
2026-07-11 22:50:52,279 [INFO] Capturing request: https://cdnjs.cloudflare.com/ajax/libs/jquery/3.2.1/jquery.min.js
2026-07-11 22:50:52,286 [INFO] Capturing request: https://cdn.jsdelivr.net/npm/@clappr/player@latest/dist/clappr.min.js
2026-07-11 22:50:52,295 [INFO] Capturing response: https://cdnjs.cloudflare.com/ajax/libs/jquery/3.2.1/jquery.min.js 200 
2026-07-11 22:50:52,310 [INFO] Capturing response: https://cdn.jsdelivr.net/npm/@clappr/player@latest/dist/clappr.min.js 200 
2026-07-11 22:50:52,494 [INFO] Capturing request: https://static.cloudflareinsights.com/beacon.min.js/v4513226cdae34746b4dedf0b4dfa099e1781791509496
2026-07-11 22:50:52,509 [INFO] Capturing response: https://static.cloudflareinsights.com/beacon.min.js/v4513226cdae34746b4dedf0b4dfa099e1781791509496 200 
2026-07-11 22:50:52,572 [INFO] Capturing request: https://atomsportv508.top/cdn-cgi/rum?
2026-07-11 22:50:52,676 [INFO] Capturing request: https://atomsportv508.top/favicon.ico
2026-07-11 22:50:52,715 [INFO] Capturing response: https://atomsportv508.top/favicon.ico 200 
2026-07-11 22:50:52,724 [INFO] Capturing response: https://atomsportv508.top/cdn-cgi/rum? 204 
2026-07-11 22:50:52,738 [INFO] Capturing request: https://teletv5.top/load/yayinlink.php?id=bein-sports-1
2026-07-11 22:50:53,111 [INFO] Capturing request: https://streamsport365.com/cinema
2026-07-11 22:50:53,266 [INFO] Capturing response: https://teletv5.top/load/yayinlink.php?id=bein-sports-1 200 
2026-07-11 22:50:53,361 [INFO] Capturing response: https://streamsport365.com/cinema 200 
2026-07-11 22:50:53,492 [INFO] Capturing request: https://atomsportv508.top/assets/img/player_logo_6880e4e4c52ee.png
2026-07-11 22:50:53,528 [INFO] Capturing response: https://atomsportv508.top/assets/img/player_logo_6880e4e4c52ee.png 200 
2026-07-11 22:50:53,559 [INFO] Capturing request: https://hlssssss-wildflower-4845.ugurdurmus9402.workers.dev/https://corestream.taylandakanzi.help//trtspor/tracks-v1a1/mono.m3u8
2026-07-11 22:50:53,681 [INFO] Capturing response: https://hlssssss-wildflower-4845.ugurdurmus9402.workers.dev/https://corestream.taylandakanzi.help//trtspor/tracks-v1a1/mono.m3u8 200 
2026-07-11 22:50:53,901 [INFO] Capturing request: https://tsss.ugurdurmus9402.workers.dev/trtspor/tracks-v1a1/2026/07/11/22/50/28-10000.avif
2026-07-11 22:50:54,132 [INFO] Capturing response: https://tsss.ugurdurmus9402.workers.dev/trtspor/tracks-v1a1/2026/07/11/22/50/28-10000.avif 200 
2026-07-11 22:50:54,413 [INFO] Capturing request: https://tsss.ugurdurmus9402.workers.dev/trtspor/tracks-v1a1/2026/07/11/22/50/38-10000.avif
2026-07-11 22:50:54,452 [INFO] Capturing request: https://android.clients.google.com/checkin
2026-07-11 22:50:54,561 [INFO] Capturing response: https://android.clients.google.com/checkin 200 
2026-07-11 22:50:54,618 [INFO] Capturing request: https://android.clients.google.com/c2dm/register3
2026-07-11 22:50:54,626 [INFO] Capturing request: https://android.clients.google.com/c2dm/register3
2026-07-11 22:50:54,635 [INFO] Capturing request: https://android.clients.google.com/c2dm/register3
2026-07-11 22:50:54,661 [INFO] Capturing response: https://android.clients.google.com/c2dm/register3 301 
2026-07-11 22:50:54,733 [INFO] Capturing response: https://tsss.ugurdurmus9402.workers.dev/trtspor/tracks-v1a1/2026/07/11/22/50/38-10000.avif 200 
2026-07-11 22:50:54,954 [INFO] Capturing request: https://tsss.ugurdurmus9402.workers.dev/trtspor/tracks-v1a1/2026/07/11/22/50/48-10000.avif
2026-07-11 22:50:55,110 [INFO] Capturing response: https://android.clients.google.com/c2dm/register3 200 
2026-07-11 22:50:55,141 [INFO] Capturing response: https://android.clients.google.com/c2dm/register3 200 
2026-07-11 22:50:55,605 [INFO]   ✅ M3U8 bulundu: https://hlssssss-wildflower-4845.ugurdurmus9402.workers.dev/https://corestream.taylandakanzi.help//trtspor/tracks-v1a1/mono.m3u8
2026-07-11 22:50:56,066 [INFO] Capturing response: https://tsss.ugurdurmus9402.workers.dev/trtspor/tracks-v1a1/2026/07/11/22/50/48-10000.avif 200 
2026-07-11 22:50:56,606 [INFO] 
[2/14]
2026-07-11 22:50:56,606 [INFO] 🔍 beIN Sports 2 → https://atomsportv508.top/matches?id=bein-sports-2
2026-07-11 22:50:56,719 [INFO] Capturing request: https://atomsportv508.top/matches?id=bein-sports-2
2026-07-11 22:50:56,751 [INFO] Capturing response: https://atomsportv508.top/matches?id=bein-sports-2 200 
2026-07-11 22:50:56,764 [INFO] Capturing request: https://atomsportv508.top/cdn-cgi/rum?
2026-07-11 22:50:56,809 [INFO] Capturing request: https://streamsport365.com/cinema
2026-07-11 22:50:56,810 [INFO] Capturing request: https://atomsportv508.top/cdn-cgi/rum?
2026-07-11 22:50:56,902 [INFO] Capturing request: https://teletv5.top/load/yayinlink.php?id=bein-sports-2
2026-07-11 22:50:56,913 [INFO] Capturing request: https://atomsportv508.top/favicon.ico
2026-07-11 22:50:56,916 [INFO] Capturing response: https://atomsportv508.top/cdn-cgi/rum? 204 
2026-07-11 22:50:56,946 [INFO] Capturing response: https://atomsportv508.top/favicon.ico 200 
2026-07-11 22:50:56,961 [INFO] Capturing response: https://atomsportv508.top/cdn-cgi/rum? 204 
2026-07-11 22:50:57,051 [INFO] Capturing response: https://teletv5.top/load/yayinlink.php?id=bein-sports-2 200 
2026-07-11 22:50:57,056 [INFO] Capturing response: https://streamsport365.com/cinema 200 
2026-07-11 22:50:57,178 [INFO] Capturing request: https://hlssssss-wildflower-4845.ugurdurmus9402.workers.dev/https://corestream.taylandakanzi.help//bein2/tracks-v1a1/mono.m3u8
2026-07-11 22:50:57,295 [INFO] Capturing response: https://hlssssss-wildflower-4845.ugurdurmus9402.workers.dev/https://corestream.taylandakanzi.help//bein2/tracks-v1a1/mono.m3u8 404 
2026-07-11 22:50:59,823 [INFO]   ✅ M3U8 bulundu: https://hlssssss-wildflower-4845.ugurdurmus9402.workers.dev/https://corestream.taylandakanzi.help//bein2/tracks-v1a1/mono.m3u8
2026-07-11 22:51:00,823 [INFO] 
[3/14]
2026-07-11 22:51:00,824 [INFO] 🔍 beIN Sports 3 → https://atomsportv508.top/matches?id=bein-sports-3
2026-07-11 22:51:00,932 [INFO] Capturing request: https://atomsportv508.top/assets/js/clappr.js
2026-07-11 22:51:00,936 [INFO] Capturing request: https://atomsportv508.top/matches?id=bein-sports-3
2026-07-11 22:51:00,956 [INFO] Capturing response: https://atomsportv508.top/assets/js/clappr.js 200 
2026-07-11 22:51:00,978 [INFO] Capturing response: https://atomsportv508.top/matches?id=bein-sports-3 200 
2026-07-11 22:51:00,987 [INFO] Capturing request: https://atomsportv508.top/cdn-cgi/rum?
2026-07-11 22:51:01,016 [INFO] Capturing request: https://atomsportv508.top/cdn-cgi/rum?
2026-07-11 22:51:01,115 [INFO] Capturing request: https://teletv5.top/load/yayinlink.php?id=bein-sports-3
2026-07-11 22:51:01,118 [INFO] Capturing request: https://atomsportv508.top/favicon.ico
2026-07-11 22:51:01,126 [INFO] Capturing response: https://atomsportv508.top/cdn-cgi/rum? 204 
2026-07-11 22:51:01,128 [INFO] Capturing response: https://atomsportv508.top/cdn-cgi/rum? 204 
2026-07-11 22:51:01,150 [INFO] Capturing response: https://atomsportv508.top/favicon.ico 200 
2026-07-11 22:51:01,216 [INFO] Capturing request: https://streamsport365.com/cinema
2026-07-11 22:51:01,268 [INFO] Capturing response: https://teletv5.top/load/yayinlink.php?id=bein-sports-3 200 
2026-07-11 22:51:01,460 [INFO] Capturing response: https://streamsport365.com/cinema 200 
2026-07-11 22:51:01,579 [INFO] Capturing request: https://hlssssss-wildflower-4845.ugurdurmus9402.workers.dev/https://corestream.taylandakanzi.help//trtspor/tracks-v1a1/mono.m3u8
2026-07-11 22:51:01,699 [INFO] Capturing response: https://hlssssss-wildflower-4845.ugurdurmus9402.workers.dev/https://corestream.taylandakanzi.help//trtspor/tracks-v1a1/mono.m3u8 200 
2026-07-11 22:51:01,809 [INFO] Capturing request: https://tsss.ugurdurmus9402.workers.dev/trtspor/tracks-v1a1/2026/07/11/22/50/38-10000.avif
2026-07-11 22:51:02,044 [INFO] Capturing response: https://tsss.ugurdurmus9402.workers.dev/trtspor/tracks-v1a1/2026/07/11/22/50/38-10000.avif 200 
2026-07-11 22:51:02,312 [INFO] Capturing request: https://tsss.ugurdurmus9402.workers.dev/trtspor/tracks-v1a1/2026/07/11/22/50/48-10000.avif
2026-07-11 22:51:02,518 [INFO] Capturing response: https://tsss.ugurdurmus9402.workers.dev/trtspor/tracks-v1a1/2026/07/11/22/50/48-10000.avif 200 
2026-07-11 22:51:02,752 [INFO] Capturing request: https://tsss.ugurdurmus9402.workers.dev/trtspor/tracks-v1a1/2026/07/11/22/50/58-10000.avif
2026-07-11 22:51:03,848 [INFO] Capturing response: https://tsss.ugurdurmus9402.workers.dev/trtspor/tracks-v1a1/2026/07/11/22/50/58-10000.avif 200 
2026-07-11 22:51:04,036 [INFO]   ✅ M3U8 bulundu: https://hlssssss-wildflower-4845.ugurdurmus9402.workers.dev/https://corestream.taylandakanzi.help//trtspor/tracks-v1a1/mono.m3u8
2026-07-11 22:51:05,036 [INFO] 
[4/14]
2026-07-11 22:51:05,037 [INFO] 🔍 beIN Sports 4 → https://atomsportv508.top/matches?id=bein-sports-4
2026-07-11 22:51:05,149 [INFO] Capturing request: https://atomsportv508.top/assets/js/clappr.js
2026-07-11 22:51:05,150 [INFO] Capturing request: https://atomsportv508.top/matches?id=bein-sports-4
2026-07-11 22:51:05,167 [INFO] Capturing response: https://atomsportv508.top/assets/js/clappr.js 200 
2026-07-11 22:51:05,196 [INFO] Capturing response: https://atomsportv508.top/matches?id=bein-sports-4 200 
2026-07-11 22:51:05,206 [INFO] Capturing request: https://atomsportv508.top/cdn-cgi/rum?
2026-07-11 22:51:05,234 [INFO] Capturing request: https://streamsport365.com/cinema
2026-07-11 22:51:05,241 [INFO] Capturing request: https://atomsportv508.top/cdn-cgi/rum?
2026-07-11 22:51:05,334 [INFO] Capturing request: https://teletv5.top/load/yayinlink.php?id=bein-sports-4
2026-07-11 22:51:05,340 [INFO] Capturing request: https://atomsportv508.top/favicon.ico
2026-07-11 22:51:05,348 [INFO] Capturing response: https://atomsportv508.top/cdn-cgi/rum? 204 
2026-07-11 22:51:05,352 [INFO] Capturing response: https://atomsportv508.top/cdn-cgi/rum? 204 
2026-07-11 22:51:05,374 [INFO] Capturing response: https://atomsportv508.top/favicon.ico 200 
2026-07-11 22:51:05,481 [INFO] Capturing response: https://streamsport365.com/cinema 200 
2026-07-11 22:51:05,487 [INFO] Capturing response: https://teletv5.top/load/yayinlink.php?id=bein-sports-4 200 
2026-07-11 22:51:05,649 [INFO] Capturing request: https://hlssssss-wildflower-4845.ugurdurmus9402.workers.dev/https://corestream.taylandakanzi.help//bein2/tracks-v1a1/mono.m3u8
2026-07-11 22:51:05,767 [INFO] Capturing response: https://hlssssss-wildflower-4845.ugurdurmus9402.workers.dev/https://corestream.taylandakanzi.help//bein2/tracks-v1a1/mono.m3u8 404 
2026-07-11 22:51:08,254 [INFO]   ✅ M3U8 bulundu: https://hlssssss-wildflower-4845.ugurdurmus9402.workers.dev/https://corestream.taylandakanzi.help//bein2/tracks-v1a1/mono.m3u8
2026-07-11 22:51:09,254 [INFO] 
[5/14]
2026-07-11 22:51:09,254 [INFO] 🔍 beIN Sports 5 → https://atomsportv508.top/matches?id=bein-sports-5
2026-07-11 22:51:09,363 [INFO] Capturing request: https://atomsportv508.top/assets/js/clappr.js
2026-07-11 22:51:09,364 [INFO] Capturing request: https://atomsportv508.top/matches?id=bein-sports-5
2026-07-11 22:51:09,383 [INFO] Capturing response: https://atomsportv508.top/assets/js/clappr.js 200 
2026-07-11 22:51:09,414 [INFO] Capturing response: https://atomsportv508.top/matches?id=bein-sports-5 200 
2026-07-11 22:51:09,424 [INFO] Capturing request: https://atomsportv508.top/cdn-cgi/rum?
2026-07-11 22:51:09,449 [INFO] Capturing request: https://atomsportv508.top/cdn-cgi/rum?
2026-07-11 22:51:09,550 [INFO] Capturing request: https://teletv5.top/load/yayinlink.php?id=bein-sports-5
2026-07-11 22:51:09,554 [INFO] Capturing request: https://atomsportv508.top/favicon.ico
2026-07-11 22:51:09,559 [INFO] Capturing response: https://atomsportv508.top/cdn-cgi/rum? 204 
2026-07-11 22:51:09,561 [INFO] Capturing response: https://atomsportv508.top/cdn-cgi/rum? 204 
2026-07-11 22:51:09,586 [INFO] Capturing response: https://atomsportv508.top/favicon.ico 200 
2026-07-11 22:51:09,649 [INFO] Capturing request: https://streamsport365.com/cinema
2026-07-11 22:51:09,700 [INFO] Capturing response: https://teletv5.top/load/yayinlink.php?id=bein-sports-5 200 
2026-07-11 22:51:09,900 [INFO] Capturing response: https://streamsport365.com/cinema 200 
2026-07-11 22:51:10,022 [INFO] Capturing request: https://hlssssss-wildflower-4845.ugurdurmus9402.workers.dev/https://corestream.taylandakanzi.help//bein2/tracks-v1a1/mono.m3u8
2026-07-11 22:51:10,138 [INFO] Capturing response: https://hlssssss-wildflower-4845.ugurdurmus9402.workers.dev/https://corestream.taylandakanzi.help//bein2/tracks-v1a1/mono.m3u8 404 
2026-07-11 22:51:12,465 [INFO]   ✅ M3U8 bulundu: https://hlssssss-wildflower-4845.ugurdurmus9402.workers.dev/https://corestream.taylandakanzi.help//bein2/tracks-v1a1/mono.m3u8
2026-07-11 22:51:13,466 [INFO] 
[6/14]
2026-07-11 22:51:13,466 [INFO] 🔍 beIN Sports Max 1 → https://atomsportv508.top/matches?id=bein-sports-max-1
2026-07-11 22:51:13,575 [INFO] Capturing request: https://atomsportv508.top/assets/js/clappr.js
2026-07-11 22:51:13,576 [INFO] Capturing request: https://atomsportv508.top/matches?id=bein-sports-max-1
2026-07-11 22:51:13,594 [INFO] Capturing response: https://atomsportv508.top/assets/js/clappr.js 200 
2026-07-11 22:51:13,626 [INFO] Capturing response: https://atomsportv508.top/matches?id=bein-sports-max-1 200 
2026-07-11 22:51:13,635 [INFO] Capturing request: https://atomsportv508.top/cdn-cgi/rum?
2026-07-11 22:51:13,679 [INFO] Capturing request: https://streamsport365.com/cinema
2026-07-11 22:51:13,687 [INFO] Capturing request: https://atomsportv508.top/cdn-cgi/rum?
2026-07-11 22:51:13,781 [INFO] Capturing request: https://teletv5.top/load/yayinlink.php?id=bein-sports-max-1
2026-07-11 22:51:13,786 [INFO] Capturing request: https://atomsportv508.top/favicon.ico
2026-07-11 22:51:13,788 [INFO] Capturing response: https://atomsportv508.top/cdn-cgi/rum? 204 
2026-07-11 22:51:13,818 [INFO] Capturing response: https://atomsportv508.top/favicon.ico 200 
2026-07-11 22:51:13,838 [INFO] Capturing response: https://atomsportv508.top/cdn-cgi/rum? 204 
2026-07-11 22:51:13,931 [INFO] Capturing response: https://teletv5.top/load/yayinlink.php?id=bein-sports-max-1 200 
2026-07-11 22:51:13,941 [INFO] Capturing response: https://streamsport365.com/cinema 200 
2026-07-11 22:51:14,091 [INFO] Capturing request: https://hlssssss-wildflower-4845.ugurdurmus9402.workers.dev/https://corestream.taylandakanzi.help//trtspor/tracks-v1a1/mono.m3u8
2026-07-11 22:51:14,209 [INFO] Capturing response: https://hlssssss-wildflower-4845.ugurdurmus9402.workers.dev/https://corestream.taylandakanzi.help//trtspor/tracks-v1a1/mono.m3u8 200 
2026-07-11 22:51:14,361 [INFO] Capturing request: https://tsss.ugurdurmus9402.workers.dev/trtspor/tracks-v1a1/2026/07/11/22/50/48-10000.avif
2026-07-11 22:51:14,710 [INFO] Capturing response: https://tsss.ugurdurmus9402.workers.dev/trtspor/tracks-v1a1/2026/07/11/22/50/48-10000.avif 200 
2026-07-11 22:51:14,958 [INFO] Capturing request: https://tsss.ugurdurmus9402.workers.dev/trtspor/tracks-v1a1/2026/07/11/22/50/58-10000.avif
2026-07-11 22:51:15,198 [INFO] Capturing response: https://tsss.ugurdurmus9402.workers.dev/trtspor/tracks-v1a1/2026/07/11/22/50/58-10000.avif 200 
2026-07-11 22:51:15,456 [INFO] Capturing request: https://tsss.ugurdurmus9402.workers.dev/trtspor/tracks-v1a1/2026/07/11/22/51/08-10000.avif
2026-07-11 22:51:16,563 [INFO] Capturing response: https://tsss.ugurdurmus9402.workers.dev/trtspor/tracks-v1a1/2026/07/11/22/51/08-10000.avif 200 
2026-07-11 22:51:16,702 [INFO]   ✅ M3U8 bulundu: https://hlssssss-wildflower-4845.ugurdurmus9402.workers.dev/https://corestream.taylandakanzi.help//trtspor/tracks-v1a1/mono.m3u8
2026-07-11 22:51:17,399 [INFO] Capturing request: https://android.clients.google.com/c2dm/register3
2026-07-11 22:51:17,432 [INFO] Capturing response: https://android.clients.google.com/c2dm/register3 301 
2026-07-11 22:51:17,703 [INFO] 
[7/14]
2026-07-11 22:51:17,703 [INFO] 🔍 beIN Sports Max 2 → https://atomsportv508.top/matches?id=bein-sports-max-2
2026-07-11 22:51:17,814 [INFO] Capturing request: https://atomsportv508.top/assets/js/clappr.js
2026-07-11 22:51:17,816 [INFO] Capturing request: https://atomsportv508.top/matches?id=bein-sports-max-2
2026-07-11 22:51:17,831 [INFO] Capturing response: https://atomsportv508.top/assets/js/clappr.js 200 
2026-07-11 22:51:17,860 [INFO] Capturing response: https://atomsportv508.top/matches?id=bein-sports-max-2 200 
2026-07-11 22:51:17,869 [INFO] Capturing request: https://atomsportv508.top/cdn-cgi/rum?
2026-07-11 22:51:17,904 [INFO] Capturing request: https://atomsportv508.top/cdn-cgi/rum?
2026-07-11 22:51:18,003 [INFO] Capturing request: https://teletv5.top/load/yayinlink.php?id=bein-sports-max-2
2026-07-11 22:51:18,010 [INFO] Capturing request: https://atomsportv508.top/favicon.ico
2026-07-11 22:51:18,012 [INFO] Capturing response: https://atomsportv508.top/cdn-cgi/rum? 204 
2026-07-11 22:51:18,015 [INFO] Capturing response: https://atomsportv508.top/cdn-cgi/rum? 204 
2026-07-11 22:51:18,044 [INFO] Capturing response: https://atomsportv508.top/favicon.ico 200 
2026-07-11 22:51:18,096 [INFO] Capturing request: https://streamsport365.com/cinema
2026-07-11 22:51:18,157 [INFO] Capturing response: https://teletv5.top/load/yayinlink.php?id=bein-sports-max-2 200 
2026-07-11 22:51:18,348 [INFO] Capturing response: https://streamsport365.com/cinema 200 
2026-07-11 22:51:18,467 [INFO] Capturing request: https://hlssssss-wildflower-4845.ugurdurmus9402.workers.dev/https://corestream.taylandakanzi.help//trtspor/tracks-v1a1/mono.m3u8
2026-07-11 22:51:18,587 [INFO] Capturing response: https://hlssssss-wildflower-4845.ugurdurmus9402.workers.dev/https://corestream.taylandakanzi.help//trtspor/tracks-v1a1/mono.m3u8 200 
2026-07-11 22:51:18,697 [INFO] Capturing request: https://tsss.ugurdurmus9402.workers.dev/trtspor/tracks-v1a1/2026/07/11/22/50/48-10000.avif
2026-07-11 22:51:18,899 [INFO] Capturing response: https://tsss.ugurdurmus9402.workers.dev/trtspor/tracks-v1a1/2026/07/11/22/50/48-10000.avif 200 
2026-07-11 22:51:19,109 [INFO] Capturing request: https://tsss.ugurdurmus9402.workers.dev/trtspor/tracks-v1a1/2026/07/11/22/50/58-10000.avif
2026-07-11 22:51:19,358 [INFO] Capturing response: https://tsss.ugurdurmus9402.workers.dev/trtspor/tracks-v1a1/2026/07/11/22/50/58-10000.avif 200 
2026-07-11 22:51:19,607 [INFO] Capturing request: https://tsss.ugurdurmus9402.workers.dev/trtspor/tracks-v1a1/2026/07/11/22/51/08-10000.avif
2026-07-11 22:51:19,841 [INFO] Capturing response: https://tsss.ugurdurmus9402.workers.dev/trtspor/tracks-v1a1/2026/07/11/22/51/08-10000.avif 200 
2026-07-11 22:51:20,931 [INFO]   ✅ M3U8 bulundu: https://hlssssss-wildflower-4845.ugurdurmus9402.workers.dev/https://corestream.taylandakanzi.help//trtspor/tracks-v1a1/mono.m3u8
2026-07-11 22:51:21,932 [INFO] 
[8/14]
2026-07-11 22:51:21,932 [INFO] 🔍 S Sport → https://atomsportv508.top/matches?id=s-sport
2026-07-11 22:51:22,044 [INFO] Capturing request: https://atomsportv508.top/assets/js/clappr.js
2026-07-11 22:51:22,045 [INFO] Capturing request: https://atomsportv508.top/matches?id=s-sport
2026-07-11 22:51:22,062 [INFO] Capturing response: https://atomsportv508.top/assets/js/clappr.js 200 
2026-07-11 22:51:22,502 [INFO] Capturing response: https://atomsportv508.top/matches?id=s-sport 200 
2026-07-11 22:51:22,513 [INFO] Capturing request: https://atomsportv508.top/cdn-cgi/rum?
2026-07-11 22:51:22,546 [INFO] Capturing request: https://streamsport365.com/cinema
2026-07-11 22:51:22,549 [INFO] Capturing request: https://atomsportv508.top/cdn-cgi/rum?
2026-07-11 22:51:22,623 [INFO] Capturing response: https://atomsportv508.top/cdn-cgi/rum? 204 
2026-07-11 22:51:22,645 [INFO] Capturing request: https://teletv5.top/load/yayinlink.php?id=s-sport
2026-07-11 22:51:22,650 [INFO] Capturing request: https://atomsportv508.top/favicon.ico
2026-07-11 22:51:22,683 [INFO] Capturing response: https://atomsportv508.top/favicon.ico 200 
2026-07-11 22:51:22,701 [INFO] Capturing response: https://atomsportv508.top/cdn-cgi/rum? 204 
2026-07-11 22:51:22,795 [INFO] Capturing response: https://teletv5.top/load/yayinlink.php?id=s-sport 200 
2026-07-11 22:51:22,797 [INFO] Capturing response: https://streamsport365.com/cinema 200 
2026-07-11 22:51:22,957 [INFO] Capturing request: https://hlssssss-wildflower-4845.ugurdurmus9402.workers.dev/https://corestream.taylandakanzi.help//s-sportt/tracks-v1a1/mono.m3u8
2026-07-11 22:51:23,072 [INFO] Capturing response: https://hlssssss-wildflower-4845.ugurdurmus9402.workers.dev/https://corestream.taylandakanzi.help//s-sportt/tracks-v1a1/mono.m3u8 404 
2026-07-11 22:51:25,560 [INFO]   ✅ M3U8 bulundu: https://hlssssss-wildflower-4845.ugurdurmus9402.workers.dev/https://corestream.taylandakanzi.help//s-sportt/tracks-v1a1/mono.m3u8
2026-07-11 22:51:26,561 [INFO] 
[9/14]
2026-07-11 22:51:26,561 [INFO] 🔍 S Sport 2 → https://atomsportv508.top/matches?id=s-sport-2
2026-07-11 22:51:26,670 [INFO] Capturing request: https://atomsportv508.top/assets/js/clappr.js
2026-07-11 22:51:26,672 [INFO] Capturing request: https://atomsportv508.top/matches?id=s-sport-2
2026-07-11 22:51:26,686 [INFO] Capturing response: https://atomsportv508.top/assets/js/clappr.js 200 
2026-07-11 22:51:26,717 [INFO] Capturing response: https://atomsportv508.top/matches?id=s-sport-2 200 
2026-07-11 22:51:26,725 [INFO] Capturing request: https://atomsportv508.top/cdn-cgi/rum?
2026-07-11 22:51:26,753 [INFO] Capturing request: https://atomsportv508.top/cdn-cgi/rum?
2026-07-11 22:51:26,847 [INFO] Capturing request: https://teletv5.top/load/yayinlink.php?id=s-sport-2
2026-07-11 22:51:26,858 [INFO] Capturing request: https://atomsportv508.top/favicon.ico
2026-07-11 22:51:26,861 [INFO] Capturing response: https://atomsportv508.top/cdn-cgi/rum? 204 
2026-07-11 22:51:26,863 [INFO] Capturing response: https://atomsportv508.top/cdn-cgi/rum? 204 
2026-07-11 22:51:26,887 [INFO] Capturing response: https://atomsportv508.top/favicon.ico 200 
2026-07-11 22:51:26,951 [INFO] Capturing request: https://streamsport365.com/cinema
2026-07-11 22:51:26,997 [INFO] Capturing response: https://teletv5.top/load/yayinlink.php?id=s-sport-2 200 
2026-07-11 22:51:27,210 [INFO] Capturing response: https://streamsport365.com/cinema 200 
2026-07-11 22:51:27,328 [INFO] Capturing request: https://hlssssss-wildflower-4845.ugurdurmus9402.workers.dev/https://corestream.taylandakanzi.help//s-sport2/tracks-v1a1/mono.m3u8
2026-07-11 22:51:27,443 [INFO] Capturing response: https://hlssssss-wildflower-4845.ugurdurmus9402.workers.dev/https://corestream.taylandakanzi.help//s-sport2/tracks-v1a1/mono.m3u8 404 
2026-07-11 22:51:29,768 [INFO]   ✅ M3U8 bulundu: https://hlssssss-wildflower-4845.ugurdurmus9402.workers.dev/https://corestream.taylandakanzi.help//s-sport2/tracks-v1a1/mono.m3u8
2026-07-11 22:51:30,768 [INFO] 
[10/14]
2026-07-11 22:51:30,769 [INFO] 🔍 A Spor → https://atomsportv508.top/matches?id=a-spor
2026-07-11 22:51:30,878 [INFO] Capturing request: https://atomsportv508.top/matches?id=a-spor
2026-07-11 22:51:30,879 [INFO] Capturing request: https://atomsportv508.top/assets/js/clappr.js
2026-07-11 22:51:30,909 [INFO] Capturing response: https://atomsportv508.top/matches?id=a-spor 200 
2026-07-11 22:51:30,918 [INFO] Capturing request: https://atomsportv508.top/cdn-cgi/rum?
2026-07-11 22:51:30,923 [INFO] Capturing response: https://atomsportv508.top/assets/js/clappr.js 200 
2026-07-11 22:51:30,947 [INFO] Capturing request: https://streamsport365.com/cinema
2026-07-11 22:51:30,952 [INFO] Capturing request: https://atomsportv508.top/cdn-cgi/rum?
2026-07-11 22:51:31,047 [INFO] Capturing request: https://teletv5.top/load/yayinlink.php?id=a-spor
2026-07-11 22:51:31,053 [INFO] Capturing request: https://atomsportv508.top/favicon.ico
2026-07-11 22:51:31,061 [INFO] Capturing response: https://atomsportv508.top/cdn-cgi/rum? 204 
2026-07-11 22:51:31,063 [INFO] Capturing response: https://atomsportv508.top/cdn-cgi/rum? 204 
2026-07-11 22:51:31,089 [INFO] Capturing response: https://atomsportv508.top/favicon.ico 200 
2026-07-11 22:51:31,195 [INFO] Capturing response: https://teletv5.top/load/yayinlink.php?id=a-spor 200 
2026-07-11 22:51:31,203 [INFO] Capturing response: https://streamsport365.com/cinema 200 
2026-07-11 22:51:31,355 [INFO] Capturing request: https://hlssssss-wildflower-4845.ugurdurmus9402.workers.dev/https://corestream.taylandakanzi.help//aspor/tracks-v1a1/mono.m3u8
2026-07-11 22:51:31,469 [INFO] Capturing response: https://hlssssss-wildflower-4845.ugurdurmus9402.workers.dev/https://corestream.taylandakanzi.help//aspor/tracks-v1a1/mono.m3u8 404 
2026-07-11 22:51:33,966 [INFO]   ✅ M3U8 bulundu: https://hlssssss-wildflower-4845.ugurdurmus9402.workers.dev/https://corestream.taylandakanzi.help//aspor/tracks-v1a1/mono.m3u8
2026-07-11 22:51:34,967 [INFO] 
[11/14]
2026-07-11 22:51:34,967 [INFO] 🔍 Tivibu Spor 1 → https://atomsportv508.top/matches?id=tivibu-spor-1
2026-07-11 22:51:35,077 [INFO] Capturing request: https://atomsportv508.top/assets/js/clappr.js
2026-07-11 22:51:35,079 [INFO] Capturing request: https://atomsportv508.top/matches?id=tivibu-spor-1
2026-07-11 22:51:35,092 [INFO] Capturing response: https://atomsportv508.top/assets/js/clappr.js 200 
2026-07-11 22:51:35,122 [INFO] Capturing response: https://atomsportv508.top/matches?id=tivibu-spor-1 200 
2026-07-11 22:51:35,130 [INFO] Capturing request: https://atomsportv508.top/cdn-cgi/rum?
2026-07-11 22:51:35,160 [INFO] Capturing request: https://atomsportv508.top/cdn-cgi/rum?
2026-07-11 22:51:35,258 [INFO] Capturing request: https://teletv5.top/load/yayinlink.php?id=tivibu-spor-1
2026-07-11 22:51:35,261 [INFO] Capturing request: https://atomsportv508.top/favicon.ico
2026-07-11 22:51:35,267 [INFO] Capturing response: https://atomsportv508.top/cdn-cgi/rum? 204 
2026-07-11 22:51:35,269 [INFO] Capturing response: https://atomsportv508.top/cdn-cgi/rum? 204 
2026-07-11 22:51:35,305 [INFO] Capturing response: https://atomsportv508.top/favicon.ico 200 
2026-07-11 22:51:35,354 [INFO] Capturing request: https://streamsport365.com/cinema
2026-07-11 22:51:35,542 [INFO] Capturing response: https://teletv5.top/load/yayinlink.php?id=tivibu-spor-1 200 
2026-07-11 22:51:35,611 [INFO] Capturing response: https://streamsport365.com/cinema 200 
2026-07-11 22:51:35,731 [INFO] Capturing request: https://hlssssss-wildflower-4845.ugurdurmus9402.workers.dev/https://corestream.taylandakanzi.help//trtspor/tracks-v1a1/mono.m3u8
2026-07-11 22:51:35,847 [INFO] Capturing response: https://hlssssss-wildflower-4845.ugurdurmus9402.workers.dev/https://corestream.taylandakanzi.help//trtspor/tracks-v1a1/mono.m3u8 200 
2026-07-11 22:51:35,956 [INFO] Capturing request: https://tsss.ugurdurmus9402.workers.dev/trtspor/tracks-v1a1/2026/07/11/22/51/08-10000.avif
2026-07-11 22:51:36,197 [INFO] Capturing response: https://tsss.ugurdurmus9402.workers.dev/trtspor/tracks-v1a1/2026/07/11/22/51/08-10000.avif 200 
2026-07-11 22:51:36,467 [INFO] Capturing request: https://tsss.ugurdurmus9402.workers.dev/trtspor/tracks-v1a1/2026/07/11/22/51/18-10000.avif
2026-07-11 22:51:36,716 [INFO] Capturing response: https://tsss.ugurdurmus9402.workers.dev/trtspor/tracks-v1a1/2026/07/11/22/51/18-10000.avif 200 
2026-07-11 22:51:36,968 [INFO] Capturing request: https://tsss.ugurdurmus9402.workers.dev/trtspor/tracks-v1a1/2026/07/11/22/51/28-10000.avif
2026-07-11 22:51:38,093 [INFO] Capturing response: https://tsss.ugurdurmus9402.workers.dev/trtspor/tracks-v1a1/2026/07/11/22/51/28-10000.avif 200 
2026-07-11 22:51:38,180 [INFO]   ✅ M3U8 bulundu: https://hlssssss-wildflower-4845.ugurdurmus9402.workers.dev/https://corestream.taylandakanzi.help//trtspor/tracks-v1a1/mono.m3u8
2026-07-11 22:51:39,180 [INFO] 
[12/14]
2026-07-11 22:51:39,180 [INFO] 🔍 Tivibu Spor 2 → https://atomsportv508.top/matches?id=tivibu-spor-2
2026-07-11 22:51:39,293 [INFO] Capturing request: https://atomsportv508.top/assets/js/clappr.js
2026-07-11 22:51:39,293 [INFO] Capturing request: https://atomsportv508.top/matches?id=tivibu-spor-2
2026-07-11 22:51:39,311 [INFO] Capturing response: https://atomsportv508.top/assets/js/clappr.js 200 
2026-07-11 22:51:39,341 [INFO] Capturing response: https://atomsportv508.top/matches?id=tivibu-spor-2 200 
2026-07-11 22:51:39,350 [INFO] Capturing request: https://atomsportv508.top/cdn-cgi/rum?
2026-07-11 22:51:39,378 [INFO] Capturing request: https://streamsport365.com/cinema
2026-07-11 22:51:39,385 [INFO] Capturing request: https://atomsportv508.top/cdn-cgi/rum?
2026-07-11 22:51:39,485 [INFO] Capturing request: https://teletv5.top/load/yayinlink.php?id=tivibu-spor-2
2026-07-11 22:51:39,487 [INFO] Capturing request: https://atomsportv508.top/favicon.ico
2026-07-11 22:51:39,492 [INFO] Capturing response: https://atomsportv508.top/cdn-cgi/rum? 204 
2026-07-11 22:51:39,494 [INFO] Capturing response: https://atomsportv508.top/cdn-cgi/rum? 204 
2026-07-11 22:51:39,519 [INFO] Capturing response: https://atomsportv508.top/favicon.ico 200 
2026-07-11 22:51:39,633 [INFO] Capturing response: https://streamsport365.com/cinema 200 
2026-07-11 22:51:39,636 [INFO] Capturing response: https://teletv5.top/load/yayinlink.php?id=tivibu-spor-2 200 
2026-07-11 22:51:39,798 [INFO] Capturing request: https://hlssssss-wildflower-4845.ugurdurmus9402.workers.dev/https://corestream.taylandakanzi.help//trtspor/tracks-v1a1/mono.m3u8
2026-07-11 22:51:39,924 [INFO] Capturing response: https://hlssssss-wildflower-4845.ugurdurmus9402.workers.dev/https://corestream.taylandakanzi.help//trtspor/tracks-v1a1/mono.m3u8 200 
2026-07-11 22:51:40,072 [INFO] Capturing request: https://tsss.ugurdurmus9402.workers.dev/trtspor/tracks-v1a1/2026/07/11/22/51/08-10000.avif
2026-07-11 22:51:40,328 [INFO] Capturing response: https://tsss.ugurdurmus9402.workers.dev/trtspor/tracks-v1a1/2026/07/11/22/51/08-10000.avif 200 
2026-07-11 22:51:40,550 [INFO] Capturing request: https://tsss.ugurdurmus9402.workers.dev/trtspor/tracks-v1a1/2026/07/11/22/51/18-10000.avif
2026-07-11 22:51:40,794 [INFO] Capturing response: https://tsss.ugurdurmus9402.workers.dev/trtspor/tracks-v1a1/2026/07/11/22/51/18-10000.avif 200 
2026-07-11 22:51:41,047 [INFO] Capturing request: https://tsss.ugurdurmus9402.workers.dev/trtspor/tracks-v1a1/2026/07/11/22/51/28-10000.avif
2026-07-11 22:51:41,288 [INFO] Capturing response: https://tsss.ugurdurmus9402.workers.dev/trtspor/tracks-v1a1/2026/07/11/22/51/28-10000.avif 200 
2026-07-11 22:51:42,400 [INFO]   ✅ M3U8 bulundu: https://hlssssss-wildflower-4845.ugurdurmus9402.workers.dev/https://corestream.taylandakanzi.help//trtspor/tracks-v1a1/mono.m3u8
2026-07-11 22:51:43,403 [INFO] 
[13/14]
2026-07-11 22:51:43,403 [INFO] 🔍 Tivibu Spor 3 → https://atomsportv508.top/matches?id=tivibu-spor-3
2026-07-11 22:51:43,518 [INFO] Capturing request: https://atomsportv508.top/matches?id=tivibu-spor-3
2026-07-11 22:51:43,520 [INFO] Capturing request: https://atomsportv508.top/assets/js/clappr.js
2026-07-11 22:51:43,555 [INFO] Capturing response: https://atomsportv508.top/matches?id=tivibu-spor-3 200 
2026-07-11 22:51:43,564 [INFO] Capturing request: https://atomsportv508.top/cdn-cgi/rum?
2026-07-11 22:51:43,571 [INFO] Capturing response: https://atomsportv508.top/assets/js/clappr.js 200 
2026-07-11 22:51:43,599 [INFO] Capturing request: https://atomsportv508.top/cdn-cgi/rum?
2026-07-11 22:51:43,675 [INFO] Capturing response: https://atomsportv508.top/cdn-cgi/rum? 204 
2026-07-11 22:51:43,694 [INFO] Capturing request: https://teletv5.top/load/yayinlink.php?id=tivibu-spor-3
2026-07-11 22:51:43,701 [INFO] Capturing request: https://atomsportv508.top/favicon.ico
2026-07-11 22:51:43,730 [INFO] Capturing response: https://atomsportv508.top/favicon.ico 200 
2026-07-11 22:51:43,748 [INFO] Capturing response: https://atomsportv508.top/cdn-cgi/rum? 204 
2026-07-11 22:51:43,798 [INFO] Capturing request: https://streamsport365.com/cinema
2026-07-11 22:51:43,846 [INFO] Capturing response: https://teletv5.top/load/yayinlink.php?id=tivibu-spor-3 200 
2026-07-11 22:51:44,052 [INFO] Capturing response: https://streamsport365.com/cinema 200 
2026-07-11 22:51:44,171 [INFO] Capturing request: https://hlssssss-wildflower-4845.ugurdurmus9402.workers.dev/https://corestream.taylandakanzi.help//trtspor/tracks-v1a1/mono.m3u8
2026-07-11 22:51:44,289 [INFO] Capturing response: https://hlssssss-wildflower-4845.ugurdurmus9402.workers.dev/https://corestream.taylandakanzi.help//trtspor/tracks-v1a1/mono.m3u8 200 
2026-07-11 22:51:44,398 [INFO] Capturing request: https://tsss.ugurdurmus9402.workers.dev/trtspor/tracks-v1a1/2026/07/11/22/51/18-10000.avif
2026-07-11 22:51:44,649 [INFO] Capturing response: https://tsss.ugurdurmus9402.workers.dev/trtspor/tracks-v1a1/2026/07/11/22/51/18-10000.avif 200 
2026-07-11 22:51:44,876 [INFO] Capturing request: https://tsss.ugurdurmus9402.workers.dev/trtspor/tracks-v1a1/2026/07/11/22/51/28-10000.avif
2026-07-11 22:51:45,097 [INFO] Capturing response: https://tsss.ugurdurmus9402.workers.dev/trtspor/tracks-v1a1/2026/07/11/22/51/28-10000.avif 200 
2026-07-11 22:51:45,343 [INFO] Capturing request: https://tsss.ugurdurmus9402.workers.dev/trtspor/tracks-v1a1/2026/07/11/22/51/38-10000.avif
2026-07-11 22:51:46,438 [INFO] Capturing response: https://tsss.ugurdurmus9402.workers.dev/trtspor/tracks-v1a1/2026/07/11/22/51/38-10000.avif 200 
2026-07-11 22:51:46,616 [INFO]   ✅ M3U8 bulundu: https://hlssssss-wildflower-4845.ugurdurmus9402.workers.dev/https://corestream.taylandakanzi.help//trtspor/tracks-v1a1/mono.m3u8
2026-07-11 22:51:47,617 [INFO] 
[14/14]
2026-07-11 22:51:47,617 [INFO] 🔍 Tivibu Spor 4 → https://atomsportv508.top/matches?id=tivibu-spor-4
2026-07-11 22:51:47,727 [INFO] Capturing request: https://atomsportv508.top/matches?id=tivibu-spor-4
2026-07-11 22:51:47,759 [INFO] Capturing response: https://atomsportv508.top/matches?id=tivibu-spor-4 200 
2026-07-11 22:51:47,767 [INFO] Capturing request: https://atomsportv508.top/cdn-cgi/rum?
2026-07-11 22:51:47,798 [INFO] Capturing request: https://streamsport365.com/cinema
2026-07-11 22:51:47,803 [INFO] Capturing request: https://atomsportv508.top/cdn-cgi/rum?
2026-07-11 22:51:47,894 [INFO] Capturing request: https://teletv5.top/load/yayinlink.php?id=tivibu-spor-4
2026-07-11 22:51:47,903 [INFO] Capturing request: https://atomsportv508.top/favicon.ico
2026-07-11 22:51:47,910 [INFO] Capturing response: https://atomsportv508.top/cdn-cgi/rum? 204 
2026-07-11 22:51:47,912 [INFO] Capturing response: https://atomsportv508.top/cdn-cgi/rum? 204 
2026-07-11 22:51:47,931 [INFO] Capturing response: https://atomsportv508.top/favicon.ico 200 
2026-07-11 22:51:48,045 [INFO] Capturing response: https://streamsport365.com/cinema 200 
2026-07-11 22:51:48,047 [INFO] Capturing response: https://teletv5.top/load/yayinlink.php?id=tivibu-spor-4 200 
2026-07-11 22:51:51,586 [INFO] Capturing request: https://update.googleapis.com/service/update2/json?cup2key=16:GNcGgVYpo-NrINlpezTs3x9zWrYRtWVE0mAqgToNcCI&cup2hreq=a61fad904952e149325e606e495af8cd1d9495eef912d80d3cfdd6e63217d19f
2026-07-11 22:51:51,611 [INFO] Capturing response: https://update.googleapis.com/service/update2/json?cup2key=16:GNcGgVYpo-NrINlpezTs3x9zWrYRtWVE0mAqgToNcCI&cup2hreq=a61fad904952e149325e606e495af8cd1d9495eef912d80d3cfdd6e63217d19f 200 
2026-07-11 22:51:51,617 [INFO] Capturing request: http://edgedl.me.gvt1.com/edgedl/diffgen-puffin/gcmjkmgdlgnkkcocmoeiminaijmmjnii/df2a22d5ecc7788c3330ebd5f856b41531c74f412a01ed7453d11284708009fe
2026-07-11 22:51:51,632 [INFO] Capturing response: http://edgedl.me.gvt1.com/edgedl/diffgen-puffin/gcmjkmgdlgnkkcocmoeiminaijmmjnii/df2a22d5ecc7788c3330ebd5f856b41531c74f412a01ed7453d11284708009fe 200 OK
2026-07-11 22:51:51,660 [INFO] Capturing request: https://update.googleapis.com/service/update2/json
2026-07-11 22:51:51,683 [INFO] Capturing response: https://update.googleapis.com/service/update2/json 200 
2026-07-11 22:51:51,727 [INFO] Capturing request: http://edgedl.me.gvt1.com/edgedl/release2/chrome_component/ejt2czerdoyw4bq2kwpj6b2isa_10642/hfnkpimlhhgieaddgfemjhofmfblmnib_10642_all_f6bbpjsaazapopepl24oytcfha.crx3
2026-07-11 22:51:51,748 [INFO] Capturing response: http://edgedl.me.gvt1.com/edgedl/release2/chrome_component/ejt2czerdoyw4bq2kwpj6b2isa_10642/hfnkpimlhhgieaddgfemjhofmfblmnib_10642_all_f6bbpjsaazapopepl24oytcfha.crx3 200 OK
2026-07-11 22:51:51,777 [INFO] Capturing request: https://update.googleapis.com/service/update2/json
2026-07-11 22:51:51,799 [INFO] Capturing response: https://update.googleapis.com/service/update2/json 200 
2026-07-11 22:52:09,952 [INFO] Capturing request: https://android.clients.google.com/c2dm/register3
2026-07-11 22:52:09,989 [INFO] Capturing response: https://android.clients.google.com/c2dm/register3 301 
2026-07-11 22:52:21,091 [WARNING]   ❌ Tivibu Spor 4 için M3U8 bulunamadı
2026-07-11 22:52:22,156 [INFO] ✅ 13 kanal bulundu, playlist.m3u kaydedildi
