2026-06-21 23:52:23,846 [INFO] 🌐 BASE_URL: https://atomsportv508.top
2026-06-21 23:52:24,708 [INFO] Başlanıyor... 14 kanal taranacak
2026-06-21 23:52:24,708 [INFO] Using default request storage
2026-06-21 23:52:24,713 [INFO] Created proxy listening on 127.0.0.1:40373
2026-06-21 23:52:25,378 [INFO] Capturing request: http://clients2.google.com/time/1/current?cup2key=10:dglagLruWdB1v10SL9vqO13Qz03ua3U7ru1_KwAH_ik&cup2hreq=e3b0c44298fc1c149afbf4c8996fb92427ae41e4649b934ca495991b7852b855
2026-06-21 23:52:25,406 [INFO] Capturing response: http://clients2.google.com/time/1/current?cup2key=10:dglagLruWdB1v10SL9vqO13Qz03ua3U7ru1_KwAH_ik&cup2hreq=e3b0c44298fc1c149afbf4c8996fb92427ae41e4649b934ca495991b7852b855 200 OK
2026-06-21 23:52:25,543 [INFO] 
[1/14]
2026-06-21 23:52:25,543 [INFO] 🔍 beIN Sports 1 → https://atomsportv508.top/matches?id=bein-sports-1
2026-06-21 23:52:25,583 [INFO] Capturing request: https://accounts.google.com/ListAccounts?gpsia=1&source=ChromiumBrowser&json=standard&laf=b64bin
2026-06-21 23:52:25,594 [INFO] Capturing request: https://update.googleapis.com/service/update2/json?cup2key=16:3C3yYVoDjbothTxiHZeFTyvdjjnOpkn6pYNopTPdxEA&cup2hreq=2926889d381285adb0fc850e07aa7c706f13347bf0011d316b28fe8eb3a1895c
2026-06-21 23:52:25,639 [INFO] Capturing response: https://accounts.google.com/ListAccounts?gpsia=1&source=ChromiumBrowser&json=standard&laf=b64bin 200 
2026-06-21 23:52:25,642 [INFO] Capturing response: https://update.googleapis.com/service/update2/json?cup2key=16:3C3yYVoDjbothTxiHZeFTyvdjjnOpkn6pYNopTPdxEA&cup2hreq=2926889d381285adb0fc850e07aa7c706f13347bf0011d316b28fe8eb3a1895c 200 
2026-06-21 23:52:25,688 [INFO] Capturing request: https://update.googleapis.com/service/update2/json?cup2key=16:ybAdPk1lDDfCJ6-DnQFjM94AeIcXZVjb1sKZdugfFVM&cup2hreq=bf23f0ec14259138f54bf2077d0659b38218edc5b0cc4d08f6aa6958381cd013
2026-06-21 23:52:25,710 [INFO] Capturing request: https://atomsportv508.top/matches?id=bein-sports-1
2026-06-21 23:52:25,714 [INFO] Capturing response: https://update.googleapis.com/service/update2/json?cup2key=16:ybAdPk1lDDfCJ6-DnQFjM94AeIcXZVjb1sKZdugfFVM&cup2hreq=bf23f0ec14259138f54bf2077d0659b38218edc5b0cc4d08f6aa6958381cd013 200 
2026-06-21 23:52:25,877 [INFO] Capturing response: https://atomsportv508.top/matches?id=bein-sports-1 200 
2026-06-21 23:52:25,928 [INFO] Capturing request: https://www.google.com/async/folae?async=_fmt:pb&udm=50&client_locale=en-US&client_country=ZZ
2026-06-21 23:52:25,949 [INFO] Capturing response: https://www.google.com/async/folae?async=_fmt:pb&udm=50&client_locale=en-US&client_country=ZZ 200 
2026-06-21 23:52:26,029 [INFO] Capturing request: https://atomsportv508.top/assets/js/clappr.js
2026-06-21 23:52:26,069 [INFO] Capturing response: https://atomsportv508.top/assets/js/clappr.js 200 
2026-06-21 23:52:26,080 [INFO] Capturing request: https://cdnjs.cloudflare.com/ajax/libs/jquery/3.2.1/jquery.min.js
2026-06-21 23:52:26,090 [INFO] Capturing request: https://cdn.jsdelivr.net/npm/@clappr/player@latest/dist/clappr.min.js
2026-06-21 23:52:26,097 [INFO] Capturing response: https://cdnjs.cloudflare.com/ajax/libs/jquery/3.2.1/jquery.min.js 200 
2026-06-21 23:52:26,110 [INFO] Capturing response: https://cdn.jsdelivr.net/npm/@clappr/player@latest/dist/clappr.min.js 200 
2026-06-21 23:52:26,297 [INFO] Capturing request: https://static.cloudflareinsights.com/beacon.min.js/v833ccba57c9e4d2798f2e76cebdd09a11778172276447
2026-06-21 23:52:26,320 [INFO] Capturing response: https://static.cloudflareinsights.com/beacon.min.js/v833ccba57c9e4d2798f2e76cebdd09a11778172276447 200 
2026-06-21 23:52:26,381 [INFO] Capturing request: https://atomsportv508.top/cdn-cgi/rum?
2026-06-21 23:52:26,484 [INFO] Capturing request: https://atomsportv508.top/favicon.ico
2026-06-21 23:52:26,536 [INFO] Capturing response: https://atomsportv508.top/cdn-cgi/rum? 204 
2026-06-21 23:52:26,544 [INFO] Capturing request: https://teletv5.top/load/yayinlink.php?id=bein-sports-1
2026-06-21 23:52:26,548 [INFO] Capturing response: https://atomsportv508.top/favicon.ico 200 
2026-06-21 23:52:26,841 [INFO] Capturing response: https://teletv5.top/load/yayinlink.php?id=bein-sports-1 200 
2026-06-21 23:52:26,933 [INFO] Capturing request: https://streamsport365.com/cinema
2026-06-21 23:52:27,189 [INFO] Capturing response: https://streamsport365.com/cinema 200 
2026-06-21 23:52:27,319 [INFO] Capturing request: https://atomsportv508.top/assets/img/player_logo_6880e4e4c52ee.png
2026-06-21 23:52:27,369 [INFO] Capturing response: https://atomsportv508.top/assets/img/player_logo_6880e4e4c52ee.png 200 
2026-06-21 23:52:27,442 [INFO] Capturing request: https://hlssssssssssssssssss.yedeklinksa35.workers.dev/https://corestream.ronaldovurdu.help//aspor/tracks-v1a1/mono.m3u8
2026-06-21 23:52:27,574 [INFO] Capturing response: https://hlssssssssssssssssss.yedeklinksa35.workers.dev/https://corestream.ronaldovurdu.help//aspor/tracks-v1a1/mono.m3u8 200 
2026-06-21 23:52:27,788 [INFO] Capturing request: https://ts.yedeklinksa35.workers.dev/aspor/tracks-v1a1/2026/06/21/23/52/35-06000.avif
2026-06-21 23:52:28,193 [INFO] Capturing response: https://ts.yedeklinksa35.workers.dev/aspor/tracks-v1a1/2026/06/21/23/52/35-06000.avif 200 
2026-06-21 23:52:28,355 [INFO] Capturing request: https://android.clients.google.com/checkin
2026-06-21 23:52:28,456 [INFO] Capturing response: https://android.clients.google.com/checkin 200 
2026-06-21 23:52:28,468 [INFO] Capturing request: https://ts.yedeklinksa35.workers.dev/aspor/tracks-v1a1/2026/06/21/23/52/41-06000.avif
2026-06-21 23:52:28,509 [INFO] Capturing request: https://android.clients.google.com/c2dm/register3
2026-06-21 23:52:28,516 [INFO] Capturing request: https://android.clients.google.com/c2dm/register3
2026-06-21 23:52:28,516 [INFO] Capturing request: https://android.clients.google.com/c2dm/register3
2026-06-21 23:52:28,558 [INFO] Capturing response: https://android.clients.google.com/c2dm/register3 200 
2026-06-21 23:52:28,566 [INFO] Capturing response: https://android.clients.google.com/c2dm/register3 200 
2026-06-21 23:52:28,571 [INFO] Capturing response: https://android.clients.google.com/c2dm/register3 200 
2026-06-21 23:52:28,800 [INFO] Capturing response: https://ts.yedeklinksa35.workers.dev/aspor/tracks-v1a1/2026/06/21/23/52/41-06000.avif 200 
2026-06-21 23:52:29,014 [INFO] Capturing request: https://ts.yedeklinksa35.workers.dev/aspor/tracks-v1a1/2026/06/21/23/52/47-06000.avif
2026-06-21 23:52:29,411 [INFO]   ✅ M3U8 bulundu: https://hlssssssssssssssssss.yedeklinksa35.workers.dev/https://corestream.ronaldovurdu.help//aspor/tracks-v1a1/mono.m3u8
2026-06-21 23:52:29,465 [INFO] Capturing response: https://ts.yedeklinksa35.workers.dev/aspor/tracks-v1a1/2026/06/21/23/52/47-06000.avif 200 
2026-06-21 23:52:30,412 [INFO] 
[2/14]
2026-06-21 23:52:30,412 [INFO] 🔍 beIN Sports 2 → https://atomsportv508.top/matches?id=bein-sports-2
2026-06-21 23:52:30,526 [INFO] Capturing request: https://atomsportv508.top/matches?id=bein-sports-2
2026-06-21 23:52:30,562 [INFO] Capturing response: https://atomsportv508.top/matches?id=bein-sports-2 200 
2026-06-21 23:52:30,573 [INFO] Capturing request: https://atomsportv508.top/cdn-cgi/rum?
2026-06-21 23:52:30,622 [INFO] Capturing request: https://streamsport365.com/cinema
2026-06-21 23:52:30,624 [INFO] Capturing request: https://atomsportv508.top/cdn-cgi/rum?
2026-06-21 23:52:30,724 [INFO] Capturing request: https://teletv5.top/load/yayinlink.php?id=bein-sports-2
2026-06-21 23:52:30,726 [INFO] Capturing request: https://atomsportv508.top/favicon.ico
2026-06-21 23:52:30,728 [INFO] Capturing response: https://atomsportv508.top/cdn-cgi/rum? 204 
2026-06-21 23:52:30,775 [INFO] Capturing response: https://atomsportv508.top/cdn-cgi/rum? 204 
2026-06-21 23:52:30,793 [INFO] Capturing response: https://atomsportv508.top/favicon.ico 200 
2026-06-21 23:52:30,867 [INFO] Capturing response: https://streamsport365.com/cinema 200 
2026-06-21 23:52:30,871 [INFO] Capturing response: https://teletv5.top/load/yayinlink.php?id=bein-sports-2 200 
2026-06-21 23:52:30,993 [INFO] Capturing request: https://hlssssssssssssssssss.yedeklinksa35.workers.dev/https://corestream.ronaldovurdu.help//bein2/tracks-v1a1/mono.m3u8
2026-06-21 23:52:31,116 [INFO] Capturing response: https://hlssssssssssssssssss.yedeklinksa35.workers.dev/https://corestream.ronaldovurdu.help//bein2/tracks-v1a1/mono.m3u8 200 
2026-06-21 23:52:31,226 [INFO] Capturing request: https://ts.yedeklinksa35.workers.dev/bein2/tracks-v1a1/2026/06/21/23/52/04-10000.avif
2026-06-21 23:52:31,534 [INFO] Capturing response: https://ts.yedeklinksa35.workers.dev/bein2/tracks-v1a1/2026/06/21/23/52/04-10000.avif 200 
2026-06-21 23:52:31,745 [INFO] Capturing request: https://ts.yedeklinksa35.workers.dev/bein2/tracks-v1a1/2026/06/21/23/52/14-10000.avif
2026-06-21 23:52:32,070 [INFO] Capturing response: https://ts.yedeklinksa35.workers.dev/bein2/tracks-v1a1/2026/06/21/23/52/14-10000.avif 200 
2026-06-21 23:52:32,272 [INFO] Capturing request: https://ts.yedeklinksa35.workers.dev/bein2/tracks-v1a1/2026/06/21/23/52/24-10000.avif
2026-06-21 23:52:32,598 [INFO] Capturing response: https://ts.yedeklinksa35.workers.dev/bein2/tracks-v1a1/2026/06/21/23/52/24-10000.avif 200 
2026-06-21 23:52:33,642 [INFO]   ✅ M3U8 bulundu: https://hlssssssssssssssssss.yedeklinksa35.workers.dev/https://corestream.ronaldovurdu.help//bein2/tracks-v1a1/mono.m3u8
2026-06-21 23:52:34,643 [INFO] 
[3/14]
2026-06-21 23:52:34,643 [INFO] 🔍 beIN Sports 3 → https://atomsportv508.top/matches?id=bein-sports-3
2026-06-21 23:52:34,754 [INFO] Capturing request: https://atomsportv508.top/assets/js/clappr.js
2026-06-21 23:52:34,757 [INFO] Capturing request: https://atomsportv508.top/matches?id=bein-sports-3
2026-06-21 23:52:34,769 [INFO] Capturing response: https://atomsportv508.top/assets/js/clappr.js 200 
2026-06-21 23:52:34,810 [INFO] Capturing response: https://atomsportv508.top/matches?id=bein-sports-3 200 
2026-06-21 23:52:34,819 [INFO] Capturing request: https://atomsportv508.top/cdn-cgi/rum?
2026-06-21 23:52:34,846 [INFO] Capturing request: https://atomsportv508.top/cdn-cgi/rum?
2026-06-21 23:52:34,947 [INFO] Capturing request: https://teletv5.top/load/yayinlink.php?id=bein-sports-3
2026-06-21 23:52:34,951 [INFO] Capturing request: https://atomsportv508.top/favicon.ico
2026-06-21 23:52:34,953 [INFO] Capturing response: https://atomsportv508.top/cdn-cgi/rum? 204 
2026-06-21 23:52:34,955 [INFO] Capturing response: https://atomsportv508.top/cdn-cgi/rum? 204 
2026-06-21 23:52:35,001 [INFO] Capturing response: https://atomsportv508.top/favicon.ico 200 
2026-06-21 23:52:35,042 [INFO] Capturing request: https://streamsport365.com/cinema
2026-06-21 23:52:35,221 [INFO] Capturing response: https://teletv5.top/load/yayinlink.php?id=bein-sports-3 200 
2026-06-21 23:52:35,288 [INFO] Capturing response: https://streamsport365.com/cinema 200 
2026-06-21 23:52:48,801 [INFO] Capturing request: https://android.clients.google.com/c2dm/register3
2026-06-21 23:52:48,844 [INFO] Capturing response: https://android.clients.google.com/c2dm/register3 301 
2026-06-21 23:52:50,190 [INFO] Capturing request: https://android.clients.google.com/c2dm/register3
2026-06-21 23:52:50,707 [INFO] Capturing response: https://android.clients.google.com/c2dm/register3 200 
2026-06-21 23:52:54,747 [INFO] Capturing request: https://android.clients.google.com/c2dm/register3
2026-06-21 23:52:55,057 [INFO] Capturing response: https://android.clients.google.com/c2dm/register3 200 
2026-06-21 23:53:08,172 [WARNING]   ❌ beIN Sports 3 için M3U8 bulunamadı
2026-06-21 23:53:09,172 [INFO] 
[4/14]
2026-06-21 23:53:09,172 [INFO] 🔍 beIN Sports 4 → https://atomsportv508.top/matches?id=bein-sports-4
2026-06-21 23:53:09,281 [INFO] Capturing request: https://atomsportv508.top/assets/js/clappr.js
2026-06-21 23:53:09,283 [INFO] Capturing request: https://atomsportv508.top/matches?id=bein-sports-4
2026-06-21 23:53:09,302 [INFO] Capturing response: https://atomsportv508.top/assets/js/clappr.js 200 
2026-06-21 23:53:09,797 [INFO] Capturing response: https://atomsportv508.top/matches?id=bein-sports-4 200 
2026-06-21 23:53:09,808 [INFO] Capturing request: https://atomsportv508.top/cdn-cgi/rum?
2026-06-21 23:53:09,832 [INFO] Capturing request: https://atomsportv508.top/cdn-cgi/rum?
2026-06-21 23:53:09,931 [INFO] Capturing request: https://teletv5.top/load/yayinlink.php?id=bein-sports-4
2026-06-21 23:53:09,936 [INFO] Capturing request: https://atomsportv508.top/favicon.ico
2026-06-21 23:53:09,940 [INFO] Capturing response: https://atomsportv508.top/cdn-cgi/rum? 204 
2026-06-21 23:53:09,942 [INFO] Capturing response: https://atomsportv508.top/cdn-cgi/rum? 204 
2026-06-21 23:53:09,971 [INFO] Capturing response: https://atomsportv508.top/favicon.ico 200 
2026-06-21 23:53:10,030 [INFO] Capturing request: https://streamsport365.com/cinema
2026-06-21 23:53:10,085 [INFO] Capturing response: https://teletv5.top/load/yayinlink.php?id=bein-sports-4 200 
2026-06-21 23:53:10,272 [INFO] Capturing response: https://streamsport365.com/cinema 200 
2026-06-21 23:53:25,382 [INFO] Capturing request: https://update.googleapis.com/service/update2/json?cup2key=16:g-wbnsXpbbHs239X2UJjTWGI3FJeXC9PbKO4H4v0jCA&cup2hreq=35769b8fb0ab5ca36b932f79bb6307f6dcb13f0fdd621c0704217bf4603194ee
2026-06-21 23:53:25,406 [INFO] Capturing response: https://update.googleapis.com/service/update2/json?cup2key=16:g-wbnsXpbbHs239X2UJjTWGI3FJeXC9PbKO4H4v0jCA&cup2hreq=35769b8fb0ab5ca36b932f79bb6307f6dcb13f0fdd621c0704217bf4603194ee 200 
2026-06-21 23:53:25,412 [INFO] Capturing request: http://edgedl.me.gvt1.com/edgedl/diffgen-puffin/gcmjkmgdlgnkkcocmoeiminaijmmjnii/df2a22d5ecc7788c3330ebd5f856b41531c74f412a01ed7453d11284708009fe
2026-06-21 23:53:25,425 [INFO] Capturing response: http://edgedl.me.gvt1.com/edgedl/diffgen-puffin/gcmjkmgdlgnkkcocmoeiminaijmmjnii/df2a22d5ecc7788c3330ebd5f856b41531c74f412a01ed7453d11284708009fe 200 OK
2026-06-21 23:53:25,451 [INFO] Capturing request: https://update.googleapis.com/service/update2/json
2026-06-21 23:53:25,473 [INFO] Capturing response: https://update.googleapis.com/service/update2/json 200 
2026-06-21 23:53:25,518 [INFO] Capturing request: http://edgedl.me.gvt1.com/edgedl/release2/chrome_component/kpd4k34bdnayc4apdnuczkq4ge_10599/hfnkpimlhhgieaddgfemjhofmfblmnib_10599_all_l6vlhwcjfjc556se4wv67p4dx4.crx3
2026-06-21 23:53:25,536 [INFO] Capturing response: http://edgedl.me.gvt1.com/edgedl/release2/chrome_component/kpd4k34bdnayc4apdnuczkq4ge_10599/hfnkpimlhhgieaddgfemjhofmfblmnib_10599_all_l6vlhwcjfjc556se4wv67p4dx4.crx3 200 OK
2026-06-21 23:53:25,566 [INFO] Capturing request: https://update.googleapis.com/service/update2/json
2026-06-21 23:53:25,589 [INFO] Capturing response: https://update.googleapis.com/service/update2/json 200 
2026-06-21 23:53:32,462 [INFO] Capturing request: https://android.clients.google.com/c2dm/register3
2026-06-21 23:53:32,503 [INFO] Capturing response: https://android.clients.google.com/c2dm/register3 301 
2026-06-21 23:53:43,130 [WARNING]   ❌ beIN Sports 4 için M3U8 bulunamadı
2026-06-21 23:53:44,130 [INFO] 
[5/14]
2026-06-21 23:53:44,130 [INFO] 🔍 beIN Sports 5 → https://atomsportv508.top/matches?id=bein-sports-5
2026-06-21 23:53:44,291 [INFO] Capturing request: https://atomsportv508.top/matches?id=bein-sports-5
2026-06-21 23:53:44,295 [INFO] Capturing request: https://atomsportv508.top/assets/js/clappr.js
2026-06-21 23:53:44,318 [INFO] Capturing response: https://atomsportv508.top/assets/js/clappr.js 200 
2026-06-21 23:53:44,746 [INFO] Capturing response: https://atomsportv508.top/matches?id=bein-sports-5 200 
2026-06-21 23:53:44,755 [INFO] Capturing request: https://atomsportv508.top/cdn-cgi/rum?
2026-06-21 23:53:44,786 [INFO] Capturing request: https://atomsportv508.top/cdn-cgi/rum?
2026-06-21 23:53:44,890 [INFO] Capturing request: https://atomsportv508.top/favicon.ico
2026-06-21 23:53:44,903 [INFO] Capturing response: https://atomsportv508.top/cdn-cgi/rum? 204 
2026-06-21 23:53:44,905 [INFO] Capturing response: https://atomsportv508.top/cdn-cgi/rum? 204 
2026-06-21 23:53:44,919 [INFO] Capturing request: https://teletv5.top/load/yayinlink.php?id=bein-sports-5
2026-06-21 23:53:44,924 [INFO] Capturing response: https://atomsportv508.top/favicon.ico 200 
2026-06-21 23:53:45,254 [INFO] Capturing response: https://teletv5.top/load/yayinlink.php?id=bein-sports-5 200 
2026-06-21 23:53:45,317 [INFO] Capturing request: https://streamsport365.com/cinema
2026-06-21 23:53:45,564 [INFO] Capturing response: https://streamsport365.com/cinema 200 
2026-06-21 23:54:18,060 [WARNING]   ❌ beIN Sports 5 için M3U8 bulunamadı
2026-06-21 23:54:19,061 [INFO] 
[6/14]
2026-06-21 23:54:19,061 [INFO] 🔍 beIN Sports Max 1 → https://atomsportv508.top/matches?id=bein-sports-max-1
2026-06-21 23:54:19,169 [INFO] Capturing request: https://atomsportv508.top/assets/js/clappr.js
2026-06-21 23:54:19,171 [INFO] Capturing request: https://atomsportv508.top/matches?id=bein-sports-max-1
2026-06-21 23:54:19,191 [INFO] Capturing response: https://atomsportv508.top/assets/js/clappr.js 200 
2026-06-21 23:54:19,422 [INFO] Capturing response: https://atomsportv508.top/matches?id=bein-sports-max-1 200 
2026-06-21 23:54:19,432 [INFO] Capturing request: https://atomsportv508.top/cdn-cgi/rum?
2026-06-21 23:54:19,460 [INFO] Capturing request: https://atomsportv508.top/cdn-cgi/rum?
2026-06-21 23:54:19,541 [INFO] Capturing response: https://atomsportv508.top/cdn-cgi/rum? 204 
2026-06-21 23:54:19,558 [INFO] Capturing request: https://teletv5.top/load/yayinlink.php?id=bein-sports-max-1
2026-06-21 23:54:19,562 [INFO] Capturing request: https://atomsportv508.top/favicon.ico
2026-06-21 23:54:19,593 [INFO] Capturing response: https://atomsportv508.top/favicon.ico 200 
2026-06-21 23:54:19,611 [INFO] Capturing response: https://atomsportv508.top/cdn-cgi/rum? 204 
2026-06-21 23:54:19,654 [INFO] Capturing request: https://streamsport365.com/cinema
2026-06-21 23:54:19,724 [INFO] Capturing response: https://teletv5.top/load/yayinlink.php?id=bein-sports-max-1 200 
2026-06-21 23:54:19,906 [INFO] Capturing response: https://streamsport365.com/cinema 200 
2026-06-21 23:54:52,739 [WARNING]   ❌ beIN Sports Max 1 için M3U8 bulunamadı
2026-06-21 23:54:53,715 [INFO] Capturing request: https://android.clients.google.com/c2dm/register3
2026-06-21 23:54:53,739 [INFO] 
[7/14]
2026-06-21 23:54:53,739 [INFO] 🔍 beIN Sports Max 2 → https://atomsportv508.top/matches?id=bein-sports-max-2
2026-06-21 23:54:53,755 [INFO] Capturing response: https://android.clients.google.com/c2dm/register3 301 
2026-06-21 23:54:53,849 [INFO] Capturing request: https://atomsportv508.top/matches?id=bein-sports-max-2
2026-06-21 23:54:54,080 [INFO] Capturing response: https://atomsportv508.top/matches?id=bein-sports-max-2 200 
2026-06-21 23:54:54,088 [INFO] Capturing request: https://atomsportv508.top/cdn-cgi/rum?
2026-06-21 23:54:54,151 [INFO] Capturing request: https://atomsportv508.top/cdn-cgi/rum?
2026-06-21 23:54:54,251 [INFO] Capturing request: https://teletv5.top/load/yayinlink.php?id=bein-sports-max-2
2026-06-21 23:54:54,253 [INFO] Capturing response: https://atomsportv508.top/cdn-cgi/rum? 204 
2026-06-21 23:54:54,254 [INFO] Capturing request: https://atomsportv508.top/favicon.ico
2026-06-21 23:54:54,291 [INFO] Capturing response: https://atomsportv508.top/favicon.ico 200 
2026-06-21 23:54:54,301 [INFO] Capturing response: https://atomsportv508.top/cdn-cgi/rum? 204 
2026-06-21 23:54:54,352 [INFO] Capturing request: https://streamsport365.com/cinema
2026-06-21 23:54:54,418 [INFO] Capturing response: https://teletv5.top/load/yayinlink.php?id=bein-sports-max-2 200 
2026-06-21 23:54:54,611 [INFO] Capturing response: https://streamsport365.com/cinema 200 
2026-06-21 23:55:27,408 [WARNING]   ❌ beIN Sports Max 2 için M3U8 bulunamadı
2026-06-21 23:55:28,408 [INFO] 
[8/14]
2026-06-21 23:55:28,408 [INFO] 🔍 S Sport → https://atomsportv508.top/matches?id=s-sport
2026-06-21 23:55:28,517 [INFO] Capturing request: https://atomsportv508.top/assets/js/clappr.js
2026-06-21 23:55:28,519 [INFO] Capturing request: https://atomsportv508.top/matches?id=s-sport
2026-06-21 23:55:28,538 [INFO] Capturing response: https://atomsportv508.top/assets/js/clappr.js 200 
2026-06-21 23:55:28,764 [INFO] Capturing response: https://atomsportv508.top/matches?id=s-sport 200 
2026-06-21 23:55:28,773 [INFO] Capturing request: https://atomsportv508.top/cdn-cgi/rum?
2026-06-21 23:55:28,811 [INFO] Capturing request: https://atomsportv508.top/cdn-cgi/rum?
2026-06-21 23:55:28,882 [INFO] Capturing response: https://atomsportv508.top/cdn-cgi/rum? 204 
2026-06-21 23:55:28,906 [INFO] Capturing request: https://teletv5.top/load/yayinlink.php?id=s-sport
2026-06-21 23:55:28,914 [INFO] Capturing request: https://atomsportv508.top/favicon.ico
2026-06-21 23:55:28,929 [INFO] Capturing response: https://teletv5.top/load/yayinlink.php?id=s-sport 200 
2026-06-21 23:55:28,951 [INFO] Capturing response: https://atomsportv508.top/favicon.ico 200 
2026-06-21 23:55:28,962 [INFO] Capturing response: https://atomsportv508.top/cdn-cgi/rum? 204 
2026-06-21 23:55:29,004 [INFO] Capturing request: https://streamsport365.com/cinema
2026-06-21 23:55:29,245 [INFO] Capturing response: https://streamsport365.com/cinema 200 
2026-06-21 23:55:29,396 [INFO] Capturing request: https://hlssssssssssssssssss.yedeklinksa35.workers.dev/https://corestream.ronaldovurdu.help//s-sportt/tracks-v1a1/mono.m3u8
2026-06-21 23:55:29,543 [INFO] Capturing response: https://hlssssssssssssssssss.yedeklinksa35.workers.dev/https://corestream.ronaldovurdu.help//s-sportt/tracks-v1a1/mono.m3u8 200 
2026-06-21 23:55:29,724 [INFO] Capturing request: https://ts.yedeklinksa35.workers.dev/s-sportt/tracks-v1a1/2026/06/21/23/55/09-05000.avif
2026-06-21 23:55:30,175 [INFO] Capturing response: https://ts.yedeklinksa35.workers.dev/s-sportt/tracks-v1a1/2026/06/21/23/55/09-05000.avif 200 
2026-06-21 23:55:30,387 [INFO] Capturing request: https://ts.yedeklinksa35.workers.dev/s-sportt/tracks-v1a1/2026/06/21/23/55/14-07020.avif
2026-06-21 23:55:30,831 [INFO] Capturing response: https://ts.yedeklinksa35.workers.dev/s-sportt/tracks-v1a1/2026/06/21/23/55/14-07020.avif 200 
2026-06-21 23:55:31,046 [INFO] Capturing request: https://ts.yedeklinksa35.workers.dev/s-sportt/tracks-v1a1/2026/06/21/23/55/21-05000.avif
2026-06-21 23:55:31,429 [INFO] Capturing response: https://ts.yedeklinksa35.workers.dev/s-sportt/tracks-v1a1/2026/06/21/23/55/21-05000.avif 200 
2026-06-21 23:55:31,640 [INFO] Capturing request: https://ts.yedeklinksa35.workers.dev/s-sportt/tracks-v1a1/2026/06/21/23/55/26-05000.avif
2026-06-21 23:55:31,854 [INFO]   ✅ M3U8 bulundu: https://hlssssssssssssssssss.yedeklinksa35.workers.dev/https://corestream.ronaldovurdu.help//s-sportt/tracks-v1a1/mono.m3u8
2026-06-21 23:55:31,964 [INFO] Capturing response: https://ts.yedeklinksa35.workers.dev/s-sportt/tracks-v1a1/2026/06/21/23/55/26-05000.avif 200 
2026-06-21 23:55:32,854 [INFO] 
[9/14]
2026-06-21 23:55:32,855 [INFO] 🔍 S Sport 2 → https://atomsportv508.top/matches?id=s-sport-2
2026-06-21 23:55:32,965 [INFO] Capturing request: https://atomsportv508.top/assets/js/clappr.js
2026-06-21 23:55:32,966 [INFO] Capturing request: https://atomsportv508.top/matches?id=s-sport-2
2026-06-21 23:55:32,985 [INFO] Capturing response: https://atomsportv508.top/assets/js/clappr.js 200 
2026-06-21 23:55:33,020 [INFO] Capturing response: https://atomsportv508.top/matches?id=s-sport-2 200 
2026-06-21 23:55:33,029 [INFO] Capturing request: https://atomsportv508.top/cdn-cgi/rum?
2026-06-21 23:55:33,062 [INFO] Capturing request: https://streamsport365.com/cinema
2026-06-21 23:55:33,070 [INFO] Capturing request: https://atomsportv508.top/cdn-cgi/rum?
2026-06-21 23:55:33,163 [INFO] Capturing request: https://teletv5.top/load/yayinlink.php?id=s-sport-2
2026-06-21 23:55:33,177 [INFO] Capturing request: https://atomsportv508.top/favicon.ico
2026-06-21 23:55:33,180 [INFO] Capturing response: https://atomsportv508.top/cdn-cgi/rum? 204 
2026-06-21 23:55:33,182 [INFO] Capturing response: https://atomsportv508.top/cdn-cgi/rum? 204 
2026-06-21 23:55:33,188 [INFO] Capturing response: https://teletv5.top/load/yayinlink.php?id=s-sport-2 200 
2026-06-21 23:55:33,213 [INFO] Capturing response: https://atomsportv508.top/favicon.ico 200 
2026-06-21 23:55:33,316 [INFO] Capturing response: https://streamsport365.com/cinema 200 
2026-06-21 23:55:33,435 [INFO] Capturing request: https://hlssssssssssssssssss.yedeklinksa35.workers.dev/https://corestream.ronaldovurdu.help//s-sport2/tracks-v1a1/mono.m3u8
2026-06-21 23:55:33,562 [INFO] Capturing response: https://hlssssssssssssssssss.yedeklinksa35.workers.dev/https://corestream.ronaldovurdu.help//s-sport2/tracks-v1a1/mono.m3u8 200 
2026-06-21 23:55:33,671 [INFO] Capturing request: https://ts.yedeklinksa35.workers.dev/s-sport2/tracks-v1a1/2026/06/21/23/55/42-19856.avif
2026-06-21 23:55:33,790 [INFO] Capturing response: https://ts.yedeklinksa35.workers.dev/s-sport2/tracks-v1a1/2026/06/21/23/55/42-19856.avif 404 
2026-06-21 23:55:33,897 [INFO] Capturing request: https://ts.yedeklinksa35.workers.dev/s-sport2/tracks-v1a1/2026/06/21/23/56/02-19771.avif
2026-06-21 23:55:34,292 [INFO] Capturing response: https://ts.yedeklinksa35.workers.dev/s-sport2/tracks-v1a1/2026/06/21/23/56/02-19771.avif 200 
2026-06-21 23:55:35,237 [INFO] Capturing request: https://ts.yedeklinksa35.workers.dev/s-sport2/tracks-v1a1/2026/06/21/23/56/22-19920.avif
2026-06-21 23:55:35,629 [INFO] Capturing response: https://ts.yedeklinksa35.workers.dev/s-sport2/tracks-v1a1/2026/06/21/23/56/22-19920.avif 200 
2026-06-21 23:55:36,096 [INFO]   ✅ M3U8 bulundu: https://hlssssssssssssssssss.yedeklinksa35.workers.dev/https://corestream.ronaldovurdu.help//s-sport2/tracks-v1a1/mono.m3u8
2026-06-21 23:55:37,096 [INFO] 
[10/14]
2026-06-21 23:55:37,096 [INFO] 🔍 A Spor → https://atomsportv508.top/matches?id=a-spor
2026-06-21 23:55:37,208 [INFO] Capturing request: https://atomsportv508.top/matches?id=a-spor
2026-06-21 23:55:37,209 [INFO] Capturing request: https://atomsportv508.top/assets/js/clappr.js
2026-06-21 23:55:37,255 [INFO] Capturing response: https://atomsportv508.top/matches?id=a-spor 200 
2026-06-21 23:55:37,267 [INFO] Capturing request: https://atomsportv508.top/cdn-cgi/rum?
2026-06-21 23:55:37,271 [INFO] Capturing response: https://atomsportv508.top/assets/js/clappr.js 200 
2026-06-21 23:55:37,306 [INFO] Capturing request: https://atomsportv508.top/cdn-cgi/rum?
2026-06-21 23:55:37,399 [INFO] Capturing request: https://teletv5.top/load/yayinlink.php?id=a-spor
2026-06-21 23:55:37,415 [INFO] Capturing request: https://atomsportv508.top/favicon.ico
2026-06-21 23:55:37,417 [INFO] Capturing response: https://atomsportv508.top/cdn-cgi/rum? 204 
2026-06-21 23:55:37,450 [INFO] Capturing response: https://atomsportv508.top/favicon.ico 200 
2026-06-21 23:55:37,462 [INFO] Capturing response: https://atomsportv508.top/cdn-cgi/rum? 204 
2026-06-21 23:55:37,494 [INFO] Capturing request: https://streamsport365.com/cinema
2026-06-21 23:55:37,564 [INFO] Capturing response: https://teletv5.top/load/yayinlink.php?id=a-spor 200 
2026-06-21 23:55:37,734 [INFO] Capturing response: https://streamsport365.com/cinema 200 
2026-06-21 23:55:37,853 [INFO] Capturing request: https://hlssssssssssssssssss.yedeklinksa35.workers.dev/https://corestream.ronaldovurdu.help//aspor/tracks-v1a1/mono.m3u8
2026-06-21 23:55:37,983 [INFO] Capturing response: https://hlssssssssssssssssss.yedeklinksa35.workers.dev/https://corestream.ronaldovurdu.help//aspor/tracks-v1a1/mono.m3u8 200 
2026-06-21 23:55:38,093 [INFO] Capturing request: https://ts.yedeklinksa35.workers.dev/aspor/tracks-v1a1/2026/06/21/23/55/47-06000.avif
2026-06-21 23:55:38,461 [INFO] Capturing response: https://ts.yedeklinksa35.workers.dev/aspor/tracks-v1a1/2026/06/21/23/55/47-06000.avif 200 
2026-06-21 23:55:38,716 [INFO] Capturing request: https://ts.yedeklinksa35.workers.dev/aspor/tracks-v1a1/2026/06/21/23/55/53-06000.avif
2026-06-21 23:55:39,043 [INFO] Capturing response: https://ts.yedeklinksa35.workers.dev/aspor/tracks-v1a1/2026/06/21/23/55/53-06000.avif 200 
2026-06-21 23:55:39,284 [INFO] Capturing request: https://ts.yedeklinksa35.workers.dev/aspor/tracks-v1a1/2026/06/21/23/55/59-06000.avif
2026-06-21 23:55:39,677 [INFO] Capturing response: https://ts.yedeklinksa35.workers.dev/aspor/tracks-v1a1/2026/06/21/23/55/59-06000.avif 200 
2026-06-21 23:55:40,333 [INFO]   ✅ M3U8 bulundu: https://hlssssssssssssssssss.yedeklinksa35.workers.dev/https://corestream.ronaldovurdu.help//aspor/tracks-v1a1/mono.m3u8
2026-06-21 23:55:41,333 [INFO] 
[11/14]
2026-06-21 23:55:41,334 [INFO] 🔍 Tivibu Spor 1 → https://atomsportv508.top/matches?id=tivibu-spor-1
2026-06-21 23:55:41,446 [INFO] Capturing request: https://atomsportv508.top/assets/js/clappr.js
2026-06-21 23:55:41,447 [INFO] Capturing request: https://atomsportv508.top/matches?id=tivibu-spor-1
2026-06-21 23:55:41,464 [INFO] Capturing response: https://atomsportv508.top/assets/js/clappr.js 200 
2026-06-21 23:55:41,497 [INFO] Capturing response: https://atomsportv508.top/matches?id=tivibu-spor-1 200 
2026-06-21 23:55:41,505 [INFO] Capturing request: https://atomsportv508.top/cdn-cgi/rum?
2026-06-21 23:55:41,543 [INFO] Capturing request: https://streamsport365.com/cinema
2026-06-21 23:55:41,549 [INFO] Capturing request: https://atomsportv508.top/cdn-cgi/rum?
2026-06-21 23:55:41,642 [INFO] Capturing request: https://teletv5.top/load/yayinlink.php?id=tivibu-spor-1
2026-06-21 23:55:41,653 [INFO] Capturing request: https://atomsportv508.top/favicon.ico
2026-06-21 23:55:41,657 [INFO] Capturing response: https://atomsportv508.top/cdn-cgi/rum? 204 
2026-06-21 23:55:41,661 [INFO] Capturing response: https://teletv5.top/load/yayinlink.php?id=tivibu-spor-1 200 
2026-06-21 23:55:41,687 [INFO] Capturing response: https://atomsportv508.top/favicon.ico 200 
2026-06-21 23:55:41,700 [INFO] Capturing response: https://atomsportv508.top/cdn-cgi/rum? 204 
2026-06-21 23:55:41,791 [INFO] Capturing response: https://streamsport365.com/cinema 200 
2026-06-21 23:56:14,830 [WARNING]   ❌ Tivibu Spor 1 için M3U8 bulunamadı
2026-06-21 23:56:15,830 [INFO] 
[12/14]
2026-06-21 23:56:15,830 [INFO] 🔍 Tivibu Spor 2 → https://atomsportv508.top/matches?id=tivibu-spor-2
2026-06-21 23:56:15,939 [INFO] Capturing request: https://atomsportv508.top/assets/js/clappr.js
2026-06-21 23:56:15,941 [INFO] Capturing request: https://atomsportv508.top/matches?id=tivibu-spor-2
2026-06-21 23:56:15,962 [INFO] Capturing response: https://atomsportv508.top/assets/js/clappr.js 200 
2026-06-21 23:56:16,220 [INFO] Capturing response: https://atomsportv508.top/matches?id=tivibu-spor-2 200 
2026-06-21 23:56:16,230 [INFO] Capturing request: https://atomsportv508.top/cdn-cgi/rum?
2026-06-21 23:56:16,262 [INFO] Capturing request: https://atomsportv508.top/cdn-cgi/rum?
2026-06-21 23:56:16,338 [INFO] Capturing response: https://atomsportv508.top/cdn-cgi/rum? 204 
2026-06-21 23:56:16,357 [INFO] Capturing request: https://teletv5.top/load/yayinlink.php?id=tivibu-spor-2
2026-06-21 23:56:16,364 [INFO] Capturing request: https://atomsportv508.top/favicon.ico
2026-06-21 23:56:16,400 [INFO] Capturing response: https://atomsportv508.top/favicon.ico 200 
2026-06-21 23:56:16,411 [INFO] Capturing response: https://atomsportv508.top/cdn-cgi/rum? 204 
2026-06-21 23:56:16,453 [INFO] Capturing request: https://streamsport365.com/cinema
2026-06-21 23:56:16,524 [INFO] Capturing response: https://teletv5.top/load/yayinlink.php?id=tivibu-spor-2 200 
2026-06-21 23:56:16,710 [INFO] Capturing response: https://streamsport365.com/cinema 200 
2026-06-21 23:56:49,546 [WARNING]   ❌ Tivibu Spor 2 için M3U8 bulunamadı
2026-06-21 23:56:50,546 [INFO] 
[13/14]
2026-06-21 23:56:50,546 [INFO] 🔍 Tivibu Spor 3 → https://atomsportv508.top/matches?id=tivibu-spor-3
2026-06-21 23:56:50,654 [INFO] Capturing request: https://atomsportv508.top/assets/js/clappr.js
2026-06-21 23:56:50,657 [INFO] Capturing request: https://atomsportv508.top/matches?id=tivibu-spor-3
2026-06-21 23:56:50,675 [INFO] Capturing response: https://atomsportv508.top/assets/js/clappr.js 200 
2026-06-21 23:56:50,907 [INFO] Capturing response: https://atomsportv508.top/matches?id=tivibu-spor-3 200 
2026-06-21 23:56:50,915 [INFO] Capturing request: https://atomsportv508.top/cdn-cgi/rum?
2026-06-21 23:56:50,950 [INFO] Capturing request: https://atomsportv508.top/cdn-cgi/rum?
2026-06-21 23:56:51,024 [INFO] Capturing response: https://atomsportv508.top/cdn-cgi/rum? 204 
2026-06-21 23:56:51,042 [INFO] Capturing request: https://teletv5.top/load/yayinlink.php?id=tivibu-spor-3
2026-06-21 23:56:51,050 [INFO] Capturing request: https://atomsportv508.top/favicon.ico
2026-06-21 23:56:51,086 [INFO] Capturing response: https://atomsportv508.top/favicon.ico 200 
2026-06-21 23:56:51,100 [INFO] Capturing response: https://atomsportv508.top/cdn-cgi/rum? 204 
2026-06-21 23:56:51,139 [INFO] Capturing request: https://streamsport365.com/cinema
2026-06-21 23:56:51,213 [INFO] Capturing response: https://teletv5.top/load/yayinlink.php?id=tivibu-spor-3 200 
2026-06-21 23:56:51,394 [INFO] Capturing response: https://streamsport365.com/cinema 200 
2026-06-21 23:57:24,228 [WARNING]   ❌ Tivibu Spor 3 için M3U8 bulunamadı
2026-06-21 23:57:25,228 [INFO] 
[14/14]
2026-06-21 23:57:25,229 [INFO] 🔍 Tivibu Spor 4 → https://atomsportv508.top/matches?id=tivibu-spor-4
2026-06-21 23:57:25,337 [INFO] Capturing request: https://atomsportv508.top/assets/js/clappr.js
2026-06-21 23:57:25,339 [INFO] Capturing request: https://atomsportv508.top/matches?id=tivibu-spor-4
2026-06-21 23:57:25,359 [INFO] Capturing response: https://atomsportv508.top/assets/js/clappr.js 200 
2026-06-21 23:57:25,602 [INFO] Capturing response: https://atomsportv508.top/matches?id=tivibu-spor-4 200 
2026-06-21 23:57:25,612 [INFO] Capturing request: https://atomsportv508.top/cdn-cgi/rum?
2026-06-21 23:57:25,643 [INFO] Capturing request: https://atomsportv508.top/cdn-cgi/rum?
2026-06-21 23:57:25,721 [INFO] Capturing response: https://atomsportv508.top/cdn-cgi/rum? 204 
2026-06-21 23:57:25,739 [INFO] Capturing request: https://teletv5.top/load/yayinlink.php?id=tivibu-spor-4
2026-06-21 23:57:25,744 [INFO] Capturing request: https://atomsportv508.top/favicon.ico
2026-06-21 23:57:25,788 [INFO] Capturing response: https://atomsportv508.top/favicon.ico 200 
2026-06-21 23:57:25,793 [INFO] Capturing response: https://atomsportv508.top/cdn-cgi/rum? 204 
2026-06-21 23:57:25,837 [INFO] Capturing request: https://streamsport365.com/cinema
2026-06-21 23:57:25,907 [INFO] Capturing response: https://teletv5.top/load/yayinlink.php?id=tivibu-spor-4 200 
2026-06-21 23:57:26,089 [INFO] Capturing response: https://streamsport365.com/cinema 200 
2026-06-21 23:57:58,925 [WARNING]   ❌ Tivibu Spor 4 için M3U8 bulunamadı
2026-06-21 23:57:59,992 [INFO] ✅ 5 kanal bulundu, playlist.m3u kaydedildi
