2026-05-29 10:31:42,810 [INFO] 🌐 BASE_URL: https://atomsportv504.top
2026-05-29 10:31:43,962 [INFO] Başlanıyor... 14 kanal taranacak
2026-05-29 10:31:43,962 [INFO] Using default request storage
2026-05-29 10:31:43,966 [INFO] Created proxy listening on 127.0.0.1:36169
2026-05-29 10:31:44,638 [INFO] Capturing request: http://clients2.google.com/time/1/current?cup2key=10:VeE-But1DeMIswVTxTLM5sww-Bt8AlBMkMK3KDevOy0&cup2hreq=e3b0c44298fc1c149afbf4c8996fb92427ae41e4649b934ca495991b7852b855
2026-05-29 10:31:44,707 [INFO] Capturing response: http://clients2.google.com/time/1/current?cup2key=10:VeE-But1DeMIswVTxTLM5sww-Bt8AlBMkMK3KDevOy0&cup2hreq=e3b0c44298fc1c149afbf4c8996fb92427ae41e4649b934ca495991b7852b855 200 OK
2026-05-29 10:31:44,744 [INFO] 
[1/14]
2026-05-29 10:31:44,745 [INFO] 🔍 beIN Sports 1 → https://atomsportv504.top/matches?id=bein-sports-1
2026-05-29 10:31:44,837 [INFO] Capturing request: https://accounts.google.com/ListAccounts?gpsia=1&source=ChromiumBrowser&json=standard&laf=b64bin
2026-05-29 10:31:44,963 [INFO] Capturing response: https://accounts.google.com/ListAccounts?gpsia=1&source=ChromiumBrowser&json=standard&laf=b64bin 200 
2026-05-29 10:31:44,964 [INFO] Capturing request: https://atomsportv504.top/matches?id=bein-sports-1
2026-05-29 10:31:45,112 [INFO] Capturing response: https://atomsportv504.top/matches?id=bein-sports-1 200 
2026-05-29 10:31:45,263 [INFO] Capturing request: https://atomsportv504.top/assets/js/clappr.js
2026-05-29 10:31:45,287 [INFO] Capturing request: https://www.google.com/async/folae?async=_fmt:pb&udm=50&client_locale=en-US
2026-05-29 10:31:45,322 [INFO] Capturing response: https://atomsportv504.top/assets/js/clappr.js 200 
2026-05-29 10:31:45,324 [INFO] Capturing response: https://www.google.com/async/folae?async=_fmt:pb&udm=50&client_locale=en-US 200 
2026-05-29 10:31:45,359 [INFO] Capturing request: https://cdnjs.cloudflare.com/ajax/libs/jquery/3.2.1/jquery.min.js
2026-05-29 10:31:45,361 [INFO] Capturing request: https://cdn.jsdelivr.net/npm/@clappr/player@latest/dist/clappr.min.js
2026-05-29 10:31:45,397 [INFO] Capturing response: https://cdnjs.cloudflare.com/ajax/libs/jquery/3.2.1/jquery.min.js 200 
2026-05-29 10:31:45,482 [INFO] Capturing response: https://cdn.jsdelivr.net/npm/@clappr/player@latest/dist/clappr.min.js 200 
2026-05-29 10:31:45,650 [INFO] Capturing request: https://static.cloudflareinsights.com/beacon.min.js/v833ccba57c9e4d2798f2e76cebdd09a11778172276447
2026-05-29 10:31:45,680 [INFO] Capturing response: https://static.cloudflareinsights.com/beacon.min.js/v833ccba57c9e4d2798f2e76cebdd09a11778172276447 200 
2026-05-29 10:31:45,740 [INFO] Capturing request: https://atomsportv504.top/cdn-cgi/rum?
2026-05-29 10:31:45,844 [INFO] Capturing request: https://atomsportv504.top/favicon.ico
2026-05-29 10:31:45,919 [INFO] Capturing response: https://atomsportv504.top/favicon.ico 200 
2026-05-29 10:31:45,925 [INFO] Capturing response: https://atomsportv504.top/cdn-cgi/rum? 204 
2026-05-29 10:31:46,166 [INFO] Capturing request: https://teletv5.top/load/yayinlink.php?id=bein-sports-1
2026-05-29 10:31:46,426 [INFO] Capturing request: https://streamsport365.com/cinema
2026-05-29 10:31:46,551 [INFO] Capturing response: https://teletv5.top/load/yayinlink.php?id=bein-sports-1 200 
2026-05-29 10:31:46,749 [INFO] Capturing response: https://streamsport365.com/cinema 200 
2026-05-29 10:31:46,881 [INFO] Capturing request: https://atomsportv504.top/assets/img/player_logo_6880e4e4c52ee.png
2026-05-29 10:31:46,984 [INFO] Capturing response: https://atomsportv504.top/assets/img/player_logo_6880e4e4c52ee.png 200 
2026-05-29 10:31:47,045 [INFO] Capturing request: https://young-surf-88a9.halitumutseler.workers.dev/https://corestream.ronaldovurdu.help//aspor/tracks-v1a1/mono.m3u8
2026-05-29 10:31:47,750 [INFO] Capturing request: https://android.clients.google.com/checkin
2026-05-29 10:31:47,867 [INFO] Capturing response: https://android.clients.google.com/checkin 200 
2026-05-29 10:31:47,914 [INFO] Capturing request: https://android.clients.google.com/c2dm/register3
2026-05-29 10:31:47,919 [INFO] Capturing request: https://android.clients.google.com/c2dm/register3
2026-05-29 10:31:47,921 [INFO] Capturing request: https://android.clients.google.com/c2dm/register3
2026-05-29 10:31:47,984 [INFO] Capturing response: https://android.clients.google.com/c2dm/register3 301 
2026-05-29 10:31:48,041 [INFO] Capturing response: https://android.clients.google.com/c2dm/register3 200 
2026-05-29 10:31:48,762 [INFO]   ✅ M3U8 bulundu: https://young-surf-88a9.halitumutseler.workers.dev/https://corestream.ronaldovurdu.help//aspor/tracks-v1a1/mono.m3u8
2026-05-29 10:31:48,843 [INFO] Capturing response: https://android.clients.google.com/c2dm/register3 200 
2026-05-29 10:31:49,762 [INFO] 
[2/14]
2026-05-29 10:31:49,762 [INFO] 🔍 beIN Sports 2 → https://atomsportv504.top/matches?id=bein-sports-2
2026-05-29 10:31:49,872 [INFO] Capturing request: https://atomsportv504.top/matches?id=bein-sports-2
2026-05-29 10:31:49,922 [INFO] Capturing response: https://atomsportv504.top/matches?id=bein-sports-2 200 
2026-05-29 10:31:49,932 [INFO] Capturing request: https://atomsportv504.top/cdn-cgi/rum?
2026-05-29 10:31:49,974 [INFO] Capturing request: https://streamsport365.com/cinema
2026-05-29 10:31:49,977 [INFO] Capturing request: https://atomsportv504.top/cdn-cgi/rum?
2026-05-29 10:31:50,072 [INFO] Capturing request: https://teletv5.top/load/yayinlink.php?id=bein-sports-2
2026-05-29 10:31:50,077 [INFO] Capturing request: https://atomsportv504.top/favicon.ico
2026-05-29 10:31:50,100 [INFO] Capturing response: https://atomsportv504.top/cdn-cgi/rum? 204 
2026-05-29 10:31:50,113 [INFO] Capturing response: https://atomsportv504.top/cdn-cgi/rum? 204 
2026-05-29 10:31:50,123 [INFO] Capturing response: https://atomsportv504.top/favicon.ico 200 
2026-05-29 10:31:50,270 [INFO] Capturing response: https://teletv5.top/load/yayinlink.php?id=bein-sports-2 200 
2026-05-29 10:31:50,314 [INFO] Capturing response: https://streamsport365.com/cinema 200 
2026-05-29 10:31:50,435 [INFO] Capturing request: https://young-surf-88a9.halitumutseler.workers.dev/https://corestream.ronaldovurdu.help//bein2/tracks-v1a1/mono.m3u8
2026-05-29 10:31:51,489 [INFO] Capturing response: https://young-surf-88a9.halitumutseler.workers.dev/https://corestream.ronaldovurdu.help//aspor/tracks-v1a1/mono.m3u8 504 
2026-05-29 10:31:52,987 [INFO]   ✅ M3U8 bulundu: https://young-surf-88a9.halitumutseler.workers.dev/https://corestream.ronaldovurdu.help//bein2/tracks-v1a1/mono.m3u8
2026-05-29 10:31:53,987 [INFO] 
[3/14]
2026-05-29 10:31:53,987 [INFO] 🔍 beIN Sports 3 → https://atomsportv504.top/matches?id=bein-sports-3
2026-05-29 10:31:54,097 [INFO] Capturing request: https://atomsportv504.top/matches?id=bein-sports-3
2026-05-29 10:31:54,146 [INFO] Capturing response: https://atomsportv504.top/matches?id=bein-sports-3 200 
2026-05-29 10:31:54,155 [INFO] Capturing request: https://atomsportv504.top/cdn-cgi/rum?
2026-05-29 10:31:54,182 [INFO] Capturing request: https://atomsportv504.top/cdn-cgi/rum?
2026-05-29 10:31:54,281 [INFO] Capturing request: https://teletv5.top/load/yayinlink.php?id=bein-sports-3
2026-05-29 10:31:54,286 [INFO] Capturing request: https://atomsportv504.top/favicon.ico
2026-05-29 10:31:54,308 [INFO] Capturing response: https://atomsportv504.top/cdn-cgi/rum? 204 
2026-05-29 10:31:54,324 [INFO] Capturing response: https://atomsportv504.top/cdn-cgi/rum? 204 
2026-05-29 10:31:54,331 [INFO] Capturing response: https://atomsportv504.top/favicon.ico 200 
2026-05-29 10:31:54,418 [INFO] Capturing request: https://streamsport365.com/cinema
2026-05-29 10:31:54,478 [INFO] Capturing response: https://teletv5.top/load/yayinlink.php?id=bein-sports-3 200 
2026-05-29 10:31:54,613 [INFO] Capturing response: https://young-surf-88a9.halitumutseler.workers.dev/https://corestream.ronaldovurdu.help//bein2/tracks-v1a1/mono.m3u8 504 
2026-05-29 10:31:54,756 [INFO] Capturing response: https://streamsport365.com/cinema 200 
2026-05-29 10:32:09,746 [INFO] Capturing request: https://android.clients.google.com/c2dm/register3
2026-05-29 10:32:10,364 [INFO] Capturing response: https://android.clients.google.com/c2dm/register3 200 
2026-05-29 10:32:10,722 [INFO] Capturing request: https://android.clients.google.com/c2dm/register3
2026-05-29 10:32:10,785 [INFO] Capturing response: https://android.clients.google.com/c2dm/register3 301 
2026-05-29 10:32:27,493 [WARNING]   ❌ beIN Sports 3 için M3U8 bulunamadı
2026-05-29 10:32:28,493 [INFO] 
[4/14]
2026-05-29 10:32:28,493 [INFO] 🔍 beIN Sports 4 → https://atomsportv504.top/matches?id=bein-sports-4
2026-05-29 10:32:28,603 [INFO] Capturing request: https://atomsportv504.top/matches?id=bein-sports-4
2026-05-29 10:32:29,205 [INFO] Capturing response: https://atomsportv504.top/matches?id=bein-sports-4 200 
2026-05-29 10:32:29,215 [INFO] Capturing request: https://atomsportv504.top/cdn-cgi/rum?
2026-05-29 10:32:29,243 [INFO] Capturing request: https://atomsportv504.top/cdn-cgi/rum?
2026-05-29 10:32:29,338 [INFO] Capturing request: https://teletv5.top/load/yayinlink.php?id=bein-sports-4
2026-05-29 10:32:29,348 [INFO] Capturing request: https://atomsportv504.top/favicon.ico
2026-05-29 10:32:29,355 [INFO] Capturing response: https://atomsportv504.top/cdn-cgi/rum? 204 
2026-05-29 10:32:29,374 [INFO] Capturing response: https://atomsportv504.top/cdn-cgi/rum? 204 
2026-05-29 10:32:29,400 [INFO] Capturing response: https://atomsportv504.top/favicon.ico 200 
2026-05-29 10:32:29,480 [INFO] Capturing request: https://streamsport365.com/cinema
2026-05-29 10:32:29,538 [INFO] Capturing response: https://teletv5.top/load/yayinlink.php?id=bein-sports-4 200 
2026-05-29 10:32:29,812 [INFO] Capturing response: https://streamsport365.com/cinema 200 
2026-05-29 10:32:44,735 [INFO] Capturing request: https://update.googleapis.com/service/update2/json?cup2key=16:297CNYp3YYepJx935c9D-ncXLePvR3sEfoNGUcUbeoM&cup2hreq=6f087aa06f2f9de3bab602e1d1f61d8d64a40b88220bc3105362e22f000ffda9
2026-05-29 10:32:44,789 [INFO] Capturing response: https://update.googleapis.com/service/update2/json?cup2key=16:297CNYp3YYepJx935c9D-ncXLePvR3sEfoNGUcUbeoM&cup2hreq=6f087aa06f2f9de3bab602e1d1f61d8d64a40b88220bc3105362e22f000ffda9 200 
2026-05-29 10:32:44,835 [INFO] Capturing request: http://edgedl.me.gvt1.com/edgedl/diffgen-puffin/gcmjkmgdlgnkkcocmoeiminaijmmjnii/71d926df14cb4c89c6f8f88e6c0bfcf6fe1e1a256ca7f8db04002a111af4c5b0
2026-05-29 10:32:44,865 [INFO] Capturing response: http://edgedl.me.gvt1.com/edgedl/diffgen-puffin/gcmjkmgdlgnkkcocmoeiminaijmmjnii/71d926df14cb4c89c6f8f88e6c0bfcf6fe1e1a256ca7f8db04002a111af4c5b0 200 OK
2026-05-29 10:32:44,890 [INFO] Capturing request: https://update.googleapis.com/service/update2/json
2026-05-29 10:32:44,948 [INFO] Capturing response: https://update.googleapis.com/service/update2/json 200 
2026-05-29 10:32:44,953 [INFO] Capturing request: http://edgedl.me.gvt1.com/edgedl/release2/chrome_component/adb2aehmid7cef2ypyw4t2az26ta_10554/hfnkpimlhhgieaddgfemjhofmfblmnib_10554_all_ackvyj3pq745ar7p3exyxmjf2bdq.crx3
2026-05-29 10:32:45,017 [INFO] Capturing response: http://edgedl.me.gvt1.com/edgedl/release2/chrome_component/adb2aehmid7cef2ypyw4t2az26ta_10554/hfnkpimlhhgieaddgfemjhofmfblmnib_10554_all_ackvyj3pq745ar7p3exyxmjf2bdq.crx3 200 OK
2026-05-29 10:32:45,050 [INFO] Capturing request: https://update.googleapis.com/service/update2/json
2026-05-29 10:32:45,101 [INFO] Capturing response: https://update.googleapis.com/service/update2/json 200 
2026-05-29 10:33:01,161 [INFO] Capturing request: https://android.clients.google.com/c2dm/register3
2026-05-29 10:33:01,223 [INFO] Capturing response: https://android.clients.google.com/c2dm/register3 301 
2026-05-29 10:33:02,519 [WARNING]   ❌ beIN Sports 4 için M3U8 bulunamadı
2026-05-29 10:33:03,520 [INFO] 
[5/14]
2026-05-29 10:33:03,520 [INFO] 🔍 beIN Sports 5 → https://atomsportv504.top/matches?id=bein-sports-5
2026-05-29 10:33:03,703 [INFO] Capturing request: https://atomsportv504.top/matches?id=bein-sports-5
2026-05-29 10:33:03,705 [INFO] Capturing request: https://atomsportv504.top/assets/js/clappr.js
2026-05-29 10:33:03,760 [INFO] Capturing response: https://atomsportv504.top/assets/js/clappr.js 200 
2026-05-29 10:33:04,401 [INFO] Capturing response: https://atomsportv504.top/matches?id=bein-sports-5 200 
2026-05-29 10:33:04,409 [INFO] Capturing request: https://atomsportv504.top/cdn-cgi/rum?
2026-05-29 10:33:04,438 [INFO] Capturing request: https://atomsportv504.top/cdn-cgi/rum?
2026-05-29 10:33:04,541 [INFO] Capturing request: https://atomsportv504.top/favicon.ico
2026-05-29 10:33:04,563 [INFO] Capturing response: https://atomsportv504.top/cdn-cgi/rum? 204 
2026-05-29 10:33:04,581 [INFO] Capturing response: https://atomsportv504.top/cdn-cgi/rum? 204 
2026-05-29 10:33:04,603 [INFO] Capturing response: https://atomsportv504.top/favicon.ico 200 
2026-05-29 10:33:04,609 [INFO] Capturing request: https://teletv5.top/load/yayinlink.php?id=bein-sports-5
2026-05-29 10:33:04,992 [INFO] Capturing response: https://teletv5.top/load/yayinlink.php?id=bein-sports-5 200 
2026-05-29 10:33:05,082 [INFO] Capturing request: https://streamsport365.com/cinema
2026-05-29 10:33:05,403 [INFO] Capturing response: https://streamsport365.com/cinema 200 
2026-05-29 10:33:37,692 [WARNING]   ❌ beIN Sports 5 için M3U8 bulunamadı
2026-05-29 10:33:38,692 [INFO] 
[6/14]
2026-05-29 10:33:38,692 [INFO] 🔍 beIN Sports Max 1 → https://atomsportv504.top/matches?id=bein-sports-max-1
2026-05-29 10:33:38,800 [INFO] Capturing request: https://atomsportv504.top/assets/js/clappr.js
2026-05-29 10:33:38,802 [INFO] Capturing request: https://atomsportv504.top/matches?id=bein-sports-max-1
2026-05-29 10:33:38,834 [INFO] Capturing response: https://atomsportv504.top/assets/js/clappr.js 200 
2026-05-29 10:33:39,128 [INFO] Capturing response: https://atomsportv504.top/matches?id=bein-sports-max-1 200 
2026-05-29 10:33:39,137 [INFO] Capturing request: https://atomsportv504.top/cdn-cgi/rum?
2026-05-29 10:33:39,161 [INFO] Capturing request: https://atomsportv504.top/cdn-cgi/rum?
2026-05-29 10:33:39,259 [INFO] Capturing request: https://teletv5.top/load/yayinlink.php?id=bein-sports-max-1
2026-05-29 10:33:39,265 [INFO] Capturing request: https://atomsportv504.top/favicon.ico
2026-05-29 10:33:39,277 [INFO] Capturing response: https://atomsportv504.top/cdn-cgi/rum? 204 
2026-05-29 10:33:39,297 [INFO] Capturing response: https://atomsportv504.top/cdn-cgi/rum? 204 
2026-05-29 10:33:39,318 [INFO] Capturing response: https://atomsportv504.top/favicon.ico 200 
2026-05-29 10:33:39,396 [INFO] Capturing request: https://streamsport365.com/cinema
2026-05-29 10:33:39,458 [INFO] Capturing response: https://teletv5.top/load/yayinlink.php?id=bein-sports-max-1 200 
2026-05-29 10:33:39,726 [INFO] Capturing response: https://streamsport365.com/cinema 200 
2026-05-29 10:34:12,421 [WARNING]   ❌ beIN Sports Max 1 için M3U8 bulunamadı
2026-05-29 10:34:13,422 [INFO] 
[7/14]
2026-05-29 10:34:13,422 [INFO] 🔍 beIN Sports Max 2 → https://atomsportv504.top/matches?id=bein-sports-max-2
2026-05-29 10:34:13,530 [INFO] Capturing request: https://atomsportv504.top/assets/js/clappr.js
2026-05-29 10:34:13,532 [INFO] Capturing request: https://atomsportv504.top/matches?id=bein-sports-max-2
2026-05-29 10:34:13,564 [INFO] Capturing response: https://atomsportv504.top/assets/js/clappr.js 200 
2026-05-29 10:34:13,880 [INFO] Capturing response: https://atomsportv504.top/matches?id=bein-sports-max-2 200 
2026-05-29 10:34:13,891 [INFO] Capturing request: https://atomsportv504.top/cdn-cgi/rum?
2026-05-29 10:34:13,920 [INFO] Capturing request: https://atomsportv504.top/cdn-cgi/rum?
2026-05-29 10:34:14,018 [INFO] Capturing request: https://teletv5.top/load/yayinlink.php?id=bein-sports-max-2
2026-05-29 10:34:14,024 [INFO] Capturing request: https://atomsportv504.top/favicon.ico
2026-05-29 10:34:14,032 [INFO] Capturing response: https://atomsportv504.top/cdn-cgi/rum? 204 
2026-05-29 10:34:14,052 [INFO] Capturing response: https://atomsportv504.top/cdn-cgi/rum? 204 
2026-05-29 10:34:14,078 [INFO] Capturing response: https://atomsportv504.top/favicon.ico 200 
2026-05-29 10:34:14,157 [INFO] Capturing request: https://streamsport365.com/cinema
2026-05-29 10:34:14,220 [INFO] Capturing response: https://teletv5.top/load/yayinlink.php?id=bein-sports-max-2 200 
2026-05-29 10:34:14,482 [INFO] Capturing response: https://streamsport365.com/cinema 200 
2026-05-29 10:34:27,951 [INFO] Capturing request: https://android.clients.google.com/c2dm/register3
2026-05-29 10:34:28,013 [INFO] Capturing response: https://android.clients.google.com/c2dm/register3 301 
2026-05-29 10:34:47,190 [WARNING]   ❌ beIN Sports Max 2 için M3U8 bulunamadı
2026-05-29 10:34:48,190 [INFO] 
[8/14]
2026-05-29 10:34:48,190 [INFO] 🔍 S Sport → https://atomsportv504.top/matches?id=s-sport
2026-05-29 10:34:48,298 [INFO] Capturing request: https://atomsportv504.top/assets/js/clappr.js
2026-05-29 10:34:48,301 [INFO] Capturing request: https://atomsportv504.top/matches?id=s-sport
2026-05-29 10:34:48,332 [INFO] Capturing response: https://atomsportv504.top/assets/js/clappr.js 200 
2026-05-29 10:34:48,628 [INFO] Capturing response: https://atomsportv504.top/matches?id=s-sport 200 
2026-05-29 10:34:48,638 [INFO] Capturing request: https://atomsportv504.top/cdn-cgi/rum?
2026-05-29 10:34:48,668 [INFO] Capturing request: https://atomsportv504.top/cdn-cgi/rum?
2026-05-29 10:34:48,762 [INFO] Capturing request: https://teletv5.top/load/yayinlink.php?id=s-sport
2026-05-29 10:34:48,768 [INFO] Capturing request: https://atomsportv504.top/favicon.ico
2026-05-29 10:34:48,779 [INFO] Capturing response: https://atomsportv504.top/cdn-cgi/rum? 204 
2026-05-29 10:34:48,798 [INFO] Capturing response: https://atomsportv504.top/cdn-cgi/rum? 204 
2026-05-29 10:34:48,819 [INFO] Capturing response: https://atomsportv504.top/favicon.ico 200 
2026-05-29 10:34:48,901 [INFO] Capturing request: https://streamsport365.com/cinema
2026-05-29 10:34:48,961 [INFO] Capturing response: https://teletv5.top/load/yayinlink.php?id=s-sport 200 
2026-05-29 10:34:49,234 [INFO] Capturing response: https://streamsport365.com/cinema 200 
2026-05-29 10:34:49,419 [INFO] Capturing request: https://young-surf-88a9.halitumutseler.workers.dev/https://corestream.ronaldovurdu.help//s-sportt/tracks-v1a1/mono.m3u8
2026-05-29 10:34:51,681 [INFO]   ✅ M3U8 bulundu: https://young-surf-88a9.halitumutseler.workers.dev/https://corestream.ronaldovurdu.help//s-sportt/tracks-v1a1/mono.m3u8
2026-05-29 10:34:52,681 [INFO] 
[9/14]
2026-05-29 10:34:52,681 [INFO] 🔍 S Sport 2 → https://atomsportv504.top/matches?id=s-sport-2
2026-05-29 10:34:52,789 [INFO] Capturing request: https://atomsportv504.top/assets/js/clappr.js
2026-05-29 10:34:52,790 [INFO] Capturing request: https://atomsportv504.top/matches?id=s-sport-2
2026-05-29 10:34:52,829 [INFO] Capturing response: https://atomsportv504.top/assets/js/clappr.js 200 
2026-05-29 10:34:52,880 [INFO] Capturing response: https://atomsportv504.top/matches?id=s-sport-2 200 
2026-05-29 10:34:52,890 [INFO] Capturing request: https://atomsportv504.top/cdn-cgi/rum?
2026-05-29 10:34:52,913 [INFO] Capturing request: https://streamsport365.com/cinema
2026-05-29 10:34:52,916 [INFO] Capturing request: https://atomsportv504.top/cdn-cgi/rum?
2026-05-29 10:34:53,008 [INFO] Capturing request: https://teletv5.top/load/yayinlink.php?id=s-sport-2
2026-05-29 10:34:53,018 [INFO] Capturing request: https://atomsportv504.top/favicon.ico
2026-05-29 10:34:53,040 [INFO] Capturing response: https://atomsportv504.top/cdn-cgi/rum? 204 
2026-05-29 10:34:53,059 [INFO] Capturing response: https://atomsportv504.top/cdn-cgi/rum? 204 
2026-05-29 10:34:53,065 [INFO] Capturing response: https://atomsportv504.top/favicon.ico 200 
2026-05-29 10:34:53,205 [INFO] Capturing response: https://teletv5.top/load/yayinlink.php?id=s-sport-2 200 
2026-05-29 10:34:53,251 [INFO] Capturing response: https://streamsport365.com/cinema 200 
2026-05-29 10:34:53,371 [INFO] Capturing request: https://young-surf-88a9.halitumutseler.workers.dev/https://corestream.ronaldovurdu.help//s-sport2/tracks-v1a1/mono.m3u8
2026-05-29 10:34:53,804 [INFO] Capturing response: https://young-surf-88a9.halitumutseler.workers.dev/https://corestream.ronaldovurdu.help//s-sportt/tracks-v1a1/mono.m3u8 504 
2026-05-29 10:34:55,928 [INFO]   ✅ M3U8 bulundu: https://young-surf-88a9.halitumutseler.workers.dev/https://corestream.ronaldovurdu.help//s-sport2/tracks-v1a1/mono.m3u8
2026-05-29 10:34:56,928 [INFO] 
[10/14]
2026-05-29 10:34:56,928 [INFO] 🔍 A Spor → https://atomsportv504.top/matches?id=a-spor
2026-05-29 10:34:57,035 [INFO] Capturing request: https://atomsportv504.top/assets/js/clappr.js
2026-05-29 10:34:57,037 [INFO] Capturing request: https://atomsportv504.top/matches?id=a-spor
2026-05-29 10:34:57,069 [INFO] Capturing response: https://atomsportv504.top/assets/js/clappr.js 200 
2026-05-29 10:34:57,125 [INFO] Capturing response: https://atomsportv504.top/matches?id=a-spor 200 
2026-05-29 10:34:57,133 [INFO] Capturing request: https://atomsportv504.top/cdn-cgi/rum?
2026-05-29 10:34:57,158 [INFO] Capturing request: https://atomsportv504.top/cdn-cgi/rum?
2026-05-29 10:34:57,253 [INFO] Capturing request: https://teletv5.top/load/yayinlink.php?id=a-spor
2026-05-29 10:34:57,262 [INFO] Capturing request: https://atomsportv504.top/favicon.ico
2026-05-29 10:34:57,283 [INFO] Capturing response: https://atomsportv504.top/cdn-cgi/rum? 204 
2026-05-29 10:34:57,303 [INFO] Capturing response: https://atomsportv504.top/cdn-cgi/rum? 204 
2026-05-29 10:34:57,314 [INFO] Capturing response: https://atomsportv504.top/favicon.ico 200 
2026-05-29 10:34:57,395 [INFO] Capturing request: https://streamsport365.com/cinema
2026-05-29 10:34:57,449 [INFO] Capturing response: https://teletv5.top/load/yayinlink.php?id=a-spor 200 
2026-05-29 10:34:57,552 [INFO] Capturing response: https://young-surf-88a9.halitumutseler.workers.dev/https://corestream.ronaldovurdu.help//s-sport2/tracks-v1a1/mono.m3u8 504 
2026-05-29 10:34:57,722 [INFO] Capturing response: https://streamsport365.com/cinema 200 
2026-05-29 10:34:57,841 [INFO] Capturing request: https://young-surf-88a9.halitumutseler.workers.dev/https://corestream.ronaldovurdu.help//aspor/tracks-v1a1/mono.m3u8
2026-05-29 10:35:00,173 [INFO]   ✅ M3U8 bulundu: https://young-surf-88a9.halitumutseler.workers.dev/https://corestream.ronaldovurdu.help//aspor/tracks-v1a1/mono.m3u8
2026-05-29 10:35:01,173 [INFO] 
[11/14]
2026-05-29 10:35:01,173 [INFO] 🔍 Tivibu Spor 1 → https://atomsportv504.top/matches?id=tivibu-spor-1
2026-05-29 10:35:01,282 [INFO] Capturing request: https://atomsportv504.top/assets/js/clappr.js
2026-05-29 10:35:01,283 [INFO] Capturing request: https://atomsportv504.top/matches?id=tivibu-spor-1
2026-05-29 10:35:01,317 [INFO] Capturing response: https://atomsportv504.top/assets/js/clappr.js 200 
2026-05-29 10:35:01,375 [INFO] Capturing response: https://atomsportv504.top/matches?id=tivibu-spor-1 200 
2026-05-29 10:35:01,384 [INFO] Capturing request: https://atomsportv504.top/cdn-cgi/rum?
2026-05-29 10:35:01,409 [INFO] Capturing request: https://streamsport365.com/cinema
2026-05-29 10:35:01,418 [INFO] Capturing request: https://atomsportv504.top/cdn-cgi/rum?
2026-05-29 10:35:01,510 [INFO] Capturing request: https://teletv5.top/load/yayinlink.php?id=tivibu-spor-1
2026-05-29 10:35:01,519 [INFO] Capturing request: https://atomsportv504.top/favicon.ico
2026-05-29 10:35:01,541 [INFO] Capturing response: https://atomsportv504.top/cdn-cgi/rum? 204 
2026-05-29 10:35:01,559 [INFO] Capturing response: https://atomsportv504.top/cdn-cgi/rum? 204 
2026-05-29 10:35:01,567 [INFO] Capturing response: https://atomsportv504.top/favicon.ico 200 
2026-05-29 10:35:01,742 [INFO] Capturing response: https://streamsport365.com/cinema 200 
2026-05-29 10:35:01,871 [INFO] Capturing response: https://teletv5.top/load/yayinlink.php?id=tivibu-spor-1 200 
2026-05-29 10:35:02,018 [INFO] Capturing response: https://young-surf-88a9.halitumutseler.workers.dev/https://corestream.ronaldovurdu.help//aspor/tracks-v1a1/mono.m3u8 504 
2026-05-29 10:35:34,678 [WARNING]   ❌ Tivibu Spor 1 için M3U8 bulunamadı
2026-05-29 10:35:35,678 [INFO] 
[12/14]
2026-05-29 10:35:35,679 [INFO] 🔍 Tivibu Spor 2 → https://atomsportv504.top/matches?id=tivibu-spor-2
2026-05-29 10:35:35,786 [INFO] Capturing request: https://atomsportv504.top/assets/js/clappr.js
2026-05-29 10:35:35,788 [INFO] Capturing request: https://atomsportv504.top/matches?id=tivibu-spor-2
2026-05-29 10:35:35,821 [INFO] Capturing response: https://atomsportv504.top/assets/js/clappr.js 200 
2026-05-29 10:35:36,117 [INFO] Capturing response: https://atomsportv504.top/matches?id=tivibu-spor-2 200 
2026-05-29 10:35:36,127 [INFO] Capturing request: https://atomsportv504.top/cdn-cgi/rum?
2026-05-29 10:35:36,156 [INFO] Capturing request: https://atomsportv504.top/cdn-cgi/rum?
2026-05-29 10:35:36,252 [INFO] Capturing request: https://teletv5.top/load/yayinlink.php?id=tivibu-spor-2
2026-05-29 10:35:36,257 [INFO] Capturing request: https://atomsportv504.top/favicon.ico
2026-05-29 10:35:36,268 [INFO] Capturing response: https://atomsportv504.top/cdn-cgi/rum? 204 
2026-05-29 10:35:36,287 [INFO] Capturing response: https://atomsportv504.top/cdn-cgi/rum? 204 
2026-05-29 10:35:36,308 [INFO] Capturing response: https://atomsportv504.top/favicon.ico 200 
2026-05-29 10:35:36,390 [INFO] Capturing request: https://streamsport365.com/cinema
2026-05-29 10:35:36,451 [INFO] Capturing response: https://teletv5.top/load/yayinlink.php?id=tivibu-spor-2 200 
2026-05-29 10:35:36,713 [INFO] Capturing response: https://streamsport365.com/cinema 200 
2026-05-29 10:36:09,418 [WARNING]   ❌ Tivibu Spor 2 için M3U8 bulunamadı
2026-05-29 10:36:10,418 [INFO] 
[13/14]
2026-05-29 10:36:10,418 [INFO] 🔍 Tivibu Spor 3 → https://atomsportv504.top/matches?id=tivibu-spor-3
2026-05-29 10:36:10,525 [INFO] Capturing request: https://atomsportv504.top/assets/js/clappr.js
2026-05-29 10:36:10,528 [INFO] Capturing request: https://atomsportv504.top/matches?id=tivibu-spor-3
2026-05-29 10:36:10,560 [INFO] Capturing response: https://atomsportv504.top/assets/js/clappr.js 200 
2026-05-29 10:36:10,858 [INFO] Capturing response: https://atomsportv504.top/matches?id=tivibu-spor-3 200 
2026-05-29 10:36:10,867 [INFO] Capturing request: https://atomsportv504.top/cdn-cgi/rum?
2026-05-29 10:36:10,895 [INFO] Capturing request: https://atomsportv504.top/cdn-cgi/rum?
2026-05-29 10:36:10,990 [INFO] Capturing request: https://teletv5.top/load/yayinlink.php?id=tivibu-spor-3
2026-05-29 10:36:10,998 [INFO] Capturing request: https://atomsportv504.top/favicon.ico
2026-05-29 10:36:11,021 [INFO] Capturing response: https://atomsportv504.top/cdn-cgi/rum? 204 
2026-05-29 10:36:11,037 [INFO] Capturing response: https://atomsportv504.top/cdn-cgi/rum? 204 
2026-05-29 10:36:11,049 [INFO] Capturing response: https://atomsportv504.top/favicon.ico 200 
2026-05-29 10:36:11,129 [INFO] Capturing request: https://streamsport365.com/cinema
2026-05-29 10:36:11,187 [INFO] Capturing response: https://teletv5.top/load/yayinlink.php?id=tivibu-spor-3 200 
2026-05-29 10:36:11,461 [INFO] Capturing response: https://streamsport365.com/cinema 200 
2026-05-29 10:36:44,163 [WARNING]   ❌ Tivibu Spor 3 için M3U8 bulunamadı
2026-05-29 10:36:45,163 [INFO] 
[14/14]
2026-05-29 10:36:45,163 [INFO] 🔍 Tivibu Spor 4 → https://atomsportv504.top/matches?id=tivibu-spor-4
2026-05-29 10:36:45,273 [INFO] Capturing request: https://atomsportv504.top/assets/js/clappr.js
2026-05-29 10:36:45,274 [INFO] Capturing request: https://atomsportv504.top/matches?id=tivibu-spor-4
2026-05-29 10:36:45,308 [INFO] Capturing response: https://atomsportv504.top/assets/js/clappr.js 200 
2026-05-29 10:36:45,608 [INFO] Capturing response: https://atomsportv504.top/matches?id=tivibu-spor-4 200 
2026-05-29 10:36:45,617 [INFO] Capturing request: https://atomsportv504.top/cdn-cgi/rum?
2026-05-29 10:36:45,648 [INFO] Capturing request: https://atomsportv504.top/cdn-cgi/rum?
2026-05-29 10:36:45,744 [INFO] Capturing request: https://teletv5.top/load/yayinlink.php?id=tivibu-spor-4
2026-05-29 10:36:45,748 [INFO] Capturing request: https://atomsportv504.top/favicon.ico
2026-05-29 10:36:45,759 [INFO] Capturing response: https://atomsportv504.top/cdn-cgi/rum? 204 
2026-05-29 10:36:45,778 [INFO] Capturing response: https://atomsportv504.top/cdn-cgi/rum? 204 
2026-05-29 10:36:45,802 [INFO] Capturing response: https://atomsportv504.top/favicon.ico 200 
2026-05-29 10:36:45,879 [INFO] Capturing request: https://streamsport365.com/cinema
2026-05-29 10:36:45,942 [INFO] Capturing response: https://teletv5.top/load/yayinlink.php?id=tivibu-spor-4 200 
2026-05-29 10:36:46,213 [INFO] Capturing response: https://streamsport365.com/cinema 200 
2026-05-29 10:37:18,916 [WARNING]   ❌ Tivibu Spor 4 için M3U8 bulunamadı
2026-05-29 10:37:19,980 [INFO] ✅ 5 kanal bulundu, playlist.m3u kaydedildi
