2026-05-13 00:02:14,245 [INFO] 🔎 Domain aralığı taranıyor: atomsportv490.top - atomsportv520.top
2026-05-13 00:02:23,282 [INFO]   ✅ Aktif domain bulundu: https://atomsportv503.top
2026-05-13 00:02:23,283 [INFO] 🌐 Kullanılan BASE_URL: https://atomsportv503.top
2026-05-13 00:02:23,284 [INFO] 🔗 Proxy Prefix: https://ronaldo.magnitude.workers.dev/?url=
2026-05-13 00:02:24,058 [INFO] ✅ SeleniumWire aktif
2026-05-13 00:02:24,060 [INFO] =======================================================
2026-05-13 00:02:24,060 [INFO]    M3U8 Scraper
2026-05-13 00:02:24,060 [INFO]    Base URL    : https://atomsportv503.top
2026-05-13 00:02:24,060 [INFO]    Proxy Prefix: https://ronaldo.magnitude.workers.dev/?url=
2026-05-13 00:02:24,060 [INFO]    Toplam      : 13 sayfa
2026-05-13 00:02:24,060 [INFO] =======================================================
2026-05-13 00:02:24,060 [INFO] 🔧 Driver başlatılıyor...
2026-05-13 00:02:24,776 [INFO] ✅ Driver başlatıldı
2026-05-13 00:02:24,776 [INFO] 
[1/13]
2026-05-13 00:02:24,776 [INFO] 
──────────────────────────────────────────────────
2026-05-13 00:02:24,776 [INFO] 🔍 beIN Sports 1 → https://atomsportv503.top/matches?id=bein-sports-1
2026-05-13 00:02:24,776 [INFO] ──────────────────────────────────────────────────
2026-05-13 00:02:57,378 [INFO]   📡 M3U8 bekleniyor (max 8s)...
2026-05-13 00:02:57,391 [INFO]   🎯 DOĞRU kanal bulundu: https://young-surf-88a9.pitpitvur.workers.dev/https://corestream.ronaldovurdu.help//hls/bein-sports-11.m3u8
2026-05-13 00:02:57,391 [INFO]   ✅ beIN Sports 1: https://young-surf-88a9.pitpitvur.workers.dev/https://corestream.ronaldovurdu.help//hls/bein-sports-11.m3u8
2026-05-13 00:02:58,392 [INFO] 
[2/13]
2026-05-13 00:02:58,392 [INFO] 
──────────────────────────────────────────────────
2026-05-13 00:02:58,392 [INFO] 🔍 beIN Sports 2 → https://atomsportv503.top/matches?id=bein-sports-2
2026-05-13 00:02:58,392 [INFO] ──────────────────────────────────────────────────
2026-05-13 00:03:30,765 [INFO]   📡 M3U8 bekleniyor (max 8s)...
2026-05-13 00:03:30,766 [INFO]   🎯 DOĞRU kanal bulundu: https://young-surf-88a9.pitpitvur.workers.dev/https://corestream.ronaldovurdu.help//hls/bein-sports-2.m3u8
2026-05-13 00:03:30,766 [INFO]   ✅ beIN Sports 2: https://young-surf-88a9.pitpitvur.workers.dev/https://corestream.ronaldovurdu.help//hls/bein-sports-2.m3u8
2026-05-13 00:03:31,767 [INFO] 
[3/13]
2026-05-13 00:03:31,767 [INFO] 
──────────────────────────────────────────────────
2026-05-13 00:03:31,767 [INFO] 🔍 beIN Sports 3 → https://atomsportv503.top/matches?id=bein-sports-3
2026-05-13 00:03:31,767 [INFO] ──────────────────────────────────────────────────
2026-05-13 00:04:03,634 [INFO]   📡 M3U8 bekleniyor (max 8s)...
2026-05-13 00:04:03,634 [INFO]   🎯 DOĞRU kanal bulundu: https://young-surf-88a9.pitpitvur.workers.dev/https://corestream.ronaldovurdu.help//hls/bein-sports-3.m3u8
2026-05-13 00:04:03,634 [INFO]   ✅ beIN Sports 3: https://young-surf-88a9.pitpitvur.workers.dev/https://corestream.ronaldovurdu.help//hls/bein-sports-3.m3u8
2026-05-13 00:04:04,635 [INFO] 
[4/13]
2026-05-13 00:04:04,635 [INFO] 
──────────────────────────────────────────────────
2026-05-13 00:04:04,635 [INFO] 🔍 beIN Sports 4 → https://atomsportv503.top/matches?id=bein-sports-4
2026-05-13 00:04:04,635 [INFO] ──────────────────────────────────────────────────
2026-05-13 00:04:36,544 [INFO]   📡 M3U8 bekleniyor (max 8s)...
2026-05-13 00:04:36,544 [INFO]   🎯 DOĞRU kanal bulundu: https://young-surf-88a9.pitpitvur.workers.dev/https://corestream.ronaldovurdu.help//hls/bein-sports-4.m3u8
2026-05-13 00:04:36,544 [INFO]   ✅ beIN Sports 4: https://young-surf-88a9.pitpitvur.workers.dev/https://corestream.ronaldovurdu.help//hls/bein-sports-4.m3u8
2026-05-13 00:04:37,545 [INFO] 
[5/13]
2026-05-13 00:04:37,545 [INFO] 
──────────────────────────────────────────────────
2026-05-13 00:04:37,545 [INFO] 🔍 beIN Sports 5 → https://atomsportv503.top/matches?id=bein-sports-5
2026-05-13 00:04:37,545 [INFO] ──────────────────────────────────────────────────
2026-05-13 00:05:09,419 [INFO]   📡 M3U8 bekleniyor (max 8s)...
2026-05-13 00:05:09,420 [INFO]   🎯 DOĞRU kanal bulundu: https://young-surf-88a9.pitpitvur.workers.dev/https://corestream.ronaldovurdu.help//hls/bein-sports-5.m3u8
2026-05-13 00:05:09,420 [INFO]   ✅ beIN Sports 5: https://young-surf-88a9.pitpitvur.workers.dev/https://corestream.ronaldovurdu.help//hls/bein-sports-5.m3u8
2026-05-13 00:05:10,420 [INFO] 
[6/13]
2026-05-13 00:05:10,420 [INFO] 
──────────────────────────────────────────────────
2026-05-13 00:05:10,420 [INFO] 🔍 beIN Sports Max 1 → https://atomsportv503.top/matches?id=bein-sports-max-1
2026-05-13 00:05:10,420 [INFO] ──────────────────────────────────────────────────
2026-05-13 00:05:42,291 [INFO]   📡 M3U8 bekleniyor (max 8s)...
2026-05-13 00:05:50,307 [INFO]   ❌ beIN Sports Max 1: M3U8 bulunamadı
2026-05-13 00:05:51,307 [INFO] 
[7/13]
2026-05-13 00:05:51,308 [INFO] 
──────────────────────────────────────────────────
2026-05-13 00:05:51,308 [INFO] 🔍 beIN Sports Max 2 → https://atomsportv503.top/matches?id=bein-sports-max-2
2026-05-13 00:05:51,308 [INFO] ──────────────────────────────────────────────────
2026-05-13 00:06:23,224 [INFO]   📡 M3U8 bekleniyor (max 8s)...
2026-05-13 00:06:23,225 [INFO]   🎯 DOĞRU kanal bulundu: https://young-surf-88a9.pitpitvur.workers.dev/https://corestream.ronaldovurdu.help//hls/bein-sports-max-2.m3u8
2026-05-13 00:06:23,225 [INFO]   ✅ beIN Sports Max 2: https://young-surf-88a9.pitpitvur.workers.dev/https://corestream.ronaldovurdu.help//hls/bein-sports-max-2.m3u8
2026-05-13 00:06:24,225 [INFO] 
[8/13]
2026-05-13 00:06:24,225 [INFO] 
──────────────────────────────────────────────────
2026-05-13 00:06:24,225 [INFO] 🔍 S Sport → https://atomsportv503.top/matches?id=s-sport
2026-05-13 00:06:24,226 [INFO] ──────────────────────────────────────────────────
2026-05-13 00:06:56,092 [INFO]   📡 M3U8 bekleniyor (max 8s)...
2026-05-13 00:06:56,093 [INFO]   🎯 DOĞRU kanal bulundu: https://young-surf-88a9.pitpitvur.workers.dev/https://corestream.ronaldovurdu.help//hls/s-sport.m3u8
2026-05-13 00:06:56,093 [INFO]   ✅ S Sport: https://young-surf-88a9.pitpitvur.workers.dev/https://corestream.ronaldovurdu.help//hls/s-sport.m3u8
2026-05-13 00:06:57,093 [INFO] 
[9/13]
2026-05-13 00:06:57,094 [INFO] 
──────────────────────────────────────────────────
2026-05-13 00:06:57,094 [INFO] 🔍 S Sport 2 → https://atomsportv503.top/matches?id=s-sport-2
2026-05-13 00:06:57,094 [INFO] ──────────────────────────────────────────────────
2026-05-13 00:07:29,092 [INFO]   📡 M3U8 bekleniyor (max 8s)...
2026-05-13 00:07:29,092 [INFO]   🎯 DOĞRU kanal bulundu: https://young-surf-88a9.pitpitvur.workers.dev/https://corestream.ronaldovurdu.help//hls/s-sport-2.m3u8
2026-05-13 00:07:29,093 [INFO]   ✅ S Sport 2: https://young-surf-88a9.pitpitvur.workers.dev/https://corestream.ronaldovurdu.help//hls/s-sport-2.m3u8
2026-05-13 00:07:30,093 [INFO] 
[10/13]
2026-05-13 00:07:30,093 [INFO] 
──────────────────────────────────────────────────
2026-05-13 00:07:30,093 [INFO] 🔍 Tivibu Spor 1 → https://atomsportv503.top/matches?id=tivibu-spor-1
2026-05-13 00:07:30,093 [INFO] ──────────────────────────────────────────────────
2026-05-13 00:08:02,010 [INFO]   📡 M3U8 bekleniyor (max 8s)...
2026-05-13 00:08:10,021 [INFO]   ❌ Tivibu Spor 1: M3U8 bulunamadı
2026-05-13 00:08:11,021 [INFO] 
[11/13]
2026-05-13 00:08:11,021 [INFO] 
──────────────────────────────────────────────────
2026-05-13 00:08:11,021 [INFO] 🔍 Tivibu Spor 2 → https://atomsportv503.top/matches?id=tivibu-spor-2
2026-05-13 00:08:11,021 [INFO] ──────────────────────────────────────────────────
2026-05-13 00:08:42,925 [INFO]   📡 M3U8 bekleniyor (max 8s)...
2026-05-13 00:08:50,935 [INFO]   ❌ Tivibu Spor 2: M3U8 bulunamadı
2026-05-13 00:08:51,935 [INFO] 
[12/13]
2026-05-13 00:08:51,936 [INFO] 
──────────────────────────────────────────────────
2026-05-13 00:08:51,936 [INFO] 🔍 Tivibu Spor 3 → https://atomsportv503.top/matches?id=tivibu-spor-3
2026-05-13 00:08:51,936 [INFO] ──────────────────────────────────────────────────
2026-05-13 00:09:23,826 [INFO]   📡 M3U8 bekleniyor (max 8s)...
2026-05-13 00:09:31,837 [INFO]   ❌ Tivibu Spor 3: M3U8 bulunamadı
2026-05-13 00:09:32,837 [INFO] 
[13/13]
2026-05-13 00:09:32,837 [INFO] 
──────────────────────────────────────────────────
2026-05-13 00:09:32,837 [INFO] 🔍 Tivibu Spor 4 → https://atomsportv503.top/matches?id=tivibu-spor-4
2026-05-13 00:09:32,837 [INFO] ──────────────────────────────────────────────────
2026-05-13 00:10:04,750 [INFO]   📡 M3U8 bekleniyor (max 8s)...
2026-05-13 00:10:12,761 [INFO]   ❌ Tivibu Spor 4: M3U8 bulunamadı
2026-05-13 00:10:13,818 [INFO] 🔒 Driver kapatıldı
2026-05-13 00:10:13,819 [INFO] 
=======================================================
2026-05-13 00:10:13,819 [INFO] 🏁 Tamamlandı!
2026-05-13 00:10:13,819 [INFO] 📺 Kanal : 8/13
2026-05-13 00:10:13,819 [INFO] ⏱️  Süre  : 469.8s
2026-05-13 00:10:13,819 [INFO] =======================================================
2026-05-13 00:10:13,819 [INFO] ✅ playlist.m3u kaydedildi (proxy prefix'li)
2026-05-13 00:10:13,819 [INFO] ✅ stats.json kaydedildi
