2026-04-25 14:45:27,838 [INFO] 🔎 Domain aralığı taranıyor: atomsportv490.top - atomsportv520.top
2026-04-25 14:45:32,232 [INFO]   ✅ Aktif domain bulundu: https://atomsportv499.top
2026-04-25 14:45:32,234 [INFO] 🌐 Kullanılan BASE_URL: https://atomsportv499.top
2026-04-25 14:45:33,482 [INFO] ✅ SeleniumWire aktif
2026-04-25 14:45:33,484 [INFO] =======================================================
2026-04-25 14:45:33,484 [INFO]    M3U8 Scraper
2026-04-25 14:45:33,484 [INFO]    Base URL : https://atomsportv499.top
2026-04-25 14:45:33,484 [INFO]    Toplam   : 13 sayfa
2026-04-25 14:45:33,484 [INFO] =======================================================
2026-04-25 14:45:33,484 [INFO] 🔧 Driver başlatılıyor...
2026-04-25 14:45:34,227 [INFO] ✅ Driver başlatıldı
2026-04-25 14:45:34,227 [INFO] 
[1/13]
2026-04-25 14:45:34,227 [INFO] 
──────────────────────────────────────────────────
2026-04-25 14:45:34,227 [INFO] 🔍 beIN Sports 1 → https://atomsportv499.top/matches?id=bein-sports-1
2026-04-25 14:45:34,227 [INFO] ──────────────────────────────────────────────────
2026-04-25 14:46:06,433 [INFO]   📡 M3U8 bekleniyor (max 8s)...
2026-04-25 14:46:06,439 [INFO]   🎯 DOĞRU kanal bulundu: https://hlsssssss.ahkarsimbenim.workers.dev/https://corestream.ronaldovurdu.help//hls/bein-sports-11.m3u8
2026-04-25 14:46:06,440 [INFO]   ✅ beIN Sports 1: https://hlsssssss.ahkarsimbenim.workers.dev/https://corestream.ronaldovurdu.help//hls/bein-sports-11.m3u8
2026-04-25 14:46:07,440 [INFO] 
[2/13]
2026-04-25 14:46:07,440 [INFO] 
──────────────────────────────────────────────────
2026-04-25 14:46:07,440 [INFO] 🔍 beIN Sports 2 → https://atomsportv499.top/matches?id=bein-sports-2
2026-04-25 14:46:07,440 [INFO] ──────────────────────────────────────────────────
2026-04-25 14:46:45,195 [INFO]   📡 M3U8 bekleniyor (max 8s)...
2026-04-25 14:46:45,207 [INFO]   🎯 DOĞRU kanal bulundu: https://hlsssssss.ahkarsimbenim.workers.dev/https://corestream.ronaldovurdu.help//hls/bein-sports-2.m3u8
2026-04-25 14:46:45,208 [INFO]   ✅ beIN Sports 2: https://hlsssssss.ahkarsimbenim.workers.dev/https://corestream.ronaldovurdu.help//hls/bein-sports-2.m3u8
2026-04-25 14:46:46,208 [INFO] 
[3/13]
2026-04-25 14:46:46,208 [INFO] 
──────────────────────────────────────────────────
2026-04-25 14:46:46,208 [INFO] 🔍 beIN Sports 3 → https://atomsportv499.top/matches?id=bein-sports-3
2026-04-25 14:46:46,209 [INFO] ──────────────────────────────────────────────────
2026-04-25 14:47:18,193 [INFO]   📡 M3U8 bekleniyor (max 8s)...
2026-04-25 14:47:18,200 [INFO]   🎯 DOĞRU kanal bulundu: https://hlsssssss.ahkarsimbenim.workers.dev/https://corestream.ronaldovurdu.help//hls/bein-sports-3.m3u8
2026-04-25 14:47:18,201 [INFO]   ✅ beIN Sports 3: https://hlsssssss.ahkarsimbenim.workers.dev/https://corestream.ronaldovurdu.help//hls/bein-sports-3.m3u8
2026-04-25 14:47:19,201 [INFO] 
[4/13]
2026-04-25 14:47:19,201 [INFO] 
──────────────────────────────────────────────────
2026-04-25 14:47:19,201 [INFO] 🔍 beIN Sports 4 → https://atomsportv499.top/matches?id=bein-sports-4
2026-04-25 14:47:19,201 [INFO] ──────────────────────────────────────────────────
2026-04-25 14:47:51,080 [INFO]   📡 M3U8 bekleniyor (max 8s)...
2026-04-25 14:47:51,088 [INFO]   🎯 DOĞRU kanal bulundu: https://hlsssssss.ahkarsimbenim.workers.dev/https://corestream.ronaldovurdu.help//hls/bein-sports-4.m3u8
2026-04-25 14:47:51,089 [INFO]   ✅ beIN Sports 4: https://hlsssssss.ahkarsimbenim.workers.dev/https://corestream.ronaldovurdu.help//hls/bein-sports-4.m3u8
2026-04-25 14:47:52,089 [INFO] 
[5/13]
2026-04-25 14:47:52,089 [INFO] 
──────────────────────────────────────────────────
2026-04-25 14:47:52,089 [INFO] 🔍 beIN Sports 5 → https://atomsportv499.top/matches?id=bein-sports-5
2026-04-25 14:47:52,089 [INFO] ──────────────────────────────────────────────────
2026-04-25 14:48:24,228 [INFO]   📡 M3U8 bekleniyor (max 8s)...
2026-04-25 14:48:24,243 [INFO]   🎯 DOĞRU kanal bulundu: https://hlsssssss.ahkarsimbenim.workers.dev/https://corestream.ronaldovurdu.help//hls/bein-sports-5.m3u8
2026-04-25 14:48:24,244 [INFO]   ✅ beIN Sports 5: https://hlsssssss.ahkarsimbenim.workers.dev/https://corestream.ronaldovurdu.help//hls/bein-sports-5.m3u8
2026-04-25 14:48:25,245 [INFO] 
[6/13]
2026-04-25 14:48:25,245 [INFO] 
──────────────────────────────────────────────────
2026-04-25 14:48:25,245 [INFO] 🔍 beIN Sports Max 1 → https://atomsportv499.top/matches?id=bein-sports-max-1
2026-04-25 14:48:25,245 [INFO] ──────────────────────────────────────────────────
2026-04-25 14:48:57,165 [INFO]   📡 M3U8 bekleniyor (max 8s)...
2026-04-25 14:48:57,172 [INFO]   🎯 DOĞRU kanal bulundu: https://hlsssssss.ahkarsimbenim.workers.dev/https://corestream.ronaldovurdu.help//hls/bein-sports-max-1.m3u8
2026-04-25 14:48:57,172 [INFO]   ✅ beIN Sports Max 1: https://hlsssssss.ahkarsimbenim.workers.dev/https://corestream.ronaldovurdu.help//hls/bein-sports-max-1.m3u8
2026-04-25 14:48:58,173 [INFO] 
[7/13]
2026-04-25 14:48:58,173 [INFO] 
──────────────────────────────────────────────────
2026-04-25 14:48:58,173 [INFO] 🔍 beIN Sports Max 2 → https://atomsportv499.top/matches?id=bein-sports-max-2
2026-04-25 14:48:58,173 [INFO] ──────────────────────────────────────────────────
2026-04-25 14:49:30,136 [INFO]   📡 M3U8 bekleniyor (max 8s)...
2026-04-25 14:49:30,148 [INFO]   🎯 DOĞRU kanal bulundu: https://hlsssssss.ahkarsimbenim.workers.dev/https://corestream.ronaldovurdu.help//hls/bein-sports-max-2.m3u8
2026-04-25 14:49:30,148 [INFO]   ✅ beIN Sports Max 2: https://hlsssssss.ahkarsimbenim.workers.dev/https://corestream.ronaldovurdu.help//hls/bein-sports-max-2.m3u8
2026-04-25 14:49:31,149 [INFO] 
[8/13]
2026-04-25 14:49:31,149 [INFO] 
──────────────────────────────────────────────────
2026-04-25 14:49:31,149 [INFO] 🔍 S Sport → https://atomsportv499.top/matches?id=s-sport
2026-04-25 14:49:31,149 [INFO] ──────────────────────────────────────────────────
2026-04-25 14:50:03,052 [INFO]   📡 M3U8 bekleniyor (max 8s)...
2026-04-25 14:50:03,053 [INFO]   🎯 DOĞRU kanal bulundu: https://hlsssssss.ahkarsimbenim.workers.dev/https://corestream.ronaldovurdu.help//hls/s-sport.m3u8
2026-04-25 14:50:03,054 [INFO]   ✅ S Sport: https://hlsssssss.ahkarsimbenim.workers.dev/https://corestream.ronaldovurdu.help//hls/s-sport.m3u8
2026-04-25 14:50:04,054 [INFO] 
[9/13]
2026-04-25 14:50:04,054 [INFO] 
──────────────────────────────────────────────────
2026-04-25 14:50:04,054 [INFO] 🔍 S Sport 2 → https://atomsportv499.top/matches?id=s-sport-2
2026-04-25 14:50:04,054 [INFO] ──────────────────────────────────────────────────
2026-04-25 14:50:35,962 [INFO]   📡 M3U8 bekleniyor (max 8s)...
2026-04-25 14:50:35,967 [INFO]   🎯 DOĞRU kanal bulundu: https://hlsssssss.ahkarsimbenim.workers.dev/https://corestream.ronaldovurdu.help//hls/s-sport-2.m3u8
2026-04-25 14:50:35,968 [INFO]   ✅ S Sport 2: https://hlsssssss.ahkarsimbenim.workers.dev/https://corestream.ronaldovurdu.help//hls/s-sport-2.m3u8
2026-04-25 14:50:36,968 [INFO] 
[10/13]
2026-04-25 14:50:36,968 [INFO] 
──────────────────────────────────────────────────
2026-04-25 14:50:36,968 [INFO] 🔍 Tivibu Spor 1 → https://atomsportv499.top/matches?id=tivibu-spor-1
2026-04-25 14:50:36,969 [INFO] ──────────────────────────────────────────────────
2026-04-25 14:51:08,900 [INFO]   📡 M3U8 bekleniyor (max 8s)...
2026-04-25 14:51:16,913 [INFO]   ❌ Tivibu Spor 1: M3U8 bulunamadı
2026-04-25 14:51:17,913 [INFO] 
[11/13]
2026-04-25 14:51:17,913 [INFO] 
──────────────────────────────────────────────────
2026-04-25 14:51:17,913 [INFO] 🔍 Tivibu Spor 2 → https://atomsportv499.top/matches?id=tivibu-spor-2
2026-04-25 14:51:17,913 [INFO] ──────────────────────────────────────────────────
2026-04-25 14:51:50,383 [INFO]   📡 M3U8 bekleniyor (max 8s)...
2026-04-25 14:51:58,394 [INFO]   ❌ Tivibu Spor 2: M3U8 bulunamadı
2026-04-25 14:51:59,394 [INFO] 
[12/13]
2026-04-25 14:51:59,394 [INFO] 
──────────────────────────────────────────────────
2026-04-25 14:51:59,394 [INFO] 🔍 Tivibu Spor 3 → https://atomsportv499.top/matches?id=tivibu-spor-3
2026-04-25 14:51:59,394 [INFO] ──────────────────────────────────────────────────
2026-04-25 14:52:31,298 [INFO]   📡 M3U8 bekleniyor (max 8s)...
2026-04-25 14:52:39,310 [INFO]   ❌ Tivibu Spor 3: M3U8 bulunamadı
2026-04-25 14:52:40,310 [INFO] 
[13/13]
2026-04-25 14:52:40,310 [INFO] 
──────────────────────────────────────────────────
2026-04-25 14:52:40,310 [INFO] 🔍 Tivibu Spor 4 → https://atomsportv499.top/matches?id=tivibu-spor-4
2026-04-25 14:52:40,310 [INFO] ──────────────────────────────────────────────────
2026-04-25 14:53:12,372 [INFO]   📡 M3U8 bekleniyor (max 8s)...
2026-04-25 14:53:20,383 [INFO]   ❌ Tivibu Spor 4: M3U8 bulunamadı
2026-04-25 14:53:21,446 [INFO] 🔒 Driver kapatıldı
2026-04-25 14:53:21,446 [INFO] 
=======================================================
2026-04-25 14:53:21,446 [INFO] 🏁 Tamamlandı!
2026-04-25 14:53:21,446 [INFO] 📺 Kanal : 9/13
2026-04-25 14:53:21,446 [INFO] ⏱️  Süre  : 468.0s
2026-04-25 14:53:21,446 [INFO] =======================================================
2026-04-25 14:53:21,446 [INFO] ✅ playlist.m3u kaydedildi
2026-04-25 14:53:21,447 [INFO] ✅ stats.json kaydedildi
