2026-06-18 15:29:26,997 [INFO] 🌐 BASE_URL: https://atomsportv506.top
2026-06-18 15:29:28,062 [INFO] Başlanıyor... 14 kanal taranacak
2026-06-18 15:29:28,062 [INFO] Using default request storage
2026-06-18 15:29:28,067 [INFO] Created proxy listening on 127.0.0.1:33119
2026-06-18 15:29:28,727 [INFO] Capturing request: http://clients2.google.com/time/1/current?cup2key=10:O_drsbercpDrII8vJnocCYapvMUi5IDvuflIhqnSMLI&cup2hreq=e3b0c44298fc1c149afbf4c8996fb92427ae41e4649b934ca495991b7852b855
2026-06-18 15:29:28,765 [INFO] Capturing response: http://clients2.google.com/time/1/current?cup2key=10:O_drsbercpDrII8vJnocCYapvMUi5IDvuflIhqnSMLI&cup2hreq=e3b0c44298fc1c149afbf4c8996fb92427ae41e4649b934ca495991b7852b855 200 OK
2026-06-18 15:29:28,884 [INFO] 
[1/14]
2026-06-18 15:29:28,884 [INFO] 🔍 beIN Sports 1 → https://atomsportv506.top/matches?id=bein-sports-1
2026-06-18 15:29:28,938 [INFO] Capturing request: https://accounts.google.com/ListAccounts?gpsia=1&source=ChromiumBrowser&json=standard&laf=b64bin
2026-06-18 15:29:28,942 [INFO] Capturing request: https://update.googleapis.com/service/update2/json?cup2key=16:EK7jk9UrVq7p-KtcOf3Z7-93lBRAi0zzu2tvrsclbmA&cup2hreq=6d85bd83dc39cf1ec51a32e888a1768dfed231cb41ab97a7923fcfff5cbd86cf
2026-06-18 15:29:28,993 [INFO] Capturing response: https://update.googleapis.com/service/update2/json?cup2key=16:EK7jk9UrVq7p-KtcOf3Z7-93lBRAi0zzu2tvrsclbmA&cup2hreq=6d85bd83dc39cf1ec51a32e888a1768dfed231cb41ab97a7923fcfff5cbd86cf 200 
2026-06-18 15:29:28,996 [INFO] Capturing response: https://accounts.google.com/ListAccounts?gpsia=1&source=ChromiumBrowser&json=standard&laf=b64bin 200 
2026-06-18 15:29:29,039 [INFO] Capturing request: https://update.googleapis.com/service/update2/json?cup2key=16:626DrRhFntsRQSURAr3Qjz0jgX7NKPKz9hNiXeLreFM&cup2hreq=33267382239986ed2818b26a1d6cb50c4e86654bf6300a7e6ede065d5f086165
2026-06-18 15:29:29,058 [INFO] Capturing request: https://atomsportv506.top/matches?id=bein-sports-1
2026-06-18 15:29:29,064 [INFO] Capturing response: https://update.googleapis.com/service/update2/json?cup2key=16:626DrRhFntsRQSURAr3Qjz0jgX7NKPKz9hNiXeLreFM&cup2hreq=33267382239986ed2818b26a1d6cb50c4e86654bf6300a7e6ede065d5f086165 200 
2026-06-18 15:29:29,287 [INFO] Capturing request: https://www.google.com/async/folae?async=_fmt:pb&udm=50&client_locale=en-US&client_country=ZZ
2026-06-18 15:29:29,292 [INFO] Capturing response: https://atomsportv506.top/matches?id=bein-sports-1 200 
2026-06-18 15:29:29,309 [INFO] Capturing response: https://www.google.com/async/folae?async=_fmt:pb&udm=50&client_locale=en-US&client_country=ZZ 200 
2026-06-18 15:29:29,443 [INFO] Capturing request: https://atomsportv506.top/assets/js/clappr.js
2026-06-18 15:29:29,490 [INFO] Capturing request: https://cdnjs.cloudflare.com/ajax/libs/jquery/3.2.1/jquery.min.js
2026-06-18 15:29:29,495 [INFO] Capturing request: https://cdn.jsdelivr.net/npm/@clappr/player@latest/dist/clappr.min.js
2026-06-18 15:29:29,498 [INFO] Capturing response: https://atomsportv506.top/assets/js/clappr.js 200 
2026-06-18 15:29:29,515 [INFO] Capturing response: https://cdnjs.cloudflare.com/ajax/libs/jquery/3.2.1/jquery.min.js 200 
2026-06-18 15:29:29,530 [INFO] Capturing response: https://cdn.jsdelivr.net/npm/@clappr/player@latest/dist/clappr.min.js 200 
2026-06-18 15:29:29,710 [INFO] Capturing request: https://static.cloudflareinsights.com/beacon.min.js/v833ccba57c9e4d2798f2e76cebdd09a11778172276447
2026-06-18 15:29:29,768 [INFO] Capturing response: https://static.cloudflareinsights.com/beacon.min.js/v833ccba57c9e4d2798f2e76cebdd09a11778172276447 200 
2026-06-18 15:29:29,830 [INFO] Capturing request: https://atomsportv506.top/cdn-cgi/rum?
2026-06-18 15:29:29,929 [INFO] Capturing request: https://atomsportv506.top/favicon.ico
2026-06-18 15:29:29,940 [INFO] Capturing response: https://atomsportv506.top/cdn-cgi/rum? 204 
2026-06-18 15:29:29,976 [INFO] Capturing request: https://teletv5.top/load/yayinlink.php?id=bein-sports-1
2026-06-18 15:29:30,001 [INFO] Capturing response: https://atomsportv506.top/favicon.ico 200 
2026-06-18 15:29:30,292 [INFO] Capturing response: https://teletv5.top/load/yayinlink.php?id=bein-sports-1 200 
2026-06-18 15:29:30,430 [INFO] Capturing request: https://streamsport365.com/cinema
2026-06-18 15:29:30,682 [INFO] Capturing response: https://streamsport365.com/cinema 200 
2026-06-18 15:29:30,812 [INFO] Capturing request: https://atomsportv506.top/assets/img/player_logo_6880e4e4c52ee.png
2026-06-18 15:29:30,884 [INFO] Capturing request: https://hlssssssssssssssssss.yedeklinksa35.workers.dev/https://corestream.ronaldovurdu.help//aspor/tracks-v1a1/mono.m3u8
2026-06-18 15:29:30,888 [INFO] Capturing response: https://atomsportv506.top/assets/img/player_logo_6880e4e4c52ee.png 200 
2026-06-18 15:29:31,125 [INFO] Capturing response: https://hlssssssssssssssssss.yedeklinksa35.workers.dev/https://corestream.ronaldovurdu.help//aspor/tracks-v1a1/mono.m3u8 200 
2026-06-18 15:29:31,351 [INFO] Capturing request: https://ts.yedeklinksa35.workers.dev/aspor/tracks-v1a1/2026/06/18/15/28/55-10000.avif
2026-06-18 15:29:31,791 [INFO] Capturing response: https://ts.yedeklinksa35.workers.dev/aspor/tracks-v1a1/2026/06/18/15/28/55-10000.avif 200 
2026-06-18 15:29:31,797 [INFO] Capturing request: https://android.clients.google.com/checkin
2026-06-18 15:29:31,883 [INFO] Capturing response: https://android.clients.google.com/checkin 200 
2026-06-18 15:29:31,936 [INFO] Capturing request: https://android.clients.google.com/c2dm/register3
2026-06-18 15:29:31,939 [INFO] Capturing request: https://android.clients.google.com/c2dm/register3
2026-06-18 15:29:31,941 [INFO] Capturing request: https://android.clients.google.com/c2dm/register3
2026-06-18 15:29:31,988 [INFO] Capturing response: https://android.clients.google.com/c2dm/register3 200 
2026-06-18 15:29:31,993 [INFO] Capturing response: https://android.clients.google.com/c2dm/register3 200 
2026-06-18 15:29:31,997 [INFO] Capturing response: https://android.clients.google.com/c2dm/register3 200 
2026-06-18 15:29:32,080 [INFO] Capturing request: https://ts.yedeklinksa35.workers.dev/aspor/tracks-v1a1/2026/06/18/15/29/05-10000.avif
2026-06-18 15:29:32,547 [INFO] Capturing response: https://ts.yedeklinksa35.workers.dev/aspor/tracks-v1a1/2026/06/18/15/29/05-10000.avif 200 
2026-06-18 15:29:32,809 [INFO] Capturing request: https://ts.yedeklinksa35.workers.dev/aspor/tracks-v1a1/2026/06/18/15/29/15-10000.avif
2026-06-18 15:29:32,856 [INFO]   ✅ M3U8 bulundu: https://hlssssssssssssssssss.yedeklinksa35.workers.dev/https://corestream.ronaldovurdu.help//aspor/tracks-v1a1/mono.m3u8
2026-06-18 15:29:33,470 [INFO] Capturing response: https://ts.yedeklinksa35.workers.dev/aspor/tracks-v1a1/2026/06/18/15/29/15-10000.avif 200 
2026-06-18 15:29:33,856 [INFO] 
[2/14]
2026-06-18 15:29:33,856 [INFO] 🔍 beIN Sports 2 → https://atomsportv506.top/matches?id=bein-sports-2
2026-06-18 15:29:33,970 [INFO] Capturing request: https://atomsportv506.top/matches?id=bein-sports-2
2026-06-18 15:29:34,029 [INFO] Capturing response: https://atomsportv506.top/matches?id=bein-sports-2 200 
2026-06-18 15:29:34,043 [INFO] Capturing request: https://atomsportv506.top/cdn-cgi/rum?
2026-06-18 15:29:34,096 [INFO] Capturing request: https://atomsportv506.top/cdn-cgi/rum?
2026-06-18 15:29:34,096 [INFO] Capturing request: https://streamsport365.com/cinema
2026-06-18 15:29:34,156 [INFO] Capturing response: https://atomsportv506.top/cdn-cgi/rum? 204 
2026-06-18 15:29:34,195 [INFO] Capturing request: https://teletv5.top/load/yayinlink.php?id=bein-sports-2
2026-06-18 15:29:34,198 [INFO] Capturing request: https://atomsportv506.top/favicon.ico
2026-06-18 15:29:34,248 [INFO] Capturing response: https://atomsportv506.top/cdn-cgi/rum? 204 
2026-06-18 15:29:34,282 [INFO] Capturing response: https://atomsportv506.top/favicon.ico 200 
2026-06-18 15:29:34,348 [INFO] Capturing response: https://streamsport365.com/cinema 200 
2026-06-18 15:29:34,486 [INFO] Capturing response: https://teletv5.top/load/yayinlink.php?id=bein-sports-2 200 
2026-06-18 15:29:34,608 [INFO] Capturing request: https://hlssssssssssssssssss.yedeklinksa35.workers.dev/https://corestream.ronaldovurdu.help//bein2/tracks-v1a1/mono.m3u8
2026-06-18 15:29:34,757 [INFO] Capturing response: https://hlssssssssssssssssss.yedeklinksa35.workers.dev/https://corestream.ronaldovurdu.help//bein2/tracks-v1a1/mono.m3u8 200 
2026-06-18 15:29:34,866 [INFO] Capturing request: https://ts.yedeklinksa35.workers.dev/bein2/tracks-v1a1/2026/06/18/15/29/13-10000.avif
2026-06-18 15:29:37,112 [INFO]   ✅ M3U8 bulundu: https://hlssssssssssssssssss.yedeklinksa35.workers.dev/https://corestream.ronaldovurdu.help//bein2/tracks-v1a1/mono.m3u8
2026-06-18 15:29:37,690 [INFO] Capturing response: https://ts.yedeklinksa35.workers.dev/bein2/tracks-v1a1/2026/06/18/15/29/13-10000.avif 200 
2026-06-18 15:29:37,862 [INFO] Capturing request: https://ts.yedeklinksa35.workers.dev/bein2/tracks-v1a1/2026/06/18/15/29/23-09640.avif
2026-06-18 15:29:38,112 [INFO] 
[3/14]
2026-06-18 15:29:38,113 [INFO] 🔍 beIN Sports 3 → https://atomsportv506.top/matches?id=bein-sports-3
2026-06-18 15:29:38,221 [INFO] Capturing response: https://ts.yedeklinksa35.workers.dev/bein2/tracks-v1a1/2026/06/18/15/29/23-09640.avif 200 
2026-06-18 15:29:38,245 [INFO] Capturing request: https://atomsportv506.top/assets/js/clappr.js
2026-06-18 15:29:38,247 [INFO] Capturing request: https://atomsportv506.top/matches?id=bein-sports-3
2026-06-18 15:29:38,274 [INFO] Capturing response: https://atomsportv506.top/assets/js/clappr.js 200 
2026-06-18 15:29:38,307 [INFO] Capturing response: https://atomsportv506.top/matches?id=bein-sports-3 200 
2026-06-18 15:29:38,332 [INFO] Capturing request: https://atomsportv506.top/cdn-cgi/rum?
2026-06-18 15:29:38,367 [INFO] Capturing request: https://atomsportv506.top/cdn-cgi/rum?
2026-06-18 15:29:38,464 [INFO] Capturing request: https://teletv5.top/load/yayinlink.php?id=bein-sports-3
2026-06-18 15:29:38,468 [INFO] Capturing request: https://atomsportv506.top/favicon.ico
2026-06-18 15:29:38,475 [INFO] Capturing response: https://atomsportv506.top/cdn-cgi/rum? 204 
2026-06-18 15:29:38,476 [INFO] Capturing response: https://atomsportv506.top/cdn-cgi/rum? 204 
2026-06-18 15:29:38,524 [INFO] Capturing response: https://atomsportv506.top/favicon.ico 200 
2026-06-18 15:29:38,562 [INFO] Capturing request: https://streamsport365.com/cinema
2026-06-18 15:29:38,625 [INFO] Capturing response: https://teletv5.top/load/yayinlink.php?id=bein-sports-3 200 
2026-06-18 15:29:38,805 [INFO] Capturing response: https://streamsport365.com/cinema 200 
2026-06-18 15:29:53,415 [INFO] Capturing request: https://android.clients.google.com/c2dm/register3
2026-06-18 15:29:53,498 [INFO] Capturing response: https://android.clients.google.com/c2dm/register3 301 
2026-06-18 15:29:55,821 [INFO] Capturing request: https://android.clients.google.com/c2dm/register3
2026-06-18 15:29:56,574 [INFO] Capturing response: https://android.clients.google.com/c2dm/register3 200 
2026-06-18 15:30:01,444 [INFO] Capturing request: https://android.clients.google.com/c2dm/register3
2026-06-18 15:30:02,187 [INFO] Capturing response: https://android.clients.google.com/c2dm/register3 200 
2026-06-18 15:30:11,684 [WARNING]   ❌ beIN Sports 3 için M3U8 bulunamadı
2026-06-18 15:30:12,684 [INFO] 
[4/14]
2026-06-18 15:30:12,685 [INFO] 🔍 beIN Sports 4 → https://atomsportv506.top/matches?id=bein-sports-4
2026-06-18 15:30:12,793 [INFO] Capturing request: https://atomsportv506.top/assets/js/clappr.js
2026-06-18 15:30:12,795 [INFO] Capturing request: https://atomsportv506.top/matches?id=bein-sports-4
2026-06-18 15:30:12,835 [INFO] Capturing response: https://atomsportv506.top/assets/js/clappr.js 200 
2026-06-18 15:30:13,310 [INFO] Capturing response: https://atomsportv506.top/matches?id=bein-sports-4 200 
2026-06-18 15:30:13,319 [INFO] Capturing request: https://atomsportv506.top/cdn-cgi/rum?
2026-06-18 15:30:13,352 [INFO] Capturing request: https://atomsportv506.top/cdn-cgi/rum?
2026-06-18 15:30:13,448 [INFO] Capturing request: https://teletv5.top/load/yayinlink.php?id=bein-sports-4
2026-06-18 15:30:13,452 [INFO] Capturing request: https://atomsportv506.top/favicon.ico
2026-06-18 15:30:13,460 [INFO] Capturing response: https://atomsportv506.top/cdn-cgi/rum? 204 
2026-06-18 15:30:13,462 [INFO] Capturing response: https://atomsportv506.top/cdn-cgi/rum? 204 
2026-06-18 15:30:13,537 [INFO] Capturing response: https://atomsportv506.top/favicon.ico 200 
2026-06-18 15:30:13,546 [INFO] Capturing request: https://streamsport365.com/cinema
2026-06-18 15:30:13,607 [INFO] Capturing response: https://teletv5.top/load/yayinlink.php?id=bein-sports-4 200 
2026-06-18 15:30:13,796 [INFO] Capturing response: https://streamsport365.com/cinema 200 
2026-06-18 15:30:28,726 [INFO] Capturing request: https://update.googleapis.com/service/update2/json?cup2key=16:28pmO5_UORe4xIh8sVnSBoVV6_v_z1lnGgopgthln_U&cup2hreq=21cf5f6a843df11765e8899f2617dbfa4f9c479edb097d24572d8a0e0dfd27d4
2026-06-18 15:30:28,752 [INFO] Capturing response: https://update.googleapis.com/service/update2/json?cup2key=16:28pmO5_UORe4xIh8sVnSBoVV6_v_z1lnGgopgthln_U&cup2hreq=21cf5f6a843df11765e8899f2617dbfa4f9c479edb097d24572d8a0e0dfd27d4 200 
2026-06-18 15:30:28,758 [INFO] Capturing request: http://edgedl.me.gvt1.com/edgedl/diffgen-puffin/gcmjkmgdlgnkkcocmoeiminaijmmjnii/71d926df14cb4c89c6f8f88e6c0bfcf6fe1e1a256ca7f8db04002a111af4c5b0
2026-06-18 15:30:28,774 [INFO] Capturing response: http://edgedl.me.gvt1.com/edgedl/diffgen-puffin/gcmjkmgdlgnkkcocmoeiminaijmmjnii/71d926df14cb4c89c6f8f88e6c0bfcf6fe1e1a256ca7f8db04002a111af4c5b0 200 OK
2026-06-18 15:30:28,801 [INFO] Capturing request: https://update.googleapis.com/service/update2/json
2026-06-18 15:30:28,825 [INFO] Capturing response: https://update.googleapis.com/service/update2/json 200 
2026-06-18 15:30:28,870 [INFO] Capturing request: http://edgedl.me.gvt1.com/edgedl/release2/chrome_component/grsimr6ywhxjadcuq4naacdv7m_10592/hfnkpimlhhgieaddgfemjhofmfblmnib_10592_all_acwfs7hm5v2xcr2liuppffagbk4q.crx3
2026-06-18 15:30:28,886 [INFO] Capturing response: http://edgedl.me.gvt1.com/edgedl/release2/chrome_component/grsimr6ywhxjadcuq4naacdv7m_10592/hfnkpimlhhgieaddgfemjhofmfblmnib_10592_all_acwfs7hm5v2xcr2liuppffagbk4q.crx3 200 OK
2026-06-18 15:30:28,916 [INFO] Capturing request: https://update.googleapis.com/service/update2/json
2026-06-18 15:30:28,938 [INFO] Capturing response: https://update.googleapis.com/service/update2/json 200 
2026-06-18 15:30:46,643 [WARNING]   ❌ beIN Sports 4 için M3U8 bulunamadı
2026-06-18 15:30:46,918 [INFO] Capturing request: https://android.clients.google.com/c2dm/register3
2026-06-18 15:30:46,971 [INFO] Capturing response: https://android.clients.google.com/c2dm/register3 429 
2026-06-18 15:30:47,644 [INFO] 
[5/14]
2026-06-18 15:30:47,644 [INFO] 🔍 beIN Sports 5 → https://atomsportv506.top/matches?id=bein-sports-5
2026-06-18 15:30:47,800 [INFO] Capturing request: https://atomsportv506.top/matches?id=bein-sports-5
2026-06-18 15:30:47,804 [INFO] Capturing request: https://atomsportv506.top/assets/js/clappr.js
2026-06-18 15:30:47,837 [INFO] Capturing response: https://atomsportv506.top/assets/js/clappr.js 200 
2026-06-18 15:30:48,492 [INFO] Capturing response: https://atomsportv506.top/matches?id=bein-sports-5 200 
2026-06-18 15:30:48,500 [INFO] Capturing request: https://atomsportv506.top/cdn-cgi/rum?
2026-06-18 15:30:48,536 [INFO] Capturing request: https://atomsportv506.top/cdn-cgi/rum?
2026-06-18 15:30:48,634 [INFO] Capturing request: https://atomsportv506.top/favicon.ico
2026-06-18 15:30:48,649 [INFO] Capturing response: https://atomsportv506.top/cdn-cgi/rum? 204 
2026-06-18 15:30:48,651 [INFO] Capturing response: https://atomsportv506.top/cdn-cgi/rum? 204 
2026-06-18 15:30:48,684 [INFO] Capturing response: https://atomsportv506.top/favicon.ico 200 
2026-06-18 15:30:48,687 [INFO] Capturing request: https://teletv5.top/load/yayinlink.php?id=bein-sports-5
2026-06-18 15:30:48,849 [INFO] Capturing response: https://teletv5.top/load/yayinlink.php?id=bein-sports-5 200 
2026-06-18 15:30:49,150 [INFO] Capturing request: https://streamsport365.com/cinema
2026-06-18 15:30:49,404 [INFO] Capturing response: https://streamsport365.com/cinema 200 
2026-06-18 15:31:21,811 [WARNING]   ❌ beIN Sports 5 için M3U8 bulunamadı
2026-06-18 15:31:22,811 [INFO] 
[6/14]
2026-06-18 15:31:22,811 [INFO] 🔍 beIN Sports Max 1 → https://atomsportv506.top/matches?id=bein-sports-max-1
2026-06-18 15:31:22,922 [INFO] Capturing request: https://atomsportv506.top/assets/js/clappr.js
2026-06-18 15:31:22,922 [INFO] Capturing request: https://atomsportv506.top/matches?id=bein-sports-max-1
2026-06-18 15:31:22,974 [INFO] Capturing response: https://atomsportv506.top/assets/js/clappr.js 200 
2026-06-18 15:31:23,196 [INFO] Capturing response: https://atomsportv506.top/matches?id=bein-sports-max-1 200 
2026-06-18 15:31:23,205 [INFO] Capturing request: https://atomsportv506.top/cdn-cgi/rum?
2026-06-18 15:31:23,234 [INFO] Capturing request: https://atomsportv506.top/cdn-cgi/rum?
2026-06-18 15:31:23,314 [INFO] Capturing response: https://atomsportv506.top/cdn-cgi/rum? 204 
2026-06-18 15:31:23,328 [INFO] Capturing request: https://teletv5.top/load/yayinlink.php?id=bein-sports-max-1
2026-06-18 15:31:23,339 [INFO] Capturing request: https://atomsportv506.top/favicon.ico
2026-06-18 15:31:23,385 [INFO] Capturing response: https://atomsportv506.top/cdn-cgi/rum? 204 
2026-06-18 15:31:23,394 [INFO] Capturing response: https://atomsportv506.top/favicon.ico 200 
2026-06-18 15:31:23,431 [INFO] Capturing request: https://streamsport365.com/cinema
2026-06-18 15:31:23,683 [INFO] Capturing response: https://streamsport365.com/cinema 200 
2026-06-18 15:31:23,909 [INFO] Capturing response: https://teletv5.top/load/yayinlink.php?id=bein-sports-max-1 200 
2026-06-18 15:31:56,508 [WARNING]   ❌ beIN Sports Max 1 için M3U8 bulunamadı
2026-06-18 15:31:57,508 [INFO] 
[7/14]
2026-06-18 15:31:57,508 [INFO] 🔍 beIN Sports Max 2 → https://atomsportv506.top/matches?id=bein-sports-max-2
2026-06-18 15:31:57,617 [INFO] Capturing request: https://atomsportv506.top/assets/js/clappr.js
2026-06-18 15:31:57,619 [INFO] Capturing request: https://atomsportv506.top/matches?id=bein-sports-max-2
2026-06-18 15:31:57,641 [INFO] Capturing response: https://atomsportv506.top/assets/js/clappr.js 200 
2026-06-18 15:31:57,900 [INFO] Capturing response: https://atomsportv506.top/matches?id=bein-sports-max-2 200 
2026-06-18 15:31:57,910 [INFO] Capturing request: https://atomsportv506.top/cdn-cgi/rum?
2026-06-18 15:31:57,943 [INFO] Capturing request: https://atomsportv506.top/cdn-cgi/rum?
2026-06-18 15:31:58,043 [INFO] Capturing request: https://teletv5.top/load/yayinlink.php?id=bein-sports-max-2
2026-06-18 15:31:58,046 [INFO] Capturing request: https://atomsportv506.top/favicon.ico
2026-06-18 15:31:58,051 [INFO] Capturing response: https://atomsportv506.top/cdn-cgi/rum? 204 
2026-06-18 15:31:58,053 [INFO] Capturing response: https://atomsportv506.top/cdn-cgi/rum? 204 
2026-06-18 15:31:58,093 [INFO] Capturing response: https://atomsportv506.top/favicon.ico 200 
2026-06-18 15:31:58,144 [INFO] Capturing request: https://streamsport365.com/cinema
2026-06-18 15:31:58,198 [INFO] Capturing response: https://teletv5.top/load/yayinlink.php?id=bein-sports-max-2 200 
2026-06-18 15:31:58,390 [INFO] Capturing response: https://streamsport365.com/cinema 200 
2026-06-18 15:32:31,225 [WARNING]   ❌ beIN Sports Max 2 için M3U8 bulunamadı
2026-06-18 15:32:32,225 [INFO] 
[8/14]
2026-06-18 15:32:32,225 [INFO] 🔍 S Sport → https://atomsportv506.top/matches?id=s-sport
2026-06-18 15:32:32,334 [INFO] Capturing request: https://atomsportv506.top/assets/js/clappr.js
2026-06-18 15:32:32,336 [INFO] Capturing request: https://atomsportv506.top/matches?id=s-sport
2026-06-18 15:32:32,362 [INFO] Capturing response: https://atomsportv506.top/assets/js/clappr.js 200 
2026-06-18 15:32:32,625 [INFO] Capturing response: https://atomsportv506.top/matches?id=s-sport 200 
2026-06-18 15:32:32,635 [INFO] Capturing request: https://atomsportv506.top/cdn-cgi/rum?
2026-06-18 15:32:32,664 [INFO] Capturing request: https://atomsportv506.top/cdn-cgi/rum?
2026-06-18 15:32:32,746 [INFO] Capturing response: https://atomsportv506.top/cdn-cgi/rum? 204 
2026-06-18 15:32:32,760 [INFO] Capturing request: https://teletv5.top/load/yayinlink.php?id=s-sport
2026-06-18 15:32:32,768 [INFO] Capturing request: https://atomsportv506.top/favicon.ico
2026-06-18 15:32:32,817 [INFO] Capturing response: https://atomsportv506.top/cdn-cgi/rum? 204 
2026-06-18 15:32:32,831 [INFO] Capturing response: https://atomsportv506.top/favicon.ico 200 
2026-06-18 15:32:32,856 [INFO] Capturing request: https://streamsport365.com/cinema
2026-06-18 15:32:32,921 [INFO] Capturing response: https://teletv5.top/load/yayinlink.php?id=s-sport 200 
2026-06-18 15:32:33,102 [INFO] Capturing response: https://streamsport365.com/cinema 200 
2026-06-18 15:32:33,257 [INFO] Capturing request: https://hlssssssssssssssssss.yedeklinksa35.workers.dev/https://corestream.ronaldovurdu.help//s-sportt/tracks-v1a1/mono.m3u8
2026-06-18 15:32:33,540 [INFO] Capturing response: https://hlssssssssssssssssss.yedeklinksa35.workers.dev/https://corestream.ronaldovurdu.help//s-sportt/tracks-v1a1/mono.m3u8 200 
2026-06-18 15:32:33,723 [INFO] Capturing request: https://ts.yedeklinksa35.workers.dev/s-sportt/tracks-v1a1/2026/06/18/15/32/44-05000.avif
2026-06-18 15:32:34,064 [INFO] Capturing response: https://ts.yedeklinksa35.workers.dev/s-sportt/tracks-v1a1/2026/06/18/15/32/44-05000.avif 200 
2026-06-18 15:32:34,261 [INFO] Capturing request: https://ts.yedeklinksa35.workers.dev/s-sportt/tracks-v1a1/2026/06/18/15/32/49-05000.avif
2026-06-18 15:32:34,850 [INFO] Capturing response: https://ts.yedeklinksa35.workers.dev/s-sportt/tracks-v1a1/2026/06/18/15/32/49-05000.avif 200 
2026-06-18 15:32:35,066 [INFO] Capturing request: https://ts.yedeklinksa35.workers.dev/s-sportt/tracks-v1a1/2026/06/18/15/32/54-06580.avif
2026-06-18 15:32:35,444 [INFO] Capturing response: https://ts.yedeklinksa35.workers.dev/s-sportt/tracks-v1a1/2026/06/18/15/32/54-06580.avif 200 
2026-06-18 15:32:35,667 [INFO] Capturing request: https://ts.yedeklinksa35.workers.dev/s-sportt/tracks-v1a1/2026/06/18/15/33/01-05000.avif
2026-06-18 15:32:35,690 [INFO]   ✅ M3U8 bulundu: https://hlssssssssssssssssss.yedeklinksa35.workers.dev/https://corestream.ronaldovurdu.help//s-sportt/tracks-v1a1/mono.m3u8
2026-06-18 15:32:35,879 [INFO] Capturing response: https://ts.yedeklinksa35.workers.dev/s-sportt/tracks-v1a1/2026/06/18/15/33/01-05000.avif 200 
2026-06-18 15:32:36,691 [INFO] 
[9/14]
2026-06-18 15:32:36,691 [INFO] 🔍 S Sport 2 → https://atomsportv506.top/matches?id=s-sport-2
2026-06-18 15:32:36,800 [INFO] Capturing request: https://atomsportv506.top/assets/js/clappr.js
2026-06-18 15:32:36,802 [INFO] Capturing request: https://atomsportv506.top/matches?id=s-sport-2
2026-06-18 15:32:36,824 [INFO] Capturing response: https://atomsportv506.top/assets/js/clappr.js 200 
2026-06-18 15:32:36,871 [INFO] Capturing response: https://atomsportv506.top/matches?id=s-sport-2 200 
2026-06-18 15:32:36,880 [INFO] Capturing request: https://atomsportv506.top/cdn-cgi/rum?
2026-06-18 15:32:36,922 [INFO] Capturing request: https://streamsport365.com/cinema
2026-06-18 15:32:36,932 [INFO] Capturing request: https://atomsportv506.top/cdn-cgi/rum?
2026-06-18 15:32:37,023 [INFO] Capturing request: https://teletv5.top/load/yayinlink.php?id=s-sport-2
2026-06-18 15:32:37,032 [INFO] Capturing request: https://atomsportv506.top/favicon.ico
2026-06-18 15:32:37,034 [INFO] Capturing response: https://atomsportv506.top/cdn-cgi/rum? 204 
2026-06-18 15:32:37,067 [INFO] Capturing response: https://atomsportv506.top/favicon.ico 200 
2026-06-18 15:32:37,082 [INFO] Capturing response: https://atomsportv506.top/cdn-cgi/rum? 204 
2026-06-18 15:32:37,174 [INFO] Capturing response: https://teletv5.top/load/yayinlink.php?id=s-sport-2 200 
2026-06-18 15:32:37,176 [INFO] Capturing response: https://streamsport365.com/cinema 200 
2026-06-18 15:32:37,335 [INFO] Capturing request: https://hlssssssssssssssssss.yedeklinksa35.workers.dev/https://corestream.ronaldovurdu.help//s-sport2/tracks-v1a1/mono.m3u8
2026-06-18 15:32:37,473 [INFO] Capturing response: https://hlssssssssssssssssss.yedeklinksa35.workers.dev/https://corestream.ronaldovurdu.help//s-sport2/tracks-v1a1/mono.m3u8 200 
2026-06-18 15:32:37,582 [INFO] Capturing request: https://ts.yedeklinksa35.workers.dev/s-sport2/tracks-v1a1/2026/06/18/15/32/32-06000.avif
2026-06-18 15:32:38,160 [INFO] Capturing response: https://ts.yedeklinksa35.workers.dev/s-sport2/tracks-v1a1/2026/06/18/15/32/32-06000.avif 200 
2026-06-18 15:32:38,376 [INFO] Capturing request: https://ts.yedeklinksa35.workers.dev/s-sport2/tracks-v1a1/2026/06/18/15/32/38-06000.avif
2026-06-18 15:32:38,844 [INFO] Capturing response: https://ts.yedeklinksa35.workers.dev/s-sport2/tracks-v1a1/2026/06/18/15/32/38-06000.avif 200 
2026-06-18 15:32:39,052 [INFO] Capturing request: https://ts.yedeklinksa35.workers.dev/s-sport2/tracks-v1a1/2026/06/18/15/32/44-06000.avif
2026-06-18 15:32:39,532 [INFO] Capturing response: https://ts.yedeklinksa35.workers.dev/s-sport2/tracks-v1a1/2026/06/18/15/32/44-06000.avif 200 
2026-06-18 15:32:39,958 [INFO]   ✅ M3U8 bulundu: https://hlssssssssssssssssss.yedeklinksa35.workers.dev/https://corestream.ronaldovurdu.help//s-sport2/tracks-v1a1/mono.m3u8
2026-06-18 15:32:40,958 [INFO] 
[10/14]
2026-06-18 15:32:40,958 [INFO] 🔍 A Spor → https://atomsportv506.top/matches?id=a-spor
2026-06-18 15:32:41,069 [INFO] Capturing request: https://atomsportv506.top/assets/js/clappr.js
2026-06-18 15:32:41,070 [INFO] Capturing request: https://atomsportv506.top/matches?id=a-spor
2026-06-18 15:32:41,093 [INFO] Capturing response: https://atomsportv506.top/assets/js/clappr.js 200 
2026-06-18 15:32:41,144 [INFO] Capturing response: https://atomsportv506.top/matches?id=a-spor 200 
2026-06-18 15:32:41,155 [INFO] Capturing request: https://atomsportv506.top/cdn-cgi/rum?
2026-06-18 15:32:41,199 [INFO] Capturing request: https://atomsportv506.top/cdn-cgi/rum?
2026-06-18 15:32:41,272 [INFO] Capturing response: https://atomsportv506.top/cdn-cgi/rum? 204 
2026-06-18 15:32:41,291 [INFO] Capturing request: https://teletv5.top/load/yayinlink.php?id=a-spor
2026-06-18 15:32:41,297 [INFO] Capturing request: https://atomsportv506.top/favicon.ico
2026-06-18 15:32:41,345 [INFO] Capturing response: https://atomsportv506.top/favicon.ico 200 
2026-06-18 15:32:41,349 [INFO] Capturing response: https://atomsportv506.top/cdn-cgi/rum? 204 
2026-06-18 15:32:41,388 [INFO] Capturing request: https://streamsport365.com/cinema
2026-06-18 15:32:41,442 [INFO] Capturing response: https://teletv5.top/load/yayinlink.php?id=a-spor 200 
2026-06-18 15:32:41,646 [INFO] Capturing response: https://streamsport365.com/cinema 200 
2026-06-18 15:32:41,765 [INFO] Capturing request: https://hlssssssssssssssssss.yedeklinksa35.workers.dev/https://corestream.ronaldovurdu.help//aspor/tracks-v1a1/mono.m3u8
2026-06-18 15:32:41,894 [INFO] Capturing response: https://hlssssssssssssssssss.yedeklinksa35.workers.dev/https://corestream.ronaldovurdu.help//aspor/tracks-v1a1/mono.m3u8 200 
2026-06-18 15:32:42,005 [INFO] Capturing request: https://ts.yedeklinksa35.workers.dev/aspor/tracks-v1a1/2026/06/18/15/31/55-10000.avif
2026-06-18 15:32:42,449 [INFO] Capturing response: https://ts.yedeklinksa35.workers.dev/aspor/tracks-v1a1/2026/06/18/15/31/55-10000.avif 200 
2026-06-18 15:32:42,730 [INFO] Capturing request: https://ts.yedeklinksa35.workers.dev/aspor/tracks-v1a1/2026/06/18/15/32/05-10000.avif
2026-06-18 15:32:43,410 [INFO] Capturing response: https://ts.yedeklinksa35.workers.dev/aspor/tracks-v1a1/2026/06/18/15/32/05-10000.avif 200 
2026-06-18 15:32:43,690 [INFO] Capturing request: https://ts.yedeklinksa35.workers.dev/aspor/tracks-v1a1/2026/06/18/15/32/15-10000.avif
2026-06-18 15:32:44,244 [INFO]   ✅ M3U8 bulundu: https://hlssssssssssssssssss.yedeklinksa35.workers.dev/https://corestream.ronaldovurdu.help//aspor/tracks-v1a1/mono.m3u8
2026-06-18 15:32:44,458 [INFO] Capturing response: https://ts.yedeklinksa35.workers.dev/aspor/tracks-v1a1/2026/06/18/15/32/15-10000.avif 200 
2026-06-18 15:32:45,246 [INFO] 
[11/14]
2026-06-18 15:32:45,246 [INFO] 🔍 Tivibu Spor 1 → https://atomsportv506.top/matches?id=tivibu-spor-1
2026-06-18 15:32:45,357 [INFO] Capturing request: https://atomsportv506.top/assets/js/clappr.js
2026-06-18 15:32:45,359 [INFO] Capturing request: https://atomsportv506.top/matches?id=tivibu-spor-1
2026-06-18 15:32:45,388 [INFO] Capturing response: https://atomsportv506.top/assets/js/clappr.js 200 
2026-06-18 15:32:45,411 [INFO] Capturing response: https://atomsportv506.top/matches?id=tivibu-spor-1 200 
2026-06-18 15:32:45,420 [INFO] Capturing request: https://atomsportv506.top/cdn-cgi/rum?
2026-06-18 15:32:45,446 [INFO] Capturing request: https://streamsport365.com/cinema
2026-06-18 15:32:45,451 [INFO] Capturing request: https://atomsportv506.top/cdn-cgi/rum?
2026-06-18 15:32:45,545 [INFO] Capturing request: https://teletv5.top/load/yayinlink.php?id=tivibu-spor-1
2026-06-18 15:32:45,551 [INFO] Capturing request: https://atomsportv506.top/favicon.ico
2026-06-18 15:32:45,559 [INFO] Capturing response: https://atomsportv506.top/cdn-cgi/rum? 204 
2026-06-18 15:32:45,561 [INFO] Capturing response: https://atomsportv506.top/cdn-cgi/rum? 204 
2026-06-18 15:32:45,588 [INFO] Capturing response: https://atomsportv506.top/favicon.ico 200 
2026-06-18 15:32:45,701 [INFO] Capturing response: https://streamsport365.com/cinema 200 
2026-06-18 15:32:45,713 [INFO] Capturing response: https://teletv5.top/load/yayinlink.php?id=tivibu-spor-1 200 
2026-06-18 15:33:18,724 [WARNING]   ❌ Tivibu Spor 1 için M3U8 bulunamadı
2026-06-18 15:33:19,724 [INFO] 
[12/14]
2026-06-18 15:33:19,724 [INFO] 🔍 Tivibu Spor 2 → https://atomsportv506.top/matches?id=tivibu-spor-2
2026-06-18 15:33:19,832 [INFO] Capturing request: https://atomsportv506.top/assets/js/clappr.js
2026-06-18 15:33:19,835 [INFO] Capturing request: https://atomsportv506.top/matches?id=tivibu-spor-2
2026-06-18 15:33:19,859 [INFO] Capturing response: https://atomsportv506.top/assets/js/clappr.js 200 
2026-06-18 15:33:20,118 [INFO] Capturing response: https://atomsportv506.top/matches?id=tivibu-spor-2 200 
2026-06-18 15:33:20,128 [INFO] Capturing request: https://atomsportv506.top/cdn-cgi/rum?
2026-06-18 15:33:20,162 [INFO] Capturing request: https://atomsportv506.top/cdn-cgi/rum?
2026-06-18 15:33:20,237 [INFO] Capturing response: https://atomsportv506.top/cdn-cgi/rum? 204 
2026-06-18 15:33:20,257 [INFO] Capturing request: https://teletv5.top/load/yayinlink.php?id=tivibu-spor-2
2026-06-18 15:33:20,263 [INFO] Capturing request: https://atomsportv506.top/favicon.ico
2026-06-18 15:33:20,302 [INFO] Capturing response: https://atomsportv506.top/favicon.ico 200 
2026-06-18 15:33:20,312 [INFO] Capturing response: https://atomsportv506.top/cdn-cgi/rum? 204 
2026-06-18 15:33:20,355 [INFO] Capturing request: https://streamsport365.com/cinema
2026-06-18 15:33:20,413 [INFO] Capturing response: https://teletv5.top/load/yayinlink.php?id=tivibu-spor-2 200 
2026-06-18 15:33:20,599 [INFO] Capturing response: https://streamsport365.com/cinema 200 
2026-06-18 15:33:53,437 [WARNING]   ❌ Tivibu Spor 2 için M3U8 bulunamadı
2026-06-18 15:33:54,438 [INFO] 
[13/14]
2026-06-18 15:33:54,438 [INFO] 🔍 Tivibu Spor 3 → https://atomsportv506.top/matches?id=tivibu-spor-3
2026-06-18 15:33:54,546 [INFO] Capturing request: https://atomsportv506.top/assets/js/clappr.js
2026-06-18 15:33:54,548 [INFO] Capturing request: https://atomsportv506.top/matches?id=tivibu-spor-3
2026-06-18 15:33:54,573 [INFO] Capturing response: https://atomsportv506.top/assets/js/clappr.js 200 
2026-06-18 15:33:54,830 [INFO] Capturing response: https://atomsportv506.top/matches?id=tivibu-spor-3 200 
2026-06-18 15:33:54,839 [INFO] Capturing request: https://atomsportv506.top/cdn-cgi/rum?
2026-06-18 15:33:54,874 [INFO] Capturing request: https://atomsportv506.top/cdn-cgi/rum?
2026-06-18 15:33:54,947 [INFO] Capturing response: https://atomsportv506.top/cdn-cgi/rum? 204 
2026-06-18 15:33:54,971 [INFO] Capturing request: https://teletv5.top/load/yayinlink.php?id=tivibu-spor-3
2026-06-18 15:33:54,974 [INFO] Capturing request: https://atomsportv506.top/favicon.ico
2026-06-18 15:33:55,017 [INFO] Capturing response: https://atomsportv506.top/favicon.ico 200 
2026-06-18 15:33:55,024 [INFO] Capturing response: https://atomsportv506.top/cdn-cgi/rum? 204 
2026-06-18 15:33:55,064 [INFO] Capturing request: https://streamsport365.com/cinema
2026-06-18 15:33:55,127 [INFO] Capturing response: https://teletv5.top/load/yayinlink.php?id=tivibu-spor-3 200 
2026-06-18 15:33:55,311 [INFO] Capturing response: https://streamsport365.com/cinema 200 
2026-06-18 15:34:28,150 [WARNING]   ❌ Tivibu Spor 3 için M3U8 bulunamadı
2026-06-18 15:34:29,150 [INFO] 
[14/14]
2026-06-18 15:34:29,150 [INFO] 🔍 Tivibu Spor 4 → https://atomsportv506.top/matches?id=tivibu-spor-4
2026-06-18 15:34:29,259 [INFO] Capturing request: https://atomsportv506.top/assets/js/clappr.js
2026-06-18 15:34:29,261 [INFO] Capturing request: https://atomsportv506.top/matches?id=tivibu-spor-4
2026-06-18 15:34:29,284 [INFO] Capturing response: https://atomsportv506.top/assets/js/clappr.js 200 
2026-06-18 15:34:29,542 [INFO] Capturing response: https://atomsportv506.top/matches?id=tivibu-spor-4 200 
2026-06-18 15:34:29,553 [INFO] Capturing request: https://atomsportv506.top/cdn-cgi/rum?
2026-06-18 15:34:29,581 [INFO] Capturing request: https://atomsportv506.top/cdn-cgi/rum?
2026-06-18 15:34:29,663 [INFO] Capturing response: https://atomsportv506.top/cdn-cgi/rum? 204 
2026-06-18 15:34:29,682 [INFO] Capturing request: https://teletv5.top/load/yayinlink.php?id=tivibu-spor-4
2026-06-18 15:34:29,685 [INFO] Capturing request: https://atomsportv506.top/favicon.ico
2026-06-18 15:34:29,720 [INFO] Capturing response: https://atomsportv506.top/favicon.ico 200 
2026-06-18 15:34:29,732 [INFO] Capturing response: https://atomsportv506.top/cdn-cgi/rum? 204 
2026-06-18 15:34:29,779 [INFO] Capturing request: https://streamsport365.com/cinema
2026-06-18 15:34:29,848 [INFO] Capturing response: https://teletv5.top/load/yayinlink.php?id=tivibu-spor-4 200 
2026-06-18 15:34:30,034 [INFO] Capturing response: https://streamsport365.com/cinema 200 
2026-06-18 15:34:46,973 [INFO] 127.0.0.1:56842: HTTP/2 connection terminated by server: error code: 0, last stream id: 201, additional data: b'session_timed_out'
2026-06-18 15:35:02,861 [WARNING]   ❌ Tivibu Spor 4 için M3U8 bulunamadı
2026-06-18 15:35:03,929 [INFO] ✅ 5 kanal bulundu, playlist.m3u kaydedildi
