2026-05-22 15:36:47,286 [INFO] 🔎 Domain aralığı taranıyor: atomsportv503.top - atomsportv535.top
2026-05-22 15:36:48,557 [INFO]   ✅ Aktif domain bulundu: https://atomsportv503.top
2026-05-22 15:36:48,558 [INFO] 🌐 Kullanılan BASE_URL: https://atomsportv503.top
2026-05-22 15:36:48,558 [INFO] 🔗 Proxy Prefix: https://ronaldo.magnitude.workers.dev/?url=
2026-05-22 15:36:49,435 [INFO] ✅ SeleniumWire aktif
2026-05-22 15:36:49,437 [INFO] =======================================================
2026-05-22 15:36:49,437 [INFO]    M3U8 Scraper
2026-05-22 15:36:49,437 [INFO]    Base URL    : https://atomsportv503.top
2026-05-22 15:36:49,437 [INFO]    Proxy Prefix: https://ronaldo.magnitude.workers.dev/?url=
2026-05-22 15:36:49,437 [INFO]    Toplam      : 13 sayfa
2026-05-22 15:36:49,437 [INFO] =======================================================
2026-05-22 15:36:49,437 [INFO] 🔧 Driver başlatılıyor...
2026-05-22 15:36:50,220 [INFO] ✅ Driver başlatıldı
2026-05-22 15:36:50,220 [INFO] 
[1/13]
2026-05-22 15:36:50,220 [INFO] 
──────────────────────────────────────────────────
2026-05-22 15:36:50,220 [INFO] 🔍 beIN Sports 1 → https://atomsportv503.top/matches?id=bein-sports-1
2026-05-22 15:36:50,220 [INFO] ──────────────────────────────────────────────────
2026-05-22 15:37:22,701 [INFO]   📡 M3U8 bekleniyor (max 8s)...
2026-05-22 15:37:30,773 [INFO]   ❌ beIN Sports 1: M3U8 bulunamadı
2026-05-22 15:37:31,774 [INFO] 
[2/13]
2026-05-22 15:37:31,774 [INFO] 
──────────────────────────────────────────────────
2026-05-22 15:37:31,774 [INFO] 🔍 beIN Sports 2 → https://atomsportv503.top/matches?id=bein-sports-2
2026-05-22 15:37:31,774 [INFO] ──────────────────────────────────────────────────
2026-05-22 15:38:03,891 [INFO]   📡 M3U8 bekleniyor (max 8s)...
2026-05-22 15:38:12,006 [INFO]   ❌ beIN Sports 2: M3U8 bulunamadı
2026-05-22 15:38:13,006 [INFO] 
[3/13]
2026-05-22 15:38:13,006 [INFO] 
──────────────────────────────────────────────────
2026-05-22 15:38:13,006 [INFO] 🔍 beIN Sports 3 → https://atomsportv503.top/matches?id=bein-sports-3
2026-05-22 15:38:13,006 [INFO] ──────────────────────────────────────────────────
2026-05-22 15:38:45,105 [INFO]   📡 M3U8 bekleniyor (max 8s)...
2026-05-22 15:38:53,126 [INFO]   ❌ beIN Sports 3: M3U8 bulunamadı
2026-05-22 15:38:54,126 [INFO] 
[4/13]
2026-05-22 15:38:54,127 [INFO] 
──────────────────────────────────────────────────
2026-05-22 15:38:54,127 [INFO] 🔍 beIN Sports 4 → https://atomsportv503.top/matches?id=bein-sports-4
2026-05-22 15:38:54,127 [INFO] ──────────────────────────────────────────────────
2026-05-22 15:39:25,965 [INFO]   📡 M3U8 bekleniyor (max 8s)...
2026-05-22 15:39:33,977 [INFO]   ❌ beIN Sports 4: M3U8 bulunamadı
2026-05-22 15:39:34,978 [INFO] 
[5/13]
2026-05-22 15:39:34,978 [INFO] 
──────────────────────────────────────────────────
2026-05-22 15:39:34,978 [INFO] 🔍 beIN Sports 5 → https://atomsportv503.top/matches?id=bein-sports-5
2026-05-22 15:39:34,978 [INFO] ──────────────────────────────────────────────────
2026-05-22 15:40:06,802 [INFO]   📡 M3U8 bekleniyor (max 8s)...
2026-05-22 15:40:14,814 [INFO]   ❌ beIN Sports 5: M3U8 bulunamadı
2026-05-22 15:40:15,814 [INFO] 
[6/13]
2026-05-22 15:40:15,814 [INFO] 
──────────────────────────────────────────────────
2026-05-22 15:40:15,814 [INFO] 🔍 beIN Sports Max 1 → https://atomsportv503.top/matches?id=bein-sports-max-1
2026-05-22 15:40:15,814 [INFO] ──────────────────────────────────────────────────
2026-05-22 15:40:47,622 [INFO]   📡 M3U8 bekleniyor (max 8s)...
2026-05-22 15:40:55,634 [INFO]   ❌ beIN Sports Max 1: M3U8 bulunamadı
2026-05-22 15:40:56,634 [INFO] 
[7/13]
2026-05-22 15:40:56,634 [INFO] 
──────────────────────────────────────────────────
2026-05-22 15:40:56,635 [INFO] 🔍 beIN Sports Max 2 → https://atomsportv503.top/matches?id=bein-sports-max-2
2026-05-22 15:40:56,635 [INFO] ──────────────────────────────────────────────────
2026-05-22 15:41:28,436 [INFO]   📡 M3U8 bekleniyor (max 8s)...
2026-05-22 15:41:36,448 [INFO]   ❌ beIN Sports Max 2: M3U8 bulunamadı
2026-05-22 15:41:37,449 [INFO] 
[8/13]
2026-05-22 15:41:37,449 [INFO] 
──────────────────────────────────────────────────
2026-05-22 15:41:37,449 [INFO] 🔍 S Sport → https://atomsportv503.top/matches?id=s-sport
2026-05-22 15:41:37,449 [INFO] ──────────────────────────────────────────────────
2026-05-22 15:42:09,317 [INFO]   📡 M3U8 bekleniyor (max 8s)...
2026-05-22 15:42:09,335 [INFO]   🎯 DOĞRU kanal bulundu: https://young-surf-88a9.halitumutseler.workers.dev/https://corestream.ronaldovurdu.help//s-sportt/tracks-v1a1/mono.m3u8
2026-05-22 15:42:09,336 [INFO]   ✅ S Sport: https://young-surf-88a9.halitumutseler.workers.dev/https://corestream.ronaldovurdu.help//s-sportt/tracks-v1a1/mono.m3u8
2026-05-22 15:42:10,336 [INFO] 
[9/13]
2026-05-22 15:42:10,336 [INFO] 
──────────────────────────────────────────────────
2026-05-22 15:42:10,336 [INFO] 🔍 S Sport 2 → https://atomsportv503.top/matches?id=s-sport-2
2026-05-22 15:42:10,336 [INFO] ──────────────────────────────────────────────────
2026-05-22 15:42:42,254 [INFO]   📡 M3U8 bekleniyor (max 8s)...
2026-05-22 15:42:50,394 [INFO]   ❌ S Sport 2: M3U8 bulunamadı
2026-05-22 15:42:51,394 [INFO] 
[10/13]
2026-05-22 15:42:51,395 [INFO] 
──────────────────────────────────────────────────
2026-05-22 15:42:51,395 [INFO] 🔍 Tivibu Spor 1 → https://atomsportv503.top/matches?id=tivibu-spor-1
2026-05-22 15:42:51,395 [INFO] ──────────────────────────────────────────────────
2026-05-22 15:43:23,299 [INFO]   📡 M3U8 bekleniyor (max 8s)...
2026-05-22 15:43:31,313 [INFO]   ❌ Tivibu Spor 1: M3U8 bulunamadı
2026-05-22 15:43:32,313 [INFO] 
[11/13]
2026-05-22 15:43:32,313 [INFO] 
──────────────────────────────────────────────────
2026-05-22 15:43:32,313 [INFO] 🔍 Tivibu Spor 2 → https://atomsportv503.top/matches?id=tivibu-spor-2
2026-05-22 15:43:32,313 [INFO] ──────────────────────────────────────────────────
2026-05-22 15:44:04,147 [INFO]   📡 M3U8 bekleniyor (max 8s)...
2026-05-22 15:44:12,161 [INFO]   ❌ Tivibu Spor 2: M3U8 bulunamadı
2026-05-22 15:44:13,161 [INFO] 
[12/13]
2026-05-22 15:44:13,161 [INFO] 
──────────────────────────────────────────────────
2026-05-22 15:44:13,161 [INFO] 🔍 Tivibu Spor 3 → https://atomsportv503.top/matches?id=tivibu-spor-3
2026-05-22 15:44:13,161 [INFO] ──────────────────────────────────────────────────
2026-05-22 15:44:45,023 [INFO]   📡 M3U8 bekleniyor (max 8s)...
2026-05-22 15:44:53,036 [INFO]   ❌ Tivibu Spor 3: M3U8 bulunamadı
2026-05-22 15:44:54,036 [INFO] 
[13/13]
2026-05-22 15:44:54,036 [INFO] 
──────────────────────────────────────────────────
2026-05-22 15:44:54,036 [INFO] 🔍 Tivibu Spor 4 → https://atomsportv503.top/matches?id=tivibu-spor-4
2026-05-22 15:44:54,037 [INFO] ──────────────────────────────────────────────────
2026-05-22 15:45:25,901 [INFO]   📡 M3U8 bekleniyor (max 8s)...
2026-05-22 15:45:33,914 [INFO]   ❌ Tivibu Spor 4: M3U8 bulunamadı
2026-05-22 15:45:34,981 [INFO] 🔒 Driver kapatıldı
2026-05-22 15:45:34,981 [INFO] 
=======================================================
2026-05-22 15:45:34,981 [INFO] 🏁 Tamamlandı!
2026-05-22 15:45:34,981 [INFO] 📺 Kanal : 1/13
2026-05-22 15:45:34,981 [INFO] ⏱️  Süre  : 525.5s
2026-05-22 15:45:34,981 [INFO] =======================================================
2026-05-22 15:45:34,982 [INFO] ✅ playlist.m3u kaydedildi (proxy prefix'li)
2026-05-22 15:45:34,982 [INFO] ✅ stats.json kaydedildi
