2026-04-22 07:53:18,385 [INFO] 🔎 Domain aralığı taranıyor: atomsportv490.top - atomsportv520.top
2026-04-22 07:53:20,639 [INFO]   ✅ Aktif domain bulundu: https://atomsportv499.top
2026-04-22 07:53:20,640 [INFO] 🌐 Kullanılan BASE_URL: https://atomsportv499.top
2026-04-22 07:53:21,759 [INFO] ✅ SeleniumWire aktif
2026-04-22 07:53:21,760 [INFO] =======================================================
2026-04-22 07:53:21,760 [INFO]    M3U8 Scraper
2026-04-22 07:53:21,760 [INFO]    Base URL : https://atomsportv499.top
2026-04-22 07:53:21,760 [INFO]    Toplam   : 13 sayfa
2026-04-22 07:53:21,760 [INFO] =======================================================
2026-04-22 07:53:21,760 [INFO] 🔧 Driver başlatılıyor...
2026-04-22 07:53:22,500 [INFO] ✅ Driver başlatıldı
2026-04-22 07:53:22,500 [INFO] 
[1/13]
2026-04-22 07:53:22,501 [INFO] 
──────────────────────────────────────────────────
2026-04-22 07:53:22,501 [INFO] 🔍 beIN Sports 1 → https://atomsportv499.top/matches?id=bein-sports-1
2026-04-22 07:53:22,501 [INFO] ──────────────────────────────────────────────────
2026-04-22 07:53:54,693 [INFO]   📡 M3U8 bekleniyor (max 8s)...
2026-04-22 07:53:54,710 [INFO]   🎯 DOĞRU kanal bulundu: https://hlsssssss.neymardacorona.workers.dev/https://corestream.ronaldovurdu.help//hls/bein-sports-11.m3u8
2026-04-22 07:53:54,712 [INFO]   ✅ beIN Sports 1: https://hlsssssss.neymardacorona.workers.dev/https://corestream.ronaldovurdu.help//hls/bein-sports-11.m3u8
2026-04-22 07:53:55,712 [INFO] 
[2/13]
2026-04-22 07:53:55,712 [INFO] 
──────────────────────────────────────────────────
2026-04-22 07:53:55,712 [INFO] 🔍 beIN Sports 2 → https://atomsportv499.top/matches?id=bein-sports-2
2026-04-22 07:53:55,712 [INFO] ──────────────────────────────────────────────────
2026-04-22 07:54:27,939 [INFO]   📡 M3U8 bekleniyor (max 8s)...
2026-04-22 07:54:27,953 [INFO]   🎯 DOĞRU kanal bulundu: https://hlsssssss.neymardacorona.workers.dev/https://corestream.ronaldovurdu.help//hls/bein-sports-2.m3u8
2026-04-22 07:54:27,954 [INFO]   ✅ beIN Sports 2: https://hlsssssss.neymardacorona.workers.dev/https://corestream.ronaldovurdu.help//hls/bein-sports-2.m3u8
2026-04-22 07:54:28,954 [INFO] 
[3/13]
2026-04-22 07:54:28,955 [INFO] 
──────────────────────────────────────────────────
2026-04-22 07:54:28,955 [INFO] 🔍 beIN Sports 3 → https://atomsportv499.top/matches?id=bein-sports-3
2026-04-22 07:54:28,955 [INFO] ──────────────────────────────────────────────────
2026-04-22 07:55:01,188 [INFO]   📡 M3U8 bekleniyor (max 8s)...
2026-04-22 07:55:01,192 [INFO]   🎯 DOĞRU kanal bulundu: https://hlsssssss.neymardacorona.workers.dev/https://corestream.ronaldovurdu.help//hls/bein-sports-3.m3u8
2026-04-22 07:55:01,193 [INFO]   ✅ beIN Sports 3: https://hlsssssss.neymardacorona.workers.dev/https://corestream.ronaldovurdu.help//hls/bein-sports-3.m3u8
2026-04-22 07:55:02,193 [INFO] 
[4/13]
2026-04-22 07:55:02,194 [INFO] 
──────────────────────────────────────────────────
2026-04-22 07:55:02,194 [INFO] 🔍 beIN Sports 4 → https://atomsportv499.top/matches?id=bein-sports-4
2026-04-22 07:55:02,194 [INFO] ──────────────────────────────────────────────────
2026-04-22 07:55:34,130 [INFO]   📡 M3U8 bekleniyor (max 8s)...
2026-04-22 07:55:34,140 [INFO]   🎯 DOĞRU kanal bulundu: https://hlsssssss.neymardacorona.workers.dev/https://corestream.ronaldovurdu.help//hls/bein-sports-4.m3u8
2026-04-22 07:55:34,141 [INFO]   ✅ beIN Sports 4: https://hlsssssss.neymardacorona.workers.dev/https://corestream.ronaldovurdu.help//hls/bein-sports-4.m3u8
2026-04-22 07:55:35,141 [INFO] 
[5/13]
2026-04-22 07:55:35,141 [INFO] 
──────────────────────────────────────────────────
2026-04-22 07:55:35,141 [INFO] 🔍 beIN Sports 5 → https://atomsportv499.top/matches?id=bein-sports-5
2026-04-22 07:55:35,141 [INFO] ──────────────────────────────────────────────────
2026-04-22 07:56:07,053 [INFO]   📡 M3U8 bekleniyor (max 8s)...
2026-04-22 07:56:07,055 [INFO]   🎯 DOĞRU kanal bulundu: https://hlsssssss.neymardacorona.workers.dev/https://corestream.ronaldovurdu.help//hls/bein-sports-5.m3u8
2026-04-22 07:56:07,055 [INFO]   ✅ beIN Sports 5: https://hlsssssss.neymardacorona.workers.dev/https://corestream.ronaldovurdu.help//hls/bein-sports-5.m3u8
2026-04-22 07:56:08,055 [INFO] 
[6/13]
2026-04-22 07:56:08,055 [INFO] 
──────────────────────────────────────────────────
2026-04-22 07:56:08,055 [INFO] 🔍 beIN Sports Max 1 → https://atomsportv499.top/matches?id=bein-sports-max-1
2026-04-22 07:56:08,055 [INFO] ──────────────────────────────────────────────────
2026-04-22 07:56:40,004 [INFO]   📡 M3U8 bekleniyor (max 8s)...
2026-04-22 07:56:40,016 [INFO]   🎯 DOĞRU kanal bulundu: https://hlsssssss.neymardacorona.workers.dev/https://corestream.ronaldovurdu.help//hls/bein-sports-max-1.m3u8
2026-04-22 07:56:40,018 [INFO]   ✅ beIN Sports Max 1: https://hlsssssss.neymardacorona.workers.dev/https://corestream.ronaldovurdu.help//hls/bein-sports-max-1.m3u8
2026-04-22 07:56:41,018 [INFO] 
[7/13]
2026-04-22 07:56:41,018 [INFO] 
──────────────────────────────────────────────────
2026-04-22 07:56:41,018 [INFO] 🔍 beIN Sports Max 2 → https://atomsportv499.top/matches?id=bein-sports-max-2
2026-04-22 07:56:41,018 [INFO] ──────────────────────────────────────────────────
2026-04-22 07:57:12,995 [INFO]   📡 M3U8 bekleniyor (max 8s)...
2026-04-22 07:57:13,007 [INFO]   🎯 DOĞRU kanal bulundu: https://hlsssssss.neymardacorona.workers.dev/https://corestream.ronaldovurdu.help//hls/bein-sports-max-2.m3u8
2026-04-22 07:57:13,008 [INFO]   ✅ beIN Sports Max 2: https://hlsssssss.neymardacorona.workers.dev/https://corestream.ronaldovurdu.help//hls/bein-sports-max-2.m3u8
2026-04-22 07:57:14,008 [INFO] 
[8/13]
2026-04-22 07:57:14,008 [INFO] 
──────────────────────────────────────────────────
2026-04-22 07:57:14,008 [INFO] 🔍 S Sport → https://atomsportv499.top/matches?id=s-sport
2026-04-22 07:57:14,008 [INFO] ──────────────────────────────────────────────────
2026-04-22 07:57:46,045 [INFO]   📡 M3U8 bekleniyor (max 8s)...
2026-04-22 07:57:46,073 [INFO]   🎯 DOĞRU kanal bulundu: https://hlsssssss.neymardacorona.workers.dev/https://corestream.ronaldovurdu.help//hls/s-sport.m3u8
2026-04-22 07:57:46,075 [INFO]   ✅ S Sport: https://hlsssssss.neymardacorona.workers.dev/https://corestream.ronaldovurdu.help//hls/s-sport.m3u8
2026-04-22 07:57:47,076 [INFO] 
[9/13]
2026-04-22 07:57:47,076 [INFO] 
──────────────────────────────────────────────────
2026-04-22 07:57:47,076 [INFO] 🔍 S Sport 2 → https://atomsportv499.top/matches?id=s-sport-2
2026-04-22 07:57:47,076 [INFO] ──────────────────────────────────────────────────
2026-04-22 07:58:18,997 [INFO]   📡 M3U8 bekleniyor (max 8s)...
2026-04-22 07:58:18,999 [INFO]   🎯 DOĞRU kanal bulundu: https://hlsssssss.neymardacorona.workers.dev/https://corestream.ronaldovurdu.help//hls/s-sport-2.m3u8
2026-04-22 07:58:18,999 [INFO]   ✅ S Sport 2: https://hlsssssss.neymardacorona.workers.dev/https://corestream.ronaldovurdu.help//hls/s-sport-2.m3u8
2026-04-22 07:58:19,999 [INFO] 
[10/13]
2026-04-22 07:58:19,999 [INFO] 
──────────────────────────────────────────────────
2026-04-22 07:58:19,999 [INFO] 🔍 Tivibu Spor 1 → https://atomsportv499.top/matches?id=tivibu-spor-1
2026-04-22 07:58:19,999 [INFO] ──────────────────────────────────────────────────
2026-04-22 07:58:51,922 [INFO]   📡 M3U8 bekleniyor (max 8s)...
2026-04-22 07:58:59,934 [INFO]   ❌ Tivibu Spor 1: M3U8 bulunamadı
2026-04-22 07:59:00,934 [INFO] 
[11/13]
2026-04-22 07:59:00,934 [INFO] 
──────────────────────────────────────────────────
2026-04-22 07:59:00,934 [INFO] 🔍 Tivibu Spor 2 → https://atomsportv499.top/matches?id=tivibu-spor-2
2026-04-22 07:59:00,934 [INFO] ──────────────────────────────────────────────────
2026-04-22 07:59:32,843 [INFO]   📡 M3U8 bekleniyor (max 8s)...
2026-04-22 07:59:40,853 [INFO]   ❌ Tivibu Spor 2: M3U8 bulunamadı
2026-04-22 07:59:41,854 [INFO] 
[12/13]
2026-04-22 07:59:41,854 [INFO] 
──────────────────────────────────────────────────
2026-04-22 07:59:41,854 [INFO] 🔍 Tivibu Spor 3 → https://atomsportv499.top/matches?id=tivibu-spor-3
2026-04-22 07:59:41,854 [INFO] ──────────────────────────────────────────────────
2026-04-22 08:00:13,772 [INFO]   📡 M3U8 bekleniyor (max 8s)...
2026-04-22 08:00:21,783 [INFO]   ❌ Tivibu Spor 3: M3U8 bulunamadı
2026-04-22 08:00:22,783 [INFO] 
[13/13]
2026-04-22 08:00:22,783 [INFO] 
──────────────────────────────────────────────────
2026-04-22 08:00:22,783 [INFO] 🔍 Tivibu Spor 4 → https://atomsportv499.top/matches?id=tivibu-spor-4
2026-04-22 08:00:22,783 [INFO] ──────────────────────────────────────────────────
2026-04-22 08:00:54,739 [INFO]   📡 M3U8 bekleniyor (max 8s)...
2026-04-22 08:01:02,749 [INFO]   ❌ Tivibu Spor 4: M3U8 bulunamadı
2026-04-22 08:01:03,815 [INFO] 🔒 Driver kapatıldı
2026-04-22 08:01:03,815 [INFO] 
=======================================================
2026-04-22 08:01:03,815 [INFO] 🏁 Tamamlandı!
2026-04-22 08:01:03,815 [INFO] 📺 Kanal : 9/13
2026-04-22 08:01:03,815 [INFO] ⏱️  Süre  : 462.1s
2026-04-22 08:01:03,815 [INFO] =======================================================
2026-04-22 08:01:03,815 [INFO] ✅ playlist.m3u kaydedildi
2026-04-22 08:01:03,816 [INFO] ✅ stats.json kaydedildi
