2026-04-19 02:56:14,633 [INFO] 🔎 Domain aralığı taranıyor: atomsportv490.top - atomsportv520.top
2026-04-19 02:56:16,130 [INFO]   ✅ Aktif domain bulundu: https://atomsportv498.top
2026-04-19 02:56:16,131 [INFO] 🌐 Kullanılan BASE_URL: https://atomsportv498.top
2026-04-19 02:56:17,291 [INFO] ✅ SeleniumWire aktif
2026-04-19 02:56:17,293 [INFO] =======================================================
2026-04-19 02:56:17,293 [INFO]    M3U8 Scraper
2026-04-19 02:56:17,293 [INFO]    Base URL : https://atomsportv498.top
2026-04-19 02:56:17,293 [INFO]    Toplam   : 13 sayfa
2026-04-19 02:56:17,293 [INFO] =======================================================
2026-04-19 02:56:17,293 [INFO] 🔧 Driver başlatılıyor...
2026-04-19 02:56:18,037 [INFO] ✅ Driver başlatıldı
2026-04-19 02:56:18,037 [INFO] 
[1/13]
2026-04-19 02:56:18,037 [INFO] 
──────────────────────────────────────────────────
2026-04-19 02:56:18,037 [INFO] 🔍 beIN Sports 1 → https://atomsportv498.top/matches?id=bein-sports-1
2026-04-19 02:56:18,037 [INFO] ──────────────────────────────────────────────────
2026-04-19 02:56:50,161 [INFO]   📡 M3U8 bekleniyor (max 8s)...
2026-04-19 02:56:50,169 [INFO]   🎯 DOĞRU kanal bulundu: https://hlssssssssssss.naciyeyildiz7361.workers.dev/https://corestream.ronaldovurdu.help//hls/bein-sports-11.m3u8
2026-04-19 02:56:50,170 [INFO]   ✅ beIN Sports 1: https://hlssssssssssss.naciyeyildiz7361.workers.dev/https://corestream.ronaldovurdu.help//hls/bein-sports-11.m3u8
2026-04-19 02:56:51,170 [INFO] 
[2/13]
2026-04-19 02:56:51,170 [INFO] 
──────────────────────────────────────────────────
2026-04-19 02:56:51,170 [INFO] 🔍 beIN Sports 2 → https://atomsportv498.top/matches?id=bein-sports-2
2026-04-19 02:56:51,170 [INFO] ──────────────────────────────────────────────────
2026-04-19 02:57:23,272 [INFO]   📡 M3U8 bekleniyor (max 8s)...
2026-04-19 02:57:23,287 [INFO]   🎯 DOĞRU kanal bulundu: https://hlssssssssssss.naciyeyildiz7361.workers.dev/https://corestream.ronaldovurdu.help//hls/bein-sports-2.m3u8
2026-04-19 02:57:23,288 [INFO]   ✅ beIN Sports 2: https://hlssssssssssss.naciyeyildiz7361.workers.dev/https://corestream.ronaldovurdu.help//hls/bein-sports-2.m3u8
2026-04-19 02:57:24,289 [INFO] 
[3/13]
2026-04-19 02:57:24,289 [INFO] 
──────────────────────────────────────────────────
2026-04-19 02:57:24,289 [INFO] 🔍 beIN Sports 3 → https://atomsportv498.top/matches?id=bein-sports-3
2026-04-19 02:57:24,289 [INFO] ──────────────────────────────────────────────────
2026-04-19 02:57:56,677 [INFO]   📡 M3U8 bekleniyor (max 8s)...
2026-04-19 02:57:56,683 [INFO]   🎯 DOĞRU kanal bulundu: https://hlssssssssssss.naciyeyildiz7361.workers.dev/https://corestream.ronaldovurdu.help//hls/bein-sports-3.m3u8
2026-04-19 02:57:56,683 [INFO]   ✅ beIN Sports 3: https://hlssssssssssss.naciyeyildiz7361.workers.dev/https://corestream.ronaldovurdu.help//hls/bein-sports-3.m3u8
2026-04-19 02:57:57,683 [INFO] 
[4/13]
2026-04-19 02:57:57,684 [INFO] 
──────────────────────────────────────────────────
2026-04-19 02:57:57,684 [INFO] 🔍 beIN Sports 4 → https://atomsportv498.top/matches?id=bein-sports-4
2026-04-19 02:57:57,684 [INFO] ──────────────────────────────────────────────────
2026-04-19 02:58:29,662 [INFO]   📡 M3U8 bekleniyor (max 8s)...
2026-04-19 02:58:29,672 [INFO]   🎯 DOĞRU kanal bulundu: https://hlssssssssssss.naciyeyildiz7361.workers.dev/https://corestream.ronaldovurdu.help//hls/bein-sports-4.m3u8
2026-04-19 02:58:29,673 [INFO]   ✅ beIN Sports 4: https://hlssssssssssss.naciyeyildiz7361.workers.dev/https://corestream.ronaldovurdu.help//hls/bein-sports-4.m3u8
2026-04-19 02:58:30,673 [INFO] 
[5/13]
2026-04-19 02:58:30,674 [INFO] 
──────────────────────────────────────────────────
2026-04-19 02:58:30,674 [INFO] 🔍 beIN Sports 5 → https://atomsportv498.top/matches?id=bein-sports-5
2026-04-19 02:58:30,674 [INFO] ──────────────────────────────────────────────────
2026-04-19 02:59:02,732 [INFO]   📡 M3U8 bekleniyor (max 8s)...
2026-04-19 02:59:02,742 [INFO]   🎯 DOĞRU kanal bulundu: https://hlssssssssssss.naciyeyildiz7361.workers.dev/https://corestream.ronaldovurdu.help//hls/bein-sports-5.m3u8
2026-04-19 02:59:02,742 [INFO]   ✅ beIN Sports 5: https://hlssssssssssss.naciyeyildiz7361.workers.dev/https://corestream.ronaldovurdu.help//hls/bein-sports-5.m3u8
2026-04-19 02:59:03,743 [INFO] 
[6/13]
2026-04-19 02:59:03,743 [INFO] 
──────────────────────────────────────────────────
2026-04-19 02:59:03,743 [INFO] 🔍 beIN Sports Max 1 → https://atomsportv498.top/matches?id=bein-sports-max-1
2026-04-19 02:59:03,743 [INFO] ──────────────────────────────────────────────────
2026-04-19 02:59:35,765 [INFO]   📡 M3U8 bekleniyor (max 8s)...
2026-04-19 02:59:35,768 [INFO]   🎯 DOĞRU kanal bulundu: https://hlssssssssssss.naciyeyildiz7361.workers.dev/https://corestream.ronaldovurdu.help//hls/bein-sports-max-1.m3u8
2026-04-19 02:59:35,768 [INFO]   ✅ beIN Sports Max 1: https://hlssssssssssss.naciyeyildiz7361.workers.dev/https://corestream.ronaldovurdu.help//hls/bein-sports-max-1.m3u8
2026-04-19 02:59:36,769 [INFO] 
[7/13]
2026-04-19 02:59:36,769 [INFO] 
──────────────────────────────────────────────────
2026-04-19 02:59:36,769 [INFO] 🔍 beIN Sports Max 2 → https://atomsportv498.top/matches?id=bein-sports-max-2
2026-04-19 02:59:36,769 [INFO] ──────────────────────────────────────────────────
2026-04-19 03:00:08,764 [INFO]   📡 M3U8 bekleniyor (max 8s)...
2026-04-19 03:00:08,765 [INFO]   🎯 DOĞRU kanal bulundu: https://hlssssssssssss.naciyeyildiz7361.workers.dev/https://corestream.ronaldovurdu.help//hls/bein-sports-max-2.m3u8
2026-04-19 03:00:08,765 [INFO]   ✅ beIN Sports Max 2: https://hlssssssssssss.naciyeyildiz7361.workers.dev/https://corestream.ronaldovurdu.help//hls/bein-sports-max-2.m3u8
2026-04-19 03:00:09,766 [INFO] 
[8/13]
2026-04-19 03:00:09,766 [INFO] 
──────────────────────────────────────────────────
2026-04-19 03:00:09,766 [INFO] 🔍 S Sport → https://atomsportv498.top/matches?id=s-sport
2026-04-19 03:00:09,766 [INFO] ──────────────────────────────────────────────────
2026-04-19 03:00:41,783 [INFO]   📡 M3U8 bekleniyor (max 8s)...
2026-04-19 03:00:41,787 [INFO]   🎯 DOĞRU kanal bulundu: https://hlssssssssssss.naciyeyildiz7361.workers.dev/https://corestream.ronaldovurdu.help//hls/s-sport.m3u8
2026-04-19 03:00:41,787 [INFO]   ✅ S Sport: https://hlssssssssssss.naciyeyildiz7361.workers.dev/https://corestream.ronaldovurdu.help//hls/s-sport.m3u8
2026-04-19 03:00:42,787 [INFO] 
[9/13]
2026-04-19 03:00:42,787 [INFO] 
──────────────────────────────────────────────────
2026-04-19 03:00:42,788 [INFO] 🔍 S Sport 2 → https://atomsportv498.top/matches?id=s-sport-2
2026-04-19 03:00:42,788 [INFO] ──────────────────────────────────────────────────
2026-04-19 03:01:14,786 [INFO]   📡 M3U8 bekleniyor (max 8s)...
2026-04-19 03:01:14,787 [INFO]   🎯 DOĞRU kanal bulundu: https://hlssssssssssss.naciyeyildiz7361.workers.dev/https://corestream.ronaldovurdu.help//hls/s-sport-2.m3u8
2026-04-19 03:01:14,787 [INFO]   ✅ S Sport 2: https://hlssssssssssss.naciyeyildiz7361.workers.dev/https://corestream.ronaldovurdu.help//hls/s-sport-2.m3u8
2026-04-19 03:01:15,787 [INFO] 
[10/13]
2026-04-19 03:01:15,787 [INFO] 
──────────────────────────────────────────────────
2026-04-19 03:01:15,787 [INFO] 🔍 Tivibu Spor 1 → https://atomsportv498.top/matches?id=tivibu-spor-1
2026-04-19 03:01:15,787 [INFO] ──────────────────────────────────────────────────
2026-04-19 03:01:47,770 [INFO]   📡 M3U8 bekleniyor (max 8s)...
2026-04-19 03:01:55,782 [INFO]   ❌ Tivibu Spor 1: M3U8 bulunamadı
2026-04-19 03:01:56,783 [INFO] 
[11/13]
2026-04-19 03:01:56,783 [INFO] 
──────────────────────────────────────────────────
2026-04-19 03:01:56,783 [INFO] 🔍 Tivibu Spor 2 → https://atomsportv498.top/matches?id=tivibu-spor-2
2026-04-19 03:01:56,783 [INFO] ──────────────────────────────────────────────────
2026-04-19 03:02:28,750 [INFO]   📡 M3U8 bekleniyor (max 8s)...
2026-04-19 03:02:36,761 [INFO]   ❌ Tivibu Spor 2: M3U8 bulunamadı
2026-04-19 03:02:37,761 [INFO] 
[12/13]
2026-04-19 03:02:37,761 [INFO] 
──────────────────────────────────────────────────
2026-04-19 03:02:37,761 [INFO] 🔍 Tivibu Spor 3 → https://atomsportv498.top/matches?id=tivibu-spor-3
2026-04-19 03:02:37,761 [INFO] ──────────────────────────────────────────────────
2026-04-19 03:03:09,726 [INFO]   📡 M3U8 bekleniyor (max 8s)...
2026-04-19 03:03:17,737 [INFO]   ❌ Tivibu Spor 3: M3U8 bulunamadı
2026-04-19 03:03:18,737 [INFO] 
[13/13]
2026-04-19 03:03:18,738 [INFO] 
──────────────────────────────────────────────────
2026-04-19 03:03:18,738 [INFO] 🔍 Tivibu Spor 4 → https://atomsportv498.top/matches?id=tivibu-spor-4
2026-04-19 03:03:18,738 [INFO] ──────────────────────────────────────────────────
2026-04-19 03:03:50,722 [INFO]   📡 M3U8 bekleniyor (max 8s)...
2026-04-19 03:03:58,733 [INFO]   ❌ Tivibu Spor 4: M3U8 bulunamadı
2026-04-19 03:03:59,796 [INFO] 🔒 Driver kapatıldı
2026-04-19 03:03:59,796 [INFO] 
=======================================================
2026-04-19 03:03:59,796 [INFO] 🏁 Tamamlandı!
2026-04-19 03:03:59,796 [INFO] 📺 Kanal : 9/13
2026-04-19 03:03:59,797 [INFO] ⏱️  Süre  : 462.5s
2026-04-19 03:03:59,797 [INFO] =======================================================
2026-04-19 03:03:59,797 [INFO] ✅ playlist.m3u kaydedildi
2026-04-19 03:03:59,797 [INFO] ✅ stats.json kaydedildi
