2026-07-15 14:20:58,274 [INFO] 🌐 BASE_URL: https://atomsportv510.top
2026-07-15 14:20:59,009 [INFO] Başlanıyor... 14 kanal taranacak
2026-07-15 14:20:59,009 [INFO] Using default request storage
2026-07-15 14:20:59,014 [INFO] Created proxy listening on 127.0.0.1:37267
2026-07-15 14:20:59,720 [INFO] Capturing request: http://clients2.google.com/time/1/current?cup2key=10:7vxLjPXo742o0wZBNFTHRHxQLnVtoxhBRrFnrUS36hk&cup2hreq=e3b0c44298fc1c149afbf4c8996fb92427ae41e4649b934ca495991b7852b855
2026-07-15 14:20:59,833 [INFO] Capturing response: http://clients2.google.com/time/1/current?cup2key=10:7vxLjPXo742o0wZBNFTHRHxQLnVtoxhBRrFnrUS36hk&cup2hreq=e3b0c44298fc1c149afbf4c8996fb92427ae41e4649b934ca495991b7852b855 200 OK
2026-07-15 14:20:59,910 [INFO] 
[1/14]
2026-07-15 14:20:59,910 [INFO] 🔍 beIN Sports 1 → https://atomsportv510.top/matches?id=bein-sports-1
2026-07-15 14:20:59,997 [INFO] Capturing request: https://accounts.google.com/ListAccounts?gpsia=1&source=ChromiumBrowser&json=standard&laf=b64bin
2026-07-15 14:21:00,029 [INFO] Capturing request: https://update.googleapis.com/service/update2/json?cup2key=16:ffarTpPJebuq5eD0T9433v7awoO08GaPN7Jm82YsczA&cup2hreq=0f43c862752b345db8b37aaaa1ee688d21a8c3936376c7a7e9a6386e9a31bae4
2026-07-15 14:21:00,082 [INFO] Capturing response: https://accounts.google.com/ListAccounts?gpsia=1&source=ChromiumBrowser&json=standard&laf=b64bin 200 
2026-07-15 14:21:00,086 [INFO] Capturing response: https://update.googleapis.com/service/update2/json?cup2key=16:ffarTpPJebuq5eD0T9433v7awoO08GaPN7Jm82YsczA&cup2hreq=0f43c862752b345db8b37aaaa1ee688d21a8c3936376c7a7e9a6386e9a31bae4 200 
2026-07-15 14:21:00,103 [INFO] Capturing request: https://atomsportv510.top/matches?id=bein-sports-1
2026-07-15 14:21:00,136 [INFO] Capturing request: https://update.googleapis.com/service/update2/json?cup2key=16:uPaua_Cp3QcbcaODaQVi3avh5I3_gEkP5oLHi7Qmdps&cup2hreq=80a6f5fe0e8a4a0ce5aaa73f9081de80bc68d6b93877c765be2f9acb08e7997f
2026-07-15 14:21:00,170 [INFO] Capturing response: https://atomsportv510.top/matches?id=bein-sports-1 200 
2026-07-15 14:21:00,196 [INFO] Capturing response: https://update.googleapis.com/service/update2/json?cup2key=16:uPaua_Cp3QcbcaODaQVi3avh5I3_gEkP5oLHi7Qmdps&cup2hreq=80a6f5fe0e8a4a0ce5aaa73f9081de80bc68d6b93877c765be2f9acb08e7997f 200 
2026-07-15 14:21:00,326 [INFO] Capturing request: https://atomsportv510.top/assets/js/clappr.js
2026-07-15 14:21:00,365 [INFO] Capturing response: https://atomsportv510.top/assets/js/clappr.js 200 
2026-07-15 14:21:00,404 [INFO] Capturing request: https://cdnjs.cloudflare.com/ajax/libs/jquery/3.2.1/jquery.min.js
2026-07-15 14:21:00,429 [INFO] Capturing request: https://cdn.jsdelivr.net/npm/@clappr/player@latest/dist/clappr.min.js
2026-07-15 14:21:00,436 [INFO] Capturing request: https://www.google.com/async/folae?async=_fmt:pb&udm=50&client_locale=en-US&client_country=ZZ
2026-07-15 14:21:00,484 [INFO] Capturing response: https://www.google.com/async/folae?async=_fmt:pb&udm=50&client_locale=en-US&client_country=ZZ 200 
2026-07-15 14:21:00,488 [INFO] Capturing response: https://cdnjs.cloudflare.com/ajax/libs/jquery/3.2.1/jquery.min.js 200 
2026-07-15 14:21:00,515 [INFO] Capturing response: https://cdn.jsdelivr.net/npm/@clappr/player@latest/dist/clappr.min.js 200 
2026-07-15 14:21:00,734 [INFO] Capturing request: https://atomsportv510.top/favicon.ico
2026-07-15 14:21:00,804 [INFO] Capturing response: https://atomsportv510.top/favicon.ico 200 
2026-07-15 14:21:00,871 [INFO] Capturing request: https://teletv5.top/load/yayinlink.php?id=bein-sports-1
2026-07-15 14:21:01,209 [INFO] Capturing response: https://teletv5.top/load/yayinlink.php?id=bein-sports-1 200 
2026-07-15 14:21:01,246 [INFO] Capturing request: https://streamsport365.com/cinema
2026-07-15 14:21:01,548 [INFO] Capturing response: https://streamsport365.com/cinema 200 
2026-07-15 14:21:01,681 [INFO] Capturing request: https://atomsportv510.top/assets/img/player_logo_6880e4e4c52ee.png
2026-07-15 14:21:01,759 [INFO] Capturing response: https://atomsportv510.top/assets/img/player_logo_6880e4e4c52ee.png 200 
2026-07-15 14:21:01,784 [INFO] Capturing request: https://hlsssssssssssss.edaesra.workers.dev/https://corestream.macsitesi.help//trtspor/tracks-v1a1/mono.m3u8
2026-07-15 14:21:02,117 [INFO] Capturing response: https://hlsssssssssssss.edaesra.workers.dev/https://corestream.macsitesi.help//trtspor/tracks-v1a1/mono.m3u8 200 
2026-07-15 14:21:02,371 [INFO] Capturing request: https://securmar.edaesra.workers.dev/trtspor/tracks-v1a1/2026/07/15/14/21/01-10000.avif
2026-07-15 14:21:02,776 [INFO] Capturing request: https://android.clients.google.com/checkin
2026-07-15 14:21:02,888 [INFO] Capturing response: https://android.clients.google.com/checkin 200 
2026-07-15 14:21:02,936 [INFO] Capturing request: https://android.clients.google.com/c2dm/register3
2026-07-15 14:21:02,942 [INFO] Capturing request: https://android.clients.google.com/c2dm/register3
2026-07-15 14:21:02,942 [INFO] Capturing request: https://android.clients.google.com/c2dm/register3
2026-07-15 14:21:02,995 [INFO] Capturing response: https://android.clients.google.com/c2dm/register3 301 
2026-07-15 14:21:03,007 [INFO] Capturing response: https://android.clients.google.com/c2dm/register3 200 
2026-07-15 14:21:03,011 [INFO] Capturing response: https://android.clients.google.com/c2dm/register3 200 
2026-07-15 14:21:03,662 [INFO]   ✅ M3U8 bulundu: https://hlsssssssssssss.edaesra.workers.dev/https://corestream.macsitesi.help//trtspor/tracks-v1a1/mono.m3u8
2026-07-15 14:21:04,641 [INFO] Capturing response: https://securmar.edaesra.workers.dev/trtspor/tracks-v1a1/2026/07/15/14/21/01-10000.avif 200 
2026-07-15 14:21:04,662 [INFO] 
[2/14]
2026-07-15 14:21:04,663 [INFO] 🔍 beIN Sports 2 → https://atomsportv510.top/matches?id=bein-sports-2
2026-07-15 14:21:04,800 [INFO] Capturing request: https://atomsportv510.top/matches?id=bein-sports-2
2026-07-15 14:21:04,844 [INFO] Capturing response: https://atomsportv510.top/matches?id=bein-sports-2 200 
2026-07-15 14:21:04,911 [INFO] Capturing request: https://streamsport365.com/cinema
2026-07-15 14:21:04,952 [INFO] Capturing request: https://securmar.edaesra.workers.dev/trtspor/tracks-v1a1/2026/07/15/14/21/11-10000.avif
2026-07-15 14:21:05,011 [INFO] Capturing request: https://teletv5.top/load/yayinlink.php?id=bein-sports-2
2026-07-15 14:21:05,012 [INFO] Capturing request: https://atomsportv510.top/favicon.ico
2026-07-15 14:21:05,061 [INFO] Capturing response: https://atomsportv510.top/favicon.ico 200 
2026-07-15 14:21:05,196 [INFO] Capturing response: https://teletv5.top/load/yayinlink.php?id=bein-sports-2 200 
2026-07-15 14:21:05,225 [INFO] Capturing response: https://streamsport365.com/cinema 200 
2026-07-15 14:21:05,347 [INFO] Capturing request: https://hlsssssssssssss.edaesra.workers.dev/https://corestream.macsitesi.help//bein2/tracks-v1a1/mono.m3u8
2026-07-15 14:21:05,502 [INFO] Capturing response: https://hlsssssssssssss.edaesra.workers.dev/https://corestream.macsitesi.help//bein2/tracks-v1a1/mono.m3u8 404 
2026-07-15 14:21:06,684 [INFO] Capturing response: https://securmar.edaesra.workers.dev/trtspor/tracks-v1a1/2026/07/15/14/21/11-10000.avif 200 
2026-07-15 14:21:07,927 [INFO]   ✅ M3U8 bulundu: https://hlsssssssssssss.edaesra.workers.dev/https://corestream.macsitesi.help//bein2/tracks-v1a1/mono.m3u8
2026-07-15 14:21:08,927 [INFO] 
[3/14]
2026-07-15 14:21:08,927 [INFO] 🔍 beIN Sports 3 → https://atomsportv510.top/matches?id=bein-sports-3
2026-07-15 14:21:09,037 [INFO] Capturing request: https://atomsportv510.top/matches?id=bein-sports-3
2026-07-15 14:21:09,081 [INFO] Capturing response: https://atomsportv510.top/matches?id=bein-sports-3 200 
2026-07-15 14:21:09,243 [INFO] Capturing request: https://atomsportv510.top/favicon.ico
2026-07-15 14:21:09,244 [INFO] Capturing request: https://teletv5.top/load/yayinlink.php?id=bein-sports-3
2026-07-15 14:21:09,289 [INFO] Capturing response: https://atomsportv510.top/favicon.ico 200 
2026-07-15 14:21:09,373 [INFO] Capturing request: https://streamsport365.com/cinema
2026-07-15 14:21:09,436 [INFO] Capturing response: https://teletv5.top/load/yayinlink.php?id=bein-sports-3 200 
2026-07-15 14:21:09,689 [INFO] Capturing response: https://streamsport365.com/cinema 200 
2026-07-15 14:21:09,811 [INFO] Capturing request: https://hlsssssssssssss.edaesra.workers.dev/https://corestream.macsitesi.help//trtspor/tracks-v1a1/mono.m3u8
2026-07-15 14:21:09,969 [INFO] Capturing response: https://hlsssssssssssss.edaesra.workers.dev/https://corestream.macsitesi.help//trtspor/tracks-v1a1/mono.m3u8 200 
2026-07-15 14:21:10,079 [INFO] Capturing request: https://securmar.edaesra.workers.dev/trtspor/tracks-v1a1/2026/07/15/14/21/01-10000.avif
2026-07-15 14:21:11,726 [INFO] Capturing response: https://securmar.edaesra.workers.dev/trtspor/tracks-v1a1/2026/07/15/14/21/01-10000.avif 200 
2026-07-15 14:21:12,016 [INFO] Capturing request: https://securmar.edaesra.workers.dev/trtspor/tracks-v1a1/2026/07/15/14/21/11-10000.avif
2026-07-15 14:21:12,160 [INFO]   ✅ M3U8 bulundu: https://hlsssssssssssss.edaesra.workers.dev/https://corestream.macsitesi.help//trtspor/tracks-v1a1/mono.m3u8
2026-07-15 14:21:13,160 [INFO] 
[4/14]
2026-07-15 14:21:13,160 [INFO] 🔍 beIN Sports 4 → https://atomsportv510.top/matches?id=bein-sports-4
2026-07-15 14:21:13,270 [INFO] Capturing request: https://atomsportv510.top/assets/js/clappr.js
2026-07-15 14:21:13,273 [INFO] Capturing request: https://atomsportv510.top/matches?id=bein-sports-4
2026-07-15 14:21:13,303 [INFO] Capturing response: https://atomsportv510.top/assets/js/clappr.js 200 
2026-07-15 14:21:13,349 [INFO] Capturing response: https://atomsportv510.top/matches?id=bein-sports-4 200 
2026-07-15 14:21:13,413 [INFO] Capturing request: https://streamsport365.com/cinema
2026-07-15 14:21:13,509 [INFO] Capturing request: https://teletv5.top/load/yayinlink.php?id=bein-sports-4
2026-07-15 14:21:13,516 [INFO] Capturing request: https://atomsportv510.top/favicon.ico
2026-07-15 14:21:13,561 [INFO] Capturing response: https://atomsportv510.top/favicon.ico 200 
2026-07-15 14:21:13,575 [INFO] Capturing response: https://securmar.edaesra.workers.dev/trtspor/tracks-v1a1/2026/07/15/14/21/11-10000.avif 200 
2026-07-15 14:21:13,700 [INFO] Capturing response: https://teletv5.top/load/yayinlink.php?id=bein-sports-4 200 
2026-07-15 14:21:13,736 [INFO] Capturing response: https://streamsport365.com/cinema 200 
2026-07-15 14:21:13,864 [INFO] Capturing request: https://hlsssssssssssss.edaesra.workers.dev/https://corestream.macsitesi.help//bein2/tracks-v1a1/mono.m3u8
2026-07-15 14:21:14,013 [INFO] Capturing response: https://hlsssssssssssss.edaesra.workers.dev/https://corestream.macsitesi.help//bein2/tracks-v1a1/mono.m3u8 404 
2026-07-15 14:21:16,428 [INFO]   ✅ M3U8 bulundu: https://hlsssssssssssss.edaesra.workers.dev/https://corestream.macsitesi.help//bein2/tracks-v1a1/mono.m3u8
2026-07-15 14:21:17,428 [INFO] 
[5/14]
2026-07-15 14:21:17,428 [INFO] 🔍 beIN Sports 5 → https://atomsportv510.top/matches?id=bein-sports-5
2026-07-15 14:21:17,538 [INFO] Capturing request: https://atomsportv510.top/assets/js/clappr.js
2026-07-15 14:21:17,540 [INFO] Capturing request: https://atomsportv510.top/matches?id=bein-sports-5
2026-07-15 14:21:17,569 [INFO] Capturing response: https://atomsportv510.top/assets/js/clappr.js 200 
2026-07-15 14:21:17,607 [INFO] Capturing response: https://atomsportv510.top/matches?id=bein-sports-5 200 
2026-07-15 14:21:17,739 [INFO] Capturing request: https://teletv5.top/load/yayinlink.php?id=bein-sports-5
2026-07-15 14:21:17,742 [INFO] Capturing request: https://atomsportv510.top/favicon.ico
2026-07-15 14:21:17,787 [INFO] Capturing response: https://atomsportv510.top/favicon.ico 200 
2026-07-15 14:21:17,871 [INFO] Capturing request: https://streamsport365.com/cinema
2026-07-15 14:21:17,919 [INFO] Capturing response: https://teletv5.top/load/yayinlink.php?id=bein-sports-5 200 
2026-07-15 14:21:18,189 [INFO] Capturing response: https://streamsport365.com/cinema 200 
2026-07-15 14:21:18,310 [INFO] Capturing request: https://hlsssssssssssss.edaesra.workers.dev/https://corestream.macsitesi.help//bein2/tracks-v1a1/mono.m3u8
2026-07-15 14:21:18,482 [INFO] Capturing response: https://hlsssssssssssss.edaesra.workers.dev/https://corestream.macsitesi.help//bein2/tracks-v1a1/mono.m3u8 404 
2026-07-15 14:21:20,655 [INFO]   ✅ M3U8 bulundu: https://hlsssssssssssss.edaesra.workers.dev/https://corestream.macsitesi.help//bein2/tracks-v1a1/mono.m3u8
2026-07-15 14:21:21,655 [INFO] 
[6/14]
2026-07-15 14:21:21,656 [INFO] 🔍 beIN Sports Max 1 → https://atomsportv510.top/matches?id=bein-sports-max-1
2026-07-15 14:21:21,764 [INFO] Capturing request: https://atomsportv510.top/assets/js/clappr.js
2026-07-15 14:21:21,766 [INFO] Capturing request: https://atomsportv510.top/matches?id=bein-sports-max-1
2026-07-15 14:21:21,796 [INFO] Capturing response: https://atomsportv510.top/assets/js/clappr.js 200 
2026-07-15 14:21:21,832 [INFO] Capturing response: https://atomsportv510.top/matches?id=bein-sports-max-1 200 
2026-07-15 14:21:21,889 [INFO] Capturing request: https://streamsport365.com/cinema
2026-07-15 14:21:21,993 [INFO] Capturing request: https://teletv5.top/load/yayinlink.php?id=bein-sports-max-1
2026-07-15 14:21:21,995 [INFO] Capturing request: https://atomsportv510.top/favicon.ico
2026-07-15 14:21:22,038 [INFO] Capturing response: https://atomsportv510.top/favicon.ico 200 
2026-07-15 14:21:22,181 [INFO] Capturing response: https://teletv5.top/load/yayinlink.php?id=bein-sports-max-1 200 
2026-07-15 14:21:22,201 [INFO] Capturing response: https://streamsport365.com/cinema 200 
2026-07-15 14:21:22,340 [INFO] Capturing request: https://hlsssssssssssss.edaesra.workers.dev/https://corestream.macsitesi.help//trtspor/tracks-v1a1/mono.m3u8
2026-07-15 14:21:22,498 [INFO] Capturing response: https://hlsssssssssssss.edaesra.workers.dev/https://corestream.macsitesi.help//trtspor/tracks-v1a1/mono.m3u8 200 
2026-07-15 14:21:22,649 [INFO] Capturing request: https://securmar.edaesra.workers.dev/trtspor/tracks-v1a1/2026/07/15/14/21/11-10000.avif
2026-07-15 14:21:24,025 [INFO] Capturing response: https://securmar.edaesra.workers.dev/trtspor/tracks-v1a1/2026/07/15/14/21/11-10000.avif 200 
2026-07-15 14:21:24,294 [INFO] Capturing request: https://securmar.edaesra.workers.dev/trtspor/tracks-v1a1/2026/07/15/14/21/21-10000.avif
2026-07-15 14:21:24,909 [INFO]   ✅ M3U8 bulundu: https://hlsssssssssssss.edaesra.workers.dev/https://corestream.macsitesi.help//trtspor/tracks-v1a1/mono.m3u8
2026-07-15 14:21:25,910 [INFO] 
[7/14]
2026-07-15 14:21:25,910 [INFO] 🔍 beIN Sports Max 2 → https://atomsportv510.top/matches?id=bein-sports-max-2
2026-07-15 14:21:26,021 [INFO] Capturing request: https://atomsportv510.top/assets/js/clappr.js
2026-07-15 14:21:26,024 [INFO] Capturing request: https://atomsportv510.top/matches?id=bein-sports-max-2
2026-07-15 14:21:26,053 [INFO] Capturing response: https://atomsportv510.top/assets/js/clappr.js 200 
2026-07-15 14:21:26,102 [INFO] Capturing response: https://atomsportv510.top/matches?id=bein-sports-max-2 200 
2026-07-15 14:21:26,237 [INFO] Capturing request: https://teletv5.top/load/yayinlink.php?id=bein-sports-max-2
2026-07-15 14:21:26,238 [INFO] Capturing request: https://atomsportv510.top/favicon.ico
2026-07-15 14:21:26,273 [INFO] Capturing response: https://securmar.edaesra.workers.dev/trtspor/tracks-v1a1/2026/07/15/14/21/21-10000.avif 200 
2026-07-15 14:21:26,285 [INFO] Capturing response: https://atomsportv510.top/favicon.ico 200 
2026-07-15 14:21:26,311 [INFO] 127.0.0.1:33308: ProtocolException("Error in HTTP connection: Http2ZombieException('Connection or stream already dead: 1784125286.3108025, False')")
2026-07-15 14:21:26,368 [INFO] Capturing request: https://streamsport365.com/cinema
2026-07-15 14:21:26,429 [INFO] Capturing response: https://teletv5.top/load/yayinlink.php?id=bein-sports-max-2 200 
2026-07-15 14:21:26,679 [INFO] Capturing response: https://streamsport365.com/cinema 200 
2026-07-15 14:21:26,801 [INFO] Capturing request: https://hlsssssssssssss.edaesra.workers.dev/https://corestream.macsitesi.help//trtspor/tracks-v1a1/mono.m3u8
2026-07-15 14:21:26,956 [INFO] Capturing response: https://hlsssssssssssss.edaesra.workers.dev/https://corestream.macsitesi.help//trtspor/tracks-v1a1/mono.m3u8 200 
2026-07-15 14:21:27,067 [INFO] Capturing request: https://securmar.edaesra.workers.dev/trtspor/tracks-v1a1/2026/07/15/14/21/21-10000.avif
2026-07-15 14:21:27,299 [INFO] Capturing request: https://android.clients.google.com/c2dm/register3
2026-07-15 14:21:28,104 [INFO] Capturing response: https://android.clients.google.com/c2dm/register3 200 
2026-07-15 14:21:28,467 [INFO] Capturing response: https://securmar.edaesra.workers.dev/trtspor/tracks-v1a1/2026/07/15/14/21/21-10000.avif 200 
2026-07-15 14:21:28,662 [INFO] Capturing request: https://android.clients.google.com/c2dm/register3
2026-07-15 14:21:28,747 [INFO] Capturing request: https://securmar.edaesra.workers.dev/trtspor/tracks-v1a1/2026/07/15/14/21/31-10000.avif
2026-07-15 14:21:29,000 [INFO] Capturing request: https://android.clients.google.com/c2dm/register3
2026-07-15 14:21:29,059 [INFO] Capturing response: https://android.clients.google.com/c2dm/register3 301 
2026-07-15 14:21:29,157 [INFO]   ✅ M3U8 bulundu: https://hlsssssssssssss.edaesra.workers.dev/https://corestream.macsitesi.help//trtspor/tracks-v1a1/mono.m3u8
2026-07-15 14:21:29,373 [INFO] Capturing response: https://android.clients.google.com/c2dm/register3 200 
2026-07-15 14:21:30,157 [INFO] 
[8/14]
2026-07-15 14:21:30,157 [INFO] 🔍 S Sport → https://atomsportv510.top/matches?id=s-sport
2026-07-15 14:21:30,271 [INFO] Capturing request: https://atomsportv510.top/assets/js/clappr.js
2026-07-15 14:21:30,274 [INFO] Capturing request: https://atomsportv510.top/matches?id=s-sport
2026-07-15 14:21:30,306 [INFO] Capturing response: https://atomsportv510.top/assets/js/clappr.js 200 
2026-07-15 14:21:30,533 [INFO] Capturing response: https://securmar.edaesra.workers.dev/trtspor/tracks-v1a1/2026/07/15/14/21/31-10000.avif 200 
2026-07-15 14:21:30,784 [INFO] Capturing response: https://atomsportv510.top/matches?id=s-sport 200 
2026-07-15 14:21:30,812 [INFO] Capturing request: https://securmar.edaesra.workers.dev/trtspor/tracks-v1a1/2026/07/15/14/21/41-10000.avif
2026-07-15 14:21:30,846 [INFO] Capturing request: https://streamsport365.com/cinema
2026-07-15 14:21:30,947 [INFO] Capturing request: https://teletv5.top/load/yayinlink.php?id=s-sport
2026-07-15 14:21:30,948 [INFO] Capturing request: https://atomsportv510.top/favicon.ico
2026-07-15 14:21:30,992 [INFO] Capturing response: https://atomsportv510.top/favicon.ico 200 
2026-07-15 14:21:31,133 [INFO] Capturing response: https://teletv5.top/load/yayinlink.php?id=s-sport 200 
2026-07-15 14:21:31,154 [INFO] Capturing response: https://streamsport365.com/cinema 200 
2026-07-15 14:21:31,299 [INFO] Capturing request: https://hlsssssssssssss.edaesra.workers.dev/https://corestream.macsitesi.help//s-sportt/tracks-v1a1/mono.m3u8
2026-07-15 14:21:31,452 [INFO] Capturing response: https://hlsssssssssssss.edaesra.workers.dev/https://corestream.macsitesi.help//s-sportt/tracks-v1a1/mono.m3u8 404 
2026-07-15 14:21:32,590 [INFO] Capturing response: https://securmar.edaesra.workers.dev/trtspor/tracks-v1a1/2026/07/15/14/21/41-10000.avif 200 
2026-07-15 14:21:33,863 [INFO]   ✅ M3U8 bulundu: https://hlsssssssssssss.edaesra.workers.dev/https://corestream.macsitesi.help//s-sportt/tracks-v1a1/mono.m3u8
2026-07-15 14:21:34,863 [INFO] 
[9/14]
2026-07-15 14:21:34,863 [INFO] 🔍 S Sport 2 → https://atomsportv510.top/matches?id=s-sport-2
2026-07-15 14:21:34,974 [INFO] Capturing request: https://atomsportv510.top/assets/js/clappr.js
2026-07-15 14:21:34,975 [INFO] Capturing request: https://atomsportv510.top/matches?id=s-sport-2
2026-07-15 14:21:35,009 [INFO] Capturing response: https://atomsportv510.top/assets/js/clappr.js 200 
2026-07-15 14:21:35,050 [INFO] Capturing response: https://atomsportv510.top/matches?id=s-sport-2 200 
2026-07-15 14:21:35,185 [INFO] Capturing request: https://teletv5.top/load/yayinlink.php?id=s-sport-2
2026-07-15 14:21:35,185 [INFO] Capturing request: https://atomsportv510.top/favicon.ico
2026-07-15 14:21:35,231 [INFO] Capturing response: https://atomsportv510.top/favicon.ico 200 
2026-07-15 14:21:35,313 [INFO] Capturing request: https://streamsport365.com/cinema
2026-07-15 14:21:35,372 [INFO] Capturing response: https://teletv5.top/load/yayinlink.php?id=s-sport-2 200 
2026-07-15 14:21:35,631 [INFO] Capturing response: https://streamsport365.com/cinema 200 
2026-07-15 14:21:35,751 [INFO] Capturing request: https://hlsssssssssssss.edaesra.workers.dev/https://corestream.macsitesi.help//s-sport2/tracks-v1a1/mono.m3u8
2026-07-15 14:21:35,909 [INFO] Capturing response: https://hlsssssssssssss.edaesra.workers.dev/https://corestream.macsitesi.help//s-sport2/tracks-v1a1/mono.m3u8 404 
2026-07-15 14:21:38,098 [INFO]   ✅ M3U8 bulundu: https://hlsssssssssssss.edaesra.workers.dev/https://corestream.macsitesi.help//s-sport2/tracks-v1a1/mono.m3u8
2026-07-15 14:21:39,098 [INFO] 
[10/14]
2026-07-15 14:21:39,099 [INFO] 🔍 A Spor → https://atomsportv510.top/matches?id=a-spor
2026-07-15 14:21:39,208 [INFO] Capturing request: https://atomsportv510.top/assets/js/clappr.js
2026-07-15 14:21:39,209 [INFO] Capturing request: https://atomsportv510.top/matches?id=a-spor
2026-07-15 14:21:39,238 [INFO] Capturing response: https://atomsportv510.top/assets/js/clappr.js 200 
2026-07-15 14:21:39,288 [INFO] Capturing response: https://atomsportv510.top/matches?id=a-spor 200 
2026-07-15 14:21:39,348 [INFO] Capturing request: https://streamsport365.com/cinema
2026-07-15 14:21:39,448 [INFO] Capturing request: https://teletv5.top/load/yayinlink.php?id=a-spor
2026-07-15 14:21:39,449 [INFO] Capturing request: https://atomsportv510.top/favicon.ico
2026-07-15 14:21:39,491 [INFO] Capturing response: https://atomsportv510.top/favicon.ico 200 
2026-07-15 14:21:39,642 [INFO] Capturing response: https://teletv5.top/load/yayinlink.php?id=a-spor 200 
2026-07-15 14:21:39,659 [INFO] Capturing response: https://streamsport365.com/cinema 200 
2026-07-15 14:21:39,804 [INFO] Capturing request: https://hlsssssssssssss.edaesra.workers.dev/https://corestream.macsitesi.help//aspor/tracks-v1a1/mono.m3u8
2026-07-15 14:21:39,964 [INFO] Capturing response: https://hlsssssssssssss.edaesra.workers.dev/https://corestream.macsitesi.help//aspor/tracks-v1a1/mono.m3u8 404 
2026-07-15 14:21:42,363 [INFO]   ✅ M3U8 bulundu: https://hlsssssssssssss.edaesra.workers.dev/https://corestream.macsitesi.help//aspor/tracks-v1a1/mono.m3u8
2026-07-15 14:21:43,363 [INFO] 
[11/14]
2026-07-15 14:21:43,363 [INFO] 🔍 Tivibu Spor 1 → https://atomsportv510.top/matches?id=tivibu-spor-1
2026-07-15 14:21:43,474 [INFO] Capturing request: https://atomsportv510.top/assets/js/clappr.js
2026-07-15 14:21:43,475 [INFO] Capturing request: https://atomsportv510.top/matches?id=tivibu-spor-1
2026-07-15 14:21:43,506 [INFO] Capturing response: https://atomsportv510.top/assets/js/clappr.js 200 
2026-07-15 14:21:43,557 [INFO] Capturing response: https://atomsportv510.top/matches?id=tivibu-spor-1 200 
2026-07-15 14:21:43,692 [INFO] Capturing request: https://teletv5.top/load/yayinlink.php?id=tivibu-spor-1
2026-07-15 14:21:43,696 [INFO] Capturing request: https://atomsportv510.top/favicon.ico
2026-07-15 14:21:43,736 [INFO] Capturing response: https://atomsportv510.top/favicon.ico 200 
2026-07-15 14:21:43,826 [INFO] Capturing request: https://streamsport365.com/cinema
2026-07-15 14:21:43,883 [INFO] Capturing response: https://teletv5.top/load/yayinlink.php?id=tivibu-spor-1 200 
2026-07-15 14:21:44,143 [INFO] Capturing response: https://streamsport365.com/cinema 200 
2026-07-15 14:21:44,264 [INFO] Capturing request: https://hlsssssssssssss.edaesra.workers.dev/https://corestream.macsitesi.help//trtspor/tracks-v1a1/mono.m3u8
2026-07-15 14:21:44,437 [INFO] Capturing response: https://hlsssssssssssss.edaesra.workers.dev/https://corestream.macsitesi.help//trtspor/tracks-v1a1/mono.m3u8 200 
2026-07-15 14:21:44,548 [INFO] Capturing request: https://securmar.edaesra.workers.dev/trtspor/tracks-v1a1/2026/07/15/14/21/41-10000.avif
2026-07-15 14:21:46,074 [INFO] Capturing response: https://securmar.edaesra.workers.dev/trtspor/tracks-v1a1/2026/07/15/14/21/41-10000.avif 200 
2026-07-15 14:21:46,361 [INFO] Capturing request: https://securmar.edaesra.workers.dev/trtspor/tracks-v1a1/2026/07/15/14/21/51-10000.avif
2026-07-15 14:21:46,609 [INFO]   ✅ M3U8 bulundu: https://hlsssssssssssss.edaesra.workers.dev/https://corestream.macsitesi.help//trtspor/tracks-v1a1/mono.m3u8
2026-07-15 14:21:47,609 [INFO] 
[12/14]
2026-07-15 14:21:47,611 [INFO] 🔍 Tivibu Spor 2 → https://atomsportv510.top/matches?id=tivibu-spor-2
2026-07-15 14:21:47,723 [INFO] Capturing request: https://atomsportv510.top/matches?id=tivibu-spor-2
2026-07-15 14:21:47,725 [INFO] Capturing request: https://atomsportv510.top/assets/js/clappr.js
2026-07-15 14:21:47,769 [INFO] Capturing response: https://atomsportv510.top/matches?id=tivibu-spor-2 200 
2026-07-15 14:21:47,796 [INFO] Capturing response: https://atomsportv510.top/assets/js/clappr.js 200 
2026-07-15 14:21:47,814 [INFO] Capturing request: https://streamsport365.com/cinema
2026-07-15 14:21:47,909 [INFO] Capturing request: https://teletv5.top/load/yayinlink.php?id=tivibu-spor-2
2026-07-15 14:21:47,916 [INFO] Capturing request: https://atomsportv510.top/favicon.ico
2026-07-15 14:21:47,958 [INFO] Capturing response: https://atomsportv510.top/favicon.ico 200 
2026-07-15 14:21:47,976 [INFO] Capturing response: https://securmar.edaesra.workers.dev/trtspor/tracks-v1a1/2026/07/15/14/21/51-10000.avif 200 
2026-07-15 14:21:48,067 [INFO] 127.0.0.1:33308: ProtocolException("Error in HTTP connection: Http2ZombieException('Connection or stream already dead: 1784125308.0665674, False')")
2026-07-15 14:21:48,098 [INFO] Capturing response: https://teletv5.top/load/yayinlink.php?id=tivibu-spor-2 200 
2026-07-15 14:21:48,131 [INFO] Capturing response: https://streamsport365.com/cinema 200 
2026-07-15 14:21:48,261 [INFO] Capturing request: https://hlsssssssssssss.edaesra.workers.dev/https://corestream.macsitesi.help//trtspor/tracks-v1a1/mono.m3u8
2026-07-15 14:21:48,419 [INFO] Capturing response: https://hlsssssssssssss.edaesra.workers.dev/https://corestream.macsitesi.help//trtspor/tracks-v1a1/mono.m3u8 200 
2026-07-15 14:21:48,569 [INFO] Capturing request: https://securmar.edaesra.workers.dev/trtspor/tracks-v1a1/2026/07/15/14/21/41-10000.avif
2026-07-15 14:21:50,152 [INFO] Capturing response: https://securmar.edaesra.workers.dev/trtspor/tracks-v1a1/2026/07/15/14/21/41-10000.avif 200 
2026-07-15 14:21:50,441 [INFO] Capturing request: https://securmar.edaesra.workers.dev/trtspor/tracks-v1a1/2026/07/15/14/21/51-10000.avif
2026-07-15 14:21:50,832 [INFO]   ✅ M3U8 bulundu: https://hlsssssssssssss.edaesra.workers.dev/https://corestream.macsitesi.help//trtspor/tracks-v1a1/mono.m3u8
2026-07-15 14:21:51,832 [INFO] 
[13/14]
2026-07-15 14:21:51,833 [INFO] 🔍 Tivibu Spor 3 → https://atomsportv510.top/matches?id=tivibu-spor-3
2026-07-15 14:21:51,944 [INFO] Capturing response: https://securmar.edaesra.workers.dev/trtspor/tracks-v1a1/2026/07/15/14/21/51-10000.avif 200 
2026-07-15 14:21:51,945 [INFO] Capturing request: https://atomsportv510.top/assets/js/clappr.js
2026-07-15 14:21:51,948 [INFO] Capturing request: https://atomsportv510.top/matches?id=tivibu-spor-3
2026-07-15 14:21:51,977 [INFO] Capturing response: https://atomsportv510.top/assets/js/clappr.js 200 
2026-07-15 14:21:52,020 [INFO] Capturing response: https://atomsportv510.top/matches?id=tivibu-spor-3 200 
2026-07-15 14:21:52,162 [INFO] Capturing request: https://teletv5.top/load/yayinlink.php?id=tivibu-spor-3
2026-07-15 14:21:52,163 [INFO] Capturing request: https://atomsportv510.top/favicon.ico
2026-07-15 14:21:52,207 [INFO] Capturing response: https://atomsportv510.top/favicon.ico 200 
2026-07-15 14:21:52,287 [INFO] Capturing request: https://streamsport365.com/cinema
2026-07-15 14:21:52,353 [INFO] Capturing response: https://teletv5.top/load/yayinlink.php?id=tivibu-spor-3 200 
2026-07-15 14:21:52,610 [INFO] Capturing response: https://streamsport365.com/cinema 200 
2026-07-15 14:21:52,730 [INFO] Capturing request: https://hlsssssssssssss.edaesra.workers.dev/https://corestream.macsitesi.help//trtspor/tracks-v1a1/mono.m3u8
2026-07-15 14:21:52,891 [INFO] Capturing response: https://hlsssssssssssss.edaesra.workers.dev/https://corestream.macsitesi.help//trtspor/tracks-v1a1/mono.m3u8 200 
2026-07-15 14:21:53,001 [INFO] Capturing request: https://securmar.edaesra.workers.dev/trtspor/tracks-v1a1/2026/07/15/14/21/41-10000.avif
2026-07-15 14:21:54,594 [INFO] Capturing response: https://securmar.edaesra.workers.dev/trtspor/tracks-v1a1/2026/07/15/14/21/41-10000.avif 200 
2026-07-15 14:21:54,883 [INFO] Capturing request: https://securmar.edaesra.workers.dev/trtspor/tracks-v1a1/2026/07/15/14/21/51-10000.avif
2026-07-15 14:21:55,081 [INFO]   ✅ M3U8 bulundu: https://hlsssssssssssss.edaesra.workers.dev/https://corestream.macsitesi.help//trtspor/tracks-v1a1/mono.m3u8
2026-07-15 14:21:56,082 [INFO] 
[14/14]
2026-07-15 14:21:56,082 [INFO] 🔍 Tivibu Spor 4 → https://atomsportv510.top/matches?id=tivibu-spor-4
2026-07-15 14:21:56,192 [INFO] Capturing request: https://atomsportv510.top/assets/js/clappr.js
2026-07-15 14:21:56,194 [INFO] Capturing request: https://atomsportv510.top/matches?id=tivibu-spor-4
2026-07-15 14:21:56,226 [INFO] Capturing response: https://atomsportv510.top/assets/js/clappr.js 200 
2026-07-15 14:21:56,267 [INFO] Capturing response: https://atomsportv510.top/matches?id=tivibu-spor-4 200 
2026-07-15 14:21:56,332 [INFO] Capturing request: https://streamsport365.com/cinema
2026-07-15 14:21:56,433 [INFO] Capturing request: https://atomsportv510.top/favicon.ico
2026-07-15 14:21:56,437 [INFO] Capturing request: https://teletv5.top/load/yayinlink.php?id=tivibu-spor-4
2026-07-15 14:21:56,476 [INFO] Capturing response: https://atomsportv510.top/favicon.ico 200 
2026-07-15 14:21:56,560 [INFO] Capturing response: https://securmar.edaesra.workers.dev/trtspor/tracks-v1a1/2026/07/15/14/21/51-10000.avif 200 
2026-07-15 14:21:56,646 [INFO] Capturing response: https://streamsport365.com/cinema 200 
2026-07-15 14:21:56,731 [INFO] Capturing response: https://teletv5.top/load/yayinlink.php?id=tivibu-spor-4 200 
2026-07-15 14:21:59,702 [INFO] Capturing request: https://update.googleapis.com/service/update2/json?cup2key=16:5hiMYicSWGGX8X5aZULFqqSwsbAGY5bcRP5SfLMbtTA&cup2hreq=c547a7d8bc96b6b8886331e7b29f74899fa406deac0bc98a8ec76452a0a40d04
2026-07-15 14:21:59,761 [INFO] Capturing response: https://update.googleapis.com/service/update2/json?cup2key=16:5hiMYicSWGGX8X5aZULFqqSwsbAGY5bcRP5SfLMbtTA&cup2hreq=c547a7d8bc96b6b8886331e7b29f74899fa406deac0bc98a8ec76452a0a40d04 200 
2026-07-15 14:21:59,768 [INFO] Capturing request: http://edgedl.me.gvt1.com/edgedl/diffgen-puffin/gcmjkmgdlgnkkcocmoeiminaijmmjnii/df2a22d5ecc7788c3330ebd5f856b41531c74f412a01ed7453d11284708009fe
2026-07-15 14:21:59,810 [INFO] Capturing response: http://edgedl.me.gvt1.com/edgedl/diffgen-puffin/gcmjkmgdlgnkkcocmoeiminaijmmjnii/df2a22d5ecc7788c3330ebd5f856b41531c74f412a01ed7453d11284708009fe 200 OK
2026-07-15 14:21:59,839 [INFO] Capturing request: https://update.googleapis.com/service/update2/json
2026-07-15 14:21:59,896 [INFO] Capturing response: https://update.googleapis.com/service/update2/json 200 
2026-07-15 14:22:00,013 [INFO] Capturing request: http://edgedl.me.gvt1.com/edgedl/release2/chrome_component/p5gqslsisdm4a2eswz4spdcidy_10649/hfnkpimlhhgieaddgfemjhofmfblmnib_10649_all_iwk4ja7kalgtdx57d3b6bc5lmu.crx3
2026-07-15 14:22:00,076 [INFO] Capturing response: http://edgedl.me.gvt1.com/edgedl/release2/chrome_component/p5gqslsisdm4a2eswz4spdcidy_10649/hfnkpimlhhgieaddgfemjhofmfblmnib_10649_all_iwk4ja7kalgtdx57d3b6bc5lmu.crx3 200 OK
2026-07-15 14:22:00,109 [INFO] Capturing request: https://update.googleapis.com/service/update2/json
2026-07-15 14:22:00,147 [INFO] Capturing response: https://update.googleapis.com/service/update2/json 200 
2026-07-15 14:22:26,231 [INFO] Capturing request: https://android.clients.google.com/c2dm/register3
2026-07-15 14:22:26,282 [INFO] Capturing response: https://android.clients.google.com/c2dm/register3 301 
2026-07-15 14:22:29,670 [WARNING]   ❌ Tivibu Spor 4 için M3U8 bulunamadı
2026-07-15 14:22:30,738 [INFO] ✅ 13 kanal bulundu, playlist.m3u kaydedildi
