2026-07-01 00:06:23,586 [INFO] 🌐 BASE_URL: https://atomsportv508.top
2026-07-01 00:06:24,225 [INFO] Başlanıyor... 14 kanal taranacak
2026-07-01 00:06:24,225 [INFO] Using default request storage
2026-07-01 00:06:24,230 [INFO] Created proxy listening on 127.0.0.1:35365
2026-07-01 00:06:24,883 [INFO] Capturing request: http://clients2.google.com/time/1/current?cup2key=10:0Jc-gKyv4eNlwaK4GRDKay2ZCfPuEDRT-rN7cFIOwuE&cup2hreq=e3b0c44298fc1c149afbf4c8996fb92427ae41e4649b934ca495991b7852b855
2026-07-01 00:06:24,915 [INFO] Capturing response: http://clients2.google.com/time/1/current?cup2key=10:0Jc-gKyv4eNlwaK4GRDKay2ZCfPuEDRT-rN7cFIOwuE&cup2hreq=e3b0c44298fc1c149afbf4c8996fb92427ae41e4649b934ca495991b7852b855 200 OK
2026-07-01 00:06:25,072 [INFO] 
[1/14]
2026-07-01 00:06:25,072 [INFO] 🔍 beIN Sports 1 → https://atomsportv508.top/matches?id=bein-sports-1
2026-07-01 00:06:25,136 [INFO] Capturing request: https://update.googleapis.com/service/update2/json?cup2key=16:YRN8xyODzl3yHPtnrr4b_AsHciDRjP0EVLGrZFXn8NI&cup2hreq=0351ef481731ee5279dfc9bf2eb22e9b2dae4a3951b5f831327f9e9ad95f5f54
2026-07-01 00:06:25,140 [INFO] Capturing request: https://accounts.google.com/ListAccounts?gpsia=1&source=ChromiumBrowser&json=standard&laf=b64bin
2026-07-01 00:06:25,174 [INFO] Capturing response: https://update.googleapis.com/service/update2/json?cup2key=16:YRN8xyODzl3yHPtnrr4b_AsHciDRjP0EVLGrZFXn8NI&cup2hreq=0351ef481731ee5279dfc9bf2eb22e9b2dae4a3951b5f831327f9e9ad95f5f54 200 
2026-07-01 00:06:25,187 [INFO] Capturing response: https://accounts.google.com/ListAccounts?gpsia=1&source=ChromiumBrowser&json=standard&laf=b64bin 200 
2026-07-01 00:06:25,221 [INFO] Capturing request: https://update.googleapis.com/service/update2/json?cup2key=16:jwe6BX8M_-814UUtyOZHdauyc24hiK8Lv4vinJPlJU0&cup2hreq=446f913b8b06b1b0d45314b903c2534c2dcfc3572032eb9d38867da998549cda
2026-07-01 00:06:25,243 [INFO] Capturing response: https://update.googleapis.com/service/update2/json?cup2key=16:jwe6BX8M_-814UUtyOZHdauyc24hiK8Lv4vinJPlJU0&cup2hreq=446f913b8b06b1b0d45314b903c2534c2dcfc3572032eb9d38867da998549cda 200 
2026-07-01 00:06:25,281 [INFO] Capturing request: https://atomsportv508.top/matches?id=bein-sports-1
2026-07-01 00:06:25,491 [INFO] Capturing request: https://www.google.com/async/folae?async=_fmt:pb&udm=50&client_locale=en-US&client_country=ZZ
2026-07-01 00:06:25,519 [INFO] Capturing response: https://www.google.com/async/folae?async=_fmt:pb&udm=50&client_locale=en-US&client_country=ZZ 200 
2026-07-01 00:06:26,172 [INFO] Capturing response: https://atomsportv508.top/matches?id=bein-sports-1 200 
2026-07-01 00:06:26,323 [INFO] Capturing request: https://atomsportv508.top/assets/js/clappr.js
2026-07-01 00:06:26,378 [INFO] Capturing request: https://cdnjs.cloudflare.com/ajax/libs/jquery/3.2.1/jquery.min.js
2026-07-01 00:06:26,383 [INFO] Capturing request: https://cdn.jsdelivr.net/npm/@clappr/player@latest/dist/clappr.min.js
2026-07-01 00:06:26,413 [INFO] Capturing response: https://cdnjs.cloudflare.com/ajax/libs/jquery/3.2.1/jquery.min.js 200 
2026-07-01 00:06:26,438 [INFO] Capturing response: https://cdn.jsdelivr.net/npm/@clappr/player@latest/dist/clappr.min.js 200 
2026-07-01 00:06:26,488 [INFO] Capturing response: https://atomsportv508.top/assets/js/clappr.js 200 
2026-07-01 00:06:26,643 [INFO] Capturing request: https://static.cloudflareinsights.com/beacon.min.js/v4513226cdae34746b4dedf0b4dfa099e1781791509496
2026-07-01 00:06:26,668 [INFO] Capturing response: https://static.cloudflareinsights.com/beacon.min.js/v4513226cdae34746b4dedf0b4dfa099e1781791509496 200 
2026-07-01 00:06:26,729 [INFO] Capturing request: https://atomsportv508.top/cdn-cgi/rum?
2026-07-01 00:06:26,835 [INFO] Capturing request: https://atomsportv508.top/favicon.ico
2026-07-01 00:06:26,853 [INFO] Capturing response: https://atomsportv508.top/cdn-cgi/rum? 204 
2026-07-01 00:06:26,905 [INFO] Capturing response: https://atomsportv508.top/favicon.ico 200 
2026-07-01 00:06:26,935 [INFO] Capturing request: https://teletv5.top/load/yayinlink.php?id=bein-sports-1
2026-07-01 00:06:27,395 [INFO] Capturing response: https://teletv5.top/load/yayinlink.php?id=bein-sports-1 200 
2026-07-01 00:06:27,490 [INFO] Capturing request: https://streamsport365.com/cinema
2026-07-01 00:06:27,848 [INFO] Capturing response: https://streamsport365.com/cinema 200 
2026-07-01 00:06:27,979 [INFO] Capturing request: https://atomsportv508.top/assets/img/player_logo_6880e4e4c52ee.png
2026-07-01 00:06:28,035 [INFO] Capturing response: https://atomsportv508.top/assets/img/player_logo_6880e4e4c52ee.png 200 
2026-07-01 00:06:28,146 [INFO] Capturing request: https://hlssssssssssssssssss.yedeklinksa35.workers.dev/https://corestream.ronaldovurdu.help//trtspor/tracks-v1a1/mono.m3u8
2026-07-01 00:06:28,529 [INFO] Capturing response: https://hlssssssssssssssssss.yedeklinksa35.workers.dev/https://corestream.ronaldovurdu.help//trtspor/tracks-v1a1/mono.m3u8 200 
2026-07-01 00:06:28,566 [INFO] Capturing request: https://android.clients.google.com/checkin
2026-07-01 00:06:28,643 [INFO] Capturing response: https://android.clients.google.com/checkin 200 
2026-07-01 00:06:28,691 [INFO] Capturing request: https://android.clients.google.com/c2dm/register3
2026-07-01 00:06:28,697 [INFO] Capturing request: https://android.clients.google.com/c2dm/register3
2026-07-01 00:06:28,699 [INFO] Capturing request: https://android.clients.google.com/c2dm/register3
2026-07-01 00:06:28,720 [INFO] Capturing response: https://android.clients.google.com/c2dm/register3 301 
2026-07-01 00:06:28,767 [INFO] Capturing request: https://ts.yedeklinksa35.workers.dev/trtspor/tracks-v1a1/2026/07/01/00/06/49-06000.avif
2026-07-01 00:06:29,546 [INFO] Capturing response: https://android.clients.google.com/c2dm/register3 200 
2026-07-01 00:06:29,554 [INFO] Capturing response: https://ts.yedeklinksa35.workers.dev/trtspor/tracks-v1a1/2026/07/01/00/06/49-06000.avif 200 
2026-07-01 00:06:29,601 [INFO] Capturing response: https://android.clients.google.com/c2dm/register3 200 
2026-07-01 00:06:29,755 [INFO]   ✅ M3U8 bulundu: https://hlssssssssssssssssss.yedeklinksa35.workers.dev/https://corestream.ronaldovurdu.help//trtspor/tracks-v1a1/mono.m3u8
2026-07-01 00:06:29,810 [INFO] Capturing request: https://ts.yedeklinksa35.workers.dev/trtspor/tracks-v1a1/2026/07/01/00/06/55-06000.avif
2026-07-01 00:06:30,503 [INFO] Capturing response: https://ts.yedeklinksa35.workers.dev/trtspor/tracks-v1a1/2026/07/01/00/06/55-06000.avif 200 
2026-07-01 00:06:30,724 [INFO] Capturing request: https://ts.yedeklinksa35.workers.dev/trtspor/tracks-v1a1/2026/07/01/00/07/01-06000.avif
2026-07-01 00:06:30,755 [INFO] 
[2/14]
2026-07-01 00:06:30,756 [INFO] 🔍 beIN Sports 2 → https://atomsportv508.top/matches?id=bein-sports-2
2026-07-01 00:06:30,869 [INFO] Capturing request: https://atomsportv508.top/matches?id=bein-sports-2
2026-07-01 00:06:30,909 [INFO] Capturing response: https://atomsportv508.top/matches?id=bein-sports-2 200 
2026-07-01 00:06:30,919 [INFO] Capturing request: https://atomsportv508.top/cdn-cgi/rum?
2026-07-01 00:06:30,979 [INFO] Capturing request: https://streamsport365.com/cinema
2026-07-01 00:06:30,981 [INFO] Capturing request: https://atomsportv508.top/cdn-cgi/rum?
2026-07-01 00:06:31,074 [INFO] Capturing request: https://teletv5.top/load/yayinlink.php?id=bein-sports-2
2026-07-01 00:06:31,087 [INFO] Capturing request: https://atomsportv508.top/favicon.ico
2026-07-01 00:06:31,089 [INFO] Capturing response: https://atomsportv508.top/cdn-cgi/rum? 204 
2026-07-01 00:06:31,122 [INFO] Capturing response: https://atomsportv508.top/favicon.ico 200 
2026-07-01 00:06:31,140 [INFO] Capturing response: https://atomsportv508.top/cdn-cgi/rum? 204 
2026-07-01 00:06:31,305 [INFO] Capturing response: https://ts.yedeklinksa35.workers.dev/trtspor/tracks-v1a1/2026/07/01/00/07/01-06000.avif 200 
2026-07-01 00:06:31,355 [INFO] Capturing response: https://streamsport365.com/cinema 200 
2026-07-01 00:06:31,504 [INFO] Capturing response: https://teletv5.top/load/yayinlink.php?id=bein-sports-2 200 
2026-07-01 00:06:31,625 [INFO] Capturing request: https://hlssssssssssssssssss.yedeklinksa35.workers.dev/https://corestream.ronaldovurdu.help//bein2/tracks-v1a1/mono.m3u8
2026-07-01 00:06:31,842 [INFO] Capturing response: https://hlssssssssssssssssss.yedeklinksa35.workers.dev/https://corestream.ronaldovurdu.help//bein2/tracks-v1a1/mono.m3u8 200 
2026-07-01 00:06:31,951 [INFO] Capturing request: https://ts.yedeklinksa35.workers.dev/bein2/tracks-v1a1/2026/07/01/00/07/10-05000.avif
2026-07-01 00:06:32,421 [INFO] Capturing response: https://ts.yedeklinksa35.workers.dev/bein2/tracks-v1a1/2026/07/01/00/07/10-05000.avif 200 
2026-07-01 00:06:32,629 [INFO] Capturing request: https://ts.yedeklinksa35.workers.dev/bein2/tracks-v1a1/2026/07/01/00/07/15-05000.avif
2026-07-01 00:06:33,064 [INFO] Capturing response: https://ts.yedeklinksa35.workers.dev/bein2/tracks-v1a1/2026/07/01/00/07/15-05000.avif 200 
2026-07-01 00:06:33,272 [INFO] Capturing request: https://ts.yedeklinksa35.workers.dev/bein2/tracks-v1a1/2026/07/01/00/07/20-05000.avif
2026-07-01 00:06:33,735 [INFO] Capturing response: https://ts.yedeklinksa35.workers.dev/bein2/tracks-v1a1/2026/07/01/00/07/20-05000.avif 200 
2026-07-01 00:06:33,996 [INFO]   ✅ M3U8 bulundu: https://hlssssssssssssssssss.yedeklinksa35.workers.dev/https://corestream.ronaldovurdu.help//bein2/tracks-v1a1/mono.m3u8
2026-07-01 00:06:34,997 [INFO] 
[3/14]
2026-07-01 00:06:34,997 [INFO] 🔍 beIN Sports 3 → https://atomsportv508.top/matches?id=bein-sports-3
2026-07-01 00:06:35,107 [INFO] Capturing request: https://atomsportv508.top/matches?id=bein-sports-3
2026-07-01 00:06:35,152 [INFO] Capturing response: https://atomsportv508.top/matches?id=bein-sports-3 200 
2026-07-01 00:06:35,162 [INFO] Capturing request: https://atomsportv508.top/cdn-cgi/rum?
2026-07-01 00:06:35,189 [INFO] Capturing request: https://atomsportv508.top/cdn-cgi/rum?
2026-07-01 00:06:35,288 [INFO] Capturing request: https://teletv5.top/load/yayinlink.php?id=bein-sports-3
2026-07-01 00:06:35,294 [INFO] Capturing request: https://atomsportv508.top/favicon.ico
2026-07-01 00:06:35,305 [INFO] Capturing response: https://atomsportv508.top/cdn-cgi/rum? 204 
2026-07-01 00:06:35,306 [INFO] Capturing response: https://atomsportv508.top/cdn-cgi/rum? 204 
2026-07-01 00:06:35,328 [INFO] Capturing response: https://atomsportv508.top/favicon.ico 200 
2026-07-01 00:06:35,447 [INFO] Capturing request: https://streamsport365.com/cinema
2026-07-01 00:06:35,528 [INFO] Capturing response: https://teletv5.top/load/yayinlink.php?id=bein-sports-3 200 
2026-07-01 00:06:35,818 [INFO] Capturing response: https://streamsport365.com/cinema 200 
2026-07-01 00:06:51,563 [INFO] Capturing request: https://android.clients.google.com/c2dm/register3
2026-07-01 00:06:51,591 [INFO] Capturing response: https://android.clients.google.com/c2dm/register3 301 
2026-07-01 00:07:08,513 [WARNING]   ❌ beIN Sports 3 için M3U8 bulunamadı
2026-07-01 00:07:09,513 [INFO] 
[4/14]
2026-07-01 00:07:09,513 [INFO] 🔍 beIN Sports 4 → https://atomsportv508.top/matches?id=bein-sports-4
2026-07-01 00:07:09,622 [INFO] Capturing request: https://atomsportv508.top/matches?id=bein-sports-4
2026-07-01 00:07:09,964 [INFO] Capturing response: https://atomsportv508.top/matches?id=bein-sports-4 200 
2026-07-01 00:07:09,973 [INFO] Capturing request: https://atomsportv508.top/cdn-cgi/rum?
2026-07-01 00:07:10,003 [INFO] Capturing request: https://atomsportv508.top/cdn-cgi/rum?
2026-07-01 00:07:10,090 [INFO] Capturing response: https://atomsportv508.top/cdn-cgi/rum? 204 
2026-07-01 00:07:10,100 [INFO] Capturing request: https://teletv5.top/load/yayinlink.php?id=bein-sports-4
2026-07-01 00:07:10,106 [INFO] Capturing request: https://atomsportv508.top/favicon.ico
2026-07-01 00:07:10,140 [INFO] Capturing response: https://atomsportv508.top/favicon.ico 200 
2026-07-01 00:07:10,159 [INFO] Capturing response: https://atomsportv508.top/cdn-cgi/rum? 204 
2026-07-01 00:07:10,263 [INFO] Capturing request: https://streamsport365.com/cinema
2026-07-01 00:07:10,325 [INFO] Capturing response: https://teletv5.top/load/yayinlink.php?id=bein-sports-4 200 
2026-07-01 00:07:10,637 [INFO] Capturing response: https://streamsport365.com/cinema 200 
2026-07-01 00:07:24,882 [INFO] Capturing request: https://update.googleapis.com/service/update2/json?cup2key=16:7tsvg5vCvgDSMBzD5rJLOFflobTZH9IoGNrhZfZ1beU&cup2hreq=0e61c6b159f2ac9b29c66725a10442e31d79aac62958a7e3656dca0ff296a956
2026-07-01 00:07:24,906 [INFO] Capturing response: https://update.googleapis.com/service/update2/json?cup2key=16:7tsvg5vCvgDSMBzD5rJLOFflobTZH9IoGNrhZfZ1beU&cup2hreq=0e61c6b159f2ac9b29c66725a10442e31d79aac62958a7e3656dca0ff296a956 200 
2026-07-01 00:07:43,277 [WARNING]   ❌ beIN Sports 4 için M3U8 bulunamadı
2026-07-01 00:07:44,277 [INFO] 
[5/14]
2026-07-01 00:07:44,277 [INFO] 🔍 beIN Sports 5 → https://atomsportv508.top/matches?id=bein-sports-5
2026-07-01 00:07:44,387 [INFO] Capturing request: https://atomsportv508.top/assets/js/clappr.js
2026-07-01 00:07:44,388 [INFO] Capturing request: https://atomsportv508.top/matches?id=bein-sports-5
2026-07-01 00:07:44,416 [INFO] Capturing response: https://atomsportv508.top/assets/js/clappr.js 200 
2026-07-01 00:07:44,737 [INFO] Capturing response: https://atomsportv508.top/matches?id=bein-sports-5 200 
2026-07-01 00:07:44,747 [INFO] Capturing request: https://atomsportv508.top/cdn-cgi/rum?
2026-07-01 00:07:44,775 [INFO] Capturing request: https://atomsportv508.top/cdn-cgi/rum?
2026-07-01 00:07:44,862 [INFO] Capturing response: https://atomsportv508.top/cdn-cgi/rum? 204 
2026-07-01 00:07:44,876 [INFO] Capturing request: https://teletv5.top/load/yayinlink.php?id=bein-sports-5
2026-07-01 00:07:44,878 [INFO] Capturing request: https://atomsportv508.top/favicon.ico
2026-07-01 00:07:44,915 [INFO] Capturing response: https://atomsportv508.top/favicon.ico 200 
2026-07-01 00:07:44,932 [INFO] Capturing response: https://atomsportv508.top/cdn-cgi/rum? 204 
2026-07-01 00:07:45,031 [INFO] Capturing request: https://streamsport365.com/cinema
2026-07-01 00:07:45,112 [INFO] Capturing response: https://teletv5.top/load/yayinlink.php?id=bein-sports-5 200 
2026-07-01 00:07:45,402 [INFO] Capturing response: https://streamsport365.com/cinema 200 
2026-07-01 00:07:45,695 [INFO] Capturing request: https://android.clients.google.com/c2dm/register3
2026-07-01 00:07:45,720 [INFO] Capturing response: https://android.clients.google.com/c2dm/register3 301 
2026-07-01 00:08:18,053 [WARNING]   ❌ beIN Sports 5 için M3U8 bulunamadı
2026-07-01 00:08:19,053 [INFO] 
[6/14]
2026-07-01 00:08:19,054 [INFO] 🔍 beIN Sports Max 1 → https://atomsportv508.top/matches?id=bein-sports-max-1
2026-07-01 00:08:19,162 [INFO] Capturing request: https://atomsportv508.top/assets/js/clappr.js
2026-07-01 00:08:19,164 [INFO] Capturing request: https://atomsportv508.top/matches?id=bein-sports-max-1
2026-07-01 00:08:19,191 [INFO] Capturing response: https://atomsportv508.top/assets/js/clappr.js 200 
2026-07-01 00:08:19,514 [INFO] Capturing response: https://atomsportv508.top/matches?id=bein-sports-max-1 200 
2026-07-01 00:08:19,524 [INFO] Capturing request: https://atomsportv508.top/cdn-cgi/rum?
2026-07-01 00:08:19,554 [INFO] Capturing request: https://atomsportv508.top/cdn-cgi/rum?
2026-07-01 00:08:19,640 [INFO] Capturing response: https://atomsportv508.top/cdn-cgi/rum? 204 
2026-07-01 00:08:19,651 [INFO] Capturing request: https://teletv5.top/load/yayinlink.php?id=bein-sports-max-1
2026-07-01 00:08:19,656 [INFO] Capturing request: https://atomsportv508.top/favicon.ico
2026-07-01 00:08:19,694 [INFO] Capturing response: https://atomsportv508.top/favicon.ico 200 
2026-07-01 00:08:19,712 [INFO] Capturing response: https://atomsportv508.top/cdn-cgi/rum? 204 
2026-07-01 00:08:19,809 [INFO] Capturing request: https://streamsport365.com/cinema
2026-07-01 00:08:19,870 [INFO] Capturing response: https://teletv5.top/load/yayinlink.php?id=bein-sports-max-1 200 
2026-07-01 00:08:20,176 [INFO] Capturing response: https://streamsport365.com/cinema 200 
2026-07-01 00:08:52,825 [WARNING]   ❌ beIN Sports Max 1 için M3U8 bulunamadı
2026-07-01 00:08:53,826 [INFO] 
[7/14]
2026-07-01 00:08:53,826 [INFO] 🔍 beIN Sports Max 2 → https://atomsportv508.top/matches?id=bein-sports-max-2
2026-07-01 00:08:53,935 [INFO] Capturing request: https://atomsportv508.top/assets/js/clappr.js
2026-07-01 00:08:53,937 [INFO] Capturing request: https://atomsportv508.top/matches?id=bein-sports-max-2
2026-07-01 00:08:53,976 [INFO] Capturing response: https://atomsportv508.top/assets/js/clappr.js 200 
2026-07-01 00:08:54,302 [INFO] Capturing response: https://atomsportv508.top/matches?id=bein-sports-max-2 200 
2026-07-01 00:08:54,312 [INFO] Capturing request: https://atomsportv508.top/cdn-cgi/rum?
2026-07-01 00:08:54,344 [INFO] Capturing request: https://atomsportv508.top/cdn-cgi/rum?
2026-07-01 00:08:54,428 [INFO] Capturing response: https://atomsportv508.top/cdn-cgi/rum? 204 
2026-07-01 00:08:54,440 [INFO] Capturing request: https://teletv5.top/load/yayinlink.php?id=bein-sports-max-2
2026-07-01 00:08:54,453 [INFO] Capturing request: https://atomsportv508.top/favicon.ico
2026-07-01 00:08:54,491 [INFO] Capturing response: https://atomsportv508.top/favicon.ico 200 
2026-07-01 00:08:54,500 [INFO] Capturing response: https://atomsportv508.top/cdn-cgi/rum? 204 
2026-07-01 00:08:54,604 [INFO] Capturing request: https://streamsport365.com/cinema
2026-07-01 00:08:54,658 [INFO] Capturing response: https://teletv5.top/load/yayinlink.php?id=bein-sports-max-2 200 
2026-07-01 00:08:54,979 [INFO] Capturing response: https://streamsport365.com/cinema 200 
2026-07-01 00:09:27,626 [WARNING]   ❌ beIN Sports Max 2 için M3U8 bulunamadı
2026-07-01 00:09:28,626 [INFO] 
[8/14]
2026-07-01 00:09:28,626 [INFO] 🔍 S Sport → https://atomsportv508.top/matches?id=s-sport
2026-07-01 00:09:28,737 [INFO] Capturing request: https://atomsportv508.top/assets/js/clappr.js
2026-07-01 00:09:28,738 [INFO] Capturing request: https://atomsportv508.top/matches?id=s-sport
2026-07-01 00:09:28,765 [INFO] Capturing response: https://atomsportv508.top/assets/js/clappr.js 200 
2026-07-01 00:09:29,086 [INFO] Capturing response: https://atomsportv508.top/matches?id=s-sport 200 
2026-07-01 00:09:29,095 [INFO] Capturing request: https://atomsportv508.top/cdn-cgi/rum?
2026-07-01 00:09:29,132 [INFO] Capturing request: https://atomsportv508.top/cdn-cgi/rum?
2026-07-01 00:09:29,210 [INFO] Capturing response: https://atomsportv508.top/cdn-cgi/rum? 204 
2026-07-01 00:09:29,229 [INFO] Capturing request: https://teletv5.top/load/yayinlink.php?id=s-sport
2026-07-01 00:09:29,232 [INFO] Capturing request: https://atomsportv508.top/favicon.ico
2026-07-01 00:09:29,270 [INFO] Capturing response: https://atomsportv508.top/favicon.ico 200 
2026-07-01 00:09:29,289 [INFO] Capturing response: https://atomsportv508.top/cdn-cgi/rum? 204 
2026-07-01 00:09:29,387 [INFO] Capturing request: https://streamsport365.com/cinema
2026-07-01 00:09:29,447 [INFO] Capturing response: https://teletv5.top/load/yayinlink.php?id=s-sport 200 
2026-07-01 00:09:29,758 [INFO] Capturing response: https://streamsport365.com/cinema 200 
2026-07-01 00:09:29,880 [INFO] Capturing request: https://hlssssssssssssssssss.yedeklinksa35.workers.dev/https://corestream.ronaldovurdu.help//s-sportt/tracks-v1a1/mono.m3u8
2026-07-01 00:09:30,074 [INFO] Capturing response: https://hlssssssssssssssssss.yedeklinksa35.workers.dev/https://corestream.ronaldovurdu.help//s-sportt/tracks-v1a1/mono.m3u8 200 
2026-07-01 00:09:30,184 [INFO] Capturing request: https://ts.yedeklinksa35.workers.dev/s-sportt/tracks-v1a1/2026/07/01/00/09/01-06400.avif
2026-07-01 00:09:31,960 [INFO] Capturing response: https://ts.yedeklinksa35.workers.dev/s-sportt/tracks-v1a1/2026/07/01/00/09/01-06400.avif 200 
2026-07-01 00:09:32,148 [INFO]   ✅ M3U8 bulundu: https://hlssssssssssssssssss.yedeklinksa35.workers.dev/https://corestream.ronaldovurdu.help//s-sportt/tracks-v1a1/mono.m3u8
2026-07-01 00:09:32,507 [INFO] Capturing request: https://ts.yedeklinksa35.workers.dev/s-sportt/tracks-v1a1/2026/07/01/00/09/07-06400.avif
2026-07-01 00:09:33,148 [INFO] 
[9/14]
2026-07-01 00:09:33,150 [INFO] 🔍 S Sport 2 → https://atomsportv508.top/matches?id=s-sport-2
2026-07-01 00:09:33,266 [INFO] Capturing request: https://atomsportv508.top/assets/js/clappr.js
2026-07-01 00:09:33,270 [INFO] Capturing request: https://atomsportv508.top/matches?id=s-sport-2
2026-07-01 00:09:33,305 [INFO] Capturing response: https://atomsportv508.top/assets/js/clappr.js 200 
2026-07-01 00:09:33,344 [INFO] Capturing response: https://atomsportv508.top/matches?id=s-sport-2 200 
2026-07-01 00:09:33,363 [INFO] Capturing request: https://atomsportv508.top/cdn-cgi/rum?
2026-07-01 00:09:33,401 [INFO] Capturing request: https://streamsport365.com/cinema
2026-07-01 00:09:33,409 [INFO] Capturing request: https://atomsportv508.top/cdn-cgi/rum?
2026-07-01 00:09:33,500 [INFO] Capturing request: https://teletv5.top/load/yayinlink.php?id=s-sport-2
2026-07-01 00:09:33,512 [INFO] Capturing request: https://atomsportv508.top/favicon.ico
2026-07-01 00:09:33,523 [INFO] Capturing response: https://atomsportv508.top/cdn-cgi/rum? 204 
2026-07-01 00:09:33,526 [INFO] Capturing response: https://atomsportv508.top/cdn-cgi/rum? 204 
2026-07-01 00:09:33,546 [INFO] Capturing response: https://atomsportv508.top/favicon.ico 200 
2026-07-01 00:09:33,714 [INFO] Capturing response: https://teletv5.top/load/yayinlink.php?id=s-sport-2 200 
2026-07-01 00:09:33,782 [INFO] Capturing response: https://streamsport365.com/cinema 200 
2026-07-01 00:09:33,904 [INFO] Capturing request: https://hlssssssssssssssssss.yedeklinksa35.workers.dev/https://corestream.ronaldovurdu.help//s-sport2/tracks-v1a1/mono.m3u8
2026-07-01 00:09:34,091 [INFO] Capturing response: https://hlssssssssssssssssss.yedeklinksa35.workers.dev/https://corestream.ronaldovurdu.help//s-sport2/tracks-v1a1/mono.m3u8 200 
2026-07-01 00:09:34,105 [INFO] Capturing response: https://ts.yedeklinksa35.workers.dev/s-sportt/tracks-v1a1/2026/07/01/00/09/07-06400.avif 200 
2026-07-01 00:09:34,365 [INFO] 127.0.0.1:39892: ProtocolException("Error in HTTP connection: Http2ZombieException('Connection or stream already dead: 1782864574.2668326, False')")
2026-07-01 00:09:34,368 [INFO] Capturing request: https://ts.yedeklinksa35.workers.dev/s-sport2/tracks-v1a1/2026/07/01/00/10/07-06000.avif
2026-07-01 00:09:34,916 [INFO] Capturing response: https://ts.yedeklinksa35.workers.dev/s-sport2/tracks-v1a1/2026/07/01/00/10/07-06000.avif 200 
2026-07-01 00:09:35,143 [INFO] Capturing request: https://ts.yedeklinksa35.workers.dev/s-sport2/tracks-v1a1/2026/07/01/00/10/13-06000.avif
2026-07-01 00:09:36,020 [INFO] Capturing response: https://ts.yedeklinksa35.workers.dev/s-sport2/tracks-v1a1/2026/07/01/00/10/13-06000.avif 200 
2026-07-01 00:09:36,310 [INFO] Capturing request: https://ts.yedeklinksa35.workers.dev/s-sport2/tracks-v1a1/2026/07/01/00/10/19-06000.avif
2026-07-01 00:09:36,415 [INFO]   ✅ M3U8 bulundu: https://hlssssssssssssssssss.yedeklinksa35.workers.dev/https://corestream.ronaldovurdu.help//s-sport2/tracks-v1a1/mono.m3u8
2026-07-01 00:09:37,025 [INFO] Capturing response: https://ts.yedeklinksa35.workers.dev/s-sport2/tracks-v1a1/2026/07/01/00/10/19-06000.avif 200 
2026-07-01 00:09:37,199 [INFO] Capturing request: https://android.clients.google.com/c2dm/register3
2026-07-01 00:09:37,234 [INFO] Capturing response: https://android.clients.google.com/c2dm/register3 301 
2026-07-01 00:09:37,415 [INFO] 
[10/14]
2026-07-01 00:09:37,415 [INFO] 🔍 A Spor → https://atomsportv508.top/matches?id=a-spor
2026-07-01 00:09:37,528 [INFO] Capturing request: https://atomsportv508.top/assets/js/clappr.js
2026-07-01 00:09:37,529 [INFO] Capturing request: https://atomsportv508.top/matches?id=a-spor
2026-07-01 00:09:37,572 [INFO] Capturing response: https://atomsportv508.top/matches?id=a-spor 200 
2026-07-01 00:09:37,584 [INFO] Capturing request: https://atomsportv508.top/cdn-cgi/rum?
2026-07-01 00:09:37,599 [INFO] Capturing response: https://atomsportv508.top/assets/js/clappr.js 200 
2026-07-01 00:09:37,639 [INFO] Capturing request: https://atomsportv508.top/cdn-cgi/rum?
2026-07-01 00:09:37,701 [INFO] Capturing response: https://atomsportv508.top/cdn-cgi/rum? 204 
2026-07-01 00:09:37,739 [INFO] Capturing request: https://teletv5.top/load/yayinlink.php?id=a-spor
2026-07-01 00:09:37,744 [INFO] Capturing request: https://atomsportv508.top/favicon.ico
2026-07-01 00:09:37,790 [INFO] Capturing response: https://atomsportv508.top/favicon.ico 200 
2026-07-01 00:09:37,795 [INFO] Capturing response: https://atomsportv508.top/cdn-cgi/rum? 204 
2026-07-01 00:09:37,905 [INFO] Capturing request: https://streamsport365.com/cinema
2026-07-01 00:09:37,951 [INFO] Capturing response: https://teletv5.top/load/yayinlink.php?id=a-spor 200 
2026-07-01 00:09:38,269 [INFO] Capturing response: https://streamsport365.com/cinema 200 
2026-07-01 00:09:38,388 [INFO] Capturing request: https://hlssssssssssssssssss.yedeklinksa35.workers.dev/https://corestream.ronaldovurdu.help//aspor/tracks-v1a1/mono.m3u8
2026-07-01 00:09:38,588 [INFO] Capturing response: https://hlssssssssssssssssss.yedeklinksa35.workers.dev/https://corestream.ronaldovurdu.help//aspor/tracks-v1a1/mono.m3u8 200 
2026-07-01 00:09:38,698 [INFO] Capturing request: https://ts.yedeklinksa35.workers.dev/aspor/tracks-v1a1/2026/07/01/00/09/53-06000.avif
2026-07-01 00:09:39,296 [INFO] Capturing response: https://ts.yedeklinksa35.workers.dev/aspor/tracks-v1a1/2026/07/01/00/09/53-06000.avif 200 
2026-07-01 00:09:39,524 [INFO] Capturing request: https://ts.yedeklinksa35.workers.dev/aspor/tracks-v1a1/2026/07/01/00/09/59-06000.avif
2026-07-01 00:09:40,231 [INFO] Capturing response: https://ts.yedeklinksa35.workers.dev/aspor/tracks-v1a1/2026/07/01/00/09/59-06000.avif 200 
2026-07-01 00:09:40,475 [INFO] Capturing request: https://ts.yedeklinksa35.workers.dev/aspor/tracks-v1a1/2026/07/01/00/10/05-06000.avif
2026-07-01 00:09:40,652 [INFO]   ✅ M3U8 bulundu: https://hlssssssssssssssssss.yedeklinksa35.workers.dev/https://corestream.ronaldovurdu.help//aspor/tracks-v1a1/mono.m3u8
2026-07-01 00:09:41,189 [INFO] Capturing response: https://ts.yedeklinksa35.workers.dev/aspor/tracks-v1a1/2026/07/01/00/10/05-06000.avif 200 
2026-07-01 00:09:41,652 [INFO] 
[11/14]
2026-07-01 00:09:41,652 [INFO] 🔍 Tivibu Spor 1 → https://atomsportv508.top/matches?id=tivibu-spor-1
2026-07-01 00:09:41,765 [INFO] Capturing request: https://atomsportv508.top/assets/js/clappr.js
2026-07-01 00:09:41,766 [INFO] Capturing request: https://atomsportv508.top/matches?id=tivibu-spor-1
2026-07-01 00:09:41,792 [INFO] Capturing response: https://atomsportv508.top/assets/js/clappr.js 200 
2026-07-01 00:09:41,828 [INFO] Capturing response: https://atomsportv508.top/matches?id=tivibu-spor-1 200 
2026-07-01 00:09:41,837 [INFO] Capturing request: https://atomsportv508.top/cdn-cgi/rum?
2026-07-01 00:09:41,866 [INFO] Capturing request: https://streamsport365.com/cinema
2026-07-01 00:09:41,882 [INFO] Capturing request: https://atomsportv508.top/cdn-cgi/rum?
2026-07-01 00:09:41,966 [INFO] Capturing request: https://teletv5.top/load/yayinlink.php?id=tivibu-spor-1
2026-07-01 00:09:41,984 [INFO] Capturing request: https://atomsportv508.top/favicon.ico
2026-07-01 00:09:41,992 [INFO] Capturing response: https://atomsportv508.top/cdn-cgi/rum? 204 
2026-07-01 00:09:41,994 [INFO] Capturing response: https://atomsportv508.top/cdn-cgi/rum? 204 
2026-07-01 00:09:42,021 [INFO] Capturing response: https://atomsportv508.top/favicon.ico 200 
2026-07-01 00:09:42,180 [INFO] Capturing response: https://teletv5.top/load/yayinlink.php?id=tivibu-spor-1 200 
2026-07-01 00:09:42,239 [INFO] Capturing response: https://streamsport365.com/cinema 200 
2026-07-01 00:10:15,166 [WARNING]   ❌ Tivibu Spor 1 için M3U8 bulunamadı
2026-07-01 00:10:16,166 [INFO] 
[12/14]
2026-07-01 00:10:16,166 [INFO] 🔍 Tivibu Spor 2 → https://atomsportv508.top/matches?id=tivibu-spor-2
2026-07-01 00:10:16,276 [INFO] Capturing request: https://atomsportv508.top/assets/js/clappr.js
2026-07-01 00:10:16,277 [INFO] Capturing request: https://atomsportv508.top/matches?id=tivibu-spor-2
2026-07-01 00:10:16,304 [INFO] Capturing response: https://atomsportv508.top/assets/js/clappr.js 200 
2026-07-01 00:10:16,621 [INFO] Capturing response: https://atomsportv508.top/matches?id=tivibu-spor-2 200 
2026-07-01 00:10:16,630 [INFO] Capturing request: https://atomsportv508.top/cdn-cgi/rum?
2026-07-01 00:10:16,663 [INFO] Capturing request: https://atomsportv508.top/cdn-cgi/rum?
2026-07-01 00:10:16,746 [INFO] Capturing response: https://atomsportv508.top/cdn-cgi/rum? 204 
2026-07-01 00:10:16,755 [INFO] Capturing request: https://teletv5.top/load/yayinlink.php?id=tivibu-spor-2
2026-07-01 00:10:16,765 [INFO] Capturing request: https://atomsportv508.top/favicon.ico
2026-07-01 00:10:16,797 [INFO] Capturing response: https://atomsportv508.top/favicon.ico 200 
2026-07-01 00:10:16,819 [INFO] Capturing response: https://atomsportv508.top/cdn-cgi/rum? 204 
2026-07-01 00:10:16,918 [INFO] Capturing request: https://streamsport365.com/cinema
2026-07-01 00:10:17,284 [INFO] Capturing response: https://streamsport365.com/cinema 200 
2026-07-01 00:10:17,377 [INFO] Capturing response: https://teletv5.top/load/yayinlink.php?id=tivibu-spor-2 200 
2026-07-01 00:10:25,187 [INFO] 127.0.0.1:39788: HTTP/2 connection terminated by server: error code: 0, last stream id: 201, additional data: b'session_timed_out'
2026-07-01 00:10:25,518 [INFO] 127.0.0.1:39804: HTTP/2 connection terminated by server: error code: 0, last stream id: 201, additional data: b'session_timed_out'
2026-07-01 00:10:49,938 [WARNING]   ❌ Tivibu Spor 2 için M3U8 bulunamadı
2026-07-01 00:10:50,938 [INFO] 
[13/14]
2026-07-01 00:10:50,938 [INFO] 🔍 Tivibu Spor 3 → https://atomsportv508.top/matches?id=tivibu-spor-3
2026-07-01 00:10:51,047 [INFO] Capturing request: https://atomsportv508.top/assets/js/clappr.js
2026-07-01 00:10:51,049 [INFO] Capturing request: https://atomsportv508.top/matches?id=tivibu-spor-3
2026-07-01 00:10:51,076 [INFO] Capturing response: https://atomsportv508.top/assets/js/clappr.js 200 
2026-07-01 00:10:51,396 [INFO] Capturing response: https://atomsportv508.top/matches?id=tivibu-spor-3 200 
2026-07-01 00:10:51,405 [INFO] Capturing request: https://atomsportv508.top/cdn-cgi/rum?
2026-07-01 00:10:51,441 [INFO] Capturing request: https://atomsportv508.top/cdn-cgi/rum?
2026-07-01 00:10:51,519 [INFO] Capturing response: https://atomsportv508.top/cdn-cgi/rum? 204 
2026-07-01 00:10:51,533 [INFO] Capturing request: https://teletv5.top/load/yayinlink.php?id=tivibu-spor-3
2026-07-01 00:10:51,545 [INFO] Capturing request: https://atomsportv508.top/favicon.ico
2026-07-01 00:10:51,579 [INFO] Capturing response: https://atomsportv508.top/favicon.ico 200 
2026-07-01 00:10:51,596 [INFO] Capturing response: https://atomsportv508.top/cdn-cgi/rum? 204 
2026-07-01 00:10:51,696 [INFO] Capturing request: https://streamsport365.com/cinema
2026-07-01 00:10:51,750 [INFO] Capturing response: https://teletv5.top/load/yayinlink.php?id=tivibu-spor-3 200 
2026-07-01 00:10:52,068 [INFO] Capturing response: https://streamsport365.com/cinema 200 
2026-07-01 00:11:24,715 [WARNING]   ❌ Tivibu Spor 3 için M3U8 bulunamadı
2026-07-01 00:11:24,904 [INFO] 127.0.0.1:39792: HTTP/2 connection terminated by server: error code: 0, last stream id: 205, additional data: b'session_timed_out'
2026-07-01 00:11:25,715 [INFO] 
[14/14]
2026-07-01 00:11:25,715 [INFO] 🔍 Tivibu Spor 4 → https://atomsportv508.top/matches?id=tivibu-spor-4
2026-07-01 00:11:25,826 [INFO] Capturing request: https://atomsportv508.top/assets/js/clappr.js
2026-07-01 00:11:25,827 [INFO] Capturing request: https://atomsportv508.top/matches?id=tivibu-spor-4
2026-07-01 00:11:25,853 [INFO] Capturing response: https://atomsportv508.top/assets/js/clappr.js 200 
2026-07-01 00:11:26,178 [INFO] Capturing response: https://atomsportv508.top/matches?id=tivibu-spor-4 200 
2026-07-01 00:11:26,187 [INFO] Capturing request: https://atomsportv508.top/cdn-cgi/rum?
2026-07-01 00:11:26,221 [INFO] Capturing request: https://atomsportv508.top/cdn-cgi/rum?
2026-07-01 00:11:26,304 [INFO] Capturing response: https://atomsportv508.top/cdn-cgi/rum? 204 
2026-07-01 00:11:26,320 [INFO] Capturing request: https://teletv5.top/load/yayinlink.php?id=tivibu-spor-4
2026-07-01 00:11:26,326 [INFO] Capturing request: https://atomsportv508.top/favicon.ico
2026-07-01 00:11:26,360 [INFO] Capturing response: https://atomsportv508.top/favicon.ico 200 
2026-07-01 00:11:26,378 [INFO] Capturing response: https://atomsportv508.top/cdn-cgi/rum? 204 
2026-07-01 00:11:26,480 [INFO] Capturing request: https://streamsport365.com/cinema
2026-07-01 00:11:26,541 [INFO] Capturing response: https://teletv5.top/load/yayinlink.php?id=tivibu-spor-4 200 
2026-07-01 00:11:26,848 [INFO] Capturing response: https://streamsport365.com/cinema 200 
2026-07-01 00:11:59,494 [WARNING]   ❌ Tivibu Spor 4 için M3U8 bulunamadı
2026-07-01 00:12:00,560 [INFO] ✅ 5 kanal bulundu, playlist.m3u kaydedildi
