2026-05-12 00:05:17,126 [INFO] 🔎 Domain aralığı taranıyor: atomsportv490.top - atomsportv520.top
2026-05-12 00:05:28,488 [INFO]   ✅ Aktif domain bulundu: https://atomsportv503.top
2026-05-12 00:05:28,490 [INFO] 🌐 Kullanılan BASE_URL: https://atomsportv503.top
2026-05-12 00:05:28,490 [INFO] 🔗 Proxy Prefix: https://ronaldo.magnitude.workers.dev/?url=
2026-05-12 00:05:29,653 [INFO] ✅ SeleniumWire aktif
2026-05-12 00:05:29,655 [INFO] =======================================================
2026-05-12 00:05:29,655 [INFO]    M3U8 Scraper
2026-05-12 00:05:29,655 [INFO]    Base URL    : https://atomsportv503.top
2026-05-12 00:05:29,655 [INFO]    Proxy Prefix: https://ronaldo.magnitude.workers.dev/?url=
2026-05-12 00:05:29,655 [INFO]    Toplam      : 13 sayfa
2026-05-12 00:05:29,655 [INFO] =======================================================
2026-05-12 00:05:29,655 [INFO] 🔧 Driver başlatılıyor...
2026-05-12 00:05:30,417 [INFO] ✅ Driver başlatıldı
2026-05-12 00:05:30,417 [INFO] 
[1/13]
2026-05-12 00:05:30,417 [INFO] 
──────────────────────────────────────────────────
2026-05-12 00:05:30,417 [INFO] 🔍 beIN Sports 1 → https://atomsportv503.top/matches?id=bein-sports-1
2026-05-12 00:05:30,418 [INFO] ──────────────────────────────────────────────────
2026-05-12 00:06:02,689 [INFO]   📡 M3U8 bekleniyor (max 8s)...
2026-05-12 00:06:02,700 [INFO]   🎯 DOĞRU kanal bulundu: https://young-surf-88a9.pitpitvur.workers.dev/https://corestream.ronaldovurdu.help//hls/bein-sports-11.m3u8
2026-05-12 00:06:02,701 [INFO]   ✅ beIN Sports 1: https://young-surf-88a9.pitpitvur.workers.dev/https://corestream.ronaldovurdu.help//hls/bein-sports-11.m3u8
2026-05-12 00:06:03,701 [INFO] 
[2/13]
2026-05-12 00:06:03,701 [INFO] 
──────────────────────────────────────────────────
2026-05-12 00:06:03,701 [INFO] 🔍 beIN Sports 2 → https://atomsportv503.top/matches?id=bein-sports-2
2026-05-12 00:06:03,701 [INFO] ──────────────────────────────────────────────────
2026-05-12 00:06:35,775 [INFO]   📡 M3U8 bekleniyor (max 8s)...
2026-05-12 00:06:35,787 [INFO]   🎯 DOĞRU kanal bulundu: https://young-surf-88a9.pitpitvur.workers.dev/https://corestream.ronaldovurdu.help//hls/bein-sports-2.m3u8
2026-05-12 00:06:35,788 [INFO]   ✅ beIN Sports 2: https://young-surf-88a9.pitpitvur.workers.dev/https://corestream.ronaldovurdu.help//hls/bein-sports-2.m3u8
2026-05-12 00:06:36,788 [INFO] 
[3/13]
2026-05-12 00:06:36,788 [INFO] 
──────────────────────────────────────────────────
2026-05-12 00:06:36,788 [INFO] 🔍 beIN Sports 3 → https://atomsportv503.top/matches?id=bein-sports-3
2026-05-12 00:06:36,788 [INFO] ──────────────────────────────────────────────────
2026-05-12 00:07:08,665 [INFO]   📡 M3U8 bekleniyor (max 8s)...
2026-05-12 00:07:08,676 [INFO]   🎯 DOĞRU kanal bulundu: https://young-surf-88a9.pitpitvur.workers.dev/https://corestream.ronaldovurdu.help//hls/bein-sports-3.m3u8
2026-05-12 00:07:08,678 [INFO]   ✅ beIN Sports 3: https://young-surf-88a9.pitpitvur.workers.dev/https://corestream.ronaldovurdu.help//hls/bein-sports-3.m3u8
2026-05-12 00:07:09,678 [INFO] 
[4/13]
2026-05-12 00:07:09,678 [INFO] 
──────────────────────────────────────────────────
2026-05-12 00:07:09,678 [INFO] 🔍 beIN Sports 4 → https://atomsportv503.top/matches?id=bein-sports-4
2026-05-12 00:07:09,678 [INFO] ──────────────────────────────────────────────────
2026-05-12 00:07:41,541 [INFO]   📡 M3U8 bekleniyor (max 8s)...
2026-05-12 00:07:41,551 [INFO]   🎯 DOĞRU kanal bulundu: https://young-surf-88a9.pitpitvur.workers.dev/https://corestream.ronaldovurdu.help//hls/bein-sports-4.m3u8
2026-05-12 00:07:41,551 [INFO]   ✅ beIN Sports 4: https://young-surf-88a9.pitpitvur.workers.dev/https://corestream.ronaldovurdu.help//hls/bein-sports-4.m3u8
2026-05-12 00:07:42,552 [INFO] 
[5/13]
2026-05-12 00:07:42,552 [INFO] 
──────────────────────────────────────────────────
2026-05-12 00:07:42,552 [INFO] 🔍 beIN Sports 5 → https://atomsportv503.top/matches?id=bein-sports-5
2026-05-12 00:07:42,552 [INFO] ──────────────────────────────────────────────────
2026-05-12 00:08:14,349 [INFO]   📡 M3U8 bekleniyor (max 8s)...
2026-05-12 00:08:14,359 [INFO]   🎯 DOĞRU kanal bulundu: https://young-surf-88a9.pitpitvur.workers.dev/https://corestream.ronaldovurdu.help//hls/bein-sports-5.m3u8
2026-05-12 00:08:14,360 [INFO]   ✅ beIN Sports 5: https://young-surf-88a9.pitpitvur.workers.dev/https://corestream.ronaldovurdu.help//hls/bein-sports-5.m3u8
2026-05-12 00:08:15,361 [INFO] 
[6/13]
2026-05-12 00:08:15,361 [INFO] 
──────────────────────────────────────────────────
2026-05-12 00:08:15,361 [INFO] 🔍 beIN Sports Max 1 → https://atomsportv503.top/matches?id=bein-sports-max-1
2026-05-12 00:08:15,361 [INFO] ──────────────────────────────────────────────────
2026-05-12 00:08:47,204 [INFO]   📡 M3U8 bekleniyor (max 8s)...
2026-05-12 00:08:55,223 [INFO]   ❌ beIN Sports Max 1: M3U8 bulunamadı
2026-05-12 00:08:56,223 [INFO] 
[7/13]
2026-05-12 00:08:56,223 [INFO] 
──────────────────────────────────────────────────
2026-05-12 00:08:56,223 [INFO] 🔍 beIN Sports Max 2 → https://atomsportv503.top/matches?id=bein-sports-max-2
2026-05-12 00:08:56,223 [INFO] ──────────────────────────────────────────────────
2026-05-12 00:09:28,037 [INFO]   📡 M3U8 bekleniyor (max 8s)...
2026-05-12 00:09:28,038 [INFO]   🎯 DOĞRU kanal bulundu: https://young-surf-88a9.pitpitvur.workers.dev/https://corestream.ronaldovurdu.help//hls/bein-sports-max-2.m3u8
2026-05-12 00:09:28,038 [INFO]   ✅ beIN Sports Max 2: https://young-surf-88a9.pitpitvur.workers.dev/https://corestream.ronaldovurdu.help//hls/bein-sports-max-2.m3u8
2026-05-12 00:09:29,038 [INFO] 
[8/13]
2026-05-12 00:09:29,039 [INFO] 
──────────────────────────────────────────────────
2026-05-12 00:09:29,039 [INFO] 🔍 S Sport → https://atomsportv503.top/matches?id=s-sport
2026-05-12 00:09:29,039 [INFO] ──────────────────────────────────────────────────
2026-05-12 00:10:00,673 [INFO]   📡 M3U8 bekleniyor (max 8s)...
2026-05-12 00:10:00,683 [INFO]   🎯 DOĞRU kanal bulundu: https://young-surf-88a9.pitpitvur.workers.dev/https://corestream.ronaldovurdu.help//hls/s-sport.m3u8
2026-05-12 00:10:00,684 [INFO]   ✅ S Sport: https://young-surf-88a9.pitpitvur.workers.dev/https://corestream.ronaldovurdu.help//hls/s-sport.m3u8
2026-05-12 00:10:01,685 [INFO] 
[9/13]
2026-05-12 00:10:01,685 [INFO] 
──────────────────────────────────────────────────
2026-05-12 00:10:01,685 [INFO] 🔍 S Sport 2 → https://atomsportv503.top/matches?id=s-sport-2
2026-05-12 00:10:01,685 [INFO] ──────────────────────────────────────────────────
2026-05-12 00:10:33,577 [INFO]   📡 M3U8 bekleniyor (max 8s)...
2026-05-12 00:10:33,587 [INFO]   🎯 DOĞRU kanal bulundu: https://young-surf-88a9.pitpitvur.workers.dev/https://corestream.ronaldovurdu.help//hls/s-sport-2.m3u8
2026-05-12 00:10:33,588 [INFO]   ✅ S Sport 2: https://young-surf-88a9.pitpitvur.workers.dev/https://corestream.ronaldovurdu.help//hls/s-sport-2.m3u8
2026-05-12 00:10:34,588 [INFO] 
[10/13]
2026-05-12 00:10:34,588 [INFO] 
──────────────────────────────────────────────────
2026-05-12 00:10:34,588 [INFO] 🔍 Tivibu Spor 1 → https://atomsportv503.top/matches?id=tivibu-spor-1
2026-05-12 00:10:34,588 [INFO] ──────────────────────────────────────────────────
2026-05-12 00:11:06,444 [INFO]   📡 M3U8 bekleniyor (max 8s)...
2026-05-12 00:11:14,455 [INFO]   ❌ Tivibu Spor 1: M3U8 bulunamadı
2026-05-12 00:11:15,455 [INFO] 
[11/13]
2026-05-12 00:11:15,456 [INFO] 
──────────────────────────────────────────────────
2026-05-12 00:11:15,456 [INFO] 🔍 Tivibu Spor 2 → https://atomsportv503.top/matches?id=tivibu-spor-2
2026-05-12 00:11:15,456 [INFO] ──────────────────────────────────────────────────
2026-05-12 00:11:47,296 [INFO]   📡 M3U8 bekleniyor (max 8s)...
2026-05-12 00:11:55,308 [INFO]   ❌ Tivibu Spor 2: M3U8 bulunamadı
2026-05-12 00:11:56,309 [INFO] 
[12/13]
2026-05-12 00:11:56,309 [INFO] 
──────────────────────────────────────────────────
2026-05-12 00:11:56,309 [INFO] 🔍 Tivibu Spor 3 → https://atomsportv503.top/matches?id=tivibu-spor-3
2026-05-12 00:11:56,309 [INFO] ──────────────────────────────────────────────────
2026-05-12 00:12:28,148 [INFO]   📡 M3U8 bekleniyor (max 8s)...
2026-05-12 00:12:36,159 [INFO]   ❌ Tivibu Spor 3: M3U8 bulunamadı
2026-05-12 00:12:37,160 [INFO] 
[13/13]
2026-05-12 00:12:37,160 [INFO] 
──────────────────────────────────────────────────
2026-05-12 00:12:37,160 [INFO] 🔍 Tivibu Spor 4 → https://atomsportv503.top/matches?id=tivibu-spor-4
2026-05-12 00:12:37,160 [INFO] ──────────────────────────────────────────────────
2026-05-12 00:13:09,060 [INFO]   📡 M3U8 bekleniyor (max 8s)...
2026-05-12 00:13:17,072 [INFO]   ❌ Tivibu Spor 4: M3U8 bulunamadı
2026-05-12 00:13:18,137 [INFO] 🔒 Driver kapatıldı
2026-05-12 00:13:18,137 [INFO] 
=======================================================
2026-05-12 00:13:18,137 [INFO] 🏁 Tamamlandı!
2026-05-12 00:13:18,137 [INFO] 📺 Kanal : 8/13
2026-05-12 00:13:18,137 [INFO] ⏱️  Süre  : 468.5s
2026-05-12 00:13:18,137 [INFO] =======================================================
2026-05-12 00:13:18,138 [INFO] ✅ playlist.m3u kaydedildi (proxy prefix'li)
2026-05-12 00:13:18,138 [INFO] ✅ stats.json kaydedildi
