2026-07-02 15:42:17,286 [INFO] 🌐 BASE_URL: https://atomsportv508.top
2026-07-02 15:42:18,243 [INFO] Başlanıyor... 14 kanal taranacak
2026-07-02 15:42:18,244 [INFO] Using default request storage
2026-07-02 15:42:18,249 [INFO] Created proxy listening on 127.0.0.1:36657
2026-07-02 15:42:18,956 [INFO] Capturing request: http://clients2.google.com/time/1/current?cup2key=10:xisRf3I9GWaxpVHmkcZVOViv_s7wDtCof-vdlHMqRQM&cup2hreq=e3b0c44298fc1c149afbf4c8996fb92427ae41e4649b934ca495991b7852b855
2026-07-02 15:42:18,997 [INFO] Capturing response: http://clients2.google.com/time/1/current?cup2key=10:xisRf3I9GWaxpVHmkcZVOViv_s7wDtCof-vdlHMqRQM&cup2hreq=e3b0c44298fc1c149afbf4c8996fb92427ae41e4649b934ca495991b7852b855 200 OK
2026-07-02 15:42:19,144 [INFO] 
[1/14]
2026-07-02 15:42:19,145 [INFO] 🔍 beIN Sports 1 → https://atomsportv508.top/matches?id=bein-sports-1
2026-07-02 15:42:19,231 [INFO] Capturing request: https://update.googleapis.com/service/update2/json?cup2key=16:DatFjPnq17KVrfYD6sf3bR8N7OZYbo5NmE4Hdcb5eMs&cup2hreq=7c19651ac8ee86ea7f025a5167b3e67cf7887d78e8f157079aa9473e92730a10
2026-07-02 15:42:19,237 [INFO] Capturing request: https://accounts.google.com/ListAccounts?gpsia=1&source=ChromiumBrowser&json=standard&laf=b64bin
2026-07-02 15:42:19,284 [INFO] Capturing response: https://update.googleapis.com/service/update2/json?cup2key=16:DatFjPnq17KVrfYD6sf3bR8N7OZYbo5NmE4Hdcb5eMs&cup2hreq=7c19651ac8ee86ea7f025a5167b3e67cf7887d78e8f157079aa9473e92730a10 200 
2026-07-02 15:42:19,292 [INFO] Capturing response: https://accounts.google.com/ListAccounts?gpsia=1&source=ChromiumBrowser&json=standard&laf=b64bin 200 
2026-07-02 15:42:19,331 [INFO] Capturing request: https://update.googleapis.com/service/update2/json?cup2key=16:OX8tvu1C81N1xbe8MLW2RTwny9rlmCW6aWN3WhmXals&cup2hreq=acf09822b25bc8952d0236ddbe0aaec4302f90d851f69e5b78135dbdf394f805
2026-07-02 15:42:19,351 [INFO] Capturing request: https://atomsportv508.top/matches?id=bein-sports-1
2026-07-02 15:42:19,365 [INFO] Capturing response: https://update.googleapis.com/service/update2/json?cup2key=16:OX8tvu1C81N1xbe8MLW2RTwny9rlmCW6aWN3WhmXals&cup2hreq=acf09822b25bc8952d0236ddbe0aaec4302f90d851f69e5b78135dbdf394f805 200 
2026-07-02 15:42:19,470 [INFO] Capturing response: https://atomsportv508.top/matches?id=bein-sports-1 200 
2026-07-02 15:42:19,607 [INFO] Capturing request: https://www.google.com/async/folae?async=_fmt:pb&udm=50&client_locale=en-US&client_country=ZZ
2026-07-02 15:42:19,623 [INFO] Capturing request: https://atomsportv508.top/assets/js/clappr.js
2026-07-02 15:42:19,635 [INFO] Capturing response: https://www.google.com/async/folae?async=_fmt:pb&udm=50&client_locale=en-US&client_country=ZZ 200 
2026-07-02 15:42:19,679 [INFO] Capturing response: https://atomsportv508.top/assets/js/clappr.js 200 
2026-07-02 15:42:19,696 [INFO] Capturing request: https://cdn.jsdelivr.net/npm/@clappr/player@latest/dist/clappr.min.js
2026-07-02 15:42:19,704 [INFO] Capturing request: https://cdnjs.cloudflare.com/ajax/libs/jquery/3.2.1/jquery.min.js
2026-07-02 15:42:19,737 [INFO] Capturing response: https://cdnjs.cloudflare.com/ajax/libs/jquery/3.2.1/jquery.min.js 200 
2026-07-02 15:42:19,748 [INFO] Capturing response: https://cdn.jsdelivr.net/npm/@clappr/player@latest/dist/clappr.min.js 200 
2026-07-02 15:42:19,956 [INFO] Capturing request: https://static.cloudflareinsights.com/beacon.min.js/v4513226cdae34746b4dedf0b4dfa099e1781791509496
2026-07-02 15:42:19,979 [INFO] Capturing response: https://static.cloudflareinsights.com/beacon.min.js/v4513226cdae34746b4dedf0b4dfa099e1781791509496 200 
2026-07-02 15:42:20,044 [INFO] Capturing request: https://atomsportv508.top/cdn-cgi/rum?
2026-07-02 15:42:20,145 [INFO] Capturing request: https://atomsportv508.top/favicon.ico
2026-07-02 15:42:20,164 [INFO] Capturing response: https://atomsportv508.top/cdn-cgi/rum? 204 
2026-07-02 15:42:20,218 [INFO] Capturing request: https://teletv5.top/load/yayinlink.php?id=bein-sports-1
2026-07-02 15:42:20,361 [INFO] Capturing response: https://atomsportv508.top/favicon.ico 200 
2026-07-02 15:42:20,553 [INFO] Capturing response: https://teletv5.top/load/yayinlink.php?id=bein-sports-1 200 
2026-07-02 15:42:20,630 [INFO] Capturing request: https://streamsport365.com/cinema
2026-07-02 15:42:20,871 [INFO] Capturing response: https://streamsport365.com/cinema 200 
2026-07-02 15:42:21,003 [INFO] Capturing request: https://atomsportv508.top/assets/img/player_logo_6880e4e4c52ee.png
2026-07-02 15:42:21,127 [INFO] Capturing request: https://hlssssssssssssssssss.yedeklinksa35.workers.dev/https://corestream.ronaldovurdu.help//trtspor/tracks-v1a1/mono.m3u8
2026-07-02 15:42:21,150 [INFO] Capturing response: https://atomsportv508.top/assets/img/player_logo_6880e4e4c52ee.png 200 
2026-07-02 15:42:21,471 [INFO] Capturing response: https://hlssssssssssssssssss.yedeklinksa35.workers.dev/https://corestream.ronaldovurdu.help//trtspor/tracks-v1a1/mono.m3u8 200 
2026-07-02 15:42:21,699 [INFO] Capturing request: https://ts.yedeklinksa35.workers.dev/trtspor/tracks-v1a1/2026/07/02/15/42/05-06000.avif
2026-07-02 15:42:22,014 [INFO] Capturing request: https://android.clients.google.com/checkin
2026-07-02 15:42:22,114 [INFO] Capturing response: https://android.clients.google.com/checkin 200 
2026-07-02 15:42:22,164 [INFO] Capturing request: https://android.clients.google.com/c2dm/register3
2026-07-02 15:42:22,176 [INFO] Capturing request: https://android.clients.google.com/c2dm/register3
2026-07-02 15:42:22,180 [INFO] Capturing request: https://android.clients.google.com/c2dm/register3
2026-07-02 15:42:22,224 [INFO] Capturing response: https://android.clients.google.com/c2dm/register3 301 
2026-07-02 15:42:22,358 [INFO] Capturing response: https://ts.yedeklinksa35.workers.dev/trtspor/tracks-v1a1/2026/07/02/15/42/05-06000.avif 200 
2026-07-02 15:42:22,610 [INFO] Capturing request: https://ts.yedeklinksa35.workers.dev/trtspor/tracks-v1a1/2026/07/02/15/42/11-06000.avif
2026-07-02 15:42:23,009 [INFO] Capturing response: https://android.clients.google.com/c2dm/register3 200 
2026-07-02 15:42:23,078 [INFO]   ✅ M3U8 bulundu: https://hlssssssssssssssssss.yedeklinksa35.workers.dev/https://corestream.ronaldovurdu.help//trtspor/tracks-v1a1/mono.m3u8
2026-07-02 15:42:23,084 [INFO] Capturing response: https://android.clients.google.com/c2dm/register3 200 
2026-07-02 15:42:23,152 [INFO] Capturing response: https://ts.yedeklinksa35.workers.dev/trtspor/tracks-v1a1/2026/07/02/15/42/11-06000.avif 200 
2026-07-02 15:42:23,395 [INFO] Capturing request: https://ts.yedeklinksa35.workers.dev/trtspor/tracks-v1a1/2026/07/02/15/42/17-06000.avif
2026-07-02 15:42:23,932 [INFO] Capturing response: https://ts.yedeklinksa35.workers.dev/trtspor/tracks-v1a1/2026/07/02/15/42/17-06000.avif 200 
2026-07-02 15:42:24,079 [INFO] 
[2/14]
2026-07-02 15:42:24,079 [INFO] 🔍 beIN Sports 2 → https://atomsportv508.top/matches?id=bein-sports-2
2026-07-02 15:42:24,194 [INFO] Capturing request: https://atomsportv508.top/matches?id=bein-sports-2
2026-07-02 15:42:24,241 [INFO] Capturing response: https://atomsportv508.top/matches?id=bein-sports-2 200 
2026-07-02 15:42:24,253 [INFO] Capturing request: https://atomsportv508.top/cdn-cgi/rum?
2026-07-02 15:42:24,306 [INFO] Capturing request: https://streamsport365.com/cinema
2026-07-02 15:42:24,307 [INFO] Capturing request: https://atomsportv508.top/cdn-cgi/rum?
2026-07-02 15:42:24,402 [INFO] Capturing request: https://teletv5.top/load/yayinlink.php?id=bein-sports-2
2026-07-02 15:42:24,408 [INFO] Capturing request: https://atomsportv508.top/favicon.ico
2026-07-02 15:42:24,413 [INFO] Capturing response: https://atomsportv508.top/cdn-cgi/rum? 204 
2026-07-02 15:42:24,461 [INFO] Capturing response: https://atomsportv508.top/favicon.ico 200 
2026-07-02 15:42:24,466 [INFO] Capturing response: https://atomsportv508.top/cdn-cgi/rum? 204 
2026-07-02 15:42:24,544 [INFO] Capturing response: https://streamsport365.com/cinema 200 
2026-07-02 15:42:24,564 [INFO] Capturing response: https://teletv5.top/load/yayinlink.php?id=bein-sports-2 200 
2026-07-02 15:42:24,686 [INFO] Capturing request: https://hlssssssssssssssssss.yedeklinksa35.workers.dev/https://corestream.ronaldovurdu.help//bein2/tracks-v1a1/mono.m3u8
2026-07-02 15:42:24,824 [INFO] Capturing response: https://hlssssssssssssssssss.yedeklinksa35.workers.dev/https://corestream.ronaldovurdu.help//bein2/tracks-v1a1/mono.m3u8 200 
2026-07-02 15:42:24,933 [INFO] Capturing request: https://ts.yedeklinksa35.workers.dev/bein2/tracks-v1a1/2026/07/02/15/42/46-10000.avif
2026-07-02 15:42:25,559 [INFO] Capturing response: https://ts.yedeklinksa35.workers.dev/bein2/tracks-v1a1/2026/07/02/15/42/46-10000.avif 200 
2026-07-02 15:42:25,826 [INFO] Capturing request: https://ts.yedeklinksa35.workers.dev/bein2/tracks-v1a1/2026/07/02/15/42/56-10000.avif
2026-07-02 15:42:26,580 [INFO] Capturing response: https://ts.yedeklinksa35.workers.dev/bein2/tracks-v1a1/2026/07/02/15/42/56-10000.avif 200 
2026-07-02 15:42:26,844 [INFO] Capturing request: https://ts.yedeklinksa35.workers.dev/bein2/tracks-v1a1/2026/07/02/15/43/06-10000.avif
2026-07-02 15:42:27,331 [INFO]   ✅ M3U8 bulundu: https://hlssssssssssssssssss.yedeklinksa35.workers.dev/https://corestream.ronaldovurdu.help//bein2/tracks-v1a1/mono.m3u8
2026-07-02 15:42:27,712 [INFO] Capturing response: https://ts.yedeklinksa35.workers.dev/bein2/tracks-v1a1/2026/07/02/15/43/06-10000.avif 200 
2026-07-02 15:42:28,332 [INFO] 
[3/14]
2026-07-02 15:42:28,332 [INFO] 🔍 beIN Sports 3 → https://atomsportv508.top/matches?id=bein-sports-3
2026-07-02 15:42:28,443 [INFO] Capturing request: https://atomsportv508.top/matches?id=bein-sports-3
2026-07-02 15:42:28,485 [INFO] Capturing response: https://atomsportv508.top/matches?id=bein-sports-3 200 
2026-07-02 15:42:28,494 [INFO] Capturing request: https://atomsportv508.top/cdn-cgi/rum?
2026-07-02 15:42:28,523 [INFO] Capturing request: https://atomsportv508.top/cdn-cgi/rum?
2026-07-02 15:42:28,618 [INFO] Capturing request: https://teletv5.top/load/yayinlink.php?id=bein-sports-3
2026-07-02 15:42:28,622 [INFO] Capturing request: https://atomsportv508.top/favicon.ico
2026-07-02 15:42:28,636 [INFO] Capturing response: https://atomsportv508.top/cdn-cgi/rum? 204 
2026-07-02 15:42:28,640 [INFO] Capturing response: https://atomsportv508.top/cdn-cgi/rum? 204 
2026-07-02 15:42:28,671 [INFO] Capturing response: https://atomsportv508.top/favicon.ico 200 
2026-07-02 15:42:28,712 [INFO] Capturing request: https://streamsport365.com/cinema
2026-07-02 15:42:28,782 [INFO] Capturing response: https://teletv5.top/load/yayinlink.php?id=bein-sports-3 200 
2026-07-02 15:42:28,962 [INFO] Capturing response: https://streamsport365.com/cinema 200 
2026-07-02 15:42:44,300 [INFO] Capturing request: https://android.clients.google.com/c2dm/register3
2026-07-02 15:42:44,376 [INFO] Capturing response: https://android.clients.google.com/c2dm/register3 301 
2026-07-02 15:43:01,842 [WARNING]   ❌ beIN Sports 3 için M3U8 bulunamadı
2026-07-02 15:43:02,842 [INFO] 
[4/14]
2026-07-02 15:43:02,842 [INFO] 🔍 beIN Sports 4 → https://atomsportv508.top/matches?id=bein-sports-4
2026-07-02 15:43:02,952 [INFO] Capturing request: https://atomsportv508.top/matches?id=bein-sports-4
2026-07-02 15:43:03,399 [INFO] Capturing response: https://atomsportv508.top/matches?id=bein-sports-4 200 
2026-07-02 15:43:03,408 [INFO] Capturing request: https://atomsportv508.top/cdn-cgi/rum?
2026-07-02 15:43:03,440 [INFO] Capturing request: https://atomsportv508.top/cdn-cgi/rum?
2026-07-02 15:43:03,524 [INFO] Capturing response: https://atomsportv508.top/cdn-cgi/rum? 204 
2026-07-02 15:43:03,539 [INFO] Capturing request: https://teletv5.top/load/yayinlink.php?id=bein-sports-4
2026-07-02 15:43:03,543 [INFO] Capturing request: https://atomsportv508.top/favicon.ico
2026-07-02 15:43:03,585 [INFO] Capturing response: https://atomsportv508.top/favicon.ico 200 
2026-07-02 15:43:03,599 [INFO] Capturing response: https://atomsportv508.top/cdn-cgi/rum? 204 
2026-07-02 15:43:03,635 [INFO] Capturing request: https://streamsport365.com/cinema
2026-07-02 15:43:03,704 [INFO] Capturing response: https://teletv5.top/load/yayinlink.php?id=bein-sports-4 200 
2026-07-02 15:43:03,871 [INFO] Capturing response: https://streamsport365.com/cinema 200 
2026-07-02 15:43:18,947 [INFO] Capturing request: https://update.googleapis.com/service/update2/json?cup2key=16:_Be8mzmGvZz6YIwt-KRng6kcdrVzsd2j61xgB1VK5jE&cup2hreq=b6634a7dc98184677658f7e3924f5e337cedd68af330a760b31a1b5eedcd8867
2026-07-02 15:43:18,980 [INFO] Capturing response: https://update.googleapis.com/service/update2/json?cup2key=16:_Be8mzmGvZz6YIwt-KRng6kcdrVzsd2j61xgB1VK5jE&cup2hreq=b6634a7dc98184677658f7e3924f5e337cedd68af330a760b31a1b5eedcd8867 200 
2026-07-02 15:43:18,986 [INFO] Capturing request: http://edgedl.me.gvt1.com/edgedl/diffgen-puffin/gcmjkmgdlgnkkcocmoeiminaijmmjnii/df2a22d5ecc7788c3330ebd5f856b41531c74f412a01ed7453d11284708009fe
2026-07-02 15:43:19,010 [INFO] Capturing response: http://edgedl.me.gvt1.com/edgedl/diffgen-puffin/gcmjkmgdlgnkkcocmoeiminaijmmjnii/df2a22d5ecc7788c3330ebd5f856b41531c74f412a01ed7453d11284708009fe 200 OK
2026-07-02 15:43:19,046 [INFO] Capturing request: https://update.googleapis.com/service/update2/json
2026-07-02 15:43:19,077 [INFO] Capturing response: https://update.googleapis.com/service/update2/json 200 
2026-07-02 15:43:19,123 [INFO] Capturing request: http://edgedl.me.gvt1.com/edgedl/release2/chrome_component/krhherfbee3tjw4icyrrgivqiu_10622/hfnkpimlhhgieaddgfemjhofmfblmnib_10622_all_jc63w2fphr3hfx52dqqakt5fae.crx3
2026-07-02 15:43:19,164 [INFO] Capturing response: http://edgedl.me.gvt1.com/edgedl/release2/chrome_component/krhherfbee3tjw4icyrrgivqiu_10622/hfnkpimlhhgieaddgfemjhofmfblmnib_10622_all_jc63w2fphr3hfx52dqqakt5fae.crx3 200 OK
2026-07-02 15:43:19,193 [INFO] Capturing request: https://update.googleapis.com/service/update2/json
2026-07-02 15:43:19,219 [INFO] Capturing response: https://update.googleapis.com/service/update2/json 200 
2026-07-02 15:43:36,738 [WARNING]   ❌ beIN Sports 4 için M3U8 bulunamadı
2026-07-02 15:43:37,739 [INFO] 
[5/14]
2026-07-02 15:43:37,739 [INFO] 🔍 beIN Sports 5 → https://atomsportv508.top/matches?id=bein-sports-5
2026-07-02 15:43:37,914 [INFO] Capturing request: https://atomsportv508.top/matches?id=bein-sports-5
2026-07-02 15:43:37,920 [INFO] Capturing request: https://atomsportv508.top/assets/js/clappr.js
2026-07-02 15:43:37,948 [INFO] Capturing response: https://atomsportv508.top/assets/js/clappr.js 200 
2026-07-02 15:43:38,161 [INFO] Capturing response: https://atomsportv508.top/matches?id=bein-sports-5 200 
2026-07-02 15:43:38,172 [INFO] Capturing request: https://atomsportv508.top/cdn-cgi/rum?
2026-07-02 15:43:38,199 [INFO] Capturing request: https://atomsportv508.top/cdn-cgi/rum?
2026-07-02 15:43:38,304 [INFO] Capturing request: https://atomsportv508.top/favicon.ico
2026-07-02 15:43:38,312 [INFO] Capturing response: https://atomsportv508.top/cdn-cgi/rum? 204 
2026-07-02 15:43:38,317 [INFO] Capturing response: https://atomsportv508.top/cdn-cgi/rum? 204 
2026-07-02 15:43:38,346 [INFO] Capturing response: https://atomsportv508.top/favicon.ico 200 
2026-07-02 15:43:38,348 [INFO] Capturing request: https://teletv5.top/load/yayinlink.php?id=bein-sports-5
2026-07-02 15:43:38,507 [INFO] Capturing response: https://teletv5.top/load/yayinlink.php?id=bein-sports-5 200 
2026-07-02 15:43:38,794 [INFO] Capturing request: https://streamsport365.com/cinema
2026-07-02 15:43:39,035 [INFO] Capturing response: https://streamsport365.com/cinema 200 
2026-07-02 15:43:44,374 [INFO] Capturing request: https://android.clients.google.com/c2dm/register3
2026-07-02 15:43:44,418 [INFO] Capturing response: https://android.clients.google.com/c2dm/register3 301 
2026-07-02 15:44:11,480 [WARNING]   ❌ beIN Sports 5 için M3U8 bulunamadı
2026-07-02 15:44:12,480 [INFO] 
[6/14]
2026-07-02 15:44:12,480 [INFO] 🔍 beIN Sports Max 1 → https://atomsportv508.top/matches?id=bein-sports-max-1
2026-07-02 15:44:12,589 [INFO] Capturing request: https://atomsportv508.top/assets/js/clappr.js
2026-07-02 15:44:12,591 [INFO] Capturing request: https://atomsportv508.top/matches?id=bein-sports-max-1
2026-07-02 15:44:12,614 [INFO] Capturing response: https://atomsportv508.top/assets/js/clappr.js 200 
2026-07-02 15:44:13,087 [INFO] Capturing response: https://atomsportv508.top/matches?id=bein-sports-max-1 200 
2026-07-02 15:44:13,097 [INFO] Capturing request: https://atomsportv508.top/cdn-cgi/rum?
2026-07-02 15:44:13,130 [INFO] Capturing request: https://atomsportv508.top/cdn-cgi/rum?
2026-07-02 15:44:13,214 [INFO] Capturing response: https://atomsportv508.top/cdn-cgi/rum? 204 
2026-07-02 15:44:13,229 [INFO] Capturing request: https://teletv5.top/load/yayinlink.php?id=bein-sports-max-1
2026-07-02 15:44:13,231 [INFO] Capturing request: https://atomsportv508.top/favicon.ico
2026-07-02 15:44:13,285 [INFO] Capturing response: https://atomsportv508.top/favicon.ico 200 
2026-07-02 15:44:13,290 [INFO] Capturing response: https://atomsportv508.top/cdn-cgi/rum? 204 
2026-07-02 15:44:13,321 [INFO] Capturing request: https://streamsport365.com/cinema
2026-07-02 15:44:13,514 [INFO] Capturing response: https://teletv5.top/load/yayinlink.php?id=bein-sports-max-1 200 
2026-07-02 15:44:13,563 [INFO] Capturing response: https://streamsport365.com/cinema 200 
2026-07-02 15:44:46,411 [WARNING]   ❌ beIN Sports Max 1 için M3U8 bulunamadı
2026-07-02 15:44:47,411 [INFO] 
[7/14]
2026-07-02 15:44:47,411 [INFO] 🔍 beIN Sports Max 2 → https://atomsportv508.top/matches?id=bein-sports-max-2
2026-07-02 15:44:47,520 [INFO] Capturing request: https://atomsportv508.top/assets/js/clappr.js
2026-07-02 15:44:47,522 [INFO] Capturing request: https://atomsportv508.top/matches?id=bein-sports-max-2
2026-07-02 15:44:47,550 [INFO] Capturing response: https://atomsportv508.top/assets/js/clappr.js 200 
2026-07-02 15:44:47,792 [INFO] Capturing response: https://atomsportv508.top/matches?id=bein-sports-max-2 200 
2026-07-02 15:44:47,802 [INFO] Capturing request: https://atomsportv508.top/cdn-cgi/rum?
2026-07-02 15:44:47,837 [INFO] Capturing request: https://atomsportv508.top/cdn-cgi/rum?
2026-07-02 15:44:47,940 [INFO] Capturing request: https://atomsportv508.top/favicon.ico
2026-07-02 15:44:47,940 [INFO] Capturing request: https://teletv5.top/load/yayinlink.php?id=bein-sports-max-2
2026-07-02 15:44:47,950 [INFO] Capturing response: https://atomsportv508.top/cdn-cgi/rum? 204 
2026-07-02 15:44:47,955 [INFO] Capturing response: https://atomsportv508.top/cdn-cgi/rum? 204 
2026-07-02 15:44:47,984 [INFO] Capturing response: https://atomsportv508.top/favicon.ico 200 
2026-07-02 15:44:48,027 [INFO] Capturing request: https://streamsport365.com/cinema
2026-07-02 15:44:48,112 [INFO] Capturing response: https://teletv5.top/load/yayinlink.php?id=bein-sports-max-2 200 
2026-07-02 15:44:48,273 [INFO] Capturing response: https://streamsport365.com/cinema 200 
2026-07-02 15:45:05,373 [INFO] Capturing request: https://android.clients.google.com/c2dm/register3
2026-07-02 15:45:05,417 [INFO] Capturing response: https://android.clients.google.com/c2dm/register3 301 
2026-07-02 15:45:21,122 [WARNING]   ❌ beIN Sports Max 2 için M3U8 bulunamadı
2026-07-02 15:45:22,122 [INFO] 
[8/14]
2026-07-02 15:45:22,122 [INFO] 🔍 S Sport → https://atomsportv508.top/matches?id=s-sport
2026-07-02 15:45:22,230 [INFO] Capturing request: https://atomsportv508.top/assets/js/clappr.js
2026-07-02 15:45:22,232 [INFO] Capturing request: https://atomsportv508.top/matches?id=s-sport
2026-07-02 15:45:22,257 [INFO] Capturing response: https://atomsportv508.top/assets/js/clappr.js 200 
2026-07-02 15:45:22,507 [INFO] Capturing response: https://atomsportv508.top/matches?id=s-sport 200 
2026-07-02 15:45:22,516 [INFO] Capturing request: https://atomsportv508.top/cdn-cgi/rum?
2026-07-02 15:45:22,548 [INFO] Capturing request: https://atomsportv508.top/cdn-cgi/rum?
2026-07-02 15:45:22,644 [INFO] Capturing request: https://teletv5.top/load/yayinlink.php?id=s-sport
2026-07-02 15:45:22,653 [INFO] Capturing request: https://atomsportv508.top/favicon.ico
2026-07-02 15:45:22,661 [INFO] Capturing response: https://atomsportv508.top/cdn-cgi/rum? 204 
2026-07-02 15:45:22,666 [INFO] Capturing response: https://atomsportv508.top/cdn-cgi/rum? 204 
2026-07-02 15:45:22,704 [INFO] Capturing response: https://atomsportv508.top/favicon.ico 200 
2026-07-02 15:45:22,735 [INFO] Capturing request: https://streamsport365.com/cinema
2026-07-02 15:45:22,826 [INFO] Capturing response: https://teletv5.top/load/yayinlink.php?id=s-sport 200 
2026-07-02 15:45:22,978 [INFO] Capturing response: https://streamsport365.com/cinema 200 
2026-07-02 15:45:23,144 [INFO] Capturing request: https://hlssssssssssssssssss.yedeklinksa35.workers.dev/https://corestream.ronaldovurdu.help//s-sportt/tracks-v1a1/mono.m3u8
2026-07-02 15:45:23,396 [INFO] Capturing response: https://hlssssssssssssssssss.yedeklinksa35.workers.dev/https://corestream.ronaldovurdu.help//s-sportt/tracks-v1a1/mono.m3u8 200 
2026-07-02 15:45:23,589 [INFO] Capturing request: https://ts.yedeklinksa35.workers.dev/s-sportt/tracks-v1a1/2026/07/02/15/45/23-05000.avif
2026-07-02 15:45:23,921 [INFO] Capturing response: https://ts.yedeklinksa35.workers.dev/s-sportt/tracks-v1a1/2026/07/02/15/45/23-05000.avif 200 
2026-07-02 15:45:24,134 [INFO] Capturing request: https://ts.yedeklinksa35.workers.dev/s-sportt/tracks-v1a1/2026/07/02/15/45/28-05380.avif
2026-07-02 15:45:25,098 [INFO] Capturing response: https://ts.yedeklinksa35.workers.dev/s-sportt/tracks-v1a1/2026/07/02/15/45/28-05380.avif 200 
2026-07-02 15:45:25,364 [INFO] Capturing request: https://ts.yedeklinksa35.workers.dev/s-sportt/tracks-v1a1/2026/07/02/15/45/33-08520.avif
2026-07-02 15:45:25,572 [INFO]   ✅ M3U8 bulundu: https://hlssssssssssssssssss.yedeklinksa35.workers.dev/https://corestream.ronaldovurdu.help//s-sportt/tracks-v1a1/mono.m3u8
2026-07-02 15:45:26,401 [INFO] Capturing response: https://ts.yedeklinksa35.workers.dev/s-sportt/tracks-v1a1/2026/07/02/15/45/33-08520.avif 200 
2026-07-02 15:45:26,573 [INFO] 
[9/14]
2026-07-02 15:45:26,573 [INFO] 🔍 S Sport 2 → https://atomsportv508.top/matches?id=s-sport-2
2026-07-02 15:45:26,687 [INFO] Capturing request: https://atomsportv508.top/matches?id=s-sport-2
2026-07-02 15:45:26,689 [INFO] Capturing request: https://atomsportv508.top/assets/js/clappr.js
2026-07-02 15:45:26,721 [INFO] Capturing response: https://atomsportv508.top/assets/js/clappr.js 200 
2026-07-02 15:45:26,743 [INFO] Capturing response: https://atomsportv508.top/matches?id=s-sport-2 200 
2026-07-02 15:45:26,754 [INFO] Capturing request: https://atomsportv508.top/cdn-cgi/rum?
2026-07-02 15:45:26,760 [INFO] Capturing request: https://ts.yedeklinksa35.workers.dev/s-sportt/tracks-v1a1/2026/07/02/15/45/42-06520.avif
2026-07-02 15:45:26,784 [INFO] Capturing request: https://streamsport365.com/cinema
2026-07-02 15:45:26,785 [INFO] Capturing request: https://atomsportv508.top/cdn-cgi/rum?
2026-07-02 15:45:26,877 [INFO] Capturing request: https://teletv5.top/load/yayinlink.php?id=s-sport-2
2026-07-02 15:45:26,886 [INFO] Capturing request: https://atomsportv508.top/favicon.ico
2026-07-02 15:45:26,900 [INFO] Capturing response: https://atomsportv508.top/cdn-cgi/rum? 204 
2026-07-02 15:45:26,904 [INFO] Capturing response: https://atomsportv508.top/cdn-cgi/rum? 204 
2026-07-02 15:45:26,928 [INFO] Capturing response: https://atomsportv508.top/favicon.ico 200 
2026-07-02 15:45:27,030 [INFO] Capturing response: https://streamsport365.com/cinema 200 
2026-07-02 15:45:27,041 [INFO] Capturing response: https://teletv5.top/load/yayinlink.php?id=s-sport-2 200 
2026-07-02 15:45:27,204 [INFO] Capturing request: https://hlssssssssssssssssss.yedeklinksa35.workers.dev/https://corestream.ronaldovurdu.help//s-sport2/tracks-v1a1/mono.m3u8
2026-07-02 15:45:27,353 [INFO] Capturing response: https://hlssssssssssssssssss.yedeklinksa35.workers.dev/https://corestream.ronaldovurdu.help//s-sport2/tracks-v1a1/mono.m3u8 200 
2026-07-02 15:45:27,465 [INFO] Capturing request: https://ts.yedeklinksa35.workers.dev/s-sport2/tracks-v1a1/2026/07/02/15/45/37-19835.avif
2026-07-02 15:45:27,474 [INFO] Capturing response: https://ts.yedeklinksa35.workers.dev/s-sportt/tracks-v1a1/2026/07/02/15/45/42-06520.avif 200 
2026-07-02 15:45:28,111 [INFO] Capturing response: https://ts.yedeklinksa35.workers.dev/s-sport2/tracks-v1a1/2026/07/02/15/45/37-19835.avif 200 
2026-07-02 15:45:28,288 [INFO] Capturing request: https://ts.yedeklinksa35.workers.dev/s-sport2/tracks-v1a1/2026/07/02/15/45/57-20027.avif
2026-07-02 15:45:28,710 [INFO] Capturing response: https://ts.yedeklinksa35.workers.dev/s-sport2/tracks-v1a1/2026/07/02/15/45/57-20027.avif 200 
2026-07-02 15:45:29,821 [INFO]   ✅ M3U8 bulundu: https://hlssssssssssssssssss.yedeklinksa35.workers.dev/https://corestream.ronaldovurdu.help//s-sport2/tracks-v1a1/mono.m3u8
2026-07-02 15:45:30,822 [INFO] 
[10/14]
2026-07-02 15:45:30,822 [INFO] 🔍 A Spor → https://atomsportv508.top/matches?id=a-spor
2026-07-02 15:45:30,933 [INFO] Capturing request: https://atomsportv508.top/assets/js/clappr.js
2026-07-02 15:45:30,934 [INFO] Capturing request: https://atomsportv508.top/matches?id=a-spor
2026-07-02 15:45:30,960 [INFO] Capturing response: https://atomsportv508.top/assets/js/clappr.js 200 
2026-07-02 15:45:31,002 [INFO] Capturing response: https://atomsportv508.top/matches?id=a-spor 200 
2026-07-02 15:45:31,014 [INFO] Capturing request: https://atomsportv508.top/cdn-cgi/rum?
2026-07-02 15:45:31,045 [INFO] Capturing request: https://atomsportv508.top/cdn-cgi/rum?
2026-07-02 15:45:31,142 [INFO] Capturing request: https://teletv5.top/load/yayinlink.php?id=a-spor
2026-07-02 15:45:31,145 [INFO] Capturing request: https://atomsportv508.top/favicon.ico
2026-07-02 15:45:31,158 [INFO] Capturing response: https://atomsportv508.top/cdn-cgi/rum? 204 
2026-07-02 15:45:31,161 [INFO] Capturing response: https://atomsportv508.top/cdn-cgi/rum? 204 
2026-07-02 15:45:31,201 [INFO] Capturing response: https://atomsportv508.top/favicon.ico 200 
2026-07-02 15:45:31,232 [INFO] Capturing request: https://streamsport365.com/cinema
2026-07-02 15:45:31,308 [INFO] Capturing response: https://teletv5.top/load/yayinlink.php?id=a-spor 200 
2026-07-02 15:45:31,478 [INFO] Capturing response: https://streamsport365.com/cinema 200 
2026-07-02 15:45:31,598 [INFO] Capturing request: https://hlssssssssssssssssss.yedeklinksa35.workers.dev/https://corestream.ronaldovurdu.help//aspor/tracks-v1a1/mono.m3u8
2026-07-02 15:45:31,729 [INFO] Capturing response: https://hlssssssssssssssssss.yedeklinksa35.workers.dev/https://corestream.ronaldovurdu.help//aspor/tracks-v1a1/mono.m3u8 200 
2026-07-02 15:45:31,839 [INFO] Capturing request: https://ts.yedeklinksa35.workers.dev/aspor/tracks-v1a1/2026/07/02/15/45/13-06000.avif
2026-07-02 15:45:32,406 [INFO] Capturing response: https://ts.yedeklinksa35.workers.dev/aspor/tracks-v1a1/2026/07/02/15/45/13-06000.avif 200 
2026-07-02 15:45:32,648 [INFO] Capturing request: https://ts.yedeklinksa35.workers.dev/aspor/tracks-v1a1/2026/07/02/15/45/19-06000.avif
2026-07-02 15:45:33,393 [INFO] Capturing response: https://ts.yedeklinksa35.workers.dev/aspor/tracks-v1a1/2026/07/02/15/45/19-06000.avif 200 
2026-07-02 15:45:33,623 [INFO] Capturing request: https://ts.yedeklinksa35.workers.dev/aspor/tracks-v1a1/2026/07/02/15/45/25-06000.avif
2026-07-02 15:45:34,068 [INFO]   ✅ M3U8 bulundu: https://hlssssssssssssssssss.yedeklinksa35.workers.dev/https://corestream.ronaldovurdu.help//aspor/tracks-v1a1/mono.m3u8
2026-07-02 15:45:34,172 [INFO] Capturing response: https://ts.yedeklinksa35.workers.dev/aspor/tracks-v1a1/2026/07/02/15/45/25-06000.avif 200 
2026-07-02 15:45:35,068 [INFO] 
[11/14]
2026-07-02 15:45:35,068 [INFO] 🔍 Tivibu Spor 1 → https://atomsportv508.top/matches?id=tivibu-spor-1
2026-07-02 15:45:35,178 [INFO] Capturing request: https://atomsportv508.top/assets/js/clappr.js
2026-07-02 15:45:35,180 [INFO] Capturing request: https://atomsportv508.top/matches?id=tivibu-spor-1
2026-07-02 15:45:35,202 [INFO] Capturing response: https://atomsportv508.top/assets/js/clappr.js 200 
2026-07-02 15:45:35,226 [INFO] Capturing response: https://atomsportv508.top/matches?id=tivibu-spor-1 200 
2026-07-02 15:45:35,235 [INFO] Capturing request: https://atomsportv508.top/cdn-cgi/rum?
2026-07-02 15:45:35,279 [INFO] Capturing request: https://atomsportv508.top/cdn-cgi/rum?
2026-07-02 15:45:35,280 [INFO] Capturing request: https://streamsport365.com/cinema
2026-07-02 15:45:35,378 [INFO] Capturing request: https://teletv5.top/load/yayinlink.php?id=tivibu-spor-1
2026-07-02 15:45:35,383 [INFO] Capturing request: https://atomsportv508.top/favicon.ico
2026-07-02 15:45:35,390 [INFO] Capturing response: https://atomsportv508.top/cdn-cgi/rum? 204 
2026-07-02 15:45:35,393 [INFO] Capturing response: https://atomsportv508.top/cdn-cgi/rum? 204 
2026-07-02 15:45:35,421 [INFO] Capturing response: https://atomsportv508.top/favicon.ico 200 
2026-07-02 15:45:35,546 [INFO] Capturing response: https://teletv5.top/load/yayinlink.php?id=tivibu-spor-1 200 
2026-07-02 15:45:35,630 [INFO] Capturing response: https://streamsport365.com/cinema 200 
2026-07-02 15:46:08,555 [WARNING]   ❌ Tivibu Spor 1 için M3U8 bulunamadı
2026-07-02 15:46:09,556 [INFO] 
[12/14]
2026-07-02 15:46:09,556 [INFO] 🔍 Tivibu Spor 2 → https://atomsportv508.top/matches?id=tivibu-spor-2
2026-07-02 15:46:09,664 [INFO] Capturing request: https://atomsportv508.top/assets/js/clappr.js
2026-07-02 15:46:09,666 [INFO] Capturing request: https://atomsportv508.top/matches?id=tivibu-spor-2
2026-07-02 15:46:09,712 [INFO] Capturing response: https://atomsportv508.top/assets/js/clappr.js 200 
2026-07-02 15:46:09,975 [INFO] Capturing response: https://atomsportv508.top/matches?id=tivibu-spor-2 200 
2026-07-02 15:46:09,989 [INFO] Capturing request: https://atomsportv508.top/cdn-cgi/rum?
2026-07-02 15:46:10,024 [INFO] Capturing request: https://atomsportv508.top/cdn-cgi/rum?
2026-07-02 15:46:10,106 [INFO] Capturing response: https://atomsportv508.top/cdn-cgi/rum? 204 
2026-07-02 15:46:10,116 [INFO] Capturing request: https://teletv5.top/load/yayinlink.php?id=tivibu-spor-2
2026-07-02 15:46:10,124 [INFO] Capturing request: https://atomsportv508.top/favicon.ico
2026-07-02 15:46:10,182 [INFO] Capturing response: https://atomsportv508.top/cdn-cgi/rum? 204 
2026-07-02 15:46:10,185 [INFO] Capturing response: https://atomsportv508.top/favicon.ico 200 
2026-07-02 15:46:10,219 [INFO] Capturing request: https://streamsport365.com/cinema
2026-07-02 15:46:10,288 [INFO] Capturing response: https://teletv5.top/load/yayinlink.php?id=tivibu-spor-2 200 
2026-07-02 15:46:10,465 [INFO] Capturing response: https://streamsport365.com/cinema 200 
2026-07-02 15:46:43,301 [WARNING]   ❌ Tivibu Spor 2 için M3U8 bulunamadı
2026-07-02 15:46:44,301 [INFO] 
[13/14]
2026-07-02 15:46:44,301 [INFO] 🔍 Tivibu Spor 3 → https://atomsportv508.top/matches?id=tivibu-spor-3
2026-07-02 15:46:44,409 [INFO] Capturing request: https://atomsportv508.top/assets/js/clappr.js
2026-07-02 15:46:44,411 [INFO] Capturing request: https://atomsportv508.top/matches?id=tivibu-spor-3
2026-07-02 15:46:44,438 [INFO] Capturing response: https://atomsportv508.top/assets/js/clappr.js 200 
2026-07-02 15:46:44,857 [INFO] Capturing response: https://atomsportv508.top/matches?id=tivibu-spor-3 200 
2026-07-02 15:46:44,866 [INFO] Capturing request: https://atomsportv508.top/cdn-cgi/rum?
2026-07-02 15:46:44,896 [INFO] Capturing request: https://atomsportv508.top/cdn-cgi/rum?
2026-07-02 15:46:44,996 [INFO] Capturing request: https://teletv5.top/load/yayinlink.php?id=tivibu-spor-3
2026-07-02 15:46:45,002 [INFO] Capturing request: https://atomsportv508.top/favicon.ico
2026-07-02 15:46:45,011 [INFO] Capturing response: https://atomsportv508.top/cdn-cgi/rum? 204 
2026-07-02 15:46:45,013 [INFO] Capturing response: https://atomsportv508.top/cdn-cgi/rum? 204 
2026-07-02 15:46:45,043 [INFO] Capturing response: https://atomsportv508.top/favicon.ico 200 
2026-07-02 15:46:45,095 [INFO] Capturing request: https://streamsport365.com/cinema
2026-07-02 15:46:45,290 [INFO] Capturing response: https://teletv5.top/load/yayinlink.php?id=tivibu-spor-3 200 
2026-07-02 15:46:45,336 [INFO] Capturing response: https://streamsport365.com/cinema 200 
2026-07-02 15:47:18,182 [WARNING]   ❌ Tivibu Spor 3 için M3U8 bulunamadı
2026-07-02 15:47:19,182 [INFO] 
[14/14]
2026-07-02 15:47:19,182 [INFO] 🔍 Tivibu Spor 4 → https://atomsportv508.top/matches?id=tivibu-spor-4
2026-07-02 15:47:19,293 [INFO] Capturing request: https://atomsportv508.top/assets/js/clappr.js
2026-07-02 15:47:19,294 [INFO] Capturing request: https://atomsportv508.top/matches?id=tivibu-spor-4
2026-07-02 15:47:19,319 [INFO] Capturing response: https://atomsportv508.top/assets/js/clappr.js 200 
2026-07-02 15:47:19,566 [INFO] Capturing response: https://atomsportv508.top/matches?id=tivibu-spor-4 200 
2026-07-02 15:47:19,574 [INFO] Capturing request: https://atomsportv508.top/cdn-cgi/rum?
2026-07-02 15:47:19,607 [INFO] Capturing request: https://atomsportv508.top/cdn-cgi/rum?
2026-07-02 15:47:19,690 [INFO] Capturing response: https://atomsportv508.top/cdn-cgi/rum? 204 
2026-07-02 15:47:19,706 [INFO] Capturing request: https://teletv5.top/load/yayinlink.php?id=tivibu-spor-4
2026-07-02 15:47:19,709 [INFO] Capturing request: https://atomsportv508.top/favicon.ico
2026-07-02 15:47:19,754 [INFO] Capturing response: https://atomsportv508.top/favicon.ico 200 
2026-07-02 15:47:19,764 [INFO] Capturing response: https://atomsportv508.top/cdn-cgi/rum? 204 
2026-07-02 15:47:19,798 [INFO] Capturing request: https://streamsport365.com/cinema
2026-07-02 15:47:19,870 [INFO] Capturing response: https://teletv5.top/load/yayinlink.php?id=tivibu-spor-4 200 
2026-07-02 15:47:20,031 [INFO] Capturing response: https://streamsport365.com/cinema 200 
2026-07-02 15:47:52,896 [WARNING]   ❌ Tivibu Spor 4 için M3U8 bulunamadı
2026-07-02 15:47:53,963 [INFO] ✅ 5 kanal bulundu, playlist.m3u kaydedildi
