2026-07-10 01:11:29,377 [INFO] 🌐 BASE_URL: https://atomsportv508.top
2026-07-10 01:11:30,423 [INFO] Başlanıyor... 14 kanal taranacak
2026-07-10 01:11:30,423 [INFO] Using default request storage
2026-07-10 01:11:30,427 [INFO] Created proxy listening on 127.0.0.1:42265
2026-07-10 01:11:31,130 [INFO] Capturing request: http://clients2.google.com/time/1/current?cup2key=10:-gThQozTQaX2zQnsguv6lstHBJKeoTqgWX0B9_aAZuY&cup2hreq=e3b0c44298fc1c149afbf4c8996fb92427ae41e4649b934ca495991b7852b855
2026-07-10 01:11:31,172 [INFO] Capturing response: http://clients2.google.com/time/1/current?cup2key=10:-gThQozTQaX2zQnsguv6lstHBJKeoTqgWX0B9_aAZuY&cup2hreq=e3b0c44298fc1c149afbf4c8996fb92427ae41e4649b934ca495991b7852b855 200 OK
2026-07-10 01:11:31,337 [INFO] 
[1/14]
2026-07-10 01:11:31,337 [INFO] 🔍 beIN Sports 1 → https://atomsportv508.top/matches?id=bein-sports-1
2026-07-10 01:11:31,454 [INFO] Capturing request: https://accounts.google.com/ListAccounts?gpsia=1&source=ChromiumBrowser&json=standard&laf=b64bin
2026-07-10 01:11:31,456 [INFO] Capturing request: https://update.googleapis.com/service/update2/json?cup2key=16:99zjwae02_Tjo2q0kBfMUnC4j_4kryctYLpO9io5rUQ&cup2hreq=4b0c6db2ecad72f22cc2a265da9d18e90ebe76b79d43d4e6d343a292f0c6d768
2026-07-10 01:11:31,572 [INFO] Capturing response: https://update.googleapis.com/service/update2/json?cup2key=16:99zjwae02_Tjo2q0kBfMUnC4j_4kryctYLpO9io5rUQ&cup2hreq=4b0c6db2ecad72f22cc2a265da9d18e90ebe76b79d43d4e6d343a292f0c6d768 200 
2026-07-10 01:11:31,574 [INFO] Capturing request: https://atomsportv508.top/matches?id=bein-sports-1
2026-07-10 01:11:31,577 [INFO] Capturing response: https://accounts.google.com/ListAccounts?gpsia=1&source=ChromiumBrowser&json=standard&laf=b64bin 200 
2026-07-10 01:11:31,621 [INFO] Capturing request: https://update.googleapis.com/service/update2/json?cup2key=16:Gr5SJZ7Qpg5P86seoYt_JLLbCiuh9d8MY4XbfYrqkfw&cup2hreq=99ecf2f457e56b8a29ceda39e9c65d42694416e07b3564738d27018ea0d3f294
2026-07-10 01:11:31,646 [INFO] Capturing response: https://update.googleapis.com/service/update2/json?cup2key=16:Gr5SJZ7Qpg5P86seoYt_JLLbCiuh9d8MY4XbfYrqkfw&cup2hreq=99ecf2f457e56b8a29ceda39e9c65d42694416e07b3564738d27018ea0d3f294 200 
2026-07-10 01:11:31,830 [INFO] Capturing response: https://atomsportv508.top/matches?id=bein-sports-1 200 
2026-07-10 01:11:31,865 [INFO] Capturing request: https://www.google.com/async/folae?async=_fmt:pb&udm=50&client_locale=en-US&client_country=ZZ
2026-07-10 01:11:31,890 [INFO] Capturing response: https://www.google.com/async/folae?async=_fmt:pb&udm=50&client_locale=en-US&client_country=ZZ 200 
2026-07-10 01:11:31,983 [INFO] Capturing request: https://atomsportv508.top/assets/js/clappr.js
2026-07-10 01:11:32,016 [INFO] Capturing response: https://atomsportv508.top/assets/js/clappr.js 200 
2026-07-10 01:11:32,028 [INFO] Capturing request: https://cdnjs.cloudflare.com/ajax/libs/jquery/3.2.1/jquery.min.js
2026-07-10 01:11:32,048 [INFO] Capturing request: https://cdn.jsdelivr.net/npm/@clappr/player@latest/dist/clappr.min.js
2026-07-10 01:11:32,053 [INFO] Capturing response: https://cdnjs.cloudflare.com/ajax/libs/jquery/3.2.1/jquery.min.js 200 
2026-07-10 01:11:32,079 [INFO] Capturing response: https://cdn.jsdelivr.net/npm/@clappr/player@latest/dist/clappr.min.js 200 
2026-07-10 01:11:32,335 [INFO] Capturing request: https://static.cloudflareinsights.com/beacon.min.js/v4513226cdae34746b4dedf0b4dfa099e1781791509496
2026-07-10 01:11:32,352 [INFO] Capturing response: https://static.cloudflareinsights.com/beacon.min.js/v4513226cdae34746b4dedf0b4dfa099e1781791509496 200 
2026-07-10 01:11:32,413 [INFO] Capturing request: https://atomsportv508.top/cdn-cgi/rum?
2026-07-10 01:11:32,516 [INFO] Capturing request: https://atomsportv508.top/favicon.ico
2026-07-10 01:11:32,564 [INFO] Capturing response: https://atomsportv508.top/cdn-cgi/rum? 204 
2026-07-10 01:11:32,595 [INFO] Capturing response: https://atomsportv508.top/favicon.ico 200 
2026-07-10 01:11:32,595 [INFO] Capturing request: https://teletv5.top/load/yayinlink.php?id=bein-sports-1
2026-07-10 01:11:32,905 [INFO] Capturing response: https://teletv5.top/load/yayinlink.php?id=bein-sports-1 200 
2026-07-10 01:11:33,015 [INFO] Capturing request: https://streamsport365.com/cinema
2026-07-10 01:11:33,266 [INFO] Capturing response: https://streamsport365.com/cinema 200 
2026-07-10 01:11:33,396 [INFO] Capturing request: https://atomsportv508.top/assets/img/player_logo_6880e4e4c52ee.png
2026-07-10 01:11:33,461 [INFO] Capturing response: https://atomsportv508.top/assets/img/player_logo_6880e4e4c52ee.png 200 
2026-07-10 01:11:33,464 [INFO] Capturing request: https://hlssssss-wildflower-4845.ugurdurmus9402.workers.dev/https://corestream.taylandakanzi.help//trtspor/tracks-v1a1/mono.m3u8
2026-07-10 01:11:33,969 [INFO] Capturing response: https://hlssssss-wildflower-4845.ugurdurmus9402.workers.dev/https://corestream.taylandakanzi.help//trtspor/tracks-v1a1/mono.m3u8 200 
2026-07-10 01:11:34,126 [INFO] Capturing request: https://hlssssss-wildflower-4845.ugurdurmus9402.workers.dev/https://corestream.taylandakanzi.help//trtspor/tracks-v1a1/2026/07/10/01/11/36-06000.avif
2026-07-10 01:11:34,505 [INFO] Capturing response: https://hlssssss-wildflower-4845.ugurdurmus9402.workers.dev/https://corestream.taylandakanzi.help//trtspor/tracks-v1a1/2026/07/10/01/11/36-06000.avif 200 
2026-07-10 01:11:34,760 [INFO] Capturing request: https://hlssssss-wildflower-4845.ugurdurmus9402.workers.dev/https://corestream.taylandakanzi.help//trtspor/tracks-v1a1/2026/07/10/01/11/42-06000.avif
2026-07-10 01:11:35,086 [INFO] Capturing response: https://hlssssss-wildflower-4845.ugurdurmus9402.workers.dev/https://corestream.taylandakanzi.help//trtspor/tracks-v1a1/2026/07/10/01/11/42-06000.avif 200 
2026-07-10 01:11:35,278 [INFO] Capturing request: https://hlssssss-wildflower-4845.ugurdurmus9402.workers.dev/https://corestream.taylandakanzi.help//trtspor/tracks-v1a1/2026/07/10/01/11/48-06000.avif
2026-07-10 01:11:35,445 [INFO]   ✅ M3U8 bulundu: https://hlssssss-wildflower-4845.ugurdurmus9402.workers.dev/https://corestream.taylandakanzi.help//trtspor/tracks-v1a1/mono.m3u8
2026-07-10 01:11:35,894 [INFO] Capturing response: https://hlssssss-wildflower-4845.ugurdurmus9402.workers.dev/https://corestream.taylandakanzi.help//trtspor/tracks-v1a1/2026/07/10/01/11/48-06000.avif 200 
2026-07-10 01:11:36,445 [INFO] 
[2/14]
2026-07-10 01:11:36,446 [INFO] 🔍 beIN Sports 2 → https://atomsportv508.top/matches?id=bein-sports-2
2026-07-10 01:11:36,562 [INFO] Capturing request: https://atomsportv508.top/matches?id=bein-sports-2
2026-07-10 01:11:36,592 [INFO] Capturing response: https://atomsportv508.top/matches?id=bein-sports-2 200 
2026-07-10 01:11:36,606 [INFO] Capturing request: https://atomsportv508.top/cdn-cgi/rum?
2026-07-10 01:11:36,659 [INFO] Capturing request: https://streamsport365.com/cinema
2026-07-10 01:11:36,660 [INFO] Capturing request: https://atomsportv508.top/cdn-cgi/rum?
2026-07-10 01:11:36,758 [INFO] Capturing request: https://teletv5.top/load/yayinlink.php?id=bein-sports-2
2026-07-10 01:11:36,760 [INFO] Capturing response: https://atomsportv508.top/cdn-cgi/rum? 204 
2026-07-10 01:11:36,761 [INFO] Capturing request: https://atomsportv508.top/favicon.ico
2026-07-10 01:11:36,793 [INFO] Capturing response: https://atomsportv508.top/favicon.ico 200 
2026-07-10 01:11:36,809 [INFO] Capturing response: https://atomsportv508.top/cdn-cgi/rum? 204 
2026-07-10 01:11:36,902 [INFO] Capturing response: https://streamsport365.com/cinema 200 
2026-07-10 01:11:36,919 [INFO] Capturing response: https://teletv5.top/load/yayinlink.php?id=bein-sports-2 200 
2026-07-10 01:11:37,040 [INFO] Capturing request: https://hlssssss-wildflower-4845.ugurdurmus9402.workers.dev/https://corestream.taylandakanzi.help//bein2/tracks-v1a1/mono.m3u8
2026-07-10 01:11:37,472 [INFO] Capturing response: https://hlssssss-wildflower-4845.ugurdurmus9402.workers.dev/https://corestream.taylandakanzi.help//bein2/tracks-v1a1/mono.m3u8 200 
2026-07-10 01:11:37,582 [INFO] Capturing request: https://hlssssss-wildflower-4845.ugurdurmus9402.workers.dev/https://corestream.taylandakanzi.help//bein2/tracks-v1a1/2026/07/10/01/11/42-10000.avif
2026-07-10 01:11:37,931 [INFO] Capturing response: https://hlssssss-wildflower-4845.ugurdurmus9402.workers.dev/https://corestream.taylandakanzi.help//bein2/tracks-v1a1/2026/07/10/01/11/42-10000.avif 200 
2026-07-10 01:11:38,188 [INFO] Capturing request: https://hlssssss-wildflower-4845.ugurdurmus9402.workers.dev/https://corestream.taylandakanzi.help//bein2/tracks-v1a1/2026/07/10/01/11/52-10000.avif
2026-07-10 01:11:38,542 [INFO] Capturing response: https://hlssssss-wildflower-4845.ugurdurmus9402.workers.dev/https://corestream.taylandakanzi.help//bein2/tracks-v1a1/2026/07/10/01/11/52-10000.avif 200 
2026-07-10 01:11:38,794 [INFO] Capturing request: https://hlssssss-wildflower-4845.ugurdurmus9402.workers.dev/https://corestream.taylandakanzi.help//bein2/tracks-v1a1/2026/07/10/01/12/02-10000.avif
2026-07-10 01:11:39,191 [INFO] Capturing response: https://hlssssss-wildflower-4845.ugurdurmus9402.workers.dev/https://corestream.taylandakanzi.help//bein2/tracks-v1a1/2026/07/10/01/12/02-10000.avif 200 
2026-07-10 01:11:39,324 [INFO] Capturing request: https://android.clients.google.com/checkin
2026-07-10 01:11:39,477 [INFO] Capturing response: https://android.clients.google.com/checkin 200 
2026-07-10 01:11:39,524 [INFO] Capturing request: https://android.clients.google.com/c2dm/register3
2026-07-10 01:11:39,530 [INFO] Capturing request: https://android.clients.google.com/c2dm/register3
2026-07-10 01:11:39,533 [INFO] Capturing request: https://android.clients.google.com/c2dm/register3
2026-07-10 01:11:39,586 [INFO] Capturing response: https://android.clients.google.com/c2dm/register3 301 
2026-07-10 01:11:39,702 [INFO]   ✅ M3U8 bulundu: https://hlssssss-wildflower-4845.ugurdurmus9402.workers.dev/https://corestream.taylandakanzi.help//bein2/tracks-v1a1/mono.m3u8
2026-07-10 01:11:40,122 [INFO] Capturing response: https://android.clients.google.com/c2dm/register3 200 
2026-07-10 01:11:40,145 [INFO] Capturing response: https://android.clients.google.com/c2dm/register3 200 
2026-07-10 01:11:40,703 [INFO] 
[3/14]
2026-07-10 01:11:40,703 [INFO] 🔍 beIN Sports 3 → https://atomsportv508.top/matches?id=bein-sports-3
2026-07-10 01:11:40,816 [INFO] Capturing request: https://atomsportv508.top/assets/js/clappr.js
2026-07-10 01:11:40,820 [INFO] Capturing request: https://atomsportv508.top/matches?id=bein-sports-3
2026-07-10 01:11:40,834 [INFO] Capturing response: https://atomsportv508.top/assets/js/clappr.js 200 
2026-07-10 01:11:40,860 [INFO] Capturing response: https://atomsportv508.top/matches?id=bein-sports-3 200 
2026-07-10 01:11:40,871 [INFO] Capturing request: https://atomsportv508.top/cdn-cgi/rum?
2026-07-10 01:11:40,903 [INFO] Capturing request: https://atomsportv508.top/cdn-cgi/rum?
2026-07-10 01:11:40,997 [INFO] Capturing request: https://teletv5.top/load/yayinlink.php?id=bein-sports-3
2026-07-10 01:11:41,004 [INFO] Capturing request: https://atomsportv508.top/favicon.ico
2026-07-10 01:11:41,007 [INFO] Capturing response: https://atomsportv508.top/cdn-cgi/rum? 204 
2026-07-10 01:11:41,051 [INFO] Capturing response: https://atomsportv508.top/cdn-cgi/rum? 204 
2026-07-10 01:11:41,056 [INFO] Capturing response: https://atomsportv508.top/favicon.ico 200 
2026-07-10 01:11:41,101 [INFO] Capturing request: https://streamsport365.com/cinema
2026-07-10 01:11:41,159 [INFO] Capturing response: https://teletv5.top/load/yayinlink.php?id=bein-sports-3 200 
2026-07-10 01:11:41,347 [INFO] Capturing response: https://streamsport365.com/cinema 200 
2026-07-10 01:12:02,650 [INFO] Capturing request: https://android.clients.google.com/c2dm/register3
2026-07-10 01:12:02,704 [INFO] Capturing response: https://android.clients.google.com/c2dm/register3 301 
2026-07-10 01:12:14,217 [WARNING]   ❌ beIN Sports 3 için M3U8 bulunamadı
2026-07-10 01:12:15,218 [INFO] 
[4/14]
2026-07-10 01:12:15,218 [INFO] 🔍 beIN Sports 4 → https://atomsportv508.top/matches?id=bein-sports-4
2026-07-10 01:12:15,327 [INFO] Capturing request: https://atomsportv508.top/assets/js/clappr.js
2026-07-10 01:12:15,330 [INFO] Capturing request: https://atomsportv508.top/matches?id=bein-sports-4
2026-07-10 01:12:15,355 [INFO] Capturing response: https://atomsportv508.top/assets/js/clappr.js 200 
2026-07-10 01:12:15,776 [INFO] Capturing response: https://atomsportv508.top/matches?id=bein-sports-4 200 
2026-07-10 01:12:15,786 [INFO] Capturing request: https://atomsportv508.top/cdn-cgi/rum?
2026-07-10 01:12:15,816 [INFO] Capturing request: https://atomsportv508.top/cdn-cgi/rum?
2026-07-10 01:12:15,911 [INFO] Capturing request: https://teletv5.top/load/yayinlink.php?id=bein-sports-4
2026-07-10 01:12:15,920 [INFO] Capturing request: https://atomsportv508.top/favicon.ico
2026-07-10 01:12:15,923 [INFO] Capturing response: https://atomsportv508.top/cdn-cgi/rum? 204 
2026-07-10 01:12:15,925 [INFO] Capturing response: https://atomsportv508.top/cdn-cgi/rum? 204 
2026-07-10 01:12:15,952 [INFO] Capturing response: https://atomsportv508.top/favicon.ico 200 
2026-07-10 01:12:16,007 [INFO] Capturing request: https://streamsport365.com/cinema
2026-07-10 01:12:16,078 [INFO] Capturing response: https://teletv5.top/load/yayinlink.php?id=bein-sports-4 200 
2026-07-10 01:12:16,255 [INFO] Capturing response: https://streamsport365.com/cinema 200 
2026-07-10 01:12:31,126 [INFO] Capturing request: https://update.googleapis.com/service/update2/json?cup2key=16:RloOOpru9ntEfeEBdxTEz3fg27cy1nBe5PrxBTCSvKs&cup2hreq=ce5be5bdd9f12594d5bb716fc7e87c53a07843ab5e898f9fc3e199b9dcb3d0a6
2026-07-10 01:12:31,155 [INFO] Capturing response: https://update.googleapis.com/service/update2/json?cup2key=16:RloOOpru9ntEfeEBdxTEz3fg27cy1nBe5PrxBTCSvKs&cup2hreq=ce5be5bdd9f12594d5bb716fc7e87c53a07843ab5e898f9fc3e199b9dcb3d0a6 200 
2026-07-10 01:12:31,162 [INFO] Capturing request: http://edgedl.me.gvt1.com/edgedl/release2/chrome_component/nmfyxwfcfgxuir5wttg3cdozhy_10637/hfnkpimlhhgieaddgfemjhofmfblmnib_10637_all_amn5nex34kuu76l6kklb5xlsfq.crx3
2026-07-10 01:12:31,227 [INFO] Capturing response: http://edgedl.me.gvt1.com/edgedl/release2/chrome_component/nmfyxwfcfgxuir5wttg3cdozhy_10637/hfnkpimlhhgieaddgfemjhofmfblmnib_10637_all_amn5nex34kuu76l6kklb5xlsfq.crx3 200 OK
2026-07-10 01:12:31,257 [INFO] Capturing request: https://update.googleapis.com/service/update2/json
2026-07-10 01:12:31,280 [INFO] Capturing response: https://update.googleapis.com/service/update2/json 200 
2026-07-10 01:12:31,326 [INFO] Capturing request: http://edgedl.me.gvt1.com/edgedl/diffgen-puffin/gcmjkmgdlgnkkcocmoeiminaijmmjnii/df2a22d5ecc7788c3330ebd5f856b41531c74f412a01ed7453d11284708009fe
2026-07-10 01:12:31,336 [INFO] Capturing response: http://edgedl.me.gvt1.com/edgedl/diffgen-puffin/gcmjkmgdlgnkkcocmoeiminaijmmjnii/df2a22d5ecc7788c3330ebd5f856b41531c74f412a01ed7453d11284708009fe 200 OK
2026-07-10 01:12:31,399 [INFO] Capturing request: https://update.googleapis.com/service/update2/json
2026-07-10 01:12:31,424 [INFO] Capturing response: https://update.googleapis.com/service/update2/json 200 
2026-07-10 01:12:49,119 [WARNING]   ❌ beIN Sports 4 için M3U8 bulunamadı
2026-07-10 01:12:50,119 [INFO] 
[5/14]
2026-07-10 01:12:50,119 [INFO] 🔍 beIN Sports 5 → https://atomsportv508.top/matches?id=bein-sports-5
2026-07-10 01:12:50,282 [INFO] Capturing request: https://atomsportv508.top/matches?id=bein-sports-5
2026-07-10 01:12:50,283 [INFO] Capturing request: https://atomsportv508.top/assets/js/clappr.js
2026-07-10 01:12:50,313 [INFO] Capturing response: https://atomsportv508.top/assets/js/clappr.js 200 
2026-07-10 01:12:50,797 [INFO] Capturing response: https://atomsportv508.top/matches?id=bein-sports-5 200 
2026-07-10 01:12:50,808 [INFO] Capturing request: https://atomsportv508.top/cdn-cgi/rum?
2026-07-10 01:12:50,840 [INFO] Capturing request: https://atomsportv508.top/cdn-cgi/rum?
2026-07-10 01:12:50,945 [INFO] Capturing request: https://atomsportv508.top/favicon.ico
2026-07-10 01:12:50,951 [INFO] Capturing response: https://atomsportv508.top/cdn-cgi/rum? 204 
2026-07-10 01:12:50,953 [INFO] Capturing response: https://atomsportv508.top/cdn-cgi/rum? 204 
2026-07-10 01:12:50,981 [INFO] Capturing response: https://atomsportv508.top/favicon.ico 200 
2026-07-10 01:12:50,995 [INFO] Capturing request: https://teletv5.top/load/yayinlink.php?id=bein-sports-5
2026-07-10 01:12:51,161 [INFO] Capturing response: https://teletv5.top/load/yayinlink.php?id=bein-sports-5 200 
2026-07-10 01:12:51,376 [INFO] Capturing request: https://streamsport365.com/cinema
2026-07-10 01:12:51,630 [INFO] Capturing response: https://streamsport365.com/cinema 200 
2026-07-10 01:13:02,165 [INFO] Capturing request: https://android.clients.google.com/c2dm/register3
2026-07-10 01:13:02,225 [INFO] Capturing response: https://android.clients.google.com/c2dm/register3 301 
2026-07-10 01:13:24,119 [WARNING]   ❌ beIN Sports 5 için M3U8 bulunamadı
2026-07-10 01:13:25,119 [INFO] 
[6/14]
2026-07-10 01:13:25,119 [INFO] 🔍 beIN Sports Max 1 → https://atomsportv508.top/matches?id=bein-sports-max-1
2026-07-10 01:13:25,230 [INFO] Capturing request: https://atomsportv508.top/assets/js/clappr.js
2026-07-10 01:13:25,231 [INFO] Capturing request: https://atomsportv508.top/matches?id=bein-sports-max-1
2026-07-10 01:13:25,252 [INFO] Capturing response: https://atomsportv508.top/assets/js/clappr.js 200 
2026-07-10 01:13:25,686 [INFO] Capturing response: https://atomsportv508.top/matches?id=bein-sports-max-1 200 
2026-07-10 01:13:25,697 [INFO] Capturing request: https://atomsportv508.top/cdn-cgi/rum?
2026-07-10 01:13:25,726 [INFO] Capturing request: https://atomsportv508.top/cdn-cgi/rum?
2026-07-10 01:13:25,806 [INFO] Capturing response: https://atomsportv508.top/cdn-cgi/rum? 204 
2026-07-10 01:13:25,827 [INFO] Capturing request: https://teletv5.top/load/yayinlink.php?id=bein-sports-max-1
2026-07-10 01:13:25,828 [INFO] Capturing request: https://atomsportv508.top/favicon.ico
2026-07-10 01:13:25,867 [INFO] Capturing response: https://atomsportv508.top/favicon.ico 200 
2026-07-10 01:13:25,876 [INFO] Capturing response: https://atomsportv508.top/cdn-cgi/rum? 204 
2026-07-10 01:13:25,928 [INFO] Capturing request: https://streamsport365.com/cinema
2026-07-10 01:13:26,000 [INFO] Capturing response: https://teletv5.top/load/yayinlink.php?id=bein-sports-max-1 200 
2026-07-10 01:13:26,169 [INFO] Capturing response: https://streamsport365.com/cinema 200 
2026-07-10 01:13:59,001 [WARNING]   ❌ beIN Sports Max 1 için M3U8 bulunamadı
2026-07-10 01:14:00,001 [INFO] 
[7/14]
2026-07-10 01:14:00,001 [INFO] 🔍 beIN Sports Max 2 → https://atomsportv508.top/matches?id=bein-sports-max-2
2026-07-10 01:14:00,111 [INFO] Capturing request: https://atomsportv508.top/assets/js/clappr.js
2026-07-10 01:14:00,113 [INFO] Capturing request: https://atomsportv508.top/matches?id=bein-sports-max-2
2026-07-10 01:14:00,135 [INFO] Capturing response: https://atomsportv508.top/assets/js/clappr.js 200 
2026-07-10 01:14:00,368 [INFO] Capturing response: https://atomsportv508.top/matches?id=bein-sports-max-2 200 
2026-07-10 01:14:00,379 [INFO] Capturing request: https://atomsportv508.top/cdn-cgi/rum?
2026-07-10 01:14:00,418 [INFO] Capturing request: https://atomsportv508.top/cdn-cgi/rum?
2026-07-10 01:14:00,486 [INFO] Capturing response: https://atomsportv508.top/cdn-cgi/rum? 204 
2026-07-10 01:14:00,516 [INFO] Capturing request: https://teletv5.top/load/yayinlink.php?id=bein-sports-max-2
2026-07-10 01:14:00,520 [INFO] Capturing request: https://atomsportv508.top/favicon.ico
2026-07-10 01:14:00,555 [INFO] Capturing response: https://atomsportv508.top/favicon.ico 200 
2026-07-10 01:14:00,566 [INFO] Capturing response: https://atomsportv508.top/cdn-cgi/rum? 204 
2026-07-10 01:14:00,615 [INFO] Capturing request: https://streamsport365.com/cinema
2026-07-10 01:14:00,685 [INFO] Capturing response: https://teletv5.top/load/yayinlink.php?id=bein-sports-max-2 200 
2026-07-10 01:14:00,858 [INFO] Capturing response: https://streamsport365.com/cinema 200 
2026-07-10 01:14:33,697 [WARNING]   ❌ beIN Sports Max 2 için M3U8 bulunamadı
2026-07-10 01:14:34,697 [INFO] 
[8/14]
2026-07-10 01:14:34,697 [INFO] 🔍 S Sport → https://atomsportv508.top/matches?id=s-sport
2026-07-10 01:14:34,806 [INFO] Capturing request: https://atomsportv508.top/assets/js/clappr.js
2026-07-10 01:14:34,808 [INFO] Capturing request: https://atomsportv508.top/matches?id=s-sport
2026-07-10 01:14:34,831 [INFO] Capturing response: https://atomsportv508.top/assets/js/clappr.js 200 
2026-07-10 01:14:35,058 [INFO] Capturing response: https://atomsportv508.top/matches?id=s-sport 200 
2026-07-10 01:14:35,066 [INFO] Capturing request: https://atomsportv508.top/cdn-cgi/rum?
2026-07-10 01:14:35,102 [INFO] Capturing request: https://atomsportv508.top/cdn-cgi/rum?
2026-07-10 01:14:35,174 [INFO] Capturing response: https://atomsportv508.top/cdn-cgi/rum? 204 
2026-07-10 01:14:35,199 [INFO] Capturing request: https://teletv5.top/load/yayinlink.php?id=s-sport
2026-07-10 01:14:35,202 [INFO] Capturing request: https://atomsportv508.top/favicon.ico
2026-07-10 01:14:35,238 [INFO] Capturing response: https://atomsportv508.top/favicon.ico 200 
2026-07-10 01:14:35,250 [INFO] Capturing response: https://atomsportv508.top/cdn-cgi/rum? 204 
2026-07-10 01:14:35,297 [INFO] Capturing request: https://streamsport365.com/cinema
2026-07-10 01:14:35,368 [INFO] Capturing response: https://teletv5.top/load/yayinlink.php?id=s-sport 200 
2026-07-10 01:14:35,541 [INFO] Capturing response: https://streamsport365.com/cinema 200 
2026-07-10 01:14:35,698 [INFO] Capturing request: https://hlssssss-wildflower-4845.ugurdurmus9402.workers.dev/https://corestream.taylandakanzi.help//s-sportt/tracks-v1a1/mono.m3u8
2026-07-10 01:14:36,098 [INFO] Capturing response: https://hlssssss-wildflower-4845.ugurdurmus9402.workers.dev/https://corestream.taylandakanzi.help//s-sportt/tracks-v1a1/mono.m3u8 200 
2026-07-10 01:14:36,248 [INFO] Capturing request: https://hlssssss-wildflower-4845.ugurdurmus9402.workers.dev/https://corestream.taylandakanzi.help//s-sportt/tracks-v1a1/2026/07/10/01/14/27-06000.avif
2026-07-10 01:14:36,862 [INFO] Capturing response: https://hlssssss-wildflower-4845.ugurdurmus9402.workers.dev/https://corestream.taylandakanzi.help//s-sportt/tracks-v1a1/2026/07/10/01/14/27-06000.avif 200 
2026-07-10 01:14:37,120 [INFO] Capturing request: https://hlssssss-wildflower-4845.ugurdurmus9402.workers.dev/https://corestream.taylandakanzi.help//s-sportt/tracks-v1a1/2026/07/10/01/14/33-06000.avif
2026-07-10 01:14:37,561 [INFO] Capturing response: https://hlssssss-wildflower-4845.ugurdurmus9402.workers.dev/https://corestream.taylandakanzi.help//s-sportt/tracks-v1a1/2026/07/10/01/14/33-06000.avif 200 
2026-07-10 01:14:37,849 [INFO] Capturing request: https://hlssssss-wildflower-4845.ugurdurmus9402.workers.dev/https://corestream.taylandakanzi.help//s-sportt/tracks-v1a1/2026/07/10/01/14/39-06000.avif
2026-07-10 01:14:38,121 [INFO]   ✅ M3U8 bulundu: https://hlssssss-wildflower-4845.ugurdurmus9402.workers.dev/https://corestream.taylandakanzi.help//s-sportt/tracks-v1a1/mono.m3u8
2026-07-10 01:14:38,429 [INFO] Capturing response: https://hlssssss-wildflower-4845.ugurdurmus9402.workers.dev/https://corestream.taylandakanzi.help//s-sportt/tracks-v1a1/2026/07/10/01/14/39-06000.avif 200 
2026-07-10 01:14:39,121 [INFO] 
[9/14]
2026-07-10 01:14:39,121 [INFO] 🔍 S Sport 2 → https://atomsportv508.top/matches?id=s-sport-2
2026-07-10 01:14:39,232 [INFO] Capturing request: https://atomsportv508.top/assets/js/clappr.js
2026-07-10 01:14:39,234 [INFO] Capturing request: https://atomsportv508.top/matches?id=s-sport-2
2026-07-10 01:14:39,249 [INFO] Capturing response: https://atomsportv508.top/assets/js/clappr.js 200 
2026-07-10 01:14:39,280 [INFO] Capturing response: https://atomsportv508.top/matches?id=s-sport-2 200 
2026-07-10 01:14:39,291 [INFO] Capturing request: https://atomsportv508.top/cdn-cgi/rum?
2026-07-10 01:14:39,316 [INFO] Capturing request: https://streamsport365.com/cinema
2026-07-10 01:14:39,322 [INFO] Capturing request: https://atomsportv508.top/cdn-cgi/rum?
2026-07-10 01:14:39,415 [INFO] Capturing request: https://teletv5.top/load/yayinlink.php?id=s-sport-2
2026-07-10 01:14:39,422 [INFO] Capturing request: https://atomsportv508.top/favicon.ico
2026-07-10 01:14:39,429 [INFO] Capturing response: https://atomsportv508.top/cdn-cgi/rum? 204 
2026-07-10 01:14:39,431 [INFO] Capturing response: https://atomsportv508.top/cdn-cgi/rum? 204 
2026-07-10 01:14:39,453 [INFO] Capturing response: https://atomsportv508.top/favicon.ico 200 
2026-07-10 01:14:39,574 [INFO] Capturing response: https://streamsport365.com/cinema 200 
2026-07-10 01:14:39,576 [INFO] Capturing response: https://teletv5.top/load/yayinlink.php?id=s-sport-2 200 
2026-07-10 01:14:39,737 [INFO] Capturing request: https://hlssssss-wildflower-4845.ugurdurmus9402.workers.dev/https://corestream.taylandakanzi.help//s-sport2/tracks-v1a1/mono.m3u8
2026-07-10 01:14:39,871 [INFO] Capturing response: https://hlssssss-wildflower-4845.ugurdurmus9402.workers.dev/https://corestream.taylandakanzi.help//s-sport2/tracks-v1a1/mono.m3u8 200 
2026-07-10 01:14:39,981 [INFO] Capturing request: https://hlssssss-wildflower-4845.ugurdurmus9402.workers.dev/https://corestream.taylandakanzi.help//s-sport2/tracks-v1a1/2026/07/10/01/14/54-06000.avif
2026-07-10 01:14:40,321 [INFO] Capturing response: https://hlssssss-wildflower-4845.ugurdurmus9402.workers.dev/https://corestream.taylandakanzi.help//s-sport2/tracks-v1a1/2026/07/10/01/14/54-06000.avif 200 
2026-07-10 01:14:42,141 [INFO] Capturing request: https://android.clients.google.com/c2dm/register3
2026-07-10 01:14:42,199 [INFO] Capturing response: https://android.clients.google.com/c2dm/register3 301 
2026-07-10 01:14:42,338 [INFO]   ✅ M3U8 bulundu: https://hlssssss-wildflower-4845.ugurdurmus9402.workers.dev/https://corestream.taylandakanzi.help//s-sport2/tracks-v1a1/mono.m3u8
2026-07-10 01:14:43,338 [INFO] 
[10/14]
2026-07-10 01:14:43,338 [INFO] 🔍 A Spor → https://atomsportv508.top/matches?id=a-spor
2026-07-10 01:14:43,447 [INFO] Capturing request: https://atomsportv508.top/assets/js/clappr.js
2026-07-10 01:14:43,449 [INFO] Capturing request: https://atomsportv508.top/matches?id=a-spor
2026-07-10 01:14:43,465 [INFO] Capturing response: https://atomsportv508.top/assets/js/clappr.js 200 
2026-07-10 01:14:43,494 [INFO] Capturing response: https://atomsportv508.top/matches?id=a-spor 200 
2026-07-10 01:14:43,505 [INFO] Capturing request: https://atomsportv508.top/cdn-cgi/rum?
2026-07-10 01:14:43,535 [INFO] Capturing request: https://atomsportv508.top/cdn-cgi/rum?
2026-07-10 01:14:43,632 [INFO] Capturing request: https://teletv5.top/load/yayinlink.php?id=a-spor
2026-07-10 01:14:43,639 [INFO] Capturing request: https://atomsportv508.top/favicon.ico
2026-07-10 01:14:43,643 [INFO] Capturing response: https://atomsportv508.top/cdn-cgi/rum? 204 
2026-07-10 01:14:43,645 [INFO] Capturing response: https://atomsportv508.top/cdn-cgi/rum? 204 
2026-07-10 01:14:43,673 [INFO] Capturing response: https://atomsportv508.top/favicon.ico 200 
2026-07-10 01:14:43,730 [INFO] Capturing request: https://streamsport365.com/cinema
2026-07-10 01:14:43,798 [INFO] Capturing response: https://teletv5.top/load/yayinlink.php?id=a-spor 200 
2026-07-10 01:14:43,975 [INFO] Capturing response: https://streamsport365.com/cinema 200 
2026-07-10 01:14:44,095 [INFO] Capturing request: https://hlssssss-wildflower-4845.ugurdurmus9402.workers.dev/https://corestream.taylandakanzi.help//aspor/tracks-v1a1/mono.m3u8
2026-07-10 01:14:44,236 [INFO] Capturing response: https://hlssssss-wildflower-4845.ugurdurmus9402.workers.dev/https://corestream.taylandakanzi.help//aspor/tracks-v1a1/mono.m3u8 200 
2026-07-10 01:14:44,385 [INFO] Capturing request: https://hlssssss-wildflower-4845.ugurdurmus9402.workers.dev/https://corestream.taylandakanzi.help//aspor/tracks-v1a1/2026/07/10/01/14/55-06000.avif
2026-07-10 01:14:44,734 [INFO] Capturing response: https://hlssssss-wildflower-4845.ugurdurmus9402.workers.dev/https://corestream.taylandakanzi.help//aspor/tracks-v1a1/2026/07/10/01/14/55-06000.avif 200 
2026-07-10 01:14:44,976 [INFO] Capturing request: https://hlssssss-wildflower-4845.ugurdurmus9402.workers.dev/https://corestream.taylandakanzi.help//aspor/tracks-v1a1/2026/07/10/01/15/01-06000.avif
2026-07-10 01:14:45,327 [INFO] Capturing response: https://hlssssss-wildflower-4845.ugurdurmus9402.workers.dev/https://corestream.taylandakanzi.help//aspor/tracks-v1a1/2026/07/10/01/15/01-06000.avif 200 
2026-07-10 01:14:45,564 [INFO] Capturing request: https://hlssssss-wildflower-4845.ugurdurmus9402.workers.dev/https://corestream.taylandakanzi.help//aspor/tracks-v1a1/2026/07/10/01/15/07-06000.avif
2026-07-10 01:14:45,936 [INFO] Capturing response: https://hlssssss-wildflower-4845.ugurdurmus9402.workers.dev/https://corestream.taylandakanzi.help//aspor/tracks-v1a1/2026/07/10/01/15/07-06000.avif 200 
2026-07-10 01:14:46,556 [INFO]   ✅ M3U8 bulundu: https://hlssssss-wildflower-4845.ugurdurmus9402.workers.dev/https://corestream.taylandakanzi.help//aspor/tracks-v1a1/mono.m3u8
2026-07-10 01:14:47,557 [INFO] 
[11/14]
2026-07-10 01:14:47,557 [INFO] 🔍 Tivibu Spor 1 → https://atomsportv508.top/matches?id=tivibu-spor-1
2026-07-10 01:14:47,668 [INFO] Capturing request: https://atomsportv508.top/assets/js/clappr.js
2026-07-10 01:14:47,669 [INFO] Capturing request: https://atomsportv508.top/matches?id=tivibu-spor-1
2026-07-10 01:14:47,694 [INFO] Capturing response: https://atomsportv508.top/assets/js/clappr.js 200 
2026-07-10 01:14:47,718 [INFO] Capturing response: https://atomsportv508.top/matches?id=tivibu-spor-1 200 
2026-07-10 01:14:47,728 [INFO] Capturing request: https://atomsportv508.top/cdn-cgi/rum?
2026-07-10 01:14:47,766 [INFO] Capturing request: https://streamsport365.com/cinema
2026-07-10 01:14:47,769 [INFO] Capturing request: https://atomsportv508.top/cdn-cgi/rum?
2026-07-10 01:14:47,857 [INFO] Capturing request: https://teletv5.top/load/yayinlink.php?id=tivibu-spor-1
2026-07-10 01:14:47,871 [INFO] Capturing request: https://atomsportv508.top/favicon.ico
2026-07-10 01:14:47,877 [INFO] Capturing response: https://atomsportv508.top/cdn-cgi/rum? 204 
2026-07-10 01:14:47,879 [INFO] Capturing response: https://atomsportv508.top/cdn-cgi/rum? 204 
2026-07-10 01:14:47,904 [INFO] Capturing response: https://atomsportv508.top/favicon.ico 200 
2026-07-10 01:14:48,008 [INFO] Capturing response: https://streamsport365.com/cinema 200 
2026-07-10 01:14:48,015 [INFO] Capturing response: https://teletv5.top/load/yayinlink.php?id=tivibu-spor-1 200 
2026-07-10 01:15:21,051 [WARNING]   ❌ Tivibu Spor 1 için M3U8 bulunamadı
2026-07-10 01:15:22,052 [INFO] 
[12/14]
2026-07-10 01:15:22,052 [INFO] 🔍 Tivibu Spor 2 → https://atomsportv508.top/matches?id=tivibu-spor-2
2026-07-10 01:15:22,160 [INFO] Capturing request: https://atomsportv508.top/assets/js/clappr.js
2026-07-10 01:15:22,162 [INFO] Capturing request: https://atomsportv508.top/matches?id=tivibu-spor-2
2026-07-10 01:15:22,179 [INFO] Capturing response: https://atomsportv508.top/assets/js/clappr.js 200 
2026-07-10 01:15:22,416 [INFO] Capturing response: https://atomsportv508.top/matches?id=tivibu-spor-2 200 
2026-07-10 01:15:22,426 [INFO] Capturing request: https://atomsportv508.top/cdn-cgi/rum?
2026-07-10 01:15:22,460 [INFO] Capturing request: https://atomsportv508.top/cdn-cgi/rum?
2026-07-10 01:15:22,534 [INFO] Capturing response: https://atomsportv508.top/cdn-cgi/rum? 204 
2026-07-10 01:15:22,555 [INFO] Capturing request: https://teletv5.top/load/yayinlink.php?id=tivibu-spor-2
2026-07-10 01:15:22,560 [INFO] Capturing request: https://atomsportv508.top/favicon.ico
2026-07-10 01:15:22,598 [INFO] Capturing response: https://atomsportv508.top/favicon.ico 200 
2026-07-10 01:15:22,607 [INFO] Capturing response: https://atomsportv508.top/cdn-cgi/rum? 204 
2026-07-10 01:15:22,656 [INFO] Capturing request: https://streamsport365.com/cinema
2026-07-10 01:15:22,718 [INFO] Capturing response: https://teletv5.top/load/yayinlink.php?id=tivibu-spor-2 200 
2026-07-10 01:15:22,902 [INFO] Capturing response: https://streamsport365.com/cinema 200 
2026-07-10 01:15:55,747 [WARNING]   ❌ Tivibu Spor 2 için M3U8 bulunamadı
2026-07-10 01:15:56,747 [INFO] 
[13/14]
2026-07-10 01:15:56,747 [INFO] 🔍 Tivibu Spor 3 → https://atomsportv508.top/matches?id=tivibu-spor-3
2026-07-10 01:15:56,856 [INFO] Capturing request: https://atomsportv508.top/assets/js/clappr.js
2026-07-10 01:15:56,858 [INFO] Capturing request: https://atomsportv508.top/matches?id=tivibu-spor-3
2026-07-10 01:15:56,877 [INFO] Capturing response: https://atomsportv508.top/assets/js/clappr.js 200 
2026-07-10 01:15:57,099 [INFO] Capturing response: https://atomsportv508.top/matches?id=tivibu-spor-3 200 
2026-07-10 01:15:57,108 [INFO] Capturing request: https://atomsportv508.top/cdn-cgi/rum?
2026-07-10 01:15:57,138 [INFO] Capturing request: https://atomsportv508.top/cdn-cgi/rum?
2026-07-10 01:15:57,216 [INFO] Capturing response: https://atomsportv508.top/cdn-cgi/rum? 204 
2026-07-10 01:15:57,235 [INFO] Capturing request: https://teletv5.top/load/yayinlink.php?id=tivibu-spor-3
2026-07-10 01:15:57,240 [INFO] Capturing request: https://atomsportv508.top/favicon.ico
2026-07-10 01:15:57,275 [INFO] Capturing response: https://atomsportv508.top/favicon.ico 200 
2026-07-10 01:15:57,287 [INFO] Capturing response: https://atomsportv508.top/cdn-cgi/rum? 204 
2026-07-10 01:15:57,333 [INFO] Capturing request: https://streamsport365.com/cinema
2026-07-10 01:15:57,407 [INFO] Capturing response: https://teletv5.top/load/yayinlink.php?id=tivibu-spor-3 200 
2026-07-10 01:15:57,578 [INFO] Capturing response: https://streamsport365.com/cinema 200 
2026-07-10 01:16:30,428 [WARNING]   ❌ Tivibu Spor 3 için M3U8 bulunamadı
2026-07-10 01:16:31,423 [INFO] 127.0.0.1:46380: HTTP/2 connection terminated by server: error code: 0, last stream id: 201, additional data: b'session_timed_out'
2026-07-10 01:16:31,429 [INFO] 
[14/14]
2026-07-10 01:16:31,429 [INFO] 🔍 Tivibu Spor 4 → https://atomsportv508.top/matches?id=tivibu-spor-4
2026-07-10 01:16:31,539 [INFO] Capturing request: https://atomsportv508.top/assets/js/clappr.js
2026-07-10 01:16:31,540 [INFO] Capturing request: https://atomsportv508.top/matches?id=tivibu-spor-4
2026-07-10 01:16:31,557 [INFO] Capturing response: https://atomsportv508.top/assets/js/clappr.js 200 
2026-07-10 01:16:31,781 [INFO] Capturing response: https://atomsportv508.top/matches?id=tivibu-spor-4 200 
2026-07-10 01:16:31,793 [INFO] Capturing request: https://atomsportv508.top/cdn-cgi/rum?
2026-07-10 01:16:31,822 [INFO] Capturing request: https://atomsportv508.top/cdn-cgi/rum?
2026-07-10 01:16:31,901 [INFO] Capturing response: https://atomsportv508.top/cdn-cgi/rum? 204 
2026-07-10 01:16:31,915 [INFO] Capturing request: https://teletv5.top/load/yayinlink.php?id=tivibu-spor-4
2026-07-10 01:16:31,923 [INFO] Capturing request: https://atomsportv508.top/favicon.ico
2026-07-10 01:16:31,961 [INFO] Capturing response: https://atomsportv508.top/favicon.ico 200 
2026-07-10 01:16:31,972 [INFO] Capturing response: https://atomsportv508.top/cdn-cgi/rum? 204 
2026-07-10 01:16:32,014 [INFO] Capturing request: https://streamsport365.com/cinema
2026-07-10 01:16:32,082 [INFO] Capturing response: https://teletv5.top/load/yayinlink.php?id=tivibu-spor-4 200 
2026-07-10 01:16:32,256 [INFO] Capturing response: https://streamsport365.com/cinema 200 
2026-07-10 01:17:05,110 [WARNING]   ❌ Tivibu Spor 4 için M3U8 bulunamadı
2026-07-10 01:17:06,177 [INFO] ✅ 5 kanal bulundu, playlist.m3u kaydedildi
