2026-05-20 13:41:44,096 [INFO] 🔎 Domain aralığı taranıyor: atomsportv503.top - atomsportv535.top
2026-05-20 13:41:44,891 [INFO]   ✅ Aktif domain bulundu: https://atomsportv503.top
2026-05-20 13:41:44,892 [INFO] 🌐 Kullanılan BASE_URL: https://atomsportv503.top
2026-05-20 13:41:44,892 [INFO] 🔗 Proxy Prefix: https://ronaldo.magnitude.workers.dev/?url=
2026-05-20 13:41:45,831 [INFO] ✅ SeleniumWire aktif
2026-05-20 13:41:45,832 [INFO] =======================================================
2026-05-20 13:41:45,832 [INFO]    M3U8 Scraper
2026-05-20 13:41:45,833 [INFO]    Base URL    : https://atomsportv503.top
2026-05-20 13:41:45,833 [INFO]    Proxy Prefix: https://ronaldo.magnitude.workers.dev/?url=
2026-05-20 13:41:45,833 [INFO]    Toplam      : 13 sayfa
2026-05-20 13:41:45,833 [INFO] =======================================================
2026-05-20 13:41:45,833 [INFO] 🔧 Driver başlatılıyor...
2026-05-20 13:41:46,608 [INFO] ✅ Driver başlatıldı
2026-05-20 13:41:46,608 [INFO] 
[1/13]
2026-05-20 13:41:46,608 [INFO] 
──────────────────────────────────────────────────
2026-05-20 13:41:46,608 [INFO] 🔍 beIN Sports 1 → https://atomsportv503.top/matches?id=bein-sports-1
2026-05-20 13:41:46,608 [INFO] ──────────────────────────────────────────────────
2026-05-20 13:42:18,858 [INFO]   📡 M3U8 bekleniyor (max 8s)...
2026-05-20 13:42:26,883 [INFO]   ❌ beIN Sports 1: M3U8 bulunamadı
2026-05-20 13:42:27,883 [INFO] 
[2/13]
2026-05-20 13:42:27,884 [INFO] 
──────────────────────────────────────────────────
2026-05-20 13:42:27,884 [INFO] 🔍 beIN Sports 2 → https://atomsportv503.top/matches?id=bein-sports-2
2026-05-20 13:42:27,884 [INFO] ──────────────────────────────────────────────────
2026-05-20 13:42:59,923 [INFO]   📡 M3U8 bekleniyor (max 8s)...
2026-05-20 13:43:07,941 [INFO]   ❌ beIN Sports 2: M3U8 bulunamadı
2026-05-20 13:43:08,941 [INFO] 
[3/13]
2026-05-20 13:43:08,941 [INFO] 
──────────────────────────────────────────────────
2026-05-20 13:43:08,941 [INFO] 🔍 beIN Sports 3 → https://atomsportv503.top/matches?id=bein-sports-3
2026-05-20 13:43:08,941 [INFO] ──────────────────────────────────────────────────
2026-05-20 13:43:41,325 [INFO]   📡 M3U8 bekleniyor (max 8s)...
2026-05-20 13:43:49,342 [INFO]   ❌ beIN Sports 3: M3U8 bulunamadı
2026-05-20 13:43:50,342 [INFO] 
[4/13]
2026-05-20 13:43:50,342 [INFO] 
──────────────────────────────────────────────────
2026-05-20 13:43:50,342 [INFO] 🔍 beIN Sports 4 → https://atomsportv503.top/matches?id=bein-sports-4
2026-05-20 13:43:50,343 [INFO] ──────────────────────────────────────────────────
2026-05-20 13:44:22,167 [INFO]   📡 M3U8 bekleniyor (max 8s)...
2026-05-20 13:44:30,184 [INFO]   ❌ beIN Sports 4: M3U8 bulunamadı
2026-05-20 13:44:31,185 [INFO] 
[5/13]
2026-05-20 13:44:31,185 [INFO] 
──────────────────────────────────────────────────
2026-05-20 13:44:31,185 [INFO] 🔍 beIN Sports 5 → https://atomsportv503.top/matches?id=bein-sports-5
2026-05-20 13:44:31,185 [INFO] ──────────────────────────────────────────────────
2026-05-20 13:45:03,014 [INFO]   📡 M3U8 bekleniyor (max 8s)...
2026-05-20 13:45:11,032 [INFO]   ❌ beIN Sports 5: M3U8 bulunamadı
2026-05-20 13:45:12,032 [INFO] 
[6/13]
2026-05-20 13:45:12,032 [INFO] 
──────────────────────────────────────────────────
2026-05-20 13:45:12,032 [INFO] 🔍 beIN Sports Max 1 → https://atomsportv503.top/matches?id=bein-sports-max-1
2026-05-20 13:45:12,033 [INFO] ──────────────────────────────────────────────────
2026-05-20 13:45:43,877 [INFO]   📡 M3U8 bekleniyor (max 8s)...
2026-05-20 13:45:51,893 [INFO]   ❌ beIN Sports Max 1: M3U8 bulunamadı
2026-05-20 13:45:52,894 [INFO] 
[7/13]
2026-05-20 13:45:52,894 [INFO] 
──────────────────────────────────────────────────
2026-05-20 13:45:52,894 [INFO] 🔍 beIN Sports Max 2 → https://atomsportv503.top/matches?id=bein-sports-max-2
2026-05-20 13:45:52,894 [INFO] ──────────────────────────────────────────────────
2026-05-20 13:46:24,724 [INFO]   📡 M3U8 bekleniyor (max 8s)...
2026-05-20 13:46:24,725 [INFO]   🎯 DOĞRU kanal bulundu: https://young-surf-88a9.halitumutseler.workers.dev/https://corestream.ronaldovurdu.help//hls/bein-sports-max-2.m3u8
2026-05-20 13:46:24,725 [INFO]   ✅ beIN Sports Max 2: https://young-surf-88a9.halitumutseler.workers.dev/https://corestream.ronaldovurdu.help//hls/bein-sports-max-2.m3u8
2026-05-20 13:46:25,725 [INFO] 
[8/13]
2026-05-20 13:46:25,726 [INFO] 
──────────────────────────────────────────────────
2026-05-20 13:46:25,726 [INFO] 🔍 S Sport → https://atomsportv503.top/matches?id=s-sport
2026-05-20 13:46:25,726 [INFO] ──────────────────────────────────────────────────
2026-05-20 13:46:57,573 [INFO]   📡 M3U8 bekleniyor (max 8s)...
2026-05-20 13:46:57,574 [INFO]   🎯 DOĞRU kanal bulundu: https://young-surf-88a9.halitumutseler.workers.dev/https://corestream.ronaldovurdu.help//hls/s-sportt.m3u8
2026-05-20 13:46:57,574 [INFO]   ✅ S Sport: https://young-surf-88a9.halitumutseler.workers.dev/https://corestream.ronaldovurdu.help//hls/s-sportt.m3u8
2026-05-20 13:46:58,574 [INFO] 
[9/13]
2026-05-20 13:46:58,575 [INFO] 
──────────────────────────────────────────────────
2026-05-20 13:46:58,575 [INFO] 🔍 S Sport 2 → https://atomsportv503.top/matches?id=s-sport-2
2026-05-20 13:46:58,575 [INFO] ──────────────────────────────────────────────────
2026-05-20 13:47:30,400 [INFO]   📡 M3U8 bekleniyor (max 8s)...
2026-05-20 13:47:38,417 [INFO]   ❌ S Sport 2: M3U8 bulunamadı
2026-05-20 13:47:39,418 [INFO] 
[10/13]
2026-05-20 13:47:39,418 [INFO] 
──────────────────────────────────────────────────
2026-05-20 13:47:39,418 [INFO] 🔍 Tivibu Spor 1 → https://atomsportv503.top/matches?id=tivibu-spor-1
2026-05-20 13:47:39,418 [INFO] ──────────────────────────────────────────────────
2026-05-20 13:48:11,245 [INFO]   📡 M3U8 bekleniyor (max 8s)...
2026-05-20 13:48:19,257 [INFO]   ❌ Tivibu Spor 1: M3U8 bulunamadı
2026-05-20 13:48:20,257 [INFO] 
[11/13]
2026-05-20 13:48:20,257 [INFO] 
──────────────────────────────────────────────────
2026-05-20 13:48:20,257 [INFO] 🔍 Tivibu Spor 2 → https://atomsportv503.top/matches?id=tivibu-spor-2
2026-05-20 13:48:20,257 [INFO] ──────────────────────────────────────────────────
2026-05-20 13:48:52,105 [INFO]   📡 M3U8 bekleniyor (max 8s)...
2026-05-20 13:49:00,118 [INFO]   ❌ Tivibu Spor 2: M3U8 bulunamadı
2026-05-20 13:49:01,118 [INFO] 
[12/13]
2026-05-20 13:49:01,118 [INFO] 
──────────────────────────────────────────────────
2026-05-20 13:49:01,118 [INFO] 🔍 Tivibu Spor 3 → https://atomsportv503.top/matches?id=tivibu-spor-3
2026-05-20 13:49:01,118 [INFO] ──────────────────────────────────────────────────
2026-05-20 13:49:32,946 [INFO]   📡 M3U8 bekleniyor (max 8s)...
2026-05-20 13:49:40,958 [INFO]   ❌ Tivibu Spor 3: M3U8 bulunamadı
2026-05-20 13:49:41,958 [INFO] 
[13/13]
2026-05-20 13:49:41,959 [INFO] 
──────────────────────────────────────────────────
2026-05-20 13:49:41,959 [INFO] 🔍 Tivibu Spor 4 → https://atomsportv503.top/matches?id=tivibu-spor-4
2026-05-20 13:49:41,959 [INFO] ──────────────────────────────────────────────────
2026-05-20 13:50:13,794 [INFO]   📡 M3U8 bekleniyor (max 8s)...
2026-05-20 13:50:21,806 [INFO]   ❌ Tivibu Spor 4: M3U8 bulunamadı
2026-05-20 13:50:22,869 [INFO] 🔒 Driver kapatıldı
2026-05-20 13:50:22,869 [INFO] 
=======================================================
2026-05-20 13:50:22,869 [INFO] 🏁 Tamamlandı!
2026-05-20 13:50:22,869 [INFO] 📺 Kanal : 2/13
2026-05-20 13:50:22,869 [INFO] ⏱️  Süre  : 517.0s
2026-05-20 13:50:22,869 [INFO] =======================================================
2026-05-20 13:50:22,869 [INFO] ✅ playlist.m3u kaydedildi (proxy prefix'li)
2026-05-20 13:50:22,870 [INFO] ✅ stats.json kaydedildi
