2026-05-31 23:02:24,230 [INFO] 🌐 BASE_URL: https://atomsportv505.top
2026-05-31 23:02:25,422 [INFO] Başlanıyor... 14 kanal taranacak
2026-05-31 23:02:25,422 [INFO] Using default request storage
2026-05-31 23:02:25,427 [INFO] Created proxy listening on 127.0.0.1:35071
2026-05-31 23:02:26,082 [INFO] Capturing request: http://clients2.google.com/time/1/current?cup2key=10:ngwv6-V9ktdXwT92LHIKxqmRmBe7UO9aoO5gOqdoCTI&cup2hreq=e3b0c44298fc1c149afbf4c8996fb92427ae41e4649b934ca495991b7852b855
2026-05-31 23:02:26,124 [INFO] Capturing response: http://clients2.google.com/time/1/current?cup2key=10:ngwv6-V9ktdXwT92LHIKxqmRmBe7UO9aoO5gOqdoCTI&cup2hreq=e3b0c44298fc1c149afbf4c8996fb92427ae41e4649b934ca495991b7852b855 200 OK
2026-05-31 23:02:26,199 [INFO] 
[1/14]
2026-05-31 23:02:26,200 [INFO] 🔍 beIN Sports 1 → https://atomsportv505.top/matches?id=bein-sports-1
2026-05-31 23:02:26,247 [INFO] Capturing request: https://accounts.google.com/ListAccounts?gpsia=1&source=ChromiumBrowser&json=standard&laf=b64bin
2026-05-31 23:02:26,334 [INFO] Capturing response: https://accounts.google.com/ListAccounts?gpsia=1&source=ChromiumBrowser&json=standard&laf=b64bin 200 
2026-05-31 23:02:26,370 [INFO] Capturing request: https://atomsportv505.top/matches?id=bein-sports-1
2026-05-31 23:02:26,441 [INFO] Capturing response: https://atomsportv505.top/matches?id=bein-sports-1 200 
2026-05-31 23:02:26,595 [INFO] Capturing request: https://atomsportv505.top/assets/js/clappr.js
2026-05-31 23:02:26,636 [INFO] Capturing request: https://www.google.com/async/folae?async=_fmt:pb&udm=50&client_locale=en-US
2026-05-31 23:02:26,643 [INFO] Capturing response: https://atomsportv505.top/assets/js/clappr.js 200 
2026-05-31 23:02:26,655 [INFO] Capturing request: https://cdnjs.cloudflare.com/ajax/libs/jquery/3.2.1/jquery.min.js
2026-05-31 23:02:26,672 [INFO] Capturing response: https://cdnjs.cloudflare.com/ajax/libs/jquery/3.2.1/jquery.min.js 200 
2026-05-31 23:02:26,688 [INFO] Capturing request: https://cdn.jsdelivr.net/npm/@clappr/player@latest/dist/clappr.min.js
2026-05-31 23:02:26,732 [INFO] Capturing response: https://cdn.jsdelivr.net/npm/@clappr/player@latest/dist/clappr.min.js 200 
2026-05-31 23:02:26,766 [INFO] Capturing response: https://www.google.com/async/folae?async=_fmt:pb&udm=50&client_locale=en-US 200 
2026-05-31 23:02:26,885 [INFO] Capturing request: https://static.cloudflareinsights.com/beacon.min.js/v833ccba57c9e4d2798f2e76cebdd09a11778172276447
2026-05-31 23:02:26,904 [INFO] Capturing response: https://static.cloudflareinsights.com/beacon.min.js/v833ccba57c9e4d2798f2e76cebdd09a11778172276447 200 
2026-05-31 23:02:26,965 [INFO] Capturing request: https://atomsportv505.top/cdn-cgi/rum?
2026-05-31 23:02:27,066 [INFO] Capturing request: https://atomsportv505.top/favicon.ico
2026-05-31 23:02:27,126 [INFO] Capturing response: https://atomsportv505.top/cdn-cgi/rum? 204 
2026-05-31 23:02:27,127 [INFO] Capturing response: https://atomsportv505.top/favicon.ico 200 
2026-05-31 23:02:27,144 [INFO] Capturing request: https://teletv5.top/load/yayinlink.php?id=bein-sports-1
2026-05-31 23:02:27,449 [INFO] Capturing response: https://teletv5.top/load/yayinlink.php?id=bein-sports-1 200 
2026-05-31 23:02:27,500 [INFO] Capturing request: https://streamsport365.com/cinema
2026-05-31 23:02:27,746 [INFO] Capturing response: https://streamsport365.com/cinema 200 
2026-05-31 23:02:27,878 [INFO] Capturing request: https://atomsportv505.top/assets/img/player_logo_6880e4e4c52ee.png
2026-05-31 23:02:27,950 [INFO] Capturing response: https://atomsportv505.top/assets/img/player_logo_6880e4e4c52ee.png 200 
2026-05-31 23:02:28,121 [INFO] Capturing request: https://hlssssssssssssssssss.yedeklinksa35.workers.dev/https://corestream.ronaldovurdu.help//trt1/tracks-v1a1/mono.m3u8
2026-05-31 23:02:28,354 [INFO] Capturing response: https://hlssssssssssssssssss.yedeklinksa35.workers.dev/https://corestream.ronaldovurdu.help//trt1/tracks-v1a1/mono.m3u8 200 
2026-05-31 23:02:28,586 [INFO] Capturing request: https://ts.yedeklinksa35.workers.dev/trt1/tracks-v1a1/2026/05/31/23/02/26-07680.avif
2026-05-31 23:02:28,903 [INFO] Capturing request: https://android.clients.google.com/checkin
2026-05-31 23:02:29,003 [INFO] Capturing response: https://android.clients.google.com/checkin 200 
2026-05-31 23:02:29,051 [INFO] Capturing request: https://android.clients.google.com/c2dm/register3
2026-05-31 23:02:29,060 [INFO] Capturing request: https://android.clients.google.com/c2dm/register3
2026-05-31 23:02:29,064 [INFO] Capturing request: https://android.clients.google.com/c2dm/register3
2026-05-31 23:02:29,115 [INFO] Capturing response: https://ts.yedeklinksa35.workers.dev/trt1/tracks-v1a1/2026/05/31/23/02/26-07680.avif 200 
2026-05-31 23:02:29,123 [INFO] Capturing response: https://android.clients.google.com/c2dm/register3 301 
2026-05-31 23:02:29,355 [INFO] Capturing request: https://ts.yedeklinksa35.workers.dev/trt1/tracks-v1a1/2026/05/31/23/02/34-08360.avif
2026-05-31 23:02:29,743 [INFO] Capturing response: https://android.clients.google.com/c2dm/register3 200 
2026-05-31 23:02:29,780 [INFO] Capturing response: https://android.clients.google.com/c2dm/register3 200 
2026-05-31 23:02:29,892 [INFO] Capturing response: https://ts.yedeklinksa35.workers.dev/trt1/tracks-v1a1/2026/05/31/23/02/34-08360.avif 200 
2026-05-31 23:02:29,990 [INFO]   ✅ M3U8 bulundu: https://hlssssssssssssssssss.yedeklinksa35.workers.dev/https://corestream.ronaldovurdu.help//trt1/tracks-v1a1/mono.m3u8
2026-05-31 23:02:30,110 [INFO] Capturing request: https://ts.yedeklinksa35.workers.dev/trt1/tracks-v1a1/2026/05/31/23/02/42-07000.avif
2026-05-31 23:02:30,988 [INFO] Capturing response: https://ts.yedeklinksa35.workers.dev/trt1/tracks-v1a1/2026/05/31/23/02/42-07000.avif 200 
2026-05-31 23:02:30,991 [INFO] 
[2/14]
2026-05-31 23:02:30,991 [INFO] 🔍 beIN Sports 2 → https://atomsportv505.top/matches?id=bein-sports-2
2026-05-31 23:02:31,130 [INFO] Capturing request: https://atomsportv505.top/matches?id=bein-sports-2
2026-05-31 23:02:31,176 [INFO] Capturing response: https://atomsportv505.top/matches?id=bein-sports-2 200 
2026-05-31 23:02:31,188 [INFO] Capturing request: https://atomsportv505.top/cdn-cgi/rum?
2026-05-31 23:02:31,208 [INFO] Capturing request: https://ts.yedeklinksa35.workers.dev/trt1/tracks-v1a1/2026/05/31/23/02/49-06920.avif
2026-05-31 23:02:31,233 [INFO] Capturing request: https://streamsport365.com/cinema
2026-05-31 23:02:31,235 [INFO] Capturing request: https://atomsportv505.top/cdn-cgi/rum?
2026-05-31 23:02:31,333 [INFO] Capturing request: https://teletv5.top/load/yayinlink.php?id=bein-sports-2
2026-05-31 23:02:31,334 [INFO] Capturing request: https://atomsportv505.top/favicon.ico
2026-05-31 23:02:31,345 [INFO] Capturing response: https://atomsportv505.top/cdn-cgi/rum? 204 
2026-05-31 23:02:31,351 [INFO] Capturing response: https://atomsportv505.top/cdn-cgi/rum? 204 
2026-05-31 23:02:31,371 [INFO] Capturing response: https://atomsportv505.top/favicon.ico 200 
2026-05-31 23:02:31,493 [INFO] Capturing response: https://streamsport365.com/cinema 200 
2026-05-31 23:02:31,496 [INFO] Capturing response: https://teletv5.top/load/yayinlink.php?id=bein-sports-2 200 
2026-05-31 23:02:31,621 [INFO] Capturing request: https://hlssssssssssssssssss.yedeklinksa35.workers.dev/https://corestream.ronaldovurdu.help//bein2/tracks-v1a1/mono.m3u8
2026-05-31 23:02:31,667 [INFO] Capturing response: https://ts.yedeklinksa35.workers.dev/trt1/tracks-v1a1/2026/05/31/23/02/49-06920.avif 200 
2026-05-31 23:02:31,755 [INFO] Capturing response: https://hlssssssssssssssssss.yedeklinksa35.workers.dev/https://corestream.ronaldovurdu.help//bein2/tracks-v1a1/mono.m3u8 200 
2026-05-31 23:02:31,864 [INFO] Capturing request: https://ts.yedeklinksa35.workers.dev/bein2/tracks-v1a1/2026/05/31/23/02/22-08080.avif
2026-05-31 23:02:32,767 [INFO] Capturing response: https://ts.yedeklinksa35.workers.dev/bein2/tracks-v1a1/2026/05/31/23/02/22-08080.avif 200 
2026-05-31 23:02:33,044 [INFO] Capturing request: https://ts.yedeklinksa35.workers.dev/bein2/tracks-v1a1/2026/05/31/23/02/30-07680.avif
2026-05-31 23:02:33,908 [INFO] Capturing response: https://ts.yedeklinksa35.workers.dev/bein2/tracks-v1a1/2026/05/31/23/02/30-07680.avif 200 
2026-05-31 23:02:34,177 [INFO] Capturing request: https://ts.yedeklinksa35.workers.dev/bein2/tracks-v1a1/2026/05/31/23/02/38-05440.avif
2026-05-31 23:02:34,254 [INFO]   ✅ M3U8 bulundu: https://hlssssssssssssssssss.yedeklinksa35.workers.dev/https://corestream.ronaldovurdu.help//bein2/tracks-v1a1/mono.m3u8
2026-05-31 23:02:34,776 [INFO] Capturing response: https://ts.yedeklinksa35.workers.dev/bein2/tracks-v1a1/2026/05/31/23/02/38-05440.avif 200 
2026-05-31 23:02:35,000 [INFO] Capturing request: https://ts.yedeklinksa35.workers.dev/bein2/tracks-v1a1/2026/05/31/23/02/44-06960.avif
2026-05-31 23:02:35,255 [INFO] 
[3/14]
2026-05-31 23:02:35,255 [INFO] 🔍 beIN Sports 3 → https://atomsportv505.top/matches?id=bein-sports-3
2026-05-31 23:02:35,368 [INFO] Capturing request: https://atomsportv505.top/matches?id=bein-sports-3
2026-05-31 23:02:35,414 [INFO] Capturing response: https://atomsportv505.top/matches?id=bein-sports-3 200 
2026-05-31 23:02:35,433 [INFO] Capturing request: https://atomsportv505.top/cdn-cgi/rum?
2026-05-31 23:02:35,461 [INFO] Capturing request: https://atomsportv505.top/cdn-cgi/rum?
2026-05-31 23:02:35,553 [INFO] Capturing request: https://teletv5.top/load/yayinlink.php?id=bein-sports-3
2026-05-31 23:02:35,565 [INFO] Capturing request: https://atomsportv505.top/favicon.ico
2026-05-31 23:02:35,570 [INFO] Capturing response: https://atomsportv505.top/cdn-cgi/rum? 204 
2026-05-31 23:02:35,602 [INFO] Capturing response: https://atomsportv505.top/favicon.ico 200 
2026-05-31 23:02:35,621 [INFO] Capturing response: https://atomsportv505.top/cdn-cgi/rum? 204 
2026-05-31 23:02:35,648 [INFO] Capturing request: https://streamsport365.com/cinema
2026-05-31 23:02:35,709 [INFO] Capturing response: https://teletv5.top/load/yayinlink.php?id=bein-sports-3 200 
2026-05-31 23:02:35,797 [INFO] Capturing response: https://ts.yedeklinksa35.workers.dev/bein2/tracks-v1a1/2026/05/31/23/02/44-06960.avif 200 
2026-05-31 23:02:35,892 [INFO] Capturing response: https://streamsport365.com/cinema 200 
2026-05-31 23:02:55,900 [INFO] Capturing request: https://android.clients.google.com/c2dm/register3
2026-05-31 23:02:55,956 [INFO] Capturing response: https://android.clients.google.com/c2dm/register3 301 
2026-05-31 23:03:08,768 [WARNING]   ❌ beIN Sports 3 için M3U8 bulunamadı
2026-05-31 23:03:09,768 [INFO] 
[4/14]
2026-05-31 23:03:09,768 [INFO] 🔍 beIN Sports 4 → https://atomsportv505.top/matches?id=bein-sports-4
2026-05-31 23:03:09,877 [INFO] Capturing request: https://atomsportv505.top/matches?id=bein-sports-4
2026-05-31 23:03:10,344 [INFO] Capturing response: https://atomsportv505.top/matches?id=bein-sports-4 200 
2026-05-31 23:03:10,352 [INFO] Capturing request: https://atomsportv505.top/cdn-cgi/rum?
2026-05-31 23:03:10,381 [INFO] Capturing request: https://atomsportv505.top/cdn-cgi/rum?
2026-05-31 23:03:10,472 [INFO] Capturing response: https://atomsportv505.top/cdn-cgi/rum? 204 
2026-05-31 23:03:10,474 [INFO] Capturing request: https://teletv5.top/load/yayinlink.php?id=bein-sports-4
2026-05-31 23:03:10,482 [INFO] Capturing request: https://atomsportv505.top/favicon.ico
2026-05-31 23:03:10,519 [INFO] Capturing response: https://atomsportv505.top/favicon.ico 200 
2026-05-31 23:03:10,538 [INFO] Capturing response: https://atomsportv505.top/cdn-cgi/rum? 204 
2026-05-31 23:03:10,577 [INFO] Capturing request: https://streamsport365.com/cinema
2026-05-31 23:03:10,637 [INFO] Capturing response: https://teletv5.top/load/yayinlink.php?id=bein-sports-4 200 
2026-05-31 23:03:10,817 [INFO] Capturing response: https://streamsport365.com/cinema 200 
2026-05-31 23:03:26,127 [INFO] Capturing request: https://update.googleapis.com/service/update2/json?cup2key=16:lh4aG3iIed8xQeLb6fpvxjYOckuMdbhWDcq6a853EoA&cup2hreq=d832d99a242d5faed3039999e7f60c2d60b2179b508dde25e6b90d681359f247
2026-05-31 23:03:26,159 [INFO] Capturing response: https://update.googleapis.com/service/update2/json?cup2key=16:lh4aG3iIed8xQeLb6fpvxjYOckuMdbhWDcq6a853EoA&cup2hreq=d832d99a242d5faed3039999e7f60c2d60b2179b508dde25e6b90d681359f247 200 
2026-05-31 23:03:26,168 [INFO] Capturing request: http://edgedl.me.gvt1.com/edgedl/diffgen-puffin/gcmjkmgdlgnkkcocmoeiminaijmmjnii/71d926df14cb4c89c6f8f88e6c0bfcf6fe1e1a256ca7f8db04002a111af4c5b0
2026-05-31 23:03:26,195 [INFO] Capturing response: http://edgedl.me.gvt1.com/edgedl/diffgen-puffin/gcmjkmgdlgnkkcocmoeiminaijmmjnii/71d926df14cb4c89c6f8f88e6c0bfcf6fe1e1a256ca7f8db04002a111af4c5b0 200 OK
2026-05-31 23:03:26,223 [INFO] Capturing request: https://update.googleapis.com/service/update2/json
2026-05-31 23:03:26,253 [INFO] Capturing response: https://update.googleapis.com/service/update2/json 200 
2026-05-31 23:03:26,297 [INFO] Capturing request: http://edgedl.me.gvt1.com/edgedl/release2/chrome_component/admcnmesx7fo4j2vx25fo3lhjz2a_10559/hfnkpimlhhgieaddgfemjhofmfblmnib_10559_all_addiwfngcemuu7hufieo2ilq6y2a.crx3
2026-05-31 23:03:26,342 [INFO] Capturing response: http://edgedl.me.gvt1.com/edgedl/release2/chrome_component/admcnmesx7fo4j2vx25fo3lhjz2a_10559/hfnkpimlhhgieaddgfemjhofmfblmnib_10559_all_addiwfngcemuu7hufieo2ilq6y2a.crx3 200 OK
2026-05-31 23:03:26,375 [INFO] Capturing request: https://update.googleapis.com/service/update2/json
2026-05-31 23:03:26,403 [INFO] Capturing response: https://update.googleapis.com/service/update2/json 200 
2026-05-31 23:03:43,674 [WARNING]   ❌ beIN Sports 4 için M3U8 bulunamadı
2026-05-31 23:03:44,674 [INFO] 
[5/14]
2026-05-31 23:03:44,674 [INFO] 🔍 beIN Sports 5 → https://atomsportv505.top/matches?id=bein-sports-5
2026-05-31 23:03:44,824 [INFO] Capturing request: https://atomsportv505.top/matches?id=bein-sports-5
2026-05-31 23:03:45,083 [INFO] Capturing response: https://atomsportv505.top/matches?id=bein-sports-5 200 
2026-05-31 23:03:45,093 [INFO] Capturing request: https://atomsportv505.top/cdn-cgi/rum?
2026-05-31 23:03:45,124 [INFO] Capturing request: https://atomsportv505.top/cdn-cgi/rum?
2026-05-31 23:03:45,210 [INFO] Capturing response: https://atomsportv505.top/cdn-cgi/rum? 204 
2026-05-31 23:03:45,232 [INFO] Capturing request: https://atomsportv505.top/favicon.ico
2026-05-31 23:03:45,268 [INFO] Capturing response: https://atomsportv505.top/favicon.ico 200 
2026-05-31 23:03:45,273 [INFO] Capturing request: https://teletv5.top/load/yayinlink.php?id=bein-sports-5
2026-05-31 23:03:45,283 [INFO] Capturing response: https://atomsportv505.top/cdn-cgi/rum? 204 
2026-05-31 23:03:45,585 [INFO] Capturing response: https://teletv5.top/load/yayinlink.php?id=bein-sports-5 200 
2026-05-31 23:03:45,644 [INFO] Capturing request: https://streamsport365.com/cinema
2026-05-31 23:03:45,883 [INFO] Capturing response: https://streamsport365.com/cinema 200 
2026-05-31 23:03:49,341 [INFO] Capturing request: https://android.clients.google.com/c2dm/register3
2026-05-31 23:03:49,405 [INFO] Capturing response: https://android.clients.google.com/c2dm/register3 301 
2026-05-31 23:04:18,401 [WARNING]   ❌ beIN Sports 5 için M3U8 bulunamadı
2026-05-31 23:04:19,402 [INFO] 
[6/14]
2026-05-31 23:04:19,402 [INFO] 🔍 beIN Sports Max 1 → https://atomsportv505.top/matches?id=bein-sports-max-1
2026-05-31 23:04:19,513 [INFO] Capturing request: https://atomsportv505.top/assets/js/clappr.js
2026-05-31 23:04:19,515 [INFO] Capturing request: https://atomsportv505.top/matches?id=bein-sports-max-1
2026-05-31 23:04:19,538 [INFO] Capturing response: https://atomsportv505.top/assets/js/clappr.js 200 
2026-05-31 23:04:19,787 [INFO] Capturing response: https://atomsportv505.top/matches?id=bein-sports-max-1 200 
2026-05-31 23:04:19,801 [INFO] Capturing request: https://atomsportv505.top/cdn-cgi/rum?
2026-05-31 23:04:19,832 [INFO] Capturing request: https://atomsportv505.top/cdn-cgi/rum?
2026-05-31 23:04:19,917 [INFO] Capturing response: https://atomsportv505.top/cdn-cgi/rum? 204 
2026-05-31 23:04:19,931 [INFO] Capturing request: https://teletv5.top/load/yayinlink.php?id=bein-sports-max-1
2026-05-31 23:04:19,936 [INFO] Capturing request: https://atomsportv505.top/favicon.ico
2026-05-31 23:04:19,980 [INFO] Capturing response: https://atomsportv505.top/favicon.ico 200 
2026-05-31 23:04:19,991 [INFO] Capturing response: https://atomsportv505.top/cdn-cgi/rum? 204 
2026-05-31 23:04:20,021 [INFO] Capturing request: https://streamsport365.com/cinema
2026-05-31 23:04:20,156 [INFO] Capturing response: https://teletv5.top/load/yayinlink.php?id=bein-sports-max-1 200 
2026-05-31 23:04:20,260 [INFO] Capturing response: https://streamsport365.com/cinema 200 
2026-05-31 23:04:53,106 [WARNING]   ❌ beIN Sports Max 1 için M3U8 bulunamadı
2026-05-31 23:04:54,106 [INFO] 
[7/14]
2026-05-31 23:04:54,107 [INFO] 🔍 beIN Sports Max 2 → https://atomsportv505.top/matches?id=bein-sports-max-2
2026-05-31 23:04:54,217 [INFO] Capturing request: https://atomsportv505.top/assets/js/clappr.js
2026-05-31 23:04:54,218 [INFO] Capturing request: https://atomsportv505.top/matches?id=bein-sports-max-2
2026-05-31 23:04:54,237 [INFO] Capturing response: https://atomsportv505.top/assets/js/clappr.js 200 
2026-05-31 23:04:54,487 [INFO] Capturing response: https://atomsportv505.top/matches?id=bein-sports-max-2 200 
2026-05-31 23:04:54,497 [INFO] Capturing request: https://atomsportv505.top/cdn-cgi/rum?
2026-05-31 23:04:54,528 [INFO] Capturing request: https://atomsportv505.top/cdn-cgi/rum?
2026-05-31 23:04:54,613 [INFO] Capturing response: https://atomsportv505.top/cdn-cgi/rum? 204 
2026-05-31 23:04:54,625 [INFO] Capturing request: https://teletv5.top/load/yayinlink.php?id=bein-sports-max-2
2026-05-31 23:04:54,634 [INFO] Capturing request: https://atomsportv505.top/favicon.ico
2026-05-31 23:04:54,669 [INFO] Capturing response: https://atomsportv505.top/favicon.ico 200 
2026-05-31 23:04:54,686 [INFO] Capturing response: https://atomsportv505.top/cdn-cgi/rum? 204 
2026-05-31 23:04:54,716 [INFO] Capturing request: https://streamsport365.com/cinema
2026-05-31 23:04:54,779 [INFO] Capturing response: https://teletv5.top/load/yayinlink.php?id=bein-sports-max-2 200 
2026-05-31 23:04:54,953 [INFO] Capturing response: https://streamsport365.com/cinema 200 
2026-05-31 23:05:25,635 [INFO] Capturing request: https://android.clients.google.com/c2dm/register3
2026-05-31 23:05:25,698 [INFO] Capturing response: https://android.clients.google.com/c2dm/register3 301 
2026-05-31 23:05:27,804 [WARNING]   ❌ beIN Sports Max 2 için M3U8 bulunamadı
2026-05-31 23:05:28,805 [INFO] 
[8/14]
2026-05-31 23:05:28,805 [INFO] 🔍 S Sport → https://atomsportv505.top/matches?id=s-sport
2026-05-31 23:05:28,913 [INFO] Capturing request: https://atomsportv505.top/assets/js/clappr.js
2026-05-31 23:05:28,915 [INFO] Capturing request: https://atomsportv505.top/matches?id=s-sport
2026-05-31 23:05:28,932 [INFO] Capturing response: https://atomsportv505.top/assets/js/clappr.js 200 
2026-05-31 23:05:29,169 [INFO] Capturing response: https://atomsportv505.top/matches?id=s-sport 200 
2026-05-31 23:05:29,179 [INFO] Capturing request: https://atomsportv505.top/cdn-cgi/rum?
2026-05-31 23:05:29,204 [INFO] Capturing request: https://atomsportv505.top/cdn-cgi/rum?
2026-05-31 23:05:29,298 [INFO] Capturing response: https://atomsportv505.top/cdn-cgi/rum? 204 
2026-05-31 23:05:29,299 [INFO] Capturing request: https://teletv5.top/load/yayinlink.php?id=s-sport
2026-05-31 23:05:29,307 [INFO] Capturing request: https://atomsportv505.top/favicon.ico
2026-05-31 23:05:29,356 [INFO] Capturing response: https://atomsportv505.top/favicon.ico 200 
2026-05-31 23:05:29,360 [INFO] Capturing response: https://atomsportv505.top/cdn-cgi/rum? 204 
2026-05-31 23:05:29,394 [INFO] Capturing request: https://streamsport365.com/cinema
2026-05-31 23:05:29,455 [INFO] Capturing response: https://teletv5.top/load/yayinlink.php?id=s-sport 200 
2026-05-31 23:05:29,637 [INFO] Capturing response: https://streamsport365.com/cinema 200 
2026-05-31 23:05:29,754 [INFO] Capturing request: https://atomsportv505.top/assets/img/player_logo_6880e4e4c52ee.png
2026-05-31 23:05:29,796 [INFO] Capturing response: https://atomsportv505.top/assets/img/player_logo_6880e4e4c52ee.png 200 
2026-05-31 23:05:29,798 [INFO] Capturing request: https://hlssssssssssssssssss.yedeklinksa35.workers.dev/https://corestream.ronaldovurdu.help//s-sportt/tracks-v1a1/mono.m3u8
2026-05-31 23:05:29,954 [INFO] Capturing response: https://hlssssssssssssssssss.yedeklinksa35.workers.dev/https://corestream.ronaldovurdu.help//s-sportt/tracks-v1a1/mono.m3u8 200 
2026-05-31 23:05:30,146 [INFO] Capturing request: https://ts.yedeklinksa35.workers.dev/s-sportt/tracks-v1a1/2026/05/31/23/05/57-06000.avif
2026-05-31 23:05:30,770 [INFO] Capturing response: https://ts.yedeklinksa35.workers.dev/s-sportt/tracks-v1a1/2026/05/31/23/05/57-06000.avif 200 
2026-05-31 23:05:30,993 [INFO] Capturing request: https://ts.yedeklinksa35.workers.dev/s-sportt/tracks-v1a1/2026/05/31/23/06/03-06000.avif
2026-05-31 23:05:31,593 [INFO] Capturing response: https://ts.yedeklinksa35.workers.dev/s-sportt/tracks-v1a1/2026/05/31/23/06/03-06000.avif 200 
2026-05-31 23:05:31,838 [INFO] Capturing request: https://ts.yedeklinksa35.workers.dev/s-sportt/tracks-v1a1/2026/05/31/23/06/09-06000.avif
2026-05-31 23:05:32,226 [INFO]   ✅ M3U8 bulundu: https://hlssssssssssssssssss.yedeklinksa35.workers.dev/https://corestream.ronaldovurdu.help//s-sportt/tracks-v1a1/mono.m3u8
2026-05-31 23:05:32,330 [INFO] Capturing response: https://ts.yedeklinksa35.workers.dev/s-sportt/tracks-v1a1/2026/05/31/23/06/09-06000.avif 200 
2026-05-31 23:05:33,227 [INFO] 
[9/14]
2026-05-31 23:05:33,227 [INFO] 🔍 S Sport 2 → https://atomsportv505.top/matches?id=s-sport-2
2026-05-31 23:05:33,337 [INFO] Capturing request: https://atomsportv505.top/assets/js/clappr.js
2026-05-31 23:05:33,338 [INFO] Capturing request: https://atomsportv505.top/matches?id=s-sport-2
2026-05-31 23:05:33,360 [INFO] Capturing response: https://atomsportv505.top/assets/js/clappr.js 200 
2026-05-31 23:05:33,388 [INFO] Capturing response: https://atomsportv505.top/matches?id=s-sport-2 200 
2026-05-31 23:05:33,398 [INFO] Capturing request: https://atomsportv505.top/cdn-cgi/rum?
2026-05-31 23:05:33,435 [INFO] Capturing request: https://streamsport365.com/cinema
2026-05-31 23:05:33,440 [INFO] Capturing request: https://atomsportv505.top/cdn-cgi/rum?
2026-05-31 23:05:33,527 [INFO] Capturing request: https://teletv5.top/load/yayinlink.php?id=s-sport-2
2026-05-31 23:05:33,541 [INFO] Capturing request: https://atomsportv505.top/favicon.ico
2026-05-31 23:05:33,550 [INFO] Capturing response: https://atomsportv505.top/cdn-cgi/rum? 204 
2026-05-31 23:05:33,554 [INFO] Capturing response: https://atomsportv505.top/cdn-cgi/rum? 204 
2026-05-31 23:05:33,576 [INFO] Capturing response: https://atomsportv505.top/favicon.ico 200 
2026-05-31 23:05:33,679 [INFO] Capturing response: https://streamsport365.com/cinema 200 
2026-05-31 23:05:33,681 [INFO] Capturing response: https://teletv5.top/load/yayinlink.php?id=s-sport-2 200 
2026-05-31 23:05:33,841 [INFO] Capturing request: https://hlssssssssssssssssss.yedeklinksa35.workers.dev/https://corestream.ronaldovurdu.help//s-sport2/tracks-v1a1/mono.m3u8
2026-05-31 23:05:33,992 [INFO] Capturing response: https://hlssssssssssssssssss.yedeklinksa35.workers.dev/https://corestream.ronaldovurdu.help//s-sport2/tracks-v1a1/mono.m3u8 200 
2026-05-31 23:05:34,101 [INFO] Capturing request: https://ts.yedeklinksa35.workers.dev/s-sport2/tracks-v1a1/2026/05/31/23/06/21-10000.avif
2026-05-31 23:05:34,915 [INFO] Capturing response: https://ts.yedeklinksa35.workers.dev/s-sport2/tracks-v1a1/2026/05/31/23/06/21-10000.avif 200 
2026-05-31 23:05:35,193 [INFO] Capturing request: https://ts.yedeklinksa35.workers.dev/s-sport2/tracks-v1a1/2026/05/31/23/06/31-10000.avif
2026-05-31 23:05:36,029 [INFO] Capturing response: https://ts.yedeklinksa35.workers.dev/s-sport2/tracks-v1a1/2026/05/31/23/06/31-10000.avif 200 
2026-05-31 23:05:36,319 [INFO] Capturing request: https://ts.yedeklinksa35.workers.dev/s-sport2/tracks-v1a1/2026/05/31/23/06/41-10000.avif
2026-05-31 23:05:36,460 [INFO]   ✅ M3U8 bulundu: https://hlssssssssssssssssss.yedeklinksa35.workers.dev/https://corestream.ronaldovurdu.help//s-sport2/tracks-v1a1/mono.m3u8
2026-05-31 23:05:37,207 [INFO] Capturing response: https://ts.yedeklinksa35.workers.dev/s-sport2/tracks-v1a1/2026/05/31/23/06/41-10000.avif 200 
2026-05-31 23:05:37,461 [INFO] 
[10/14]
2026-05-31 23:05:37,461 [INFO] 🔍 A Spor → https://atomsportv505.top/matches?id=a-spor
2026-05-31 23:05:37,572 [INFO] Capturing request: https://atomsportv505.top/assets/js/clappr.js
2026-05-31 23:05:37,573 [INFO] Capturing request: https://atomsportv505.top/matches?id=a-spor
2026-05-31 23:05:37,592 [INFO] Capturing response: https://atomsportv505.top/assets/js/clappr.js 200 
2026-05-31 23:05:37,632 [INFO] Capturing response: https://atomsportv505.top/matches?id=a-spor 200 
2026-05-31 23:05:37,641 [INFO] Capturing request: https://atomsportv505.top/cdn-cgi/rum?
2026-05-31 23:05:37,667 [INFO] Capturing request: https://atomsportv505.top/cdn-cgi/rum?
2026-05-31 23:05:37,764 [INFO] Capturing request: https://teletv5.top/load/yayinlink.php?id=a-spor
2026-05-31 23:05:37,771 [INFO] Capturing request: https://atomsportv505.top/favicon.ico
2026-05-31 23:05:37,779 [INFO] Capturing response: https://atomsportv505.top/cdn-cgi/rum? 204 
2026-05-31 23:05:37,784 [INFO] Capturing response: https://atomsportv505.top/cdn-cgi/rum? 204 
2026-05-31 23:05:37,800 [INFO] Capturing response: https://atomsportv505.top/favicon.ico 200 
2026-05-31 23:05:37,859 [INFO] Capturing request: https://streamsport365.com/cinema
2026-05-31 23:05:37,919 [INFO] Capturing response: https://teletv5.top/load/yayinlink.php?id=a-spor 200 
2026-05-31 23:05:38,096 [INFO] Capturing response: https://streamsport365.com/cinema 200 
2026-05-31 23:05:38,217 [INFO] Capturing request: https://hlssssssssssssssssss.yedeklinksa35.workers.dev/https://corestream.ronaldovurdu.help//aspor/tracks-v1a1/mono.m3u8
2026-05-31 23:05:38,346 [INFO] Capturing response: https://hlssssssssssssssssss.yedeklinksa35.workers.dev/https://corestream.ronaldovurdu.help//aspor/tracks-v1a1/mono.m3u8 404 
2026-05-31 23:05:40,682 [INFO]   ✅ M3U8 bulundu: https://hlssssssssssssssssss.yedeklinksa35.workers.dev/https://corestream.ronaldovurdu.help//aspor/tracks-v1a1/mono.m3u8
2026-05-31 23:05:41,683 [INFO] 
[11/14]
2026-05-31 23:05:41,683 [INFO] 🔍 Tivibu Spor 1 → https://atomsportv505.top/matches?id=tivibu-spor-1
2026-05-31 23:05:41,792 [INFO] Capturing request: https://atomsportv505.top/assets/js/clappr.js
2026-05-31 23:05:41,793 [INFO] Capturing request: https://atomsportv505.top/matches?id=tivibu-spor-1
2026-05-31 23:05:41,811 [INFO] Capturing response: https://atomsportv505.top/assets/js/clappr.js 200 
2026-05-31 23:05:41,849 [INFO] Capturing response: https://atomsportv505.top/matches?id=tivibu-spor-1 200 
2026-05-31 23:05:41,858 [INFO] Capturing request: https://atomsportv505.top/cdn-cgi/rum?
2026-05-31 23:05:41,887 [INFO] Capturing request: https://streamsport365.com/cinema
2026-05-31 23:05:41,891 [INFO] Capturing request: https://atomsportv505.top/cdn-cgi/rum?
2026-05-31 23:05:41,981 [INFO] Capturing request: https://teletv5.top/load/yayinlink.php?id=tivibu-spor-1
2026-05-31 23:05:41,993 [INFO] Capturing request: https://atomsportv505.top/favicon.ico
2026-05-31 23:05:42,003 [INFO] Capturing response: https://atomsportv505.top/cdn-cgi/rum? 204 
2026-05-31 23:05:42,008 [INFO] Capturing response: https://atomsportv505.top/cdn-cgi/rum? 204 
2026-05-31 23:05:42,024 [INFO] Capturing response: https://atomsportv505.top/favicon.ico 200 
2026-05-31 23:05:42,134 [INFO] Capturing response: https://teletv5.top/load/yayinlink.php?id=tivibu-spor-1 200 
2026-05-31 23:05:42,136 [INFO] Capturing response: https://streamsport365.com/cinema 200 
2026-05-31 23:06:15,166 [WARNING]   ❌ Tivibu Spor 1 için M3U8 bulunamadı
2026-05-31 23:06:16,167 [INFO] 
[12/14]
2026-05-31 23:06:16,167 [INFO] 🔍 Tivibu Spor 2 → https://atomsportv505.top/matches?id=tivibu-spor-2
2026-05-31 23:06:16,275 [INFO] Capturing request: https://atomsportv505.top/assets/js/clappr.js
2026-05-31 23:06:16,278 [INFO] Capturing request: https://atomsportv505.top/matches?id=tivibu-spor-2
2026-05-31 23:06:16,295 [INFO] Capturing response: https://atomsportv505.top/assets/js/clappr.js 200 
2026-05-31 23:06:16,535 [INFO] Capturing response: https://atomsportv505.top/matches?id=tivibu-spor-2 200 
2026-05-31 23:06:16,545 [INFO] Capturing request: https://atomsportv505.top/cdn-cgi/rum?
2026-05-31 23:06:16,574 [INFO] Capturing request: https://atomsportv505.top/cdn-cgi/rum?
2026-05-31 23:06:16,663 [INFO] Capturing response: https://atomsportv505.top/cdn-cgi/rum? 204 
2026-05-31 23:06:16,668 [INFO] Capturing request: https://teletv5.top/load/yayinlink.php?id=tivibu-spor-2
2026-05-31 23:06:16,677 [INFO] Capturing request: https://atomsportv505.top/favicon.ico
2026-05-31 23:06:16,717 [INFO] Capturing response: https://atomsportv505.top/favicon.ico 200 
2026-05-31 23:06:16,732 [INFO] Capturing response: https://atomsportv505.top/cdn-cgi/rum? 204 
2026-05-31 23:06:16,760 [INFO] Capturing request: https://streamsport365.com/cinema
2026-05-31 23:06:16,822 [INFO] Capturing response: https://teletv5.top/load/yayinlink.php?id=tivibu-spor-2 200 
2026-05-31 23:06:16,992 [INFO] Capturing response: https://streamsport365.com/cinema 200 
2026-05-31 23:06:49,855 [WARNING]   ❌ Tivibu Spor 2 için M3U8 bulunamadı
2026-05-31 23:06:50,855 [INFO] 
[13/14]
2026-05-31 23:06:50,855 [INFO] 🔍 Tivibu Spor 3 → https://atomsportv505.top/matches?id=tivibu-spor-3
2026-05-31 23:06:50,965 [INFO] Capturing request: https://atomsportv505.top/assets/js/clappr.js
2026-05-31 23:06:50,965 [INFO] Capturing request: https://atomsportv505.top/matches?id=tivibu-spor-3
2026-05-31 23:06:50,988 [INFO] Capturing response: https://atomsportv505.top/assets/js/clappr.js 200 
2026-05-31 23:06:51,230 [INFO] Capturing response: https://atomsportv505.top/matches?id=tivibu-spor-3 200 
2026-05-31 23:06:51,241 [INFO] Capturing request: https://atomsportv505.top/cdn-cgi/rum?
2026-05-31 23:06:51,268 [INFO] Capturing request: https://atomsportv505.top/cdn-cgi/rum?
2026-05-31 23:06:51,357 [INFO] Capturing response: https://atomsportv505.top/cdn-cgi/rum? 204 
2026-05-31 23:06:51,363 [INFO] Capturing request: https://teletv5.top/load/yayinlink.php?id=tivibu-spor-3
2026-05-31 23:06:51,373 [INFO] Capturing request: https://atomsportv505.top/favicon.ico
2026-05-31 23:06:51,407 [INFO] Capturing response: https://atomsportv505.top/favicon.ico 200 
2026-05-31 23:06:51,428 [INFO] Capturing response: https://atomsportv505.top/cdn-cgi/rum? 204 
2026-05-31 23:06:51,463 [INFO] Capturing request: https://streamsport365.com/cinema
2026-05-31 23:06:51,519 [INFO] Capturing response: https://teletv5.top/load/yayinlink.php?id=tivibu-spor-3 200 
2026-05-31 23:06:51,698 [INFO] Capturing response: https://streamsport365.com/cinema 200 
2026-05-31 23:07:24,546 [WARNING]   ❌ Tivibu Spor 3 için M3U8 bulunamadı
2026-05-31 23:07:25,546 [INFO] 
[14/14]
2026-05-31 23:07:25,546 [INFO] 🔍 Tivibu Spor 4 → https://atomsportv505.top/matches?id=tivibu-spor-4
2026-05-31 23:07:25,654 [INFO] Capturing request: https://atomsportv505.top/assets/js/clappr.js
2026-05-31 23:07:25,656 [INFO] Capturing request: https://atomsportv505.top/matches?id=tivibu-spor-4
2026-05-31 23:07:25,674 [INFO] Capturing response: https://atomsportv505.top/assets/js/clappr.js 200 
2026-05-31 23:07:25,918 [INFO] Capturing response: https://atomsportv505.top/matches?id=tivibu-spor-4 200 
2026-05-31 23:07:25,928 [INFO] Capturing request: https://atomsportv505.top/cdn-cgi/rum?
2026-05-31 23:07:25,959 [INFO] Capturing request: https://atomsportv505.top/cdn-cgi/rum?
2026-05-31 23:07:26,046 [INFO] Capturing response: https://atomsportv505.top/cdn-cgi/rum? 204 
2026-05-31 23:07:26,056 [INFO] Capturing request: https://teletv5.top/load/yayinlink.php?id=tivibu-spor-4
2026-05-31 23:07:26,060 [INFO] Capturing request: https://atomsportv505.top/favicon.ico
2026-05-31 23:07:26,095 [INFO] Capturing response: https://atomsportv505.top/favicon.ico 200 
2026-05-31 23:07:26,117 [INFO] Capturing response: https://atomsportv505.top/cdn-cgi/rum? 204 
2026-05-31 23:07:26,152 [INFO] Capturing request: https://streamsport365.com/cinema
2026-05-31 23:07:26,215 [INFO] Capturing response: https://teletv5.top/load/yayinlink.php?id=tivibu-spor-4 200 
2026-05-31 23:07:26,399 [INFO] Capturing response: https://streamsport365.com/cinema 200 
2026-05-31 23:07:59,236 [WARNING]   ❌ Tivibu Spor 4 için M3U8 bulunamadı
2026-05-31 23:08:00,303 [INFO] ✅ 5 kanal bulundu, playlist.m3u kaydedildi
