2026-04-19 16:45:24,351 [INFO] 🔎 Domain aralığı taranıyor: atomsportv490.top - atomsportv520.top
2026-04-19 16:45:25,679 [INFO]   ✅ Aktif domain bulundu: https://atomsportv498.top
2026-04-19 16:45:25,680 [INFO] 🌐 Kullanılan BASE_URL: https://atomsportv498.top
2026-04-19 16:45:26,828 [INFO] ✅ SeleniumWire aktif
2026-04-19 16:45:26,830 [INFO] =======================================================
2026-04-19 16:45:26,830 [INFO]    M3U8 Scraper
2026-04-19 16:45:26,830 [INFO]    Base URL : https://atomsportv498.top
2026-04-19 16:45:26,830 [INFO]    Toplam   : 13 sayfa
2026-04-19 16:45:26,830 [INFO] =======================================================
2026-04-19 16:45:26,830 [INFO] 🔧 Driver başlatılıyor...
2026-04-19 16:45:27,560 [INFO] ✅ Driver başlatıldı
2026-04-19 16:45:27,560 [INFO] 
[1/13]
2026-04-19 16:45:27,560 [INFO] 
──────────────────────────────────────────────────
2026-04-19 16:45:27,560 [INFO] 🔍 beIN Sports 1 → https://atomsportv498.top/matches?id=bein-sports-1
2026-04-19 16:45:27,560 [INFO] ──────────────────────────────────────────────────
2026-04-19 16:45:59,753 [INFO]   📡 M3U8 bekleniyor (max 8s)...
2026-04-19 16:45:59,761 [INFO]   🎯 DOĞRU kanal bulundu: https://hlssssssssssss.vipescgidiyom.workers.dev/https://corestream.ronaldovurdu.help//hls/bein-sports-11.m3u8
2026-04-19 16:45:59,762 [INFO]   ✅ beIN Sports 1: https://hlssssssssssss.vipescgidiyom.workers.dev/https://corestream.ronaldovurdu.help//hls/bein-sports-11.m3u8
2026-04-19 16:46:00,762 [INFO] 
[2/13]
2026-04-19 16:46:00,762 [INFO] 
──────────────────────────────────────────────────
2026-04-19 16:46:00,762 [INFO] 🔍 beIN Sports 2 → https://atomsportv498.top/matches?id=bein-sports-2
2026-04-19 16:46:00,763 [INFO] ──────────────────────────────────────────────────
2026-04-19 16:46:32,959 [INFO]   📡 M3U8 bekleniyor (max 8s)...
2026-04-19 16:46:32,974 [INFO]   🎯 DOĞRU kanal bulundu: https://hlssssssssssss.vipescgidiyom.workers.dev/https://corestream.ronaldovurdu.help//hls/bein-sports-2.m3u8
2026-04-19 16:46:32,975 [INFO]   ✅ beIN Sports 2: https://hlssssssssssss.vipescgidiyom.workers.dev/https://corestream.ronaldovurdu.help//hls/bein-sports-2.m3u8
2026-04-19 16:46:33,975 [INFO] 
[3/13]
2026-04-19 16:46:33,977 [INFO] 
──────────────────────────────────────────────────
2026-04-19 16:46:33,977 [INFO] 🔍 beIN Sports 3 → https://atomsportv498.top/matches?id=bein-sports-3
2026-04-19 16:46:33,977 [INFO] ──────────────────────────────────────────────────
2026-04-19 16:47:06,076 [INFO]   📡 M3U8 bekleniyor (max 8s)...
2026-04-19 16:47:06,081 [INFO]   🎯 DOĞRU kanal bulundu: https://hlssssssssssss.vipescgidiyom.workers.dev/https://corestream.ronaldovurdu.help//hls/bein-sports-3.m3u8
2026-04-19 16:47:06,082 [INFO]   ✅ beIN Sports 3: https://hlssssssssssss.vipescgidiyom.workers.dev/https://corestream.ronaldovurdu.help//hls/bein-sports-3.m3u8
2026-04-19 16:47:07,082 [INFO] 
[4/13]
2026-04-19 16:47:07,082 [INFO] 
──────────────────────────────────────────────────
2026-04-19 16:47:07,082 [INFO] 🔍 beIN Sports 4 → https://atomsportv498.top/matches?id=bein-sports-4
2026-04-19 16:47:07,082 [INFO] ──────────────────────────────────────────────────
2026-04-19 16:47:39,051 [INFO]   📡 M3U8 bekleniyor (max 8s)...
2026-04-19 16:47:39,060 [INFO]   🎯 DOĞRU kanal bulundu: https://hlssssssssssss.vipescgidiyom.workers.dev/https://corestream.ronaldovurdu.help//hls/bein-sports-4.m3u8
2026-04-19 16:47:39,061 [INFO]   ✅ beIN Sports 4: https://hlssssssssssss.vipescgidiyom.workers.dev/https://corestream.ronaldovurdu.help//hls/bein-sports-4.m3u8
2026-04-19 16:47:40,061 [INFO] 
[5/13]
2026-04-19 16:47:40,061 [INFO] 
──────────────────────────────────────────────────
2026-04-19 16:47:40,061 [INFO] 🔍 beIN Sports 5 → https://atomsportv498.top/matches?id=bein-sports-5
2026-04-19 16:47:40,061 [INFO] ──────────────────────────────────────────────────
2026-04-19 16:48:12,072 [INFO]   📡 M3U8 bekleniyor (max 8s)...
2026-04-19 16:48:12,092 [INFO]   🎯 DOĞRU kanal bulundu: https://hlssssssssssss.vipescgidiyom.workers.dev/https://corestream.ronaldovurdu.help//hls/bein-sports-5.m3u8
2026-04-19 16:48:12,094 [INFO]   ✅ beIN Sports 5: https://hlssssssssssss.vipescgidiyom.workers.dev/https://corestream.ronaldovurdu.help//hls/bein-sports-5.m3u8
2026-04-19 16:48:13,094 [INFO] 
[6/13]
2026-04-19 16:48:13,094 [INFO] 
──────────────────────────────────────────────────
2026-04-19 16:48:13,094 [INFO] 🔍 beIN Sports Max 1 → https://atomsportv498.top/matches?id=bein-sports-max-1
2026-04-19 16:48:13,094 [INFO] ──────────────────────────────────────────────────
2026-04-19 16:48:45,075 [INFO]   📡 M3U8 bekleniyor (max 8s)...
2026-04-19 16:48:45,088 [INFO]   🎯 DOĞRU kanal bulundu: https://hlssssssssssss.vipescgidiyom.workers.dev/https://corestream.ronaldovurdu.help//hls/bein-sports-max-1.m3u8
2026-04-19 16:48:45,090 [INFO]   ✅ beIN Sports Max 1: https://hlssssssssssss.vipescgidiyom.workers.dev/https://corestream.ronaldovurdu.help//hls/bein-sports-max-1.m3u8
2026-04-19 16:48:46,090 [INFO] 
[7/13]
2026-04-19 16:48:46,090 [INFO] 
──────────────────────────────────────────────────
2026-04-19 16:48:46,090 [INFO] 🔍 beIN Sports Max 2 → https://atomsportv498.top/matches?id=bein-sports-max-2
2026-04-19 16:48:46,090 [INFO] ──────────────────────────────────────────────────
2026-04-19 16:49:18,119 [INFO]   📡 M3U8 bekleniyor (max 8s)...
2026-04-19 16:49:18,133 [INFO]   🎯 DOĞRU kanal bulundu: https://hlssssssssssss.vipescgidiyom.workers.dev/https://corestream.ronaldovurdu.help//hls/bein-sports-max-2.m3u8
2026-04-19 16:49:18,135 [INFO]   ✅ beIN Sports Max 2: https://hlssssssssssss.vipescgidiyom.workers.dev/https://corestream.ronaldovurdu.help//hls/bein-sports-max-2.m3u8
2026-04-19 16:49:19,135 [INFO] 
[8/13]
2026-04-19 16:49:19,135 [INFO] 
──────────────────────────────────────────────────
2026-04-19 16:49:19,135 [INFO] 🔍 S Sport → https://atomsportv498.top/matches?id=s-sport
2026-04-19 16:49:19,135 [INFO] ──────────────────────────────────────────────────
2026-04-19 16:49:51,110 [INFO]   📡 M3U8 bekleniyor (max 8s)...
2026-04-19 16:49:51,119 [INFO]   🎯 DOĞRU kanal bulundu: https://hlssssssssssss.vipescgidiyom.workers.dev/https://corestream.ronaldovurdu.help//hls/s-sport.m3u8
2026-04-19 16:49:51,119 [INFO]   ✅ S Sport: https://hlssssssssssss.vipescgidiyom.workers.dev/https://corestream.ronaldovurdu.help//hls/s-sport.m3u8
2026-04-19 16:49:52,120 [INFO] 
[9/13]
2026-04-19 16:49:52,120 [INFO] 
──────────────────────────────────────────────────
2026-04-19 16:49:52,120 [INFO] 🔍 S Sport 2 → https://atomsportv498.top/matches?id=s-sport-2
2026-04-19 16:49:52,120 [INFO] ──────────────────────────────────────────────────
2026-04-19 16:50:24,044 [INFO]   📡 M3U8 bekleniyor (max 8s)...
2026-04-19 16:50:24,049 [INFO]   🎯 DOĞRU kanal bulundu: https://hlssssssssssss.vipescgidiyom.workers.dev/https://corestream.ronaldovurdu.help//hls/s-sport-2.m3u8
2026-04-19 16:50:24,049 [INFO]   ✅ S Sport 2: https://hlssssssssssss.vipescgidiyom.workers.dev/https://corestream.ronaldovurdu.help//hls/s-sport-2.m3u8
2026-04-19 16:50:25,049 [INFO] 
[10/13]
2026-04-19 16:50:25,050 [INFO] 
──────────────────────────────────────────────────
2026-04-19 16:50:25,050 [INFO] 🔍 Tivibu Spor 1 → https://atomsportv498.top/matches?id=tivibu-spor-1
2026-04-19 16:50:25,050 [INFO] ──────────────────────────────────────────────────
2026-04-19 16:50:56,991 [INFO]   📡 M3U8 bekleniyor (max 8s)...
2026-04-19 16:51:05,006 [INFO]   ❌ Tivibu Spor 1: M3U8 bulunamadı
2026-04-19 16:51:06,006 [INFO] 
[11/13]
2026-04-19 16:51:06,006 [INFO] 
──────────────────────────────────────────────────
2026-04-19 16:51:06,006 [INFO] 🔍 Tivibu Spor 2 → https://atomsportv498.top/matches?id=tivibu-spor-2
2026-04-19 16:51:06,006 [INFO] ──────────────────────────────────────────────────
2026-04-19 16:51:37,886 [INFO]   📡 M3U8 bekleniyor (max 8s)...
2026-04-19 16:51:45,897 [INFO]   ❌ Tivibu Spor 2: M3U8 bulunamadı
2026-04-19 16:51:46,897 [INFO] 
[12/13]
2026-04-19 16:51:46,897 [INFO] 
──────────────────────────────────────────────────
2026-04-19 16:51:46,898 [INFO] 🔍 Tivibu Spor 3 → https://atomsportv498.top/matches?id=tivibu-spor-3
2026-04-19 16:51:46,898 [INFO] ──────────────────────────────────────────────────
2026-04-19 16:52:18,793 [INFO]   📡 M3U8 bekleniyor (max 8s)...
2026-04-19 16:52:26,803 [INFO]   ❌ Tivibu Spor 3: M3U8 bulunamadı
2026-04-19 16:52:27,803 [INFO] 
[13/13]
2026-04-19 16:52:27,804 [INFO] 
──────────────────────────────────────────────────
2026-04-19 16:52:27,804 [INFO] 🔍 Tivibu Spor 4 → https://atomsportv498.top/matches?id=tivibu-spor-4
2026-04-19 16:52:27,804 [INFO] ──────────────────────────────────────────────────
2026-04-19 16:52:59,685 [INFO]   📡 M3U8 bekleniyor (max 8s)...
2026-04-19 16:53:07,696 [INFO]   ❌ Tivibu Spor 4: M3U8 bulunamadı
2026-04-19 16:53:08,760 [INFO] 🔒 Driver kapatıldı
2026-04-19 16:53:08,760 [INFO] 
=======================================================
2026-04-19 16:53:08,760 [INFO] 🏁 Tamamlandı!
2026-04-19 16:53:08,760 [INFO] 📺 Kanal : 9/13
2026-04-19 16:53:08,760 [INFO] ⏱️  Süre  : 461.9s
2026-04-19 16:53:08,760 [INFO] =======================================================
2026-04-19 16:53:08,760 [INFO] ✅ playlist.m3u kaydedildi
2026-04-19 16:53:08,760 [INFO] ✅ stats.json kaydedildi
