2026-07-09 20:21:41,063 [INFO] 🌐 BASE_URL: https://atomsportv508.top
2026-07-09 20:21:42,200 [INFO] Başlanıyor... 14 kanal taranacak
2026-07-09 20:21:42,201 [INFO] Using default request storage
2026-07-09 20:21:42,205 [INFO] Created proxy listening on 127.0.0.1:38985
2026-07-09 20:21:42,908 [INFO] Capturing request: http://clients2.google.com/time/1/current?cup2key=10:Glt2xeeLhc_GuG73Q-4dS3PiZXQqGbpmPb_ccwd_9X4&cup2hreq=e3b0c44298fc1c149afbf4c8996fb92427ae41e4649b934ca495991b7852b855
2026-07-09 20:21:42,959 [INFO] Capturing response: http://clients2.google.com/time/1/current?cup2key=10:Glt2xeeLhc_GuG73Q-4dS3PiZXQqGbpmPb_ccwd_9X4&cup2hreq=e3b0c44298fc1c149afbf4c8996fb92427ae41e4649b934ca495991b7852b855 200 OK
2026-07-09 20:21:43,072 [INFO] 
[1/14]
2026-07-09 20:21:43,072 [INFO] 🔍 beIN Sports 1 → https://atomsportv508.top/matches?id=bein-sports-1
2026-07-09 20:21:43,171 [INFO] Capturing request: https://update.googleapis.com/service/update2/json?cup2key=16:mbEn1ugb9hnTlG5DIUy5O_l6zMkiu-Pa1QeVKFeNq3Q&cup2hreq=8a78b267e082158527043b1a18046730cb2a6a7d87761fcae9879cae477fec75
2026-07-09 20:21:43,173 [INFO] Capturing request: https://accounts.google.com/ListAccounts?gpsia=1&source=ChromiumBrowser&json=standard&laf=b64bin
2026-07-09 20:21:43,228 [INFO] Capturing response: https://update.googleapis.com/service/update2/json?cup2key=16:mbEn1ugb9hnTlG5DIUy5O_l6zMkiu-Pa1QeVKFeNq3Q&cup2hreq=8a78b267e082158527043b1a18046730cb2a6a7d87761fcae9879cae477fec75 200 
2026-07-09 20:21:43,268 [INFO] Capturing request: https://atomsportv508.top/matches?id=bein-sports-1
2026-07-09 20:21:43,275 [INFO] Capturing request: https://update.googleapis.com/service/update2/json?cup2key=16:itz9Qsp4vSsv-uJls3apl7r6ukbcuGhUhnwk9dNJRRY&cup2hreq=051d8398ab15d8f2d10bfb5f502ad111e3995c76de3efa44da19a04c6a5cc437
2026-07-09 20:21:43,296 [INFO] Capturing response: https://accounts.google.com/ListAccounts?gpsia=1&source=ChromiumBrowser&json=standard&laf=b64bin 200 
2026-07-09 20:21:43,302 [INFO] Capturing response: https://update.googleapis.com/service/update2/json?cup2key=16:itz9Qsp4vSsv-uJls3apl7r6ukbcuGhUhnwk9dNJRRY&cup2hreq=051d8398ab15d8f2d10bfb5f502ad111e3995c76de3efa44da19a04c6a5cc437 200 
2026-07-09 20:21:43,323 [INFO] Capturing response: https://atomsportv508.top/matches?id=bein-sports-1 200 
2026-07-09 20:21:43,476 [INFO] Capturing request: https://atomsportv508.top/assets/js/clappr.js
2026-07-09 20:21:43,504 [INFO] Capturing response: https://atomsportv508.top/assets/js/clappr.js 200 
2026-07-09 20:21:43,529 [INFO] Capturing request: https://cdn.jsdelivr.net/npm/@clappr/player@latest/dist/clappr.min.js
2026-07-09 20:21:43,536 [INFO] Capturing request: https://cdnjs.cloudflare.com/ajax/libs/jquery/3.2.1/jquery.min.js
2026-07-09 20:21:43,565 [INFO] Capturing response: https://cdnjs.cloudflare.com/ajax/libs/jquery/3.2.1/jquery.min.js 200 
2026-07-09 20:21:43,570 [INFO] Capturing response: https://cdn.jsdelivr.net/npm/@clappr/player@latest/dist/clappr.min.js 200 
2026-07-09 20:21:43,617 [INFO] Capturing request: https://www.google.com/async/folae?async=_fmt:pb&udm=50&client_locale=en-US&client_country=ZZ
2026-07-09 20:21:43,657 [INFO] Capturing response: https://www.google.com/async/folae?async=_fmt:pb&udm=50&client_locale=en-US&client_country=ZZ 200 
2026-07-09 20:21:43,774 [INFO] Capturing request: https://static.cloudflareinsights.com/beacon.min.js/v4513226cdae34746b4dedf0b4dfa099e1781791509496
2026-07-09 20:21:43,788 [INFO] Capturing response: https://static.cloudflareinsights.com/beacon.min.js/v4513226cdae34746b4dedf0b4dfa099e1781791509496 200 
2026-07-09 20:21:43,849 [INFO] Capturing request: https://atomsportv508.top/cdn-cgi/rum?
2026-07-09 20:21:43,954 [INFO] Capturing request: https://atomsportv508.top/favicon.ico
2026-07-09 20:21:43,988 [INFO] Capturing response: https://atomsportv508.top/favicon.ico 200 
2026-07-09 20:21:43,999 [INFO] Capturing response: https://atomsportv508.top/cdn-cgi/rum? 204 
2026-07-09 20:21:44,001 [INFO] Capturing request: https://teletv5.top/load/yayinlink.php?id=bein-sports-1
2026-07-09 20:21:44,455 [INFO] Capturing response: https://teletv5.top/load/yayinlink.php?id=bein-sports-1 200 
2026-07-09 20:21:44,565 [INFO] Capturing request: https://streamsport365.com/cinema
2026-07-09 20:21:44,928 [INFO] Capturing response: https://streamsport365.com/cinema 200 
2026-07-09 20:21:45,058 [INFO] Capturing request: https://atomsportv508.top/assets/img/player_logo_6880e4e4c52ee.png
2026-07-09 20:21:45,089 [INFO] Capturing response: https://atomsportv508.top/assets/img/player_logo_6880e4e4c52ee.png 200 
2026-07-09 20:21:45,130 [INFO] Capturing request: https://hlssssss-wildflower-4845.ugurdurmus9402.workers.dev/https://corestream.taylandakanzi.help//trtspor/tracks-v1a1/mono.m3u8
2026-07-09 20:21:45,331 [INFO] Capturing response: https://hlssssss-wildflower-4845.ugurdurmus9402.workers.dev/https://corestream.taylandakanzi.help//trtspor/tracks-v1a1/mono.m3u8 200 
2026-07-09 20:21:45,488 [INFO] Capturing request: https://hlssssss-wildflower-4845.ugurdurmus9402.workers.dev/https://corestream.taylandakanzi.help//trtspor/tracks-v1a1/2026/07/09/20/21/44-06000.avif
2026-07-09 20:21:45,915 [INFO] Capturing response: https://hlssssss-wildflower-4845.ugurdurmus9402.workers.dev/https://corestream.taylandakanzi.help//trtspor/tracks-v1a1/2026/07/09/20/21/44-06000.avif 200 
2026-07-09 20:21:46,053 [INFO] Capturing request: https://android.clients.google.com/checkin
2026-07-09 20:21:46,174 [INFO] Capturing response: https://android.clients.google.com/checkin 200 
2026-07-09 20:21:46,175 [INFO] Capturing request: https://hlssssss-wildflower-4845.ugurdurmus9402.workers.dev/https://corestream.taylandakanzi.help//trtspor/tracks-v1a1/2026/07/09/20/21/50-06000.avif
2026-07-09 20:21:46,223 [INFO] Capturing request: https://android.clients.google.com/c2dm/register3
2026-07-09 20:21:46,228 [INFO] Capturing request: https://android.clients.google.com/c2dm/register3
2026-07-09 20:21:46,229 [INFO] Capturing request: https://android.clients.google.com/c2dm/register3
2026-07-09 20:21:46,289 [INFO] Capturing response: https://android.clients.google.com/c2dm/register3 301 
2026-07-09 20:21:46,564 [INFO] Capturing response: https://hlssssss-wildflower-4845.ugurdurmus9402.workers.dev/https://corestream.taylandakanzi.help//trtspor/tracks-v1a1/2026/07/09/20/21/50-06000.avif 200 
2026-07-09 20:21:46,760 [INFO] Capturing request: https://hlssssss-wildflower-4845.ugurdurmus9402.workers.dev/https://corestream.taylandakanzi.help//trtspor/tracks-v1a1/2026/07/09/20/21/56-06000.avif
2026-07-09 20:21:46,896 [INFO]   ✅ M3U8 bulundu: https://hlssssss-wildflower-4845.ugurdurmus9402.workers.dev/https://corestream.taylandakanzi.help//trtspor/tracks-v1a1/mono.m3u8
2026-07-09 20:21:47,091 [INFO] Capturing response: https://android.clients.google.com/c2dm/register3 200 
2026-07-09 20:21:47,136 [INFO] Capturing response: https://android.clients.google.com/c2dm/register3 200 
2026-07-09 20:21:47,283 [INFO] Capturing response: https://hlssssss-wildflower-4845.ugurdurmus9402.workers.dev/https://corestream.taylandakanzi.help//trtspor/tracks-v1a1/2026/07/09/20/21/56-06000.avif 200 
2026-07-09 20:21:47,897 [INFO] 
[2/14]
2026-07-09 20:21:47,897 [INFO] 🔍 beIN Sports 2 → https://atomsportv508.top/matches?id=bein-sports-2
2026-07-09 20:21:48,009 [INFO] Capturing request: https://atomsportv508.top/matches?id=bein-sports-2
2026-07-09 20:21:48,051 [INFO] Capturing response: https://atomsportv508.top/matches?id=bein-sports-2 200 
2026-07-09 20:21:48,062 [INFO] Capturing request: https://atomsportv508.top/cdn-cgi/rum?
2026-07-09 20:21:48,109 [INFO] Capturing request: https://streamsport365.com/cinema
2026-07-09 20:21:48,118 [INFO] Capturing request: https://atomsportv508.top/cdn-cgi/rum?
2026-07-09 20:21:48,200 [INFO] Capturing request: https://teletv5.top/load/yayinlink.php?id=bein-sports-2
2026-07-09 20:21:48,219 [INFO] Capturing request: https://atomsportv508.top/favicon.ico
2026-07-09 20:21:48,220 [INFO] Capturing response: https://atomsportv508.top/cdn-cgi/rum? 204 
2026-07-09 20:21:48,245 [INFO] Capturing response: https://atomsportv508.top/favicon.ico 200 
2026-07-09 20:21:48,265 [INFO] Capturing response: https://atomsportv508.top/cdn-cgi/rum? 204 
2026-07-09 20:21:48,492 [INFO] Capturing response: https://streamsport365.com/cinema 200 
2026-07-09 20:21:49,209 [INFO] Capturing response: https://teletv5.top/load/yayinlink.php?id=bein-sports-2 200 
2026-07-09 20:21:49,330 [INFO] Capturing request: https://hlssssss-wildflower-4845.ugurdurmus9402.workers.dev/https://corestream.taylandakanzi.help//bein2/tracks-v1a1/mono.m3u8
2026-07-09 20:21:49,512 [INFO] Capturing response: https://hlssssss-wildflower-4845.ugurdurmus9402.workers.dev/https://corestream.taylandakanzi.help//bein2/tracks-v1a1/mono.m3u8 200 
2026-07-09 20:21:49,622 [INFO] Capturing request: https://hlssssss-wildflower-4845.ugurdurmus9402.workers.dev/https://corestream.taylandakanzi.help//bein2/tracks-v1a1/2026/07/09/20/21/46-10000.avif
2026-07-09 20:21:50,066 [INFO] Capturing response: https://hlssssss-wildflower-4845.ugurdurmus9402.workers.dev/https://corestream.taylandakanzi.help//bein2/tracks-v1a1/2026/07/09/20/21/46-10000.avif 200 
2026-07-09 20:21:50,334 [INFO] Capturing request: https://hlssssss-wildflower-4845.ugurdurmus9402.workers.dev/https://corestream.taylandakanzi.help//bein2/tracks-v1a1/2026/07/09/20/21/56-10000.avif
2026-07-09 20:21:50,806 [INFO] Capturing response: https://hlssssss-wildflower-4845.ugurdurmus9402.workers.dev/https://corestream.taylandakanzi.help//bein2/tracks-v1a1/2026/07/09/20/21/56-10000.avif 200 
2026-07-09 20:21:51,058 [INFO] Capturing request: https://hlssssss-wildflower-4845.ugurdurmus9402.workers.dev/https://corestream.taylandakanzi.help//bein2/tracks-v1a1/2026/07/09/20/22/06-09880.avif
2026-07-09 20:21:51,134 [INFO]   ✅ M3U8 bulundu: https://hlssssss-wildflower-4845.ugurdurmus9402.workers.dev/https://corestream.taylandakanzi.help//bein2/tracks-v1a1/mono.m3u8
2026-07-09 20:21:51,508 [INFO] Capturing response: https://hlssssss-wildflower-4845.ugurdurmus9402.workers.dev/https://corestream.taylandakanzi.help//bein2/tracks-v1a1/2026/07/09/20/22/06-09880.avif 200 
2026-07-09 20:21:51,759 [INFO] Capturing request: https://hlssssss-wildflower-4845.ugurdurmus9402.workers.dev/https://corestream.taylandakanzi.help//bein2/tracks-v1a1/2026/07/09/20/22/16-10000.avif
2026-07-09 20:21:52,134 [INFO] 
[3/14]
2026-07-09 20:21:52,134 [INFO] 🔍 beIN Sports 3 → https://atomsportv508.top/matches?id=bein-sports-3
2026-07-09 20:21:52,246 [INFO] Capturing request: https://atomsportv508.top/assets/js/clappr.js
2026-07-09 20:21:52,248 [INFO] Capturing request: https://atomsportv508.top/matches?id=bein-sports-3
2026-07-09 20:21:52,262 [INFO] Capturing response: https://atomsportv508.top/assets/js/clappr.js 200 
2026-07-09 20:21:52,297 [INFO] Capturing response: https://atomsportv508.top/matches?id=bein-sports-3 200 
2026-07-09 20:21:52,308 [INFO] Capturing request: https://atomsportv508.top/cdn-cgi/rum?
2026-07-09 20:21:52,340 [INFO] Capturing request: https://atomsportv508.top/cdn-cgi/rum?
2026-07-09 20:21:52,444 [INFO] Capturing request: https://teletv5.top/load/yayinlink.php?id=bein-sports-3
2026-07-09 20:21:52,448 [INFO] Capturing request: https://atomsportv508.top/favicon.ico
2026-07-09 20:21:52,451 [INFO] Capturing response: https://atomsportv508.top/cdn-cgi/rum? 204 
2026-07-09 20:21:52,482 [INFO] Capturing response: https://atomsportv508.top/favicon.ico 200 
2026-07-09 20:21:52,491 [INFO] Capturing response: https://atomsportv508.top/cdn-cgi/rum? 204 
2026-07-09 20:21:52,605 [INFO] Capturing request: https://streamsport365.com/cinema
2026-07-09 20:21:52,674 [INFO] Capturing response: https://teletv5.top/load/yayinlink.php?id=bein-sports-3 200 
2026-07-09 20:21:52,822 [INFO] Capturing response: https://hlssssss-wildflower-4845.ugurdurmus9402.workers.dev/https://corestream.taylandakanzi.help//bein2/tracks-v1a1/2026/07/09/20/22/16-10000.avif 200 
2026-07-09 20:21:52,972 [INFO] Capturing response: https://streamsport365.com/cinema 200 
2026-07-09 20:22:16,237 [INFO] Capturing request: https://android.clients.google.com/c2dm/register3
2026-07-09 20:22:16,293 [INFO] Capturing response: https://android.clients.google.com/c2dm/register3 301 
2026-07-09 20:22:25,651 [WARNING]   ❌ beIN Sports 3 için M3U8 bulunamadı
2026-07-09 20:22:26,652 [INFO] 
[4/14]
2026-07-09 20:22:26,652 [INFO] 🔍 beIN Sports 4 → https://atomsportv508.top/matches?id=bein-sports-4
2026-07-09 20:22:26,760 [INFO] Capturing request: https://atomsportv508.top/assets/js/clappr.js
2026-07-09 20:22:26,763 [INFO] Capturing request: https://atomsportv508.top/matches?id=bein-sports-4
2026-07-09 20:22:26,780 [INFO] Capturing response: https://atomsportv508.top/assets/js/clappr.js 200 
2026-07-09 20:22:27,425 [INFO] Capturing response: https://atomsportv508.top/matches?id=bein-sports-4 200 
2026-07-09 20:22:27,434 [INFO] Capturing request: https://atomsportv508.top/cdn-cgi/rum?
2026-07-09 20:22:27,465 [INFO] Capturing request: https://atomsportv508.top/cdn-cgi/rum?
2026-07-09 20:22:27,541 [INFO] Capturing response: https://atomsportv508.top/cdn-cgi/rum? 204 
2026-07-09 20:22:27,555 [INFO] Capturing request: https://teletv5.top/load/yayinlink.php?id=bein-sports-4
2026-07-09 20:22:27,565 [INFO] Capturing request: https://atomsportv508.top/favicon.ico
2026-07-09 20:22:27,597 [INFO] Capturing response: https://atomsportv508.top/favicon.ico 200 
2026-07-09 20:22:27,612 [INFO] Capturing response: https://atomsportv508.top/cdn-cgi/rum? 204 
2026-07-09 20:22:27,723 [INFO] Capturing request: https://streamsport365.com/cinema
2026-07-09 20:22:27,793 [INFO] Capturing response: https://teletv5.top/load/yayinlink.php?id=bein-sports-4 200 
2026-07-09 20:22:28,098 [INFO] Capturing response: https://streamsport365.com/cinema 200 
2026-07-09 20:22:42,890 [INFO] Capturing request: https://update.googleapis.com/service/update2/json?cup2key=16:nk7njueBymtPzklK7gqNdDIcuiIwRuvIChndyiW20Xk&cup2hreq=de11b44848f9fef26dd6f753989e9b6beebcc671ff840aca82bc9b5180d604fd
2026-07-09 20:22:42,922 [INFO] Capturing response: https://update.googleapis.com/service/update2/json?cup2key=16:nk7njueBymtPzklK7gqNdDIcuiIwRuvIChndyiW20Xk&cup2hreq=de11b44848f9fef26dd6f753989e9b6beebcc671ff840aca82bc9b5180d604fd 200 
2026-07-09 20:22:42,928 [INFO] Capturing request: http://edgedl.me.gvt1.com/edgedl/diffgen-puffin/gcmjkmgdlgnkkcocmoeiminaijmmjnii/df2a22d5ecc7788c3330ebd5f856b41531c74f412a01ed7453d11284708009fe
2026-07-09 20:22:42,967 [INFO] Capturing response: http://edgedl.me.gvt1.com/edgedl/diffgen-puffin/gcmjkmgdlgnkkcocmoeiminaijmmjnii/df2a22d5ecc7788c3330ebd5f856b41531c74f412a01ed7453d11284708009fe 200 OK
2026-07-09 20:22:42,993 [INFO] Capturing request: https://update.googleapis.com/service/update2/json
2026-07-09 20:22:43,020 [INFO] Capturing response: https://update.googleapis.com/service/update2/json 200 
2026-07-09 20:22:43,064 [INFO] Capturing request: http://edgedl.me.gvt1.com/edgedl/release2/chrome_component/nmfyxwfcfgxuir5wttg3cdozhy_10637/hfnkpimlhhgieaddgfemjhofmfblmnib_10637_all_amn5nex34kuu76l6kklb5xlsfq.crx3
2026-07-09 20:22:43,120 [INFO] Capturing response: http://edgedl.me.gvt1.com/edgedl/release2/chrome_component/nmfyxwfcfgxuir5wttg3cdozhy_10637/hfnkpimlhhgieaddgfemjhofmfblmnib_10637_all_amn5nex34kuu76l6kklb5xlsfq.crx3 200 OK
2026-07-09 20:22:43,152 [INFO] Capturing request: https://update.googleapis.com/service/update2/json
2026-07-09 20:22:43,178 [INFO] Capturing response: https://update.googleapis.com/service/update2/json 200 
2026-07-09 20:23:00,749 [WARNING]   ❌ beIN Sports 4 için M3U8 bulunamadı
2026-07-09 20:23:01,749 [INFO] 
[5/14]
2026-07-09 20:23:01,749 [INFO] 🔍 beIN Sports 5 → https://atomsportv508.top/matches?id=bein-sports-5
2026-07-09 20:23:01,907 [INFO] Capturing request: https://atomsportv508.top/matches?id=bein-sports-5
2026-07-09 20:23:01,912 [INFO] Capturing request: https://atomsportv508.top/assets/js/clappr.js
2026-07-09 20:23:01,932 [INFO] Capturing response: https://atomsportv508.top/assets/js/clappr.js 200 
2026-07-09 20:23:02,598 [INFO] Capturing response: https://atomsportv508.top/matches?id=bein-sports-5 200 
2026-07-09 20:23:02,607 [INFO] Capturing request: https://atomsportv508.top/cdn-cgi/rum?
2026-07-09 20:23:02,634 [INFO] Capturing request: https://atomsportv508.top/cdn-cgi/rum?
2026-07-09 20:23:02,650 [INFO] Capturing request: https://android.clients.google.com/c2dm/register3
2026-07-09 20:23:02,709 [INFO] Capturing response: https://android.clients.google.com/c2dm/register3 301 
2026-07-09 20:23:02,734 [INFO] Capturing request: https://atomsportv508.top/favicon.ico
2026-07-09 20:23:02,746 [INFO] Capturing response: https://atomsportv508.top/cdn-cgi/rum? 204 
2026-07-09 20:23:02,747 [INFO] Capturing response: https://atomsportv508.top/cdn-cgi/rum? 204 
2026-07-09 20:23:02,767 [INFO] Capturing response: https://atomsportv508.top/favicon.ico 200 
2026-07-09 20:23:02,789 [INFO] Capturing request: https://teletv5.top/load/yayinlink.php?id=bein-sports-5
2026-07-09 20:23:03,015 [INFO] Capturing response: https://teletv5.top/load/yayinlink.php?id=bein-sports-5 200 
2026-07-09 20:23:03,414 [INFO] Capturing request: https://streamsport365.com/cinema
2026-07-09 20:23:03,772 [INFO] Capturing response: https://streamsport365.com/cinema 200 
2026-07-09 20:23:35,906 [WARNING]   ❌ beIN Sports 5 için M3U8 bulunamadı
2026-07-09 20:23:36,907 [INFO] 
[6/14]
2026-07-09 20:23:36,907 [INFO] 🔍 beIN Sports Max 1 → https://atomsportv508.top/matches?id=bein-sports-max-1
2026-07-09 20:23:37,017 [INFO] Capturing request: https://atomsportv508.top/matches?id=bein-sports-max-1
2026-07-09 20:23:37,017 [INFO] Capturing request: https://atomsportv508.top/assets/js/clappr.js
2026-07-09 20:23:37,079 [INFO] Capturing response: https://atomsportv508.top/assets/js/clappr.js 200 
2026-07-09 20:23:37,430 [INFO] Capturing response: https://atomsportv508.top/matches?id=bein-sports-max-1 200 
2026-07-09 20:23:37,440 [INFO] Capturing request: https://atomsportv508.top/cdn-cgi/rum?
2026-07-09 20:23:37,468 [INFO] Capturing request: https://atomsportv508.top/cdn-cgi/rum?
2026-07-09 20:23:37,561 [INFO] Capturing request: https://teletv5.top/load/yayinlink.php?id=bein-sports-max-1
2026-07-09 20:23:37,568 [INFO] Capturing request: https://atomsportv508.top/favicon.ico
2026-07-09 20:23:37,574 [INFO] Capturing response: https://atomsportv508.top/cdn-cgi/rum? 204 
2026-07-09 20:23:37,576 [INFO] Capturing response: https://atomsportv508.top/cdn-cgi/rum? 204 
2026-07-09 20:23:37,601 [INFO] Capturing response: https://atomsportv508.top/favicon.ico 200 
2026-07-09 20:23:37,729 [INFO] Capturing request: https://streamsport365.com/cinema
2026-07-09 20:23:37,796 [INFO] Capturing response: https://teletv5.top/load/yayinlink.php?id=bein-sports-max-1 200 
2026-07-09 20:23:38,108 [INFO] Capturing response: https://streamsport365.com/cinema 200 
2026-07-09 20:24:10,732 [WARNING]   ❌ beIN Sports Max 1 için M3U8 bulunamadı
2026-07-09 20:24:11,732 [INFO] 
[7/14]
2026-07-09 20:24:11,732 [INFO] 🔍 beIN Sports Max 2 → https://atomsportv508.top/matches?id=bein-sports-max-2
2026-07-09 20:24:11,842 [INFO] Capturing request: https://atomsportv508.top/assets/js/clappr.js
2026-07-09 20:24:11,844 [INFO] Capturing request: https://atomsportv508.top/matches?id=bein-sports-max-2
2026-07-09 20:24:11,859 [INFO] Capturing response: https://atomsportv508.top/assets/js/clappr.js 200 
2026-07-09 20:24:12,164 [INFO] Capturing response: https://atomsportv508.top/matches?id=bein-sports-max-2 200 
2026-07-09 20:24:12,174 [INFO] Capturing request: https://atomsportv508.top/cdn-cgi/rum?
2026-07-09 20:24:12,210 [INFO] Capturing request: https://atomsportv508.top/cdn-cgi/rum?
2026-07-09 20:24:12,281 [INFO] Capturing response: https://atomsportv508.top/cdn-cgi/rum? 204 
2026-07-09 20:24:12,297 [INFO] Capturing request: https://teletv5.top/load/yayinlink.php?id=bein-sports-max-2
2026-07-09 20:24:12,311 [INFO] Capturing request: https://atomsportv508.top/favicon.ico
2026-07-09 20:24:12,352 [INFO] Capturing response: https://atomsportv508.top/favicon.ico 200 
2026-07-09 20:24:12,358 [INFO] Capturing response: https://atomsportv508.top/cdn-cgi/rum? 204 
2026-07-09 20:24:12,462 [INFO] Capturing request: https://streamsport365.com/cinema
2026-07-09 20:24:12,536 [INFO] Capturing response: https://teletv5.top/load/yayinlink.php?id=bein-sports-max-2 200 
2026-07-09 20:24:12,839 [INFO] Capturing response: https://streamsport365.com/cinema 200 
2026-07-09 20:24:45,481 [WARNING]   ❌ beIN Sports Max 2 için M3U8 bulunamadı
2026-07-09 20:24:46,481 [INFO] 
[8/14]
2026-07-09 20:24:46,482 [INFO] 🔍 S Sport → https://atomsportv508.top/matches?id=s-sport
2026-07-09 20:24:46,591 [INFO] Capturing request: https://atomsportv508.top/assets/js/clappr.js
2026-07-09 20:24:46,593 [INFO] Capturing request: https://atomsportv508.top/matches?id=s-sport
2026-07-09 20:24:46,610 [INFO] Capturing response: https://atomsportv508.top/assets/js/clappr.js 200 
2026-07-09 20:24:46,916 [INFO] Capturing response: https://atomsportv508.top/matches?id=s-sport 200 
2026-07-09 20:24:46,927 [INFO] Capturing request: https://atomsportv508.top/cdn-cgi/rum?
2026-07-09 20:24:46,958 [INFO] Capturing request: https://atomsportv508.top/cdn-cgi/rum?
2026-07-09 20:24:47,034 [INFO] Capturing response: https://atomsportv508.top/cdn-cgi/rum? 204 
2026-07-09 20:24:47,053 [INFO] Capturing request: https://teletv5.top/load/yayinlink.php?id=s-sport
2026-07-09 20:24:47,062 [INFO] Capturing request: https://atomsportv508.top/favicon.ico
2026-07-09 20:24:47,094 [INFO] Capturing response: https://atomsportv508.top/favicon.ico 200 
2026-07-09 20:24:47,108 [INFO] Capturing response: https://atomsportv508.top/cdn-cgi/rum? 204 
2026-07-09 20:24:47,223 [INFO] Capturing request: https://streamsport365.com/cinema
2026-07-09 20:24:47,286 [INFO] Capturing response: https://teletv5.top/load/yayinlink.php?id=s-sport 200 
2026-07-09 20:24:47,598 [INFO] Capturing response: https://streamsport365.com/cinema 200 
2026-07-09 20:24:47,755 [INFO] Capturing request: https://hlssssss-wildflower-4845.ugurdurmus9402.workers.dev/https://corestream.taylandakanzi.help//s-sportt/tracks-v1a1/mono.m3u8
2026-07-09 20:24:47,975 [INFO] Capturing response: https://hlssssss-wildflower-4845.ugurdurmus9402.workers.dev/https://corestream.taylandakanzi.help//s-sportt/tracks-v1a1/mono.m3u8 200 
2026-07-09 20:24:48,126 [INFO] Capturing request: https://hlssssss-wildflower-4845.ugurdurmus9402.workers.dev/https://corestream.taylandakanzi.help//s-sportt/tracks-v1a1/2026/07/09/20/24/26-06400.avif
2026-07-09 20:24:48,621 [INFO] Capturing response: https://hlssssss-wildflower-4845.ugurdurmus9402.workers.dev/https://corestream.taylandakanzi.help//s-sportt/tracks-v1a1/2026/07/09/20/24/26-06400.avif 200 
2026-07-09 20:24:48,894 [INFO] Capturing request: https://hlssssss-wildflower-4845.ugurdurmus9402.workers.dev/https://corestream.taylandakanzi.help//s-sportt/tracks-v1a1/2026/07/09/20/24/33-06400.avif
2026-07-09 20:24:49,975 [INFO]   ✅ M3U8 bulundu: https://hlssssss-wildflower-4845.ugurdurmus9402.workers.dev/https://corestream.taylandakanzi.help//s-sportt/tracks-v1a1/mono.m3u8
2026-07-09 20:24:50,032 [INFO] Capturing response: https://hlssssss-wildflower-4845.ugurdurmus9402.workers.dev/https://corestream.taylandakanzi.help//s-sportt/tracks-v1a1/2026/07/09/20/24/33-06400.avif 200 
2026-07-09 20:24:50,321 [INFO] Capturing request: https://hlssssss-wildflower-4845.ugurdurmus9402.workers.dev/https://corestream.taylandakanzi.help//s-sportt/tracks-v1a1/2026/07/09/20/24/39-06400.avif
2026-07-09 20:24:50,759 [INFO] Capturing response: https://hlssssss-wildflower-4845.ugurdurmus9402.workers.dev/https://corestream.taylandakanzi.help//s-sportt/tracks-v1a1/2026/07/09/20/24/39-06400.avif 200 
2026-07-09 20:24:50,975 [INFO] 
[9/14]
2026-07-09 20:24:50,975 [INFO] 🔍 S Sport 2 → https://atomsportv508.top/matches?id=s-sport-2
2026-07-09 20:24:51,017 [INFO] Capturing request: https://hlssssss-wildflower-4845.ugurdurmus9402.workers.dev/https://corestream.taylandakanzi.help//s-sportt/tracks-v1a1/2026/07/09/20/24/46-06400.avif
2026-07-09 20:24:51,090 [INFO] Capturing request: https://atomsportv508.top/matches?id=s-sport-2
2026-07-09 20:24:51,092 [INFO] Capturing request: https://atomsportv508.top/assets/js/clappr.js
2026-07-09 20:24:51,123 [INFO] Capturing response: https://atomsportv508.top/matches?id=s-sport-2 200 
2026-07-09 20:24:51,137 [INFO] Capturing request: https://atomsportv508.top/cdn-cgi/rum?
2026-07-09 20:24:51,140 [INFO] Capturing response: https://atomsportv508.top/assets/js/clappr.js 200 
2026-07-09 20:24:51,162 [INFO] Capturing request: https://streamsport365.com/cinema
2026-07-09 20:24:51,171 [INFO] Capturing request: https://atomsportv508.top/cdn-cgi/rum?
2026-07-09 20:24:51,268 [INFO] Capturing request: https://teletv5.top/load/yayinlink.php?id=s-sport-2
2026-07-09 20:24:51,274 [INFO] Capturing request: https://atomsportv508.top/favicon.ico
2026-07-09 20:24:51,286 [INFO] Capturing response: https://atomsportv508.top/cdn-cgi/rum? 204 
2026-07-09 20:24:51,298 [INFO] Capturing response: https://atomsportv508.top/cdn-cgi/rum? 204 
2026-07-09 20:24:51,313 [INFO] Capturing response: https://atomsportv508.top/favicon.ico 200 
2026-07-09 20:24:51,507 [INFO] Capturing response: https://teletv5.top/load/yayinlink.php?id=s-sport-2 200 
2026-07-09 20:24:51,542 [INFO] Capturing response: https://streamsport365.com/cinema 200 
2026-07-09 20:24:51,545 [INFO] Capturing response: https://hlssssss-wildflower-4845.ugurdurmus9402.workers.dev/https://corestream.taylandakanzi.help//s-sportt/tracks-v1a1/2026/07/09/20/24/46-06400.avif 200 
2026-07-09 20:24:51,751 [INFO] Capturing request: https://hlssssss-wildflower-4845.ugurdurmus9402.workers.dev/https://corestream.taylandakanzi.help//s-sport2/tracks-v1a1/mono.m3u8
2026-07-09 20:24:51,954 [INFO] Capturing response: https://hlssssss-wildflower-4845.ugurdurmus9402.workers.dev/https://corestream.taylandakanzi.help//s-sport2/tracks-v1a1/mono.m3u8 200 
2026-07-09 20:24:52,063 [INFO] Capturing request: https://hlssssss-wildflower-4845.ugurdurmus9402.workers.dev/https://corestream.taylandakanzi.help//s-sport2/tracks-v1a1/2026/07/09/20/24/16-06000.avif
2026-07-09 20:24:52,946 [INFO] Capturing response: https://hlssssss-wildflower-4845.ugurdurmus9402.workers.dev/https://corestream.taylandakanzi.help//s-sport2/tracks-v1a1/2026/07/09/20/24/16-06000.avif 200 
2026-07-09 20:24:53,285 [INFO] Capturing request: https://hlssssss-wildflower-4845.ugurdurmus9402.workers.dev/https://corestream.taylandakanzi.help//s-sport2/tracks-v1a1/2026/07/09/20/24/22-06000.avif
2026-07-09 20:24:53,718 [INFO] Capturing response: https://hlssssss-wildflower-4845.ugurdurmus9402.workers.dev/https://corestream.taylandakanzi.help//s-sport2/tracks-v1a1/2026/07/09/20/24/22-06000.avif 200 
2026-07-09 20:24:53,932 [INFO] Capturing request: https://hlssssss-wildflower-4845.ugurdurmus9402.workers.dev/https://corestream.taylandakanzi.help//s-sport2/tracks-v1a1/2026/07/09/20/24/28-03600.avif
2026-07-09 20:24:54,237 [INFO]   ✅ M3U8 bulundu: https://hlssssss-wildflower-4845.ugurdurmus9402.workers.dev/https://corestream.taylandakanzi.help//s-sport2/tracks-v1a1/mono.m3u8
2026-07-09 20:24:54,286 [INFO] Capturing response: https://hlssssss-wildflower-4845.ugurdurmus9402.workers.dev/https://corestream.taylandakanzi.help//s-sport2/tracks-v1a1/2026/07/09/20/24/28-03600.avif 200 
2026-07-09 20:24:54,502 [INFO] Capturing request: https://hlssssss-wildflower-4845.ugurdurmus9402.workers.dev/https://corestream.taylandakanzi.help//s-sport2/tracks-v1a1/2026/07/09/20/24/32-19857.avif
2026-07-09 20:24:55,213 [INFO] Capturing response: https://hlssssss-wildflower-4845.ugurdurmus9402.workers.dev/https://corestream.taylandakanzi.help//s-sport2/tracks-v1a1/2026/07/09/20/24/32-19857.avif 200 
2026-07-09 20:24:55,239 [INFO] 
[10/14]
2026-07-09 20:24:55,239 [INFO] 🔍 A Spor → https://atomsportv508.top/matches?id=a-spor
2026-07-09 20:24:55,382 [INFO] Capturing request: https://atomsportv508.top/assets/js/clappr.js
2026-07-09 20:24:55,384 [INFO] Capturing request: https://atomsportv508.top/matches?id=a-spor
2026-07-09 20:24:55,398 [INFO] Capturing response: https://atomsportv508.top/assets/js/clappr.js 200 
2026-07-09 20:24:55,430 [INFO] Capturing response: https://atomsportv508.top/matches?id=a-spor 200 
2026-07-09 20:24:55,465 [INFO] Capturing request: https://atomsportv508.top/cdn-cgi/rum?
2026-07-09 20:24:55,496 [INFO] Capturing request: https://atomsportv508.top/cdn-cgi/rum?
2026-07-09 20:24:55,598 [INFO] Capturing request: https://teletv5.top/load/yayinlink.php?id=a-spor
2026-07-09 20:24:55,599 [INFO] Capturing request: https://atomsportv508.top/favicon.ico
2026-07-09 20:24:55,603 [INFO] Capturing response: https://atomsportv508.top/cdn-cgi/rum? 204 
2026-07-09 20:24:55,604 [INFO] Capturing response: https://atomsportv508.top/cdn-cgi/rum? 204 
2026-07-09 20:24:55,630 [INFO] Capturing response: https://atomsportv508.top/favicon.ico 200 
2026-07-09 20:24:55,757 [INFO] Capturing request: https://streamsport365.com/cinema
2026-07-09 20:24:55,833 [INFO] Capturing response: https://teletv5.top/load/yayinlink.php?id=a-spor 200 
2026-07-09 20:24:56,127 [INFO] Capturing response: https://streamsport365.com/cinema 200 
2026-07-09 20:24:56,247 [INFO] Capturing request: https://hlssssss-wildflower-4845.ugurdurmus9402.workers.dev/https://corestream.taylandakanzi.help//aspor/tracks-v1a1/mono.m3u8
2026-07-09 20:24:56,451 [INFO] Capturing response: https://hlssssss-wildflower-4845.ugurdurmus9402.workers.dev/https://corestream.taylandakanzi.help//aspor/tracks-v1a1/mono.m3u8 200 
2026-07-09 20:24:56,560 [INFO] Capturing request: https://hlssssss-wildflower-4845.ugurdurmus9402.workers.dev/https://corestream.taylandakanzi.help//aspor/tracks-v1a1/2026/07/09/20/25/08-06000.avif
2026-07-09 20:24:57,109 [INFO] Capturing response: https://hlssssss-wildflower-4845.ugurdurmus9402.workers.dev/https://corestream.taylandakanzi.help//aspor/tracks-v1a1/2026/07/09/20/25/08-06000.avif 200 
2026-07-09 20:24:57,339 [INFO] Capturing request: https://hlssssss-wildflower-4845.ugurdurmus9402.workers.dev/https://corestream.taylandakanzi.help//aspor/tracks-v1a1/2026/07/09/20/25/14-06000.avif
2026-07-09 20:24:57,745 [INFO] Capturing response: https://hlssssss-wildflower-4845.ugurdurmus9402.workers.dev/https://corestream.taylandakanzi.help//aspor/tracks-v1a1/2026/07/09/20/25/14-06000.avif 200 
2026-07-09 20:24:57,973 [INFO] Capturing request: https://hlssssss-wildflower-4845.ugurdurmus9402.workers.dev/https://corestream.taylandakanzi.help//aspor/tracks-v1a1/2026/07/09/20/25/20-06000.avif
2026-07-09 20:24:58,511 [INFO]   ✅ M3U8 bulundu: https://hlssssss-wildflower-4845.ugurdurmus9402.workers.dev/https://corestream.taylandakanzi.help//aspor/tracks-v1a1/mono.m3u8
2026-07-09 20:24:58,978 [INFO] Capturing response: https://hlssssss-wildflower-4845.ugurdurmus9402.workers.dev/https://corestream.taylandakanzi.help//aspor/tracks-v1a1/2026/07/09/20/25/20-06000.avif 200 
2026-07-09 20:24:59,512 [INFO] 
[11/14]
2026-07-09 20:24:59,512 [INFO] 🔍 Tivibu Spor 1 → https://atomsportv508.top/matches?id=tivibu-spor-1
2026-07-09 20:24:59,623 [INFO] Capturing request: https://atomsportv508.top/assets/js/clappr.js
2026-07-09 20:24:59,625 [INFO] Capturing request: https://atomsportv508.top/matches?id=tivibu-spor-1
2026-07-09 20:24:59,629 [INFO] Capturing request: https://android.clients.google.com/c2dm/register3
2026-07-09 20:24:59,640 [INFO] Capturing response: https://atomsportv508.top/assets/js/clappr.js 200 
2026-07-09 20:24:59,667 [INFO] Capturing response: https://atomsportv508.top/matches?id=tivibu-spor-1 200 
2026-07-09 20:24:59,688 [INFO] Capturing response: https://android.clients.google.com/c2dm/register3 301 
2026-07-09 20:24:59,691 [INFO] Capturing request: https://atomsportv508.top/cdn-cgi/rum?
2026-07-09 20:24:59,718 [INFO] Capturing request: https://streamsport365.com/cinema
2026-07-09 20:24:59,723 [INFO] Capturing request: https://atomsportv508.top/cdn-cgi/rum?
2026-07-09 20:24:59,819 [INFO] Capturing request: https://teletv5.top/load/yayinlink.php?id=tivibu-spor-1
2026-07-09 20:24:59,827 [INFO] Capturing request: https://atomsportv508.top/favicon.ico
2026-07-09 20:24:59,829 [INFO] Capturing response: https://atomsportv508.top/cdn-cgi/rum? 204 
2026-07-09 20:24:59,831 [INFO] Capturing response: https://atomsportv508.top/cdn-cgi/rum? 204 
2026-07-09 20:24:59,855 [INFO] Capturing response: https://atomsportv508.top/favicon.ico 200 
2026-07-09 20:25:00,055 [INFO] Capturing response: https://teletv5.top/load/yayinlink.php?id=tivibu-spor-1 200 
2026-07-09 20:25:00,094 [INFO] Capturing response: https://streamsport365.com/cinema 200 
2026-07-09 20:25:33,008 [WARNING]   ❌ Tivibu Spor 1 için M3U8 bulunamadı
2026-07-09 20:25:34,008 [INFO] 
[12/14]
2026-07-09 20:25:34,008 [INFO] 🔍 Tivibu Spor 2 → https://atomsportv508.top/matches?id=tivibu-spor-2
2026-07-09 20:25:34,118 [INFO] Capturing request: https://atomsportv508.top/assets/js/clappr.js
2026-07-09 20:25:34,120 [INFO] Capturing request: https://atomsportv508.top/matches?id=tivibu-spor-2
2026-07-09 20:25:34,134 [INFO] Capturing response: https://atomsportv508.top/assets/js/clappr.js 200 
2026-07-09 20:25:34,438 [INFO] Capturing response: https://atomsportv508.top/matches?id=tivibu-spor-2 200 
2026-07-09 20:25:34,448 [INFO] Capturing request: https://atomsportv508.top/cdn-cgi/rum?
2026-07-09 20:25:34,480 [INFO] Capturing request: https://atomsportv508.top/cdn-cgi/rum?
2026-07-09 20:25:34,556 [INFO] Capturing response: https://atomsportv508.top/cdn-cgi/rum? 204 
2026-07-09 20:25:34,578 [INFO] Capturing request: https://teletv5.top/load/yayinlink.php?id=tivibu-spor-2
2026-07-09 20:25:34,583 [INFO] Capturing request: https://atomsportv508.top/favicon.ico
2026-07-09 20:25:34,620 [INFO] Capturing response: https://atomsportv508.top/favicon.ico 200 
2026-07-09 20:25:34,629 [INFO] Capturing response: https://atomsportv508.top/cdn-cgi/rum? 204 
2026-07-09 20:25:34,739 [INFO] Capturing request: https://streamsport365.com/cinema
2026-07-09 20:25:34,814 [INFO] Capturing response: https://teletv5.top/load/yayinlink.php?id=tivibu-spor-2 200 
2026-07-09 20:25:35,116 [INFO] Capturing response: https://streamsport365.com/cinema 200 
2026-07-09 20:26:07,751 [WARNING]   ❌ Tivibu Spor 2 için M3U8 bulunamadı
2026-07-09 20:26:08,751 [INFO] 
[13/14]
2026-07-09 20:26:08,751 [INFO] 🔍 Tivibu Spor 3 → https://atomsportv508.top/matches?id=tivibu-spor-3
2026-07-09 20:26:08,861 [INFO] Capturing request: https://atomsportv508.top/assets/js/clappr.js
2026-07-09 20:26:08,863 [INFO] Capturing request: https://atomsportv508.top/matches?id=tivibu-spor-3
2026-07-09 20:26:08,879 [INFO] Capturing response: https://atomsportv508.top/assets/js/clappr.js 200 
2026-07-09 20:26:09,182 [INFO] Capturing response: https://atomsportv508.top/matches?id=tivibu-spor-3 200 
2026-07-09 20:26:09,192 [INFO] Capturing request: https://atomsportv508.top/cdn-cgi/rum?
2026-07-09 20:26:09,222 [INFO] Capturing request: https://atomsportv508.top/cdn-cgi/rum?
2026-07-09 20:26:09,299 [INFO] Capturing response: https://atomsportv508.top/cdn-cgi/rum? 204 
2026-07-09 20:26:09,322 [INFO] Capturing request: https://teletv5.top/load/yayinlink.php?id=tivibu-spor-3
2026-07-09 20:26:09,327 [INFO] Capturing request: https://atomsportv508.top/favicon.ico
2026-07-09 20:26:09,359 [INFO] Capturing response: https://atomsportv508.top/favicon.ico 200 
2026-07-09 20:26:09,371 [INFO] Capturing response: https://atomsportv508.top/cdn-cgi/rum? 204 
2026-07-09 20:26:09,480 [INFO] Capturing request: https://streamsport365.com/cinema
2026-07-09 20:26:09,557 [INFO] Capturing response: https://teletv5.top/load/yayinlink.php?id=tivibu-spor-3 200 
2026-07-09 20:26:09,850 [INFO] Capturing response: https://streamsport365.com/cinema 200 
2026-07-09 20:26:42,504 [WARNING]   ❌ Tivibu Spor 3 için M3U8 bulunamadı
2026-07-09 20:26:43,504 [INFO] 
[14/14]
2026-07-09 20:26:43,504 [INFO] 🔍 Tivibu Spor 4 → https://atomsportv508.top/matches?id=tivibu-spor-4
2026-07-09 20:26:43,616 [INFO] Capturing request: https://atomsportv508.top/assets/js/clappr.js
2026-07-09 20:26:43,617 [INFO] Capturing request: https://atomsportv508.top/matches?id=tivibu-spor-4
2026-07-09 20:26:43,637 [INFO] Capturing response: https://atomsportv508.top/assets/js/clappr.js 200 
2026-07-09 20:26:43,938 [INFO] Capturing response: https://atomsportv508.top/matches?id=tivibu-spor-4 200 
2026-07-09 20:26:43,948 [INFO] Capturing request: https://atomsportv508.top/cdn-cgi/rum?
2026-07-09 20:26:43,979 [INFO] Capturing request: https://atomsportv508.top/cdn-cgi/rum?
2026-07-09 20:26:44,055 [INFO] Capturing response: https://atomsportv508.top/cdn-cgi/rum? 204 
2026-07-09 20:26:44,077 [INFO] Capturing request: https://teletv5.top/load/yayinlink.php?id=tivibu-spor-4
2026-07-09 20:26:44,080 [INFO] Capturing request: https://atomsportv508.top/favicon.ico
2026-07-09 20:26:44,113 [INFO] Capturing response: https://atomsportv508.top/favicon.ico 200 
2026-07-09 20:26:44,128 [INFO] Capturing response: https://atomsportv508.top/cdn-cgi/rum? 204 
2026-07-09 20:26:44,236 [INFO] Capturing request: https://streamsport365.com/cinema
2026-07-09 20:26:44,315 [INFO] Capturing response: https://teletv5.top/load/yayinlink.php?id=tivibu-spor-4 200 
2026-07-09 20:26:44,608 [INFO] Capturing response: https://streamsport365.com/cinema 200 
2026-07-09 20:27:17,261 [WARNING]   ❌ Tivibu Spor 4 için M3U8 bulunamadı
2026-07-09 20:27:18,329 [INFO] ✅ 5 kanal bulundu, playlist.m3u kaydedildi
