2026-06-13 23:07:26,751 [INFO] 🌐 BASE_URL: https://atomsportv506.top
2026-06-13 23:07:27,782 [INFO] Başlanıyor... 14 kanal taranacak
2026-06-13 23:07:27,782 [INFO] Using default request storage
2026-06-13 23:07:27,787 [INFO] Created proxy listening on 127.0.0.1:39079
2026-06-13 23:07:28,453 [INFO] Capturing request: http://clients2.google.com/time/1/current?cup2key=10:8v2t7V7hO9RBTugowkXjxE3DbIdAtBsnc3plZPWeIlw&cup2hreq=e3b0c44298fc1c149afbf4c8996fb92427ae41e4649b934ca495991b7852b855
2026-06-13 23:07:28,546 [INFO] Capturing response: http://clients2.google.com/time/1/current?cup2key=10:8v2t7V7hO9RBTugowkXjxE3DbIdAtBsnc3plZPWeIlw&cup2hreq=e3b0c44298fc1c149afbf4c8996fb92427ae41e4649b934ca495991b7852b855 200 OK
2026-06-13 23:07:28,559 [INFO] 
[1/14]
2026-06-13 23:07:28,561 [INFO] 🔍 beIN Sports 1 → https://atomsportv506.top/matches?id=bein-sports-1
2026-06-13 23:07:28,656 [INFO] Capturing request: https://accounts.google.com/ListAccounts?gpsia=1&source=ChromiumBrowser&json=standard&laf=b64bin
2026-06-13 23:07:28,790 [INFO] Capturing response: https://accounts.google.com/ListAccounts?gpsia=1&source=ChromiumBrowser&json=standard&laf=b64bin 200 
2026-06-13 23:07:28,790 [INFO] Capturing request: https://atomsportv506.top/matches?id=bein-sports-1
2026-06-13 23:07:29,110 [INFO] Capturing request: https://www.google.com/async/folae?async=_fmt:pb&udm=50&client_locale=en-US
2026-06-13 23:07:29,154 [INFO] Capturing response: https://www.google.com/async/folae?async=_fmt:pb&udm=50&client_locale=en-US 200 
2026-06-13 23:07:29,340 [INFO] Capturing response: https://atomsportv506.top/matches?id=bein-sports-1 200 
2026-06-13 23:07:29,492 [INFO] Capturing request: https://atomsportv506.top/assets/js/clappr.js
2026-06-13 23:07:29,560 [INFO] Capturing response: https://atomsportv506.top/assets/js/clappr.js 200 
2026-06-13 23:07:29,570 [INFO] Capturing request: https://cdn.jsdelivr.net/npm/@clappr/player@latest/dist/clappr.min.js
2026-06-13 23:07:29,573 [INFO] Capturing request: https://cdnjs.cloudflare.com/ajax/libs/jquery/3.2.1/jquery.min.js
2026-06-13 23:07:29,608 [INFO] Capturing response: https://cdnjs.cloudflare.com/ajax/libs/jquery/3.2.1/jquery.min.js 200 
2026-06-13 23:07:29,656 [INFO] Capturing response: https://cdn.jsdelivr.net/npm/@clappr/player@latest/dist/clappr.min.js 200 
2026-06-13 23:07:29,824 [INFO] Capturing request: https://static.cloudflareinsights.com/beacon.min.js/v833ccba57c9e4d2798f2e76cebdd09a11778172276447
2026-06-13 23:07:29,851 [INFO] Capturing response: https://static.cloudflareinsights.com/beacon.min.js/v833ccba57c9e4d2798f2e76cebdd09a11778172276447 200 
2026-06-13 23:07:29,911 [INFO] Capturing request: https://atomsportv506.top/cdn-cgi/rum?
2026-06-13 23:07:30,016 [INFO] Capturing request: https://atomsportv506.top/favicon.ico
2026-06-13 23:07:30,046 [INFO] Capturing response: https://atomsportv506.top/cdn-cgi/rum? 204 
2026-06-13 23:07:30,090 [INFO] Capturing response: https://atomsportv506.top/favicon.ico 200 
2026-06-13 23:07:30,137 [INFO] Capturing request: https://teletv5.top/load/yayinlink.php?id=bein-sports-1
2026-06-13 23:07:30,568 [INFO] Capturing response: https://teletv5.top/load/yayinlink.php?id=bein-sports-1 200 
2026-06-13 23:07:30,591 [INFO] Capturing request: https://streamsport365.com/cinema
2026-06-13 23:07:30,880 [INFO] Capturing response: https://streamsport365.com/cinema 200 
2026-06-13 23:07:31,010 [INFO] Capturing request: https://atomsportv506.top/assets/img/player_logo_6880e4e4c52ee.png
2026-06-13 23:07:31,096 [INFO] Capturing response: https://atomsportv506.top/assets/img/player_logo_6880e4e4c52ee.png 200 
2026-06-13 23:07:31,165 [INFO] Capturing request: https://hlssssssssssssssssss.yedeklinksa35.workers.dev/https://corestream.ronaldovurdu.help//aspor/tracks-v1a1/mono.m3u8
2026-06-13 23:07:31,373 [INFO] Capturing response: https://hlssssssssssssssssss.yedeklinksa35.workers.dev/https://corestream.ronaldovurdu.help//aspor/tracks-v1a1/mono.m3u8 200 
2026-06-13 23:07:31,710 [INFO] Capturing request: https://ts.yedeklinksa35.workers.dev/aspor/tracks-v1a1/2026/06/13/23/07/24-06000.avif
2026-06-13 23:07:31,794 [INFO] Capturing request: https://android.clients.google.com/checkin
2026-06-13 23:07:31,890 [INFO] Capturing response: https://android.clients.google.com/checkin 200 
2026-06-13 23:07:31,938 [INFO] Capturing request: https://android.clients.google.com/c2dm/register3
2026-06-13 23:07:31,945 [INFO] Capturing request: https://android.clients.google.com/c2dm/register3
2026-06-13 23:07:31,947 [INFO] Capturing request: https://android.clients.google.com/c2dm/register3
2026-06-13 23:07:32,015 [INFO] Capturing response: https://android.clients.google.com/c2dm/register3 200 
2026-06-13 23:07:32,019 [INFO] Capturing response: https://android.clients.google.com/c2dm/register3 200 
2026-06-13 23:07:32,400 [INFO] Capturing response: https://android.clients.google.com/c2dm/register3 200 
2026-06-13 23:07:32,931 [INFO]   ✅ M3U8 bulundu: https://hlssssssssssssssssss.yedeklinksa35.workers.dev/https://corestream.ronaldovurdu.help//aspor/tracks-v1a1/mono.m3u8
2026-06-13 23:07:33,303 [INFO] Capturing response: https://ts.yedeklinksa35.workers.dev/aspor/tracks-v1a1/2026/06/13/23/07/24-06000.avif 200 
2026-06-13 23:07:33,564 [INFO] Capturing request: https://ts.yedeklinksa35.workers.dev/aspor/tracks-v1a1/2026/06/13/23/07/30-06000.avif
2026-06-13 23:07:33,933 [INFO] 
[2/14]
2026-06-13 23:07:33,934 [INFO] 🔍 beIN Sports 2 → https://atomsportv506.top/matches?id=bein-sports-2
2026-06-13 23:07:34,047 [INFO] Capturing request: https://atomsportv506.top/matches?id=bein-sports-2
2026-06-13 23:07:34,114 [INFO] Capturing response: https://atomsportv506.top/matches?id=bein-sports-2 200 
2026-06-13 23:07:34,136 [INFO] Capturing request: https://atomsportv506.top/cdn-cgi/rum?
2026-06-13 23:07:34,175 [INFO] Capturing request: https://streamsport365.com/cinema
2026-06-13 23:07:34,184 [INFO] Capturing request: https://atomsportv506.top/cdn-cgi/rum?
2026-06-13 23:07:34,269 [INFO] Capturing request: https://teletv5.top/load/yayinlink.php?id=bein-sports-2
2026-06-13 23:07:34,274 [INFO] Capturing response: https://atomsportv506.top/cdn-cgi/rum? 204 
2026-06-13 23:07:34,284 [INFO] Capturing request: https://atomsportv506.top/favicon.ico
2026-06-13 23:07:34,359 [INFO] Capturing response: https://atomsportv506.top/cdn-cgi/rum? 204 
2026-06-13 23:07:34,461 [INFO] Capturing response: https://streamsport365.com/cinema 200 
2026-06-13 23:07:34,486 [INFO] Capturing response: https://teletv5.top/load/yayinlink.php?id=bein-sports-2 200 
2026-06-13 23:07:34,612 [INFO] Capturing request: https://hlssssssssssssssssss.yedeklinksa35.workers.dev/https://corestream.ronaldovurdu.help//bein2/tracks-v1a1/mono.m3u8
2026-06-13 23:07:34,618 [INFO] Capturing response: https://atomsportv506.top/favicon.ico 200 
2026-06-13 23:07:34,844 [INFO] Capturing response: https://hlssssssssssssssssss.yedeklinksa35.workers.dev/https://corestream.ronaldovurdu.help//bein2/tracks-v1a1/mono.m3u8 200 
2026-06-13 23:07:34,953 [INFO] Capturing request: https://ts.yedeklinksa35.workers.dev/bein2/tracks-v1a1/2026/06/13/23/07/36-06680.avif
2026-06-13 23:07:35,262 [INFO] Capturing response: https://ts.yedeklinksa35.workers.dev/aspor/tracks-v1a1/2026/06/13/23/07/30-06000.avif 200 
2026-06-13 23:07:35,313 [INFO] 127.0.0.1:49432: ProtocolException("Error in HTTP connection: Http2ZombieException('Connection or stream already dead: 1781392055.313291, False')")
2026-06-13 23:07:35,628 [INFO] Capturing response: https://ts.yedeklinksa35.workers.dev/bein2/tracks-v1a1/2026/06/13/23/07/36-06680.avif 200 
2026-06-13 23:07:35,776 [INFO] Capturing request: https://ts.yedeklinksa35.workers.dev/bein2/tracks-v1a1/2026/06/13/23/07/43-14360.avif
2026-06-13 23:07:36,979 [INFO] Capturing response: https://ts.yedeklinksa35.workers.dev/bein2/tracks-v1a1/2026/06/13/23/07/43-14360.avif 200 
2026-06-13 23:07:37,191 [INFO] Capturing request: https://ts.yedeklinksa35.workers.dev/bein2/tracks-v1a1/2026/06/13/23/07/57-08960.avif
2026-06-13 23:07:37,195 [INFO]   ✅ M3U8 bulundu: https://hlssssssssssssssssss.yedeklinksa35.workers.dev/https://corestream.ronaldovurdu.help//bein2/tracks-v1a1/mono.m3u8
2026-06-13 23:07:37,947 [INFO] Capturing response: https://ts.yedeklinksa35.workers.dev/bein2/tracks-v1a1/2026/06/13/23/07/57-08960.avif 200 
2026-06-13 23:07:38,134 [INFO] Capturing request: https://ts.yedeklinksa35.workers.dev/bein2/tracks-v1a1/2026/06/13/23/08/06-10000.avif
2026-06-13 23:07:38,195 [INFO] 
[3/14]
2026-06-13 23:07:38,195 [INFO] 🔍 beIN Sports 3 → https://atomsportv506.top/matches?id=bein-sports-3
2026-06-13 23:07:38,307 [INFO] Capturing request: https://atomsportv506.top/assets/js/clappr.js
2026-06-13 23:07:38,309 [INFO] Capturing request: https://atomsportv506.top/matches?id=bein-sports-3
2026-06-13 23:07:38,338 [INFO] Capturing response: https://atomsportv506.top/assets/js/clappr.js 200 
2026-06-13 23:07:38,381 [INFO] Capturing response: https://atomsportv506.top/matches?id=bein-sports-3 200 
2026-06-13 23:07:38,392 [INFO] Capturing request: https://atomsportv506.top/cdn-cgi/rum?
2026-06-13 23:07:38,418 [INFO] Capturing request: https://atomsportv506.top/cdn-cgi/rum?
2026-06-13 23:07:38,518 [INFO] Capturing request: https://teletv5.top/load/yayinlink.php?id=bein-sports-3
2026-06-13 23:07:38,522 [INFO] Capturing request: https://atomsportv506.top/favicon.ico
2026-06-13 23:07:38,541 [INFO] Capturing response: https://atomsportv506.top/cdn-cgi/rum? 204 
2026-06-13 23:07:38,551 [INFO] Capturing response: https://atomsportv506.top/cdn-cgi/rum? 204 
2026-06-13 23:07:38,566 [INFO] Capturing response: https://atomsportv506.top/favicon.ico 200 
2026-06-13 23:07:38,637 [INFO] Capturing request: https://streamsport365.com/cinema
2026-06-13 23:07:38,736 [INFO] Capturing response: https://teletv5.top/load/yayinlink.php?id=bein-sports-3 200 
2026-06-13 23:07:38,925 [INFO] Capturing response: https://streamsport365.com/cinema 200 
2026-06-13 23:07:39,083 [INFO] Capturing response: https://ts.yedeklinksa35.workers.dev/bein2/tracks-v1a1/2026/06/13/23/08/06-10000.avif 200 
2026-06-13 23:07:58,417 [INFO] Capturing request: https://android.clients.google.com/c2dm/register3
2026-06-13 23:07:58,479 [INFO] Capturing response: https://android.clients.google.com/c2dm/register3 301 
2026-06-13 23:07:59,973 [INFO] Capturing request: https://android.clients.google.com/c2dm/register3
2026-06-13 23:08:00,347 [INFO] Capturing response: https://android.clients.google.com/c2dm/register3 200 
2026-06-13 23:08:11,737 [WARNING]   ❌ beIN Sports 3 için M3U8 bulunamadı
2026-06-13 23:08:12,738 [INFO] 
[4/14]
2026-06-13 23:08:12,738 [INFO] 🔍 beIN Sports 4 → https://atomsportv506.top/matches?id=bein-sports-4
2026-06-13 23:08:12,846 [INFO] Capturing request: https://atomsportv506.top/assets/js/clappr.js
2026-06-13 23:08:12,847 [INFO] Capturing request: https://atomsportv506.top/matches?id=bein-sports-4
2026-06-13 23:08:12,877 [INFO] Capturing response: https://atomsportv506.top/assets/js/clappr.js 200 
2026-06-13 23:08:13,159 [INFO] Capturing response: https://atomsportv506.top/matches?id=bein-sports-4 200 
2026-06-13 23:08:13,171 [INFO] Capturing request: https://atomsportv506.top/cdn-cgi/rum?
2026-06-13 23:08:13,196 [INFO] Capturing request: https://atomsportv506.top/cdn-cgi/rum?
2026-06-13 23:08:13,293 [INFO] Capturing request: https://teletv5.top/load/yayinlink.php?id=bein-sports-4
2026-06-13 23:08:13,296 [INFO] Capturing request: https://atomsportv506.top/favicon.ico
2026-06-13 23:08:13,305 [INFO] Capturing response: https://atomsportv506.top/cdn-cgi/rum? 204 
2026-06-13 23:08:13,319 [INFO] Capturing response: https://atomsportv506.top/cdn-cgi/rum? 204 
2026-06-13 23:08:13,342 [INFO] Capturing response: https://atomsportv506.top/favicon.ico 200 
2026-06-13 23:08:13,411 [INFO] Capturing request: https://streamsport365.com/cinema
2026-06-13 23:08:13,627 [INFO] Capturing response: https://teletv5.top/load/yayinlink.php?id=bein-sports-4 200 
2026-06-13 23:08:13,694 [INFO] Capturing response: https://streamsport365.com/cinema 200 
2026-06-13 23:08:28,525 [INFO] Capturing request: https://update.googleapis.com/service/update2/json?cup2key=16:4ZhYspASSA0-xCUDdsTaEXBGM7tUL45KGzHbXjljzoU&cup2hreq=c4b2a4a6fe7bfcdadb61a78af81789e175faa179d3af2b09ac8814db4b3aa815
2026-06-13 23:08:28,577 [INFO] Capturing response: https://update.googleapis.com/service/update2/json?cup2key=16:4ZhYspASSA0-xCUDdsTaEXBGM7tUL45KGzHbXjljzoU&cup2hreq=c4b2a4a6fe7bfcdadb61a78af81789e175faa179d3af2b09ac8814db4b3aa815 200 
2026-06-13 23:08:28,624 [INFO] Capturing request: http://edgedl.me.gvt1.com/edgedl/diffgen-puffin/gcmjkmgdlgnkkcocmoeiminaijmmjnii/71d926df14cb4c89c6f8f88e6c0bfcf6fe1e1a256ca7f8db04002a111af4c5b0
2026-06-13 23:08:28,731 [INFO] Capturing response: http://edgedl.me.gvt1.com/edgedl/diffgen-puffin/gcmjkmgdlgnkkcocmoeiminaijmmjnii/71d926df14cb4c89c6f8f88e6c0bfcf6fe1e1a256ca7f8db04002a111af4c5b0 200 OK
2026-06-13 23:08:28,758 [INFO] Capturing request: https://update.googleapis.com/service/update2/json
2026-06-13 23:08:28,820 [INFO] Capturing response: https://update.googleapis.com/service/update2/json 200 
2026-06-13 23:08:28,825 [INFO] Capturing request: http://edgedl.me.gvt1.com/edgedl/release2/chrome_component/izbbka66ndpnplvibnczrevqxa_10584/hfnkpimlhhgieaddgfemjhofmfblmnib_10584_all_gigfr2zh4ef63yqfkyptnqhsbq.crx3
2026-06-13 23:08:28,975 [INFO] Capturing response: http://edgedl.me.gvt1.com/edgedl/release2/chrome_component/izbbka66ndpnplvibnczrevqxa_10584/hfnkpimlhhgieaddgfemjhofmfblmnib_10584_all_gigfr2zh4ef63yqfkyptnqhsbq.crx3 200 OK
2026-06-13 23:08:29,011 [INFO] Capturing request: https://update.googleapis.com/service/update2/json
2026-06-13 23:08:29,051 [INFO] Capturing response: https://update.googleapis.com/service/update2/json 200 
2026-06-13 23:08:42,456 [INFO] Capturing request: https://android.clients.google.com/c2dm/register3
2026-06-13 23:08:42,523 [INFO] Capturing response: https://android.clients.google.com/c2dm/register3 301 
2026-06-13 23:08:46,494 [WARNING]   ❌ beIN Sports 4 için M3U8 bulunamadı
2026-06-13 23:08:47,494 [INFO] 
[5/14]
2026-06-13 23:08:47,494 [INFO] 🔍 beIN Sports 5 → https://atomsportv506.top/matches?id=bein-sports-5
2026-06-13 23:08:47,672 [INFO] Capturing request: https://atomsportv506.top/matches?id=bein-sports-5
2026-06-13 23:08:47,674 [INFO] Capturing request: https://atomsportv506.top/assets/js/clappr.js
2026-06-13 23:08:47,768 [INFO] Capturing response: https://atomsportv506.top/assets/js/clappr.js 200 
2026-06-13 23:08:48,371 [INFO] Capturing response: https://atomsportv506.top/matches?id=bein-sports-5 200 
2026-06-13 23:08:48,383 [INFO] Capturing request: https://atomsportv506.top/cdn-cgi/rum?
2026-06-13 23:08:48,408 [INFO] Capturing request: https://atomsportv506.top/cdn-cgi/rum?
2026-06-13 23:08:48,514 [INFO] Capturing request: https://atomsportv506.top/favicon.ico
2026-06-13 23:08:48,531 [INFO] Capturing response: https://atomsportv506.top/cdn-cgi/rum? 204 
2026-06-13 23:08:48,544 [INFO] Capturing response: https://atomsportv506.top/cdn-cgi/rum? 204 
2026-06-13 23:08:48,575 [INFO] Capturing request: https://teletv5.top/load/yayinlink.php?id=bein-sports-5
2026-06-13 23:08:48,583 [INFO] Capturing response: https://atomsportv506.top/favicon.ico 200 
2026-06-13 23:08:48,791 [INFO] Capturing response: https://teletv5.top/load/yayinlink.php?id=bein-sports-5 200 
2026-06-13 23:08:49,093 [INFO] Capturing request: https://streamsport365.com/cinema
2026-06-13 23:08:49,384 [INFO] Capturing response: https://streamsport365.com/cinema 200 
2026-06-13 23:09:21,687 [WARNING]   ❌ beIN Sports 5 için M3U8 bulunamadı
2026-06-13 23:09:22,687 [INFO] 
[6/14]
2026-06-13 23:09:22,688 [INFO] 🔍 beIN Sports Max 1 → https://atomsportv506.top/matches?id=bein-sports-max-1
2026-06-13 23:09:22,796 [INFO] Capturing request: https://atomsportv506.top/assets/js/clappr.js
2026-06-13 23:09:22,798 [INFO] Capturing request: https://atomsportv506.top/matches?id=bein-sports-max-1
2026-06-13 23:09:22,830 [INFO] Capturing response: https://atomsportv506.top/assets/js/clappr.js 200 
2026-06-13 23:09:23,113 [INFO] Capturing response: https://atomsportv506.top/matches?id=bein-sports-max-1 200 
2026-06-13 23:09:23,127 [INFO] Capturing request: https://atomsportv506.top/cdn-cgi/rum?
2026-06-13 23:09:23,155 [INFO] Capturing request: https://atomsportv506.top/cdn-cgi/rum?
2026-06-13 23:09:23,249 [INFO] Capturing request: https://teletv5.top/load/yayinlink.php?id=bein-sports-max-1
2026-06-13 23:09:23,257 [INFO] Capturing request: https://atomsportv506.top/favicon.ico
2026-06-13 23:09:23,275 [INFO] Capturing response: https://atomsportv506.top/cdn-cgi/rum? 204 
2026-06-13 23:09:23,289 [INFO] Capturing response: https://atomsportv506.top/cdn-cgi/rum? 204 
2026-06-13 23:09:23,318 [INFO] Capturing response: https://atomsportv506.top/favicon.ico 200 
2026-06-13 23:09:23,368 [INFO] Capturing request: https://streamsport365.com/cinema
2026-06-13 23:09:23,469 [INFO] Capturing response: https://teletv5.top/load/yayinlink.php?id=bein-sports-max-1 200 
2026-06-13 23:09:23,657 [INFO] Capturing response: https://streamsport365.com/cinema 200 
2026-06-13 23:09:56,433 [WARNING]   ❌ beIN Sports Max 1 için M3U8 bulunamadı
2026-06-13 23:09:57,434 [INFO] 
[7/14]
2026-06-13 23:09:57,434 [INFO] 🔍 beIN Sports Max 2 → https://atomsportv506.top/matches?id=bein-sports-max-2
2026-06-13 23:09:57,542 [INFO] Capturing request: https://atomsportv506.top/assets/js/clappr.js
2026-06-13 23:09:57,544 [INFO] Capturing request: https://atomsportv506.top/matches?id=bein-sports-max-2
2026-06-13 23:09:57,572 [INFO] Capturing response: https://atomsportv506.top/assets/js/clappr.js 200 
2026-06-13 23:09:57,870 [INFO] Capturing response: https://atomsportv506.top/matches?id=bein-sports-max-2 200 
2026-06-13 23:09:57,879 [INFO] Capturing request: https://atomsportv506.top/cdn-cgi/rum?
2026-06-13 23:09:57,909 [INFO] Capturing request: https://atomsportv506.top/cdn-cgi/rum?
2026-06-13 23:09:58,007 [INFO] Capturing request: https://teletv5.top/load/yayinlink.php?id=bein-sports-max-2
2026-06-13 23:09:58,009 [INFO] Capturing request: https://atomsportv506.top/favicon.ico
2026-06-13 23:09:58,014 [INFO] Capturing response: https://atomsportv506.top/cdn-cgi/rum? 204 
2026-06-13 23:09:58,066 [INFO] Capturing response: https://atomsportv506.top/favicon.ico 200 
2026-06-13 23:09:58,086 [INFO] Capturing response: https://atomsportv506.top/cdn-cgi/rum? 204 
2026-06-13 23:09:58,134 [INFO] Capturing request: https://streamsport365.com/cinema
2026-06-13 23:09:58,232 [INFO] Capturing response: https://teletv5.top/load/yayinlink.php?id=bein-sports-max-2 200 
2026-06-13 23:09:58,433 [INFO] Capturing response: https://streamsport365.com/cinema 200 
2026-06-13 23:10:18,884 [INFO] Capturing request: https://android.clients.google.com/c2dm/register3
2026-06-13 23:10:18,947 [INFO] Capturing response: https://android.clients.google.com/c2dm/register3 301 
2026-06-13 23:10:31,198 [WARNING]   ❌ beIN Sports Max 2 için M3U8 bulunamadı
2026-06-13 23:10:32,198 [INFO] 
[8/14]
2026-06-13 23:10:32,198 [INFO] 🔍 S Sport → https://atomsportv506.top/matches?id=s-sport
2026-06-13 23:10:32,306 [INFO] Capturing request: https://atomsportv506.top/assets/js/clappr.js
2026-06-13 23:10:32,308 [INFO] Capturing request: https://atomsportv506.top/matches?id=s-sport
2026-06-13 23:10:32,334 [INFO] Capturing response: https://atomsportv506.top/assets/js/clappr.js 200 
2026-06-13 23:10:32,640 [INFO] Capturing response: https://atomsportv506.top/matches?id=s-sport 200 
2026-06-13 23:10:32,648 [INFO] Capturing request: https://atomsportv506.top/cdn-cgi/rum?
2026-06-13 23:10:32,676 [INFO] Capturing request: https://atomsportv506.top/cdn-cgi/rum?
2026-06-13 23:10:32,772 [INFO] Capturing request: https://teletv5.top/load/yayinlink.php?id=s-sport
2026-06-13 23:10:32,779 [INFO] Capturing request: https://atomsportv506.top/favicon.ico
2026-06-13 23:10:32,781 [INFO] Capturing response: https://atomsportv506.top/cdn-cgi/rum? 204 
2026-06-13 23:10:32,834 [INFO] Capturing response: https://atomsportv506.top/favicon.ico 200 
2026-06-13 23:10:32,852 [INFO] Capturing response: https://atomsportv506.top/cdn-cgi/rum? 204 
2026-06-13 23:10:32,889 [INFO] Capturing request: https://streamsport365.com/cinema
2026-06-13 23:10:32,987 [INFO] Capturing response: https://teletv5.top/load/yayinlink.php?id=s-sport 200 
2026-06-13 23:10:33,178 [INFO] Capturing response: https://streamsport365.com/cinema 200 
2026-06-13 23:10:33,296 [INFO] Capturing request: https://atomsportv506.top/assets/img/player_logo_6880e4e4c52ee.png
2026-06-13 23:10:33,366 [INFO] Capturing request: https://hlssssssssssssssssss.yedeklinksa35.workers.dev/https://corestream.ronaldovurdu.help//s-sportt/tracks-v1a1/mono.m3u8
2026-06-13 23:10:33,373 [INFO] Capturing response: https://atomsportv506.top/assets/img/player_logo_6880e4e4c52ee.png 200 
2026-06-13 23:10:33,544 [INFO] Capturing response: https://hlssssssssssssssssss.yedeklinksa35.workers.dev/https://corestream.ronaldovurdu.help//s-sportt/tracks-v1a1/mono.m3u8 200 
2026-06-13 23:10:33,756 [INFO] Capturing request: https://ts.yedeklinksa35.workers.dev/s-sportt/tracks-v1a1/2026/06/13/23/10/19-06000.avif
2026-06-13 23:10:35,154 [INFO] Capturing response: https://ts.yedeklinksa35.workers.dev/s-sportt/tracks-v1a1/2026/06/13/23/10/19-06000.avif 200 
2026-06-13 23:10:35,378 [INFO] Capturing request: https://ts.yedeklinksa35.workers.dev/s-sportt/tracks-v1a1/2026/06/13/23/10/25-06000.avif
2026-06-13 23:10:35,692 [INFO]   ✅ M3U8 bulundu: https://hlssssssssssssssssss.yedeklinksa35.workers.dev/https://corestream.ronaldovurdu.help//s-sportt/tracks-v1a1/mono.m3u8
2026-06-13 23:10:36,692 [INFO] 
[9/14]
2026-06-13 23:10:36,693 [INFO] 🔍 S Sport 2 → https://atomsportv506.top/matches?id=s-sport-2
2026-06-13 23:10:36,707 [INFO] Capturing response: https://ts.yedeklinksa35.workers.dev/s-sportt/tracks-v1a1/2026/06/13/23/10/25-06000.avif 200 
2026-06-13 23:10:36,807 [INFO] Capturing request: https://atomsportv506.top/assets/js/clappr.js
2026-06-13 23:10:36,808 [INFO] Capturing request: https://atomsportv506.top/matches?id=s-sport-2
2026-06-13 23:10:36,837 [INFO] Capturing response: https://atomsportv506.top/assets/js/clappr.js 200 
2026-06-13 23:10:36,886 [INFO] Capturing response: https://atomsportv506.top/matches?id=s-sport-2 200 
2026-06-13 23:10:36,898 [INFO] Capturing request: https://atomsportv506.top/cdn-cgi/rum?
2026-06-13 23:10:36,934 [INFO] Capturing request: https://streamsport365.com/cinema
2026-06-13 23:10:36,941 [INFO] Capturing request: https://atomsportv506.top/cdn-cgi/rum?
2026-06-13 23:10:36,944 [INFO] Capturing request: https://ts.yedeklinksa35.workers.dev/s-sportt/tracks-v1a1/2026/06/13/23/10/31-06000.avif
2026-06-13 23:10:37,035 [INFO] Capturing request: https://teletv5.top/load/yayinlink.php?id=s-sport-2
2026-06-13 23:10:37,041 [INFO] Capturing request: https://atomsportv506.top/favicon.ico
2026-06-13 23:10:37,061 [INFO] Capturing response: https://atomsportv506.top/cdn-cgi/rum? 204 
2026-06-13 23:10:37,073 [INFO] Capturing response: https://atomsportv506.top/cdn-cgi/rum? 204 
2026-06-13 23:10:37,100 [INFO] Capturing response: https://atomsportv506.top/favicon.ico 200 
2026-06-13 23:10:37,249 [INFO] Capturing response: https://streamsport365.com/cinema 200 
2026-06-13 23:10:37,256 [INFO] Capturing response: https://teletv5.top/load/yayinlink.php?id=s-sport-2 200 
2026-06-13 23:10:37,417 [INFO] Capturing request: https://hlssssssssssssssssss.yedeklinksa35.workers.dev/https://corestream.ronaldovurdu.help//s-sport2/tracks-v1a1/mono.m3u8
2026-06-13 23:10:37,597 [INFO] Capturing response: https://hlssssssssssssssssss.yedeklinksa35.workers.dev/https://corestream.ronaldovurdu.help//s-sport2/tracks-v1a1/mono.m3u8 200 
2026-06-13 23:10:37,708 [INFO] Capturing request: https://ts.yedeklinksa35.workers.dev/s-sport2/tracks-v1a1/2026/06/13/23/10/41-06000.avif
2026-06-13 23:10:38,067 [INFO] Capturing response: https://ts.yedeklinksa35.workers.dev/s-sportt/tracks-v1a1/2026/06/13/23/10/31-06000.avif 200 
2026-06-13 23:10:38,098 [INFO] 127.0.0.1:44844: ProtocolException("Error in HTTP connection: Http2ZombieException('Connection or stream already dead: 1781392238.0982955, False')")
2026-06-13 23:10:39,958 [INFO]   ✅ M3U8 bulundu: https://hlssssssssssssssssss.yedeklinksa35.workers.dev/https://corestream.ronaldovurdu.help//s-sport2/tracks-v1a1/mono.m3u8
2026-06-13 23:10:40,507 [INFO] Capturing response: https://ts.yedeklinksa35.workers.dev/s-sport2/tracks-v1a1/2026/06/13/23/10/41-06000.avif 200 
2026-06-13 23:10:40,811 [INFO] Capturing request: https://ts.yedeklinksa35.workers.dev/s-sport2/tracks-v1a1/2026/06/13/23/10/47-06000.avif
2026-06-13 23:10:40,958 [INFO] 
[10/14]
2026-06-13 23:10:40,958 [INFO] 🔍 A Spor → https://atomsportv506.top/matches?id=a-spor
2026-06-13 23:10:41,070 [INFO] Capturing request: https://atomsportv506.top/assets/js/clappr.js
2026-06-13 23:10:41,075 [INFO] Capturing request: https://atomsportv506.top/matches?id=a-spor
2026-06-13 23:10:41,182 [INFO] Capturing response: https://atomsportv506.top/matches?id=a-spor 200 
2026-06-13 23:10:41,209 [INFO] Capturing request: https://atomsportv506.top/cdn-cgi/rum?
2026-06-13 23:10:41,264 [INFO] Capturing request: https://atomsportv506.top/cdn-cgi/rum?
2026-06-13 23:10:41,364 [INFO] Capturing request: https://teletv5.top/load/yayinlink.php?id=a-spor
2026-06-13 23:10:41,366 [INFO] Capturing request: https://atomsportv506.top/favicon.ico
2026-06-13 23:10:41,389 [INFO] Capturing response: https://atomsportv506.top/cdn-cgi/rum? 204 
2026-06-13 23:10:41,396 [INFO] Capturing response: https://atomsportv506.top/cdn-cgi/rum? 204 
2026-06-13 23:10:41,429 [INFO] Capturing response: https://atomsportv506.top/favicon.ico 200 
2026-06-13 23:10:41,482 [INFO] Capturing request: https://streamsport365.com/cinema
2026-06-13 23:10:41,583 [INFO] Capturing response: https://teletv5.top/load/yayinlink.php?id=a-spor 200 
2026-06-13 23:10:41,778 [INFO] Capturing response: https://streamsport365.com/cinema 200 
2026-06-13 23:10:41,903 [INFO] Capturing request: https://hlssssssssssssssssss.yedeklinksa35.workers.dev/https://corestream.ronaldovurdu.help//aspor/tracks-v1a1/mono.m3u8
2026-06-13 23:10:42,137 [INFO] Capturing response: https://hlssssssssssssssssss.yedeklinksa35.workers.dev/https://corestream.ronaldovurdu.help//aspor/tracks-v1a1/mono.m3u8 200 
2026-06-13 23:10:42,251 [INFO] Capturing request: https://ts.yedeklinksa35.workers.dev/aspor/tracks-v1a1/2026/06/13/23/10/30-06000.avif
2026-06-13 23:10:43,237 [INFO] Capturing response: https://atomsportv506.top/assets/js/clappr.js 200 
2026-06-13 23:10:43,972 [INFO] Capturing response: https://ts.yedeklinksa35.workers.dev/aspor/tracks-v1a1/2026/06/13/23/10/30-06000.avif 200 
2026-06-13 23:10:44,304 [INFO]   ✅ M3U8 bulundu: https://hlssssssssssssssssss.yedeklinksa35.workers.dev/https://corestream.ronaldovurdu.help//aspor/tracks-v1a1/mono.m3u8
2026-06-13 23:10:44,347 [INFO] Capturing request: https://ts.yedeklinksa35.workers.dev/aspor/tracks-v1a1/2026/06/13/23/10/36-06000.avif
2026-06-13 23:10:45,305 [INFO] 
[11/14]
2026-06-13 23:10:45,305 [INFO] 🔍 Tivibu Spor 1 → https://atomsportv506.top/matches?id=tivibu-spor-1
2026-06-13 23:10:45,414 [INFO] Capturing request: https://atomsportv506.top/assets/js/clappr.js
2026-06-13 23:10:45,416 [INFO] Capturing request: https://atomsportv506.top/matches?id=tivibu-spor-1
2026-06-13 23:10:45,526 [INFO] Capturing response: https://atomsportv506.top/matches?id=tivibu-spor-1 200 
2026-06-13 23:10:45,536 [INFO] Capturing request: https://atomsportv506.top/cdn-cgi/rum?
2026-06-13 23:10:45,579 [INFO] Capturing request: https://atomsportv506.top/cdn-cgi/rum?
2026-06-13 23:10:45,583 [INFO] Capturing request: https://streamsport365.com/cinema
2026-06-13 23:10:45,626 [INFO] Capturing response: https://atomsportv506.top/assets/js/clappr.js 200 
2026-06-13 23:10:45,670 [INFO] Capturing request: https://teletv5.top/load/yayinlink.php?id=tivibu-spor-1
2026-06-13 23:10:45,685 [INFO] Capturing request: https://atomsportv506.top/favicon.ico
2026-06-13 23:10:45,701 [INFO] Capturing response: https://atomsportv506.top/cdn-cgi/rum? 204 
2026-06-13 23:10:45,728 [INFO] Capturing response: https://atomsportv506.top/cdn-cgi/rum? 204 
2026-06-13 23:10:45,753 [INFO] Capturing response: https://atomsportv506.top/favicon.ico 200 
2026-06-13 23:10:45,878 [INFO] Capturing response: https://streamsport365.com/cinema 200 
2026-06-13 23:10:45,887 [INFO] Capturing response: https://teletv5.top/load/yayinlink.php?id=tivibu-spor-1 200 
2026-06-13 23:10:46,417 [INFO] Capturing response: https://ts.yedeklinksa35.workers.dev/aspor/tracks-v1a1/2026/06/13/23/10/36-06000.avif 200 
2026-06-13 23:10:46,511 [INFO] 127.0.0.1:44844: ProtocolException("Error in HTTP connection: Http2ZombieException('Connection or stream already dead: 1781392246.5097504, False')")
2026-06-13 23:10:50,838 [INFO] Capturing response: https://ts.yedeklinksa35.workers.dev/s-sport2/tracks-v1a1/2026/06/13/23/10/47-06000.avif 200 
2026-06-13 23:11:18,877 [WARNING]   ❌ Tivibu Spor 1 için M3U8 bulunamadı
2026-06-13 23:11:19,877 [INFO] 
[12/14]
2026-06-13 23:11:19,878 [INFO] 🔍 Tivibu Spor 2 → https://atomsportv506.top/matches?id=tivibu-spor-2
2026-06-13 23:11:19,986 [INFO] Capturing request: https://atomsportv506.top/assets/js/clappr.js
2026-06-13 23:11:19,988 [INFO] Capturing request: https://atomsportv506.top/matches?id=tivibu-spor-2
2026-06-13 23:11:20,016 [INFO] Capturing response: https://atomsportv506.top/assets/js/clappr.js 200 
2026-06-13 23:11:20,316 [INFO] Capturing response: https://atomsportv506.top/matches?id=tivibu-spor-2 200 
2026-06-13 23:11:20,325 [INFO] Capturing request: https://atomsportv506.top/cdn-cgi/rum?
2026-06-13 23:11:20,348 [INFO] Capturing request: https://atomsportv506.top/cdn-cgi/rum?
2026-06-13 23:11:20,445 [INFO] Capturing request: https://teletv5.top/load/yayinlink.php?id=tivibu-spor-2
2026-06-13 23:11:20,456 [INFO] Capturing request: https://atomsportv506.top/favicon.ico
2026-06-13 23:11:20,459 [INFO] Capturing response: https://atomsportv506.top/cdn-cgi/rum? 204 
2026-06-13 23:11:20,475 [INFO] Capturing response: https://atomsportv506.top/cdn-cgi/rum? 204 
2026-06-13 23:11:20,511 [INFO] Capturing response: https://atomsportv506.top/favicon.ico 200 
2026-06-13 23:11:20,568 [INFO] Capturing request: https://streamsport365.com/cinema
2026-06-13 23:11:20,665 [INFO] Capturing response: https://teletv5.top/load/yayinlink.php?id=tivibu-spor-2 200 
2026-06-13 23:11:20,863 [INFO] Capturing response: https://streamsport365.com/cinema 200 
2026-06-13 23:11:53,642 [WARNING]   ❌ Tivibu Spor 2 için M3U8 bulunamadı
2026-06-13 23:11:54,642 [INFO] 
[13/14]
2026-06-13 23:11:54,642 [INFO] 🔍 Tivibu Spor 3 → https://atomsportv506.top/matches?id=tivibu-spor-3
2026-06-13 23:11:54,751 [INFO] Capturing request: https://atomsportv506.top/matches?id=tivibu-spor-3
2026-06-13 23:11:55,053 [INFO] Capturing response: https://atomsportv506.top/matches?id=tivibu-spor-3 200 
2026-06-13 23:11:55,063 [INFO] Capturing request: https://atomsportv506.top/cdn-cgi/rum?
2026-06-13 23:11:55,090 [INFO] Capturing request: https://atomsportv506.top/cdn-cgi/rum?
2026-06-13 23:11:55,187 [INFO] Capturing request: https://teletv5.top/load/yayinlink.php?id=tivibu-spor-3
2026-06-13 23:11:55,193 [INFO] Capturing request: https://atomsportv506.top/favicon.ico
2026-06-13 23:11:55,196 [INFO] Capturing response: https://atomsportv506.top/cdn-cgi/rum? 204 
2026-06-13 23:11:55,212 [INFO] Capturing response: https://atomsportv506.top/cdn-cgi/rum? 204 
2026-06-13 23:11:55,261 [INFO] Capturing response: https://atomsportv506.top/favicon.ico 200 
2026-06-13 23:11:55,312 [INFO] Capturing request: https://streamsport365.com/cinema
2026-06-13 23:11:55,609 [INFO] Capturing response: https://streamsport365.com/cinema 200 
2026-06-13 23:11:56,855 [INFO] Capturing response: https://teletv5.top/load/yayinlink.php?id=tivibu-spor-3 200 
2026-06-13 23:12:28,369 [WARNING]   ❌ Tivibu Spor 3 için M3U8 bulunamadı
2026-06-13 23:12:29,369 [INFO] 
[14/14]
2026-06-13 23:12:29,369 [INFO] 🔍 Tivibu Spor 4 → https://atomsportv506.top/matches?id=tivibu-spor-4
2026-06-13 23:12:29,477 [INFO] Capturing request: https://atomsportv506.top/matches?id=tivibu-spor-4
2026-06-13 23:12:29,793 [INFO] Capturing response: https://atomsportv506.top/matches?id=tivibu-spor-4 200 
2026-06-13 23:12:29,802 [INFO] Capturing request: https://atomsportv506.top/cdn-cgi/rum?
2026-06-13 23:12:29,854 [INFO] Capturing request: https://atomsportv506.top/cdn-cgi/rum?
2026-06-13 23:12:29,931 [INFO] Capturing request: https://teletv5.top/load/yayinlink.php?id=tivibu-spor-4
2026-06-13 23:12:29,956 [INFO] Capturing request: https://atomsportv506.top/favicon.ico
2026-06-13 23:12:29,957 [INFO] Capturing response: https://atomsportv506.top/cdn-cgi/rum? 204 
2026-06-13 23:12:30,009 [INFO] Capturing response: https://atomsportv506.top/favicon.ico 200 
2026-06-13 23:12:30,029 [INFO] Capturing response: https://atomsportv506.top/cdn-cgi/rum? 204 
2026-06-13 23:12:30,050 [INFO] Capturing request: https://streamsport365.com/cinema
2026-06-13 23:12:30,330 [INFO] Capturing response: https://teletv5.top/load/yayinlink.php?id=tivibu-spor-4 200 
2026-06-13 23:12:30,340 [INFO] Capturing response: https://streamsport365.com/cinema 200 
2026-06-13 23:13:03,125 [WARNING]   ❌ Tivibu Spor 4 için M3U8 bulunamadı
2026-06-13 23:13:04,192 [INFO] ✅ 5 kanal bulundu, playlist.m3u kaydedildi
