2026-07-08 17:38:42,774 [INFO] 🌐 BASE_URL: https://atomsportv508.top
2026-07-08 17:38:43,806 [INFO] Başlanıyor... 14 kanal taranacak
2026-07-08 17:38:43,806 [INFO] Using default request storage
2026-07-08 17:38:43,810 [INFO] Created proxy listening on 127.0.0.1:44411
2026-07-08 17:38:44,501 [INFO] Capturing request: http://clients2.google.com/time/1/current?cup2key=10:D9GayRjDOv8KIOkl4rSMWdAJt5E7s_fE1Kr79KTCUlc&cup2hreq=e3b0c44298fc1c149afbf4c8996fb92427ae41e4649b934ca495991b7852b855
2026-07-08 17:38:44,548 [INFO] Capturing response: http://clients2.google.com/time/1/current?cup2key=10:D9GayRjDOv8KIOkl4rSMWdAJt5E7s_fE1Kr79KTCUlc&cup2hreq=e3b0c44298fc1c149afbf4c8996fb92427ae41e4649b934ca495991b7852b855 200 OK
2026-07-08 17:38:44,688 [INFO] 
[1/14]
2026-07-08 17:38:44,688 [INFO] 🔍 beIN Sports 1 → https://atomsportv508.top/matches?id=bein-sports-1
2026-07-08 17:38:44,796 [INFO] Capturing request: https://accounts.google.com/ListAccounts?gpsia=1&source=ChromiumBrowser&json=standard&laf=b64bin
2026-07-08 17:38:44,799 [INFO] Capturing request: https://update.googleapis.com/service/update2/json?cup2key=16:WAxZ83lwdh2F6VR_ToITgPnyGSxHhhp6_ajMs6K_VHE&cup2hreq=0cd975433fd94788d473af57d0863604f6de6423cd9360cc38e73199e0d9eefc
2026-07-08 17:38:44,885 [INFO] Capturing response: https://update.googleapis.com/service/update2/json?cup2key=16:WAxZ83lwdh2F6VR_ToITgPnyGSxHhhp6_ajMs6K_VHE&cup2hreq=0cd975433fd94788d473af57d0863604f6de6423cd9360cc38e73199e0d9eefc 200 
2026-07-08 17:38:44,889 [INFO] Capturing response: https://accounts.google.com/ListAccounts?gpsia=1&source=ChromiumBrowser&json=standard&laf=b64bin 200 
2026-07-08 17:38:44,898 [INFO] Capturing request: https://atomsportv508.top/matches?id=bein-sports-1
2026-07-08 17:38:44,933 [INFO] Capturing request: https://update.googleapis.com/service/update2/json?cup2key=16:Nal62jRyVqDVH5HB-PYGAJ8ugcI6PJp5hEiYIiP3WU0&cup2hreq=1dc2330649e3d90693f443de433ab832cef37e624ff193a9226b74765100e453
2026-07-08 17:38:44,965 [INFO] Capturing response: https://update.googleapis.com/service/update2/json?cup2key=16:Nal62jRyVqDVH5HB-PYGAJ8ugcI6PJp5hEiYIiP3WU0&cup2hreq=1dc2330649e3d90693f443de433ab832cef37e624ff193a9226b74765100e453 200 
2026-07-08 17:38:44,996 [INFO] Capturing response: https://atomsportv508.top/matches?id=bein-sports-1 200 
2026-07-08 17:38:45,148 [INFO] Capturing request: https://atomsportv508.top/assets/js/clappr.js
2026-07-08 17:38:45,200 [INFO] Capturing request: https://www.google.com/async/folae?async=_fmt:pb&udm=50&client_locale=en-US&client_country=ZZ
2026-07-08 17:38:45,216 [INFO] Capturing request: https://cdnjs.cloudflare.com/ajax/libs/jquery/3.2.1/jquery.min.js
2026-07-08 17:38:45,224 [INFO] Capturing response: https://www.google.com/async/folae?async=_fmt:pb&udm=50&client_locale=en-US&client_country=ZZ 200 
2026-07-08 17:38:45,231 [INFO] Capturing request: https://cdn.jsdelivr.net/npm/@clappr/player@latest/dist/clappr.min.js
2026-07-08 17:38:45,245 [INFO] Capturing response: https://cdnjs.cloudflare.com/ajax/libs/jquery/3.2.1/jquery.min.js 200 
2026-07-08 17:38:45,282 [INFO] Capturing response: https://atomsportv508.top/assets/js/clappr.js 200 
2026-07-08 17:38:45,288 [INFO] Capturing response: https://cdn.jsdelivr.net/npm/@clappr/player@latest/dist/clappr.min.js 200 
2026-07-08 17:38:45,481 [INFO] Capturing request: https://static.cloudflareinsights.com/beacon.min.js/v4513226cdae34746b4dedf0b4dfa099e1781791509496
2026-07-08 17:38:45,503 [INFO] Capturing response: https://static.cloudflareinsights.com/beacon.min.js/v4513226cdae34746b4dedf0b4dfa099e1781791509496 200 
2026-07-08 17:38:45,564 [INFO] Capturing request: https://atomsportv508.top/cdn-cgi/rum?
2026-07-08 17:38:45,663 [INFO] Capturing request: https://atomsportv508.top/favicon.ico
2026-07-08 17:38:45,719 [INFO] Capturing response: https://atomsportv508.top/favicon.ico 200 
2026-07-08 17:38:45,723 [INFO] Capturing response: https://atomsportv508.top/cdn-cgi/rum? 204 
2026-07-08 17:38:45,749 [INFO] Capturing request: https://teletv5.top/load/yayinlink.php?id=bein-sports-1
2026-07-08 17:38:45,791 [INFO] Capturing response: https://teletv5.top/load/yayinlink.php?id=bein-sports-1 200 
2026-07-08 17:38:46,110 [INFO] Capturing request: https://streamsport365.com/cinema
2026-07-08 17:38:46,359 [INFO] Capturing response: https://streamsport365.com/cinema 200 
2026-07-08 17:38:46,490 [INFO] Capturing request: https://atomsportv508.top/assets/img/player_logo_6880e4e4c52ee.png
2026-07-08 17:38:46,534 [INFO] Capturing response: https://atomsportv508.top/assets/img/player_logo_6880e4e4c52ee.png 200 
2026-07-08 17:38:46,572 [INFO] Capturing request: https://hlssssss-wildflower-4845.ugurdurmus9402.workers.dev/https://corestream.taylandakanzi.help//trtspor/tracks-v1a1/mono.m3u8
2026-07-08 17:38:47,023 [INFO] Capturing response: https://hlssssss-wildflower-4845.ugurdurmus9402.workers.dev/https://corestream.taylandakanzi.help//trtspor/tracks-v1a1/mono.m3u8 200 
2026-07-08 17:38:47,246 [INFO] Capturing request: https://tsss.ugurdurmus9402.workers.dev/trtspor/tracks-v1a1/2026/07/08/17/38/17-06000.avif
2026-07-08 17:38:47,506 [INFO] Capturing request: https://android.clients.google.com/checkin
2026-07-08 17:38:47,612 [INFO] Capturing response: https://android.clients.google.com/checkin 200 
2026-07-08 17:38:47,658 [INFO] Capturing request: https://android.clients.google.com/c2dm/register3
2026-07-08 17:38:47,665 [INFO] Capturing request: https://android.clients.google.com/c2dm/register3
2026-07-08 17:38:47,666 [INFO] Capturing request: https://android.clients.google.com/c2dm/register3
2026-07-08 17:38:47,711 [INFO] Capturing response: https://android.clients.google.com/c2dm/register3 301 
2026-07-08 17:38:48,363 [INFO] Capturing response: https://android.clients.google.com/c2dm/register3 200 
2026-07-08 17:38:48,398 [INFO] Capturing response: https://android.clients.google.com/c2dm/register3 200 
2026-07-08 17:38:48,430 [INFO] Capturing response: https://tsss.ugurdurmus9402.workers.dev/trtspor/tracks-v1a1/2026/07/08/17/38/17-06000.avif 200 
2026-07-08 17:38:48,587 [INFO]   ✅ M3U8 bulundu: https://hlssssss-wildflower-4845.ugurdurmus9402.workers.dev/https://corestream.taylandakanzi.help//trtspor/tracks-v1a1/mono.m3u8
2026-07-08 17:38:48,667 [INFO] Capturing request: https://tsss.ugurdurmus9402.workers.dev/trtspor/tracks-v1a1/2026/07/08/17/38/23-06000.avif
2026-07-08 17:38:49,588 [INFO] 
[2/14]
2026-07-08 17:38:49,588 [INFO] 🔍 beIN Sports 2 → https://atomsportv508.top/matches?id=bein-sports-2
2026-07-08 17:38:49,709 [INFO] Capturing request: https://atomsportv508.top/matches?id=bein-sports-2
2026-07-08 17:38:49,760 [INFO] Capturing response: https://atomsportv508.top/matches?id=bein-sports-2 200 
2026-07-08 17:38:49,774 [INFO] Capturing request: https://atomsportv508.top/cdn-cgi/rum?
2026-07-08 17:38:49,819 [INFO] Capturing request: https://streamsport365.com/cinema
2026-07-08 17:38:49,839 [INFO] Capturing request: https://atomsportv508.top/cdn-cgi/rum?
2026-07-08 17:38:49,858 [INFO] Capturing response: https://tsss.ugurdurmus9402.workers.dev/trtspor/tracks-v1a1/2026/07/08/17/38/23-06000.avif 200 
2026-07-08 17:38:49,907 [INFO] 127.0.0.1:36102: ProtocolException("Error in HTTP connection: Http2ZombieException('Connection or stream already dead: 1783532329.906821, False')")
2026-07-08 17:38:49,933 [INFO] Capturing request: https://teletv5.top/load/yayinlink.php?id=bein-sports-2
2026-07-08 17:38:49,938 [INFO] Capturing request: https://atomsportv508.top/favicon.ico
2026-07-08 17:38:49,942 [INFO] Capturing response: https://atomsportv508.top/cdn-cgi/rum? 204 
2026-07-08 17:38:49,975 [INFO] Capturing response: https://atomsportv508.top/favicon.ico 200 
2026-07-08 17:38:49,999 [INFO] Capturing response: https://atomsportv508.top/cdn-cgi/rum? 204 
2026-07-08 17:38:50,066 [INFO] Capturing response: https://streamsport365.com/cinema 200 
2026-07-08 17:38:50,243 [INFO] Capturing response: https://teletv5.top/load/yayinlink.php?id=bein-sports-2 200 
2026-07-08 17:38:50,366 [INFO] Capturing request: https://hlssssss-wildflower-4845.ugurdurmus9402.workers.dev/https://corestream.taylandakanzi.help//bein2/tracks-v1a1/mono.m3u8
2026-07-08 17:38:50,485 [INFO] Capturing response: https://hlssssss-wildflower-4845.ugurdurmus9402.workers.dev/https://corestream.taylandakanzi.help//bein2/tracks-v1a1/mono.m3u8 200 
2026-07-08 17:38:50,595 [INFO] Capturing request: https://tsss.ugurdurmus9402.workers.dev/bein2/tracks-v1a1/2026/07/08/17/38/28-08800.avif
2026-07-08 17:38:51,768 [INFO] Capturing response: https://tsss.ugurdurmus9402.workers.dev/bein2/tracks-v1a1/2026/07/08/17/38/28-08800.avif 200 
2026-07-08 17:38:51,976 [INFO] Capturing request: https://tsss.ugurdurmus9402.workers.dev/bein2/tracks-v1a1/2026/07/08/17/38/36-05720.avif
2026-07-08 17:38:52,879 [INFO]   ✅ M3U8 bulundu: https://hlssssss-wildflower-4845.ugurdurmus9402.workers.dev/https://corestream.taylandakanzi.help//bein2/tracks-v1a1/mono.m3u8
2026-07-08 17:38:52,998 [INFO] Capturing response: https://tsss.ugurdurmus9402.workers.dev/bein2/tracks-v1a1/2026/07/08/17/38/36-05720.avif 200 
2026-07-08 17:38:53,210 [INFO] Capturing request: https://tsss.ugurdurmus9402.workers.dev/bein2/tracks-v1a1/2026/07/08/17/38/42-08880.avif
2026-07-08 17:38:53,879 [INFO] 
[3/14]
2026-07-08 17:38:53,879 [INFO] 🔍 beIN Sports 3 → https://atomsportv508.top/matches?id=bein-sports-3
2026-07-08 17:38:53,992 [INFO] Capturing request: https://atomsportv508.top/assets/js/clappr.js
2026-07-08 17:38:53,995 [INFO] Capturing request: https://atomsportv508.top/matches?id=bein-sports-3
2026-07-08 17:38:54,025 [INFO] Capturing response: https://atomsportv508.top/assets/js/clappr.js 200 
2026-07-08 17:38:54,065 [INFO] Capturing response: https://atomsportv508.top/matches?id=bein-sports-3 200 
2026-07-08 17:38:54,082 [INFO] Capturing request: https://atomsportv508.top/cdn-cgi/rum?
2026-07-08 17:38:54,108 [INFO] Capturing request: https://atomsportv508.top/cdn-cgi/rum?
2026-07-08 17:38:54,204 [INFO] Capturing request: https://teletv5.top/load/yayinlink.php?id=bein-sports-3
2026-07-08 17:38:54,215 [INFO] Capturing request: https://atomsportv508.top/favicon.ico
2026-07-08 17:38:54,221 [INFO] Capturing response: https://atomsportv508.top/cdn-cgi/rum? 204 
2026-07-08 17:38:54,254 [INFO] Capturing response: https://atomsportv508.top/favicon.ico 200 
2026-07-08 17:38:54,269 [INFO] Capturing response: https://atomsportv508.top/cdn-cgi/rum? 204 
2026-07-08 17:38:54,303 [INFO] Capturing request: https://streamsport365.com/cinema
2026-07-08 17:38:54,365 [INFO] Capturing response: https://tsss.ugurdurmus9402.workers.dev/bein2/tracks-v1a1/2026/07/08/17/38/42-08880.avif 200 
2026-07-08 17:38:54,372 [INFO] Capturing response: https://teletv5.top/load/yayinlink.php?id=bein-sports-3 200 
2026-07-08 17:38:54,426 [INFO] 127.0.0.1:36102: ProtocolException("Error in HTTP connection: Http2ZombieException('Connection or stream already dead: 1783532334.4258432, False')")
2026-07-08 17:38:54,550 [INFO] Capturing response: https://streamsport365.com/cinema 200 
2026-07-08 17:39:13,766 [INFO] Capturing request: https://android.clients.google.com/c2dm/register3
2026-07-08 17:39:13,813 [INFO] Capturing response: https://android.clients.google.com/c2dm/register3 301 
2026-07-08 17:39:27,431 [WARNING]   ❌ beIN Sports 3 için M3U8 bulunamadı
2026-07-08 17:39:28,432 [INFO] 
[4/14]
2026-07-08 17:39:28,432 [INFO] 🔍 beIN Sports 4 → https://atomsportv508.top/matches?id=bein-sports-4
2026-07-08 17:39:28,543 [INFO] Capturing request: https://atomsportv508.top/assets/js/clappr.js
2026-07-08 17:39:28,544 [INFO] Capturing request: https://atomsportv508.top/matches?id=bein-sports-4
2026-07-08 17:39:28,574 [INFO] Capturing response: https://atomsportv508.top/assets/js/clappr.js 200 
2026-07-08 17:39:29,066 [INFO] Capturing response: https://atomsportv508.top/matches?id=bein-sports-4 200 
2026-07-08 17:39:29,074 [INFO] Capturing request: https://atomsportv508.top/cdn-cgi/rum?
2026-07-08 17:39:29,105 [INFO] Capturing request: https://atomsportv508.top/cdn-cgi/rum?
2026-07-08 17:39:29,191 [INFO] Capturing response: https://atomsportv508.top/cdn-cgi/rum? 204 
2026-07-08 17:39:29,200 [INFO] Capturing request: https://teletv5.top/load/yayinlink.php?id=bein-sports-4
2026-07-08 17:39:29,208 [INFO] Capturing request: https://atomsportv508.top/favicon.ico
2026-07-08 17:39:29,260 [INFO] Capturing response: https://atomsportv508.top/favicon.ico 200 
2026-07-08 17:39:29,263 [INFO] Capturing response: https://atomsportv508.top/cdn-cgi/rum? 204 
2026-07-08 17:39:29,295 [INFO] Capturing request: https://streamsport365.com/cinema
2026-07-08 17:39:29,377 [INFO] Capturing response: https://teletv5.top/load/yayinlink.php?id=bein-sports-4 200 
2026-07-08 17:39:29,538 [INFO] Capturing response: https://streamsport365.com/cinema 200 
2026-07-08 17:39:44,492 [INFO] Capturing request: https://update.googleapis.com/service/update2/json?cup2key=16:fHdh-bSkNGseVTDm0CJQpg4vszGIDlw5S_gXrfKw38g&cup2hreq=ac390bdf4a11f8ba4a4ca4f50eb4bb1d42898864a4e4dd2277e1909f79f38d32
2026-07-08 17:39:44,525 [INFO] Capturing response: https://update.googleapis.com/service/update2/json?cup2key=16:fHdh-bSkNGseVTDm0CJQpg4vszGIDlw5S_gXrfKw38g&cup2hreq=ac390bdf4a11f8ba4a4ca4f50eb4bb1d42898864a4e4dd2277e1909f79f38d32 200 
2026-07-08 17:39:44,531 [INFO] Capturing request: http://edgedl.me.gvt1.com/edgedl/diffgen-puffin/gcmjkmgdlgnkkcocmoeiminaijmmjnii/df2a22d5ecc7788c3330ebd5f856b41531c74f412a01ed7453d11284708009fe
2026-07-08 17:39:44,560 [INFO] Capturing response: http://edgedl.me.gvt1.com/edgedl/diffgen-puffin/gcmjkmgdlgnkkcocmoeiminaijmmjnii/df2a22d5ecc7788c3330ebd5f856b41531c74f412a01ed7453d11284708009fe 200 OK
2026-07-08 17:39:44,588 [INFO] Capturing request: https://update.googleapis.com/service/update2/json
2026-07-08 17:39:44,618 [INFO] Capturing response: https://update.googleapis.com/service/update2/json 200 
2026-07-08 17:39:44,663 [INFO] Capturing request: http://edgedl.me.gvt1.com/edgedl/release2/chrome_component/o7xuetvzkudatt7btyljhhkdzq_10634/hfnkpimlhhgieaddgfemjhofmfblmnib_10634_all_achbnxnwp4oa3qzd265ap6yktnsa.crx3
2026-07-08 17:39:44,703 [INFO] Capturing response: http://edgedl.me.gvt1.com/edgedl/release2/chrome_component/o7xuetvzkudatt7btyljhhkdzq_10634/hfnkpimlhhgieaddgfemjhofmfblmnib_10634_all_achbnxnwp4oa3qzd265ap6yktnsa.crx3 200 OK
2026-07-08 17:39:44,734 [INFO] Capturing request: https://update.googleapis.com/service/update2/json
2026-07-08 17:39:44,760 [INFO] Capturing response: https://update.googleapis.com/service/update2/json 200 
2026-07-08 17:40:02,397 [WARNING]   ❌ beIN Sports 4 için M3U8 bulunamadı
2026-07-08 17:40:03,397 [INFO] 
[5/14]
2026-07-08 17:40:03,397 [INFO] 🔍 beIN Sports 5 → https://atomsportv508.top/matches?id=bein-sports-5
2026-07-08 17:40:03,562 [INFO] Capturing request: https://atomsportv508.top/matches?id=bein-sports-5
2026-07-08 17:40:03,568 [INFO] Capturing request: https://atomsportv508.top/assets/js/clappr.js
2026-07-08 17:40:03,632 [INFO] Capturing response: https://atomsportv508.top/assets/js/clappr.js 200 
2026-07-08 17:40:03,748 [INFO] Capturing response: https://atomsportv508.top/matches?id=bein-sports-5 200 
2026-07-08 17:40:03,756 [INFO] Capturing request: https://atomsportv508.top/cdn-cgi/rum?
2026-07-08 17:40:03,792 [INFO] Capturing request: https://atomsportv508.top/cdn-cgi/rum?
2026-07-08 17:40:03,896 [INFO] Capturing request: https://atomsportv508.top/favicon.ico
2026-07-08 17:40:03,905 [INFO] Capturing response: https://atomsportv508.top/cdn-cgi/rum? 204 
2026-07-08 17:40:03,910 [INFO] Capturing response: https://atomsportv508.top/cdn-cgi/rum? 204 
2026-07-08 17:40:03,940 [INFO] Capturing request: https://teletv5.top/load/yayinlink.php?id=bein-sports-5
2026-07-08 17:40:03,944 [INFO] Capturing response: https://atomsportv508.top/favicon.ico 200 
2026-07-08 17:40:04,264 [INFO] Capturing response: https://teletv5.top/load/yayinlink.php?id=bein-sports-5 200 
2026-07-08 17:40:04,335 [INFO] Capturing request: https://streamsport365.com/cinema
2026-07-08 17:40:04,567 [INFO] Capturing response: https://streamsport365.com/cinema 200 
2026-07-08 17:40:08,466 [INFO] Capturing request: https://android.clients.google.com/c2dm/register3
2026-07-08 17:40:08,513 [INFO] Capturing response: https://android.clients.google.com/c2dm/register3 301 
2026-07-08 17:40:37,066 [WARNING]   ❌ beIN Sports 5 için M3U8 bulunamadı
2026-07-08 17:40:38,066 [INFO] 
[6/14]
2026-07-08 17:40:38,066 [INFO] 🔍 beIN Sports Max 1 → https://atomsportv508.top/matches?id=bein-sports-max-1
2026-07-08 17:40:38,177 [INFO] Capturing request: https://atomsportv508.top/assets/js/clappr.js
2026-07-08 17:40:38,178 [INFO] Capturing request: https://atomsportv508.top/matches?id=bein-sports-max-1
2026-07-08 17:40:38,202 [INFO] Capturing response: https://atomsportv508.top/assets/js/clappr.js 200 
2026-07-08 17:40:38,658 [INFO] Capturing response: https://atomsportv508.top/matches?id=bein-sports-max-1 200 
2026-07-08 17:40:38,667 [INFO] Capturing request: https://atomsportv508.top/cdn-cgi/rum?
2026-07-08 17:40:38,696 [INFO] Capturing request: https://atomsportv508.top/cdn-cgi/rum?
2026-07-08 17:40:38,785 [INFO] Capturing response: https://atomsportv508.top/cdn-cgi/rum? 204 
2026-07-08 17:40:38,793 [INFO] Capturing request: https://teletv5.top/load/yayinlink.php?id=bein-sports-max-1
2026-07-08 17:40:38,798 [INFO] Capturing request: https://atomsportv508.top/favicon.ico
2026-07-08 17:40:38,846 [INFO] Capturing response: https://atomsportv508.top/favicon.ico 200 
2026-07-08 17:40:38,852 [INFO] Capturing response: https://atomsportv508.top/cdn-cgi/rum? 204 
2026-07-08 17:40:38,892 [INFO] Capturing request: https://streamsport365.com/cinema
2026-07-08 17:40:38,968 [INFO] Capturing response: https://teletv5.top/load/yayinlink.php?id=bein-sports-max-1 200 
2026-07-08 17:40:39,144 [INFO] Capturing response: https://streamsport365.com/cinema 200 
2026-07-08 17:41:11,971 [WARNING]   ❌ beIN Sports Max 1 için M3U8 bulunamadı
2026-07-08 17:41:12,972 [INFO] 
[7/14]
2026-07-08 17:41:12,972 [INFO] 🔍 beIN Sports Max 2 → https://atomsportv508.top/matches?id=bein-sports-max-2
2026-07-08 17:41:13,082 [INFO] Capturing request: https://atomsportv508.top/assets/js/clappr.js
2026-07-08 17:41:13,084 [INFO] Capturing request: https://atomsportv508.top/matches?id=bein-sports-max-2
2026-07-08 17:41:13,108 [INFO] Capturing response: https://atomsportv508.top/assets/js/clappr.js 200 
2026-07-08 17:41:13,344 [INFO] Capturing response: https://atomsportv508.top/matches?id=bein-sports-max-2 200 
2026-07-08 17:41:13,353 [INFO] Capturing request: https://atomsportv508.top/cdn-cgi/rum?
2026-07-08 17:41:13,384 [INFO] Capturing request: https://atomsportv508.top/cdn-cgi/rum?
2026-07-08 17:41:13,470 [INFO] Capturing response: https://atomsportv508.top/cdn-cgi/rum? 204 
2026-07-08 17:41:13,480 [INFO] Capturing request: https://teletv5.top/load/yayinlink.php?id=bein-sports-max-2
2026-07-08 17:41:13,487 [INFO] Capturing request: https://atomsportv508.top/favicon.ico
2026-07-08 17:41:13,532 [INFO] Capturing response: https://atomsportv508.top/favicon.ico 200 
2026-07-08 17:41:13,543 [INFO] Capturing response: https://atomsportv508.top/cdn-cgi/rum? 204 
2026-07-08 17:41:13,572 [INFO] Capturing request: https://streamsport365.com/cinema
2026-07-08 17:41:13,648 [INFO] Capturing request: https://teletv5.top/load/yayinlink.php?id=bein-sports-max-2
2026-07-08 17:41:13,806 [INFO] Capturing response: https://streamsport365.com/cinema 200 
2026-07-08 17:41:14,038 [INFO] Capturing response: https://teletv5.top/load/yayinlink.php?id=bein-sports-max-2 200 
2026-07-08 17:41:46,676 [WARNING]   ❌ beIN Sports Max 2 için M3U8 bulunamadı
2026-07-08 17:41:47,677 [INFO] 
[8/14]
2026-07-08 17:41:47,677 [INFO] 🔍 S Sport → https://atomsportv508.top/matches?id=s-sport
2026-07-08 17:41:47,786 [INFO] Capturing request: https://atomsportv508.top/assets/js/clappr.js
2026-07-08 17:41:47,789 [INFO] Capturing request: https://atomsportv508.top/matches?id=s-sport
2026-07-08 17:41:47,813 [INFO] Capturing response: https://atomsportv508.top/assets/js/clappr.js 200 
2026-07-08 17:41:48,054 [INFO] Capturing response: https://atomsportv508.top/matches?id=s-sport 200 
2026-07-08 17:41:48,065 [INFO] Capturing request: https://atomsportv508.top/cdn-cgi/rum?
2026-07-08 17:41:48,096 [INFO] Capturing request: https://atomsportv508.top/cdn-cgi/rum?
2026-07-08 17:41:48,182 [INFO] Capturing response: https://atomsportv508.top/cdn-cgi/rum? 204 
2026-07-08 17:41:48,192 [INFO] Capturing request: https://teletv5.top/load/yayinlink.php?id=s-sport
2026-07-08 17:41:48,196 [INFO] Capturing request: https://atomsportv508.top/favicon.ico
2026-07-08 17:41:48,239 [INFO] Capturing response: https://atomsportv508.top/favicon.ico 200 
2026-07-08 17:41:48,252 [INFO] Capturing response: https://atomsportv508.top/cdn-cgi/rum? 204 
2026-07-08 17:41:48,286 [INFO] Capturing request: https://streamsport365.com/cinema
2026-07-08 17:41:48,356 [INFO] Capturing response: https://teletv5.top/load/yayinlink.php?id=s-sport 200 
2026-07-08 17:41:48,518 [INFO] Capturing response: https://streamsport365.com/cinema 200 
2026-07-08 17:41:48,636 [INFO] Capturing request: https://atomsportv508.top/assets/img/player_logo_6880e4e4c52ee.png
2026-07-08 17:41:48,678 [INFO] Capturing response: https://atomsportv508.top/assets/img/player_logo_6880e4e4c52ee.png 200 
2026-07-08 17:41:48,682 [INFO] Capturing request: https://hlssssss-wildflower-4845.ugurdurmus9402.workers.dev/https://corestream.taylandakanzi.help//s-sportt/tracks-v1a1/mono.m3u8
2026-07-08 17:41:49,081 [INFO] Capturing response: https://hlssssss-wildflower-4845.ugurdurmus9402.workers.dev/https://corestream.taylandakanzi.help//s-sportt/tracks-v1a1/mono.m3u8 200 
2026-07-08 17:41:49,273 [INFO] Capturing request: https://tsss.ugurdurmus9402.workers.dev/s-sportt/tracks-v1a1/2026/07/08/17/41/27-06000.avif
2026-07-08 17:41:49,894 [INFO] Capturing request: https://android.clients.google.com/c2dm/register3
2026-07-08 17:41:49,955 [INFO] Capturing response: https://android.clients.google.com/c2dm/register3 301 
2026-07-08 17:41:50,712 [INFO] Capturing response: https://tsss.ugurdurmus9402.workers.dev/s-sportt/tracks-v1a1/2026/07/08/17/41/27-06000.avif 200 
2026-07-08 17:41:51,090 [INFO] Capturing request: https://tsss.ugurdurmus9402.workers.dev/s-sportt/tracks-v1a1/2026/07/08/17/41/27-06000.avif
2026-07-08 17:41:51,114 [INFO]   ✅ M3U8 bulundu: https://hlssssss-wildflower-4845.ugurdurmus9402.workers.dev/https://corestream.taylandakanzi.help//s-sportt/tracks-v1a1/mono.m3u8
2026-07-08 17:41:51,814 [INFO] Capturing response: https://tsss.ugurdurmus9402.workers.dev/s-sportt/tracks-v1a1/2026/07/08/17/41/27-06000.avif 200 
2026-07-08 17:41:52,115 [INFO] 
[9/14]
2026-07-08 17:41:52,115 [INFO] 🔍 S Sport 2 → https://atomsportv508.top/matches?id=s-sport-2
2026-07-08 17:41:52,193 [INFO] Capturing request: https://tsss.ugurdurmus9402.workers.dev/s-sportt/tracks-v1a1/2026/07/08/17/41/27-06000.avif
2026-07-08 17:41:52,226 [INFO] Capturing request: https://atomsportv508.top/assets/js/clappr.js
2026-07-08 17:41:52,227 [INFO] Capturing request: https://atomsportv508.top/matches?id=s-sport-2
2026-07-08 17:41:52,256 [INFO] Capturing response: https://atomsportv508.top/assets/js/clappr.js 200 
2026-07-08 17:41:52,278 [INFO] Capturing response: https://atomsportv508.top/matches?id=s-sport-2 200 
2026-07-08 17:41:52,288 [INFO] Capturing request: https://atomsportv508.top/cdn-cgi/rum?
2026-07-08 17:41:52,312 [INFO] Capturing request: https://streamsport365.com/cinema
2026-07-08 17:41:52,330 [INFO] Capturing request: https://atomsportv508.top/cdn-cgi/rum?
2026-07-08 17:41:52,416 [INFO] Capturing request: https://teletv5.top/load/yayinlink.php?id=s-sport-2
2026-07-08 17:41:52,435 [INFO] Capturing request: https://atomsportv508.top/favicon.ico
2026-07-08 17:41:52,442 [INFO] Capturing response: https://atomsportv508.top/cdn-cgi/rum? 204 
2026-07-08 17:41:52,446 [INFO] Capturing response: https://atomsportv508.top/cdn-cgi/rum? 204 
2026-07-08 17:41:52,476 [INFO] Capturing response: https://atomsportv508.top/favicon.ico 200 
2026-07-08 17:41:52,572 [INFO] Capturing response: https://streamsport365.com/cinema 200 
2026-07-08 17:41:52,580 [INFO] Capturing response: https://teletv5.top/load/yayinlink.php?id=s-sport-2 200 
2026-07-08 17:41:52,741 [INFO] Capturing request: https://hlssssss-wildflower-4845.ugurdurmus9402.workers.dev/https://corestream.taylandakanzi.help//s-sport2/tracks-v1a1/mono.m3u8
2026-07-08 17:41:52,863 [INFO] Capturing response: https://hlssssss-wildflower-4845.ugurdurmus9402.workers.dev/https://corestream.taylandakanzi.help//s-sport2/tracks-v1a1/mono.m3u8 200 
2026-07-08 17:41:52,945 [INFO] Capturing response: https://tsss.ugurdurmus9402.workers.dev/s-sportt/tracks-v1a1/2026/07/08/17/41/27-06000.avif 200 
2026-07-08 17:41:52,974 [INFO] Capturing request: https://tsss.ugurdurmus9402.workers.dev/s-sport2/tracks-v1a1/2026/07/08/17/42/57-06000.avif
2026-07-08 17:41:54,808 [INFO] Capturing response: https://tsss.ugurdurmus9402.workers.dev/s-sport2/tracks-v1a1/2026/07/08/17/42/57-06000.avif 200 
2026-07-08 17:41:55,110 [INFO] Capturing request: https://tsss.ugurdurmus9402.workers.dev/s-sport2/tracks-v1a1/2026/07/08/17/43/03-06000.avif
2026-07-08 17:41:55,348 [INFO]   ✅ M3U8 bulundu: https://hlssssss-wildflower-4845.ugurdurmus9402.workers.dev/https://corestream.taylandakanzi.help//s-sport2/tracks-v1a1/mono.m3u8
2026-07-08 17:41:56,348 [INFO] 
[10/14]
2026-07-08 17:41:56,348 [INFO] 🔍 A Spor → https://atomsportv508.top/matches?id=a-spor
2026-07-08 17:41:56,463 [INFO] Capturing request: https://atomsportv508.top/assets/js/clappr.js
2026-07-08 17:41:56,467 [INFO] Capturing request: https://atomsportv508.top/matches?id=a-spor
2026-07-08 17:41:56,490 [INFO] Capturing response: https://atomsportv508.top/assets/js/clappr.js 200 
2026-07-08 17:41:56,527 [INFO] Capturing response: https://atomsportv508.top/matches?id=a-spor 200 
2026-07-08 17:41:56,548 [INFO] Capturing request: https://atomsportv508.top/cdn-cgi/rum?
2026-07-08 17:41:56,590 [INFO] Capturing request: https://atomsportv508.top/cdn-cgi/rum?
2026-07-08 17:41:56,678 [INFO] Capturing response: https://tsss.ugurdurmus9402.workers.dev/s-sport2/tracks-v1a1/2026/07/08/17/43/03-06000.avif 200 
2026-07-08 17:41:56,687 [INFO] Capturing request: https://teletv5.top/load/yayinlink.php?id=a-spor
2026-07-08 17:41:56,695 [INFO] Capturing request: https://atomsportv508.top/favicon.ico
2026-07-08 17:41:56,704 [INFO] Capturing response: https://atomsportv508.top/cdn-cgi/rum? 204 
2026-07-08 17:41:56,709 [INFO] Capturing response: https://atomsportv508.top/cdn-cgi/rum? 204 
2026-07-08 17:41:56,742 [INFO] Capturing response: https://atomsportv508.top/favicon.ico 200 
2026-07-08 17:41:56,786 [INFO] Capturing request: https://streamsport365.com/cinema
2026-07-08 17:41:56,788 [INFO] 127.0.0.1:37538: ProtocolException("Error in HTTP connection: Http2ZombieException('Connection or stream already dead: 1783532516.787373, False')")
2026-07-08 17:41:56,848 [INFO] Capturing response: https://teletv5.top/load/yayinlink.php?id=a-spor 200 
2026-07-08 17:41:57,030 [INFO] Capturing response: https://streamsport365.com/cinema 200 
2026-07-08 17:41:57,150 [INFO] Capturing request: https://hlssssss-wildflower-4845.ugurdurmus9402.workers.dev/https://corestream.taylandakanzi.help//aspor/tracks-v1a1/mono.m3u8
2026-07-08 17:41:57,266 [INFO] Capturing response: https://hlssssss-wildflower-4845.ugurdurmus9402.workers.dev/https://corestream.taylandakanzi.help//aspor/tracks-v1a1/mono.m3u8 200 
2026-07-08 17:41:57,376 [INFO] Capturing request: https://tsss.ugurdurmus9402.workers.dev/aspor/tracks-v1a1/2026/07/08/17/41/28-06000.avif
2026-07-08 17:41:58,557 [INFO] Capturing response: https://tsss.ugurdurmus9402.workers.dev/aspor/tracks-v1a1/2026/07/08/17/41/28-06000.avif 200 
2026-07-08 17:41:58,807 [INFO] Capturing request: https://tsss.ugurdurmus9402.workers.dev/aspor/tracks-v1a1/2026/07/08/17/41/34-06000.avif
2026-07-08 17:41:59,607 [INFO]   ✅ M3U8 bulundu: https://hlssssss-wildflower-4845.ugurdurmus9402.workers.dev/https://corestream.taylandakanzi.help//aspor/tracks-v1a1/mono.m3u8
2026-07-08 17:41:59,975 [INFO] Capturing response: https://tsss.ugurdurmus9402.workers.dev/aspor/tracks-v1a1/2026/07/08/17/41/34-06000.avif 200 
2026-07-08 17:42:00,199 [INFO] Capturing request: https://tsss.ugurdurmus9402.workers.dev/aspor/tracks-v1a1/2026/07/08/17/41/40-06000.avif
2026-07-08 17:42:00,608 [INFO] 
[11/14]
2026-07-08 17:42:00,608 [INFO] 🔍 Tivibu Spor 1 → https://atomsportv508.top/matches?id=tivibu-spor-1
2026-07-08 17:42:00,718 [INFO] Capturing request: https://atomsportv508.top/assets/js/clappr.js
2026-07-08 17:42:00,719 [INFO] Capturing request: https://atomsportv508.top/matches?id=tivibu-spor-1
2026-07-08 17:42:00,749 [INFO] Capturing response: https://atomsportv508.top/assets/js/clappr.js 200 
2026-07-08 17:42:00,784 [INFO] Capturing response: https://atomsportv508.top/matches?id=tivibu-spor-1 200 
2026-07-08 17:42:00,793 [INFO] Capturing request: https://atomsportv508.top/cdn-cgi/rum?
2026-07-08 17:42:00,829 [INFO] Capturing request: https://atomsportv508.top/cdn-cgi/rum?
2026-07-08 17:42:00,838 [INFO] Capturing request: https://streamsport365.com/cinema
2026-07-08 17:42:00,928 [INFO] Capturing request: https://teletv5.top/load/yayinlink.php?id=tivibu-spor-1
2026-07-08 17:42:00,937 [INFO] Capturing request: https://atomsportv508.top/favicon.ico
2026-07-08 17:42:00,943 [INFO] Capturing response: https://atomsportv508.top/cdn-cgi/rum? 204 
2026-07-08 17:42:00,948 [INFO] Capturing response: https://atomsportv508.top/cdn-cgi/rum? 204 
2026-07-08 17:42:00,974 [INFO] Capturing response: https://atomsportv508.top/favicon.ico 200 
2026-07-08 17:42:01,086 [INFO] Capturing response: https://streamsport365.com/cinema 200 
2026-07-08 17:42:01,089 [INFO] Capturing response: https://teletv5.top/load/yayinlink.php?id=tivibu-spor-1 200 
2026-07-08 17:42:01,388 [INFO] Capturing response: https://tsss.ugurdurmus9402.workers.dev/aspor/tracks-v1a1/2026/07/08/17/41/40-06000.avif 200 
2026-07-08 17:42:34,117 [WARNING]   ❌ Tivibu Spor 1 için M3U8 bulunamadı
2026-07-08 17:42:35,117 [INFO] 
[12/14]
2026-07-08 17:42:35,117 [INFO] 🔍 Tivibu Spor 2 → https://atomsportv508.top/matches?id=tivibu-spor-2
2026-07-08 17:42:35,225 [INFO] Capturing request: https://atomsportv508.top/assets/js/clappr.js
2026-07-08 17:42:35,227 [INFO] Capturing request: https://atomsportv508.top/matches?id=tivibu-spor-2
2026-07-08 17:42:35,253 [INFO] Capturing response: https://atomsportv508.top/assets/js/clappr.js 200 
2026-07-08 17:42:35,489 [INFO] Capturing response: https://atomsportv508.top/matches?id=tivibu-spor-2 200 
2026-07-08 17:42:35,498 [INFO] Capturing request: https://atomsportv508.top/cdn-cgi/rum?
2026-07-08 17:42:35,531 [INFO] Capturing request: https://atomsportv508.top/cdn-cgi/rum?
2026-07-08 17:42:35,615 [INFO] Capturing response: https://atomsportv508.top/cdn-cgi/rum? 204 
2026-07-08 17:42:35,621 [INFO] Capturing request: https://teletv5.top/load/yayinlink.php?id=tivibu-spor-2
2026-07-08 17:42:35,633 [INFO] Capturing request: https://atomsportv508.top/favicon.ico
2026-07-08 17:42:35,689 [INFO] Capturing response: https://atomsportv508.top/cdn-cgi/rum? 204 
2026-07-08 17:42:35,693 [INFO] Capturing response: https://atomsportv508.top/favicon.ico 200 
2026-07-08 17:42:35,721 [INFO] Capturing request: https://streamsport365.com/cinema
2026-07-08 17:42:35,792 [INFO] Capturing response: https://teletv5.top/load/yayinlink.php?id=tivibu-spor-2 200 
2026-07-08 17:42:35,965 [INFO] Capturing response: https://streamsport365.com/cinema 200 
2026-07-08 17:43:08,806 [WARNING]   ❌ Tivibu Spor 2 için M3U8 bulunamadı
2026-07-08 17:43:09,807 [INFO] 
[13/14]
2026-07-08 17:43:09,807 [INFO] 🔍 Tivibu Spor 3 → https://atomsportv508.top/matches?id=tivibu-spor-3
2026-07-08 17:43:09,915 [INFO] Capturing request: https://atomsportv508.top/assets/js/clappr.js
2026-07-08 17:43:09,917 [INFO] Capturing request: https://atomsportv508.top/matches?id=tivibu-spor-3
2026-07-08 17:43:09,942 [INFO] Capturing response: https://atomsportv508.top/assets/js/clappr.js 200 
2026-07-08 17:43:10,158 [INFO] Capturing response: https://atomsportv508.top/matches?id=tivibu-spor-3 200 
2026-07-08 17:43:10,167 [INFO] Capturing request: https://atomsportv508.top/cdn-cgi/rum?
2026-07-08 17:43:10,200 [INFO] Capturing request: https://atomsportv508.top/cdn-cgi/rum?
2026-07-08 17:43:10,298 [INFO] Capturing request: https://teletv5.top/load/yayinlink.php?id=tivibu-spor-3
2026-07-08 17:43:10,304 [INFO] Capturing request: https://atomsportv508.top/favicon.ico
2026-07-08 17:43:10,312 [INFO] Capturing response: https://atomsportv508.top/cdn-cgi/rum? 204 
2026-07-08 17:43:10,317 [INFO] Capturing response: https://atomsportv508.top/cdn-cgi/rum? 204 
2026-07-08 17:43:10,354 [INFO] Capturing response: https://atomsportv508.top/favicon.ico 200 
2026-07-08 17:43:10,393 [INFO] Capturing request: https://streamsport365.com/cinema
2026-07-08 17:43:10,467 [INFO] Capturing response: https://teletv5.top/load/yayinlink.php?id=tivibu-spor-3 200 
2026-07-08 17:43:10,640 [INFO] Capturing response: https://streamsport365.com/cinema 200 
2026-07-08 17:43:43,476 [WARNING]   ❌ Tivibu Spor 3 için M3U8 bulunamadı
2026-07-08 17:43:44,476 [INFO] 
[14/14]
2026-07-08 17:43:44,477 [INFO] 🔍 Tivibu Spor 4 → https://atomsportv508.top/matches?id=tivibu-spor-4
2026-07-08 17:43:44,585 [INFO] Capturing request: https://atomsportv508.top/assets/js/clappr.js
2026-07-08 17:43:44,588 [INFO] Capturing request: https://atomsportv508.top/matches?id=tivibu-spor-4
2026-07-08 17:43:44,607 [INFO] Capturing response: https://atomsportv508.top/assets/js/clappr.js 200 
2026-07-08 17:43:44,829 [INFO] Capturing response: https://atomsportv508.top/matches?id=tivibu-spor-4 200 
2026-07-08 17:43:44,840 [INFO] Capturing request: https://atomsportv508.top/cdn-cgi/rum?
2026-07-08 17:43:44,867 [INFO] Capturing request: https://atomsportv508.top/cdn-cgi/rum?
2026-07-08 17:43:44,964 [INFO] Capturing request: https://teletv5.top/load/yayinlink.php?id=tivibu-spor-4
2026-07-08 17:43:44,970 [INFO] Capturing request: https://atomsportv508.top/favicon.ico
2026-07-08 17:43:44,980 [INFO] Capturing response: https://atomsportv508.top/cdn-cgi/rum? 204 
2026-07-08 17:43:44,985 [INFO] Capturing response: https://atomsportv508.top/cdn-cgi/rum? 204 
2026-07-08 17:43:45,055 [INFO] Capturing request: https://streamsport365.com/cinema
2026-07-08 17:43:45,085 [INFO] Capturing response: https://atomsportv508.top/favicon.ico 200 
2026-07-08 17:43:45,130 [INFO] Capturing response: https://teletv5.top/load/yayinlink.php?id=tivibu-spor-4 200 
2026-07-08 17:43:45,299 [INFO] Capturing response: https://streamsport365.com/cinema 200 
2026-07-08 17:44:18,142 [WARNING]   ❌ Tivibu Spor 4 için M3U8 bulunamadı
2026-07-08 17:44:19,209 [INFO] ✅ 5 kanal bulundu, playlist.m3u kaydedildi
