2026-06-02 20:27:36,857 [INFO] 🌐 BASE_URL: https://atomsportv505.top
2026-06-02 20:27:37,626 [INFO] Başlanıyor... 14 kanal taranacak
2026-06-02 20:27:37,627 [INFO] Using default request storage
2026-06-02 20:27:37,632 [INFO] Created proxy listening on 127.0.0.1:39079
2026-06-02 20:27:38,290 [INFO] Capturing request: http://clients2.google.com/time/1/current?cup2key=10:Dv3IVr2s-l1psWCkJHGuWasefk6nAa35P4LSNIqwxg0&cup2hreq=e3b0c44298fc1c149afbf4c8996fb92427ae41e4649b934ca495991b7852b855
2026-06-02 20:27:38,332 [INFO] Capturing response: http://clients2.google.com/time/1/current?cup2key=10:Dv3IVr2s-l1psWCkJHGuWasefk6nAa35P4LSNIqwxg0&cup2hreq=e3b0c44298fc1c149afbf4c8996fb92427ae41e4649b934ca495991b7852b855 200 OK
2026-06-02 20:27:38,386 [INFO] 
[1/14]
2026-06-02 20:27:38,386 [INFO] 🔍 beIN Sports 1 → https://atomsportv505.top/matches?id=bein-sports-1
2026-06-02 20:27:38,463 [INFO] Capturing request: https://accounts.google.com/ListAccounts?gpsia=1&source=ChromiumBrowser&json=standard&laf=b64bin
2026-06-02 20:27:38,553 [INFO] Capturing request: https://atomsportv505.top/matches?id=bein-sports-1
2026-06-02 20:27:38,577 [INFO] Capturing response: https://accounts.google.com/ListAccounts?gpsia=1&source=ChromiumBrowser&json=standard&laf=b64bin 200 
2026-06-02 20:27:38,608 [INFO] Capturing response: https://atomsportv505.top/matches?id=bein-sports-1 200 
2026-06-02 20:27:38,759 [INFO] Capturing request: https://atomsportv505.top/assets/js/clappr.js
2026-06-02 20:27:38,815 [INFO] Capturing request: https://cdn.jsdelivr.net/npm/@clappr/player@latest/dist/clappr.min.js
2026-06-02 20:27:38,818 [INFO] Capturing request: https://cdnjs.cloudflare.com/ajax/libs/jquery/3.2.1/jquery.min.js
2026-06-02 20:27:38,844 [INFO] Capturing response: https://cdnjs.cloudflare.com/ajax/libs/jquery/3.2.1/jquery.min.js 200 
2026-06-02 20:27:38,849 [INFO] Capturing response: https://cdn.jsdelivr.net/npm/@clappr/player@latest/dist/clappr.min.js 200 
2026-06-02 20:27:38,877 [INFO] Capturing request: https://www.google.com/async/folae?async=_fmt:pb&udm=50&client_locale=en-US
2026-06-02 20:27:38,891 [INFO] Capturing response: https://atomsportv505.top/assets/js/clappr.js 200 
2026-06-02 20:27:38,912 [INFO] Capturing response: https://www.google.com/async/folae?async=_fmt:pb&udm=50&client_locale=en-US 200 
2026-06-02 20:27:39,053 [INFO] Capturing request: https://static.cloudflareinsights.com/beacon.min.js/v833ccba57c9e4d2798f2e76cebdd09a11778172276447
2026-06-02 20:27:39,066 [INFO] Capturing response: https://static.cloudflareinsights.com/beacon.min.js/v833ccba57c9e4d2798f2e76cebdd09a11778172276447 200 
2026-06-02 20:27:39,125 [INFO] Capturing request: https://atomsportv505.top/cdn-cgi/rum?
2026-06-02 20:27:39,228 [INFO] Capturing request: https://atomsportv505.top/favicon.ico
2026-06-02 20:27:39,235 [INFO] Capturing response: https://atomsportv505.top/cdn-cgi/rum? 204 
2026-06-02 20:27:39,274 [INFO] Capturing request: https://teletv5.top/load/yayinlink.php?id=bein-sports-1
2026-06-02 20:27:39,331 [INFO] Capturing response: https://atomsportv505.top/favicon.ico 200 
2026-06-02 20:27:39,683 [INFO] Capturing response: https://teletv5.top/load/yayinlink.php?id=bein-sports-1 200 
2026-06-02 20:27:39,811 [INFO] Capturing request: https://streamsport365.com/cinema
2026-06-02 20:27:40,172 [INFO] Capturing response: https://streamsport365.com/cinema 200 
2026-06-02 20:27:40,301 [INFO] Capturing request: https://atomsportv505.top/assets/img/player_logo_6880e4e4c52ee.png
2026-06-02 20:27:40,346 [INFO] Capturing response: https://atomsportv505.top/assets/img/player_logo_6880e4e4c52ee.png 200 
2026-06-02 20:27:40,364 [INFO] Capturing request: https://hlssssssssssssssssss.yedeklinksa35.workers.dev/https://corestream.ronaldovurdu.help//trt1/tracks-v1a1/mono.m3u8
2026-06-02 20:27:40,671 [INFO] Capturing response: https://hlssssssssssssssssss.yedeklinksa35.workers.dev/https://corestream.ronaldovurdu.help//trt1/tracks-v1a1/mono.m3u8 200 
2026-06-02 20:27:40,879 [INFO] Capturing request: https://ts.yedeklinksa35.workers.dev/trt1/tracks-v1a1/2026/06/02/20/27/19-05760.avif
2026-06-02 20:27:41,087 [INFO] Capturing request: https://android.clients.google.com/checkin
2026-06-02 20:27:41,198 [INFO] Capturing response: https://android.clients.google.com/checkin 200 
2026-06-02 20:27:41,228 [INFO] Capturing response: https://ts.yedeklinksa35.workers.dev/trt1/tracks-v1a1/2026/06/02/20/27/19-05760.avif 500 
2026-06-02 20:27:41,244 [INFO] Capturing request: https://android.clients.google.com/c2dm/register3
2026-06-02 20:27:41,251 [INFO] Capturing request: https://android.clients.google.com/c2dm/register3
2026-06-02 20:27:41,252 [INFO] Capturing request: https://android.clients.google.com/c2dm/register3
2026-06-02 20:27:41,303 [INFO] Capturing response: https://android.clients.google.com/c2dm/register3 301 
2026-06-02 20:27:42,056 [INFO] Capturing response: https://android.clients.google.com/c2dm/register3 200 
2026-06-02 20:27:42,134 [INFO] Capturing response: https://android.clients.google.com/c2dm/register3 200 
2026-06-02 20:27:42,147 [INFO]   ✅ M3U8 bulundu: https://hlssssssssssssssssss.yedeklinksa35.workers.dev/https://corestream.ronaldovurdu.help//trt1/tracks-v1a1/mono.m3u8
2026-06-02 20:27:42,420 [INFO] Capturing request: https://ts.yedeklinksa35.workers.dev/trt1/tracks-v1a1/2026/06/02/20/27/25-05760.avif
2026-06-02 20:27:42,681 [INFO] Capturing response: https://ts.yedeklinksa35.workers.dev/trt1/tracks-v1a1/2026/06/02/20/27/25-05760.avif 500 
2026-06-02 20:27:43,148 [INFO] 
[2/14]
2026-06-02 20:27:43,148 [INFO] 🔍 beIN Sports 2 → https://atomsportv505.top/matches?id=bein-sports-2
2026-06-02 20:27:43,257 [INFO] Capturing request: https://atomsportv505.top/matches?id=bein-sports-2
2026-06-02 20:27:43,293 [INFO] Capturing response: https://atomsportv505.top/matches?id=bein-sports-2 200 
2026-06-02 20:27:43,304 [INFO] Capturing request: https://atomsportv505.top/cdn-cgi/rum?
2026-06-02 20:27:43,341 [INFO] Capturing request: https://streamsport365.com/cinema
2026-06-02 20:27:43,345 [INFO] Capturing request: https://atomsportv505.top/cdn-cgi/rum?
2026-06-02 20:27:43,440 [INFO] Capturing request: https://teletv5.top/load/yayinlink.php?id=bein-sports-2
2026-06-02 20:27:43,446 [INFO] Capturing request: https://atomsportv505.top/favicon.ico
2026-06-02 20:27:43,451 [INFO] Capturing response: https://atomsportv505.top/cdn-cgi/rum? 204 
2026-06-02 20:27:43,453 [INFO] Capturing response: https://atomsportv505.top/cdn-cgi/rum? 204 
2026-06-02 20:27:43,486 [INFO] Capturing response: https://atomsportv505.top/favicon.ico 200 
2026-06-02 20:27:43,648 [INFO] Capturing response: https://teletv5.top/load/yayinlink.php?id=bein-sports-2 200 
2026-06-02 20:27:43,700 [INFO] Capturing response: https://streamsport365.com/cinema 200 
2026-06-02 20:27:43,820 [INFO] Capturing request: https://hlssssssssssssssssss.yedeklinksa35.workers.dev/https://corestream.ronaldovurdu.help//bein2/tracks-v1a1/mono.m3u8
2026-06-02 20:27:44,012 [INFO] Capturing response: https://hlssssssssssssssssss.yedeklinksa35.workers.dev/https://corestream.ronaldovurdu.help//bein2/tracks-v1a1/mono.m3u8 200 
2026-06-02 20:27:44,121 [INFO] Capturing request: https://ts.yedeklinksa35.workers.dev/bein2/tracks-v1a1/2026/06/02/20/28/06-08000.avif
2026-06-02 20:27:44,452 [INFO] Capturing response: https://ts.yedeklinksa35.workers.dev/bein2/tracks-v1a1/2026/06/02/20/28/06-08000.avif 500 
2026-06-02 20:27:45,619 [INFO] Capturing request: https://ts.yedeklinksa35.workers.dev/bein2/tracks-v1a1/2026/06/02/20/28/06-08000.avif
2026-06-02 20:27:45,634 [INFO] Capturing response: https://ts.yedeklinksa35.workers.dev/bein2/tracks-v1a1/2026/06/02/20/28/06-08000.avif 500 
2026-06-02 20:27:46,357 [INFO]   ✅ M3U8 bulundu: https://hlssssssssssssssssss.yedeklinksa35.workers.dev/https://corestream.ronaldovurdu.help//bein2/tracks-v1a1/mono.m3u8
2026-06-02 20:27:47,357 [INFO] 
[3/14]
2026-06-02 20:27:47,357 [INFO] 🔍 beIN Sports 3 → https://atomsportv505.top/matches?id=bein-sports-3
2026-06-02 20:27:47,466 [INFO] Capturing request: https://atomsportv505.top/matches?id=bein-sports-3
2026-06-02 20:27:47,498 [INFO] Capturing response: https://atomsportv505.top/matches?id=bein-sports-3 200 
2026-06-02 20:27:47,507 [INFO] Capturing request: https://atomsportv505.top/cdn-cgi/rum?
2026-06-02 20:27:47,533 [INFO] Capturing request: https://atomsportv505.top/cdn-cgi/rum?
2026-06-02 20:27:47,631 [INFO] Capturing request: https://teletv5.top/load/yayinlink.php?id=bein-sports-3
2026-06-02 20:27:47,633 [INFO] Capturing request: https://atomsportv505.top/favicon.ico
2026-06-02 20:27:47,640 [INFO] Capturing response: https://atomsportv505.top/cdn-cgi/rum? 204 
2026-06-02 20:27:47,642 [INFO] Capturing response: https://atomsportv505.top/cdn-cgi/rum? 204 
2026-06-02 20:27:47,660 [INFO] Capturing response: https://atomsportv505.top/favicon.ico 200 
2026-06-02 20:27:47,784 [INFO] Capturing request: https://streamsport365.com/cinema
2026-06-02 20:27:47,841 [INFO] Capturing response: https://teletv5.top/load/yayinlink.php?id=bein-sports-3 200 
2026-06-02 20:27:48,144 [INFO] Capturing response: https://streamsport365.com/cinema 200 
2026-06-02 20:28:03,734 [INFO] Capturing request: https://android.clients.google.com/c2dm/register3
2026-06-02 20:28:03,823 [INFO] Capturing response: https://android.clients.google.com/c2dm/register3 301 
2026-06-02 20:28:05,664 [INFO] 127.0.0.1:43416: HTTP/2 connection terminated by server: error code: 0, last stream id: 201, additional data: b'session_timed_out'
2026-06-02 20:28:20,816 [WARNING]   ❌ beIN Sports 3 için M3U8 bulunamadı
2026-06-02 20:28:21,816 [INFO] 
[4/14]
2026-06-02 20:28:21,817 [INFO] 🔍 beIN Sports 4 → https://atomsportv505.top/matches?id=bein-sports-4
2026-06-02 20:28:21,925 [INFO] Capturing request: https://atomsportv505.top/matches?id=bein-sports-4
2026-06-02 20:28:22,264 [INFO] Capturing response: https://atomsportv505.top/matches?id=bein-sports-4 200 
2026-06-02 20:28:22,272 [INFO] Capturing request: https://atomsportv505.top/cdn-cgi/rum?
2026-06-02 20:28:22,305 [INFO] Capturing request: https://atomsportv505.top/cdn-cgi/rum?
2026-06-02 20:28:22,380 [INFO] Capturing response: https://atomsportv505.top/cdn-cgi/rum? 204 
2026-06-02 20:28:22,403 [INFO] Capturing request: https://teletv5.top/load/yayinlink.php?id=bein-sports-4
2026-06-02 20:28:22,405 [INFO] Capturing request: https://atomsportv505.top/favicon.ico
2026-06-02 20:28:22,433 [INFO] Capturing response: https://atomsportv505.top/favicon.ico 200 
2026-06-02 20:28:22,453 [INFO] Capturing response: https://atomsportv505.top/cdn-cgi/rum? 204 
2026-06-02 20:28:22,556 [INFO] Capturing request: https://streamsport365.com/cinema
2026-06-02 20:28:22,609 [INFO] Capturing response: https://teletv5.top/load/yayinlink.php?id=bein-sports-4 200 
2026-06-02 20:28:22,922 [INFO] Capturing response: https://streamsport365.com/cinema 200 
2026-06-02 20:28:38,353 [INFO] Capturing request: https://update.googleapis.com/service/update2/json?cup2key=16:1Yx7LCfC_E5pExMqwzqBq_Fi6iDMnygoqJ4YaWn22NE&cup2hreq=ff6e3887d4cad9bf01a48ca2b5a0e8207a80a03546d5c975969a117fb5a34b03
2026-06-02 20:28:38,383 [INFO] Capturing response: https://update.googleapis.com/service/update2/json?cup2key=16:1Yx7LCfC_E5pExMqwzqBq_Fi6iDMnygoqJ4YaWn22NE&cup2hreq=ff6e3887d4cad9bf01a48ca2b5a0e8207a80a03546d5c975969a117fb5a34b03 200 
2026-06-02 20:28:38,394 [INFO] Capturing request: http://edgedl.me.gvt1.com/edgedl/diffgen-puffin/gcmjkmgdlgnkkcocmoeiminaijmmjnii/71d926df14cb4c89c6f8f88e6c0bfcf6fe1e1a256ca7f8db04002a111af4c5b0
2026-06-02 20:28:38,404 [INFO] Capturing response: http://edgedl.me.gvt1.com/edgedl/diffgen-puffin/gcmjkmgdlgnkkcocmoeiminaijmmjnii/71d926df14cb4c89c6f8f88e6c0bfcf6fe1e1a256ca7f8db04002a111af4c5b0 200 OK
2026-06-02 20:28:38,430 [INFO] Capturing request: https://update.googleapis.com/service/update2/json
2026-06-02 20:28:38,456 [INFO] Capturing response: https://update.googleapis.com/service/update2/json 200 
2026-06-02 20:28:38,502 [INFO] Capturing request: http://edgedl.me.gvt1.com/edgedl/release2/chrome_component/ac6um66gn5z65d2hdxwjowejfk7a_10563/hfnkpimlhhgieaddgfemjhofmfblmnib_10563_all_ad3mmw522gkkher42ebnagpfr27q.crx3
2026-06-02 20:28:38,517 [INFO] Capturing response: http://edgedl.me.gvt1.com/edgedl/release2/chrome_component/ac6um66gn5z65d2hdxwjowejfk7a_10563/hfnkpimlhhgieaddgfemjhofmfblmnib_10563_all_ad3mmw522gkkher42ebnagpfr27q.crx3 200 OK
2026-06-02 20:28:38,548 [INFO] Capturing request: https://update.googleapis.com/service/update2/json
2026-06-02 20:28:38,572 [INFO] Capturing response: https://update.googleapis.com/service/update2/json 200 
2026-06-02 20:28:51,139 [INFO] Capturing request: https://android.clients.google.com/c2dm/register3
2026-06-02 20:28:51,243 [INFO] Capturing response: https://android.clients.google.com/c2dm/register3 301 
2026-06-02 20:28:55,567 [WARNING]   ❌ beIN Sports 4 için M3U8 bulunamadı
2026-06-02 20:28:56,568 [INFO] 
[5/14]
2026-06-02 20:28:56,568 [INFO] 🔍 beIN Sports 5 → https://atomsportv505.top/matches?id=bein-sports-5
2026-06-02 20:28:56,724 [INFO] Capturing request: https://atomsportv505.top/matches?id=bein-sports-5
2026-06-02 20:28:56,729 [INFO] Capturing request: https://atomsportv505.top/assets/js/clappr.js
2026-06-02 20:28:56,757 [INFO] Capturing response: https://atomsportv505.top/assets/js/clappr.js 200 
2026-06-02 20:28:57,073 [INFO] Capturing response: https://atomsportv505.top/matches?id=bein-sports-5 200 
2026-06-02 20:28:57,084 [INFO] Capturing request: https://atomsportv505.top/cdn-cgi/rum?
2026-06-02 20:28:57,111 [INFO] Capturing request: https://atomsportv505.top/cdn-cgi/rum?
2026-06-02 20:28:57,213 [INFO] Capturing request: https://atomsportv505.top/favicon.ico
2026-06-02 20:28:57,220 [INFO] Capturing response: https://atomsportv505.top/cdn-cgi/rum? 204 
2026-06-02 20:28:57,221 [INFO] Capturing response: https://atomsportv505.top/cdn-cgi/rum? 204 
2026-06-02 20:28:57,245 [INFO] Capturing response: https://atomsportv505.top/favicon.ico 200 
2026-06-02 20:28:57,250 [INFO] Capturing request: https://teletv5.top/load/yayinlink.php?id=bein-sports-5
2026-06-02 20:28:57,460 [INFO] Capturing response: https://teletv5.top/load/yayinlink.php?id=bein-sports-5 200 
2026-06-02 20:28:57,768 [INFO] Capturing request: https://streamsport365.com/cinema
2026-06-02 20:28:58,113 [INFO] Capturing response: https://streamsport365.com/cinema 200 
2026-06-02 20:29:30,370 [WARNING]   ❌ beIN Sports 5 için M3U8 bulunamadı
2026-06-02 20:29:31,370 [INFO] 
[6/14]
2026-06-02 20:29:31,371 [INFO] 🔍 beIN Sports Max 1 → https://atomsportv505.top/matches?id=bein-sports-max-1
2026-06-02 20:29:31,479 [INFO] Capturing request: https://atomsportv505.top/assets/js/clappr.js
2026-06-02 20:29:31,482 [INFO] Capturing request: https://atomsportv505.top/matches?id=bein-sports-max-1
2026-06-02 20:29:31,496 [INFO] Capturing response: https://atomsportv505.top/assets/js/clappr.js 200 
2026-06-02 20:29:31,808 [INFO] Capturing response: https://atomsportv505.top/matches?id=bein-sports-max-1 200 
2026-06-02 20:29:31,818 [INFO] Capturing request: https://atomsportv505.top/cdn-cgi/rum?
2026-06-02 20:29:31,847 [INFO] Capturing request: https://atomsportv505.top/cdn-cgi/rum?
2026-06-02 20:29:31,926 [INFO] Capturing response: https://atomsportv505.top/cdn-cgi/rum? 204 
2026-06-02 20:29:31,942 [INFO] Capturing request: https://teletv5.top/load/yayinlink.php?id=bein-sports-max-1
2026-06-02 20:29:31,949 [INFO] Capturing request: https://atomsportv505.top/favicon.ico
2026-06-02 20:29:31,986 [INFO] Capturing response: https://atomsportv505.top/favicon.ico 200 
2026-06-02 20:29:31,997 [INFO] Capturing response: https://atomsportv505.top/cdn-cgi/rum? 204 
2026-06-02 20:29:32,098 [INFO] Capturing request: https://streamsport365.com/cinema
2026-06-02 20:29:32,150 [INFO] Capturing response: https://teletv5.top/load/yayinlink.php?id=bein-sports-max-1 200 
2026-06-02 20:29:32,458 [INFO] Capturing response: https://streamsport365.com/cinema 200 
2026-06-02 20:30:05,109 [WARNING]   ❌ beIN Sports Max 1 için M3U8 bulunamadı
2026-06-02 20:30:06,109 [INFO] 
[7/14]
2026-06-02 20:30:06,110 [INFO] 🔍 beIN Sports Max 2 → https://atomsportv505.top/matches?id=bein-sports-max-2
2026-06-02 20:30:06,217 [INFO] Capturing request: https://atomsportv505.top/assets/js/clappr.js
2026-06-02 20:30:06,219 [INFO] Capturing request: https://atomsportv505.top/matches?id=bein-sports-max-2
2026-06-02 20:30:06,235 [INFO] Capturing response: https://atomsportv505.top/assets/js/clappr.js 200 
2026-06-02 20:30:06,545 [INFO] Capturing response: https://atomsportv505.top/matches?id=bein-sports-max-2 200 
2026-06-02 20:30:06,556 [INFO] Capturing request: https://atomsportv505.top/cdn-cgi/rum?
2026-06-02 20:30:06,588 [INFO] Capturing request: https://atomsportv505.top/cdn-cgi/rum?
2026-06-02 20:30:06,663 [INFO] Capturing response: https://atomsportv505.top/cdn-cgi/rum? 204 
2026-06-02 20:30:06,679 [INFO] Capturing request: https://teletv5.top/load/yayinlink.php?id=bein-sports-max-2
2026-06-02 20:30:06,690 [INFO] Capturing request: https://atomsportv505.top/favicon.ico
2026-06-02 20:30:06,719 [INFO] Capturing response: https://atomsportv505.top/favicon.ico 200 
2026-06-02 20:30:06,736 [INFO] Capturing response: https://atomsportv505.top/cdn-cgi/rum? 204 
2026-06-02 20:30:06,841 [INFO] Capturing request: https://streamsport365.com/cinema
2026-06-02 20:30:06,886 [INFO] Capturing response: https://teletv5.top/load/yayinlink.php?id=bein-sports-max-2 200 
2026-06-02 20:30:07,229 [INFO] Capturing response: https://streamsport365.com/cinema 200 
2026-06-02 20:30:39,839 [WARNING]   ❌ beIN Sports Max 2 için M3U8 bulunamadı
2026-06-02 20:30:40,839 [INFO] 
[8/14]
2026-06-02 20:30:40,839 [INFO] 🔍 S Sport → https://atomsportv505.top/matches?id=s-sport
2026-06-02 20:30:40,946 [INFO] Capturing request: https://atomsportv505.top/assets/js/clappr.js
2026-06-02 20:30:40,949 [INFO] Capturing request: https://atomsportv505.top/matches?id=s-sport
2026-06-02 20:30:40,966 [INFO] Capturing response: https://atomsportv505.top/assets/js/clappr.js 200 
2026-06-02 20:30:41,269 [INFO] Capturing response: https://atomsportv505.top/matches?id=s-sport 200 
2026-06-02 20:30:41,279 [INFO] Capturing request: https://atomsportv505.top/cdn-cgi/rum?
2026-06-02 20:30:41,308 [INFO] Capturing request: https://atomsportv505.top/cdn-cgi/rum?
2026-06-02 20:30:41,387 [INFO] Capturing response: https://atomsportv505.top/cdn-cgi/rum? 204 
2026-06-02 20:30:41,408 [INFO] Capturing request: https://atomsportv505.top/favicon.ico
2026-06-02 20:30:41,409 [INFO] Capturing request: https://teletv5.top/load/yayinlink.php?id=s-sport
2026-06-02 20:30:41,438 [INFO] Capturing response: https://atomsportv505.top/favicon.ico 200 
2026-06-02 20:30:41,456 [INFO] Capturing response: https://atomsportv505.top/cdn-cgi/rum? 204 
2026-06-02 20:30:41,553 [INFO] Capturing request: https://streamsport365.com/cinema
2026-06-02 20:30:41,622 [INFO] Capturing response: https://teletv5.top/load/yayinlink.php?id=s-sport 200 
2026-06-02 20:30:41,906 [INFO] Capturing response: https://streamsport365.com/cinema 200 
2026-06-02 20:30:42,058 [INFO] Capturing request: https://hlssssssssssssssssss.yedeklinksa35.workers.dev/https://corestream.ronaldovurdu.help//s-sportt/tracks-v1a1/mono.m3u8
2026-06-02 20:30:42,282 [INFO] Capturing response: https://hlssssssssssssssssss.yedeklinksa35.workers.dev/https://corestream.ronaldovurdu.help//s-sportt/tracks-v1a1/mono.m3u8 200 
2026-06-02 20:30:42,463 [INFO] Capturing request: https://ts.yedeklinksa35.workers.dev/s-sportt/tracks-v1a1/2026/06/02/20/31/22-07460.avif
2026-06-02 20:30:42,734 [INFO] Capturing response: https://ts.yedeklinksa35.workers.dev/s-sportt/tracks-v1a1/2026/06/02/20/31/22-07460.avif 500 
2026-06-02 20:30:43,929 [INFO] Capturing request: https://ts.yedeklinksa35.workers.dev/s-sportt/tracks-v1a1/2026/06/02/20/31/22-07460.avif
2026-06-02 20:30:43,944 [INFO] Capturing response: https://ts.yedeklinksa35.workers.dev/s-sportt/tracks-v1a1/2026/06/02/20/31/22-07460.avif 500 
2026-06-02 20:30:44,319 [INFO]   ✅ M3U8 bulundu: https://hlssssssssssssssssss.yedeklinksa35.workers.dev/https://corestream.ronaldovurdu.help//s-sportt/tracks-v1a1/mono.m3u8
2026-06-02 20:30:45,319 [INFO] 
[9/14]
2026-06-02 20:30:45,320 [INFO] 🔍 S Sport 2 → https://atomsportv505.top/matches?id=s-sport-2
2026-06-02 20:30:45,426 [INFO] Capturing request: https://atomsportv505.top/assets/js/clappr.js
2026-06-02 20:30:45,428 [INFO] Capturing request: https://atomsportv505.top/matches?id=s-sport-2
2026-06-02 20:30:45,444 [INFO] Capturing response: https://atomsportv505.top/assets/js/clappr.js 200 
2026-06-02 20:30:45,474 [INFO] Capturing response: https://atomsportv505.top/matches?id=s-sport-2 200 
2026-06-02 20:30:45,484 [INFO] Capturing request: https://atomsportv505.top/cdn-cgi/rum?
2026-06-02 20:30:45,508 [INFO] Capturing request: https://atomsportv505.top/cdn-cgi/rum?
2026-06-02 20:30:45,510 [INFO] Capturing request: https://streamsport365.com/cinema
2026-06-02 20:30:45,607 [INFO] Capturing request: https://teletv5.top/load/yayinlink.php?id=s-sport-2
2026-06-02 20:30:45,614 [INFO] Capturing request: https://atomsportv505.top/favicon.ico
2026-06-02 20:30:45,616 [INFO] Capturing response: https://atomsportv505.top/cdn-cgi/rum? 204 
2026-06-02 20:30:45,618 [INFO] Capturing response: https://atomsportv505.top/cdn-cgi/rum? 204 
2026-06-02 20:30:45,640 [INFO] Capturing response: https://atomsportv505.top/favicon.ico 200 
2026-06-02 20:30:45,817 [INFO] Capturing response: https://teletv5.top/load/yayinlink.php?id=s-sport-2 200 
2026-06-02 20:30:45,864 [INFO] Capturing response: https://streamsport365.com/cinema 200 
2026-06-02 20:30:45,982 [INFO] Capturing request: https://hlssssssssssssssssss.yedeklinksa35.workers.dev/https://corestream.ronaldovurdu.help//s-sport2/tracks-v1a1/mono.m3u8
2026-06-02 20:30:46,190 [INFO] Capturing response: https://hlssssssssssssssssss.yedeklinksa35.workers.dev/https://corestream.ronaldovurdu.help//s-sport2/tracks-v1a1/mono.m3u8 200 
2026-06-02 20:30:46,299 [INFO] Capturing request: https://ts.yedeklinksa35.workers.dev/s-sport2/tracks-v1a1/2026/06/02/20/32/03-06000.avif
2026-06-02 20:30:46,563 [INFO] Capturing response: https://ts.yedeklinksa35.workers.dev/s-sport2/tracks-v1a1/2026/06/02/20/32/03-06000.avif 500 
2026-06-02 20:30:46,867 [INFO] Capturing request: https://android.clients.google.com/c2dm/register3
2026-06-02 20:30:46,954 [INFO] Capturing response: https://android.clients.google.com/c2dm/register3 301 
2026-06-02 20:30:47,696 [INFO] Capturing request: https://ts.yedeklinksa35.workers.dev/s-sport2/tracks-v1a1/2026/06/02/20/32/03-06000.avif
2026-06-02 20:30:47,711 [INFO] Capturing response: https://ts.yedeklinksa35.workers.dev/s-sport2/tracks-v1a1/2026/06/02/20/32/03-06000.avif 500 
2026-06-02 20:30:48,522 [INFO]   ✅ M3U8 bulundu: https://hlssssssssssssssssss.yedeklinksa35.workers.dev/https://corestream.ronaldovurdu.help//s-sport2/tracks-v1a1/mono.m3u8
2026-06-02 20:30:49,522 [INFO] 
[10/14]
2026-06-02 20:30:49,522 [INFO] 🔍 A Spor → https://atomsportv505.top/matches?id=a-spor
2026-06-02 20:30:49,630 [INFO] Capturing request: https://atomsportv505.top/assets/js/clappr.js
2026-06-02 20:30:49,631 [INFO] Capturing request: https://atomsportv505.top/matches?id=a-spor
2026-06-02 20:30:49,650 [INFO] Capturing response: https://atomsportv505.top/assets/js/clappr.js 200 
2026-06-02 20:30:49,679 [INFO] Capturing response: https://atomsportv505.top/matches?id=a-spor 200 
2026-06-02 20:30:49,688 [INFO] Capturing request: https://atomsportv505.top/cdn-cgi/rum?
2026-06-02 20:30:49,712 [INFO] Capturing request: https://atomsportv505.top/cdn-cgi/rum?
2026-06-02 20:30:49,808 [INFO] Capturing request: https://teletv5.top/load/yayinlink.php?id=a-spor
2026-06-02 20:30:49,811 [INFO] Capturing request: https://atomsportv505.top/favicon.ico
2026-06-02 20:30:49,817 [INFO] Capturing response: https://atomsportv505.top/cdn-cgi/rum? 204 
2026-06-02 20:30:49,819 [INFO] Capturing response: https://atomsportv505.top/cdn-cgi/rum? 204 
2026-06-02 20:30:49,836 [INFO] Capturing response: https://atomsportv505.top/favicon.ico 200 
2026-06-02 20:30:49,960 [INFO] Capturing request: https://streamsport365.com/cinema
2026-06-02 20:30:50,018 [INFO] Capturing response: https://teletv5.top/load/yayinlink.php?id=a-spor 200 
2026-06-02 20:30:50,327 [INFO] Capturing response: https://streamsport365.com/cinema 200 
2026-06-02 20:30:50,445 [INFO] Capturing request: https://hlssssssssssssssssss.yedeklinksa35.workers.dev/https://corestream.ronaldovurdu.help//aspor/tracks-v1a1/mono.m3u8
2026-06-02 20:30:50,630 [INFO] Capturing response: https://hlssssssssssssssssss.yedeklinksa35.workers.dev/https://corestream.ronaldovurdu.help//aspor/tracks-v1a1/mono.m3u8 404 
2026-06-02 20:30:52,723 [INFO]   ✅ M3U8 bulundu: https://hlssssssssssssssssss.yedeklinksa35.workers.dev/https://corestream.ronaldovurdu.help//aspor/tracks-v1a1/mono.m3u8
2026-06-02 20:30:53,723 [INFO] 
[11/14]
2026-06-02 20:30:53,723 [INFO] 🔍 Tivibu Spor 1 → https://atomsportv505.top/matches?id=tivibu-spor-1
2026-06-02 20:30:53,832 [INFO] Capturing request: https://atomsportv505.top/assets/js/clappr.js
2026-06-02 20:30:53,832 [INFO] Capturing request: https://atomsportv505.top/matches?id=tivibu-spor-1
2026-06-02 20:30:53,852 [INFO] Capturing response: https://atomsportv505.top/assets/js/clappr.js 200 
2026-06-02 20:30:53,880 [INFO] Capturing response: https://atomsportv505.top/matches?id=tivibu-spor-1 200 
2026-06-02 20:30:53,888 [INFO] Capturing request: https://atomsportv505.top/cdn-cgi/rum?
2026-06-02 20:30:53,916 [INFO] Capturing request: https://streamsport365.com/cinema
2026-06-02 20:30:53,920 [INFO] Capturing request: https://atomsportv505.top/cdn-cgi/rum?
2026-06-02 20:30:54,016 [INFO] Capturing request: https://teletv5.top/load/yayinlink.php?id=tivibu-spor-1
2026-06-02 20:30:54,025 [INFO] Capturing request: https://atomsportv505.top/favicon.ico
2026-06-02 20:30:54,030 [INFO] Capturing response: https://atomsportv505.top/cdn-cgi/rum? 204 
2026-06-02 20:30:54,032 [INFO] Capturing response: https://atomsportv505.top/cdn-cgi/rum? 204 
2026-06-02 20:30:54,053 [INFO] Capturing response: https://atomsportv505.top/favicon.ico 200 
2026-06-02 20:30:54,227 [INFO] Capturing response: https://teletv5.top/load/yayinlink.php?id=tivibu-spor-1 200 
2026-06-02 20:30:54,279 [INFO] Capturing response: https://streamsport365.com/cinema 200 
2026-06-02 20:31:27,177 [WARNING]   ❌ Tivibu Spor 1 için M3U8 bulunamadı
2026-06-02 20:31:28,177 [INFO] 
[12/14]
2026-06-02 20:31:28,177 [INFO] 🔍 Tivibu Spor 2 → https://atomsportv505.top/matches?id=tivibu-spor-2
2026-06-02 20:31:28,284 [INFO] Capturing request: https://atomsportv505.top/assets/js/clappr.js
2026-06-02 20:31:28,286 [INFO] Capturing request: https://atomsportv505.top/matches?id=tivibu-spor-2
2026-06-02 20:31:28,304 [INFO] Capturing response: https://atomsportv505.top/assets/js/clappr.js 200 
2026-06-02 20:31:28,610 [INFO] Capturing response: https://atomsportv505.top/matches?id=tivibu-spor-2 200 
2026-06-02 20:31:28,618 [INFO] Capturing request: https://atomsportv505.top/cdn-cgi/rum?
2026-06-02 20:31:28,644 [INFO] Capturing request: https://atomsportv505.top/cdn-cgi/rum?
2026-06-02 20:31:28,725 [INFO] Capturing response: https://atomsportv505.top/cdn-cgi/rum? 204 
2026-06-02 20:31:28,740 [INFO] Capturing request: https://teletv5.top/load/yayinlink.php?id=tivibu-spor-2
2026-06-02 20:31:28,750 [INFO] Capturing request: https://atomsportv505.top/favicon.ico
2026-06-02 20:31:28,784 [INFO] Capturing response: https://atomsportv505.top/favicon.ico 200 
2026-06-02 20:31:28,792 [INFO] Capturing response: https://atomsportv505.top/cdn-cgi/rum? 204 
2026-06-02 20:31:28,895 [INFO] Capturing request: https://streamsport365.com/cinema
2026-06-02 20:31:28,959 [INFO] Capturing response: https://teletv5.top/load/yayinlink.php?id=tivibu-spor-2 200 
2026-06-02 20:31:29,358 [INFO] Capturing response: https://streamsport365.com/cinema 200 
2026-06-02 20:32:01,901 [WARNING]   ❌ Tivibu Spor 2 için M3U8 bulunamadı
2026-06-02 20:32:02,901 [INFO] 
[13/14]
2026-06-02 20:32:02,901 [INFO] 🔍 Tivibu Spor 3 → https://atomsportv505.top/matches?id=tivibu-spor-3
2026-06-02 20:32:03,010 [INFO] Capturing request: https://atomsportv505.top/assets/js/clappr.js
2026-06-02 20:32:03,012 [INFO] Capturing request: https://atomsportv505.top/matches?id=tivibu-spor-3
2026-06-02 20:32:03,028 [INFO] Capturing response: https://atomsportv505.top/assets/js/clappr.js 200 
2026-06-02 20:32:03,333 [INFO] Capturing response: https://atomsportv505.top/matches?id=tivibu-spor-3 200 
2026-06-02 20:32:03,343 [INFO] Capturing request: https://atomsportv505.top/cdn-cgi/rum?
2026-06-02 20:32:03,373 [INFO] Capturing request: https://atomsportv505.top/cdn-cgi/rum?
2026-06-02 20:32:03,450 [INFO] Capturing response: https://atomsportv505.top/cdn-cgi/rum? 204 
2026-06-02 20:32:03,465 [INFO] Capturing request: https://teletv5.top/load/yayinlink.php?id=tivibu-spor-3
2026-06-02 20:32:03,474 [INFO] Capturing request: https://atomsportv505.top/favicon.ico
2026-06-02 20:32:03,503 [INFO] Capturing response: https://atomsportv505.top/favicon.ico 200 
2026-06-02 20:32:03,520 [INFO] Capturing response: https://atomsportv505.top/cdn-cgi/rum? 204 
2026-06-02 20:32:03,624 [INFO] Capturing request: https://streamsport365.com/cinema
2026-06-02 20:32:03,675 [INFO] Capturing response: https://teletv5.top/load/yayinlink.php?id=tivibu-spor-3 200 
2026-06-02 20:32:03,986 [INFO] Capturing response: https://streamsport365.com/cinema 200 
2026-06-02 20:32:36,620 [WARNING]   ❌ Tivibu Spor 3 için M3U8 bulunamadı
2026-06-02 20:32:37,620 [INFO] 
[14/14]
2026-06-02 20:32:37,620 [INFO] 🔍 Tivibu Spor 4 → https://atomsportv505.top/matches?id=tivibu-spor-4
2026-06-02 20:32:37,727 [INFO] Capturing request: https://atomsportv505.top/assets/js/clappr.js
2026-06-02 20:32:37,729 [INFO] Capturing request: https://atomsportv505.top/matches?id=tivibu-spor-4
2026-06-02 20:32:37,745 [INFO] Capturing response: https://atomsportv505.top/assets/js/clappr.js 200 
2026-06-02 20:32:38,094 [INFO] Capturing response: https://atomsportv505.top/matches?id=tivibu-spor-4 200 
2026-06-02 20:32:38,102 [INFO] Capturing request: https://atomsportv505.top/cdn-cgi/rum?
2026-06-02 20:32:38,134 [INFO] Capturing request: https://atomsportv505.top/cdn-cgi/rum?
2026-06-02 20:32:38,212 [INFO] Capturing response: https://atomsportv505.top/cdn-cgi/rum? 204 
2026-06-02 20:32:38,232 [INFO] Capturing request: https://teletv5.top/load/yayinlink.php?id=tivibu-spor-4
2026-06-02 20:32:38,235 [INFO] Capturing request: https://atomsportv505.top/favicon.ico
2026-06-02 20:32:38,266 [INFO] Capturing response: https://atomsportv505.top/favicon.ico 200 
2026-06-02 20:32:38,283 [INFO] Capturing response: https://atomsportv505.top/cdn-cgi/rum? 204 
2026-06-02 20:32:38,384 [INFO] Capturing request: https://streamsport365.com/cinema
2026-06-02 20:32:38,445 [INFO] Capturing response: https://teletv5.top/load/yayinlink.php?id=tivibu-spor-4 200 
2026-06-02 20:32:38,738 [INFO] Capturing response: https://streamsport365.com/cinema 200 
2026-06-02 20:33:11,385 [WARNING]   ❌ Tivibu Spor 4 için M3U8 bulunamadı
2026-06-02 20:33:12,451 [INFO] ✅ 5 kanal bulundu, playlist.m3u kaydedildi
