2026-05-30 22:59:30,704 [INFO] 🌐 BASE_URL: https://atomsportv505.top
2026-05-30 22:59:31,505 [INFO] Başlanıyor... 14 kanal taranacak
2026-05-30 22:59:31,505 [INFO] Using default request storage
2026-05-30 22:59:31,510 [INFO] Created proxy listening on 127.0.0.1:46815
2026-05-30 22:59:32,174 [INFO] Capturing request: http://clients2.google.com/time/1/current?cup2key=10:Ca5MW36gliGQnry-Uydunqm4Y1ZmStGCtHmECeTxNUs&cup2hreq=e3b0c44298fc1c149afbf4c8996fb92427ae41e4649b934ca495991b7852b855
2026-05-30 22:59:32,229 [INFO] Capturing response: http://clients2.google.com/time/1/current?cup2key=10:Ca5MW36gliGQnry-Uydunqm4Y1ZmStGCtHmECeTxNUs&cup2hreq=e3b0c44298fc1c149afbf4c8996fb92427ae41e4649b934ca495991b7852b855 200 OK
2026-05-30 22:59:32,283 [INFO] 
[1/14]
2026-05-30 22:59:32,283 [INFO] 🔍 beIN Sports 1 → https://atomsportv505.top/matches?id=bein-sports-1
2026-05-30 22:59:32,339 [INFO] Capturing request: https://accounts.google.com/ListAccounts?gpsia=1&source=ChromiumBrowser&json=standard&laf=b64bin
2026-05-30 22:59:32,422 [INFO] Capturing response: https://accounts.google.com/ListAccounts?gpsia=1&source=ChromiumBrowser&json=standard&laf=b64bin 200 
2026-05-30 22:59:32,460 [INFO] Capturing request: https://atomsportv505.top/matches?id=bein-sports-1
2026-05-30 22:59:32,621 [INFO] Capturing response: https://atomsportv505.top/matches?id=bein-sports-1 200 
2026-05-30 22:59:32,708 [INFO] Capturing request: https://www.google.com/async/folae?async=_fmt:pb&udm=50&client_locale=en-US
2026-05-30 22:59:32,737 [INFO] Capturing response: https://www.google.com/async/folae?async=_fmt:pb&udm=50&client_locale=en-US 200 
2026-05-30 22:59:32,772 [INFO] Capturing request: https://atomsportv505.top/assets/js/clappr.js
2026-05-30 22:59:32,823 [INFO] Capturing response: https://atomsportv505.top/assets/js/clappr.js 200 
2026-05-30 22:59:32,843 [INFO] Capturing request: https://cdn.jsdelivr.net/npm/@clappr/player@latest/dist/clappr.min.js
2026-05-30 22:59:32,853 [INFO] Capturing request: https://cdnjs.cloudflare.com/ajax/libs/jquery/3.2.1/jquery.min.js
2026-05-30 22:59:32,885 [INFO] Capturing response: https://cdnjs.cloudflare.com/ajax/libs/jquery/3.2.1/jquery.min.js 200 
2026-05-30 22:59:32,901 [INFO] Capturing response: https://cdn.jsdelivr.net/npm/@clappr/player@latest/dist/clappr.min.js 200 
2026-05-30 22:59:33,107 [INFO] Capturing request: https://static.cloudflareinsights.com/beacon.min.js/v833ccba57c9e4d2798f2e76cebdd09a11778172276447
2026-05-30 22:59:33,136 [INFO] Capturing response: https://static.cloudflareinsights.com/beacon.min.js/v833ccba57c9e4d2798f2e76cebdd09a11778172276447 200 
2026-05-30 22:59:33,196 [INFO] Capturing request: https://atomsportv505.top/cdn-cgi/rum?
2026-05-30 22:59:33,300 [INFO] Capturing request: https://atomsportv505.top/favicon.ico
2026-05-30 22:59:33,361 [INFO] Capturing response: https://atomsportv505.top/cdn-cgi/rum? 204 
2026-05-30 22:59:33,369 [INFO] Capturing request: https://teletv5.top/load/yayinlink.php?id=bein-sports-1
2026-05-30 22:59:33,474 [INFO] Capturing response: https://atomsportv505.top/favicon.ico 200 
2026-05-30 22:59:33,864 [INFO] Capturing response: https://teletv5.top/load/yayinlink.php?id=bein-sports-1 200 
2026-05-30 22:59:33,874 [INFO] Capturing request: https://streamsport365.com/cinema
2026-05-30 22:59:34,211 [INFO] Capturing response: https://streamsport365.com/cinema 200 
2026-05-30 22:59:34,342 [INFO] Capturing request: https://atomsportv505.top/assets/img/player_logo_6880e4e4c52ee.png
2026-05-30 22:59:34,417 [INFO] Capturing response: https://atomsportv505.top/assets/img/player_logo_6880e4e4c52ee.png 200 
2026-05-30 22:59:34,455 [INFO] Capturing request: https://hlssssssssssssssssss.yedeklinksa35.workers.dev/https://corestream.ronaldovurdu.help//trt1/tracks-v1a1/mono.m3u8
2026-05-30 22:59:35,155 [INFO] Capturing request: https://android.clients.google.com/checkin
2026-05-30 22:59:35,266 [INFO] Capturing response: https://android.clients.google.com/checkin 200 
2026-05-30 22:59:35,314 [INFO] Capturing request: https://android.clients.google.com/c2dm/register3
2026-05-30 22:59:35,319 [INFO] Capturing request: https://android.clients.google.com/c2dm/register3
2026-05-30 22:59:35,321 [INFO] Capturing request: https://android.clients.google.com/c2dm/register3
2026-05-30 22:59:35,373 [INFO] Capturing response: https://android.clients.google.com/c2dm/register3 301 
2026-05-30 22:59:36,219 [INFO]   ✅ M3U8 bulundu: https://hlssssssssssssssssss.yedeklinksa35.workers.dev/https://corestream.ronaldovurdu.help//trt1/tracks-v1a1/mono.m3u8
2026-05-30 22:59:36,353 [INFO] Capturing response: https://android.clients.google.com/c2dm/register3 200 
2026-05-30 22:59:36,606 [INFO] Capturing response: https://android.clients.google.com/c2dm/register3 200 
2026-05-30 22:59:37,219 [INFO] 
[2/14]
2026-05-30 22:59:37,219 [INFO] 🔍 beIN Sports 2 → https://atomsportv505.top/matches?id=bein-sports-2
2026-05-30 22:59:37,328 [INFO] Capturing request: https://atomsportv505.top/matches?id=bein-sports-2
2026-05-30 22:59:37,395 [INFO] Capturing response: https://atomsportv505.top/matches?id=bein-sports-2 200 
2026-05-30 22:59:37,406 [INFO] Capturing request: https://atomsportv505.top/cdn-cgi/rum?
2026-05-30 22:59:37,443 [INFO] Capturing request: https://streamsport365.com/cinema
2026-05-30 22:59:37,445 [INFO] Capturing request: https://atomsportv505.top/cdn-cgi/rum?
2026-05-30 22:59:37,532 [INFO] Capturing response: https://atomsportv505.top/cdn-cgi/rum? 204 
2026-05-30 22:59:37,543 [INFO] Capturing request: https://teletv5.top/load/yayinlink.php?id=bein-sports-2
2026-05-30 22:59:37,546 [INFO] Capturing request: https://atomsportv505.top/favicon.ico
2026-05-30 22:59:37,585 [INFO] Capturing response: https://atomsportv505.top/favicon.ico 200 
2026-05-30 22:59:37,610 [INFO] Capturing response: https://atomsportv505.top/cdn-cgi/rum? 204 
2026-05-30 22:59:37,781 [INFO] Capturing response: https://streamsport365.com/cinema 200 
2026-05-30 22:59:40,599 [INFO] Capturing response: https://hlssssssssssssssssss.yedeklinksa35.workers.dev/https://corestream.ronaldovurdu.help//trt1/tracks-v1a1/mono.m3u8 200 
2026-05-30 22:59:41,584 [INFO] Capturing response: https://teletv5.top/load/yayinlink.php?id=bein-sports-2 200 
2026-05-30 22:59:41,706 [INFO] Capturing request: https://hlssssssssssssssssss.yedeklinksa35.workers.dev/https://corestream.ronaldovurdu.help//bein2/tracks-v1a1/mono.m3u8
2026-05-30 22:59:55,722 [INFO]   ✅ M3U8 bulundu: https://hlssssssssssssssssss.yedeklinksa35.workers.dev/https://corestream.ronaldovurdu.help//bein2/tracks-v1a1/mono.m3u8
2026-05-30 22:59:56,722 [INFO] 
[3/14]
2026-05-30 22:59:56,722 [INFO] 🔍 beIN Sports 3 → https://atomsportv505.top/matches?id=bein-sports-3
2026-05-30 22:59:56,832 [INFO] Capturing request: https://atomsportv505.top/matches?id=bein-sports-3
2026-05-30 22:59:58,211 [INFO] Capturing response: https://hlssssssssssssssssss.yedeklinksa35.workers.dev/https://corestream.ronaldovurdu.help//bein2/tracks-v1a1/mono.m3u8 200 
2026-05-30 22:59:58,360 [INFO] Capturing request: https://hlssssssssssssssssss.yedeklinksa35.workers.dev/https://corestream.ronaldovurdu.help//bein2/tracks-v1a1/mono.m3u8
2026-05-30 22:59:58,458 [INFO] Capturing request: https://ts.yedeklinksa35.workers.dev/bein2/tracks-v1a1/2026/05/30/22/59/52-10000.avif
2026-05-30 23:00:00,665 [INFO] Capturing response: https://hlssssssssssssssssss.yedeklinksa35.workers.dev/https://corestream.ronaldovurdu.help//bein2/tracks-v1a1/mono.m3u8 200 
2026-05-30 23:00:02,222 [INFO] Capturing request: https://android.clients.google.com/c2dm/register3
2026-05-30 23:00:02,279 [INFO] Capturing response: https://android.clients.google.com/c2dm/register3 301 
2026-05-30 23:00:02,411 [INFO] Capturing response: https://atomsportv505.top/matches?id=bein-sports-3 200 
2026-05-30 23:00:02,421 [INFO] Capturing request: https://atomsportv505.top/cdn-cgi/rum?
2026-05-30 23:00:02,447 [INFO] Capturing request: https://atomsportv505.top/cdn-cgi/rum?
2026-05-30 23:00:02,545 [INFO] Capturing request: https://teletv5.top/load/yayinlink.php?id=bein-sports-3
2026-05-30 23:00:02,550 [INFO] Capturing response: https://atomsportv505.top/cdn-cgi/rum? 204 
2026-05-30 23:00:02,552 [INFO] Capturing request: https://atomsportv505.top/favicon.ico
2026-05-30 23:00:02,615 [INFO] Capturing response: https://atomsportv505.top/cdn-cgi/rum? 204 
2026-05-30 23:00:02,643 [INFO] Capturing response: https://atomsportv505.top/favicon.ico 200 
2026-05-30 23:00:02,688 [INFO] Capturing request: https://streamsport365.com/cinema
2026-05-30 23:00:02,860 [INFO] Capturing response: https://teletv5.top/load/yayinlink.php?id=bein-sports-3 200 
2026-05-30 23:00:03,032 [INFO] Capturing response: https://streamsport365.com/cinema 200 
2026-05-30 23:00:07,051 [INFO] Capturing response: https://ts.yedeklinksa35.workers.dev/bein2/tracks-v1a1/2026/05/30/22/59/52-10000.avif 200 
2026-05-30 23:00:20,690 [INFO]   ✅ M3U8 bulundu: https://hlssssssssssssssssss.yedeklinksa35.workers.dev/https://corestream.ronaldovurdu.help//bein2/tracks-v1a1/mono.m3u8
2026-05-30 23:00:21,691 [INFO] 
[4/14]
2026-05-30 23:00:21,691 [INFO] 🔍 beIN Sports 4 → https://atomsportv505.top/matches?id=bein-sports-4
2026-05-30 23:00:21,800 [INFO] Capturing request: https://atomsportv505.top/matches?id=bein-sports-4
2026-05-30 23:00:21,876 [INFO] Capturing response: https://atomsportv505.top/matches?id=bein-sports-4 200 
2026-05-30 23:00:21,886 [INFO] Capturing request: https://atomsportv505.top/cdn-cgi/rum?
2026-05-30 23:00:21,918 [INFO] Capturing request: https://atomsportv505.top/cdn-cgi/rum?
2026-05-30 23:00:22,011 [INFO] Capturing request: https://teletv5.top/load/yayinlink.php?id=bein-sports-4
2026-05-30 23:00:22,018 [INFO] Capturing response: https://atomsportv505.top/cdn-cgi/rum? 204 
2026-05-30 23:00:22,020 [INFO] Capturing request: https://atomsportv505.top/favicon.ico
2026-05-30 23:00:22,079 [INFO] Capturing response: https://atomsportv505.top/favicon.ico 200 
2026-05-30 23:00:22,082 [INFO] Capturing response: https://atomsportv505.top/cdn-cgi/rum? 204 
2026-05-30 23:00:22,161 [INFO] Capturing request: https://streamsport365.com/cinema
2026-05-30 23:00:22,262 [INFO] Capturing response: https://teletv5.top/load/yayinlink.php?id=bein-sports-4 200 
2026-05-30 23:00:22,502 [INFO] Capturing response: https://streamsport365.com/cinema 200 
2026-05-30 23:00:32,218 [INFO] Capturing request: https://update.googleapis.com/service/update2/json?cup2key=16:rbmh-mo_Z4T-qt2vEEqB_dLPNIcyNKrnXzWXmHiqS4c&cup2hreq=3cf6c87dcee15cb49389adbed22e55fe80a4156625fcc4eeb8201a8b62dcaac2
2026-05-30 23:00:32,266 [INFO] Capturing response: https://update.googleapis.com/service/update2/json?cup2key=16:rbmh-mo_Z4T-qt2vEEqB_dLPNIcyNKrnXzWXmHiqS4c&cup2hreq=3cf6c87dcee15cb49389adbed22e55fe80a4156625fcc4eeb8201a8b62dcaac2 200 
2026-05-30 23:00:32,313 [INFO] Capturing request: http://edgedl.me.gvt1.com/edgedl/diffgen-puffin/gcmjkmgdlgnkkcocmoeiminaijmmjnii/71d926df14cb4c89c6f8f88e6c0bfcf6fe1e1a256ca7f8db04002a111af4c5b0
2026-05-30 23:00:32,336 [INFO] Capturing response: http://edgedl.me.gvt1.com/edgedl/diffgen-puffin/gcmjkmgdlgnkkcocmoeiminaijmmjnii/71d926df14cb4c89c6f8f88e6c0bfcf6fe1e1a256ca7f8db04002a111af4c5b0 200 OK
2026-05-30 23:00:32,362 [INFO] Capturing request: https://update.googleapis.com/service/update2/json
2026-05-30 23:00:32,411 [INFO] Capturing response: https://update.googleapis.com/service/update2/json 200 
2026-05-30 23:00:32,415 [INFO] Capturing request: http://edgedl.me.gvt1.com/edgedl/release2/chrome_component/loh2i5gpoaedq3sniqluhigr4e_10557/hfnkpimlhhgieaddgfemjhofmfblmnib_10557_all_fya5wk2hpp7quo2ge6nvrlagoq.crx3
2026-05-30 23:00:32,431 [INFO] Capturing response: http://edgedl.me.gvt1.com/edgedl/release2/chrome_component/loh2i5gpoaedq3sniqluhigr4e_10557/hfnkpimlhhgieaddgfemjhofmfblmnib_10557_all_fya5wk2hpp7quo2ge6nvrlagoq.crx3 200 OK
2026-05-30 23:00:32,461 [INFO] Capturing request: https://update.googleapis.com/service/update2/json
2026-05-30 23:00:32,505 [INFO] Capturing response: https://update.googleapis.com/service/update2/json 200 
2026-05-30 23:00:51,233 [INFO] Capturing request: https://android.clients.google.com/c2dm/register3
2026-05-30 23:00:51,290 [INFO] Capturing response: https://android.clients.google.com/c2dm/register3 301 
2026-05-30 23:00:55,205 [WARNING]   ❌ beIN Sports 4 için M3U8 bulunamadı
2026-05-30 23:00:56,205 [INFO] 
[5/14]
2026-05-30 23:00:56,205 [INFO] 🔍 beIN Sports 5 → https://atomsportv505.top/matches?id=bein-sports-5
2026-05-30 23:00:56,371 [INFO] Capturing request: https://atomsportv505.top/matches?id=bein-sports-5
2026-05-30 23:00:56,377 [INFO] Capturing request: https://atomsportv505.top/assets/js/clappr.js
2026-05-30 23:00:56,456 [INFO] Capturing response: https://atomsportv505.top/assets/js/clappr.js 200 
2026-05-30 23:01:02,488 [INFO] Capturing response: https://atomsportv505.top/matches?id=bein-sports-5 200 
2026-05-30 23:01:02,497 [INFO] Capturing request: https://atomsportv505.top/cdn-cgi/rum?
2026-05-30 23:01:02,532 [INFO] Capturing request: https://atomsportv505.top/cdn-cgi/rum?
2026-05-30 23:01:02,635 [INFO] Capturing request: https://atomsportv505.top/favicon.ico
2026-05-30 23:01:02,649 [INFO] Capturing response: https://atomsportv505.top/cdn-cgi/rum? 204 
2026-05-30 23:01:02,656 [INFO] Capturing response: https://atomsportv505.top/cdn-cgi/rum? 204 
2026-05-30 23:01:02,689 [INFO] Capturing response: https://atomsportv505.top/favicon.ico 200 
2026-05-30 23:01:02,691 [INFO] Capturing request: https://teletv5.top/load/yayinlink.php?id=bein-sports-5
2026-05-30 23:01:03,156 [INFO] Capturing request: https://streamsport365.com/cinema
2026-05-30 23:01:03,488 [INFO] Capturing response: https://streamsport365.com/cinema 200 
2026-05-30 23:01:10,290 [INFO] Capturing response: https://teletv5.top/load/yayinlink.php?id=bein-sports-5 200 
2026-05-30 23:01:35,801 [WARNING]   ❌ beIN Sports 5 için M3U8 bulunamadı
2026-05-30 23:01:36,801 [INFO] 
[6/14]
2026-05-30 23:01:36,802 [INFO] 🔍 beIN Sports Max 1 → https://atomsportv505.top/matches?id=bein-sports-max-1
2026-05-30 23:01:36,909 [INFO] Capturing request: https://atomsportv505.top/assets/js/clappr.js
2026-05-30 23:01:36,912 [INFO] Capturing request: https://atomsportv505.top/matches?id=bein-sports-max-1
2026-05-30 23:01:36,941 [INFO] Capturing response: https://atomsportv505.top/assets/js/clappr.js 200 
2026-05-30 23:01:43,892 [INFO] Capturing response: https://atomsportv505.top/matches?id=bein-sports-max-1 200 
2026-05-30 23:01:43,901 [INFO] Capturing request: https://atomsportv505.top/cdn-cgi/rum?
2026-05-30 23:01:43,932 [INFO] Capturing request: https://atomsportv505.top/cdn-cgi/rum?
2026-05-30 23:01:44,030 [INFO] Capturing request: https://teletv5.top/load/yayinlink.php?id=bein-sports-max-1
2026-05-30 23:01:44,032 [INFO] Capturing request: https://atomsportv505.top/favicon.ico
2026-05-30 23:01:44,046 [INFO] Capturing response: https://atomsportv505.top/cdn-cgi/rum? 204 
2026-05-30 23:01:44,053 [INFO] Capturing response: https://atomsportv505.top/cdn-cgi/rum? 204 
2026-05-30 23:01:44,083 [INFO] Capturing response: https://atomsportv505.top/favicon.ico 200 
2026-05-30 23:01:44,174 [INFO] Capturing request: https://streamsport365.com/cinema
2026-05-30 23:01:44,521 [INFO] Capturing response: https://streamsport365.com/cinema 200 
2026-05-30 23:01:45,893 [INFO] Capturing response: https://teletv5.top/load/yayinlink.php?id=bein-sports-max-1 200 
2026-05-30 23:02:17,202 [WARNING]   ❌ beIN Sports Max 1 için M3U8 bulunamadı
2026-05-30 23:02:18,202 [INFO] 
[7/14]
2026-05-30 23:02:18,202 [INFO] 🔍 beIN Sports Max 2 → https://atomsportv505.top/matches?id=bein-sports-max-2
2026-05-30 23:02:18,313 [INFO] Capturing request: https://atomsportv505.top/assets/js/clappr.js
2026-05-30 23:02:18,314 [INFO] Capturing request: https://atomsportv505.top/matches?id=bein-sports-max-2
2026-05-30 23:02:18,342 [INFO] Capturing response: https://atomsportv505.top/assets/js/clappr.js 200 
2026-05-30 23:02:26,496 [INFO] Capturing response: https://atomsportv505.top/matches?id=bein-sports-max-2 200 
2026-05-30 23:02:26,505 [INFO] Capturing request: https://atomsportv505.top/cdn-cgi/rum?
2026-05-30 23:02:26,535 [INFO] Capturing request: https://atomsportv505.top/cdn-cgi/rum?
2026-05-30 23:02:26,632 [INFO] Capturing request: https://teletv5.top/load/yayinlink.php?id=bein-sports-max-2
2026-05-30 23:02:26,635 [INFO] Capturing response: https://atomsportv505.top/cdn-cgi/rum? 204 
2026-05-30 23:02:26,638 [INFO] Capturing request: https://atomsportv505.top/favicon.ico
2026-05-30 23:02:26,687 [INFO] Capturing response: https://atomsportv505.top/favicon.ico 200 
2026-05-30 23:02:26,698 [INFO] Capturing response: https://atomsportv505.top/cdn-cgi/rum? 204 
2026-05-30 23:02:26,777 [INFO] Capturing request: https://streamsport365.com/cinema
2026-05-30 23:02:27,126 [INFO] Capturing response: https://streamsport365.com/cinema 200 
2026-05-30 23:02:28,529 [INFO] Capturing response: https://teletv5.top/load/yayinlink.php?id=bein-sports-max-2 200 
2026-05-30 23:02:30,668 [INFO] Capturing request: https://android.clients.google.com/c2dm/register3
2026-05-30 23:02:30,807 [INFO] Capturing response: https://android.clients.google.com/c2dm/register3 301 
2026-05-30 23:02:59,811 [WARNING]   ❌ beIN Sports Max 2 için M3U8 bulunamadı
2026-05-30 23:03:00,811 [INFO] 
[8/14]
2026-05-30 23:03:00,811 [INFO] 🔍 S Sport → https://atomsportv505.top/matches?id=s-sport
2026-05-30 23:03:00,921 [INFO] Capturing request: https://atomsportv505.top/assets/js/clappr.js
2026-05-30 23:03:00,922 [INFO] Capturing request: https://atomsportv505.top/matches?id=s-sport
2026-05-30 23:03:00,950 [INFO] Capturing response: https://atomsportv505.top/assets/js/clappr.js 200 
2026-05-30 23:03:04,343 [INFO] Capturing response: https://atomsportv505.top/matches?id=s-sport 200 
2026-05-30 23:03:04,352 [INFO] Capturing request: https://atomsportv505.top/cdn-cgi/rum?
2026-05-30 23:03:04,384 [INFO] Capturing request: https://atomsportv505.top/cdn-cgi/rum?
2026-05-30 23:03:04,479 [INFO] Capturing response: https://atomsportv505.top/cdn-cgi/rum? 204 
2026-05-30 23:03:04,487 [INFO] Capturing request: https://teletv5.top/load/yayinlink.php?id=s-sport
2026-05-30 23:03:04,489 [INFO] Capturing request: https://atomsportv505.top/favicon.ico
2026-05-30 23:03:04,537 [INFO] Capturing response: https://atomsportv505.top/favicon.ico 200 
2026-05-30 23:03:04,548 [INFO] Capturing response: https://atomsportv505.top/cdn-cgi/rum? 204 
2026-05-30 23:03:04,622 [INFO] Capturing request: https://streamsport365.com/cinema
2026-05-30 23:03:04,971 [INFO] Capturing response: https://streamsport365.com/cinema 200 
2026-05-30 23:03:24,891 [INFO] Capturing response: https://teletv5.top/load/yayinlink.php?id=s-sport 200 
2026-05-30 23:03:25,064 [INFO] Capturing request: https://hlssssssssssssssssss.yedeklinksa35.workers.dev/https://corestream.ronaldovurdu.help//s-sportt/tracks-v1a1/mono.m3u8
2026-05-30 23:03:25,136 [INFO]   ✅ M3U8 bulundu: https://hlssssssssssssssssss.yedeklinksa35.workers.dev/https://corestream.ronaldovurdu.help//s-sportt/tracks-v1a1/mono.m3u8
2026-05-30 23:03:26,136 [INFO] 
[9/14]
2026-05-30 23:03:26,136 [INFO] 🔍 S Sport 2 → https://atomsportv505.top/matches?id=s-sport-2
2026-05-30 23:03:26,244 [INFO] Capturing request: https://atomsportv505.top/assets/js/clappr.js
2026-05-30 23:03:26,246 [INFO] Capturing request: https://atomsportv505.top/matches?id=s-sport-2
2026-05-30 23:03:26,271 [INFO] Capturing response: https://atomsportv505.top/assets/js/clappr.js 200 
2026-05-30 23:03:26,341 [INFO] Capturing response: https://atomsportv505.top/matches?id=s-sport-2 200 
2026-05-30 23:03:26,350 [INFO] Capturing request: https://atomsportv505.top/cdn-cgi/rum?
2026-05-30 23:03:26,377 [INFO] Capturing request: https://atomsportv505.top/cdn-cgi/rum?
2026-05-30 23:03:26,474 [INFO] Capturing request: https://teletv5.top/load/yayinlink.php?id=s-sport-2
2026-05-30 23:03:26,478 [INFO] Capturing response: https://atomsportv505.top/cdn-cgi/rum? 204 
2026-05-30 23:03:26,480 [INFO] Capturing request: https://atomsportv505.top/favicon.ico
2026-05-30 23:03:26,526 [INFO] Capturing response: https://atomsportv505.top/favicon.ico 200 
2026-05-30 23:03:26,542 [INFO] Capturing response: https://atomsportv505.top/cdn-cgi/rum? 204 
2026-05-30 23:03:26,619 [INFO] Capturing request: https://streamsport365.com/cinema
2026-05-30 23:03:26,974 [INFO] Capturing response: https://streamsport365.com/cinema 200 
2026-05-30 23:03:28,407 [INFO] Capturing response: https://teletv5.top/load/yayinlink.php?id=s-sport-2 200 
2026-05-30 23:03:28,566 [INFO] Capturing request: https://hlssssssssssssssssss.yedeklinksa35.workers.dev/https://corestream.ronaldovurdu.help//s-sport2/tracks-v1a1/mono.m3u8
2026-05-30 23:03:30,321 [INFO] Capturing response: https://hlssssssssssssssssss.yedeklinksa35.workers.dev/https://corestream.ronaldovurdu.help//s-sport2/tracks-v1a1/mono.m3u8 200 
2026-05-30 23:03:30,522 [INFO] Capturing request: https://ts.yedeklinksa35.workers.dev/s-sport2/tracks-v1a1/2026/05/30/23/02/52-10000.avif
2026-05-30 23:03:31,228 [INFO] Capturing response: https://hlssssssssssssssssss.yedeklinksa35.workers.dev/https://corestream.ronaldovurdu.help//s-sportt/tracks-v1a1/mono.m3u8 200 
2026-05-30 23:03:32,943 [INFO] Capturing response: https://ts.yedeklinksa35.workers.dev/s-sport2/tracks-v1a1/2026/05/30/23/02/52-10000.avif 200 
2026-05-30 23:03:33,194 [INFO] Capturing request: https://ts.yedeklinksa35.workers.dev/s-sport2/tracks-v1a1/2026/05/30/23/03/02-07200.avif
2026-05-30 23:03:38,807 [INFO] Capturing response: https://ts.yedeklinksa35.workers.dev/s-sport2/tracks-v1a1/2026/05/30/23/03/02-07200.avif 200 
2026-05-30 23:03:39,017 [INFO] Capturing request: https://ts.yedeklinksa35.workers.dev/s-sport2/tracks-v1a1/2026/05/30/23/03/09-10000.avif
2026-05-30 23:03:41,687 [INFO] Capturing request: https://hlssssssssssssssssss.yedeklinksa35.workers.dev/https://corestream.ronaldovurdu.help//s-sport2/tracks-v1a1/mono.m3u8
2026-05-30 23:03:42,774 [INFO] Capturing response: https://ts.yedeklinksa35.workers.dev/s-sport2/tracks-v1a1/2026/05/30/23/03/09-10000.avif 200 
2026-05-30 23:03:43,021 [INFO] Capturing request: https://ts.yedeklinksa35.workers.dev/s-sport2/tracks-v1a1/2026/05/30/23/03/19-06560.avif
2026-05-30 23:03:43,588 [INFO] Capturing response: https://hlssssssssssssssssss.yedeklinksa35.workers.dev/https://corestream.ronaldovurdu.help//s-sport2/tracks-v1a1/mono.m3u8 200 
2026-05-30 23:03:44,632 [INFO]   ✅ M3U8 bulundu: https://hlssssssssssssssssss.yedeklinksa35.workers.dev/https://corestream.ronaldovurdu.help//s-sport2/tracks-v1a1/mono.m3u8
2026-05-30 23:03:45,633 [INFO] 
[10/14]
2026-05-30 23:03:45,633 [INFO] 🔍 A Spor → https://atomsportv505.top/matches?id=a-spor
2026-05-30 23:03:45,745 [INFO] Capturing request: https://atomsportv505.top/assets/js/clappr.js
2026-05-30 23:03:45,746 [INFO] Capturing request: https://atomsportv505.top/matches?id=a-spor
2026-05-30 23:03:45,872 [INFO] Capturing response: https://atomsportv505.top/assets/js/clappr.js 200 
2026-05-30 23:03:48,013 [INFO] Capturing response: https://ts.yedeklinksa35.workers.dev/s-sport2/tracks-v1a1/2026/05/30/23/03/19-06560.avif 200 
2026-05-30 23:03:51,686 [INFO] Capturing request: https://hlssssssssssssssssss.yedeklinksa35.workers.dev/https://corestream.ronaldovurdu.help//s-sport2/tracks-v1a1/mono.m3u8
2026-05-30 23:03:52,495 [INFO] Capturing response: https://atomsportv505.top/matches?id=a-spor 200 
2026-05-30 23:03:52,504 [INFO] Capturing request: https://atomsportv505.top/cdn-cgi/rum?
2026-05-30 23:03:52,538 [INFO] Capturing request: https://atomsportv505.top/cdn-cgi/rum?
2026-05-30 23:03:52,631 [INFO] Capturing request: https://teletv5.top/load/yayinlink.php?id=a-spor
2026-05-30 23:03:52,638 [INFO] Capturing request: https://atomsportv505.top/favicon.ico
2026-05-30 23:03:52,651 [INFO] Capturing response: https://atomsportv505.top/cdn-cgi/rum? 204 
2026-05-30 23:03:52,659 [INFO] Capturing response: https://atomsportv505.top/cdn-cgi/rum? 204 
2026-05-30 23:03:52,679 [INFO] Capturing response: https://atomsportv505.top/favicon.ico 200 
2026-05-30 23:03:52,774 [INFO] Capturing request: https://streamsport365.com/cinema
2026-05-30 23:03:53,131 [INFO] Capturing response: https://streamsport365.com/cinema 200 
2026-05-30 23:03:53,338 [INFO] Capturing response: https://hlssssssssssssssssss.yedeklinksa35.workers.dev/https://corestream.ronaldovurdu.help//s-sport2/tracks-v1a1/mono.m3u8 200 
2026-05-30 23:03:54,550 [INFO] Capturing response: https://teletv5.top/load/yayinlink.php?id=a-spor 200 
2026-05-30 23:03:54,672 [INFO] Capturing request: https://hlssssssssssssssssss.yedeklinksa35.workers.dev/https://corestream.ronaldovurdu.help//aspor/tracks-v1a1/mono.m3u8
2026-05-30 23:03:56,319 [INFO] Capturing response: https://hlssssssssssssssssss.yedeklinksa35.workers.dev/https://corestream.ronaldovurdu.help//aspor/tracks-v1a1/mono.m3u8 404 
2026-05-30 23:04:10,804 [INFO]   ✅ M3U8 bulundu: https://hlssssssssssssssssss.yedeklinksa35.workers.dev/https://corestream.ronaldovurdu.help//s-sport2/tracks-v1a1/mono.m3u8
2026-05-30 23:04:11,804 [INFO] 
[11/14]
2026-05-30 23:04:11,804 [INFO] 🔍 Tivibu Spor 1 → https://atomsportv505.top/matches?id=tivibu-spor-1
2026-05-30 23:04:11,912 [INFO] Capturing request: https://atomsportv505.top/assets/js/clappr.js
2026-05-30 23:04:11,914 [INFO] Capturing request: https://atomsportv505.top/matches?id=tivibu-spor-1
2026-05-30 23:04:11,943 [INFO] Capturing response: https://atomsportv505.top/assets/js/clappr.js 200 
2026-05-30 23:04:11,991 [INFO] Capturing response: https://atomsportv505.top/matches?id=tivibu-spor-1 200 
2026-05-30 23:04:12,002 [INFO] Capturing request: https://atomsportv505.top/cdn-cgi/rum?
2026-05-30 23:04:12,033 [INFO] Capturing request: https://atomsportv505.top/cdn-cgi/rum?
2026-05-30 23:04:12,131 [INFO] Capturing request: https://teletv5.top/load/yayinlink.php?id=tivibu-spor-1
2026-05-30 23:04:12,134 [INFO] Capturing request: https://atomsportv505.top/favicon.ico
2026-05-30 23:04:12,147 [INFO] Capturing response: https://atomsportv505.top/cdn-cgi/rum? 204 
2026-05-30 23:04:12,155 [INFO] Capturing response: https://atomsportv505.top/cdn-cgi/rum? 204 
2026-05-30 23:04:12,183 [INFO] Capturing response: https://atomsportv505.top/favicon.ico 200 
2026-05-30 23:04:12,277 [INFO] Capturing request: https://streamsport365.com/cinema
2026-05-30 23:04:12,623 [INFO] Capturing response: https://streamsport365.com/cinema 200 
2026-05-30 23:04:13,981 [INFO] Capturing response: https://teletv5.top/load/yayinlink.php?id=tivibu-spor-1 200 
2026-05-30 23:04:45,304 [WARNING]   ❌ Tivibu Spor 1 için M3U8 bulunamadı
2026-05-30 23:04:46,304 [INFO] 
[12/14]
2026-05-30 23:04:46,304 [INFO] 🔍 Tivibu Spor 2 → https://atomsportv505.top/matches?id=tivibu-spor-2
2026-05-30 23:04:46,412 [INFO] Capturing request: https://atomsportv505.top/assets/js/clappr.js
2026-05-30 23:04:46,414 [INFO] Capturing request: https://atomsportv505.top/matches?id=tivibu-spor-2
2026-05-30 23:04:46,440 [INFO] Capturing response: https://atomsportv505.top/assets/js/clappr.js 200 
2026-05-30 23:04:46,505 [INFO] Capturing response: https://atomsportv505.top/matches?id=tivibu-spor-2 200 
2026-05-30 23:04:46,513 [INFO] Capturing request: https://atomsportv505.top/cdn-cgi/rum?
2026-05-30 23:04:46,547 [INFO] Capturing request: https://atomsportv505.top/cdn-cgi/rum?
2026-05-30 23:04:46,642 [INFO] Capturing response: https://atomsportv505.top/cdn-cgi/rum? 204 
2026-05-30 23:04:46,642 [INFO] Capturing request: https://teletv5.top/load/yayinlink.php?id=tivibu-spor-2
2026-05-30 23:04:46,648 [INFO] Capturing request: https://atomsportv505.top/favicon.ico
2026-05-30 23:04:46,691 [INFO] Capturing response: https://atomsportv505.top/favicon.ico 200 
2026-05-30 23:04:46,710 [INFO] Capturing response: https://atomsportv505.top/cdn-cgi/rum? 204 
2026-05-30 23:04:46,791 [INFO] Capturing request: https://streamsport365.com/cinema
2026-05-30 23:04:47,125 [INFO] Capturing response: https://streamsport365.com/cinema 200 
2026-05-30 23:04:48,539 [INFO] Capturing response: https://teletv5.top/load/yayinlink.php?id=tivibu-spor-2 200 
2026-05-30 23:05:19,816 [WARNING]   ❌ Tivibu Spor 2 için M3U8 bulunamadı
2026-05-30 23:05:20,817 [INFO] 
[13/14]
2026-05-30 23:05:20,817 [INFO] 🔍 Tivibu Spor 3 → https://atomsportv505.top/matches?id=tivibu-spor-3
2026-05-30 23:05:20,924 [INFO] Capturing request: https://atomsportv505.top/assets/js/clappr.js
2026-05-30 23:05:20,927 [INFO] Capturing request: https://atomsportv505.top/matches?id=tivibu-spor-3
2026-05-30 23:05:20,953 [INFO] Capturing response: https://atomsportv505.top/assets/js/clappr.js 200 
2026-05-30 23:05:21,748 [INFO] Capturing response: https://atomsportv505.top/matches?id=tivibu-spor-3 200 
2026-05-30 23:05:21,757 [INFO] Capturing request: https://atomsportv505.top/cdn-cgi/rum?
2026-05-30 23:05:21,789 [INFO] Capturing request: https://atomsportv505.top/cdn-cgi/rum?
2026-05-30 23:05:21,884 [INFO] Capturing request: https://teletv5.top/load/yayinlink.php?id=tivibu-spor-3
2026-05-30 23:05:21,889 [INFO] Capturing response: https://atomsportv505.top/cdn-cgi/rum? 204 
2026-05-30 23:05:21,891 [INFO] Capturing request: https://atomsportv505.top/favicon.ico
2026-05-30 23:05:21,937 [INFO] Capturing response: https://atomsportv505.top/favicon.ico 200 
2026-05-30 23:05:21,952 [INFO] Capturing response: https://atomsportv505.top/cdn-cgi/rum? 204 
2026-05-30 23:05:22,030 [INFO] Capturing request: https://streamsport365.com/cinema
2026-05-30 23:05:22,372 [INFO] Capturing response: https://streamsport365.com/cinema 200 
2026-05-30 23:05:26,786 [INFO] Capturing response: https://teletv5.top/load/yayinlink.php?id=tivibu-spor-3 200 
2026-05-30 23:05:31,951 [INFO] Capturing request: https://android.clients.google.com/c2dm/register3
2026-05-30 23:05:32,013 [INFO] Capturing response: https://android.clients.google.com/c2dm/register3 301 
2026-05-30 23:05:55,064 [WARNING]   ❌ Tivibu Spor 3 için M3U8 bulunamadı
2026-05-30 23:05:56,064 [INFO] 
[14/14]
2026-05-30 23:05:56,064 [INFO] 🔍 Tivibu Spor 4 → https://atomsportv505.top/matches?id=tivibu-spor-4
2026-05-30 23:05:56,175 [INFO] Capturing request: https://atomsportv505.top/assets/js/clappr.js
2026-05-30 23:05:56,179 [INFO] Capturing request: https://atomsportv505.top/matches?id=tivibu-spor-4
2026-05-30 23:05:56,205 [INFO] Capturing response: https://atomsportv505.top/assets/js/clappr.js 200 
2026-05-30 23:05:56,567 [INFO] Capturing response: https://atomsportv505.top/matches?id=tivibu-spor-4 200 
2026-05-30 23:05:56,583 [INFO] Capturing request: https://atomsportv505.top/cdn-cgi/rum?
2026-05-30 23:05:56,607 [INFO] Capturing request: https://atomsportv505.top/cdn-cgi/rum?
2026-05-30 23:05:56,703 [INFO] Capturing request: https://teletv5.top/load/yayinlink.php?id=tivibu-spor-4
2026-05-30 23:05:56,712 [INFO] Capturing response: https://atomsportv505.top/cdn-cgi/rum? 204 
2026-05-30 23:05:56,712 [INFO] Capturing request: https://atomsportv505.top/favicon.ico
2026-05-30 23:05:56,759 [INFO] Capturing response: https://atomsportv505.top/favicon.ico 200 
2026-05-30 23:05:56,771 [INFO] Capturing response: https://atomsportv505.top/cdn-cgi/rum? 204 
2026-05-30 23:05:56,843 [INFO] Capturing request: https://streamsport365.com/cinema
2026-05-30 23:05:57,185 [INFO] Capturing response: https://streamsport365.com/cinema 200 
2026-05-30 23:06:00,036 [INFO] Capturing response: https://teletv5.top/load/yayinlink.php?id=tivibu-spor-4 200 
2026-05-30 23:06:29,885 [WARNING]   ❌ Tivibu Spor 4 için M3U8 bulunamadı
2026-05-30 23:06:30,952 [INFO] ✅ 6 kanal bulundu, playlist.m3u kaydedildi
