2026-07-15 16:04:00,418 [INFO] 🌐 BASE_URL: https://atomsportv510.top
2026-07-15 16:04:01,331 [INFO] Başlanıyor... 14 kanal taranacak
2026-07-15 16:04:01,331 [INFO] Using default request storage
2026-07-15 16:04:01,336 [INFO] Created proxy listening on 127.0.0.1:37207
2026-07-15 16:04:02,034 [INFO] Capturing request: http://clients2.google.com/time/1/current?cup2key=10:lFczFbzLV28x7Bdm7Iv5neCi2TrshNKlPZJ2_p-D1wg&cup2hreq=e3b0c44298fc1c149afbf4c8996fb92427ae41e4649b934ca495991b7852b855
2026-07-15 16:04:02,077 [INFO] Capturing response: http://clients2.google.com/time/1/current?cup2key=10:lFczFbzLV28x7Bdm7Iv5neCi2TrshNKlPZJ2_p-D1wg&cup2hreq=e3b0c44298fc1c149afbf4c8996fb92427ae41e4649b934ca495991b7852b855 200 OK
2026-07-15 16:04:02,214 [INFO] 
[1/14]
2026-07-15 16:04:02,214 [INFO] 🔍 beIN Sports 1 → https://atomsportv510.top/matches?id=bein-sports-1
2026-07-15 16:04:02,321 [INFO] Capturing request: https://accounts.google.com/ListAccounts?gpsia=1&source=ChromiumBrowser&json=standard&laf=b64bin
2026-07-15 16:04:02,323 [INFO] Capturing request: https://update.googleapis.com/service/update2/json?cup2key=16:G1pAfSJ6vRVSzC_vSm_p-3HSmNWSJUsBecLonA2Pw2s&cup2hreq=6340d741937c24bc9c395220547efd0759028b657b953a1b29de6883377fec2f
2026-07-15 16:04:02,371 [INFO] Capturing response: https://update.googleapis.com/service/update2/json?cup2key=16:G1pAfSJ6vRVSzC_vSm_p-3HSmNWSJUsBecLonA2Pw2s&cup2hreq=6340d741937c24bc9c395220547efd0759028b657b953a1b29de6883377fec2f 200 
2026-07-15 16:04:02,418 [INFO] Capturing request: https://update.googleapis.com/service/update2/json?cup2key=16:0dK2r5_nzKKLm_7kQb8a4hUy1w1Jjw7HGLWK5G5tkYM&cup2hreq=68817d1028161da54122b99ef167c0f9a89b32c794757c5bcf9dc3b2c6edcf1f
2026-07-15 16:04:02,420 [INFO] Capturing request: https://atomsportv510.top/matches?id=bein-sports-1
2026-07-15 16:04:02,428 [INFO] Capturing response: https://accounts.google.com/ListAccounts?gpsia=1&source=ChromiumBrowser&json=standard&laf=b64bin 200 
2026-07-15 16:04:02,447 [INFO] Capturing response: https://update.googleapis.com/service/update2/json?cup2key=16:0dK2r5_nzKKLm_7kQb8a4hUy1w1Jjw7HGLWK5G5tkYM&cup2hreq=68817d1028161da54122b99ef167c0f9a89b32c794757c5bcf9dc3b2c6edcf1f 200 
2026-07-15 16:04:02,489 [INFO] Capturing response: https://atomsportv510.top/matches?id=bein-sports-1 200 
2026-07-15 16:04:02,641 [INFO] Capturing request: https://atomsportv510.top/assets/js/clappr.js
2026-07-15 16:04:02,704 [INFO] Capturing response: https://atomsportv510.top/assets/js/clappr.js 200 
2026-07-15 16:04:02,713 [INFO] Capturing request: https://cdnjs.cloudflare.com/ajax/libs/jquery/3.2.1/jquery.min.js
2026-07-15 16:04:02,714 [INFO] Capturing request: https://cdn.jsdelivr.net/npm/@clappr/player@latest/dist/clappr.min.js
2026-07-15 16:04:02,746 [INFO] Capturing response: https://cdn.jsdelivr.net/npm/@clappr/player@latest/dist/clappr.min.js 200 
2026-07-15 16:04:02,750 [INFO] Capturing request: https://www.google.com/async/folae?async=_fmt:pb&udm=50&client_locale=en-US&client_country=ZZ
2026-07-15 16:04:02,782 [INFO] Capturing response: https://www.google.com/async/folae?async=_fmt:pb&udm=50&client_locale=en-US&client_country=ZZ 200 
2026-07-15 16:04:02,787 [INFO] Capturing response: https://cdnjs.cloudflare.com/ajax/libs/jquery/3.2.1/jquery.min.js 200 
2026-07-15 16:04:02,956 [INFO] Capturing request: https://atomsportv510.top/favicon.ico
2026-07-15 16:04:03,030 [INFO] Capturing response: https://atomsportv510.top/favicon.ico 200 
2026-07-15 16:04:03,032 [INFO] Capturing request: https://teletv5.top/load/yayinlink.php?id=bein-sports-1
2026-07-15 16:04:03,384 [INFO] Capturing response: https://teletv5.top/load/yayinlink.php?id=bein-sports-1 200 
2026-07-15 16:04:03,567 [INFO] Capturing request: https://streamsport365.com/cinema
2026-07-15 16:04:03,857 [INFO] Capturing response: https://streamsport365.com/cinema 200 
2026-07-15 16:04:03,987 [INFO] Capturing request: https://atomsportv510.top/assets/img/player_logo_6880e4e4c52ee.png
2026-07-15 16:04:04,050 [INFO] Capturing response: https://atomsportv510.top/assets/img/player_logo_6880e4e4c52ee.png 200 
2026-07-15 16:04:04,064 [INFO] Capturing request: https://hlsssssssssssss.edaesra.workers.dev/https://corestream.macsitesi.help//trtspor/tracks-v1a1/mono.m3u8
2026-07-15 16:04:04,428 [INFO] Capturing response: https://hlsssssssssssss.edaesra.workers.dev/https://corestream.macsitesi.help//trtspor/tracks-v1a1/mono.m3u8 200 
2026-07-15 16:04:04,649 [INFO] Capturing request: https://securmar.edaesra.workers.dev/trtspor/tracks-v1a1/2026/07/15/16/04/04-10000.avif
2026-07-15 16:04:05,044 [INFO] Capturing request: https://android.clients.google.com/checkin
2026-07-15 16:04:05,118 [INFO] Capturing response: https://android.clients.google.com/checkin 200 
2026-07-15 16:04:05,167 [INFO] Capturing request: https://android.clients.google.com/c2dm/register3
2026-07-15 16:04:05,171 [INFO] Capturing request: https://android.clients.google.com/c2dm/register3
2026-07-15 16:04:05,172 [INFO] Capturing request: https://android.clients.google.com/c2dm/register3
2026-07-15 16:04:05,202 [INFO] Capturing response: https://android.clients.google.com/c2dm/register3 301 
2026-07-15 16:04:05,261 [INFO] Capturing response: https://securmar.edaesra.workers.dev/trtspor/tracks-v1a1/2026/07/15/16/04/04-10000.avif 200 
2026-07-15 16:04:05,542 [INFO] Capturing request: https://securmar.edaesra.workers.dev/trtspor/tracks-v1a1/2026/07/15/16/04/14-10000.avif
2026-07-15 16:04:05,927 [INFO]   ✅ M3U8 bulundu: https://hlsssssssssssss.edaesra.workers.dev/https://corestream.macsitesi.help//trtspor/tracks-v1a1/mono.m3u8
2026-07-15 16:04:05,957 [INFO] Capturing response: https://android.clients.google.com/c2dm/register3 200 
2026-07-15 16:04:06,066 [INFO] Capturing response: https://securmar.edaesra.workers.dev/trtspor/tracks-v1a1/2026/07/15/16/04/14-10000.avif 200 
2026-07-15 16:04:06,300 [INFO] Capturing response: https://android.clients.google.com/c2dm/register3 200 
2026-07-15 16:04:06,330 [INFO] Capturing request: https://securmar.edaesra.workers.dev/trtspor/tracks-v1a1/2026/07/15/16/04/24-10000.avif
2026-07-15 16:04:06,749 [INFO] Capturing response: https://securmar.edaesra.workers.dev/trtspor/tracks-v1a1/2026/07/15/16/04/24-10000.avif 200 
2026-07-15 16:04:06,929 [INFO] 
[2/14]
2026-07-15 16:04:06,929 [INFO] 🔍 beIN Sports 2 → https://atomsportv510.top/matches?id=bein-sports-2
2026-07-15 16:04:07,043 [INFO] Capturing request: https://atomsportv510.top/matches?id=bein-sports-2
2026-07-15 16:04:07,086 [INFO] Capturing response: https://atomsportv510.top/matches?id=bein-sports-2 200 
2026-07-15 16:04:07,143 [INFO] Capturing request: https://streamsport365.com/cinema
2026-07-15 16:04:07,241 [INFO] Capturing request: https://teletv5.top/load/yayinlink.php?id=bein-sports-2
2026-07-15 16:04:07,244 [INFO] Capturing request: https://atomsportv510.top/favicon.ico
2026-07-15 16:04:07,304 [INFO] Capturing response: https://atomsportv510.top/favicon.ico 200 
2026-07-15 16:04:07,411 [INFO] Capturing response: https://teletv5.top/load/yayinlink.php?id=bein-sports-2 200 
2026-07-15 16:04:07,435 [INFO] Capturing response: https://streamsport365.com/cinema 200 
2026-07-15 16:04:07,555 [INFO] Capturing request: https://hlsssssssssssss.edaesra.workers.dev/https://corestream.macsitesi.help//bein2/tracks-v1a1/mono.m3u8
2026-07-15 16:04:07,704 [INFO] Capturing response: https://hlsssssssssssss.edaesra.workers.dev/https://corestream.macsitesi.help//bein2/tracks-v1a1/mono.m3u8 404 
2026-07-15 16:04:10,161 [INFO]   ✅ M3U8 bulundu: https://hlsssssssssssss.edaesra.workers.dev/https://corestream.macsitesi.help//bein2/tracks-v1a1/mono.m3u8
2026-07-15 16:04:11,161 [INFO] 
[3/14]
2026-07-15 16:04:11,162 [INFO] 🔍 beIN Sports 3 → https://atomsportv510.top/matches?id=bein-sports-3
2026-07-15 16:04:11,272 [INFO] Capturing request: https://atomsportv510.top/matches?id=bein-sports-3
2026-07-15 16:04:11,272 [INFO] Capturing request: https://atomsportv510.top/assets/js/clappr.js
2026-07-15 16:04:11,297 [INFO] Capturing response: https://atomsportv510.top/assets/js/clappr.js 200 
2026-07-15 16:04:11,313 [INFO] Capturing response: https://atomsportv510.top/matches?id=bein-sports-3 200 
2026-07-15 16:04:11,467 [INFO] Capturing request: https://teletv5.top/load/yayinlink.php?id=bein-sports-3
2026-07-15 16:04:11,470 [INFO] Capturing request: https://atomsportv510.top/favicon.ico
2026-07-15 16:04:11,511 [INFO] Capturing response: https://atomsportv510.top/favicon.ico 200 
2026-07-15 16:04:11,584 [INFO] Capturing request: https://streamsport365.com/cinema
2026-07-15 16:04:11,864 [INFO] Capturing response: https://teletv5.top/load/yayinlink.php?id=bein-sports-3 200 
2026-07-15 16:04:11,878 [INFO] Capturing response: https://streamsport365.com/cinema 200 
2026-07-15 16:04:11,998 [INFO] Capturing request: https://hlsssssssssssss.edaesra.workers.dev/https://corestream.macsitesi.help//trtspor/tracks-v1a1/mono.m3u8
2026-07-15 16:04:12,147 [INFO] Capturing response: https://hlsssssssssssss.edaesra.workers.dev/https://corestream.macsitesi.help//trtspor/tracks-v1a1/mono.m3u8 200 
2026-07-15 16:04:12,257 [INFO] Capturing request: https://securmar.edaesra.workers.dev/trtspor/tracks-v1a1/2026/07/15/16/04/04-10000.avif
2026-07-15 16:04:12,607 [INFO] Capturing response: https://securmar.edaesra.workers.dev/trtspor/tracks-v1a1/2026/07/15/16/04/04-10000.avif 200 
2026-07-15 16:04:12,891 [INFO] Capturing request: https://securmar.edaesra.workers.dev/trtspor/tracks-v1a1/2026/07/15/16/04/14-10000.avif
2026-07-15 16:04:13,197 [INFO] Capturing response: https://securmar.edaesra.workers.dev/trtspor/tracks-v1a1/2026/07/15/16/04/14-10000.avif 200 
2026-07-15 16:04:13,469 [INFO] Capturing request: https://securmar.edaesra.workers.dev/trtspor/tracks-v1a1/2026/07/15/16/04/24-10000.avif
2026-07-15 16:04:13,812 [INFO] Capturing response: https://securmar.edaesra.workers.dev/trtspor/tracks-v1a1/2026/07/15/16/04/24-10000.avif 200 
2026-07-15 16:04:14,388 [INFO]   ✅ M3U8 bulundu: https://hlsssssssssssss.edaesra.workers.dev/https://corestream.macsitesi.help//trtspor/tracks-v1a1/mono.m3u8
2026-07-15 16:04:15,388 [INFO] 
[4/14]
2026-07-15 16:04:15,388 [INFO] 🔍 beIN Sports 4 → https://atomsportv510.top/matches?id=bein-sports-4
2026-07-15 16:04:15,500 [INFO] Capturing request: https://atomsportv510.top/assets/js/clappr.js
2026-07-15 16:04:15,502 [INFO] Capturing request: https://atomsportv510.top/matches?id=bein-sports-4
2026-07-15 16:04:15,525 [INFO] Capturing response: https://atomsportv510.top/assets/js/clappr.js 200 
2026-07-15 16:04:15,566 [INFO] Capturing response: https://atomsportv510.top/matches?id=bein-sports-4 200 
2026-07-15 16:04:15,627 [INFO] Capturing request: https://streamsport365.com/cinema
2026-07-15 16:04:15,725 [INFO] Capturing request: https://teletv5.top/load/yayinlink.php?id=bein-sports-4
2026-07-15 16:04:15,727 [INFO] Capturing request: https://atomsportv510.top/favicon.ico
2026-07-15 16:04:15,775 [INFO] Capturing response: https://atomsportv510.top/favicon.ico 200 
2026-07-15 16:04:15,899 [INFO] Capturing response: https://teletv5.top/load/yayinlink.php?id=bein-sports-4 200 
2026-07-15 16:04:15,912 [INFO] Capturing response: https://streamsport365.com/cinema 200 
2026-07-15 16:04:16,066 [INFO] Capturing request: https://hlsssssssssssss.edaesra.workers.dev/https://corestream.macsitesi.help//bein2/tracks-v1a1/mono.m3u8
2026-07-15 16:04:16,207 [INFO] Capturing response: https://hlsssssssssssss.edaesra.workers.dev/https://corestream.macsitesi.help//bein2/tracks-v1a1/mono.m3u8 404 
2026-07-15 16:04:18,641 [INFO]   ✅ M3U8 bulundu: https://hlsssssssssssss.edaesra.workers.dev/https://corestream.macsitesi.help//bein2/tracks-v1a1/mono.m3u8
2026-07-15 16:04:19,641 [INFO] 
[5/14]
2026-07-15 16:04:19,641 [INFO] 🔍 beIN Sports 5 → https://atomsportv510.top/matches?id=bein-sports-5
2026-07-15 16:04:19,750 [INFO] Capturing request: https://atomsportv510.top/assets/js/clappr.js
2026-07-15 16:04:19,751 [INFO] Capturing request: https://atomsportv510.top/matches?id=bein-sports-5
2026-07-15 16:04:19,775 [INFO] Capturing response: https://atomsportv510.top/assets/js/clappr.js 200 
2026-07-15 16:04:19,812 [INFO] Capturing response: https://atomsportv510.top/matches?id=bein-sports-5 200 
2026-07-15 16:04:19,941 [INFO] Capturing request: https://teletv5.top/load/yayinlink.php?id=bein-sports-5
2026-07-15 16:04:19,944 [INFO] Capturing request: https://atomsportv510.top/favicon.ico
2026-07-15 16:04:19,983 [INFO] Capturing response: https://atomsportv510.top/favicon.ico 200 
2026-07-15 16:04:20,059 [INFO] Capturing request: https://streamsport365.com/cinema
2026-07-15 16:04:20,119 [INFO] Capturing response: https://teletv5.top/load/yayinlink.php?id=bein-sports-5 200 
2026-07-15 16:04:20,345 [INFO] Capturing response: https://streamsport365.com/cinema 200 
2026-07-15 16:04:20,464 [INFO] Capturing request: https://hlsssssssssssss.edaesra.workers.dev/https://corestream.macsitesi.help//bein2/tracks-v1a1/mono.m3u8
2026-07-15 16:04:20,617 [INFO] Capturing response: https://hlsssssssssssss.edaesra.workers.dev/https://corestream.macsitesi.help//bein2/tracks-v1a1/mono.m3u8 404 
2026-07-15 16:04:22,858 [INFO]   ✅ M3U8 bulundu: https://hlsssssssssssss.edaesra.workers.dev/https://corestream.macsitesi.help//bein2/tracks-v1a1/mono.m3u8
2026-07-15 16:04:23,858 [INFO] 
[6/14]
2026-07-15 16:04:23,858 [INFO] 🔍 beIN Sports Max 1 → https://atomsportv510.top/matches?id=bein-sports-max-1
2026-07-15 16:04:23,968 [INFO] Capturing request: https://atomsportv510.top/assets/js/clappr.js
2026-07-15 16:04:23,970 [INFO] Capturing request: https://atomsportv510.top/matches?id=bein-sports-max-1
2026-07-15 16:04:23,995 [INFO] Capturing response: https://atomsportv510.top/assets/js/clappr.js 200 
2026-07-15 16:04:24,040 [INFO] Capturing response: https://atomsportv510.top/matches?id=bein-sports-max-1 200 
2026-07-15 16:04:24,099 [INFO] Capturing request: https://streamsport365.com/cinema
2026-07-15 16:04:24,200 [INFO] Capturing request: https://teletv5.top/load/yayinlink.php?id=bein-sports-max-1
2026-07-15 16:04:24,203 [INFO] Capturing request: https://atomsportv510.top/favicon.ico
2026-07-15 16:04:24,248 [INFO] Capturing response: https://atomsportv510.top/favicon.ico 200 
2026-07-15 16:04:24,370 [INFO] Capturing response: https://teletv5.top/load/yayinlink.php?id=bein-sports-max-1 200 
2026-07-15 16:04:24,376 [INFO] Capturing response: https://streamsport365.com/cinema 200 
2026-07-15 16:04:24,532 [INFO] Capturing request: https://hlsssssssssssss.edaesra.workers.dev/https://corestream.macsitesi.help//trtspor/tracks-v1a1/mono.m3u8
2026-07-15 16:04:24,694 [INFO] Capturing response: https://hlsssssssssssss.edaesra.workers.dev/https://corestream.macsitesi.help//trtspor/tracks-v1a1/mono.m3u8 200 
2026-07-15 16:04:24,845 [INFO] Capturing request: https://securmar.edaesra.workers.dev/trtspor/tracks-v1a1/2026/07/15/16/04/24-10000.avif
2026-07-15 16:04:25,169 [INFO] Capturing response: https://securmar.edaesra.workers.dev/trtspor/tracks-v1a1/2026/07/15/16/04/24-10000.avif 200 
2026-07-15 16:04:25,452 [INFO] Capturing request: https://securmar.edaesra.workers.dev/trtspor/tracks-v1a1/2026/07/15/16/04/34-10000.avif
2026-07-15 16:04:25,902 [INFO] Capturing response: https://securmar.edaesra.workers.dev/trtspor/tracks-v1a1/2026/07/15/16/04/34-10000.avif 200 
2026-07-15 16:04:26,166 [INFO] Capturing request: https://securmar.edaesra.workers.dev/trtspor/tracks-v1a1/2026/07/15/16/04/44-10000.avif
2026-07-15 16:04:26,595 [INFO] Capturing response: https://securmar.edaesra.workers.dev/trtspor/tracks-v1a1/2026/07/15/16/04/44-10000.avif 200 
2026-07-15 16:04:27,121 [INFO]   ✅ M3U8 bulundu: https://hlsssssssssssss.edaesra.workers.dev/https://corestream.macsitesi.help//trtspor/tracks-v1a1/mono.m3u8
2026-07-15 16:04:28,122 [INFO] 
[7/14]
2026-07-15 16:04:28,122 [INFO] 🔍 beIN Sports Max 2 → https://atomsportv510.top/matches?id=bein-sports-max-2
2026-07-15 16:04:28,239 [INFO] Capturing request: https://atomsportv510.top/assets/js/clappr.js
2026-07-15 16:04:28,241 [INFO] Capturing request: https://atomsportv510.top/matches?id=bein-sports-max-2
2026-07-15 16:04:28,266 [INFO] Capturing response: https://atomsportv510.top/assets/js/clappr.js 200 
2026-07-15 16:04:28,306 [INFO] Capturing response: https://atomsportv510.top/matches?id=bein-sports-max-2 200 
2026-07-15 16:04:28,440 [INFO] Capturing request: https://teletv5.top/load/yayinlink.php?id=bein-sports-max-2
2026-07-15 16:04:28,443 [INFO] Capturing request: https://atomsportv510.top/favicon.ico
2026-07-15 16:04:28,505 [INFO] Capturing response: https://atomsportv510.top/favicon.ico 200 
2026-07-15 16:04:28,558 [INFO] Capturing request: https://streamsport365.com/cinema
2026-07-15 16:04:28,718 [INFO] Capturing response: https://teletv5.top/load/yayinlink.php?id=bein-sports-max-2 200 
2026-07-15 16:04:28,839 [INFO] Capturing response: https://streamsport365.com/cinema 200 
2026-07-15 16:04:28,960 [INFO] Capturing request: https://hlsssssssssssss.edaesra.workers.dev/https://corestream.macsitesi.help//trtspor/tracks-v1a1/mono.m3u8
2026-07-15 16:04:29,106 [INFO] Capturing response: https://hlsssssssssssss.edaesra.workers.dev/https://corestream.macsitesi.help//trtspor/tracks-v1a1/mono.m3u8 200 
2026-07-15 16:04:29,216 [INFO] Capturing request: https://securmar.edaesra.workers.dev/trtspor/tracks-v1a1/2026/07/15/16/04/24-10000.avif
2026-07-15 16:04:29,552 [INFO] Capturing response: https://securmar.edaesra.workers.dev/trtspor/tracks-v1a1/2026/07/15/16/04/24-10000.avif 200 
2026-07-15 16:04:29,824 [INFO] Capturing request: https://securmar.edaesra.workers.dev/trtspor/tracks-v1a1/2026/07/15/16/04/34-10000.avif
2026-07-15 16:04:30,129 [INFO] Capturing response: https://securmar.edaesra.workers.dev/trtspor/tracks-v1a1/2026/07/15/16/04/34-10000.avif 200 
2026-07-15 16:04:30,381 [INFO] Capturing request: https://securmar.edaesra.workers.dev/trtspor/tracks-v1a1/2026/07/15/16/04/44-10000.avif
2026-07-15 16:04:30,641 [INFO] Capturing response: https://securmar.edaesra.workers.dev/trtspor/tracks-v1a1/2026/07/15/16/04/44-10000.avif 200 
2026-07-15 16:04:31,362 [INFO]   ✅ M3U8 bulundu: https://hlsssssssssssss.edaesra.workers.dev/https://corestream.macsitesi.help//trtspor/tracks-v1a1/mono.m3u8
2026-07-15 16:04:32,363 [INFO] 
[8/14]
2026-07-15 16:04:32,363 [INFO] 🔍 S Sport → https://atomsportv510.top/matches?id=s-sport
2026-07-15 16:04:32,450 [INFO] Capturing request: https://android.clients.google.com/c2dm/register3
2026-07-15 16:04:32,475 [INFO] Capturing request: https://atomsportv510.top/matches?id=s-sport
2026-07-15 16:04:32,478 [INFO] Capturing request: https://atomsportv510.top/assets/js/clappr.js
2026-07-15 16:04:32,491 [INFO] Capturing response: https://android.clients.google.com/c2dm/register3 301 
2026-07-15 16:04:32,498 [INFO] Capturing response: https://atomsportv510.top/assets/js/clappr.js 200 
2026-07-15 16:04:32,741 [INFO] Capturing response: https://atomsportv510.top/matches?id=s-sport 200 
2026-07-15 16:04:32,806 [INFO] Capturing request: https://streamsport365.com/cinema
2026-07-15 16:04:32,906 [INFO] Capturing request: https://teletv5.top/load/yayinlink.php?id=s-sport
2026-07-15 16:04:32,909 [INFO] Capturing request: https://atomsportv510.top/favicon.ico
2026-07-15 16:04:32,947 [INFO] Capturing response: https://atomsportv510.top/favicon.ico 200 
2026-07-15 16:04:33,082 [INFO] Capturing response: https://teletv5.top/load/yayinlink.php?id=s-sport 200 
2026-07-15 16:04:33,098 [INFO] Capturing response: https://streamsport365.com/cinema 200 
2026-07-15 16:04:33,244 [INFO] Capturing request: https://hlsssssssssssss.edaesra.workers.dev/https://corestream.macsitesi.help//s-sportt/tracks-v1a1/mono.m3u8
2026-07-15 16:04:33,399 [INFO] Capturing response: https://hlsssssssssssss.edaesra.workers.dev/https://corestream.macsitesi.help//s-sportt/tracks-v1a1/mono.m3u8 404 
2026-07-15 16:04:35,825 [INFO]   ✅ M3U8 bulundu: https://hlsssssssssssss.edaesra.workers.dev/https://corestream.macsitesi.help//s-sportt/tracks-v1a1/mono.m3u8
2026-07-15 16:04:36,825 [INFO] 
[9/14]
2026-07-15 16:04:36,825 [INFO] 🔍 S Sport 2 → https://atomsportv510.top/matches?id=s-sport-2
2026-07-15 16:04:36,935 [INFO] Capturing request: https://atomsportv510.top/matches?id=s-sport-2
2026-07-15 16:04:36,982 [INFO] Capturing response: https://atomsportv510.top/matches?id=s-sport-2 200 
2026-07-15 16:04:37,124 [INFO] Capturing request: https://atomsportv510.top/favicon.ico
2026-07-15 16:04:37,127 [INFO] Capturing request: https://teletv5.top/load/yayinlink.php?id=s-sport-2
2026-07-15 16:04:37,225 [INFO] Capturing response: https://atomsportv510.top/favicon.ico 200 
2026-07-15 16:04:37,240 [INFO] Capturing request: https://streamsport365.com/cinema
2026-07-15 16:04:37,301 [INFO] Capturing response: https://teletv5.top/load/yayinlink.php?id=s-sport-2 200 
2026-07-15 16:04:37,525 [INFO] Capturing response: https://streamsport365.com/cinema 200 
2026-07-15 16:04:37,645 [INFO] Capturing request: https://hlsssssssssssss.edaesra.workers.dev/https://corestream.macsitesi.help//s-sport2/tracks-v1a1/mono.m3u8
2026-07-15 16:04:37,821 [INFO] Capturing response: https://hlsssssssssssss.edaesra.workers.dev/https://corestream.macsitesi.help//s-sport2/tracks-v1a1/mono.m3u8 404 
2026-07-15 16:04:40,045 [INFO]   ✅ M3U8 bulundu: https://hlsssssssssssss.edaesra.workers.dev/https://corestream.macsitesi.help//s-sport2/tracks-v1a1/mono.m3u8
2026-07-15 16:04:41,045 [INFO] 
[10/14]
2026-07-15 16:04:41,045 [INFO] 🔍 A Spor → https://atomsportv510.top/matches?id=a-spor
2026-07-15 16:04:41,153 [INFO] Capturing request: https://atomsportv510.top/matches?id=a-spor
2026-07-15 16:04:41,211 [INFO] Capturing response: https://atomsportv510.top/matches?id=a-spor 200 
2026-07-15 16:04:41,243 [INFO] Capturing request: https://streamsport365.com/cinema
2026-07-15 16:04:41,343 [INFO] Capturing request: https://teletv5.top/load/yayinlink.php?id=a-spor
2026-07-15 16:04:41,350 [INFO] Capturing request: https://atomsportv510.top/favicon.ico
2026-07-15 16:04:41,411 [INFO] Capturing response: https://atomsportv510.top/favicon.ico 200 
2026-07-15 16:04:41,513 [INFO] Capturing response: https://teletv5.top/load/yayinlink.php?id=a-spor 200 
2026-07-15 16:04:41,532 [INFO] Capturing response: https://streamsport365.com/cinema 200 
2026-07-15 16:04:41,675 [INFO] Capturing request: https://hlsssssssssssss.edaesra.workers.dev/https://corestream.macsitesi.help//aspor/tracks-v1a1/mono.m3u8
2026-07-15 16:04:41,828 [INFO] Capturing response: https://hlsssssssssssss.edaesra.workers.dev/https://corestream.macsitesi.help//aspor/tracks-v1a1/mono.m3u8 404 
2026-07-15 16:04:44,264 [INFO]   ✅ M3U8 bulundu: https://hlsssssssssssss.edaesra.workers.dev/https://corestream.macsitesi.help//aspor/tracks-v1a1/mono.m3u8
2026-07-15 16:04:45,264 [INFO] 
[11/14]
2026-07-15 16:04:45,264 [INFO] 🔍 Tivibu Spor 1 → https://atomsportv510.top/matches?id=tivibu-spor-1
2026-07-15 16:04:45,374 [INFO] Capturing request: https://atomsportv510.top/matches?id=tivibu-spor-1
2026-07-15 16:04:45,441 [INFO] Capturing response: https://atomsportv510.top/matches?id=tivibu-spor-1 200 
2026-07-15 16:04:45,574 [INFO] Capturing request: https://teletv5.top/load/yayinlink.php?id=tivibu-spor-1
2026-07-15 16:04:45,577 [INFO] Capturing request: https://atomsportv510.top/favicon.ico
2026-07-15 16:04:45,623 [INFO] Capturing response: https://atomsportv510.top/favicon.ico 200 
2026-07-15 16:04:45,692 [INFO] Capturing request: https://streamsport365.com/cinema
2026-07-15 16:04:45,750 [INFO] Capturing response: https://teletv5.top/load/yayinlink.php?id=tivibu-spor-1 200 
2026-07-15 16:04:45,976 [INFO] Capturing response: https://streamsport365.com/cinema 200 
2026-07-15 16:04:46,098 [INFO] Capturing request: https://hlsssssssssssss.edaesra.workers.dev/https://corestream.macsitesi.help//trtspor/tracks-v1a1/mono.m3u8
2026-07-15 16:04:46,260 [INFO] Capturing response: https://hlsssssssssssss.edaesra.workers.dev/https://corestream.macsitesi.help//trtspor/tracks-v1a1/mono.m3u8 200 
2026-07-15 16:04:46,372 [INFO] Capturing request: https://securmar.edaesra.workers.dev/trtspor/tracks-v1a1/2026/07/15/16/04/44-10000.avif
2026-07-15 16:04:46,676 [INFO] Capturing response: https://securmar.edaesra.workers.dev/trtspor/tracks-v1a1/2026/07/15/16/04/44-10000.avif 200 
2026-07-15 16:04:46,953 [INFO] Capturing request: https://securmar.edaesra.workers.dev/trtspor/tracks-v1a1/2026/07/15/16/04/54-10000.avif
2026-07-15 16:04:47,722 [INFO] Capturing response: https://securmar.edaesra.workers.dev/trtspor/tracks-v1a1/2026/07/15/16/04/54-10000.avif 200 
2026-07-15 16:04:48,035 [INFO] Capturing request: https://securmar.edaesra.workers.dev/trtspor/tracks-v1a1/2026/07/15/16/05/04-10000.avif
2026-07-15 16:04:48,521 [INFO]   ✅ M3U8 bulundu: https://hlsssssssssssss.edaesra.workers.dev/https://corestream.macsitesi.help//trtspor/tracks-v1a1/mono.m3u8
2026-07-15 16:04:48,955 [INFO] Capturing response: https://securmar.edaesra.workers.dev/trtspor/tracks-v1a1/2026/07/15/16/05/04-10000.avif 200 
2026-07-15 16:04:49,522 [INFO] 
[12/14]
2026-07-15 16:04:49,522 [INFO] 🔍 Tivibu Spor 2 → https://atomsportv510.top/matches?id=tivibu-spor-2
2026-07-15 16:04:49,635 [INFO] Capturing request: https://atomsportv510.top/matches?id=tivibu-spor-2
2026-07-15 16:04:49,681 [INFO] Capturing response: https://atomsportv510.top/matches?id=tivibu-spor-2 200 
2026-07-15 16:04:49,717 [INFO] Capturing request: https://streamsport365.com/cinema
2026-07-15 16:04:49,816 [INFO] Capturing request: https://teletv5.top/load/yayinlink.php?id=tivibu-spor-2
2026-07-15 16:04:49,820 [INFO] Capturing request: https://atomsportv510.top/favicon.ico
2026-07-15 16:04:49,859 [INFO] Capturing response: https://atomsportv510.top/favicon.ico 200 
2026-07-15 16:04:49,988 [INFO] Capturing response: https://teletv5.top/load/yayinlink.php?id=tivibu-spor-2 200 
2026-07-15 16:04:49,999 [INFO] Capturing response: https://streamsport365.com/cinema 200 
2026-07-15 16:04:50,151 [INFO] Capturing request: https://hlsssssssssssss.edaesra.workers.dev/https://corestream.macsitesi.help//trtspor/tracks-v1a1/mono.m3u8
2026-07-15 16:04:50,311 [INFO] Capturing response: https://hlsssssssssssss.edaesra.workers.dev/https://corestream.macsitesi.help//trtspor/tracks-v1a1/mono.m3u8 200 
2026-07-15 16:04:50,463 [INFO] Capturing request: https://securmar.edaesra.workers.dev/trtspor/tracks-v1a1/2026/07/15/16/04/44-10000.avif
2026-07-15 16:04:50,765 [INFO] Capturing response: https://securmar.edaesra.workers.dev/trtspor/tracks-v1a1/2026/07/15/16/04/44-10000.avif 200 
2026-07-15 16:04:51,031 [INFO] Capturing request: https://securmar.edaesra.workers.dev/trtspor/tracks-v1a1/2026/07/15/16/04/54-10000.avif
2026-07-15 16:04:51,407 [INFO] Capturing response: https://securmar.edaesra.workers.dev/trtspor/tracks-v1a1/2026/07/15/16/04/54-10000.avif 200 
2026-07-15 16:04:51,704 [INFO] Capturing request: https://securmar.edaesra.workers.dev/trtspor/tracks-v1a1/2026/07/15/16/05/04-10000.avif
2026-07-15 16:04:52,433 [INFO] Capturing response: https://securmar.edaesra.workers.dev/trtspor/tracks-v1a1/2026/07/15/16/05/04-10000.avif 200 
2026-07-15 16:04:52,747 [INFO]   ✅ M3U8 bulundu: https://hlsssssssssssss.edaesra.workers.dev/https://corestream.macsitesi.help//trtspor/tracks-v1a1/mono.m3u8
2026-07-15 16:04:53,748 [INFO] 
[13/14]
2026-07-15 16:04:53,748 [INFO] 🔍 Tivibu Spor 3 → https://atomsportv510.top/matches?id=tivibu-spor-3
2026-07-15 16:04:53,865 [INFO] Capturing request: https://atomsportv510.top/matches?id=tivibu-spor-3
2026-07-15 16:04:53,913 [INFO] Capturing response: https://atomsportv510.top/matches?id=tivibu-spor-3 200 
2026-07-15 16:04:54,048 [INFO] Capturing request: https://teletv5.top/load/yayinlink.php?id=tivibu-spor-3
2026-07-15 16:04:54,050 [INFO] Capturing request: https://atomsportv510.top/favicon.ico
2026-07-15 16:04:54,095 [INFO] Capturing response: https://atomsportv510.top/favicon.ico 200 
2026-07-15 16:04:54,163 [INFO] Capturing request: https://streamsport365.com/cinema
2026-07-15 16:04:54,226 [INFO] Capturing response: https://teletv5.top/load/yayinlink.php?id=tivibu-spor-3 200 
2026-07-15 16:04:54,442 [INFO] Capturing response: https://streamsport365.com/cinema 200 
2026-07-15 16:04:54,561 [INFO] Capturing request: https://hlsssssssssssss.edaesra.workers.dev/https://corestream.macsitesi.help//trtspor/tracks-v1a1/mono.m3u8
2026-07-15 16:04:54,700 [INFO] Capturing response: https://hlsssssssssssss.edaesra.workers.dev/https://corestream.macsitesi.help//trtspor/tracks-v1a1/mono.m3u8 200 
2026-07-15 16:04:54,812 [INFO] Capturing request: https://securmar.edaesra.workers.dev/trtspor/tracks-v1a1/2026/07/15/16/04/54-10000.avif
2026-07-15 16:04:55,269 [INFO] Capturing response: https://securmar.edaesra.workers.dev/trtspor/tracks-v1a1/2026/07/15/16/04/54-10000.avif 200 
2026-07-15 16:04:55,575 [INFO] Capturing request: https://securmar.edaesra.workers.dev/trtspor/tracks-v1a1/2026/07/15/16/05/04-10000.avif
2026-07-15 16:04:56,248 [INFO] Capturing response: https://securmar.edaesra.workers.dev/trtspor/tracks-v1a1/2026/07/15/16/05/04-10000.avif 200 
2026-07-15 16:04:56,755 [INFO] Capturing request: https://securmar.edaesra.workers.dev/trtspor/tracks-v1a1/2026/07/15/16/05/14-10000.avif
2026-07-15 16:04:56,996 [INFO]   ✅ M3U8 bulundu: https://hlsssssssssssss.edaesra.workers.dev/https://corestream.macsitesi.help//trtspor/tracks-v1a1/mono.m3u8
2026-07-15 16:04:57,304 [INFO] Capturing response: https://securmar.edaesra.workers.dev/trtspor/tracks-v1a1/2026/07/15/16/05/14-10000.avif 200 
2026-07-15 16:04:57,997 [INFO] 
[14/14]
2026-07-15 16:04:57,997 [INFO] 🔍 Tivibu Spor 4 → https://atomsportv510.top/matches?id=tivibu-spor-4
2026-07-15 16:04:58,111 [INFO] Capturing request: https://atomsportv510.top/matches?id=tivibu-spor-4
2026-07-15 16:04:58,159 [INFO] Capturing response: https://atomsportv510.top/matches?id=tivibu-spor-4 200 
2026-07-15 16:04:58,194 [INFO] Capturing request: https://streamsport365.com/cinema
2026-07-15 16:04:58,290 [INFO] Capturing request: https://teletv5.top/load/yayinlink.php?id=tivibu-spor-4
2026-07-15 16:04:58,300 [INFO] Capturing request: https://atomsportv510.top/favicon.ico
2026-07-15 16:04:58,346 [INFO] Capturing response: https://atomsportv510.top/favicon.ico 200 
2026-07-15 16:04:58,459 [INFO] Capturing response: https://teletv5.top/load/yayinlink.php?id=tivibu-spor-4 200 
2026-07-15 16:04:58,481 [INFO] Capturing response: https://streamsport365.com/cinema 200 
2026-07-15 16:05:02,016 [INFO] Capturing request: https://update.googleapis.com/service/update2/json?cup2key=16:qJFQ68uJi6YU_2mABtFA39EQCtVG10t07ab_X9Webms&cup2hreq=1859966524012be12247fef821bb8aba824fd88fc55222328c8108b8e8b729cd
2026-07-15 16:05:02,044 [INFO] Capturing response: https://update.googleapis.com/service/update2/json?cup2key=16:qJFQ68uJi6YU_2mABtFA39EQCtVG10t07ab_X9Webms&cup2hreq=1859966524012be12247fef821bb8aba824fd88fc55222328c8108b8e8b729cd 200 
2026-07-15 16:05:02,052 [INFO] Capturing request: http://edgedl.me.gvt1.com/edgedl/diffgen-puffin/gcmjkmgdlgnkkcocmoeiminaijmmjnii/df2a22d5ecc7788c3330ebd5f856b41531c74f412a01ed7453d11284708009fe
2026-07-15 16:05:02,073 [INFO] Capturing response: http://edgedl.me.gvt1.com/edgedl/diffgen-puffin/gcmjkmgdlgnkkcocmoeiminaijmmjnii/df2a22d5ecc7788c3330ebd5f856b41531c74f412a01ed7453d11284708009fe 200 OK
2026-07-15 16:05:02,110 [INFO] Capturing request: https://update.googleapis.com/service/update2/json
2026-07-15 16:05:02,136 [INFO] Capturing response: https://update.googleapis.com/service/update2/json 200 
2026-07-15 16:05:02,181 [INFO] Capturing request: http://edgedl.me.gvt1.com/edgedl/release2/chrome_component/p5gqslsisdm4a2eswz4spdcidy_10649/hfnkpimlhhgieaddgfemjhofmfblmnib_10649_all_iwk4ja7kalgtdx57d3b6bc5lmu.crx3
2026-07-15 16:05:02,203 [INFO] Capturing response: http://edgedl.me.gvt1.com/edgedl/release2/chrome_component/p5gqslsisdm4a2eswz4spdcidy_10649/hfnkpimlhhgieaddgfemjhofmfblmnib_10649_all_iwk4ja7kalgtdx57d3b6bc5lmu.crx3 200 OK
2026-07-15 16:05:02,240 [INFO] Capturing request: https://update.googleapis.com/service/update2/json
2026-07-15 16:05:02,269 [INFO] Capturing response: https://update.googleapis.com/service/update2/json 200 
2026-07-15 16:05:21,208 [INFO] Capturing request: https://android.clients.google.com/c2dm/register3
2026-07-15 16:05:21,233 [INFO] Capturing response: https://android.clients.google.com/c2dm/register3 301 
2026-07-15 16:05:31,584 [WARNING]   ❌ Tivibu Spor 4 için M3U8 bulunamadı
2026-07-15 16:05:32,653 [INFO] ✅ 13 kanal bulundu, playlist.m3u kaydedildi
