2026-07-18 13:59:33,805 [INFO] 🌐 BASE_URL: https://atomsportv510.top
2026-07-18 13:59:34,778 [INFO] Başlanıyor... 14 kanal taranacak
2026-07-18 13:59:34,778 [INFO] Using default request storage
2026-07-18 13:59:34,783 [INFO] Created proxy listening on 127.0.0.1:42505
2026-07-18 13:59:35,475 [INFO] Capturing request: http://clients2.google.com/time/1/current?cup2key=10:FaQCHg4V_R-c0zfT2c3TzTeGySRW9C-tzDKSKXo8VGM&cup2hreq=e3b0c44298fc1c149afbf4c8996fb92427ae41e4649b934ca495991b7852b855
2026-07-18 13:59:35,531 [INFO] Capturing response: http://clients2.google.com/time/1/current?cup2key=10:FaQCHg4V_R-c0zfT2c3TzTeGySRW9C-tzDKSKXo8VGM&cup2hreq=e3b0c44298fc1c149afbf4c8996fb92427ae41e4649b934ca495991b7852b855 200 OK
2026-07-18 13:59:35,713 [INFO] 
[1/14]
2026-07-18 13:59:35,713 [INFO] 🔍 beIN Sports 1 → https://atomsportv510.top/matches?id=bein-sports-1
2026-07-18 13:59:35,843 [INFO] Capturing request: https://update.googleapis.com/service/update2/json?cup2key=16:7PCrTF6kY5BC8ROKbv_6a0lA32q_FI4bIEFWaibaWJA&cup2hreq=eb1b10cf73429b5d0ab7d51135c46aa8820bc3123bb6471f82d12141a7caa425
2026-07-18 13:59:35,847 [INFO] Capturing request: https://accounts.google.com/ListAccounts?gpsia=1&source=ChromiumBrowser&json=standard&laf=b64bin
2026-07-18 13:59:35,891 [INFO] Capturing response: https://update.googleapis.com/service/update2/json?cup2key=16:7PCrTF6kY5BC8ROKbv_6a0lA32q_FI4bIEFWaibaWJA&cup2hreq=eb1b10cf73429b5d0ab7d51135c46aa8820bc3123bb6471f82d12141a7caa425 200 
2026-07-18 13:59:35,895 [INFO] Capturing response: https://accounts.google.com/ListAccounts?gpsia=1&source=ChromiumBrowser&json=standard&laf=b64bin 200 
2026-07-18 13:59:35,939 [INFO] Capturing request: https://update.googleapis.com/service/update2/json?cup2key=16:gMj1ZUvgi_xJDWC02tYMuv_6G0d9-9KsYJkJffabR1A&cup2hreq=f2946a3b49cc72facad7276cb878ec89faf8a40f79c20c06b3ff84c4b4a5fdf8
2026-07-18 13:59:35,940 [INFO] Capturing request: https://www.google.com/async/folae?async=_fmt:pb&udm=50&client_locale=en-US&client_country=ZZ
2026-07-18 13:59:35,950 [INFO] Capturing request: https://atomsportv510.top/matches?id=bein-sports-1
2026-07-18 13:59:35,964 [INFO] Capturing response: https://www.google.com/async/folae?async=_fmt:pb&udm=50&client_locale=en-US&client_country=ZZ 200 
2026-07-18 13:59:35,970 [INFO] Capturing response: https://update.googleapis.com/service/update2/json?cup2key=16:gMj1ZUvgi_xJDWC02tYMuv_6G0d9-9KsYJkJffabR1A&cup2hreq=f2946a3b49cc72facad7276cb878ec89faf8a40f79c20c06b3ff84c4b4a5fdf8 200 
2026-07-18 13:59:36,018 [INFO] Capturing request: https://update.googleapis.com/service/update2/json?cup2key=16:XZkEteJWmDcf_A6u7eazStCQJXVF6oKdxsIloZRBdC8&cup2hreq=e7ec391700aa17c2e8346660d427152cc2b6b85e31e6ce7a31507a422e683c26
2026-07-18 13:59:36,028 [INFO] Capturing response: https://atomsportv510.top/matches?id=bein-sports-1 200 
2026-07-18 13:59:36,045 [INFO] Capturing response: https://update.googleapis.com/service/update2/json?cup2key=16:XZkEteJWmDcf_A6u7eazStCQJXVF6oKdxsIloZRBdC8&cup2hreq=e7ec391700aa17c2e8346660d427152cc2b6b85e31e6ce7a31507a422e683c26 200 
2026-07-18 13:59:36,155 [INFO] Capturing request: https://www.google.com/async/folae?async=_fmt:pb&udm=50&client_locale=en-US&client_country=ZZ
2026-07-18 13:59:36,176 [INFO] Capturing response: https://www.google.com/async/folae?async=_fmt:pb&udm=50&client_locale=en-US&client_country=ZZ 200 
2026-07-18 13:59:36,183 [INFO] Capturing request: https://atomsportv510.top/assets/js/clappr.js
2026-07-18 13:59:36,220 [INFO] Capturing response: https://atomsportv510.top/assets/js/clappr.js 200 
2026-07-18 13:59:36,236 [INFO] Capturing request: https://cdnjs.cloudflare.com/ajax/libs/jquery/3.2.1/jquery.min.js
2026-07-18 13:59:36,252 [INFO] Capturing request: https://cdn.jsdelivr.net/npm/@clappr/player@latest/dist/clappr.min.js
2026-07-18 13:59:36,279 [INFO] Capturing response: https://cdn.jsdelivr.net/npm/@clappr/player@latest/dist/clappr.min.js 200 
2026-07-18 13:59:36,283 [INFO] Capturing response: https://cdnjs.cloudflare.com/ajax/libs/jquery/3.2.1/jquery.min.js 200 
2026-07-18 13:59:36,496 [INFO] Capturing request: https://atomsportv510.top/favicon.ico
2026-07-18 13:59:36,532 [INFO] Capturing response: https://atomsportv510.top/favicon.ico 200 
2026-07-18 13:59:36,563 [INFO] Capturing request: https://teletv5.top/load/yayinlink.php?id=bein-sports-1
2026-07-18 13:59:36,865 [INFO] Capturing response: https://teletv5.top/load/yayinlink.php?id=bein-sports-1 200 
2026-07-18 13:59:36,964 [INFO] Capturing request: https://streamsport365.com/cinema
2026-07-18 13:59:37,215 [INFO] Capturing response: https://streamsport365.com/cinema 200 
2026-07-18 13:59:37,347 [INFO] Capturing request: https://atomsportv510.top/assets/img/player_logo_6880e4e4c52ee.png
2026-07-18 13:59:37,383 [INFO] Capturing response: https://atomsportv510.top/assets/img/player_logo_6880e4e4c52ee.png 200 
2026-07-18 13:59:37,414 [INFO] Capturing request: https://hlsssssssssssss.edaesra.workers.dev/https://corestream.macsitesi.help//trtspor/tracks-v1a1/mono.m3u8
2026-07-18 13:59:37,648 [INFO] Capturing response: https://hlsssssssssssss.edaesra.workers.dev/https://corestream.macsitesi.help//trtspor/tracks-v1a1/mono.m3u8 200 
2026-07-18 13:59:37,856 [INFO] Capturing request: https://securmar.edaesra.workers.dev/trtspor/tracks-v1a1/2026/07/18/14/00/18-06000.avif
2026-07-18 13:59:38,218 [INFO] Capturing response: https://securmar.edaesra.workers.dev/trtspor/tracks-v1a1/2026/07/18/14/00/18-06000.avif 200 
2026-07-18 13:59:38,402 [INFO] Capturing request: https://android.clients.google.com/checkin
2026-07-18 13:59:38,468 [INFO] Capturing request: https://securmar.edaesra.workers.dev/trtspor/tracks-v1a1/2026/07/18/14/00/24-06000.avif
2026-07-18 13:59:38,490 [INFO] Capturing response: https://android.clients.google.com/checkin 200 
2026-07-18 13:59:38,543 [INFO] Capturing request: https://android.clients.google.com/c2dm/register3
2026-07-18 13:59:38,544 [INFO] Capturing request: https://android.clients.google.com/c2dm/register3
2026-07-18 13:59:38,547 [INFO] Capturing request: https://android.clients.google.com/c2dm/register3
2026-07-18 13:59:38,588 [INFO] Capturing response: https://android.clients.google.com/c2dm/register3 200 
2026-07-18 13:59:38,595 [INFO] Capturing response: https://android.clients.google.com/c2dm/register3 200 
2026-07-18 13:59:38,599 [INFO] Capturing response: https://android.clients.google.com/c2dm/register3 200 
2026-07-18 13:59:38,952 [INFO] Capturing response: https://securmar.edaesra.workers.dev/trtspor/tracks-v1a1/2026/07/18/14/00/24-06000.avif 200 
2026-07-18 13:59:39,184 [INFO] Capturing request: https://securmar.edaesra.workers.dev/trtspor/tracks-v1a1/2026/07/18/14/00/30-06000.avif
2026-07-18 13:59:39,454 [INFO]   ✅ M3U8 bulundu: https://hlsssssssssssss.edaesra.workers.dev/https://corestream.macsitesi.help//trtspor/tracks-v1a1/mono.m3u8
2026-07-18 13:59:39,570 [INFO] Capturing response: https://securmar.edaesra.workers.dev/trtspor/tracks-v1a1/2026/07/18/14/00/30-06000.avif 200 
2026-07-18 13:59:40,456 [INFO] 
[2/14]
2026-07-18 13:59:40,456 [INFO] 🔍 beIN Sports 2 → https://atomsportv510.top/matches?id=bein-sports-2
2026-07-18 13:59:40,569 [INFO] Capturing request: https://atomsportv510.top/matches?id=bein-sports-2
2026-07-18 13:59:40,610 [INFO] Capturing response: https://atomsportv510.top/matches?id=bein-sports-2 200 
2026-07-18 13:59:40,662 [INFO] Capturing request: https://streamsport365.com/cinema
2026-07-18 13:59:40,763 [INFO] Capturing request: https://atomsportv510.top/favicon.ico
2026-07-18 13:59:40,763 [INFO] Capturing request: https://teletv5.top/load/yayinlink.php?id=bein-sports-2
2026-07-18 13:59:40,789 [INFO] Capturing response: https://atomsportv510.top/favicon.ico 200 
2026-07-18 13:59:40,906 [INFO] Capturing response: https://streamsport365.com/cinema 200 
2026-07-18 13:59:40,916 [INFO] Capturing response: https://teletv5.top/load/yayinlink.php?id=bein-sports-2 200 
2026-07-18 13:59:41,039 [INFO] Capturing request: https://hlsssssssssssss.edaesra.workers.dev/https://corestream.macsitesi.help//bein2/tracks-v1a1/mono.m3u8
2026-07-18 13:59:41,171 [INFO] Capturing response: https://hlsssssssssssss.edaesra.workers.dev/https://corestream.macsitesi.help//bein2/tracks-v1a1/mono.m3u8 404 
2026-07-18 13:59:43,678 [INFO]   ✅ M3U8 bulundu: https://hlsssssssssssss.edaesra.workers.dev/https://corestream.macsitesi.help//bein2/tracks-v1a1/mono.m3u8
2026-07-18 13:59:44,678 [INFO] 
[3/14]
2026-07-18 13:59:44,678 [INFO] 🔍 beIN Sports 3 → https://atomsportv510.top/matches?id=bein-sports-3
2026-07-18 13:59:44,786 [INFO] Capturing request: https://atomsportv510.top/assets/js/clappr.js
2026-07-18 13:59:44,789 [INFO] Capturing request: https://atomsportv510.top/matches?id=bein-sports-3
2026-07-18 13:59:44,805 [INFO] Capturing response: https://atomsportv510.top/assets/js/clappr.js 200 
2026-07-18 13:59:44,841 [INFO] Capturing response: https://atomsportv510.top/matches?id=bein-sports-3 200 
2026-07-18 13:59:44,999 [INFO] Capturing request: https://teletv5.top/load/yayinlink.php?id=bein-sports-3
2026-07-18 13:59:45,004 [INFO] Capturing request: https://atomsportv510.top/favicon.ico
2026-07-18 13:59:45,033 [INFO] Capturing response: https://atomsportv510.top/favicon.ico 200 
2026-07-18 13:59:45,101 [INFO] Capturing request: https://streamsport365.com/cinema
2026-07-18 13:59:45,153 [INFO] Capturing response: https://teletv5.top/load/yayinlink.php?id=bein-sports-3 200 
2026-07-18 13:59:45,357 [INFO] Capturing response: https://streamsport365.com/cinema 200 
2026-07-18 13:59:45,485 [INFO] Capturing request: https://hlsssssssssssss.edaesra.workers.dev/https://corestream.macsitesi.help//trtspor/tracks-v1a1/mono.m3u8
2026-07-18 13:59:45,623 [INFO] Capturing response: https://hlsssssssssssss.edaesra.workers.dev/https://corestream.macsitesi.help//trtspor/tracks-v1a1/mono.m3u8 200 
2026-07-18 13:59:45,734 [INFO] Capturing request: https://securmar.edaesra.workers.dev/trtspor/tracks-v1a1/2026/07/18/14/00/24-06000.avif
2026-07-18 13:59:46,000 [INFO] Capturing response: https://securmar.edaesra.workers.dev/trtspor/tracks-v1a1/2026/07/18/14/00/24-06000.avif 200 
2026-07-18 13:59:46,265 [INFO] Capturing request: https://securmar.edaesra.workers.dev/trtspor/tracks-v1a1/2026/07/18/14/00/30-06000.avif
2026-07-18 13:59:46,524 [INFO] Capturing response: https://securmar.edaesra.workers.dev/trtspor/tracks-v1a1/2026/07/18/14/00/30-06000.avif 200 
2026-07-18 13:59:46,780 [INFO] Capturing request: https://securmar.edaesra.workers.dev/trtspor/tracks-v1a1/2026/07/18/14/00/36-06000.avif
2026-07-18 13:59:47,624 [INFO] Capturing response: https://securmar.edaesra.workers.dev/trtspor/tracks-v1a1/2026/07/18/14/00/36-06000.avif 200 
2026-07-18 13:59:47,923 [INFO]   ✅ M3U8 bulundu: https://hlsssssssssssss.edaesra.workers.dev/https://corestream.macsitesi.help//trtspor/tracks-v1a1/mono.m3u8
2026-07-18 13:59:48,924 [INFO] 
[4/14]
2026-07-18 13:59:48,924 [INFO] 🔍 beIN Sports 4 → https://atomsportv510.top/matches?id=bein-sports-4
2026-07-18 13:59:49,037 [INFO] Capturing request: https://atomsportv510.top/assets/js/clappr.js
2026-07-18 13:59:49,038 [INFO] Capturing request: https://atomsportv510.top/matches?id=bein-sports-4
2026-07-18 13:59:49,052 [INFO] Capturing response: https://atomsportv510.top/assets/js/clappr.js 200 
2026-07-18 13:59:49,078 [INFO] Capturing response: https://atomsportv510.top/matches?id=bein-sports-4 200 
2026-07-18 13:59:49,116 [INFO] Capturing request: https://streamsport365.com/cinema
2026-07-18 13:59:49,214 [INFO] Capturing request: https://teletv5.top/load/yayinlink.php?id=bein-sports-4
2026-07-18 13:59:49,217 [INFO] Capturing request: https://atomsportv510.top/favicon.ico
2026-07-18 13:59:49,242 [INFO] Capturing response: https://atomsportv510.top/favicon.ico 200 
2026-07-18 13:59:49,368 [INFO] Capturing response: https://teletv5.top/load/yayinlink.php?id=bein-sports-4 200 
2026-07-18 13:59:49,370 [INFO] Capturing response: https://streamsport365.com/cinema 200 
2026-07-18 13:59:49,532 [INFO] Capturing request: https://hlsssssssssssss.edaesra.workers.dev/https://corestream.macsitesi.help//bein2/tracks-v1a1/mono.m3u8
2026-07-18 13:59:49,663 [INFO] Capturing response: https://hlsssssssssssss.edaesra.workers.dev/https://corestream.macsitesi.help//bein2/tracks-v1a1/mono.m3u8 404 
2026-07-18 13:59:52,130 [INFO]   ✅ M3U8 bulundu: https://hlsssssssssssss.edaesra.workers.dev/https://corestream.macsitesi.help//bein2/tracks-v1a1/mono.m3u8
2026-07-18 13:59:53,130 [INFO] 
[5/14]
2026-07-18 13:59:53,130 [INFO] 🔍 beIN Sports 5 → https://atomsportv510.top/matches?id=bein-sports-5
2026-07-18 13:59:53,241 [INFO] Capturing request: https://atomsportv510.top/assets/js/clappr.js
2026-07-18 13:59:53,242 [INFO] Capturing request: https://atomsportv510.top/matches?id=bein-sports-5
2026-07-18 13:59:53,257 [INFO] Capturing response: https://atomsportv510.top/assets/js/clappr.js 200 
2026-07-18 13:59:53,300 [INFO] Capturing response: https://atomsportv510.top/matches?id=bein-sports-5 200 
2026-07-18 13:59:53,462 [INFO] Capturing request: https://teletv5.top/load/yayinlink.php?id=bein-sports-5
2026-07-18 13:59:53,463 [INFO] Capturing request: https://atomsportv510.top/favicon.ico
2026-07-18 13:59:53,494 [INFO] Capturing response: https://atomsportv510.top/favicon.ico 200 
2026-07-18 13:59:53,560 [INFO] Capturing request: https://streamsport365.com/cinema
2026-07-18 13:59:53,609 [INFO] Capturing response: https://teletv5.top/load/yayinlink.php?id=bein-sports-5 200 
2026-07-18 13:59:53,814 [INFO] Capturing response: https://streamsport365.com/cinema 200 
2026-07-18 13:59:53,943 [INFO] Capturing request: https://hlsssssssssssss.edaesra.workers.dev/https://corestream.macsitesi.help//bein2/tracks-v1a1/mono.m3u8
2026-07-18 13:59:54,070 [INFO] Capturing response: https://hlsssssssssssss.edaesra.workers.dev/https://corestream.macsitesi.help//bein2/tracks-v1a1/mono.m3u8 404 
2026-07-18 13:59:56,372 [INFO]   ✅ M3U8 bulundu: https://hlsssssssssssss.edaesra.workers.dev/https://corestream.macsitesi.help//bein2/tracks-v1a1/mono.m3u8
2026-07-18 13:59:57,372 [INFO] 
[6/14]
2026-07-18 13:59:57,372 [INFO] 🔍 beIN Sports Max 1 → https://atomsportv510.top/matches?id=bein-sports-max-1
2026-07-18 13:59:57,483 [INFO] Capturing request: https://atomsportv510.top/assets/js/clappr.js
2026-07-18 13:59:57,484 [INFO] Capturing request: https://atomsportv510.top/matches?id=bein-sports-max-1
2026-07-18 13:59:57,500 [INFO] Capturing response: https://atomsportv510.top/assets/js/clappr.js 200 
2026-07-18 13:59:57,527 [INFO] Capturing response: https://atomsportv510.top/matches?id=bein-sports-max-1 200 
2026-07-18 13:59:57,560 [INFO] Capturing request: https://streamsport365.com/cinema
2026-07-18 13:59:57,656 [INFO] Capturing request: https://teletv5.top/load/yayinlink.php?id=bein-sports-max-1
2026-07-18 13:59:57,659 [INFO] Capturing request: https://atomsportv510.top/favicon.ico
2026-07-18 13:59:57,691 [INFO] Capturing response: https://atomsportv510.top/favicon.ico 200 
2026-07-18 13:59:57,808 [INFO] Capturing response: https://streamsport365.com/cinema 200 
2026-07-18 13:59:57,816 [INFO] Capturing response: https://teletv5.top/load/yayinlink.php?id=bein-sports-max-1 200 
2026-07-18 13:59:57,977 [INFO] Capturing request: https://hlsssssssssssss.edaesra.workers.dev/https://corestream.macsitesi.help//trtspor/tracks-v1a1/mono.m3u8
2026-07-18 13:59:58,124 [INFO] Capturing response: https://hlsssssssssssss.edaesra.workers.dev/https://corestream.macsitesi.help//trtspor/tracks-v1a1/mono.m3u8 200 
2026-07-18 13:59:58,275 [INFO] Capturing request: https://securmar.edaesra.workers.dev/trtspor/tracks-v1a1/2026/07/18/14/00/36-06000.avif
2026-07-18 13:59:58,500 [INFO] Capturing response: https://securmar.edaesra.workers.dev/trtspor/tracks-v1a1/2026/07/18/14/00/36-06000.avif 200 
2026-07-18 13:59:58,767 [INFO] Capturing request: https://securmar.edaesra.workers.dev/trtspor/tracks-v1a1/2026/07/18/14/00/42-06000.avif
2026-07-18 13:59:59,290 [INFO] Capturing response: https://securmar.edaesra.workers.dev/trtspor/tracks-v1a1/2026/07/18/14/00/42-06000.avif 200 
2026-07-18 13:59:59,455 [INFO] Capturing request: https://android.clients.google.com/c2dm/register3
2026-07-18 13:59:59,501 [INFO] Capturing response: https://android.clients.google.com/c2dm/register3 301 
2026-07-18 13:59:59,531 [INFO] Capturing request: https://securmar.edaesra.workers.dev/trtspor/tracks-v1a1/2026/07/18/14/00/48-06000.avif
2026-07-18 13:59:59,899 [INFO] Capturing response: https://securmar.edaesra.workers.dev/trtspor/tracks-v1a1/2026/07/18/14/00/48-06000.avif 200 
2026-07-18 14:00:00,579 [INFO]   ✅ M3U8 bulundu: https://hlsssssssssssss.edaesra.workers.dev/https://corestream.macsitesi.help//trtspor/tracks-v1a1/mono.m3u8
2026-07-18 14:00:01,579 [INFO] 
[7/14]
2026-07-18 14:00:01,580 [INFO] 🔍 beIN Sports Max 2 → https://atomsportv510.top/matches?id=bein-sports-max-2
2026-07-18 14:00:01,692 [INFO] Capturing request: https://atomsportv510.top/assets/js/clappr.js
2026-07-18 14:00:01,693 [INFO] Capturing request: https://atomsportv510.top/matches?id=bein-sports-max-2
2026-07-18 14:00:01,713 [INFO] Capturing response: https://atomsportv510.top/assets/js/clappr.js 200 
2026-07-18 14:00:01,748 [INFO] Capturing response: https://atomsportv510.top/matches?id=bein-sports-max-2 200 
2026-07-18 14:00:01,907 [INFO] Capturing request: https://teletv5.top/load/yayinlink.php?id=bein-sports-max-2
2026-07-18 14:00:01,910 [INFO] Capturing request: https://atomsportv510.top/favicon.ico
2026-07-18 14:00:01,942 [INFO] Capturing response: https://atomsportv510.top/favicon.ico 200 
2026-07-18 14:00:02,006 [INFO] Capturing request: https://streamsport365.com/cinema
2026-07-18 14:00:02,251 [INFO] Capturing response: https://streamsport365.com/cinema 200 
2026-07-18 14:00:02,637 [INFO] Capturing response: https://teletv5.top/load/yayinlink.php?id=bein-sports-max-2 200 
2026-07-18 14:00:02,760 [INFO] Capturing request: https://hlsssssssssssss.edaesra.workers.dev/https://corestream.macsitesi.help//trtspor/tracks-v1a1/mono.m3u8
2026-07-18 14:00:02,897 [INFO] Capturing response: https://hlsssssssssssss.edaesra.workers.dev/https://corestream.macsitesi.help//trtspor/tracks-v1a1/mono.m3u8 200 
2026-07-18 14:00:03,007 [INFO] Capturing request: https://securmar.edaesra.workers.dev/trtspor/tracks-v1a1/2026/07/18/14/00/42-06000.avif
2026-07-18 14:00:03,245 [INFO] Capturing response: https://securmar.edaesra.workers.dev/trtspor/tracks-v1a1/2026/07/18/14/00/42-06000.avif 200 
2026-07-18 14:00:03,496 [INFO] Capturing request: https://securmar.edaesra.workers.dev/trtspor/tracks-v1a1/2026/07/18/14/00/48-06000.avif
2026-07-18 14:00:03,728 [INFO] Capturing response: https://securmar.edaesra.workers.dev/trtspor/tracks-v1a1/2026/07/18/14/00/48-06000.avif 200 
2026-07-18 14:00:03,986 [INFO] Capturing request: https://securmar.edaesra.workers.dev/trtspor/tracks-v1a1/2026/07/18/14/00/54-06000.avif
2026-07-18 14:00:04,329 [INFO] Capturing response: https://securmar.edaesra.workers.dev/trtspor/tracks-v1a1/2026/07/18/14/00/54-06000.avif 200 
2026-07-18 14:00:04,827 [INFO]   ✅ M3U8 bulundu: https://hlsssssssssssss.edaesra.workers.dev/https://corestream.macsitesi.help//trtspor/tracks-v1a1/mono.m3u8
2026-07-18 14:00:05,827 [INFO] 
[8/14]
2026-07-18 14:00:05,827 [INFO] 🔍 S Sport → https://atomsportv510.top/matches?id=s-sport
2026-07-18 14:00:05,897 [INFO] Capturing request: https://android.clients.google.com/c2dm/register3
2026-07-18 14:00:05,940 [INFO] Capturing request: https://atomsportv510.top/matches?id=s-sport
2026-07-18 14:00:05,941 [INFO] Capturing request: https://atomsportv510.top/assets/js/clappr.js
2026-07-18 14:00:06,005 [INFO] Capturing response: https://atomsportv510.top/assets/js/clappr.js 200 
2026-07-18 14:00:06,460 [INFO] Capturing response: https://atomsportv510.top/matches?id=s-sport 200 
2026-07-18 14:00:06,495 [INFO] Capturing request: https://streamsport365.com/cinema
2026-07-18 14:00:06,595 [INFO] Capturing request: https://teletv5.top/load/yayinlink.php?id=s-sport
2026-07-18 14:00:06,601 [INFO] Capturing request: https://atomsportv510.top/favicon.ico
2026-07-18 14:00:06,638 [INFO] Capturing response: https://atomsportv510.top/favicon.ico 200 
2026-07-18 14:00:06,750 [INFO] Capturing response: https://streamsport365.com/cinema 200 
2026-07-18 14:00:06,753 [INFO] Capturing response: https://teletv5.top/load/yayinlink.php?id=s-sport 200 
2026-07-18 14:00:06,911 [INFO] Capturing request: https://android.clients.google.com/c2dm/register3
2026-07-18 14:00:06,915 [INFO] Capturing request: https://hlsssssssssssss.edaesra.workers.dev/https://corestream.macsitesi.help//s-sportt/tracks-v1a1/mono.m3u8
2026-07-18 14:00:07,051 [INFO] Capturing response: https://hlsssssssssssss.edaesra.workers.dev/https://corestream.macsitesi.help//s-sportt/tracks-v1a1/mono.m3u8 404 
2026-07-18 14:00:09,513 [INFO]   ✅ M3U8 bulundu: https://hlsssssssssssss.edaesra.workers.dev/https://corestream.macsitesi.help//s-sportt/tracks-v1a1/mono.m3u8
2026-07-18 14:00:09,952 [INFO] Capturing response: https://android.clients.google.com/c2dm/register3 500 
2026-07-18 14:00:10,514 [INFO] 
[9/14]
2026-07-18 14:00:10,514 [INFO] 🔍 S Sport 2 → https://atomsportv510.top/matches?id=s-sport-2
2026-07-18 14:00:10,624 [INFO] Capturing request: https://atomsportv510.top/matches?id=s-sport-2
2026-07-18 14:00:10,672 [INFO] Capturing response: https://atomsportv510.top/matches?id=s-sport-2 200 
2026-07-18 14:00:10,809 [INFO] Capturing request: https://teletv5.top/load/yayinlink.php?id=s-sport-2
2026-07-18 14:00:10,814 [INFO] Capturing request: https://atomsportv510.top/favicon.ico
2026-07-18 14:00:10,848 [INFO] Capturing response: https://atomsportv510.top/favicon.ico 200 
2026-07-18 14:00:10,907 [INFO] Capturing request: https://streamsport365.com/cinema
2026-07-18 14:00:10,961 [INFO] Capturing response: https://teletv5.top/load/yayinlink.php?id=s-sport-2 200 
2026-07-18 14:00:11,149 [INFO] Capturing response: https://streamsport365.com/cinema 200 
2026-07-18 14:00:11,269 [INFO] Capturing request: https://hlsssssssssssss.edaesra.workers.dev/https://corestream.macsitesi.help//s-sport2/tracks-v1a1/mono.m3u8
2026-07-18 14:00:11,305 [INFO] Capturing response: https://android.clients.google.com/c2dm/register3 200 
2026-07-18 14:00:11,406 [INFO] Capturing response: https://hlsssssssssssss.edaesra.workers.dev/https://corestream.macsitesi.help//s-sport2/tracks-v1a1/mono.m3u8 404 
2026-07-18 14:00:13,727 [INFO]   ✅ M3U8 bulundu: https://hlsssssssssssss.edaesra.workers.dev/https://corestream.macsitesi.help//s-sport2/tracks-v1a1/mono.m3u8
2026-07-18 14:00:14,727 [INFO] 
[10/14]
2026-07-18 14:00:14,727 [INFO] 🔍 A Spor → https://atomsportv510.top/matches?id=a-spor
2026-07-18 14:00:14,835 [INFO] Capturing request: https://atomsportv510.top/matches?id=a-spor
2026-07-18 14:00:14,871 [INFO] Capturing response: https://atomsportv510.top/matches?id=a-spor 200 
2026-07-18 14:00:14,905 [INFO] Capturing request: https://streamsport365.com/cinema
2026-07-18 14:00:15,004 [INFO] Capturing request: https://teletv5.top/load/yayinlink.php?id=a-spor
2026-07-18 14:00:15,011 [INFO] Capturing request: https://atomsportv510.top/favicon.ico
2026-07-18 14:00:15,043 [INFO] Capturing response: https://atomsportv510.top/favicon.ico 200 
2026-07-18 14:00:15,159 [INFO] Capturing response: https://teletv5.top/load/yayinlink.php?id=a-spor 200 
2026-07-18 14:00:15,161 [INFO] Capturing response: https://streamsport365.com/cinema 200 
2026-07-18 14:00:15,321 [INFO] Capturing request: https://hlsssssssssssss.edaesra.workers.dev/https://corestream.macsitesi.help//aspor/tracks-v1a1/mono.m3u8
2026-07-18 14:00:15,451 [INFO] Capturing response: https://hlsssssssssssss.edaesra.workers.dev/https://corestream.macsitesi.help//aspor/tracks-v1a1/mono.m3u8 404 
2026-07-18 14:00:17,923 [INFO]   ✅ M3U8 bulundu: https://hlsssssssssssss.edaesra.workers.dev/https://corestream.macsitesi.help//aspor/tracks-v1a1/mono.m3u8
2026-07-18 14:00:18,923 [INFO] 
[11/14]
2026-07-18 14:00:18,923 [INFO] 🔍 Tivibu Spor 1 → https://atomsportv510.top/matches?id=tivibu-spor-1
2026-07-18 14:00:19,033 [INFO] Capturing request: https://atomsportv510.top/matches?id=tivibu-spor-1
2026-07-18 14:00:19,084 [INFO] Capturing response: https://atomsportv510.top/matches?id=tivibu-spor-1 200 
2026-07-18 14:00:19,221 [INFO] Capturing request: https://atomsportv510.top/favicon.ico
2026-07-18 14:00:19,222 [INFO] Capturing request: https://teletv5.top/load/yayinlink.php?id=tivibu-spor-1
2026-07-18 14:00:19,253 [INFO] Capturing response: https://atomsportv510.top/favicon.ico 200 
2026-07-18 14:00:19,324 [INFO] Capturing request: https://streamsport365.com/cinema
2026-07-18 14:00:19,377 [INFO] Capturing response: https://teletv5.top/load/yayinlink.php?id=tivibu-spor-1 200 
2026-07-18 14:00:19,573 [INFO] Capturing response: https://streamsport365.com/cinema 200 
2026-07-18 14:00:19,692 [INFO] Capturing request: https://hlsssssssssssss.edaesra.workers.dev/https://corestream.macsitesi.help//trtspor/tracks-v1a1/mono.m3u8
2026-07-18 14:00:19,853 [INFO] Capturing response: https://hlsssssssssssss.edaesra.workers.dev/https://corestream.macsitesi.help//trtspor/tracks-v1a1/mono.m3u8 200 
2026-07-18 14:00:19,963 [INFO] Capturing request: https://securmar.edaesra.workers.dev/trtspor/tracks-v1a1/2026/07/18/14/01/00-06000.avif
2026-07-18 14:00:20,310 [INFO] Capturing response: https://securmar.edaesra.workers.dev/trtspor/tracks-v1a1/2026/07/18/14/01/00-06000.avif 200 
2026-07-18 14:00:20,574 [INFO] Capturing request: https://securmar.edaesra.workers.dev/trtspor/tracks-v1a1/2026/07/18/14/01/06-06000.avif
2026-07-18 14:00:21,131 [INFO] Capturing response: https://securmar.edaesra.workers.dev/trtspor/tracks-v1a1/2026/07/18/14/01/06-06000.avif 200 
2026-07-18 14:00:21,378 [INFO] Capturing request: https://securmar.edaesra.workers.dev/trtspor/tracks-v1a1/2026/07/18/14/01/12-06000.avif
2026-07-18 14:00:21,758 [INFO] Capturing response: https://securmar.edaesra.workers.dev/trtspor/tracks-v1a1/2026/07/18/14/01/12-06000.avif 200 
2026-07-18 14:00:22,142 [INFO]   ✅ M3U8 bulundu: https://hlsssssssssssss.edaesra.workers.dev/https://corestream.macsitesi.help//trtspor/tracks-v1a1/mono.m3u8
2026-07-18 14:00:23,142 [INFO] 
[12/14]
2026-07-18 14:00:23,143 [INFO] 🔍 Tivibu Spor 2 → https://atomsportv510.top/matches?id=tivibu-spor-2
2026-07-18 14:00:23,254 [INFO] Capturing request: https://atomsportv510.top/matches?id=tivibu-spor-2
2026-07-18 14:00:23,297 [INFO] Capturing response: https://atomsportv510.top/matches?id=tivibu-spor-2 200 
2026-07-18 14:00:23,335 [INFO] Capturing request: https://streamsport365.com/cinema
2026-07-18 14:00:23,431 [INFO] Capturing request: https://teletv5.top/load/yayinlink.php?id=tivibu-spor-2
2026-07-18 14:00:23,438 [INFO] Capturing request: https://atomsportv510.top/favicon.ico
2026-07-18 14:00:23,469 [INFO] Capturing response: https://atomsportv510.top/favicon.ico 200 
2026-07-18 14:00:23,579 [INFO] Capturing response: https://streamsport365.com/cinema 200 
2026-07-18 14:00:23,584 [INFO] Capturing response: https://teletv5.top/load/yayinlink.php?id=tivibu-spor-2 200 
2026-07-18 14:00:23,749 [INFO] Capturing request: https://hlsssssssssssss.edaesra.workers.dev/https://corestream.macsitesi.help//trtspor/tracks-v1a1/mono.m3u8
2026-07-18 14:00:23,885 [INFO] Capturing response: https://hlsssssssssssss.edaesra.workers.dev/https://corestream.macsitesi.help//trtspor/tracks-v1a1/mono.m3u8 200 
2026-07-18 14:00:24,035 [INFO] Capturing request: https://securmar.edaesra.workers.dev/trtspor/tracks-v1a1/2026/07/18/14/01/00-06000.avif
2026-07-18 14:00:24,270 [INFO] Capturing response: https://securmar.edaesra.workers.dev/trtspor/tracks-v1a1/2026/07/18/14/01/00-06000.avif 200 
2026-07-18 14:00:24,488 [INFO] Capturing request: https://securmar.edaesra.workers.dev/trtspor/tracks-v1a1/2026/07/18/14/01/06-06000.avif
2026-07-18 14:00:24,708 [INFO] Capturing response: https://securmar.edaesra.workers.dev/trtspor/tracks-v1a1/2026/07/18/14/01/06-06000.avif 200 
2026-07-18 14:00:24,951 [INFO] Capturing request: https://securmar.edaesra.workers.dev/trtspor/tracks-v1a1/2026/07/18/14/01/12-06000.avif
2026-07-18 14:00:25,200 [INFO] Capturing response: https://securmar.edaesra.workers.dev/trtspor/tracks-v1a1/2026/07/18/14/01/12-06000.avif 200 
2026-07-18 14:00:26,358 [INFO]   ✅ M3U8 bulundu: https://hlsssssssssssss.edaesra.workers.dev/https://corestream.macsitesi.help//trtspor/tracks-v1a1/mono.m3u8
2026-07-18 14:00:27,359 [INFO] 
[13/14]
2026-07-18 14:00:27,359 [INFO] 🔍 Tivibu Spor 3 → https://atomsportv510.top/matches?id=tivibu-spor-3
2026-07-18 14:00:27,470 [INFO] Capturing request: https://atomsportv510.top/matches?id=tivibu-spor-3
2026-07-18 14:00:27,506 [INFO] Capturing response: https://atomsportv510.top/matches?id=tivibu-spor-3 200 
2026-07-18 14:00:27,641 [INFO] Capturing request: https://teletv5.top/load/yayinlink.php?id=tivibu-spor-3
2026-07-18 14:00:27,644 [INFO] Capturing request: https://atomsportv510.top/favicon.ico
2026-07-18 14:00:27,674 [INFO] Capturing response: https://atomsportv510.top/favicon.ico 200 
2026-07-18 14:00:27,738 [INFO] Capturing request: https://streamsport365.com/cinema
2026-07-18 14:00:27,794 [INFO] Capturing response: https://teletv5.top/load/yayinlink.php?id=tivibu-spor-3 200 
2026-07-18 14:00:27,992 [INFO] Capturing response: https://streamsport365.com/cinema 200 
2026-07-18 14:00:28,114 [INFO] Capturing request: https://hlsssssssssssss.edaesra.workers.dev/https://corestream.macsitesi.help//trtspor/tracks-v1a1/mono.m3u8
2026-07-18 14:00:28,250 [INFO] Capturing response: https://hlsssssssssssss.edaesra.workers.dev/https://corestream.macsitesi.help//trtspor/tracks-v1a1/mono.m3u8 200 
2026-07-18 14:00:28,360 [INFO] Capturing request: https://securmar.edaesra.workers.dev/trtspor/tracks-v1a1/2026/07/18/14/01/06-06000.avif
2026-07-18 14:00:28,587 [INFO] Capturing response: https://securmar.edaesra.workers.dev/trtspor/tracks-v1a1/2026/07/18/14/01/06-06000.avif 200 
2026-07-18 14:00:28,808 [INFO] Capturing request: https://securmar.edaesra.workers.dev/trtspor/tracks-v1a1/2026/07/18/14/01/12-06000.avif
2026-07-18 14:00:29,055 [INFO] Capturing response: https://securmar.edaesra.workers.dev/trtspor/tracks-v1a1/2026/07/18/14/01/12-06000.avif 200 
2026-07-18 14:00:29,298 [INFO] Capturing request: https://securmar.edaesra.workers.dev/trtspor/tracks-v1a1/2026/07/18/14/01/18-06000.avif
2026-07-18 14:00:29,756 [INFO] Capturing response: https://securmar.edaesra.workers.dev/trtspor/tracks-v1a1/2026/07/18/14/01/18-06000.avif 200 
2026-07-18 14:00:30,567 [INFO]   ✅ M3U8 bulundu: https://hlsssssssssssss.edaesra.workers.dev/https://corestream.macsitesi.help//trtspor/tracks-v1a1/mono.m3u8
2026-07-18 14:00:31,568 [INFO] 
[14/14]
2026-07-18 14:00:31,568 [INFO] 🔍 Tivibu Spor 4 → https://atomsportv510.top/matches?id=tivibu-spor-4
2026-07-18 14:00:31,679 [INFO] Capturing request: https://atomsportv510.top/matches?id=tivibu-spor-4
2026-07-18 14:00:31,718 [INFO] Capturing response: https://atomsportv510.top/matches?id=tivibu-spor-4 200 
2026-07-18 14:00:31,751 [INFO] Capturing request: https://streamsport365.com/cinema
2026-07-18 14:00:31,852 [INFO] Capturing request: https://teletv5.top/load/yayinlink.php?id=tivibu-spor-4
2026-07-18 14:00:31,857 [INFO] Capturing request: https://atomsportv510.top/favicon.ico
2026-07-18 14:00:31,886 [INFO] Capturing response: https://atomsportv510.top/favicon.ico 200 
2026-07-18 14:00:32,003 [INFO] Capturing response: https://streamsport365.com/cinema 200 
2026-07-18 14:00:32,006 [INFO] Capturing response: https://teletv5.top/load/yayinlink.php?id=tivibu-spor-4 200 
2026-07-18 14:00:35,473 [INFO] Capturing request: https://update.googleapis.com/service/update2/json?cup2key=16:zpSfd7Ej-BjeLAoyhxVZQWxs9ALf2I66LM2nKK9bwjE&cup2hreq=8932976464dfcbe3899e1e1aaf7bcfdf4171ab59f7980a769c672511d62c135d
2026-07-18 14:00:35,501 [INFO] Capturing response: https://update.googleapis.com/service/update2/json?cup2key=16:zpSfd7Ej-BjeLAoyhxVZQWxs9ALf2I66LM2nKK9bwjE&cup2hreq=8932976464dfcbe3899e1e1aaf7bcfdf4171ab59f7980a769c672511d62c135d 200 
2026-07-18 14:00:35,507 [INFO] Capturing request: http://edgedl.me.gvt1.com/edgedl/diffgen-puffin/gcmjkmgdlgnkkcocmoeiminaijmmjnii/df2a22d5ecc7788c3330ebd5f856b41531c74f412a01ed7453d11284708009fe
2026-07-18 14:00:35,523 [INFO] Capturing response: http://edgedl.me.gvt1.com/edgedl/diffgen-puffin/gcmjkmgdlgnkkcocmoeiminaijmmjnii/df2a22d5ecc7788c3330ebd5f856b41531c74f412a01ed7453d11284708009fe 200 OK
2026-07-18 14:00:35,550 [INFO] Capturing request: https://update.googleapis.com/service/update2/json
2026-07-18 14:00:35,575 [INFO] Capturing response: https://update.googleapis.com/service/update2/json 200 
2026-07-18 14:00:35,619 [INFO] Capturing request: http://edgedl.me.gvt1.com/edgedl/release2/chrome_component/ac5qfff37ny6vllx6mghfvwoo2fq_10655/hfnkpimlhhgieaddgfemjhofmfblmnib_10655_all_i3k5nbj5isdoxsctg2gz7n4iaq.crx3
2026-07-18 14:00:35,635 [INFO] Capturing response: http://edgedl.me.gvt1.com/edgedl/release2/chrome_component/ac5qfff37ny6vllx6mghfvwoo2fq_10655/hfnkpimlhhgieaddgfemjhofmfblmnib_10655_all_i3k5nbj5isdoxsctg2gz7n4iaq.crx3 200 OK
2026-07-18 14:00:35,665 [INFO] Capturing request: https://update.googleapis.com/service/update2/json
2026-07-18 14:00:35,688 [INFO] Capturing response: https://update.googleapis.com/service/update2/json 200 
2026-07-18 14:00:52,403 [INFO] Capturing request: https://android.clients.google.com/c2dm/register3
2026-07-18 14:00:52,886 [INFO] Capturing response: https://android.clients.google.com/c2dm/register3 200 
2026-07-18 14:00:54,738 [INFO] Capturing request: https://android.clients.google.com/c2dm/register3
2026-07-18 14:00:54,777 [INFO] Capturing response: https://android.clients.google.com/c2dm/register3 301 
2026-07-18 14:01:05,050 [WARNING]   ❌ Tivibu Spor 4 için M3U8 bulunamadı
2026-07-18 14:01:06,117 [INFO] ✅ 13 kanal bulundu, playlist.m3u kaydedildi
