2026-07-14 17:24:08,719 [INFO] 🌐 BASE_URL: https://atomsportv510.top
2026-07-14 17:24:09,533 [INFO] Başlanıyor... 14 kanal taranacak
2026-07-14 17:24:09,533 [INFO] Using default request storage
2026-07-14 17:24:09,537 [INFO] Created proxy listening on 127.0.0.1:36247
2026-07-14 17:24:10,195 [INFO] Capturing request: http://clients2.google.com/time/1/current?cup2key=10:KljzrYb9JxvA5YbxaI7O5kzLyMK9473h_VsCfVMMfHI&cup2hreq=e3b0c44298fc1c149afbf4c8996fb92427ae41e4649b934ca495991b7852b855
2026-07-14 17:24:10,225 [INFO] Capturing response: http://clients2.google.com/time/1/current?cup2key=10:KljzrYb9JxvA5YbxaI7O5kzLyMK9473h_VsCfVMMfHI&cup2hreq=e3b0c44298fc1c149afbf4c8996fb92427ae41e4649b934ca495991b7852b855 200 OK
2026-07-14 17:24:10,335 [INFO] 
[1/14]
2026-07-14 17:24:10,335 [INFO] 🔍 beIN Sports 1 → https://atomsportv510.top/matches?id=bein-sports-1
2026-07-14 17:24:10,425 [INFO] Capturing request: https://accounts.google.com/ListAccounts?gpsia=1&source=ChromiumBrowser&json=standard&laf=b64bin
2026-07-14 17:24:10,429 [INFO] Capturing request: https://update.googleapis.com/service/update2/json?cup2key=16:AgAAmNKo1GY1Ij7eOsd-P4BtlOCRlsr-pdazpvDBkDo&cup2hreq=e7b500263bf6064fc49a84379c1995da84213bef38164242318f28121c008ef6
2026-07-14 17:24:10,465 [INFO] Capturing response: https://accounts.google.com/ListAccounts?gpsia=1&source=ChromiumBrowser&json=standard&laf=b64bin 200 
2026-07-14 17:24:10,468 [INFO] Capturing response: https://update.googleapis.com/service/update2/json?cup2key=16:AgAAmNKo1GY1Ij7eOsd-P4BtlOCRlsr-pdazpvDBkDo&cup2hreq=e7b500263bf6064fc49a84379c1995da84213bef38164242318f28121c008ef6 200 
2026-07-14 17:24:10,513 [INFO] Capturing request: https://update.googleapis.com/service/update2/json?cup2key=16:3JaO0Py5RAFVOmzbkCb0ilizCcTpH0_PBB68WWwczW4&cup2hreq=371434e184a9b52f24e92648016463de7aca84ca7e9da77c3a244988b14790ed
2026-07-14 17:24:10,526 [INFO] Capturing request: https://atomsportv510.top/matches?id=bein-sports-1
2026-07-14 17:24:10,540 [INFO] Capturing response: https://update.googleapis.com/service/update2/json?cup2key=16:3JaO0Py5RAFVOmzbkCb0ilizCcTpH0_PBB68WWwczW4&cup2hreq=371434e184a9b52f24e92648016463de7aca84ca7e9da77c3a244988b14790ed 200 
2026-07-14 17:24:10,705 [INFO] Capturing response: https://atomsportv510.top/matches?id=bein-sports-1 200 
2026-07-14 17:24:10,760 [INFO] Capturing request: https://www.google.com/async/folae?async=_fmt:pb&udm=50&client_locale=en-US&client_country=ZZ
2026-07-14 17:24:10,791 [INFO] Capturing response: https://www.google.com/async/folae?async=_fmt:pb&udm=50&client_locale=en-US&client_country=ZZ 200 
2026-07-14 17:24:10,857 [INFO] Capturing request: https://atomsportv510.top/assets/js/clappr.js
2026-07-14 17:24:10,912 [INFO] Capturing request: https://cdnjs.cloudflare.com/ajax/libs/jquery/3.2.1/jquery.min.js
2026-07-14 17:24:10,915 [INFO] Capturing request: https://cdn.jsdelivr.net/npm/@clappr/player@latest/dist/clappr.min.js
2026-07-14 17:24:10,939 [INFO] Capturing response: https://cdnjs.cloudflare.com/ajax/libs/jquery/3.2.1/jquery.min.js 200 
2026-07-14 17:24:10,954 [INFO] Capturing response: https://cdn.jsdelivr.net/npm/@clappr/player@latest/dist/clappr.min.js 200 
2026-07-14 17:24:11,028 [INFO] Capturing response: https://atomsportv510.top/assets/js/clappr.js 200 
2026-07-14 17:24:11,183 [INFO] Capturing request: https://atomsportv510.top/favicon.ico
2026-07-14 17:24:11,308 [INFO] Capturing response: https://atomsportv510.top/favicon.ico 200 
2026-07-14 17:24:11,309 [INFO] Capturing request: https://teletv5.top/load/yayinlink.php?id=bein-sports-1
2026-07-14 17:24:11,804 [INFO] Capturing response: https://teletv5.top/load/yayinlink.php?id=bein-sports-1 200 
2026-07-14 17:24:11,827 [INFO] Capturing request: https://streamsport365.com/cinema
2026-07-14 17:24:12,196 [INFO] Capturing response: https://streamsport365.com/cinema 200 
2026-07-14 17:24:12,326 [INFO] Capturing request: https://atomsportv510.top/assets/img/player_logo_6880e4e4c52ee.png
2026-07-14 17:24:12,405 [INFO] Capturing request: https://hlsssssssssssss.edaesra.workers.dev/https://corestream.macsitesi.help//trtspor/tracks-v1a1/mono.m3u8
2026-07-14 17:24:12,570 [INFO] Capturing response: https://atomsportv510.top/assets/img/player_logo_6880e4e4c52ee.png 200 
2026-07-14 17:24:12,805 [INFO] Capturing response: https://hlsssssssssssss.edaesra.workers.dev/https://corestream.macsitesi.help//trtspor/tracks-v1a1/mono.m3u8 200 
2026-07-14 17:24:13,028 [INFO] Capturing request: https://securmar.edaesra.workers.dev/trtspor/tracks-v1a1/2026/07/14/17/23/47-10000.avif
2026-07-14 17:24:13,230 [INFO] Capturing request: https://android.clients.google.com/checkin
2026-07-14 17:24:13,292 [INFO] Capturing response: https://android.clients.google.com/checkin 200 
2026-07-14 17:24:13,341 [INFO] Capturing request: https://android.clients.google.com/c2dm/register3
2026-07-14 17:24:13,350 [INFO] Capturing request: https://android.clients.google.com/c2dm/register3
2026-07-14 17:24:13,353 [INFO] Capturing request: https://android.clients.google.com/c2dm/register3
2026-07-14 17:24:13,378 [INFO] Capturing response: https://android.clients.google.com/c2dm/register3 301 
2026-07-14 17:24:13,813 [INFO] Capturing response: https://securmar.edaesra.workers.dev/trtspor/tracks-v1a1/2026/07/14/17/23/47-10000.avif 200 
2026-07-14 17:24:14,091 [INFO] Capturing request: https://securmar.edaesra.workers.dev/trtspor/tracks-v1a1/2026/07/14/17/23/57-10000.avif
2026-07-14 17:24:14,111 [INFO] Capturing response: https://android.clients.google.com/c2dm/register3 200 
2026-07-14 17:24:14,117 [INFO]   ✅ M3U8 bulundu: https://hlsssssssssssss.edaesra.workers.dev/https://corestream.macsitesi.help//trtspor/tracks-v1a1/mono.m3u8
2026-07-14 17:24:14,459 [INFO] Capturing response: https://android.clients.google.com/c2dm/register3 200 
2026-07-14 17:24:14,882 [INFO] Capturing response: https://securmar.edaesra.workers.dev/trtspor/tracks-v1a1/2026/07/14/17/23/57-10000.avif 200 
2026-07-14 17:24:15,117 [INFO] 
[2/14]
2026-07-14 17:24:15,117 [INFO] 🔍 beIN Sports 2 → https://atomsportv510.top/matches?id=bein-sports-2
2026-07-14 17:24:15,149 [INFO] Capturing request: https://securmar.edaesra.workers.dev/trtspor/tracks-v1a1/2026/07/14/17/24/07-10000.avif
2026-07-14 17:24:15,230 [INFO] Capturing request: https://atomsportv510.top/matches?id=bein-sports-2
2026-07-14 17:24:15,294 [INFO] Capturing response: https://atomsportv510.top/matches?id=bein-sports-2 200 
2026-07-14 17:24:15,344 [INFO] Capturing request: https://streamsport365.com/cinema
2026-07-14 17:24:15,445 [INFO] Capturing request: https://teletv5.top/load/yayinlink.php?id=bein-sports-2
2026-07-14 17:24:15,447 [INFO] Capturing request: https://atomsportv510.top/favicon.ico
2026-07-14 17:24:15,499 [INFO] Capturing response: https://atomsportv510.top/favicon.ico 200 
2026-07-14 17:24:15,681 [INFO] Capturing response: https://teletv5.top/load/yayinlink.php?id=bein-sports-2 200 
2026-07-14 17:24:15,721 [INFO] Capturing response: https://streamsport365.com/cinema 200 
2026-07-14 17:24:15,845 [INFO] Capturing request: https://hlsssssssssssss.edaesra.workers.dev/https://corestream.macsitesi.help//bein2/tracks-v1a1/mono.m3u8
2026-07-14 17:24:16,040 [INFO] Capturing response: https://securmar.edaesra.workers.dev/trtspor/tracks-v1a1/2026/07/14/17/24/07-10000.avif 200 
2026-07-14 17:24:16,050 [INFO] Capturing response: https://hlsssssssssssss.edaesra.workers.dev/https://corestream.macsitesi.help//bein2/tracks-v1a1/mono.m3u8 404 
2026-07-14 17:24:18,360 [INFO]   ✅ M3U8 bulundu: https://hlsssssssssssss.edaesra.workers.dev/https://corestream.macsitesi.help//bein2/tracks-v1a1/mono.m3u8
2026-07-14 17:24:19,361 [INFO] 
[3/14]
2026-07-14 17:24:19,361 [INFO] 🔍 beIN Sports 3 → https://atomsportv510.top/matches?id=bein-sports-3
2026-07-14 17:24:19,471 [INFO] Capturing request: https://atomsportv510.top/matches?id=bein-sports-3
2026-07-14 17:24:19,518 [INFO] Capturing response: https://atomsportv510.top/matches?id=bein-sports-3 200 
2026-07-14 17:24:19,676 [INFO] Capturing request: https://teletv5.top/load/yayinlink.php?id=bein-sports-3
2026-07-14 17:24:19,678 [INFO] Capturing request: https://atomsportv510.top/favicon.ico
2026-07-14 17:24:19,725 [INFO] Capturing response: https://atomsportv510.top/favicon.ico 200 
2026-07-14 17:24:19,833 [INFO] Capturing request: https://streamsport365.com/cinema
2026-07-14 17:24:20,199 [INFO] Capturing response: https://streamsport365.com/cinema 200 
2026-07-14 17:24:20,622 [INFO] Capturing response: https://teletv5.top/load/yayinlink.php?id=bein-sports-3 200 
2026-07-14 17:24:20,742 [INFO] Capturing request: https://hlsssssssssssss.edaesra.workers.dev/https://corestream.macsitesi.help//trtspor/tracks-v1a1/mono.m3u8
2026-07-14 17:24:20,932 [INFO] Capturing response: https://hlsssssssssssss.edaesra.workers.dev/https://corestream.macsitesi.help//trtspor/tracks-v1a1/mono.m3u8 200 
2026-07-14 17:24:21,041 [INFO] Capturing request: https://securmar.edaesra.workers.dev/trtspor/tracks-v1a1/2026/07/14/17/23/57-10000.avif
2026-07-14 17:24:21,616 [INFO] Capturing response: https://securmar.edaesra.workers.dev/trtspor/tracks-v1a1/2026/07/14/17/23/57-10000.avif 200 
2026-07-14 17:24:21,880 [INFO] Capturing request: https://securmar.edaesra.workers.dev/trtspor/tracks-v1a1/2026/07/14/17/24/07-10000.avif
2026-07-14 17:24:22,511 [INFO] Capturing response: https://securmar.edaesra.workers.dev/trtspor/tracks-v1a1/2026/07/14/17/24/07-10000.avif 200 
2026-07-14 17:24:22,600 [INFO]   ✅ M3U8 bulundu: https://hlsssssssssssss.edaesra.workers.dev/https://corestream.macsitesi.help//trtspor/tracks-v1a1/mono.m3u8
2026-07-14 17:24:22,792 [INFO] Capturing request: https://securmar.edaesra.workers.dev/trtspor/tracks-v1a1/2026/07/14/17/24/17-10000.avif
2026-07-14 17:24:23,380 [INFO] Capturing response: https://securmar.edaesra.workers.dev/trtspor/tracks-v1a1/2026/07/14/17/24/17-10000.avif 200 
2026-07-14 17:24:23,600 [INFO] 
[4/14]
2026-07-14 17:24:23,600 [INFO] 🔍 beIN Sports 4 → https://atomsportv510.top/matches?id=bein-sports-4
2026-07-14 17:24:23,711 [INFO] Capturing request: https://atomsportv510.top/matches?id=bein-sports-4
2026-07-14 17:24:23,765 [INFO] Capturing response: https://atomsportv510.top/matches?id=bein-sports-4 200 
2026-07-14 17:24:23,796 [INFO] Capturing request: https://streamsport365.com/cinema
2026-07-14 17:24:23,892 [INFO] Capturing request: https://teletv5.top/load/yayinlink.php?id=bein-sports-4
2026-07-14 17:24:23,899 [INFO] Capturing request: https://atomsportv510.top/favicon.ico
2026-07-14 17:24:23,950 [INFO] Capturing response: https://atomsportv510.top/favicon.ico 200 
2026-07-14 17:24:24,120 [INFO] Capturing response: https://teletv5.top/load/yayinlink.php?id=bein-sports-4 200 
2026-07-14 17:24:24,172 [INFO] Capturing response: https://streamsport365.com/cinema 200 
2026-07-14 17:24:24,291 [INFO] Capturing request: https://hlsssssssssssss.edaesra.workers.dev/https://corestream.macsitesi.help//bein2/tracks-v1a1/mono.m3u8
2026-07-14 17:24:24,481 [INFO] Capturing response: https://hlsssssssssssss.edaesra.workers.dev/https://corestream.macsitesi.help//bein2/tracks-v1a1/mono.m3u8 404 
2026-07-14 17:24:26,813 [INFO]   ✅ M3U8 bulundu: https://hlsssssssssssss.edaesra.workers.dev/https://corestream.macsitesi.help//bein2/tracks-v1a1/mono.m3u8
2026-07-14 17:24:27,813 [INFO] 
[5/14]
2026-07-14 17:24:27,813 [INFO] 🔍 beIN Sports 5 → https://atomsportv510.top/matches?id=bein-sports-5
2026-07-14 17:24:27,921 [INFO] Capturing request: https://atomsportv510.top/matches?id=bein-sports-5
2026-07-14 17:24:27,974 [INFO] Capturing response: https://atomsportv510.top/matches?id=bein-sports-5 200 
2026-07-14 17:24:28,104 [INFO] Capturing request: https://teletv5.top/load/yayinlink.php?id=bein-sports-5
2026-07-14 17:24:28,105 [INFO] Capturing request: https://atomsportv510.top/favicon.ico
2026-07-14 17:24:28,160 [INFO] Capturing response: https://atomsportv510.top/favicon.ico 200 
2026-07-14 17:24:28,266 [INFO] Capturing request: https://streamsport365.com/cinema
2026-07-14 17:24:28,339 [INFO] Capturing response: https://teletv5.top/load/yayinlink.php?id=bein-sports-5 200 
2026-07-14 17:24:28,649 [INFO] Capturing response: https://streamsport365.com/cinema 200 
2026-07-14 17:24:28,766 [INFO] Capturing request: https://hlsssssssssssss.edaesra.workers.dev/https://corestream.macsitesi.help//bein2/tracks-v1a1/mono.m3u8
2026-07-14 17:24:28,960 [INFO] Capturing response: https://hlsssssssssssss.edaesra.workers.dev/https://corestream.macsitesi.help//bein2/tracks-v1a1/mono.m3u8 404 
2026-07-14 17:24:31,017 [INFO]   ✅ M3U8 bulundu: https://hlsssssssssssss.edaesra.workers.dev/https://corestream.macsitesi.help//bein2/tracks-v1a1/mono.m3u8
2026-07-14 17:24:32,018 [INFO] 
[6/14]
2026-07-14 17:24:32,018 [INFO] 🔍 beIN Sports Max 1 → https://atomsportv510.top/matches?id=bein-sports-max-1
2026-07-14 17:24:32,128 [INFO] Capturing request: https://atomsportv510.top/matches?id=bein-sports-max-1
2026-07-14 17:24:32,185 [INFO] Capturing response: https://atomsportv510.top/matches?id=bein-sports-max-1 200 
2026-07-14 17:24:32,210 [INFO] Capturing request: https://streamsport365.com/cinema
2026-07-14 17:24:32,315 [INFO] Capturing request: https://atomsportv510.top/favicon.ico
2026-07-14 17:24:32,317 [INFO] Capturing request: https://teletv5.top/load/yayinlink.php?id=bein-sports-max-1
2026-07-14 17:24:32,363 [INFO] Capturing response: https://atomsportv510.top/favicon.ico 200 
2026-07-14 17:24:32,546 [INFO] Capturing response: https://teletv5.top/load/yayinlink.php?id=bein-sports-max-1 200 
2026-07-14 17:24:32,579 [INFO] Capturing response: https://streamsport365.com/cinema 200 
2026-07-14 17:24:32,706 [INFO] Capturing request: https://hlsssssssssssss.edaesra.workers.dev/https://corestream.macsitesi.help//trtspor/tracks-v1a1/mono.m3u8
2026-07-14 17:24:32,908 [INFO] Capturing response: https://hlsssssssssssss.edaesra.workers.dev/https://corestream.macsitesi.help//trtspor/tracks-v1a1/mono.m3u8 200 
2026-07-14 17:24:33,058 [INFO] Capturing request: https://securmar.edaesra.workers.dev/trtspor/tracks-v1a1/2026/07/14/17/24/07-10000.avif
2026-07-14 17:24:33,686 [INFO] Capturing response: https://securmar.edaesra.workers.dev/trtspor/tracks-v1a1/2026/07/14/17/24/07-10000.avif 200 
2026-07-14 17:24:33,968 [INFO] Capturing request: https://securmar.edaesra.workers.dev/trtspor/tracks-v1a1/2026/07/14/17/24/17-10000.avif
2026-07-14 17:24:34,406 [INFO] Capturing response: https://securmar.edaesra.workers.dev/trtspor/tracks-v1a1/2026/07/14/17/24/17-10000.avif 200 
2026-07-14 17:24:34,618 [INFO] Capturing request: https://securmar.edaesra.workers.dev/trtspor/tracks-v1a1/2026/07/14/17/24/27-10000.avif
2026-07-14 17:24:35,186 [INFO] Capturing response: https://securmar.edaesra.workers.dev/trtspor/tracks-v1a1/2026/07/14/17/24/27-10000.avif 200 
2026-07-14 17:24:35,246 [INFO]   ✅ M3U8 bulundu: https://hlsssssssssssss.edaesra.workers.dev/https://corestream.macsitesi.help//trtspor/tracks-v1a1/mono.m3u8
2026-07-14 17:24:36,247 [INFO] 
[7/14]
2026-07-14 17:24:36,247 [INFO] 🔍 beIN Sports Max 2 → https://atomsportv510.top/matches?id=bein-sports-max-2
2026-07-14 17:24:36,357 [INFO] Capturing request: https://atomsportv510.top/matches?id=bein-sports-max-2
2026-07-14 17:24:36,411 [INFO] Capturing response: https://atomsportv510.top/matches?id=bein-sports-max-2 200 
2026-07-14 17:24:36,546 [INFO] Capturing request: https://teletv5.top/load/yayinlink.php?id=bein-sports-max-2
2026-07-14 17:24:36,547 [INFO] Capturing request: https://atomsportv510.top/favicon.ico
2026-07-14 17:24:36,597 [INFO] Capturing response: https://atomsportv510.top/favicon.ico 200 
2026-07-14 17:24:36,703 [INFO] Capturing request: https://streamsport365.com/cinema
2026-07-14 17:24:36,777 [INFO] Capturing response: https://teletv5.top/load/yayinlink.php?id=bein-sports-max-2 200 
2026-07-14 17:24:37,065 [INFO] Capturing response: https://streamsport365.com/cinema 200 
2026-07-14 17:24:37,185 [INFO] Capturing request: https://hlsssssssssssss.edaesra.workers.dev/https://corestream.macsitesi.help//trtspor/tracks-v1a1/mono.m3u8
2026-07-14 17:24:37,372 [INFO] Capturing response: https://hlsssssssssssss.edaesra.workers.dev/https://corestream.macsitesi.help//trtspor/tracks-v1a1/mono.m3u8 200 
2026-07-14 17:24:37,482 [INFO] Capturing request: https://securmar.edaesra.workers.dev/trtspor/tracks-v1a1/2026/07/14/17/24/17-10000.avif
2026-07-14 17:24:37,911 [INFO] Capturing response: https://securmar.edaesra.workers.dev/trtspor/tracks-v1a1/2026/07/14/17/24/17-10000.avif 200 
2026-07-14 17:24:38,122 [INFO] Capturing request: https://securmar.edaesra.workers.dev/trtspor/tracks-v1a1/2026/07/14/17/24/27-10000.avif
2026-07-14 17:24:38,548 [INFO] Capturing response: https://securmar.edaesra.workers.dev/trtspor/tracks-v1a1/2026/07/14/17/24/27-10000.avif 200 
2026-07-14 17:24:38,784 [INFO] Capturing request: https://securmar.edaesra.workers.dev/trtspor/tracks-v1a1/2026/07/14/17/24/37-10000.avif
2026-07-14 17:24:39,412 [INFO] Capturing response: https://securmar.edaesra.workers.dev/trtspor/tracks-v1a1/2026/07/14/17/24/37-10000.avif 200 
2026-07-14 17:24:39,477 [INFO]   ✅ M3U8 bulundu: https://hlsssssssssssss.edaesra.workers.dev/https://corestream.macsitesi.help//trtspor/tracks-v1a1/mono.m3u8
2026-07-14 17:24:40,478 [INFO] 
[8/14]
2026-07-14 17:24:40,478 [INFO] 🔍 S Sport → https://atomsportv510.top/matches?id=s-sport
2026-07-14 17:24:40,589 [INFO] Capturing request: https://atomsportv510.top/matches?id=s-sport
2026-07-14 17:24:41,103 [INFO] Capturing request: https://android.clients.google.com/c2dm/register3
2026-07-14 17:24:41,137 [INFO] Capturing response: https://android.clients.google.com/c2dm/register3 301 
2026-07-14 17:24:41,227 [INFO] Capturing response: https://atomsportv510.top/matches?id=s-sport 200 
2026-07-14 17:24:41,262 [INFO] Capturing request: https://streamsport365.com/cinema
2026-07-14 17:24:41,360 [INFO] Capturing request: https://teletv5.top/load/yayinlink.php?id=s-sport
2026-07-14 17:24:41,362 [INFO] Capturing request: https://atomsportv510.top/favicon.ico
2026-07-14 17:24:41,413 [INFO] Capturing response: https://atomsportv510.top/favicon.ico 200 
2026-07-14 17:24:41,588 [INFO] Capturing response: https://teletv5.top/load/yayinlink.php?id=s-sport 200 
2026-07-14 17:24:41,632 [INFO] Capturing response: https://streamsport365.com/cinema 200 
2026-07-14 17:24:41,751 [INFO] Capturing request: https://hlsssssssssssss.edaesra.workers.dev/https://corestream.macsitesi.help//s-sportt/tracks-v1a1/mono.m3u8
2026-07-14 17:24:41,950 [INFO] Capturing response: https://hlsssssssssssss.edaesra.workers.dev/https://corestream.macsitesi.help//s-sportt/tracks-v1a1/mono.m3u8 404 
2026-07-14 17:24:44,275 [INFO]   ✅ M3U8 bulundu: https://hlsssssssssssss.edaesra.workers.dev/https://corestream.macsitesi.help//s-sportt/tracks-v1a1/mono.m3u8
2026-07-14 17:24:45,275 [INFO] 
[9/14]
2026-07-14 17:24:45,275 [INFO] 🔍 S Sport 2 → https://atomsportv510.top/matches?id=s-sport-2
2026-07-14 17:24:45,383 [INFO] Capturing request: https://atomsportv510.top/matches?id=s-sport-2
2026-07-14 17:24:45,435 [INFO] Capturing response: https://atomsportv510.top/matches?id=s-sport-2 200 
2026-07-14 17:24:45,567 [INFO] Capturing request: https://atomsportv510.top/favicon.ico
2026-07-14 17:24:45,568 [INFO] Capturing request: https://teletv5.top/load/yayinlink.php?id=s-sport-2
2026-07-14 17:24:45,610 [INFO] Capturing response: https://atomsportv510.top/favicon.ico 200 
2026-07-14 17:24:45,727 [INFO] Capturing request: https://streamsport365.com/cinema
2026-07-14 17:24:45,801 [INFO] Capturing response: https://teletv5.top/load/yayinlink.php?id=s-sport-2 200 
2026-07-14 17:24:46,093 [INFO] Capturing response: https://streamsport365.com/cinema 200 
2026-07-14 17:24:46,212 [INFO] Capturing request: https://hlsssssssssssss.edaesra.workers.dev/https://corestream.macsitesi.help//s-sport2/tracks-v1a1/mono.m3u8
2026-07-14 17:24:46,417 [INFO] Capturing response: https://hlsssssssssssss.edaesra.workers.dev/https://corestream.macsitesi.help//s-sport2/tracks-v1a1/mono.m3u8 404 
2026-07-14 17:24:48,483 [INFO]   ✅ M3U8 bulundu: https://hlsssssssssssss.edaesra.workers.dev/https://corestream.macsitesi.help//s-sport2/tracks-v1a1/mono.m3u8
2026-07-14 17:24:49,483 [INFO] 
[10/14]
2026-07-14 17:24:49,483 [INFO] 🔍 A Spor → https://atomsportv510.top/matches?id=a-spor
2026-07-14 17:24:49,592 [INFO] Capturing request: https://atomsportv510.top/matches?id=a-spor
2026-07-14 17:24:49,638 [INFO] Capturing response: https://atomsportv510.top/matches?id=a-spor 200 
2026-07-14 17:24:49,668 [INFO] Capturing request: https://streamsport365.com/cinema
2026-07-14 17:24:49,769 [INFO] Capturing request: https://teletv5.top/load/yayinlink.php?id=a-spor
2026-07-14 17:24:49,773 [INFO] Capturing request: https://atomsportv510.top/favicon.ico
2026-07-14 17:24:49,813 [INFO] Capturing response: https://atomsportv510.top/favicon.ico 200 
2026-07-14 17:24:49,998 [INFO] Capturing response: https://teletv5.top/load/yayinlink.php?id=a-spor 200 
2026-07-14 17:24:50,039 [INFO] Capturing response: https://streamsport365.com/cinema 200 
2026-07-14 17:24:50,158 [INFO] Capturing request: https://hlsssssssssssss.edaesra.workers.dev/https://corestream.macsitesi.help//aspor/tracks-v1a1/mono.m3u8
2026-07-14 17:24:50,344 [INFO] Capturing response: https://hlsssssssssssss.edaesra.workers.dev/https://corestream.macsitesi.help//aspor/tracks-v1a1/mono.m3u8 404 
2026-07-14 17:24:52,688 [INFO]   ✅ M3U8 bulundu: https://hlsssssssssssss.edaesra.workers.dev/https://corestream.macsitesi.help//aspor/tracks-v1a1/mono.m3u8
2026-07-14 17:24:53,688 [INFO] 
[11/14]
2026-07-14 17:24:53,689 [INFO] 🔍 Tivibu Spor 1 → https://atomsportv510.top/matches?id=tivibu-spor-1
2026-07-14 17:24:53,796 [INFO] Capturing request: https://atomsportv510.top/matches?id=tivibu-spor-1
2026-07-14 17:24:53,848 [INFO] Capturing response: https://atomsportv510.top/matches?id=tivibu-spor-1 200 
2026-07-14 17:24:53,977 [INFO] Capturing request: https://teletv5.top/load/yayinlink.php?id=tivibu-spor-1
2026-07-14 17:24:53,982 [INFO] Capturing request: https://atomsportv510.top/favicon.ico
2026-07-14 17:24:54,029 [INFO] Capturing response: https://atomsportv510.top/favicon.ico 200 
2026-07-14 17:24:54,139 [INFO] Capturing request: https://streamsport365.com/cinema
2026-07-14 17:24:54,209 [INFO] Capturing response: https://teletv5.top/load/yayinlink.php?id=tivibu-spor-1 200 
2026-07-14 17:24:54,500 [INFO] Capturing response: https://streamsport365.com/cinema 200 
2026-07-14 17:24:54,619 [INFO] Capturing request: https://hlsssssssssssss.edaesra.workers.dev/https://corestream.macsitesi.help//trtspor/tracks-v1a1/mono.m3u8
2026-07-14 17:24:54,817 [INFO] Capturing response: https://hlsssssssssssss.edaesra.workers.dev/https://corestream.macsitesi.help//trtspor/tracks-v1a1/mono.m3u8 200 
2026-07-14 17:24:54,927 [INFO] Capturing request: https://securmar.edaesra.workers.dev/trtspor/tracks-v1a1/2026/07/14/17/24/27-10000.avif
2026-07-14 17:24:55,343 [INFO] Capturing response: https://securmar.edaesra.workers.dev/trtspor/tracks-v1a1/2026/07/14/17/24/27-10000.avif 200 
2026-07-14 17:24:55,583 [INFO] Capturing request: https://securmar.edaesra.workers.dev/trtspor/tracks-v1a1/2026/07/14/17/24/37-10000.avif
2026-07-14 17:24:56,026 [INFO] Capturing response: https://securmar.edaesra.workers.dev/trtspor/tracks-v1a1/2026/07/14/17/24/37-10000.avif 200 
2026-07-14 17:24:56,289 [INFO] Capturing request: https://securmar.edaesra.workers.dev/trtspor/tracks-v1a1/2026/07/14/17/24/47-10000.avif
2026-07-14 17:24:56,902 [INFO]   ✅ M3U8 bulundu: https://hlsssssssssssss.edaesra.workers.dev/https://corestream.macsitesi.help//trtspor/tracks-v1a1/mono.m3u8
2026-07-14 17:24:57,448 [INFO] Capturing response: https://securmar.edaesra.workers.dev/trtspor/tracks-v1a1/2026/07/14/17/24/47-10000.avif 200 
2026-07-14 17:24:57,902 [INFO] 
[12/14]
2026-07-14 17:24:57,902 [INFO] 🔍 Tivibu Spor 2 → https://atomsportv510.top/matches?id=tivibu-spor-2
2026-07-14 17:24:58,012 [INFO] Capturing request: https://atomsportv510.top/matches?id=tivibu-spor-2
2026-07-14 17:24:58,064 [INFO] Capturing response: https://atomsportv510.top/matches?id=tivibu-spor-2 200 
2026-07-14 17:24:58,093 [INFO] Capturing request: https://streamsport365.com/cinema
2026-07-14 17:24:58,196 [INFO] Capturing request: https://teletv5.top/load/yayinlink.php?id=tivibu-spor-2
2026-07-14 17:24:58,198 [INFO] Capturing request: https://atomsportv510.top/favicon.ico
2026-07-14 17:24:58,241 [INFO] Capturing response: https://atomsportv510.top/favicon.ico 200 
2026-07-14 17:24:58,425 [INFO] Capturing response: https://teletv5.top/load/yayinlink.php?id=tivibu-spor-2 200 
2026-07-14 17:24:58,460 [INFO] Capturing response: https://streamsport365.com/cinema 200 
2026-07-14 17:24:58,584 [INFO] Capturing request: https://hlsssssssssssss.edaesra.workers.dev/https://corestream.macsitesi.help//trtspor/tracks-v1a1/mono.m3u8
2026-07-14 17:24:58,783 [INFO] Capturing response: https://hlsssssssssssss.edaesra.workers.dev/https://corestream.macsitesi.help//trtspor/tracks-v1a1/mono.m3u8 200 
2026-07-14 17:24:58,933 [INFO] Capturing request: https://securmar.edaesra.workers.dev/trtspor/tracks-v1a1/2026/07/14/17/24/37-10000.avif
2026-07-14 17:24:59,385 [INFO] Capturing response: https://securmar.edaesra.workers.dev/trtspor/tracks-v1a1/2026/07/14/17/24/37-10000.avif 200 
2026-07-14 17:24:59,602 [INFO] Capturing request: https://securmar.edaesra.workers.dev/trtspor/tracks-v1a1/2026/07/14/17/24/47-10000.avif
2026-07-14 17:25:00,231 [INFO] Capturing response: https://securmar.edaesra.workers.dev/trtspor/tracks-v1a1/2026/07/14/17/24/47-10000.avif 200 
2026-07-14 17:25:00,508 [INFO] Capturing request: https://securmar.edaesra.workers.dev/trtspor/tracks-v1a1/2026/07/14/17/24/57-10000.avif
2026-07-14 17:25:01,115 [INFO]   ✅ M3U8 bulundu: https://hlsssssssssssss.edaesra.workers.dev/https://corestream.macsitesi.help//trtspor/tracks-v1a1/mono.m3u8
2026-07-14 17:25:01,121 [INFO] Capturing response: https://securmar.edaesra.workers.dev/trtspor/tracks-v1a1/2026/07/14/17/24/57-10000.avif 200 
2026-07-14 17:25:02,115 [INFO] 
[13/14]
2026-07-14 17:25:02,115 [INFO] 🔍 Tivibu Spor 3 → https://atomsportv510.top/matches?id=tivibu-spor-3
2026-07-14 17:25:02,226 [INFO] Capturing request: https://atomsportv510.top/matches?id=tivibu-spor-3
2026-07-14 17:25:02,283 [INFO] Capturing response: https://atomsportv510.top/matches?id=tivibu-spor-3 200 
2026-07-14 17:25:02,417 [INFO] Capturing request: https://teletv5.top/load/yayinlink.php?id=tivibu-spor-3
2026-07-14 17:25:02,420 [INFO] Capturing request: https://atomsportv510.top/favicon.ico
2026-07-14 17:25:02,475 [INFO] Capturing response: https://atomsportv510.top/favicon.ico 200 
2026-07-14 17:25:02,578 [INFO] Capturing request: https://streamsport365.com/cinema
2026-07-14 17:25:02,836 [INFO] Capturing response: https://teletv5.top/load/yayinlink.php?id=tivibu-spor-3 200 
2026-07-14 17:25:02,954 [INFO] Capturing response: https://streamsport365.com/cinema 200 
2026-07-14 17:25:03,073 [INFO] Capturing request: https://hlsssssssssssss.edaesra.workers.dev/https://corestream.macsitesi.help//trtspor/tracks-v1a1/mono.m3u8
2026-07-14 17:25:03,265 [INFO] Capturing response: https://hlsssssssssssss.edaesra.workers.dev/https://corestream.macsitesi.help//trtspor/tracks-v1a1/mono.m3u8 200 
2026-07-14 17:25:03,374 [INFO] Capturing request: https://securmar.edaesra.workers.dev/trtspor/tracks-v1a1/2026/07/14/17/24/37-10000.avif
2026-07-14 17:25:03,825 [INFO] Capturing response: https://securmar.edaesra.workers.dev/trtspor/tracks-v1a1/2026/07/14/17/24/37-10000.avif 200 
2026-07-14 17:25:04,039 [INFO] Capturing request: https://securmar.edaesra.workers.dev/trtspor/tracks-v1a1/2026/07/14/17/24/47-10000.avif
2026-07-14 17:25:04,658 [INFO] Capturing response: https://securmar.edaesra.workers.dev/trtspor/tracks-v1a1/2026/07/14/17/24/47-10000.avif 200 
2026-07-14 17:25:04,938 [INFO] Capturing request: https://securmar.edaesra.workers.dev/trtspor/tracks-v1a1/2026/07/14/17/24/57-10000.avif
2026-07-14 17:25:05,339 [INFO]   ✅ M3U8 bulundu: https://hlsssssssssssss.edaesra.workers.dev/https://corestream.macsitesi.help//trtspor/tracks-v1a1/mono.m3u8
2026-07-14 17:25:05,410 [INFO] Capturing response: https://securmar.edaesra.workers.dev/trtspor/tracks-v1a1/2026/07/14/17/24/57-10000.avif 200 
2026-07-14 17:25:06,339 [INFO] 
[14/14]
2026-07-14 17:25:06,339 [INFO] 🔍 Tivibu Spor 4 → https://atomsportv510.top/matches?id=tivibu-spor-4
2026-07-14 17:25:06,450 [INFO] Capturing request: https://atomsportv510.top/matches?id=tivibu-spor-4
2026-07-14 17:25:06,503 [INFO] Capturing response: https://atomsportv510.top/matches?id=tivibu-spor-4 200 
2026-07-14 17:25:06,535 [INFO] Capturing request: https://streamsport365.com/cinema
2026-07-14 17:25:06,633 [INFO] Capturing request: https://teletv5.top/load/yayinlink.php?id=tivibu-spor-4
2026-07-14 17:25:06,640 [INFO] Capturing request: https://atomsportv510.top/favicon.ico
2026-07-14 17:25:06,687 [INFO] Capturing response: https://atomsportv510.top/favicon.ico 200 
2026-07-14 17:25:06,863 [INFO] Capturing response: https://teletv5.top/load/yayinlink.php?id=tivibu-spor-4 200 
2026-07-14 17:25:06,898 [INFO] Capturing response: https://streamsport365.com/cinema 200 
2026-07-14 17:25:10,189 [INFO] Capturing request: https://update.googleapis.com/service/update2/json?cup2key=16:DbOMGyx8hggBcJkXx4sjkfqRN_j7AOn2VM7VnGutlz0&cup2hreq=afa4de46080cbb588b487da5a9313456f817569d2cf83f54abfe78b80fd51e59
2026-07-14 17:25:10,216 [INFO] Capturing response: https://update.googleapis.com/service/update2/json?cup2key=16:DbOMGyx8hggBcJkXx4sjkfqRN_j7AOn2VM7VnGutlz0&cup2hreq=afa4de46080cbb588b487da5a9313456f817569d2cf83f54abfe78b80fd51e59 200 
2026-07-14 17:25:10,223 [INFO] Capturing request: http://edgedl.me.gvt1.com/edgedl/release2/chrome_component/hswqqio6iesc34hkmmx34a3dxe_10647/hfnkpimlhhgieaddgfemjhofmfblmnib_10647_all_adk5nkl3s7ie6i5akf5z5klmmksq.crx3
2026-07-14 17:25:10,271 [INFO] Capturing response: http://edgedl.me.gvt1.com/edgedl/release2/chrome_component/hswqqio6iesc34hkmmx34a3dxe_10647/hfnkpimlhhgieaddgfemjhofmfblmnib_10647_all_adk5nkl3s7ie6i5akf5z5klmmksq.crx3 200 OK
2026-07-14 17:25:10,303 [INFO] Capturing request: https://update.googleapis.com/service/update2/json
2026-07-14 17:25:10,323 [INFO] Capturing response: https://update.googleapis.com/service/update2/json 200 
2026-07-14 17:25:10,369 [INFO] Capturing request: http://edgedl.me.gvt1.com/edgedl/diffgen-puffin/gcmjkmgdlgnkkcocmoeiminaijmmjnii/df2a22d5ecc7788c3330ebd5f856b41531c74f412a01ed7453d11284708009fe
2026-07-14 17:25:10,391 [INFO] Capturing response: http://edgedl.me.gvt1.com/edgedl/diffgen-puffin/gcmjkmgdlgnkkcocmoeiminaijmmjnii/df2a22d5ecc7788c3330ebd5f856b41531c74f412a01ed7453d11284708009fe 200 OK
2026-07-14 17:25:10,472 [INFO] Capturing request: https://update.googleapis.com/service/update2/json
2026-07-14 17:25:10,496 [INFO] Capturing response: https://update.googleapis.com/service/update2/json 200 
2026-07-14 17:25:22,587 [INFO] Capturing request: https://android.clients.google.com/c2dm/register3
2026-07-14 17:25:22,612 [INFO] Capturing response: https://android.clients.google.com/c2dm/register3 301 
2026-07-14 17:25:39,856 [WARNING]   ❌ Tivibu Spor 4 için M3U8 bulunamadı
2026-07-14 17:25:40,923 [INFO] ✅ 13 kanal bulundu, playlist.m3u kaydedildi
