2026-06-04 16:03:28,642 [INFO] 🌐 BASE_URL: https://atomsportv505.top
2026-06-04 16:03:29,304 [INFO] Başlanıyor... 14 kanal taranacak
2026-06-04 16:03:29,304 [INFO] Using default request storage
2026-06-04 16:03:29,309 [INFO] Created proxy listening on 127.0.0.1:45021
2026-06-04 16:03:29,962 [INFO] Capturing request: http://clients2.google.com/time/1/current?cup2key=10:G1TkodJvjEvyhga7vAlS2Y4SBIM71kbyaw71AcNbIFE&cup2hreq=e3b0c44298fc1c149afbf4c8996fb92427ae41e4649b934ca495991b7852b855
2026-06-04 16:03:30,015 [INFO] Capturing response: http://clients2.google.com/time/1/current?cup2key=10:G1TkodJvjEvyhga7vAlS2Y4SBIM71kbyaw71AcNbIFE&cup2hreq=e3b0c44298fc1c149afbf4c8996fb92427ae41e4649b934ca495991b7852b855 200 OK
2026-06-04 16:03:30,069 [INFO] 
[1/14]
2026-06-04 16:03:30,069 [INFO] 🔍 beIN Sports 1 → https://atomsportv505.top/matches?id=bein-sports-1
2026-06-04 16:03:30,150 [INFO] Capturing request: https://accounts.google.com/ListAccounts?gpsia=1&source=ChromiumBrowser&json=standard&laf=b64bin
2026-06-04 16:03:30,237 [INFO] Capturing request: https://atomsportv505.top/matches?id=bein-sports-1
2026-06-04 16:03:30,290 [INFO] Capturing response: https://accounts.google.com/ListAccounts?gpsia=1&source=ChromiumBrowser&json=standard&laf=b64bin 200 
2026-06-04 16:03:30,361 [INFO] Capturing response: https://atomsportv505.top/matches?id=bein-sports-1 200 
2026-06-04 16:03:30,512 [INFO] Capturing request: https://atomsportv505.top/assets/js/clappr.js
2026-06-04 16:03:30,562 [INFO] Capturing response: https://atomsportv505.top/assets/js/clappr.js 200 
2026-06-04 16:03:30,562 [INFO] Capturing request: https://cdn.jsdelivr.net/npm/@clappr/player@latest/dist/clappr.min.js
2026-06-04 16:03:30,567 [INFO] Capturing request: https://cdnjs.cloudflare.com/ajax/libs/jquery/3.2.1/jquery.min.js
2026-06-04 16:03:30,592 [INFO] Capturing response: https://cdnjs.cloudflare.com/ajax/libs/jquery/3.2.1/jquery.min.js 200 
2026-06-04 16:03:30,594 [INFO] Capturing response: https://cdn.jsdelivr.net/npm/@clappr/player@latest/dist/clappr.min.js 200 
2026-06-04 16:03:30,603 [INFO] Capturing request: https://www.google.com/async/folae?async=_fmt:pb&udm=50&client_locale=en-US
2026-06-04 16:03:30,637 [INFO] Capturing response: https://www.google.com/async/folae?async=_fmt:pb&udm=50&client_locale=en-US 200 
2026-06-04 16:03:30,796 [INFO] Capturing request: https://static.cloudflareinsights.com/beacon.min.js/v833ccba57c9e4d2798f2e76cebdd09a11778172276447
2026-06-04 16:03:30,816 [INFO] Capturing response: https://static.cloudflareinsights.com/beacon.min.js/v833ccba57c9e4d2798f2e76cebdd09a11778172276447 200 
2026-06-04 16:03:30,876 [INFO] Capturing request: https://atomsportv505.top/cdn-cgi/rum?
2026-06-04 16:03:30,978 [INFO] Capturing request: https://atomsportv505.top/favicon.ico
2026-06-04 16:03:30,986 [INFO] Capturing response: https://atomsportv505.top/cdn-cgi/rum? 204 
2026-06-04 16:03:31,084 [INFO] Capturing request: https://teletv5.top/load/yayinlink.php?id=bein-sports-1
2026-06-04 16:03:31,085 [INFO] Capturing response: https://atomsportv505.top/favicon.ico 200 
2026-06-04 16:03:31,622 [INFO] Capturing request: https://streamsport365.com/cinema
2026-06-04 16:03:31,739 [INFO] Capturing response: https://teletv5.top/load/yayinlink.php?id=bein-sports-1 200 
2026-06-04 16:03:31,980 [INFO] Capturing response: https://streamsport365.com/cinema 200 
2026-06-04 16:03:32,110 [INFO] Capturing request: https://atomsportv505.top/assets/img/player_logo_6880e4e4c52ee.png
2026-06-04 16:03:32,161 [INFO] Capturing response: https://atomsportv505.top/assets/img/player_logo_6880e4e4c52ee.png 200 
2026-06-04 16:03:32,182 [INFO] Capturing request: https://hlssssssssssssssssss.yedeklinksa35.workers.dev/https://corestream.ronaldovurdu.help//trt1/tracks-v1a1/mono.m3u8
2026-06-04 16:03:32,558 [INFO] Capturing response: https://hlssssssssssssssssss.yedeklinksa35.workers.dev/https://corestream.ronaldovurdu.help//trt1/tracks-v1a1/mono.m3u8 200 
2026-06-04 16:03:32,782 [INFO] Capturing request: https://ts.yedeklinksa35.workers.dev/trt1/tracks-v1a1/2026/06/04/16/03/18-10000.avif
2026-06-04 16:03:32,878 [INFO] Capturing request: https://android.clients.google.com/checkin
2026-06-04 16:03:32,979 [INFO] Capturing response: https://android.clients.google.com/checkin 200 
2026-06-04 16:03:33,026 [INFO] Capturing request: https://android.clients.google.com/c2dm/register3
2026-06-04 16:03:33,032 [INFO] Capturing request: https://android.clients.google.com/c2dm/register3
2026-06-04 16:03:33,035 [INFO] Capturing request: https://android.clients.google.com/c2dm/register3
2026-06-04 16:03:33,123 [INFO] Capturing response: https://android.clients.google.com/c2dm/register3 200 
2026-06-04 16:03:33,136 [INFO] Capturing response: https://android.clients.google.com/c2dm/register3 200 
2026-06-04 16:03:33,144 [INFO] Capturing response: https://android.clients.google.com/c2dm/register3 200 
2026-06-04 16:03:33,917 [INFO]   ✅ M3U8 bulundu: https://hlssssssssssssssssss.yedeklinksa35.workers.dev/https://corestream.ronaldovurdu.help//trt1/tracks-v1a1/mono.m3u8
2026-06-04 16:03:34,055 [INFO] Capturing response: https://ts.yedeklinksa35.workers.dev/trt1/tracks-v1a1/2026/06/04/16/03/18-10000.avif 200 
2026-06-04 16:03:34,317 [INFO] Capturing request: https://ts.yedeklinksa35.workers.dev/trt1/tracks-v1a1/2026/06/04/16/03/28-10000.avif
2026-06-04 16:03:34,918 [INFO] 
[2/14]
2026-06-04 16:03:34,918 [INFO] 🔍 beIN Sports 2 → https://atomsportv505.top/matches?id=bein-sports-2
2026-06-04 16:03:35,013 [INFO] Capturing response: https://ts.yedeklinksa35.workers.dev/trt1/tracks-v1a1/2026/06/04/16/03/28-10000.avif 200 
2026-06-04 16:03:35,031 [INFO] Capturing request: https://atomsportv505.top/matches?id=bein-sports-2
2026-06-04 16:03:35,073 [INFO] Capturing response: https://atomsportv505.top/matches?id=bein-sports-2 200 
2026-06-04 16:03:35,100 [INFO] Capturing request: https://atomsportv505.top/cdn-cgi/rum?
2026-06-04 16:03:35,139 [INFO] Capturing request: https://streamsport365.com/cinema
2026-06-04 16:03:35,146 [INFO] Capturing request: https://atomsportv505.top/cdn-cgi/rum?
2026-06-04 16:03:35,240 [INFO] Capturing request: https://teletv5.top/load/yayinlink.php?id=bein-sports-2
2026-06-04 16:03:35,246 [INFO] Capturing request: https://atomsportv505.top/favicon.ico
2026-06-04 16:03:35,251 [INFO] Capturing response: https://atomsportv505.top/cdn-cgi/rum? 204 
2026-06-04 16:03:35,277 [INFO] Capturing response: https://atomsportv505.top/favicon.ico 200 
2026-06-04 16:03:35,295 [INFO] Capturing response: https://atomsportv505.top/cdn-cgi/rum? 204 
2026-06-04 16:03:35,514 [INFO] Capturing response: https://streamsport365.com/cinema 200 
2026-06-04 16:03:35,656 [INFO] Capturing response: https://teletv5.top/load/yayinlink.php?id=bein-sports-2 200 
2026-06-04 16:03:35,776 [INFO] Capturing request: https://hlssssssssssssssssss.yedeklinksa35.workers.dev/https://corestream.ronaldovurdu.help//bein2/tracks-v1a1/mono.m3u8
2026-06-04 16:03:35,973 [INFO] Capturing response: https://hlssssssssssssssssss.yedeklinksa35.workers.dev/https://corestream.ronaldovurdu.help//bein2/tracks-v1a1/mono.m3u8 200 
2026-06-04 16:03:36,082 [INFO] Capturing request: https://ts.yedeklinksa35.workers.dev/bein2/tracks-v1a1/2026/06/04/16/03/03-10000.avif
2026-06-04 16:03:37,362 [INFO] Capturing response: https://ts.yedeklinksa35.workers.dev/bein2/tracks-v1a1/2026/06/04/16/03/03-10000.avif 200 
2026-06-04 16:03:37,621 [INFO] Capturing request: https://ts.yedeklinksa35.workers.dev/bein2/tracks-v1a1/2026/06/04/16/03/13-10000.avif
2026-06-04 16:03:38,187 [INFO]   ✅ M3U8 bulundu: https://hlssssssssssssssssss.yedeklinksa35.workers.dev/https://corestream.ronaldovurdu.help//bein2/tracks-v1a1/mono.m3u8
2026-06-04 16:03:38,371 [INFO] Capturing response: https://ts.yedeklinksa35.workers.dev/bein2/tracks-v1a1/2026/06/04/16/03/13-10000.avif 200 
2026-06-04 16:03:38,620 [INFO] Capturing request: https://ts.yedeklinksa35.workers.dev/bein2/tracks-v1a1/2026/06/04/16/03/23-10000.avif
2026-06-04 16:03:39,187 [INFO] 
[3/14]
2026-06-04 16:03:39,188 [INFO] 🔍 beIN Sports 3 → https://atomsportv505.top/matches?id=bein-sports-3
2026-06-04 16:03:39,331 [INFO] Capturing request: https://atomsportv505.top/assets/js/clappr.js
2026-06-04 16:03:39,335 [INFO] Capturing request: https://atomsportv505.top/matches?id=bein-sports-3
2026-06-04 16:03:39,361 [INFO] Capturing response: https://atomsportv505.top/assets/js/clappr.js 200 
2026-06-04 16:03:39,379 [INFO] Capturing response: https://ts.yedeklinksa35.workers.dev/bein2/tracks-v1a1/2026/06/04/16/03/23-10000.avif 200 
2026-06-04 16:03:39,391 [INFO] Capturing response: https://atomsportv505.top/matches?id=bein-sports-3 200 
2026-06-04 16:03:39,411 [INFO] Capturing request: https://atomsportv505.top/cdn-cgi/rum?
2026-06-04 16:03:39,446 [INFO] Capturing request: https://atomsportv505.top/cdn-cgi/rum?
2026-06-04 16:03:39,448 [INFO] 127.0.0.1:44788: ProtocolException("Error in HTTP connection: Http2ZombieException('Connection or stream already dead: 1780589019.447019, False')")
2026-06-04 16:03:39,543 [INFO] Capturing request: https://teletv5.top/load/yayinlink.php?id=bein-sports-3
2026-06-04 16:03:39,547 [INFO] Capturing response: https://atomsportv505.top/cdn-cgi/rum? 204 
2026-06-04 16:03:39,551 [INFO] Capturing request: https://atomsportv505.top/favicon.ico
2026-06-04 16:03:39,589 [INFO] Capturing response: https://atomsportv505.top/favicon.ico 200 
2026-06-04 16:03:39,596 [INFO] Capturing response: https://atomsportv505.top/cdn-cgi/rum? 204 
2026-06-04 16:03:39,697 [INFO] Capturing request: https://streamsport365.com/cinema
2026-06-04 16:03:39,765 [INFO] Capturing response: https://teletv5.top/load/yayinlink.php?id=bein-sports-3 200 
2026-06-04 16:03:40,068 [INFO] Capturing response: https://streamsport365.com/cinema 200 
2026-06-04 16:03:55,261 [INFO] Capturing request: https://android.clients.google.com/c2dm/register3
2026-06-04 16:03:56,175 [INFO] Capturing response: https://android.clients.google.com/c2dm/register3 200 
2026-06-04 16:03:56,893 [INFO] Capturing request: https://android.clients.google.com/c2dm/register3
2026-06-04 16:03:57,449 [INFO] Capturing response: https://android.clients.google.com/c2dm/register3 200 
2026-06-04 16:04:02,352 [INFO] Capturing request: https://android.clients.google.com/c2dm/register3
2026-06-04 16:04:02,446 [INFO] Capturing response: https://android.clients.google.com/c2dm/register3 301 
2026-06-04 16:04:12,765 [WARNING]   ❌ beIN Sports 3 için M3U8 bulunamadı
2026-06-04 16:04:13,765 [INFO] 
[4/14]
2026-06-04 16:04:13,765 [INFO] 🔍 beIN Sports 4 → https://atomsportv505.top/matches?id=bein-sports-4
2026-06-04 16:04:13,873 [INFO] Capturing request: https://atomsportv505.top/assets/js/clappr.js
2026-06-04 16:04:13,876 [INFO] Capturing request: https://atomsportv505.top/matches?id=bein-sports-4
2026-06-04 16:04:13,895 [INFO] Capturing response: https://atomsportv505.top/assets/js/clappr.js 200 
2026-06-04 16:04:14,562 [INFO] Capturing response: https://atomsportv505.top/matches?id=bein-sports-4 200 
2026-06-04 16:04:14,574 [INFO] Capturing request: https://atomsportv505.top/cdn-cgi/rum?
2026-06-04 16:04:14,604 [INFO] Capturing request: https://atomsportv505.top/cdn-cgi/rum?
2026-06-04 16:04:14,681 [INFO] Capturing response: https://atomsportv505.top/cdn-cgi/rum? 204 
2026-06-04 16:04:14,702 [INFO] Capturing request: https://teletv5.top/load/yayinlink.php?id=bein-sports-4
2026-06-04 16:04:14,704 [INFO] Capturing request: https://atomsportv505.top/favicon.ico
2026-06-04 16:04:14,736 [INFO] Capturing response: https://atomsportv505.top/favicon.ico 200 
2026-06-04 16:04:14,753 [INFO] Capturing response: https://atomsportv505.top/cdn-cgi/rum? 204 
2026-06-04 16:04:14,859 [INFO] Capturing request: https://streamsport365.com/cinema
2026-06-04 16:04:14,932 [INFO] Capturing response: https://teletv5.top/load/yayinlink.php?id=bein-sports-4 200 
2026-06-04 16:04:15,219 [INFO] Capturing response: https://streamsport365.com/cinema 200 
2026-06-04 16:04:30,016 [INFO] Capturing request: https://update.googleapis.com/service/update2/json?cup2key=16:Io_k8k12R3V5R9AbI2SOaaO0M5GdpQdjhiwIvh2gwrM&cup2hreq=1d03aa90246e56bfba0cc3f0828e40f92aabddd14a4cfc0e8c34b6e313f15ca2
2026-06-04 16:04:30,047 [INFO] Capturing response: https://update.googleapis.com/service/update2/json?cup2key=16:Io_k8k12R3V5R9AbI2SOaaO0M5GdpQdjhiwIvh2gwrM&cup2hreq=1d03aa90246e56bfba0cc3f0828e40f92aabddd14a4cfc0e8c34b6e313f15ca2 200 
2026-06-04 16:04:47,879 [WARNING]   ❌ beIN Sports 4 için M3U8 bulunamadı
2026-06-04 16:04:48,879 [INFO] 
[5/14]
2026-06-04 16:04:48,879 [INFO] 🔍 beIN Sports 5 → https://atomsportv505.top/matches?id=bein-sports-5
2026-06-04 16:04:48,989 [INFO] Capturing request: https://atomsportv505.top/assets/js/clappr.js
2026-06-04 16:04:48,991 [INFO] Capturing request: https://atomsportv505.top/matches?id=bein-sports-5
2026-06-04 16:04:49,012 [INFO] Capturing response: https://atomsportv505.top/assets/js/clappr.js 200 
2026-06-04 16:04:49,362 [INFO] Capturing response: https://atomsportv505.top/matches?id=bein-sports-5 200 
2026-06-04 16:04:49,373 [INFO] Capturing request: https://atomsportv505.top/cdn-cgi/rum?
2026-06-04 16:04:49,418 [INFO] Capturing request: https://atomsportv505.top/cdn-cgi/rum?
2026-06-04 16:04:49,481 [INFO] Capturing response: https://atomsportv505.top/cdn-cgi/rum? 204 
2026-06-04 16:04:49,500 [INFO] Capturing request: https://teletv5.top/load/yayinlink.php?id=bein-sports-5
2026-06-04 16:04:49,520 [INFO] Capturing request: https://atomsportv505.top/favicon.ico
2026-06-04 16:04:49,554 [INFO] Capturing response: https://atomsportv505.top/favicon.ico 200 
2026-06-04 16:04:49,566 [INFO] Capturing response: https://atomsportv505.top/cdn-cgi/rum? 204 
2026-06-04 16:04:49,658 [INFO] Capturing request: https://streamsport365.com/cinema
2026-06-04 16:04:49,728 [INFO] Capturing response: https://teletv5.top/load/yayinlink.php?id=bein-sports-5 200 
2026-06-04 16:04:50,033 [INFO] Capturing response: https://streamsport365.com/cinema 200 
2026-06-04 16:04:51,895 [INFO] Capturing request: https://android.clients.google.com/c2dm/register3
2026-06-04 16:04:51,993 [INFO] Capturing response: https://android.clients.google.com/c2dm/register3 301 
2026-06-04 16:05:22,689 [WARNING]   ❌ beIN Sports 5 için M3U8 bulunamadı
2026-06-04 16:05:23,690 [INFO] 
[6/14]
2026-06-04 16:05:23,690 [INFO] 🔍 beIN Sports Max 1 → https://atomsportv505.top/matches?id=bein-sports-max-1
2026-06-04 16:05:23,799 [INFO] Capturing request: https://atomsportv505.top/assets/js/clappr.js
2026-06-04 16:05:23,801 [INFO] Capturing request: https://atomsportv505.top/matches?id=bein-sports-max-1
2026-06-04 16:05:23,825 [INFO] Capturing response: https://atomsportv505.top/assets/js/clappr.js 200 
2026-06-04 16:05:24,165 [INFO] Capturing response: https://atomsportv505.top/matches?id=bein-sports-max-1 200 
2026-06-04 16:05:24,174 [INFO] Capturing request: https://atomsportv505.top/cdn-cgi/rum?
2026-06-04 16:05:24,201 [INFO] Capturing request: https://atomsportv505.top/cdn-cgi/rum?
2026-06-04 16:05:24,294 [INFO] Capturing request: https://teletv5.top/load/yayinlink.php?id=bein-sports-max-1
2026-06-04 16:05:24,304 [INFO] Capturing request: https://atomsportv505.top/favicon.ico
2026-06-04 16:05:24,309 [INFO] Capturing response: https://atomsportv505.top/cdn-cgi/rum? 204 
2026-06-04 16:05:24,311 [INFO] Capturing response: https://atomsportv505.top/cdn-cgi/rum? 204 
2026-06-04 16:05:24,337 [INFO] Capturing response: https://atomsportv505.top/favicon.ico 200 
2026-06-04 16:05:24,456 [INFO] Capturing request: https://streamsport365.com/cinema
2026-06-04 16:05:24,522 [INFO] Capturing response: https://teletv5.top/load/yayinlink.php?id=bein-sports-max-1 200 
2026-06-04 16:05:24,824 [INFO] Capturing response: https://streamsport365.com/cinema 200 
2026-06-04 16:05:57,473 [WARNING]   ❌ beIN Sports Max 1 için M3U8 bulunamadı
2026-06-04 16:05:58,473 [INFO] 
[7/14]
2026-06-04 16:05:58,473 [INFO] 🔍 beIN Sports Max 2 → https://atomsportv505.top/matches?id=bein-sports-max-2
2026-06-04 16:05:58,581 [INFO] Capturing request: https://atomsportv505.top/assets/js/clappr.js
2026-06-04 16:05:58,583 [INFO] Capturing request: https://atomsportv505.top/matches?id=bein-sports-max-2
2026-06-04 16:05:58,618 [INFO] Capturing response: https://atomsportv505.top/assets/js/clappr.js 200 
2026-06-04 16:05:58,961 [INFO] Capturing response: https://atomsportv505.top/matches?id=bein-sports-max-2 200 
2026-06-04 16:05:58,970 [INFO] Capturing request: https://atomsportv505.top/cdn-cgi/rum?
2026-06-04 16:05:59,006 [INFO] Capturing request: https://atomsportv505.top/cdn-cgi/rum?
2026-06-04 16:05:59,079 [INFO] Capturing response: https://atomsportv505.top/cdn-cgi/rum? 204 
2026-06-04 16:05:59,101 [INFO] Capturing request: https://teletv5.top/load/yayinlink.php?id=bein-sports-max-2
2026-06-04 16:05:59,107 [INFO] Capturing request: https://atomsportv505.top/favicon.ico
2026-06-04 16:05:59,138 [INFO] Capturing response: https://atomsportv505.top/favicon.ico 200 
2026-06-04 16:05:59,155 [INFO] Capturing response: https://atomsportv505.top/cdn-cgi/rum? 204 
2026-06-04 16:05:59,256 [INFO] Capturing request: https://streamsport365.com/cinema
2026-06-04 16:05:59,347 [INFO] Capturing response: https://teletv5.top/load/yayinlink.php?id=bein-sports-max-2 200 
2026-06-04 16:05:59,624 [INFO] Capturing response: https://streamsport365.com/cinema 200 
2026-06-04 16:06:32,276 [WARNING]   ❌ beIN Sports Max 2 için M3U8 bulunamadı
2026-06-04 16:06:33,276 [INFO] 
[8/14]
2026-06-04 16:06:33,276 [INFO] 🔍 S Sport → https://atomsportv505.top/matches?id=s-sport
2026-06-04 16:06:33,385 [INFO] Capturing request: https://atomsportv505.top/assets/js/clappr.js
2026-06-04 16:06:33,387 [INFO] Capturing request: https://atomsportv505.top/matches?id=s-sport
2026-06-04 16:06:33,405 [INFO] Capturing response: https://atomsportv505.top/assets/js/clappr.js 200 
2026-06-04 16:06:33,744 [INFO] Capturing response: https://atomsportv505.top/matches?id=s-sport 200 
2026-06-04 16:06:33,753 [INFO] Capturing request: https://atomsportv505.top/cdn-cgi/rum?
2026-06-04 16:06:33,784 [INFO] Capturing request: https://atomsportv505.top/cdn-cgi/rum?
2026-06-04 16:06:33,860 [INFO] Capturing response: https://atomsportv505.top/cdn-cgi/rum? 204 
2026-06-04 16:06:33,885 [INFO] Capturing request: https://teletv5.top/load/yayinlink.php?id=s-sport
2026-06-04 16:06:33,886 [INFO] Capturing request: https://atomsportv505.top/favicon.ico
2026-06-04 16:06:33,918 [INFO] Capturing response: https://atomsportv505.top/favicon.ico 200 
2026-06-04 16:06:33,936 [INFO] Capturing response: https://atomsportv505.top/cdn-cgi/rum? 204 
2026-06-04 16:06:34,041 [INFO] Capturing request: https://streamsport365.com/cinema
2026-06-04 16:06:34,113 [INFO] Capturing response: https://teletv5.top/load/yayinlink.php?id=s-sport 200 
2026-06-04 16:06:34,401 [INFO] Capturing response: https://streamsport365.com/cinema 200 
2026-06-04 16:06:34,521 [INFO] Capturing request: https://hlssssssssssssssssss.yedeklinksa35.workers.dev/https://corestream.ronaldovurdu.help//s-sportt/tracks-v1a1/mono.m3u8
2026-06-04 16:06:34,742 [INFO] Capturing response: https://hlssssssssssssssssss.yedeklinksa35.workers.dev/https://corestream.ronaldovurdu.help//s-sportt/tracks-v1a1/mono.m3u8 200 
2026-06-04 16:06:34,852 [INFO] Capturing request: https://ts.yedeklinksa35.workers.dev/s-sportt/tracks-v1a1/2026/06/04/16/06/18-05000.avif
2026-06-04 16:06:35,447 [INFO] Capturing response: https://ts.yedeklinksa35.workers.dev/s-sportt/tracks-v1a1/2026/06/04/16/06/18-05000.avif 200 
2026-06-04 16:06:35,648 [INFO] Capturing request: https://ts.yedeklinksa35.workers.dev/s-sportt/tracks-v1a1/2026/06/04/16/06/23-05000.avif
2026-06-04 16:06:36,053 [INFO] Capturing response: https://ts.yedeklinksa35.workers.dev/s-sportt/tracks-v1a1/2026/06/04/16/06/23-05000.avif 200 
2026-06-04 16:06:36,240 [INFO] Capturing request: https://ts.yedeklinksa35.workers.dev/s-sportt/tracks-v1a1/2026/06/04/16/06/28-05000.avif
2026-06-04 16:06:36,644 [INFO] Capturing response: https://ts.yedeklinksa35.workers.dev/s-sportt/tracks-v1a1/2026/06/04/16/06/28-05000.avif 200 
2026-06-04 16:06:36,800 [INFO]   ✅ M3U8 bulundu: https://hlssssssssssssssssss.yedeklinksa35.workers.dev/https://corestream.ronaldovurdu.help//s-sportt/tracks-v1a1/mono.m3u8
2026-06-04 16:06:37,800 [INFO] 
[9/14]
2026-06-04 16:06:37,801 [INFO] 🔍 S Sport 2 → https://atomsportv505.top/matches?id=s-sport-2
2026-06-04 16:06:37,910 [INFO] Capturing request: https://atomsportv505.top/assets/js/clappr.js
2026-06-04 16:06:37,912 [INFO] Capturing request: https://atomsportv505.top/matches?id=s-sport-2
2026-06-04 16:06:37,932 [INFO] Capturing response: https://atomsportv505.top/assets/js/clappr.js 200 
2026-06-04 16:06:37,964 [INFO] Capturing response: https://atomsportv505.top/matches?id=s-sport-2 200 
2026-06-04 16:06:37,975 [INFO] Capturing request: https://atomsportv505.top/cdn-cgi/rum?
2026-06-04 16:06:38,009 [INFO] Capturing request: https://streamsport365.com/cinema
2026-06-04 16:06:38,011 [INFO] Capturing request: https://atomsportv505.top/cdn-cgi/rum?
2026-06-04 16:06:38,103 [INFO] Capturing request: https://teletv5.top/load/yayinlink.php?id=s-sport-2
2026-06-04 16:06:38,121 [INFO] Capturing request: https://atomsportv505.top/favicon.ico
2026-06-04 16:06:38,123 [INFO] Capturing response: https://atomsportv505.top/cdn-cgi/rum? 204 
2026-06-04 16:06:38,125 [INFO] Capturing response: https://atomsportv505.top/cdn-cgi/rum? 204 
2026-06-04 16:06:38,147 [INFO] Capturing response: https://atomsportv505.top/favicon.ico 200 
2026-06-04 16:06:38,326 [INFO] Capturing response: https://teletv5.top/load/yayinlink.php?id=s-sport-2 200 
2026-06-04 16:06:38,374 [INFO] Capturing response: https://streamsport365.com/cinema 200 
2026-06-04 16:06:38,492 [INFO] Capturing request: https://hlssssssssssssssssss.yedeklinksa35.workers.dev/https://corestream.ronaldovurdu.help//s-sport2/tracks-v1a1/mono.m3u8
2026-06-04 16:06:38,685 [INFO] Capturing response: https://hlssssssssssssssssss.yedeklinksa35.workers.dev/https://corestream.ronaldovurdu.help//s-sport2/tracks-v1a1/mono.m3u8 200 
2026-06-04 16:06:38,834 [INFO] Capturing request: https://ts.yedeklinksa35.workers.dev/s-sport2/tracks-v1a1/2026/06/04/16/08/02-06000.avif
2026-06-04 16:06:39,681 [INFO] Capturing response: https://ts.yedeklinksa35.workers.dev/s-sport2/tracks-v1a1/2026/06/04/16/08/02-06000.avif 200 
2026-06-04 16:06:41,034 [INFO]   ✅ M3U8 bulundu: https://hlssssssssssssssssss.yedeklinksa35.workers.dev/https://corestream.ronaldovurdu.help//s-sport2/tracks-v1a1/mono.m3u8
2026-06-04 16:06:42,034 [INFO] 
[10/14]
2026-06-04 16:06:42,035 [INFO] 🔍 A Spor → https://atomsportv505.top/matches?id=a-spor
2026-06-04 16:06:42,144 [INFO] Capturing request: https://atomsportv505.top/assets/js/clappr.js
2026-06-04 16:06:42,145 [INFO] Capturing request: https://atomsportv505.top/matches?id=a-spor
2026-06-04 16:06:42,168 [INFO] Capturing response: https://atomsportv505.top/assets/js/clappr.js 200 
2026-06-04 16:06:42,202 [INFO] Capturing response: https://atomsportv505.top/matches?id=a-spor 200 
2026-06-04 16:06:42,211 [INFO] Capturing request: https://atomsportv505.top/cdn-cgi/rum?
2026-06-04 16:06:42,237 [INFO] Capturing request: https://atomsportv505.top/cdn-cgi/rum?
2026-06-04 16:06:42,335 [INFO] Capturing request: https://teletv5.top/load/yayinlink.php?id=a-spor
2026-06-04 16:06:42,345 [INFO] Capturing request: https://atomsportv505.top/favicon.ico
2026-06-04 16:06:42,348 [INFO] Capturing response: https://atomsportv505.top/cdn-cgi/rum? 204 
2026-06-04 16:06:42,350 [INFO] Capturing response: https://atomsportv505.top/cdn-cgi/rum? 204 
2026-06-04 16:06:42,386 [INFO] Capturing response: https://atomsportv505.top/favicon.ico 200 
2026-06-04 16:06:42,497 [INFO] Capturing request: https://streamsport365.com/cinema
2026-06-04 16:06:42,560 [INFO] Capturing response: https://teletv5.top/load/yayinlink.php?id=a-spor 200 
2026-06-04 16:06:42,864 [INFO] Capturing response: https://streamsport365.com/cinema 200 
2026-06-04 16:06:42,981 [INFO] Capturing request: https://hlssssssssssssssssss.yedeklinksa35.workers.dev/https://corestream.ronaldovurdu.help//aspor/tracks-v1a1/mono.m3u8
2026-06-04 16:06:43,174 [INFO] Capturing response: https://hlssssssssssssssssss.yedeklinksa35.workers.dev/https://corestream.ronaldovurdu.help//aspor/tracks-v1a1/mono.m3u8 404 
2026-06-04 16:06:44,241 [INFO] Capturing request: https://android.clients.google.com/c2dm/register3
2026-06-04 16:06:44,355 [INFO] Capturing response: https://android.clients.google.com/c2dm/register3 301 
2026-06-04 16:06:45,256 [INFO]   ✅ M3U8 bulundu: https://hlssssssssssssssssss.yedeklinksa35.workers.dev/https://corestream.ronaldovurdu.help//aspor/tracks-v1a1/mono.m3u8
2026-06-04 16:06:46,257 [INFO] 
[11/14]
2026-06-04 16:06:46,257 [INFO] 🔍 Tivibu Spor 1 → https://atomsportv505.top/matches?id=tivibu-spor-1
2026-06-04 16:06:46,366 [INFO] Capturing request: https://atomsportv505.top/matches?id=tivibu-spor-1
2026-06-04 16:06:46,366 [INFO] Capturing request: https://atomsportv505.top/assets/js/clappr.js
2026-06-04 16:06:46,399 [INFO] Capturing response: https://atomsportv505.top/matches?id=tivibu-spor-1 200 
2026-06-04 16:06:46,410 [INFO] Capturing request: https://atomsportv505.top/cdn-cgi/rum?
2026-06-04 16:06:46,416 [INFO] Capturing response: https://atomsportv505.top/assets/js/clappr.js 200 
2026-06-04 16:06:46,434 [INFO] Capturing request: https://streamsport365.com/cinema
2026-06-04 16:06:46,438 [INFO] Capturing request: https://atomsportv505.top/cdn-cgi/rum?
2026-06-04 16:06:46,519 [INFO] Capturing response: https://atomsportv505.top/cdn-cgi/rum? 204 
2026-06-04 16:06:46,530 [INFO] Capturing request: https://teletv5.top/load/yayinlink.php?id=tivibu-spor-1
2026-06-04 16:06:46,540 [INFO] Capturing request: https://atomsportv505.top/favicon.ico
2026-06-04 16:06:46,569 [INFO] Capturing response: https://atomsportv505.top/favicon.ico 200 
2026-06-04 16:06:46,587 [INFO] Capturing response: https://atomsportv505.top/cdn-cgi/rum? 204 
2026-06-04 16:06:46,755 [INFO] Capturing response: https://teletv5.top/load/yayinlink.php?id=tivibu-spor-1 200 
2026-06-04 16:06:46,807 [INFO] Capturing response: https://streamsport365.com/cinema 200 
2026-06-04 16:07:19,705 [WARNING]   ❌ Tivibu Spor 1 için M3U8 bulunamadı
2026-06-04 16:07:20,705 [INFO] 
[12/14]
2026-06-04 16:07:20,705 [INFO] 🔍 Tivibu Spor 2 → https://atomsportv505.top/matches?id=tivibu-spor-2
2026-06-04 16:07:20,816 [INFO] Capturing request: https://atomsportv505.top/assets/js/clappr.js
2026-06-04 16:07:20,817 [INFO] Capturing request: https://atomsportv505.top/matches?id=tivibu-spor-2
2026-06-04 16:07:20,839 [INFO] Capturing response: https://atomsportv505.top/assets/js/clappr.js 200 
2026-06-04 16:07:21,161 [INFO] Capturing response: https://atomsportv505.top/matches?id=tivibu-spor-2 200 
2026-06-04 16:07:21,173 [INFO] Capturing request: https://atomsportv505.top/cdn-cgi/rum?
2026-06-04 16:07:21,207 [INFO] Capturing request: https://atomsportv505.top/cdn-cgi/rum?
2026-06-04 16:07:21,280 [INFO] Capturing response: https://atomsportv505.top/cdn-cgi/rum? 204 
2026-06-04 16:07:21,306 [INFO] Capturing request: https://teletv5.top/load/yayinlink.php?id=tivibu-spor-2
2026-06-04 16:07:21,309 [INFO] Capturing request: https://atomsportv505.top/favicon.ico
2026-06-04 16:07:21,342 [INFO] Capturing response: https://atomsportv505.top/favicon.ico 200 
2026-06-04 16:07:21,355 [INFO] Capturing response: https://atomsportv505.top/cdn-cgi/rum? 204 
2026-06-04 16:07:21,460 [INFO] Capturing request: https://streamsport365.com/cinema
2026-06-04 16:07:21,532 [INFO] Capturing response: https://teletv5.top/load/yayinlink.php?id=tivibu-spor-2 200 
2026-06-04 16:07:21,819 [INFO] Capturing response: https://streamsport365.com/cinema 200 
2026-06-04 16:07:30,301 [INFO] 127.0.0.1:48356: HTTP/2 connection terminated by server: error code: 0, last stream id: 201, additional data: b'session_timed_out'
2026-06-04 16:07:30,634 [INFO] 127.0.0.1:48384: HTTP/2 connection terminated by server: error code: 0, last stream id: 201, additional data: b'session_timed_out'
2026-06-04 16:07:54,472 [WARNING]   ❌ Tivibu Spor 2 için M3U8 bulunamadı
2026-06-04 16:07:55,472 [INFO] 
[13/14]
2026-06-04 16:07:55,472 [INFO] 🔍 Tivibu Spor 3 → https://atomsportv505.top/matches?id=tivibu-spor-3
2026-06-04 16:07:55,579 [INFO] Capturing request: https://atomsportv505.top/assets/js/clappr.js
2026-06-04 16:07:55,581 [INFO] Capturing request: https://atomsportv505.top/matches?id=tivibu-spor-3
2026-06-04 16:07:55,600 [INFO] Capturing response: https://atomsportv505.top/assets/js/clappr.js 200 
2026-06-04 16:07:55,927 [INFO] Capturing response: https://atomsportv505.top/matches?id=tivibu-spor-3 200 
2026-06-04 16:07:55,937 [INFO] Capturing request: https://atomsportv505.top/cdn-cgi/rum?
2026-06-04 16:07:55,967 [INFO] Capturing request: https://atomsportv505.top/cdn-cgi/rum?
2026-06-04 16:07:56,043 [INFO] Capturing response: https://atomsportv505.top/cdn-cgi/rum? 204 
2026-06-04 16:07:56,065 [INFO] Capturing request: https://teletv5.top/load/yayinlink.php?id=tivibu-spor-3
2026-06-04 16:07:56,070 [INFO] Capturing request: https://atomsportv505.top/favicon.ico
2026-06-04 16:07:56,110 [INFO] Capturing response: https://atomsportv505.top/favicon.ico 200 
2026-06-04 16:07:56,116 [INFO] Capturing response: https://atomsportv505.top/cdn-cgi/rum? 204 
2026-06-04 16:07:56,216 [INFO] Capturing request: https://streamsport365.com/cinema
2026-06-04 16:07:56,292 [INFO] Capturing response: https://teletv5.top/load/yayinlink.php?id=tivibu-spor-3 200 
2026-06-04 16:07:56,583 [INFO] Capturing response: https://streamsport365.com/cinema 200 
2026-06-04 16:08:29,243 [WARNING]   ❌ Tivibu Spor 3 için M3U8 bulunamadı
2026-06-04 16:08:30,046 [INFO] 127.0.0.1:40664: HTTP/2 connection terminated by server: error code: 0, last stream id: 201, additional data: b'session_timed_out'
2026-06-04 16:08:30,243 [INFO] 
[14/14]
2026-06-04 16:08:30,243 [INFO] 🔍 Tivibu Spor 4 → https://atomsportv505.top/matches?id=tivibu-spor-4
2026-06-04 16:08:30,351 [INFO] Capturing request: https://atomsportv505.top/assets/js/clappr.js
2026-06-04 16:08:30,353 [INFO] Capturing request: https://atomsportv505.top/matches?id=tivibu-spor-4
2026-06-04 16:08:30,373 [INFO] Capturing response: https://atomsportv505.top/assets/js/clappr.js 200 
2026-06-04 16:08:30,702 [INFO] Capturing response: https://atomsportv505.top/matches?id=tivibu-spor-4 200 
2026-06-04 16:08:30,712 [INFO] Capturing request: https://atomsportv505.top/cdn-cgi/rum?
2026-06-04 16:08:30,743 [INFO] Capturing request: https://atomsportv505.top/cdn-cgi/rum?
2026-06-04 16:08:30,819 [INFO] Capturing response: https://atomsportv505.top/cdn-cgi/rum? 204 
2026-06-04 16:08:30,839 [INFO] Capturing request: https://teletv5.top/load/yayinlink.php?id=tivibu-spor-4
2026-06-04 16:08:30,843 [INFO] Capturing request: https://atomsportv505.top/favicon.ico
2026-06-04 16:08:30,880 [INFO] Capturing response: https://atomsportv505.top/favicon.ico 200 
2026-06-04 16:08:30,892 [INFO] Capturing response: https://atomsportv505.top/cdn-cgi/rum? 204 
2026-06-04 16:08:30,998 [INFO] Capturing request: https://streamsport365.com/cinema
2026-06-04 16:08:31,064 [INFO] Capturing response: https://teletv5.top/load/yayinlink.php?id=tivibu-spor-4 200 
2026-06-04 16:08:31,373 [INFO] Capturing response: https://streamsport365.com/cinema 200 
2026-06-04 16:09:04,021 [WARNING]   ❌ Tivibu Spor 4 için M3U8 bulunamadı
2026-06-04 16:09:05,084 [INFO] ✅ 5 kanal bulundu, playlist.m3u kaydedildi
