2026-05-18 20:26:30,047 [INFO] 🔎 Domain aralığı taranıyor: atomsportv503.top - atomsportv535.top
2026-05-18 20:26:30,913 [INFO]   ✅ Aktif domain bulundu: https://atomsportv503.top
2026-05-18 20:26:30,914 [INFO] 🌐 Kullanılan BASE_URL: https://atomsportv503.top
2026-05-18 20:26:30,914 [INFO] 🔗 Proxy Prefix: https://ronaldo.magnitude.workers.dev/?url=
2026-05-18 20:26:31,783 [INFO] ✅ SeleniumWire aktif
2026-05-18 20:26:31,784 [INFO] =======================================================
2026-05-18 20:26:31,784 [INFO]    M3U8 Scraper
2026-05-18 20:26:31,784 [INFO]    Base URL    : https://atomsportv503.top
2026-05-18 20:26:31,784 [INFO]    Proxy Prefix: https://ronaldo.magnitude.workers.dev/?url=
2026-05-18 20:26:31,784 [INFO]    Toplam      : 13 sayfa
2026-05-18 20:26:31,784 [INFO] =======================================================
2026-05-18 20:26:31,784 [INFO] 🔧 Driver başlatılıyor...
2026-05-18 20:26:32,575 [INFO] ✅ Driver başlatıldı
2026-05-18 20:26:32,575 [INFO] 
[1/13]
2026-05-18 20:26:32,575 [INFO] 
──────────────────────────────────────────────────
2026-05-18 20:26:32,575 [INFO] 🔍 beIN Sports 1 → https://atomsportv503.top/matches?id=bein-sports-1
2026-05-18 20:26:32,575 [INFO] ──────────────────────────────────────────────────
2026-05-18 20:27:04,835 [INFO]   📡 M3U8 bekleniyor (max 8s)...
2026-05-18 20:27:12,910 [INFO]   ❌ beIN Sports 1: M3U8 bulunamadı
2026-05-18 20:27:13,911 [INFO] 
[2/13]
2026-05-18 20:27:13,911 [INFO] 
──────────────────────────────────────────────────
2026-05-18 20:27:13,911 [INFO] 🔍 beIN Sports 2 → https://atomsportv503.top/matches?id=bein-sports-2
2026-05-18 20:27:13,911 [INFO] ──────────────────────────────────────────────────
2026-05-18 20:27:45,997 [INFO]   📡 M3U8 bekleniyor (max 8s)...
2026-05-18 20:27:54,093 [INFO]   ❌ beIN Sports 2: M3U8 bulunamadı
2026-05-18 20:27:55,094 [INFO] 
[3/13]
2026-05-18 20:27:55,094 [INFO] 
──────────────────────────────────────────────────
2026-05-18 20:27:55,094 [INFO] 🔍 beIN Sports 3 → https://atomsportv503.top/matches?id=bein-sports-3
2026-05-18 20:27:55,094 [INFO] ──────────────────────────────────────────────────
2026-05-18 20:28:27,322 [INFO]   📡 M3U8 bekleniyor (max 8s)...
2026-05-18 20:28:35,409 [INFO]   ❌ beIN Sports 3: M3U8 bulunamadı
2026-05-18 20:28:36,411 [INFO] 
[4/13]
2026-05-18 20:28:36,411 [INFO] 
──────────────────────────────────────────────────
2026-05-18 20:28:36,411 [INFO] 🔍 beIN Sports 4 → https://atomsportv503.top/matches?id=bein-sports-4
2026-05-18 20:28:36,411 [INFO] ──────────────────────────────────────────────────
2026-05-18 20:29:08,410 [INFO]   📡 M3U8 bekleniyor (max 8s)...
2026-05-18 20:29:16,574 [INFO]   ❌ beIN Sports 4: M3U8 bulunamadı
2026-05-18 20:29:17,576 [INFO] 
[5/13]
2026-05-18 20:29:17,577 [INFO] 
──────────────────────────────────────────────────
2026-05-18 20:29:17,577 [INFO] 🔍 beIN Sports 5 → https://atomsportv503.top/matches?id=bein-sports-5
2026-05-18 20:29:17,577 [INFO] ──────────────────────────────────────────────────
2026-05-18 20:29:49,446 [INFO]   📡 M3U8 bekleniyor (max 8s)...
2026-05-18 20:29:57,497 [INFO]   ❌ beIN Sports 5: M3U8 bulunamadı
2026-05-18 20:29:58,499 [INFO] 
[6/13]
2026-05-18 20:29:58,499 [INFO] 
──────────────────────────────────────────────────
2026-05-18 20:29:58,499 [INFO] 🔍 beIN Sports Max 1 → https://atomsportv503.top/matches?id=bein-sports-max-1
2026-05-18 20:29:58,499 [INFO] ──────────────────────────────────────────────────
2026-05-18 20:30:32,500 [INFO]   📡 M3U8 bekleniyor (max 8s)...
2026-05-18 20:30:40,517 [INFO]   ❌ beIN Sports Max 1: M3U8 bulunamadı
2026-05-18 20:30:41,517 [INFO] 
[7/13]
2026-05-18 20:30:41,517 [INFO] 
──────────────────────────────────────────────────
2026-05-18 20:30:41,517 [INFO] 🔍 beIN Sports Max 2 → https://atomsportv503.top/matches?id=bein-sports-max-2
2026-05-18 20:30:41,517 [INFO] ──────────────────────────────────────────────────
2026-05-18 20:31:13,352 [INFO]   📡 M3U8 bekleniyor (max 8s)...
2026-05-18 20:31:13,353 [INFO]   🎯 DOĞRU kanal bulundu: https://young-surf-88a9.halitumutseler.workers.dev/https://corestream.ronaldovurdu.help//hls/bein-sports-max-2.m3u8
2026-05-18 20:31:13,353 [INFO]   ✅ beIN Sports Max 2: https://young-surf-88a9.halitumutseler.workers.dev/https://corestream.ronaldovurdu.help//hls/bein-sports-max-2.m3u8
2026-05-18 20:31:14,353 [INFO] 
[8/13]
2026-05-18 20:31:14,353 [INFO] 
──────────────────────────────────────────────────
2026-05-18 20:31:14,353 [INFO] 🔍 S Sport → https://atomsportv503.top/matches?id=s-sport
2026-05-18 20:31:14,353 [INFO] ──────────────────────────────────────────────────
2026-05-18 20:31:46,184 [INFO]   📡 M3U8 bekleniyor (max 8s)...
2026-05-18 20:31:46,185 [INFO]   🎯 DOĞRU kanal bulundu: https://young-surf-88a9.halitumutseler.workers.dev/https://corestream.ronaldovurdu.help//hls/s-sportt.m3u8
2026-05-18 20:31:46,185 [INFO]   ✅ S Sport: https://young-surf-88a9.halitumutseler.workers.dev/https://corestream.ronaldovurdu.help//hls/s-sportt.m3u8
2026-05-18 20:31:47,185 [INFO] 
[9/13]
2026-05-18 20:31:47,186 [INFO] 
──────────────────────────────────────────────────
2026-05-18 20:31:47,186 [INFO] 🔍 S Sport 2 → https://atomsportv503.top/matches?id=s-sport-2
2026-05-18 20:31:47,186 [INFO] ──────────────────────────────────────────────────
2026-05-18 20:32:19,051 [INFO]   📡 M3U8 bekleniyor (max 8s)...
2026-05-18 20:32:27,142 [INFO]   ❌ S Sport 2: M3U8 bulunamadı
2026-05-18 20:32:28,144 [INFO] 
[10/13]
2026-05-18 20:32:28,144 [INFO] 
──────────────────────────────────────────────────
2026-05-18 20:32:28,144 [INFO] 🔍 Tivibu Spor 1 → https://atomsportv503.top/matches?id=tivibu-spor-1
2026-05-18 20:32:28,144 [INFO] ──────────────────────────────────────────────────
2026-05-18 20:33:00,008 [INFO]   📡 M3U8 bekleniyor (max 8s)...
2026-05-18 20:33:08,021 [INFO]   ❌ Tivibu Spor 1: M3U8 bulunamadı
2026-05-18 20:33:09,021 [INFO] 
[11/13]
2026-05-18 20:33:09,021 [INFO] 
──────────────────────────────────────────────────
2026-05-18 20:33:09,021 [INFO] 🔍 Tivibu Spor 2 → https://atomsportv503.top/matches?id=tivibu-spor-2
2026-05-18 20:33:09,021 [INFO] ──────────────────────────────────────────────────
2026-05-18 20:33:40,883 [INFO]   📡 M3U8 bekleniyor (max 8s)...
2026-05-18 20:33:48,894 [INFO]   ❌ Tivibu Spor 2: M3U8 bulunamadı
2026-05-18 20:33:49,894 [INFO] 
[12/13]
2026-05-18 20:33:49,895 [INFO] 
──────────────────────────────────────────────────
2026-05-18 20:33:49,895 [INFO] 🔍 Tivibu Spor 3 → https://atomsportv503.top/matches?id=tivibu-spor-3
2026-05-18 20:33:49,895 [INFO] ──────────────────────────────────────────────────
2026-05-18 20:34:21,800 [INFO]   📡 M3U8 bekleniyor (max 8s)...
2026-05-18 20:34:29,812 [INFO]   ❌ Tivibu Spor 3: M3U8 bulunamadı
2026-05-18 20:34:30,812 [INFO] 
[13/13]
2026-05-18 20:34:30,812 [INFO] 
──────────────────────────────────────────────────
2026-05-18 20:34:30,812 [INFO] 🔍 Tivibu Spor 4 → https://atomsportv503.top/matches?id=tivibu-spor-4
2026-05-18 20:34:30,812 [INFO] ──────────────────────────────────────────────────
2026-05-18 20:35:02,678 [INFO]   📡 M3U8 bekleniyor (max 8s)...
2026-05-18 20:35:10,690 [INFO]   ❌ Tivibu Spor 4: M3U8 bulunamadı
2026-05-18 20:35:11,753 [INFO] 🔒 Driver kapatıldı
2026-05-18 20:35:11,753 [INFO] 
=======================================================
2026-05-18 20:35:11,754 [INFO] 🏁 Tamamlandı!
2026-05-18 20:35:11,754 [INFO] 📺 Kanal : 2/13
2026-05-18 20:35:11,754 [INFO] ⏱️  Süre  : 520.0s
2026-05-18 20:35:11,754 [INFO] =======================================================
2026-05-18 20:35:11,754 [INFO] ✅ playlist.m3u kaydedildi (proxy prefix'li)
2026-05-18 20:35:11,754 [INFO] ✅ stats.json kaydedildi
