2026-07-24 01:00:12,729 [INFO] 🌐 BASE_URL: https://www.atomsportv510.top
2026-07-24 01:00:13,614 [INFO] Başlanıyor... 14 kanal taranacak
2026-07-24 01:00:13,614 [INFO] Using default request storage
2026-07-24 01:00:13,618 [INFO] Created proxy listening on 127.0.0.1:40645
2026-07-24 01:00:14,287 [INFO] Capturing request: http://clients2.google.com/time/1/current?cup2key=10:IsSnMFidBPgqHs7iMDhBYuokPdqI06PewaRw1yOAtrw&cup2hreq=e3b0c44298fc1c149afbf4c8996fb92427ae41e4649b934ca495991b7852b855
2026-07-24 01:00:14,362 [INFO] Capturing response: http://clients2.google.com/time/1/current?cup2key=10:IsSnMFidBPgqHs7iMDhBYuokPdqI06PewaRw1yOAtrw&cup2hreq=e3b0c44298fc1c149afbf4c8996fb92427ae41e4649b934ca495991b7852b855 200 OK
2026-07-24 01:00:14,478 [INFO] 
[1/14]
2026-07-24 01:00:14,478 [INFO] 🔍 beIN Sports 1 → https://www.atomsportv510.top/matches?id=bein-sports-1
2026-07-24 01:00:14,581 [INFO] Capturing request: https://accounts.google.com/ListAccounts?gpsia=1&source=ChromiumBrowser&json=standard&laf=b64bin
2026-07-24 01:00:14,585 [INFO] Capturing request: https://update.googleapis.com/service/update2/json?cup2key=16:4Fw0qIS9cu3qjfzmH05zczORo_iI0Z-NDIPINx42y-I&cup2hreq=15ef16d16c07912c2ee9652e3f9b2cbe7c29626e76d65bc6111b27a29c15eabc
2026-07-24 01:00:14,669 [INFO] Capturing response: https://update.googleapis.com/service/update2/json?cup2key=16:4Fw0qIS9cu3qjfzmH05zczORo_iI0Z-NDIPINx42y-I&cup2hreq=15ef16d16c07912c2ee9652e3f9b2cbe7c29626e76d65bc6111b27a29c15eabc 200 
2026-07-24 01:00:14,682 [INFO] Capturing request: https://www.atomsportv510.top/matches?id=bein-sports-1
2026-07-24 01:00:14,682 [INFO] Capturing request: https://www.google.com/async/folae?async=_fmt:pb&udm=50&client_locale=en-US&client_country=ZZ
2026-07-24 01:00:14,689 [INFO] Capturing response: https://accounts.google.com/ListAccounts?gpsia=1&source=ChromiumBrowser&json=standard&laf=b64bin 200 
2026-07-24 01:00:14,718 [INFO] Capturing request: https://update.googleapis.com/service/update2/json?cup2key=16:jVUvZy1tA8EigVMM78BX2Rwz_JJ--h1UN7rTb_pRo_A&cup2hreq=f5de373410977c39466f745d2aaf6409a3bf11083d569bf2762cba9a48b43c28
2026-07-24 01:00:14,724 [INFO] Capturing response: https://www.google.com/async/folae?async=_fmt:pb&udm=50&client_locale=en-US&client_country=ZZ 200 
2026-07-24 01:00:14,800 [INFO] Capturing response: https://update.googleapis.com/service/update2/json?cup2key=16:jVUvZy1tA8EigVMM78BX2Rwz_JJ--h1UN7rTb_pRo_A&cup2hreq=f5de373410977c39466f745d2aaf6409a3bf11083d569bf2762cba9a48b43c28 200 
2026-07-24 01:00:14,847 [INFO] Capturing request: https://update.googleapis.com/service/update2/json?cup2key=16:OMjzUjRWZMWaX2afdma1Uy9Vs3gbBw1xU43db_bgJzY&cup2hreq=11af6923705e18ccafda5dd213c7e3dadb7a5855e495a1d0107330e8cb4b1b5f
2026-07-24 01:00:14,924 [INFO] Capturing response: https://update.googleapis.com/service/update2/json?cup2key=16:OMjzUjRWZMWaX2afdma1Uy9Vs3gbBw1xU43db_bgJzY&cup2hreq=11af6923705e18ccafda5dd213c7e3dadb7a5855e495a1d0107330e8cb4b1b5f 200 
2026-07-24 01:00:14,935 [INFO] Capturing request: https://www.google.com/async/folae?async=_fmt:pb&udm=50&client_locale=en-US&client_country=ZZ
2026-07-24 01:00:14,971 [INFO] Capturing response: https://www.google.com/async/folae?async=_fmt:pb&udm=50&client_locale=en-US&client_country=ZZ 200 
2026-07-24 01:00:15,572 [INFO] Capturing response: https://www.atomsportv510.top/matches?id=bein-sports-1 200 
2026-07-24 01:00:15,723 [INFO] Capturing request: https://www.atomsportv510.top/assets/js/clappr.js
2026-07-24 01:00:15,777 [INFO] Capturing response: https://www.atomsportv510.top/assets/js/clappr.js 200 
2026-07-24 01:00:15,823 [INFO] Capturing request: https://cdnjs.cloudflare.com/ajax/libs/jquery/3.2.1/jquery.min.js
2026-07-24 01:00:15,919 [INFO] Capturing response: https://cdnjs.cloudflare.com/ajax/libs/jquery/3.2.1/jquery.min.js 200 
2026-07-24 01:00:18,294 [INFO] Capturing request: https://cdn.jsdelivr.net/npm/@clappr/player@latest/dist/clappr.min.js
2026-07-24 01:00:18,419 [INFO] Capturing response: https://cdn.jsdelivr.net/npm/@clappr/player@latest/dist/clappr.min.js 200 
2026-07-24 01:00:18,635 [INFO] Capturing request: https://www.atomsportv510.top/favicon.ico
2026-07-24 01:00:18,690 [INFO] Capturing response: https://www.atomsportv510.top/favicon.ico 200 
2026-07-24 01:00:18,768 [INFO] Capturing request: https://teletv5.top/load/yayinlink.php?id=bein-sports-1
2026-07-24 01:00:19,184 [INFO] Capturing response: https://teletv5.top/load/yayinlink.php?id=bein-sports-1 200 
2026-07-24 01:00:19,231 [INFO] Capturing request: https://streamsport365.com/cinema
2026-07-24 01:00:19,552 [INFO] Capturing response: https://streamsport365.com/cinema 200 
2026-07-24 01:00:19,683 [INFO] Capturing request: https://www.atomsportv510.top/assets/img/player/player_logo_6a5f6c9cb38e0.png
2026-07-24 01:00:19,773 [INFO] Capturing response: https://www.atomsportv510.top/assets/img/player/player_logo_6a5f6c9cb38e0.png 200 
2026-07-24 01:00:19,835 [INFO] Capturing request: https://hlsforever.forgetmoenszo.workers.dev/https://corestream.siteyaptim.live//s-sport/tracks-v1a1/mono.m3u8
2026-07-24 01:00:20,356 [INFO] Capturing request: https://android.clients.google.com/checkin
2026-07-24 01:00:20,423 [INFO] Capturing response: https://hlsforever.forgetmoenszo.workers.dev/https://corestream.siteyaptim.live//s-sport/tracks-v1a1/mono.m3u8 200 
2026-07-24 01:00:20,462 [INFO] Capturing response: https://android.clients.google.com/checkin 200 
2026-07-24 01:00:20,512 [INFO] Capturing request: https://android.clients.google.com/c2dm/register3
2026-07-24 01:00:20,513 [INFO] Capturing request: https://android.clients.google.com/c2dm/register3
2026-07-24 01:00:20,515 [INFO] Capturing request: https://android.clients.google.com/c2dm/register3
2026-07-24 01:00:20,582 [INFO] Capturing response: https://android.clients.google.com/c2dm/register3 301 
2026-07-24 01:00:20,712 [INFO] Capturing request: https://global.siteyaptim.live/s-sport/tracks-v1a1/2026/07/24/01/00/07-14120.avif
2026-07-24 01:00:21,482 [INFO] Capturing response: https://android.clients.google.com/c2dm/register3 200 
2026-07-24 01:00:21,490 [INFO] Capturing response: https://android.clients.google.com/c2dm/register3 200 
2026-07-24 01:00:21,553 [INFO]   ✅ M3U8 bulundu: https://hlsforever.forgetmoenszo.workers.dev/https://corestream.siteyaptim.live//s-sport/tracks-v1a1/mono.m3u8
2026-07-24 01:00:22,360 [INFO] Capturing response: https://global.siteyaptim.live/s-sport/tracks-v1a1/2026/07/24/01/00/07-14120.avif 200 
2026-07-24 01:00:22,553 [INFO] 
[2/14]
2026-07-24 01:00:22,553 [INFO] 🔍 beIN Sports 2 → https://www.atomsportv510.top/matches?id=bein-sports-2
2026-07-24 01:00:22,598 [INFO] Capturing request: https://global.siteyaptim.live/s-sport/tracks-v1a1/2026/07/24/01/00/21-12520.avif
2026-07-24 01:00:22,669 [INFO] Capturing request: https://www.atomsportv510.top/matches?id=bein-sports-2
2026-07-24 01:00:23,006 [INFO] Capturing response: https://www.atomsportv510.top/matches?id=bein-sports-2 200 
2026-07-24 01:00:23,117 [INFO] Capturing request: https://www.atomsportv510.top/assets/js/clappr.js
2026-07-24 01:00:23,250 [INFO] Capturing response: https://www.atomsportv510.top/assets/js/clappr.js 304 
2026-07-24 01:00:23,306 [INFO] Capturing request: https://streamsport365.com/cinema
2026-07-24 01:00:23,406 [INFO] Capturing request: https://www.atomsportv510.top/favicon.ico
2026-07-24 01:00:23,408 [INFO] Capturing request: https://teletv5.top/load/yayinlink.php?id=bein-sports-2
2026-07-24 01:00:23,455 [INFO] Capturing response: https://www.atomsportv510.top/favicon.ico 200 
2026-07-24 01:00:23,633 [INFO] Capturing response: https://streamsport365.com/cinema 200 
2026-07-24 01:00:23,778 [INFO] Capturing response: https://teletv5.top/load/yayinlink.php?id=bein-sports-2 200 
2026-07-24 01:00:23,890 [INFO] Capturing request: https://www.atomsportv510.top/assets/img/player/player_logo_6a5f6c9cb38e0.png
2026-07-24 01:00:23,901 [INFO] Capturing request: https://hlsforever.forgetmoenszo.workers.dev/https://corestream.siteyaptim.live//bein2/tracks-v1a1/mono.m3u8
2026-07-24 01:00:24,025 [INFO] Capturing response: https://www.atomsportv510.top/assets/img/player/player_logo_6a5f6c9cb38e0.png 304 
2026-07-24 01:00:24,331 [INFO] Capturing response: https://global.siteyaptim.live/s-sport/tracks-v1a1/2026/07/24/01/00/21-12520.avif 200 
2026-07-24 01:00:24,486 [INFO] Capturing response: https://hlsforever.forgetmoenszo.workers.dev/https://corestream.siteyaptim.live//bein2/tracks-v1a1/mono.m3u8 404 
2026-07-24 01:00:26,318 [INFO]   ✅ M3U8 bulundu: https://hlsforever.forgetmoenszo.workers.dev/https://corestream.siteyaptim.live//bein2/tracks-v1a1/mono.m3u8
2026-07-24 01:00:27,319 [INFO] 
[3/14]
2026-07-24 01:00:27,319 [INFO] 🔍 beIN Sports 3 → https://www.atomsportv510.top/matches?id=bein-sports-3
2026-07-24 01:00:27,430 [INFO] Capturing request: https://www.atomsportv510.top/assets/js/clappr.js
2026-07-24 01:00:27,432 [INFO] Capturing request: https://www.atomsportv510.top/matches?id=bein-sports-3
2026-07-24 01:00:27,470 [INFO] Capturing response: https://www.atomsportv510.top/assets/js/clappr.js 200 
2026-07-24 01:00:27,773 [INFO] Capturing response: https://www.atomsportv510.top/matches?id=bein-sports-3 200 
2026-07-24 01:00:27,920 [INFO] Capturing request: https://www.atomsportv510.top/assets/js/clappr.js
2026-07-24 01:00:28,055 [INFO] Capturing response: https://www.atomsportv510.top/assets/js/clappr.js 304 
2026-07-24 01:00:28,208 [INFO] Capturing request: https://teletv5.top/load/yayinlink.php?id=bein-sports-3
2026-07-24 01:00:28,209 [INFO] Capturing request: https://www.atomsportv510.top/favicon.ico
2026-07-24 01:00:28,264 [INFO] Capturing response: https://www.atomsportv510.top/favicon.ico 200 
2026-07-24 01:00:28,349 [INFO] Capturing request: https://streamsport365.com/cinema
2026-07-24 01:00:28,418 [INFO] Capturing response: https://teletv5.top/load/yayinlink.php?id=bein-sports-3 200 
2026-07-24 01:00:28,677 [INFO] Capturing response: https://streamsport365.com/cinema 200 
2026-07-24 01:00:28,789 [INFO] Capturing request: https://www.atomsportv510.top/assets/img/player/player_logo_6a5f6c9cb38e0.png
2026-07-24 01:00:28,798 [INFO] Capturing request: https://hlsforever.forgetmoenszo.workers.dev/https://corestream.siteyaptim.live//bein3/tracks-v1a1/mono.m3u8
2026-07-24 01:00:28,925 [INFO] Capturing response: https://www.atomsportv510.top/assets/img/player/player_logo_6a5f6c9cb38e0.png 304 
2026-07-24 01:00:28,966 [INFO] Capturing response: https://hlsforever.forgetmoenszo.workers.dev/https://corestream.siteyaptim.live//bein3/tracks-v1a1/mono.m3u8 404 
2026-07-24 01:00:31,120 [INFO]   ✅ M3U8 bulundu: https://hlsforever.forgetmoenszo.workers.dev/https://corestream.siteyaptim.live//bein3/tracks-v1a1/mono.m3u8
2026-07-24 01:00:32,120 [INFO] 
[4/14]
2026-07-24 01:00:32,120 [INFO] 🔍 beIN Sports 4 → https://www.atomsportv510.top/matches?id=bein-sports-4
2026-07-24 01:00:32,230 [INFO] Capturing request: https://www.atomsportv510.top/assets/js/clappr.js
2026-07-24 01:00:32,231 [INFO] Capturing request: https://www.atomsportv510.top/matches?id=bein-sports-4
2026-07-24 01:00:32,272 [INFO] Capturing response: https://www.atomsportv510.top/assets/js/clappr.js 200 
2026-07-24 01:00:32,562 [INFO] Capturing response: https://www.atomsportv510.top/matches?id=bein-sports-4 200 
2026-07-24 01:00:32,671 [INFO] Capturing request: https://www.atomsportv510.top/assets/js/clappr.js
2026-07-24 01:00:32,804 [INFO] Capturing response: https://www.atomsportv510.top/assets/js/clappr.js 304 
2026-07-24 01:00:32,856 [INFO] Capturing request: https://streamsport365.com/cinema
2026-07-24 01:00:32,956 [INFO] Capturing request: https://teletv5.top/load/yayinlink.php?id=bein-sports-4
2026-07-24 01:00:32,958 [INFO] Capturing request: https://www.atomsportv510.top/favicon.ico
2026-07-24 01:00:33,012 [INFO] Capturing response: https://www.atomsportv510.top/favicon.ico 200 
2026-07-24 01:00:33,163 [INFO] Capturing response: https://teletv5.top/load/yayinlink.php?id=bein-sports-4 200 
2026-07-24 01:00:33,185 [INFO] Capturing response: https://streamsport365.com/cinema 200 
2026-07-24 01:00:33,296 [INFO] Capturing request: https://www.atomsportv510.top/assets/img/player/player_logo_6a5f6c9cb38e0.png
2026-07-24 01:00:33,304 [INFO] Capturing request: https://hlsforever.forgetmoenszo.workers.dev/https://corestream.siteyaptim.live//bein4/tracks-v1a1/mono.m3u8
2026-07-24 01:00:33,439 [INFO] Capturing response: https://www.atomsportv510.top/assets/img/player/player_logo_6a5f6c9cb38e0.png 304 
2026-07-24 01:00:33,466 [INFO] Capturing response: https://hlsforever.forgetmoenszo.workers.dev/https://corestream.siteyaptim.live//bein4/tracks-v1a1/mono.m3u8 404 
2026-07-24 01:00:35,868 [INFO]   ✅ M3U8 bulundu: https://hlsforever.forgetmoenszo.workers.dev/https://corestream.siteyaptim.live//bein4/tracks-v1a1/mono.m3u8
2026-07-24 01:00:36,869 [INFO] 
[5/14]
2026-07-24 01:00:36,869 [INFO] 🔍 beIN Sports 5 → https://www.atomsportv510.top/matches?id=bein-sports-5
2026-07-24 01:00:36,978 [INFO] Capturing request: https://www.atomsportv510.top/assets/js/clappr.js
2026-07-24 01:00:36,980 [INFO] Capturing request: https://www.atomsportv510.top/matches?id=bein-sports-5
2026-07-24 01:00:37,023 [INFO] Capturing response: https://www.atomsportv510.top/assets/js/clappr.js 200 
2026-07-24 01:00:37,316 [INFO] Capturing response: https://www.atomsportv510.top/matches?id=bein-sports-5 200 
2026-07-24 01:00:37,426 [INFO] Capturing request: https://www.atomsportv510.top/assets/js/clappr.js
2026-07-24 01:00:37,557 [INFO] Capturing response: https://www.atomsportv510.top/assets/js/clappr.js 304 
2026-07-24 01:00:37,710 [INFO] Capturing request: https://teletv5.top/load/yayinlink.php?id=bein-sports-5
2026-07-24 01:00:37,712 [INFO] Capturing request: https://www.atomsportv510.top/favicon.ico
2026-07-24 01:00:37,772 [INFO] Capturing response: https://www.atomsportv510.top/favicon.ico 200 
2026-07-24 01:00:37,852 [INFO] Capturing request: https://streamsport365.com/cinema
2026-07-24 01:00:37,919 [INFO] Capturing response: https://teletv5.top/load/yayinlink.php?id=bein-sports-5 200 
2026-07-24 01:00:38,181 [INFO] Capturing response: https://streamsport365.com/cinema 200 
2026-07-24 01:00:38,291 [INFO] Capturing request: https://www.atomsportv510.top/assets/img/player/player_logo_6a5f6c9cb38e0.png
2026-07-24 01:00:38,301 [INFO] Capturing request: https://hlsforever.forgetmoenszo.workers.dev/https://corestream.siteyaptim.live//bein5/tracks-v1a1/mono.m3u8
2026-07-24 01:00:38,427 [INFO] Capturing response: https://www.atomsportv510.top/assets/img/player/player_logo_6a5f6c9cb38e0.png 304 
2026-07-24 01:00:38,461 [INFO] Capturing response: https://hlsforever.forgetmoenszo.workers.dev/https://corestream.siteyaptim.live//bein5/tracks-v1a1/mono.m3u8 404 
2026-07-24 01:00:40,624 [INFO]   ✅ M3U8 bulundu: https://hlsforever.forgetmoenszo.workers.dev/https://corestream.siteyaptim.live//bein5/tracks-v1a1/mono.m3u8
2026-07-24 01:00:41,624 [INFO] 
[6/14]
2026-07-24 01:00:41,624 [INFO] 🔍 beIN Sports Max 1 → https://www.atomsportv510.top/matches?id=bein-sports-max-1
2026-07-24 01:00:41,733 [INFO] Capturing request: https://www.atomsportv510.top/assets/js/clappr.js
2026-07-24 01:00:41,735 [INFO] Capturing request: https://www.atomsportv510.top/matches?id=bein-sports-max-1
2026-07-24 01:00:41,773 [INFO] Capturing response: https://www.atomsportv510.top/assets/js/clappr.js 200 
2026-07-24 01:00:42,063 [INFO] Capturing response: https://www.atomsportv510.top/matches?id=bein-sports-max-1 200 
2026-07-24 01:00:42,172 [INFO] Capturing request: https://www.atomsportv510.top/assets/js/clappr.js
2026-07-24 01:00:42,309 [INFO] Capturing response: https://www.atomsportv510.top/assets/js/clappr.js 304 
2026-07-24 01:00:42,361 [INFO] Capturing request: https://streamsport365.com/cinema
2026-07-24 01:00:42,465 [INFO] Capturing request: https://teletv5.top/load/yayinlink.php?id=bein-sports-max-1
2026-07-24 01:00:42,466 [INFO] Capturing request: https://www.atomsportv510.top/favicon.ico
2026-07-24 01:00:42,517 [INFO] Capturing response: https://www.atomsportv510.top/favicon.ico 200 
2026-07-24 01:00:42,692 [INFO] Capturing response: https://streamsport365.com/cinema 200 
2026-07-24 01:00:42,849 [INFO] Capturing response: https://teletv5.top/load/yayinlink.php?id=bein-sports-max-1 200 
2026-07-24 01:00:42,961 [INFO] Capturing request: https://www.atomsportv510.top/assets/img/player/player_logo_6a5f6c9cb38e0.png
2026-07-24 01:00:42,970 [INFO] Capturing request: https://hlsforever.forgetmoenszo.workers.dev/https://corestream.siteyaptim.live//trtspor/tracks-v1a1/mono.m3u8
2026-07-24 01:00:43,083 [INFO] Capturing request: https://android.clients.google.com/c2dm/register3
2026-07-24 01:00:43,096 [INFO] Capturing response: https://www.atomsportv510.top/assets/img/player/player_logo_6a5f6c9cb38e0.png 304 
2026-07-24 01:00:43,134 [INFO] Capturing response: https://hlsforever.forgetmoenszo.workers.dev/https://corestream.siteyaptim.live//trtspor/tracks-v1a1/mono.m3u8 404 
2026-07-24 01:00:43,147 [INFO] Capturing response: https://android.clients.google.com/c2dm/register3 301 
2026-07-24 01:00:45,375 [INFO]   ✅ M3U8 bulundu: https://hlsforever.forgetmoenszo.workers.dev/https://corestream.siteyaptim.live//trtspor/tracks-v1a1/mono.m3u8
2026-07-24 01:00:46,375 [INFO] 
[7/14]
2026-07-24 01:00:46,375 [INFO] 🔍 beIN Sports Max 2 → https://www.atomsportv510.top/matches?id=bein-sports-max-2
2026-07-24 01:00:46,484 [INFO] Capturing request: https://www.atomsportv510.top/matches?id=bein-sports-max-2
2026-07-24 01:00:46,943 [INFO] Capturing response: https://www.atomsportv510.top/matches?id=bein-sports-max-2 200 
2026-07-24 01:00:47,054 [INFO] Capturing request: https://www.atomsportv510.top/assets/js/clappr.js
2026-07-24 01:00:47,191 [INFO] Capturing response: https://www.atomsportv510.top/assets/js/clappr.js 304 
2026-07-24 01:00:47,340 [INFO] Capturing request: https://teletv5.top/load/yayinlink.php?id=bein-sports-max-2
2026-07-24 01:00:47,343 [INFO] Capturing request: https://www.atomsportv510.top/favicon.ico
2026-07-24 01:00:47,393 [INFO] Capturing response: https://www.atomsportv510.top/favicon.ico 200 
2026-07-24 01:00:47,485 [INFO] Capturing request: https://streamsport365.com/cinema
2026-07-24 01:00:47,551 [INFO] Capturing response: https://teletv5.top/load/yayinlink.php?id=bein-sports-max-2 200 
2026-07-24 01:00:47,813 [INFO] Capturing response: https://streamsport365.com/cinema 200 
2026-07-24 01:00:47,925 [INFO] Capturing request: https://www.atomsportv510.top/assets/img/player/player_logo_6a5f6c9cb38e0.png
2026-07-24 01:00:47,934 [INFO] Capturing request: https://hlsforever.forgetmoenszo.workers.dev/https://corestream.siteyaptim.live//trtspor/tracks-v1a1/mono.m3u8
2026-07-24 01:00:48,060 [INFO] Capturing response: https://www.atomsportv510.top/assets/img/player/player_logo_6a5f6c9cb38e0.png 304 
2026-07-24 01:00:48,097 [INFO] Capturing response: https://hlsforever.forgetmoenszo.workers.dev/https://corestream.siteyaptim.live//trtspor/tracks-v1a1/mono.m3u8 404 
2026-07-24 01:00:50,257 [INFO]   ✅ M3U8 bulundu: https://hlsforever.forgetmoenszo.workers.dev/https://corestream.siteyaptim.live//trtspor/tracks-v1a1/mono.m3u8
2026-07-24 01:00:51,257 [INFO] 
[8/14]
2026-07-24 01:00:51,257 [INFO] 🔍 S Sport → https://www.atomsportv510.top/matches?id=s-sport
2026-07-24 01:00:51,366 [INFO] Capturing request: https://www.atomsportv510.top/matches?id=s-sport
2026-07-24 01:00:51,656 [INFO] Capturing response: https://www.atomsportv510.top/matches?id=s-sport 200 
2026-07-24 01:00:51,766 [INFO] Capturing request: https://www.atomsportv510.top/assets/js/clappr.js
2026-07-24 01:00:51,901 [INFO] Capturing response: https://www.atomsportv510.top/assets/js/clappr.js 304 
2026-07-24 01:00:51,953 [INFO] Capturing request: https://streamsport365.com/cinema
2026-07-24 01:00:52,052 [INFO] Capturing request: https://teletv5.top/load/yayinlink.php?id=s-sport
2026-07-24 01:00:52,055 [INFO] Capturing request: https://www.atomsportv510.top/favicon.ico
2026-07-24 01:00:52,102 [INFO] Capturing response: https://www.atomsportv510.top/favicon.ico 200 
2026-07-24 01:00:52,260 [INFO] Capturing response: https://teletv5.top/load/yayinlink.php?id=s-sport 200 
2026-07-24 01:00:52,282 [INFO] Capturing response: https://streamsport365.com/cinema 200 
2026-07-24 01:00:52,393 [INFO] Capturing request: https://www.atomsportv510.top/assets/img/player/player_logo_6a5f6c9cb38e0.png
2026-07-24 01:00:52,403 [INFO] Capturing request: https://hlsforever.forgetmoenszo.workers.dev/https://corestream.siteyaptim.live//s-sport/tracks-v1a1/mono.m3u8
2026-07-24 01:00:52,532 [INFO] Capturing response: https://www.atomsportv510.top/assets/img/player/player_logo_6a5f6c9cb38e0.png 304 
2026-07-24 01:00:52,565 [INFO] Capturing response: https://hlsforever.forgetmoenszo.workers.dev/https://corestream.siteyaptim.live//s-sport/tracks-v1a1/mono.m3u8 200 
2026-07-24 01:00:52,715 [INFO] Capturing request: https://global.siteyaptim.live/s-sport/tracks-v1a1/2026/07/24/01/00/47-11800.avif
2026-07-24 01:00:54,650 [INFO] Capturing response: https://global.siteyaptim.live/s-sport/tracks-v1a1/2026/07/24/01/00/47-11800.avif 200 
2026-07-24 01:00:54,898 [INFO] Capturing request: https://global.siteyaptim.live/s-sport/tracks-v1a1/2026/07/24/01/00/59-10000.avif
2026-07-24 01:00:54,968 [INFO]   ✅ M3U8 bulundu: https://hlsforever.forgetmoenszo.workers.dev/https://corestream.siteyaptim.live//s-sport/tracks-v1a1/mono.m3u8
2026-07-24 01:00:55,969 [INFO] 
[9/14]
2026-07-24 01:00:55,969 [INFO] 🔍 S Sport 2 → https://www.atomsportv510.top/matches?id=s-sport-2
2026-07-24 01:00:55,981 [INFO] Capturing response: https://global.siteyaptim.live/s-sport/tracks-v1a1/2026/07/24/01/00/59-10000.avif 200 
2026-07-24 01:00:56,080 [INFO] Capturing request: https://www.atomsportv510.top/matches?id=s-sport-2
2026-07-24 01:00:56,187 [INFO] Capturing request: https://global.siteyaptim.live/s-sport/tracks-v1a1/2026/07/24/01/01/09-12920.avif
2026-07-24 01:00:56,365 [INFO] Capturing response: https://www.atomsportv510.top/matches?id=s-sport-2 200 
2026-07-24 01:00:56,481 [INFO] Capturing request: https://www.atomsportv510.top/assets/js/clappr.js
2026-07-24 01:00:56,617 [INFO] Capturing response: https://www.atomsportv510.top/assets/js/clappr.js 304 
2026-07-24 01:00:56,767 [INFO] Capturing request: https://teletv5.top/load/yayinlink.php?id=s-sport-2
2026-07-24 01:00:56,769 [INFO] Capturing request: https://www.atomsportv510.top/favicon.ico
2026-07-24 01:00:56,816 [INFO] Capturing response: https://www.atomsportv510.top/favicon.ico 200 
2026-07-24 01:00:56,910 [INFO] Capturing request: https://streamsport365.com/cinema
2026-07-24 01:00:56,977 [INFO] Capturing response: https://teletv5.top/load/yayinlink.php?id=s-sport-2 200 
2026-07-24 01:00:57,239 [INFO] Capturing response: https://streamsport365.com/cinema 200 
2026-07-24 01:00:57,351 [INFO] Capturing request: https://www.atomsportv510.top/assets/img/player/player_logo_6a5f6c9cb38e0.png
2026-07-24 01:00:57,359 [INFO] Capturing request: https://hlsforever.forgetmoenszo.workers.dev/https://corestream.siteyaptim.live//s-sport2/tracks-v1a1/mono.m3u8
2026-07-24 01:00:57,483 [INFO] Capturing response: https://www.atomsportv510.top/assets/img/player/player_logo_6a5f6c9cb38e0.png 304 
2026-07-24 01:00:57,519 [INFO] Capturing response: https://hlsforever.forgetmoenszo.workers.dev/https://corestream.siteyaptim.live//s-sport2/tracks-v1a1/mono.m3u8 200 
2026-07-24 01:00:57,627 [INFO] Capturing request: https://global.siteyaptim.live/s-sport2/tracks-v1a1/2026/07/24/01/00/47-06400.avif
2026-07-24 01:00:58,406 [INFO] Capturing response: https://global.siteyaptim.live/s-sport/tracks-v1a1/2026/07/24/01/01/09-12920.avif 200 
2026-07-24 01:00:59,682 [INFO]   ✅ M3U8 bulundu: https://hlsforever.forgetmoenszo.workers.dev/https://corestream.siteyaptim.live//s-sport2/tracks-v1a1/mono.m3u8
2026-07-24 01:00:59,931 [INFO] Capturing response: https://global.siteyaptim.live/s-sport2/tracks-v1a1/2026/07/24/01/00/47-06400.avif 200 
2026-07-24 01:01:00,194 [INFO] Capturing request: https://global.siteyaptim.live/s-sport2/tracks-v1a1/2026/07/24/01/00/53-06400.avif
2026-07-24 01:01:00,683 [INFO] 
[10/14]
2026-07-24 01:01:00,683 [INFO] 🔍 A Spor → https://www.atomsportv510.top/matches?id=a-spor
2026-07-24 01:01:00,791 [INFO] Capturing request: https://www.atomsportv510.top/matches?id=a-spor
2026-07-24 01:01:01,084 [INFO] Capturing response: https://www.atomsportv510.top/matches?id=a-spor 200 
2026-07-24 01:01:01,195 [INFO] Capturing request: https://www.atomsportv510.top/assets/js/clappr.js
2026-07-24 01:01:01,330 [INFO] Capturing response: https://www.atomsportv510.top/assets/js/clappr.js 304 
2026-07-24 01:01:01,384 [INFO] Capturing request: https://streamsport365.com/cinema
2026-07-24 01:01:01,481 [INFO] Capturing request: https://teletv5.top/load/yayinlink.php?id=a-spor
2026-07-24 01:01:01,484 [INFO] Capturing request: https://www.atomsportv510.top/favicon.ico
2026-07-24 01:01:01,539 [INFO] Capturing response: https://www.atomsportv510.top/favicon.ico 200 
2026-07-24 01:01:01,687 [INFO] Capturing response: https://teletv5.top/load/yayinlink.php?id=a-spor 200 
2026-07-24 01:01:01,715 [INFO] Capturing response: https://streamsport365.com/cinema 200 
2026-07-24 01:01:01,824 [INFO] Capturing request: https://www.atomsportv510.top/assets/img/player/player_logo_6a5f6c9cb38e0.png
2026-07-24 01:01:01,834 [INFO] Capturing request: https://hlsforever.forgetmoenszo.workers.dev/https://corestream.siteyaptim.live//aspor/tracks-v1a1/mono.m3u8
2026-07-24 01:01:01,959 [INFO] Capturing response: https://www.atomsportv510.top/assets/img/player/player_logo_6a5f6c9cb38e0.png 304 
2026-07-24 01:01:02,002 [INFO] Capturing response: https://hlsforever.forgetmoenszo.workers.dev/https://corestream.siteyaptim.live//aspor/tracks-v1a1/mono.m3u8 404 
2026-07-24 01:01:02,013 [INFO] Capturing response: https://global.siteyaptim.live/s-sport2/tracks-v1a1/2026/07/24/01/00/53-06400.avif 200 
2026-07-24 01:01:04,396 [INFO]   ✅ M3U8 bulundu: https://hlsforever.forgetmoenszo.workers.dev/https://corestream.siteyaptim.live//aspor/tracks-v1a1/mono.m3u8
2026-07-24 01:01:05,396 [INFO] 
[11/14]
2026-07-24 01:01:05,396 [INFO] 🔍 Tivibu Spor 1 → https://www.atomsportv510.top/matches?id=tivibu-spor-1
2026-07-24 01:01:05,505 [INFO] Capturing request: https://www.atomsportv510.top/matches?id=tivibu-spor-1
2026-07-24 01:01:05,805 [INFO] Capturing response: https://www.atomsportv510.top/matches?id=tivibu-spor-1 200 
2026-07-24 01:01:05,915 [INFO] Capturing request: https://www.atomsportv510.top/assets/js/clappr.js
2026-07-24 01:01:06,051 [INFO] Capturing response: https://www.atomsportv510.top/assets/js/clappr.js 304 
2026-07-24 01:01:06,204 [INFO] Capturing request: https://teletv5.top/load/yayinlink.php?id=tivibu-spor-1
2026-07-24 01:01:06,206 [INFO] Capturing request: https://www.atomsportv510.top/favicon.ico
2026-07-24 01:01:06,257 [INFO] Capturing response: https://www.atomsportv510.top/favicon.ico 200 
2026-07-24 01:01:06,346 [INFO] Capturing request: https://streamsport365.com/cinema
2026-07-24 01:01:06,417 [INFO] Capturing response: https://teletv5.top/load/yayinlink.php?id=tivibu-spor-1 200 
2026-07-24 01:01:06,674 [INFO] Capturing response: https://streamsport365.com/cinema 200 
2026-07-24 01:01:14,287 [INFO] Capturing request: https://update.googleapis.com/service/update2/json?cup2key=16:LhbQDhuSVfSb4lPOSnyQQMNwLGbTAfo-4qLjyPW9OVU&cup2hreq=4ff22d98a2b59390083bf128fd9819215ae4b09274a9715f4dfef2dfb732b0a8
2026-07-24 01:01:14,350 [INFO] Capturing response: https://update.googleapis.com/service/update2/json?cup2key=16:LhbQDhuSVfSb4lPOSnyQQMNwLGbTAfo-4qLjyPW9OVU&cup2hreq=4ff22d98a2b59390083bf128fd9819215ae4b09274a9715f4dfef2dfb732b0a8 200 
2026-07-24 01:01:14,356 [INFO] Capturing request: http://edgedl.me.gvt1.com/edgedl/diffgen-puffin/gcmjkmgdlgnkkcocmoeiminaijmmjnii/df2a22d5ecc7788c3330ebd5f856b41531c74f412a01ed7453d11284708009fe
2026-07-24 01:01:14,431 [INFO] Capturing response: http://edgedl.me.gvt1.com/edgedl/diffgen-puffin/gcmjkmgdlgnkkcocmoeiminaijmmjnii/df2a22d5ecc7788c3330ebd5f856b41531c74f412a01ed7453d11284708009fe 200 OK
2026-07-24 01:01:14,455 [INFO] Capturing request: https://update.googleapis.com/service/update2/json
2026-07-24 01:01:14,516 [INFO] Capturing response: https://update.googleapis.com/service/update2/json 200 
2026-07-24 01:01:14,561 [INFO] Capturing request: http://edgedl.me.gvt1.com/edgedl/diffgen-puffin/hfnkpimlhhgieaddgfemjhofmfblmnib/a271a50180a691f6c14d733a89d5cc77bfecbe9c212c92b2ebd6ed90dc61ff0e
2026-07-24 01:01:14,630 [INFO] Capturing response: http://edgedl.me.gvt1.com/edgedl/diffgen-puffin/hfnkpimlhhgieaddgfemjhofmfblmnib/a271a50180a691f6c14d733a89d5cc77bfecbe9c212c92b2ebd6ed90dc61ff0e 200 OK
2026-07-24 01:01:14,740 [INFO] Capturing request: https://update.googleapis.com/service/update2/json
2026-07-24 01:01:14,800 [INFO] Capturing response: https://update.googleapis.com/service/update2/json 200 
2026-07-24 01:01:39,378 [WARNING]   ❌ Tivibu Spor 1 için M3U8 bulunamadı
2026-07-24 01:01:40,378 [INFO] 
[12/14]
2026-07-24 01:01:40,378 [INFO] 🔍 Tivibu Spor 2 → https://www.atomsportv510.top/matches?id=tivibu-spor-2
2026-07-24 01:01:40,551 [INFO] Capturing request: https://www.atomsportv510.top/matches?id=tivibu-spor-2
2026-07-24 01:01:41,438 [INFO] Capturing response: https://www.atomsportv510.top/matches?id=tivibu-spor-2 200 
2026-07-24 01:01:41,585 [INFO] Capturing request: https://www.atomsportv510.top/assets/js/clappr.js
2026-07-24 01:01:41,669 [INFO] Capturing request: https://android.clients.google.com/c2dm/register3
2026-07-24 01:01:41,733 [INFO] Capturing response: https://android.clients.google.com/c2dm/register3 301 
2026-07-24 01:01:41,735 [INFO] Capturing response: https://www.atomsportv510.top/assets/js/clappr.js 304 
2026-07-24 01:01:41,890 [INFO] Capturing request: https://www.atomsportv510.top/favicon.ico
2026-07-24 01:01:41,949 [INFO] Capturing response: https://www.atomsportv510.top/favicon.ico 200 
2026-07-24 01:01:41,950 [INFO] Capturing request: https://teletv5.top/load/yayinlink.php?id=tivibu-spor-2
2026-07-24 01:01:42,373 [INFO] Capturing response: https://teletv5.top/load/yayinlink.php?id=tivibu-spor-2 200 
2026-07-24 01:01:42,438 [INFO] Capturing request: https://streamsport365.com/cinema
2026-07-24 01:01:42,761 [INFO] Capturing response: https://streamsport365.com/cinema 200 
2026-07-24 01:02:15,017 [WARNING]   ❌ Tivibu Spor 2 için M3U8 bulunamadı
2026-07-24 01:02:16,018 [INFO] 
[13/14]
2026-07-24 01:02:16,018 [INFO] 🔍 Tivibu Spor 3 → https://www.atomsportv510.top/matches?id=tivibu-spor-3
2026-07-24 01:02:16,129 [INFO] Capturing request: https://www.atomsportv510.top/matches?id=tivibu-spor-3
2026-07-24 01:02:16,636 [INFO] Capturing response: https://www.atomsportv510.top/matches?id=tivibu-spor-3 200 
2026-07-24 01:02:16,746 [INFO] Capturing request: https://www.atomsportv510.top/assets/js/clappr.js
2026-07-24 01:02:16,881 [INFO] Capturing response: https://www.atomsportv510.top/assets/js/clappr.js 304 
2026-07-24 01:02:17,036 [INFO] Capturing request: https://teletv5.top/load/yayinlink.php?id=tivibu-spor-3
2026-07-24 01:02:17,037 [INFO] Capturing request: https://www.atomsportv510.top/favicon.ico
2026-07-24 01:02:17,106 [INFO] Capturing response: https://www.atomsportv510.top/favicon.ico 200 
2026-07-24 01:02:17,177 [INFO] Capturing request: https://streamsport365.com/cinema
2026-07-24 01:02:17,259 [INFO] Capturing response: https://teletv5.top/load/yayinlink.php?id=tivibu-spor-3 200 
2026-07-24 01:02:17,506 [INFO] Capturing response: https://streamsport365.com/cinema 200 
2026-07-24 01:02:50,166 [WARNING]   ❌ Tivibu Spor 3 için M3U8 bulunamadı
2026-07-24 01:02:51,166 [INFO] 
[14/14]
2026-07-24 01:02:51,166 [INFO] 🔍 Tivibu Spor 4 → https://www.atomsportv510.top/matches?id=tivibu-spor-4
2026-07-24 01:02:51,275 [INFO] Capturing request: https://www.atomsportv510.top/matches?id=tivibu-spor-4
2026-07-24 01:02:52,166 [INFO] Capturing response: https://www.atomsportv510.top/matches?id=tivibu-spor-4 200 
2026-07-24 01:02:52,276 [INFO] Capturing request: https://www.atomsportv510.top/assets/js/clappr.js
2026-07-24 01:02:52,409 [INFO] Capturing response: https://www.atomsportv510.top/assets/js/clappr.js 304 
2026-07-24 01:02:52,563 [INFO] Capturing request: https://teletv5.top/load/yayinlink.php?id=tivibu-spor-4
2026-07-24 01:02:52,564 [INFO] Capturing request: https://www.atomsportv510.top/favicon.ico
2026-07-24 01:02:52,619 [INFO] Capturing response: https://www.atomsportv510.top/favicon.ico 200 
2026-07-24 01:02:52,706 [INFO] Capturing request: https://streamsport365.com/cinema
2026-07-24 01:02:52,777 [INFO] Capturing response: https://teletv5.top/load/yayinlink.php?id=tivibu-spor-4 200 
2026-07-24 01:02:53,036 [INFO] Capturing response: https://streamsport365.com/cinema 200 
2026-07-24 01:03:13,582 [INFO] Capturing request: https://android.clients.google.com/c2dm/register3
2026-07-24 01:03:13,648 [INFO] Capturing response: https://android.clients.google.com/c2dm/register3 301 
2026-07-24 01:03:25,689 [WARNING]   ❌ Tivibu Spor 4 için M3U8 bulunamadı
2026-07-24 01:03:26,748 [INFO] ✅ 10 kanal bulundu, playlist.m3u kaydedildi
