2026-05-30 17:08:06,230 [INFO] 🌐 BASE_URL: https://atomsportv505.top
2026-05-30 17:08:07,157 [INFO] Başlanıyor... 14 kanal taranacak
2026-05-30 17:08:07,158 [INFO] Using default request storage
2026-05-30 17:08:07,162 [INFO] Created proxy listening on 127.0.0.1:45585
2026-05-30 17:08:07,822 [INFO] Capturing request: http://clients2.google.com/time/1/current?cup2key=10:YEQ0wqMHTZBwmYVovirpcHd0WnJfM5PU8yf1UNAxp1s&cup2hreq=e3b0c44298fc1c149afbf4c8996fb92427ae41e4649b934ca495991b7852b855
2026-05-30 17:08:07,854 [INFO] Capturing response: http://clients2.google.com/time/1/current?cup2key=10:YEQ0wqMHTZBwmYVovirpcHd0WnJfM5PU8yf1UNAxp1s&cup2hreq=e3b0c44298fc1c149afbf4c8996fb92427ae41e4649b934ca495991b7852b855 200 OK
2026-05-30 17:08:07,937 [INFO] 
[1/14]
2026-05-30 17:08:07,937 [INFO] 🔍 beIN Sports 1 → https://atomsportv505.top/matches?id=bein-sports-1
2026-05-30 17:08:07,989 [INFO] Capturing request: https://accounts.google.com/ListAccounts?gpsia=1&source=ChromiumBrowser&json=standard&laf=b64bin
2026-05-30 17:08:08,039 [INFO] Capturing response: https://accounts.google.com/ListAccounts?gpsia=1&source=ChromiumBrowser&json=standard&laf=b64bin 200 
2026-05-30 17:08:08,109 [INFO] Capturing request: https://atomsportv505.top/matches?id=bein-sports-1
2026-05-30 17:08:08,334 [INFO] Capturing request: https://www.google.com/async/folae?async=_fmt:pb&udm=50&client_locale=en-US
2026-05-30 17:08:08,365 [INFO] Capturing response: https://www.google.com/async/folae?async=_fmt:pb&udm=50&client_locale=en-US 200 
2026-05-30 17:08:08,787 [INFO] Capturing response: https://atomsportv505.top/matches?id=bein-sports-1 200 
2026-05-30 17:08:08,940 [INFO] Capturing request: https://atomsportv505.top/assets/js/clappr.js
2026-05-30 17:08:08,996 [INFO] Capturing request: https://cdnjs.cloudflare.com/ajax/libs/jquery/3.2.1/jquery.min.js
2026-05-30 17:08:09,000 [INFO] Capturing request: https://cdn.jsdelivr.net/npm/@clappr/player@latest/dist/clappr.min.js
2026-05-30 17:08:09,012 [INFO] Capturing response: https://atomsportv505.top/assets/js/clappr.js 200 
2026-05-30 17:08:09,022 [INFO] Capturing response: https://cdnjs.cloudflare.com/ajax/libs/jquery/3.2.1/jquery.min.js 200 
2026-05-30 17:08:09,044 [INFO] Capturing response: https://cdn.jsdelivr.net/npm/@clappr/player@latest/dist/clappr.min.js 200 
2026-05-30 17:08:09,226 [INFO] Capturing request: https://static.cloudflareinsights.com/beacon.min.js/v833ccba57c9e4d2798f2e76cebdd09a11778172276447
2026-05-30 17:08:09,253 [INFO] Capturing response: https://static.cloudflareinsights.com/beacon.min.js/v833ccba57c9e4d2798f2e76cebdd09a11778172276447 200 
2026-05-30 17:08:09,315 [INFO] Capturing request: https://atomsportv505.top/cdn-cgi/rum?
2026-05-30 17:08:09,418 [INFO] Capturing request: https://atomsportv505.top/favicon.ico
2026-05-30 17:08:09,430 [INFO] Capturing response: https://atomsportv505.top/cdn-cgi/rum? 204 
2026-05-30 17:08:09,500 [INFO] Capturing request: https://teletv5.top/load/yayinlink.php?id=bein-sports-1
2026-05-30 17:08:09,506 [INFO] Capturing response: https://atomsportv505.top/favicon.ico 200 
2026-05-30 17:08:09,949 [INFO] Capturing response: https://teletv5.top/load/yayinlink.php?id=bein-sports-1 200 
2026-05-30 17:08:10,078 [INFO] Capturing request: https://streamsport365.com/cinema
2026-05-30 17:08:10,441 [INFO] Capturing response: https://streamsport365.com/cinema 200 
2026-05-30 17:08:10,572 [INFO] Capturing request: https://atomsportv505.top/assets/img/player_logo_6880e4e4c52ee.png
2026-05-30 17:08:10,654 [INFO] Capturing response: https://atomsportv505.top/assets/img/player_logo_6880e4e4c52ee.png 200 
2026-05-30 17:08:10,740 [INFO] Capturing request: https://hlssssssssssssssssss.yedeklinksa35.workers.dev/https://corestream.ronaldovurdu.help//trt1/tracks-v1a1/mono.m3u8
2026-05-30 17:08:11,192 [INFO] Capturing response: https://hlssssssssssssssssss.yedeklinksa35.workers.dev/https://corestream.ronaldovurdu.help//trt1/tracks-v1a1/mono.m3u8 200 
2026-05-30 17:08:11,231 [INFO] Capturing request: https://android.clients.google.com/checkin
2026-05-30 17:08:11,320 [INFO] Capturing response: https://android.clients.google.com/checkin 200 
2026-05-30 17:08:11,368 [INFO] Capturing request: https://android.clients.google.com/c2dm/register3
2026-05-30 17:08:11,374 [INFO] Capturing request: https://android.clients.google.com/c2dm/register3
2026-05-30 17:08:11,378 [INFO] Capturing request: https://android.clients.google.com/c2dm/register3
2026-05-30 17:08:11,399 [INFO] Capturing response: https://android.clients.google.com/c2dm/register3 301 
2026-05-30 17:08:11,513 [INFO] Capturing request: https://ts.yedeklinksa35.workers.dev/trt1/tracks-v1a1/2026/05/30/17/08/02-06000.avif
2026-05-30 17:08:12,005 [INFO] Capturing response: https://android.clients.google.com/c2dm/register3 200 
2026-05-30 17:08:12,125 [INFO] Capturing response: https://android.clients.google.com/c2dm/register3 200 
2026-05-30 17:08:12,340 [INFO]   ✅ M3U8 bulundu: https://hlssssssssssssssssss.yedeklinksa35.workers.dev/https://corestream.ronaldovurdu.help//trt1/tracks-v1a1/mono.m3u8
2026-05-30 17:08:12,523 [INFO] Capturing response: https://ts.yedeklinksa35.workers.dev/trt1/tracks-v1a1/2026/05/30/17/08/02-06000.avif 200 
2026-05-30 17:08:12,852 [INFO] Capturing request: https://ts.yedeklinksa35.workers.dev/trt1/tracks-v1a1/2026/05/30/17/08/08-06000.avif
2026-05-30 17:08:13,340 [INFO] 
[2/14]
2026-05-30 17:08:13,340 [INFO] 🔍 beIN Sports 2 → https://atomsportv505.top/matches?id=bein-sports-2
2026-05-30 17:08:13,463 [INFO] Capturing request: https://atomsportv505.top/matches?id=bein-sports-2
2026-05-30 17:08:13,507 [INFO] Capturing response: https://atomsportv505.top/matches?id=bein-sports-2 200 
2026-05-30 17:08:13,520 [INFO] Capturing request: https://atomsportv505.top/cdn-cgi/rum?
2026-05-30 17:08:13,569 [INFO] Capturing request: https://streamsport365.com/cinema
2026-05-30 17:08:13,579 [INFO] Capturing request: https://atomsportv505.top/cdn-cgi/rum?
2026-05-30 17:08:13,671 [INFO] Capturing request: https://teletv5.top/load/yayinlink.php?id=bein-sports-2
2026-05-30 17:08:13,680 [INFO] Capturing request: https://atomsportv505.top/favicon.ico
2026-05-30 17:08:13,683 [INFO] Capturing response: https://atomsportv505.top/cdn-cgi/rum? 204 
2026-05-30 17:08:13,719 [INFO] Capturing response: https://atomsportv505.top/favicon.ico 200 
2026-05-30 17:08:13,737 [INFO] Capturing response: https://atomsportv505.top/cdn-cgi/rum? 204 
2026-05-30 17:08:13,810 [INFO] Capturing response: https://ts.yedeklinksa35.workers.dev/trt1/tracks-v1a1/2026/05/30/17/08/08-06000.avif 200 
2026-05-30 17:08:13,898 [INFO] Capturing response: https://teletv5.top/load/yayinlink.php?id=bein-sports-2 200 
2026-05-30 17:08:13,942 [INFO] Capturing response: https://streamsport365.com/cinema 200 
2026-05-30 17:08:14,065 [INFO] Capturing request: https://hlssssssssssssssssss.yedeklinksa35.workers.dev/https://corestream.ronaldovurdu.help//bein2/tracks-v1a1/mono.m3u8
2026-05-30 17:08:14,349 [INFO] Capturing response: https://hlssssssssssssssssss.yedeklinksa35.workers.dev/https://corestream.ronaldovurdu.help//bein2/tracks-v1a1/mono.m3u8 200 
2026-05-30 17:08:14,458 [INFO] Capturing request: https://ts.yedeklinksa35.workers.dev/bein2/tracks-v1a1/2026/05/30/17/07/56-10000.avif
2026-05-30 17:08:15,032 [INFO] Capturing response: https://ts.yedeklinksa35.workers.dev/bein2/tracks-v1a1/2026/05/30/17/07/56-10000.avif 200 
2026-05-30 17:08:15,254 [INFO] Capturing request: https://ts.yedeklinksa35.workers.dev/bein2/tracks-v1a1/2026/05/30/17/08/06-10000.avif
2026-05-30 17:08:15,818 [INFO] Capturing response: https://ts.yedeklinksa35.workers.dev/bein2/tracks-v1a1/2026/05/30/17/08/06-10000.avif 200 
2026-05-30 17:08:16,059 [INFO] Capturing request: https://ts.yedeklinksa35.workers.dev/bein2/tracks-v1a1/2026/05/30/17/08/16-10000.avif
2026-05-30 17:08:16,594 [INFO]   ✅ M3U8 bulundu: https://hlssssssssssssssssss.yedeklinksa35.workers.dev/https://corestream.ronaldovurdu.help//bein2/tracks-v1a1/mono.m3u8
2026-05-30 17:08:16,667 [INFO] Capturing response: https://ts.yedeklinksa35.workers.dev/bein2/tracks-v1a1/2026/05/30/17/08/16-10000.avif 200 
2026-05-30 17:08:17,595 [INFO] 
[3/14]
2026-05-30 17:08:17,595 [INFO] 🔍 beIN Sports 3 → https://atomsportv505.top/matches?id=bein-sports-3
2026-05-30 17:08:17,708 [INFO] Capturing request: https://atomsportv505.top/assets/js/clappr.js
2026-05-30 17:08:17,709 [INFO] Capturing request: https://atomsportv505.top/matches?id=bein-sports-3
2026-05-30 17:08:17,733 [INFO] Capturing response: https://atomsportv505.top/assets/js/clappr.js 200 
2026-05-30 17:08:17,769 [INFO] Capturing response: https://atomsportv505.top/matches?id=bein-sports-3 200 
2026-05-30 17:08:17,780 [INFO] Capturing request: https://atomsportv505.top/cdn-cgi/rum?
2026-05-30 17:08:17,806 [INFO] Capturing request: https://atomsportv505.top/cdn-cgi/rum?
2026-05-30 17:08:17,903 [INFO] Capturing request: https://teletv5.top/load/yayinlink.php?id=bein-sports-3
2026-05-30 17:08:17,908 [INFO] Capturing request: https://atomsportv505.top/favicon.ico
2026-05-30 17:08:17,918 [INFO] Capturing response: https://atomsportv505.top/cdn-cgi/rum? 204 
2026-05-30 17:08:17,919 [INFO] Capturing response: https://atomsportv505.top/cdn-cgi/rum? 204 
2026-05-30 17:08:17,948 [INFO] Capturing response: https://atomsportv505.top/favicon.ico 200 
2026-05-30 17:08:18,063 [INFO] Capturing request: https://streamsport365.com/cinema
2026-05-30 17:08:18,118 [INFO] Capturing response: https://teletv5.top/load/yayinlink.php?id=bein-sports-3 200 
2026-05-30 17:08:18,434 [INFO] Capturing response: https://streamsport365.com/cinema 200 
2026-05-30 17:08:39,265 [INFO] Capturing request: https://android.clients.google.com/c2dm/register3
2026-05-30 17:08:39,297 [INFO] Capturing response: https://android.clients.google.com/c2dm/register3 301 
2026-05-30 17:08:51,124 [WARNING]   ❌ beIN Sports 3 için M3U8 bulunamadı
2026-05-30 17:08:52,124 [INFO] 
[4/14]
2026-05-30 17:08:52,124 [INFO] 🔍 beIN Sports 4 → https://atomsportv505.top/matches?id=bein-sports-4
2026-05-30 17:08:52,232 [INFO] Capturing request: https://atomsportv505.top/assets/js/clappr.js
2026-05-30 17:08:52,234 [INFO] Capturing request: https://atomsportv505.top/matches?id=bein-sports-4
2026-05-30 17:08:52,255 [INFO] Capturing response: https://atomsportv505.top/assets/js/clappr.js 200 
2026-05-30 17:08:52,567 [INFO] Capturing response: https://atomsportv505.top/matches?id=bein-sports-4 200 
2026-05-30 17:08:52,576 [INFO] Capturing request: https://atomsportv505.top/cdn-cgi/rum?
2026-05-30 17:08:52,607 [INFO] Capturing request: https://atomsportv505.top/cdn-cgi/rum?
2026-05-30 17:08:52,690 [INFO] Capturing response: https://atomsportv505.top/cdn-cgi/rum? 204 
2026-05-30 17:08:52,706 [INFO] Capturing request: https://teletv5.top/load/yayinlink.php?id=bein-sports-4
2026-05-30 17:08:52,712 [INFO] Capturing request: https://atomsportv505.top/favicon.ico
2026-05-30 17:08:52,755 [INFO] Capturing response: https://atomsportv505.top/favicon.ico 200 
2026-05-30 17:08:52,763 [INFO] Capturing response: https://atomsportv505.top/cdn-cgi/rum? 204 
2026-05-30 17:08:52,865 [INFO] Capturing request: https://streamsport365.com/cinema
2026-05-30 17:08:52,998 [INFO] Capturing response: https://teletv5.top/load/yayinlink.php?id=bein-sports-4 200 
2026-05-30 17:08:53,243 [INFO] Capturing response: https://streamsport365.com/cinema 200 
2026-05-30 17:09:07,884 [INFO] Capturing request: https://update.googleapis.com/service/update2/json?cup2key=16:BXEKjKMbcmv8zDAK5orpOinQndvQwUPD4J_P19QaqXA&cup2hreq=6562db3c921d3d86480c0b9145993d09c99459c5d2de36ae10ed28a5ef40d5c3
2026-05-30 17:09:07,910 [INFO] Capturing response: https://update.googleapis.com/service/update2/json?cup2key=16:BXEKjKMbcmv8zDAK5orpOinQndvQwUPD4J_P19QaqXA&cup2hreq=6562db3c921d3d86480c0b9145993d09c99459c5d2de36ae10ed28a5ef40d5c3 200 
2026-05-30 17:09:25,882 [WARNING]   ❌ beIN Sports 4 için M3U8 bulunamadı
2026-05-30 17:09:26,882 [INFO] 
[5/14]
2026-05-30 17:09:26,882 [INFO] 🔍 beIN Sports 5 → https://atomsportv505.top/matches?id=bein-sports-5
2026-05-30 17:09:26,992 [INFO] Capturing request: https://atomsportv505.top/assets/js/clappr.js
2026-05-30 17:09:26,994 [INFO] Capturing request: https://atomsportv505.top/matches?id=bein-sports-5
2026-05-30 17:09:27,017 [INFO] Capturing response: https://atomsportv505.top/assets/js/clappr.js 200 
2026-05-30 17:09:27,326 [INFO] Capturing response: https://atomsportv505.top/matches?id=bein-sports-5 200 
2026-05-30 17:09:27,335 [INFO] Capturing request: https://atomsportv505.top/cdn-cgi/rum?
2026-05-30 17:09:27,365 [INFO] Capturing request: https://atomsportv505.top/cdn-cgi/rum?
2026-05-30 17:09:27,449 [INFO] Capturing response: https://atomsportv505.top/cdn-cgi/rum? 204 
2026-05-30 17:09:27,460 [INFO] Capturing request: https://teletv5.top/load/yayinlink.php?id=bein-sports-5
2026-05-30 17:09:27,466 [INFO] Capturing request: https://atomsportv505.top/favicon.ico
2026-05-30 17:09:27,507 [INFO] Capturing response: https://atomsportv505.top/favicon.ico 200 
2026-05-30 17:09:27,520 [INFO] Capturing response: https://atomsportv505.top/cdn-cgi/rum? 204 
2026-05-30 17:09:27,614 [INFO] Capturing request: https://streamsport365.com/cinema
2026-05-30 17:09:27,684 [INFO] Capturing response: https://teletv5.top/load/yayinlink.php?id=bein-sports-5 200 
2026-05-30 17:09:27,986 [INFO] Capturing response: https://streamsport365.com/cinema 200 
2026-05-30 17:09:37,178 [INFO] Capturing request: https://android.clients.google.com/c2dm/register3
2026-05-30 17:09:37,207 [INFO] Capturing response: https://android.clients.google.com/c2dm/register3 301 
2026-05-30 17:10:00,635 [WARNING]   ❌ beIN Sports 5 için M3U8 bulunamadı
2026-05-30 17:10:01,635 [INFO] 
[6/14]
2026-05-30 17:10:01,636 [INFO] 🔍 beIN Sports Max 1 → https://atomsportv505.top/matches?id=bein-sports-max-1
2026-05-30 17:10:01,743 [INFO] Capturing request: https://atomsportv505.top/assets/js/clappr.js
2026-05-30 17:10:01,746 [INFO] Capturing request: https://atomsportv505.top/matches?id=bein-sports-max-1
2026-05-30 17:10:01,767 [INFO] Capturing response: https://atomsportv505.top/assets/js/clappr.js 200 
2026-05-30 17:10:02,078 [INFO] Capturing response: https://atomsportv505.top/matches?id=bein-sports-max-1 200 
2026-05-30 17:10:02,088 [INFO] Capturing request: https://atomsportv505.top/cdn-cgi/rum?
2026-05-30 17:10:02,119 [INFO] Capturing request: https://atomsportv505.top/cdn-cgi/rum?
2026-05-30 17:10:02,204 [INFO] Capturing response: https://atomsportv505.top/cdn-cgi/rum? 204 
2026-05-30 17:10:02,218 [INFO] Capturing request: https://teletv5.top/load/yayinlink.php?id=bein-sports-max-1
2026-05-30 17:10:02,225 [INFO] Capturing request: https://atomsportv505.top/favicon.ico
2026-05-30 17:10:02,276 [INFO] Capturing response: https://atomsportv505.top/cdn-cgi/rum? 204 
2026-05-30 17:10:02,281 [INFO] Capturing response: https://atomsportv505.top/favicon.ico 200 
2026-05-30 17:10:02,378 [INFO] Capturing request: https://streamsport365.com/cinema
2026-05-30 17:10:02,449 [INFO] Capturing response: https://teletv5.top/load/yayinlink.php?id=bein-sports-max-1 200 
2026-05-30 17:10:02,754 [INFO] Capturing response: https://streamsport365.com/cinema 200 
2026-05-30 17:10:35,391 [WARNING]   ❌ beIN Sports Max 1 için M3U8 bulunamadı
2026-05-30 17:10:36,391 [INFO] 
[7/14]
2026-05-30 17:10:36,391 [INFO] 🔍 beIN Sports Max 2 → https://atomsportv505.top/matches?id=bein-sports-max-2
2026-05-30 17:10:36,500 [INFO] Capturing request: https://atomsportv505.top/assets/js/clappr.js
2026-05-30 17:10:36,502 [INFO] Capturing request: https://atomsportv505.top/matches?id=bein-sports-max-2
2026-05-30 17:10:36,819 [INFO] Capturing response: https://atomsportv505.top/matches?id=bein-sports-max-2 200 
2026-05-30 17:10:36,829 [INFO] Capturing request: https://atomsportv505.top/cdn-cgi/rum?
2026-05-30 17:10:36,860 [INFO] Capturing request: https://atomsportv505.top/cdn-cgi/rum?
2026-05-30 17:10:36,944 [INFO] Capturing response: https://atomsportv505.top/cdn-cgi/rum? 204 
2026-05-30 17:10:36,959 [INFO] Capturing response: https://atomsportv505.top/assets/js/clappr.js 200 
2026-05-30 17:10:36,959 [INFO] Capturing request: https://teletv5.top/load/yayinlink.php?id=bein-sports-max-2
2026-05-30 17:10:36,962 [INFO] Capturing request: https://atomsportv505.top/favicon.ico
2026-05-30 17:10:37,015 [INFO] Capturing response: https://atomsportv505.top/cdn-cgi/rum? 204 
2026-05-30 17:10:37,113 [INFO] Capturing request: https://streamsport365.com/cinema
2026-05-30 17:10:37,295 [INFO] Capturing response: https://teletv5.top/load/yayinlink.php?id=bein-sports-max-2 200 
2026-05-30 17:10:37,479 [INFO] Capturing response: https://streamsport365.com/cinema 200 
2026-05-30 17:10:37,628 [INFO] Capturing response: https://atomsportv505.top/favicon.ico 200 
2026-05-30 17:11:10,131 [WARNING]   ❌ beIN Sports Max 2 için M3U8 bulunamadı
2026-05-30 17:11:11,132 [INFO] 
[8/14]
2026-05-30 17:11:11,132 [INFO] 🔍 S Sport → https://atomsportv505.top/matches?id=s-sport
2026-05-30 17:11:11,240 [INFO] Capturing request: https://atomsportv505.top/assets/js/clappr.js
2026-05-30 17:11:11,242 [INFO] Capturing request: https://atomsportv505.top/matches?id=s-sport
2026-05-30 17:11:11,263 [INFO] Capturing response: https://atomsportv505.top/assets/js/clappr.js 200 
2026-05-30 17:11:11,555 [INFO] Capturing response: https://atomsportv505.top/matches?id=s-sport 200 
2026-05-30 17:11:11,565 [INFO] Capturing request: https://atomsportv505.top/cdn-cgi/rum?
2026-05-30 17:11:11,600 [INFO] Capturing request: https://atomsportv505.top/cdn-cgi/rum?
2026-05-30 17:11:11,701 [INFO] Capturing request: https://teletv5.top/load/yayinlink.php?id=s-sport
2026-05-30 17:11:11,704 [INFO] Capturing request: https://atomsportv505.top/favicon.ico
2026-05-30 17:11:11,712 [INFO] Capturing response: https://atomsportv505.top/cdn-cgi/rum? 204 
2026-05-30 17:11:11,716 [INFO] Capturing response: https://atomsportv505.top/cdn-cgi/rum? 204 
2026-05-30 17:11:11,745 [INFO] Capturing response: https://atomsportv505.top/favicon.ico 200 
2026-05-30 17:11:11,852 [INFO] Capturing request: https://streamsport365.com/cinema
2026-05-30 17:11:11,915 [INFO] Capturing response: https://teletv5.top/load/yayinlink.php?id=s-sport 200 
2026-05-30 17:11:12,226 [INFO] Capturing response: https://streamsport365.com/cinema 200 
2026-05-30 17:11:12,347 [INFO] Capturing request: https://hlssssssssssssssssss.yedeklinksa35.workers.dev/https://corestream.ronaldovurdu.help//s-sportt/tracks-v1a1/mono.m3u8
2026-05-30 17:11:12,676 [INFO] Capturing response: https://hlssssssssssssssssss.yedeklinksa35.workers.dev/https://corestream.ronaldovurdu.help//s-sportt/tracks-v1a1/mono.m3u8 200 
2026-05-30 17:11:12,786 [INFO] Capturing request: https://ts.yedeklinksa35.workers.dev/s-sportt/tracks-v1a1/2026/05/30/17/12/25-05080.avif
2026-05-30 17:11:13,141 [INFO] Capturing response: https://ts.yedeklinksa35.workers.dev/s-sportt/tracks-v1a1/2026/05/30/17/12/25-05080.avif 200 
2026-05-30 17:11:13,329 [INFO] Capturing request: https://ts.yedeklinksa35.workers.dev/s-sportt/tracks-v1a1/2026/05/30/17/11/33-09820.avif
2026-05-30 17:11:13,653 [INFO] Capturing response: https://ts.yedeklinksa35.workers.dev/s-sportt/tracks-v1a1/2026/05/30/17/11/33-09820.avif 200 
2026-05-30 17:11:13,844 [INFO] Capturing request: https://ts.yedeklinksa35.workers.dev/s-sportt/tracks-v1a1/2026/05/30/17/11/42-10157.avif
2026-05-30 17:11:14,640 [INFO]   ✅ M3U8 bulundu: https://hlssssssssssssssssss.yedeklinksa35.workers.dev/https://corestream.ronaldovurdu.help//s-sportt/tracks-v1a1/mono.m3u8
2026-05-30 17:11:15,251 [INFO] Capturing request: https://android.clients.google.com/c2dm/register3
2026-05-30 17:11:15,292 [INFO] Capturing response: https://android.clients.google.com/c2dm/register3 301 
2026-05-30 17:11:15,640 [INFO] 
[9/14]
2026-05-30 17:11:15,642 [INFO] 🔍 S Sport 2 → https://atomsportv505.top/matches?id=s-sport-2
2026-05-30 17:11:15,788 [INFO] Capturing request: https://atomsportv505.top/matches?id=s-sport-2
2026-05-30 17:11:15,791 [INFO] Capturing request: https://atomsportv505.top/assets/js/clappr.js
2026-05-30 17:11:15,844 [INFO] Capturing response: https://atomsportv505.top/matches?id=s-sport-2 200 
2026-05-30 17:11:15,865 [INFO] Capturing response: https://atomsportv505.top/assets/js/clappr.js 200 
2026-05-30 17:11:15,868 [INFO] Capturing request: https://atomsportv505.top/cdn-cgi/rum?
2026-05-30 17:11:15,907 [INFO] Capturing request: https://streamsport365.com/cinema
2026-05-30 17:11:15,921 [INFO] Capturing request: https://atomsportv505.top/cdn-cgi/rum?
2026-05-30 17:11:16,005 [INFO] Capturing request: https://teletv5.top/load/yayinlink.php?id=s-sport-2
2026-05-30 17:11:16,023 [INFO] Capturing request: https://atomsportv505.top/favicon.ico
2026-05-30 17:11:16,033 [INFO] Capturing response: https://atomsportv505.top/cdn-cgi/rum? 204 
2026-05-30 17:11:16,039 [INFO] Capturing response: https://atomsportv505.top/cdn-cgi/rum? 204 
2026-05-30 17:11:16,077 [INFO] Capturing response: https://atomsportv505.top/favicon.ico 200 
2026-05-30 17:11:16,235 [INFO] Capturing response: https://teletv5.top/load/yayinlink.php?id=s-sport-2 200 
2026-05-30 17:11:16,304 [INFO] Capturing response: https://streamsport365.com/cinema 200 
2026-05-30 17:11:16,446 [INFO] Capturing request: https://hlssssssssssssssssss.yedeklinksa35.workers.dev/https://corestream.ronaldovurdu.help//s-sport2/tracks-v1a1/mono.m3u8
2026-05-30 17:11:16,678 [INFO] Capturing response: https://hlssssssssssssssssss.yedeklinksa35.workers.dev/https://corestream.ronaldovurdu.help//s-sport2/tracks-v1a1/mono.m3u8 200 
2026-05-30 17:11:16,842 [INFO] Capturing request: https://ts.yedeklinksa35.workers.dev/s-sport2/tracks-v1a1/2026/05/30/17/11/29-06000.avif
2026-05-30 17:11:18,232 [INFO] Capturing response: https://ts.yedeklinksa35.workers.dev/s-sportt/tracks-v1a1/2026/05/30/17/11/42-10157.avif 200 
2026-05-30 17:11:18,936 [INFO]   ✅ M3U8 bulundu: https://hlssssssssssssssssss.yedeklinksa35.workers.dev/https://corestream.ronaldovurdu.help//s-sport2/tracks-v1a1/mono.m3u8
2026-05-30 17:11:18,968 [INFO] Capturing response: https://ts.yedeklinksa35.workers.dev/s-sport2/tracks-v1a1/2026/05/30/17/11/29-06000.avif 200 
2026-05-30 17:11:19,293 [INFO] Capturing request: https://ts.yedeklinksa35.workers.dev/s-sport2/tracks-v1a1/2026/05/30/17/11/35-06000.avif
2026-05-30 17:11:19,936 [INFO] 
[10/14]
2026-05-30 17:11:19,936 [INFO] 🔍 A Spor → https://atomsportv505.top/matches?id=a-spor
2026-05-30 17:11:20,048 [INFO] Capturing request: https://atomsportv505.top/assets/js/clappr.js
2026-05-30 17:11:20,055 [INFO] Capturing request: https://atomsportv505.top/matches?id=a-spor
2026-05-30 17:11:20,126 [INFO] Capturing response: https://atomsportv505.top/assets/js/clappr.js 200 
2026-05-30 17:11:20,136 [INFO] Capturing response: https://atomsportv505.top/matches?id=a-spor 200 
2026-05-30 17:11:20,156 [INFO] Capturing request: https://atomsportv505.top/cdn-cgi/rum?
2026-05-30 17:11:20,194 [INFO] Capturing request: https://atomsportv505.top/cdn-cgi/rum?
2026-05-30 17:11:20,288 [INFO] Capturing request: https://teletv5.top/load/yayinlink.php?id=a-spor
2026-05-30 17:11:20,296 [INFO] Capturing request: https://atomsportv505.top/favicon.ico
2026-05-30 17:11:20,306 [INFO] Capturing response: https://atomsportv505.top/cdn-cgi/rum? 204 
2026-05-30 17:11:20,309 [INFO] Capturing response: https://ts.yedeklinksa35.workers.dev/s-sport2/tracks-v1a1/2026/05/30/17/11/35-06000.avif 200 
2026-05-30 17:11:20,311 [INFO] Capturing response: https://atomsportv505.top/cdn-cgi/rum? 204 
2026-05-30 17:11:20,339 [INFO] Capturing response: https://atomsportv505.top/favicon.ico 200 
2026-05-30 17:11:20,449 [INFO] Capturing request: https://streamsport365.com/cinema
2026-05-30 17:11:20,813 [INFO] Capturing response: https://streamsport365.com/cinema 200 
2026-05-30 17:11:24,232 [INFO] Capturing response: https://teletv5.top/load/yayinlink.php?id=a-spor 200 
2026-05-30 17:11:24,353 [INFO] Capturing request: https://hlssssssssssssssssss.yedeklinksa35.workers.dev/https://corestream.ronaldovurdu.help//aspor/tracks-v1a1/mono.m3u8
2026-05-30 17:11:24,551 [INFO] Capturing response: https://hlssssssssssssssssss.yedeklinksa35.workers.dev/https://corestream.ronaldovurdu.help//aspor/tracks-v1a1/mono.m3u8 200 
2026-05-30 17:11:24,660 [INFO] Capturing request: https://ts.yedeklinksa35.workers.dev/aspor/tracks-v1a1/2026/05/30/17/11/09-05160.avif
2026-05-30 17:11:25,272 [INFO] Capturing response: https://ts.yedeklinksa35.workers.dev/aspor/tracks-v1a1/2026/05/30/17/11/09-05160.avif 200 
2026-05-30 17:11:25,507 [INFO] Capturing request: https://ts.yedeklinksa35.workers.dev/aspor/tracks-v1a1/2026/05/30/17/11/14-05640.avif
2026-05-30 17:11:26,137 [INFO] Capturing response: https://ts.yedeklinksa35.workers.dev/aspor/tracks-v1a1/2026/05/30/17/11/14-05640.avif 200 
2026-05-30 17:11:26,362 [INFO] Capturing request: https://ts.yedeklinksa35.workers.dev/aspor/tracks-v1a1/2026/05/30/17/11/20-05760.avif
2026-05-30 17:11:27,190 [INFO] Capturing response: https://ts.yedeklinksa35.workers.dev/aspor/tracks-v1a1/2026/05/30/17/11/20-05760.avif 200 
2026-05-30 17:11:27,422 [INFO] Capturing request: https://ts.yedeklinksa35.workers.dev/aspor/tracks-v1a1/2026/05/30/17/11/25-05880.avif
2026-05-30 17:11:28,068 [INFO] Capturing response: https://ts.yedeklinksa35.workers.dev/aspor/tracks-v1a1/2026/05/30/17/11/25-05880.avif 200 
2026-05-30 17:11:36,114 [INFO] Capturing request: https://hlssssssssssssssssss.yedeklinksa35.workers.dev/https://corestream.ronaldovurdu.help//aspor/tracks-v1a1/mono.m3u8
2026-05-30 17:11:36,413 [INFO] Capturing response: https://hlssssssssssssssssss.yedeklinksa35.workers.dev/https://corestream.ronaldovurdu.help//aspor/tracks-v1a1/mono.m3u8 200 
2026-05-30 17:11:36,520 [INFO] Capturing request: https://ts.yedeklinksa35.workers.dev/aspor/tracks-v1a1/2026/05/30/17/11/31-06280.avif
2026-05-30 17:11:38,444 [INFO]   ✅ M3U8 bulundu: https://hlssssssssssssssssss.yedeklinksa35.workers.dev/https://corestream.ronaldovurdu.help//aspor/tracks-v1a1/mono.m3u8
2026-05-30 17:11:38,989 [INFO] Capturing response: https://ts.yedeklinksa35.workers.dev/aspor/tracks-v1a1/2026/05/30/17/11/31-06280.avif 200 
2026-05-30 17:11:39,243 [INFO] Capturing request: https://ts.yedeklinksa35.workers.dev/aspor/tracks-v1a1/2026/05/30/17/11/38-06240.avif
2026-05-30 17:11:39,445 [INFO] 
[11/14]
2026-05-30 17:11:39,445 [INFO] 🔍 Tivibu Spor 1 → https://atomsportv505.top/matches?id=tivibu-spor-1
2026-05-30 17:11:39,559 [INFO] Capturing request: https://atomsportv505.top/assets/js/clappr.js
2026-05-30 17:11:39,562 [INFO] Capturing request: https://atomsportv505.top/matches?id=tivibu-spor-1
2026-05-30 17:11:39,587 [INFO] Capturing response: https://atomsportv505.top/assets/js/clappr.js 200 
2026-05-30 17:11:39,630 [INFO] Capturing response: https://atomsportv505.top/matches?id=tivibu-spor-1 200 
2026-05-30 17:11:39,644 [INFO] Capturing request: https://atomsportv505.top/cdn-cgi/rum?
2026-05-30 17:11:39,674 [INFO] Capturing request: https://atomsportv505.top/cdn-cgi/rum?
2026-05-30 17:11:39,770 [INFO] Capturing request: https://teletv5.top/load/yayinlink.php?id=tivibu-spor-1
2026-05-30 17:11:39,778 [INFO] Capturing request: https://atomsportv505.top/favicon.ico
2026-05-30 17:11:39,786 [INFO] Capturing response: https://atomsportv505.top/cdn-cgi/rum? 204 
2026-05-30 17:11:39,791 [INFO] Capturing response: https://atomsportv505.top/cdn-cgi/rum? 204 
2026-05-30 17:11:39,937 [INFO] Capturing request: https://streamsport365.com/cinema
2026-05-30 17:11:39,984 [INFO] Capturing response: https://teletv5.top/load/yayinlink.php?id=tivibu-spor-1 200 
2026-05-30 17:11:40,010 [INFO] Capturing response: https://atomsportv505.top/favicon.ico 200 
2026-05-30 17:11:40,025 [INFO] Capturing response: https://ts.yedeklinksa35.workers.dev/aspor/tracks-v1a1/2026/05/30/17/11/38-06240.avif 200 
2026-05-30 17:11:40,302 [INFO] Capturing response: https://streamsport365.com/cinema 200 
2026-05-30 17:12:08,021 [INFO] 127.0.0.1:34514: HTTP/2 connection terminated by server: error code: 0, last stream id: 201, additional data: b'session_timed_out'
2026-05-30 17:12:08,368 [INFO] 127.0.0.1:34720: HTTP/2 connection terminated by server: error code: 0, last stream id: 201, additional data: b'session_timed_out'
2026-05-30 17:12:12,938 [WARNING]   ❌ Tivibu Spor 1 için M3U8 bulunamadı
2026-05-30 17:12:13,938 [INFO] 
[12/14]
2026-05-30 17:12:13,938 [INFO] 🔍 Tivibu Spor 2 → https://atomsportv505.top/matches?id=tivibu-spor-2
2026-05-30 17:12:14,047 [INFO] Capturing request: https://atomsportv505.top/assets/js/clappr.js
2026-05-30 17:12:14,049 [INFO] Capturing request: https://atomsportv505.top/matches?id=tivibu-spor-2
2026-05-30 17:12:14,071 [INFO] Capturing response: https://atomsportv505.top/assets/js/clappr.js 200 
2026-05-30 17:12:14,377 [INFO] Capturing response: https://atomsportv505.top/matches?id=tivibu-spor-2 200 
2026-05-30 17:12:14,387 [INFO] Capturing request: https://atomsportv505.top/cdn-cgi/rum?
2026-05-30 17:12:14,415 [INFO] Capturing request: https://atomsportv505.top/cdn-cgi/rum?
2026-05-30 17:12:14,501 [INFO] Capturing response: https://atomsportv505.top/cdn-cgi/rum? 204 
2026-05-30 17:12:14,509 [INFO] Capturing request: https://teletv5.top/load/yayinlink.php?id=tivibu-spor-2
2026-05-30 17:12:14,519 [INFO] Capturing request: https://atomsportv505.top/favicon.ico
2026-05-30 17:12:14,557 [INFO] Capturing response: https://atomsportv505.top/favicon.ico 200 
2026-05-30 17:12:14,572 [INFO] Capturing response: https://atomsportv505.top/cdn-cgi/rum? 204 
2026-05-30 17:12:14,666 [INFO] Capturing request: https://streamsport365.com/cinema
2026-05-30 17:12:14,719 [INFO] Capturing response: https://teletv5.top/load/yayinlink.php?id=tivibu-spor-2 200 
2026-05-30 17:12:15,033 [INFO] Capturing response: https://streamsport365.com/cinema 200 
2026-05-30 17:12:47,691 [WARNING]   ❌ Tivibu Spor 2 için M3U8 bulunamadı
2026-05-30 17:12:48,692 [INFO] 
[13/14]
2026-05-30 17:12:48,692 [INFO] 🔍 Tivibu Spor 3 → https://atomsportv505.top/matches?id=tivibu-spor-3
2026-05-30 17:12:48,799 [INFO] Capturing request: https://atomsportv505.top/assets/js/clappr.js
2026-05-30 17:12:48,801 [INFO] Capturing request: https://atomsportv505.top/matches?id=tivibu-spor-3
2026-05-30 17:12:48,828 [INFO] Capturing response: https://atomsportv505.top/assets/js/clappr.js 200 
2026-05-30 17:12:49,133 [INFO] Capturing response: https://atomsportv505.top/matches?id=tivibu-spor-3 200 
2026-05-30 17:12:49,144 [INFO] Capturing request: https://atomsportv505.top/cdn-cgi/rum?
2026-05-30 17:12:49,175 [INFO] Capturing request: https://atomsportv505.top/cdn-cgi/rum?
2026-05-30 17:12:49,258 [INFO] Capturing response: https://atomsportv505.top/cdn-cgi/rum? 204 
2026-05-30 17:12:49,274 [INFO] Capturing request: https://teletv5.top/load/yayinlink.php?id=tivibu-spor-3
2026-05-30 17:12:49,276 [INFO] Capturing request: https://atomsportv505.top/favicon.ico
2026-05-30 17:12:49,318 [INFO] Capturing response: https://atomsportv505.top/favicon.ico 200 
2026-05-30 17:12:49,329 [INFO] Capturing response: https://atomsportv505.top/cdn-cgi/rum? 204 
2026-05-30 17:12:49,428 [INFO] Capturing request: https://streamsport365.com/cinema
2026-05-30 17:12:49,486 [INFO] Capturing response: https://teletv5.top/load/yayinlink.php?id=tivibu-spor-3 200 
2026-05-30 17:12:49,800 [INFO] Capturing response: https://streamsport365.com/cinema 200 
2026-05-30 17:13:07,910 [INFO] 127.0.0.1:38692: HTTP/2 connection terminated by server: error code: 0, last stream id: 201, additional data: b'session_timed_out'
2026-05-30 17:13:22,449 [WARNING]   ❌ Tivibu Spor 3 için M3U8 bulunamadı
2026-05-30 17:13:23,450 [INFO] 
[14/14]
2026-05-30 17:13:23,450 [INFO] 🔍 Tivibu Spor 4 → https://atomsportv505.top/matches?id=tivibu-spor-4
2026-05-30 17:13:23,558 [INFO] Capturing request: https://atomsportv505.top/assets/js/clappr.js
2026-05-30 17:13:23,561 [INFO] Capturing request: https://atomsportv505.top/matches?id=tivibu-spor-4
2026-05-30 17:13:23,580 [INFO] Capturing response: https://atomsportv505.top/assets/js/clappr.js 200 
2026-05-30 17:13:23,893 [INFO] Capturing response: https://atomsportv505.top/matches?id=tivibu-spor-4 200 
2026-05-30 17:13:23,902 [INFO] Capturing request: https://atomsportv505.top/cdn-cgi/rum?
2026-05-30 17:13:23,930 [INFO] Capturing request: https://atomsportv505.top/cdn-cgi/rum?
2026-05-30 17:13:24,016 [INFO] Capturing response: https://atomsportv505.top/cdn-cgi/rum? 204 
2026-05-30 17:13:24,026 [INFO] Capturing request: https://teletv5.top/load/yayinlink.php?id=tivibu-spor-4
2026-05-30 17:13:24,036 [INFO] Capturing request: https://atomsportv505.top/favicon.ico
2026-05-30 17:13:24,074 [INFO] Capturing response: https://atomsportv505.top/favicon.ico 200 
2026-05-30 17:13:24,086 [INFO] Capturing response: https://atomsportv505.top/cdn-cgi/rum? 204 
2026-05-30 17:13:24,186 [INFO] Capturing request: https://streamsport365.com/cinema
2026-05-30 17:13:24,240 [INFO] Capturing response: https://teletv5.top/load/yayinlink.php?id=tivibu-spor-4 200 
2026-05-30 17:13:24,553 [INFO] Capturing response: https://streamsport365.com/cinema 200 
2026-05-30 17:13:57,207 [WARNING]   ❌ Tivibu Spor 4 için M3U8 bulunamadı
2026-05-30 17:13:57,901 [INFO] Capturing request: https://android.clients.google.com/c2dm/register3
2026-05-30 17:13:57,934 [INFO] Capturing response: https://android.clients.google.com/c2dm/register3 301 
2026-05-30 17:13:58,270 [INFO] ✅ 5 kanal bulundu, playlist.m3u kaydedildi
