2026-06-08 17:56:34,915 [INFO] 🌐 BASE_URL: https://atomsportv506.top
2026-06-08 17:56:35,916 [INFO] Başlanıyor... 14 kanal taranacak
2026-06-08 17:56:35,917 [INFO] Using default request storage
2026-06-08 17:56:35,921 [INFO] Created proxy listening on 127.0.0.1:39029
2026-06-08 17:56:36,575 [INFO] Capturing request: http://clients2.google.com/time/1/current?cup2key=10:Zem9fJaDy7hNk-dATiMueWp5aPxgZgqWCCbqy2S1MpA&cup2hreq=e3b0c44298fc1c149afbf4c8996fb92427ae41e4649b934ca495991b7852b855
2026-06-08 17:56:36,610 [INFO] Capturing response: http://clients2.google.com/time/1/current?cup2key=10:Zem9fJaDy7hNk-dATiMueWp5aPxgZgqWCCbqy2S1MpA&cup2hreq=e3b0c44298fc1c149afbf4c8996fb92427ae41e4649b934ca495991b7852b855 200 OK
2026-06-08 17:56:36,694 [INFO] 
[1/14]
2026-06-08 17:56:36,694 [INFO] 🔍 beIN Sports 1 → https://atomsportv506.top/matches?id=bein-sports-1
2026-06-08 17:56:36,765 [INFO] Capturing request: https://accounts.google.com/ListAccounts?gpsia=1&source=ChromiumBrowser&json=standard&laf=b64bin
2026-06-08 17:56:36,861 [INFO] Capturing request: https://atomsportv506.top/matches?id=bein-sports-1
2026-06-08 17:56:36,930 [INFO] Capturing response: https://accounts.google.com/ListAccounts?gpsia=1&source=ChromiumBrowser&json=standard&laf=b64bin 200 
2026-06-08 17:56:36,962 [INFO] Capturing response: https://atomsportv506.top/matches?id=bein-sports-1 200 
2026-06-08 17:56:37,114 [INFO] Capturing request: https://atomsportv506.top/assets/js/clappr.js
2026-06-08 17:56:37,156 [INFO] Capturing request: https://cdn.jsdelivr.net/npm/@clappr/player@latest/dist/clappr.min.js
2026-06-08 17:56:37,163 [INFO] Capturing response: https://atomsportv506.top/assets/js/clappr.js 200 
2026-06-08 17:56:37,173 [INFO] Capturing request: https://cdnjs.cloudflare.com/ajax/libs/jquery/3.2.1/jquery.min.js
2026-06-08 17:56:37,178 [INFO] Capturing response: https://cdn.jsdelivr.net/npm/@clappr/player@latest/dist/clappr.min.js 200 
2026-06-08 17:56:37,191 [INFO] Capturing response: https://cdnjs.cloudflare.com/ajax/libs/jquery/3.2.1/jquery.min.js 200 
2026-06-08 17:56:37,236 [INFO] Capturing request: https://www.google.com/async/folae?async=_fmt:pb&udm=50&client_locale=en-US
2026-06-08 17:56:37,274 [INFO] Capturing response: https://www.google.com/async/folae?async=_fmt:pb&udm=50&client_locale=en-US 200 
2026-06-08 17:56:37,388 [INFO] Capturing request: https://static.cloudflareinsights.com/beacon.min.js/v833ccba57c9e4d2798f2e76cebdd09a11778172276447
2026-06-08 17:56:37,441 [INFO] Capturing response: https://static.cloudflareinsights.com/beacon.min.js/v833ccba57c9e4d2798f2e76cebdd09a11778172276447 200 
2026-06-08 17:56:37,502 [INFO] Capturing request: https://atomsportv506.top/cdn-cgi/rum?
2026-06-08 17:56:37,607 [INFO] Capturing request: https://atomsportv506.top/favicon.ico
2026-06-08 17:56:37,613 [INFO] Capturing response: https://atomsportv506.top/cdn-cgi/rum? 204 
2026-06-08 17:56:37,660 [INFO] Capturing request: https://teletv5.top/load/yayinlink.php?id=bein-sports-1
2026-06-08 17:56:37,686 [INFO] Capturing response: https://atomsportv506.top/favicon.ico 200 
2026-06-08 17:56:38,072 [INFO] Capturing response: https://teletv5.top/load/yayinlink.php?id=bein-sports-1 200 
2026-06-08 17:56:38,253 [INFO] Capturing request: https://streamsport365.com/cinema
2026-06-08 17:56:38,614 [INFO] Capturing response: https://streamsport365.com/cinema 200 
2026-06-08 17:56:38,744 [INFO] Capturing request: https://atomsportv506.top/assets/img/player_logo_6880e4e4c52ee.png
2026-06-08 17:56:38,812 [INFO] Capturing request: https://hlssssssssssssssssss.yedeklinksa35.workers.dev/https://corestream.ronaldovurdu.help//aspor/tracks-v1a1/mono.m3u8
2026-06-08 17:56:38,823 [INFO] Capturing response: https://atomsportv506.top/assets/img/player_logo_6880e4e4c52ee.png 200 
2026-06-08 17:56:39,089 [INFO] Capturing response: https://hlssssssssssssssssss.yedeklinksa35.workers.dev/https://corestream.ronaldovurdu.help//aspor/tracks-v1a1/mono.m3u8 200 
2026-06-08 17:56:39,297 [INFO] Capturing request: https://ts.yedeklinksa35.workers.dev/aspor/tracks-v1a1/2026/06/08/17/56/33-10000.avif
2026-06-08 17:56:39,698 [INFO] Capturing response: https://ts.yedeklinksa35.workers.dev/aspor/tracks-v1a1/2026/06/08/17/56/33-10000.avif 200 
2026-06-08 17:56:39,952 [INFO] Capturing request: https://ts.yedeklinksa35.workers.dev/aspor/tracks-v1a1/2026/06/08/17/56/43-10000.avif
2026-06-08 17:56:40,529 [INFO]   ✅ M3U8 bulundu: https://hlssssssssssssssssss.yedeklinksa35.workers.dev/https://corestream.ronaldovurdu.help//aspor/tracks-v1a1/mono.m3u8
2026-06-08 17:56:40,694 [INFO] Capturing response: https://ts.yedeklinksa35.workers.dev/aspor/tracks-v1a1/2026/06/08/17/56/43-10000.avif 200 
2026-06-08 17:56:41,041 [INFO] Capturing request: https://ts.yedeklinksa35.workers.dev/aspor/tracks-v1a1/2026/06/08/17/56/53-10000.avif
2026-06-08 17:56:41,530 [INFO] 
[2/14]
2026-06-08 17:56:41,530 [INFO] 🔍 beIN Sports 2 → https://atomsportv506.top/matches?id=bein-sports-2
2026-06-08 17:56:41,692 [INFO] Capturing request: https://atomsportv506.top/matches?id=bein-sports-2
2026-06-08 17:56:41,748 [INFO] Capturing response: https://atomsportv506.top/matches?id=bein-sports-2 200 
2026-06-08 17:56:41,750 [INFO] Capturing response: https://ts.yedeklinksa35.workers.dev/aspor/tracks-v1a1/2026/06/08/17/56/53-10000.avif 200 
2026-06-08 17:56:41,765 [INFO] Capturing request: https://atomsportv506.top/cdn-cgi/rum?
2026-06-08 17:56:41,828 [INFO] 127.0.0.1:44666: ProtocolException("Error in HTTP connection: Http2ZombieException('Connection or stream already dead: 1780941401.8250294, False')")
2026-06-08 17:56:41,830 [INFO] Capturing request: https://atomsportv506.top/cdn-cgi/rum?
2026-06-08 17:56:41,831 [INFO] Capturing request: https://streamsport365.com/cinema
2026-06-08 17:56:41,878 [INFO] Capturing response: https://atomsportv506.top/cdn-cgi/rum? 204 
2026-06-08 17:56:41,929 [INFO] Capturing request: https://teletv5.top/load/yayinlink.php?id=bein-sports-2
2026-06-08 17:56:41,936 [INFO] Capturing request: https://atomsportv506.top/favicon.ico
2026-06-08 17:56:41,980 [INFO] Capturing response: https://atomsportv506.top/cdn-cgi/rum? 204 
2026-06-08 17:56:41,982 [INFO] Capturing response: https://atomsportv506.top/favicon.ico 200 
2026-06-08 17:56:42,142 [INFO] Capturing response: https://teletv5.top/load/yayinlink.php?id=bein-sports-2 200 
2026-06-08 17:56:42,196 [INFO] Capturing response: https://streamsport365.com/cinema 200 
2026-06-08 17:56:42,318 [INFO] Capturing request: https://hlssssssssssssssssss.yedeklinksa35.workers.dev/https://corestream.ronaldovurdu.help//bein2/tracks-v1a1/mono.m3u8
2026-06-08 17:56:42,507 [INFO] Capturing response: https://hlssssssssssssssssss.yedeklinksa35.workers.dev/https://corestream.ronaldovurdu.help//bein2/tracks-v1a1/mono.m3u8 200 
2026-06-08 17:56:42,616 [INFO] Capturing request: https://ts.yedeklinksa35.workers.dev/bein2/tracks-v1a1/2026/06/08/17/56/10-10000.avif
2026-06-08 17:56:43,278 [INFO] Capturing response: https://ts.yedeklinksa35.workers.dev/bein2/tracks-v1a1/2026/06/08/17/56/10-10000.avif 200 
2026-06-08 17:56:43,466 [INFO] Capturing request: https://ts.yedeklinksa35.workers.dev/bein2/tracks-v1a1/2026/06/08/17/56/20-10000.avif
2026-06-08 17:56:43,797 [INFO] Capturing response: https://ts.yedeklinksa35.workers.dev/bein2/tracks-v1a1/2026/06/08/17/56/20-10000.avif 200 
2026-06-08 17:56:43,980 [INFO] Capturing request: https://ts.yedeklinksa35.workers.dev/bein2/tracks-v1a1/2026/06/08/17/56/30-10000.avif
2026-06-08 17:56:44,283 [INFO] Capturing response: https://ts.yedeklinksa35.workers.dev/bein2/tracks-v1a1/2026/06/08/17/56/30-10000.avif 200 
2026-06-08 17:56:44,404 [INFO] Capturing request: https://android.clients.google.com/checkin
2026-06-08 17:56:44,459 [INFO] Capturing request: https://ts.yedeklinksa35.workers.dev/bein2/tracks-v1a1/2026/06/08/17/56/40-09560.avif
2026-06-08 17:56:44,557 [INFO] Capturing response: https://android.clients.google.com/checkin 200 
2026-06-08 17:56:44,609 [INFO] Capturing request: https://android.clients.google.com/c2dm/register3
2026-06-08 17:56:44,610 [INFO] Capturing request: https://android.clients.google.com/c2dm/register3
2026-06-08 17:56:44,612 [INFO] Capturing request: https://android.clients.google.com/c2dm/register3
2026-06-08 17:56:44,667 [INFO] Capturing response: https://android.clients.google.com/c2dm/register3 301 
2026-06-08 17:56:44,850 [INFO]   ✅ M3U8 bulundu: https://hlssssssssssssssssss.yedeklinksa35.workers.dev/https://corestream.ronaldovurdu.help//bein2/tracks-v1a1/mono.m3u8
2026-06-08 17:56:44,971 [INFO] Capturing response: https://ts.yedeklinksa35.workers.dev/bein2/tracks-v1a1/2026/06/08/17/56/40-09560.avif 200 
2026-06-08 17:56:45,370 [INFO] Capturing response: https://android.clients.google.com/c2dm/register3 200 
2026-06-08 17:56:45,512 [INFO] Capturing response: https://android.clients.google.com/c2dm/register3 200 
2026-06-08 17:56:45,851 [INFO] 
[3/14]
2026-06-08 17:56:45,851 [INFO] 🔍 beIN Sports 3 → https://atomsportv506.top/matches?id=bein-sports-3
2026-06-08 17:56:45,961 [INFO] Capturing request: https://atomsportv506.top/matches?id=bein-sports-3
2026-06-08 17:56:46,006 [INFO] Capturing response: https://atomsportv506.top/matches?id=bein-sports-3 200 
2026-06-08 17:56:46,016 [INFO] Capturing request: https://atomsportv506.top/cdn-cgi/rum?
2026-06-08 17:56:46,049 [INFO] Capturing request: https://atomsportv506.top/cdn-cgi/rum?
2026-06-08 17:56:46,146 [INFO] Capturing request: https://teletv5.top/load/yayinlink.php?id=bein-sports-3
2026-06-08 17:56:46,148 [INFO] Capturing request: https://atomsportv506.top/favicon.ico
2026-06-08 17:56:46,155 [INFO] Capturing response: https://atomsportv506.top/cdn-cgi/rum? 204 
2026-06-08 17:56:46,193 [INFO] Capturing response: https://atomsportv506.top/favicon.ico 200 
2026-06-08 17:56:46,198 [INFO] Capturing response: https://atomsportv506.top/cdn-cgi/rum? 204 
2026-06-08 17:56:46,298 [INFO] Capturing request: https://streamsport365.com/cinema
2026-06-08 17:56:46,359 [INFO] Capturing response: https://teletv5.top/load/yayinlink.php?id=bein-sports-3 200 
2026-06-08 17:56:46,659 [INFO] Capturing response: https://streamsport365.com/cinema 200 
2026-06-08 17:57:11,814 [INFO] Capturing request: https://android.clients.google.com/c2dm/register3
2026-06-08 17:57:11,871 [INFO] Capturing response: https://android.clients.google.com/c2dm/register3 301 
2026-06-08 17:57:19,351 [WARNING]   ❌ beIN Sports 3 için M3U8 bulunamadı
2026-06-08 17:57:20,351 [INFO] 
[4/14]
2026-06-08 17:57:20,351 [INFO] 🔍 beIN Sports 4 → https://atomsportv506.top/matches?id=bein-sports-4
2026-06-08 17:57:20,459 [INFO] Capturing request: https://atomsportv506.top/matches?id=bein-sports-4
2026-06-08 17:57:21,140 [INFO] Capturing response: https://atomsportv506.top/matches?id=bein-sports-4 200 
2026-06-08 17:57:21,148 [INFO] Capturing request: https://atomsportv506.top/cdn-cgi/rum?
2026-06-08 17:57:21,181 [INFO] Capturing request: https://atomsportv506.top/cdn-cgi/rum?
2026-06-08 17:57:21,258 [INFO] Capturing response: https://atomsportv506.top/cdn-cgi/rum? 204 
2026-06-08 17:57:21,277 [INFO] Capturing request: https://teletv5.top/load/yayinlink.php?id=bein-sports-4
2026-06-08 17:57:21,280 [INFO] Capturing request: https://atomsportv506.top/favicon.ico
2026-06-08 17:57:21,324 [INFO] Capturing response: https://atomsportv506.top/favicon.ico 200 
2026-06-08 17:57:21,328 [INFO] Capturing response: https://atomsportv506.top/cdn-cgi/rum? 204 
2026-06-08 17:57:21,430 [INFO] Capturing request: https://streamsport365.com/cinema
2026-06-08 17:57:21,509 [INFO] Capturing response: https://teletv5.top/load/yayinlink.php?id=bein-sports-4 200 
2026-06-08 17:57:21,791 [INFO] Capturing response: https://streamsport365.com/cinema 200 
2026-06-08 17:57:36,638 [INFO] Capturing request: https://update.googleapis.com/service/update2/json?cup2key=16:vYkTZPgvUqym8wQBCob3PG3qFB_EpFiRI6OhnIqdEuw&cup2hreq=c8b81db14ae45de413eb74370747c1797372972be24b17d451e360e85100ed29
2026-06-08 17:57:36,667 [INFO] Capturing response: https://update.googleapis.com/service/update2/json?cup2key=16:vYkTZPgvUqym8wQBCob3PG3qFB_EpFiRI6OhnIqdEuw&cup2hreq=c8b81db14ae45de413eb74370747c1797372972be24b17d451e360e85100ed29 200 
2026-06-08 17:57:54,447 [WARNING]   ❌ beIN Sports 4 için M3U8 bulunamadı
2026-06-08 17:57:54,543 [INFO] Capturing request: https://android.clients.google.com/c2dm/register3
2026-06-08 17:57:54,599 [INFO] Capturing response: https://android.clients.google.com/c2dm/register3 301 
2026-06-08 17:57:55,447 [INFO] 
[5/14]
2026-06-08 17:57:55,447 [INFO] 🔍 beIN Sports 5 → https://atomsportv506.top/matches?id=bein-sports-5
2026-06-08 17:57:55,556 [INFO] Capturing request: https://atomsportv506.top/assets/js/clappr.js
2026-06-08 17:57:55,558 [INFO] Capturing request: https://atomsportv506.top/matches?id=bein-sports-5
2026-06-08 17:57:55,580 [INFO] Capturing response: https://atomsportv506.top/assets/js/clappr.js 200 
2026-06-08 17:57:55,925 [INFO] Capturing response: https://atomsportv506.top/matches?id=bein-sports-5 200 
2026-06-08 17:57:55,935 [INFO] Capturing request: https://atomsportv506.top/cdn-cgi/rum?
2026-06-08 17:57:55,962 [INFO] Capturing request: https://atomsportv506.top/cdn-cgi/rum?
2026-06-08 17:57:56,043 [INFO] Capturing response: https://atomsportv506.top/cdn-cgi/rum? 204 
2026-06-08 17:57:56,062 [INFO] Capturing request: https://teletv5.top/load/yayinlink.php?id=bein-sports-5
2026-06-08 17:57:56,064 [INFO] Capturing request: https://atomsportv506.top/favicon.ico
2026-06-08 17:57:56,108 [INFO] Capturing response: https://atomsportv506.top/favicon.ico 200 
2026-06-08 17:57:56,111 [INFO] Capturing response: https://atomsportv506.top/cdn-cgi/rum? 204 
2026-06-08 17:57:56,219 [INFO] Capturing request: https://streamsport365.com/cinema
2026-06-08 17:57:56,525 [INFO] Capturing response: https://teletv5.top/load/yayinlink.php?id=bein-sports-5 200 
2026-06-08 17:57:56,590 [INFO] Capturing response: https://streamsport365.com/cinema 200 
2026-06-08 17:58:29,229 [WARNING]   ❌ beIN Sports 5 için M3U8 bulunamadı
2026-06-08 17:58:30,230 [INFO] 
[6/14]
2026-06-08 17:58:30,230 [INFO] 🔍 beIN Sports Max 1 → https://atomsportv506.top/matches?id=bein-sports-max-1
2026-06-08 17:58:30,337 [INFO] Capturing request: https://atomsportv506.top/assets/js/clappr.js
2026-06-08 17:58:30,339 [INFO] Capturing request: https://atomsportv506.top/matches?id=bein-sports-max-1
2026-06-08 17:58:30,356 [INFO] Capturing response: https://atomsportv506.top/assets/js/clappr.js 200 
2026-06-08 17:58:30,683 [INFO] Capturing response: https://atomsportv506.top/matches?id=bein-sports-max-1 200 
2026-06-08 17:58:30,693 [INFO] Capturing request: https://atomsportv506.top/cdn-cgi/rum?
2026-06-08 17:58:30,720 [INFO] Capturing request: https://atomsportv506.top/cdn-cgi/rum?
2026-06-08 17:58:30,801 [INFO] Capturing response: https://atomsportv506.top/cdn-cgi/rum? 204 
2026-06-08 17:58:30,813 [INFO] Capturing request: https://teletv5.top/load/yayinlink.php?id=bein-sports-max-1
2026-06-08 17:58:30,822 [INFO] Capturing request: https://atomsportv506.top/favicon.ico
2026-06-08 17:58:30,859 [INFO] Capturing response: https://atomsportv506.top/favicon.ico 200 
2026-06-08 17:58:30,868 [INFO] Capturing response: https://atomsportv506.top/cdn-cgi/rum? 204 
2026-06-08 17:58:30,973 [INFO] Capturing request: https://streamsport365.com/cinema
2026-06-08 17:58:31,037 [INFO] Capturing response: https://teletv5.top/load/yayinlink.php?id=bein-sports-max-1 200 
2026-06-08 17:58:31,341 [INFO] Capturing response: https://streamsport365.com/cinema 200 
2026-06-08 17:59:03,983 [WARNING]   ❌ beIN Sports Max 1 için M3U8 bulunamadı
2026-06-08 17:59:04,983 [INFO] 
[7/14]
2026-06-08 17:59:04,984 [INFO] 🔍 beIN Sports Max 2 → https://atomsportv506.top/matches?id=bein-sports-max-2
2026-06-08 17:59:05,091 [INFO] Capturing request: https://atomsportv506.top/assets/js/clappr.js
2026-06-08 17:59:05,094 [INFO] Capturing request: https://atomsportv506.top/matches?id=bein-sports-max-2
2026-06-08 17:59:05,112 [INFO] Capturing response: https://atomsportv506.top/assets/js/clappr.js 200 
2026-06-08 17:59:05,447 [INFO] Capturing response: https://atomsportv506.top/matches?id=bein-sports-max-2 200 
2026-06-08 17:59:05,456 [INFO] Capturing request: https://atomsportv506.top/cdn-cgi/rum?
2026-06-08 17:59:05,493 [INFO] Capturing request: https://atomsportv506.top/cdn-cgi/rum?
2026-06-08 17:59:05,564 [INFO] Capturing response: https://atomsportv506.top/cdn-cgi/rum? 204 
2026-06-08 17:59:05,590 [INFO] Capturing request: https://teletv5.top/load/yayinlink.php?id=bein-sports-max-2
2026-06-08 17:59:05,595 [INFO] Capturing request: https://atomsportv506.top/favicon.ico
2026-06-08 17:59:05,638 [INFO] Capturing response: https://atomsportv506.top/favicon.ico 200 
2026-06-08 17:59:05,642 [INFO] Capturing response: https://atomsportv506.top/cdn-cgi/rum? 204 
2026-06-08 17:59:05,748 [INFO] Capturing request: https://streamsport365.com/cinema
2026-06-08 17:59:05,983 [INFO] Capturing response: https://teletv5.top/load/yayinlink.php?id=bein-sports-max-2 200 
2026-06-08 17:59:06,114 [INFO] Capturing response: https://streamsport365.com/cinema 200 
2026-06-08 17:59:12,343 [INFO] 127.0.0.1:53936: HTTP/2 connection terminated by server: error code: 0, last stream id: 201, additional data: b'session_timed_out'
2026-06-08 17:59:38,758 [WARNING]   ❌ beIN Sports Max 2 için M3U8 bulunamadı
2026-06-08 17:59:39,758 [INFO] 
[8/14]
2026-06-08 17:59:39,758 [INFO] 🔍 S Sport → https://atomsportv506.top/matches?id=s-sport
2026-06-08 17:59:39,865 [INFO] Capturing request: https://atomsportv506.top/assets/js/clappr.js
2026-06-08 17:59:39,869 [INFO] Capturing request: https://atomsportv506.top/matches?id=s-sport
2026-06-08 17:59:39,889 [INFO] Capturing response: https://atomsportv506.top/assets/js/clappr.js 200 
2026-06-08 17:59:40,207 [INFO] Capturing response: https://atomsportv506.top/matches?id=s-sport 200 
2026-06-08 17:59:40,217 [INFO] Capturing request: https://atomsportv506.top/cdn-cgi/rum?
2026-06-08 17:59:40,248 [INFO] Capturing request: https://atomsportv506.top/cdn-cgi/rum?
2026-06-08 17:59:40,325 [INFO] Capturing response: https://atomsportv506.top/cdn-cgi/rum? 204 
2026-06-08 17:59:40,349 [INFO] Capturing request: https://teletv5.top/load/yayinlink.php?id=s-sport
2026-06-08 17:59:40,352 [INFO] Capturing request: https://atomsportv506.top/favicon.ico
2026-06-08 17:59:40,393 [INFO] Capturing response: https://atomsportv506.top/favicon.ico 200 
2026-06-08 17:59:40,397 [INFO] Capturing response: https://atomsportv506.top/cdn-cgi/rum? 204 
2026-06-08 17:59:40,501 [INFO] Capturing request: https://streamsport365.com/cinema
2026-06-08 17:59:40,563 [INFO] Capturing response: https://teletv5.top/load/yayinlink.php?id=s-sport 200 
2026-06-08 17:59:40,867 [INFO] Capturing response: https://streamsport365.com/cinema 200 
2026-06-08 17:59:40,988 [INFO] Capturing request: https://hlssssssssssssssssss.yedeklinksa35.workers.dev/https://corestream.ronaldovurdu.help//s-sportt/tracks-v1a1/mono.m3u8
2026-06-08 17:59:41,224 [INFO] Capturing response: https://hlssssssssssssssssss.yedeklinksa35.workers.dev/https://corestream.ronaldovurdu.help//s-sportt/tracks-v1a1/mono.m3u8 200 
2026-06-08 17:59:41,334 [INFO] Capturing request: https://ts.yedeklinksa35.workers.dev/s-sportt/tracks-v1a1/2026/06/08/18/00/01-05440.avif
2026-06-08 17:59:41,702 [INFO] Capturing response: https://ts.yedeklinksa35.workers.dev/s-sportt/tracks-v1a1/2026/06/08/18/00/01-05440.avif 200 
2026-06-08 17:59:41,928 [INFO] Capturing request: https://ts.yedeklinksa35.workers.dev/s-sportt/tracks-v1a1/2026/06/08/18/00/06-05160.avif
2026-06-08 17:59:42,281 [INFO] Capturing response: https://ts.yedeklinksa35.workers.dev/s-sportt/tracks-v1a1/2026/06/08/18/00/06-05160.avif 200 
2026-06-08 17:59:42,501 [INFO] Capturing request: https://ts.yedeklinksa35.workers.dev/s-sportt/tracks-v1a1/2026/06/08/18/00/11-05760.avif
2026-06-08 17:59:42,935 [INFO] Capturing response: https://ts.yedeklinksa35.workers.dev/s-sportt/tracks-v1a1/2026/06/08/18/00/11-05760.avif 200 
2026-06-08 17:59:43,127 [INFO] Capturing request: https://ts.yedeklinksa35.workers.dev/s-sportt/tracks-v1a1/2026/06/08/18/00/17-05320.avif
2026-06-08 17:59:43,271 [INFO]   ✅ M3U8 bulundu: https://hlssssssssssssssssss.yedeklinksa35.workers.dev/https://corestream.ronaldovurdu.help//s-sportt/tracks-v1a1/mono.m3u8
2026-06-08 17:59:43,389 [INFO] Capturing response: https://ts.yedeklinksa35.workers.dev/s-sportt/tracks-v1a1/2026/06/08/18/00/17-05320.avif 200 
2026-06-08 17:59:44,271 [INFO] 
[9/14]
2026-06-08 17:59:44,271 [INFO] 🔍 S Sport 2 → https://atomsportv506.top/matches?id=s-sport-2
2026-06-08 17:59:44,381 [INFO] Capturing request: https://atomsportv506.top/assets/js/clappr.js
2026-06-08 17:59:44,383 [INFO] Capturing request: https://atomsportv506.top/matches?id=s-sport-2
2026-06-08 17:59:44,399 [INFO] Capturing response: https://atomsportv506.top/assets/js/clappr.js 200 
2026-06-08 17:59:44,438 [INFO] Capturing response: https://atomsportv506.top/matches?id=s-sport-2 200 
2026-06-08 17:59:44,449 [INFO] Capturing request: https://atomsportv506.top/cdn-cgi/rum?
2026-06-08 17:59:44,487 [INFO] Capturing request: https://streamsport365.com/cinema
2026-06-08 17:59:44,495 [INFO] Capturing request: https://atomsportv506.top/cdn-cgi/rum?
2026-06-08 17:59:44,587 [INFO] Capturing request: https://teletv5.top/load/yayinlink.php?id=s-sport-2
2026-06-08 17:59:44,593 [INFO] Capturing request: https://atomsportv506.top/favicon.ico
2026-06-08 17:59:44,600 [INFO] Capturing response: https://atomsportv506.top/cdn-cgi/rum? 204 
2026-06-08 17:59:44,628 [INFO] Capturing response: https://atomsportv506.top/favicon.ico 200 
2026-06-08 17:59:44,644 [INFO] Capturing response: https://atomsportv506.top/cdn-cgi/rum? 204 
2026-06-08 17:59:44,797 [INFO] Capturing response: https://teletv5.top/load/yayinlink.php?id=s-sport-2 200 
2026-06-08 17:59:44,870 [INFO] Capturing response: https://streamsport365.com/cinema 200 
2026-06-08 17:59:44,988 [INFO] Capturing request: https://hlssssssssssssssssss.yedeklinksa35.workers.dev/https://corestream.ronaldovurdu.help//s-sport2/tracks-v1a1/mono.m3u8
2026-06-08 17:59:45,171 [INFO] Capturing response: https://hlssssssssssssssssss.yedeklinksa35.workers.dev/https://corestream.ronaldovurdu.help//s-sport2/tracks-v1a1/mono.m3u8 200 
2026-06-08 17:59:45,320 [INFO] Capturing request: https://ts.yedeklinksa35.workers.dev/s-sport2/tracks-v1a1/2026/06/08/18/00/28-16328.avif
2026-06-08 17:59:46,481 [INFO] Capturing response: https://ts.yedeklinksa35.workers.dev/s-sport2/tracks-v1a1/2026/06/08/18/00/28-16328.avif 200 
2026-06-08 17:59:46,634 [INFO] Capturing request: https://ts.yedeklinksa35.workers.dev/s-sport2/tracks-v1a1/2026/06/08/18/00/44-14453.avif
2026-06-08 17:59:47,070 [INFO] Capturing response: https://ts.yedeklinksa35.workers.dev/s-sport2/tracks-v1a1/2026/06/08/18/00/44-14453.avif 200 
2026-06-08 17:59:47,295 [INFO] Capturing request: https://ts.yedeklinksa35.workers.dev/s-sport2/tracks-v1a1/2026/06/08/18/00/58-06261.avif
2026-06-08 17:59:47,539 [INFO]   ✅ M3U8 bulundu: https://hlssssssssssssssssss.yedeklinksa35.workers.dev/https://corestream.ronaldovurdu.help//s-sport2/tracks-v1a1/mono.m3u8
2026-06-08 17:59:47,637 [INFO] Capturing response: https://ts.yedeklinksa35.workers.dev/s-sport2/tracks-v1a1/2026/06/08/18/00/58-06261.avif 200 
2026-06-08 17:59:48,539 [INFO] 
[10/14]
2026-06-08 17:59:48,539 [INFO] 🔍 A Spor → https://atomsportv506.top/matches?id=a-spor
2026-06-08 17:59:48,648 [INFO] Capturing request: https://atomsportv506.top/matches?id=a-spor
2026-06-08 17:59:48,650 [INFO] Capturing request: https://atomsportv506.top/assets/js/clappr.js
2026-06-08 17:59:48,693 [INFO] Capturing response: https://atomsportv506.top/matches?id=a-spor 200 
2026-06-08 17:59:48,710 [INFO] Capturing request: https://atomsportv506.top/cdn-cgi/rum?
2026-06-08 17:59:48,711 [INFO] Capturing response: https://atomsportv506.top/assets/js/clappr.js 200 
2026-06-08 17:59:48,746 [INFO] Capturing request: https://atomsportv506.top/cdn-cgi/rum?
2026-06-08 17:59:48,838 [INFO] Capturing request: https://teletv5.top/load/yayinlink.php?id=a-spor
2026-06-08 17:59:48,847 [INFO] Capturing request: https://atomsportv506.top/favicon.ico
2026-06-08 17:59:48,854 [INFO] Capturing response: https://atomsportv506.top/cdn-cgi/rum? 204 
2026-06-08 17:59:48,857 [INFO] Capturing response: https://atomsportv506.top/cdn-cgi/rum? 204 
2026-06-08 17:59:48,887 [INFO] Capturing response: https://atomsportv506.top/favicon.ico 200 
2026-06-08 17:59:48,992 [INFO] Capturing request: https://streamsport365.com/cinema
2026-06-08 17:59:49,046 [INFO] Capturing response: https://teletv5.top/load/yayinlink.php?id=a-spor 200 
2026-06-08 17:59:49,345 [INFO] Capturing response: https://streamsport365.com/cinema 200 
2026-06-08 17:59:49,465 [INFO] Capturing request: https://hlssssssssssssssssss.yedeklinksa35.workers.dev/https://corestream.ronaldovurdu.help//aspor/tracks-v1a1/mono.m3u8
2026-06-08 17:59:49,681 [INFO] Capturing response: https://hlssssssssssssssssss.yedeklinksa35.workers.dev/https://corestream.ronaldovurdu.help//aspor/tracks-v1a1/mono.m3u8 200 
2026-06-08 17:59:49,790 [INFO] Capturing request: https://ts.yedeklinksa35.workers.dev/aspor/tracks-v1a1/2026/06/08/17/59/33-10000.avif
2026-06-08 17:59:50,425 [INFO] Capturing response: https://ts.yedeklinksa35.workers.dev/aspor/tracks-v1a1/2026/06/08/17/59/33-10000.avif 200 
2026-06-08 17:59:50,731 [INFO] Capturing request: https://ts.yedeklinksa35.workers.dev/aspor/tracks-v1a1/2026/06/08/17/59/43-10000.avif
2026-06-08 17:59:51,179 [INFO] Capturing response: https://ts.yedeklinksa35.workers.dev/aspor/tracks-v1a1/2026/06/08/17/59/43-10000.avif 200 
2026-06-08 17:59:51,360 [INFO] Capturing request: https://android.clients.google.com/c2dm/register3
2026-06-08 17:59:51,431 [INFO] Capturing response: https://android.clients.google.com/c2dm/register3 301 
2026-06-08 17:59:51,442 [INFO] Capturing request: https://ts.yedeklinksa35.workers.dev/aspor/tracks-v1a1/2026/06/08/17/59/53-10000.avif
2026-06-08 17:59:51,768 [INFO]   ✅ M3U8 bulundu: https://hlssssssssssssssssss.yedeklinksa35.workers.dev/https://corestream.ronaldovurdu.help//aspor/tracks-v1a1/mono.m3u8
2026-06-08 17:59:52,331 [INFO] Capturing response: https://ts.yedeklinksa35.workers.dev/aspor/tracks-v1a1/2026/06/08/17/59/53-10000.avif 200 
2026-06-08 17:59:52,769 [INFO] 
[11/14]
2026-06-08 17:59:52,769 [INFO] 🔍 Tivibu Spor 1 → https://atomsportv506.top/matches?id=tivibu-spor-1
2026-06-08 17:59:52,886 [INFO] Capturing request: https://atomsportv506.top/matches?id=tivibu-spor-1
2026-06-08 17:59:52,887 [INFO] Capturing request: https://atomsportv506.top/assets/js/clappr.js
2026-06-08 17:59:52,924 [INFO] Capturing response: https://atomsportv506.top/matches?id=tivibu-spor-1 200 
2026-06-08 17:59:52,938 [INFO] Capturing request: https://atomsportv506.top/cdn-cgi/rum?
2026-06-08 17:59:52,945 [INFO] Capturing response: https://atomsportv506.top/assets/js/clappr.js 200 
2026-06-08 17:59:52,959 [INFO] Capturing request: https://streamsport365.com/cinema
2026-06-08 17:59:52,965 [INFO] Capturing request: https://atomsportv506.top/cdn-cgi/rum?
2026-06-08 17:59:53,065 [INFO] Capturing request: https://teletv5.top/load/yayinlink.php?id=tivibu-spor-1
2026-06-08 17:59:53,069 [INFO] Capturing request: https://atomsportv506.top/favicon.ico
2026-06-08 17:59:53,074 [INFO] Capturing response: https://atomsportv506.top/cdn-cgi/rum? 204 
2026-06-08 17:59:53,076 [INFO] Capturing response: https://atomsportv506.top/cdn-cgi/rum? 204 
2026-06-08 17:59:53,111 [INFO] Capturing response: https://atomsportv506.top/favicon.ico 200 
2026-06-08 17:59:53,275 [INFO] Capturing response: https://teletv5.top/load/yayinlink.php?id=tivibu-spor-1 200 
2026-06-08 17:59:53,327 [INFO] Capturing response: https://streamsport365.com/cinema 200 
2026-06-08 18:00:26,236 [WARNING]   ❌ Tivibu Spor 1 için M3U8 bulunamadı
2026-06-08 18:00:27,237 [INFO] 
[12/14]
2026-06-08 18:00:27,237 [INFO] 🔍 Tivibu Spor 2 → https://atomsportv506.top/matches?id=tivibu-spor-2
2026-06-08 18:00:27,346 [INFO] Capturing request: https://atomsportv506.top/assets/js/clappr.js
2026-06-08 18:00:27,348 [INFO] Capturing request: https://atomsportv506.top/matches?id=tivibu-spor-2
2026-06-08 18:00:27,365 [INFO] Capturing response: https://atomsportv506.top/assets/js/clappr.js 200 
2026-06-08 18:00:27,692 [INFO] Capturing response: https://atomsportv506.top/matches?id=tivibu-spor-2 200 
2026-06-08 18:00:27,703 [INFO] Capturing request: https://atomsportv506.top/cdn-cgi/rum?
2026-06-08 18:00:27,736 [INFO] Capturing request: https://atomsportv506.top/cdn-cgi/rum?
2026-06-08 18:00:27,811 [INFO] Capturing response: https://atomsportv506.top/cdn-cgi/rum? 204 
2026-06-08 18:00:27,834 [INFO] Capturing request: https://teletv5.top/load/yayinlink.php?id=tivibu-spor-2
2026-06-08 18:00:27,840 [INFO] Capturing request: https://atomsportv506.top/favicon.ico
2026-06-08 18:00:27,881 [INFO] Capturing response: https://atomsportv506.top/favicon.ico 200 
2026-06-08 18:00:27,884 [INFO] Capturing response: https://atomsportv506.top/cdn-cgi/rum? 204 
2026-06-08 18:00:27,987 [INFO] Capturing request: https://streamsport365.com/cinema
2026-06-08 18:00:28,053 [INFO] Capturing response: https://teletv5.top/load/yayinlink.php?id=tivibu-spor-2 200 
2026-06-08 18:00:28,375 [INFO] Capturing response: https://streamsport365.com/cinema 200 
2026-06-08 18:00:36,919 [INFO] 127.0.0.1:45968: HTTP/2 connection terminated by server: error code: 0, last stream id: 201, additional data: b'session_timed_out'
2026-06-08 18:00:37,273 [INFO] 127.0.0.1:44630: HTTP/2 connection terminated by server: error code: 0, last stream id: 201, additional data: b'session_timed_out'
2026-06-08 18:01:01,006 [WARNING]   ❌ Tivibu Spor 2 için M3U8 bulunamadı
2026-06-08 18:01:02,006 [INFO] 
[13/14]
2026-06-08 18:01:02,006 [INFO] 🔍 Tivibu Spor 3 → https://atomsportv506.top/matches?id=tivibu-spor-3
2026-06-08 18:01:02,114 [INFO] Capturing request: https://atomsportv506.top/assets/js/clappr.js
2026-06-08 18:01:02,116 [INFO] Capturing request: https://atomsportv506.top/matches?id=tivibu-spor-3
2026-06-08 18:01:02,135 [INFO] Capturing response: https://atomsportv506.top/assets/js/clappr.js 200 
2026-06-08 18:01:02,475 [INFO] Capturing response: https://atomsportv506.top/matches?id=tivibu-spor-3 200 
2026-06-08 18:01:02,484 [INFO] Capturing request: https://atomsportv506.top/cdn-cgi/rum?
2026-06-08 18:01:02,514 [INFO] Capturing request: https://atomsportv506.top/cdn-cgi/rum?
2026-06-08 18:01:02,592 [INFO] Capturing response: https://atomsportv506.top/cdn-cgi/rum? 204 
2026-06-08 18:01:02,608 [INFO] Capturing request: https://teletv5.top/load/yayinlink.php?id=tivibu-spor-3
2026-06-08 18:01:02,618 [INFO] Capturing request: https://atomsportv506.top/favicon.ico
2026-06-08 18:01:02,662 [INFO] Capturing response: https://atomsportv506.top/favicon.ico 200 
2026-06-08 18:01:02,665 [INFO] Capturing response: https://atomsportv506.top/cdn-cgi/rum? 204 
2026-06-08 18:01:02,767 [INFO] Capturing request: https://streamsport365.com/cinema
2026-06-08 18:01:02,820 [INFO] Capturing response: https://teletv5.top/load/yayinlink.php?id=tivibu-spor-3 200 
2026-06-08 18:01:03,126 [INFO] Capturing response: https://streamsport365.com/cinema 200 
2026-06-08 18:01:35,787 [WARNING]   ❌ Tivibu Spor 3 için M3U8 bulunamadı
2026-06-08 18:01:36,787 [INFO] 
[14/14]
2026-06-08 18:01:36,787 [INFO] 🔍 Tivibu Spor 4 → https://atomsportv506.top/matches?id=tivibu-spor-4
2026-06-08 18:01:36,896 [INFO] Capturing request: https://atomsportv506.top/assets/js/clappr.js
2026-06-08 18:01:36,898 [INFO] Capturing request: https://atomsportv506.top/matches?id=tivibu-spor-4
2026-06-08 18:01:36,916 [INFO] Capturing response: https://atomsportv506.top/assets/js/clappr.js 200 
2026-06-08 18:01:37,252 [INFO] Capturing response: https://atomsportv506.top/matches?id=tivibu-spor-4 200 
2026-06-08 18:01:37,261 [INFO] Capturing request: https://atomsportv506.top/cdn-cgi/rum?
2026-06-08 18:01:37,292 [INFO] Capturing request: https://atomsportv506.top/cdn-cgi/rum?
2026-06-08 18:01:37,370 [INFO] Capturing response: https://atomsportv506.top/cdn-cgi/rum? 204 
2026-06-08 18:01:37,386 [INFO] Capturing request: https://teletv5.top/load/yayinlink.php?id=tivibu-spor-4
2026-06-08 18:01:37,392 [INFO] Capturing request: https://atomsportv506.top/favicon.ico
2026-06-08 18:01:37,435 [INFO] Capturing response: https://atomsportv506.top/favicon.ico 200 
2026-06-08 18:01:37,441 [INFO] Capturing response: https://atomsportv506.top/cdn-cgi/rum? 204 
2026-06-08 18:01:37,540 [INFO] Capturing request: https://streamsport365.com/cinema
2026-06-08 18:01:37,602 [INFO] Capturing response: https://teletv5.top/load/yayinlink.php?id=tivibu-spor-4 200 
2026-06-08 18:01:37,910 [INFO] Capturing response: https://streamsport365.com/cinema 200 
2026-06-08 18:02:10,566 [WARNING]   ❌ Tivibu Spor 4 için M3U8 bulunamadı
2026-06-08 18:02:11,628 [INFO] ✅ 5 kanal bulundu, playlist.m3u kaydedildi
