2026-06-10 17:43:05,327 [INFO] 🌐 BASE_URL: https://atomsportv506.top
2026-06-10 17:43:06,117 [INFO] Başlanıyor... 14 kanal taranacak
2026-06-10 17:43:06,117 [INFO] Using default request storage
2026-06-10 17:43:06,121 [INFO] Created proxy listening on 127.0.0.1:46793
2026-06-10 17:43:06,799 [INFO] Capturing request: http://clients2.google.com/time/1/current?cup2key=10:11QNjS9EXxV7Lx88LFzJXTeS0MsfPvXdZJEibGoknEk&cup2hreq=e3b0c44298fc1c149afbf4c8996fb92427ae41e4649b934ca495991b7852b855
2026-06-10 17:43:06,849 [INFO] Capturing response: http://clients2.google.com/time/1/current?cup2key=10:11QNjS9EXxV7Lx88LFzJXTeS0MsfPvXdZJEibGoknEk&cup2hreq=e3b0c44298fc1c149afbf4c8996fb92427ae41e4649b934ca495991b7852b855 200 OK
2026-06-10 17:43:06,933 [INFO] 
[1/14]
2026-06-10 17:43:06,934 [INFO] 🔍 beIN Sports 1 → https://atomsportv506.top/matches?id=bein-sports-1
2026-06-10 17:43:06,976 [INFO] Capturing request: https://accounts.google.com/ListAccounts?gpsia=1&source=ChromiumBrowser&json=standard&laf=b64bin
2026-06-10 17:43:07,034 [INFO] Capturing response: https://accounts.google.com/ListAccounts?gpsia=1&source=ChromiumBrowser&json=standard&laf=b64bin 200 
2026-06-10 17:43:07,104 [INFO] Capturing request: https://atomsportv506.top/matches?id=bein-sports-1
2026-06-10 17:43:07,322 [INFO] Capturing request: https://www.google.com/async/folae?async=_fmt:pb&udm=50&client_locale=en-US
2026-06-10 17:43:07,343 [INFO] Capturing response: https://www.google.com/async/folae?async=_fmt:pb&udm=50&client_locale=en-US 200 
2026-06-10 17:43:07,388 [INFO] Capturing response: https://atomsportv506.top/matches?id=bein-sports-1 200 
2026-06-10 17:43:07,539 [INFO] Capturing request: https://atomsportv506.top/assets/js/clappr.js
2026-06-10 17:43:07,584 [INFO] Capturing request: https://cdn.jsdelivr.net/npm/@clappr/player@latest/dist/clappr.min.js
2026-06-10 17:43:07,588 [INFO] Capturing request: https://cdnjs.cloudflare.com/ajax/libs/jquery/3.2.1/jquery.min.js
2026-06-10 17:43:07,594 [INFO] Capturing response: https://atomsportv506.top/assets/js/clappr.js 200 
2026-06-10 17:43:07,607 [INFO] Capturing response: https://cdnjs.cloudflare.com/ajax/libs/jquery/3.2.1/jquery.min.js 200 
2026-06-10 17:43:07,777 [INFO] Capturing response: https://cdn.jsdelivr.net/npm/@clappr/player@latest/dist/clappr.min.js 200 
2026-06-10 17:43:07,797 [INFO] Capturing request: https://static.cloudflareinsights.com/beacon.min.js/v833ccba57c9e4d2798f2e76cebdd09a11778172276447
2026-06-10 17:43:07,817 [INFO] Capturing response: https://static.cloudflareinsights.com/beacon.min.js/v833ccba57c9e4d2798f2e76cebdd09a11778172276447 200 
2026-06-10 17:43:07,893 [INFO] Capturing request: https://atomsportv506.top/cdn-cgi/rum?
2026-06-10 17:43:08,001 [INFO] Capturing request: https://atomsportv506.top/favicon.ico
2026-06-10 17:43:08,008 [INFO] Capturing response: https://atomsportv506.top/cdn-cgi/rum? 204 
2026-06-10 17:43:08,075 [INFO] Capturing request: https://teletv5.top/load/yayinlink.php?id=bein-sports-1
2026-06-10 17:43:08,095 [INFO] Capturing response: https://atomsportv506.top/favicon.ico 200 
2026-06-10 17:43:08,415 [INFO] Capturing response: https://teletv5.top/load/yayinlink.php?id=bein-sports-1 200 
2026-06-10 17:43:08,506 [INFO] Capturing request: https://streamsport365.com/cinema
2026-06-10 17:43:08,754 [INFO] Capturing response: https://streamsport365.com/cinema 200 
2026-06-10 17:43:08,884 [INFO] Capturing request: https://atomsportv506.top/assets/img/player_logo_6880e4e4c52ee.png
2026-06-10 17:43:08,969 [INFO] Capturing request: https://hlssssssssssssssssss.yedeklinksa35.workers.dev/https://corestream.ronaldovurdu.help//aspor/tracks-v1a1/mono.m3u8
2026-06-10 17:43:08,984 [INFO] Capturing response: https://atomsportv506.top/assets/img/player_logo_6880e4e4c52ee.png 200 
2026-06-10 17:43:09,207 [INFO] Capturing response: https://hlssssssssssssssssss.yedeklinksa35.workers.dev/https://corestream.ronaldovurdu.help//aspor/tracks-v1a1/mono.m3u8 200 
2026-06-10 17:43:09,488 [INFO] Capturing request: https://ts.yedeklinksa35.workers.dev/aspor/tracks-v1a1/2026/06/10/17/42/46-05760.avif
2026-06-10 17:43:09,906 [INFO] Capturing request: https://android.clients.google.com/checkin
2026-06-10 17:43:09,995 [INFO] Capturing response: https://android.clients.google.com/checkin 200 
2026-06-10 17:43:10,011 [INFO] Capturing response: https://ts.yedeklinksa35.workers.dev/aspor/tracks-v1a1/2026/06/10/17/42/46-05760.avif 200 
2026-06-10 17:43:10,048 [INFO] Capturing request: https://android.clients.google.com/c2dm/register3
2026-06-10 17:43:10,055 [INFO] Capturing request: https://android.clients.google.com/c2dm/register3
2026-06-10 17:43:10,058 [INFO] Capturing request: https://android.clients.google.com/c2dm/register3
2026-06-10 17:43:10,098 [INFO] Capturing response: https://android.clients.google.com/c2dm/register3 200 
2026-06-10 17:43:10,106 [INFO] Capturing response: https://android.clients.google.com/c2dm/register3 200 
2026-06-10 17:43:10,110 [INFO] Capturing response: https://android.clients.google.com/c2dm/register3 200 
2026-06-10 17:43:10,276 [INFO] Capturing request: https://ts.yedeklinksa35.workers.dev/aspor/tracks-v1a1/2026/06/10/17/42/52-05760.avif
2026-06-10 17:43:10,716 [INFO] Capturing response: https://ts.yedeklinksa35.workers.dev/aspor/tracks-v1a1/2026/06/10/17/42/52-05760.avif 200 
2026-06-10 17:43:10,933 [INFO]   ✅ M3U8 bulundu: https://hlssssssssssssssssss.yedeklinksa35.workers.dev/https://corestream.ronaldovurdu.help//aspor/tracks-v1a1/mono.m3u8
2026-06-10 17:43:10,934 [INFO] Capturing request: https://ts.yedeklinksa35.workers.dev/aspor/tracks-v1a1/2026/06/10/17/42/57-05760.avif
2026-06-10 17:43:11,550 [INFO] Capturing response: https://ts.yedeklinksa35.workers.dev/aspor/tracks-v1a1/2026/06/10/17/42/57-05760.avif 200 
2026-06-10 17:43:11,768 [INFO] Capturing request: https://ts.yedeklinksa35.workers.dev/aspor/tracks-v1a1/2026/06/10/17/43/03-05760.avif
2026-06-10 17:43:11,934 [INFO] 
[2/14]
2026-06-10 17:43:11,934 [INFO] 🔍 beIN Sports 2 → https://atomsportv506.top/matches?id=bein-sports-2
2026-06-10 17:43:12,047 [INFO] Capturing request: https://atomsportv506.top/matches?id=bein-sports-2
2026-06-10 17:43:12,141 [INFO] Capturing response: https://atomsportv506.top/matches?id=bein-sports-2 200 
2026-06-10 17:43:12,155 [INFO] Capturing request: https://atomsportv506.top/cdn-cgi/rum?
2026-06-10 17:43:12,200 [INFO] Capturing request: https://streamsport365.com/cinema
2026-06-10 17:43:12,209 [INFO] Capturing request: https://atomsportv506.top/cdn-cgi/rum?
2026-06-10 17:43:12,270 [INFO] Capturing response: https://atomsportv506.top/cdn-cgi/rum? 204 
2026-06-10 17:43:12,299 [INFO] Capturing request: https://teletv5.top/load/yayinlink.php?id=bein-sports-2
2026-06-10 17:43:12,311 [INFO] Capturing request: https://atomsportv506.top/favicon.ico
2026-06-10 17:43:12,358 [INFO] Capturing response: https://atomsportv506.top/favicon.ico 200 
2026-06-10 17:43:12,366 [INFO] Capturing response: https://atomsportv506.top/cdn-cgi/rum? 204 
2026-06-10 17:43:12,387 [INFO] Capturing response: https://ts.yedeklinksa35.workers.dev/aspor/tracks-v1a1/2026/06/10/17/43/03-05760.avif 200 
2026-06-10 17:43:12,426 [INFO] 127.0.0.1:53452: ProtocolException("Error in HTTP connection: Http2ZombieException('Connection or stream already dead: 1781113392.4263368, False')")
2026-06-10 17:43:12,456 [INFO] Capturing response: https://streamsport365.com/cinema 200 
2026-06-10 17:43:12,460 [INFO] Capturing response: https://teletv5.top/load/yayinlink.php?id=bein-sports-2 200 
2026-06-10 17:43:12,582 [INFO] Capturing request: https://hlssssssssssssssssss.yedeklinksa35.workers.dev/https://corestream.ronaldovurdu.help//bein2/tracks-v1a1/mono.m3u8
2026-06-10 17:43:12,721 [INFO] Capturing response: https://hlssssssssssssssssss.yedeklinksa35.workers.dev/https://corestream.ronaldovurdu.help//bein2/tracks-v1a1/mono.m3u8 200 
2026-06-10 17:43:12,837 [INFO] Capturing request: https://ts.yedeklinksa35.workers.dev/bein2/tracks-v1a1/2026/06/10/17/42/44-10000.avif
2026-06-10 17:43:13,233 [INFO] Capturing response: https://ts.yedeklinksa35.workers.dev/bein2/tracks-v1a1/2026/06/10/17/42/44-10000.avif 200 
2026-06-10 17:43:13,412 [INFO] Capturing request: https://ts.yedeklinksa35.workers.dev/bein2/tracks-v1a1/2026/06/10/17/42/54-05160.avif
2026-06-10 17:43:13,819 [INFO] Capturing response: https://ts.yedeklinksa35.workers.dev/bein2/tracks-v1a1/2026/06/10/17/42/54-05160.avif 200 
2026-06-10 17:43:13,999 [INFO] Capturing request: https://ts.yedeklinksa35.workers.dev/bein2/tracks-v1a1/2026/06/10/17/42/59-09960.avif
2026-06-10 17:43:14,339 [INFO] Capturing response: https://ts.yedeklinksa35.workers.dev/bein2/tracks-v1a1/2026/06/10/17/42/59-09960.avif 200 
2026-06-10 17:43:14,522 [INFO] Capturing request: https://ts.yedeklinksa35.workers.dev/bein2/tracks-v1a1/2026/06/10/17/43/09-10000.avif
2026-06-10 17:43:14,763 [INFO] Capturing response: https://ts.yedeklinksa35.workers.dev/bein2/tracks-v1a1/2026/06/10/17/43/09-10000.avif 200 
2026-06-10 17:43:15,226 [INFO]   ✅ M3U8 bulundu: https://hlssssssssssssssssss.yedeklinksa35.workers.dev/https://corestream.ronaldovurdu.help//bein2/tracks-v1a1/mono.m3u8
2026-06-10 17:43:16,226 [INFO] 
[3/14]
2026-06-10 17:43:16,226 [INFO] 🔍 beIN Sports 3 → https://atomsportv506.top/matches?id=bein-sports-3
2026-06-10 17:43:16,336 [INFO] Capturing request: https://atomsportv506.top/matches?id=bein-sports-3
2026-06-10 17:43:16,399 [INFO] Capturing response: https://atomsportv506.top/matches?id=bein-sports-3 200 
2026-06-10 17:43:16,410 [INFO] Capturing request: https://atomsportv506.top/cdn-cgi/rum?
2026-06-10 17:43:16,439 [INFO] Capturing request: https://atomsportv506.top/cdn-cgi/rum?
2026-06-10 17:43:16,521 [INFO] Capturing response: https://atomsportv506.top/cdn-cgi/rum? 204 
2026-06-10 17:43:16,531 [INFO] Capturing request: https://teletv5.top/load/yayinlink.php?id=bein-sports-3
2026-06-10 17:43:16,540 [INFO] Capturing request: https://atomsportv506.top/favicon.ico
2026-06-10 17:43:16,585 [INFO] Capturing response: https://atomsportv506.top/favicon.ico 200 
2026-06-10 17:43:16,590 [INFO] Capturing response: https://atomsportv506.top/cdn-cgi/rum? 204 
2026-06-10 17:43:16,636 [INFO] Capturing request: https://streamsport365.com/cinema
2026-06-10 17:43:16,694 [INFO] Capturing response: https://teletv5.top/load/yayinlink.php?id=bein-sports-3 200 
2026-06-10 17:43:16,887 [INFO] Capturing response: https://streamsport365.com/cinema 200 
2026-06-10 17:43:32,985 [INFO] Capturing request: https://android.clients.google.com/c2dm/register3
2026-06-10 17:43:33,025 [INFO] Capturing response: https://android.clients.google.com/c2dm/register3 301 
2026-06-10 17:43:38,347 [INFO] Capturing request: https://android.clients.google.com/c2dm/register3
2026-06-10 17:43:39,025 [INFO] Capturing response: https://android.clients.google.com/c2dm/register3 200 
2026-06-10 17:43:39,204 [INFO] Capturing request: https://android.clients.google.com/c2dm/register3
2026-06-10 17:43:39,898 [INFO] Capturing response: https://android.clients.google.com/c2dm/register3 200 
2026-06-10 17:43:49,761 [WARNING]   ❌ beIN Sports 3 için M3U8 bulunamadı
2026-06-10 17:43:50,761 [INFO] 
[4/14]
2026-06-10 17:43:50,762 [INFO] 🔍 beIN Sports 4 → https://atomsportv506.top/matches?id=bein-sports-4
2026-06-10 17:43:50,873 [INFO] Capturing request: https://atomsportv506.top/matches?id=bein-sports-4
2026-06-10 17:43:51,432 [INFO] Capturing response: https://atomsportv506.top/matches?id=bein-sports-4 200 
2026-06-10 17:43:51,441 [INFO] Capturing request: https://atomsportv506.top/cdn-cgi/rum?
2026-06-10 17:43:51,473 [INFO] Capturing request: https://atomsportv506.top/cdn-cgi/rum?
2026-06-10 17:43:51,550 [INFO] Capturing response: https://atomsportv506.top/cdn-cgi/rum? 204 
2026-06-10 17:43:51,570 [INFO] Capturing request: https://teletv5.top/load/yayinlink.php?id=bein-sports-4
2026-06-10 17:43:51,574 [INFO] Capturing request: https://atomsportv506.top/favicon.ico
2026-06-10 17:43:51,624 [INFO] Capturing response: https://atomsportv506.top/cdn-cgi/rum? 204 
2026-06-10 17:43:51,630 [INFO] Capturing response: https://atomsportv506.top/favicon.ico 200 
2026-06-10 17:43:51,669 [INFO] Capturing request: https://streamsport365.com/cinema
2026-06-10 17:43:51,736 [INFO] Capturing response: https://teletv5.top/load/yayinlink.php?id=bein-sports-4 200 
2026-06-10 17:43:51,913 [INFO] Capturing response: https://streamsport365.com/cinema 200 
2026-06-10 17:44:06,852 [INFO] Capturing request: https://update.googleapis.com/service/update2/json?cup2key=16:h9rOsUxns2RqWC32ugaTV-IPgr9Dg1K4kiin_xMkuOg&cup2hreq=a75d10487411a6c613bb2ccad46b82ff82426965b4eb3466884ef173d8a2d7e5
2026-06-10 17:44:06,876 [INFO] Capturing response: https://update.googleapis.com/service/update2/json?cup2key=16:h9rOsUxns2RqWC32ugaTV-IPgr9Dg1K4kiin_xMkuOg&cup2hreq=a75d10487411a6c613bb2ccad46b82ff82426965b4eb3466884ef173d8a2d7e5 200 
2026-06-10 17:44:24,737 [WARNING]   ❌ beIN Sports 4 için M3U8 bulunamadı
2026-06-10 17:44:25,737 [INFO] 
[5/14]
2026-06-10 17:44:25,738 [INFO] 🔍 beIN Sports 5 → https://atomsportv506.top/matches?id=bein-sports-5
2026-06-10 17:44:25,846 [INFO] Capturing request: https://atomsportv506.top/matches?id=bein-sports-5
2026-06-10 17:44:25,928 [INFO] Capturing request: https://android.clients.google.com/c2dm/register3
2026-06-10 17:44:25,970 [INFO] Capturing response: https://android.clients.google.com/c2dm/register3 301 
2026-06-10 17:44:26,147 [INFO] Capturing response: https://atomsportv506.top/matches?id=bein-sports-5 200 
2026-06-10 17:44:26,157 [INFO] Capturing request: https://atomsportv506.top/cdn-cgi/rum?
2026-06-10 17:44:26,189 [INFO] Capturing request: https://atomsportv506.top/cdn-cgi/rum?
2026-06-10 17:44:26,267 [INFO] Capturing response: https://atomsportv506.top/cdn-cgi/rum? 204 
2026-06-10 17:44:26,285 [INFO] Capturing request: https://teletv5.top/load/yayinlink.php?id=bein-sports-5
2026-06-10 17:44:26,293 [INFO] Capturing request: https://atomsportv506.top/favicon.ico
2026-06-10 17:44:26,341 [INFO] Capturing response: https://atomsportv506.top/cdn-cgi/rum? 204 
2026-06-10 17:44:26,346 [INFO] Capturing response: https://atomsportv506.top/favicon.ico 200 
2026-06-10 17:44:26,384 [INFO] Capturing request: https://streamsport365.com/cinema
2026-06-10 17:44:26,449 [INFO] Capturing response: https://teletv5.top/load/yayinlink.php?id=bein-sports-5 200 
2026-06-10 17:44:26,635 [INFO] Capturing response: https://streamsport365.com/cinema 200 
2026-06-10 17:44:59,454 [WARNING]   ❌ beIN Sports 5 için M3U8 bulunamadı
2026-06-10 17:45:00,455 [INFO] 
[6/14]
2026-06-10 17:45:00,455 [INFO] 🔍 beIN Sports Max 1 → https://atomsportv506.top/matches?id=bein-sports-max-1
2026-06-10 17:45:00,564 [INFO] Capturing request: https://atomsportv506.top/assets/js/clappr.js
2026-06-10 17:45:00,566 [INFO] Capturing request: https://atomsportv506.top/matches?id=bein-sports-max-1
2026-06-10 17:45:00,614 [INFO] Capturing response: https://atomsportv506.top/assets/js/clappr.js 200 
2026-06-10 17:45:00,906 [INFO] Capturing response: https://atomsportv506.top/matches?id=bein-sports-max-1 200 
2026-06-10 17:45:00,918 [INFO] Capturing request: https://atomsportv506.top/cdn-cgi/rum?
2026-06-10 17:45:00,949 [INFO] Capturing request: https://atomsportv506.top/cdn-cgi/rum?
2026-06-10 17:45:01,049 [INFO] Capturing request: https://teletv5.top/load/yayinlink.php?id=bein-sports-max-1
2026-06-10 17:45:01,052 [INFO] Capturing request: https://atomsportv506.top/favicon.ico
2026-06-10 17:45:01,054 [INFO] Capturing response: https://atomsportv506.top/cdn-cgi/rum? 204 
2026-06-10 17:45:01,104 [INFO] Capturing response: https://atomsportv506.top/cdn-cgi/rum? 204 
2026-06-10 17:45:01,138 [INFO] Capturing response: https://atomsportv506.top/favicon.ico 200 
2026-06-10 17:45:01,146 [INFO] Capturing request: https://streamsport365.com/cinema
2026-06-10 17:45:01,212 [INFO] Capturing response: https://teletv5.top/load/yayinlink.php?id=bein-sports-max-1 200 
2026-06-10 17:45:01,405 [INFO] Capturing response: https://streamsport365.com/cinema 200 
2026-06-10 17:45:34,222 [WARNING]   ❌ beIN Sports Max 1 için M3U8 bulunamadı
2026-06-10 17:45:35,223 [INFO] 
[7/14]
2026-06-10 17:45:35,223 [INFO] 🔍 beIN Sports Max 2 → https://atomsportv506.top/matches?id=bein-sports-max-2
2026-06-10 17:45:35,332 [INFO] Capturing request: https://atomsportv506.top/assets/js/clappr.js
2026-06-10 17:45:35,334 [INFO] Capturing request: https://atomsportv506.top/matches?id=bein-sports-max-2
2026-06-10 17:45:35,376 [INFO] Capturing response: https://atomsportv506.top/assets/js/clappr.js 200 
2026-06-10 17:45:35,661 [INFO] Capturing response: https://atomsportv506.top/matches?id=bein-sports-max-2 200 
2026-06-10 17:45:35,670 [INFO] Capturing request: https://atomsportv506.top/cdn-cgi/rum?
2026-06-10 17:45:35,710 [INFO] Capturing request: https://atomsportv506.top/cdn-cgi/rum?
2026-06-10 17:45:35,802 [INFO] Capturing request: https://teletv5.top/load/yayinlink.php?id=bein-sports-max-2
2026-06-10 17:45:35,811 [INFO] Capturing request: https://atomsportv506.top/favicon.ico
2026-06-10 17:45:35,820 [INFO] Capturing response: https://atomsportv506.top/cdn-cgi/rum? 204 
2026-06-10 17:45:35,823 [INFO] Capturing response: https://atomsportv506.top/cdn-cgi/rum? 204 
2026-06-10 17:45:35,861 [INFO] Capturing response: https://atomsportv506.top/favicon.ico 200 
2026-06-10 17:45:35,908 [INFO] Capturing request: https://streamsport365.com/cinema
2026-06-10 17:45:35,959 [INFO] Capturing response: https://teletv5.top/load/yayinlink.php?id=bein-sports-max-2 200 
2026-06-10 17:45:36,161 [INFO] Capturing response: https://streamsport365.com/cinema 200 
2026-06-10 17:46:06,090 [INFO] Capturing request: https://android.clients.google.com/c2dm/register3
2026-06-10 17:46:06,145 [INFO] Capturing response: https://android.clients.google.com/c2dm/register3 301 
2026-06-10 17:46:08,981 [WARNING]   ❌ beIN Sports Max 2 için M3U8 bulunamadı
2026-06-10 17:46:09,981 [INFO] 
[8/14]
2026-06-10 17:46:09,981 [INFO] 🔍 S Sport → https://atomsportv506.top/matches?id=s-sport
2026-06-10 17:46:10,091 [INFO] Capturing request: https://atomsportv506.top/assets/js/clappr.js
2026-06-10 17:46:10,093 [INFO] Capturing request: https://atomsportv506.top/matches?id=s-sport
2026-06-10 17:46:10,121 [INFO] Capturing response: https://atomsportv506.top/assets/js/clappr.js 200 
2026-06-10 17:46:10,410 [INFO] Capturing response: https://atomsportv506.top/matches?id=s-sport 200 
2026-06-10 17:46:10,421 [INFO] Capturing request: https://atomsportv506.top/cdn-cgi/rum?
2026-06-10 17:46:10,453 [INFO] Capturing request: https://atomsportv506.top/cdn-cgi/rum?
2026-06-10 17:46:10,551 [INFO] Capturing request: https://teletv5.top/load/yayinlink.php?id=s-sport
2026-06-10 17:46:10,554 [INFO] Capturing request: https://atomsportv506.top/favicon.ico
2026-06-10 17:46:10,561 [INFO] Capturing response: https://atomsportv506.top/cdn-cgi/rum? 204 
2026-06-10 17:46:10,563 [INFO] Capturing response: https://atomsportv506.top/cdn-cgi/rum? 204 
2026-06-10 17:46:10,651 [INFO] Capturing request: https://streamsport365.com/cinema
2026-06-10 17:46:10,697 [INFO] Capturing response: https://atomsportv506.top/favicon.ico 200 
2026-06-10 17:46:10,722 [INFO] Capturing response: https://teletv5.top/load/yayinlink.php?id=s-sport 200 
2026-06-10 17:46:10,904 [INFO] Capturing response: https://streamsport365.com/cinema 200 
2026-06-10 17:46:11,026 [INFO] Capturing request: https://hlssssssssssssssssss.yedeklinksa35.workers.dev/https://corestream.ronaldovurdu.help//s-sportt/tracks-v1a1/mono.m3u8
2026-06-10 17:46:11,253 [INFO] Capturing response: https://hlssssssssssssssssss.yedeklinksa35.workers.dev/https://corestream.ronaldovurdu.help//s-sportt/tracks-v1a1/mono.m3u8 200 
2026-06-10 17:46:11,364 [INFO] Capturing request: https://ts.yedeklinksa35.workers.dev/s-sportt/tracks-v1a1/2026/06/10/17/46/10-05000.avif
2026-06-10 17:46:11,717 [INFO] Capturing response: https://ts.yedeklinksa35.workers.dev/s-sportt/tracks-v1a1/2026/06/10/17/46/10-05000.avif 200 
2026-06-10 17:46:11,920 [INFO] Capturing request: https://ts.yedeklinksa35.workers.dev/s-sportt/tracks-v1a1/2026/06/10/17/46/15-05000.avif
2026-06-10 17:46:12,420 [INFO] Capturing response: https://ts.yedeklinksa35.workers.dev/s-sportt/tracks-v1a1/2026/06/10/17/46/15-05000.avif 200 
2026-06-10 17:46:12,610 [INFO] Capturing request: https://ts.yedeklinksa35.workers.dev/s-sportt/tracks-v1a1/2026/06/10/17/46/20-05000.avif
2026-06-10 17:46:13,156 [INFO] Capturing response: https://ts.yedeklinksa35.workers.dev/s-sportt/tracks-v1a1/2026/06/10/17/46/20-05000.avif 200 
2026-06-10 17:46:13,471 [INFO]   ✅ M3U8 bulundu: https://hlssssssssssssssssss.yedeklinksa35.workers.dev/https://corestream.ronaldovurdu.help//s-sportt/tracks-v1a1/mono.m3u8
2026-06-10 17:46:14,471 [INFO] 
[9/14]
2026-06-10 17:46:14,471 [INFO] 🔍 S Sport 2 → https://atomsportv506.top/matches?id=s-sport-2
2026-06-10 17:46:14,585 [INFO] Capturing request: https://atomsportv506.top/matches?id=s-sport-2
2026-06-10 17:46:14,586 [INFO] Capturing request: https://atomsportv506.top/assets/js/clappr.js
2026-06-10 17:46:14,643 [INFO] Capturing response: https://atomsportv506.top/matches?id=s-sport-2 200 
2026-06-10 17:46:14,649 [INFO] Capturing response: https://atomsportv506.top/assets/js/clappr.js 200 
2026-06-10 17:46:14,654 [INFO] Capturing request: https://atomsportv506.top/cdn-cgi/rum?
2026-06-10 17:46:14,687 [INFO] Capturing request: https://atomsportv506.top/cdn-cgi/rum?
2026-06-10 17:46:14,688 [INFO] Capturing request: https://streamsport365.com/cinema
2026-06-10 17:46:14,787 [INFO] Capturing request: https://teletv5.top/load/yayinlink.php?id=s-sport-2
2026-06-10 17:46:14,788 [INFO] Capturing request: https://atomsportv506.top/favicon.ico
2026-06-10 17:46:14,799 [INFO] Capturing response: https://atomsportv506.top/cdn-cgi/rum? 204 
2026-06-10 17:46:14,800 [INFO] Capturing response: https://atomsportv506.top/cdn-cgi/rum? 204 
2026-06-10 17:46:14,826 [INFO] Capturing response: https://atomsportv506.top/favicon.ico 200 
2026-06-10 17:46:14,943 [INFO] Capturing response: https://streamsport365.com/cinema 200 
2026-06-10 17:46:14,945 [INFO] Capturing response: https://teletv5.top/load/yayinlink.php?id=s-sport-2 200 
2026-06-10 17:46:15,109 [INFO] Capturing request: https://hlssssssssssssssssss.yedeklinksa35.workers.dev/https://corestream.ronaldovurdu.help//s-sport2/tracks-v1a1/mono.m3u8
2026-06-10 17:46:15,253 [INFO] Capturing response: https://hlssssssssssssssssss.yedeklinksa35.workers.dev/https://corestream.ronaldovurdu.help//s-sport2/tracks-v1a1/mono.m3u8 200 
2026-06-10 17:46:15,403 [INFO] Capturing request: https://ts.yedeklinksa35.workers.dev/s-sport2/tracks-v1a1/2026/06/10/17/46/39-06000.avif
2026-06-10 17:46:16,024 [INFO] Capturing response: https://ts.yedeklinksa35.workers.dev/s-sport2/tracks-v1a1/2026/06/10/17/46/39-06000.avif 200 
2026-06-10 17:46:16,220 [INFO] Capturing request: https://ts.yedeklinksa35.workers.dev/s-sport2/tracks-v1a1/2026/06/10/17/46/45-06000.avif
2026-06-10 17:46:16,552 [INFO] Capturing response: https://ts.yedeklinksa35.workers.dev/s-sport2/tracks-v1a1/2026/06/10/17/46/45-06000.avif 200 
2026-06-10 17:46:16,770 [INFO] Capturing request: https://ts.yedeklinksa35.workers.dev/s-sport2/tracks-v1a1/2026/06/10/17/46/51-06000.avif
2026-06-10 17:46:17,097 [INFO] Capturing response: https://ts.yedeklinksa35.workers.dev/s-sport2/tracks-v1a1/2026/06/10/17/46/51-06000.avif 200 
2026-06-10 17:46:17,705 [INFO]   ✅ M3U8 bulundu: https://hlssssssssssssssssss.yedeklinksa35.workers.dev/https://corestream.ronaldovurdu.help//s-sport2/tracks-v1a1/mono.m3u8
2026-06-10 17:46:18,706 [INFO] 
[10/14]
2026-06-10 17:46:18,706 [INFO] 🔍 A Spor → https://atomsportv506.top/matches?id=a-spor
2026-06-10 17:46:18,818 [INFO] Capturing request: https://atomsportv506.top/assets/js/clappr.js
2026-06-10 17:46:18,819 [INFO] Capturing request: https://atomsportv506.top/matches?id=a-spor
2026-06-10 17:46:18,840 [INFO] Capturing response: https://atomsportv506.top/assets/js/clappr.js 200 
2026-06-10 17:46:18,892 [INFO] Capturing response: https://atomsportv506.top/matches?id=a-spor 200 
2026-06-10 17:46:18,902 [INFO] Capturing request: https://atomsportv506.top/cdn-cgi/rum?
2026-06-10 17:46:18,933 [INFO] Capturing request: https://atomsportv506.top/cdn-cgi/rum?
2026-06-10 17:46:19,016 [INFO] Capturing response: https://atomsportv506.top/cdn-cgi/rum? 204 
2026-06-10 17:46:19,029 [INFO] Capturing request: https://teletv5.top/load/yayinlink.php?id=a-spor
2026-06-10 17:46:19,033 [INFO] Capturing request: https://atomsportv506.top/favicon.ico
2026-06-10 17:46:19,075 [INFO] Capturing response: https://atomsportv506.top/favicon.ico 200 
2026-06-10 17:46:19,084 [INFO] Capturing response: https://atomsportv506.top/cdn-cgi/rum? 204 
2026-06-10 17:46:19,128 [INFO] Capturing request: https://streamsport365.com/cinema
2026-06-10 17:46:19,195 [INFO] Capturing response: https://teletv5.top/load/yayinlink.php?id=a-spor 200 
2026-06-10 17:46:19,378 [INFO] Capturing response: https://streamsport365.com/cinema 200 
2026-06-10 17:46:19,499 [INFO] Capturing request: https://hlssssssssssssssssss.yedeklinksa35.workers.dev/https://corestream.ronaldovurdu.help//aspor/tracks-v1a1/mono.m3u8
2026-06-10 17:46:19,633 [INFO] Capturing response: https://hlssssssssssssssssss.yedeklinksa35.workers.dev/https://corestream.ronaldovurdu.help//aspor/tracks-v1a1/mono.m3u8 200 
2026-06-10 17:46:19,743 [INFO] Capturing request: https://ts.yedeklinksa35.workers.dev/aspor/tracks-v1a1/2026/06/10/17/46/01-05800.avif
2026-06-10 17:46:20,126 [INFO] Capturing response: https://ts.yedeklinksa35.workers.dev/aspor/tracks-v1a1/2026/06/10/17/46/01-05800.avif 200 
2026-06-10 17:46:20,314 [INFO] Capturing request: https://ts.yedeklinksa35.workers.dev/aspor/tracks-v1a1/2026/06/10/17/46/07-05760.avif
2026-06-10 17:46:20,726 [INFO] Capturing response: https://ts.yedeklinksa35.workers.dev/aspor/tracks-v1a1/2026/06/10/17/46/07-05760.avif 200 
2026-06-10 17:46:20,934 [INFO] Capturing request: https://ts.yedeklinksa35.workers.dev/aspor/tracks-v1a1/2026/06/10/17/46/13-05760.avif
2026-06-10 17:46:21,309 [INFO] Capturing response: https://ts.yedeklinksa35.workers.dev/aspor/tracks-v1a1/2026/06/10/17/46/13-05760.avif 200 
2026-06-10 17:46:21,530 [INFO] Capturing request: https://ts.yedeklinksa35.workers.dev/aspor/tracks-v1a1/2026/06/10/17/46/19-05760.avif
2026-06-10 17:46:21,965 [INFO]   ✅ M3U8 bulundu: https://hlssssssssssssssssss.yedeklinksa35.workers.dev/https://corestream.ronaldovurdu.help//aspor/tracks-v1a1/mono.m3u8
2026-06-10 17:46:22,012 [INFO] Capturing response: https://ts.yedeklinksa35.workers.dev/aspor/tracks-v1a1/2026/06/10/17/46/19-05760.avif 200 
2026-06-10 17:46:22,967 [INFO] 
[11/14]
2026-06-10 17:46:22,967 [INFO] 🔍 Tivibu Spor 1 → https://atomsportv506.top/matches?id=tivibu-spor-1
2026-06-10 17:46:23,078 [INFO] Capturing request: https://atomsportv506.top/assets/js/clappr.js
2026-06-10 17:46:23,080 [INFO] Capturing request: https://atomsportv506.top/matches?id=tivibu-spor-1
2026-06-10 17:46:23,099 [INFO] Capturing response: https://atomsportv506.top/assets/js/clappr.js 200 
2026-06-10 17:46:23,145 [INFO] Capturing response: https://atomsportv506.top/matches?id=tivibu-spor-1 200 
2026-06-10 17:46:23,155 [INFO] Capturing request: https://atomsportv506.top/cdn-cgi/rum?
2026-06-10 17:46:23,179 [INFO] Capturing request: https://streamsport365.com/cinema
2026-06-10 17:46:23,185 [INFO] Capturing request: https://atomsportv506.top/cdn-cgi/rum?
2026-06-10 17:46:23,267 [INFO] Capturing response: https://atomsportv506.top/cdn-cgi/rum? 204 
2026-06-10 17:46:23,278 [INFO] Capturing request: https://teletv5.top/load/yayinlink.php?id=tivibu-spor-1
2026-06-10 17:46:23,289 [INFO] Capturing request: https://atomsportv506.top/favicon.ico
2026-06-10 17:46:23,319 [INFO] Capturing response: https://atomsportv506.top/favicon.ico 200 
2026-06-10 17:46:23,338 [INFO] Capturing response: https://atomsportv506.top/cdn-cgi/rum? 204 
2026-06-10 17:46:23,425 [INFO] Capturing response: https://streamsport365.com/cinema 200 
2026-06-10 17:46:23,439 [INFO] Capturing response: https://teletv5.top/load/yayinlink.php?id=tivibu-spor-1 200 
2026-06-10 17:46:56,458 [WARNING]   ❌ Tivibu Spor 1 için M3U8 bulunamadı
2026-06-10 17:46:57,458 [INFO] 
[12/14]
2026-06-10 17:46:57,458 [INFO] 🔍 Tivibu Spor 2 → https://atomsportv506.top/matches?id=tivibu-spor-2
2026-06-10 17:46:57,566 [INFO] Capturing request: https://atomsportv506.top/assets/js/clappr.js
2026-06-10 17:46:57,568 [INFO] Capturing request: https://atomsportv506.top/matches?id=tivibu-spor-2
2026-06-10 17:46:57,589 [INFO] Capturing response: https://atomsportv506.top/assets/js/clappr.js 200 
2026-06-10 17:46:57,886 [INFO] Capturing response: https://atomsportv506.top/matches?id=tivibu-spor-2 200 
2026-06-10 17:46:57,895 [INFO] Capturing request: https://atomsportv506.top/cdn-cgi/rum?
2026-06-10 17:46:57,927 [INFO] Capturing request: https://atomsportv506.top/cdn-cgi/rum?
2026-06-10 17:46:58,008 [INFO] Capturing response: https://atomsportv506.top/cdn-cgi/rum? 204 
2026-06-10 17:46:58,020 [INFO] Capturing request: https://teletv5.top/load/yayinlink.php?id=tivibu-spor-2
2026-06-10 17:46:58,027 [INFO] Capturing request: https://atomsportv506.top/favicon.ico
2026-06-10 17:46:58,068 [INFO] Capturing response: https://atomsportv506.top/favicon.ico 200 
2026-06-10 17:46:58,077 [INFO] Capturing response: https://atomsportv506.top/cdn-cgi/rum? 204 
2026-06-10 17:46:58,121 [INFO] Capturing request: https://streamsport365.com/cinema
2026-06-10 17:46:58,199 [INFO] Capturing response: https://teletv5.top/load/yayinlink.php?id=tivibu-spor-2 200 
2026-06-10 17:46:58,366 [INFO] Capturing response: https://streamsport365.com/cinema 200 
2026-06-10 17:47:07,021 [INFO] 127.0.0.1:53382: HTTP/2 connection terminated by server: error code: 0, last stream id: 201, additional data: b'session_timed_out'
2026-06-10 17:47:07,342 [INFO] 127.0.0.1:53394: HTTP/2 connection terminated by server: error code: 0, last stream id: 201, additional data: b'session_timed_out'
2026-06-10 17:47:31,196 [WARNING]   ❌ Tivibu Spor 2 için M3U8 bulunamadı
2026-06-10 17:47:32,196 [INFO] 
[13/14]
2026-06-10 17:47:32,196 [INFO] 🔍 Tivibu Spor 3 → https://atomsportv506.top/matches?id=tivibu-spor-3
2026-06-10 17:47:32,305 [INFO] Capturing request: https://atomsportv506.top/assets/js/clappr.js
2026-06-10 17:47:32,307 [INFO] Capturing request: https://atomsportv506.top/matches?id=tivibu-spor-3
2026-06-10 17:47:32,331 [INFO] Capturing response: https://atomsportv506.top/assets/js/clappr.js 200 
2026-06-10 17:47:32,608 [INFO] Capturing response: https://atomsportv506.top/matches?id=tivibu-spor-3 200 
2026-06-10 17:47:32,617 [INFO] Capturing request: https://atomsportv506.top/cdn-cgi/rum?
2026-06-10 17:47:32,653 [INFO] Capturing request: https://atomsportv506.top/cdn-cgi/rum?
2026-06-10 17:47:32,728 [INFO] Capturing response: https://atomsportv506.top/cdn-cgi/rum? 204 
2026-06-10 17:47:32,752 [INFO] Capturing request: https://teletv5.top/load/yayinlink.php?id=tivibu-spor-3
2026-06-10 17:47:32,760 [INFO] Capturing request: https://atomsportv506.top/favicon.ico
2026-06-10 17:47:32,803 [INFO] Capturing response: https://atomsportv506.top/favicon.ico 200 
2026-06-10 17:47:32,806 [INFO] Capturing response: https://atomsportv506.top/cdn-cgi/rum? 204 
2026-06-10 17:47:32,847 [INFO] Capturing request: https://streamsport365.com/cinema
2026-06-10 17:47:32,917 [INFO] Capturing response: https://teletv5.top/load/yayinlink.php?id=tivibu-spor-3 200 
2026-06-10 17:47:33,095 [INFO] Capturing response: https://streamsport365.com/cinema 200 
2026-06-10 17:48:05,931 [WARNING]   ❌ Tivibu Spor 3 için M3U8 bulunamadı
2026-06-10 17:48:06,879 [INFO] 127.0.0.1:37044: HTTP/2 connection terminated by server: error code: 0, last stream id: 201, additional data: b'session_timed_out'
2026-06-10 17:48:06,932 [INFO] 
[14/14]
2026-06-10 17:48:06,932 [INFO] 🔍 Tivibu Spor 4 → https://atomsportv506.top/matches?id=tivibu-spor-4
2026-06-10 17:48:07,042 [INFO] Capturing request: https://atomsportv506.top/assets/js/clappr.js
2026-06-10 17:48:07,044 [INFO] Capturing request: https://atomsportv506.top/matches?id=tivibu-spor-4
2026-06-10 17:48:07,090 [INFO] Capturing response: https://atomsportv506.top/assets/js/clappr.js 200 
2026-06-10 17:48:07,377 [INFO] Capturing response: https://atomsportv506.top/matches?id=tivibu-spor-4 200 
2026-06-10 17:48:07,387 [INFO] Capturing request: https://atomsportv506.top/cdn-cgi/rum?
2026-06-10 17:48:07,426 [INFO] Capturing request: https://atomsportv506.top/cdn-cgi/rum?
2026-06-10 17:48:07,522 [INFO] Capturing request: https://teletv5.top/load/yayinlink.php?id=tivibu-spor-4
2026-06-10 17:48:07,528 [INFO] Capturing request: https://atomsportv506.top/favicon.ico
2026-06-10 17:48:07,535 [INFO] Capturing response: https://atomsportv506.top/cdn-cgi/rum? 204 
2026-06-10 17:48:07,537 [INFO] Capturing response: https://atomsportv506.top/cdn-cgi/rum? 204 
2026-06-10 17:48:07,569 [INFO] Capturing response: https://atomsportv506.top/favicon.ico 200 
2026-06-10 17:48:07,624 [INFO] Capturing request: https://streamsport365.com/cinema
2026-06-10 17:48:07,791 [INFO] Capturing response: https://teletv5.top/load/yayinlink.php?id=tivibu-spor-4 200 
2026-06-10 17:48:07,867 [INFO] Capturing response: https://streamsport365.com/cinema 200 
2026-06-10 17:48:40,702 [WARNING]   ❌ Tivibu Spor 4 için M3U8 bulunamadı
2026-06-10 17:48:41,767 [INFO] ✅ 5 kanal bulundu, playlist.m3u kaydedildi
