2026-06-24 07:42:52,755 [INFO] 🌐 BASE_URL: https://atomsportv508.top
2026-06-24 07:42:53,919 [INFO] Başlanıyor... 14 kanal taranacak
2026-06-24 07:42:53,919 [INFO] Using default request storage
2026-06-24 07:42:53,923 [INFO] Created proxy listening on 127.0.0.1:43747
2026-06-24 07:42:54,552 [INFO] Capturing request: http://clients2.google.com/time/1/current?cup2key=10:Knrgbn3fEUW-NIiNZ27XRC4omZm-MlssKfSt8BXcc8c&cup2hreq=e3b0c44298fc1c149afbf4c8996fb92427ae41e4649b934ca495991b7852b855
2026-06-24 07:42:54,645 [INFO] Capturing response: http://clients2.google.com/time/1/current?cup2key=10:Knrgbn3fEUW-NIiNZ27XRC4omZm-MlssKfSt8BXcc8c&cup2hreq=e3b0c44298fc1c149afbf4c8996fb92427ae41e4649b934ca495991b7852b855 200 OK
2026-06-24 07:42:54,690 [INFO] 
[1/14]
2026-06-24 07:42:54,690 [INFO] 🔍 beIN Sports 1 → https://atomsportv508.top/matches?id=bein-sports-1
2026-06-24 07:42:54,758 [INFO] Capturing request: https://accounts.google.com/ListAccounts?gpsia=1&source=ChromiumBrowser&json=standard&laf=b64bin
2026-06-24 07:42:54,778 [INFO] Capturing request: https://update.googleapis.com/service/update2/json?cup2key=16:2nNDrFBvdlLkhz6iF6h3p6oUXjzgV4ZnJIgRE0o0CY8&cup2hreq=4a1ecb09ad0e133ad9a0df7f17f46e56964f835896a64d7842acb84048a7c407
2026-06-24 07:42:54,846 [INFO] Capturing response: https://update.googleapis.com/service/update2/json?cup2key=16:2nNDrFBvdlLkhz6iF6h3p6oUXjzgV4ZnJIgRE0o0CY8&cup2hreq=4a1ecb09ad0e133ad9a0df7f17f46e56964f835896a64d7842acb84048a7c407 200 
2026-06-24 07:42:54,851 [INFO] Capturing response: https://accounts.google.com/ListAccounts?gpsia=1&source=ChromiumBrowser&json=standard&laf=b64bin 200 
2026-06-24 07:42:54,872 [INFO] Capturing request: https://atomsportv508.top/matches?id=bein-sports-1
2026-06-24 07:42:54,891 [INFO] Capturing request: https://update.googleapis.com/service/update2/json?cup2key=16:_yEIGHFyHKshnsZDT_btwPqDSEM6Iv_DGiT6zL8Nx0g&cup2hreq=bf841eff5a0c877523da2f6a7d5a4f65728cd121f2efee8534e9f08e6491cacb
2026-06-24 07:42:54,949 [INFO] Capturing response: https://update.googleapis.com/service/update2/json?cup2key=16:_yEIGHFyHKshnsZDT_btwPqDSEM6Iv_DGiT6zL8Nx0g&cup2hreq=bf841eff5a0c877523da2f6a7d5a4f65728cd121f2efee8534e9f08e6491cacb 200 
2026-06-24 07:42:55,078 [INFO] Capturing response: https://atomsportv508.top/matches?id=bein-sports-1 200 
2026-06-24 07:42:55,151 [INFO] Capturing request: https://www.google.com/async/folae?async=_fmt:pb&udm=50&client_locale=en-US&client_country=ZZ
2026-06-24 07:42:55,189 [INFO] Capturing response: https://www.google.com/async/folae?async=_fmt:pb&udm=50&client_locale=en-US&client_country=ZZ 200 
2026-06-24 07:42:55,228 [INFO] Capturing request: https://atomsportv508.top/assets/js/clappr.js
2026-06-24 07:42:55,298 [INFO] Capturing response: https://atomsportv508.top/assets/js/clappr.js 200 
2026-06-24 07:42:55,316 [INFO] Capturing request: https://cdn.jsdelivr.net/npm/@clappr/player@latest/dist/clappr.min.js
2026-06-24 07:42:55,317 [INFO] Capturing request: https://cdnjs.cloudflare.com/ajax/libs/jquery/3.2.1/jquery.min.js
2026-06-24 07:42:55,355 [INFO] Capturing response: https://cdnjs.cloudflare.com/ajax/libs/jquery/3.2.1/jquery.min.js 200 
2026-06-24 07:42:55,440 [INFO] Capturing response: https://cdn.jsdelivr.net/npm/@clappr/player@latest/dist/clappr.min.js 200 
2026-06-24 07:42:55,599 [INFO] Capturing request: https://static.cloudflareinsights.com/beacon.min.js/v833ccba57c9e4d2798f2e76cebdd09a11778172276447
2026-06-24 07:42:55,629 [INFO] Capturing response: https://static.cloudflareinsights.com/beacon.min.js/v833ccba57c9e4d2798f2e76cebdd09a11778172276447 200 
2026-06-24 07:42:55,690 [INFO] Capturing request: https://atomsportv508.top/cdn-cgi/rum?
2026-06-24 07:42:55,791 [INFO] Capturing request: https://atomsportv508.top/favicon.ico
2026-06-24 07:42:55,837 [INFO] Capturing response: https://atomsportv508.top/cdn-cgi/rum? 204 
2026-06-24 07:42:55,857 [INFO] Capturing response: https://atomsportv508.top/favicon.ico 200 
2026-06-24 07:42:56,089 [INFO] Capturing request: https://teletv5.top/load/yayinlink.php?id=bein-sports-1
2026-06-24 07:42:56,373 [INFO] Capturing request: https://streamsport365.com/cinema
2026-06-24 07:42:56,472 [INFO] Capturing response: https://teletv5.top/load/yayinlink.php?id=bein-sports-1 200 
2026-06-24 07:42:56,687 [INFO] Capturing response: https://streamsport365.com/cinema 200 
2026-06-24 07:42:56,817 [INFO] Capturing request: https://atomsportv508.top/assets/img/player_logo_6880e4e4c52ee.png
2026-06-24 07:42:56,914 [INFO] Capturing response: https://atomsportv508.top/assets/img/player_logo_6880e4e4c52ee.png 200 
2026-06-24 07:42:56,935 [INFO] Capturing request: https://hlssssssssssssssssss.yedeklinksa35.workers.dev/https://corestream.ronaldovurdu.help//aspor/tracks-v1a1/mono.m3u8
2026-06-24 07:42:57,329 [INFO] Capturing response: https://hlssssssssssssssssss.yedeklinksa35.workers.dev/https://corestream.ronaldovurdu.help//aspor/tracks-v1a1/mono.m3u8 200 
2026-06-24 07:42:57,631 [INFO] Capturing request: https://android.clients.google.com/checkin
2026-06-24 07:42:57,656 [INFO] Capturing request: https://ts.yedeklinksa35.workers.dev/aspor/tracks-v1a1/2026/06/24/07/43/31-05760.avif
2026-06-24 07:42:57,752 [INFO] Capturing response: https://android.clients.google.com/checkin 200 
2026-06-24 07:42:57,802 [INFO] Capturing request: https://android.clients.google.com/c2dm/register3
2026-06-24 07:42:57,806 [INFO] Capturing request: https://android.clients.google.com/c2dm/register3
2026-06-24 07:42:57,806 [INFO] Capturing request: https://android.clients.google.com/c2dm/register3
2026-06-24 07:42:57,871 [INFO] Capturing response: https://android.clients.google.com/c2dm/register3 301 
2026-06-24 07:42:58,617 [INFO] Capturing response: https://android.clients.google.com/c2dm/register3 200 
2026-06-24 07:42:58,705 [INFO] Capturing response: https://ts.yedeklinksa35.workers.dev/aspor/tracks-v1a1/2026/06/24/07/43/31-05760.avif 200 
2026-06-24 07:42:58,720 [INFO]   ✅ M3U8 bulundu: https://hlssssssssssssssssss.yedeklinksa35.workers.dev/https://corestream.ronaldovurdu.help//aspor/tracks-v1a1/mono.m3u8
2026-06-24 07:42:58,826 [INFO] Capturing response: https://android.clients.google.com/c2dm/register3 200 
2026-06-24 07:42:58,899 [INFO] Capturing request: https://ts.yedeklinksa35.workers.dev/aspor/tracks-v1a1/2026/06/24/07/43/37-05760.avif
2026-06-24 07:42:59,720 [INFO] 
[2/14]
2026-06-24 07:42:59,720 [INFO] 🔍 beIN Sports 2 → https://atomsportv508.top/matches?id=bein-sports-2
2026-06-24 07:42:59,829 [INFO] Capturing request: https://atomsportv508.top/matches?id=bein-sports-2
2026-06-24 07:42:59,889 [INFO] Capturing response: https://atomsportv508.top/matches?id=bein-sports-2 200 
2026-06-24 07:42:59,900 [INFO] Capturing request: https://atomsportv508.top/cdn-cgi/rum?
2026-06-24 07:42:59,939 [INFO] Capturing request: https://atomsportv508.top/cdn-cgi/rum?
2026-06-24 07:42:59,945 [INFO] Capturing request: https://streamsport365.com/cinema
2026-06-24 07:42:59,993 [INFO] Capturing response: https://ts.yedeklinksa35.workers.dev/aspor/tracks-v1a1/2026/06/24/07/43/37-05760.avif 200 
2026-06-24 07:43:00,034 [INFO] Capturing request: https://teletv5.top/load/yayinlink.php?id=bein-sports-2
2026-06-24 07:43:00,046 [INFO] Capturing request: https://atomsportv508.top/favicon.ico
2026-06-24 07:43:00,066 [INFO] Capturing response: https://atomsportv508.top/cdn-cgi/rum? 204 
2026-06-24 07:43:00,080 [INFO] Capturing response: https://atomsportv508.top/cdn-cgi/rum? 204 
2026-06-24 07:43:00,096 [INFO] Capturing response: https://atomsportv508.top/favicon.ico 200 
2026-06-24 07:43:00,241 [INFO] Capturing response: https://teletv5.top/load/yayinlink.php?id=bein-sports-2 200 
2026-06-24 07:43:00,273 [INFO] Capturing response: https://streamsport365.com/cinema 200 
2026-06-24 07:43:00,394 [INFO] Capturing request: https://hlssssssssssssssssss.yedeklinksa35.workers.dev/https://corestream.ronaldovurdu.help//bein2/tracks-v1a1/mono.m3u8
2026-06-24 07:43:00,584 [INFO] Capturing response: https://hlssssssssssssssssss.yedeklinksa35.workers.dev/https://corestream.ronaldovurdu.help//bein2/tracks-v1a1/mono.m3u8 200 
2026-06-24 07:43:00,694 [INFO] Capturing request: https://ts.yedeklinksa35.workers.dev/bein2/tracks-v1a1/2026/06/24/07/43/45-10000.avif
2026-06-24 07:43:02,009 [INFO] Capturing response: https://ts.yedeklinksa35.workers.dev/bein2/tracks-v1a1/2026/06/24/07/43/45-10000.avif 200 
2026-06-24 07:43:02,189 [INFO] Capturing request: https://ts.yedeklinksa35.workers.dev/bein2/tracks-v1a1/2026/06/24/07/43/55-10000.avif
2026-06-24 07:43:02,955 [INFO]   ✅ M3U8 bulundu: https://hlssssssssssssssssss.yedeklinksa35.workers.dev/https://corestream.ronaldovurdu.help//bein2/tracks-v1a1/mono.m3u8
2026-06-24 07:43:03,624 [INFO] Capturing response: https://ts.yedeklinksa35.workers.dev/bein2/tracks-v1a1/2026/06/24/07/43/55-10000.avif 200 
2026-06-24 07:43:03,819 [INFO] Capturing request: https://ts.yedeklinksa35.workers.dev/bein2/tracks-v1a1/2026/06/24/07/44/05-10000.avif
2026-06-24 07:43:03,955 [INFO] 
[3/14]
2026-06-24 07:43:03,955 [INFO] 🔍 beIN Sports 3 → https://atomsportv508.top/matches?id=bein-sports-3
2026-06-24 07:43:04,065 [INFO] Capturing request: https://atomsportv508.top/matches?id=bein-sports-3
2026-06-24 07:43:04,128 [INFO] Capturing response: https://atomsportv508.top/matches?id=bein-sports-3 200 
2026-06-24 07:43:04,139 [INFO] Capturing request: https://atomsportv508.top/cdn-cgi/rum?
2026-06-24 07:43:04,175 [INFO] Capturing request: https://atomsportv508.top/cdn-cgi/rum?
2026-06-24 07:43:04,268 [INFO] Capturing request: https://teletv5.top/load/yayinlink.php?id=bein-sports-3
2026-06-24 07:43:04,278 [INFO] Capturing request: https://atomsportv508.top/favicon.ico
2026-06-24 07:43:04,302 [INFO] Capturing response: https://atomsportv508.top/cdn-cgi/rum? 204 
2026-06-24 07:43:04,306 [INFO] Capturing response: https://atomsportv508.top/cdn-cgi/rum? 204 
2026-06-24 07:43:04,324 [INFO] Capturing response: https://atomsportv508.top/favicon.ico 200 
2026-06-24 07:43:04,405 [INFO] Capturing request: https://streamsport365.com/cinema
2026-06-24 07:43:04,475 [INFO] Capturing response: https://teletv5.top/load/yayinlink.php?id=bein-sports-3 200 
2026-06-24 07:43:04,732 [INFO] Capturing response: https://streamsport365.com/cinema 200 
2026-06-24 07:43:04,845 [INFO] Capturing response: https://ts.yedeklinksa35.workers.dev/bein2/tracks-v1a1/2026/06/24/07/44/05-10000.avif 200 
2026-06-24 07:43:26,050 [INFO] Capturing request: https://android.clients.google.com/c2dm/register3
2026-06-24 07:43:26,117 [INFO] Capturing response: https://android.clients.google.com/c2dm/register3 301 
2026-06-24 07:43:37,466 [WARNING]   ❌ beIN Sports 3 için M3U8 bulunamadı
2026-06-24 07:43:38,467 [INFO] 
[4/14]
2026-06-24 07:43:38,467 [INFO] 🔍 beIN Sports 4 → https://atomsportv508.top/matches?id=bein-sports-4
2026-06-24 07:43:38,575 [INFO] Capturing request: https://atomsportv508.top/assets/js/clappr.js
2026-06-24 07:43:38,578 [INFO] Capturing request: https://atomsportv508.top/matches?id=bein-sports-4
2026-06-24 07:43:38,613 [INFO] Capturing response: https://atomsportv508.top/assets/js/clappr.js 200 
2026-06-24 07:43:39,208 [INFO] Capturing response: https://atomsportv508.top/matches?id=bein-sports-4 200 
2026-06-24 07:43:39,217 [INFO] Capturing request: https://atomsportv508.top/cdn-cgi/rum?
2026-06-24 07:43:39,248 [INFO] Capturing request: https://atomsportv508.top/cdn-cgi/rum?
2026-06-24 07:43:39,347 [INFO] Capturing request: https://teletv5.top/load/yayinlink.php?id=bein-sports-4
2026-06-24 07:43:39,351 [INFO] Capturing request: https://atomsportv508.top/favicon.ico
2026-06-24 07:43:39,356 [INFO] Capturing response: https://atomsportv508.top/cdn-cgi/rum? 204 
2026-06-24 07:43:39,375 [INFO] Capturing response: https://atomsportv508.top/cdn-cgi/rum? 204 
2026-06-24 07:43:39,399 [INFO] Capturing response: https://atomsportv508.top/favicon.ico 200 
2026-06-24 07:43:39,485 [INFO] Capturing request: https://streamsport365.com/cinema
2026-06-24 07:43:39,552 [INFO] Capturing response: https://teletv5.top/load/yayinlink.php?id=bein-sports-4 200 
2026-06-24 07:43:39,813 [INFO] Capturing response: https://streamsport365.com/cinema 200 
2026-06-24 07:43:54,552 [INFO] Capturing request: https://update.googleapis.com/service/update2/json?cup2key=16:UjXOrezIdeeiNoo4tDm4gw7QERUTmMUr2a2xJzLdYck&cup2hreq=ee5e2fefbb918124413c96dac6a206184890a7b921a8268fd3e8091634e32666
2026-06-24 07:43:54,614 [INFO] Capturing response: https://update.googleapis.com/service/update2/json?cup2key=16:UjXOrezIdeeiNoo4tDm4gw7QERUTmMUr2a2xJzLdYck&cup2hreq=ee5e2fefbb918124413c96dac6a206184890a7b921a8268fd3e8091634e32666 200 
2026-06-24 07:43:54,620 [INFO] Capturing request: http://edgedl.me.gvt1.com/edgedl/diffgen-puffin/gcmjkmgdlgnkkcocmoeiminaijmmjnii/df2a22d5ecc7788c3330ebd5f856b41531c74f412a01ed7453d11284708009fe
2026-06-24 07:43:54,697 [INFO] Capturing response: http://edgedl.me.gvt1.com/edgedl/diffgen-puffin/gcmjkmgdlgnkkcocmoeiminaijmmjnii/df2a22d5ecc7788c3330ebd5f856b41531c74f412a01ed7453d11284708009fe 200 OK
2026-06-24 07:43:54,721 [INFO] Capturing request: https://update.googleapis.com/service/update2/json
2026-06-24 07:43:54,778 [INFO] Capturing response: https://update.googleapis.com/service/update2/json 200 
2026-06-24 07:43:54,822 [INFO] Capturing request: http://edgedl.me.gvt1.com/edgedl/release2/chrome_component/adpoqbuwa6ufiwt6lyteoec4hupa_10604/hfnkpimlhhgieaddgfemjhofmfblmnib_10604_all_adyft4wducphsd5aoh4vj3mlhhpa.crx3
2026-06-24 07:43:54,892 [INFO] Capturing response: http://edgedl.me.gvt1.com/edgedl/release2/chrome_component/adpoqbuwa6ufiwt6lyteoec4hupa_10604/hfnkpimlhhgieaddgfemjhofmfblmnib_10604_all_adyft4wducphsd5aoh4vj3mlhhpa.crx3 200 OK
2026-06-24 07:43:54,918 [INFO] Capturing request: https://update.googleapis.com/service/update2/json
2026-06-24 07:43:54,966 [INFO] Capturing response: https://update.googleapis.com/service/update2/json 200 
2026-06-24 07:44:12,526 [WARNING]   ❌ beIN Sports 4 için M3U8 bulunamadı
2026-06-24 07:44:13,526 [INFO] 
[5/14]
2026-06-24 07:44:13,526 [INFO] 🔍 beIN Sports 5 → https://atomsportv508.top/matches?id=bein-sports-5
2026-06-24 07:44:13,700 [INFO] Capturing request: https://atomsportv508.top/matches?id=bein-sports-5
2026-06-24 07:44:13,701 [INFO] Capturing request: https://atomsportv508.top/assets/js/clappr.js
2026-06-24 07:44:13,758 [INFO] Capturing response: https://atomsportv508.top/assets/js/clappr.js 200 
2026-06-24 07:44:14,289 [INFO] Capturing response: https://atomsportv508.top/matches?id=bein-sports-5 200 
2026-06-24 07:44:14,298 [INFO] Capturing request: https://atomsportv508.top/cdn-cgi/rum?
2026-06-24 07:44:14,330 [INFO] Capturing request: https://atomsportv508.top/cdn-cgi/rum?
2026-06-24 07:44:14,437 [INFO] Capturing request: https://atomsportv508.top/favicon.ico
2026-06-24 07:44:14,455 [INFO] Capturing response: https://atomsportv508.top/cdn-cgi/rum? 204 
2026-06-24 07:44:14,472 [INFO] Capturing response: https://atomsportv508.top/cdn-cgi/rum? 204 
2026-06-24 07:44:14,483 [INFO] Capturing response: https://atomsportv508.top/favicon.ico 200 
2026-06-24 07:44:14,495 [INFO] Capturing request: https://teletv5.top/load/yayinlink.php?id=bein-sports-5
2026-06-24 07:44:14,709 [INFO] Capturing response: https://teletv5.top/load/yayinlink.php?id=bein-sports-5 200 
2026-06-24 07:44:14,956 [INFO] Capturing request: https://streamsport365.com/cinema
2026-06-24 07:44:15,282 [INFO] Capturing response: https://streamsport365.com/cinema 200 
2026-06-24 07:44:17,655 [INFO] Capturing request: https://android.clients.google.com/c2dm/register3
2026-06-24 07:44:17,716 [INFO] Capturing response: https://android.clients.google.com/c2dm/register3 301 
2026-06-24 07:44:47,599 [WARNING]   ❌ beIN Sports 5 için M3U8 bulunamadı
2026-06-24 07:44:48,599 [INFO] 
[6/14]
2026-06-24 07:44:48,599 [INFO] 🔍 beIN Sports Max 1 → https://atomsportv508.top/matches?id=bein-sports-max-1
2026-06-24 07:44:48,709 [INFO] Capturing request: https://atomsportv508.top/assets/js/clappr.js
2026-06-24 07:44:48,710 [INFO] Capturing request: https://atomsportv508.top/matches?id=bein-sports-max-1
2026-06-24 07:44:48,750 [INFO] Capturing response: https://atomsportv508.top/assets/js/clappr.js 200 
2026-06-24 07:44:49,050 [INFO] Capturing response: https://atomsportv508.top/matches?id=bein-sports-max-1 200 
2026-06-24 07:44:49,060 [INFO] Capturing request: https://atomsportv508.top/cdn-cgi/rum?
2026-06-24 07:44:49,086 [INFO] Capturing request: https://atomsportv508.top/cdn-cgi/rum?
2026-06-24 07:44:49,182 [INFO] Capturing request: https://teletv5.top/load/yayinlink.php?id=bein-sports-max-1
2026-06-24 07:44:49,187 [INFO] Capturing request: https://atomsportv508.top/favicon.ico
2026-06-24 07:44:49,197 [INFO] Capturing response: https://atomsportv508.top/cdn-cgi/rum? 204 
2026-06-24 07:44:49,216 [INFO] Capturing response: https://atomsportv508.top/cdn-cgi/rum? 204 
2026-06-24 07:44:49,236 [INFO] Capturing response: https://atomsportv508.top/favicon.ico 200 
2026-06-24 07:44:49,323 [INFO] Capturing request: https://streamsport365.com/cinema
2026-06-24 07:44:49,384 [INFO] Capturing response: https://teletv5.top/load/yayinlink.php?id=bein-sports-max-1 200 
2026-06-24 07:44:49,655 [INFO] Capturing response: https://streamsport365.com/cinema 200 
2026-06-24 07:45:22,350 [WARNING]   ❌ beIN Sports Max 1 için M3U8 bulunamadı
2026-06-24 07:45:23,350 [INFO] 
[7/14]
2026-06-24 07:45:23,350 [INFO] 🔍 beIN Sports Max 2 → https://atomsportv508.top/matches?id=bein-sports-max-2
2026-06-24 07:45:23,460 [INFO] Capturing request: https://atomsportv508.top/assets/js/clappr.js
2026-06-24 07:45:23,462 [INFO] Capturing request: https://atomsportv508.top/matches?id=bein-sports-max-2
2026-06-24 07:45:23,501 [INFO] Capturing response: https://atomsportv508.top/assets/js/clappr.js 200 
2026-06-24 07:45:23,798 [INFO] Capturing response: https://atomsportv508.top/matches?id=bein-sports-max-2 200 
2026-06-24 07:45:23,807 [INFO] Capturing request: https://atomsportv508.top/cdn-cgi/rum?
2026-06-24 07:45:23,841 [INFO] Capturing request: https://atomsportv508.top/cdn-cgi/rum?
2026-06-24 07:45:23,937 [INFO] Capturing request: https://teletv5.top/load/yayinlink.php?id=bein-sports-max-2
2026-06-24 07:45:23,943 [INFO] Capturing request: https://atomsportv508.top/favicon.ico
2026-06-24 07:45:23,946 [INFO] Capturing response: https://atomsportv508.top/cdn-cgi/rum? 204 
2026-06-24 07:45:23,991 [INFO] Capturing response: https://atomsportv508.top/favicon.ico 200 
2026-06-24 07:45:24,021 [INFO] Capturing response: https://atomsportv508.top/cdn-cgi/rum? 204 
2026-06-24 07:45:24,069 [INFO] Capturing request: https://streamsport365.com/cinema
2026-06-24 07:45:24,141 [INFO] Capturing response: https://teletv5.top/load/yayinlink.php?id=bein-sports-max-2 200 
2026-06-24 07:45:24,389 [INFO] Capturing response: https://streamsport365.com/cinema 200 
2026-06-24 07:45:46,193 [INFO] Capturing request: https://android.clients.google.com/c2dm/register3
2026-06-24 07:45:46,261 [INFO] Capturing response: https://android.clients.google.com/c2dm/register3 301 
2026-06-24 07:45:57,099 [WARNING]   ❌ beIN Sports Max 2 için M3U8 bulunamadı
2026-06-24 07:45:58,099 [INFO] 
[8/14]
2026-06-24 07:45:58,099 [INFO] 🔍 S Sport → https://atomsportv508.top/matches?id=s-sport
2026-06-24 07:45:58,209 [INFO] Capturing request: https://atomsportv508.top/assets/js/clappr.js
2026-06-24 07:45:58,211 [INFO] Capturing request: https://atomsportv508.top/matches?id=s-sport
2026-06-24 07:45:58,243 [INFO] Capturing response: https://atomsportv508.top/assets/js/clappr.js 200 
2026-06-24 07:45:58,549 [INFO] Capturing response: https://atomsportv508.top/matches?id=s-sport 200 
2026-06-24 07:45:58,559 [INFO] Capturing request: https://atomsportv508.top/cdn-cgi/rum?
2026-06-24 07:45:58,590 [INFO] Capturing request: https://atomsportv508.top/cdn-cgi/rum?
2026-06-24 07:45:58,689 [INFO] Capturing request: https://teletv5.top/load/yayinlink.php?id=s-sport
2026-06-24 07:45:58,692 [INFO] Capturing request: https://atomsportv508.top/favicon.ico
2026-06-24 07:45:58,697 [INFO] Capturing response: https://atomsportv508.top/cdn-cgi/rum? 204 
2026-06-24 07:45:58,715 [INFO] Capturing response: https://atomsportv508.top/cdn-cgi/rum? 204 
2026-06-24 07:45:58,740 [INFO] Capturing response: https://atomsportv508.top/favicon.ico 200 
2026-06-24 07:45:58,827 [INFO] Capturing request: https://streamsport365.com/cinema
2026-06-24 07:45:58,891 [INFO] Capturing response: https://teletv5.top/load/yayinlink.php?id=s-sport 200 
2026-06-24 07:45:59,147 [INFO] Capturing response: https://streamsport365.com/cinema 200 
2026-06-24 07:45:59,265 [INFO] Capturing request: https://atomsportv508.top/assets/img/player_logo_6880e4e4c52ee.png
2026-06-24 07:45:59,327 [INFO] Capturing request: https://hlssssssssssssssssss.yedeklinksa35.workers.dev/https://corestream.ronaldovurdu.help//s-sportt/tracks-v1a1/mono.m3u8
2026-06-24 07:45:59,337 [INFO] Capturing response: https://atomsportv508.top/assets/img/player_logo_6880e4e4c52ee.png 200 
2026-06-24 07:45:59,722 [INFO] Capturing response: https://hlssssssssssssssssss.yedeklinksa35.workers.dev/https://corestream.ronaldovurdu.help//s-sportt/tracks-v1a1/mono.m3u8 200 
2026-06-24 07:45:59,936 [INFO] Capturing request: https://ts.yedeklinksa35.workers.dev/s-sportt/tracks-v1a1/2026/06/24/07/45/41-06000.avif
2026-06-24 07:46:01,601 [INFO]   ✅ M3U8 bulundu: https://hlssssssssssssssssss.yedeklinksa35.workers.dev/https://corestream.ronaldovurdu.help//s-sportt/tracks-v1a1/mono.m3u8
2026-06-24 07:46:02,601 [INFO] 
[9/14]
2026-06-24 07:46:02,601 [INFO] 🔍 S Sport 2 → https://atomsportv508.top/matches?id=s-sport-2
2026-06-24 07:46:02,709 [INFO] Capturing request: https://atomsportv508.top/assets/js/clappr.js
2026-06-24 07:46:02,712 [INFO] Capturing request: https://atomsportv508.top/matches?id=s-sport-2
2026-06-24 07:46:02,742 [INFO] Capturing response: https://atomsportv508.top/assets/js/clappr.js 200 
2026-06-24 07:46:02,776 [INFO] Capturing response: https://atomsportv508.top/matches?id=s-sport-2 200 
2026-06-24 07:46:02,785 [INFO] Capturing request: https://atomsportv508.top/cdn-cgi/rum?
2026-06-24 07:46:02,808 [INFO] Capturing request: https://streamsport365.com/cinema
2026-06-24 07:46:02,814 [INFO] Capturing request: https://atomsportv508.top/cdn-cgi/rum?
2026-06-24 07:46:02,907 [INFO] Capturing request: https://teletv5.top/load/yayinlink.php?id=s-sport-2
2026-06-24 07:46:02,918 [INFO] Capturing request: https://atomsportv508.top/favicon.ico
2026-06-24 07:46:02,936 [INFO] Capturing response: https://atomsportv508.top/cdn-cgi/rum? 204 
2026-06-24 07:46:02,953 [INFO] Capturing response: https://atomsportv508.top/cdn-cgi/rum? 204 
2026-06-24 07:46:02,962 [INFO] Capturing response: https://atomsportv508.top/favicon.ico 200 
2026-06-24 07:46:03,040 [INFO] Capturing response: https://ts.yedeklinksa35.workers.dev/s-sportt/tracks-v1a1/2026/06/24/07/45/41-06000.avif 200 
2026-06-24 07:46:03,087 [INFO] 127.0.0.1:40892: ProtocolException("Error in HTTP connection: Http2ZombieException('Connection or stream already dead: 1782287163.0870774, False')")
2026-06-24 07:46:03,109 [INFO] Capturing response: https://teletv5.top/load/yayinlink.php?id=s-sport-2 200 
2026-06-24 07:46:03,133 [INFO] Capturing response: https://streamsport365.com/cinema 200 
2026-06-24 07:46:03,269 [INFO] Capturing request: https://hlssssssssssssssssss.yedeklinksa35.workers.dev/https://corestream.ronaldovurdu.help//s-sport2/tracks-v1a1/mono.m3u8
2026-06-24 07:46:03,456 [INFO] Capturing response: https://hlssssssssssssssssss.yedeklinksa35.workers.dev/https://corestream.ronaldovurdu.help//s-sport2/tracks-v1a1/mono.m3u8 200 
2026-06-24 07:46:03,565 [INFO] Capturing request: https://ts.yedeklinksa35.workers.dev/s-sport2/tracks-v1a1/2026/06/24/07/46/26-06000.avif
2026-06-24 07:46:05,822 [INFO]   ✅ M3U8 bulundu: https://hlssssssssssssssssss.yedeklinksa35.workers.dev/https://corestream.ronaldovurdu.help//s-sport2/tracks-v1a1/mono.m3u8
2026-06-24 07:46:06,593 [INFO] Capturing response: https://ts.yedeklinksa35.workers.dev/s-sport2/tracks-v1a1/2026/06/24/07/46/26-06000.avif 200 
2026-06-24 07:46:06,822 [INFO] 
[10/14]
2026-06-24 07:46:06,822 [INFO] 🔍 A Spor → https://atomsportv508.top/matches?id=a-spor
2026-06-24 07:46:06,898 [INFO] Capturing request: https://ts.yedeklinksa35.workers.dev/s-sport2/tracks-v1a1/2026/06/24/07/46/32-06000.avif
2026-06-24 07:46:06,957 [INFO] Capturing request: https://atomsportv508.top/assets/js/clappr.js
2026-06-24 07:46:06,959 [INFO] Capturing request: https://atomsportv508.top/matches?id=a-spor
2026-06-24 07:46:06,991 [INFO] Capturing response: https://atomsportv508.top/assets/js/clappr.js 200 
2026-06-24 07:46:07,032 [INFO] Capturing response: https://atomsportv508.top/matches?id=a-spor 200 
2026-06-24 07:46:07,045 [INFO] Capturing request: https://atomsportv508.top/cdn-cgi/rum?
2026-06-24 07:46:07,069 [INFO] Capturing request: https://atomsportv508.top/cdn-cgi/rum?
2026-06-24 07:46:07,169 [INFO] Capturing request: https://teletv5.top/load/yayinlink.php?id=a-spor
2026-06-24 07:46:07,170 [INFO] Capturing request: https://atomsportv508.top/favicon.ico
2026-06-24 07:46:07,190 [INFO] Capturing response: https://atomsportv508.top/cdn-cgi/rum? 204 
2026-06-24 07:46:07,207 [INFO] Capturing response: https://atomsportv508.top/cdn-cgi/rum? 204 
2026-06-24 07:46:07,215 [INFO] Capturing response: https://atomsportv508.top/favicon.ico 200 
2026-06-24 07:46:07,303 [INFO] Capturing request: https://streamsport365.com/cinema
2026-06-24 07:46:07,373 [INFO] Capturing response: https://teletv5.top/load/yayinlink.php?id=a-spor 200 
2026-06-24 07:46:07,632 [INFO] Capturing response: https://streamsport365.com/cinema 200 
2026-06-24 07:46:07,751 [INFO] Capturing request: https://hlssssssssssssssssss.yedeklinksa35.workers.dev/https://corestream.ronaldovurdu.help//aspor/tracks-v1a1/mono.m3u8
2026-06-24 07:46:07,934 [INFO] Capturing response: https://hlssssssssssssssssss.yedeklinksa35.workers.dev/https://corestream.ronaldovurdu.help//aspor/tracks-v1a1/mono.m3u8 200 
2026-06-24 07:46:08,044 [INFO] Capturing request: https://ts.yedeklinksa35.workers.dev/aspor/tracks-v1a1/2026/06/24/07/46/41-05760.avif
2026-06-24 07:46:09,586 [INFO] Capturing response: https://ts.yedeklinksa35.workers.dev/aspor/tracks-v1a1/2026/06/24/07/46/41-05760.avif 200 
2026-06-24 07:46:09,726 [INFO] Capturing request: https://ts.yedeklinksa35.workers.dev/aspor/tracks-v1a1/2026/06/24/07/46/47-05760.avif
2026-06-24 07:46:10,081 [INFO]   ✅ M3U8 bulundu: https://hlssssssssssssssssss.yedeklinksa35.workers.dev/https://corestream.ronaldovurdu.help//aspor/tracks-v1a1/mono.m3u8
2026-06-24 07:46:11,082 [INFO] 
[11/14]
2026-06-24 07:46:11,083 [INFO] 🔍 Tivibu Spor 1 → https://atomsportv508.top/matches?id=tivibu-spor-1
2026-06-24 07:46:11,190 [INFO] Capturing request: https://atomsportv508.top/assets/js/clappr.js
2026-06-24 07:46:11,192 [INFO] Capturing request: https://atomsportv508.top/matches?id=tivibu-spor-1
2026-06-24 07:46:11,209 [INFO] Capturing response: https://ts.yedeklinksa35.workers.dev/aspor/tracks-v1a1/2026/06/24/07/46/47-05760.avif 200 
2026-06-24 07:46:11,228 [INFO] Capturing response: https://atomsportv508.top/assets/js/clappr.js 200 
2026-06-24 07:46:11,366 [INFO] Capturing response: https://atomsportv508.top/matches?id=tivibu-spor-1 200 
2026-06-24 07:46:11,374 [INFO] Capturing request: https://atomsportv508.top/cdn-cgi/rum?
2026-06-24 07:46:11,388 [INFO] Capturing request: https://ts.yedeklinksa35.workers.dev/aspor/tracks-v1a1/2026/06/24/07/46/53-06320.avif
2026-06-24 07:46:11,400 [INFO] Capturing request: https://streamsport365.com/cinema
2026-06-24 07:46:11,407 [INFO] Capturing request: https://atomsportv508.top/cdn-cgi/rum?
2026-06-24 07:46:11,496 [INFO] Capturing request: https://teletv5.top/load/yayinlink.php?id=tivibu-spor-1
2026-06-24 07:46:11,509 [INFO] Capturing request: https://atomsportv508.top/favicon.ico
2026-06-24 07:46:11,530 [INFO] Capturing response: https://atomsportv508.top/cdn-cgi/rum? 204 
2026-06-24 07:46:11,547 [INFO] Capturing response: https://atomsportv508.top/cdn-cgi/rum? 204 
2026-06-24 07:46:11,556 [INFO] Capturing response: https://atomsportv508.top/favicon.ico 200 
2026-06-24 07:46:11,637 [INFO] Capturing response: https://ts.yedeklinksa35.workers.dev/s-sport2/tracks-v1a1/2026/06/24/07/46/32-06000.avif 200 
2026-06-24 07:46:11,700 [INFO] Capturing response: https://teletv5.top/load/yayinlink.php?id=tivibu-spor-1 200 
2026-06-24 07:46:11,742 [INFO] Capturing response: https://streamsport365.com/cinema 200 
2026-06-24 07:46:11,759 [INFO] 127.0.0.1:40892: ProtocolException("Error in HTTP connection: Http2ZombieException('Connection or stream already dead: 1782287171.7594688, False')")
2026-06-24 07:46:12,665 [INFO] Capturing response: https://ts.yedeklinksa35.workers.dev/aspor/tracks-v1a1/2026/06/24/07/46/53-06320.avif 200 
2026-06-24 07:46:44,671 [WARNING]   ❌ Tivibu Spor 1 için M3U8 bulunamadı
2026-06-24 07:46:45,672 [INFO] 
[12/14]
2026-06-24 07:46:45,672 [INFO] 🔍 Tivibu Spor 2 → https://atomsportv508.top/matches?id=tivibu-spor-2
2026-06-24 07:46:45,782 [INFO] Capturing request: https://atomsportv508.top/assets/js/clappr.js
2026-06-24 07:46:45,783 [INFO] Capturing request: https://atomsportv508.top/matches?id=tivibu-spor-2
2026-06-24 07:46:45,817 [INFO] Capturing response: https://atomsportv508.top/assets/js/clappr.js 200 
2026-06-24 07:46:46,113 [INFO] Capturing response: https://atomsportv508.top/matches?id=tivibu-spor-2 200 
2026-06-24 07:46:46,121 [INFO] Capturing request: https://atomsportv508.top/cdn-cgi/rum?
2026-06-24 07:46:46,152 [INFO] Capturing request: https://atomsportv508.top/cdn-cgi/rum?
2026-06-24 07:46:46,244 [INFO] Capturing request: https://teletv5.top/load/yayinlink.php?id=tivibu-spor-2
2026-06-24 07:46:46,252 [INFO] Capturing request: https://atomsportv508.top/favicon.ico
2026-06-24 07:46:46,259 [INFO] Capturing response: https://atomsportv508.top/cdn-cgi/rum? 204 
2026-06-24 07:46:46,278 [INFO] Capturing response: https://atomsportv508.top/cdn-cgi/rum? 204 
2026-06-24 07:46:46,297 [INFO] Capturing response: https://atomsportv508.top/favicon.ico 200 
2026-06-24 07:46:46,389 [INFO] Capturing request: https://streamsport365.com/cinema
2026-06-24 07:46:46,446 [INFO] Capturing response: https://teletv5.top/load/yayinlink.php?id=tivibu-spor-2 200 
2026-06-24 07:46:46,719 [INFO] Capturing response: https://streamsport365.com/cinema 200 
2026-06-24 07:47:19,412 [WARNING]   ❌ Tivibu Spor 2 için M3U8 bulunamadı
2026-06-24 07:47:20,412 [INFO] 
[13/14]
2026-06-24 07:47:20,412 [INFO] 🔍 Tivibu Spor 3 → https://atomsportv508.top/matches?id=tivibu-spor-3
2026-06-24 07:47:20,523 [INFO] Capturing request: https://atomsportv508.top/assets/js/clappr.js
2026-06-24 07:47:20,524 [INFO] Capturing request: https://atomsportv508.top/matches?id=tivibu-spor-3
2026-06-24 07:47:20,558 [INFO] Capturing response: https://atomsportv508.top/assets/js/clappr.js 200 
2026-06-24 07:47:20,852 [INFO] Capturing response: https://atomsportv508.top/matches?id=tivibu-spor-3 200 
2026-06-24 07:47:20,861 [INFO] Capturing request: https://atomsportv508.top/cdn-cgi/rum?
2026-06-24 07:47:20,890 [INFO] Capturing request: https://atomsportv508.top/cdn-cgi/rum?
2026-06-24 07:47:20,992 [INFO] Capturing request: https://teletv5.top/load/yayinlink.php?id=tivibu-spor-3
2026-06-24 07:47:20,993 [INFO] Capturing request: https://atomsportv508.top/favicon.ico
2026-06-24 07:47:21,013 [INFO] Capturing response: https://atomsportv508.top/cdn-cgi/rum? 204 
2026-06-24 07:47:21,029 [INFO] Capturing response: https://atomsportv508.top/cdn-cgi/rum? 204 
2026-06-24 07:47:21,037 [INFO] Capturing response: https://atomsportv508.top/favicon.ico 200 
2026-06-24 07:47:21,127 [INFO] Capturing request: https://streamsport365.com/cinema
2026-06-24 07:47:21,197 [INFO] Capturing response: https://teletv5.top/load/yayinlink.php?id=tivibu-spor-3 200 
2026-06-24 07:47:21,459 [INFO] Capturing response: https://streamsport365.com/cinema 200 
2026-06-24 07:47:54,148 [WARNING]   ❌ Tivibu Spor 3 için M3U8 bulunamadı
2026-06-24 07:47:55,148 [INFO] 
[14/14]
2026-06-24 07:47:55,149 [INFO] 🔍 Tivibu Spor 4 → https://atomsportv508.top/matches?id=tivibu-spor-4
2026-06-24 07:47:55,257 [INFO] Capturing request: https://atomsportv508.top/assets/js/clappr.js
2026-06-24 07:47:55,259 [INFO] Capturing request: https://atomsportv508.top/matches?id=tivibu-spor-4
2026-06-24 07:47:55,291 [INFO] Capturing response: https://atomsportv508.top/assets/js/clappr.js 200 
2026-06-24 07:47:55,587 [INFO] Capturing response: https://atomsportv508.top/matches?id=tivibu-spor-4 200 
2026-06-24 07:47:55,596 [INFO] Capturing request: https://atomsportv508.top/cdn-cgi/rum?
2026-06-24 07:47:55,623 [INFO] Capturing request: https://atomsportv508.top/cdn-cgi/rum?
2026-06-24 07:47:55,723 [INFO] Capturing request: https://teletv5.top/load/yayinlink.php?id=tivibu-spor-4
2026-06-24 07:47:55,728 [INFO] Capturing request: https://atomsportv508.top/favicon.ico
2026-06-24 07:47:55,734 [INFO] Capturing response: https://atomsportv508.top/cdn-cgi/rum? 204 
2026-06-24 07:47:55,752 [INFO] Capturing response: https://atomsportv508.top/cdn-cgi/rum? 204 
2026-06-24 07:47:55,776 [INFO] Capturing response: https://atomsportv508.top/favicon.ico 200 
2026-06-24 07:47:55,855 [INFO] Capturing request: https://streamsport365.com/cinema
2026-06-24 07:47:55,930 [INFO] Capturing response: https://teletv5.top/load/yayinlink.php?id=tivibu-spor-4 200 
2026-06-24 07:47:56,188 [INFO] Capturing response: https://streamsport365.com/cinema 200 
2026-06-24 07:48:28,890 [WARNING]   ❌ Tivibu Spor 4 için M3U8 bulunamadı
2026-06-24 07:48:29,949 [INFO] ✅ 5 kanal bulundu, playlist.m3u kaydedildi
