2026-04-14 02:07:12,850 [INFO] 🔎 Domain aralığı taranıyor: atomsportv490.top - atomsportv520.top
2026-04-14 02:07:14,285 [INFO]   ✅ Aktif domain bulundu: https://atomsportv496.top
2026-04-14 02:07:14,286 [INFO] 🌐 Kullanılan BASE_URL: https://atomsportv496.top
2026-04-14 02:07:15,464 [INFO] ✅ SeleniumWire aktif
2026-04-14 02:07:15,465 [INFO] =======================================================
2026-04-14 02:07:15,466 [INFO]    M3U8 Scraper
2026-04-14 02:07:15,466 [INFO]    Base URL : https://atomsportv496.top
2026-04-14 02:07:15,466 [INFO]    Toplam   : 12 sayfa
2026-04-14 02:07:15,466 [INFO] =======================================================
2026-04-14 02:07:15,466 [INFO] 🔧 Driver başlatılıyor...
2026-04-14 02:07:16,197 [INFO] ✅ Driver başlatıldı
2026-04-14 02:07:16,198 [INFO] 
[1/12]
2026-04-14 02:07:16,198 [INFO] 
──────────────────────────────────────────────────
2026-04-14 02:07:16,198 [INFO] 🔍 beIN Sports 1 → https://atomsportv496.top/matches?id=bein-sports-1
2026-04-14 02:07:16,198 [INFO] ──────────────────────────────────────────────────
2026-04-14 02:07:48,509 [INFO]   📡 M3U8 bekleniyor (max 8s)...
2026-04-14 02:07:48,518 [INFO]   🎯 1s'de bulundu: https://hlsssssss.gerdekgecessiii.workers.dev/https://corestream.ronaldovurdu.help//hls/bein-sports-11.m3u8
2026-04-14 02:07:48,519 [INFO]   ✅ beIN Sports 1: https://hlsssssss.gerdekgecessiii.workers.dev/https://corestream.ronaldovurdu.help//hls/bein-sports-11.m3u8
2026-04-14 02:07:49,519 [INFO] 
[2/12]
2026-04-14 02:07:49,520 [INFO] 
──────────────────────────────────────────────────
2026-04-14 02:07:49,520 [INFO] 🔍 beIN Sports 2 → https://atomsportv496.top/matches?id=bein-sports-2
2026-04-14 02:07:49,520 [INFO] ──────────────────────────────────────────────────
2026-04-14 02:08:21,763 [INFO]   📡 M3U8 bekleniyor (max 8s)...
2026-04-14 02:08:21,786 [INFO]   🎯 1s'de bulundu: https://hlsssssss.gerdekgecessiii.workers.dev/https://corestream.ronaldovurdu.help//hls/bein-sports-2.m3u8
2026-04-14 02:08:21,788 [INFO]   ✅ beIN Sports 2: https://hlsssssss.gerdekgecessiii.workers.dev/https://corestream.ronaldovurdu.help//hls/bein-sports-2.m3u8
2026-04-14 02:08:22,788 [INFO] 
[3/12]
2026-04-14 02:08:22,788 [INFO] 
──────────────────────────────────────────────────
2026-04-14 02:08:22,788 [INFO] 🔍 beIN Sports 3 → https://atomsportv496.top/matches?id=bein-sports-3
2026-04-14 02:08:22,788 [INFO] ──────────────────────────────────────────────────
2026-04-14 02:08:54,949 [INFO]   📡 M3U8 bekleniyor (max 8s)...
2026-04-14 02:08:54,955 [INFO]   🎯 1s'de bulundu: https://hlsssssss.gerdekgecessiii.workers.dev/https://corestream.ronaldovurdu.help//hls/bein-sports-3.m3u8
2026-04-14 02:08:54,956 [INFO]   ✅ beIN Sports 3: https://hlsssssss.gerdekgecessiii.workers.dev/https://corestream.ronaldovurdu.help//hls/bein-sports-3.m3u8
2026-04-14 02:08:55,956 [INFO] 
[4/12]
2026-04-14 02:08:55,957 [INFO] 
──────────────────────────────────────────────────
2026-04-14 02:08:55,957 [INFO] 🔍 beIN Sports 4 → https://atomsportv496.top/matches?id=bein-sports-4
2026-04-14 02:08:55,957 [INFO] ──────────────────────────────────────────────────
2026-04-14 02:09:27,864 [INFO]   📡 M3U8 bekleniyor (max 8s)...
2026-04-14 02:09:27,870 [INFO]   🎯 1s'de bulundu: https://hlsssssss.gerdekgecessiii.workers.dev/https://corestream.ronaldovurdu.help//hls/bein-sports-4.m3u8
2026-04-14 02:09:27,871 [INFO]   ✅ beIN Sports 4: https://hlsssssss.gerdekgecessiii.workers.dev/https://corestream.ronaldovurdu.help//hls/bein-sports-4.m3u8
2026-04-14 02:09:28,871 [INFO] 
[5/12]
2026-04-14 02:09:28,871 [INFO] 
──────────────────────────────────────────────────
2026-04-14 02:09:28,871 [INFO] 🔍 beIN Sports 5 → https://atomsportv496.top/matches?id=bein-sports-5
2026-04-14 02:09:28,871 [INFO] ──────────────────────────────────────────────────
2026-04-14 02:10:00,789 [INFO]   📡 M3U8 bekleniyor (max 8s)...
2026-04-14 02:10:00,792 [INFO]   🎯 1s'de bulundu: https://hlsssssss.gerdekgecessiii.workers.dev/https://corestream.ronaldovurdu.help//hls/bein-sports-5.m3u8
2026-04-14 02:10:00,792 [INFO]   ✅ beIN Sports 5: https://hlsssssss.gerdekgecessiii.workers.dev/https://corestream.ronaldovurdu.help//hls/bein-sports-5.m3u8
2026-04-14 02:10:01,792 [INFO] 
[6/12]
2026-04-14 02:10:01,792 [INFO] 
──────────────────────────────────────────────────
2026-04-14 02:10:01,792 [INFO] 🔍 beIN Sports Max 1 → https://atomsportv496.top/matches?id=bein-sports-max-1
2026-04-14 02:10:01,792 [INFO] ──────────────────────────────────────────────────
2026-04-14 02:10:33,925 [INFO]   📡 M3U8 bekleniyor (max 8s)...
2026-04-14 02:10:33,928 [INFO]   🎯 1s'de bulundu: https://hlsssssss.gerdekgecessiii.workers.dev/https://corestream.ronaldovurdu.help//hls/bein-sports-max-1.m3u8
2026-04-14 02:10:33,929 [INFO]   ✅ beIN Sports Max 1: https://hlsssssss.gerdekgecessiii.workers.dev/https://corestream.ronaldovurdu.help//hls/bein-sports-max-1.m3u8
2026-04-14 02:10:34,929 [INFO] 
[7/12]
2026-04-14 02:10:34,929 [INFO] 
──────────────────────────────────────────────────
2026-04-14 02:10:34,929 [INFO] 🔍 beIN Sports Max 2 → https://atomsportv496.top/matches?id=bein-sports-max-2
2026-04-14 02:10:34,929 [INFO] ──────────────────────────────────────────────────
2026-04-14 02:11:06,869 [INFO]   📡 M3U8 bekleniyor (max 8s)...
2026-04-14 02:11:06,870 [INFO]   🎯 1s'de bulundu: https://hlsssssss.gerdekgecessiii.workers.dev/https://corestream.ronaldovurdu.help//hls/bein-sports-max-1.m3u8
2026-04-14 02:11:06,870 [INFO]   ✅ beIN Sports Max 2: https://hlsssssss.gerdekgecessiii.workers.dev/https://corestream.ronaldovurdu.help//hls/bein-sports-max-1.m3u8
2026-04-14 02:11:07,871 [INFO] 
[8/12]
2026-04-14 02:11:07,871 [INFO] 
──────────────────────────────────────────────────
2026-04-14 02:11:07,871 [INFO] 🔍 S Sport → https://atomsportv496.top/matches?id=s-sport
2026-04-14 02:11:07,871 [INFO] ──────────────────────────────────────────────────
2026-04-14 02:11:39,956 [INFO]   📡 M3U8 bekleniyor (max 8s)...
2026-04-14 02:11:39,975 [INFO]   🎯 1s'de bulundu: https://hlsssssss.gerdekgecessiii.workers.dev/https://corestream.ronaldovurdu.help//hls/s-sport.m3u8
2026-04-14 02:11:39,978 [INFO]   ✅ S Sport: https://hlsssssss.gerdekgecessiii.workers.dev/https://corestream.ronaldovurdu.help//hls/s-sport.m3u8
2026-04-14 02:11:40,978 [INFO] 
[9/12]
2026-04-14 02:11:40,978 [INFO] 
──────────────────────────────────────────────────
2026-04-14 02:11:40,978 [INFO] 🔍 S Sport 2 → https://atomsportv496.top/matches?id=s-sport-2
2026-04-14 02:11:40,978 [INFO] ──────────────────────────────────────────────────
2026-04-14 02:12:12,898 [INFO]   📡 M3U8 bekleniyor (max 8s)...
2026-04-14 02:12:12,903 [INFO]   🎯 1s'de bulundu: https://hlsssssss.gerdekgecessiii.workers.dev/https://corestream.ronaldovurdu.help//hls/s-sport.m3u8
2026-04-14 02:12:12,903 [INFO]   ✅ S Sport 2: https://hlsssssss.gerdekgecessiii.workers.dev/https://corestream.ronaldovurdu.help//hls/s-sport.m3u8
2026-04-14 02:12:13,903 [INFO] 
[10/12]
2026-04-14 02:12:13,903 [INFO] 
──────────────────────────────────────────────────
2026-04-14 02:12:13,903 [INFO] 🔍 Tivibu Spor 1 → https://atomsportv496.top/matches?id=tivibu-spor-1
2026-04-14 02:12:13,904 [INFO] ──────────────────────────────────────────────────
2026-04-14 02:12:46,070 [INFO]   📡 M3U8 bekleniyor (max 8s)...
2026-04-14 02:12:46,071 [INFO]   🎯 1s'de bulundu: https://hlsssssss.gerdekgecessiii.workers.dev/https://corestream.ronaldovurdu.help//hls/tivibu-spor-1.m3u8
2026-04-14 02:12:46,071 [INFO]   ✅ Tivibu Spor 1: https://hlsssssss.gerdekgecessiii.workers.dev/https://corestream.ronaldovurdu.help//hls/tivibu-spor-1.m3u8
2026-04-14 02:12:47,071 [INFO] 
[11/12]
2026-04-14 02:12:47,071 [INFO] 
──────────────────────────────────────────────────
2026-04-14 02:12:47,072 [INFO] 🔍 Tivibu Spor 2 → https://atomsportv496.top/matches?id=tivibu-spor-2
2026-04-14 02:12:47,072 [INFO] ──────────────────────────────────────────────────
2026-04-14 02:13:19,039 [INFO]   📡 M3U8 bekleniyor (max 8s)...
2026-04-14 02:13:19,040 [INFO]   🎯 1s'de bulundu: https://hlsssssss.gerdekgecessiii.workers.dev/https://corestream.ronaldovurdu.help//hls/tivibu-spor-2.m3u8
2026-04-14 02:13:19,040 [INFO]   ✅ Tivibu Spor 2: https://hlsssssss.gerdekgecessiii.workers.dev/https://corestream.ronaldovurdu.help//hls/tivibu-spor-2.m3u8
2026-04-14 02:13:20,040 [INFO] 
[12/12]
2026-04-14 02:13:20,040 [INFO] 
──────────────────────────────────────────────────
2026-04-14 02:13:20,040 [INFO] 🔍 Tivibu Spor 3 → https://atomsportv496.top/matches?id=tivibu-spor-3
2026-04-14 02:13:20,040 [INFO] ──────────────────────────────────────────────────
2026-04-14 02:13:51,991 [INFO]   📡 M3U8 bekleniyor (max 8s)...
2026-04-14 02:13:51,992 [INFO]   🎯 1s'de bulundu: https://hlsssssss.gerdekgecessiii.workers.dev/https://corestream.ronaldovurdu.help//hls/tivibu-spor-3.m3u8
2026-04-14 02:13:51,992 [INFO]   ✅ Tivibu Spor 3: https://hlsssssss.gerdekgecessiii.workers.dev/https://corestream.ronaldovurdu.help//hls/tivibu-spor-3.m3u8
2026-04-14 02:13:53,055 [INFO] 🔒 Driver kapatıldı
2026-04-14 02:13:53,055 [INFO] 
=======================================================
2026-04-14 02:13:53,055 [INFO] 🏁 Tamamlandı!
2026-04-14 02:13:53,056 [INFO] 📺 Kanal : 12/12
2026-04-14 02:13:53,056 [INFO] ⏱️  Süre  : 397.6s
2026-04-14 02:13:53,056 [INFO] =======================================================
2026-04-14 02:13:53,056 [INFO] ✅ playlist.m3u kaydedildi
2026-04-14 02:13:53,056 [INFO] ✅ stats.json kaydedildi
