2026-07-09 03:26:51,831 [INFO] 🌐 BASE_URL: https://atomsportv508.top
2026-07-09 03:26:52,603 [INFO] Başlanıyor... 14 kanal taranacak
2026-07-09 03:26:52,603 [INFO] Using default request storage
2026-07-09 03:26:52,608 [INFO] Created proxy listening on 127.0.0.1:37739
2026-07-09 03:26:53,303 [INFO] Capturing request: http://clients2.google.com/time/1/current?cup2key=10:Vn-3m2Xi7otv3kWNqIRM3jRetRWvLdgVk-CEjM1bPSI&cup2hreq=e3b0c44298fc1c149afbf4c8996fb92427ae41e4649b934ca495991b7852b855
2026-07-09 03:26:53,345 [INFO] Capturing response: http://clients2.google.com/time/1/current?cup2key=10:Vn-3m2Xi7otv3kWNqIRM3jRetRWvLdgVk-CEjM1bPSI&cup2hreq=e3b0c44298fc1c149afbf4c8996fb92427ae41e4649b934ca495991b7852b855 200 OK
2026-07-09 03:26:53,502 [INFO] 
[1/14]
2026-07-09 03:26:53,502 [INFO] 🔍 beIN Sports 1 → https://atomsportv508.top/matches?id=bein-sports-1
2026-07-09 03:26:53,601 [INFO] Capturing request: https://update.googleapis.com/service/update2/json?cup2key=16:6S8BKzG0gyifFbc3sVrHUbvM6UTSAS3y09d64eeOVQw&cup2hreq=41238a93714466c60ebc4553f8117d1356c7d13c5e0245463550986f08d981b5
2026-07-09 03:26:53,605 [INFO] Capturing request: https://accounts.google.com/ListAccounts?gpsia=1&source=ChromiumBrowser&json=standard&laf=b64bin
2026-07-09 03:26:53,648 [INFO] Capturing response: https://update.googleapis.com/service/update2/json?cup2key=16:6S8BKzG0gyifFbc3sVrHUbvM6UTSAS3y09d64eeOVQw&cup2hreq=41238a93714466c60ebc4553f8117d1356c7d13c5e0245463550986f08d981b5 200 
2026-07-09 03:26:53,694 [INFO] Capturing request: https://update.googleapis.com/service/update2/json?cup2key=16:bQz4ngVbE5WSa6bz40n2KeuiA09QO8x7yxwL1a_-EtU&cup2hreq=524d4f135234b4a649bfe5f86928d43f92173a6626d7066b0d9d35e0b1b8a1d9
2026-07-09 03:26:53,706 [INFO] Capturing request: https://atomsportv508.top/matches?id=bein-sports-1
2026-07-09 03:26:53,722 [INFO] Capturing response: https://update.googleapis.com/service/update2/json?cup2key=16:bQz4ngVbE5WSa6bz40n2KeuiA09QO8x7yxwL1a_-EtU&cup2hreq=524d4f135234b4a649bfe5f86928d43f92173a6626d7066b0d9d35e0b1b8a1d9 200 
2026-07-09 03:26:53,732 [INFO] Capturing response: https://accounts.google.com/ListAccounts?gpsia=1&source=ChromiumBrowser&json=standard&laf=b64bin 200 
2026-07-09 03:26:53,825 [INFO] Capturing response: https://atomsportv508.top/matches?id=bein-sports-1 200 
2026-07-09 03:26:53,981 [INFO] Capturing request: https://atomsportv508.top/assets/js/clappr.js
2026-07-09 03:26:54,022 [INFO] Capturing response: https://atomsportv508.top/assets/js/clappr.js 200 
2026-07-09 03:26:54,057 [INFO] Capturing request: https://cdnjs.cloudflare.com/ajax/libs/jquery/3.2.1/jquery.min.js
2026-07-09 03:26:54,068 [INFO] Capturing request: https://www.google.com/async/folae?async=_fmt:pb&udm=50&client_locale=en-US&client_country=ZZ
2026-07-09 03:26:54,073 [INFO] Capturing request: https://cdn.jsdelivr.net/npm/@clappr/player@latest/dist/clappr.min.js
2026-07-09 03:26:54,080 [INFO] Capturing response: https://cdnjs.cloudflare.com/ajax/libs/jquery/3.2.1/jquery.min.js 200 
2026-07-09 03:26:54,105 [INFO] Capturing response: https://www.google.com/async/folae?async=_fmt:pb&udm=50&client_locale=en-US&client_country=ZZ 200 
2026-07-09 03:26:54,140 [INFO] Capturing response: https://cdn.jsdelivr.net/npm/@clappr/player@latest/dist/clappr.min.js 200 
2026-07-09 03:26:54,282 [INFO] Capturing request: https://static.cloudflareinsights.com/beacon.min.js/v4513226cdae34746b4dedf0b4dfa099e1781791509496
2026-07-09 03:26:54,298 [INFO] Capturing response: https://static.cloudflareinsights.com/beacon.min.js/v4513226cdae34746b4dedf0b4dfa099e1781791509496 200 
2026-07-09 03:26:54,361 [INFO] Capturing request: https://atomsportv508.top/cdn-cgi/rum?
2026-07-09 03:26:54,463 [INFO] Capturing request: https://atomsportv508.top/favicon.ico
2026-07-09 03:26:54,511 [INFO] Capturing response: https://atomsportv508.top/cdn-cgi/rum? 204 
2026-07-09 03:26:54,515 [INFO] Capturing response: https://atomsportv508.top/favicon.ico 200 
2026-07-09 03:26:54,518 [INFO] Capturing request: https://teletv5.top/load/yayinlink.php?id=bein-sports-1
2026-07-09 03:26:55,050 [INFO] Capturing request: https://streamsport365.com/cinema
2026-07-09 03:26:55,067 [INFO] Capturing response: https://teletv5.top/load/yayinlink.php?id=bein-sports-1 200 
2026-07-09 03:26:55,410 [INFO] Capturing response: https://streamsport365.com/cinema 200 
2026-07-09 03:26:55,541 [INFO] Capturing request: https://atomsportv508.top/assets/img/player_logo_6880e4e4c52ee.png
2026-07-09 03:26:55,592 [INFO] Capturing response: https://atomsportv508.top/assets/img/player_logo_6880e4e4c52ee.png 200 
2026-07-09 03:26:55,604 [INFO] Capturing request: https://hlssssss-wildflower-4845.ugurdurmus9402.workers.dev/https://corestream.taylandakanzi.help//trtspor/tracks-v1a1/mono.m3u8
2026-07-09 03:26:56,231 [INFO] Capturing request: https://android.clients.google.com/checkin
2026-07-09 03:26:56,313 [INFO] Capturing response: https://hlssssss-wildflower-4845.ugurdurmus9402.workers.dev/https://corestream.taylandakanzi.help//trtspor/tracks-v1a1/mono.m3u8 200 
2026-07-09 03:26:56,324 [INFO] Capturing response: https://android.clients.google.com/checkin 200 
2026-07-09 03:26:56,375 [INFO] Capturing request: https://android.clients.google.com/c2dm/register3
2026-07-09 03:26:56,384 [INFO] Capturing request: https://android.clients.google.com/c2dm/register3
2026-07-09 03:26:56,390 [INFO] Capturing request: https://android.clients.google.com/c2dm/register3
2026-07-09 03:26:56,442 [INFO] Capturing response: https://android.clients.google.com/c2dm/register3 301 
2026-07-09 03:26:56,561 [INFO] Capturing request: https://ts.taylandakanzi.help/trtspor/tracks-v1a1/2026/07/09/03/26/36-06000.avif
2026-07-09 03:26:57,102 [INFO] Capturing response: https://android.clients.google.com/c2dm/register3 200 
2026-07-09 03:26:57,399 [INFO]   ✅ M3U8 bulundu: https://hlssssss-wildflower-4845.ugurdurmus9402.workers.dev/https://corestream.taylandakanzi.help//trtspor/tracks-v1a1/mono.m3u8
2026-07-09 03:26:57,400 [INFO] Capturing response: https://ts.taylandakanzi.help/trtspor/tracks-v1a1/2026/07/09/03/26/36-06000.avif 200 
2026-07-09 03:26:57,409 [INFO] Capturing response: https://android.clients.google.com/c2dm/register3 200 
2026-07-09 03:26:57,670 [INFO] Capturing request: https://ts.taylandakanzi.help/trtspor/tracks-v1a1/2026/07/09/03/26/42-06000.avif
2026-07-09 03:26:58,029 [INFO] Capturing response: https://ts.taylandakanzi.help/trtspor/tracks-v1a1/2026/07/09/03/26/42-06000.avif 200 
2026-07-09 03:26:58,222 [INFO] Capturing request: https://ts.taylandakanzi.help/trtspor/tracks-v1a1/2026/07/09/03/26/48-06000.avif
2026-07-09 03:26:58,400 [INFO] 
[2/14]
2026-07-09 03:26:58,400 [INFO] 🔍 beIN Sports 2 → https://atomsportv508.top/matches?id=bein-sports-2
2026-07-09 03:26:58,516 [INFO] Capturing request: https://atomsportv508.top/matches?id=bein-sports-2
2026-07-09 03:26:58,554 [INFO] Capturing response: https://atomsportv508.top/matches?id=bein-sports-2 200 
2026-07-09 03:26:58,571 [INFO] Capturing request: https://atomsportv508.top/cdn-cgi/rum?
2026-07-09 03:26:58,637 [INFO] Capturing request: https://streamsport365.com/cinema
2026-07-09 03:26:58,642 [INFO] Capturing request: https://atomsportv508.top/cdn-cgi/rum?
2026-07-09 03:26:58,736 [INFO] Capturing response: https://atomsportv508.top/cdn-cgi/rum? 204 
2026-07-09 03:26:58,738 [INFO] Capturing request: https://teletv5.top/load/yayinlink.php?id=bein-sports-2
2026-07-09 03:26:58,749 [INFO] Capturing request: https://atomsportv508.top/favicon.ico
2026-07-09 03:26:58,786 [INFO] Capturing response: https://atomsportv508.top/favicon.ico 200 
2026-07-09 03:26:58,799 [INFO] Capturing response: https://atomsportv508.top/cdn-cgi/rum? 204 
2026-07-09 03:26:58,826 [INFO] Capturing response: https://ts.taylandakanzi.help/trtspor/tracks-v1a1/2026/07/09/03/26/48-06000.avif 200 
2026-07-09 03:26:58,951 [INFO] Capturing response: https://teletv5.top/load/yayinlink.php?id=bein-sports-2 200 
2026-07-09 03:26:59,009 [INFO] Capturing response: https://streamsport365.com/cinema 200 
2026-07-09 03:26:59,130 [INFO] Capturing request: https://hlssssss-wildflower-4845.ugurdurmus9402.workers.dev/https://corestream.taylandakanzi.help//bein2/tracks-v1a1/mono.m3u8
2026-07-09 03:26:59,861 [INFO] Capturing response: https://hlssssss-wildflower-4845.ugurdurmus9402.workers.dev/https://corestream.taylandakanzi.help//bein2/tracks-v1a1/mono.m3u8 200 
2026-07-09 03:26:59,971 [INFO] Capturing request: https://ts.taylandakanzi.help/bein2/tracks-v1a1/2026/07/09/03/27/07-05000.avif
2026-07-09 03:27:00,281 [INFO] Capturing response: https://ts.taylandakanzi.help/bein2/tracks-v1a1/2026/07/09/03/27/07-05000.avif 200 
2026-07-09 03:27:00,487 [INFO] Capturing request: https://ts.taylandakanzi.help/bein2/tracks-v1a1/2026/07/09/03/27/12-05000.avif
2026-07-09 03:27:01,049 [INFO] Capturing response: https://ts.taylandakanzi.help/bein2/tracks-v1a1/2026/07/09/03/27/12-05000.avif 200 
2026-07-09 03:27:01,264 [INFO] Capturing request: https://ts.taylandakanzi.help/bein2/tracks-v1a1/2026/07/09/03/27/17-05000.avif
2026-07-09 03:27:01,598 [INFO] Capturing response: https://ts.taylandakanzi.help/bein2/tracks-v1a1/2026/07/09/03/27/17-05000.avif 200 
2026-07-09 03:27:01,649 [INFO]   ✅ M3U8 bulundu: https://hlssssss-wildflower-4845.ugurdurmus9402.workers.dev/https://corestream.taylandakanzi.help//bein2/tracks-v1a1/mono.m3u8
2026-07-09 03:27:02,649 [INFO] 
[3/14]
2026-07-09 03:27:02,650 [INFO] 🔍 beIN Sports 3 → https://atomsportv508.top/matches?id=bein-sports-3
2026-07-09 03:27:02,761 [INFO] Capturing request: https://atomsportv508.top/matches?id=bein-sports-3
2026-07-09 03:27:02,806 [INFO] Capturing response: https://atomsportv508.top/matches?id=bein-sports-3 200 
2026-07-09 03:27:02,817 [INFO] Capturing request: https://atomsportv508.top/cdn-cgi/rum?
2026-07-09 03:27:02,848 [INFO] Capturing request: https://atomsportv508.top/cdn-cgi/rum?
2026-07-09 03:27:02,942 [INFO] Capturing request: https://teletv5.top/load/yayinlink.php?id=bein-sports-3
2026-07-09 03:27:02,950 [INFO] Capturing request: https://atomsportv508.top/favicon.ico
2026-07-09 03:27:02,954 [INFO] Capturing response: https://atomsportv508.top/cdn-cgi/rum? 204 
2026-07-09 03:27:02,981 [INFO] Capturing response: https://atomsportv508.top/favicon.ico 200 
2026-07-09 03:27:02,999 [INFO] Capturing response: https://atomsportv508.top/cdn-cgi/rum? 204 
2026-07-09 03:27:03,098 [INFO] Capturing request: https://streamsport365.com/cinema
2026-07-09 03:27:03,152 [INFO] Capturing response: https://teletv5.top/load/yayinlink.php?id=bein-sports-3 200 
2026-07-09 03:27:03,460 [INFO] Capturing response: https://streamsport365.com/cinema 200 
2026-07-09 03:27:21,525 [INFO] Capturing request: https://android.clients.google.com/c2dm/register3
2026-07-09 03:27:21,578 [INFO] Capturing response: https://android.clients.google.com/c2dm/register3 301 
2026-07-09 03:27:36,171 [WARNING]   ❌ beIN Sports 3 için M3U8 bulunamadı
2026-07-09 03:27:37,171 [INFO] 
[4/14]
2026-07-09 03:27:37,172 [INFO] 🔍 beIN Sports 4 → https://atomsportv508.top/matches?id=bein-sports-4
2026-07-09 03:27:37,283 [INFO] Capturing request: https://atomsportv508.top/assets/js/clappr.js
2026-07-09 03:27:37,285 [INFO] Capturing request: https://atomsportv508.top/matches?id=bein-sports-4
2026-07-09 03:27:37,302 [INFO] Capturing response: https://atomsportv508.top/assets/js/clappr.js 200 
2026-07-09 03:27:37,944 [INFO] Capturing response: https://atomsportv508.top/matches?id=bein-sports-4 200 
2026-07-09 03:27:37,953 [INFO] Capturing request: https://atomsportv508.top/cdn-cgi/rum?
2026-07-09 03:27:37,984 [INFO] Capturing request: https://atomsportv508.top/cdn-cgi/rum?
2026-07-09 03:27:38,062 [INFO] Capturing response: https://atomsportv508.top/cdn-cgi/rum? 204 
2026-07-09 03:27:38,080 [INFO] Capturing request: https://teletv5.top/load/yayinlink.php?id=bein-sports-4
2026-07-09 03:27:38,086 [INFO] Capturing request: https://atomsportv508.top/favicon.ico
2026-07-09 03:27:38,119 [INFO] Capturing response: https://atomsportv508.top/favicon.ico 200 
2026-07-09 03:27:38,134 [INFO] Capturing response: https://atomsportv508.top/cdn-cgi/rum? 204 
2026-07-09 03:27:38,236 [INFO] Capturing request: https://streamsport365.com/cinema
2026-07-09 03:27:38,293 [INFO] Capturing response: https://teletv5.top/load/yayinlink.php?id=bein-sports-4 200 
2026-07-09 03:27:38,594 [INFO] Capturing response: https://streamsport365.com/cinema 200 
2026-07-09 03:27:53,295 [INFO] Capturing request: https://update.googleapis.com/service/update2/json?cup2key=16:AKY90VAX6RJ6S-imIORXAAS_iVOfaQkSQmWoMJeWFlE&cup2hreq=3a643ea72736574364bd4864a51a4a54c6e8127b108b7f86a024027d13e2163e
2026-07-09 03:27:53,363 [INFO] Capturing response: https://update.googleapis.com/service/update2/json?cup2key=16:AKY90VAX6RJ6S-imIORXAAS_iVOfaQkSQmWoMJeWFlE&cup2hreq=3a643ea72736574364bd4864a51a4a54c6e8127b108b7f86a024027d13e2163e 200 
2026-07-09 03:28:02,597 [INFO] Capturing request: https://android.clients.google.com/c2dm/register3
2026-07-09 03:28:02,648 [INFO] Capturing response: https://android.clients.google.com/c2dm/register3 301 
2026-07-09 03:28:11,268 [WARNING]   ❌ beIN Sports 4 için M3U8 bulunamadı
2026-07-09 03:28:12,268 [INFO] 
[5/14]
2026-07-09 03:28:12,269 [INFO] 🔍 beIN Sports 5 → https://atomsportv508.top/matches?id=bein-sports-5
2026-07-09 03:28:12,378 [INFO] Capturing request: https://atomsportv508.top/assets/js/clappr.js
2026-07-09 03:28:12,380 [INFO] Capturing request: https://atomsportv508.top/matches?id=bein-sports-5
2026-07-09 03:28:12,398 [INFO] Capturing response: https://atomsportv508.top/assets/js/clappr.js 200 
2026-07-09 03:28:12,711 [INFO] Capturing response: https://atomsportv508.top/matches?id=bein-sports-5 200 
2026-07-09 03:28:12,720 [INFO] Capturing request: https://atomsportv508.top/cdn-cgi/rum?
2026-07-09 03:28:12,749 [INFO] Capturing request: https://atomsportv508.top/cdn-cgi/rum?
2026-07-09 03:28:12,829 [INFO] Capturing response: https://atomsportv508.top/cdn-cgi/rum? 204 
2026-07-09 03:28:12,849 [INFO] Capturing request: https://teletv5.top/load/yayinlink.php?id=bein-sports-5
2026-07-09 03:28:12,854 [INFO] Capturing request: https://atomsportv508.top/favicon.ico
2026-07-09 03:28:12,886 [INFO] Capturing response: https://atomsportv508.top/favicon.ico 200 
2026-07-09 03:28:12,899 [INFO] Capturing response: https://atomsportv508.top/cdn-cgi/rum? 204 
2026-07-09 03:28:13,001 [INFO] Capturing request: https://streamsport365.com/cinema
2026-07-09 03:28:13,061 [INFO] Capturing response: https://teletv5.top/load/yayinlink.php?id=bein-sports-5 200 
2026-07-09 03:28:13,365 [INFO] Capturing response: https://streamsport365.com/cinema 200 
2026-07-09 03:28:46,029 [WARNING]   ❌ beIN Sports 5 için M3U8 bulunamadı
2026-07-09 03:28:47,030 [INFO] 
[6/14]
2026-07-09 03:28:47,030 [INFO] 🔍 beIN Sports Max 1 → https://atomsportv508.top/matches?id=bein-sports-max-1
2026-07-09 03:28:47,139 [INFO] Capturing request: https://atomsportv508.top/assets/js/clappr.js
2026-07-09 03:28:47,140 [INFO] Capturing request: https://atomsportv508.top/matches?id=bein-sports-max-1
2026-07-09 03:28:47,159 [INFO] Capturing response: https://atomsportv508.top/assets/js/clappr.js 200 
2026-07-09 03:28:47,472 [INFO] Capturing response: https://atomsportv508.top/matches?id=bein-sports-max-1 200 
2026-07-09 03:28:47,484 [INFO] Capturing request: https://atomsportv508.top/cdn-cgi/rum?
2026-07-09 03:28:47,518 [INFO] Capturing request: https://atomsportv508.top/cdn-cgi/rum?
2026-07-09 03:28:47,591 [INFO] Capturing response: https://atomsportv508.top/cdn-cgi/rum? 204 
2026-07-09 03:28:47,618 [INFO] Capturing request: https://atomsportv508.top/favicon.ico
2026-07-09 03:28:47,620 [INFO] Capturing request: https://teletv5.top/load/yayinlink.php?id=bein-sports-max-1
2026-07-09 03:28:47,652 [INFO] Capturing response: https://atomsportv508.top/favicon.ico 200 
2026-07-09 03:28:47,667 [INFO] Capturing response: https://atomsportv508.top/cdn-cgi/rum? 204 
2026-07-09 03:28:47,777 [INFO] Capturing request: https://streamsport365.com/cinema
2026-07-09 03:28:47,834 [INFO] Capturing response: https://teletv5.top/load/yayinlink.php?id=bein-sports-max-1 200 
2026-07-09 03:28:48,138 [INFO] Capturing response: https://streamsport365.com/cinema 200 
2026-07-09 03:29:20,796 [WARNING]   ❌ beIN Sports Max 1 için M3U8 bulunamadı
2026-07-09 03:29:21,797 [INFO] 
[7/14]
2026-07-09 03:29:21,797 [INFO] 🔍 beIN Sports Max 2 → https://atomsportv508.top/matches?id=bein-sports-max-2
2026-07-09 03:29:21,906 [INFO] Capturing request: https://atomsportv508.top/assets/js/clappr.js
2026-07-09 03:29:21,908 [INFO] Capturing request: https://atomsportv508.top/matches?id=bein-sports-max-2
2026-07-09 03:29:21,930 [INFO] Capturing response: https://atomsportv508.top/assets/js/clappr.js 200 
2026-07-09 03:29:22,233 [INFO] Capturing response: https://atomsportv508.top/matches?id=bein-sports-max-2 200 
2026-07-09 03:29:22,241 [INFO] Capturing request: https://atomsportv508.top/cdn-cgi/rum?
2026-07-09 03:29:22,268 [INFO] Capturing request: https://atomsportv508.top/cdn-cgi/rum?
2026-07-09 03:29:22,358 [INFO] Capturing response: https://atomsportv508.top/cdn-cgi/rum? 204 
2026-07-09 03:29:22,368 [INFO] Capturing request: https://teletv5.top/load/yayinlink.php?id=bein-sports-max-2
2026-07-09 03:29:22,374 [INFO] Capturing request: https://atomsportv508.top/favicon.ico
2026-07-09 03:29:22,408 [INFO] Capturing response: https://atomsportv508.top/favicon.ico 200 
2026-07-09 03:29:22,419 [INFO] Capturing response: https://atomsportv508.top/cdn-cgi/rum? 204 
2026-07-09 03:29:22,520 [INFO] Capturing request: https://streamsport365.com/cinema
2026-07-09 03:29:22,577 [INFO] Capturing response: https://teletv5.top/load/yayinlink.php?id=bein-sports-max-2 200 
2026-07-09 03:29:22,880 [INFO] Capturing response: https://streamsport365.com/cinema 200 
2026-07-09 03:29:55,556 [WARNING]   ❌ beIN Sports Max 2 için M3U8 bulunamadı
2026-07-09 03:29:56,556 [INFO] 
[8/14]
2026-07-09 03:29:56,556 [INFO] 🔍 S Sport → https://atomsportv508.top/matches?id=s-sport
2026-07-09 03:29:56,666 [INFO] Capturing request: https://atomsportv508.top/assets/js/clappr.js
2026-07-09 03:29:56,668 [INFO] Capturing request: https://atomsportv508.top/matches?id=s-sport
2026-07-09 03:29:56,684 [INFO] Capturing response: https://atomsportv508.top/assets/js/clappr.js 200 
2026-07-09 03:29:56,988 [INFO] Capturing response: https://atomsportv508.top/matches?id=s-sport 200 
2026-07-09 03:29:56,998 [INFO] Capturing request: https://atomsportv508.top/cdn-cgi/rum?
2026-07-09 03:29:57,031 [INFO] Capturing request: https://atomsportv508.top/cdn-cgi/rum?
2026-07-09 03:29:57,106 [INFO] Capturing response: https://atomsportv508.top/cdn-cgi/rum? 204 
2026-07-09 03:29:57,129 [INFO] Capturing request: https://teletv5.top/load/yayinlink.php?id=s-sport
2026-07-09 03:29:57,131 [INFO] Capturing request: https://atomsportv508.top/favicon.ico
2026-07-09 03:29:57,168 [INFO] Capturing response: https://atomsportv508.top/favicon.ico 200 
2026-07-09 03:29:57,179 [INFO] Capturing response: https://atomsportv508.top/cdn-cgi/rum? 204 
2026-07-09 03:29:57,283 [INFO] Capturing request: https://streamsport365.com/cinema
2026-07-09 03:29:57,341 [INFO] Capturing response: https://teletv5.top/load/yayinlink.php?id=s-sport 200 
2026-07-09 03:29:57,642 [INFO] Capturing response: https://streamsport365.com/cinema 200 
2026-07-09 03:29:57,764 [INFO] Capturing request: https://hlssssss-wildflower-4845.ugurdurmus9402.workers.dev/https://corestream.taylandakanzi.help//s-sportt/tracks-v1a1/mono.m3u8
2026-07-09 03:29:58,438 [INFO] Capturing response: https://hlssssss-wildflower-4845.ugurdurmus9402.workers.dev/https://corestream.taylandakanzi.help//s-sportt/tracks-v1a1/mono.m3u8 200 
2026-07-09 03:29:58,549 [INFO] Capturing request: https://ts.taylandakanzi.help/s-sportt/tracks-v1a1/2026/07/09/03/29/40-06000.avif
2026-07-09 03:29:58,925 [INFO] Capturing response: https://ts.taylandakanzi.help/s-sportt/tracks-v1a1/2026/07/09/03/29/40-06000.avif 200 
2026-07-09 03:29:59,176 [INFO] Capturing request: https://ts.taylandakanzi.help/s-sportt/tracks-v1a1/2026/07/09/03/29/46-06000.avif
2026-07-09 03:30:00,088 [INFO]   ✅ M3U8 bulundu: https://hlssssss-wildflower-4845.ugurdurmus9402.workers.dev/https://corestream.taylandakanzi.help//s-sportt/tracks-v1a1/mono.m3u8
2026-07-09 03:30:00,186 [INFO] Capturing response: https://ts.taylandakanzi.help/s-sportt/tracks-v1a1/2026/07/09/03/29/46-06000.avif 200 
2026-07-09 03:30:00,403 [INFO] Capturing request: https://ts.taylandakanzi.help/s-sportt/tracks-v1a1/2026/07/09/03/29/52-06000.avif
2026-07-09 03:30:00,893 [INFO] Capturing response: https://ts.taylandakanzi.help/s-sportt/tracks-v1a1/2026/07/09/03/29/52-06000.avif 200 
2026-07-09 03:30:01,088 [INFO] 
[9/14]
2026-07-09 03:30:01,088 [INFO] 🔍 S Sport 2 → https://atomsportv508.top/matches?id=s-sport-2
2026-07-09 03:30:01,202 [INFO] Capturing request: https://atomsportv508.top/assets/js/clappr.js
2026-07-09 03:30:01,209 [INFO] Capturing request: https://atomsportv508.top/matches?id=s-sport-2
2026-07-09 03:30:01,220 [INFO] Capturing response: https://atomsportv508.top/assets/js/clappr.js 200 
2026-07-09 03:30:01,262 [INFO] Capturing response: https://atomsportv508.top/matches?id=s-sport-2 200 
2026-07-09 03:30:01,273 [INFO] Capturing request: https://atomsportv508.top/cdn-cgi/rum?
2026-07-09 03:30:01,308 [INFO] Capturing request: https://streamsport365.com/cinema
2026-07-09 03:30:01,308 [INFO] Capturing request: https://atomsportv508.top/cdn-cgi/rum?
2026-07-09 03:30:01,401 [INFO] Capturing request: https://teletv5.top/load/yayinlink.php?id=s-sport-2
2026-07-09 03:30:01,413 [INFO] Capturing request: https://atomsportv508.top/favicon.ico
2026-07-09 03:30:01,418 [INFO] Capturing response: https://atomsportv508.top/cdn-cgi/rum? 204 
2026-07-09 03:30:01,420 [INFO] Capturing response: https://atomsportv508.top/cdn-cgi/rum? 204 
2026-07-09 03:30:01,443 [INFO] Capturing response: https://atomsportv508.top/favicon.ico 200 
2026-07-09 03:30:01,613 [INFO] Capturing response: https://teletv5.top/load/yayinlink.php?id=s-sport-2 200 
2026-07-09 03:30:01,668 [INFO] Capturing response: https://streamsport365.com/cinema 200 
2026-07-09 03:30:01,788 [INFO] Capturing request: https://hlssssss-wildflower-4845.ugurdurmus9402.workers.dev/https://corestream.taylandakanzi.help//s-sport2/tracks-v1a1/mono.m3u8
2026-07-09 03:30:01,961 [INFO] Capturing request: https://android.clients.google.com/c2dm/register3
2026-07-09 03:30:01,989 [INFO] Capturing response: https://hlssssss-wildflower-4845.ugurdurmus9402.workers.dev/https://corestream.taylandakanzi.help//s-sport2/tracks-v1a1/mono.m3u8 200 
2026-07-09 03:30:02,033 [INFO] Capturing response: https://android.clients.google.com/c2dm/register3 301 
2026-07-09 03:30:02,139 [INFO] Capturing request: https://ts.taylandakanzi.help/s-sport2/tracks-v1a1/2026/07/09/03/30/49-06000.avif
2026-07-09 03:30:02,836 [INFO] Capturing response: https://ts.taylandakanzi.help/s-sport2/tracks-v1a1/2026/07/09/03/30/49-06000.avif 200 
2026-07-09 03:30:03,069 [INFO] Capturing request: https://ts.taylandakanzi.help/s-sport2/tracks-v1a1/2026/07/09/03/30/55-06000.avif
2026-07-09 03:30:04,051 [INFO] Capturing response: https://ts.taylandakanzi.help/s-sport2/tracks-v1a1/2026/07/09/03/30/55-06000.avif 200 
2026-07-09 03:30:04,274 [INFO] Capturing request: https://ts.taylandakanzi.help/s-sport2/tracks-v1a1/2026/07/09/03/31/01-06000.avif
2026-07-09 03:30:04,327 [INFO]   ✅ M3U8 bulundu: https://hlssssss-wildflower-4845.ugurdurmus9402.workers.dev/https://corestream.taylandakanzi.help//s-sport2/tracks-v1a1/mono.m3u8
2026-07-09 03:30:04,833 [INFO] Capturing response: https://ts.taylandakanzi.help/s-sport2/tracks-v1a1/2026/07/09/03/31/01-06000.avif 200 
2026-07-09 03:30:05,328 [INFO] 
[10/14]
2026-07-09 03:30:05,328 [INFO] 🔍 A Spor → https://atomsportv508.top/matches?id=a-spor
2026-07-09 03:30:05,441 [INFO] Capturing request: https://atomsportv508.top/assets/js/clappr.js
2026-07-09 03:30:05,442 [INFO] Capturing request: https://atomsportv508.top/matches?id=a-spor
2026-07-09 03:30:05,463 [INFO] Capturing response: https://atomsportv508.top/assets/js/clappr.js 200 
2026-07-09 03:30:05,496 [INFO] Capturing response: https://atomsportv508.top/matches?id=a-spor 200 
2026-07-09 03:30:05,506 [INFO] Capturing request: https://atomsportv508.top/cdn-cgi/rum?
2026-07-09 03:30:05,550 [INFO] Capturing request: https://atomsportv508.top/cdn-cgi/rum?
2026-07-09 03:30:05,649 [INFO] Capturing request: https://teletv5.top/load/yayinlink.php?id=a-spor
2026-07-09 03:30:05,655 [INFO] Capturing request: https://atomsportv508.top/favicon.ico
2026-07-09 03:30:05,658 [INFO] Capturing response: https://atomsportv508.top/cdn-cgi/rum? 204 
2026-07-09 03:30:05,683 [INFO] Capturing response: https://atomsportv508.top/favicon.ico 200 
2026-07-09 03:30:05,699 [INFO] Capturing response: https://atomsportv508.top/cdn-cgi/rum? 204 
2026-07-09 03:30:05,796 [INFO] Capturing request: https://streamsport365.com/cinema
2026-07-09 03:30:05,873 [INFO] Capturing response: https://teletv5.top/load/yayinlink.php?id=a-spor 200 
2026-07-09 03:30:06,155 [INFO] Capturing response: https://streamsport365.com/cinema 200 
2026-07-09 03:30:06,274 [INFO] Capturing request: https://hlssssss-wildflower-4845.ugurdurmus9402.workers.dev/https://corestream.taylandakanzi.help//aspor/tracks-v1a1/mono.m3u8
2026-07-09 03:30:06,468 [INFO] Capturing response: https://hlssssss-wildflower-4845.ugurdurmus9402.workers.dev/https://corestream.taylandakanzi.help//aspor/tracks-v1a1/mono.m3u8 200 
2026-07-09 03:30:06,578 [INFO] Capturing request: https://ts.taylandakanzi.help/aspor/tracks-v1a1/2026/07/09/03/29/47-06000.avif
2026-07-09 03:30:06,982 [INFO] Capturing response: https://ts.taylandakanzi.help/aspor/tracks-v1a1/2026/07/09/03/29/47-06000.avif 200 
2026-07-09 03:30:07,233 [INFO] Capturing request: https://ts.taylandakanzi.help/aspor/tracks-v1a1/2026/07/09/03/29/53-06000.avif
2026-07-09 03:30:08,573 [INFO]   ✅ M3U8 bulundu: https://hlssssss-wildflower-4845.ugurdurmus9402.workers.dev/https://corestream.taylandakanzi.help//aspor/tracks-v1a1/mono.m3u8
2026-07-09 03:30:08,575 [INFO] Capturing response: https://ts.taylandakanzi.help/aspor/tracks-v1a1/2026/07/09/03/29/53-06000.avif 200 
2026-07-09 03:30:08,819 [INFO] Capturing request: https://ts.taylandakanzi.help/aspor/tracks-v1a1/2026/07/09/03/29/59-06000.avif
2026-07-09 03:30:09,226 [INFO] Capturing response: https://ts.taylandakanzi.help/aspor/tracks-v1a1/2026/07/09/03/29/59-06000.avif 200 
2026-07-09 03:30:09,573 [INFO] 
[11/14]
2026-07-09 03:30:09,573 [INFO] 🔍 Tivibu Spor 1 → https://atomsportv508.top/matches?id=tivibu-spor-1
2026-07-09 03:30:09,684 [INFO] Capturing request: https://atomsportv508.top/matches?id=tivibu-spor-1
2026-07-09 03:30:09,687 [INFO] Capturing request: https://atomsportv508.top/assets/js/clappr.js
2026-07-09 03:30:09,728 [INFO] Capturing response: https://atomsportv508.top/matches?id=tivibu-spor-1 200 
2026-07-09 03:30:09,737 [INFO] Capturing request: https://atomsportv508.top/cdn-cgi/rum?
2026-07-09 03:30:09,742 [INFO] Capturing response: https://atomsportv508.top/assets/js/clappr.js 200 
2026-07-09 03:30:09,767 [INFO] Capturing request: https://streamsport365.com/cinema
2026-07-09 03:30:09,779 [INFO] Capturing request: https://atomsportv508.top/cdn-cgi/rum?
2026-07-09 03:30:09,847 [INFO] Capturing response: https://atomsportv508.top/cdn-cgi/rum? 204 
2026-07-09 03:30:09,864 [INFO] Capturing request: https://teletv5.top/load/yayinlink.php?id=tivibu-spor-1
2026-07-09 03:30:09,882 [INFO] Capturing request: https://atomsportv508.top/favicon.ico
2026-07-09 03:30:09,911 [INFO] Capturing response: https://atomsportv508.top/favicon.ico 200 
2026-07-09 03:30:09,929 [INFO] Capturing response: https://atomsportv508.top/cdn-cgi/rum? 204 
2026-07-09 03:30:10,079 [INFO] Capturing response: https://teletv5.top/load/yayinlink.php?id=tivibu-spor-1 200 
2026-07-09 03:30:10,142 [INFO] Capturing response: https://streamsport365.com/cinema 200 
2026-07-09 03:30:43,070 [WARNING]   ❌ Tivibu Spor 1 için M3U8 bulunamadı
2026-07-09 03:30:44,070 [INFO] 
[12/14]
2026-07-09 03:30:44,070 [INFO] 🔍 Tivibu Spor 2 → https://atomsportv508.top/matches?id=tivibu-spor-2
2026-07-09 03:30:44,181 [INFO] Capturing request: https://atomsportv508.top/assets/js/clappr.js
2026-07-09 03:30:44,182 [INFO] Capturing request: https://atomsportv508.top/matches?id=tivibu-spor-2
2026-07-09 03:30:44,198 [INFO] Capturing response: https://atomsportv508.top/assets/js/clappr.js 200 
2026-07-09 03:30:44,503 [INFO] Capturing response: https://atomsportv508.top/matches?id=tivibu-spor-2 200 
2026-07-09 03:30:44,514 [INFO] Capturing request: https://atomsportv508.top/cdn-cgi/rum?
2026-07-09 03:30:44,546 [INFO] Capturing request: https://atomsportv508.top/cdn-cgi/rum?
2026-07-09 03:30:44,622 [INFO] Capturing response: https://atomsportv508.top/cdn-cgi/rum? 204 
2026-07-09 03:30:44,641 [INFO] Capturing request: https://teletv5.top/load/yayinlink.php?id=tivibu-spor-2
2026-07-09 03:30:44,648 [INFO] Capturing request: https://atomsportv508.top/favicon.ico
2026-07-09 03:30:44,687 [INFO] Capturing response: https://atomsportv508.top/favicon.ico 200 
2026-07-09 03:30:44,695 [INFO] Capturing response: https://atomsportv508.top/cdn-cgi/rum? 204 
2026-07-09 03:30:44,803 [INFO] Capturing request: https://streamsport365.com/cinema
2026-07-09 03:30:44,846 [INFO] Capturing response: https://teletv5.top/load/yayinlink.php?id=tivibu-spor-2 200 
2026-07-09 03:30:45,163 [INFO] Capturing response: https://streamsport365.com/cinema 200 
2026-07-09 03:30:53,759 [INFO] 127.0.0.1:37846: HTTP/2 connection terminated by server: error code: 0, last stream id: 201, additional data: b'session_timed_out'
2026-07-09 03:30:54,105 [INFO] 127.0.0.1:37880: HTTP/2 connection terminated by server: error code: 0, last stream id: 201, additional data: b'session_timed_out'
2026-07-09 03:31:17,824 [WARNING]   ❌ Tivibu Spor 2 için M3U8 bulunamadı
2026-07-09 03:31:18,825 [INFO] 
[13/14]
2026-07-09 03:31:18,825 [INFO] 🔍 Tivibu Spor 3 → https://atomsportv508.top/matches?id=tivibu-spor-3
2026-07-09 03:31:18,934 [INFO] Capturing request: https://atomsportv508.top/assets/js/clappr.js
2026-07-09 03:31:18,936 [INFO] Capturing request: https://atomsportv508.top/matches?id=tivibu-spor-3
2026-07-09 03:31:18,952 [INFO] Capturing response: https://atomsportv508.top/assets/js/clappr.js 200 
2026-07-09 03:31:19,267 [INFO] Capturing response: https://atomsportv508.top/matches?id=tivibu-spor-3 200 
2026-07-09 03:31:19,277 [INFO] Capturing request: https://atomsportv508.top/cdn-cgi/rum?
2026-07-09 03:31:19,311 [INFO] Capturing request: https://atomsportv508.top/cdn-cgi/rum?
2026-07-09 03:31:19,408 [INFO] Capturing request: https://teletv5.top/load/yayinlink.php?id=tivibu-spor-3
2026-07-09 03:31:19,413 [INFO] Capturing request: https://atomsportv508.top/favicon.ico
2026-07-09 03:31:19,418 [INFO] Capturing response: https://atomsportv508.top/cdn-cgi/rum? 204 
2026-07-09 03:31:19,420 [INFO] Capturing response: https://atomsportv508.top/cdn-cgi/rum? 204 
2026-07-09 03:31:19,448 [INFO] Capturing response: https://atomsportv508.top/favicon.ico 200 
2026-07-09 03:31:19,561 [INFO] Capturing request: https://streamsport365.com/cinema
2026-07-09 03:31:19,621 [INFO] Capturing response: https://teletv5.top/load/yayinlink.php?id=tivibu-spor-3 200 
2026-07-09 03:31:19,918 [INFO] Capturing response: https://streamsport365.com/cinema 200 
2026-07-09 03:31:52,594 [WARNING]   ❌ Tivibu Spor 3 için M3U8 bulunamadı
2026-07-09 03:31:53,365 [INFO] 127.0.0.1:37850: HTTP/2 connection terminated by server: error code: 0, last stream id: 205, additional data: b'session_timed_out'
2026-07-09 03:31:53,594 [INFO] 
[14/14]
2026-07-09 03:31:53,594 [INFO] 🔍 Tivibu Spor 4 → https://atomsportv508.top/matches?id=tivibu-spor-4
2026-07-09 03:31:53,703 [INFO] Capturing request: https://atomsportv508.top/assets/js/clappr.js
2026-07-09 03:31:53,705 [INFO] Capturing request: https://atomsportv508.top/matches?id=tivibu-spor-4
2026-07-09 03:31:53,720 [INFO] Capturing response: https://atomsportv508.top/assets/js/clappr.js 200 
2026-07-09 03:31:54,029 [INFO] Capturing response: https://atomsportv508.top/matches?id=tivibu-spor-4 200 
2026-07-09 03:31:54,038 [INFO] Capturing request: https://atomsportv508.top/cdn-cgi/rum?
2026-07-09 03:31:54,072 [INFO] Capturing request: https://atomsportv508.top/cdn-cgi/rum?
2026-07-09 03:31:54,145 [INFO] Capturing response: https://atomsportv508.top/cdn-cgi/rum? 204 
2026-07-09 03:31:54,174 [INFO] Capturing request: https://atomsportv508.top/favicon.ico
2026-07-09 03:31:54,175 [INFO] Capturing request: https://teletv5.top/load/yayinlink.php?id=tivibu-spor-4
2026-07-09 03:31:54,212 [INFO] Capturing response: https://atomsportv508.top/favicon.ico 200 
2026-07-09 03:31:54,222 [INFO] Capturing response: https://atomsportv508.top/cdn-cgi/rum? 204 
2026-07-09 03:31:54,328 [INFO] Capturing request: https://streamsport365.com/cinema
2026-07-09 03:31:54,393 [INFO] Capturing response: https://teletv5.top/load/yayinlink.php?id=tivibu-spor-4 200 
2026-07-09 03:31:54,695 [INFO] Capturing response: https://streamsport365.com/cinema 200 
2026-07-09 03:32:27,363 [WARNING]   ❌ Tivibu Spor 4 için M3U8 bulunamadı
2026-07-09 03:32:28,432 [INFO] ✅ 5 kanal bulundu, playlist.m3u kaydedildi
