2026-05-10 23:55:20,337 [INFO] 🔎 Domain aralığı taranıyor: atomsportv490.top - atomsportv520.top
2026-05-10 23:55:24,312 [INFO]   ✅ Aktif domain bulundu: https://atomsportv503.top
2026-05-10 23:55:24,314 [INFO] 🌐 Kullanılan BASE_URL: https://atomsportv503.top
2026-05-10 23:55:24,314 [INFO] 🔗 Proxy Prefix: https://ronaldo.magnitude.workers.dev/?url=
2026-05-10 23:55:25,308 [INFO] ✅ SeleniumWire aktif
2026-05-10 23:55:25,309 [INFO] =======================================================
2026-05-10 23:55:25,309 [INFO]    M3U8 Scraper
2026-05-10 23:55:25,309 [INFO]    Base URL    : https://atomsportv503.top
2026-05-10 23:55:25,309 [INFO]    Proxy Prefix: https://ronaldo.magnitude.workers.dev/?url=
2026-05-10 23:55:25,309 [INFO]    Toplam      : 13 sayfa
2026-05-10 23:55:25,309 [INFO] =======================================================
2026-05-10 23:55:25,310 [INFO] 🔧 Driver başlatılıyor...
2026-05-10 23:55:26,061 [INFO] ✅ Driver başlatıldı
2026-05-10 23:55:26,061 [INFO] 
[1/13]
2026-05-10 23:55:26,062 [INFO] 
──────────────────────────────────────────────────
2026-05-10 23:55:26,062 [INFO] 🔍 beIN Sports 1 → https://atomsportv503.top/matches?id=bein-sports-1
2026-05-10 23:55:26,062 [INFO] ──────────────────────────────────────────────────
2026-05-10 23:55:58,299 [INFO]   📡 M3U8 bekleniyor (max 8s)...
2026-05-10 23:55:58,309 [INFO]   🎯 DOĞRU kanal bulundu: https://young-surf-88a9.pitpitvur.workers.dev/https://corestream.ronaldovurdu.help//hls/bein-sports-11.m3u8
2026-05-10 23:55:58,310 [INFO]   ✅ beIN Sports 1: https://young-surf-88a9.pitpitvur.workers.dev/https://corestream.ronaldovurdu.help//hls/bein-sports-11.m3u8
2026-05-10 23:55:59,311 [INFO] 
[2/13]
2026-05-10 23:55:59,311 [INFO] 
──────────────────────────────────────────────────
2026-05-10 23:55:59,311 [INFO] 🔍 beIN Sports 2 → https://atomsportv503.top/matches?id=bein-sports-2
2026-05-10 23:55:59,311 [INFO] ──────────────────────────────────────────────────
2026-05-10 23:56:31,398 [INFO]   📡 M3U8 bekleniyor (max 8s)...
2026-05-10 23:56:31,407 [INFO]   🎯 DOĞRU kanal bulundu: https://young-surf-88a9.pitpitvur.workers.dev/https://corestream.ronaldovurdu.help//hls/bein-sports-2.m3u8
2026-05-10 23:56:31,409 [INFO]   ✅ beIN Sports 2: https://young-surf-88a9.pitpitvur.workers.dev/https://corestream.ronaldovurdu.help//hls/bein-sports-2.m3u8
2026-05-10 23:56:32,409 [INFO] 
[3/13]
2026-05-10 23:56:32,409 [INFO] 
──────────────────────────────────────────────────
2026-05-10 23:56:32,409 [INFO] 🔍 beIN Sports 3 → https://atomsportv503.top/matches?id=bein-sports-3
2026-05-10 23:56:32,409 [INFO] ──────────────────────────────────────────────────
2026-05-10 23:57:04,307 [INFO]   📡 M3U8 bekleniyor (max 8s)...
2026-05-10 23:57:04,317 [INFO]   🎯 DOĞRU kanal bulundu: https://young-surf-88a9.pitpitvur.workers.dev/https://corestream.ronaldovurdu.help//hls/bein-sports-3.m3u8
2026-05-10 23:57:04,318 [INFO]   ✅ beIN Sports 3: https://young-surf-88a9.pitpitvur.workers.dev/https://corestream.ronaldovurdu.help//hls/bein-sports-3.m3u8
2026-05-10 23:57:05,318 [INFO] 
[4/13]
2026-05-10 23:57:05,318 [INFO] 
──────────────────────────────────────────────────
2026-05-10 23:57:05,318 [INFO] 🔍 beIN Sports 4 → https://atomsportv503.top/matches?id=bein-sports-4
2026-05-10 23:57:05,318 [INFO] ──────────────────────────────────────────────────
2026-05-10 23:57:37,142 [INFO]   📡 M3U8 bekleniyor (max 8s)...
2026-05-10 23:57:37,151 [INFO]   🎯 DOĞRU kanal bulundu: https://young-surf-88a9.pitpitvur.workers.dev/https://corestream.ronaldovurdu.help//hls/bein-sports-4.m3u8
2026-05-10 23:57:37,152 [INFO]   ✅ beIN Sports 4: https://young-surf-88a9.pitpitvur.workers.dev/https://corestream.ronaldovurdu.help//hls/bein-sports-4.m3u8
2026-05-10 23:57:38,152 [INFO] 
[5/13]
2026-05-10 23:57:38,152 [INFO] 
──────────────────────────────────────────────────
2026-05-10 23:57:38,152 [INFO] 🔍 beIN Sports 5 → https://atomsportv503.top/matches?id=bein-sports-5
2026-05-10 23:57:38,152 [INFO] ──────────────────────────────────────────────────
2026-05-10 23:58:09,995 [INFO]   📡 M3U8 bekleniyor (max 8s)...
2026-05-10 23:58:10,003 [INFO]   🎯 DOĞRU kanal bulundu: https://young-surf-88a9.pitpitvur.workers.dev/https://corestream.ronaldovurdu.help//hls/bein-sports-5.m3u8
2026-05-10 23:58:10,004 [INFO]   ✅ beIN Sports 5: https://young-surf-88a9.pitpitvur.workers.dev/https://corestream.ronaldovurdu.help//hls/bein-sports-5.m3u8
2026-05-10 23:58:11,004 [INFO] 
[6/13]
2026-05-10 23:58:11,004 [INFO] 
──────────────────────────────────────────────────
2026-05-10 23:58:11,004 [INFO] 🔍 beIN Sports Max 1 → https://atomsportv503.top/matches?id=bein-sports-max-1
2026-05-10 23:58:11,004 [INFO] ──────────────────────────────────────────────────
2026-05-10 23:58:42,806 [INFO]   📡 M3U8 bekleniyor (max 8s)...
2026-05-10 23:58:50,824 [INFO]   ❌ beIN Sports Max 1: M3U8 bulunamadı
2026-05-10 23:58:51,824 [INFO] 
[7/13]
2026-05-10 23:58:51,824 [INFO] 
──────────────────────────────────────────────────
2026-05-10 23:58:51,824 [INFO] 🔍 beIN Sports Max 2 → https://atomsportv503.top/matches?id=bein-sports-max-2
2026-05-10 23:58:51,824 [INFO] ──────────────────────────────────────────────────
2026-05-10 23:59:23,617 [INFO]   📡 M3U8 bekleniyor (max 8s)...
2026-05-10 23:59:23,618 [INFO]   🎯 DOĞRU kanal bulundu: https://young-surf-88a9.pitpitvur.workers.dev/https://corestream.ronaldovurdu.help//hls/bein-sports-max-2.m3u8
2026-05-10 23:59:23,618 [INFO]   ✅ beIN Sports Max 2: https://young-surf-88a9.pitpitvur.workers.dev/https://corestream.ronaldovurdu.help//hls/bein-sports-max-2.m3u8
2026-05-10 23:59:24,618 [INFO] 
[8/13]
2026-05-10 23:59:24,618 [INFO] 
──────────────────────────────────────────────────
2026-05-10 23:59:24,618 [INFO] 🔍 S Sport → https://atomsportv503.top/matches?id=s-sport
2026-05-10 23:59:24,618 [INFO] ──────────────────────────────────────────────────
2026-05-10 23:59:56,453 [INFO]   📡 M3U8 bekleniyor (max 8s)...
2026-05-10 23:59:56,463 [INFO]   🎯 DOĞRU kanal bulundu: https://young-surf-88a9.pitpitvur.workers.dev/https://corestream.ronaldovurdu.help//hls/s-sport.m3u8
2026-05-10 23:59:56,464 [INFO]   ✅ S Sport: https://young-surf-88a9.pitpitvur.workers.dev/https://corestream.ronaldovurdu.help//hls/s-sport.m3u8
2026-05-10 23:59:57,464 [INFO] 
[9/13]
2026-05-10 23:59:57,464 [INFO] 
──────────────────────────────────────────────────
2026-05-10 23:59:57,465 [INFO] 🔍 S Sport 2 → https://atomsportv503.top/matches?id=s-sport-2
2026-05-10 23:59:57,465 [INFO] ──────────────────────────────────────────────────
2026-05-11 00:00:29,294 [INFO]   📡 M3U8 bekleniyor (max 8s)...
2026-05-11 00:00:29,298 [INFO]   🎯 DOĞRU kanal bulundu: https://young-surf-88a9.pitpitvur.workers.dev/https://corestream.ronaldovurdu.help//hls/s-sport-2.m3u8
2026-05-11 00:00:29,298 [INFO]   ✅ S Sport 2: https://young-surf-88a9.pitpitvur.workers.dev/https://corestream.ronaldovurdu.help//hls/s-sport-2.m3u8
2026-05-11 00:00:30,298 [INFO] 
[10/13]
2026-05-11 00:00:30,298 [INFO] 
──────────────────────────────────────────────────
2026-05-11 00:00:30,298 [INFO] 🔍 Tivibu Spor 1 → https://atomsportv503.top/matches?id=tivibu-spor-1
2026-05-11 00:00:30,298 [INFO] ──────────────────────────────────────────────────
2026-05-11 00:01:02,140 [INFO]   📡 M3U8 bekleniyor (max 8s)...
2026-05-11 00:01:10,151 [INFO]   ❌ Tivibu Spor 1: M3U8 bulunamadı
2026-05-11 00:01:11,152 [INFO] 
[11/13]
2026-05-11 00:01:11,152 [INFO] 
──────────────────────────────────────────────────
2026-05-11 00:01:11,152 [INFO] 🔍 Tivibu Spor 2 → https://atomsportv503.top/matches?id=tivibu-spor-2
2026-05-11 00:01:11,152 [INFO] ──────────────────────────────────────────────────
2026-05-11 00:01:42,960 [INFO]   📡 M3U8 bekleniyor (max 8s)...
2026-05-11 00:01:50,972 [INFO]   ❌ Tivibu Spor 2: M3U8 bulunamadı
2026-05-11 00:01:51,972 [INFO] 
[12/13]
2026-05-11 00:01:51,972 [INFO] 
──────────────────────────────────────────────────
2026-05-11 00:01:51,972 [INFO] 🔍 Tivibu Spor 3 → https://atomsportv503.top/matches?id=tivibu-spor-3
2026-05-11 00:01:51,972 [INFO] ──────────────────────────────────────────────────
2026-05-11 00:02:23,808 [INFO]   📡 M3U8 bekleniyor (max 8s)...
2026-05-11 00:02:31,820 [INFO]   ❌ Tivibu Spor 3: M3U8 bulunamadı
2026-05-11 00:02:32,820 [INFO] 
[13/13]
2026-05-11 00:02:32,820 [INFO] 
──────────────────────────────────────────────────
2026-05-11 00:02:32,820 [INFO] 🔍 Tivibu Spor 4 → https://atomsportv503.top/matches?id=tivibu-spor-4
2026-05-11 00:02:32,820 [INFO] ──────────────────────────────────────────────────
2026-05-11 00:03:04,618 [INFO]   📡 M3U8 bekleniyor (max 8s)...
2026-05-11 00:03:12,629 [INFO]   ❌ Tivibu Spor 4: M3U8 bulunamadı
2026-05-11 00:03:13,695 [INFO] 🔒 Driver kapatıldı
2026-05-11 00:03:13,695 [INFO] 
=======================================================
2026-05-11 00:03:13,695 [INFO] 🏁 Tamamlandı!
2026-05-11 00:03:13,695 [INFO] 📺 Kanal : 8/13
2026-05-11 00:03:13,695 [INFO] ⏱️  Süre  : 468.4s
2026-05-11 00:03:13,695 [INFO] =======================================================
2026-05-11 00:03:13,695 [INFO] ✅ playlist.m3u kaydedildi (proxy prefix'li)
2026-05-11 00:03:13,696 [INFO] ✅ stats.json kaydedildi
