2026-04-16 22:44:04,632 [INFO] 🔎 Domain aralığı taranıyor: atomsportv490.top - atomsportv520.top
2026-04-16 22:44:06,033 [INFO]   ✅ Aktif domain bulundu: https://atomsportv497.top
2026-04-16 22:44:06,035 [INFO] 🌐 Kullanılan BASE_URL: https://atomsportv497.top
2026-04-16 22:44:08,389 [INFO] ✅ SeleniumWire aktif
2026-04-16 22:44:08,391 [INFO] =======================================================
2026-04-16 22:44:08,391 [INFO]    M3U8 Scraper
2026-04-16 22:44:08,391 [INFO]    Base URL : https://atomsportv497.top
2026-04-16 22:44:08,391 [INFO]    Toplam   : 13 sayfa
2026-04-16 22:44:08,391 [INFO] =======================================================
2026-04-16 22:44:08,391 [INFO] 🔧 Driver başlatılıyor...
2026-04-16 22:44:09,161 [INFO] ✅ Driver başlatıldı
2026-04-16 22:44:09,161 [INFO] 
[1/13]
2026-04-16 22:44:09,161 [INFO] 
──────────────────────────────────────────────────
2026-04-16 22:44:09,161 [INFO] 🔍 beIN Sports 1 → https://atomsportv497.top/matches?id=bein-sports-1
2026-04-16 22:44:09,161 [INFO] ──────────────────────────────────────────────────
2026-04-16 22:44:41,551 [INFO]   📡 M3U8 bekleniyor (max 8s)...
2026-04-16 22:44:41,563 [INFO]   🎯 DOĞRU kanal bulundu: https://hlsssssss.amgtmeme.workers.dev/https://corestream.ronaldovurdu.help//hls/bein-sports-11.m3u8
2026-04-16 22:44:41,564 [INFO]   ✅ beIN Sports 1: https://hlsssssss.amgtmeme.workers.dev/https://corestream.ronaldovurdu.help//hls/bein-sports-11.m3u8
2026-04-16 22:44:42,565 [INFO] 
[2/13]
2026-04-16 22:44:42,565 [INFO] 
──────────────────────────────────────────────────
2026-04-16 22:44:42,565 [INFO] 🔍 beIN Sports 2 → https://atomsportv497.top/matches?id=bein-sports-2
2026-04-16 22:44:42,565 [INFO] ──────────────────────────────────────────────────
2026-04-16 22:45:14,698 [INFO]   📡 M3U8 bekleniyor (max 8s)...
2026-04-16 22:45:14,700 [INFO]   🎯 DOĞRU kanal bulundu: https://hlsssssss.amgtmeme.workers.dev/https://corestream.ronaldovurdu.help//hls/bein-sports-2.m3u8
2026-04-16 22:45:14,700 [INFO]   ✅ beIN Sports 2: https://hlsssssss.amgtmeme.workers.dev/https://corestream.ronaldovurdu.help//hls/bein-sports-2.m3u8
2026-04-16 22:45:15,700 [INFO] 
[3/13]
2026-04-16 22:45:15,700 [INFO] 
──────────────────────────────────────────────────
2026-04-16 22:45:15,700 [INFO] 🔍 beIN Sports 3 → https://atomsportv497.top/matches?id=bein-sports-3
2026-04-16 22:45:15,700 [INFO] ──────────────────────────────────────────────────
2026-04-16 22:45:48,348 [INFO]   📡 M3U8 bekleniyor (max 8s)...
2026-04-16 22:45:48,349 [INFO]   🎯 DOĞRU kanal bulundu: https://hlsssssss.amgtmeme.workers.dev/https://corestream.ronaldovurdu.help//hls/bein-sports-3.m3u8
2026-04-16 22:45:48,349 [INFO]   ✅ beIN Sports 3: https://hlsssssss.amgtmeme.workers.dev/https://corestream.ronaldovurdu.help//hls/bein-sports-3.m3u8
2026-04-16 22:45:49,349 [INFO] 
[4/13]
2026-04-16 22:45:49,349 [INFO] 
──────────────────────────────────────────────────
2026-04-16 22:45:49,349 [INFO] 🔍 beIN Sports 4 → https://atomsportv497.top/matches?id=bein-sports-4
2026-04-16 22:45:49,349 [INFO] ──────────────────────────────────────────────────
2026-04-16 22:46:21,200 [INFO]   📡 M3U8 bekleniyor (max 8s)...
2026-04-16 22:46:21,200 [INFO]   🎯 DOĞRU kanal bulundu: https://hlsssssss.amgtmeme.workers.dev/https://corestream.ronaldovurdu.help//hls/bein-sports-4.m3u8
2026-04-16 22:46:21,200 [INFO]   ✅ beIN Sports 4: https://hlsssssss.amgtmeme.workers.dev/https://corestream.ronaldovurdu.help//hls/bein-sports-4.m3u8
2026-04-16 22:46:22,201 [INFO] 
[5/13]
2026-04-16 22:46:22,201 [INFO] 
──────────────────────────────────────────────────
2026-04-16 22:46:22,201 [INFO] 🔍 beIN Sports 5 → https://atomsportv497.top/matches?id=bein-sports-5
2026-04-16 22:46:22,201 [INFO] ──────────────────────────────────────────────────
2026-04-16 22:46:54,088 [INFO]   📡 M3U8 bekleniyor (max 8s)...
2026-04-16 22:46:54,089 [INFO]   🎯 DOĞRU kanal bulundu: https://hlsssssss.amgtmeme.workers.dev/https://corestream.ronaldovurdu.help//hls/bein-sports-5.m3u8
2026-04-16 22:46:54,089 [INFO]   ✅ beIN Sports 5: https://hlsssssss.amgtmeme.workers.dev/https://corestream.ronaldovurdu.help//hls/bein-sports-5.m3u8
2026-04-16 22:46:55,089 [INFO] 
[6/13]
2026-04-16 22:46:55,089 [INFO] 
──────────────────────────────────────────────────
2026-04-16 22:46:55,089 [INFO] 🔍 beIN Sports Max 1 → https://atomsportv497.top/matches?id=bein-sports-max-1
2026-04-16 22:46:55,089 [INFO] ──────────────────────────────────────────────────
2026-04-16 22:47:27,051 [INFO]   📡 M3U8 bekleniyor (max 8s)...
2026-04-16 22:47:27,052 [INFO]   🎯 DOĞRU kanal bulundu: https://hlsssssss.amgtmeme.workers.dev/https://corestream.ronaldovurdu.help//hls/bein-sports-max-1.m3u8
2026-04-16 22:47:27,052 [INFO]   ✅ beIN Sports Max 1: https://hlsssssss.amgtmeme.workers.dev/https://corestream.ronaldovurdu.help//hls/bein-sports-max-1.m3u8
2026-04-16 22:47:28,052 [INFO] 
[7/13]
2026-04-16 22:47:28,052 [INFO] 
──────────────────────────────────────────────────
2026-04-16 22:47:28,052 [INFO] 🔍 beIN Sports Max 2 → https://atomsportv497.top/matches?id=bein-sports-max-2
2026-04-16 22:47:28,052 [INFO] ──────────────────────────────────────────────────
2026-04-16 22:48:00,134 [INFO]   📡 M3U8 bekleniyor (max 8s)...
2026-04-16 22:48:00,135 [INFO]   🎯 DOĞRU kanal bulundu: https://hlsssssss.amgtmeme.workers.dev/https://corestream.ronaldovurdu.help//hls/bein-sports-max-2.m3u8
2026-04-16 22:48:00,135 [INFO]   ✅ beIN Sports Max 2: https://hlsssssss.amgtmeme.workers.dev/https://corestream.ronaldovurdu.help//hls/bein-sports-max-2.m3u8
2026-04-16 22:48:01,136 [INFO] 
[8/13]
2026-04-16 22:48:01,136 [INFO] 
──────────────────────────────────────────────────
2026-04-16 22:48:01,136 [INFO] 🔍 S Sport → https://atomsportv497.top/matches?id=s-sport
2026-04-16 22:48:01,136 [INFO] ──────────────────────────────────────────────────
2026-04-16 22:48:33,298 [INFO]   📡 M3U8 bekleniyor (max 8s)...
2026-04-16 22:48:33,352 [INFO]   🎯 DOĞRU kanal bulundu: https://hlsssssss.amgtmeme.workers.dev/https://corestream.ronaldovurdu.help//hls/s-sport.m3u8
2026-04-16 22:48:33,353 [INFO]   ✅ S Sport: https://hlsssssss.amgtmeme.workers.dev/https://corestream.ronaldovurdu.help//hls/s-sport.m3u8
2026-04-16 22:48:34,353 [INFO] 
[9/13]
2026-04-16 22:48:34,353 [INFO] 
──────────────────────────────────────────────────
2026-04-16 22:48:34,353 [INFO] 🔍 S Sport 2 → https://atomsportv497.top/matches?id=s-sport-2
2026-04-16 22:48:34,353 [INFO] ──────────────────────────────────────────────────
2026-04-16 22:49:06,264 [INFO]   📡 M3U8 bekleniyor (max 8s)...
2026-04-16 22:49:06,273 [INFO]   🎯 DOĞRU kanal bulundu: https://hlsssssss.amgtmeme.workers.dev/https://corestream.ronaldovurdu.help//hls/s-sport-2.m3u8
2026-04-16 22:49:06,274 [INFO]   ✅ S Sport 2: https://hlsssssss.amgtmeme.workers.dev/https://corestream.ronaldovurdu.help//hls/s-sport-2.m3u8
2026-04-16 22:49:07,274 [INFO] 
[10/13]
2026-04-16 22:49:07,274 [INFO] 
──────────────────────────────────────────────────
2026-04-16 22:49:07,274 [INFO] 🔍 Tivibu Spor 1 → https://atomsportv497.top/matches?id=tivibu-spor-1
2026-04-16 22:49:07,274 [INFO] ──────────────────────────────────────────────────
2026-04-16 22:49:39,169 [INFO]   📡 M3U8 bekleniyor (max 8s)...
2026-04-16 22:49:39,170 [INFO]   🎯 DOĞRU kanal bulundu: https://hlsssssss.amgtmeme.workers.dev/https://corestream.ronaldovurdu.help//hls/tivibu-spor-1.m3u8
2026-04-16 22:49:39,170 [INFO]   ✅ Tivibu Spor 1: https://hlsssssss.amgtmeme.workers.dev/https://corestream.ronaldovurdu.help//hls/tivibu-spor-1.m3u8
2026-04-16 22:49:40,170 [INFO] 
[11/13]
2026-04-16 22:49:40,171 [INFO] 
──────────────────────────────────────────────────
2026-04-16 22:49:40,171 [INFO] 🔍 Tivibu Spor 2 → https://atomsportv497.top/matches?id=tivibu-spor-2
2026-04-16 22:49:40,171 [INFO] ──────────────────────────────────────────────────
2026-04-16 22:50:12,097 [INFO]   📡 M3U8 bekleniyor (max 8s)...
2026-04-16 22:50:12,098 [INFO]   🎯 DOĞRU kanal bulundu: https://hlsssssss.amgtmeme.workers.dev/https://corestream.ronaldovurdu.help//hls/tivibu-spor-2.m3u8
2026-04-16 22:50:12,098 [INFO]   ✅ Tivibu Spor 2: https://hlsssssss.amgtmeme.workers.dev/https://corestream.ronaldovurdu.help//hls/tivibu-spor-2.m3u8
2026-04-16 22:50:13,099 [INFO] 
[12/13]
2026-04-16 22:50:13,099 [INFO] 
──────────────────────────────────────────────────
2026-04-16 22:50:13,099 [INFO] 🔍 Tivibu Spor 3 → https://atomsportv497.top/matches?id=tivibu-spor-3
2026-04-16 22:50:13,099 [INFO] ──────────────────────────────────────────────────
2026-04-16 22:50:45,041 [INFO]   📡 M3U8 bekleniyor (max 8s)...
2026-04-16 22:50:45,042 [INFO]   🎯 DOĞRU kanal bulundu: https://hlsssssss.amgtmeme.workers.dev/https://corestream.ronaldovurdu.help//hls/tivibu-spor-3.m3u8
2026-04-16 22:50:45,042 [INFO]   ✅ Tivibu Spor 3: https://hlsssssss.amgtmeme.workers.dev/https://corestream.ronaldovurdu.help//hls/tivibu-spor-3.m3u8
2026-04-16 22:50:46,042 [INFO] 
[13/13]
2026-04-16 22:50:46,042 [INFO] 
──────────────────────────────────────────────────
2026-04-16 22:50:46,042 [INFO] 🔍 Tivibu Spor 4 → https://atomsportv497.top/matches?id=tivibu-spor-4
2026-04-16 22:50:46,042 [INFO] ──────────────────────────────────────────────────
2026-04-16 22:51:18,003 [INFO]   📡 M3U8 bekleniyor (max 8s)...
2026-04-16 22:51:26,015 [INFO]   ❌ Tivibu Spor 4: M3U8 bulunamadı
2026-04-16 22:51:27,078 [INFO] 🔒 Driver kapatıldı
2026-04-16 22:51:27,078 [INFO] 
=======================================================
2026-04-16 22:51:27,078 [INFO] 🏁 Tamamlandı!
2026-04-16 22:51:27,078 [INFO] 📺 Kanal : 12/13
2026-04-16 22:51:27,078 [INFO] ⏱️  Süre  : 438.7s
2026-04-16 22:51:27,078 [INFO] =======================================================
2026-04-16 22:51:27,078 [INFO] ✅ playlist.m3u kaydedildi
2026-04-16 22:51:27,078 [INFO] ✅ stats.json kaydedildi
