2026-07-20 22:01:20,411 [INFO] 🌐 BASE_URL: https://atomsportv510.top
2026-07-20 22:01:21,375 [INFO] Başlanıyor... 14 kanal taranacak
2026-07-20 22:01:21,375 [INFO] Using default request storage
2026-07-20 22:01:21,380 [INFO] Created proxy listening on 127.0.0.1:37943
2026-07-20 22:01:22,075 [INFO] Capturing request: http://clients2.google.com/time/1/current?cup2key=10:1fwF_eFaxcBFioJESryPSI-g9MGrdCTWO5qo0R0VuUQ&cup2hreq=e3b0c44298fc1c149afbf4c8996fb92427ae41e4649b934ca495991b7852b855
2026-07-20 22:01:22,180 [INFO] Capturing response: http://clients2.google.com/time/1/current?cup2key=10:1fwF_eFaxcBFioJESryPSI-g9MGrdCTWO5qo0R0VuUQ&cup2hreq=e3b0c44298fc1c149afbf4c8996fb92427ae41e4649b934ca495991b7852b855 200 OK
2026-07-20 22:01:22,291 [INFO] 
[1/14]
2026-07-20 22:01:22,292 [INFO] 🔍 beIN Sports 1 → https://atomsportv510.top/matches?id=bein-sports-1
2026-07-20 22:01:22,402 [INFO] Capturing request: https://update.googleapis.com/service/update2/json?cup2key=16:tDjOswyHg4Y0UQdnt-1Wo6Iruxt0YqchuoHpFbKdrFo&cup2hreq=8aed99f6fc0bcf683b5385658a621da63964d782c0e21c00120593942e4f756e
2026-07-20 22:01:22,408 [INFO] Capturing request: https://accounts.google.com/ListAccounts?gpsia=1&source=ChromiumBrowser&json=standard&laf=b64bin
2026-07-20 22:01:22,485 [INFO] Capturing response: https://update.googleapis.com/service/update2/json?cup2key=16:tDjOswyHg4Y0UQdnt-1Wo6Iruxt0YqchuoHpFbKdrFo&cup2hreq=8aed99f6fc0bcf683b5385658a621da63964d782c0e21c00120593942e4f756e 200 
2026-07-20 22:01:22,497 [INFO] Capturing request: https://www.google.com/async/folae?async=_fmt:pb&udm=50&client_locale=en-US&client_country=ZZ
2026-07-20 22:01:22,507 [INFO] Capturing response: https://accounts.google.com/ListAccounts?gpsia=1&source=ChromiumBrowser&json=standard&laf=b64bin 200 
2026-07-20 22:01:22,534 [INFO] Capturing request: https://atomsportv510.top/matches?id=bein-sports-1
2026-07-20 22:01:22,536 [INFO] Capturing request: https://update.googleapis.com/service/update2/json?cup2key=16:2rkrJyDUg1uwZgbRYSsl6T1f0MaPiUqpbIkUbz471kc&cup2hreq=77be6f079e360824bd3a0c9207ec602c447c9e9426363524ae3be75b7f11d058
2026-07-20 22:01:22,539 [INFO] Capturing response: https://www.google.com/async/folae?async=_fmt:pb&udm=50&client_locale=en-US&client_country=ZZ 200 
2026-07-20 22:01:22,595 [INFO] Capturing response: https://update.googleapis.com/service/update2/json?cup2key=16:2rkrJyDUg1uwZgbRYSsl6T1f0MaPiUqpbIkUbz471kc&cup2hreq=77be6f079e360824bd3a0c9207ec602c447c9e9426363524ae3be75b7f11d058 200 
2026-07-20 22:01:22,626 [INFO] Capturing response: https://atomsportv510.top/matches?id=bein-sports-1 200 
2026-07-20 22:01:22,655 [INFO] Capturing request: https://update.googleapis.com/service/update2/json?cup2key=16:l1SmRyIvvl-T_g09aBFgrv6PZoS-jL28-Hql3jIXwK8&cup2hreq=0acd17e0c84acf7afcff45be0097505d104e5722f59ccca144fc529cc7851b7a
2026-07-20 22:01:22,714 [INFO] Capturing response: https://update.googleapis.com/service/update2/json?cup2key=16:l1SmRyIvvl-T_g09aBFgrv6PZoS-jL28-Hql3jIXwK8&cup2hreq=0acd17e0c84acf7afcff45be0097505d104e5722f59ccca144fc529cc7851b7a 200 
2026-07-20 22:01:22,757 [INFO] Capturing request: https://www.google.com/async/folae?async=_fmt:pb&udm=50&client_locale=en-US&client_country=ZZ
2026-07-20 22:01:22,780 [INFO] Capturing request: https://atomsportv510.top/assets/js/clappr.js
2026-07-20 22:01:22,797 [INFO] Capturing response: https://www.google.com/async/folae?async=_fmt:pb&udm=50&client_locale=en-US&client_country=ZZ 200 
2026-07-20 22:01:22,859 [INFO] Capturing response: https://atomsportv510.top/assets/js/clappr.js 200 
2026-07-20 22:01:22,879 [INFO] Capturing request: https://cdnjs.cloudflare.com/ajax/libs/jquery/3.2.1/jquery.min.js
2026-07-20 22:01:22,910 [INFO] Capturing request: https://cdn.jsdelivr.net/npm/@clappr/player@latest/dist/clappr.min.js
2026-07-20 22:01:22,985 [INFO] Capturing response: https://cdnjs.cloudflare.com/ajax/libs/jquery/3.2.1/jquery.min.js 200 
2026-07-20 22:01:23,033 [INFO] Capturing response: https://cdn.jsdelivr.net/npm/@clappr/player@latest/dist/clappr.min.js 200 
2026-07-20 22:01:23,243 [INFO] Capturing request: https://atomsportv510.top/favicon.ico
2026-07-20 22:01:23,332 [INFO] Capturing response: https://atomsportv510.top/favicon.ico 200 
2026-07-20 22:01:23,397 [INFO] Capturing request: https://teletv5.top/load/yayinlink.php?id=bein-sports-1
2026-07-20 22:01:23,838 [INFO] Capturing request: https://streamsport365.com/cinema
2026-07-20 22:01:23,842 [INFO] Capturing response: https://teletv5.top/load/yayinlink.php?id=bein-sports-1 200 
2026-07-20 22:01:24,147 [INFO] Capturing response: https://streamsport365.com/cinema 200 
2026-07-20 22:01:24,279 [INFO] Capturing request: https://atomsportv510.top/assets/img/player_logo_6880e4e4c52ee.png
2026-07-20 22:01:24,407 [INFO] Capturing response: https://atomsportv510.top/assets/img/player_logo_6880e4e4c52ee.png 200 
2026-07-20 22:01:24,414 [INFO] Capturing request: https://tv-trt1.medya.trt.com.tr/master_720.m3u8
2026-07-20 22:01:24,438 [INFO] Capturing response: https://tv-trt1.medya.trt.com.tr/master_720.m3u8 403 Forbidden
2026-07-20 22:01:25,049 [INFO] Capturing request: https://android.clients.google.com/checkin
2026-07-20 22:01:25,158 [INFO] Capturing response: https://android.clients.google.com/checkin 200 
2026-07-20 22:01:25,209 [INFO] Capturing request: https://android.clients.google.com/c2dm/register3
2026-07-20 22:01:25,212 [INFO] Capturing request: https://android.clients.google.com/c2dm/register3
2026-07-20 22:01:25,213 [INFO] Capturing request: https://android.clients.google.com/c2dm/register3
2026-07-20 22:01:25,275 [INFO] Capturing response: https://android.clients.google.com/c2dm/register3 301 
2026-07-20 22:01:26,080 [INFO] Capturing response: https://android.clients.google.com/c2dm/register3 200 
2026-07-20 22:01:26,168 [INFO]   ✅ M3U8 bulundu: https://tv-trt1.medya.trt.com.tr/master_720.m3u8
2026-07-20 22:01:26,301 [INFO] Capturing response: https://android.clients.google.com/c2dm/register3 200 
2026-07-20 22:01:27,168 [INFO] 
[2/14]
2026-07-20 22:01:27,168 [INFO] 🔍 beIN Sports 2 → https://atomsportv510.top/matches?id=bein-sports-2
2026-07-20 22:01:27,278 [INFO] Capturing request: https://atomsportv510.top/matches?id=bein-sports-2
2026-07-20 22:01:27,348 [INFO] Capturing response: https://atomsportv510.top/matches?id=bein-sports-2 200 
2026-07-20 22:01:27,390 [INFO] Capturing request: https://streamsport365.com/cinema
2026-07-20 22:01:27,488 [INFO] Capturing request: https://teletv5.top/load/yayinlink.php?id=bein-sports-2
2026-07-20 22:01:27,492 [INFO] Capturing request: https://atomsportv510.top/favicon.ico
2026-07-20 22:01:27,544 [INFO] Capturing response: https://atomsportv510.top/favicon.ico 200 
2026-07-20 22:01:27,709 [INFO] Capturing response: https://streamsport365.com/cinema 200 
2026-07-20 22:01:27,902 [INFO] Capturing response: https://teletv5.top/load/yayinlink.php?id=bein-sports-2 200 
2026-07-20 22:01:28,137 [INFO] Capturing request: https://hlshd.korcanturkmen418.workers.dev/https://corestream.corestreamvip.mom//bein2/tracks-v1a1/mono.m3u8
2026-07-20 22:01:28,264 [INFO] Capturing response: https://hlshd.korcanturkmen418.workers.dev/https://corestream.corestreamvip.mom//bein2/tracks-v1a1/mono.m3u8 403 
2026-07-20 22:01:30,405 [INFO]   ✅ M3U8 bulundu: https://hlshd.korcanturkmen418.workers.dev/https://corestream.corestreamvip.mom//bein2/tracks-v1a1/mono.m3u8
2026-07-20 22:01:31,405 [INFO] 
[3/14]
2026-07-20 22:01:31,405 [INFO] 🔍 beIN Sports 3 → https://atomsportv510.top/matches?id=bein-sports-3
2026-07-20 22:01:31,514 [INFO] Capturing request: https://atomsportv510.top/assets/js/clappr.js
2026-07-20 22:01:31,515 [INFO] Capturing request: https://atomsportv510.top/matches?id=bein-sports-3
2026-07-20 22:01:31,554 [INFO] Capturing response: https://atomsportv510.top/assets/js/clappr.js 200 
2026-07-20 22:01:31,602 [INFO] Capturing response: https://atomsportv510.top/matches?id=bein-sports-3 200 
2026-07-20 22:01:31,733 [INFO] Capturing request: https://atomsportv510.top/favicon.ico
2026-07-20 22:01:31,734 [INFO] Capturing request: https://teletv5.top/load/yayinlink.php?id=bein-sports-3
2026-07-20 22:01:31,789 [INFO] Capturing response: https://atomsportv510.top/favicon.ico 200 
2026-07-20 22:01:31,866 [INFO] Capturing request: https://streamsport365.com/cinema
2026-07-20 22:01:31,952 [INFO] Capturing response: https://teletv5.top/load/yayinlink.php?id=bein-sports-3 200 
2026-07-20 22:01:32,179 [INFO] Capturing response: https://streamsport365.com/cinema 200 
2026-07-20 22:01:32,298 [INFO] Capturing request: https://hlshd.korcanturkmen418.workers.dev/https://corestream.corestreamvip.mom//trtspor/tracks-v1a1/mono.m3u8
2026-07-20 22:01:32,345 [INFO] Capturing response: https://hlshd.korcanturkmen418.workers.dev/https://corestream.corestreamvip.mom//trtspor/tracks-v1a1/mono.m3u8 403 
2026-07-20 22:01:34,644 [INFO]   ✅ M3U8 bulundu: https://hlshd.korcanturkmen418.workers.dev/https://corestream.corestreamvip.mom//trtspor/tracks-v1a1/mono.m3u8
2026-07-20 22:01:35,645 [INFO] 
[4/14]
2026-07-20 22:01:35,645 [INFO] 🔍 beIN Sports 4 → https://atomsportv510.top/matches?id=bein-sports-4
2026-07-20 22:01:35,754 [INFO] Capturing request: https://atomsportv510.top/assets/js/clappr.js
2026-07-20 22:01:35,756 [INFO] Capturing request: https://atomsportv510.top/matches?id=bein-sports-4
2026-07-20 22:01:35,791 [INFO] Capturing response: https://atomsportv510.top/assets/js/clappr.js 200 
2026-07-20 22:01:35,848 [INFO] Capturing response: https://atomsportv510.top/matches?id=bein-sports-4 200 
2026-07-20 22:01:35,909 [INFO] Capturing request: https://streamsport365.com/cinema
2026-07-20 22:01:36,010 [INFO] Capturing request: https://atomsportv510.top/favicon.ico
2026-07-20 22:01:36,010 [INFO] Capturing request: https://teletv5.top/load/yayinlink.php?id=bein-sports-4
2026-07-20 22:01:36,066 [INFO] Capturing response: https://atomsportv510.top/favicon.ico 200 
2026-07-20 22:01:36,226 [INFO] Capturing response: https://streamsport365.com/cinema 200 
2026-07-20 22:01:36,228 [INFO] Capturing response: https://teletv5.top/load/yayinlink.php?id=bein-sports-4 200 
2026-07-20 22:01:36,389 [INFO] Capturing request: https://hlshd.korcanturkmen418.workers.dev/https://corestream.corestreamvip.mom//bein2/tracks-v1a1/mono.m3u8
2026-07-20 22:01:36,435 [INFO] Capturing response: https://hlshd.korcanturkmen418.workers.dev/https://corestream.corestreamvip.mom//bein2/tracks-v1a1/mono.m3u8 403 
2026-07-20 22:01:38,921 [INFO]   ✅ M3U8 bulundu: https://hlshd.korcanturkmen418.workers.dev/https://corestream.corestreamvip.mom//bein2/tracks-v1a1/mono.m3u8
2026-07-20 22:01:39,921 [INFO] 
[5/14]
2026-07-20 22:01:39,921 [INFO] 🔍 beIN Sports 5 → https://atomsportv510.top/matches?id=bein-sports-5
2026-07-20 22:01:40,030 [INFO] Capturing request: https://atomsportv510.top/assets/js/clappr.js
2026-07-20 22:01:40,032 [INFO] Capturing request: https://atomsportv510.top/matches?id=bein-sports-5
2026-07-20 22:01:40,069 [INFO] Capturing response: https://atomsportv510.top/assets/js/clappr.js 200 
2026-07-20 22:01:40,121 [INFO] Capturing response: https://atomsportv510.top/matches?id=bein-sports-5 200 
2026-07-20 22:01:40,251 [INFO] Capturing request: https://atomsportv510.top/favicon.ico
2026-07-20 22:01:40,252 [INFO] Capturing request: https://teletv5.top/load/yayinlink.php?id=bein-sports-5
2026-07-20 22:01:40,312 [INFO] Capturing response: https://atomsportv510.top/favicon.ico 200 
2026-07-20 22:01:40,385 [INFO] Capturing request: https://streamsport365.com/cinema
2026-07-20 22:01:40,472 [INFO] Capturing response: https://teletv5.top/load/yayinlink.php?id=bein-sports-5 200 
2026-07-20 22:01:40,701 [INFO] Capturing response: https://streamsport365.com/cinema 200 
2026-07-20 22:01:40,821 [INFO] Capturing request: https://hlshd.korcanturkmen418.workers.dev/https://corestream.corestreamvip.mom//bein2/tracks-v1a1/mono.m3u8
2026-07-20 22:01:40,855 [INFO] Capturing response: https://hlshd.korcanturkmen418.workers.dev/https://corestream.corestreamvip.mom//bein2/tracks-v1a1/mono.m3u8 403 
2026-07-20 22:01:43,166 [INFO]   ✅ M3U8 bulundu: https://hlshd.korcanturkmen418.workers.dev/https://corestream.corestreamvip.mom//bein2/tracks-v1a1/mono.m3u8
2026-07-20 22:01:44,166 [INFO] 
[6/14]
2026-07-20 22:01:44,166 [INFO] 🔍 beIN Sports Max 1 → https://atomsportv510.top/matches?id=bein-sports-max-1
2026-07-20 22:01:44,275 [INFO] Capturing request: https://atomsportv510.top/assets/js/clappr.js
2026-07-20 22:01:44,276 [INFO] Capturing request: https://atomsportv510.top/matches?id=bein-sports-max-1
2026-07-20 22:01:44,324 [INFO] Capturing response: https://atomsportv510.top/assets/js/clappr.js 200 
2026-07-20 22:01:44,381 [INFO] Capturing response: https://atomsportv510.top/matches?id=bein-sports-max-1 200 
2026-07-20 22:01:44,440 [INFO] Capturing request: https://streamsport365.com/cinema
2026-07-20 22:01:44,540 [INFO] Capturing request: https://teletv5.top/load/yayinlink.php?id=bein-sports-max-1
2026-07-20 22:01:44,541 [INFO] Capturing request: https://atomsportv510.top/favicon.ico
2026-07-20 22:01:44,603 [INFO] Capturing response: https://atomsportv510.top/favicon.ico 200 
2026-07-20 22:01:44,748 [INFO] Capturing response: https://streamsport365.com/cinema 200 
2026-07-20 22:01:44,772 [INFO] Capturing response: https://teletv5.top/load/yayinlink.php?id=bein-sports-max-1 200 
2026-07-20 22:01:44,932 [INFO] Capturing request: https://hlshd.korcanturkmen418.workers.dev/https://corestream.corestreamvip.mom//trtspor/tracks-v1a1/mono.m3u8
2026-07-20 22:01:44,971 [INFO] Capturing response: https://hlshd.korcanturkmen418.workers.dev/https://corestream.corestreamvip.mom//trtspor/tracks-v1a1/mono.m3u8 403 
2026-07-20 22:01:47,452 [INFO]   ✅ M3U8 bulundu: https://hlshd.korcanturkmen418.workers.dev/https://corestream.corestreamvip.mom//trtspor/tracks-v1a1/mono.m3u8
2026-07-20 22:01:48,452 [INFO] 
[7/14]
2026-07-20 22:01:48,452 [INFO] 🔍 beIN Sports Max 2 → https://atomsportv510.top/matches?id=bein-sports-max-2
2026-07-20 22:01:48,560 [INFO] Capturing request: https://atomsportv510.top/assets/js/clappr.js
2026-07-20 22:01:48,562 [INFO] Capturing request: https://atomsportv510.top/matches?id=bein-sports-max-2
2026-07-20 22:01:48,597 [INFO] Capturing response: https://atomsportv510.top/assets/js/clappr.js 200 
2026-07-20 22:01:48,655 [INFO] Capturing response: https://atomsportv510.top/matches?id=bein-sports-max-2 200 
2026-07-20 22:01:48,784 [INFO] Capturing request: https://teletv5.top/load/yayinlink.php?id=bein-sports-max-2
2026-07-20 22:01:48,787 [INFO] Capturing request: https://atomsportv510.top/favicon.ico
2026-07-20 22:01:48,843 [INFO] Capturing response: https://atomsportv510.top/favicon.ico 200 
2026-07-20 22:01:48,917 [INFO] Capturing request: https://streamsport365.com/cinema
2026-07-20 22:01:49,001 [INFO] Capturing response: https://teletv5.top/load/yayinlink.php?id=bein-sports-max-2 200 
2026-07-20 22:01:49,225 [INFO] Capturing response: https://streamsport365.com/cinema 200 
2026-07-20 22:01:49,345 [INFO] Capturing request: https://hlshd.korcanturkmen418.workers.dev/https://corestream.corestreamvip.mom//trtspor/tracks-v1a1/mono.m3u8
2026-07-20 22:01:49,382 [INFO] Capturing response: https://hlshd.korcanturkmen418.workers.dev/https://corestream.corestreamvip.mom//trtspor/tracks-v1a1/mono.m3u8 403 
2026-07-20 22:01:51,698 [INFO]   ✅ M3U8 bulundu: https://hlshd.korcanturkmen418.workers.dev/https://corestream.corestreamvip.mom//trtspor/tracks-v1a1/mono.m3u8
2026-07-20 22:01:51,998 [INFO] Capturing request: https://android.clients.google.com/c2dm/register3
2026-07-20 22:01:52,063 [INFO] Capturing response: https://android.clients.google.com/c2dm/register3 301 
2026-07-20 22:01:52,698 [INFO] 
[8/14]
2026-07-20 22:01:52,698 [INFO] 🔍 S Sport → https://atomsportv510.top/matches?id=s-sport
2026-07-20 22:01:52,807 [INFO] Capturing request: https://atomsportv510.top/assets/js/clappr.js
2026-07-20 22:01:52,809 [INFO] Capturing request: https://atomsportv510.top/matches?id=s-sport
2026-07-20 22:01:52,850 [INFO] Capturing response: https://atomsportv510.top/assets/js/clappr.js 200 
2026-07-20 22:01:53,161 [INFO] Capturing response: https://atomsportv510.top/matches?id=s-sport 200 
2026-07-20 22:01:53,221 [INFO] Capturing request: https://streamsport365.com/cinema
2026-07-20 22:01:53,319 [INFO] Capturing request: https://teletv5.top/load/yayinlink.php?id=s-sport
2026-07-20 22:01:53,322 [INFO] Capturing request: https://atomsportv510.top/favicon.ico
2026-07-20 22:01:53,385 [INFO] Capturing response: https://atomsportv510.top/favicon.ico 200 
2026-07-20 22:01:53,530 [INFO] Capturing response: https://streamsport365.com/cinema 200 
2026-07-20 22:01:53,534 [INFO] Capturing response: https://teletv5.top/load/yayinlink.php?id=s-sport 200 
2026-07-20 22:01:53,694 [INFO] Capturing request: https://hlshd.korcanturkmen418.workers.dev/https://corestream.corestreamvip.mom//s-sportt/tracks-v1a1/mono.m3u8
2026-07-20 22:01:53,734 [INFO] Capturing response: https://hlshd.korcanturkmen418.workers.dev/https://corestream.corestreamvip.mom//s-sportt/tracks-v1a1/mono.m3u8 403 
2026-07-20 22:01:56,232 [INFO]   ✅ M3U8 bulundu: https://hlshd.korcanturkmen418.workers.dev/https://corestream.corestreamvip.mom//s-sportt/tracks-v1a1/mono.m3u8
2026-07-20 22:01:57,233 [INFO] 
[9/14]
2026-07-20 22:01:57,233 [INFO] 🔍 S Sport 2 → https://atomsportv510.top/matches?id=s-sport-2
2026-07-20 22:01:57,340 [INFO] Capturing request: https://atomsportv510.top/assets/js/clappr.js
2026-07-20 22:01:57,343 [INFO] Capturing request: https://atomsportv510.top/matches?id=s-sport-2
2026-07-20 22:01:57,375 [INFO] Capturing response: https://atomsportv510.top/assets/js/clappr.js 200 
2026-07-20 22:01:57,408 [INFO] Capturing response: https://atomsportv510.top/matches?id=s-sport-2 200 
2026-07-20 22:01:57,541 [INFO] Capturing request: https://teletv5.top/load/yayinlink.php?id=s-sport-2
2026-07-20 22:01:57,544 [INFO] Capturing request: https://atomsportv510.top/favicon.ico
2026-07-20 22:01:57,611 [INFO] Capturing response: https://atomsportv510.top/favicon.ico 200 
2026-07-20 22:01:57,673 [INFO] Capturing request: https://streamsport365.com/cinema
2026-07-20 22:01:57,762 [INFO] Capturing response: https://teletv5.top/load/yayinlink.php?id=s-sport-2 200 
2026-07-20 22:01:57,983 [INFO] Capturing response: https://streamsport365.com/cinema 200 
2026-07-20 22:01:58,104 [INFO] Capturing request: https://hlshd.korcanturkmen418.workers.dev/https://corestream.corestreamvip.mom//s-sport2/tracks-v1a1/mono.m3u8
2026-07-20 22:01:58,148 [INFO] Capturing response: https://hlshd.korcanturkmen418.workers.dev/https://corestream.corestreamvip.mom//s-sport2/tracks-v1a1/mono.m3u8 403 
2026-07-20 22:02:00,455 [INFO]   ✅ M3U8 bulundu: https://hlshd.korcanturkmen418.workers.dev/https://corestream.corestreamvip.mom//s-sport2/tracks-v1a1/mono.m3u8
2026-07-20 22:02:01,456 [INFO] 
[10/14]
2026-07-20 22:02:01,456 [INFO] 🔍 A Spor → https://atomsportv510.top/matches?id=a-spor
2026-07-20 22:02:01,566 [INFO] Capturing request: https://atomsportv510.top/assets/js/clappr.js
2026-07-20 22:02:01,568 [INFO] Capturing request: https://atomsportv510.top/matches?id=a-spor
2026-07-20 22:02:01,609 [INFO] Capturing response: https://atomsportv510.top/assets/js/clappr.js 200 
2026-07-20 22:02:01,654 [INFO] Capturing response: https://atomsportv510.top/matches?id=a-spor 200 
2026-07-20 22:02:01,713 [INFO] Capturing request: https://streamsport365.com/cinema
2026-07-20 22:02:01,813 [INFO] Capturing request: https://atomsportv510.top/favicon.ico
2026-07-20 22:02:01,814 [INFO] Capturing request: https://teletv5.top/load/yayinlink.php?id=a-spor
2026-07-20 22:02:01,868 [INFO] Capturing response: https://atomsportv510.top/favicon.ico 200 
2026-07-20 22:02:02,020 [INFO] Capturing response: https://streamsport365.com/cinema 200 
2026-07-20 22:02:02,156 [INFO] Capturing response: https://teletv5.top/load/yayinlink.php?id=a-spor 200 
2026-07-20 22:02:02,316 [INFO] Capturing request: https://hlshd.korcanturkmen418.workers.dev/https://corestream.corestreamvip.mom//aspor/tracks-v1a1/mono.m3u8
2026-07-20 22:02:02,365 [INFO] Capturing response: https://hlshd.korcanturkmen418.workers.dev/https://corestream.corestreamvip.mom//aspor/tracks-v1a1/mono.m3u8 403 
2026-07-20 22:02:04,725 [INFO]   ✅ M3U8 bulundu: https://hlshd.korcanturkmen418.workers.dev/https://corestream.corestreamvip.mom//aspor/tracks-v1a1/mono.m3u8
2026-07-20 22:02:05,726 [INFO] 
[11/14]
2026-07-20 22:02:05,726 [INFO] 🔍 Tivibu Spor 1 → https://atomsportv510.top/matches?id=tivibu-spor-1
2026-07-20 22:02:05,833 [INFO] Capturing request: https://atomsportv510.top/assets/js/clappr.js
2026-07-20 22:02:05,836 [INFO] Capturing request: https://atomsportv510.top/matches?id=tivibu-spor-1
2026-07-20 22:02:05,867 [INFO] Capturing response: https://atomsportv510.top/assets/js/clappr.js 200 
2026-07-20 22:02:05,920 [INFO] Capturing response: https://atomsportv510.top/matches?id=tivibu-spor-1 200 
2026-07-20 22:02:06,051 [INFO] Capturing request: https://teletv5.top/load/yayinlink.php?id=tivibu-spor-1
2026-07-20 22:02:06,054 [INFO] Capturing request: https://atomsportv510.top/favicon.ico
2026-07-20 22:02:06,156 [INFO] Capturing response: https://atomsportv510.top/favicon.ico 200 
2026-07-20 22:02:06,184 [INFO] Capturing request: https://streamsport365.com/cinema
2026-07-20 22:02:06,270 [INFO] Capturing response: https://teletv5.top/load/yayinlink.php?id=tivibu-spor-1 200 
2026-07-20 22:02:06,493 [INFO] Capturing response: https://streamsport365.com/cinema 200 
2026-07-20 22:02:06,612 [INFO] Capturing request: https://hlshd.korcanturkmen418.workers.dev/https://corestream.corestreamvip.mom//trtspor/tracks-v1a1/mono.m3u8
2026-07-20 22:02:06,649 [INFO] Capturing response: https://hlshd.korcanturkmen418.workers.dev/https://corestream.corestreamvip.mom//trtspor/tracks-v1a1/mono.m3u8 403 
2026-07-20 22:02:08,965 [INFO]   ✅ M3U8 bulundu: https://hlshd.korcanturkmen418.workers.dev/https://corestream.corestreamvip.mom//trtspor/tracks-v1a1/mono.m3u8
2026-07-20 22:02:09,965 [INFO] 
[12/14]
2026-07-20 22:02:09,965 [INFO] 🔍 Tivibu Spor 2 → https://atomsportv510.top/matches?id=tivibu-spor-2
2026-07-20 22:02:10,074 [INFO] Capturing request: https://atomsportv510.top/assets/js/clappr.js
2026-07-20 22:02:10,075 [INFO] Capturing request: https://atomsportv510.top/matches?id=tivibu-spor-2
2026-07-20 22:02:10,115 [INFO] Capturing response: https://atomsportv510.top/assets/js/clappr.js 200 
2026-07-20 22:02:10,165 [INFO] Capturing response: https://atomsportv510.top/matches?id=tivibu-spor-2 200 
2026-07-20 22:02:10,223 [INFO] Capturing request: https://streamsport365.com/cinema
2026-07-20 22:02:10,324 [INFO] Capturing request: https://teletv5.top/load/yayinlink.php?id=tivibu-spor-2
2026-07-20 22:02:10,324 [INFO] Capturing request: https://atomsportv510.top/favicon.ico
2026-07-20 22:02:10,380 [INFO] Capturing response: https://atomsportv510.top/favicon.ico 200 
2026-07-20 22:02:10,534 [INFO] Capturing response: https://streamsport365.com/cinema 200 
2026-07-20 22:02:10,539 [INFO] Capturing response: https://teletv5.top/load/yayinlink.php?id=tivibu-spor-2 200 
2026-07-20 22:02:10,699 [INFO] Capturing request: https://hlshd.korcanturkmen418.workers.dev/https://corestream.corestreamvip.mom//trtspor/tracks-v1a1/mono.m3u8
2026-07-20 22:02:10,744 [INFO] Capturing response: https://hlshd.korcanturkmen418.workers.dev/https://corestream.corestreamvip.mom//trtspor/tracks-v1a1/mono.m3u8 403 
2026-07-20 22:02:13,235 [INFO]   ✅ M3U8 bulundu: https://hlshd.korcanturkmen418.workers.dev/https://corestream.corestreamvip.mom//trtspor/tracks-v1a1/mono.m3u8
2026-07-20 22:02:14,235 [INFO] 
[13/14]
2026-07-20 22:02:14,235 [INFO] 🔍 Tivibu Spor 3 → https://atomsportv510.top/matches?id=tivibu-spor-3
2026-07-20 22:02:14,347 [INFO] Capturing request: https://atomsportv510.top/assets/js/clappr.js
2026-07-20 22:02:14,348 [INFO] Capturing request: https://atomsportv510.top/matches?id=tivibu-spor-3
2026-07-20 22:02:14,384 [INFO] Capturing response: https://atomsportv510.top/assets/js/clappr.js 200 
2026-07-20 22:02:14,451 [INFO] Capturing response: https://atomsportv510.top/matches?id=tivibu-spor-3 200 
2026-07-20 22:02:14,583 [INFO] Capturing request: https://atomsportv510.top/favicon.ico
2026-07-20 22:02:14,584 [INFO] Capturing request: https://teletv5.top/load/yayinlink.php?id=tivibu-spor-3
2026-07-20 22:02:14,665 [INFO] Capturing response: https://atomsportv510.top/favicon.ico 200 
2026-07-20 22:02:14,716 [INFO] Capturing request: https://streamsport365.com/cinema
2026-07-20 22:02:14,802 [INFO] Capturing response: https://teletv5.top/load/yayinlink.php?id=tivibu-spor-3 200 
2026-07-20 22:02:15,028 [INFO] Capturing response: https://streamsport365.com/cinema 200 
2026-07-20 22:02:15,147 [INFO] Capturing request: https://hlshd.korcanturkmen418.workers.dev/https://corestream.corestreamvip.mom//trtspor/tracks-v1a1/mono.m3u8
2026-07-20 22:02:15,191 [INFO] Capturing response: https://hlshd.korcanturkmen418.workers.dev/https://corestream.corestreamvip.mom//trtspor/tracks-v1a1/mono.m3u8 403 
2026-07-20 22:02:17,494 [INFO]   ✅ M3U8 bulundu: https://hlshd.korcanturkmen418.workers.dev/https://corestream.corestreamvip.mom//trtspor/tracks-v1a1/mono.m3u8
2026-07-20 22:02:18,495 [INFO] 
[14/14]
2026-07-20 22:02:18,495 [INFO] 🔍 Tivibu Spor 4 → https://atomsportv510.top/matches?id=tivibu-spor-4
2026-07-20 22:02:18,605 [INFO] Capturing request: https://atomsportv510.top/assets/js/clappr.js
2026-07-20 22:02:18,606 [INFO] Capturing request: https://atomsportv510.top/matches?id=tivibu-spor-4
2026-07-20 22:02:18,645 [INFO] Capturing response: https://atomsportv510.top/assets/js/clappr.js 200 
2026-07-20 22:02:18,684 [INFO] Capturing response: https://atomsportv510.top/matches?id=tivibu-spor-4 200 
2026-07-20 22:02:18,742 [INFO] Capturing request: https://streamsport365.com/cinema
2026-07-20 22:02:18,841 [INFO] Capturing request: https://teletv5.top/load/yayinlink.php?id=tivibu-spor-4
2026-07-20 22:02:18,846 [INFO] Capturing request: https://atomsportv510.top/favicon.ico
2026-07-20 22:02:18,901 [INFO] Capturing response: https://atomsportv510.top/favicon.ico 200 
2026-07-20 22:02:19,059 [INFO] Capturing response: https://streamsport365.com/cinema 200 
2026-07-20 22:02:19,061 [INFO] Capturing response: https://teletv5.top/load/yayinlink.php?id=tivibu-spor-4 200 
2026-07-20 22:02:22,076 [INFO] Capturing request: https://update.googleapis.com/service/update2/json?cup2key=16:tIuQkm7_H5JUNpIBbDAgO_ijjFymaGRzSisRcKFQxq8&cup2hreq=adc70080286dc0e531debccc1a25498e1b1c3a4ad3e1e9e041f33e9025d03d0c
2026-07-20 22:02:22,135 [INFO] Capturing response: https://update.googleapis.com/service/update2/json?cup2key=16:tIuQkm7_H5JUNpIBbDAgO_ijjFymaGRzSisRcKFQxq8&cup2hreq=adc70080286dc0e531debccc1a25498e1b1c3a4ad3e1e9e041f33e9025d03d0c 200 
2026-07-20 22:02:22,141 [INFO] Capturing request: http://edgedl.me.gvt1.com/edgedl/diffgen-puffin/gcmjkmgdlgnkkcocmoeiminaijmmjnii/df2a22d5ecc7788c3330ebd5f856b41531c74f412a01ed7453d11284708009fe
2026-07-20 22:02:22,175 [INFO] Capturing response: http://edgedl.me.gvt1.com/edgedl/diffgen-puffin/gcmjkmgdlgnkkcocmoeiminaijmmjnii/df2a22d5ecc7788c3330ebd5f856b41531c74f412a01ed7453d11284708009fe 200 OK
2026-07-20 22:02:22,204 [INFO] Capturing request: https://update.googleapis.com/service/update2/json
2026-07-20 22:02:22,262 [INFO] Capturing response: https://update.googleapis.com/service/update2/json 200 
2026-07-20 22:02:22,307 [INFO] Capturing request: http://edgedl.me.gvt1.com/edgedl/release2/chrome_component/l6q5bn7cgljvd6h3cw6ix65sga_10660/hfnkpimlhhgieaddgfemjhofmfblmnib_10660_all_bhuu2telmxgxho24dmlbgmkgti.crx3
2026-07-20 22:02:22,375 [INFO] Capturing response: http://edgedl.me.gvt1.com/edgedl/release2/chrome_component/l6q5bn7cgljvd6h3cw6ix65sga_10660/hfnkpimlhhgieaddgfemjhofmfblmnib_10660_all_bhuu2telmxgxho24dmlbgmkgti.crx3 200 OK
2026-07-20 22:02:22,408 [INFO] Capturing request: https://update.googleapis.com/service/update2/json
2026-07-20 22:02:22,456 [INFO] Capturing response: https://update.googleapis.com/service/update2/json 200 
2026-07-20 22:02:39,038 [INFO] Capturing request: https://android.clients.google.com/c2dm/register3
2026-07-20 22:02:39,101 [INFO] Capturing response: https://android.clients.google.com/c2dm/register3 301 
2026-07-20 22:02:52,033 [WARNING]   ❌ Tivibu Spor 4 için M3U8 bulunamadı
2026-07-20 22:02:53,102 [INFO] ✅ 13 kanal bulundu, playlist.m3u kaydedildi
