2026-07-15 08:13:50,192 [INFO] 🌐 BASE_URL: https://atomsportv510.top
2026-07-15 08:13:51,948 [INFO] Başlanıyor... 14 kanal taranacak
2026-07-15 08:13:51,948 [INFO] Using default request storage
2026-07-15 08:13:51,952 [INFO] Created proxy listening on 127.0.0.1:34699
2026-07-15 08:13:52,598 [INFO] Capturing request: http://clients2.google.com/time/1/current?cup2key=10:LP5da8tl_bwZia3pCTsBQKz-i-L0jmOrOhLc8Uo3rQM&cup2hreq=e3b0c44298fc1c149afbf4c8996fb92427ae41e4649b934ca495991b7852b855
2026-07-15 08:13:52,727 [INFO] Capturing response: http://clients2.google.com/time/1/current?cup2key=10:LP5da8tl_bwZia3pCTsBQKz-i-L0jmOrOhLc8Uo3rQM&cup2hreq=e3b0c44298fc1c149afbf4c8996fb92427ae41e4649b934ca495991b7852b855 200 OK
2026-07-15 08:13:52,797 [INFO] 
[1/14]
2026-07-15 08:13:52,797 [INFO] 🔍 beIN Sports 1 → https://atomsportv510.top/matches?id=bein-sports-1
2026-07-15 08:13:52,918 [INFO] Capturing request: https://update.googleapis.com/service/update2/json?cup2key=16:6WzWKNt1JB8kAdp2jthp05g-l0oHofO9DCdwn5sp9rc&cup2hreq=93f9955d76a31e5fbc755b85293e2ad0fa81aabee0bbeb51b8a8ef9d460577df
2026-07-15 08:13:52,922 [INFO] Capturing request: https://accounts.google.com/ListAccounts?gpsia=1&source=ChromiumBrowser&json=standard&laf=b64bin
2026-07-15 08:13:52,972 [INFO] Capturing response: https://accounts.google.com/ListAccounts?gpsia=1&source=ChromiumBrowser&json=standard&laf=b64bin 200 
2026-07-15 08:13:52,976 [INFO] Capturing response: https://update.googleapis.com/service/update2/json?cup2key=16:6WzWKNt1JB8kAdp2jthp05g-l0oHofO9DCdwn5sp9rc&cup2hreq=93f9955d76a31e5fbc755b85293e2ad0fa81aabee0bbeb51b8a8ef9d460577df 200 
2026-07-15 08:13:53,018 [INFO] Capturing request: https://atomsportv510.top/matches?id=bein-sports-1
2026-07-15 08:13:53,023 [INFO] Capturing request: https://update.googleapis.com/service/update2/json?cup2key=16:BJQTdRg8y-UPdvp_0EwLEoUfXqNh3cSPuNfeVORNU0A&cup2hreq=85203eccf5631eb1135ec02d6d7e43ca4e0d0d6f951f0054a000725a3483d37f
2026-07-15 08:13:53,082 [INFO] Capturing response: https://update.googleapis.com/service/update2/json?cup2key=16:BJQTdRg8y-UPdvp_0EwLEoUfXqNh3cSPuNfeVORNU0A&cup2hreq=85203eccf5631eb1135ec02d6d7e43ca4e0d0d6f951f0054a000725a3483d37f 200 
2026-07-15 08:13:53,101 [INFO] Capturing response: https://atomsportv510.top/matches?id=bein-sports-1 200 
2026-07-15 08:13:53,252 [INFO] Capturing request: https://atomsportv510.top/assets/js/clappr.js
2026-07-15 08:13:53,290 [INFO] Capturing request: https://www.google.com/async/folae?async=_fmt:pb&udm=50&client_locale=en-US&client_country=ZZ
2026-07-15 08:13:53,312 [INFO] Capturing request: https://cdn.jsdelivr.net/npm/@clappr/player@latest/dist/clappr.min.js
2026-07-15 08:13:53,316 [INFO] Capturing request: https://cdnjs.cloudflare.com/ajax/libs/jquery/3.2.1/jquery.min.js
2026-07-15 08:13:53,320 [INFO] Capturing response: https://www.google.com/async/folae?async=_fmt:pb&udm=50&client_locale=en-US&client_country=ZZ 200 
2026-07-15 08:13:53,342 [INFO] Capturing response: https://cdnjs.cloudflare.com/ajax/libs/jquery/3.2.1/jquery.min.js 200 
2026-07-15 08:13:53,378 [INFO] Capturing response: https://atomsportv510.top/assets/js/clappr.js 200 
2026-07-15 08:13:53,470 [INFO] Capturing response: https://cdn.jsdelivr.net/npm/@clappr/player@latest/dist/clappr.min.js 200 
2026-07-15 08:13:53,671 [INFO] Capturing request: https://atomsportv510.top/favicon.ico
2026-07-15 08:13:53,770 [INFO] Capturing response: https://atomsportv510.top/favicon.ico 200 
2026-07-15 08:13:53,896 [INFO] Capturing request: https://teletv5.top/load/yayinlink.php?id=bein-sports-1
2026-07-15 08:13:54,180 [INFO] Capturing request: https://streamsport365.com/cinema
2026-07-15 08:13:54,269 [INFO] Capturing response: https://teletv5.top/load/yayinlink.php?id=bein-sports-1 200 
2026-07-15 08:13:54,474 [INFO] Capturing response: https://streamsport365.com/cinema 200 
2026-07-15 08:13:54,602 [INFO] Capturing request: https://atomsportv510.top/assets/img/player_logo_6880e4e4c52ee.png
2026-07-15 08:13:54,697 [INFO] Capturing request: https://hlsssssssssssss.edaesra.workers.dev/https://corestream.macsitesi.help//trtspor/tracks-v1a1/mono.m3u8
2026-07-15 08:13:54,726 [INFO] Capturing response: https://atomsportv510.top/assets/img/player_logo_6880e4e4c52ee.png 200 
2026-07-15 08:13:55,039 [INFO] Capturing response: https://hlsssssssssssss.edaesra.workers.dev/https://corestream.macsitesi.help//trtspor/tracks-v1a1/mono.m3u8 200 
2026-07-15 08:13:55,299 [INFO] Capturing request: https://securmar.edaesra.workers.dev/trtspor/tracks-v1a1/2026/07/15/08/13/36-10000.avif
2026-07-15 08:13:55,778 [INFO] Capturing request: https://android.clients.google.com/checkin
2026-07-15 08:13:55,866 [INFO] Capturing response: https://android.clients.google.com/checkin 200 
2026-07-15 08:13:55,918 [INFO] Capturing request: https://android.clients.google.com/c2dm/register3
2026-07-15 08:13:55,926 [INFO] Capturing request: https://android.clients.google.com/c2dm/register3
2026-07-15 08:13:55,929 [INFO] Capturing request: https://android.clients.google.com/c2dm/register3
2026-07-15 08:13:55,973 [INFO] Capturing response: https://android.clients.google.com/c2dm/register3 301 
2026-07-15 08:13:55,982 [INFO] Capturing response: https://android.clients.google.com/c2dm/register3 200 
2026-07-15 08:13:56,058 [INFO] Capturing response: https://securmar.edaesra.workers.dev/trtspor/tracks-v1a1/2026/07/15/08/13/36-10000.avif 200 
2026-07-15 08:13:56,299 [INFO] Capturing request: https://securmar.edaesra.workers.dev/trtspor/tracks-v1a1/2026/07/15/08/13/46-10000.avif
2026-07-15 08:13:56,338 [INFO] Capturing response: https://android.clients.google.com/c2dm/register3 200 
2026-07-15 08:13:56,601 [INFO]   ✅ M3U8 bulundu: https://hlsssssssssssss.edaesra.workers.dev/https://corestream.macsitesi.help//trtspor/tracks-v1a1/mono.m3u8
2026-07-15 08:13:56,947 [INFO] Capturing response: https://securmar.edaesra.workers.dev/trtspor/tracks-v1a1/2026/07/15/08/13/46-10000.avif 200 
2026-07-15 08:13:57,187 [INFO] Capturing request: https://securmar.edaesra.workers.dev/trtspor/tracks-v1a1/2026/07/15/08/13/56-10000.avif
2026-07-15 08:13:57,601 [INFO] 
[2/14]
2026-07-15 08:13:57,601 [INFO] 🔍 beIN Sports 2 → https://atomsportv510.top/matches?id=bein-sports-2
2026-07-15 08:13:57,715 [INFO] Capturing request: https://atomsportv510.top/matches?id=bein-sports-2
2026-07-15 08:13:57,768 [INFO] Capturing response: https://atomsportv510.top/matches?id=bein-sports-2 200 
2026-07-15 08:13:57,821 [INFO] Capturing request: https://streamsport365.com/cinema
2026-07-15 08:13:57,923 [INFO] Capturing request: https://atomsportv510.top/favicon.ico
2026-07-15 08:13:57,925 [INFO] Capturing request: https://teletv5.top/load/yayinlink.php?id=bein-sports-2
2026-07-15 08:13:57,965 [INFO] Capturing response: https://atomsportv510.top/favicon.ico 200 
2026-07-15 08:13:58,028 [INFO] Capturing response: https://securmar.edaesra.workers.dev/trtspor/tracks-v1a1/2026/07/15/08/13/56-10000.avif 200 
2026-07-15 08:13:58,058 [INFO] 127.0.0.1:46916: ProtocolException("Error in HTTP connection: Http2ZombieException('Connection or stream already dead: 1784103238.0571673, False')")
2026-07-15 08:13:58,118 [INFO] Capturing response: https://teletv5.top/load/yayinlink.php?id=bein-sports-2 200 
2026-07-15 08:13:58,133 [INFO] Capturing response: https://streamsport365.com/cinema 200 
2026-07-15 08:13:58,252 [INFO] Capturing request: https://hlsssssssssssss.edaesra.workers.dev/https://corestream.macsitesi.help//bein2/tracks-v1a1/mono.m3u8
2026-07-15 08:13:58,417 [INFO] Capturing response: https://hlsssssssssssss.edaesra.workers.dev/https://corestream.macsitesi.help//bein2/tracks-v1a1/mono.m3u8 404 
2026-07-15 08:14:00,833 [INFO]   ✅ M3U8 bulundu: https://hlsssssssssssss.edaesra.workers.dev/https://corestream.macsitesi.help//bein2/tracks-v1a1/mono.m3u8
2026-07-15 08:14:01,833 [INFO] 
[3/14]
2026-07-15 08:14:01,834 [INFO] 🔍 beIN Sports 3 → https://atomsportv510.top/matches?id=bein-sports-3
2026-07-15 08:14:01,943 [INFO] Capturing request: https://atomsportv510.top/matches?id=bein-sports-3
2026-07-15 08:14:01,992 [INFO] Capturing response: https://atomsportv510.top/matches?id=bein-sports-3 200 
2026-07-15 08:14:02,151 [INFO] Capturing request: https://teletv5.top/load/yayinlink.php?id=bein-sports-3
2026-07-15 08:14:02,210 [INFO] Capturing request: https://atomsportv510.top/favicon.ico
2026-07-15 08:14:02,265 [INFO] Capturing response: https://atomsportv510.top/favicon.ico 200 
2026-07-15 08:14:02,274 [INFO] Capturing request: https://streamsport365.com/cinema
2026-07-15 08:14:02,391 [INFO] Capturing response: https://teletv5.top/load/yayinlink.php?id=bein-sports-3 200 
2026-07-15 08:14:02,580 [INFO] Capturing response: https://streamsport365.com/cinema 200 
2026-07-15 08:14:02,698 [INFO] Capturing request: https://hlsssssssssssss.edaesra.workers.dev/https://corestream.macsitesi.help//trtspor/tracks-v1a1/mono.m3u8
2026-07-15 08:14:02,922 [INFO] Capturing response: https://hlsssssssssssss.edaesra.workers.dev/https://corestream.macsitesi.help//trtspor/tracks-v1a1/mono.m3u8 200 
2026-07-15 08:14:03,031 [INFO] Capturing request: https://securmar.edaesra.workers.dev/trtspor/tracks-v1a1/2026/07/15/08/13/36-10000.avif
2026-07-15 08:14:03,565 [INFO] Capturing response: https://securmar.edaesra.workers.dev/trtspor/tracks-v1a1/2026/07/15/08/13/36-10000.avif 200 
2026-07-15 08:14:03,803 [INFO] Capturing request: https://securmar.edaesra.workers.dev/trtspor/tracks-v1a1/2026/07/15/08/13/46-10000.avif
2026-07-15 08:14:04,347 [INFO] Capturing response: https://securmar.edaesra.workers.dev/trtspor/tracks-v1a1/2026/07/15/08/13/46-10000.avif 200 
2026-07-15 08:14:04,576 [INFO] Capturing request: https://securmar.edaesra.workers.dev/trtspor/tracks-v1a1/2026/07/15/08/13/56-10000.avif
2026-07-15 08:14:05,073 [INFO]   ✅ M3U8 bulundu: https://hlsssssssssssss.edaesra.workers.dev/https://corestream.macsitesi.help//trtspor/tracks-v1a1/mono.m3u8
2026-07-15 08:14:05,257 [INFO] Capturing response: https://securmar.edaesra.workers.dev/trtspor/tracks-v1a1/2026/07/15/08/13/56-10000.avif 200 
2026-07-15 08:14:06,074 [INFO] 
[4/14]
2026-07-15 08:14:06,074 [INFO] 🔍 beIN Sports 4 → https://atomsportv510.top/matches?id=bein-sports-4
2026-07-15 08:14:06,183 [INFO] Capturing request: https://atomsportv510.top/matches?id=bein-sports-4
2026-07-15 08:14:06,242 [INFO] Capturing response: https://atomsportv510.top/matches?id=bein-sports-4 200 
2026-07-15 08:14:06,275 [INFO] Capturing request: https://streamsport365.com/cinema
2026-07-15 08:14:06,372 [INFO] Capturing request: https://teletv5.top/load/yayinlink.php?id=bein-sports-4
2026-07-15 08:14:06,374 [INFO] Capturing request: https://atomsportv510.top/favicon.ico
2026-07-15 08:14:06,437 [INFO] Capturing response: https://atomsportv510.top/favicon.ico 200 
2026-07-15 08:14:06,560 [INFO] Capturing response: https://teletv5.top/load/yayinlink.php?id=bein-sports-4 200 
2026-07-15 08:14:06,569 [INFO] Capturing response: https://streamsport365.com/cinema 200 
2026-07-15 08:14:06,726 [INFO] Capturing request: https://hlsssssssssssss.edaesra.workers.dev/https://corestream.macsitesi.help//bein2/tracks-v1a1/mono.m3u8
2026-07-15 08:14:06,878 [INFO] Capturing response: https://hlsssssssssssss.edaesra.workers.dev/https://corestream.macsitesi.help//bein2/tracks-v1a1/mono.m3u8 404 
2026-07-15 08:14:09,288 [INFO]   ✅ M3U8 bulundu: https://hlsssssssssssss.edaesra.workers.dev/https://corestream.macsitesi.help//bein2/tracks-v1a1/mono.m3u8
2026-07-15 08:14:10,288 [INFO] 
[5/14]
2026-07-15 08:14:10,288 [INFO] 🔍 beIN Sports 5 → https://atomsportv510.top/matches?id=bein-sports-5
2026-07-15 08:14:10,396 [INFO] Capturing request: https://atomsportv510.top/matches?id=bein-sports-5
2026-07-15 08:14:10,447 [INFO] Capturing response: https://atomsportv510.top/matches?id=bein-sports-5 200 
2026-07-15 08:14:10,575 [INFO] Capturing request: https://atomsportv510.top/favicon.ico
2026-07-15 08:14:10,576 [INFO] Capturing request: https://teletv5.top/load/yayinlink.php?id=bein-sports-5
2026-07-15 08:14:10,628 [INFO] Capturing response: https://atomsportv510.top/favicon.ico 200 
2026-07-15 08:14:10,696 [INFO] Capturing request: https://streamsport365.com/cinema
2026-07-15 08:14:10,761 [INFO] Capturing response: https://teletv5.top/load/yayinlink.php?id=bein-sports-5 200 
2026-07-15 08:14:11,000 [INFO] Capturing response: https://streamsport365.com/cinema 200 
2026-07-15 08:14:11,119 [INFO] Capturing request: https://hlsssssssssssss.edaesra.workers.dev/https://corestream.macsitesi.help//bein2/tracks-v1a1/mono.m3u8
2026-07-15 08:14:11,303 [INFO] Capturing response: https://hlsssssssssssss.edaesra.workers.dev/https://corestream.macsitesi.help//bein2/tracks-v1a1/mono.m3u8 404 
2026-07-15 08:14:13,489 [INFO]   ✅ M3U8 bulundu: https://hlsssssssssssss.edaesra.workers.dev/https://corestream.macsitesi.help//bein2/tracks-v1a1/mono.m3u8
2026-07-15 08:14:14,489 [INFO] 
[6/14]
2026-07-15 08:14:14,489 [INFO] 🔍 beIN Sports Max 1 → https://atomsportv510.top/matches?id=bein-sports-max-1
2026-07-15 08:14:14,597 [INFO] Capturing request: https://atomsportv510.top/matches?id=bein-sports-max-1
2026-07-15 08:14:14,646 [INFO] Capturing response: https://atomsportv510.top/matches?id=bein-sports-max-1 200 
2026-07-15 08:14:14,676 [INFO] Capturing request: https://streamsport365.com/cinema
2026-07-15 08:14:14,775 [INFO] Capturing request: https://teletv5.top/load/yayinlink.php?id=bein-sports-max-1
2026-07-15 08:14:14,779 [INFO] Capturing request: https://atomsportv510.top/favicon.ico
2026-07-15 08:14:14,833 [INFO] Capturing response: https://atomsportv510.top/favicon.ico 200 
2026-07-15 08:14:14,953 [INFO] Capturing response: https://teletv5.top/load/yayinlink.php?id=bein-sports-max-1 200 
2026-07-15 08:14:14,972 [INFO] Capturing response: https://streamsport365.com/cinema 200 
2026-07-15 08:14:15,114 [INFO] Capturing request: https://hlsssssssssssss.edaesra.workers.dev/https://corestream.macsitesi.help//trtspor/tracks-v1a1/mono.m3u8
2026-07-15 08:14:15,285 [INFO] Capturing response: https://hlsssssssssssss.edaesra.workers.dev/https://corestream.macsitesi.help//trtspor/tracks-v1a1/mono.m3u8 200 
2026-07-15 08:14:15,436 [INFO] Capturing request: https://securmar.edaesra.workers.dev/trtspor/tracks-v1a1/2026/07/15/08/13/46-10000.avif
2026-07-15 08:14:16,133 [INFO] Capturing response: https://securmar.edaesra.workers.dev/trtspor/tracks-v1a1/2026/07/15/08/13/46-10000.avif 200 
2026-07-15 08:14:16,375 [INFO] Capturing request: https://securmar.edaesra.workers.dev/trtspor/tracks-v1a1/2026/07/15/08/13/56-10000.avif
2026-07-15 08:14:17,056 [INFO] Capturing response: https://securmar.edaesra.workers.dev/trtspor/tracks-v1a1/2026/07/15/08/13/56-10000.avif 200 
2026-07-15 08:14:17,318 [INFO] Capturing request: https://securmar.edaesra.workers.dev/trtspor/tracks-v1a1/2026/07/15/08/14/06-10000.avif
2026-07-15 08:14:17,698 [INFO]   ✅ M3U8 bulundu: https://hlsssssssssssss.edaesra.workers.dev/https://corestream.macsitesi.help//trtspor/tracks-v1a1/mono.m3u8
2026-07-15 08:14:18,187 [INFO] Capturing response: https://securmar.edaesra.workers.dev/trtspor/tracks-v1a1/2026/07/15/08/14/06-10000.avif 200 
2026-07-15 08:14:18,398 [INFO] Capturing request: https://android.clients.google.com/c2dm/register3
2026-07-15 08:14:18,447 [INFO] Capturing response: https://android.clients.google.com/c2dm/register3 301 
2026-07-15 08:14:18,698 [INFO] 
[7/14]
2026-07-15 08:14:18,698 [INFO] 🔍 beIN Sports Max 2 → https://atomsportv510.top/matches?id=bein-sports-max-2
2026-07-15 08:14:18,811 [INFO] Capturing request: https://atomsportv510.top/matches?id=bein-sports-max-2
2026-07-15 08:14:18,873 [INFO] Capturing response: https://atomsportv510.top/matches?id=bein-sports-max-2 200 
2026-07-15 08:14:19,005 [INFO] Capturing request: https://teletv5.top/load/yayinlink.php?id=bein-sports-max-2
2026-07-15 08:14:19,008 [INFO] Capturing request: https://atomsportv510.top/favicon.ico
2026-07-15 08:14:19,063 [INFO] Capturing response: https://atomsportv510.top/favicon.ico 200 
2026-07-15 08:14:19,137 [INFO] Capturing request: https://streamsport365.com/cinema
2026-07-15 08:14:19,188 [INFO] Capturing response: https://teletv5.top/load/yayinlink.php?id=bein-sports-max-2 200 
2026-07-15 08:14:19,442 [INFO] Capturing response: https://streamsport365.com/cinema 200 
2026-07-15 08:14:19,561 [INFO] Capturing request: https://hlsssssssssssss.edaesra.workers.dev/https://corestream.macsitesi.help//trtspor/tracks-v1a1/mono.m3u8
2026-07-15 08:14:19,719 [INFO] Capturing response: https://hlsssssssssssss.edaesra.workers.dev/https://corestream.macsitesi.help//trtspor/tracks-v1a1/mono.m3u8 200 
2026-07-15 08:14:19,830 [INFO] Capturing request: https://securmar.edaesra.workers.dev/trtspor/tracks-v1a1/2026/07/15/08/13/56-10000.avif
2026-07-15 08:14:20,501 [INFO] Capturing response: https://securmar.edaesra.workers.dev/trtspor/tracks-v1a1/2026/07/15/08/13/56-10000.avif 200 
2026-07-15 08:14:20,752 [INFO] Capturing request: https://securmar.edaesra.workers.dev/trtspor/tracks-v1a1/2026/07/15/08/14/06-10000.avif
2026-07-15 08:14:21,381 [INFO] Capturing response: https://securmar.edaesra.workers.dev/trtspor/tracks-v1a1/2026/07/15/08/14/06-10000.avif 200 
2026-07-15 08:14:21,624 [INFO] Capturing request: https://securmar.edaesra.workers.dev/trtspor/tracks-v1a1/2026/07/15/08/14/16-10000.avif
2026-07-15 08:14:21,926 [INFO]   ✅ M3U8 bulundu: https://hlsssssssssssss.edaesra.workers.dev/https://corestream.macsitesi.help//trtspor/tracks-v1a1/mono.m3u8
2026-07-15 08:14:22,184 [INFO] Capturing response: https://securmar.edaesra.workers.dev/trtspor/tracks-v1a1/2026/07/15/08/14/16-10000.avif 200 
2026-07-15 08:14:22,926 [INFO] 
[8/14]
2026-07-15 08:14:22,926 [INFO] 🔍 S Sport → https://atomsportv510.top/matches?id=s-sport
2026-07-15 08:14:23,035 [INFO] Capturing request: https://atomsportv510.top/matches?id=s-sport
2026-07-15 08:14:23,312 [INFO] Capturing response: https://atomsportv510.top/matches?id=s-sport 200 
2026-07-15 08:14:23,340 [INFO] Capturing request: https://streamsport365.com/cinema
2026-07-15 08:14:23,442 [INFO] Capturing request: https://teletv5.top/load/yayinlink.php?id=s-sport
2026-07-15 08:14:23,449 [INFO] Capturing request: https://atomsportv510.top/favicon.ico
2026-07-15 08:14:23,495 [INFO] Capturing response: https://atomsportv510.top/favicon.ico 200 
2026-07-15 08:14:23,646 [INFO] Capturing response: https://streamsport365.com/cinema 200 
2026-07-15 08:14:23,748 [INFO] Capturing response: https://teletv5.top/load/yayinlink.php?id=s-sport 200 
2026-07-15 08:14:23,910 [INFO] Capturing request: https://hlsssssssssssss.edaesra.workers.dev/https://corestream.macsitesi.help//s-sportt/tracks-v1a1/mono.m3u8
2026-07-15 08:14:24,077 [INFO] Capturing response: https://hlsssssssssssss.edaesra.workers.dev/https://corestream.macsitesi.help//s-sportt/tracks-v1a1/mono.m3u8 404 
2026-07-15 08:14:24,135 [INFO] Capturing request: https://android.clients.google.com/c2dm/register3
2026-07-15 08:14:24,563 [INFO] Capturing response: https://android.clients.google.com/c2dm/register3 200 
2026-07-15 08:14:26,367 [INFO]   ✅ M3U8 bulundu: https://hlsssssssssssss.edaesra.workers.dev/https://corestream.macsitesi.help//s-sportt/tracks-v1a1/mono.m3u8
2026-07-15 08:14:27,367 [INFO] 
[9/14]
2026-07-15 08:14:27,367 [INFO] 🔍 S Sport 2 → https://atomsportv510.top/matches?id=s-sport-2
2026-07-15 08:14:27,475 [INFO] Capturing request: https://atomsportv510.top/matches?id=s-sport-2
2026-07-15 08:14:27,523 [INFO] Capturing response: https://atomsportv510.top/matches?id=s-sport-2 200 
2026-07-15 08:14:27,654 [INFO] Capturing request: https://teletv5.top/load/yayinlink.php?id=s-sport-2
2026-07-15 08:14:27,655 [INFO] Capturing request: https://atomsportv510.top/favicon.ico
2026-07-15 08:14:27,714 [INFO] Capturing response: https://atomsportv510.top/favicon.ico 200 
2026-07-15 08:14:27,780 [INFO] Capturing request: https://streamsport365.com/cinema
2026-07-15 08:14:28,006 [INFO] Capturing response: https://teletv5.top/load/yayinlink.php?id=s-sport-2 200 
2026-07-15 08:14:28,078 [INFO] Capturing response: https://streamsport365.com/cinema 200 
2026-07-15 08:14:28,196 [INFO] Capturing request: https://hlsssssssssssss.edaesra.workers.dev/https://corestream.macsitesi.help//s-sport2/tracks-v1a1/mono.m3u8
2026-07-15 08:14:28,358 [INFO] Capturing response: https://hlsssssssssssss.edaesra.workers.dev/https://corestream.macsitesi.help//s-sport2/tracks-v1a1/mono.m3u8 404 
2026-07-15 08:14:30,566 [INFO]   ✅ M3U8 bulundu: https://hlsssssssssssss.edaesra.workers.dev/https://corestream.macsitesi.help//s-sport2/tracks-v1a1/mono.m3u8
2026-07-15 08:14:31,566 [INFO] 
[10/14]
2026-07-15 08:14:31,566 [INFO] 🔍 A Spor → https://atomsportv510.top/matches?id=a-spor
2026-07-15 08:14:31,674 [INFO] Capturing request: https://atomsportv510.top/matches?id=a-spor
2026-07-15 08:14:31,726 [INFO] Capturing response: https://atomsportv510.top/matches?id=a-spor 200 
2026-07-15 08:14:31,756 [INFO] Capturing request: https://streamsport365.com/cinema
2026-07-15 08:14:31,859 [INFO] Capturing request: https://teletv5.top/load/yayinlink.php?id=a-spor
2026-07-15 08:14:31,861 [INFO] Capturing request: https://atomsportv510.top/favicon.ico
2026-07-15 08:14:31,926 [INFO] Capturing response: https://atomsportv510.top/favicon.ico 200 
2026-07-15 08:14:32,042 [INFO] Capturing response: https://teletv5.top/load/yayinlink.php?id=a-spor 200 
2026-07-15 08:14:32,084 [INFO] Capturing response: https://streamsport365.com/cinema 200 
2026-07-15 08:14:32,203 [INFO] Capturing request: https://hlsssssssssssss.edaesra.workers.dev/https://corestream.macsitesi.help//aspor/tracks-v1a1/mono.m3u8
2026-07-15 08:14:32,362 [INFO] Capturing response: https://hlsssssssssssss.edaesra.workers.dev/https://corestream.macsitesi.help//aspor/tracks-v1a1/mono.m3u8 404 
2026-07-15 08:14:34,771 [INFO]   ✅ M3U8 bulundu: https://hlsssssssssssss.edaesra.workers.dev/https://corestream.macsitesi.help//aspor/tracks-v1a1/mono.m3u8
2026-07-15 08:14:35,772 [INFO] 
[11/14]
2026-07-15 08:14:35,772 [INFO] 🔍 Tivibu Spor 1 → https://atomsportv510.top/matches?id=tivibu-spor-1
2026-07-15 08:14:35,879 [INFO] Capturing request: https://atomsportv510.top/matches?id=tivibu-spor-1
2026-07-15 08:14:35,930 [INFO] Capturing response: https://atomsportv510.top/matches?id=tivibu-spor-1 200 
2026-07-15 08:14:36,062 [INFO] Capturing request: https://teletv5.top/load/yayinlink.php?id=tivibu-spor-1
2026-07-15 08:14:36,106 [INFO] Capturing request: https://atomsportv510.top/favicon.ico
2026-07-15 08:14:36,162 [INFO] Capturing response: https://atomsportv510.top/favicon.ico 200 
2026-07-15 08:14:36,185 [INFO] Capturing request: https://streamsport365.com/cinema
2026-07-15 08:14:36,248 [INFO] Capturing response: https://teletv5.top/load/yayinlink.php?id=tivibu-spor-1 200 
2026-07-15 08:14:36,481 [INFO] Capturing response: https://streamsport365.com/cinema 200 
2026-07-15 08:14:36,599 [INFO] Capturing request: https://hlsssssssssssss.edaesra.workers.dev/https://corestream.macsitesi.help//trtspor/tracks-v1a1/mono.m3u8
2026-07-15 08:14:36,766 [INFO] Capturing response: https://hlsssssssssssss.edaesra.workers.dev/https://corestream.macsitesi.help//trtspor/tracks-v1a1/mono.m3u8 200 
2026-07-15 08:14:36,877 [INFO] Capturing request: https://securmar.edaesra.workers.dev/trtspor/tracks-v1a1/2026/07/15/08/14/16-10000.avif
2026-07-15 08:14:37,496 [INFO] Capturing response: https://securmar.edaesra.workers.dev/trtspor/tracks-v1a1/2026/07/15/08/14/16-10000.avif 200 
2026-07-15 08:14:37,737 [INFO] Capturing request: https://securmar.edaesra.workers.dev/trtspor/tracks-v1a1/2026/07/15/08/14/26-10000.avif
2026-07-15 08:14:38,389 [INFO] Capturing response: https://securmar.edaesra.workers.dev/trtspor/tracks-v1a1/2026/07/15/08/14/26-10000.avif 200 
2026-07-15 08:14:38,618 [INFO] Capturing request: https://securmar.edaesra.workers.dev/trtspor/tracks-v1a1/2026/07/15/08/14/36-10000.avif
2026-07-15 08:14:39,024 [INFO]   ✅ M3U8 bulundu: https://hlsssssssssssss.edaesra.workers.dev/https://corestream.macsitesi.help//trtspor/tracks-v1a1/mono.m3u8
2026-07-15 08:14:39,553 [INFO] Capturing response: https://securmar.edaesra.workers.dev/trtspor/tracks-v1a1/2026/07/15/08/14/36-10000.avif 200 
2026-07-15 08:14:40,025 [INFO] 
[12/14]
2026-07-15 08:14:40,025 [INFO] 🔍 Tivibu Spor 2 → https://atomsportv510.top/matches?id=tivibu-spor-2
2026-07-15 08:14:40,134 [INFO] Capturing request: https://atomsportv510.top/matches?id=tivibu-spor-2
2026-07-15 08:14:40,182 [INFO] Capturing response: https://atomsportv510.top/matches?id=tivibu-spor-2 200 
2026-07-15 08:14:40,218 [INFO] Capturing request: https://streamsport365.com/cinema
2026-07-15 08:14:40,317 [INFO] Capturing request: https://teletv5.top/load/yayinlink.php?id=tivibu-spor-2
2026-07-15 08:14:40,319 [INFO] Capturing request: https://atomsportv510.top/favicon.ico
2026-07-15 08:14:40,382 [INFO] Capturing response: https://atomsportv510.top/favicon.ico 200 
2026-07-15 08:14:40,505 [INFO] Capturing response: https://teletv5.top/load/yayinlink.php?id=tivibu-spor-2 200 
2026-07-15 08:14:40,519 [INFO] Capturing response: https://streamsport365.com/cinema 200 
2026-07-15 08:14:40,667 [INFO] Capturing request: https://hlsssssssssssss.edaesra.workers.dev/https://corestream.macsitesi.help//trtspor/tracks-v1a1/mono.m3u8
2026-07-15 08:14:40,833 [INFO] Capturing response: https://hlsssssssssssss.edaesra.workers.dev/https://corestream.macsitesi.help//trtspor/tracks-v1a1/mono.m3u8 200 
2026-07-15 08:14:40,983 [INFO] Capturing request: https://securmar.edaesra.workers.dev/trtspor/tracks-v1a1/2026/07/15/08/14/26-10000.avif
2026-07-15 08:14:41,498 [INFO] Capturing response: https://securmar.edaesra.workers.dev/trtspor/tracks-v1a1/2026/07/15/08/14/26-10000.avif 200 
2026-07-15 08:14:41,696 [INFO] Capturing request: https://securmar.edaesra.workers.dev/trtspor/tracks-v1a1/2026/07/15/08/14/36-10000.avif
2026-07-15 08:14:42,481 [INFO] Capturing response: https://securmar.edaesra.workers.dev/trtspor/tracks-v1a1/2026/07/15/08/14/36-10000.avif 200 
2026-07-15 08:14:42,761 [INFO] Capturing request: https://securmar.edaesra.workers.dev/trtspor/tracks-v1a1/2026/07/15/08/14/46-10000.avif
2026-07-15 08:14:43,241 [INFO]   ✅ M3U8 bulundu: https://hlsssssssssssss.edaesra.workers.dev/https://corestream.macsitesi.help//trtspor/tracks-v1a1/mono.m3u8
2026-07-15 08:14:43,598 [INFO] Capturing response: https://securmar.edaesra.workers.dev/trtspor/tracks-v1a1/2026/07/15/08/14/46-10000.avif 200 
2026-07-15 08:14:44,241 [INFO] 
[13/14]
2026-07-15 08:14:44,241 [INFO] 🔍 Tivibu Spor 3 → https://atomsportv510.top/matches?id=tivibu-spor-3
2026-07-15 08:14:44,350 [INFO] Capturing request: https://atomsportv510.top/matches?id=tivibu-spor-3
2026-07-15 08:14:44,398 [INFO] Capturing response: https://atomsportv510.top/matches?id=tivibu-spor-3 200 
2026-07-15 08:14:44,530 [INFO] Capturing request: https://teletv5.top/load/yayinlink.php?id=tivibu-spor-3
2026-07-15 08:14:44,541 [INFO] Capturing request: https://atomsportv510.top/favicon.ico
2026-07-15 08:14:44,587 [INFO] Capturing response: https://atomsportv510.top/favicon.ico 200 
2026-07-15 08:14:44,657 [INFO] Capturing request: https://streamsport365.com/cinema
2026-07-15 08:14:44,715 [INFO] Capturing response: https://teletv5.top/load/yayinlink.php?id=tivibu-spor-3 200 
2026-07-15 08:14:44,965 [INFO] Capturing response: https://streamsport365.com/cinema 200 
2026-07-15 08:14:45,083 [INFO] Capturing request: https://hlsssssssssssss.edaesra.workers.dev/https://corestream.macsitesi.help//trtspor/tracks-v1a1/mono.m3u8
2026-07-15 08:14:45,239 [INFO] Capturing response: https://hlsssssssssssss.edaesra.workers.dev/https://corestream.macsitesi.help//trtspor/tracks-v1a1/mono.m3u8 200 
2026-07-15 08:14:45,350 [INFO] Capturing request: https://securmar.edaesra.workers.dev/trtspor/tracks-v1a1/2026/07/15/08/14/26-10000.avif
2026-07-15 08:14:45,869 [INFO] Capturing response: https://securmar.edaesra.workers.dev/trtspor/tracks-v1a1/2026/07/15/08/14/26-10000.avif 200 
2026-07-15 08:14:46,109 [INFO] Capturing request: https://securmar.edaesra.workers.dev/trtspor/tracks-v1a1/2026/07/15/08/14/36-10000.avif
2026-07-15 08:14:46,906 [INFO] Capturing response: https://securmar.edaesra.workers.dev/trtspor/tracks-v1a1/2026/07/15/08/14/36-10000.avif 200 
2026-07-15 08:14:47,184 [INFO] Capturing request: https://securmar.edaesra.workers.dev/trtspor/tracks-v1a1/2026/07/15/08/14/46-10000.avif
2026-07-15 08:14:47,467 [INFO]   ✅ M3U8 bulundu: https://hlsssssssssssss.edaesra.workers.dev/https://corestream.macsitesi.help//trtspor/tracks-v1a1/mono.m3u8
2026-07-15 08:14:47,910 [INFO] Capturing response: https://securmar.edaesra.workers.dev/trtspor/tracks-v1a1/2026/07/15/08/14/46-10000.avif 200 
2026-07-15 08:14:48,468 [INFO] 
[14/14]
2026-07-15 08:14:48,468 [INFO] 🔍 Tivibu Spor 4 → https://atomsportv510.top/matches?id=tivibu-spor-4
2026-07-15 08:14:48,579 [INFO] Capturing request: https://atomsportv510.top/matches?id=tivibu-spor-4
2026-07-15 08:14:48,631 [INFO] Capturing response: https://atomsportv510.top/matches?id=tivibu-spor-4 200 
2026-07-15 08:14:48,665 [INFO] Capturing request: https://streamsport365.com/cinema
2026-07-15 08:14:48,765 [INFO] Capturing request: https://teletv5.top/load/yayinlink.php?id=tivibu-spor-4
2026-07-15 08:14:48,770 [INFO] Capturing request: https://atomsportv510.top/favicon.ico
2026-07-15 08:14:48,814 [INFO] Capturing response: https://atomsportv510.top/favicon.ico 200 
2026-07-15 08:14:48,949 [INFO] Capturing response: https://teletv5.top/load/yayinlink.php?id=tivibu-spor-4 200 
2026-07-15 08:14:48,970 [INFO] Capturing response: https://streamsport365.com/cinema 200 
2026-07-15 08:14:52,598 [INFO] Capturing request: https://update.googleapis.com/service/update2/json?cup2key=16:y3osKNdeJFVslnug4i9GzdtYA5iFYBnveSv_jM3_gvc&cup2hreq=292003432e4f54baf34dbd2037996e175f349f2a82236345e1bafb9c7b5b3568
2026-07-15 08:14:52,660 [INFO] Capturing response: https://update.googleapis.com/service/update2/json?cup2key=16:y3osKNdeJFVslnug4i9GzdtYA5iFYBnveSv_jM3_gvc&cup2hreq=292003432e4f54baf34dbd2037996e175f349f2a82236345e1bafb9c7b5b3568 200 
2026-07-15 08:14:52,666 [INFO] Capturing request: http://edgedl.me.gvt1.com/edgedl/diffgen-puffin/gcmjkmgdlgnkkcocmoeiminaijmmjnii/df2a22d5ecc7788c3330ebd5f856b41531c74f412a01ed7453d11284708009fe
2026-07-15 08:14:52,718 [INFO] Capturing response: http://edgedl.me.gvt1.com/edgedl/diffgen-puffin/gcmjkmgdlgnkkcocmoeiminaijmmjnii/df2a22d5ecc7788c3330ebd5f856b41531c74f412a01ed7453d11284708009fe 200 OK
2026-07-15 08:14:52,746 [INFO] Capturing request: https://update.googleapis.com/service/update2/json
2026-07-15 08:14:52,805 [INFO] Capturing response: https://update.googleapis.com/service/update2/json 200 
2026-07-15 08:14:52,849 [INFO] Capturing request: http://edgedl.me.gvt1.com/edgedl/release2/chrome_component/p5gqslsisdm4a2eswz4spdcidy_10649/hfnkpimlhhgieaddgfemjhofmfblmnib_10649_all_iwk4ja7kalgtdx57d3b6bc5lmu.crx3
2026-07-15 08:14:52,912 [INFO] Capturing response: http://edgedl.me.gvt1.com/edgedl/release2/chrome_component/p5gqslsisdm4a2eswz4spdcidy_10649/hfnkpimlhhgieaddgfemjhofmfblmnib_10649_all_iwk4ja7kalgtdx57d3b6bc5lmu.crx3 200 OK
2026-07-15 08:14:52,941 [INFO] Capturing request: https://update.googleapis.com/service/update2/json
2026-07-15 08:14:52,980 [INFO] Capturing response: https://update.googleapis.com/service/update2/json 200 
2026-07-15 08:15:07,449 [INFO] Capturing request: https://android.clients.google.com/c2dm/register3
2026-07-15 08:15:07,513 [INFO] Capturing response: https://android.clients.google.com/c2dm/register3 301 
2026-07-15 08:15:21,942 [WARNING]   ❌ Tivibu Spor 4 için M3U8 bulunamadı
2026-07-15 08:15:23,002 [INFO] ✅ 13 kanal bulundu, playlist.m3u kaydedildi
