2026-05-23 22:28:05,048 [INFO] 🔎 Domain aralığı taranıyor: atomsportv503.top - atomsportv535.top
2026-05-23 22:28:06,041 [INFO]   ✅ Aktif domain bulundu: https://atomsportv503.top
2026-05-23 22:28:06,041 [INFO] 🌐 Kullanılan BASE_URL: https://atomsportv503.top
2026-05-23 22:28:06,042 [INFO] 🔗 Proxy Prefix: https://ronaldo.magnitude.workers.dev/?url=
2026-05-23 22:28:06,810 [INFO] ✅ SeleniumWire aktif
2026-05-23 22:28:06,811 [INFO] =======================================================
2026-05-23 22:28:06,811 [INFO]    M3U8 Scraper
2026-05-23 22:28:06,811 [INFO]    Base URL    : https://atomsportv503.top
2026-05-23 22:28:06,811 [INFO]    Proxy Prefix: https://ronaldo.magnitude.workers.dev/?url=
2026-05-23 22:28:06,811 [INFO]    Toplam      : 13 sayfa
2026-05-23 22:28:06,811 [INFO] =======================================================
2026-05-23 22:28:06,811 [INFO] 🔧 Driver başlatılıyor...
2026-05-23 22:28:07,583 [INFO] ✅ Driver başlatıldı
2026-05-23 22:28:07,583 [INFO] 
[1/13]
2026-05-23 22:28:07,583 [INFO] 
──────────────────────────────────────────────────
2026-05-23 22:28:07,583 [INFO] 🔍 beIN Sports 1 → https://atomsportv503.top/matches?id=bein-sports-1
2026-05-23 22:28:07,583 [INFO] ──────────────────────────────────────────────────
2026-05-23 22:28:40,147 [INFO]   📡 M3U8 bekleniyor (max 8s)...
2026-05-23 22:28:48,222 [INFO]   ❌ beIN Sports 1: M3U8 bulunamadı
2026-05-23 22:28:49,224 [INFO] 
[2/13]
2026-05-23 22:28:49,224 [INFO] 
──────────────────────────────────────────────────
2026-05-23 22:28:49,224 [INFO] 🔍 beIN Sports 2 → https://atomsportv503.top/matches?id=bein-sports-2
2026-05-23 22:28:49,224 [INFO] ──────────────────────────────────────────────────
2026-05-23 22:29:21,576 [INFO]   📡 M3U8 bekleniyor (max 8s)...
2026-05-23 22:29:29,686 [INFO]   ❌ beIN Sports 2: M3U8 bulunamadı
2026-05-23 22:29:30,687 [INFO] 
[3/13]
2026-05-23 22:29:30,687 [INFO] 
──────────────────────────────────────────────────
2026-05-23 22:29:30,687 [INFO] 🔍 beIN Sports 3 → https://atomsportv503.top/matches?id=bein-sports-3
2026-05-23 22:29:30,687 [INFO] ──────────────────────────────────────────────────
2026-05-23 22:30:02,978 [INFO]   📡 M3U8 bekleniyor (max 8s)...
2026-05-23 22:30:10,994 [INFO]   ❌ beIN Sports 3: M3U8 bulunamadı
2026-05-23 22:30:11,994 [INFO] 
[4/13]
2026-05-23 22:30:11,994 [INFO] 
──────────────────────────────────────────────────
2026-05-23 22:30:11,994 [INFO] 🔍 beIN Sports 4 → https://atomsportv503.top/matches?id=bein-sports-4
2026-05-23 22:30:11,994 [INFO] ──────────────────────────────────────────────────
2026-05-23 22:30:43,852 [INFO]   📡 M3U8 bekleniyor (max 8s)...
2026-05-23 22:30:51,863 [INFO]   ❌ beIN Sports 4: M3U8 bulunamadı
2026-05-23 22:30:52,863 [INFO] 
[5/13]
2026-05-23 22:30:52,864 [INFO] 
──────────────────────────────────────────────────
2026-05-23 22:30:52,864 [INFO] 🔍 beIN Sports 5 → https://atomsportv503.top/matches?id=bein-sports-5
2026-05-23 22:30:52,864 [INFO] ──────────────────────────────────────────────────
2026-05-23 22:31:24,712 [INFO]   📡 M3U8 bekleniyor (max 8s)...
2026-05-23 22:31:32,723 [INFO]   ❌ beIN Sports 5: M3U8 bulunamadı
2026-05-23 22:31:33,724 [INFO] 
[6/13]
2026-05-23 22:31:33,724 [INFO] 
──────────────────────────────────────────────────
2026-05-23 22:31:33,724 [INFO] 🔍 beIN Sports Max 1 → https://atomsportv503.top/matches?id=bein-sports-max-1
2026-05-23 22:31:33,724 [INFO] ──────────────────────────────────────────────────
2026-05-23 22:32:05,578 [INFO]   📡 M3U8 bekleniyor (max 8s)...
2026-05-23 22:32:13,589 [INFO]   ❌ beIN Sports Max 1: M3U8 bulunamadı
2026-05-23 22:32:14,589 [INFO] 
[7/13]
2026-05-23 22:32:14,589 [INFO] 
──────────────────────────────────────────────────
2026-05-23 22:32:14,589 [INFO] 🔍 beIN Sports Max 2 → https://atomsportv503.top/matches?id=bein-sports-max-2
2026-05-23 22:32:14,589 [INFO] ──────────────────────────────────────────────────
2026-05-23 22:32:46,488 [INFO]   📡 M3U8 bekleniyor (max 8s)...
2026-05-23 22:32:54,500 [INFO]   ❌ beIN Sports Max 2: M3U8 bulunamadı
2026-05-23 22:32:55,500 [INFO] 
[8/13]
2026-05-23 22:32:55,500 [INFO] 
──────────────────────────────────────────────────
2026-05-23 22:32:55,500 [INFO] 🔍 S Sport → https://atomsportv503.top/matches?id=s-sport
2026-05-23 22:32:55,500 [INFO] ──────────────────────────────────────────────────
2026-05-23 22:33:27,165 [INFO]   📡 M3U8 bekleniyor (max 8s)...
2026-05-23 22:33:27,175 [INFO]   🎯 DOĞRU kanal bulundu: https://young-surf-88a9.halitumutseler.workers.dev/https://corestream.ronaldovurdu.help//s-sportt/tracks-v1a1/mono.m3u8
2026-05-23 22:33:27,176 [INFO]   ✅ S Sport: https://young-surf-88a9.halitumutseler.workers.dev/https://corestream.ronaldovurdu.help//s-sportt/tracks-v1a1/mono.m3u8
2026-05-23 22:33:28,176 [INFO] 
[9/13]
2026-05-23 22:33:28,176 [INFO] 
──────────────────────────────────────────────────
2026-05-23 22:33:28,176 [INFO] 🔍 S Sport 2 → https://atomsportv503.top/matches?id=s-sport-2
2026-05-23 22:33:28,176 [INFO] ──────────────────────────────────────────────────
2026-05-23 22:34:00,096 [INFO]   📡 M3U8 bekleniyor (max 8s)...
2026-05-23 22:34:08,228 [INFO]   ❌ S Sport 2: M3U8 bulunamadı
2026-05-23 22:34:09,228 [INFO] 
[10/13]
2026-05-23 22:34:09,228 [INFO] 
──────────────────────────────────────────────────
2026-05-23 22:34:09,228 [INFO] 🔍 Tivibu Spor 1 → https://atomsportv503.top/matches?id=tivibu-spor-1
2026-05-23 22:34:09,228 [INFO] ──────────────────────────────────────────────────
2026-05-23 22:34:41,105 [INFO]   📡 M3U8 bekleniyor (max 8s)...
2026-05-23 22:34:49,117 [INFO]   ❌ Tivibu Spor 1: M3U8 bulunamadı
2026-05-23 22:34:50,117 [INFO] 
[11/13]
2026-05-23 22:34:50,117 [INFO] 
──────────────────────────────────────────────────
2026-05-23 22:34:50,117 [INFO] 🔍 Tivibu Spor 2 → https://atomsportv503.top/matches?id=tivibu-spor-2
2026-05-23 22:34:50,117 [INFO] ──────────────────────────────────────────────────
2026-05-23 22:35:22,022 [INFO]   📡 M3U8 bekleniyor (max 8s)...
2026-05-23 22:35:30,033 [INFO]   ❌ Tivibu Spor 2: M3U8 bulunamadı
2026-05-23 22:35:31,034 [INFO] 
[12/13]
2026-05-23 22:35:31,034 [INFO] 
──────────────────────────────────────────────────
2026-05-23 22:35:31,034 [INFO] 🔍 Tivibu Spor 3 → https://atomsportv503.top/matches?id=tivibu-spor-3
2026-05-23 22:35:31,034 [INFO] ──────────────────────────────────────────────────
2026-05-23 22:36:02,921 [INFO]   📡 M3U8 bekleniyor (max 8s)...
2026-05-23 22:36:10,933 [INFO]   ❌ Tivibu Spor 3: M3U8 bulunamadı
2026-05-23 22:36:11,933 [INFO] 
[13/13]
2026-05-23 22:36:11,934 [INFO] 
──────────────────────────────────────────────────
2026-05-23 22:36:11,934 [INFO] 🔍 Tivibu Spor 4 → https://atomsportv503.top/matches?id=tivibu-spor-4
2026-05-23 22:36:11,934 [INFO] ──────────────────────────────────────────────────
2026-05-23 22:36:43,817 [INFO]   📡 M3U8 bekleniyor (max 8s)...
2026-05-23 22:36:51,828 [INFO]   ❌ Tivibu Spor 4: M3U8 bulunamadı
2026-05-23 22:36:52,896 [INFO] 🔒 Driver kapatıldı
2026-05-23 22:36:52,896 [INFO] 
=======================================================
2026-05-23 22:36:52,896 [INFO] 🏁 Tamamlandı!
2026-05-23 22:36:52,896 [INFO] 📺 Kanal : 1/13
2026-05-23 22:36:52,896 [INFO] ⏱️  Süre  : 526.1s
2026-05-23 22:36:52,896 [INFO] =======================================================
2026-05-23 22:36:52,896 [INFO] ✅ playlist.m3u kaydedildi (proxy prefix'li)
2026-05-23 22:36:52,896 [INFO] ✅ stats.json kaydedildi
