2026-07-01 19:20:53,823 [INFO] 🌐 BASE_URL: https://atomsportv508.top
2026-07-01 19:20:54,645 [INFO] Başlanıyor... 14 kanal taranacak
2026-07-01 19:20:54,645 [INFO] Using default request storage
2026-07-01 19:20:54,650 [INFO] Created proxy listening on 127.0.0.1:42181
2026-07-01 19:20:55,313 [INFO] Capturing request: http://clients2.google.com/time/1/current?cup2key=10:Pwi36OtZNL3yRQGvKHOKYw36EHBqpy4EYNJiDPo6QbI&cup2hreq=e3b0c44298fc1c149afbf4c8996fb92427ae41e4649b934ca495991b7852b855
2026-07-01 19:20:55,377 [INFO] Capturing response: http://clients2.google.com/time/1/current?cup2key=10:Pwi36OtZNL3yRQGvKHOKYw36EHBqpy4EYNJiDPo6QbI&cup2hreq=e3b0c44298fc1c149afbf4c8996fb92427ae41e4649b934ca495991b7852b855 200 OK
2026-07-01 19:20:55,477 [INFO] 
[1/14]
2026-07-01 19:20:55,477 [INFO] 🔍 beIN Sports 1 → https://atomsportv508.top/matches?id=bein-sports-1
2026-07-01 19:20:55,534 [INFO] Capturing request: https://update.googleapis.com/service/update2/json?cup2key=16:u1fBuN8474yr37JQ2kJDu9S44cZYT4YQDlVBk3JBZxA&cup2hreq=de13152ab1630ccea3561161e7eee771c55cfa014c7715e3f8e70953c3c4050b
2026-07-01 19:20:55,536 [INFO] Capturing request: https://accounts.google.com/ListAccounts?gpsia=1&source=ChromiumBrowser&json=standard&laf=b64bin
2026-07-01 19:20:55,584 [INFO] Capturing response: https://update.googleapis.com/service/update2/json?cup2key=16:u1fBuN8474yr37JQ2kJDu9S44cZYT4YQDlVBk3JBZxA&cup2hreq=de13152ab1630ccea3561161e7eee771c55cfa014c7715e3f8e70953c3c4050b 200 
2026-07-01 19:20:55,589 [INFO] Capturing response: https://accounts.google.com/ListAccounts?gpsia=1&source=ChromiumBrowser&json=standard&laf=b64bin 200 
2026-07-01 19:20:55,630 [INFO] Capturing request: https://update.googleapis.com/service/update2/json?cup2key=16:qw0tEyYEkFV93kH9MTy5XdHIn22OVZyzK7u2MD2INVI&cup2hreq=5b463d4ce5ae64e34e07ef30c82df6837ff05ec565a868e8a6e35338c2f6cc29
2026-07-01 19:20:55,659 [INFO] Capturing request: https://atomsportv508.top/matches?id=bein-sports-1
2026-07-01 19:20:55,664 [INFO] Capturing response: https://update.googleapis.com/service/update2/json?cup2key=16:qw0tEyYEkFV93kH9MTy5XdHIn22OVZyzK7u2MD2INVI&cup2hreq=5b463d4ce5ae64e34e07ef30c82df6837ff05ec565a868e8a6e35338c2f6cc29 200 
2026-07-01 19:20:55,881 [INFO] Capturing request: https://www.google.com/async/folae?async=_fmt:pb&udm=50&client_locale=en-US&client_country=ZZ
2026-07-01 19:20:55,911 [INFO] Capturing response: https://www.google.com/async/folae?async=_fmt:pb&udm=50&client_locale=en-US&client_country=ZZ 200 
2026-07-01 19:20:55,949 [INFO] Capturing response: https://atomsportv508.top/matches?id=bein-sports-1 200 
2026-07-01 19:20:56,100 [INFO] Capturing request: https://atomsportv508.top/assets/js/clappr.js
2026-07-01 19:20:56,135 [INFO] Capturing response: https://atomsportv508.top/assets/js/clappr.js 200 
2026-07-01 19:20:56,158 [INFO] Capturing request: https://cdn.jsdelivr.net/npm/@clappr/player@latest/dist/clappr.min.js
2026-07-01 19:20:56,158 [INFO] Capturing request: https://cdnjs.cloudflare.com/ajax/libs/jquery/3.2.1/jquery.min.js
2026-07-01 19:20:56,202 [INFO] Capturing response: https://cdnjs.cloudflare.com/ajax/libs/jquery/3.2.1/jquery.min.js 200 
2026-07-01 19:20:56,208 [INFO] Capturing response: https://cdn.jsdelivr.net/npm/@clappr/player@latest/dist/clappr.min.js 200 
2026-07-01 19:20:56,403 [INFO] Capturing request: https://static.cloudflareinsights.com/beacon.min.js/v4513226cdae34746b4dedf0b4dfa099e1781791509496
2026-07-01 19:20:56,425 [INFO] Capturing response: https://static.cloudflareinsights.com/beacon.min.js/v4513226cdae34746b4dedf0b4dfa099e1781791509496 200 
2026-07-01 19:20:56,487 [INFO] Capturing request: https://atomsportv508.top/cdn-cgi/rum?
2026-07-01 19:20:56,593 [INFO] Capturing request: https://atomsportv508.top/favicon.ico
2026-07-01 19:20:56,647 [INFO] Capturing response: https://atomsportv508.top/cdn-cgi/rum? 204 
2026-07-01 19:20:56,649 [INFO] Capturing request: https://teletv5.top/load/yayinlink.php?id=bein-sports-1
2026-07-01 19:20:56,665 [INFO] Capturing response: https://atomsportv508.top/favicon.ico 200 
2026-07-01 19:20:57,042 [INFO] Capturing response: https://teletv5.top/load/yayinlink.php?id=bein-sports-1 200 
2026-07-01 19:20:57,098 [INFO] Capturing request: https://streamsport365.com/cinema
2026-07-01 19:20:57,344 [INFO] Capturing response: https://streamsport365.com/cinema 200 
2026-07-01 19:20:57,474 [INFO] Capturing request: https://atomsportv508.top/assets/img/player_logo_6880e4e4c52ee.png
2026-07-01 19:20:57,528 [INFO] Capturing response: https://atomsportv508.top/assets/img/player_logo_6880e4e4c52ee.png 200 
2026-07-01 19:20:57,559 [INFO] Capturing request: https://hlssssssssssssssssss.yedeklinksa35.workers.dev/https://corestream.ronaldovurdu.help//trtspor/tracks-v1a1/mono.m3u8
2026-07-01 19:20:57,759 [INFO] Capturing response: https://hlssssssssssssssssss.yedeklinksa35.workers.dev/https://corestream.ronaldovurdu.help//trtspor/tracks-v1a1/mono.m3u8 200 
2026-07-01 19:20:57,986 [INFO] Capturing request: https://ts.yedeklinksa35.workers.dev/trtspor/tracks-v1a1/2026/07/01/19/20/40-06000.avif
2026-07-01 19:20:58,467 [INFO] Capturing request: https://android.clients.google.com/checkin
2026-07-01 19:20:58,475 [INFO] Capturing response: https://ts.yedeklinksa35.workers.dev/trtspor/tracks-v1a1/2026/07/01/19/20/40-06000.avif 200 
2026-07-01 19:20:58,580 [INFO] Capturing response: https://android.clients.google.com/checkin 200 
2026-07-01 19:20:58,629 [INFO] Capturing request: https://android.clients.google.com/c2dm/register3
2026-07-01 19:20:58,635 [INFO] Capturing request: https://android.clients.google.com/c2dm/register3
2026-07-01 19:20:58,641 [INFO] Capturing request: https://android.clients.google.com/c2dm/register3
2026-07-01 19:20:58,684 [INFO] Capturing response: https://android.clients.google.com/c2dm/register3 301 
2026-07-01 19:20:58,732 [INFO] Capturing request: https://ts.yedeklinksa35.workers.dev/trtspor/tracks-v1a1/2026/07/01/19/20/46-06000.avif
2026-07-01 19:20:59,206 [INFO] Capturing response: https://ts.yedeklinksa35.workers.dev/trtspor/tracks-v1a1/2026/07/01/19/20/46-06000.avif 200 
2026-07-01 19:20:59,246 [INFO] Capturing response: https://android.clients.google.com/c2dm/register3 200 
2026-07-01 19:20:59,265 [INFO] Capturing response: https://android.clients.google.com/c2dm/register3 200 
2026-07-01 19:20:59,457 [INFO] Capturing request: https://ts.yedeklinksa35.workers.dev/trtspor/tracks-v1a1/2026/07/01/19/20/52-06000.avif
2026-07-01 19:20:59,519 [INFO]   ✅ M3U8 bulundu: https://hlssssssssssssssssss.yedeklinksa35.workers.dev/https://corestream.ronaldovurdu.help//trtspor/tracks-v1a1/mono.m3u8
2026-07-01 19:20:59,913 [INFO] Capturing response: https://ts.yedeklinksa35.workers.dev/trtspor/tracks-v1a1/2026/07/01/19/20/52-06000.avif 200 
2026-07-01 19:21:00,519 [INFO] 
[2/14]
2026-07-01 19:21:00,520 [INFO] 🔍 beIN Sports 2 → https://atomsportv508.top/matches?id=bein-sports-2
2026-07-01 19:21:00,634 [INFO] Capturing request: https://atomsportv508.top/matches?id=bein-sports-2
2026-07-01 19:21:00,696 [INFO] Capturing response: https://atomsportv508.top/matches?id=bein-sports-2 200 
2026-07-01 19:21:00,707 [INFO] Capturing request: https://atomsportv508.top/cdn-cgi/rum?
2026-07-01 19:21:00,757 [INFO] Capturing request: https://streamsport365.com/cinema
2026-07-01 19:21:00,759 [INFO] Capturing request: https://atomsportv508.top/cdn-cgi/rum?
2026-07-01 19:21:00,823 [INFO] Capturing response: https://atomsportv508.top/cdn-cgi/rum? 204 
2026-07-01 19:21:00,852 [INFO] Capturing request: https://teletv5.top/load/yayinlink.php?id=bein-sports-2
2026-07-01 19:21:00,859 [INFO] Capturing request: https://atomsportv508.top/favicon.ico
2026-07-01 19:21:00,905 [INFO] Capturing response: https://atomsportv508.top/favicon.ico 200 
2026-07-01 19:21:00,916 [INFO] Capturing response: https://atomsportv508.top/cdn-cgi/rum? 204 
2026-07-01 19:21:01,003 [INFO] Capturing response: https://streamsport365.com/cinema 200 
2026-07-01 19:21:01,013 [INFO] Capturing response: https://teletv5.top/load/yayinlink.php?id=bein-sports-2 200 
2026-07-01 19:21:01,135 [INFO] Capturing request: https://hlssssssssssssssssss.yedeklinksa35.workers.dev/https://corestream.ronaldovurdu.help//bein2/tracks-v1a1/mono.m3u8
2026-07-01 19:21:01,280 [INFO] Capturing response: https://hlssssssssssssssssss.yedeklinksa35.workers.dev/https://corestream.ronaldovurdu.help//bein2/tracks-v1a1/mono.m3u8 200 
2026-07-01 19:21:01,389 [INFO] Capturing request: https://ts.yedeklinksa35.workers.dev/bein2/tracks-v1a1/2026/07/01/19/21/09-10000.avif
2026-07-01 19:21:02,092 [INFO] Capturing response: https://ts.yedeklinksa35.workers.dev/bein2/tracks-v1a1/2026/07/01/19/21/09-10000.avif 200 
2026-07-01 19:21:02,367 [INFO] Capturing request: https://ts.yedeklinksa35.workers.dev/bein2/tracks-v1a1/2026/07/01/19/21/19-10000.avif
2026-07-01 19:21:03,075 [INFO] Capturing response: https://ts.yedeklinksa35.workers.dev/bein2/tracks-v1a1/2026/07/01/19/21/19-10000.avif 200 
2026-07-01 19:21:03,329 [INFO] Capturing request: https://ts.yedeklinksa35.workers.dev/bein2/tracks-v1a1/2026/07/01/19/21/29-10000.avif
2026-07-01 19:21:03,780 [INFO]   ✅ M3U8 bulundu: https://hlssssssssssssssssss.yedeklinksa35.workers.dev/https://corestream.ronaldovurdu.help//bein2/tracks-v1a1/mono.m3u8
2026-07-01 19:21:04,053 [INFO] Capturing response: https://ts.yedeklinksa35.workers.dev/bein2/tracks-v1a1/2026/07/01/19/21/29-10000.avif 200 
2026-07-01 19:21:04,781 [INFO] 
[3/14]
2026-07-01 19:21:04,781 [INFO] 🔍 beIN Sports 3 → https://atomsportv508.top/matches?id=bein-sports-3
2026-07-01 19:21:04,893 [INFO] Capturing request: https://atomsportv508.top/assets/js/clappr.js
2026-07-01 19:21:04,895 [INFO] Capturing request: https://atomsportv508.top/matches?id=bein-sports-3
2026-07-01 19:21:04,915 [INFO] Capturing response: https://atomsportv508.top/assets/js/clappr.js 200 
2026-07-01 19:21:04,959 [INFO] Capturing response: https://atomsportv508.top/matches?id=bein-sports-3 200 
2026-07-01 19:21:04,968 [INFO] Capturing request: https://atomsportv508.top/cdn-cgi/rum?
2026-07-01 19:21:05,002 [INFO] Capturing request: https://atomsportv508.top/cdn-cgi/rum?
2026-07-01 19:21:05,100 [INFO] Capturing request: https://teletv5.top/load/yayinlink.php?id=bein-sports-3
2026-07-01 19:21:05,103 [INFO] Capturing request: https://atomsportv508.top/favicon.ico
2026-07-01 19:21:05,112 [INFO] Capturing response: https://atomsportv508.top/cdn-cgi/rum? 204 
2026-07-01 19:21:05,117 [INFO] Capturing response: https://atomsportv508.top/cdn-cgi/rum? 204 
2026-07-01 19:21:05,143 [INFO] Capturing response: https://atomsportv508.top/favicon.ico 200 
2026-07-01 19:21:05,198 [INFO] Capturing request: https://streamsport365.com/cinema
2026-07-01 19:21:05,262 [INFO] Capturing response: https://teletv5.top/load/yayinlink.php?id=bein-sports-3 200 
2026-07-01 19:21:05,454 [INFO] Capturing response: https://streamsport365.com/cinema 200 
2026-07-01 19:21:24,351 [INFO] Capturing request: https://android.clients.google.com/c2dm/register3
2026-07-01 19:21:24,414 [INFO] Capturing response: https://android.clients.google.com/c2dm/register3 301 
2026-07-01 19:21:38,307 [WARNING]   ❌ beIN Sports 3 için M3U8 bulunamadı
2026-07-01 19:21:39,307 [INFO] 
[4/14]
2026-07-01 19:21:39,307 [INFO] 🔍 beIN Sports 4 → https://atomsportv508.top/matches?id=bein-sports-4
2026-07-01 19:21:39,417 [INFO] Capturing request: https://atomsportv508.top/assets/js/clappr.js
2026-07-01 19:21:39,418 [INFO] Capturing request: https://atomsportv508.top/matches?id=bein-sports-4
2026-07-01 19:21:39,447 [INFO] Capturing response: https://atomsportv508.top/assets/js/clappr.js 200 
2026-07-01 19:21:39,958 [INFO] Capturing response: https://atomsportv508.top/matches?id=bein-sports-4 200 
2026-07-01 19:21:39,967 [INFO] Capturing request: https://atomsportv508.top/cdn-cgi/rum?
2026-07-01 19:21:39,998 [INFO] Capturing request: https://atomsportv508.top/cdn-cgi/rum?
2026-07-01 19:21:40,083 [INFO] Capturing response: https://atomsportv508.top/cdn-cgi/rum? 204 
2026-07-01 19:21:40,098 [INFO] Capturing request: https://teletv5.top/load/yayinlink.php?id=bein-sports-4
2026-07-01 19:21:40,100 [INFO] Capturing request: https://atomsportv508.top/favicon.ico
2026-07-01 19:21:40,145 [INFO] Capturing response: https://atomsportv508.top/favicon.ico 200 
2026-07-01 19:21:40,155 [INFO] Capturing response: https://atomsportv508.top/cdn-cgi/rum? 204 
2026-07-01 19:21:40,196 [INFO] Capturing request: https://streamsport365.com/cinema
2026-07-01 19:21:40,263 [INFO] Capturing response: https://teletv5.top/load/yayinlink.php?id=bein-sports-4 200 
2026-07-01 19:21:40,436 [INFO] Capturing response: https://streamsport365.com/cinema 200 
2026-07-01 19:21:55,320 [INFO] Capturing request: https://update.googleapis.com/service/update2/json?cup2key=16:KCyeGsMZpdPwik3_hMlw9V0lEiB4bgg_Hd3tT_BKYuc&cup2hreq=4f891fbd6a7a53fab3ea9c8a14669429f3ba04985e76b0c7700dfb11f480a89c
2026-07-01 19:21:55,355 [INFO] Capturing response: https://update.googleapis.com/service/update2/json?cup2key=16:KCyeGsMZpdPwik3_hMlw9V0lEiB4bgg_Hd3tT_BKYuc&cup2hreq=4f891fbd6a7a53fab3ea9c8a14669429f3ba04985e76b0c7700dfb11f480a89c 200 
2026-07-01 19:22:05,927 [INFO] Capturing request: https://android.clients.google.com/c2dm/register3
2026-07-01 19:22:05,977 [INFO] Capturing response: https://android.clients.google.com/c2dm/register3 301 
2026-07-01 19:22:13,263 [WARNING]   ❌ beIN Sports 4 için M3U8 bulunamadı
2026-07-01 19:22:14,263 [INFO] 
[5/14]
2026-07-01 19:22:14,263 [INFO] 🔍 beIN Sports 5 → https://atomsportv508.top/matches?id=bein-sports-5
2026-07-01 19:22:14,375 [INFO] Capturing request: https://atomsportv508.top/assets/js/clappr.js
2026-07-01 19:22:14,376 [INFO] Capturing request: https://atomsportv508.top/matches?id=bein-sports-5
2026-07-01 19:22:14,400 [INFO] Capturing response: https://atomsportv508.top/assets/js/clappr.js 200 
2026-07-01 19:22:14,660 [INFO] Capturing response: https://atomsportv508.top/matches?id=bein-sports-5 200 
2026-07-01 19:22:14,670 [INFO] Capturing request: https://atomsportv508.top/cdn-cgi/rum?
2026-07-01 19:22:14,701 [INFO] Capturing request: https://atomsportv508.top/cdn-cgi/rum?
2026-07-01 19:22:14,792 [INFO] Capturing response: https://atomsportv508.top/cdn-cgi/rum? 204 
2026-07-01 19:22:14,795 [INFO] Capturing request: https://teletv5.top/load/yayinlink.php?id=bein-sports-5
2026-07-01 19:22:14,802 [INFO] Capturing request: https://atomsportv508.top/favicon.ico
2026-07-01 19:22:14,842 [INFO] Capturing response: https://atomsportv508.top/favicon.ico 200 
2026-07-01 19:22:14,860 [INFO] Capturing response: https://atomsportv508.top/cdn-cgi/rum? 204 
2026-07-01 19:22:14,895 [INFO] Capturing request: https://streamsport365.com/cinema
2026-07-01 19:22:14,964 [INFO] Capturing response: https://teletv5.top/load/yayinlink.php?id=bein-sports-5 200 
2026-07-01 19:22:15,137 [INFO] Capturing response: https://streamsport365.com/cinema 200 
2026-07-01 19:22:47,951 [WARNING]   ❌ beIN Sports 5 için M3U8 bulunamadı
2026-07-01 19:22:48,952 [INFO] 
[6/14]
2026-07-01 19:22:48,952 [INFO] 🔍 beIN Sports Max 1 → https://atomsportv508.top/matches?id=bein-sports-max-1
2026-07-01 19:22:49,061 [INFO] Capturing request: https://atomsportv508.top/assets/js/clappr.js
2026-07-01 19:22:49,062 [INFO] Capturing request: https://atomsportv508.top/matches?id=bein-sports-max-1
2026-07-01 19:22:49,088 [INFO] Capturing response: https://atomsportv508.top/assets/js/clappr.js 200 
2026-07-01 19:22:49,384 [INFO] Capturing response: https://atomsportv508.top/matches?id=bein-sports-max-1 200 
2026-07-01 19:22:49,393 [INFO] Capturing request: https://atomsportv508.top/cdn-cgi/rum?
2026-07-01 19:22:49,421 [INFO] Capturing request: https://atomsportv508.top/cdn-cgi/rum?
2026-07-01 19:22:49,510 [INFO] Capturing response: https://atomsportv508.top/cdn-cgi/rum? 204 
2026-07-01 19:22:49,523 [INFO] Capturing request: https://teletv5.top/load/yayinlink.php?id=bein-sports-max-1
2026-07-01 19:22:49,525 [INFO] Capturing request: https://atomsportv508.top/favicon.ico
2026-07-01 19:22:49,569 [INFO] Capturing response: https://atomsportv508.top/favicon.ico 200 
2026-07-01 19:22:49,578 [INFO] Capturing response: https://atomsportv508.top/cdn-cgi/rum? 204 
2026-07-01 19:22:49,619 [INFO] Capturing request: https://streamsport365.com/cinema
2026-07-01 19:22:49,691 [INFO] Capturing response: https://teletv5.top/load/yayinlink.php?id=bein-sports-max-1 200 
2026-07-01 19:22:49,963 [INFO] Capturing response: https://streamsport365.com/cinema 200 
2026-07-01 19:23:22,672 [WARNING]   ❌ beIN Sports Max 1 için M3U8 bulunamadı
2026-07-01 19:23:23,672 [INFO] 
[7/14]
2026-07-01 19:23:23,672 [INFO] 🔍 beIN Sports Max 2 → https://atomsportv508.top/matches?id=bein-sports-max-2
2026-07-01 19:23:23,781 [INFO] Capturing request: https://atomsportv508.top/assets/js/clappr.js
2026-07-01 19:23:23,785 [INFO] Capturing request: https://atomsportv508.top/matches?id=bein-sports-max-2
2026-07-01 19:23:23,816 [INFO] Capturing response: https://atomsportv508.top/assets/js/clappr.js 200 
2026-07-01 19:23:24,071 [INFO] Capturing response: https://atomsportv508.top/matches?id=bein-sports-max-2 200 
2026-07-01 19:23:24,080 [INFO] Capturing request: https://atomsportv508.top/cdn-cgi/rum?
2026-07-01 19:23:24,110 [INFO] Capturing request: https://atomsportv508.top/cdn-cgi/rum?
2026-07-01 19:23:24,195 [INFO] Capturing response: https://atomsportv508.top/cdn-cgi/rum? 204 
2026-07-01 19:23:24,208 [INFO] Capturing request: https://teletv5.top/load/yayinlink.php?id=bein-sports-max-2
2026-07-01 19:23:24,218 [INFO] Capturing request: https://atomsportv508.top/favicon.ico
2026-07-01 19:23:24,268 [INFO] Capturing response: https://atomsportv508.top/cdn-cgi/rum? 204 
2026-07-01 19:23:24,275 [INFO] Capturing response: https://atomsportv508.top/favicon.ico 200 
2026-07-01 19:23:24,310 [INFO] Capturing request: https://streamsport365.com/cinema
2026-07-01 19:23:24,360 [INFO] Capturing response: https://teletv5.top/load/yayinlink.php?id=bein-sports-max-2 200 
2026-07-01 19:23:24,551 [INFO] Capturing response: https://streamsport365.com/cinema 200 
2026-07-01 19:23:57,388 [WARNING]   ❌ beIN Sports Max 2 için M3U8 bulunamadı
2026-07-01 19:23:58,388 [INFO] 
[8/14]
2026-07-01 19:23:58,388 [INFO] 🔍 S Sport → https://atomsportv508.top/matches?id=s-sport
2026-07-01 19:23:58,496 [INFO] Capturing request: https://atomsportv508.top/assets/js/clappr.js
2026-07-01 19:23:58,499 [INFO] Capturing request: https://atomsportv508.top/matches?id=s-sport
2026-07-01 19:23:58,519 [INFO] Capturing response: https://atomsportv508.top/assets/js/clappr.js 200 
2026-07-01 19:23:58,754 [INFO] Capturing response: https://atomsportv508.top/matches?id=s-sport 200 
2026-07-01 19:23:58,764 [INFO] Capturing request: https://atomsportv508.top/cdn-cgi/rum?
2026-07-01 19:23:58,795 [INFO] Capturing request: https://atomsportv508.top/cdn-cgi/rum?
2026-07-01 19:23:58,890 [INFO] Capturing request: https://teletv5.top/load/yayinlink.php?id=s-sport
2026-07-01 19:23:58,897 [INFO] Capturing request: https://atomsportv508.top/favicon.ico
2026-07-01 19:23:58,914 [INFO] Capturing response: https://atomsportv508.top/cdn-cgi/rum? 204 
2026-07-01 19:23:58,921 [INFO] Capturing response: https://atomsportv508.top/cdn-cgi/rum? 204 
2026-07-01 19:23:58,950 [INFO] Capturing response: https://atomsportv508.top/favicon.ico 200 
2026-07-01 19:23:58,989 [INFO] Capturing request: https://streamsport365.com/cinema
2026-07-01 19:23:59,047 [INFO] Capturing response: https://teletv5.top/load/yayinlink.php?id=s-sport 200 
2026-07-01 19:23:59,244 [INFO] Capturing response: https://streamsport365.com/cinema 200 
2026-07-01 19:23:59,364 [INFO] Capturing request: https://hlssssssssssssssssss.yedeklinksa35.workers.dev/https://corestream.ronaldovurdu.help//s-sportt/tracks-v1a1/mono.m3u8
2026-07-01 19:23:59,523 [INFO] Capturing response: https://hlssssssssssssssssss.yedeklinksa35.workers.dev/https://corestream.ronaldovurdu.help//s-sportt/tracks-v1a1/mono.m3u8 200 
2026-07-01 19:23:59,633 [INFO] Capturing request: https://ts.yedeklinksa35.workers.dev/s-sportt/tracks-v1a1/2026/07/01/19/24/16-05000.avif
2026-07-01 19:24:00,424 [INFO] Capturing response: https://ts.yedeklinksa35.workers.dev/s-sportt/tracks-v1a1/2026/07/01/19/24/16-05000.avif 200 
2026-07-01 19:24:00,446 [INFO] Capturing request: https://android.clients.google.com/c2dm/register3
2026-07-01 19:24:00,495 [INFO] Capturing response: https://android.clients.google.com/c2dm/register3 301 
2026-07-01 19:24:00,634 [INFO] Capturing request: https://ts.yedeklinksa35.workers.dev/s-sportt/tracks-v1a1/2026/07/01/19/24/21-05000.avif
2026-07-01 19:24:01,016 [INFO] Capturing response: https://ts.yedeklinksa35.workers.dev/s-sportt/tracks-v1a1/2026/07/01/19/24/21-05000.avif 200 
2026-07-01 19:24:01,211 [INFO] Capturing request: https://ts.yedeklinksa35.workers.dev/s-sportt/tracks-v1a1/2026/07/01/19/24/26-05000.avif
2026-07-01 19:24:01,629 [INFO] Capturing response: https://ts.yedeklinksa35.workers.dev/s-sportt/tracks-v1a1/2026/07/01/19/24/26-05000.avif 200 
2026-07-01 19:24:01,818 [INFO]   ✅ M3U8 bulundu: https://hlssssssssssssssssss.yedeklinksa35.workers.dev/https://corestream.ronaldovurdu.help//s-sportt/tracks-v1a1/mono.m3u8
2026-07-01 19:24:02,818 [INFO] 
[9/14]
2026-07-01 19:24:02,818 [INFO] 🔍 S Sport 2 → https://atomsportv508.top/matches?id=s-sport-2
2026-07-01 19:24:02,928 [INFO] Capturing request: https://atomsportv508.top/assets/js/clappr.js
2026-07-01 19:24:02,930 [INFO] Capturing request: https://atomsportv508.top/matches?id=s-sport-2
2026-07-01 19:24:02,953 [INFO] Capturing response: https://atomsportv508.top/assets/js/clappr.js 200 
2026-07-01 19:24:02,983 [INFO] Capturing response: https://atomsportv508.top/matches?id=s-sport-2 200 
2026-07-01 19:24:02,993 [INFO] Capturing request: https://atomsportv508.top/cdn-cgi/rum?
2026-07-01 19:24:03,024 [INFO] Capturing request: https://streamsport365.com/cinema
2026-07-01 19:24:03,029 [INFO] Capturing request: https://atomsportv508.top/cdn-cgi/rum?
2026-07-01 19:24:03,123 [INFO] Capturing request: https://teletv5.top/load/yayinlink.php?id=s-sport-2
2026-07-01 19:24:03,132 [INFO] Capturing request: https://atomsportv508.top/favicon.ico
2026-07-01 19:24:03,142 [INFO] Capturing response: https://atomsportv508.top/cdn-cgi/rum? 204 
2026-07-01 19:24:03,146 [INFO] Capturing response: https://atomsportv508.top/cdn-cgi/rum? 204 
2026-07-01 19:24:03,179 [INFO] Capturing response: https://atomsportv508.top/favicon.ico 200 
2026-07-01 19:24:03,267 [INFO] Capturing response: https://streamsport365.com/cinema 200 
2026-07-01 19:24:03,281 [INFO] Capturing response: https://teletv5.top/load/yayinlink.php?id=s-sport-2 200 
2026-07-01 19:24:03,442 [INFO] Capturing request: https://hlssssssssssssssssss.yedeklinksa35.workers.dev/https://corestream.ronaldovurdu.help//s-sport2/tracks-v1a1/mono.m3u8
2026-07-01 19:24:03,575 [INFO] Capturing response: https://hlssssssssssssssssss.yedeklinksa35.workers.dev/https://corestream.ronaldovurdu.help//s-sport2/tracks-v1a1/mono.m3u8 200 
2026-07-01 19:24:03,724 [INFO] Capturing request: https://ts.yedeklinksa35.workers.dev/s-sport2/tracks-v1a1/2026/07/01/19/24/12-06000.avif
2026-07-01 19:24:04,648 [INFO] Capturing response: https://ts.yedeklinksa35.workers.dev/s-sport2/tracks-v1a1/2026/07/01/19/24/12-06000.avif 200 
2026-07-01 19:24:04,953 [INFO] Capturing request: https://ts.yedeklinksa35.workers.dev/s-sport2/tracks-v1a1/2026/07/01/19/24/18-06000.avif
2026-07-01 19:24:05,744 [INFO] Capturing response: https://ts.yedeklinksa35.workers.dev/s-sport2/tracks-v1a1/2026/07/01/19/24/18-06000.avif 200 
2026-07-01 19:24:06,039 [INFO] Capturing request: https://ts.yedeklinksa35.workers.dev/s-sport2/tracks-v1a1/2026/07/01/19/24/24-06000.avif
2026-07-01 19:24:06,046 [INFO]   ✅ M3U8 bulundu: https://hlssssssssssssssssss.yedeklinksa35.workers.dev/https://corestream.ronaldovurdu.help//s-sport2/tracks-v1a1/mono.m3u8
2026-07-01 19:24:07,033 [INFO] Capturing response: https://ts.yedeklinksa35.workers.dev/s-sport2/tracks-v1a1/2026/07/01/19/24/24-06000.avif 200 
2026-07-01 19:24:07,047 [INFO] 
[10/14]
2026-07-01 19:24:07,047 [INFO] 🔍 A Spor → https://atomsportv508.top/matches?id=a-spor
2026-07-01 19:24:07,183 [INFO] Capturing request: https://atomsportv508.top/matches?id=a-spor
2026-07-01 19:24:07,184 [INFO] Capturing request: https://atomsportv508.top/assets/js/clappr.js
2026-07-01 19:24:07,237 [INFO] Capturing response: https://atomsportv508.top/matches?id=a-spor 200 
2026-07-01 19:24:07,250 [INFO] Capturing request: https://atomsportv508.top/cdn-cgi/rum?
2026-07-01 19:24:07,257 [INFO] Capturing response: https://atomsportv508.top/assets/js/clappr.js 200 
2026-07-01 19:24:07,282 [INFO] Capturing request: https://atomsportv508.top/cdn-cgi/rum?
2026-07-01 19:24:07,365 [INFO] Capturing response: https://atomsportv508.top/cdn-cgi/rum? 204 
2026-07-01 19:24:07,377 [INFO] Capturing request: https://teletv5.top/load/yayinlink.php?id=a-spor
2026-07-01 19:24:07,387 [INFO] Capturing request: https://atomsportv508.top/favicon.ico
2026-07-01 19:24:07,423 [INFO] Capturing response: https://atomsportv508.top/favicon.ico 200 
2026-07-01 19:24:07,441 [INFO] Capturing response: https://atomsportv508.top/cdn-cgi/rum? 204 
2026-07-01 19:24:07,475 [INFO] Capturing request: https://streamsport365.com/cinema
2026-07-01 19:24:07,536 [INFO] Capturing response: https://teletv5.top/load/yayinlink.php?id=a-spor 200 
2026-07-01 19:24:07,728 [INFO] Capturing response: https://streamsport365.com/cinema 200 
2026-07-01 19:24:07,847 [INFO] Capturing request: https://hlssssssssssssssssss.yedeklinksa35.workers.dev/https://corestream.ronaldovurdu.help//aspor/tracks-v1a1/mono.m3u8
2026-07-01 19:24:07,977 [INFO] Capturing response: https://hlssssssssssssssssss.yedeklinksa35.workers.dev/https://corestream.ronaldovurdu.help//aspor/tracks-v1a1/mono.m3u8 200 
2026-07-01 19:24:08,093 [INFO] Capturing request: https://ts.yedeklinksa35.workers.dev/aspor/tracks-v1a1/2026/07/01/19/23/40-10000.avif
2026-07-01 19:24:09,097 [INFO] Capturing response: https://ts.yedeklinksa35.workers.dev/aspor/tracks-v1a1/2026/07/01/19/23/40-10000.avif 200 
2026-07-01 19:24:09,403 [INFO] Capturing request: https://ts.yedeklinksa35.workers.dev/aspor/tracks-v1a1/2026/07/01/19/23/50-10000.avif
2026-07-01 19:24:10,306 [INFO]   ✅ M3U8 bulundu: https://hlssssssssssssssssss.yedeklinksa35.workers.dev/https://corestream.ronaldovurdu.help//aspor/tracks-v1a1/mono.m3u8
2026-07-01 19:24:10,347 [INFO] Capturing response: https://ts.yedeklinksa35.workers.dev/aspor/tracks-v1a1/2026/07/01/19/23/50-10000.avif 200 
2026-07-01 19:24:10,661 [INFO] Capturing request: https://ts.yedeklinksa35.workers.dev/aspor/tracks-v1a1/2026/07/01/19/24/00-10000.avif
2026-07-01 19:24:11,307 [INFO] 
[11/14]
2026-07-01 19:24:11,307 [INFO] 🔍 Tivibu Spor 1 → https://atomsportv508.top/matches?id=tivibu-spor-1
2026-07-01 19:24:11,417 [INFO] Capturing request: https://atomsportv508.top/assets/js/clappr.js
2026-07-01 19:24:11,424 [INFO] Capturing request: https://atomsportv508.top/matches?id=tivibu-spor-1
2026-07-01 19:24:11,441 [INFO] Capturing response: https://atomsportv508.top/assets/js/clappr.js 200 
2026-07-01 19:24:11,489 [INFO] Capturing response: https://atomsportv508.top/matches?id=tivibu-spor-1 200 
2026-07-01 19:24:11,513 [INFO] Capturing request: https://atomsportv508.top/cdn-cgi/rum?
2026-07-01 19:24:11,535 [INFO] Capturing request: https://streamsport365.com/cinema
2026-07-01 19:24:11,540 [INFO] Capturing request: https://atomsportv508.top/cdn-cgi/rum?
2026-07-01 19:24:11,635 [INFO] Capturing request: https://teletv5.top/load/yayinlink.php?id=tivibu-spor-1
2026-07-01 19:24:11,649 [INFO] Capturing request: https://atomsportv508.top/favicon.ico
2026-07-01 19:24:11,652 [INFO] Capturing response: https://atomsportv508.top/cdn-cgi/rum? 204 
2026-07-01 19:24:11,687 [INFO] Capturing response: https://atomsportv508.top/favicon.ico 200 
2026-07-01 19:24:11,690 [INFO] Capturing response: https://atomsportv508.top/cdn-cgi/rum? 204 
2026-07-01 19:24:11,786 [INFO] Capturing response: https://streamsport365.com/cinema 200 
2026-07-01 19:24:11,791 [INFO] Capturing response: https://ts.yedeklinksa35.workers.dev/aspor/tracks-v1a1/2026/07/01/19/24/00-10000.avif 200 
2026-07-01 19:24:11,793 [INFO] Capturing response: https://teletv5.top/load/yayinlink.php?id=tivibu-spor-1 200 
2026-07-01 19:24:44,806 [WARNING]   ❌ Tivibu Spor 1 için M3U8 bulunamadı
2026-07-01 19:24:45,806 [INFO] 
[12/14]
2026-07-01 19:24:45,806 [INFO] 🔍 Tivibu Spor 2 → https://atomsportv508.top/matches?id=tivibu-spor-2
2026-07-01 19:24:45,915 [INFO] Capturing request: https://atomsportv508.top/assets/js/clappr.js
2026-07-01 19:24:45,917 [INFO] Capturing request: https://atomsportv508.top/matches?id=tivibu-spor-2
2026-07-01 19:24:45,939 [INFO] Capturing response: https://atomsportv508.top/assets/js/clappr.js 200 
2026-07-01 19:24:46,214 [INFO] Capturing response: https://atomsportv508.top/matches?id=tivibu-spor-2 200 
2026-07-01 19:24:46,223 [INFO] Capturing request: https://atomsportv508.top/cdn-cgi/rum?
2026-07-01 19:24:46,252 [INFO] Capturing request: https://atomsportv508.top/cdn-cgi/rum?
2026-07-01 19:24:46,338 [INFO] Capturing response: https://atomsportv508.top/cdn-cgi/rum? 204 
2026-07-01 19:24:46,349 [INFO] Capturing request: https://teletv5.top/load/yayinlink.php?id=tivibu-spor-2
2026-07-01 19:24:46,351 [INFO] Capturing request: https://atomsportv508.top/favicon.ico
2026-07-01 19:24:46,397 [INFO] Capturing response: https://atomsportv508.top/favicon.ico 200 
2026-07-01 19:24:46,409 [INFO] Capturing response: https://atomsportv508.top/cdn-cgi/rum? 204 
2026-07-01 19:24:46,446 [INFO] Capturing request: https://streamsport365.com/cinema
2026-07-01 19:24:46,515 [INFO] Capturing response: https://teletv5.top/load/yayinlink.php?id=tivibu-spor-2 200 
2026-07-01 19:24:46,694 [INFO] Capturing response: https://streamsport365.com/cinema 200 
2026-07-01 19:24:55,591 [INFO] 127.0.0.1:42826: HTTP/2 connection terminated by server: error code: 0, last stream id: 201, additional data: b'session_timed_out'
2026-07-01 19:24:55,911 [INFO] 127.0.0.1:42866: HTTP/2 connection terminated by server: error code: 0, last stream id: 201, additional data: b'session_timed_out'
2026-07-01 19:25:19,522 [WARNING]   ❌ Tivibu Spor 2 için M3U8 bulunamadı
2026-07-01 19:25:20,523 [INFO] 
[13/14]
2026-07-01 19:25:20,523 [INFO] 🔍 Tivibu Spor 3 → https://atomsportv508.top/matches?id=tivibu-spor-3
2026-07-01 19:25:20,633 [INFO] Capturing request: https://atomsportv508.top/assets/js/clappr.js
2026-07-01 19:25:20,634 [INFO] Capturing request: https://atomsportv508.top/matches?id=tivibu-spor-3
2026-07-01 19:25:20,676 [INFO] Capturing response: https://atomsportv508.top/assets/js/clappr.js 200 
2026-07-01 19:25:20,937 [INFO] Capturing response: https://atomsportv508.top/matches?id=tivibu-spor-3 200 
2026-07-01 19:25:20,946 [INFO] Capturing request: https://atomsportv508.top/cdn-cgi/rum?
2026-07-01 19:25:20,979 [INFO] Capturing request: https://atomsportv508.top/cdn-cgi/rum?
2026-07-01 19:25:21,065 [INFO] Capturing response: https://atomsportv508.top/cdn-cgi/rum? 204 
2026-07-01 19:25:21,069 [INFO] Capturing request: https://teletv5.top/load/yayinlink.php?id=tivibu-spor-3
2026-07-01 19:25:21,083 [INFO] Capturing request: https://atomsportv508.top/favicon.ico
2026-07-01 19:25:21,133 [INFO] Capturing response: https://atomsportv508.top/favicon.ico 200 
2026-07-01 19:25:21,136 [INFO] Capturing response: https://atomsportv508.top/cdn-cgi/rum? 204 
2026-07-01 19:25:21,171 [INFO] Capturing request: https://streamsport365.com/cinema
2026-07-01 19:25:21,233 [INFO] Capturing response: https://teletv5.top/load/yayinlink.php?id=tivibu-spor-3 200 
2026-07-01 19:25:21,412 [INFO] Capturing response: https://streamsport365.com/cinema 200 
2026-07-01 19:25:54,251 [WARNING]   ❌ Tivibu Spor 3 için M3U8 bulunamadı
2026-07-01 19:25:55,251 [INFO] 
[14/14]
2026-07-01 19:25:55,251 [INFO] 🔍 Tivibu Spor 4 → https://atomsportv508.top/matches?id=tivibu-spor-4
2026-07-01 19:25:55,358 [INFO] 127.0.0.1:42838: HTTP/2 connection terminated by server: error code: 0, last stream id: 205, additional data: b'session_timed_out'
2026-07-01 19:25:55,361 [INFO] Capturing request: https://atomsportv508.top/assets/js/clappr.js
2026-07-01 19:25:55,363 [INFO] Capturing request: https://atomsportv508.top/matches?id=tivibu-spor-4
2026-07-01 19:25:55,387 [INFO] Capturing response: https://atomsportv508.top/assets/js/clappr.js 200 
2026-07-01 19:25:55,619 [INFO] Capturing response: https://atomsportv508.top/matches?id=tivibu-spor-4 200 
2026-07-01 19:25:55,629 [INFO] Capturing request: https://atomsportv508.top/cdn-cgi/rum?
2026-07-01 19:25:55,659 [INFO] Capturing request: https://atomsportv508.top/cdn-cgi/rum?
2026-07-01 19:25:55,759 [INFO] Capturing request: https://teletv5.top/load/yayinlink.php?id=tivibu-spor-4
2026-07-01 19:25:55,764 [INFO] Capturing request: https://atomsportv508.top/favicon.ico
2026-07-01 19:25:55,771 [INFO] Capturing response: https://atomsportv508.top/cdn-cgi/rum? 204 
2026-07-01 19:25:55,777 [INFO] Capturing response: https://atomsportv508.top/cdn-cgi/rum? 204 
2026-07-01 19:25:55,809 [INFO] Capturing response: https://atomsportv508.top/favicon.ico 200 
2026-07-01 19:25:55,856 [INFO] Capturing request: https://streamsport365.com/cinema
2026-07-01 19:25:55,924 [INFO] Capturing response: https://teletv5.top/load/yayinlink.php?id=tivibu-spor-4 200 
2026-07-01 19:25:56,104 [INFO] Capturing response: https://streamsport365.com/cinema 200 
2026-07-01 19:26:28,940 [WARNING]   ❌ Tivibu Spor 4 için M3U8 bulunamadı
2026-07-01 19:26:30,003 [INFO] ✅ 5 kanal bulundu, playlist.m3u kaydedildi
