2026-07-19 04:50:45,078 [INFO] 🌐 BASE_URL: https://atomsportv510.top
2026-07-19 04:50:45,882 [INFO] Başlanıyor... 14 kanal taranacak
2026-07-19 04:50:45,882 [INFO] Using default request storage
2026-07-19 04:50:45,886 [INFO] Created proxy listening on 127.0.0.1:33723
2026-07-19 04:50:46,590 [INFO] Capturing request: http://clients2.google.com/time/1/current?cup2key=10:BnqIuOBv352MXLKylsJ670cl0nAv_6tkuStoEUyT4Vc&cup2hreq=e3b0c44298fc1c149afbf4c8996fb92427ae41e4649b934ca495991b7852b855
2026-07-19 04:50:46,628 [INFO] Capturing response: http://clients2.google.com/time/1/current?cup2key=10:BnqIuOBv352MXLKylsJ670cl0nAv_6tkuStoEUyT4Vc&cup2hreq=e3b0c44298fc1c149afbf4c8996fb92427ae41e4649b934ca495991b7852b855 200 OK
2026-07-19 04:50:46,824 [INFO] 
[1/14]
2026-07-19 04:50:46,825 [INFO] 🔍 beIN Sports 1 → https://atomsportv510.top/matches?id=bein-sports-1
2026-07-19 04:50:46,959 [INFO] Capturing request: https://accounts.google.com/ListAccounts?gpsia=1&source=ChromiumBrowser&json=standard&laf=b64bin
2026-07-19 04:50:46,961 [INFO] Capturing request: https://update.googleapis.com/service/update2/json?cup2key=16:bPypZHvEz1lumnNqZ41G7hImitN7JVnb79FFHXVX_O0&cup2hreq=472787fd8b112303bf666f1e1cb1aa60a76de467a2601eb156bcba2f93cb80e7
2026-07-19 04:50:47,038 [INFO] Capturing response: https://accounts.google.com/ListAccounts?gpsia=1&source=ChromiumBrowser&json=standard&laf=b64bin 200 
2026-07-19 04:50:47,050 [INFO] Capturing request: https://www.google.com/async/folae?async=_fmt:pb&udm=50&client_locale=en-US&client_country=ZZ
2026-07-19 04:50:47,054 [INFO] Capturing request: https://atomsportv510.top/matches?id=bein-sports-1
2026-07-19 04:50:47,071 [INFO] Capturing response: https://www.google.com/async/folae?async=_fmt:pb&udm=50&client_locale=en-US&client_country=ZZ 200 
2026-07-19 04:50:47,088 [INFO] Capturing response: https://update.googleapis.com/service/update2/json?cup2key=16:bPypZHvEz1lumnNqZ41G7hImitN7JVnb79FFHXVX_O0&cup2hreq=472787fd8b112303bf666f1e1cb1aa60a76de467a2601eb156bcba2f93cb80e7 200 
2026-07-19 04:50:47,097 [INFO] Capturing response: https://atomsportv510.top/matches?id=bein-sports-1 200 
2026-07-19 04:50:47,136 [INFO] Capturing request: https://update.googleapis.com/service/update2/json?cup2key=16:Y2oh89NoOVK-bsJDbkXks0zF2SXl1T1XaOF-Wc7ftuo&cup2hreq=f6d9133bdbffdcec2d615afb3f2a99a69617764f9412fa659d3bc8425ca590c1
2026-07-19 04:50:47,163 [INFO] Capturing response: https://update.googleapis.com/service/update2/json?cup2key=16:Y2oh89NoOVK-bsJDbkXks0zF2SXl1T1XaOF-Wc7ftuo&cup2hreq=f6d9133bdbffdcec2d615afb3f2a99a69617764f9412fa659d3bc8425ca590c1 200 
2026-07-19 04:50:47,213 [INFO] Capturing request: https://update.googleapis.com/service/update2/json?cup2key=16:u3XEhj0ktJxUEpXskfqu5kLzAPpOd7A9Sypz6VH4PP0&cup2hreq=d413227ed63083b22d734833062479989d0ca4234d2451d148056f58403459c9
2026-07-19 04:50:47,241 [INFO] Capturing response: https://update.googleapis.com/service/update2/json?cup2key=16:u3XEhj0ktJxUEpXskfqu5kLzAPpOd7A9Sypz6VH4PP0&cup2hreq=d413227ed63083b22d734833062479989d0ca4234d2451d148056f58403459c9 200 
2026-07-19 04:50:47,254 [INFO] Capturing request: https://atomsportv510.top/assets/js/clappr.js
2026-07-19 04:50:47,290 [INFO] Capturing request: https://www.google.com/async/folae?async=_fmt:pb&udm=50&client_locale=en-US&client_country=ZZ
2026-07-19 04:50:47,294 [INFO] Capturing response: https://atomsportv510.top/assets/js/clappr.js 200 
2026-07-19 04:50:47,309 [INFO] Capturing response: https://www.google.com/async/folae?async=_fmt:pb&udm=50&client_locale=en-US&client_country=ZZ 200 
2026-07-19 04:50:47,321 [INFO] Capturing request: https://cdnjs.cloudflare.com/ajax/libs/jquery/3.2.1/jquery.min.js
2026-07-19 04:50:47,327 [INFO] Capturing request: https://cdn.jsdelivr.net/npm/@clappr/player@latest/dist/clappr.min.js
2026-07-19 04:50:47,357 [INFO] Capturing response: https://cdn.jsdelivr.net/npm/@clappr/player@latest/dist/clappr.min.js 200 
2026-07-19 04:50:47,365 [INFO] Capturing response: https://cdnjs.cloudflare.com/ajax/libs/jquery/3.2.1/jquery.min.js 200 
2026-07-19 04:50:47,575 [INFO] Capturing request: https://atomsportv510.top/favicon.ico
2026-07-19 04:50:47,624 [INFO] Capturing response: https://atomsportv510.top/favicon.ico 200 
2026-07-19 04:50:47,631 [INFO] Capturing request: https://teletv5.top/load/yayinlink.php?id=bein-sports-1
2026-07-19 04:50:47,930 [INFO] Capturing response: https://teletv5.top/load/yayinlink.php?id=bein-sports-1 200 
2026-07-19 04:50:48,003 [INFO] Capturing request: https://streamsport365.com/cinema
2026-07-19 04:50:48,257 [INFO] Capturing response: https://streamsport365.com/cinema 200 
2026-07-19 04:50:48,389 [INFO] Capturing request: https://atomsportv510.top/assets/img/player_logo_6880e4e4c52ee.png
2026-07-19 04:50:48,444 [INFO] Capturing response: https://atomsportv510.top/assets/img/player_logo_6880e4e4c52ee.png 200 
2026-07-19 04:50:48,454 [INFO] Capturing request: https://hlsssssssssssss.edaesra.workers.dev/https://corestream.macsitesi.help//trtspor/tracks-v1a1/mono.m3u8
2026-07-19 04:50:48,467 [INFO] Capturing response: https://hlsssssssssssss.edaesra.workers.dev/https://corestream.macsitesi.help//trtspor/tracks-v1a1/mono.m3u8 403 
2026-07-19 04:50:49,440 [INFO] Capturing request: https://android.clients.google.com/checkin
2026-07-19 04:50:49,542 [INFO] Capturing response: https://android.clients.google.com/checkin 200 
2026-07-19 04:50:49,594 [INFO] Capturing request: https://android.clients.google.com/c2dm/register3
2026-07-19 04:50:49,597 [INFO] Capturing request: https://android.clients.google.com/c2dm/register3
2026-07-19 04:50:49,598 [INFO] Capturing request: https://android.clients.google.com/c2dm/register3
2026-07-19 04:50:49,635 [INFO] Capturing response: https://android.clients.google.com/c2dm/register3 200 
2026-07-19 04:50:49,639 [INFO] Capturing response: https://android.clients.google.com/c2dm/register3 200 
2026-07-19 04:50:49,650 [INFO] Capturing response: https://android.clients.google.com/c2dm/register3 200 
2026-07-19 04:50:50,495 [INFO]   ✅ M3U8 bulundu: https://hlsssssssssssss.edaesra.workers.dev/https://corestream.macsitesi.help//trtspor/tracks-v1a1/mono.m3u8
2026-07-19 04:50:51,495 [INFO] 
[2/14]
2026-07-19 04:50:51,496 [INFO] 🔍 beIN Sports 2 → https://atomsportv510.top/matches?id=bein-sports-2
2026-07-19 04:50:51,606 [INFO] Capturing request: https://atomsportv510.top/matches?id=bein-sports-2
2026-07-19 04:50:51,634 [INFO] Capturing response: https://atomsportv510.top/matches?id=bein-sports-2 200 
2026-07-19 04:50:51,682 [INFO] Capturing request: https://streamsport365.com/cinema
2026-07-19 04:50:51,780 [INFO] Capturing request: https://teletv5.top/load/yayinlink.php?id=bein-sports-2
2026-07-19 04:50:51,784 [INFO] Capturing request: https://atomsportv510.top/favicon.ico
2026-07-19 04:50:51,808 [INFO] Capturing response: https://atomsportv510.top/favicon.ico 200 
2026-07-19 04:50:51,933 [INFO] Capturing response: https://teletv5.top/load/yayinlink.php?id=bein-sports-2 200 
2026-07-19 04:50:51,949 [INFO] Capturing response: https://streamsport365.com/cinema 200 
2026-07-19 04:50:52,071 [INFO] Capturing request: https://hlsssssssssssss.edaesra.workers.dev/https://corestream.macsitesi.help//bein2/tracks-v1a1/mono.m3u8
2026-07-19 04:50:52,082 [INFO] Capturing response: https://hlsssssssssssss.edaesra.workers.dev/https://corestream.macsitesi.help//bein2/tracks-v1a1/mono.m3u8 403 
2026-07-19 04:50:54,695 [INFO]   ✅ M3U8 bulundu: https://hlsssssssssssss.edaesra.workers.dev/https://corestream.macsitesi.help//bein2/tracks-v1a1/mono.m3u8
2026-07-19 04:50:55,695 [INFO] 
[3/14]
2026-07-19 04:50:55,695 [INFO] 🔍 beIN Sports 3 → https://atomsportv510.top/matches?id=bein-sports-3
2026-07-19 04:50:55,805 [INFO] Capturing request: https://atomsportv510.top/assets/js/clappr.js
2026-07-19 04:50:55,807 [INFO] Capturing request: https://atomsportv510.top/matches?id=bein-sports-3
2026-07-19 04:50:55,821 [INFO] Capturing response: https://atomsportv510.top/assets/js/clappr.js 200 
2026-07-19 04:50:55,843 [INFO] Capturing response: https://atomsportv510.top/matches?id=bein-sports-3 200 
2026-07-19 04:50:56,002 [INFO] Capturing request: https://teletv5.top/load/yayinlink.php?id=bein-sports-3
2026-07-19 04:50:56,005 [INFO] Capturing request: https://atomsportv510.top/favicon.ico
2026-07-19 04:50:56,035 [INFO] Capturing response: https://atomsportv510.top/favicon.ico 200 
2026-07-19 04:50:56,100 [INFO] Capturing request: https://streamsport365.com/cinema
2026-07-19 04:50:56,155 [INFO] Capturing response: https://teletv5.top/load/yayinlink.php?id=bein-sports-3 200 
2026-07-19 04:50:56,366 [INFO] Capturing response: https://streamsport365.com/cinema 200 
2026-07-19 04:50:56,488 [INFO] Capturing request: https://hlsssssssssssss.edaesra.workers.dev/https://corestream.macsitesi.help//trtspor/tracks-v1a1/mono.m3u8
2026-07-19 04:50:56,497 [INFO] Capturing response: https://hlsssssssssssss.edaesra.workers.dev/https://corestream.macsitesi.help//trtspor/tracks-v1a1/mono.m3u8 403 
2026-07-19 04:50:58,915 [INFO]   ✅ M3U8 bulundu: https://hlsssssssssssss.edaesra.workers.dev/https://corestream.macsitesi.help//trtspor/tracks-v1a1/mono.m3u8
2026-07-19 04:50:59,915 [INFO] 
[4/14]
2026-07-19 04:50:59,915 [INFO] 🔍 beIN Sports 4 → https://atomsportv510.top/matches?id=bein-sports-4
2026-07-19 04:51:00,024 [INFO] Capturing request: https://atomsportv510.top/assets/js/clappr.js
2026-07-19 04:51:00,027 [INFO] Capturing request: https://atomsportv510.top/matches?id=bein-sports-4
2026-07-19 04:51:00,040 [INFO] Capturing response: https://atomsportv510.top/assets/js/clappr.js 200 
2026-07-19 04:51:00,061 [INFO] Capturing response: https://atomsportv510.top/matches?id=bein-sports-4 200 
2026-07-19 04:51:00,092 [INFO] Capturing request: https://streamsport365.com/cinema
2026-07-19 04:51:00,191 [INFO] Capturing request: https://teletv5.top/load/yayinlink.php?id=bein-sports-4
2026-07-19 04:51:00,197 [INFO] Capturing request: https://atomsportv510.top/favicon.ico
2026-07-19 04:51:00,227 [INFO] Capturing response: https://atomsportv510.top/favicon.ico 200 
2026-07-19 04:51:00,343 [INFO] Capturing response: https://teletv5.top/load/yayinlink.php?id=bein-sports-4 200 
2026-07-19 04:51:00,345 [INFO] Capturing response: https://streamsport365.com/cinema 200 
2026-07-19 04:51:00,505 [INFO] Capturing request: https://hlsssssssssssss.edaesra.workers.dev/https://corestream.macsitesi.help//bein2/tracks-v1a1/mono.m3u8
2026-07-19 04:51:00,514 [INFO] Capturing response: https://hlsssssssssssss.edaesra.workers.dev/https://corestream.macsitesi.help//bein2/tracks-v1a1/mono.m3u8 403 
2026-07-19 04:51:03,107 [INFO]   ✅ M3U8 bulundu: https://hlsssssssssssss.edaesra.workers.dev/https://corestream.macsitesi.help//bein2/tracks-v1a1/mono.m3u8
2026-07-19 04:51:04,107 [INFO] 
[5/14]
2026-07-19 04:51:04,108 [INFO] 🔍 beIN Sports 5 → https://atomsportv510.top/matches?id=bein-sports-5
2026-07-19 04:51:04,217 [INFO] Capturing request: https://atomsportv510.top/assets/js/clappr.js
2026-07-19 04:51:04,219 [INFO] Capturing request: https://atomsportv510.top/matches?id=bein-sports-5
2026-07-19 04:51:04,232 [INFO] Capturing response: https://atomsportv510.top/assets/js/clappr.js 200 
2026-07-19 04:51:04,256 [INFO] Capturing response: https://atomsportv510.top/matches?id=bein-sports-5 200 
2026-07-19 04:51:04,416 [INFO] Capturing request: https://teletv5.top/load/yayinlink.php?id=bein-sports-5
2026-07-19 04:51:04,418 [INFO] Capturing request: https://atomsportv510.top/favicon.ico
2026-07-19 04:51:04,453 [INFO] Capturing response: https://atomsportv510.top/favicon.ico 200 
2026-07-19 04:51:04,517 [INFO] Capturing request: https://streamsport365.com/cinema
2026-07-19 04:51:04,569 [INFO] Capturing response: https://teletv5.top/load/yayinlink.php?id=bein-sports-5 200 
2026-07-19 04:51:04,770 [INFO] Capturing response: https://streamsport365.com/cinema 200 
2026-07-19 04:51:04,890 [INFO] Capturing request: https://hlsssssssssssss.edaesra.workers.dev/https://corestream.macsitesi.help//bein2/tracks-v1a1/mono.m3u8
2026-07-19 04:51:04,899 [INFO] Capturing response: https://hlsssssssssssss.edaesra.workers.dev/https://corestream.macsitesi.help//bein2/tracks-v1a1/mono.m3u8 403 
2026-07-19 04:51:07,328 [INFO]   ✅ M3U8 bulundu: https://hlsssssssssssss.edaesra.workers.dev/https://corestream.macsitesi.help//bein2/tracks-v1a1/mono.m3u8
2026-07-19 04:51:08,328 [INFO] 
[6/14]
2026-07-19 04:51:08,328 [INFO] 🔍 beIN Sports Max 1 → https://atomsportv510.top/matches?id=bein-sports-max-1
2026-07-19 04:51:08,436 [INFO] Capturing request: https://atomsportv510.top/assets/js/clappr.js
2026-07-19 04:51:08,438 [INFO] Capturing request: https://atomsportv510.top/matches?id=bein-sports-max-1
2026-07-19 04:51:08,453 [INFO] Capturing response: https://atomsportv510.top/assets/js/clappr.js 200 
2026-07-19 04:51:08,474 [INFO] Capturing response: https://atomsportv510.top/matches?id=bein-sports-max-1 200 
2026-07-19 04:51:08,507 [INFO] Capturing request: https://streamsport365.com/cinema
2026-07-19 04:51:08,604 [INFO] Capturing request: https://teletv5.top/load/yayinlink.php?id=bein-sports-max-1
2026-07-19 04:51:08,611 [INFO] Capturing request: https://atomsportv510.top/favicon.ico
2026-07-19 04:51:08,640 [INFO] Capturing response: https://atomsportv510.top/favicon.ico 200 
2026-07-19 04:51:08,756 [INFO] Capturing response: https://teletv5.top/load/yayinlink.php?id=bein-sports-max-1 200 
2026-07-19 04:51:08,763 [INFO] Capturing response: https://streamsport365.com/cinema 200 
2026-07-19 04:51:08,917 [INFO] Capturing request: https://hlsssssssssssss.edaesra.workers.dev/https://corestream.macsitesi.help//trtspor/tracks-v1a1/mono.m3u8
2026-07-19 04:51:09,027 [INFO] Capturing response: https://hlsssssssssssss.edaesra.workers.dev/https://corestream.macsitesi.help//trtspor/tracks-v1a1/mono.m3u8 403 
2026-07-19 04:51:11,521 [INFO]   ✅ M3U8 bulundu: https://hlsssssssssssss.edaesra.workers.dev/https://corestream.macsitesi.help//trtspor/tracks-v1a1/mono.m3u8
2026-07-19 04:51:12,358 [INFO] Capturing request: https://android.clients.google.com/c2dm/register3
2026-07-19 04:51:12,521 [INFO] 
[7/14]
2026-07-19 04:51:12,522 [INFO] 🔍 beIN Sports Max 2 → https://atomsportv510.top/matches?id=bein-sports-max-2
2026-07-19 04:51:12,631 [INFO] Capturing request: https://atomsportv510.top/assets/js/clappr.js
2026-07-19 04:51:12,633 [INFO] Capturing request: https://atomsportv510.top/matches?id=bein-sports-max-2
2026-07-19 04:51:12,647 [INFO] Capturing response: https://atomsportv510.top/assets/js/clappr.js 200 
2026-07-19 04:51:12,671 [INFO] Capturing response: https://atomsportv510.top/matches?id=bein-sports-max-2 200 
2026-07-19 04:51:12,736 [INFO] Capturing response: https://android.clients.google.com/c2dm/register3 200 
2026-07-19 04:51:12,833 [INFO] Capturing request: https://atomsportv510.top/favicon.ico
2026-07-19 04:51:12,834 [INFO] Capturing request: https://teletv5.top/load/yayinlink.php?id=bein-sports-max-2
2026-07-19 04:51:12,864 [INFO] Capturing response: https://atomsportv510.top/favicon.ico 200 
2026-07-19 04:51:12,926 [INFO] Capturing request: https://streamsport365.com/cinema
2026-07-19 04:51:12,987 [INFO] Capturing response: https://teletv5.top/load/yayinlink.php?id=bein-sports-max-2 200 
2026-07-19 04:51:13,149 [INFO] Capturing request: https://android.clients.google.com/c2dm/register3
2026-07-19 04:51:13,181 [INFO] Capturing response: https://streamsport365.com/cinema 200 
2026-07-19 04:51:13,301 [INFO] Capturing request: https://hlsssssssssssss.edaesra.workers.dev/https://corestream.macsitesi.help//trtspor/tracks-v1a1/mono.m3u8
2026-07-19 04:51:13,311 [INFO] Capturing response: https://hlsssssssssssss.edaesra.workers.dev/https://corestream.macsitesi.help//trtspor/tracks-v1a1/mono.m3u8 403 
2026-07-19 04:51:13,670 [INFO] Capturing response: https://android.clients.google.com/c2dm/register3 200 
2026-07-19 04:51:15,745 [INFO]   ✅ M3U8 bulundu: https://hlsssssssssssss.edaesra.workers.dev/https://corestream.macsitesi.help//trtspor/tracks-v1a1/mono.m3u8
2026-07-19 04:51:16,745 [INFO] 
[8/14]
2026-07-19 04:51:16,745 [INFO] 🔍 S Sport → https://atomsportv510.top/matches?id=s-sport
2026-07-19 04:51:16,827 [INFO] Capturing request: https://android.clients.google.com/c2dm/register3
2026-07-19 04:51:16,854 [INFO] Capturing request: https://atomsportv510.top/assets/js/clappr.js
2026-07-19 04:51:16,855 [INFO] Capturing request: https://atomsportv510.top/matches?id=s-sport
2026-07-19 04:51:16,870 [INFO] Capturing response: https://android.clients.google.com/c2dm/register3 301 
2026-07-19 04:51:16,872 [INFO] Capturing response: https://atomsportv510.top/assets/js/clappr.js 200 
2026-07-19 04:51:17,084 [INFO] Capturing response: https://atomsportv510.top/matches?id=s-sport 200 
2026-07-19 04:51:17,116 [INFO] Capturing request: https://streamsport365.com/cinema
2026-07-19 04:51:17,216 [INFO] Capturing request: https://teletv5.top/load/yayinlink.php?id=s-sport
2026-07-19 04:51:17,217 [INFO] Capturing request: https://atomsportv510.top/favicon.ico
2026-07-19 04:51:17,246 [INFO] Capturing response: https://atomsportv510.top/favicon.ico 200 
2026-07-19 04:51:17,371 [INFO] Capturing response: https://streamsport365.com/cinema 200 
2026-07-19 04:51:17,374 [INFO] Capturing response: https://teletv5.top/load/yayinlink.php?id=s-sport 200 
2026-07-19 04:51:17,535 [INFO] Capturing request: https://hlsssssssssssss.edaesra.workers.dev/https://corestream.macsitesi.help//s-sportt/tracks-v1a1/mono.m3u8
2026-07-19 04:51:17,546 [INFO] Capturing response: https://hlsssssssssssss.edaesra.workers.dev/https://corestream.macsitesi.help//s-sportt/tracks-v1a1/mono.m3u8 403 
2026-07-19 04:51:20,132 [INFO]   ✅ M3U8 bulundu: https://hlsssssssssssss.edaesra.workers.dev/https://corestream.macsitesi.help//s-sportt/tracks-v1a1/mono.m3u8
2026-07-19 04:51:21,133 [INFO] 
[9/14]
2026-07-19 04:51:21,133 [INFO] 🔍 S Sport 2 → https://atomsportv510.top/matches?id=s-sport-2
2026-07-19 04:51:21,242 [INFO] Capturing request: https://atomsportv510.top/assets/js/clappr.js
2026-07-19 04:51:21,244 [INFO] Capturing request: https://atomsportv510.top/matches?id=s-sport-2
2026-07-19 04:51:21,259 [INFO] Capturing response: https://atomsportv510.top/assets/js/clappr.js 200 
2026-07-19 04:51:21,282 [INFO] Capturing response: https://atomsportv510.top/matches?id=s-sport-2 200 
2026-07-19 04:51:21,445 [INFO] Capturing request: https://teletv5.top/load/yayinlink.php?id=s-sport-2
2026-07-19 04:51:21,446 [INFO] Capturing request: https://atomsportv510.top/favicon.ico
2026-07-19 04:51:21,475 [INFO] Capturing response: https://atomsportv510.top/favicon.ico 200 
2026-07-19 04:51:21,540 [INFO] Capturing request: https://streamsport365.com/cinema
2026-07-19 04:51:21,598 [INFO] Capturing response: https://teletv5.top/load/yayinlink.php?id=s-sport-2 200 
2026-07-19 04:51:21,785 [INFO] Capturing response: https://streamsport365.com/cinema 200 
2026-07-19 04:51:21,906 [INFO] Capturing request: https://hlsssssssssssss.edaesra.workers.dev/https://corestream.macsitesi.help//s-sport2/tracks-v1a1/mono.m3u8
2026-07-19 04:51:21,918 [INFO] Capturing response: https://hlsssssssssssss.edaesra.workers.dev/https://corestream.macsitesi.help//s-sport2/tracks-v1a1/mono.m3u8 403 
2026-07-19 04:51:24,356 [INFO]   ✅ M3U8 bulundu: https://hlsssssssssssss.edaesra.workers.dev/https://corestream.macsitesi.help//s-sport2/tracks-v1a1/mono.m3u8
2026-07-19 04:51:25,356 [INFO] 
[10/14]
2026-07-19 04:51:25,356 [INFO] 🔍 A Spor → https://atomsportv510.top/matches?id=a-spor
2026-07-19 04:51:25,465 [INFO] Capturing request: https://atomsportv510.top/assets/js/clappr.js
2026-07-19 04:51:25,467 [INFO] Capturing request: https://atomsportv510.top/matches?id=a-spor
2026-07-19 04:51:25,480 [INFO] Capturing response: https://atomsportv510.top/assets/js/clappr.js 200 
2026-07-19 04:51:25,507 [INFO] Capturing response: https://atomsportv510.top/matches?id=a-spor 200 
2026-07-19 04:51:25,538 [INFO] Capturing request: https://streamsport365.com/cinema
2026-07-19 04:51:25,638 [INFO] Capturing request: https://teletv5.top/load/yayinlink.php?id=a-spor
2026-07-19 04:51:25,644 [INFO] Capturing request: https://atomsportv510.top/favicon.ico
2026-07-19 04:51:25,676 [INFO] Capturing response: https://atomsportv510.top/favicon.ico 200 
2026-07-19 04:51:25,784 [INFO] Capturing response: https://streamsport365.com/cinema 200 
2026-07-19 04:51:25,789 [INFO] Capturing response: https://teletv5.top/load/yayinlink.php?id=a-spor 200 
2026-07-19 04:51:25,951 [INFO] Capturing request: https://hlsssssssssssss.edaesra.workers.dev/https://corestream.macsitesi.help//aspor/tracks-v1a1/mono.m3u8
2026-07-19 04:51:25,963 [INFO] Capturing response: https://hlsssssssssssss.edaesra.workers.dev/https://corestream.macsitesi.help//aspor/tracks-v1a1/mono.m3u8 403 
2026-07-19 04:51:28,556 [INFO]   ✅ M3U8 bulundu: https://hlsssssssssssss.edaesra.workers.dev/https://corestream.macsitesi.help//aspor/tracks-v1a1/mono.m3u8
2026-07-19 04:51:29,556 [INFO] 
[11/14]
2026-07-19 04:51:29,556 [INFO] 🔍 Tivibu Spor 1 → https://atomsportv510.top/matches?id=tivibu-spor-1
2026-07-19 04:51:29,666 [INFO] Capturing request: https://atomsportv510.top/matches?id=tivibu-spor-1
2026-07-19 04:51:29,668 [INFO] Capturing request: https://atomsportv510.top/assets/js/clappr.js
2026-07-19 04:51:29,697 [INFO] Capturing response: https://atomsportv510.top/matches?id=tivibu-spor-1 200 
2026-07-19 04:51:29,709 [INFO] Capturing response: https://atomsportv510.top/assets/js/clappr.js 200 
2026-07-19 04:51:29,832 [INFO] Capturing request: https://teletv5.top/load/yayinlink.php?id=tivibu-spor-1
2026-07-19 04:51:29,833 [INFO] Capturing request: https://atomsportv510.top/favicon.ico
2026-07-19 04:51:29,868 [INFO] Capturing response: https://atomsportv510.top/favicon.ico 200 
2026-07-19 04:51:29,933 [INFO] Capturing request: https://streamsport365.com/cinema
2026-07-19 04:51:29,983 [INFO] Capturing response: https://teletv5.top/load/yayinlink.php?id=tivibu-spor-1 200 
2026-07-19 04:51:30,184 [INFO] Capturing response: https://streamsport365.com/cinema 200 
2026-07-19 04:51:30,304 [INFO] Capturing request: https://hlsssssssssssss.edaesra.workers.dev/https://corestream.macsitesi.help//trtspor/tracks-v1a1/mono.m3u8
2026-07-19 04:51:30,312 [INFO] Capturing response: https://hlsssssssssssss.edaesra.workers.dev/https://corestream.macsitesi.help//trtspor/tracks-v1a1/mono.m3u8 403 
2026-07-19 04:51:32,746 [INFO]   ✅ M3U8 bulundu: https://hlsssssssssssss.edaesra.workers.dev/https://corestream.macsitesi.help//trtspor/tracks-v1a1/mono.m3u8
2026-07-19 04:51:33,746 [INFO] 
[12/14]
2026-07-19 04:51:33,746 [INFO] 🔍 Tivibu Spor 2 → https://atomsportv510.top/matches?id=tivibu-spor-2
2026-07-19 04:51:33,856 [INFO] Capturing request: https://atomsportv510.top/assets/js/clappr.js
2026-07-19 04:51:33,857 [INFO] Capturing request: https://atomsportv510.top/matches?id=tivibu-spor-2
2026-07-19 04:51:33,873 [INFO] Capturing response: https://atomsportv510.top/assets/js/clappr.js 200 
2026-07-19 04:51:33,895 [INFO] Capturing response: https://atomsportv510.top/matches?id=tivibu-spor-2 200 
2026-07-19 04:51:33,927 [INFO] Capturing request: https://streamsport365.com/cinema
2026-07-19 04:51:34,021 [INFO] Capturing request: https://teletv5.top/load/yayinlink.php?id=tivibu-spor-2
2026-07-19 04:51:34,030 [INFO] Capturing request: https://atomsportv510.top/favicon.ico
2026-07-19 04:51:34,058 [INFO] Capturing response: https://atomsportv510.top/favicon.ico 200 
2026-07-19 04:51:34,172 [INFO] Capturing response: https://teletv5.top/load/yayinlink.php?id=tivibu-spor-2 200 
2026-07-19 04:51:34,190 [INFO] Capturing response: https://streamsport365.com/cinema 200 
2026-07-19 04:51:34,332 [INFO] Capturing request: https://hlsssssssssssss.edaesra.workers.dev/https://corestream.macsitesi.help//trtspor/tracks-v1a1/mono.m3u8
2026-07-19 04:51:34,340 [INFO] Capturing response: https://hlsssssssssssss.edaesra.workers.dev/https://corestream.macsitesi.help//trtspor/tracks-v1a1/mono.m3u8 403 
2026-07-19 04:51:36,944 [INFO]   ✅ M3U8 bulundu: https://hlsssssssssssss.edaesra.workers.dev/https://corestream.macsitesi.help//trtspor/tracks-v1a1/mono.m3u8
2026-07-19 04:51:37,944 [INFO] 
[13/14]
2026-07-19 04:51:37,944 [INFO] 🔍 Tivibu Spor 3 → https://atomsportv510.top/matches?id=tivibu-spor-3
2026-07-19 04:51:38,055 [INFO] Capturing request: https://atomsportv510.top/assets/js/clappr.js
2026-07-19 04:51:38,056 [INFO] Capturing request: https://atomsportv510.top/matches?id=tivibu-spor-3
2026-07-19 04:51:38,071 [INFO] Capturing response: https://atomsportv510.top/assets/js/clappr.js 200 
2026-07-19 04:51:38,093 [INFO] Capturing response: https://atomsportv510.top/matches?id=tivibu-spor-3 200 
2026-07-19 04:51:38,256 [INFO] Capturing request: https://teletv5.top/load/yayinlink.php?id=tivibu-spor-3
2026-07-19 04:51:38,257 [INFO] Capturing request: https://atomsportv510.top/favicon.ico
2026-07-19 04:51:38,283 [INFO] Capturing response: https://atomsportv510.top/favicon.ico 200 
2026-07-19 04:51:38,353 [INFO] Capturing request: https://streamsport365.com/cinema
2026-07-19 04:51:38,406 [INFO] Capturing response: https://teletv5.top/load/yayinlink.php?id=tivibu-spor-3 200 
2026-07-19 04:51:38,606 [INFO] Capturing response: https://streamsport365.com/cinema 200 
2026-07-19 04:51:38,727 [INFO] Capturing request: https://hlsssssssssssss.edaesra.workers.dev/https://corestream.macsitesi.help//trtspor/tracks-v1a1/mono.m3u8
2026-07-19 04:51:38,736 [INFO] Capturing response: https://hlsssssssssssss.edaesra.workers.dev/https://corestream.macsitesi.help//trtspor/tracks-v1a1/mono.m3u8 403 
2026-07-19 04:51:41,168 [INFO]   ✅ M3U8 bulundu: https://hlsssssssssssss.edaesra.workers.dev/https://corestream.macsitesi.help//trtspor/tracks-v1a1/mono.m3u8
2026-07-19 04:51:42,169 [INFO] 
[14/14]
2026-07-19 04:51:42,169 [INFO] 🔍 Tivibu Spor 4 → https://atomsportv510.top/matches?id=tivibu-spor-4
2026-07-19 04:51:42,280 [INFO] Capturing request: https://atomsportv510.top/assets/js/clappr.js
2026-07-19 04:51:42,281 [INFO] Capturing request: https://atomsportv510.top/matches?id=tivibu-spor-4
2026-07-19 04:51:42,295 [INFO] Capturing response: https://atomsportv510.top/assets/js/clappr.js 200 
2026-07-19 04:51:42,315 [INFO] Capturing response: https://atomsportv510.top/matches?id=tivibu-spor-4 200 
2026-07-19 04:51:42,352 [INFO] Capturing request: https://streamsport365.com/cinema
2026-07-19 04:51:42,448 [INFO] Capturing request: https://teletv5.top/load/yayinlink.php?id=tivibu-spor-4
2026-07-19 04:51:42,451 [INFO] Capturing request: https://atomsportv510.top/favicon.ico
2026-07-19 04:51:42,479 [INFO] Capturing response: https://atomsportv510.top/favicon.ico 200 
2026-07-19 04:51:42,600 [INFO] Capturing response: https://streamsport365.com/cinema 200 
2026-07-19 04:51:42,602 [INFO] Capturing response: https://teletv5.top/load/yayinlink.php?id=tivibu-spor-4 200 
2026-07-19 04:51:46,565 [INFO] Capturing request: https://update.googleapis.com/service/update2/json?cup2key=16:VGjD-tahqrxKFBscT2GMKUqE-7YX5NA9f59M9C7nOLk&cup2hreq=843444c4998e4c74ae5d3c4f5009d989cb4eb3143a3faf9a99153327239e115b
2026-07-19 04:51:46,592 [INFO] Capturing response: https://update.googleapis.com/service/update2/json?cup2key=16:VGjD-tahqrxKFBscT2GMKUqE-7YX5NA9f59M9C7nOLk&cup2hreq=843444c4998e4c74ae5d3c4f5009d989cb4eb3143a3faf9a99153327239e115b 200 
2026-07-19 04:51:46,599 [INFO] Capturing request: http://edgedl.me.gvt1.com/edgedl/release2/chrome_component/acqq4hs5ywbg3nef2kjjl6nyebjq_10656/hfnkpimlhhgieaddgfemjhofmfblmnib_10656_all_ajmaah273vlgc77nhifobrxnqu.crx3
2026-07-19 04:51:46,635 [INFO] Capturing response: http://edgedl.me.gvt1.com/edgedl/release2/chrome_component/acqq4hs5ywbg3nef2kjjl6nyebjq_10656/hfnkpimlhhgieaddgfemjhofmfblmnib_10656_all_ajmaah273vlgc77nhifobrxnqu.crx3 200 OK
2026-07-19 04:51:46,668 [INFO] Capturing request: https://update.googleapis.com/service/update2/json
2026-07-19 04:51:46,692 [INFO] Capturing response: https://update.googleapis.com/service/update2/json 200 
2026-07-19 04:51:46,739 [INFO] Capturing request: http://edgedl.me.gvt1.com/edgedl/diffgen-puffin/gcmjkmgdlgnkkcocmoeiminaijmmjnii/df2a22d5ecc7788c3330ebd5f856b41531c74f412a01ed7453d11284708009fe
2026-07-19 04:51:46,748 [INFO] Capturing response: http://edgedl.me.gvt1.com/edgedl/diffgen-puffin/gcmjkmgdlgnkkcocmoeiminaijmmjnii/df2a22d5ecc7788c3330ebd5f856b41531c74f412a01ed7453d11284708009fe 200 OK
2026-07-19 04:51:46,815 [INFO] Capturing request: https://update.googleapis.com/service/update2/json
2026-07-19 04:51:46,838 [INFO] Capturing response: https://update.googleapis.com/service/update2/json 200 
2026-07-19 04:52:07,116 [INFO] Capturing request: https://android.clients.google.com/c2dm/register3
2026-07-19 04:52:07,159 [INFO] Capturing response: https://android.clients.google.com/c2dm/register3 301 
2026-07-19 04:52:15,668 [WARNING]   ❌ Tivibu Spor 4 için M3U8 bulunamadı
2026-07-19 04:52:16,737 [INFO] ✅ 13 kanal bulundu, playlist.m3u kaydedildi
