2026-06-11 00:18:15,772 [INFO] 🌐 BASE_URL: https://atomsportv506.top
2026-06-11 00:18:16,979 [INFO] Başlanıyor... 14 kanal taranacak
2026-06-11 00:18:16,980 [INFO] Using default request storage
2026-06-11 00:18:16,984 [INFO] Created proxy listening on 127.0.0.1:38297
2026-06-11 00:18:17,653 [INFO] Capturing request: http://clients2.google.com/time/1/current?cup2key=10:TPDRNdzo9kE91cbn40957PCHlmSpMX7NnB4XWKzhQtY&cup2hreq=e3b0c44298fc1c149afbf4c8996fb92427ae41e4649b934ca495991b7852b855
2026-06-11 00:18:17,684 [INFO] Capturing response: http://clients2.google.com/time/1/current?cup2key=10:TPDRNdzo9kE91cbn40957PCHlmSpMX7NnB4XWKzhQtY&cup2hreq=e3b0c44298fc1c149afbf4c8996fb92427ae41e4649b934ca495991b7852b855 200 OK
2026-06-11 00:18:17,759 [INFO] 
[1/14]
2026-06-11 00:18:17,759 [INFO] 🔍 beIN Sports 1 → https://atomsportv506.top/matches?id=bein-sports-1
2026-06-11 00:18:17,839 [INFO] Capturing request: https://accounts.google.com/ListAccounts?gpsia=1&source=ChromiumBrowser&json=standard&laf=b64bin
2026-06-11 00:18:17,947 [INFO] Capturing response: https://accounts.google.com/ListAccounts?gpsia=1&source=ChromiumBrowser&json=standard&laf=b64bin 200 
2026-06-11 00:18:17,947 [INFO] Capturing request: https://atomsportv506.top/matches?id=bein-sports-1
2026-06-11 00:18:18,061 [INFO] Capturing response: https://atomsportv506.top/matches?id=bein-sports-1 200 
2026-06-11 00:18:18,214 [INFO] Capturing request: https://atomsportv506.top/assets/js/clappr.js
2026-06-11 00:18:18,246 [INFO] Capturing request: https://www.google.com/async/folae?async=_fmt:pb&udm=50&client_locale=en-US
2026-06-11 00:18:18,259 [INFO] Capturing request: https://cdn.jsdelivr.net/npm/@clappr/player@latest/dist/clappr.min.js
2026-06-11 00:18:18,264 [INFO] Capturing response: https://atomsportv506.top/assets/js/clappr.js 200 
2026-06-11 00:18:18,266 [INFO] Capturing request: https://cdnjs.cloudflare.com/ajax/libs/jquery/3.2.1/jquery.min.js
2026-06-11 00:18:18,276 [INFO] Capturing response: https://www.google.com/async/folae?async=_fmt:pb&udm=50&client_locale=en-US 200 
2026-06-11 00:18:18,289 [INFO] Capturing response: https://cdnjs.cloudflare.com/ajax/libs/jquery/3.2.1/jquery.min.js 200 
2026-06-11 00:18:18,291 [INFO] Capturing response: https://cdn.jsdelivr.net/npm/@clappr/player@latest/dist/clappr.min.js 200 
2026-06-11 00:18:18,481 [INFO] Capturing request: https://static.cloudflareinsights.com/beacon.min.js/v833ccba57c9e4d2798f2e76cebdd09a11778172276447
2026-06-11 00:18:18,504 [INFO] Capturing response: https://static.cloudflareinsights.com/beacon.min.js/v833ccba57c9e4d2798f2e76cebdd09a11778172276447 200 
2026-06-11 00:18:18,565 [INFO] Capturing request: https://atomsportv506.top/cdn-cgi/rum?
2026-06-11 00:18:18,665 [INFO] Capturing request: https://atomsportv506.top/favicon.ico
2026-06-11 00:18:18,675 [INFO] Capturing response: https://atomsportv506.top/cdn-cgi/rum? 204 
2026-06-11 00:18:18,723 [INFO] Capturing response: https://atomsportv506.top/favicon.ico 200 
2026-06-11 00:18:18,730 [INFO] Capturing request: https://teletv5.top/load/yayinlink.php?id=bein-sports-1
2026-06-11 00:18:19,059 [INFO] Capturing response: https://teletv5.top/load/yayinlink.php?id=bein-sports-1 200 
2026-06-11 00:18:19,278 [INFO] Capturing request: https://streamsport365.com/cinema
2026-06-11 00:18:19,561 [INFO] Capturing response: https://streamsport365.com/cinema 200 
2026-06-11 00:18:19,692 [INFO] Capturing request: https://atomsportv506.top/assets/img/player_logo_6880e4e4c52ee.png
2026-06-11 00:18:19,745 [INFO] Capturing response: https://atomsportv506.top/assets/img/player_logo_6880e4e4c52ee.png 200 
2026-06-11 00:18:19,822 [INFO] Capturing request: https://hlssssssssssssssssss.yedeklinksa35.workers.dev/https://corestream.ronaldovurdu.help//aspor/tracks-v1a1/mono.m3u8
2026-06-11 00:18:20,224 [INFO] Capturing response: https://hlssssssssssssssssss.yedeklinksa35.workers.dev/https://corestream.ronaldovurdu.help//aspor/tracks-v1a1/mono.m3u8 200 
2026-06-11 00:18:20,496 [INFO] Capturing request: https://ts.yedeklinksa35.workers.dev/aspor/tracks-v1a1/2026/06/11/00/18/09-06000.avif
2026-06-11 00:18:20,525 [INFO] Capturing request: https://android.clients.google.com/checkin
2026-06-11 00:18:20,610 [INFO] Capturing response: https://android.clients.google.com/checkin 200 
2026-06-11 00:18:20,658 [INFO] Capturing request: https://android.clients.google.com/c2dm/register3
2026-06-11 00:18:20,662 [INFO] Capturing request: https://android.clients.google.com/c2dm/register3
2026-06-11 00:18:20,664 [INFO] Capturing request: https://android.clients.google.com/c2dm/register3
2026-06-11 00:18:20,686 [INFO] Capturing response: https://android.clients.google.com/c2dm/register3 301 
2026-06-11 00:18:21,244 [INFO] Capturing response: https://ts.yedeklinksa35.workers.dev/aspor/tracks-v1a1/2026/06/11/00/18/09-06000.avif 200 
2026-06-11 00:18:21,363 [INFO] Capturing response: https://android.clients.google.com/c2dm/register3 200 
2026-06-11 00:18:21,383 [INFO] Capturing response: https://android.clients.google.com/c2dm/register3 200 
2026-06-11 00:18:21,509 [INFO] Capturing request: https://ts.yedeklinksa35.workers.dev/aspor/tracks-v1a1/2026/06/11/00/18/15-06000.avif
2026-06-11 00:18:21,586 [INFO]   ✅ M3U8 bulundu: https://hlssssssssssssssssss.yedeklinksa35.workers.dev/https://corestream.ronaldovurdu.help//aspor/tracks-v1a1/mono.m3u8
2026-06-11 00:18:22,085 [INFO] Capturing response: https://ts.yedeklinksa35.workers.dev/aspor/tracks-v1a1/2026/06/11/00/18/15-06000.avif 200 
2026-06-11 00:18:22,341 [INFO] Capturing request: https://ts.yedeklinksa35.workers.dev/aspor/tracks-v1a1/2026/06/11/00/18/21-06000.avif
2026-06-11 00:18:22,586 [INFO] 
[2/14]
2026-06-11 00:18:22,586 [INFO] 🔍 beIN Sports 2 → https://atomsportv506.top/matches?id=bein-sports-2
2026-06-11 00:18:22,698 [INFO] Capturing request: https://atomsportv506.top/matches?id=bein-sports-2
2026-06-11 00:18:22,753 [INFO] Capturing response: https://atomsportv506.top/matches?id=bein-sports-2 200 
2026-06-11 00:18:22,767 [INFO] Capturing request: https://atomsportv506.top/cdn-cgi/rum?
2026-06-11 00:18:22,822 [INFO] Capturing request: https://streamsport365.com/cinema
2026-06-11 00:18:22,827 [INFO] Capturing request: https://atomsportv506.top/cdn-cgi/rum?
2026-06-11 00:18:22,878 [INFO] Capturing response: https://atomsportv506.top/cdn-cgi/rum? 204 
2026-06-11 00:18:22,913 [INFO] Capturing request: https://teletv5.top/load/yayinlink.php?id=bein-sports-2
2026-06-11 00:18:22,929 [INFO] Capturing request: https://atomsportv506.top/favicon.ico
2026-06-11 00:18:22,969 [INFO] Capturing response: https://atomsportv506.top/favicon.ico 200 
2026-06-11 00:18:22,978 [INFO] Capturing response: https://atomsportv506.top/cdn-cgi/rum? 204 
2026-06-11 00:18:23,084 [INFO] Capturing response: https://teletv5.top/load/yayinlink.php?id=bein-sports-2 200 
2026-06-11 00:18:23,112 [INFO] Capturing response: https://streamsport365.com/cinema 200 
2026-06-11 00:18:23,165 [INFO] Capturing response: https://ts.yedeklinksa35.workers.dev/aspor/tracks-v1a1/2026/06/11/00/18/21-06000.avif 200 
2026-06-11 00:18:23,198 [INFO] 127.0.0.1:50288: ProtocolException("Error in HTTP connection: Http2ZombieException('Connection or stream already dead: 1781137103.1975107, False')")
2026-06-11 00:18:23,240 [INFO] Capturing request: https://hlssssssssssssssssss.yedeklinksa35.workers.dev/https://corestream.ronaldovurdu.help//bein2/tracks-v1a1/mono.m3u8
2026-06-11 00:18:23,390 [INFO] Capturing response: https://hlssssssssssssssssss.yedeklinksa35.workers.dev/https://corestream.ronaldovurdu.help//bein2/tracks-v1a1/mono.m3u8 200 
2026-06-11 00:18:23,500 [INFO] Capturing request: https://ts.yedeklinksa35.workers.dev/bein2/tracks-v1a1/2026/06/11/00/18/08-10000.avif
2026-06-11 00:18:23,883 [INFO] Capturing response: https://ts.yedeklinksa35.workers.dev/bein2/tracks-v1a1/2026/06/11/00/18/08-10000.avif 200 
2026-06-11 00:18:24,091 [INFO] Capturing request: https://ts.yedeklinksa35.workers.dev/bein2/tracks-v1a1/2026/06/11/00/18/18-10000.avif
2026-06-11 00:18:24,641 [INFO] Capturing response: https://ts.yedeklinksa35.workers.dev/bein2/tracks-v1a1/2026/06/11/00/18/18-10000.avif 200 
2026-06-11 00:18:24,871 [INFO] Capturing request: https://ts.yedeklinksa35.workers.dev/bein2/tracks-v1a1/2026/06/11/00/18/28-10000.avif
2026-06-11 00:18:25,477 [INFO] Capturing response: https://ts.yedeklinksa35.workers.dev/bein2/tracks-v1a1/2026/06/11/00/18/28-10000.avif 200 
2026-06-11 00:18:25,839 [INFO]   ✅ M3U8 bulundu: https://hlssssssssssssssssss.yedeklinksa35.workers.dev/https://corestream.ronaldovurdu.help//bein2/tracks-v1a1/mono.m3u8
2026-06-11 00:18:26,840 [INFO] 
[3/14]
2026-06-11 00:18:26,840 [INFO] 🔍 beIN Sports 3 → https://atomsportv506.top/matches?id=bein-sports-3
2026-06-11 00:18:26,950 [INFO] Capturing request: https://atomsportv506.top/matches?id=bein-sports-3
2026-06-11 00:18:27,004 [INFO] Capturing response: https://atomsportv506.top/matches?id=bein-sports-3 200 
2026-06-11 00:18:27,014 [INFO] Capturing request: https://atomsportv506.top/cdn-cgi/rum?
2026-06-11 00:18:27,040 [INFO] Capturing request: https://atomsportv506.top/cdn-cgi/rum?
2026-06-11 00:18:27,123 [INFO] Capturing response: https://atomsportv506.top/cdn-cgi/rum? 204 
2026-06-11 00:18:27,139 [INFO] Capturing request: https://teletv5.top/load/yayinlink.php?id=bein-sports-3
2026-06-11 00:18:27,143 [INFO] Capturing request: https://atomsportv506.top/favicon.ico
2026-06-11 00:18:27,180 [INFO] Capturing response: https://atomsportv506.top/favicon.ico 200 
2026-06-11 00:18:27,189 [INFO] Capturing response: https://atomsportv506.top/cdn-cgi/rum? 204 
2026-06-11 00:18:27,253 [INFO] Capturing request: https://streamsport365.com/cinema
2026-06-11 00:18:27,308 [INFO] Capturing response: https://teletv5.top/load/yayinlink.php?id=bein-sports-3 200 
2026-06-11 00:18:27,545 [INFO] Capturing response: https://streamsport365.com/cinema 200 
2026-06-11 00:18:46,166 [INFO] Capturing request: https://android.clients.google.com/c2dm/register3
2026-06-11 00:18:46,188 [INFO] Capturing response: https://android.clients.google.com/c2dm/register3 301 
2026-06-11 00:19:00,339 [WARNING]   ❌ beIN Sports 3 için M3U8 bulunamadı
2026-06-11 00:19:01,339 [INFO] 
[4/14]
2026-06-11 00:19:01,340 [INFO] 🔍 beIN Sports 4 → https://atomsportv506.top/matches?id=bein-sports-4
2026-06-11 00:19:01,448 [INFO] Capturing request: https://atomsportv506.top/matches?id=bein-sports-4
2026-06-11 00:19:02,023 [INFO] Capturing response: https://atomsportv506.top/matches?id=bein-sports-4 200 
2026-06-11 00:19:02,033 [INFO] Capturing request: https://atomsportv506.top/cdn-cgi/rum?
2026-06-11 00:19:02,059 [INFO] Capturing request: https://atomsportv506.top/cdn-cgi/rum?
2026-06-11 00:19:02,143 [INFO] Capturing response: https://atomsportv506.top/cdn-cgi/rum? 204 
2026-06-11 00:19:02,160 [INFO] Capturing request: https://atomsportv506.top/favicon.ico
2026-06-11 00:19:02,161 [INFO] Capturing request: https://teletv5.top/load/yayinlink.php?id=bein-sports-4
2026-06-11 00:19:02,208 [INFO] Capturing response: https://atomsportv506.top/cdn-cgi/rum? 204 
2026-06-11 00:19:02,219 [INFO] Capturing response: https://atomsportv506.top/favicon.ico 200 
2026-06-11 00:19:02,275 [INFO] Capturing request: https://streamsport365.com/cinema
2026-06-11 00:19:02,577 [INFO] Capturing response: https://streamsport365.com/cinema 200 
2026-06-11 00:19:02,584 [INFO] Capturing response: https://teletv5.top/load/yayinlink.php?id=bein-sports-4 200 
2026-06-11 00:19:17,719 [INFO] Capturing request: https://update.googleapis.com/service/update2/json?cup2key=16:5zDmAoeuFGPUNwi78PJuUhaUV8tuuVapRpom-XMKE7I&cup2hreq=0e4f088a608bc3cb8679ca665fd8d7a9f572439031b3c1a15a9e6b66bfb60495
2026-06-11 00:19:17,745 [INFO] Capturing response: https://update.googleapis.com/service/update2/json?cup2key=16:5zDmAoeuFGPUNwi78PJuUhaUV8tuuVapRpom-XMKE7I&cup2hreq=0e4f088a608bc3cb8679ca665fd8d7a9f572439031b3c1a15a9e6b66bfb60495 200 
2026-06-11 00:19:17,761 [INFO] Capturing request: http://edgedl.me.gvt1.com/edgedl/diffgen-puffin/gcmjkmgdlgnkkcocmoeiminaijmmjnii/71d926df14cb4c89c6f8f88e6c0bfcf6fe1e1a256ca7f8db04002a111af4c5b0
2026-06-11 00:19:17,772 [INFO] Capturing response: http://edgedl.me.gvt1.com/edgedl/diffgen-puffin/gcmjkmgdlgnkkcocmoeiminaijmmjnii/71d926df14cb4c89c6f8f88e6c0bfcf6fe1e1a256ca7f8db04002a111af4c5b0 200 OK
2026-06-11 00:19:17,799 [INFO] Capturing request: https://update.googleapis.com/service/update2/json
2026-06-11 00:19:17,823 [INFO] Capturing response: https://update.googleapis.com/service/update2/json 200 
2026-06-11 00:19:17,868 [INFO] Capturing request: http://edgedl.me.gvt1.com/edgedl/release2/chrome_component/ac666hgkhcpakbfdjazm6aidj5ta_10579/hfnkpimlhhgieaddgfemjhofmfblmnib_10579_all_ctls5wxxpnu55jyi2kdmffexom.crx3
2026-06-11 00:19:17,885 [INFO] Capturing response: http://edgedl.me.gvt1.com/edgedl/release2/chrome_component/ac666hgkhcpakbfdjazm6aidj5ta_10579/hfnkpimlhhgieaddgfemjhofmfblmnib_10579_all_ctls5wxxpnu55jyi2kdmffexom.crx3 200 OK
2026-06-11 00:19:17,917 [INFO] Capturing request: https://update.googleapis.com/service/update2/json
2026-06-11 00:19:17,942 [INFO] Capturing response: https://update.googleapis.com/service/update2/json 200 
2026-06-11 00:19:35,337 [WARNING]   ❌ beIN Sports 4 için M3U8 bulunamadı
2026-06-11 00:19:36,337 [INFO] 
[5/14]
2026-06-11 00:19:36,338 [INFO] 🔍 beIN Sports 5 → https://atomsportv506.top/matches?id=bein-sports-5
2026-06-11 00:19:36,480 [INFO] Capturing request: https://atomsportv506.top/matches?id=bein-sports-5
2026-06-11 00:19:36,992 [INFO] Capturing response: https://atomsportv506.top/matches?id=bein-sports-5 200 
2026-06-11 00:19:37,001 [INFO] Capturing request: https://atomsportv506.top/cdn-cgi/rum?
2026-06-11 00:19:37,033 [INFO] Capturing request: https://atomsportv506.top/cdn-cgi/rum?
2026-06-11 00:19:37,111 [INFO] Capturing response: https://atomsportv506.top/cdn-cgi/rum? 204 
2026-06-11 00:19:37,133 [INFO] Capturing request: https://atomsportv506.top/favicon.ico
2026-06-11 00:19:37,171 [INFO] Capturing response: https://atomsportv506.top/favicon.ico 200 
2026-06-11 00:19:37,173 [INFO] Capturing request: https://teletv5.top/load/yayinlink.php?id=bein-sports-5
2026-06-11 00:19:37,183 [INFO] Capturing response: https://atomsportv506.top/cdn-cgi/rum? 204 
2026-06-11 00:19:37,350 [INFO] Capturing response: https://teletv5.top/load/yayinlink.php?id=bein-sports-5 200 
2026-06-11 00:19:37,672 [INFO] Capturing request: https://streamsport365.com/cinema
2026-06-11 00:19:37,766 [INFO] Capturing request: https://android.clients.google.com/c2dm/register3
2026-06-11 00:19:37,793 [INFO] Capturing response: https://android.clients.google.com/c2dm/register3 301 
2026-06-11 00:19:37,955 [INFO] Capturing response: https://streamsport365.com/cinema 200 
2026-06-11 00:20:10,296 [WARNING]   ❌ beIN Sports 5 için M3U8 bulunamadı
2026-06-11 00:20:11,296 [INFO] 
[6/14]
2026-06-11 00:20:11,296 [INFO] 🔍 beIN Sports Max 1 → https://atomsportv506.top/matches?id=bein-sports-max-1
2026-06-11 00:20:11,408 [INFO] Capturing request: https://atomsportv506.top/assets/js/clappr.js
2026-06-11 00:20:11,410 [INFO] Capturing request: https://atomsportv506.top/matches?id=bein-sports-max-1
2026-06-11 00:20:11,436 [INFO] Capturing response: https://atomsportv506.top/assets/js/clappr.js 200 
2026-06-11 00:20:11,699 [INFO] Capturing response: https://atomsportv506.top/matches?id=bein-sports-max-1 200 
2026-06-11 00:20:11,711 [INFO] Capturing request: https://atomsportv506.top/cdn-cgi/rum?
2026-06-11 00:20:11,733 [INFO] Capturing request: https://atomsportv506.top/cdn-cgi/rum?
2026-06-11 00:20:11,820 [INFO] Capturing response: https://atomsportv506.top/cdn-cgi/rum? 204 
2026-06-11 00:20:11,828 [INFO] Capturing request: https://teletv5.top/load/yayinlink.php?id=bein-sports-max-1
2026-06-11 00:20:11,835 [INFO] Capturing request: https://atomsportv506.top/favicon.ico
2026-06-11 00:20:11,872 [INFO] Capturing response: https://atomsportv506.top/favicon.ico 200 
2026-06-11 00:20:11,883 [INFO] Capturing response: https://atomsportv506.top/cdn-cgi/rum? 204 
2026-06-11 00:20:11,945 [INFO] Capturing request: https://streamsport365.com/cinema
2026-06-11 00:20:12,028 [INFO] Capturing response: https://teletv5.top/load/yayinlink.php?id=bein-sports-max-1 200 
2026-06-11 00:20:12,244 [INFO] Capturing response: https://streamsport365.com/cinema 200 
2026-06-11 00:20:44,995 [WARNING]   ❌ beIN Sports Max 1 için M3U8 bulunamadı
2026-06-11 00:20:45,996 [INFO] 
[7/14]
2026-06-11 00:20:45,996 [INFO] 🔍 beIN Sports Max 2 → https://atomsportv506.top/matches?id=bein-sports-max-2
2026-06-11 00:20:46,106 [INFO] Capturing request: https://atomsportv506.top/assets/js/clappr.js
2026-06-11 00:20:46,106 [INFO] Capturing request: https://atomsportv506.top/matches?id=bein-sports-max-2
2026-06-11 00:20:46,149 [INFO] Capturing response: https://atomsportv506.top/assets/js/clappr.js 200 
2026-06-11 00:20:46,418 [INFO] Capturing response: https://atomsportv506.top/matches?id=bein-sports-max-2 200 
2026-06-11 00:20:46,428 [INFO] Capturing request: https://atomsportv506.top/cdn-cgi/rum?
2026-06-11 00:20:46,462 [INFO] Capturing request: https://atomsportv506.top/cdn-cgi/rum?
2026-06-11 00:20:46,536 [INFO] Capturing response: https://atomsportv506.top/cdn-cgi/rum? 204 
2026-06-11 00:20:46,560 [INFO] Capturing request: https://teletv5.top/load/yayinlink.php?id=bein-sports-max-2
2026-06-11 00:20:46,563 [INFO] Capturing request: https://atomsportv506.top/favicon.ico
2026-06-11 00:20:46,602 [INFO] Capturing response: https://atomsportv506.top/favicon.ico 200 
2026-06-11 00:20:46,611 [INFO] Capturing response: https://atomsportv506.top/cdn-cgi/rum? 204 
2026-06-11 00:20:46,674 [INFO] Capturing request: https://streamsport365.com/cinema
2026-06-11 00:20:46,733 [INFO] Capturing response: https://teletv5.top/load/yayinlink.php?id=bein-sports-max-2 200 
2026-06-11 00:20:46,959 [INFO] Capturing response: https://streamsport365.com/cinema 200 
2026-06-11 00:21:19,723 [WARNING]   ❌ beIN Sports Max 2 için M3U8 bulunamadı
2026-06-11 00:21:20,723 [INFO] 
[8/14]
2026-06-11 00:21:20,724 [INFO] 🔍 S Sport → https://atomsportv506.top/matches?id=s-sport
2026-06-11 00:21:20,832 [INFO] Capturing request: https://atomsportv506.top/assets/js/clappr.js
2026-06-11 00:21:20,834 [INFO] Capturing request: https://atomsportv506.top/matches?id=s-sport
2026-06-11 00:21:20,851 [INFO] Capturing response: https://atomsportv506.top/assets/js/clappr.js 200 
2026-06-11 00:21:21,119 [INFO] Capturing response: https://atomsportv506.top/matches?id=s-sport 200 
2026-06-11 00:21:21,127 [INFO] Capturing request: https://atomsportv506.top/cdn-cgi/rum?
2026-06-11 00:21:21,157 [INFO] Capturing request: https://atomsportv506.top/cdn-cgi/rum?
2026-06-11 00:21:21,236 [INFO] Capturing response: https://atomsportv506.top/cdn-cgi/rum? 204 
2026-06-11 00:21:21,257 [INFO] Capturing request: https://teletv5.top/load/yayinlink.php?id=s-sport
2026-06-11 00:21:21,260 [INFO] Capturing request: https://atomsportv506.top/favicon.ico
2026-06-11 00:21:21,307 [INFO] Capturing response: https://atomsportv506.top/cdn-cgi/rum? 204 
2026-06-11 00:21:21,374 [INFO] Capturing request: https://streamsport365.com/cinema
2026-06-11 00:21:21,429 [INFO] Capturing response: https://teletv5.top/load/yayinlink.php?id=s-sport 200 
2026-06-11 00:21:21,491 [INFO] Capturing response: https://atomsportv506.top/favicon.ico 200 
2026-06-11 00:21:21,660 [INFO] Capturing response: https://streamsport365.com/cinema 200 
2026-06-11 00:21:21,812 [INFO] Capturing request: https://hlssssssssssssssssss.yedeklinksa35.workers.dev/https://corestream.ronaldovurdu.help//s-sportt/tracks-v1a1/mono.m3u8
2026-06-11 00:21:22,105 [INFO] Capturing response: https://hlssssssssssssssssss.yedeklinksa35.workers.dev/https://corestream.ronaldovurdu.help//s-sportt/tracks-v1a1/mono.m3u8 200 
2026-06-11 00:21:22,294 [INFO] Capturing request: https://ts.yedeklinksa35.workers.dev/s-sportt/tracks-v1a1/2026/06/11/00/21/15-05000.avif
2026-06-11 00:21:22,639 [INFO] Capturing response: https://ts.yedeklinksa35.workers.dev/s-sportt/tracks-v1a1/2026/06/11/00/21/15-05000.avif 200 
2026-06-11 00:21:22,831 [INFO] Capturing request: https://ts.yedeklinksa35.workers.dev/s-sportt/tracks-v1a1/2026/06/11/00/21/20-05000.avif
2026-06-11 00:21:23,229 [INFO] Capturing response: https://ts.yedeklinksa35.workers.dev/s-sportt/tracks-v1a1/2026/06/11/00/21/20-05000.avif 200 
2026-06-11 00:21:23,413 [INFO] Capturing request: https://ts.yedeklinksa35.workers.dev/s-sportt/tracks-v1a1/2026/06/11/00/21/25-05000.avif
2026-06-11 00:21:23,966 [INFO] Capturing response: https://ts.yedeklinksa35.workers.dev/s-sportt/tracks-v1a1/2026/06/11/00/21/25-05000.avif 200 
2026-06-11 00:21:24,175 [INFO]   ✅ M3U8 bulundu: https://hlssssssssssssssssss.yedeklinksa35.workers.dev/https://corestream.ronaldovurdu.help//s-sportt/tracks-v1a1/mono.m3u8
2026-06-11 00:21:25,175 [INFO] 
[9/14]
2026-06-11 00:21:25,176 [INFO] 🔍 S Sport 2 → https://atomsportv506.top/matches?id=s-sport-2
2026-06-11 00:21:25,288 [INFO] Capturing request: https://atomsportv506.top/assets/js/clappr.js
2026-06-11 00:21:25,289 [INFO] Capturing request: https://atomsportv506.top/matches?id=s-sport-2
2026-06-11 00:21:25,346 [INFO] Capturing response: https://atomsportv506.top/matches?id=s-sport-2 200 
2026-06-11 00:21:25,357 [INFO] Capturing request: https://atomsportv506.top/cdn-cgi/rum?
2026-06-11 00:21:25,420 [INFO] Capturing request: https://atomsportv506.top/cdn-cgi/rum?
2026-06-11 00:21:25,432 [INFO] Capturing request: https://streamsport365.com/cinema
2026-06-11 00:21:25,466 [INFO] Capturing response: https://atomsportv506.top/cdn-cgi/rum? 204 
2026-06-11 00:21:25,485 [INFO] Capturing request: https://teletv5.top/load/yayinlink.php?id=s-sport-2
2026-06-11 00:21:25,524 [INFO] Capturing request: https://atomsportv506.top/favicon.ico
2026-06-11 00:21:25,560 [INFO] Capturing response: https://atomsportv506.top/favicon.ico 200 
2026-06-11 00:21:25,570 [INFO] Capturing response: https://atomsportv506.top/cdn-cgi/rum? 204 
2026-06-11 00:21:25,586 [INFO] Capturing response: https://atomsportv506.top/assets/js/clappr.js 200 
2026-06-11 00:21:25,652 [INFO] Capturing response: https://teletv5.top/load/yayinlink.php?id=s-sport-2 200 
2026-06-11 00:21:25,710 [INFO] Capturing response: https://streamsport365.com/cinema 200 
2026-06-11 00:21:25,829 [INFO] Capturing request: https://hlssssssssssssssssss.yedeklinksa35.workers.dev/https://corestream.ronaldovurdu.help//s-sport2/tracks-v1a1/mono.m3u8
2026-06-11 00:21:25,979 [INFO] Capturing response: https://hlssssssssssssssssss.yedeklinksa35.workers.dev/https://corestream.ronaldovurdu.help//s-sport2/tracks-v1a1/mono.m3u8 200 
2026-06-11 00:21:26,089 [INFO] Capturing request: https://ts.yedeklinksa35.workers.dev/s-sport2/tracks-v1a1/2026/06/11/00/21/08-06000.avif
2026-06-11 00:21:26,513 [INFO] Capturing response: https://ts.yedeklinksa35.workers.dev/s-sport2/tracks-v1a1/2026/06/11/00/21/08-06000.avif 200 
2026-06-11 00:21:26,728 [INFO] Capturing request: https://ts.yedeklinksa35.workers.dev/s-sport2/tracks-v1a1/2026/06/11/00/21/14-06000.avif
2026-06-11 00:21:27,124 [INFO] Capturing response: https://ts.yedeklinksa35.workers.dev/s-sport2/tracks-v1a1/2026/06/11/00/21/14-06000.avif 200 
2026-06-11 00:21:27,357 [INFO] Capturing request: https://ts.yedeklinksa35.workers.dev/s-sport2/tracks-v1a1/2026/06/11/00/21/20-06000.avif
2026-06-11 00:21:27,646 [INFO] Capturing response: https://ts.yedeklinksa35.workers.dev/s-sport2/tracks-v1a1/2026/06/11/00/21/20-06000.avif 200 
2026-06-11 00:21:28,431 [INFO]   ✅ M3U8 bulundu: https://hlssssssssssssssssss.yedeklinksa35.workers.dev/https://corestream.ronaldovurdu.help//s-sport2/tracks-v1a1/mono.m3u8
2026-06-11 00:21:29,432 [INFO] 
[10/14]
2026-06-11 00:21:29,432 [INFO] 🔍 A Spor → https://atomsportv506.top/matches?id=a-spor
2026-06-11 00:21:29,545 [INFO] Capturing request: https://atomsportv506.top/assets/js/clappr.js
2026-06-11 00:21:29,546 [INFO] Capturing request: https://atomsportv506.top/matches?id=a-spor
2026-06-11 00:21:29,638 [INFO] Capturing response: https://atomsportv506.top/matches?id=a-spor 200 
2026-06-11 00:21:29,649 [INFO] Capturing request: https://atomsportv506.top/cdn-cgi/rum?
2026-06-11 00:21:29,679 [INFO] Capturing request: https://atomsportv506.top/cdn-cgi/rum?
2026-06-11 00:21:29,706 [INFO] Capturing response: https://atomsportv506.top/assets/js/clappr.js 200 
2026-06-11 00:21:29,758 [INFO] Capturing response: https://atomsportv506.top/cdn-cgi/rum? 204 
2026-06-11 00:21:29,778 [INFO] Capturing request: https://teletv5.top/load/yayinlink.php?id=a-spor
2026-06-11 00:21:29,787 [INFO] Capturing request: https://atomsportv506.top/favicon.ico
2026-06-11 00:21:29,810 [INFO] Capturing response: https://atomsportv506.top/cdn-cgi/rum? 204 
2026-06-11 00:21:29,825 [INFO] Capturing response: https://atomsportv506.top/favicon.ico 200 
2026-06-11 00:21:29,892 [INFO] Capturing request: https://streamsport365.com/cinema
2026-06-11 00:21:29,948 [INFO] Capturing response: https://teletv5.top/load/yayinlink.php?id=a-spor 200 
2026-06-11 00:21:30,175 [INFO] Capturing response: https://streamsport365.com/cinema 200 
2026-06-11 00:21:30,294 [INFO] Capturing request: https://hlssssssssssssssssss.yedeklinksa35.workers.dev/https://corestream.ronaldovurdu.help//aspor/tracks-v1a1/mono.m3u8
2026-06-11 00:21:30,435 [INFO] Capturing response: https://hlssssssssssssssssss.yedeklinksa35.workers.dev/https://corestream.ronaldovurdu.help//aspor/tracks-v1a1/mono.m3u8 200 
2026-06-11 00:21:30,544 [INFO] Capturing request: https://ts.yedeklinksa35.workers.dev/aspor/tracks-v1a1/2026/06/11/00/21/21-06000.avif
2026-06-11 00:21:31,111 [INFO] Capturing response: https://ts.yedeklinksa35.workers.dev/aspor/tracks-v1a1/2026/06/11/00/21/21-06000.avif 200 
2026-06-11 00:21:31,369 [INFO] Capturing request: https://ts.yedeklinksa35.workers.dev/aspor/tracks-v1a1/2026/06/11/00/21/27-06000.avif
2026-06-11 00:21:31,910 [INFO] Capturing response: https://ts.yedeklinksa35.workers.dev/aspor/tracks-v1a1/2026/06/11/00/21/27-06000.avif 200 
2026-06-11 00:21:32,176 [INFO] Capturing request: https://ts.yedeklinksa35.workers.dev/aspor/tracks-v1a1/2026/06/11/00/21/33-06000.avif
2026-06-11 00:21:32,689 [INFO] Capturing response: https://ts.yedeklinksa35.workers.dev/aspor/tracks-v1a1/2026/06/11/00/21/33-06000.avif 200 
2026-06-11 00:21:32,730 [INFO]   ✅ M3U8 bulundu: https://hlssssssssssssssssss.yedeklinksa35.workers.dev/https://corestream.ronaldovurdu.help//aspor/tracks-v1a1/mono.m3u8
2026-06-11 00:21:33,732 [INFO] 
[11/14]
2026-06-11 00:21:33,732 [INFO] 🔍 Tivibu Spor 1 → https://atomsportv506.top/matches?id=tivibu-spor-1
2026-06-11 00:21:33,845 [INFO] Capturing request: https://atomsportv506.top/assets/js/clappr.js
2026-06-11 00:21:33,845 [INFO] Capturing request: https://atomsportv506.top/matches?id=tivibu-spor-1
2026-06-11 00:21:33,864 [INFO] Capturing response: https://atomsportv506.top/assets/js/clappr.js 200 
2026-06-11 00:21:33,909 [INFO] Capturing response: https://atomsportv506.top/matches?id=tivibu-spor-1 200 
2026-06-11 00:21:33,918 [INFO] Capturing request: https://atomsportv506.top/cdn-cgi/rum?
2026-06-11 00:21:33,943 [INFO] Capturing request: https://streamsport365.com/cinema
2026-06-11 00:21:33,948 [INFO] Capturing request: https://atomsportv506.top/cdn-cgi/rum?
2026-06-11 00:21:34,043 [INFO] Capturing request: https://teletv5.top/load/yayinlink.php?id=tivibu-spor-1
2026-06-11 00:21:34,049 [INFO] Capturing request: https://atomsportv506.top/favicon.ico
2026-06-11 00:21:34,056 [INFO] Capturing response: https://atomsportv506.top/cdn-cgi/rum? 204 
2026-06-11 00:21:34,057 [INFO] Capturing response: https://atomsportv506.top/cdn-cgi/rum? 204 
2026-06-11 00:21:34,086 [INFO] Capturing response: https://atomsportv506.top/favicon.ico 200 
2026-06-11 00:21:34,211 [INFO] Capturing response: https://teletv5.top/load/yayinlink.php?id=tivibu-spor-1 200 
2026-06-11 00:21:34,224 [INFO] Capturing response: https://streamsport365.com/cinema 200 
2026-06-11 00:21:34,287 [INFO] Capturing request: https://android.clients.google.com/c2dm/register3
2026-06-11 00:21:34,315 [INFO] Capturing response: https://android.clients.google.com/c2dm/register3 301 
2026-06-11 00:22:07,211 [WARNING]   ❌ Tivibu Spor 1 için M3U8 bulunamadı
2026-06-11 00:22:08,211 [INFO] 
[12/14]
2026-06-11 00:22:08,212 [INFO] 🔍 Tivibu Spor 2 → https://atomsportv506.top/matches?id=tivibu-spor-2
2026-06-11 00:22:08,319 [INFO] Capturing request: https://atomsportv506.top/assets/js/clappr.js
2026-06-11 00:22:08,322 [INFO] Capturing request: https://atomsportv506.top/matches?id=tivibu-spor-2
2026-06-11 00:22:08,338 [INFO] Capturing response: https://atomsportv506.top/assets/js/clappr.js 200 
2026-06-11 00:22:08,601 [INFO] Capturing response: https://atomsportv506.top/matches?id=tivibu-spor-2 200 
2026-06-11 00:22:08,613 [INFO] Capturing request: https://atomsportv506.top/cdn-cgi/rum?
2026-06-11 00:22:08,642 [INFO] Capturing request: https://atomsportv506.top/cdn-cgi/rum?
2026-06-11 00:22:08,740 [INFO] Capturing request: https://teletv5.top/load/yayinlink.php?id=tivibu-spor-2
2026-06-11 00:22:08,743 [INFO] Capturing request: https://atomsportv506.top/favicon.ico
2026-06-11 00:22:08,749 [INFO] Capturing response: https://atomsportv506.top/cdn-cgi/rum? 204 
2026-06-11 00:22:08,751 [INFO] Capturing response: https://atomsportv506.top/cdn-cgi/rum? 204 
2026-06-11 00:22:08,783 [INFO] Capturing response: https://atomsportv506.top/favicon.ico 200 
2026-06-11 00:22:08,855 [INFO] Capturing request: https://streamsport365.com/cinema
2026-06-11 00:22:08,918 [INFO] Capturing response: https://teletv5.top/load/yayinlink.php?id=tivibu-spor-2 200 
2026-06-11 00:22:09,147 [INFO] Capturing response: https://streamsport365.com/cinema 200 
2026-06-11 00:22:41,903 [WARNING]   ❌ Tivibu Spor 2 için M3U8 bulunamadı
2026-06-11 00:22:42,903 [INFO] 
[13/14]
2026-06-11 00:22:42,903 [INFO] 🔍 Tivibu Spor 3 → https://atomsportv506.top/matches?id=tivibu-spor-3
2026-06-11 00:22:43,013 [INFO] Capturing request: https://atomsportv506.top/assets/js/clappr.js
2026-06-11 00:22:43,013 [INFO] Capturing request: https://atomsportv506.top/matches?id=tivibu-spor-3
2026-06-11 00:22:43,033 [INFO] Capturing response: https://atomsportv506.top/assets/js/clappr.js 200 
2026-06-11 00:22:43,291 [INFO] Capturing response: https://atomsportv506.top/matches?id=tivibu-spor-3 200 
2026-06-11 00:22:43,300 [INFO] Capturing request: https://atomsportv506.top/cdn-cgi/rum?
2026-06-11 00:22:43,333 [INFO] Capturing request: https://atomsportv506.top/cdn-cgi/rum?
2026-06-11 00:22:43,408 [INFO] Capturing response: https://atomsportv506.top/cdn-cgi/rum? 204 
2026-06-11 00:22:43,432 [INFO] Capturing request: https://teletv5.top/load/yayinlink.php?id=tivibu-spor-3
2026-06-11 00:22:43,436 [INFO] Capturing request: https://atomsportv506.top/favicon.ico
2026-06-11 00:22:43,480 [INFO] Capturing response: https://atomsportv506.top/favicon.ico 200 
2026-06-11 00:22:43,483 [INFO] Capturing response: https://atomsportv506.top/cdn-cgi/rum? 204 
2026-06-11 00:22:43,550 [INFO] Capturing request: https://streamsport365.com/cinema
2026-06-11 00:22:43,606 [INFO] Capturing response: https://teletv5.top/load/yayinlink.php?id=tivibu-spor-3 200 
2026-06-11 00:22:43,831 [INFO] Capturing response: https://streamsport365.com/cinema 200 
2026-06-11 00:23:16,595 [WARNING]   ❌ Tivibu Spor 3 için M3U8 bulunamadı
2026-06-11 00:23:17,596 [INFO] 
[14/14]
2026-06-11 00:23:17,596 [INFO] 🔍 Tivibu Spor 4 → https://atomsportv506.top/matches?id=tivibu-spor-4
2026-06-11 00:23:17,704 [INFO] Capturing request: https://atomsportv506.top/assets/js/clappr.js
2026-06-11 00:23:17,706 [INFO] Capturing request: https://atomsportv506.top/matches?id=tivibu-spor-4
2026-06-11 00:23:17,724 [INFO] Capturing response: https://atomsportv506.top/assets/js/clappr.js 200 
2026-06-11 00:23:17,989 [INFO] Capturing response: https://atomsportv506.top/matches?id=tivibu-spor-4 200 
2026-06-11 00:23:17,999 [INFO] Capturing request: https://atomsportv506.top/cdn-cgi/rum?
2026-06-11 00:23:18,025 [INFO] Capturing request: https://atomsportv506.top/cdn-cgi/rum?
2026-06-11 00:23:18,108 [INFO] Capturing response: https://atomsportv506.top/cdn-cgi/rum? 204 
2026-06-11 00:23:18,122 [INFO] Capturing request: https://teletv5.top/load/yayinlink.php?id=tivibu-spor-4
2026-06-11 00:23:18,128 [INFO] Capturing request: https://atomsportv506.top/favicon.ico
2026-06-11 00:23:18,168 [INFO] Capturing response: https://atomsportv506.top/favicon.ico 200 
2026-06-11 00:23:18,174 [INFO] Capturing response: https://atomsportv506.top/cdn-cgi/rum? 204 
2026-06-11 00:23:18,237 [INFO] Capturing request: https://streamsport365.com/cinema
2026-06-11 00:23:18,292 [INFO] Capturing response: https://teletv5.top/load/yayinlink.php?id=tivibu-spor-4 200 
2026-06-11 00:23:18,530 [INFO] Capturing response: https://streamsport365.com/cinema 200 
2026-06-11 00:23:51,290 [WARNING]   ❌ Tivibu Spor 4 için M3U8 bulunamadı
2026-06-11 00:23:52,354 [INFO] ✅ 5 kanal bulundu, playlist.m3u kaydedildi
