2026-06-23 22:15:45,771 [INFO] 🌐 BASE_URL: https://atomsportv508.top
2026-06-23 22:15:46,732 [INFO] Başlanıyor... 14 kanal taranacak
2026-06-23 22:15:46,732 [INFO] Using default request storage
2026-06-23 22:15:46,736 [INFO] Created proxy listening on 127.0.0.1:37729
2026-06-23 22:15:47,413 [INFO] Capturing request: http://clients2.google.com/time/1/current?cup2key=10:A47isdKPj8QQelnc8Nj7nZ7ajTPVrD4adYL6H16RhBc&cup2hreq=e3b0c44298fc1c149afbf4c8996fb92427ae41e4649b934ca495991b7852b855
2026-06-23 22:15:47,511 [INFO] Capturing response: http://clients2.google.com/time/1/current?cup2key=10:A47isdKPj8QQelnc8Nj7nZ7ajTPVrD4adYL6H16RhBc&cup2hreq=e3b0c44298fc1c149afbf4c8996fb92427ae41e4649b934ca495991b7852b855 200 OK
2026-06-23 22:15:47,551 [INFO] 
[1/14]
2026-06-23 22:15:47,551 [INFO] 🔍 beIN Sports 1 → https://atomsportv508.top/matches?id=bein-sports-1
2026-06-23 22:15:47,624 [INFO] Capturing request: https://update.googleapis.com/service/update2/json?cup2key=16:I3MwTyp3IKJY-b9XdoH8hCv9DYKx7XgkjXMUc_K2Ifc&cup2hreq=0c506ae299d1e39be6d7ece04ae85e4cc1c1c9a780ddef81276badcb904bf08f
2026-06-23 22:15:47,639 [INFO] Capturing request: https://accounts.google.com/ListAccounts?gpsia=1&source=ChromiumBrowser&json=standard&laf=b64bin
2026-06-23 22:15:47,703 [INFO] Capturing response: https://update.googleapis.com/service/update2/json?cup2key=16:I3MwTyp3IKJY-b9XdoH8hCv9DYKx7XgkjXMUc_K2Ifc&cup2hreq=0c506ae299d1e39be6d7ece04ae85e4cc1c1c9a780ddef81276badcb904bf08f 200 
2026-06-23 22:15:47,751 [INFO] Capturing request: https://update.googleapis.com/service/update2/json?cup2key=16:dzCAlHlnJeC_aTwHtLAxmhlehDsQOO4q6Ed65r6bmKU&cup2hreq=a23828c2da913529a9d4835aaa150bf705a914c812c6b55942286d5018b7a3c5
2026-06-23 22:15:47,753 [INFO] Capturing response: https://accounts.google.com/ListAccounts?gpsia=1&source=ChromiumBrowser&json=standard&laf=b64bin 200 
2026-06-23 22:15:47,759 [INFO] Capturing request: https://atomsportv508.top/matches?id=bein-sports-1
2026-06-23 22:15:47,809 [INFO] Capturing response: https://update.googleapis.com/service/update2/json?cup2key=16:dzCAlHlnJeC_aTwHtLAxmhlehDsQOO4q6Ed65r6bmKU&cup2hreq=a23828c2da913529a9d4835aaa150bf705a914c812c6b55942286d5018b7a3c5 200 
2026-06-23 22:15:47,885 [INFO] Capturing response: https://atomsportv508.top/matches?id=bein-sports-1 200 
2026-06-23 22:15:48,037 [INFO] Capturing request: https://atomsportv508.top/assets/js/clappr.js
2026-06-23 22:15:48,087 [INFO] Capturing request: https://www.google.com/async/folae?async=_fmt:pb&udm=50&client_locale=en-US&client_country=ZZ
2026-06-23 22:15:48,102 [INFO] Capturing response: https://atomsportv508.top/assets/js/clappr.js 200 
2026-06-23 22:15:48,123 [INFO] Capturing response: https://www.google.com/async/folae?async=_fmt:pb&udm=50&client_locale=en-US&client_country=ZZ 200 
2026-06-23 22:15:48,134 [INFO] Capturing request: https://cdnjs.cloudflare.com/ajax/libs/jquery/3.2.1/jquery.min.js
2026-06-23 22:15:48,156 [INFO] Capturing request: https://cdn.jsdelivr.net/npm/@clappr/player@latest/dist/clappr.min.js
2026-06-23 22:15:48,174 [INFO] Capturing response: https://cdnjs.cloudflare.com/ajax/libs/jquery/3.2.1/jquery.min.js 200 
2026-06-23 22:15:48,271 [INFO] Capturing response: https://cdn.jsdelivr.net/npm/@clappr/player@latest/dist/clappr.min.js 200 
2026-06-23 22:15:48,421 [INFO] Capturing request: https://static.cloudflareinsights.com/beacon.min.js/v833ccba57c9e4d2798f2e76cebdd09a11778172276447
2026-06-23 22:15:48,453 [INFO] Capturing response: https://static.cloudflareinsights.com/beacon.min.js/v833ccba57c9e4d2798f2e76cebdd09a11778172276447 200 
2026-06-23 22:15:48,513 [INFO] Capturing request: https://atomsportv508.top/cdn-cgi/rum?
2026-06-23 22:15:48,613 [INFO] Capturing request: https://atomsportv508.top/favicon.ico
2026-06-23 22:15:48,655 [INFO] Capturing response: https://atomsportv508.top/cdn-cgi/rum? 204 
2026-06-23 22:15:48,703 [INFO] Capturing response: https://atomsportv508.top/favicon.ico 200 
2026-06-23 22:15:48,939 [INFO] Capturing request: https://teletv5.top/load/yayinlink.php?id=bein-sports-1
2026-06-23 22:15:49,163 [INFO] Capturing request: https://streamsport365.com/cinema
2026-06-23 22:15:49,346 [INFO] Capturing response: https://teletv5.top/load/yayinlink.php?id=bein-sports-1 200 
2026-06-23 22:15:49,484 [INFO] Capturing response: https://streamsport365.com/cinema 200 
2026-06-23 22:15:49,615 [INFO] Capturing request: https://atomsportv508.top/assets/img/player_logo_6880e4e4c52ee.png
2026-06-23 22:15:49,723 [INFO] Capturing response: https://atomsportv508.top/assets/img/player_logo_6880e4e4c52ee.png 200 
2026-06-23 22:15:49,745 [INFO] Capturing request: https://hlssssssssssssssssss.yedeklinksa35.workers.dev/https://corestream.ronaldovurdu.help//aspor/tracks-v1a1/mono.m3u8
2026-06-23 22:15:50,306 [INFO] Capturing response: https://hlssssssssssssssssss.yedeklinksa35.workers.dev/https://corestream.ronaldovurdu.help//aspor/tracks-v1a1/mono.m3u8 200 
2026-06-23 22:15:50,482 [INFO] Capturing request: https://android.clients.google.com/checkin
2026-06-23 22:15:50,584 [INFO] Capturing response: https://android.clients.google.com/checkin 200 
2026-06-23 22:15:50,605 [INFO] Capturing request: https://ts.yedeklinksa35.workers.dev/aspor/tracks-v1a1/2026/06/23/22/16/20-05760.avif
2026-06-23 22:15:50,631 [INFO] Capturing request: https://android.clients.google.com/c2dm/register3
2026-06-23 22:15:50,638 [INFO] Capturing request: https://android.clients.google.com/c2dm/register3
2026-06-23 22:15:50,638 [INFO] Capturing request: https://android.clients.google.com/c2dm/register3
2026-06-23 22:15:50,698 [INFO] Capturing response: https://android.clients.google.com/c2dm/register3 301 
2026-06-23 22:15:51,346 [INFO] Capturing response: https://android.clients.google.com/c2dm/register3 200 
2026-06-23 22:15:51,368 [INFO] Capturing response: https://android.clients.google.com/c2dm/register3 200 
2026-06-23 22:15:51,535 [INFO]   ✅ M3U8 bulundu: https://hlssssssssssssssssss.yedeklinksa35.workers.dev/https://corestream.ronaldovurdu.help//aspor/tracks-v1a1/mono.m3u8
2026-06-23 22:15:52,493 [INFO] Capturing response: https://ts.yedeklinksa35.workers.dev/aspor/tracks-v1a1/2026/06/23/22/16/20-05760.avif 200 
2026-06-23 22:15:52,536 [INFO] 
[2/14]
2026-06-23 22:15:52,536 [INFO] 🔍 beIN Sports 2 → https://atomsportv508.top/matches?id=bein-sports-2
2026-06-23 22:15:52,668 [INFO] Capturing request: https://atomsportv508.top/matches?id=bein-sports-2
2026-06-23 22:15:52,717 [INFO] Capturing request: https://ts.yedeklinksa35.workers.dev/aspor/tracks-v1a1/2026/06/23/22/16/26-05760.avif
2026-06-23 22:15:52,734 [INFO] Capturing response: https://atomsportv508.top/matches?id=bein-sports-2 200 
2026-06-23 22:15:52,744 [INFO] Capturing request: https://atomsportv508.top/cdn-cgi/rum?
2026-06-23 22:15:52,782 [INFO] Capturing request: https://streamsport365.com/cinema
2026-06-23 22:15:52,788 [INFO] Capturing request: https://atomsportv508.top/cdn-cgi/rum?
2026-06-23 22:15:52,882 [INFO] Capturing request: https://teletv5.top/load/yayinlink.php?id=bein-sports-2
2026-06-23 22:15:52,893 [INFO] Capturing response: https://atomsportv508.top/cdn-cgi/rum? 204 
2026-06-23 22:15:52,893 [INFO] Capturing request: https://atomsportv508.top/favicon.ico
2026-06-23 22:15:52,947 [INFO] Capturing response: https://atomsportv508.top/favicon.ico 200 
2026-06-23 22:15:52,971 [INFO] Capturing response: https://atomsportv508.top/cdn-cgi/rum? 204 
2026-06-23 22:15:53,104 [INFO] Capturing response: https://teletv5.top/load/yayinlink.php?id=bein-sports-2 200 
2026-06-23 22:15:53,114 [INFO] Capturing response: https://streamsport365.com/cinema 200 
2026-06-23 22:15:53,236 [INFO] Capturing request: https://hlssssssssssssssssss.yedeklinksa35.workers.dev/https://corestream.ronaldovurdu.help//bein2/tracks-v1a1/mono.m3u8
2026-06-23 22:15:53,988 [INFO] Capturing response: https://hlssssssssssssssssss.yedeklinksa35.workers.dev/https://corestream.ronaldovurdu.help//bein2/tracks-v1a1/mono.m3u8 200 
2026-06-23 22:15:54,097 [INFO] Capturing request: https://ts.yedeklinksa35.workers.dev/bein2/tracks-v1a1/2026/06/23/22/17/03-10000.avif
2026-06-23 22:15:54,781 [INFO] Capturing response: https://ts.yedeklinksa35.workers.dev/aspor/tracks-v1a1/2026/06/23/22/16/26-05760.avif 200 
2026-06-23 22:15:54,832 [INFO] 127.0.0.1:57988: ProtocolException("Error in HTTP connection: Http2ZombieException('Connection or stream already dead: 1782252954.8315215, False')")
2026-06-23 22:15:55,774 [INFO] Capturing response: https://ts.yedeklinksa35.workers.dev/bein2/tracks-v1a1/2026/06/23/22/17/03-10000.avif 200 
2026-06-23 22:15:55,819 [INFO]   ✅ M3U8 bulundu: https://hlssssssssssssssssss.yedeklinksa35.workers.dev/https://corestream.ronaldovurdu.help//bein2/tracks-v1a1/mono.m3u8
2026-06-23 22:15:55,990 [INFO] Capturing request: https://ts.yedeklinksa35.workers.dev/bein2/tracks-v1a1/2026/06/23/22/17/13-10000.avif
2026-06-23 22:15:56,819 [INFO] 
[3/14]
2026-06-23 22:15:56,819 [INFO] 🔍 beIN Sports 3 → https://atomsportv508.top/matches?id=bein-sports-3
2026-06-23 22:15:56,930 [INFO] Capturing request: https://atomsportv508.top/matches?id=bein-sports-3
2026-06-23 22:15:56,999 [INFO] Capturing response: https://atomsportv508.top/matches?id=bein-sports-3 200 
2026-06-23 22:15:57,010 [INFO] Capturing request: https://atomsportv508.top/cdn-cgi/rum?
2026-06-23 22:15:57,039 [INFO] Capturing request: https://atomsportv508.top/cdn-cgi/rum?
2026-06-23 22:15:57,135 [INFO] Capturing request: https://teletv5.top/load/yayinlink.php?id=bein-sports-3
2026-06-23 22:15:57,144 [INFO] Capturing request: https://atomsportv508.top/favicon.ico
2026-06-23 22:15:57,147 [INFO] Capturing response: https://atomsportv508.top/cdn-cgi/rum? 204 
2026-06-23 22:15:57,207 [INFO] Capturing response: https://atomsportv508.top/favicon.ico 200 
2026-06-23 22:15:57,222 [INFO] Capturing response: https://atomsportv508.top/cdn-cgi/rum? 204 
2026-06-23 22:15:57,276 [INFO] Capturing request: https://streamsport365.com/cinema
2026-06-23 22:15:57,371 [INFO] Capturing response: https://teletv5.top/load/yayinlink.php?id=bein-sports-3 200 
2026-06-23 22:15:57,464 [INFO] Capturing response: https://ts.yedeklinksa35.workers.dev/bein2/tracks-v1a1/2026/06/23/22/17/13-10000.avif 200 
2026-06-23 22:15:57,603 [INFO] Capturing response: https://streamsport365.com/cinema 200 
2026-06-23 22:16:14,757 [INFO] Capturing request: https://android.clients.google.com/c2dm/register3
2026-06-23 22:16:14,820 [INFO] Capturing response: https://android.clients.google.com/c2dm/register3 301 
2026-06-23 22:16:30,352 [WARNING]   ❌ beIN Sports 3 için M3U8 bulunamadı
2026-06-23 22:16:31,352 [INFO] 
[4/14]
2026-06-23 22:16:31,353 [INFO] 🔍 beIN Sports 4 → https://atomsportv508.top/matches?id=bein-sports-4
2026-06-23 22:16:31,462 [INFO] Capturing request: https://atomsportv508.top/assets/js/clappr.js
2026-06-23 22:16:31,463 [INFO] Capturing request: https://atomsportv508.top/matches?id=bein-sports-4
2026-06-23 22:16:31,498 [INFO] Capturing response: https://atomsportv508.top/assets/js/clappr.js 200 
2026-06-23 22:16:32,091 [INFO] Capturing response: https://atomsportv508.top/matches?id=bein-sports-4 200 
2026-06-23 22:16:32,102 [INFO] Capturing request: https://atomsportv508.top/cdn-cgi/rum?
2026-06-23 22:16:32,134 [INFO] Capturing request: https://atomsportv508.top/cdn-cgi/rum?
2026-06-23 22:16:32,230 [INFO] Capturing request: https://teletv5.top/load/yayinlink.php?id=bein-sports-4
2026-06-23 22:16:32,236 [INFO] Capturing request: https://atomsportv508.top/favicon.ico
2026-06-23 22:16:32,242 [INFO] Capturing response: https://atomsportv508.top/cdn-cgi/rum? 204 
2026-06-23 22:16:32,261 [INFO] Capturing response: https://atomsportv508.top/cdn-cgi/rum? 204 
2026-06-23 22:16:32,292 [INFO] Capturing response: https://atomsportv508.top/favicon.ico 200 
2026-06-23 22:16:32,369 [INFO] Capturing request: https://streamsport365.com/cinema
2026-06-23 22:16:32,453 [INFO] Capturing response: https://teletv5.top/load/yayinlink.php?id=bein-sports-4 200 
2026-06-23 22:16:32,699 [INFO] Capturing response: https://streamsport365.com/cinema 200 
2026-06-23 22:16:47,390 [INFO] Capturing request: https://update.googleapis.com/service/update2/json?cup2key=16:WCrcddG9y_f4LhDY2G-GLFcZvDn-ERcUb-sP0i80Df8&cup2hreq=3ad1f4dda838361002a3461f8ac298497ce9b69586851280af51c0acaf943a92
2026-06-23 22:16:47,450 [INFO] Capturing response: https://update.googleapis.com/service/update2/json?cup2key=16:WCrcddG9y_f4LhDY2G-GLFcZvDn-ERcUb-sP0i80Df8&cup2hreq=3ad1f4dda838361002a3461f8ac298497ce9b69586851280af51c0acaf943a92 200 
2026-06-23 22:17:05,405 [WARNING]   ❌ beIN Sports 4 için M3U8 bulunamadı
2026-06-23 22:17:06,405 [INFO] 
[5/14]
2026-06-23 22:17:06,405 [INFO] 🔍 beIN Sports 5 → https://atomsportv508.top/matches?id=bein-sports-5
2026-06-23 22:17:06,514 [INFO] Capturing request: https://atomsportv508.top/assets/js/clappr.js
2026-06-23 22:17:06,516 [INFO] Capturing request: https://atomsportv508.top/matches?id=bein-sports-5
2026-06-23 22:17:06,550 [INFO] Capturing response: https://atomsportv508.top/assets/js/clappr.js 200 
2026-06-23 22:17:06,875 [INFO] Capturing response: https://atomsportv508.top/matches?id=bein-sports-5 200 
2026-06-23 22:17:06,885 [INFO] Capturing request: https://atomsportv508.top/cdn-cgi/rum?
2026-06-23 22:17:06,912 [INFO] Capturing request: https://atomsportv508.top/cdn-cgi/rum?
2026-06-23 22:17:07,010 [INFO] Capturing request: https://teletv5.top/load/yayinlink.php?id=bein-sports-5
2026-06-23 22:17:07,015 [INFO] Capturing request: https://atomsportv508.top/favicon.ico
2026-06-23 22:17:07,025 [INFO] Capturing response: https://atomsportv508.top/cdn-cgi/rum? 204 
2026-06-23 22:17:07,045 [INFO] Capturing response: https://atomsportv508.top/cdn-cgi/rum? 204 
2026-06-23 22:17:07,072 [INFO] Capturing response: https://atomsportv508.top/favicon.ico 200 
2026-06-23 22:17:07,148 [INFO] Capturing request: https://streamsport365.com/cinema
2026-06-23 22:17:07,230 [INFO] Capturing response: https://teletv5.top/load/yayinlink.php?id=bein-sports-5 200 
2026-06-23 22:17:07,479 [INFO] Capturing response: https://streamsport365.com/cinema 200 
2026-06-23 22:17:13,367 [INFO] Capturing request: https://android.clients.google.com/c2dm/register3
2026-06-23 22:17:13,441 [INFO] Capturing response: https://android.clients.google.com/c2dm/register3 301 
2026-06-23 22:17:40,185 [WARNING]   ❌ beIN Sports 5 için M3U8 bulunamadı
2026-06-23 22:17:41,185 [INFO] 
[6/14]
2026-06-23 22:17:41,185 [INFO] 🔍 beIN Sports Max 1 → https://atomsportv508.top/matches?id=bein-sports-max-1
2026-06-23 22:17:41,295 [INFO] Capturing request: https://atomsportv508.top/assets/js/clappr.js
2026-06-23 22:17:41,297 [INFO] Capturing request: https://atomsportv508.top/matches?id=bein-sports-max-1
2026-06-23 22:17:41,338 [INFO] Capturing response: https://atomsportv508.top/assets/js/clappr.js 200 
2026-06-23 22:17:41,704 [INFO] Capturing response: https://atomsportv508.top/matches?id=bein-sports-max-1 200 
2026-06-23 22:17:41,714 [INFO] Capturing request: https://atomsportv508.top/cdn-cgi/rum?
2026-06-23 22:17:41,747 [INFO] Capturing request: https://atomsportv508.top/cdn-cgi/rum?
2026-06-23 22:17:41,844 [INFO] Capturing request: https://teletv5.top/load/yayinlink.php?id=bein-sports-max-1
2026-06-23 22:17:41,848 [INFO] Capturing request: https://atomsportv508.top/favicon.ico
2026-06-23 22:17:41,855 [INFO] Capturing response: https://atomsportv508.top/cdn-cgi/rum? 204 
2026-06-23 22:17:41,874 [INFO] Capturing response: https://atomsportv508.top/cdn-cgi/rum? 204 
2026-06-23 22:17:41,918 [INFO] Capturing response: https://atomsportv508.top/favicon.ico 200 
2026-06-23 22:17:41,983 [INFO] Capturing request: https://streamsport365.com/cinema
2026-06-23 22:17:42,074 [INFO] Capturing response: https://teletv5.top/load/yayinlink.php?id=bein-sports-max-1 200 
2026-06-23 22:17:42,304 [INFO] Capturing response: https://streamsport365.com/cinema 200 
2026-06-23 22:18:15,018 [WARNING]   ❌ beIN Sports Max 1 için M3U8 bulunamadı
2026-06-23 22:18:16,019 [INFO] 
[7/14]
2026-06-23 22:18:16,019 [INFO] 🔍 beIN Sports Max 2 → https://atomsportv508.top/matches?id=bein-sports-max-2
2026-06-23 22:18:16,127 [INFO] Capturing request: https://atomsportv508.top/assets/js/clappr.js
2026-06-23 22:18:16,130 [INFO] Capturing request: https://atomsportv508.top/matches?id=bein-sports-max-2
2026-06-23 22:18:16,166 [INFO] Capturing response: https://atomsportv508.top/assets/js/clappr.js 200 
2026-06-23 22:18:16,783 [INFO] Capturing response: https://atomsportv508.top/matches?id=bein-sports-max-2 200 
2026-06-23 22:18:16,794 [INFO] Capturing request: https://atomsportv508.top/cdn-cgi/rum?
2026-06-23 22:18:16,830 [INFO] Capturing request: https://atomsportv508.top/cdn-cgi/rum?
2026-06-23 22:18:16,934 [INFO] Capturing request: https://atomsportv508.top/favicon.ico
2026-06-23 22:18:16,935 [INFO] Capturing request: https://teletv5.top/load/yayinlink.php?id=bein-sports-max-2
2026-06-23 22:18:16,938 [INFO] Capturing response: https://atomsportv508.top/cdn-cgi/rum? 204 
2026-06-23 22:18:17,001 [INFO] Capturing response: https://atomsportv508.top/favicon.ico 200 
2026-06-23 22:18:17,014 [INFO] Capturing response: https://atomsportv508.top/cdn-cgi/rum? 204 
2026-06-23 22:18:17,068 [INFO] Capturing request: https://streamsport365.com/cinema
2026-06-23 22:18:17,163 [INFO] Capturing response: https://teletv5.top/load/yayinlink.php?id=bein-sports-max-2 200 
2026-06-23 22:18:17,391 [INFO] Capturing response: https://streamsport365.com/cinema 200 
2026-06-23 22:18:46,418 [INFO] Capturing request: https://android.clients.google.com/c2dm/register3
2026-06-23 22:18:46,485 [INFO] Capturing response: https://android.clients.google.com/c2dm/register3 301 
2026-06-23 22:18:50,104 [WARNING]   ❌ beIN Sports Max 2 için M3U8 bulunamadı
2026-06-23 22:18:51,104 [INFO] 
[8/14]
2026-06-23 22:18:51,105 [INFO] 🔍 S Sport → https://atomsportv508.top/matches?id=s-sport
2026-06-23 22:18:51,216 [INFO] Capturing request: https://atomsportv508.top/matches?id=s-sport
2026-06-23 22:18:51,564 [INFO] Capturing response: https://atomsportv508.top/matches?id=s-sport 200 
2026-06-23 22:18:51,573 [INFO] Capturing request: https://atomsportv508.top/cdn-cgi/rum?
2026-06-23 22:18:51,605 [INFO] Capturing request: https://atomsportv508.top/cdn-cgi/rum?
2026-06-23 22:18:51,705 [INFO] Capturing request: https://teletv5.top/load/yayinlink.php?id=s-sport
2026-06-23 22:18:51,710 [INFO] Capturing request: https://atomsportv508.top/favicon.ico
2026-06-23 22:18:51,714 [INFO] Capturing response: https://atomsportv508.top/cdn-cgi/rum? 204 
2026-06-23 22:18:51,735 [INFO] Capturing response: https://atomsportv508.top/cdn-cgi/rum? 204 
2026-06-23 22:18:51,774 [INFO] Capturing response: https://atomsportv508.top/favicon.ico 200 
2026-06-23 22:18:51,848 [INFO] Capturing request: https://streamsport365.com/cinema
2026-06-23 22:18:51,935 [INFO] Capturing response: https://teletv5.top/load/yayinlink.php?id=s-sport 200 
2026-06-23 22:18:52,177 [INFO] Capturing response: https://streamsport365.com/cinema 200 
2026-06-23 22:18:52,294 [INFO] Capturing request: https://atomsportv508.top/assets/img/player_logo_6880e4e4c52ee.png
2026-06-23 22:18:52,298 [INFO] Capturing request: https://hlssssssssssssssssss.yedeklinksa35.workers.dev/https://corestream.ronaldovurdu.help//s-sportt/tracks-v1a1/mono.m3u8
2026-06-23 22:18:52,385 [INFO] Capturing response: https://atomsportv508.top/assets/img/player_logo_6880e4e4c52ee.png 200 
2026-06-23 22:18:53,004 [INFO] Capturing response: https://hlssssssssssssssssss.yedeklinksa35.workers.dev/https://corestream.ronaldovurdu.help//s-sportt/tracks-v1a1/mono.m3u8 200 
2026-06-23 22:18:53,114 [INFO] Capturing request: https://ts.yedeklinksa35.workers.dev/s-sportt/tracks-v1a1/2026/06/23/22/18/31-05000.avif
2026-06-23 22:18:54,623 [INFO]   ✅ M3U8 bulundu: https://hlssssssssssssssssss.yedeklinksa35.workers.dev/https://corestream.ronaldovurdu.help//s-sportt/tracks-v1a1/mono.m3u8
2026-06-23 22:18:54,988 [INFO] Capturing response: https://ts.yedeklinksa35.workers.dev/s-sportt/tracks-v1a1/2026/06/23/22/18/31-05000.avif 200 
2026-06-23 22:18:55,244 [INFO] Capturing request: https://ts.yedeklinksa35.workers.dev/s-sportt/tracks-v1a1/2026/06/23/22/18/36-05000.avif
2026-06-23 22:18:55,623 [INFO] 
[9/14]
2026-06-23 22:18:55,623 [INFO] 🔍 S Sport 2 → https://atomsportv508.top/matches?id=s-sport-2
2026-06-23 22:18:55,733 [INFO] Capturing request: https://atomsportv508.top/assets/js/clappr.js
2026-06-23 22:18:55,735 [INFO] Capturing request: https://atomsportv508.top/matches?id=s-sport-2
2026-06-23 22:18:55,769 [INFO] Capturing response: https://atomsportv508.top/assets/js/clappr.js 200 
2026-06-23 22:18:55,817 [INFO] Capturing response: https://atomsportv508.top/matches?id=s-sport-2 200 
2026-06-23 22:18:55,828 [INFO] Capturing request: https://atomsportv508.top/cdn-cgi/rum?
2026-06-23 22:18:55,856 [INFO] Capturing request: https://streamsport365.com/cinema
2026-06-23 22:18:55,858 [INFO] Capturing request: https://atomsportv508.top/cdn-cgi/rum?
2026-06-23 22:18:55,953 [INFO] Capturing request: https://teletv5.top/load/yayinlink.php?id=s-sport-2
2026-06-23 22:18:55,959 [INFO] Capturing request: https://atomsportv508.top/favicon.ico
2026-06-23 22:18:55,969 [INFO] Capturing response: https://atomsportv508.top/cdn-cgi/rum? 204 
2026-06-23 22:18:55,987 [INFO] Capturing response: https://atomsportv508.top/cdn-cgi/rum? 204 
2026-06-23 22:18:56,008 [INFO] Capturing response: https://atomsportv508.top/favicon.ico 200 
2026-06-23 22:18:56,184 [INFO] Capturing response: https://streamsport365.com/cinema 200 
2026-06-23 22:18:56,187 [INFO] Capturing response: https://teletv5.top/load/yayinlink.php?id=s-sport-2 200 
2026-06-23 22:18:56,347 [INFO] Capturing request: https://hlssssssssssssssssss.yedeklinksa35.workers.dev/https://corestream.ronaldovurdu.help//s-sport2/tracks-v1a1/mono.m3u8
2026-06-23 22:18:56,536 [INFO] Capturing response: https://hlssssssssssssssssss.yedeklinksa35.workers.dev/https://corestream.ronaldovurdu.help//s-sport2/tracks-v1a1/mono.m3u8 200 
2026-06-23 22:18:56,686 [INFO] Capturing request: https://ts.yedeklinksa35.workers.dev/s-sport2/tracks-v1a1/2026/06/23/22/19/26-14011.avif
2026-06-23 22:18:58,068 [INFO] Capturing response: https://ts.yedeklinksa35.workers.dev/s-sport2/tracks-v1a1/2026/06/23/22/19/26-14011.avif 200 
2026-06-23 22:18:58,246 [INFO] Capturing request: https://ts.yedeklinksa35.workers.dev/s-sport2/tracks-v1a1/2026/06/23/22/19/40-19920.avif
2026-06-23 22:18:58,875 [INFO]   ✅ M3U8 bulundu: https://hlssssssssssssssssss.yedeklinksa35.workers.dev/https://corestream.ronaldovurdu.help//s-sport2/tracks-v1a1/mono.m3u8
2026-06-23 22:18:59,875 [INFO] 
[10/14]
2026-06-23 22:18:59,875 [INFO] 🔍 A Spor → https://atomsportv508.top/matches?id=a-spor
2026-06-23 22:18:59,984 [INFO] Capturing request: https://atomsportv508.top/matches?id=a-spor
2026-06-23 22:18:59,985 [INFO] Capturing request: https://atomsportv508.top/assets/js/clappr.js
2026-06-23 22:19:00,055 [INFO] Capturing response: https://atomsportv508.top/matches?id=a-spor 200 
2026-06-23 22:19:00,071 [INFO] Capturing request: https://atomsportv508.top/cdn-cgi/rum?
2026-06-23 22:19:00,081 [INFO] Capturing response: https://atomsportv508.top/assets/js/clappr.js 200 
2026-06-23 22:19:00,099 [INFO] Capturing request: https://atomsportv508.top/cdn-cgi/rum?
2026-06-23 22:19:00,108 [INFO] Capturing response: https://ts.yedeklinksa35.workers.dev/s-sportt/tracks-v1a1/2026/06/23/22/18/36-05000.avif 200 
2026-06-23 22:19:00,198 [INFO] Capturing request: https://teletv5.top/load/yayinlink.php?id=a-spor
2026-06-23 22:19:00,200 [INFO] Capturing request: https://atomsportv508.top/favicon.ico
2026-06-23 22:19:00,225 [INFO] Capturing response: https://atomsportv508.top/cdn-cgi/rum? 204 
2026-06-23 22:19:00,245 [INFO] Capturing response: https://atomsportv508.top/cdn-cgi/rum? 204 
2026-06-23 22:19:00,278 [INFO] Capturing response: https://atomsportv508.top/favicon.ico 200 
2026-06-23 22:19:00,329 [INFO] Capturing request: https://streamsport365.com/cinema
2026-06-23 22:19:00,649 [INFO] Capturing response: https://streamsport365.com/cinema 200 
2026-06-23 22:19:01,052 [INFO] Capturing response: https://ts.yedeklinksa35.workers.dev/s-sport2/tracks-v1a1/2026/06/23/22/19/40-19920.avif 200 
2026-06-23 22:19:01,666 [INFO] Capturing response: https://teletv5.top/load/yayinlink.php?id=a-spor 200 
2026-06-23 22:19:01,786 [INFO] Capturing request: https://hlssssssssssssssssss.yedeklinksa35.workers.dev/https://corestream.ronaldovurdu.help//aspor/tracks-v1a1/mono.m3u8
2026-06-23 22:19:02,759 [INFO] Capturing response: https://hlssssssssssssssssss.yedeklinksa35.workers.dev/https://corestream.ronaldovurdu.help//aspor/tracks-v1a1/mono.m3u8 200 
2026-06-23 22:19:02,870 [INFO] Capturing request: https://ts.yedeklinksa35.workers.dev/aspor/tracks-v1a1/2026/06/23/22/19/30-05760.avif
2026-06-23 22:19:03,113 [INFO]   ✅ M3U8 bulundu: https://hlssssssssssssssssss.yedeklinksa35.workers.dev/https://corestream.ronaldovurdu.help//aspor/tracks-v1a1/mono.m3u8
2026-06-23 22:19:04,113 [INFO] 
[11/14]
2026-06-23 22:19:04,113 [INFO] 🔍 Tivibu Spor 1 → https://atomsportv508.top/matches?id=tivibu-spor-1
2026-06-23 22:19:04,223 [INFO] Capturing request: https://atomsportv508.top/matches?id=tivibu-spor-1
2026-06-23 22:19:04,224 [INFO] Capturing request: https://atomsportv508.top/assets/js/clappr.js
2026-06-23 22:19:04,277 [INFO] Capturing response: https://atomsportv508.top/assets/js/clappr.js 200 
2026-06-23 22:19:04,297 [INFO] Capturing response: https://atomsportv508.top/matches?id=tivibu-spor-1 200 
2026-06-23 22:19:04,307 [INFO] Capturing request: https://atomsportv508.top/cdn-cgi/rum?
2026-06-23 22:19:04,330 [INFO] Capturing request: https://streamsport365.com/cinema
2026-06-23 22:19:04,336 [INFO] Capturing request: https://atomsportv508.top/cdn-cgi/rum?
2026-06-23 22:19:04,427 [INFO] Capturing request: https://teletv5.top/load/yayinlink.php?id=tivibu-spor-1
2026-06-23 22:19:04,436 [INFO] Capturing request: https://atomsportv508.top/favicon.ico
2026-06-23 22:19:04,459 [INFO] Capturing response: https://atomsportv508.top/cdn-cgi/rum? 204 
2026-06-23 22:19:04,477 [INFO] Capturing response: https://atomsportv508.top/cdn-cgi/rum? 204 
2026-06-23 22:19:04,497 [INFO] Capturing response: https://atomsportv508.top/favicon.ico 200 
2026-06-23 22:19:04,657 [INFO] Capturing response: https://teletv5.top/load/yayinlink.php?id=tivibu-spor-1 200 
2026-06-23 22:19:04,658 [INFO] Capturing response: https://streamsport365.com/cinema 200 
2026-06-23 22:19:04,727 [INFO] Capturing response: https://ts.yedeklinksa35.workers.dev/aspor/tracks-v1a1/2026/06/23/22/19/30-05760.avif 200 
2026-06-23 22:19:37,606 [WARNING]   ❌ Tivibu Spor 1 için M3U8 bulunamadı
2026-06-23 22:19:38,606 [INFO] 
[12/14]
2026-06-23 22:19:38,606 [INFO] 🔍 Tivibu Spor 2 → https://atomsportv508.top/matches?id=tivibu-spor-2
2026-06-23 22:19:38,715 [INFO] Capturing request: https://atomsportv508.top/assets/js/clappr.js
2026-06-23 22:19:38,716 [INFO] Capturing request: https://atomsportv508.top/matches?id=tivibu-spor-2
2026-06-23 22:19:38,749 [INFO] Capturing response: https://atomsportv508.top/assets/js/clappr.js 200 
2026-06-23 22:19:39,068 [INFO] Capturing response: https://atomsportv508.top/matches?id=tivibu-spor-2 200 
2026-06-23 22:19:39,077 [INFO] Capturing request: https://atomsportv508.top/cdn-cgi/rum?
2026-06-23 22:19:39,107 [INFO] Capturing request: https://atomsportv508.top/cdn-cgi/rum?
2026-06-23 22:19:39,204 [INFO] Capturing request: https://teletv5.top/load/yayinlink.php?id=tivibu-spor-2
2026-06-23 22:19:39,208 [INFO] Capturing request: https://atomsportv508.top/favicon.ico
2026-06-23 22:19:39,218 [INFO] Capturing response: https://atomsportv508.top/cdn-cgi/rum? 204 
2026-06-23 22:19:39,236 [INFO] Capturing response: https://atomsportv508.top/cdn-cgi/rum? 204 
2026-06-23 22:19:39,263 [INFO] Capturing response: https://atomsportv508.top/favicon.ico 200 
2026-06-23 22:19:39,343 [INFO] Capturing request: https://streamsport365.com/cinema
2026-06-23 22:19:39,431 [INFO] Capturing response: https://teletv5.top/load/yayinlink.php?id=tivibu-spor-2 200 
2026-06-23 22:19:39,671 [INFO] Capturing response: https://streamsport365.com/cinema 200 
2026-06-23 22:19:47,749 [INFO] 127.0.0.1:39728: HTTP/2 connection terminated by server: error code: 0, last stream id: 201, additional data: b'session_timed_out'
2026-06-23 22:19:48,127 [INFO] 127.0.0.1:39748: HTTP/2 connection terminated by server: error code: 0, last stream id: 201, additional data: b'session_timed_out'
2026-06-23 22:20:12,380 [WARNING]   ❌ Tivibu Spor 2 için M3U8 bulunamadı
2026-06-23 22:20:13,381 [INFO] 
[13/14]
2026-06-23 22:20:13,381 [INFO] 🔍 Tivibu Spor 3 → https://atomsportv508.top/matches?id=tivibu-spor-3
2026-06-23 22:20:13,490 [INFO] Capturing request: https://atomsportv508.top/assets/js/clappr.js
2026-06-23 22:20:13,496 [INFO] Capturing request: https://atomsportv508.top/matches?id=tivibu-spor-3
2026-06-23 22:20:13,537 [INFO] Capturing response: https://atomsportv508.top/assets/js/clappr.js 200 
2026-06-23 22:20:13,861 [INFO] Capturing response: https://atomsportv508.top/matches?id=tivibu-spor-3 200 
2026-06-23 22:20:13,870 [INFO] Capturing request: https://atomsportv508.top/cdn-cgi/rum?
2026-06-23 22:20:13,902 [INFO] Capturing request: https://atomsportv508.top/cdn-cgi/rum?
2026-06-23 22:20:14,001 [INFO] Capturing request: https://teletv5.top/load/yayinlink.php?id=tivibu-spor-3
2026-06-23 22:20:14,006 [INFO] Capturing request: https://atomsportv508.top/favicon.ico
2026-06-23 22:20:14,010 [INFO] Capturing response: https://atomsportv508.top/cdn-cgi/rum? 204 
2026-06-23 22:20:14,031 [INFO] Capturing response: https://atomsportv508.top/cdn-cgi/rum? 204 
2026-06-23 22:20:14,076 [INFO] Capturing response: https://atomsportv508.top/favicon.ico 200 
2026-06-23 22:20:14,137 [INFO] Capturing request: https://streamsport365.com/cinema
2026-06-23 22:20:14,229 [INFO] Capturing response: https://teletv5.top/load/yayinlink.php?id=tivibu-spor-3 200 
2026-06-23 22:20:14,468 [INFO] Capturing response: https://streamsport365.com/cinema 200 
2026-06-23 22:20:47,179 [WARNING]   ❌ Tivibu Spor 3 için M3U8 bulunamadı
2026-06-23 22:20:47,464 [INFO] 127.0.0.1:39724: HTTP/2 connection terminated by server: error code: 0, last stream id: 205, additional data: b'session_timed_out'
2026-06-23 22:20:48,179 [INFO] 
[14/14]
2026-06-23 22:20:48,180 [INFO] 🔍 Tivibu Spor 4 → https://atomsportv508.top/matches?id=tivibu-spor-4
2026-06-23 22:20:48,290 [INFO] Capturing request: https://atomsportv508.top/assets/js/clappr.js
2026-06-23 22:20:48,291 [INFO] Capturing request: https://atomsportv508.top/matches?id=tivibu-spor-4
2026-06-23 22:20:48,326 [INFO] Capturing response: https://atomsportv508.top/assets/js/clappr.js 200 
2026-06-23 22:20:48,645 [INFO] Capturing response: https://atomsportv508.top/matches?id=tivibu-spor-4 200 
2026-06-23 22:20:48,655 [INFO] Capturing request: https://atomsportv508.top/cdn-cgi/rum?
2026-06-23 22:20:48,691 [INFO] Capturing request: https://atomsportv508.top/cdn-cgi/rum?
2026-06-23 22:20:48,785 [INFO] Capturing request: https://teletv5.top/load/yayinlink.php?id=tivibu-spor-4
2026-06-23 22:20:48,792 [INFO] Capturing request: https://atomsportv508.top/favicon.ico
2026-06-23 22:20:48,795 [INFO] Capturing response: https://atomsportv508.top/cdn-cgi/rum? 204 
2026-06-23 22:20:48,844 [INFO] Capturing response: https://atomsportv508.top/favicon.ico 200 
2026-06-23 22:20:48,873 [INFO] Capturing response: https://atomsportv508.top/cdn-cgi/rum? 204 
2026-06-23 22:20:48,924 [INFO] Capturing request: https://streamsport365.com/cinema
2026-06-23 22:20:49,012 [INFO] Capturing response: https://teletv5.top/load/yayinlink.php?id=tivibu-spor-4 200 
2026-06-23 22:20:49,250 [INFO] Capturing response: https://streamsport365.com/cinema 200 
2026-06-23 22:21:21,961 [WARNING]   ❌ Tivibu Spor 4 için M3U8 bulunamadı
2026-06-23 22:21:23,026 [INFO] ✅ 5 kanal bulundu, playlist.m3u kaydedildi
