2026-05-29 23:51:10,732 [INFO] 🌐 BASE_URL: https://atomsportv504.top
2026-05-29 23:51:12,521 [INFO] Başlanıyor... 14 kanal taranacak
2026-05-29 23:51:12,522 [INFO] Using default request storage
2026-05-29 23:51:12,526 [INFO] Created proxy listening on 127.0.0.1:44945
2026-05-29 23:51:13,183 [INFO] Capturing request: http://clients2.google.com/time/1/current?cup2key=10:2zND3RDfZ_u_3dxsESpnrMYKZCythfhOxZ1Lu1V_C_s&cup2hreq=e3b0c44298fc1c149afbf4c8996fb92427ae41e4649b934ca495991b7852b855
2026-05-29 23:51:13,259 [INFO] Capturing response: http://clients2.google.com/time/1/current?cup2key=10:2zND3RDfZ_u_3dxsESpnrMYKZCythfhOxZ1Lu1V_C_s&cup2hreq=e3b0c44298fc1c149afbf4c8996fb92427ae41e4649b934ca495991b7852b855 200 OK
2026-05-29 23:51:13,295 [INFO] 
[1/14]
2026-05-29 23:51:13,295 [INFO] 🔍 beIN Sports 1 → https://atomsportv504.top/matches?id=bein-sports-1
2026-05-29 23:51:13,405 [INFO] Capturing request: https://accounts.google.com/ListAccounts?gpsia=1&source=ChromiumBrowser&json=standard&laf=b64bin
2026-05-29 23:51:13,503 [INFO] Capturing request: https://atomsportv504.top/matches?id=bein-sports-1
2026-05-29 23:51:13,569 [INFO] Capturing response: https://accounts.google.com/ListAccounts?gpsia=1&source=ChromiumBrowser&json=standard&laf=b64bin 200 
2026-05-29 23:51:13,642 [INFO] Capturing response: https://atomsportv504.top/matches?id=bein-sports-1 200 
2026-05-29 23:51:13,793 [INFO] Capturing request: https://atomsportv504.top/assets/js/clappr.js
2026-05-29 23:51:13,861 [INFO] Capturing response: https://atomsportv504.top/assets/js/clappr.js 200 
2026-05-29 23:51:13,880 [INFO] Capturing request: https://cdnjs.cloudflare.com/ajax/libs/jquery/3.2.1/jquery.min.js
2026-05-29 23:51:13,882 [INFO] Capturing request: https://www.google.com/async/folae?async=_fmt:pb&udm=50&client_locale=en-US
2026-05-29 23:51:13,918 [INFO] Capturing request: https://cdn.jsdelivr.net/npm/@clappr/player@latest/dist/clappr.min.js
2026-05-29 23:51:13,923 [INFO] Capturing response: https://www.google.com/async/folae?async=_fmt:pb&udm=50&client_locale=en-US 200 
2026-05-29 23:51:13,926 [INFO] Capturing response: https://cdnjs.cloudflare.com/ajax/libs/jquery/3.2.1/jquery.min.js 200 
2026-05-29 23:51:14,037 [INFO] Capturing response: https://cdn.jsdelivr.net/npm/@clappr/player@latest/dist/clappr.min.js 200 
2026-05-29 23:51:14,166 [INFO] Capturing request: https://static.cloudflareinsights.com/beacon.min.js/v833ccba57c9e4d2798f2e76cebdd09a11778172276447
2026-05-29 23:51:14,197 [INFO] Capturing response: https://static.cloudflareinsights.com/beacon.min.js/v833ccba57c9e4d2798f2e76cebdd09a11778172276447 200 
2026-05-29 23:51:14,254 [INFO] Capturing request: https://atomsportv504.top/cdn-cgi/rum?
2026-05-29 23:51:14,359 [INFO] Capturing request: https://atomsportv504.top/favicon.ico
2026-05-29 23:51:14,396 [INFO] Capturing response: https://atomsportv504.top/cdn-cgi/rum? 204 
2026-05-29 23:51:14,452 [INFO] Capturing response: https://atomsportv504.top/favicon.ico 200 
2026-05-29 23:51:14,503 [INFO] Capturing request: https://teletv5.top/load/yayinlink.php?id=bein-sports-1
2026-05-29 23:51:14,937 [INFO] Capturing response: https://teletv5.top/load/yayinlink.php?id=bein-sports-1 200 
2026-05-29 23:51:14,939 [INFO] Capturing request: https://streamsport365.com/cinema
2026-05-29 23:51:15,270 [INFO] Capturing response: https://streamsport365.com/cinema 200 
2026-05-29 23:51:15,399 [INFO] Capturing request: https://atomsportv504.top/assets/img/player_logo_6880e4e4c52ee.png
2026-05-29 23:51:15,505 [INFO] Capturing response: https://atomsportv504.top/assets/img/player_logo_6880e4e4c52ee.png 200 
2026-05-29 23:51:15,549 [INFO] Capturing request: https://young-surf-88a9.halitumutseler.workers.dev/https://corestream.ronaldovurdu.help//aspor/tracks-v1a1/mono.m3u8
2026-05-29 23:51:16,183 [INFO] Capturing request: https://android.clients.google.com/checkin
2026-05-29 23:51:16,301 [INFO] Capturing response: https://android.clients.google.com/checkin 200 
2026-05-29 23:51:16,348 [INFO] Capturing request: https://android.clients.google.com/c2dm/register3
2026-05-29 23:51:16,353 [INFO] Capturing request: https://android.clients.google.com/c2dm/register3
2026-05-29 23:51:16,354 [INFO] Capturing request: https://android.clients.google.com/c2dm/register3
2026-05-29 23:51:16,418 [INFO] Capturing response: https://android.clients.google.com/c2dm/register3 301 
2026-05-29 23:51:16,474 [INFO] Capturing response: https://android.clients.google.com/c2dm/register3 200 
2026-05-29 23:51:17,106 [INFO] Capturing response: https://android.clients.google.com/c2dm/register3 200 
2026-05-29 23:51:17,277 [INFO]   ✅ M3U8 bulundu: https://young-surf-88a9.halitumutseler.workers.dev/https://corestream.ronaldovurdu.help//aspor/tracks-v1a1/mono.m3u8
2026-05-29 23:51:18,277 [INFO] 
[2/14]
2026-05-29 23:51:18,277 [INFO] 🔍 beIN Sports 2 → https://atomsportv504.top/matches?id=bein-sports-2
2026-05-29 23:51:18,386 [INFO] Capturing request: https://atomsportv504.top/matches?id=bein-sports-2
2026-05-29 23:51:18,446 [INFO] Capturing response: https://atomsportv504.top/matches?id=bein-sports-2 200 
2026-05-29 23:51:18,457 [INFO] Capturing request: https://atomsportv504.top/cdn-cgi/rum?
2026-05-29 23:51:18,490 [INFO] Capturing request: https://streamsport365.com/cinema
2026-05-29 23:51:18,494 [INFO] Capturing request: https://atomsportv504.top/cdn-cgi/rum?
2026-05-29 23:51:18,589 [INFO] Capturing request: https://teletv5.top/load/yayinlink.php?id=bein-sports-2
2026-05-29 23:51:18,593 [INFO] Capturing request: https://atomsportv504.top/favicon.ico
2026-05-29 23:51:18,617 [INFO] Capturing response: https://atomsportv504.top/cdn-cgi/rum? 204 
2026-05-29 23:51:18,634 [INFO] Capturing response: https://atomsportv504.top/cdn-cgi/rum? 204 
2026-05-29 23:51:18,644 [INFO] Capturing response: https://atomsportv504.top/favicon.ico 200 
2026-05-29 23:51:18,799 [INFO] Capturing response: https://teletv5.top/load/yayinlink.php?id=bein-sports-2 200 
2026-05-29 23:51:18,814 [INFO] Capturing response: https://streamsport365.com/cinema 200 
2026-05-29 23:51:18,934 [INFO] Capturing request: https://young-surf-88a9.halitumutseler.workers.dev/https://corestream.ronaldovurdu.help//bein2/tracks-v1a1/mono.m3u8
2026-05-29 23:51:19,944 [INFO] Capturing response: https://young-surf-88a9.halitumutseler.workers.dev/https://corestream.ronaldovurdu.help//aspor/tracks-v1a1/mono.m3u8 504 
2026-05-29 23:51:21,499 [INFO]   ✅ M3U8 bulundu: https://young-surf-88a9.halitumutseler.workers.dev/https://corestream.ronaldovurdu.help//bein2/tracks-v1a1/mono.m3u8
2026-05-29 23:51:22,499 [INFO] 
[3/14]
2026-05-29 23:51:22,499 [INFO] 🔍 beIN Sports 3 → https://atomsportv504.top/matches?id=bein-sports-3
2026-05-29 23:51:22,608 [INFO] Capturing request: https://atomsportv504.top/matches?id=bein-sports-3
2026-05-29 23:51:22,670 [INFO] Capturing response: https://atomsportv504.top/matches?id=bein-sports-3 200 
2026-05-29 23:51:22,680 [INFO] Capturing request: https://atomsportv504.top/cdn-cgi/rum?
2026-05-29 23:51:22,701 [INFO] Capturing request: https://atomsportv504.top/cdn-cgi/rum?
2026-05-29 23:51:22,798 [INFO] Capturing request: https://teletv5.top/load/yayinlink.php?id=bein-sports-3
2026-05-29 23:51:22,804 [INFO] Capturing request: https://atomsportv504.top/favicon.ico
2026-05-29 23:51:22,827 [INFO] Capturing response: https://atomsportv504.top/cdn-cgi/rum? 204 
2026-05-29 23:51:22,842 [INFO] Capturing response: https://atomsportv504.top/cdn-cgi/rum? 204 
2026-05-29 23:51:22,855 [INFO] Capturing response: https://atomsportv504.top/favicon.ico 200 
2026-05-29 23:51:22,936 [INFO] Capturing request: https://streamsport365.com/cinema
2026-05-29 23:51:23,011 [INFO] Capturing response: https://teletv5.top/load/yayinlink.php?id=bein-sports-3 200 
2026-05-29 23:51:23,115 [INFO] Capturing response: https://young-surf-88a9.halitumutseler.workers.dev/https://corestream.ronaldovurdu.help//bein2/tracks-v1a1/mono.m3u8 504 
2026-05-29 23:51:23,272 [INFO] Capturing response: https://streamsport365.com/cinema 200 
2026-05-29 23:51:38,852 [INFO] Capturing request: https://android.clients.google.com/c2dm/register3
2026-05-29 23:51:38,915 [INFO] Capturing response: https://android.clients.google.com/c2dm/register3 301 
2026-05-29 23:51:40,980 [INFO] Capturing request: https://android.clients.google.com/c2dm/register3
2026-05-29 23:51:41,633 [INFO] Capturing response: https://android.clients.google.com/c2dm/register3 200 
2026-05-29 23:51:56,023 [WARNING]   ❌ beIN Sports 3 için M3U8 bulunamadı
2026-05-29 23:51:57,024 [INFO] 
[4/14]
2026-05-29 23:51:57,024 [INFO] 🔍 beIN Sports 4 → https://atomsportv504.top/matches?id=bein-sports-4
2026-05-29 23:51:57,132 [INFO] Capturing request: https://atomsportv504.top/matches?id=bein-sports-4
2026-05-29 23:51:57,723 [INFO] Capturing response: https://atomsportv504.top/matches?id=bein-sports-4 200 
2026-05-29 23:51:57,734 [INFO] Capturing request: https://atomsportv504.top/cdn-cgi/rum?
2026-05-29 23:51:57,761 [INFO] Capturing request: https://atomsportv504.top/cdn-cgi/rum?
2026-05-29 23:51:57,860 [INFO] Capturing request: https://teletv5.top/load/yayinlink.php?id=bein-sports-4
2026-05-29 23:51:57,863 [INFO] Capturing request: https://atomsportv504.top/favicon.ico
2026-05-29 23:51:57,875 [INFO] Capturing response: https://atomsportv504.top/cdn-cgi/rum? 204 
2026-05-29 23:51:57,894 [INFO] Capturing response: https://atomsportv504.top/cdn-cgi/rum? 204 
2026-05-29 23:51:57,922 [INFO] Capturing response: https://atomsportv504.top/favicon.ico 200 
2026-05-29 23:51:57,995 [INFO] Capturing request: https://streamsport365.com/cinema
2026-05-29 23:51:58,082 [INFO] Capturing response: https://teletv5.top/load/yayinlink.php?id=bein-sports-4 200 
2026-05-29 23:51:58,324 [INFO] Capturing response: https://streamsport365.com/cinema 200 
2026-05-29 23:52:13,275 [INFO] Capturing request: https://update.googleapis.com/service/update2/json?cup2key=16:wCzmRy4VoucEMjKp_30qbWi37cLIoOm-9grbQzbin1I&cup2hreq=2136e77b75cf857ac90f52bea18bbf176f62cf4b9cce8d408e14d091ad2c46ab
2026-05-29 23:52:13,330 [INFO] Capturing response: https://update.googleapis.com/service/update2/json?cup2key=16:wCzmRy4VoucEMjKp_30qbWi37cLIoOm-9grbQzbin1I&cup2hreq=2136e77b75cf857ac90f52bea18bbf176f62cf4b9cce8d408e14d091ad2c46ab 200 
2026-05-29 23:52:13,377 [INFO] Capturing request: http://edgedl.me.gvt1.com/edgedl/diffgen-puffin/gcmjkmgdlgnkkcocmoeiminaijmmjnii/71d926df14cb4c89c6f8f88e6c0bfcf6fe1e1a256ca7f8db04002a111af4c5b0
2026-05-29 23:52:13,453 [INFO] Capturing response: http://edgedl.me.gvt1.com/edgedl/diffgen-puffin/gcmjkmgdlgnkkcocmoeiminaijmmjnii/71d926df14cb4c89c6f8f88e6c0bfcf6fe1e1a256ca7f8db04002a111af4c5b0 200 OK
2026-05-29 23:52:13,480 [INFO] Capturing request: https://update.googleapis.com/service/update2/json
2026-05-29 23:52:13,538 [INFO] Capturing response: https://update.googleapis.com/service/update2/json 200 
2026-05-29 23:52:13,542 [INFO] Capturing request: http://edgedl.me.gvt1.com/edgedl/release2/chrome_component/adn5qhz63tq4cnlpgrhsazs4yl6q_10555/hfnkpimlhhgieaddgfemjhofmfblmnib_10555_all_f3oy5apzdmyow7rptqhdmtgvmu.crx3
2026-05-29 23:52:13,612 [INFO] Capturing response: http://edgedl.me.gvt1.com/edgedl/release2/chrome_component/adn5qhz63tq4cnlpgrhsazs4yl6q_10555/hfnkpimlhhgieaddgfemjhofmfblmnib_10555_all_f3oy5apzdmyow7rptqhdmtgvmu.crx3 200 OK
2026-05-29 23:52:13,644 [INFO] Capturing request: https://update.googleapis.com/service/update2/json
2026-05-29 23:52:13,694 [INFO] Capturing response: https://update.googleapis.com/service/update2/json 200 
2026-05-29 23:52:31,050 [WARNING]   ❌ beIN Sports 4 için M3U8 bulunamadı
2026-05-29 23:52:32,050 [INFO] 
[5/14]
2026-05-29 23:52:32,050 [INFO] 🔍 beIN Sports 5 → https://atomsportv504.top/matches?id=bein-sports-5
2026-05-29 23:52:32,225 [INFO] Capturing request: https://atomsportv504.top/matches?id=bein-sports-5
2026-05-29 23:52:32,839 [INFO] Capturing response: https://atomsportv504.top/matches?id=bein-sports-5 200 
2026-05-29 23:52:32,848 [INFO] Capturing request: https://atomsportv504.top/cdn-cgi/rum?
2026-05-29 23:52:32,880 [INFO] Capturing request: https://atomsportv504.top/cdn-cgi/rum?
2026-05-29 23:52:32,984 [INFO] Capturing request: https://atomsportv504.top/favicon.ico
2026-05-29 23:52:32,989 [INFO] Capturing response: https://atomsportv504.top/cdn-cgi/rum? 204 
2026-05-29 23:52:33,006 [INFO] Capturing response: https://atomsportv504.top/cdn-cgi/rum? 204 
2026-05-29 23:52:33,039 [INFO] Capturing response: https://atomsportv504.top/favicon.ico 200 
2026-05-29 23:52:33,050 [INFO] Capturing request: https://teletv5.top/load/yayinlink.php?id=bein-sports-5
2026-05-29 23:52:33,460 [INFO] Capturing response: https://teletv5.top/load/yayinlink.php?id=bein-sports-5 200 
2026-05-29 23:52:33,478 [INFO] Capturing request: https://streamsport365.com/cinema
2026-05-29 23:52:33,800 [INFO] Capturing response: https://streamsport365.com/cinema 200 
2026-05-29 23:52:35,153 [INFO] Capturing request: https://android.clients.google.com/c2dm/register3
2026-05-29 23:52:35,214 [INFO] Capturing response: https://android.clients.google.com/c2dm/register3 301 
2026-05-29 23:53:06,146 [WARNING]   ❌ beIN Sports 5 için M3U8 bulunamadı
2026-05-29 23:53:07,147 [INFO] 
[6/14]
2026-05-29 23:53:07,147 [INFO] 🔍 beIN Sports Max 1 → https://atomsportv504.top/matches?id=bein-sports-max-1
2026-05-29 23:53:07,259 [INFO] Capturing request: https://atomsportv504.top/assets/js/clappr.js
2026-05-29 23:53:07,261 [INFO] Capturing request: https://atomsportv504.top/matches?id=bein-sports-max-1
2026-05-29 23:53:07,299 [INFO] Capturing response: https://atomsportv504.top/assets/js/clappr.js 200 
2026-05-29 23:53:07,657 [INFO] Capturing response: https://atomsportv504.top/matches?id=bein-sports-max-1 200 
2026-05-29 23:53:07,666 [INFO] Capturing request: https://atomsportv504.top/cdn-cgi/rum?
2026-05-29 23:53:07,693 [INFO] Capturing request: https://atomsportv504.top/cdn-cgi/rum?
2026-05-29 23:53:07,792 [INFO] Capturing request: https://teletv5.top/load/yayinlink.php?id=bein-sports-max-1
2026-05-29 23:53:07,797 [INFO] Capturing request: https://atomsportv504.top/favicon.ico
2026-05-29 23:53:07,805 [INFO] Capturing response: https://atomsportv504.top/cdn-cgi/rum? 204 
2026-05-29 23:53:07,824 [INFO] Capturing response: https://atomsportv504.top/cdn-cgi/rum? 204 
2026-05-29 23:53:07,852 [INFO] Capturing response: https://atomsportv504.top/favicon.ico 200 
2026-05-29 23:53:07,927 [INFO] Capturing request: https://streamsport365.com/cinema
2026-05-29 23:53:07,999 [INFO] Capturing response: https://teletv5.top/load/yayinlink.php?id=bein-sports-max-1 200 
2026-05-29 23:53:08,273 [INFO] Capturing response: https://streamsport365.com/cinema 200 
2026-05-29 23:53:40,967 [WARNING]   ❌ beIN Sports Max 1 için M3U8 bulunamadı
2026-05-29 23:53:41,967 [INFO] 
[7/14]
2026-05-29 23:53:41,968 [INFO] 🔍 beIN Sports Max 2 → https://atomsportv504.top/matches?id=bein-sports-max-2
2026-05-29 23:53:42,076 [INFO] Capturing request: https://atomsportv504.top/assets/js/clappr.js
2026-05-29 23:53:42,078 [INFO] Capturing request: https://atomsportv504.top/matches?id=bein-sports-max-2
2026-05-29 23:53:42,110 [INFO] Capturing response: https://atomsportv504.top/assets/js/clappr.js 200 
2026-05-29 23:53:42,164 [INFO] Capturing response: https://atomsportv504.top/matches?id=bein-sports-max-2 200 
2026-05-29 23:53:42,172 [INFO] Capturing request: https://atomsportv504.top/cdn-cgi/rum?
2026-05-29 23:53:42,206 [INFO] Capturing request: https://atomsportv504.top/cdn-cgi/rum?
2026-05-29 23:53:42,302 [INFO] Capturing request: https://teletv5.top/load/yayinlink.php?id=bein-sports-max-2
2026-05-29 23:53:42,310 [INFO] Capturing request: https://atomsportv504.top/favicon.ico
2026-05-29 23:53:42,329 [INFO] Capturing response: https://atomsportv504.top/cdn-cgi/rum? 204 
2026-05-29 23:53:42,346 [INFO] Capturing response: https://atomsportv504.top/cdn-cgi/rum? 204 
2026-05-29 23:53:42,366 [INFO] Capturing response: https://atomsportv504.top/favicon.ico 200 
2026-05-29 23:53:42,446 [INFO] Capturing request: https://streamsport365.com/cinema
2026-05-29 23:53:42,512 [INFO] Capturing response: https://teletv5.top/load/yayinlink.php?id=bein-sports-max-2 200 
2026-05-29 23:53:42,769 [INFO] Capturing response: https://streamsport365.com/cinema 200 
2026-05-29 23:54:15,481 [WARNING]   ❌ beIN Sports Max 2 için M3U8 bulunamadı
2026-05-29 23:54:16,075 [INFO] Capturing request: https://android.clients.google.com/c2dm/register3
2026-05-29 23:54:16,142 [INFO] Capturing response: https://android.clients.google.com/c2dm/register3 301 
2026-05-29 23:54:16,482 [INFO] 
[8/14]
2026-05-29 23:54:16,482 [INFO] 🔍 S Sport → https://atomsportv504.top/matches?id=s-sport
2026-05-29 23:54:16,590 [INFO] Capturing request: https://atomsportv504.top/assets/js/clappr.js
2026-05-29 23:54:16,592 [INFO] Capturing request: https://atomsportv504.top/matches?id=s-sport
2026-05-29 23:54:16,624 [INFO] Capturing response: https://atomsportv504.top/assets/js/clappr.js 200 
2026-05-29 23:54:16,928 [INFO] Capturing response: https://atomsportv504.top/matches?id=s-sport 200 
2026-05-29 23:54:16,937 [INFO] Capturing request: https://atomsportv504.top/cdn-cgi/rum?
2026-05-29 23:54:16,967 [INFO] Capturing request: https://atomsportv504.top/cdn-cgi/rum?
2026-05-29 23:54:17,062 [INFO] Capturing request: https://teletv5.top/load/yayinlink.php?id=s-sport
2026-05-29 23:54:17,068 [INFO] Capturing request: https://atomsportv504.top/favicon.ico
2026-05-29 23:54:17,076 [INFO] Capturing response: https://atomsportv504.top/cdn-cgi/rum? 204 
2026-05-29 23:54:17,095 [INFO] Capturing response: https://atomsportv504.top/cdn-cgi/rum? 204 
2026-05-29 23:54:17,121 [INFO] Capturing response: https://atomsportv504.top/favicon.ico 200 
2026-05-29 23:54:17,198 [INFO] Capturing request: https://streamsport365.com/cinema
2026-05-29 23:54:17,269 [INFO] Capturing response: https://teletv5.top/load/yayinlink.php?id=s-sport 200 
2026-05-29 23:54:17,514 [INFO] Capturing response: https://streamsport365.com/cinema 200 
2026-05-29 23:54:17,699 [INFO] Capturing request: https://young-surf-88a9.halitumutseler.workers.dev/https://corestream.ronaldovurdu.help//s-sportt/tracks-v1a1/mono.m3u8
2026-05-29 23:54:19,981 [INFO]   ✅ M3U8 bulundu: https://young-surf-88a9.halitumutseler.workers.dev/https://corestream.ronaldovurdu.help//s-sportt/tracks-v1a1/mono.m3u8
2026-05-29 23:54:20,981 [INFO] 
[9/14]
2026-05-29 23:54:20,981 [INFO] 🔍 S Sport 2 → https://atomsportv504.top/matches?id=s-sport-2
2026-05-29 23:54:21,089 [INFO] Capturing request: https://atomsportv504.top/assets/js/clappr.js
2026-05-29 23:54:21,091 [INFO] Capturing request: https://atomsportv504.top/matches?id=s-sport-2
2026-05-29 23:54:21,120 [INFO] Capturing response: https://atomsportv504.top/assets/js/clappr.js 200 
2026-05-29 23:54:21,174 [INFO] Capturing response: https://atomsportv504.top/matches?id=s-sport-2 200 
2026-05-29 23:54:21,184 [INFO] Capturing request: https://atomsportv504.top/cdn-cgi/rum?
2026-05-29 23:54:21,206 [INFO] Capturing request: https://streamsport365.com/cinema
2026-05-29 23:54:21,210 [INFO] Capturing request: https://atomsportv504.top/cdn-cgi/rum?
2026-05-29 23:54:21,303 [INFO] Capturing request: https://teletv5.top/load/yayinlink.php?id=s-sport-2
2026-05-29 23:54:21,312 [INFO] Capturing request: https://atomsportv504.top/favicon.ico
2026-05-29 23:54:21,333 [INFO] Capturing response: https://atomsportv504.top/cdn-cgi/rum? 204 
2026-05-29 23:54:21,350 [INFO] Capturing response: https://atomsportv504.top/cdn-cgi/rum? 204 
2026-05-29 23:54:21,370 [INFO] Capturing response: https://atomsportv504.top/favicon.ico 200 
2026-05-29 23:54:21,508 [INFO] Capturing response: https://teletv5.top/load/yayinlink.php?id=s-sport-2 200 
2026-05-29 23:54:21,533 [INFO] Capturing response: https://streamsport365.com/cinema 200 
2026-05-29 23:54:21,668 [INFO] Capturing request: https://young-surf-88a9.halitumutseler.workers.dev/https://corestream.ronaldovurdu.help//s-sport2/tracks-v1a1/mono.m3u8
2026-05-29 23:54:21,935 [INFO] Capturing response: https://young-surf-88a9.halitumutseler.workers.dev/https://corestream.ronaldovurdu.help//s-sportt/tracks-v1a1/mono.m3u8 504 
2026-05-29 23:54:24,222 [INFO]   ✅ M3U8 bulundu: https://young-surf-88a9.halitumutseler.workers.dev/https://corestream.ronaldovurdu.help//s-sport2/tracks-v1a1/mono.m3u8
2026-05-29 23:54:25,223 [INFO] 
[10/14]
2026-05-29 23:54:25,223 [INFO] 🔍 A Spor → https://atomsportv504.top/matches?id=a-spor
2026-05-29 23:54:25,333 [INFO] Capturing request: https://atomsportv504.top/matches?id=a-spor
2026-05-29 23:54:25,333 [INFO] Capturing request: https://atomsportv504.top/assets/js/clappr.js
2026-05-29 23:54:25,391 [INFO] Capturing response: https://atomsportv504.top/matches?id=a-spor 200 
2026-05-29 23:54:25,399 [INFO] Capturing request: https://atomsportv504.top/cdn-cgi/rum?
2026-05-29 23:54:25,425 [INFO] Capturing request: https://atomsportv504.top/cdn-cgi/rum?
2026-05-29 23:54:25,429 [INFO] Capturing response: https://atomsportv504.top/assets/js/clappr.js 200 
2026-05-29 23:54:25,523 [INFO] Capturing request: https://teletv5.top/load/yayinlink.php?id=a-spor
2026-05-29 23:54:25,530 [INFO] Capturing request: https://atomsportv504.top/favicon.ico
2026-05-29 23:54:25,539 [INFO] Capturing response: https://atomsportv504.top/cdn-cgi/rum? 204 
2026-05-29 23:54:25,558 [INFO] Capturing response: https://atomsportv504.top/cdn-cgi/rum? 204 
2026-05-29 23:54:25,581 [INFO] Capturing response: https://atomsportv504.top/favicon.ico 200 
2026-05-29 23:54:25,658 [INFO] Capturing request: https://streamsport365.com/cinema
2026-05-29 23:54:25,727 [INFO] Capturing response: https://teletv5.top/load/yayinlink.php?id=a-spor 200 
2026-05-29 23:54:25,844 [INFO] Capturing response: https://young-surf-88a9.halitumutseler.workers.dev/https://corestream.ronaldovurdu.help//s-sport2/tracks-v1a1/mono.m3u8 504 
2026-05-29 23:54:25,992 [INFO] Capturing response: https://streamsport365.com/cinema 200 
2026-05-29 23:54:26,111 [INFO] Capturing request: https://young-surf-88a9.halitumutseler.workers.dev/https://corestream.ronaldovurdu.help//aspor/tracks-v1a1/mono.m3u8
2026-05-29 23:54:28,441 [INFO]   ✅ M3U8 bulundu: https://young-surf-88a9.halitumutseler.workers.dev/https://corestream.ronaldovurdu.help//aspor/tracks-v1a1/mono.m3u8
2026-05-29 23:54:29,441 [INFO] 
[11/14]
2026-05-29 23:54:29,441 [INFO] 🔍 Tivibu Spor 1 → https://atomsportv504.top/matches?id=tivibu-spor-1
2026-05-29 23:54:29,548 [INFO] Capturing request: https://atomsportv504.top/assets/js/clappr.js
2026-05-29 23:54:29,550 [INFO] Capturing request: https://atomsportv504.top/matches?id=tivibu-spor-1
2026-05-29 23:54:29,580 [INFO] Capturing response: https://atomsportv504.top/assets/js/clappr.js 200 
2026-05-29 23:54:29,638 [INFO] Capturing response: https://atomsportv504.top/matches?id=tivibu-spor-1 200 
2026-05-29 23:54:29,646 [INFO] Capturing request: https://atomsportv504.top/cdn-cgi/rum?
2026-05-29 23:54:29,681 [INFO] Capturing request: https://streamsport365.com/cinema
2026-05-29 23:54:29,685 [INFO] Capturing request: https://atomsportv504.top/cdn-cgi/rum?
2026-05-29 23:54:29,776 [INFO] Capturing request: https://teletv5.top/load/yayinlink.php?id=tivibu-spor-1
2026-05-29 23:54:29,785 [INFO] Capturing request: https://atomsportv504.top/favicon.ico
2026-05-29 23:54:29,807 [INFO] Capturing response: https://atomsportv504.top/cdn-cgi/rum? 204 
2026-05-29 23:54:29,824 [INFO] Capturing response: https://atomsportv504.top/cdn-cgi/rum? 204 
2026-05-29 23:54:29,839 [INFO] Capturing response: https://atomsportv504.top/favicon.ico 200 
2026-05-29 23:54:29,981 [INFO] Capturing response: https://teletv5.top/load/yayinlink.php?id=tivibu-spor-1 200 
2026-05-29 23:54:29,999 [INFO] Capturing response: https://streamsport365.com/cinema 200 
2026-05-29 23:54:30,301 [INFO] Capturing response: https://young-surf-88a9.halitumutseler.workers.dev/https://corestream.ronaldovurdu.help//aspor/tracks-v1a1/mono.m3u8 504 
2026-05-29 23:55:02,958 [WARNING]   ❌ Tivibu Spor 1 için M3U8 bulunamadı
2026-05-29 23:55:03,959 [INFO] 
[12/14]
2026-05-29 23:55:03,959 [INFO] 🔍 Tivibu Spor 2 → https://atomsportv504.top/matches?id=tivibu-spor-2
2026-05-29 23:55:04,068 [INFO] Capturing request: https://atomsportv504.top/assets/js/clappr.js
2026-05-29 23:55:04,069 [INFO] Capturing request: https://atomsportv504.top/matches?id=tivibu-spor-2
2026-05-29 23:55:04,102 [INFO] Capturing response: https://atomsportv504.top/assets/js/clappr.js 200 
2026-05-29 23:55:04,424 [INFO] Capturing response: https://atomsportv504.top/matches?id=tivibu-spor-2 200 
2026-05-29 23:55:04,434 [INFO] Capturing request: https://atomsportv504.top/cdn-cgi/rum?
2026-05-29 23:55:04,468 [INFO] Capturing request: https://atomsportv504.top/cdn-cgi/rum?
2026-05-29 23:55:04,565 [INFO] Capturing request: https://teletv5.top/load/yayinlink.php?id=tivibu-spor-2
2026-05-29 23:55:04,568 [INFO] Capturing request: https://atomsportv504.top/favicon.ico
2026-05-29 23:55:04,573 [INFO] Capturing response: https://atomsportv504.top/cdn-cgi/rum? 204 
2026-05-29 23:55:04,593 [INFO] Capturing response: https://atomsportv504.top/cdn-cgi/rum? 204 
2026-05-29 23:55:04,623 [INFO] Capturing response: https://atomsportv504.top/favicon.ico 200 
2026-05-29 23:55:04,698 [INFO] Capturing request: https://streamsport365.com/cinema
2026-05-29 23:55:04,777 [INFO] Capturing response: https://teletv5.top/load/yayinlink.php?id=tivibu-spor-2 200 
2026-05-29 23:55:05,019 [INFO] Capturing response: https://streamsport365.com/cinema 200 
2026-05-29 23:55:37,741 [WARNING]   ❌ Tivibu Spor 2 için M3U8 bulunamadı
2026-05-29 23:55:38,741 [INFO] 
[13/14]
2026-05-29 23:55:38,741 [INFO] 🔍 Tivibu Spor 3 → https://atomsportv504.top/matches?id=tivibu-spor-3
2026-05-29 23:55:38,848 [INFO] Capturing request: https://atomsportv504.top/assets/js/clappr.js
2026-05-29 23:55:38,850 [INFO] Capturing request: https://atomsportv504.top/matches?id=tivibu-spor-3
2026-05-29 23:55:38,881 [INFO] Capturing response: https://atomsportv504.top/assets/js/clappr.js 200 
2026-05-29 23:55:39,202 [INFO] Capturing response: https://atomsportv504.top/matches?id=tivibu-spor-3 200 
2026-05-29 23:55:39,210 [INFO] Capturing request: https://atomsportv504.top/cdn-cgi/rum?
2026-05-29 23:55:39,242 [INFO] Capturing request: https://atomsportv504.top/cdn-cgi/rum?
2026-05-29 23:55:39,339 [INFO] Capturing request: https://teletv5.top/load/yayinlink.php?id=tivibu-spor-3
2026-05-29 23:55:39,346 [INFO] Capturing request: https://atomsportv504.top/favicon.ico
2026-05-29 23:55:39,367 [INFO] Capturing response: https://atomsportv504.top/cdn-cgi/rum? 204 
2026-05-29 23:55:39,384 [INFO] Capturing response: https://atomsportv504.top/cdn-cgi/rum? 204 
2026-05-29 23:55:39,400 [INFO] Capturing response: https://atomsportv504.top/favicon.ico 200 
2026-05-29 23:55:39,476 [INFO] Capturing request: https://streamsport365.com/cinema
2026-05-29 23:55:39,552 [INFO] Capturing response: https://teletv5.top/load/yayinlink.php?id=tivibu-spor-3 200 
2026-05-29 23:55:39,797 [INFO] Capturing response: https://streamsport365.com/cinema 200 
2026-05-29 23:56:12,527 [WARNING]   ❌ Tivibu Spor 3 için M3U8 bulunamadı
2026-05-29 23:56:13,527 [INFO] 
[14/14]
2026-05-29 23:56:13,527 [INFO] 🔍 Tivibu Spor 4 → https://atomsportv504.top/matches?id=tivibu-spor-4
2026-05-29 23:56:13,634 [INFO] Capturing request: https://atomsportv504.top/assets/js/clappr.js
2026-05-29 23:56:13,637 [INFO] Capturing request: https://atomsportv504.top/matches?id=tivibu-spor-4
2026-05-29 23:56:13,667 [INFO] Capturing response: https://atomsportv504.top/assets/js/clappr.js 200 
2026-05-29 23:56:13,973 [INFO] Capturing response: https://atomsportv504.top/matches?id=tivibu-spor-4 200 
2026-05-29 23:56:13,982 [INFO] Capturing request: https://atomsportv504.top/cdn-cgi/rum?
2026-05-29 23:56:14,013 [INFO] Capturing request: https://atomsportv504.top/cdn-cgi/rum?
2026-05-29 23:56:14,112 [INFO] Capturing request: https://teletv5.top/load/yayinlink.php?id=tivibu-spor-4
2026-05-29 23:56:14,118 [INFO] Capturing request: https://atomsportv504.top/favicon.ico
2026-05-29 23:56:14,121 [INFO] Capturing response: https://atomsportv504.top/cdn-cgi/rum? 204 
2026-05-29 23:56:14,141 [INFO] Capturing response: https://atomsportv504.top/cdn-cgi/rum? 204 
2026-05-29 23:56:14,175 [INFO] Capturing response: https://atomsportv504.top/favicon.ico 200 
2026-05-29 23:56:14,249 [INFO] Capturing request: https://streamsport365.com/cinema
2026-05-29 23:56:14,321 [INFO] Capturing response: https://teletv5.top/load/yayinlink.php?id=tivibu-spor-4 200 
2026-05-29 23:56:14,571 [INFO] Capturing response: https://streamsport365.com/cinema 200 
2026-05-29 23:56:47,290 [WARNING]   ❌ Tivibu Spor 4 için M3U8 bulunamadı
2026-05-29 23:56:48,357 [INFO] ✅ 5 kanal bulundu, playlist.m3u kaydedildi
