2026-04-26 04:48:51,073 [INFO] 🔎 Domain aralığı taranıyor: atomsportv240.top - atomsportv250.top
2026-04-26 04:48:52,171 [INFO]   ✅ Aktif domain bulundu: https://tv247us.vip
2026-04-26 04:48:52,172 [INFO] 🌐 Kullanılan BASE_URL: https://tv247us.vip
2026-04-26 04:48:54,252 [INFO] ✅ SeleniumWire aktif
2026-04-26 04:48:54,253 [INFO] =======================================================
2026-04-26 04:48:54,253 [INFO]    M3U8 Scraper
2026-04-26 04:48:54,253 [INFO]    Base URL : https://tv247us.vip
2026-04-26 04:48:54,253 [INFO]    Toplam   : 2 sayfa
2026-04-26 04:48:54,253 [INFO] =======================================================
2026-04-26 04:48:54,253 [INFO] 🔧 Driver başlatılıyor...
2026-04-26 04:48:54,962 [INFO] ✅ Driver başlatıldı
2026-04-26 04:48:54,962 [INFO] 
[1/2]
2026-04-26 04:48:54,962 [INFO] 
──────────────────────────────────────────────────
2026-04-26 04:48:54,962 [INFO] 🔍 beIN Sports 1 → https://tv247us.vip/embed/arena-sport-2-premium
2026-04-26 04:48:54,962 [INFO] ──────────────────────────────────────────────────
2026-04-26 04:49:28,346 [INFO]   📡 M3U8 bekleniyor (max 8s)...
2026-04-26 04:49:36,366 [INFO]   ❌ beIN Sports 1: M3U8 bulunamadı
2026-04-26 04:49:37,367 [INFO] 
[2/2]
2026-04-26 04:49:37,367 [INFO] 
──────────────────────────────────────────────────
2026-04-26 04:49:37,367 [INFO] 🔍 beIN Sports 2 → https://tv247us.vip/watch/arena-sport-2-premium
2026-04-26 04:49:37,367 [INFO] ──────────────────────────────────────────────────
2026-04-26 04:50:10,224 [INFO]   📡 M3U8 bekleniyor (max 8s)...
2026-04-26 04:50:18,285 [INFO]   ❌ beIN Sports 2: M3U8 bulunamadı
2026-04-26 04:50:19,354 [INFO] 🔒 Driver kapatıldı
2026-04-26 04:50:19,354 [INFO] 
=======================================================
2026-04-26 04:50:19,355 [INFO] 🏁 Tamamlandı!
2026-04-26 04:50:19,355 [INFO] 📺 Kanal : 0/2
2026-04-26 04:50:19,355 [INFO] ⏱️  Süre  : 85.1s
2026-04-26 04:50:19,355 [INFO] =======================================================
2026-04-26 04:50:19,355 [INFO] ✅ playlist1.m3u kaydedildi
2026-04-26 04:50:19,355 [INFO] ✅ stats1.json kaydedildi
2026-04-26 04:50:19,355 [WARNING] ⚠️ Hiç M3U8 bulunamadı!
