2026-04-22 17:05:51,339 [INFO] 🔎 Domain aralığı taranıyor: atomsportv490.top - atomsportv520.top
2026-04-22 17:05:53,049 [INFO]   ✅ Aktif domain bulundu: https://atomsportv499.top
2026-04-22 17:05:53,051 [INFO] 🌐 Kullanılan BASE_URL: https://atomsportv499.top
2026-04-22 17:05:53,969 [INFO] ✅ SeleniumWire aktif
2026-04-22 17:05:53,971 [INFO] =======================================================
2026-04-22 17:05:53,971 [INFO]    M3U8 Scraper
2026-04-22 17:05:53,971 [INFO]    Base URL : https://atomsportv499.top
2026-04-22 17:05:53,971 [INFO]    Toplam   : 13 sayfa
2026-04-22 17:05:53,971 [INFO] =======================================================
2026-04-22 17:05:53,971 [INFO] 🔧 Driver başlatılıyor...
2026-04-22 17:05:54,733 [INFO] ✅ Driver başlatıldı
2026-04-22 17:05:54,733 [INFO] 
[1/13]
2026-04-22 17:05:54,733 [INFO] 
──────────────────────────────────────────────────
2026-04-22 17:05:54,733 [INFO] 🔍 beIN Sports 1 → https://atomsportv499.top/matches?id=bein-sports-1
2026-04-22 17:05:54,733 [INFO] ──────────────────────────────────────────────────
2026-04-22 17:06:27,615 [INFO]   📡 M3U8 bekleniyor (max 8s)...
2026-04-22 17:06:27,625 [INFO]   🎯 DOĞRU kanal bulundu: https://hlsssssss.neymardacorona.workers.dev/https://corestream.ronaldovurdu.help//hls/bein-sports-11.m3u8
2026-04-22 17:06:27,626 [INFO]   ✅ beIN Sports 1: https://hlsssssss.neymardacorona.workers.dev/https://corestream.ronaldovurdu.help//hls/bein-sports-11.m3u8
2026-04-22 17:06:28,626 [INFO] 
[2/13]
2026-04-22 17:06:28,626 [INFO] 
──────────────────────────────────────────────────
2026-04-22 17:06:28,626 [INFO] 🔍 beIN Sports 2 → https://atomsportv499.top/matches?id=bein-sports-2
2026-04-22 17:06:28,626 [INFO] ──────────────────────────────────────────────────
2026-04-22 17:07:00,862 [INFO]   📡 M3U8 bekleniyor (max 8s)...
2026-04-22 17:07:00,874 [INFO]   🎯 DOĞRU kanal bulundu: https://hlsssssss.neymardacorona.workers.dev/https://corestream.ronaldovurdu.help//hls/bein-sports-2.m3u8
2026-04-22 17:07:00,875 [INFO]   ✅ beIN Sports 2: https://hlsssssss.neymardacorona.workers.dev/https://corestream.ronaldovurdu.help//hls/bein-sports-2.m3u8
2026-04-22 17:07:01,875 [INFO] 
[3/13]
2026-04-22 17:07:01,876 [INFO] 
──────────────────────────────────────────────────
2026-04-22 17:07:01,876 [INFO] 🔍 beIN Sports 3 → https://atomsportv499.top/matches?id=bein-sports-3
2026-04-22 17:07:01,876 [INFO] ──────────────────────────────────────────────────
2026-04-22 17:07:33,933 [INFO]   📡 M3U8 bekleniyor (max 8s)...
2026-04-22 17:07:33,942 [INFO]   🎯 DOĞRU kanal bulundu: https://hlsssssss.neymardacorona.workers.dev/https://corestream.ronaldovurdu.help//hls/bein-sports-3.m3u8
2026-04-22 17:07:33,943 [INFO]   ✅ beIN Sports 3: https://hlsssssss.neymardacorona.workers.dev/https://corestream.ronaldovurdu.help//hls/bein-sports-3.m3u8
2026-04-22 17:07:34,943 [INFO] 
[4/13]
2026-04-22 17:07:34,944 [INFO] 
──────────────────────────────────────────────────
2026-04-22 17:07:34,944 [INFO] 🔍 beIN Sports 4 → https://atomsportv499.top/matches?id=bein-sports-4
2026-04-22 17:07:34,944 [INFO] ──────────────────────────────────────────────────
2026-04-22 17:08:06,944 [INFO]   📡 M3U8 bekleniyor (max 8s)...
2026-04-22 17:08:06,954 [INFO]   🎯 DOĞRU kanal bulundu: https://hlsssssss.neymardacorona.workers.dev/https://corestream.ronaldovurdu.help//hls/bein-sports-4.m3u8
2026-04-22 17:08:06,955 [INFO]   ✅ beIN Sports 4: https://hlsssssss.neymardacorona.workers.dev/https://corestream.ronaldovurdu.help//hls/bein-sports-4.m3u8
2026-04-22 17:08:07,956 [INFO] 
[5/13]
2026-04-22 17:08:07,956 [INFO] 
──────────────────────────────────────────────────
2026-04-22 17:08:07,957 [INFO] 🔍 beIN Sports 5 → https://atomsportv499.top/matches?id=bein-sports-5
2026-04-22 17:08:07,957 [INFO] ──────────────────────────────────────────────────
2026-04-22 17:08:39,992 [INFO]   📡 M3U8 bekleniyor (max 8s)...
2026-04-22 17:08:40,008 [INFO]   🎯 DOĞRU kanal bulundu: https://hlsssssss.neymardacorona.workers.dev/https://corestream.ronaldovurdu.help//hls/bein-sports-5.m3u8
2026-04-22 17:08:40,009 [INFO]   ✅ beIN Sports 5: https://hlsssssss.neymardacorona.workers.dev/https://corestream.ronaldovurdu.help//hls/bein-sports-5.m3u8
2026-04-22 17:08:41,009 [INFO] 
[6/13]
2026-04-22 17:08:41,009 [INFO] 
──────────────────────────────────────────────────
2026-04-22 17:08:41,009 [INFO] 🔍 beIN Sports Max 1 → https://atomsportv499.top/matches?id=bein-sports-max-1
2026-04-22 17:08:41,009 [INFO] ──────────────────────────────────────────────────
2026-04-22 17:09:13,059 [INFO]   📡 M3U8 bekleniyor (max 8s)...
2026-04-22 17:09:13,063 [INFO]   🎯 DOĞRU kanal bulundu: https://hlsssssss.neymardacorona.workers.dev/https://corestream.ronaldovurdu.help//hls/bein-sports-max-1.m3u8
2026-04-22 17:09:13,063 [INFO]   ✅ beIN Sports Max 1: https://hlsssssss.neymardacorona.workers.dev/https://corestream.ronaldovurdu.help//hls/bein-sports-max-1.m3u8
2026-04-22 17:09:14,063 [INFO] 
[7/13]
2026-04-22 17:09:14,063 [INFO] 
──────────────────────────────────────────────────
2026-04-22 17:09:14,063 [INFO] 🔍 beIN Sports Max 2 → https://atomsportv499.top/matches?id=bein-sports-max-2
2026-04-22 17:09:14,063 [INFO] ──────────────────────────────────────────────────
2026-04-22 17:09:46,136 [INFO]   📡 M3U8 bekleniyor (max 8s)...
2026-04-22 17:09:46,151 [INFO]   🎯 DOĞRU kanal bulundu: https://hlsssssss.neymardacorona.workers.dev/https://corestream.ronaldovurdu.help//hls/bein-sports-max-2.m3u8
2026-04-22 17:09:46,153 [INFO]   ✅ beIN Sports Max 2: https://hlsssssss.neymardacorona.workers.dev/https://corestream.ronaldovurdu.help//hls/bein-sports-max-2.m3u8
2026-04-22 17:09:47,153 [INFO] 
[8/13]
2026-04-22 17:09:47,153 [INFO] 
──────────────────────────────────────────────────
2026-04-22 17:09:47,153 [INFO] 🔍 S Sport → https://atomsportv499.top/matches?id=s-sport
2026-04-22 17:09:47,154 [INFO] ──────────────────────────────────────────────────
2026-04-22 17:10:19,244 [INFO]   📡 M3U8 bekleniyor (max 8s)...
2026-04-22 17:10:19,263 [INFO]   🎯 DOĞRU kanal bulundu: https://hlsssssss.neymardacorona.workers.dev/https://corestream.ronaldovurdu.help//hls/s-sport.m3u8
2026-04-22 17:10:19,265 [INFO]   ✅ S Sport: https://hlsssssss.neymardacorona.workers.dev/https://corestream.ronaldovurdu.help//hls/s-sport.m3u8
2026-04-22 17:10:20,265 [INFO] 
[9/13]
2026-04-22 17:10:20,265 [INFO] 
──────────────────────────────────────────────────
2026-04-22 17:10:20,265 [INFO] 🔍 S Sport 2 → https://atomsportv499.top/matches?id=s-sport-2
2026-04-22 17:10:20,265 [INFO] ──────────────────────────────────────────────────
2026-04-22 17:10:52,210 [INFO]   📡 M3U8 bekleniyor (max 8s)...
2026-04-22 17:10:52,212 [INFO]   🎯 DOĞRU kanal bulundu: https://hlsssssss.neymardacorona.workers.dev/https://corestream.ronaldovurdu.help//hls/s-sport-2.m3u8
2026-04-22 17:10:52,212 [INFO]   ✅ S Sport 2: https://hlsssssss.neymardacorona.workers.dev/https://corestream.ronaldovurdu.help//hls/s-sport-2.m3u8
2026-04-22 17:10:53,212 [INFO] 
[10/13]
2026-04-22 17:10:53,212 [INFO] 
──────────────────────────────────────────────────
2026-04-22 17:10:53,212 [INFO] 🔍 Tivibu Spor 1 → https://atomsportv499.top/matches?id=tivibu-spor-1
2026-04-22 17:10:53,212 [INFO] ──────────────────────────────────────────────────
2026-04-22 17:11:25,262 [INFO]   📡 M3U8 bekleniyor (max 8s)...
2026-04-22 17:11:33,275 [INFO]   ❌ Tivibu Spor 1: M3U8 bulunamadı
2026-04-22 17:11:34,275 [INFO] 
[11/13]
2026-04-22 17:11:34,275 [INFO] 
──────────────────────────────────────────────────
2026-04-22 17:11:34,275 [INFO] 🔍 Tivibu Spor 2 → https://atomsportv499.top/matches?id=tivibu-spor-2
2026-04-22 17:11:34,275 [INFO] ──────────────────────────────────────────────────
2026-04-22 17:12:06,206 [INFO]   📡 M3U8 bekleniyor (max 8s)...
2026-04-22 17:12:14,216 [INFO]   ❌ Tivibu Spor 2: M3U8 bulunamadı
2026-04-22 17:12:15,216 [INFO] 
[12/13]
2026-04-22 17:12:15,217 [INFO] 
──────────────────────────────────────────────────
2026-04-22 17:12:15,217 [INFO] 🔍 Tivibu Spor 3 → https://atomsportv499.top/matches?id=tivibu-spor-3
2026-04-22 17:12:15,217 [INFO] ──────────────────────────────────────────────────
2026-04-22 17:12:46,986 [INFO]   📡 M3U8 bekleniyor (max 8s)...
2026-04-22 17:12:54,997 [INFO]   ❌ Tivibu Spor 3: M3U8 bulunamadı
2026-04-22 17:12:55,997 [INFO] 
[13/13]
2026-04-22 17:12:55,997 [INFO] 
──────────────────────────────────────────────────
2026-04-22 17:12:55,997 [INFO] 🔍 Tivibu Spor 4 → https://atomsportv499.top/matches?id=tivibu-spor-4
2026-04-22 17:12:55,997 [INFO] ──────────────────────────────────────────────────
2026-04-22 17:13:28,130 [INFO]   📡 M3U8 bekleniyor (max 8s)...
2026-04-22 17:13:36,140 [INFO]   ❌ Tivibu Spor 4: M3U8 bulunamadı
2026-04-22 17:13:37,207 [INFO] 🔒 Driver kapatıldı
2026-04-22 17:13:37,207 [INFO] 
=======================================================
2026-04-22 17:13:37,207 [INFO] 🏁 Tamamlandı!
2026-04-22 17:13:37,207 [INFO] 📺 Kanal : 9/13
2026-04-22 17:13:37,207 [INFO] ⏱️  Süre  : 463.2s
2026-04-22 17:13:37,207 [INFO] =======================================================
2026-04-22 17:13:37,208 [INFO] ✅ playlist.m3u kaydedildi
2026-04-22 17:13:37,208 [INFO] ✅ stats.json kaydedildi
