2026-07-18 20:21:51,365 [INFO] 🌐 BASE_URL: https://atomsportv510.top
2026-07-18 20:21:52,818 [INFO] Başlanıyor... 14 kanal taranacak
2026-07-18 20:21:52,819 [INFO] Using default request storage
2026-07-18 20:21:52,823 [INFO] Created proxy listening on 127.0.0.1:34839
2026-07-18 20:21:53,515 [INFO] Capturing request: http://clients2.google.com/time/1/current?cup2key=10:n9Q2sEm5KqUNHxg9cGFkAvgGra5cPPPVjkgWbidZ_18&cup2hreq=e3b0c44298fc1c149afbf4c8996fb92427ae41e4649b934ca495991b7852b855
2026-07-18 20:21:53,553 [INFO] Capturing response: http://clients2.google.com/time/1/current?cup2key=10:n9Q2sEm5KqUNHxg9cGFkAvgGra5cPPPVjkgWbidZ_18&cup2hreq=e3b0c44298fc1c149afbf4c8996fb92427ae41e4649b934ca495991b7852b855 200 OK
2026-07-18 20:21:53,710 [INFO] 
[1/14]
2026-07-18 20:21:53,710 [INFO] 🔍 beIN Sports 1 → https://atomsportv510.top/matches?id=bein-sports-1
2026-07-18 20:21:53,821 [INFO] Capturing request: https://update.googleapis.com/service/update2/json?cup2key=16:3tzWp7SDUM-jwOlJJcgalDlE23ccCtxDyv4lxGo2elo&cup2hreq=0c1f630770a2b85c8ca09674af91136fa3f56e89d8bfb04519286c4d9fdfed8f
2026-07-18 20:21:53,824 [INFO] Capturing request: https://accounts.google.com/ListAccounts?gpsia=1&source=ChromiumBrowser&json=standard&laf=b64bin
2026-07-18 20:21:53,866 [INFO] Capturing response: https://update.googleapis.com/service/update2/json?cup2key=16:3tzWp7SDUM-jwOlJJcgalDlE23ccCtxDyv4lxGo2elo&cup2hreq=0c1f630770a2b85c8ca09674af91136fa3f56e89d8bfb04519286c4d9fdfed8f 200 
2026-07-18 20:21:53,869 [INFO] Capturing response: https://accounts.google.com/ListAccounts?gpsia=1&source=ChromiumBrowser&json=standard&laf=b64bin 200 
2026-07-18 20:21:53,914 [INFO] Capturing request: https://update.googleapis.com/service/update2/json?cup2key=16:9CzE0f_XrJk2UskYHBiYG156qF_HdP7MpvDKD8oE0WU&cup2hreq=d23b8a0e70e490ab2631ce6f4a31fe6b7a1722951460650af92d9ab6cf70f192
2026-07-18 20:21:53,921 [INFO] Capturing request: https://atomsportv510.top/matches?id=bein-sports-1
2026-07-18 20:21:53,923 [INFO] Capturing request: https://www.google.com/async/folae?async=_fmt:pb&udm=50&client_locale=en-US&client_country=ZZ
2026-07-18 20:21:53,939 [INFO] Capturing response: https://update.googleapis.com/service/update2/json?cup2key=16:9CzE0f_XrJk2UskYHBiYG156qF_HdP7MpvDKD8oE0WU&cup2hreq=d23b8a0e70e490ab2631ce6f4a31fe6b7a1722951460650af92d9ab6cf70f192 200 
2026-07-18 20:21:53,945 [INFO] Capturing response: https://www.google.com/async/folae?async=_fmt:pb&udm=50&client_locale=en-US&client_country=ZZ 200 
2026-07-18 20:21:53,985 [INFO] Capturing request: https://update.googleapis.com/service/update2/json?cup2key=16:H8i1B4NtnyHNhtBrO4NcKfB5W4a-NcFGVO8iN8MfCiI&cup2hreq=286c8adf4010c7b95f05acd07b8ca735edea9668eb6eb128c581b47747f525db
2026-07-18 20:21:54,010 [INFO] Capturing response: https://update.googleapis.com/service/update2/json?cup2key=16:H8i1B4NtnyHNhtBrO4NcKfB5W4a-NcFGVO8iN8MfCiI&cup2hreq=286c8adf4010c7b95f05acd07b8ca735edea9668eb6eb128c581b47747f525db 200 
2026-07-18 20:21:54,117 [INFO] Capturing request: https://www.google.com/async/folae?async=_fmt:pb&udm=50&client_locale=en-US&client_country=ZZ
2026-07-18 20:21:54,140 [INFO] Capturing response: https://www.google.com/async/folae?async=_fmt:pb&udm=50&client_locale=en-US&client_country=ZZ 200 
2026-07-18 20:21:54,177 [INFO] Capturing response: https://atomsportv510.top/matches?id=bein-sports-1 200 
2026-07-18 20:21:54,328 [INFO] Capturing request: https://atomsportv510.top/assets/js/clappr.js
2026-07-18 20:21:54,369 [INFO] Capturing response: https://atomsportv510.top/assets/js/clappr.js 200 
2026-07-18 20:21:54,372 [INFO] Capturing request: https://cdn.jsdelivr.net/npm/@clappr/player@latest/dist/clappr.min.js
2026-07-18 20:21:54,375 [INFO] Capturing request: https://cdnjs.cloudflare.com/ajax/libs/jquery/3.2.1/jquery.min.js
2026-07-18 20:21:54,397 [INFO] Capturing response: https://cdn.jsdelivr.net/npm/@clappr/player@latest/dist/clappr.min.js 200 
2026-07-18 20:21:54,419 [INFO] Capturing response: https://cdnjs.cloudflare.com/ajax/libs/jquery/3.2.1/jquery.min.js 200 
2026-07-18 20:21:54,609 [INFO] Capturing request: https://atomsportv510.top/favicon.ico
2026-07-18 20:21:54,661 [INFO] Capturing response: https://atomsportv510.top/favicon.ico 200 
2026-07-18 20:21:54,916 [INFO] Capturing request: https://teletv5.top/load/yayinlink.php?id=bein-sports-1
2026-07-18 20:21:55,056 [INFO] Capturing request: https://streamsport365.com/cinema
2026-07-18 20:21:55,222 [INFO] Capturing response: https://teletv5.top/load/yayinlink.php?id=bein-sports-1 200 
2026-07-18 20:21:55,306 [INFO] Capturing response: https://streamsport365.com/cinema 200 
2026-07-18 20:21:55,437 [INFO] Capturing request: https://atomsportv510.top/assets/img/player_logo_6880e4e4c52ee.png
2026-07-18 20:21:55,486 [INFO] Capturing response: https://atomsportv510.top/assets/img/player_logo_6880e4e4c52ee.png 200 
2026-07-18 20:21:55,552 [INFO] Capturing request: https://hlsssssssssssss.edaesra.workers.dev/https://corestream.macsitesi.help//trtspor/tracks-v1a1/mono.m3u8
2026-07-18 20:21:55,769 [INFO] Capturing response: https://hlsssssssssssss.edaesra.workers.dev/https://corestream.macsitesi.help//trtspor/tracks-v1a1/mono.m3u8 200 
2026-07-18 20:21:55,978 [INFO] Capturing request: https://securmar.edaesra.workers.dev/trtspor/tracks-v1a1/2026/07/18/20/21/49-06000.avif
2026-07-18 20:21:56,419 [INFO] Capturing request: https://android.clients.google.com/checkin
2026-07-18 20:21:56,476 [INFO] Capturing response: https://securmar.edaesra.workers.dev/trtspor/tracks-v1a1/2026/07/18/20/21/49-06000.avif 200 
2026-07-18 20:21:56,502 [INFO] Capturing response: https://android.clients.google.com/checkin 200 
2026-07-18 20:21:56,557 [INFO] Capturing request: https://android.clients.google.com/c2dm/register3
2026-07-18 20:21:56,560 [INFO] Capturing request: https://android.clients.google.com/c2dm/register3
2026-07-18 20:21:56,565 [INFO] Capturing request: https://android.clients.google.com/c2dm/register3
2026-07-18 20:21:56,599 [INFO] Capturing response: https://android.clients.google.com/c2dm/register3 200 
2026-07-18 20:21:56,612 [INFO] Capturing response: https://android.clients.google.com/c2dm/register3 200 
2026-07-18 20:21:56,616 [INFO] Capturing response: https://android.clients.google.com/c2dm/register3 200 
2026-07-18 20:21:56,765 [INFO] Capturing request: https://securmar.edaesra.workers.dev/trtspor/tracks-v1a1/2026/07/18/20/21/55-06000.avif
2026-07-18 20:21:57,231 [INFO] Capturing response: https://securmar.edaesra.workers.dev/trtspor/tracks-v1a1/2026/07/18/20/21/55-06000.avif 200 
2026-07-18 20:21:57,453 [INFO] Capturing request: https://securmar.edaesra.workers.dev/trtspor/tracks-v1a1/2026/07/18/20/22/01-06000.avif
2026-07-18 20:21:57,535 [INFO]   ✅ M3U8 bulundu: https://hlsssssssssssss.edaesra.workers.dev/https://corestream.macsitesi.help//trtspor/tracks-v1a1/mono.m3u8
2026-07-18 20:21:57,839 [INFO] Capturing response: https://securmar.edaesra.workers.dev/trtspor/tracks-v1a1/2026/07/18/20/22/01-06000.avif 200 
2026-07-18 20:21:58,535 [INFO] 
[2/14]
2026-07-18 20:21:58,535 [INFO] 🔍 beIN Sports 2 → https://atomsportv510.top/matches?id=bein-sports-2
2026-07-18 20:21:58,648 [INFO] Capturing request: https://atomsportv510.top/matches?id=bein-sports-2
2026-07-18 20:21:58,677 [INFO] Capturing response: https://atomsportv510.top/matches?id=bein-sports-2 200 
2026-07-18 20:21:58,733 [INFO] Capturing request: https://streamsport365.com/cinema
2026-07-18 20:21:58,833 [INFO] Capturing request: https://teletv5.top/load/yayinlink.php?id=bein-sports-2
2026-07-18 20:21:58,836 [INFO] Capturing request: https://atomsportv510.top/favicon.ico
2026-07-18 20:21:58,867 [INFO] Capturing response: https://atomsportv510.top/favicon.ico 200 
2026-07-18 20:21:58,981 [INFO] Capturing response: https://streamsport365.com/cinema 200 
2026-07-18 20:21:58,988 [INFO] Capturing response: https://teletv5.top/load/yayinlink.php?id=bein-sports-2 200 
2026-07-18 20:21:59,108 [INFO] Capturing request: https://hlsssssssssssss.edaesra.workers.dev/https://corestream.macsitesi.help//bein2/tracks-v1a1/mono.m3u8
2026-07-18 20:21:59,238 [INFO] Capturing response: https://hlsssssssssssss.edaesra.workers.dev/https://corestream.macsitesi.help//bein2/tracks-v1a1/mono.m3u8 404 
2026-07-18 20:22:01,745 [INFO]   ✅ M3U8 bulundu: https://hlsssssssssssss.edaesra.workers.dev/https://corestream.macsitesi.help//bein2/tracks-v1a1/mono.m3u8
2026-07-18 20:22:02,745 [INFO] 
[3/14]
2026-07-18 20:22:02,745 [INFO] 🔍 beIN Sports 3 → https://atomsportv510.top/matches?id=bein-sports-3
2026-07-18 20:22:02,855 [INFO] Capturing request: https://atomsportv510.top/matches?id=bein-sports-3
2026-07-18 20:22:02,856 [INFO] Capturing request: https://atomsportv510.top/assets/js/clappr.js
2026-07-18 20:22:02,887 [INFO] Capturing response: https://atomsportv510.top/matches?id=bein-sports-3 200 
2026-07-18 20:22:02,904 [INFO] Capturing response: https://atomsportv510.top/assets/js/clappr.js 200 
2026-07-18 20:22:03,179 [INFO] Capturing request: https://teletv5.top/load/yayinlink.php?id=bein-sports-3
2026-07-18 20:22:03,184 [INFO] Capturing request: https://atomsportv510.top/favicon.ico
2026-07-18 20:22:03,214 [INFO] Capturing response: https://atomsportv510.top/favicon.ico 200 
2026-07-18 20:22:03,279 [INFO] Capturing request: https://streamsport365.com/cinema
2026-07-18 20:22:03,333 [INFO] Capturing response: https://teletv5.top/load/yayinlink.php?id=bein-sports-3 200 
2026-07-18 20:22:03,529 [INFO] Capturing response: https://streamsport365.com/cinema 200 
2026-07-18 20:22:03,646 [INFO] Capturing request: https://hlsssssssssssss.edaesra.workers.dev/https://corestream.macsitesi.help//trtspor/tracks-v1a1/mono.m3u8
2026-07-18 20:22:03,774 [INFO] Capturing response: https://hlsssssssssssss.edaesra.workers.dev/https://corestream.macsitesi.help//trtspor/tracks-v1a1/mono.m3u8 200 
2026-07-18 20:22:03,883 [INFO] Capturing request: https://securmar.edaesra.workers.dev/trtspor/tracks-v1a1/2026/07/18/20/21/55-06000.avif
2026-07-18 20:22:04,134 [INFO] Capturing response: https://securmar.edaesra.workers.dev/trtspor/tracks-v1a1/2026/07/18/20/21/55-06000.avif 200 
2026-07-18 20:22:04,396 [INFO] Capturing request: https://securmar.edaesra.workers.dev/trtspor/tracks-v1a1/2026/07/18/20/22/01-06000.avif
2026-07-18 20:22:04,605 [INFO] Capturing response: https://securmar.edaesra.workers.dev/trtspor/tracks-v1a1/2026/07/18/20/22/01-06000.avif 200 
2026-07-18 20:22:04,838 [INFO] Capturing request: https://securmar.edaesra.workers.dev/trtspor/tracks-v1a1/2026/07/18/20/22/07-06000.avif
2026-07-18 20:22:05,384 [INFO] Capturing response: https://securmar.edaesra.workers.dev/trtspor/tracks-v1a1/2026/07/18/20/22/07-06000.avif 200 
2026-07-18 20:22:06,105 [INFO]   ✅ M3U8 bulundu: https://hlsssssssssssss.edaesra.workers.dev/https://corestream.macsitesi.help//trtspor/tracks-v1a1/mono.m3u8
2026-07-18 20:22:07,106 [INFO] 
[4/14]
2026-07-18 20:22:07,106 [INFO] 🔍 beIN Sports 4 → https://atomsportv510.top/matches?id=bein-sports-4
2026-07-18 20:22:07,216 [INFO] Capturing request: https://atomsportv510.top/assets/js/clappr.js
2026-07-18 20:22:07,218 [INFO] Capturing request: https://atomsportv510.top/matches?id=bein-sports-4
2026-07-18 20:22:07,235 [INFO] Capturing response: https://atomsportv510.top/assets/js/clappr.js 200 
2026-07-18 20:22:07,258 [INFO] Capturing response: https://atomsportv510.top/matches?id=bein-sports-4 200 
2026-07-18 20:22:07,319 [INFO] Capturing request: https://streamsport365.com/cinema
2026-07-18 20:22:07,418 [INFO] Capturing request: https://atomsportv510.top/favicon.ico
2026-07-18 20:22:07,419 [INFO] Capturing request: https://teletv5.top/load/yayinlink.php?id=bein-sports-4
2026-07-18 20:22:07,449 [INFO] Capturing response: https://atomsportv510.top/favicon.ico 200 
2026-07-18 20:22:07,567 [INFO] Capturing response: https://streamsport365.com/cinema 200 
2026-07-18 20:22:07,576 [INFO] Capturing response: https://teletv5.top/load/yayinlink.php?id=bein-sports-4 200 
2026-07-18 20:22:07,737 [INFO] Capturing request: https://hlsssssssssssss.edaesra.workers.dev/https://corestream.macsitesi.help//bein2/tracks-v1a1/mono.m3u8
2026-07-18 20:22:07,865 [INFO] Capturing response: https://hlsssssssssssss.edaesra.workers.dev/https://corestream.macsitesi.help//bein2/tracks-v1a1/mono.m3u8 404 
2026-07-18 20:22:10,331 [INFO]   ✅ M3U8 bulundu: https://hlsssssssssssss.edaesra.workers.dev/https://corestream.macsitesi.help//bein2/tracks-v1a1/mono.m3u8
2026-07-18 20:22:11,331 [INFO] 
[5/14]
2026-07-18 20:22:11,331 [INFO] 🔍 beIN Sports 5 → https://atomsportv510.top/matches?id=bein-sports-5
2026-07-18 20:22:11,439 [INFO] Capturing request: https://atomsportv510.top/matches?id=bein-sports-5
2026-07-18 20:22:11,473 [INFO] Capturing response: https://atomsportv510.top/matches?id=bein-sports-5 200 
2026-07-18 20:22:11,602 [INFO] Capturing request: https://teletv5.top/load/yayinlink.php?id=bein-sports-5
2026-07-18 20:22:11,604 [INFO] Capturing request: https://atomsportv510.top/favicon.ico
2026-07-18 20:22:11,633 [INFO] Capturing response: https://atomsportv510.top/favicon.ico 200 
2026-07-18 20:22:11,699 [INFO] Capturing request: https://streamsport365.com/cinema
2026-07-18 20:22:11,759 [INFO] Capturing response: https://teletv5.top/load/yayinlink.php?id=bein-sports-5 200 
2026-07-18 20:22:11,955 [INFO] Capturing response: https://streamsport365.com/cinema 200 
2026-07-18 20:22:12,075 [INFO] Capturing request: https://hlsssssssssssss.edaesra.workers.dev/https://corestream.macsitesi.help//bein2/tracks-v1a1/mono.m3u8
2026-07-18 20:22:12,210 [INFO] Capturing response: https://hlsssssssssssss.edaesra.workers.dev/https://corestream.macsitesi.help//bein2/tracks-v1a1/mono.m3u8 404 
2026-07-18 20:22:14,514 [INFO]   ✅ M3U8 bulundu: https://hlsssssssssssss.edaesra.workers.dev/https://corestream.macsitesi.help//bein2/tracks-v1a1/mono.m3u8
2026-07-18 20:22:15,514 [INFO] 
[6/14]
2026-07-18 20:22:15,514 [INFO] 🔍 beIN Sports Max 1 → https://atomsportv510.top/matches?id=bein-sports-max-1
2026-07-18 20:22:15,621 [INFO] Capturing request: https://atomsportv510.top/matches?id=bein-sports-max-1
2026-07-18 20:22:15,652 [INFO] Capturing response: https://atomsportv510.top/matches?id=bein-sports-max-1 200 
2026-07-18 20:22:15,681 [INFO] Capturing request: https://streamsport365.com/cinema
2026-07-18 20:22:15,780 [INFO] Capturing request: https://teletv5.top/load/yayinlink.php?id=bein-sports-max-1
2026-07-18 20:22:15,781 [INFO] Capturing request: https://atomsportv510.top/favicon.ico
2026-07-18 20:22:15,811 [INFO] Capturing response: https://atomsportv510.top/favicon.ico 200 
2026-07-18 20:22:15,928 [INFO] Capturing response: https://streamsport365.com/cinema 200 
2026-07-18 20:22:15,933 [INFO] Capturing response: https://teletv5.top/load/yayinlink.php?id=bein-sports-max-1 200 
2026-07-18 20:22:16,093 [INFO] Capturing request: https://hlsssssssssssss.edaesra.workers.dev/https://corestream.macsitesi.help//trtspor/tracks-v1a1/mono.m3u8
2026-07-18 20:22:16,218 [INFO] Capturing response: https://hlsssssssssssss.edaesra.workers.dev/https://corestream.macsitesi.help//trtspor/tracks-v1a1/mono.m3u8 200 
2026-07-18 20:22:16,367 [INFO] Capturing request: https://securmar.edaesra.workers.dev/trtspor/tracks-v1a1/2026/07/18/20/22/07-06000.avif
2026-07-18 20:22:16,624 [INFO] Capturing response: https://securmar.edaesra.workers.dev/trtspor/tracks-v1a1/2026/07/18/20/22/07-06000.avif 200 
2026-07-18 20:22:16,892 [INFO] Capturing request: https://securmar.edaesra.workers.dev/trtspor/tracks-v1a1/2026/07/18/20/22/13-06000.avif
2026-07-18 20:22:17,461 [INFO] Capturing response: https://securmar.edaesra.workers.dev/trtspor/tracks-v1a1/2026/07/18/20/22/13-06000.avif 200 
2026-07-18 20:22:17,704 [INFO] Capturing request: https://securmar.edaesra.workers.dev/trtspor/tracks-v1a1/2026/07/18/20/22/19-06000.avif
2026-07-18 20:22:18,029 [INFO] Capturing request: https://android.clients.google.com/c2dm/register3
2026-07-18 20:22:18,179 [INFO] Capturing response: https://securmar.edaesra.workers.dev/trtspor/tracks-v1a1/2026/07/18/20/22/19-06000.avif 200 
2026-07-18 20:22:18,650 [INFO] Capturing response: https://android.clients.google.com/c2dm/register3 200 
2026-07-18 20:22:18,697 [INFO]   ✅ M3U8 bulundu: https://hlsssssssssssss.edaesra.workers.dev/https://corestream.macsitesi.help//trtspor/tracks-v1a1/mono.m3u8
2026-07-18 20:22:19,197 [INFO] Capturing request: https://android.clients.google.com/c2dm/register3
2026-07-18 20:22:19,619 [INFO] Capturing request: https://android.clients.google.com/c2dm/register3
2026-07-18 20:22:19,666 [INFO] Capturing response: https://android.clients.google.com/c2dm/register3 301 
2026-07-18 20:22:19,698 [INFO] 
[7/14]
2026-07-18 20:22:19,698 [INFO] 🔍 beIN Sports Max 2 → https://atomsportv510.top/matches?id=bein-sports-max-2
2026-07-18 20:22:19,798 [INFO] Capturing response: https://android.clients.google.com/c2dm/register3 200 
2026-07-18 20:22:19,809 [INFO] Capturing request: https://atomsportv510.top/matches?id=bein-sports-max-2
2026-07-18 20:22:19,842 [INFO] Capturing response: https://atomsportv510.top/matches?id=bein-sports-max-2 200 
2026-07-18 20:22:19,975 [INFO] Capturing request: https://teletv5.top/load/yayinlink.php?id=bein-sports-max-2
2026-07-18 20:22:19,978 [INFO] Capturing request: https://atomsportv510.top/favicon.ico
2026-07-18 20:22:20,005 [INFO] Capturing response: https://atomsportv510.top/favicon.ico 200 
2026-07-18 20:22:20,072 [INFO] Capturing request: https://streamsport365.com/cinema
2026-07-18 20:22:20,128 [INFO] Capturing response: https://teletv5.top/load/yayinlink.php?id=bein-sports-max-2 200 
2026-07-18 20:22:20,340 [INFO] Capturing response: https://streamsport365.com/cinema 200 
2026-07-18 20:22:20,461 [INFO] Capturing request: https://hlsssssssssssss.edaesra.workers.dev/https://corestream.macsitesi.help//trtspor/tracks-v1a1/mono.m3u8
2026-07-18 20:22:20,590 [INFO] Capturing response: https://hlsssssssssssss.edaesra.workers.dev/https://corestream.macsitesi.help//trtspor/tracks-v1a1/mono.m3u8 200 
2026-07-18 20:22:20,706 [INFO] Capturing request: https://securmar.edaesra.workers.dev/trtspor/tracks-v1a1/2026/07/18/20/22/13-06000.avif
2026-07-18 20:22:20,930 [INFO] Capturing response: https://securmar.edaesra.workers.dev/trtspor/tracks-v1a1/2026/07/18/20/22/13-06000.avif 200 
2026-07-18 20:22:21,142 [INFO] Capturing request: https://securmar.edaesra.workers.dev/trtspor/tracks-v1a1/2026/07/18/20/22/19-06000.avif
2026-07-18 20:22:21,401 [INFO] Capturing response: https://securmar.edaesra.workers.dev/trtspor/tracks-v1a1/2026/07/18/20/22/19-06000.avif 200 
2026-07-18 20:22:21,658 [INFO] Capturing request: https://securmar.edaesra.workers.dev/trtspor/tracks-v1a1/2026/07/18/20/22/25-06000.avif
2026-07-18 20:22:22,067 [INFO] Capturing response: https://securmar.edaesra.workers.dev/trtspor/tracks-v1a1/2026/07/18/20/22/25-06000.avif 200 
2026-07-18 20:22:22,897 [INFO]   ✅ M3U8 bulundu: https://hlsssssssssssss.edaesra.workers.dev/https://corestream.macsitesi.help//trtspor/tracks-v1a1/mono.m3u8
2026-07-18 20:22:23,897 [INFO] 
[8/14]
2026-07-18 20:22:23,897 [INFO] 🔍 S Sport → https://atomsportv510.top/matches?id=s-sport
2026-07-18 20:22:24,010 [INFO] Capturing request: https://atomsportv510.top/matches?id=s-sport
2026-07-18 20:22:26,583 [INFO] Capturing response: https://atomsportv510.top/matches?id=s-sport 200 
2026-07-18 20:22:26,715 [INFO] Capturing request: https://teletv5.top/load/yayinlink.php?id=s-sport
2026-07-18 20:22:26,720 [INFO] Capturing request: https://atomsportv510.top/favicon.ico
2026-07-18 20:22:26,750 [INFO] Capturing response: https://atomsportv510.top/favicon.ico 200 
2026-07-18 20:22:26,812 [INFO] Capturing request: https://streamsport365.com/cinema
2026-07-18 20:22:26,868 [INFO] Capturing response: https://teletv5.top/load/yayinlink.php?id=s-sport 200 
2026-07-18 20:22:27,064 [INFO] Capturing response: https://streamsport365.com/cinema 200 
2026-07-18 20:22:27,183 [INFO] Capturing request: https://hlsssssssssssss.edaesra.workers.dev/https://corestream.macsitesi.help//s-sportt/tracks-v1a1/mono.m3u8
2026-07-18 20:22:27,309 [INFO] Capturing response: https://hlsssssssssssss.edaesra.workers.dev/https://corestream.macsitesi.help//s-sportt/tracks-v1a1/mono.m3u8 404 
2026-07-18 20:22:29,631 [INFO]   ✅ M3U8 bulundu: https://hlsssssssssssss.edaesra.workers.dev/https://corestream.macsitesi.help//s-sportt/tracks-v1a1/mono.m3u8
2026-07-18 20:22:30,631 [INFO] 
[9/14]
2026-07-18 20:22:30,631 [INFO] 🔍 S Sport 2 → https://atomsportv510.top/matches?id=s-sport-2
2026-07-18 20:22:30,739 [INFO] Capturing request: https://atomsportv510.top/matches?id=s-sport-2
2026-07-18 20:22:30,774 [INFO] Capturing response: https://atomsportv510.top/matches?id=s-sport-2 200 
2026-07-18 20:22:30,806 [INFO] Capturing request: https://streamsport365.com/cinema
2026-07-18 20:22:30,907 [INFO] Capturing request: https://teletv5.top/load/yayinlink.php?id=s-sport-2
2026-07-18 20:22:30,907 [INFO] Capturing request: https://atomsportv510.top/favicon.ico
2026-07-18 20:22:30,938 [INFO] Capturing response: https://atomsportv510.top/favicon.ico 200 
2026-07-18 20:22:31,056 [INFO] Capturing response: https://streamsport365.com/cinema 200 
2026-07-18 20:22:31,063 [INFO] Capturing response: https://teletv5.top/load/yayinlink.php?id=s-sport-2 200 
2026-07-18 20:22:31,222 [INFO] Capturing request: https://hlsssssssssssss.edaesra.workers.dev/https://corestream.macsitesi.help//s-sport2/tracks-v1a1/mono.m3u8
2026-07-18 20:22:31,349 [INFO] Capturing response: https://hlsssssssssssss.edaesra.workers.dev/https://corestream.macsitesi.help//s-sport2/tracks-v1a1/mono.m3u8 404 
2026-07-18 20:22:33,819 [INFO]   ✅ M3U8 bulundu: https://hlsssssssssssss.edaesra.workers.dev/https://corestream.macsitesi.help//s-sport2/tracks-v1a1/mono.m3u8
2026-07-18 20:22:34,819 [INFO] 
[10/14]
2026-07-18 20:22:34,820 [INFO] 🔍 A Spor → https://atomsportv510.top/matches?id=a-spor
2026-07-18 20:22:34,927 [INFO] Capturing request: https://atomsportv510.top/matches?id=a-spor
2026-07-18 20:22:34,956 [INFO] Capturing response: https://atomsportv510.top/matches?id=a-spor 200 
2026-07-18 20:22:35,087 [INFO] Capturing request: https://teletv5.top/load/yayinlink.php?id=a-spor
2026-07-18 20:22:35,090 [INFO] Capturing request: https://atomsportv510.top/favicon.ico
2026-07-18 20:22:35,117 [INFO] Capturing response: https://atomsportv510.top/favicon.ico 200 
2026-07-18 20:22:35,182 [INFO] Capturing request: https://streamsport365.com/cinema
2026-07-18 20:22:35,239 [INFO] Capturing response: https://teletv5.top/load/yayinlink.php?id=a-spor 200 
2026-07-18 20:22:35,433 [INFO] Capturing response: https://streamsport365.com/cinema 200 
2026-07-18 20:22:35,551 [INFO] Capturing request: https://hlsssssssssssss.edaesra.workers.dev/https://corestream.macsitesi.help//aspor/tracks-v1a1/mono.m3u8
2026-07-18 20:22:35,681 [INFO] Capturing response: https://hlsssssssssssss.edaesra.workers.dev/https://corestream.macsitesi.help//aspor/tracks-v1a1/mono.m3u8 404 
2026-07-18 20:22:38,001 [INFO]   ✅ M3U8 bulundu: https://hlsssssssssssss.edaesra.workers.dev/https://corestream.macsitesi.help//aspor/tracks-v1a1/mono.m3u8
2026-07-18 20:22:39,002 [INFO] 
[11/14]
2026-07-18 20:22:39,002 [INFO] 🔍 Tivibu Spor 1 → https://atomsportv510.top/matches?id=tivibu-spor-1
2026-07-18 20:22:39,109 [INFO] Capturing request: https://atomsportv510.top/matches?id=tivibu-spor-1
2026-07-18 20:22:39,145 [INFO] Capturing response: https://atomsportv510.top/matches?id=tivibu-spor-1 200 
2026-07-18 20:22:39,180 [INFO] Capturing request: https://streamsport365.com/cinema
2026-07-18 20:22:39,278 [INFO] Capturing request: https://teletv5.top/load/yayinlink.php?id=tivibu-spor-1
2026-07-18 20:22:39,281 [INFO] Capturing request: https://atomsportv510.top/favicon.ico
2026-07-18 20:22:39,307 [INFO] Capturing response: https://atomsportv510.top/favicon.ico 200 
2026-07-18 20:22:39,420 [INFO] Capturing response: https://streamsport365.com/cinema 200 
2026-07-18 20:22:39,429 [INFO] Capturing response: https://teletv5.top/load/yayinlink.php?id=tivibu-spor-1 200 
2026-07-18 20:22:39,590 [INFO] Capturing request: https://hlsssssssssssss.edaesra.workers.dev/https://corestream.macsitesi.help//trtspor/tracks-v1a1/mono.m3u8
2026-07-18 20:22:39,725 [INFO] Capturing response: https://hlsssssssssssss.edaesra.workers.dev/https://corestream.macsitesi.help//trtspor/tracks-v1a1/mono.m3u8 200 
2026-07-18 20:22:39,875 [INFO] Capturing request: https://securmar.edaesra.workers.dev/trtspor/tracks-v1a1/2026/07/18/20/22/31-06000.avif
2026-07-18 20:22:40,422 [INFO] Capturing response: https://securmar.edaesra.workers.dev/trtspor/tracks-v1a1/2026/07/18/20/22/31-06000.avif 200 
2026-07-18 20:22:40,691 [INFO] Capturing request: https://securmar.edaesra.workers.dev/trtspor/tracks-v1a1/2026/07/18/20/22/37-06000.avif
2026-07-18 20:22:41,320 [INFO] Capturing response: https://securmar.edaesra.workers.dev/trtspor/tracks-v1a1/2026/07/18/20/22/37-06000.avif 200 
2026-07-18 20:22:41,569 [INFO] Capturing request: https://securmar.edaesra.workers.dev/trtspor/tracks-v1a1/2026/07/18/20/22/43-06000.avif
2026-07-18 20:22:41,930 [INFO] Capturing response: https://securmar.edaesra.workers.dev/trtspor/tracks-v1a1/2026/07/18/20/22/43-06000.avif 200 
2026-07-18 20:22:42,200 [INFO]   ✅ M3U8 bulundu: https://hlsssssssssssss.edaesra.workers.dev/https://corestream.macsitesi.help//trtspor/tracks-v1a1/mono.m3u8
2026-07-18 20:22:43,201 [INFO] 
[12/14]
2026-07-18 20:22:43,201 [INFO] 🔍 Tivibu Spor 2 → https://atomsportv510.top/matches?id=tivibu-spor-2
2026-07-18 20:22:43,312 [INFO] Capturing request: https://atomsportv510.top/matches?id=tivibu-spor-2
2026-07-18 20:22:43,342 [INFO] Capturing response: https://atomsportv510.top/matches?id=tivibu-spor-2 200 
2026-07-18 20:22:43,473 [INFO] Capturing request: https://teletv5.top/load/yayinlink.php?id=tivibu-spor-2
2026-07-18 20:22:43,476 [INFO] Capturing request: https://atomsportv510.top/favicon.ico
2026-07-18 20:22:43,503 [INFO] Capturing response: https://atomsportv510.top/favicon.ico 200 
2026-07-18 20:22:43,571 [INFO] Capturing request: https://streamsport365.com/cinema
2026-07-18 20:22:43,627 [INFO] Capturing response: https://teletv5.top/load/yayinlink.php?id=tivibu-spor-2 200 
2026-07-18 20:22:43,823 [INFO] Capturing response: https://streamsport365.com/cinema 200 
2026-07-18 20:22:43,942 [INFO] Capturing request: https://hlsssssssssssss.edaesra.workers.dev/https://corestream.macsitesi.help//trtspor/tracks-v1a1/mono.m3u8
2026-07-18 20:22:44,070 [INFO] Capturing response: https://hlsssssssssssss.edaesra.workers.dev/https://corestream.macsitesi.help//trtspor/tracks-v1a1/mono.m3u8 200 
2026-07-18 20:22:44,185 [INFO] Capturing request: https://securmar.edaesra.workers.dev/trtspor/tracks-v1a1/2026/07/18/20/22/31-06000.avif
2026-07-18 20:22:44,433 [INFO] Capturing response: https://securmar.edaesra.workers.dev/trtspor/tracks-v1a1/2026/07/18/20/22/31-06000.avif 200 
2026-07-18 20:22:44,658 [INFO] Capturing request: https://securmar.edaesra.workers.dev/trtspor/tracks-v1a1/2026/07/18/20/22/37-06000.avif
2026-07-18 20:22:44,923 [INFO] Capturing response: https://securmar.edaesra.workers.dev/trtspor/tracks-v1a1/2026/07/18/20/22/37-06000.avif 200 
2026-07-18 20:22:45,173 [INFO] Capturing request: https://securmar.edaesra.workers.dev/trtspor/tracks-v1a1/2026/07/18/20/22/43-06000.avif
2026-07-18 20:22:45,411 [INFO] Capturing response: https://securmar.edaesra.workers.dev/trtspor/tracks-v1a1/2026/07/18/20/22/43-06000.avif 200 
2026-07-18 20:22:46,401 [INFO]   ✅ M3U8 bulundu: https://hlsssssssssssss.edaesra.workers.dev/https://corestream.macsitesi.help//trtspor/tracks-v1a1/mono.m3u8
2026-07-18 20:22:47,402 [INFO] 
[13/14]
2026-07-18 20:22:47,402 [INFO] 🔍 Tivibu Spor 3 → https://atomsportv510.top/matches?id=tivibu-spor-3
2026-07-18 20:22:47,512 [INFO] Capturing request: https://atomsportv510.top/matches?id=tivibu-spor-3
2026-07-18 20:22:47,542 [INFO] Capturing response: https://atomsportv510.top/matches?id=tivibu-spor-3 200 
2026-07-18 20:22:47,576 [INFO] Capturing request: https://streamsport365.com/cinema
2026-07-18 20:22:47,678 [INFO] Capturing request: https://atomsportv510.top/favicon.ico
2026-07-18 20:22:47,679 [INFO] Capturing request: https://teletv5.top/load/yayinlink.php?id=tivibu-spor-3
2026-07-18 20:22:47,712 [INFO] Capturing response: https://atomsportv510.top/favicon.ico 200 
2026-07-18 20:22:47,819 [INFO] Capturing response: https://streamsport365.com/cinema 200 
2026-07-18 20:22:47,830 [INFO] Capturing response: https://teletv5.top/load/yayinlink.php?id=tivibu-spor-3 200 
2026-07-18 20:22:47,989 [INFO] Capturing request: https://hlsssssssssssss.edaesra.workers.dev/https://corestream.macsitesi.help//trtspor/tracks-v1a1/mono.m3u8
2026-07-18 20:22:48,113 [INFO] Capturing response: https://hlsssssssssssss.edaesra.workers.dev/https://corestream.macsitesi.help//trtspor/tracks-v1a1/mono.m3u8 200 
2026-07-18 20:22:48,262 [INFO] Capturing request: https://securmar.edaesra.workers.dev/trtspor/tracks-v1a1/2026/07/18/20/22/37-06000.avif
2026-07-18 20:22:48,508 [INFO] Capturing response: https://securmar.edaesra.workers.dev/trtspor/tracks-v1a1/2026/07/18/20/22/37-06000.avif 200 
2026-07-18 20:22:48,732 [INFO] Capturing request: https://securmar.edaesra.workers.dev/trtspor/tracks-v1a1/2026/07/18/20/22/43-06000.avif
2026-07-18 20:22:48,959 [INFO] Capturing response: https://securmar.edaesra.workers.dev/trtspor/tracks-v1a1/2026/07/18/20/22/43-06000.avif 200 
2026-07-18 20:22:49,206 [INFO] Capturing request: https://securmar.edaesra.workers.dev/trtspor/tracks-v1a1/2026/07/18/20/22/49-06000.avif
2026-07-18 20:22:49,619 [INFO] Capturing response: https://securmar.edaesra.workers.dev/trtspor/tracks-v1a1/2026/07/18/20/22/49-06000.avif 200 
2026-07-18 20:22:50,607 [INFO]   ✅ M3U8 bulundu: https://hlsssssssssssss.edaesra.workers.dev/https://corestream.macsitesi.help//trtspor/tracks-v1a1/mono.m3u8
2026-07-18 20:22:51,607 [INFO] 
[14/14]
2026-07-18 20:22:51,608 [INFO] 🔍 Tivibu Spor 4 → https://atomsportv510.top/matches?id=tivibu-spor-4
2026-07-18 20:22:51,718 [INFO] Capturing request: https://atomsportv510.top/matches?id=tivibu-spor-4
2026-07-18 20:22:51,748 [INFO] Capturing response: https://atomsportv510.top/matches?id=tivibu-spor-4 200 
2026-07-18 20:22:51,880 [INFO] Capturing request: https://teletv5.top/load/yayinlink.php?id=tivibu-spor-4
2026-07-18 20:22:51,883 [INFO] Capturing request: https://atomsportv510.top/favicon.ico
2026-07-18 20:22:51,902 [INFO] Capturing response: https://teletv5.top/load/yayinlink.php?id=tivibu-spor-4 200 
2026-07-18 20:22:51,909 [INFO] Capturing response: https://atomsportv510.top/favicon.ico 200 
2026-07-18 20:22:51,976 [INFO] Capturing request: https://streamsport365.com/cinema
2026-07-18 20:22:52,216 [INFO] Capturing response: https://streamsport365.com/cinema 200 
2026-07-18 20:22:53,480 [INFO] Capturing request: https://update.googleapis.com/service/update2/json?cup2key=16:R3ukZzDd73cI6d5Xl-e1aIKhtmB-4q0D3vVCumVVw9k&cup2hreq=687497f263066eb22c55b3d4c877ef4aa5050ce262f4536afcf306f1a83e9d14
2026-07-18 20:22:53,505 [INFO] Capturing response: https://update.googleapis.com/service/update2/json?cup2key=16:R3ukZzDd73cI6d5Xl-e1aIKhtmB-4q0D3vVCumVVw9k&cup2hreq=687497f263066eb22c55b3d4c877ef4aa5050ce262f4536afcf306f1a83e9d14 200 
2026-07-18 20:22:53,512 [INFO] Capturing request: http://edgedl.me.gvt1.com/edgedl/diffgen-puffin/gcmjkmgdlgnkkcocmoeiminaijmmjnii/df2a22d5ecc7788c3330ebd5f856b41531c74f412a01ed7453d11284708009fe
2026-07-18 20:22:53,524 [INFO] Capturing response: http://edgedl.me.gvt1.com/edgedl/diffgen-puffin/gcmjkmgdlgnkkcocmoeiminaijmmjnii/df2a22d5ecc7788c3330ebd5f856b41531c74f412a01ed7453d11284708009fe 200 OK
2026-07-18 20:22:53,549 [INFO] Capturing request: https://update.googleapis.com/service/update2/json
2026-07-18 20:22:53,574 [INFO] Capturing response: https://update.googleapis.com/service/update2/json 200 
2026-07-18 20:22:53,618 [INFO] Capturing request: http://edgedl.me.gvt1.com/edgedl/release2/chrome_component/acqq4hs5ywbg3nef2kjjl6nyebjq_10656/hfnkpimlhhgieaddgfemjhofmfblmnib_10656_all_ajmaah273vlgc77nhifobrxnqu.crx3
2026-07-18 20:22:53,636 [INFO] Capturing response: http://edgedl.me.gvt1.com/edgedl/release2/chrome_component/acqq4hs5ywbg3nef2kjjl6nyebjq_10656/hfnkpimlhhgieaddgfemjhofmfblmnib_10656_all_ajmaah273vlgc77nhifobrxnqu.crx3 200 OK
2026-07-18 20:22:53,664 [INFO] Capturing request: https://update.googleapis.com/service/update2/json
2026-07-18 20:22:53,686 [INFO] Capturing response: https://update.googleapis.com/service/update2/json 200 
2026-07-18 20:23:04,501 [INFO] Capturing request: https://android.clients.google.com/c2dm/register3
2026-07-18 20:23:04,546 [INFO] Capturing response: https://android.clients.google.com/c2dm/register3 301 
2026-07-18 20:23:25,040 [WARNING]   ❌ Tivibu Spor 4 için M3U8 bulunamadı
2026-07-18 20:23:26,107 [INFO] ✅ 13 kanal bulundu, playlist.m3u kaydedildi
