2026-05-24 03:47:40,021 [INFO] 🔎 Domain aralığı taranıyor: atomsportv503.top - atomsportv535.top
2026-05-24 03:47:40,698 [INFO]   ✅ Aktif domain bulundu: https://atomsportv503.top
2026-05-24 03:47:40,699 [INFO] 🌐 Kullanılan BASE_URL: https://atomsportv503.top
2026-05-24 03:47:40,699 [INFO] 🔗 Proxy Prefix: https://ronaldo.magnitude.workers.dev/?url=
2026-05-24 03:47:41,992 [INFO] ✅ SeleniumWire aktif
2026-05-24 03:47:41,993 [INFO] =======================================================
2026-05-24 03:47:41,993 [INFO]    M3U8 Scraper
2026-05-24 03:47:41,993 [INFO]    Base URL    : https://atomsportv503.top
2026-05-24 03:47:41,993 [INFO]    Proxy Prefix: https://ronaldo.magnitude.workers.dev/?url=
2026-05-24 03:47:41,993 [INFO]    Toplam      : 13 sayfa
2026-05-24 03:47:41,993 [INFO] =======================================================
2026-05-24 03:47:41,993 [INFO] 🔧 Driver başlatılıyor...
2026-05-24 03:47:43,563 [INFO] ✅ Driver başlatıldı
2026-05-24 03:47:43,563 [INFO] 
[1/13]
2026-05-24 03:47:43,563 [INFO] 
──────────────────────────────────────────────────
2026-05-24 03:47:43,563 [INFO] 🔍 beIN Sports 1 → https://atomsportv503.top/matches?id=bein-sports-1
2026-05-24 03:47:43,563 [INFO] ──────────────────────────────────────────────────
2026-05-24 03:48:15,900 [INFO]   📡 M3U8 bekleniyor (max 8s)...
2026-05-24 03:48:23,978 [INFO]   ❌ beIN Sports 1: M3U8 bulunamadı
2026-05-24 03:48:24,979 [INFO] 
[2/13]
2026-05-24 03:48:24,979 [INFO] 
──────────────────────────────────────────────────
2026-05-24 03:48:24,979 [INFO] 🔍 beIN Sports 2 → https://atomsportv503.top/matches?id=bein-sports-2
2026-05-24 03:48:24,979 [INFO] ──────────────────────────────────────────────────
2026-05-24 03:48:57,095 [INFO]   📡 M3U8 bekleniyor (max 8s)...
2026-05-24 03:49:05,169 [INFO]   ❌ beIN Sports 2: M3U8 bulunamadı
2026-05-24 03:49:06,171 [INFO] 
[3/13]
2026-05-24 03:49:06,171 [INFO] 
──────────────────────────────────────────────────
2026-05-24 03:49:06,171 [INFO] 🔍 beIN Sports 3 → https://atomsportv503.top/matches?id=bein-sports-3
2026-05-24 03:49:06,171 [INFO] ──────────────────────────────────────────────────
2026-05-24 03:49:38,642 [INFO]   📡 M3U8 bekleniyor (max 8s)...
2026-05-24 03:49:46,662 [INFO]   ❌ beIN Sports 3: M3U8 bulunamadı
2026-05-24 03:49:47,663 [INFO] 
[4/13]
2026-05-24 03:49:47,663 [INFO] 
──────────────────────────────────────────────────
2026-05-24 03:49:47,663 [INFO] 🔍 beIN Sports 4 → https://atomsportv503.top/matches?id=bein-sports-4
2026-05-24 03:49:47,663 [INFO] ──────────────────────────────────────────────────
2026-05-24 03:50:19,493 [INFO]   📡 M3U8 bekleniyor (max 8s)...
2026-05-24 03:50:27,504 [INFO]   ❌ beIN Sports 4: M3U8 bulunamadı
2026-05-24 03:50:28,505 [INFO] 
[5/13]
2026-05-24 03:50:28,505 [INFO] 
──────────────────────────────────────────────────
2026-05-24 03:50:28,505 [INFO] 🔍 beIN Sports 5 → https://atomsportv503.top/matches?id=bein-sports-5
2026-05-24 03:50:28,505 [INFO] ──────────────────────────────────────────────────
2026-05-24 03:51:00,329 [INFO]   📡 M3U8 bekleniyor (max 8s)...
2026-05-24 03:51:08,341 [INFO]   ❌ beIN Sports 5: M3U8 bulunamadı
2026-05-24 03:51:09,341 [INFO] 
[6/13]
2026-05-24 03:51:09,341 [INFO] 
──────────────────────────────────────────────────
2026-05-24 03:51:09,341 [INFO] 🔍 beIN Sports Max 1 → https://atomsportv503.top/matches?id=bein-sports-max-1
2026-05-24 03:51:09,342 [INFO] ──────────────────────────────────────────────────
2026-05-24 03:51:41,171 [INFO]   📡 M3U8 bekleniyor (max 8s)...
2026-05-24 03:51:49,182 [INFO]   ❌ beIN Sports Max 1: M3U8 bulunamadı
2026-05-24 03:51:50,183 [INFO] 
[7/13]
2026-05-24 03:51:50,183 [INFO] 
──────────────────────────────────────────────────
2026-05-24 03:51:50,183 [INFO] 🔍 beIN Sports Max 2 → https://atomsportv503.top/matches?id=bein-sports-max-2
2026-05-24 03:51:50,183 [INFO] ──────────────────────────────────────────────────
2026-05-24 03:52:22,042 [INFO]   📡 M3U8 bekleniyor (max 8s)...
2026-05-24 03:52:30,054 [INFO]   ❌ beIN Sports Max 2: M3U8 bulunamadı
2026-05-24 03:52:31,054 [INFO] 
[8/13]
2026-05-24 03:52:31,055 [INFO] 
──────────────────────────────────────────────────
2026-05-24 03:52:31,055 [INFO] 🔍 S Sport → https://atomsportv503.top/matches?id=s-sport
2026-05-24 03:52:31,055 [INFO] ──────────────────────────────────────────────────
2026-05-24 03:53:02,900 [INFO]   📡 M3U8 bekleniyor (max 8s)...
2026-05-24 03:53:02,908 [INFO]   🎯 DOĞRU kanal bulundu: https://young-surf-88a9.halitumutseler.workers.dev/https://corestream.ronaldovurdu.help//s-sportt/tracks-v1a1/mono.m3u8
2026-05-24 03:53:02,909 [INFO]   ✅ S Sport: https://young-surf-88a9.halitumutseler.workers.dev/https://corestream.ronaldovurdu.help//s-sportt/tracks-v1a1/mono.m3u8
2026-05-24 03:53:03,909 [INFO] 
[9/13]
2026-05-24 03:53:03,910 [INFO] 
──────────────────────────────────────────────────
2026-05-24 03:53:03,910 [INFO] 🔍 S Sport 2 → https://atomsportv503.top/matches?id=s-sport-2
2026-05-24 03:53:03,910 [INFO] ──────────────────────────────────────────────────
2026-05-24 03:53:35,800 [INFO]   📡 M3U8 bekleniyor (max 8s)...
2026-05-24 03:53:43,930 [INFO]   ❌ S Sport 2: M3U8 bulunamadı
2026-05-24 03:53:44,932 [INFO] 
[10/13]
2026-05-24 03:53:44,932 [INFO] 
──────────────────────────────────────────────────
2026-05-24 03:53:44,932 [INFO] 🔍 Tivibu Spor 1 → https://atomsportv503.top/matches?id=tivibu-spor-1
2026-05-24 03:53:44,932 [INFO] ──────────────────────────────────────────────────
2026-05-24 03:54:16,788 [INFO]   📡 M3U8 bekleniyor (max 8s)...
2026-05-24 03:54:24,800 [INFO]   ❌ Tivibu Spor 1: M3U8 bulunamadı
2026-05-24 03:54:25,800 [INFO] 
[11/13]
2026-05-24 03:54:25,800 [INFO] 
──────────────────────────────────────────────────
2026-05-24 03:54:25,800 [INFO] 🔍 Tivibu Spor 2 → https://atomsportv503.top/matches?id=tivibu-spor-2
2026-05-24 03:54:25,800 [INFO] ──────────────────────────────────────────────────
2026-05-24 03:54:57,664 [INFO]   📡 M3U8 bekleniyor (max 8s)...
2026-05-24 03:55:05,678 [INFO]   ❌ Tivibu Spor 2: M3U8 bulunamadı
2026-05-24 03:55:06,678 [INFO] 
[12/13]
2026-05-24 03:55:06,678 [INFO] 
──────────────────────────────────────────────────
2026-05-24 03:55:06,678 [INFO] 🔍 Tivibu Spor 3 → https://atomsportv503.top/matches?id=tivibu-spor-3
2026-05-24 03:55:06,678 [INFO] ──────────────────────────────────────────────────
2026-05-24 03:55:38,510 [INFO]   📡 M3U8 bekleniyor (max 8s)...
2026-05-24 03:55:46,523 [INFO]   ❌ Tivibu Spor 3: M3U8 bulunamadı
2026-05-24 03:55:47,523 [INFO] 
[13/13]
2026-05-24 03:55:47,523 [INFO] 
──────────────────────────────────────────────────
2026-05-24 03:55:47,523 [INFO] 🔍 Tivibu Spor 4 → https://atomsportv503.top/matches?id=tivibu-spor-4
2026-05-24 03:55:47,523 [INFO] ──────────────────────────────────────────────────
2026-05-24 03:56:19,381 [INFO]   📡 M3U8 bekleniyor (max 8s)...
2026-05-24 03:56:27,393 [INFO]   ❌ Tivibu Spor 4: M3U8 bulunamadı
2026-05-24 03:56:28,459 [INFO] 🔒 Driver kapatıldı
2026-05-24 03:56:28,459 [INFO] 
=======================================================
2026-05-24 03:56:28,459 [INFO] 🏁 Tamamlandı!
2026-05-24 03:56:28,460 [INFO] 📺 Kanal : 1/13
2026-05-24 03:56:28,460 [INFO] ⏱️  Süre  : 526.5s
2026-05-24 03:56:28,460 [INFO] =======================================================
2026-05-24 03:56:28,460 [INFO] ✅ playlist.m3u kaydedildi (proxy prefix'li)
2026-05-24 03:56:28,460 [INFO] ✅ stats.json kaydedildi
