2026-05-31 17:08:31,255 [INFO] 🌐 BASE_URL: https://atomsportv505.top
2026-05-31 17:08:32,385 [INFO] Başlanıyor... 14 kanal taranacak
2026-05-31 17:08:32,385 [INFO] Using default request storage
2026-05-31 17:08:32,389 [INFO] Created proxy listening on 127.0.0.1:33075
2026-05-31 17:08:33,049 [INFO] Capturing request: http://clients2.google.com/time/1/current?cup2key=10:Pbdw0D8V4nWIh5DriCvWB7fS9wwYMZicI-lBIUSfi7g&cup2hreq=e3b0c44298fc1c149afbf4c8996fb92427ae41e4649b934ca495991b7852b855
2026-05-31 17:08:33,086 [INFO] Capturing response: http://clients2.google.com/time/1/current?cup2key=10:Pbdw0D8V4nWIh5DriCvWB7fS9wwYMZicI-lBIUSfi7g&cup2hreq=e3b0c44298fc1c149afbf4c8996fb92427ae41e4649b934ca495991b7852b855 200 OK
2026-05-31 17:08:33,165 [INFO] 
[1/14]
2026-05-31 17:08:33,166 [INFO] 🔍 beIN Sports 1 → https://atomsportv505.top/matches?id=bein-sports-1
2026-05-31 17:08:33,224 [INFO] Capturing request: https://accounts.google.com/ListAccounts?gpsia=1&source=ChromiumBrowser&json=standard&laf=b64bin
2026-05-31 17:08:33,345 [INFO] Capturing response: https://accounts.google.com/ListAccounts?gpsia=1&source=ChromiumBrowser&json=standard&laf=b64bin 200 
2026-05-31 17:08:33,347 [INFO] Capturing request: https://atomsportv505.top/matches?id=bein-sports-1
2026-05-31 17:08:33,451 [INFO] Capturing response: https://atomsportv505.top/matches?id=bein-sports-1 200 
2026-05-31 17:08:33,643 [INFO] Capturing request: https://atomsportv505.top/assets/js/clappr.js
2026-05-31 17:08:33,649 [INFO] Capturing request: https://www.google.com/async/folae?async=_fmt:pb&udm=50&client_locale=en-US
2026-05-31 17:08:33,679 [INFO] Capturing response: https://www.google.com/async/folae?async=_fmt:pb&udm=50&client_locale=en-US 200 
2026-05-31 17:08:33,693 [INFO] Capturing response: https://atomsportv505.top/assets/js/clappr.js 200 
2026-05-31 17:08:33,759 [INFO] Capturing request: https://cdn.jsdelivr.net/npm/@clappr/player@latest/dist/clappr.min.js
2026-05-31 17:08:33,759 [INFO] Capturing request: https://cdnjs.cloudflare.com/ajax/libs/jquery/3.2.1/jquery.min.js
2026-05-31 17:08:33,785 [INFO] Capturing response: https://cdnjs.cloudflare.com/ajax/libs/jquery/3.2.1/jquery.min.js 200 
2026-05-31 17:08:33,806 [INFO] Capturing response: https://cdn.jsdelivr.net/npm/@clappr/player@latest/dist/clappr.min.js 200 
2026-05-31 17:08:33,989 [INFO] Capturing request: https://static.cloudflareinsights.com/beacon.min.js/v833ccba57c9e4d2798f2e76cebdd09a11778172276447
2026-05-31 17:08:34,013 [INFO] Capturing response: https://static.cloudflareinsights.com/beacon.min.js/v833ccba57c9e4d2798f2e76cebdd09a11778172276447 200 
2026-05-31 17:08:34,072 [INFO] Capturing request: https://atomsportv505.top/cdn-cgi/rum?
2026-05-31 17:08:34,176 [INFO] Capturing request: https://atomsportv505.top/favicon.ico
2026-05-31 17:08:34,232 [INFO] Capturing response: https://atomsportv505.top/cdn-cgi/rum? 204 
2026-05-31 17:08:34,236 [INFO] Capturing response: https://atomsportv505.top/favicon.ico 200 
2026-05-31 17:08:34,482 [INFO] Capturing request: https://teletv5.top/load/yayinlink.php?id=bein-sports-1
2026-05-31 17:08:34,589 [INFO] Capturing request: https://streamsport365.com/cinema
2026-05-31 17:08:34,813 [INFO] Capturing response: https://teletv5.top/load/yayinlink.php?id=bein-sports-1 200 
2026-05-31 17:08:34,828 [INFO] Capturing response: https://streamsport365.com/cinema 200 
2026-05-31 17:08:34,984 [INFO] Capturing request: https://atomsportv505.top/assets/img/player_logo_6880e4e4c52ee.png
2026-05-31 17:08:35,039 [INFO] Capturing response: https://atomsportv505.top/assets/img/player_logo_6880e4e4c52ee.png 200 
2026-05-31 17:08:35,095 [INFO] Capturing request: https://hlssssssssssssssssss.yedeklinksa35.workers.dev/https://corestream.ronaldovurdu.help//trt1/tracks-v1a1/mono.m3u8
2026-05-31 17:08:35,320 [INFO] Capturing response: https://hlssssssssssssssssss.yedeklinksa35.workers.dev/https://corestream.ronaldovurdu.help//trt1/tracks-v1a1/mono.m3u8 200 
2026-05-31 17:08:35,579 [INFO] Capturing request: https://ts.yedeklinksa35.workers.dev/trt1/tracks-v1a1/2026/05/31/17/08/26-10000.avif
2026-05-31 17:08:35,938 [INFO] Capturing request: https://android.clients.google.com/checkin
2026-05-31 17:08:36,038 [INFO] Capturing response: https://android.clients.google.com/checkin 200 
2026-05-31 17:08:36,087 [INFO] Capturing request: https://android.clients.google.com/c2dm/register3
2026-05-31 17:08:36,097 [INFO] Capturing request: https://android.clients.google.com/c2dm/register3
2026-05-31 17:08:36,100 [INFO] Capturing request: https://android.clients.google.com/c2dm/register3
2026-05-31 17:08:36,153 [INFO] Capturing response: https://android.clients.google.com/c2dm/register3 301 
2026-05-31 17:08:36,553 [INFO] Capturing response: https://android.clients.google.com/c2dm/register3 200 
2026-05-31 17:08:36,743 [INFO] Capturing response: https://ts.yedeklinksa35.workers.dev/trt1/tracks-v1a1/2026/05/31/17/08/26-10000.avif 200 
2026-05-31 17:08:36,868 [INFO] Capturing response: https://android.clients.google.com/c2dm/register3 200 
2026-05-31 17:08:37,038 [INFO] Capturing request: https://ts.yedeklinksa35.workers.dev/trt1/tracks-v1a1/2026/05/31/17/08/36-10000.avif
2026-05-31 17:08:37,100 [INFO]   ✅ M3U8 bulundu: https://hlssssssssssssssssss.yedeklinksa35.workers.dev/https://corestream.ronaldovurdu.help//trt1/tracks-v1a1/mono.m3u8
2026-05-31 17:08:37,909 [INFO] Capturing response: https://ts.yedeklinksa35.workers.dev/trt1/tracks-v1a1/2026/05/31/17/08/36-10000.avif 200 
2026-05-31 17:08:38,100 [INFO] 
[2/14]
2026-05-31 17:08:38,101 [INFO] 🔍 beIN Sports 2 → https://atomsportv505.top/matches?id=bein-sports-2
2026-05-31 17:08:38,188 [INFO] Capturing request: https://ts.yedeklinksa35.workers.dev/trt1/tracks-v1a1/2026/05/31/17/08/46-10000.avif
2026-05-31 17:08:38,212 [INFO] Capturing request: https://atomsportv505.top/matches?id=bein-sports-2
2026-05-31 17:08:38,263 [INFO] Capturing response: https://atomsportv505.top/matches?id=bein-sports-2 200 
2026-05-31 17:08:38,273 [INFO] Capturing request: https://atomsportv505.top/cdn-cgi/rum?
2026-05-31 17:08:38,313 [INFO] Capturing request: https://streamsport365.com/cinema
2026-05-31 17:08:38,317 [INFO] Capturing request: https://atomsportv505.top/cdn-cgi/rum?
2026-05-31 17:08:38,411 [INFO] Capturing request: https://teletv5.top/load/yayinlink.php?id=bein-sports-2
2026-05-31 17:08:38,418 [INFO] Capturing request: https://atomsportv505.top/favicon.ico
2026-05-31 17:08:38,429 [INFO] Capturing response: https://atomsportv505.top/cdn-cgi/rum? 204 
2026-05-31 17:08:38,431 [INFO] Capturing response: https://atomsportv505.top/cdn-cgi/rum? 204 
2026-05-31 17:08:38,454 [INFO] Capturing response: https://atomsportv505.top/favicon.ico 200 
2026-05-31 17:08:38,550 [INFO] Capturing response: https://streamsport365.com/cinema 200 
2026-05-31 17:08:38,573 [INFO] Capturing response: https://teletv5.top/load/yayinlink.php?id=bein-sports-2 200 
2026-05-31 17:08:38,697 [INFO] Capturing request: https://hlssssssssssssssssss.yedeklinksa35.workers.dev/https://corestream.ronaldovurdu.help//bein2/tracks-v1a1/mono.m3u8
2026-05-31 17:08:38,927 [INFO] Capturing response: https://hlssssssssssssssssss.yedeklinksa35.workers.dev/https://corestream.ronaldovurdu.help//bein2/tracks-v1a1/mono.m3u8 200 
2026-05-31 17:08:39,040 [INFO] Capturing request: https://ts.yedeklinksa35.workers.dev/bein2/tracks-v1a1/2026/05/31/17/08/41-05000.avif
2026-05-31 17:08:39,128 [INFO] Capturing response: https://ts.yedeklinksa35.workers.dev/trt1/tracks-v1a1/2026/05/31/17/08/46-10000.avif 200 
2026-05-31 17:08:39,494 [INFO] Capturing response: https://ts.yedeklinksa35.workers.dev/bein2/tracks-v1a1/2026/05/31/17/08/41-05000.avif 200 
2026-05-31 17:08:39,659 [INFO] Capturing request: https://ts.yedeklinksa35.workers.dev/bein2/tracks-v1a1/2026/05/31/17/08/46-05000.avif
2026-05-31 17:08:40,029 [INFO] Capturing response: https://ts.yedeklinksa35.workers.dev/bein2/tracks-v1a1/2026/05/31/17/08/46-05000.avif 200 
2026-05-31 17:08:40,225 [INFO] Capturing request: https://ts.yedeklinksa35.workers.dev/bein2/tracks-v1a1/2026/05/31/17/08/51-05000.avif
2026-05-31 17:08:40,606 [INFO] Capturing response: https://ts.yedeklinksa35.workers.dev/bein2/tracks-v1a1/2026/05/31/17/08/51-05000.avif 200 
2026-05-31 17:08:41,330 [INFO]   ✅ M3U8 bulundu: https://hlssssssssssssssssss.yedeklinksa35.workers.dev/https://corestream.ronaldovurdu.help//bein2/tracks-v1a1/mono.m3u8
2026-05-31 17:08:42,331 [INFO] 
[3/14]
2026-05-31 17:08:42,331 [INFO] 🔍 beIN Sports 3 → https://atomsportv505.top/matches?id=bein-sports-3
2026-05-31 17:08:42,444 [INFO] Capturing request: https://atomsportv505.top/matches?id=bein-sports-3
2026-05-31 17:08:42,483 [INFO] Capturing response: https://atomsportv505.top/matches?id=bein-sports-3 200 
2026-05-31 17:08:42,496 [INFO] Capturing request: https://atomsportv505.top/cdn-cgi/rum?
2026-05-31 17:08:42,520 [INFO] Capturing request: https://atomsportv505.top/cdn-cgi/rum?
2026-05-31 17:08:42,619 [INFO] Capturing request: https://teletv5.top/load/yayinlink.php?id=bein-sports-3
2026-05-31 17:08:42,621 [INFO] Capturing request: https://atomsportv505.top/favicon.ico
2026-05-31 17:08:42,633 [INFO] Capturing response: https://atomsportv505.top/cdn-cgi/rum? 204 
2026-05-31 17:08:42,636 [INFO] Capturing response: https://atomsportv505.top/cdn-cgi/rum? 204 
2026-05-31 17:08:42,656 [INFO] Capturing response: https://atomsportv505.top/favicon.ico 200 
2026-05-31 17:08:42,712 [INFO] Capturing request: https://streamsport365.com/cinema
2026-05-31 17:08:42,778 [INFO] Capturing response: https://teletv5.top/load/yayinlink.php?id=bein-sports-3 200 
2026-05-31 17:08:42,946 [INFO] Capturing response: https://streamsport365.com/cinema 200 
2026-05-31 17:08:57,622 [INFO] Capturing request: https://android.clients.google.com/c2dm/register3
2026-05-31 17:08:57,683 [INFO] Capturing response: https://android.clients.google.com/c2dm/register3 301 
2026-05-31 17:09:15,834 [WARNING]   ❌ beIN Sports 3 için M3U8 bulunamadı
2026-05-31 17:09:16,834 [INFO] 
[4/14]
2026-05-31 17:09:16,834 [INFO] 🔍 beIN Sports 4 → https://atomsportv505.top/matches?id=bein-sports-4
2026-05-31 17:09:16,944 [INFO] Capturing request: https://atomsportv505.top/matches?id=bein-sports-4
2026-05-31 17:09:17,406 [INFO] Capturing response: https://atomsportv505.top/matches?id=bein-sports-4 200 
2026-05-31 17:09:17,417 [INFO] Capturing request: https://atomsportv505.top/cdn-cgi/rum?
2026-05-31 17:09:17,446 [INFO] Capturing request: https://atomsportv505.top/cdn-cgi/rum?
2026-05-31 17:09:17,534 [INFO] Capturing response: https://atomsportv505.top/cdn-cgi/rum? 204 
2026-05-31 17:09:17,542 [INFO] Capturing request: https://teletv5.top/load/yayinlink.php?id=bein-sports-4
2026-05-31 17:09:17,548 [INFO] Capturing request: https://atomsportv505.top/favicon.ico
2026-05-31 17:09:17,586 [INFO] Capturing response: https://atomsportv505.top/favicon.ico 200 
2026-05-31 17:09:17,603 [INFO] Capturing response: https://atomsportv505.top/cdn-cgi/rum? 204 
2026-05-31 17:09:17,639 [INFO] Capturing request: https://streamsport365.com/cinema
2026-05-31 17:09:17,704 [INFO] Capturing response: https://teletv5.top/load/yayinlink.php?id=bein-sports-4 200 
2026-05-31 17:09:17,873 [INFO] Capturing response: https://streamsport365.com/cinema 200 
2026-05-31 17:09:33,121 [INFO] Capturing request: https://update.googleapis.com/service/update2/json?cup2key=16:b0sWAJZEiAypoy9zTxB8pDge_kWiOV6WiAEnsBvUq5Y&cup2hreq=ed8c4a8a24459c96e7f7968f60ed40f17e88afc0cf61bdb4af025edef87c03ee
2026-05-31 17:09:33,156 [INFO] Capturing response: https://update.googleapis.com/service/update2/json?cup2key=16:b0sWAJZEiAypoy9zTxB8pDge_kWiOV6WiAEnsBvUq5Y&cup2hreq=ed8c4a8a24459c96e7f7968f60ed40f17e88afc0cf61bdb4af025edef87c03ee 200 
2026-05-31 17:09:33,164 [INFO] Capturing request: http://edgedl.me.gvt1.com/edgedl/diffgen-puffin/gcmjkmgdlgnkkcocmoeiminaijmmjnii/71d926df14cb4c89c6f8f88e6c0bfcf6fe1e1a256ca7f8db04002a111af4c5b0
2026-05-31 17:09:33,208 [INFO] Capturing response: http://edgedl.me.gvt1.com/edgedl/diffgen-puffin/gcmjkmgdlgnkkcocmoeiminaijmmjnii/71d926df14cb4c89c6f8f88e6c0bfcf6fe1e1a256ca7f8db04002a111af4c5b0 200 OK
2026-05-31 17:09:33,236 [INFO] Capturing request: https://update.googleapis.com/service/update2/json
2026-05-31 17:09:33,267 [INFO] Capturing response: https://update.googleapis.com/service/update2/json 200 
2026-05-31 17:09:33,312 [INFO] Capturing request: http://edgedl.me.gvt1.com/edgedl/release2/chrome_component/kpdm7uy5ijtbqtrjx7o57g24a4_10558/hfnkpimlhhgieaddgfemjhofmfblmnib_10558_all_kuz4egg6zmkbm6gb7eizcs6v5i.crx3
2026-05-31 17:09:33,359 [INFO] Capturing response: http://edgedl.me.gvt1.com/edgedl/release2/chrome_component/kpdm7uy5ijtbqtrjx7o57g24a4_10558/hfnkpimlhhgieaddgfemjhofmfblmnib_10558_all_kuz4egg6zmkbm6gb7eizcs6v5i.crx3 200 OK
2026-05-31 17:09:33,395 [INFO] Capturing request: https://update.googleapis.com/service/update2/json
2026-05-31 17:09:33,421 [INFO] Capturing response: https://update.googleapis.com/service/update2/json 200 
2026-05-31 17:09:50,741 [WARNING]   ❌ beIN Sports 4 için M3U8 bulunamadı
2026-05-31 17:09:51,478 [INFO] Capturing request: https://android.clients.google.com/c2dm/register3
2026-05-31 17:09:51,525 [INFO] Capturing response: https://android.clients.google.com/c2dm/register3 301 
2026-05-31 17:09:51,742 [INFO] 
[5/14]
2026-05-31 17:09:51,742 [INFO] 🔍 beIN Sports 5 → https://atomsportv505.top/matches?id=bein-sports-5
2026-05-31 17:09:51,901 [INFO] Capturing request: https://atomsportv505.top/matches?id=bein-sports-5
2026-05-31 17:09:51,905 [INFO] Capturing request: https://atomsportv505.top/assets/js/clappr.js
2026-05-31 17:09:51,932 [INFO] Capturing response: https://atomsportv505.top/assets/js/clappr.js 200 
2026-05-31 17:09:52,450 [INFO] Capturing response: https://atomsportv505.top/matches?id=bein-sports-5 200 
2026-05-31 17:09:52,459 [INFO] Capturing request: https://atomsportv505.top/cdn-cgi/rum?
2026-05-31 17:09:52,486 [INFO] Capturing request: https://atomsportv505.top/cdn-cgi/rum?
2026-05-31 17:09:52,592 [INFO] Capturing request: https://atomsportv505.top/favicon.ico
2026-05-31 17:09:52,600 [INFO] Capturing response: https://atomsportv505.top/cdn-cgi/rum? 204 
2026-05-31 17:09:52,604 [INFO] Capturing response: https://atomsportv505.top/cdn-cgi/rum? 204 
2026-05-31 17:09:52,637 [INFO] Capturing request: https://teletv5.top/load/yayinlink.php?id=bein-sports-5
2026-05-31 17:09:52,730 [INFO] Capturing response: https://atomsportv505.top/favicon.ico 200 
2026-05-31 17:09:52,989 [INFO] Capturing request: https://streamsport365.com/cinema
2026-05-31 17:09:52,995 [INFO] Capturing response: https://teletv5.top/load/yayinlink.php?id=bein-sports-5 200 
2026-05-31 17:09:53,234 [INFO] Capturing response: https://streamsport365.com/cinema 200 
2026-05-31 17:10:25,765 [WARNING]   ❌ beIN Sports 5 için M3U8 bulunamadı
2026-05-31 17:10:26,765 [INFO] 
[6/14]
2026-05-31 17:10:26,765 [INFO] 🔍 beIN Sports Max 1 → https://atomsportv505.top/matches?id=bein-sports-max-1
2026-05-31 17:10:26,874 [INFO] Capturing request: https://atomsportv505.top/assets/js/clappr.js
2026-05-31 17:10:26,876 [INFO] Capturing request: https://atomsportv505.top/matches?id=bein-sports-max-1
2026-05-31 17:10:26,894 [INFO] Capturing response: https://atomsportv505.top/assets/js/clappr.js 200 
2026-05-31 17:10:27,124 [INFO] Capturing response: https://atomsportv505.top/matches?id=bein-sports-max-1 200 
2026-05-31 17:10:27,134 [INFO] Capturing request: https://atomsportv505.top/cdn-cgi/rum?
2026-05-31 17:10:27,165 [INFO] Capturing request: https://atomsportv505.top/cdn-cgi/rum?
2026-05-31 17:10:27,249 [INFO] Capturing response: https://atomsportv505.top/cdn-cgi/rum? 204 
2026-05-31 17:10:27,263 [INFO] Capturing request: https://teletv5.top/load/yayinlink.php?id=bein-sports-max-1
2026-05-31 17:10:27,268 [INFO] Capturing request: https://atomsportv505.top/favicon.ico
2026-05-31 17:10:27,315 [INFO] Capturing response: https://atomsportv505.top/favicon.ico 200 
2026-05-31 17:10:27,323 [INFO] Capturing response: https://atomsportv505.top/cdn-cgi/rum? 204 
2026-05-31 17:10:27,357 [INFO] Capturing request: https://streamsport365.com/cinema
2026-05-31 17:10:27,426 [INFO] Capturing response: https://teletv5.top/load/yayinlink.php?id=bein-sports-max-1 200 
2026-05-31 17:10:27,599 [INFO] Capturing response: https://streamsport365.com/cinema 200 
2026-05-31 17:11:00,439 [WARNING]   ❌ beIN Sports Max 1 için M3U8 bulunamadı
2026-05-31 17:11:01,439 [INFO] 
[7/14]
2026-05-31 17:11:01,439 [INFO] 🔍 beIN Sports Max 2 → https://atomsportv505.top/matches?id=bein-sports-max-2
2026-05-31 17:11:01,547 [INFO] Capturing request: https://atomsportv505.top/assets/js/clappr.js
2026-05-31 17:11:01,550 [INFO] Capturing request: https://atomsportv505.top/matches?id=bein-sports-max-2
2026-05-31 17:11:01,569 [INFO] Capturing response: https://atomsportv505.top/assets/js/clappr.js 200 
2026-05-31 17:11:01,801 [INFO] Capturing response: https://atomsportv505.top/matches?id=bein-sports-max-2 200 
2026-05-31 17:11:01,811 [INFO] Capturing request: https://atomsportv505.top/cdn-cgi/rum?
2026-05-31 17:11:01,846 [INFO] Capturing request: https://atomsportv505.top/cdn-cgi/rum?
2026-05-31 17:11:01,927 [INFO] Capturing response: https://atomsportv505.top/cdn-cgi/rum? 204 
2026-05-31 17:11:01,940 [INFO] Capturing request: https://teletv5.top/load/yayinlink.php?id=bein-sports-max-2
2026-05-31 17:11:01,947 [INFO] Capturing request: https://atomsportv505.top/favicon.ico
2026-05-31 17:11:01,983 [INFO] Capturing response: https://atomsportv505.top/favicon.ico 200 
2026-05-31 17:11:02,003 [INFO] Capturing response: https://atomsportv505.top/cdn-cgi/rum? 204 
2026-05-31 17:11:02,033 [INFO] Capturing request: https://streamsport365.com/cinema
2026-05-31 17:11:02,143 [INFO] Capturing response: https://teletv5.top/load/yayinlink.php?id=bein-sports-max-2 200 
2026-05-31 17:11:02,276 [INFO] Capturing response: https://streamsport365.com/cinema 200 
2026-05-31 17:11:35,124 [WARNING]   ❌ beIN Sports Max 2 için M3U8 bulunamadı
2026-05-31 17:11:36,125 [INFO] 
[8/14]
2026-05-31 17:11:36,125 [INFO] 🔍 S Sport → https://atomsportv505.top/matches?id=s-sport
2026-05-31 17:11:36,233 [INFO] Capturing request: https://atomsportv505.top/assets/js/clappr.js
2026-05-31 17:11:36,235 [INFO] Capturing request: https://atomsportv505.top/matches?id=s-sport
2026-05-31 17:11:36,258 [INFO] Capturing response: https://atomsportv505.top/assets/js/clappr.js 200 
2026-05-31 17:11:36,551 [INFO] Capturing response: https://atomsportv505.top/matches?id=s-sport 200 
2026-05-31 17:11:36,560 [INFO] Capturing request: https://atomsportv505.top/cdn-cgi/rum?
2026-05-31 17:11:36,585 [INFO] Capturing request: https://atomsportv505.top/cdn-cgi/rum?
2026-05-31 17:11:36,678 [INFO] Capturing response: https://atomsportv505.top/cdn-cgi/rum? 204 
2026-05-31 17:11:36,685 [INFO] Capturing request: https://teletv5.top/load/yayinlink.php?id=s-sport
2026-05-31 17:11:36,689 [INFO] Capturing request: https://atomsportv505.top/favicon.ico
2026-05-31 17:11:36,726 [INFO] Capturing response: https://atomsportv505.top/favicon.ico 200 
2026-05-31 17:11:36,742 [INFO] Capturing response: https://atomsportv505.top/cdn-cgi/rum? 204 
2026-05-31 17:11:36,777 [INFO] Capturing request: https://streamsport365.com/cinema
2026-05-31 17:11:36,844 [INFO] Capturing response: https://teletv5.top/load/yayinlink.php?id=s-sport 200 
2026-05-31 17:11:37,017 [INFO] Capturing response: https://streamsport365.com/cinema 200 
2026-05-31 17:11:37,178 [INFO] Capturing request: https://hlssssssssssssssssss.yedeklinksa35.workers.dev/https://corestream.ronaldovurdu.help//s-sportt/tracks-v1a1/mono.m3u8
2026-05-31 17:11:37,421 [INFO] Capturing response: https://hlssssssssssssssssss.yedeklinksa35.workers.dev/https://corestream.ronaldovurdu.help//s-sportt/tracks-v1a1/mono.m3u8 200 
2026-05-31 17:11:37,613 [INFO] Capturing request: https://ts.yedeklinksa35.workers.dev/s-sportt/tracks-v1a1/2026/05/31/17/11/49-06480.avif
2026-05-31 17:11:38,129 [INFO] Capturing response: https://ts.yedeklinksa35.workers.dev/s-sportt/tracks-v1a1/2026/05/31/17/11/49-06480.avif 200 
2026-05-31 17:11:38,357 [INFO] Capturing request: https://ts.yedeklinksa35.workers.dev/s-sportt/tracks-v1a1/2026/05/31/17/11/56-05780.avif
2026-05-31 17:11:38,724 [INFO] Capturing response: https://ts.yedeklinksa35.workers.dev/s-sportt/tracks-v1a1/2026/05/31/17/11/56-05780.avif 200 
2026-05-31 17:11:38,914 [INFO] Capturing request: https://ts.yedeklinksa35.workers.dev/s-sportt/tracks-v1a1/2026/05/31/17/12/02-09700.avif
2026-05-31 17:11:39,483 [INFO] Capturing request: https://android.clients.google.com/c2dm/register3
2026-05-31 17:11:39,547 [INFO] Capturing response: https://android.clients.google.com/c2dm/register3 301 
2026-05-31 17:11:39,575 [INFO] Capturing response: https://ts.yedeklinksa35.workers.dev/s-sportt/tracks-v1a1/2026/05/31/17/12/02-09700.avif 200 
2026-05-31 17:11:39,634 [INFO]   ✅ M3U8 bulundu: https://hlssssssssssssssssss.yedeklinksa35.workers.dev/https://corestream.ronaldovurdu.help//s-sportt/tracks-v1a1/mono.m3u8
2026-05-31 17:11:39,820 [INFO] Capturing request: https://ts.yedeklinksa35.workers.dev/s-sportt/tracks-v1a1/2026/05/31/17/12/11-06700.avif
2026-05-31 17:11:40,472 [INFO] Capturing response: https://ts.yedeklinksa35.workers.dev/s-sportt/tracks-v1a1/2026/05/31/17/12/11-06700.avif 200 
2026-05-31 17:11:40,635 [INFO] 
[9/14]
2026-05-31 17:11:40,635 [INFO] 🔍 S Sport 2 → https://atomsportv505.top/matches?id=s-sport-2
2026-05-31 17:11:40,749 [INFO] Capturing request: https://atomsportv505.top/assets/js/clappr.js
2026-05-31 17:11:40,750 [INFO] Capturing request: https://atomsportv505.top/matches?id=s-sport-2
2026-05-31 17:11:40,770 [INFO] Capturing response: https://atomsportv505.top/assets/js/clappr.js 200 
2026-05-31 17:11:40,804 [INFO] Capturing response: https://atomsportv505.top/matches?id=s-sport-2 200 
2026-05-31 17:11:40,816 [INFO] Capturing request: https://atomsportv505.top/cdn-cgi/rum?
2026-05-31 17:11:40,847 [INFO] Capturing request: https://streamsport365.com/cinema
2026-05-31 17:11:40,860 [INFO] Capturing request: https://atomsportv505.top/cdn-cgi/rum?
2026-05-31 17:11:40,944 [INFO] Capturing request: https://teletv5.top/load/yayinlink.php?id=s-sport-2
2026-05-31 17:11:40,962 [INFO] Capturing request: https://atomsportv505.top/favicon.ico
2026-05-31 17:11:40,970 [INFO] Capturing response: https://atomsportv505.top/cdn-cgi/rum? 204 
2026-05-31 17:11:40,972 [INFO] Capturing response: https://atomsportv505.top/cdn-cgi/rum? 204 
2026-05-31 17:11:40,993 [INFO] Capturing response: https://atomsportv505.top/favicon.ico 200 
2026-05-31 17:11:41,098 [INFO] Capturing response: https://streamsport365.com/cinema 200 
2026-05-31 17:11:41,101 [INFO] Capturing response: https://teletv5.top/load/yayinlink.php?id=s-sport-2 200 
2026-05-31 17:11:41,261 [INFO] Capturing request: https://hlssssssssssssssssss.yedeklinksa35.workers.dev/https://corestream.ronaldovurdu.help//s-sport2/tracks-v1a1/mono.m3u8
2026-05-31 17:11:41,406 [INFO] Capturing response: https://hlssssssssssssssssss.yedeklinksa35.workers.dev/https://corestream.ronaldovurdu.help//s-sport2/tracks-v1a1/mono.m3u8 200 
2026-05-31 17:11:41,516 [INFO] Capturing request: https://ts.yedeklinksa35.workers.dev/s-sport2/tracks-v1a1/2026/05/31/17/12/12-10000.avif
2026-05-31 17:11:42,278 [INFO] Capturing response: https://ts.yedeklinksa35.workers.dev/s-sport2/tracks-v1a1/2026/05/31/17/12/12-10000.avif 200 
2026-05-31 17:11:42,538 [INFO] Capturing request: https://ts.yedeklinksa35.workers.dev/s-sport2/tracks-v1a1/2026/05/31/17/12/22-10000.avif
2026-05-31 17:11:43,256 [INFO] Capturing response: https://ts.yedeklinksa35.workers.dev/s-sport2/tracks-v1a1/2026/05/31/17/12/22-10000.avif 200 
2026-05-31 17:11:43,508 [INFO] Capturing request: https://ts.yedeklinksa35.workers.dev/s-sport2/tracks-v1a1/2026/05/31/17/12/32-10000.avif
2026-05-31 17:11:43,877 [INFO]   ✅ M3U8 bulundu: https://hlssssssssssssssssss.yedeklinksa35.workers.dev/https://corestream.ronaldovurdu.help//s-sport2/tracks-v1a1/mono.m3u8
2026-05-31 17:11:44,610 [INFO] Capturing response: https://ts.yedeklinksa35.workers.dev/s-sport2/tracks-v1a1/2026/05/31/17/12/32-10000.avif 200 
2026-05-31 17:11:44,878 [INFO] 
[10/14]
2026-05-31 17:11:44,878 [INFO] 🔍 A Spor → https://atomsportv505.top/matches?id=a-spor
2026-05-31 17:11:44,990 [INFO] Capturing request: https://atomsportv505.top/assets/js/clappr.js
2026-05-31 17:11:44,991 [INFO] Capturing request: https://atomsportv505.top/matches?id=a-spor
2026-05-31 17:11:45,010 [INFO] Capturing response: https://atomsportv505.top/assets/js/clappr.js 200 
2026-05-31 17:11:45,073 [INFO] Capturing response: https://atomsportv505.top/matches?id=a-spor 200 
2026-05-31 17:11:45,083 [INFO] Capturing request: https://atomsportv505.top/cdn-cgi/rum?
2026-05-31 17:11:45,109 [INFO] Capturing request: https://atomsportv505.top/cdn-cgi/rum?
2026-05-31 17:11:45,199 [INFO] Capturing response: https://atomsportv505.top/cdn-cgi/rum? 204 
2026-05-31 17:11:45,207 [INFO] Capturing request: https://teletv5.top/load/yayinlink.php?id=a-spor
2026-05-31 17:11:45,215 [INFO] Capturing request: https://atomsportv505.top/favicon.ico
2026-05-31 17:11:45,245 [INFO] Capturing response: https://atomsportv505.top/favicon.ico 200 
2026-05-31 17:11:45,269 [INFO] Capturing response: https://atomsportv505.top/cdn-cgi/rum? 204 
2026-05-31 17:11:45,300 [INFO] Capturing request: https://streamsport365.com/cinema
2026-05-31 17:11:45,536 [INFO] Capturing response: https://streamsport365.com/cinema 200 
2026-05-31 17:11:45,635 [INFO] Capturing response: https://teletv5.top/load/yayinlink.php?id=a-spor 200 
2026-05-31 17:11:45,754 [INFO] Capturing request: https://hlssssssssssssssssss.yedeklinksa35.workers.dev/https://corestream.ronaldovurdu.help//aspor/tracks-v1a1/mono.m3u8
2026-05-31 17:11:45,895 [INFO] Capturing response: https://hlssssssssssssssssss.yedeklinksa35.workers.dev/https://corestream.ronaldovurdu.help//aspor/tracks-v1a1/mono.m3u8 404 
2026-05-31 17:11:48,128 [INFO]   ✅ M3U8 bulundu: https://hlssssssssssssssssss.yedeklinksa35.workers.dev/https://corestream.ronaldovurdu.help//aspor/tracks-v1a1/mono.m3u8
2026-05-31 17:11:49,128 [INFO] 
[11/14]
2026-05-31 17:11:49,128 [INFO] 🔍 Tivibu Spor 1 → https://atomsportv505.top/matches?id=tivibu-spor-1
2026-05-31 17:11:49,237 [INFO] Capturing request: https://atomsportv505.top/assets/js/clappr.js
2026-05-31 17:11:49,238 [INFO] Capturing request: https://atomsportv505.top/matches?id=tivibu-spor-1
2026-05-31 17:11:49,260 [INFO] Capturing response: https://atomsportv505.top/assets/js/clappr.js 200 
2026-05-31 17:11:49,290 [INFO] Capturing response: https://atomsportv505.top/matches?id=tivibu-spor-1 200 
2026-05-31 17:11:49,299 [INFO] Capturing request: https://atomsportv505.top/cdn-cgi/rum?
2026-05-31 17:11:49,323 [INFO] Capturing request: https://streamsport365.com/cinema
2026-05-31 17:11:49,335 [INFO] Capturing request: https://atomsportv505.top/cdn-cgi/rum?
2026-05-31 17:11:49,422 [INFO] Capturing request: https://teletv5.top/load/yayinlink.php?id=tivibu-spor-1
2026-05-31 17:11:49,438 [INFO] Capturing request: https://atomsportv505.top/favicon.ico
2026-05-31 17:11:49,451 [INFO] Capturing response: https://atomsportv505.top/cdn-cgi/rum? 204 
2026-05-31 17:11:49,453 [INFO] Capturing response: https://atomsportv505.top/cdn-cgi/rum? 204 
2026-05-31 17:11:49,471 [INFO] Capturing response: https://atomsportv505.top/favicon.ico 200 
2026-05-31 17:11:49,574 [INFO] Capturing response: https://streamsport365.com/cinema 200 
2026-05-31 17:11:49,582 [INFO] Capturing response: https://teletv5.top/load/yayinlink.php?id=tivibu-spor-1 200 
2026-05-31 17:12:22,619 [WARNING]   ❌ Tivibu Spor 1 için M3U8 bulunamadı
2026-05-31 17:12:23,620 [INFO] 
[12/14]
2026-05-31 17:12:23,620 [INFO] 🔍 Tivibu Spor 2 → https://atomsportv505.top/matches?id=tivibu-spor-2
2026-05-31 17:12:23,729 [INFO] Capturing request: https://atomsportv505.top/assets/js/clappr.js
2026-05-31 17:12:23,730 [INFO] Capturing request: https://atomsportv505.top/matches?id=tivibu-spor-2
2026-05-31 17:12:23,747 [INFO] Capturing response: https://atomsportv505.top/assets/js/clappr.js 200 
2026-05-31 17:12:23,982 [INFO] Capturing response: https://atomsportv505.top/matches?id=tivibu-spor-2 200 
2026-05-31 17:12:23,991 [INFO] Capturing request: https://atomsportv505.top/cdn-cgi/rum?
2026-05-31 17:12:24,023 [INFO] Capturing request: https://atomsportv505.top/cdn-cgi/rum?
2026-05-31 17:12:24,107 [INFO] Capturing response: https://atomsportv505.top/cdn-cgi/rum? 204 
2026-05-31 17:12:24,119 [INFO] Capturing request: https://teletv5.top/load/yayinlink.php?id=tivibu-spor-2
2026-05-31 17:12:24,125 [INFO] Capturing request: https://atomsportv505.top/favicon.ico
2026-05-31 17:12:24,168 [INFO] Capturing response: https://atomsportv505.top/favicon.ico 200 
2026-05-31 17:12:24,180 [INFO] Capturing response: https://atomsportv505.top/cdn-cgi/rum? 204 
2026-05-31 17:12:24,214 [INFO] Capturing request: https://streamsport365.com/cinema
2026-05-31 17:12:24,281 [INFO] Capturing response: https://teletv5.top/load/yayinlink.php?id=tivibu-spor-2 200 
2026-05-31 17:12:24,447 [INFO] Capturing response: https://streamsport365.com/cinema 200 
2026-05-31 17:12:57,300 [WARNING]   ❌ Tivibu Spor 2 için M3U8 bulunamadı
2026-05-31 17:12:58,301 [INFO] 
[13/14]
2026-05-31 17:12:58,301 [INFO] 🔍 Tivibu Spor 3 → https://atomsportv505.top/matches?id=tivibu-spor-3
2026-05-31 17:12:58,409 [INFO] Capturing request: https://atomsportv505.top/assets/js/clappr.js
2026-05-31 17:12:58,411 [INFO] Capturing request: https://atomsportv505.top/matches?id=tivibu-spor-3
2026-05-31 17:12:58,429 [INFO] Capturing response: https://atomsportv505.top/assets/js/clappr.js 200 
2026-05-31 17:12:58,663 [INFO] Capturing response: https://atomsportv505.top/matches?id=tivibu-spor-3 200 
2026-05-31 17:12:58,672 [INFO] Capturing request: https://atomsportv505.top/cdn-cgi/rum?
2026-05-31 17:12:58,705 [INFO] Capturing request: https://atomsportv505.top/cdn-cgi/rum?
2026-05-31 17:12:58,788 [INFO] Capturing response: https://atomsportv505.top/cdn-cgi/rum? 204 
2026-05-31 17:12:58,806 [INFO] Capturing request: https://teletv5.top/load/yayinlink.php?id=tivibu-spor-3
2026-05-31 17:12:58,809 [INFO] Capturing request: https://atomsportv505.top/favicon.ico
2026-05-31 17:12:58,845 [INFO] Capturing response: https://atomsportv505.top/favicon.ico 200 
2026-05-31 17:12:58,863 [INFO] Capturing response: https://atomsportv505.top/cdn-cgi/rum? 204 
2026-05-31 17:12:58,899 [INFO] Capturing request: https://streamsport365.com/cinema
2026-05-31 17:12:58,968 [INFO] Capturing response: https://teletv5.top/load/yayinlink.php?id=tivibu-spor-3 200 
2026-05-31 17:12:59,138 [INFO] Capturing response: https://streamsport365.com/cinema 200 
2026-05-31 17:13:31,986 [WARNING]   ❌ Tivibu Spor 3 için M3U8 bulunamadı
2026-05-31 17:13:32,986 [INFO] 
[14/14]
2026-05-31 17:13:32,986 [INFO] 🔍 Tivibu Spor 4 → https://atomsportv505.top/matches?id=tivibu-spor-4
2026-05-31 17:13:33,094 [INFO] Capturing request: https://atomsportv505.top/assets/js/clappr.js
2026-05-31 17:13:33,096 [INFO] Capturing request: https://atomsportv505.top/matches?id=tivibu-spor-4
2026-05-31 17:13:33,114 [INFO] Capturing response: https://atomsportv505.top/assets/js/clappr.js 200 
2026-05-31 17:13:33,339 [INFO] Capturing response: https://atomsportv505.top/matches?id=tivibu-spor-4 200 
2026-05-31 17:13:33,349 [INFO] Capturing request: https://atomsportv505.top/cdn-cgi/rum?
2026-05-31 17:13:33,379 [INFO] Capturing request: https://atomsportv505.top/cdn-cgi/rum?
2026-05-31 17:13:33,465 [INFO] Capturing response: https://atomsportv505.top/cdn-cgi/rum? 204 
2026-05-31 17:13:33,475 [INFO] Capturing request: https://teletv5.top/load/yayinlink.php?id=tivibu-spor-4
2026-05-31 17:13:33,480 [INFO] Capturing request: https://atomsportv505.top/favicon.ico
2026-05-31 17:13:33,514 [INFO] Capturing response: https://atomsportv505.top/favicon.ico 200 
2026-05-31 17:13:33,535 [INFO] Capturing response: https://atomsportv505.top/cdn-cgi/rum? 204 
2026-05-31 17:13:33,573 [INFO] Capturing request: https://streamsport365.com/cinema
2026-05-31 17:13:33,637 [INFO] Capturing response: https://teletv5.top/load/yayinlink.php?id=tivibu-spor-4 200 
2026-05-31 17:13:33,818 [INFO] Capturing response: https://streamsport365.com/cinema 200 
2026-05-31 17:14:06,657 [WARNING]   ❌ Tivibu Spor 4 için M3U8 bulunamadı
2026-05-31 17:14:07,721 [INFO] ✅ 5 kanal bulundu, playlist.m3u kaydedildi
