2026-04-21 02:50:04,701 [INFO] 🔎 Domain aralığı taranıyor: atomsportv490.top - atomsportv520.top
2026-04-21 02:50:06,326 [INFO]   ✅ Aktif domain bulundu: https://atomsportv498.top
2026-04-21 02:50:06,327 [INFO] 🌐 Kullanılan BASE_URL: https://atomsportv498.top
2026-04-21 02:50:09,088 [INFO] ✅ SeleniumWire aktif
2026-04-21 02:50:09,090 [INFO] =======================================================
2026-04-21 02:50:09,090 [INFO]    M3U8 Scraper
2026-04-21 02:50:09,090 [INFO]    Base URL : https://atomsportv498.top
2026-04-21 02:50:09,090 [INFO]    Toplam   : 13 sayfa
2026-04-21 02:50:09,090 [INFO] =======================================================
2026-04-21 02:50:09,090 [INFO] 🔧 Driver başlatılıyor...
2026-04-21 02:50:10,036 [INFO] ✅ Driver başlatıldı
2026-04-21 02:50:10,036 [INFO] 
[1/13]
2026-04-21 02:50:10,036 [INFO] 
──────────────────────────────────────────────────
2026-04-21 02:50:10,036 [INFO] 🔍 beIN Sports 1 → https://atomsportv498.top/matches?id=bein-sports-1
2026-04-21 02:50:10,036 [INFO] ──────────────────────────────────────────────────
2026-04-21 02:50:42,593 [INFO]   📡 M3U8 bekleniyor (max 8s)...
2026-04-21 02:50:42,626 [INFO]   🎯 DOĞRU kanal bulundu: https://hlsssssss.yesbeits.workers.dev/https://corestream.ronaldovurdu.help//hls/bein-sports-11.m3u8
2026-04-21 02:50:42,628 [INFO]   ✅ beIN Sports 1: https://hlsssssss.yesbeits.workers.dev/https://corestream.ronaldovurdu.help//hls/bein-sports-11.m3u8
2026-04-21 02:50:43,629 [INFO] 
[2/13]
2026-04-21 02:50:43,629 [INFO] 
──────────────────────────────────────────────────
2026-04-21 02:50:43,629 [INFO] 🔍 beIN Sports 2 → https://atomsportv498.top/matches?id=bein-sports-2
2026-04-21 02:50:43,629 [INFO] ──────────────────────────────────────────────────
2026-04-21 02:51:15,852 [INFO]   📡 M3U8 bekleniyor (max 8s)...
2026-04-21 02:51:15,865 [INFO]   🎯 DOĞRU kanal bulundu: https://hlsssssss.yesbeits.workers.dev/https://corestream.ronaldovurdu.help//hls/bein-sports-2.m3u8
2026-04-21 02:51:15,866 [INFO]   ✅ beIN Sports 2: https://hlsssssss.yesbeits.workers.dev/https://corestream.ronaldovurdu.help//hls/bein-sports-2.m3u8
2026-04-21 02:51:16,867 [INFO] 
[3/13]
2026-04-21 02:51:16,867 [INFO] 
──────────────────────────────────────────────────
2026-04-21 02:51:16,867 [INFO] 🔍 beIN Sports 3 → https://atomsportv498.top/matches?id=bein-sports-3
2026-04-21 02:51:16,867 [INFO] ──────────────────────────────────────────────────
2026-04-21 02:51:48,810 [INFO]   📡 M3U8 bekleniyor (max 8s)...
2026-04-21 02:51:48,818 [INFO]   🎯 DOĞRU kanal bulundu: https://hlsssssss.yesbeits.workers.dev/https://corestream.ronaldovurdu.help//hls/bein-sports-3.m3u8
2026-04-21 02:51:48,819 [INFO]   ✅ beIN Sports 3: https://hlsssssss.yesbeits.workers.dev/https://corestream.ronaldovurdu.help//hls/bein-sports-3.m3u8
2026-04-21 02:51:49,819 [INFO] 
[4/13]
2026-04-21 02:51:49,819 [INFO] 
──────────────────────────────────────────────────
2026-04-21 02:51:49,819 [INFO] 🔍 beIN Sports 4 → https://atomsportv498.top/matches?id=bein-sports-4
2026-04-21 02:51:49,819 [INFO] ──────────────────────────────────────────────────
2026-04-21 02:52:21,730 [INFO]   📡 M3U8 bekleniyor (max 8s)...
2026-04-21 02:52:21,737 [INFO]   🎯 DOĞRU kanal bulundu: https://hlsssssss.yesbeits.workers.dev/https://corestream.ronaldovurdu.help//hls/bein-sports-4.m3u8
2026-04-21 02:52:21,738 [INFO]   ✅ beIN Sports 4: https://hlsssssss.yesbeits.workers.dev/https://corestream.ronaldovurdu.help//hls/bein-sports-4.m3u8
2026-04-21 02:52:22,738 [INFO] 
[5/13]
2026-04-21 02:52:22,738 [INFO] 
──────────────────────────────────────────────────
2026-04-21 02:52:22,738 [INFO] 🔍 beIN Sports 5 → https://atomsportv498.top/matches?id=bein-sports-5
2026-04-21 02:52:22,738 [INFO] ──────────────────────────────────────────────────
2026-04-21 02:52:54,630 [INFO]   📡 M3U8 bekleniyor (max 8s)...
2026-04-21 02:52:54,632 [INFO]   🎯 DOĞRU kanal bulundu: https://hlsssssss.yesbeits.workers.dev/https://corestream.ronaldovurdu.help//hls/bein-sports-5.m3u8
2026-04-21 02:52:54,632 [INFO]   ✅ beIN Sports 5: https://hlsssssss.yesbeits.workers.dev/https://corestream.ronaldovurdu.help//hls/bein-sports-5.m3u8
2026-04-21 02:52:55,632 [INFO] 
[6/13]
2026-04-21 02:52:55,632 [INFO] 
──────────────────────────────────────────────────
2026-04-21 02:52:55,633 [INFO] 🔍 beIN Sports Max 1 → https://atomsportv498.top/matches?id=bein-sports-max-1
2026-04-21 02:52:55,633 [INFO] ──────────────────────────────────────────────────
2026-04-21 02:53:27,524 [INFO]   📡 M3U8 bekleniyor (max 8s)...
2026-04-21 02:53:27,526 [INFO]   🎯 DOĞRU kanal bulundu: https://hlsssssss.yesbeits.workers.dev/https://corestream.ronaldovurdu.help//hls/bein-sports-max-1.m3u8
2026-04-21 02:53:27,526 [INFO]   ✅ beIN Sports Max 1: https://hlsssssss.yesbeits.workers.dev/https://corestream.ronaldovurdu.help//hls/bein-sports-max-1.m3u8
2026-04-21 02:53:28,526 [INFO] 
[7/13]
2026-04-21 02:53:28,527 [INFO] 
──────────────────────────────────────────────────
2026-04-21 02:53:28,527 [INFO] 🔍 beIN Sports Max 2 → https://atomsportv498.top/matches?id=bein-sports-max-2
2026-04-21 02:53:28,527 [INFO] ──────────────────────────────────────────────────
2026-04-21 02:54:00,423 [INFO]   📡 M3U8 bekleniyor (max 8s)...
2026-04-21 02:54:00,424 [INFO]   🎯 DOĞRU kanal bulundu: https://hlsssssss.yesbeits.workers.dev/https://corestream.ronaldovurdu.help//hls/bein-sports-max-2.m3u8
2026-04-21 02:54:00,424 [INFO]   ✅ beIN Sports Max 2: https://hlsssssss.yesbeits.workers.dev/https://corestream.ronaldovurdu.help//hls/bein-sports-max-2.m3u8
2026-04-21 02:54:01,424 [INFO] 
[8/13]
2026-04-21 02:54:01,424 [INFO] 
──────────────────────────────────────────────────
2026-04-21 02:54:01,425 [INFO] 🔍 S Sport → https://atomsportv498.top/matches?id=s-sport
2026-04-21 02:54:01,425 [INFO] ──────────────────────────────────────────────────
2026-04-21 02:54:33,361 [INFO]   📡 M3U8 bekleniyor (max 8s)...
2026-04-21 02:54:33,374 [INFO]   🎯 DOĞRU kanal bulundu: https://hlsssssss.yesbeits.workers.dev/https://corestream.ronaldovurdu.help//hls/s-sport.m3u8
2026-04-21 02:54:33,375 [INFO]   ✅ S Sport: https://hlsssssss.yesbeits.workers.dev/https://corestream.ronaldovurdu.help//hls/s-sport.m3u8
2026-04-21 02:54:34,376 [INFO] 
[9/13]
2026-04-21 02:54:34,376 [INFO] 
──────────────────────────────────────────────────
2026-04-21 02:54:34,376 [INFO] 🔍 S Sport 2 → https://atomsportv498.top/matches?id=s-sport-2
2026-04-21 02:54:34,376 [INFO] ──────────────────────────────────────────────────
2026-04-21 02:55:06,273 [INFO]   📡 M3U8 bekleniyor (max 8s)...
2026-04-21 02:55:06,287 [INFO]   🎯 DOĞRU kanal bulundu: https://hlsssssss.yesbeits.workers.dev/https://corestream.ronaldovurdu.help//hls/s-sport-2.m3u8
2026-04-21 02:55:06,287 [INFO]   ✅ S Sport 2: https://hlsssssss.yesbeits.workers.dev/https://corestream.ronaldovurdu.help//hls/s-sport-2.m3u8
2026-04-21 02:55:07,287 [INFO] 
[10/13]
2026-04-21 02:55:07,288 [INFO] 
──────────────────────────────────────────────────
2026-04-21 02:55:07,288 [INFO] 🔍 Tivibu Spor 1 → https://atomsportv498.top/matches?id=tivibu-spor-1
2026-04-21 02:55:07,288 [INFO] ──────────────────────────────────────────────────
2026-04-21 02:55:39,181 [INFO]   📡 M3U8 bekleniyor (max 8s)...
2026-04-21 02:55:47,191 [INFO]   ❌ Tivibu Spor 1: M3U8 bulunamadı
2026-04-21 02:55:48,191 [INFO] 
[11/13]
2026-04-21 02:55:48,191 [INFO] 
──────────────────────────────────────────────────
2026-04-21 02:55:48,191 [INFO] 🔍 Tivibu Spor 2 → https://atomsportv498.top/matches?id=tivibu-spor-2
2026-04-21 02:55:48,191 [INFO] ──────────────────────────────────────────────────
2026-04-21 02:56:20,099 [INFO]   📡 M3U8 bekleniyor (max 8s)...
2026-04-21 02:56:28,108 [INFO]   ❌ Tivibu Spor 2: M3U8 bulunamadı
2026-04-21 02:56:29,108 [INFO] 
[12/13]
2026-04-21 02:56:29,108 [INFO] 
──────────────────────────────────────────────────
2026-04-21 02:56:29,108 [INFO] 🔍 Tivibu Spor 3 → https://atomsportv498.top/matches?id=tivibu-spor-3
2026-04-21 02:56:29,108 [INFO] ──────────────────────────────────────────────────
2026-04-21 02:57:00,953 [INFO]   📡 M3U8 bekleniyor (max 8s)...
2026-04-21 02:57:08,961 [INFO]   ❌ Tivibu Spor 3: M3U8 bulunamadı
2026-04-21 02:57:09,962 [INFO] 
[13/13]
2026-04-21 02:57:09,962 [INFO] 
──────────────────────────────────────────────────
2026-04-21 02:57:09,962 [INFO] 🔍 Tivibu Spor 4 → https://atomsportv498.top/matches?id=tivibu-spor-4
2026-04-21 02:57:09,962 [INFO] ──────────────────────────────────────────────────
2026-04-21 02:57:41,816 [INFO]   📡 M3U8 bekleniyor (max 8s)...
2026-04-21 02:57:49,824 [INFO]   ❌ Tivibu Spor 4: M3U8 bulunamadı
2026-04-21 02:57:50,884 [INFO] 🔒 Driver kapatıldı
2026-04-21 02:57:50,884 [INFO] 
=======================================================
2026-04-21 02:57:50,885 [INFO] 🏁 Tamamlandı!
2026-04-21 02:57:50,885 [INFO] 📺 Kanal : 9/13
2026-04-21 02:57:50,885 [INFO] ⏱️  Süre  : 461.8s
2026-04-21 02:57:50,885 [INFO] =======================================================
2026-04-21 02:57:50,885 [INFO] ✅ playlist.m3u kaydedildi
2026-04-21 02:57:50,885 [INFO] ✅ stats.json kaydedildi
