2026-06-24 19:49:30,090 [INFO] 🌐 BASE_URL: https://atomsportv508.top
2026-06-24 19:49:31,115 [INFO] Başlanıyor... 14 kanal taranacak
2026-06-24 19:49:31,115 [INFO] Using default request storage
2026-06-24 19:49:31,119 [INFO] Created proxy listening on 127.0.0.1:32881
2026-06-24 19:49:31,788 [INFO] Capturing request: http://clients2.google.com/time/1/current?cup2key=10:8WELkDJCujB_GlDH8pJGSlLg4f8bn9UXrXGbmS346ZY&cup2hreq=e3b0c44298fc1c149afbf4c8996fb92427ae41e4649b934ca495991b7852b855
2026-06-24 19:49:31,856 [INFO] Capturing response: http://clients2.google.com/time/1/current?cup2key=10:8WELkDJCujB_GlDH8pJGSlLg4f8bn9UXrXGbmS346ZY&cup2hreq=e3b0c44298fc1c149afbf4c8996fb92427ae41e4649b934ca495991b7852b855 200 OK
2026-06-24 19:49:31,957 [INFO] 
[1/14]
2026-06-24 19:49:31,957 [INFO] 🔍 beIN Sports 1 → https://atomsportv508.top/matches?id=bein-sports-1
2026-06-24 19:49:32,062 [INFO] Capturing request: https://accounts.google.com/ListAccounts?gpsia=1&source=ChromiumBrowser&json=standard&laf=b64bin
2026-06-24 19:49:32,070 [INFO] Capturing request: https://update.googleapis.com/service/update2/json?cup2key=16:5hU8OLKe4Q82KM-Z0CV3ibn_gBEGzz6D_lhDRzZ6TMY&cup2hreq=e07af2a5f744ae9d23787242433d5b55db2192e1b554fcd17555406bdba93be3
2026-06-24 19:49:32,150 [INFO] Capturing response: https://update.googleapis.com/service/update2/json?cup2key=16:5hU8OLKe4Q82KM-Z0CV3ibn_gBEGzz6D_lhDRzZ6TMY&cup2hreq=e07af2a5f744ae9d23787242433d5b55db2192e1b554fcd17555406bdba93be3 200 
2026-06-24 19:49:32,164 [INFO] Capturing request: https://atomsportv508.top/matches?id=bein-sports-1
2026-06-24 19:49:32,172 [INFO] Capturing response: https://accounts.google.com/ListAccounts?gpsia=1&source=ChromiumBrowser&json=standard&laf=b64bin 200 
2026-06-24 19:49:32,195 [INFO] Capturing request: https://update.googleapis.com/service/update2/json?cup2key=16:qyyAacteuBH62iAjREoE4k3vb1diwaaY0GuL6yGnf6Y&cup2hreq=d39d91b2b58a54b90a859140c0cd5b2f068b8200b5bc85c1e47ab231db84e70d
2026-06-24 19:49:32,255 [INFO] Capturing response: https://update.googleapis.com/service/update2/json?cup2key=16:qyyAacteuBH62iAjREoE4k3vb1diwaaY0GuL6yGnf6Y&cup2hreq=d39d91b2b58a54b90a859140c0cd5b2f068b8200b5bc85c1e47ab231db84e70d 200 
2026-06-24 19:49:32,361 [INFO] Capturing response: https://atomsportv508.top/matches?id=bein-sports-1 200 
2026-06-24 19:49:32,491 [INFO] Capturing request: https://www.google.com/async/folae?async=_fmt:pb&udm=50&client_locale=en-US&client_country=ZZ
2026-06-24 19:49:32,515 [INFO] Capturing request: https://atomsportv508.top/assets/js/clappr.js
2026-06-24 19:49:32,525 [INFO] Capturing response: https://www.google.com/async/folae?async=_fmt:pb&udm=50&client_locale=en-US&client_country=ZZ 200 
2026-06-24 19:49:32,575 [INFO] Capturing response: https://atomsportv508.top/assets/js/clappr.js 200 
2026-06-24 19:49:32,617 [INFO] Capturing request: https://cdn.jsdelivr.net/npm/@clappr/player@latest/dist/clappr.min.js
2026-06-24 19:49:32,619 [INFO] Capturing request: https://cdnjs.cloudflare.com/ajax/libs/jquery/3.2.1/jquery.min.js
2026-06-24 19:49:32,658 [INFO] Capturing response: https://cdnjs.cloudflare.com/ajax/libs/jquery/3.2.1/jquery.min.js 200 
2026-06-24 19:49:32,749 [INFO] Capturing response: https://cdn.jsdelivr.net/npm/@clappr/player@latest/dist/clappr.min.js 200 
2026-06-24 19:49:32,912 [INFO] Capturing request: https://static.cloudflareinsights.com/beacon.min.js/v833ccba57c9e4d2798f2e76cebdd09a11778172276447
2026-06-24 19:49:32,950 [INFO] Capturing response: https://static.cloudflareinsights.com/beacon.min.js/v833ccba57c9e4d2798f2e76cebdd09a11778172276447 200 
2026-06-24 19:49:33,007 [INFO] Capturing request: https://atomsportv508.top/cdn-cgi/rum?
2026-06-24 19:49:33,110 [INFO] Capturing request: https://atomsportv508.top/favicon.ico
2026-06-24 19:49:33,197 [INFO] Capturing response: https://atomsportv508.top/cdn-cgi/rum? 204 
2026-06-24 19:49:33,220 [INFO] Capturing response: https://atomsportv508.top/favicon.ico 200 
2026-06-24 19:49:33,259 [INFO] Capturing request: https://teletv5.top/load/yayinlink.php?id=bein-sports-1
2026-06-24 19:49:33,485 [INFO] Capturing response: https://teletv5.top/load/yayinlink.php?id=bein-sports-1 200 
2026-06-24 19:49:33,688 [INFO] Capturing request: https://streamsport365.com/cinema
2026-06-24 19:49:34,022 [INFO] Capturing response: https://streamsport365.com/cinema 200 
2026-06-24 19:49:34,152 [INFO] Capturing request: https://atomsportv508.top/assets/img/player_logo_6880e4e4c52ee.png
2026-06-24 19:49:34,240 [INFO] Capturing response: https://atomsportv508.top/assets/img/player_logo_6880e4e4c52ee.png 200 
2026-06-24 19:49:34,289 [INFO] Capturing request: https://hlssssssssssssssssss.yedeklinksa35.workers.dev/https://corestream.ronaldovurdu.help//aspor/tracks-v1a1/mono.m3u8
2026-06-24 19:49:34,689 [INFO] Capturing response: https://hlssssssssssssssssss.yedeklinksa35.workers.dev/https://corestream.ronaldovurdu.help//aspor/tracks-v1a1/mono.m3u8 200 
2026-06-24 19:49:34,974 [INFO] Capturing request: https://ts.yedeklinksa35.workers.dev/aspor/tracks-v1a1/2026/06/24/19/50/09-06000.avif
2026-06-24 19:49:34,984 [INFO] Capturing request: https://android.clients.google.com/checkin
2026-06-24 19:49:35,096 [INFO] Capturing response: https://android.clients.google.com/checkin 200 
2026-06-24 19:49:35,149 [INFO] Capturing request: https://android.clients.google.com/c2dm/register3
2026-06-24 19:49:35,153 [INFO] Capturing request: https://android.clients.google.com/c2dm/register3
2026-06-24 19:49:35,154 [INFO] Capturing request: https://android.clients.google.com/c2dm/register3
2026-06-24 19:49:35,217 [INFO] Capturing response: https://android.clients.google.com/c2dm/register3 301 
2026-06-24 19:49:36,032 [INFO]   ✅ M3U8 bulundu: https://hlssssssssssssssssss.yedeklinksa35.workers.dev/https://corestream.ronaldovurdu.help//aspor/tracks-v1a1/mono.m3u8
2026-06-24 19:49:36,135 [INFO] Capturing response: https://android.clients.google.com/c2dm/register3 200 
2026-06-24 19:49:36,225 [INFO] Capturing response: https://android.clients.google.com/c2dm/register3 200 
2026-06-24 19:49:36,820 [INFO] Capturing response: https://ts.yedeklinksa35.workers.dev/aspor/tracks-v1a1/2026/06/24/19/50/09-06000.avif 200 
2026-06-24 19:49:37,035 [INFO] 
[2/14]
2026-06-24 19:49:37,035 [INFO] 🔍 beIN Sports 2 → https://atomsportv508.top/matches?id=bein-sports-2
2026-06-24 19:49:37,083 [INFO] Capturing request: https://ts.yedeklinksa35.workers.dev/aspor/tracks-v1a1/2026/06/24/19/50/15-06000.avif
2026-06-24 19:49:37,151 [INFO] Capturing request: https://atomsportv508.top/matches?id=bein-sports-2
2026-06-24 19:49:37,234 [INFO] Capturing response: https://atomsportv508.top/matches?id=bein-sports-2 200 
2026-06-24 19:49:37,247 [INFO] Capturing request: https://atomsportv508.top/cdn-cgi/rum?
2026-06-24 19:49:37,295 [INFO] Capturing request: https://streamsport365.com/cinema
2026-06-24 19:49:37,301 [INFO] Capturing request: https://atomsportv508.top/cdn-cgi/rum?
2026-06-24 19:49:37,387 [INFO] Capturing request: https://teletv5.top/load/yayinlink.php?id=bein-sports-2
2026-06-24 19:49:37,402 [INFO] Capturing response: https://atomsportv508.top/cdn-cgi/rum? 204 
2026-06-24 19:49:37,405 [INFO] Capturing request: https://atomsportv508.top/favicon.ico
2026-06-24 19:49:37,464 [INFO] Capturing response: https://atomsportv508.top/favicon.ico 200 
2026-06-24 19:49:37,485 [INFO] Capturing response: https://atomsportv508.top/cdn-cgi/rum? 204 
2026-06-24 19:49:37,602 [INFO] Capturing response: https://teletv5.top/load/yayinlink.php?id=bein-sports-2 200 
2026-06-24 19:49:37,635 [INFO] Capturing response: https://streamsport365.com/cinema 200 
2026-06-24 19:49:37,756 [INFO] Capturing request: https://hlssssssssssssssssss.yedeklinksa35.workers.dev/https://corestream.ronaldovurdu.help//bein2/tracks-v1a1/mono.m3u8
2026-06-24 19:49:37,959 [INFO] Capturing response: https://hlssssssssssssssssss.yedeklinksa35.workers.dev/https://corestream.ronaldovurdu.help//bein2/tracks-v1a1/mono.m3u8 200 
2026-06-24 19:49:38,068 [INFO] Capturing request: https://ts.yedeklinksa35.workers.dev/bein2/tracks-v1a1/2026/06/24/19/49/08-10000.avif
2026-06-24 19:49:39,286 [INFO] Capturing response: https://ts.yedeklinksa35.workers.dev/aspor/tracks-v1a1/2026/06/24/19/50/15-06000.avif 200 
2026-06-24 19:49:40,304 [INFO] Capturing response: https://ts.yedeklinksa35.workers.dev/bein2/tracks-v1a1/2026/06/24/19/49/08-10000.avif 200 
2026-06-24 19:49:40,328 [INFO]   ✅ M3U8 bulundu: https://hlssssssssssssssssss.yedeklinksa35.workers.dev/https://corestream.ronaldovurdu.help//bein2/tracks-v1a1/mono.m3u8
2026-06-24 19:49:40,557 [INFO] Capturing request: https://ts.yedeklinksa35.workers.dev/bein2/tracks-v1a1/2026/06/24/19/49/18-10000.avif
2026-06-24 19:49:41,329 [INFO] 
[3/14]
2026-06-24 19:49:41,331 [INFO] 🔍 beIN Sports 3 → https://atomsportv508.top/matches?id=bein-sports-3
2026-06-24 19:49:41,442 [INFO] Capturing request: https://atomsportv508.top/assets/js/clappr.js
2026-06-24 19:49:41,445 [INFO] Capturing request: https://atomsportv508.top/matches?id=bein-sports-3
2026-06-24 19:49:41,483 [INFO] Capturing response: https://atomsportv508.top/assets/js/clappr.js 200 
2026-06-24 19:49:41,541 [INFO] Capturing response: https://atomsportv508.top/matches?id=bein-sports-3 200 
2026-06-24 19:49:41,553 [INFO] Capturing request: https://atomsportv508.top/cdn-cgi/rum?
2026-06-24 19:49:41,578 [INFO] Capturing request: https://atomsportv508.top/cdn-cgi/rum?
2026-06-24 19:49:41,678 [INFO] Capturing request: https://teletv5.top/load/yayinlink.php?id=bein-sports-3
2026-06-24 19:49:41,684 [INFO] Capturing request: https://atomsportv508.top/favicon.ico
2026-06-24 19:49:41,710 [INFO] Capturing response: https://atomsportv508.top/cdn-cgi/rum? 204 
2026-06-24 19:49:41,723 [INFO] Capturing response: https://atomsportv508.top/cdn-cgi/rum? 204 
2026-06-24 19:49:41,739 [INFO] Capturing response: https://atomsportv508.top/favicon.ico 200 
2026-06-24 19:49:41,821 [INFO] Capturing request: https://streamsport365.com/cinema
2026-06-24 19:49:41,886 [INFO] Capturing response: https://teletv5.top/load/yayinlink.php?id=bein-sports-3 200 
2026-06-24 19:49:42,164 [INFO] Capturing response: https://streamsport365.com/cinema 200 
2026-06-24 19:49:42,215 [INFO] Capturing response: https://ts.yedeklinksa35.workers.dev/bein2/tracks-v1a1/2026/06/24/19/49/18-10000.avif 200 
2026-06-24 19:50:00,725 [INFO] Capturing request: https://android.clients.google.com/c2dm/register3
2026-06-24 19:50:00,788 [INFO] Capturing response: https://android.clients.google.com/c2dm/register3 301 
2026-06-24 19:50:14,898 [WARNING]   ❌ beIN Sports 3 için M3U8 bulunamadı
2026-06-24 19:50:15,898 [INFO] 
[4/14]
2026-06-24 19:50:15,898 [INFO] 🔍 beIN Sports 4 → https://atomsportv508.top/matches?id=bein-sports-4
2026-06-24 19:50:16,008 [INFO] Capturing request: https://atomsportv508.top/assets/js/clappr.js
2026-06-24 19:50:16,009 [INFO] Capturing request: https://atomsportv508.top/matches?id=bein-sports-4
2026-06-24 19:50:16,064 [INFO] Capturing response: https://atomsportv508.top/assets/js/clappr.js 200 
2026-06-24 19:50:16,733 [INFO] Capturing response: https://atomsportv508.top/matches?id=bein-sports-4 200 
2026-06-24 19:50:16,742 [INFO] Capturing request: https://atomsportv508.top/cdn-cgi/rum?
2026-06-24 19:50:16,770 [INFO] Capturing request: https://atomsportv508.top/cdn-cgi/rum?
2026-06-24 19:50:16,868 [INFO] Capturing request: https://teletv5.top/load/yayinlink.php?id=bein-sports-4
2026-06-24 19:50:16,872 [INFO] Capturing request: https://atomsportv508.top/favicon.ico
2026-06-24 19:50:16,885 [INFO] Capturing response: https://atomsportv508.top/cdn-cgi/rum? 204 
2026-06-24 19:50:16,904 [INFO] Capturing response: https://atomsportv508.top/cdn-cgi/rum? 204 
2026-06-24 19:50:16,947 [INFO] Capturing response: https://atomsportv508.top/favicon.ico 200 
2026-06-24 19:50:17,011 [INFO] Capturing request: https://streamsport365.com/cinema
2026-06-24 19:50:17,080 [INFO] Capturing response: https://teletv5.top/load/yayinlink.php?id=bein-sports-4 200 
2026-06-24 19:50:17,340 [INFO] Capturing response: https://streamsport365.com/cinema 200 
2026-06-24 19:50:31,787 [INFO] Capturing request: https://update.googleapis.com/service/update2/json?cup2key=16:57BpdvbvgukEdWWZ5OzVESflSqo244QonpcJ_7GCQ2U&cup2hreq=0e1fbec8a943bc2b59326171e6a6aae26d3d01e8284b7ee6ee3cd2983232facf
2026-06-24 19:50:31,848 [INFO] Capturing response: https://update.googleapis.com/service/update2/json?cup2key=16:57BpdvbvgukEdWWZ5OzVESflSqo244QonpcJ_7GCQ2U&cup2hreq=0e1fbec8a943bc2b59326171e6a6aae26d3d01e8284b7ee6ee3cd2983232facf 200 
2026-06-24 19:50:50,043 [WARNING]   ❌ beIN Sports 4 için M3U8 bulunamadı
2026-06-24 19:50:51,044 [INFO] 
[5/14]
2026-06-24 19:50:51,044 [INFO] 🔍 beIN Sports 5 → https://atomsportv508.top/matches?id=bein-sports-5
2026-06-24 19:50:51,154 [INFO] Capturing request: https://atomsportv508.top/assets/js/clappr.js
2026-06-24 19:50:51,158 [INFO] Capturing request: https://atomsportv508.top/matches?id=bein-sports-5
2026-06-24 19:50:51,203 [INFO] Capturing response: https://atomsportv508.top/assets/js/clappr.js 200 
2026-06-24 19:50:51,563 [INFO] Capturing response: https://atomsportv508.top/matches?id=bein-sports-5 200 
2026-06-24 19:50:51,576 [INFO] Capturing request: https://atomsportv508.top/cdn-cgi/rum?
2026-06-24 19:50:51,603 [INFO] Capturing request: https://atomsportv508.top/cdn-cgi/rum?
2026-06-24 19:50:51,698 [INFO] Capturing request: https://teletv5.top/load/yayinlink.php?id=bein-sports-5
2026-06-24 19:50:51,704 [INFO] Capturing request: https://atomsportv508.top/favicon.ico
2026-06-24 19:50:51,728 [INFO] Capturing response: https://atomsportv508.top/cdn-cgi/rum? 204 
2026-06-24 19:50:51,747 [INFO] Capturing response: https://atomsportv508.top/cdn-cgi/rum? 204 
2026-06-24 19:50:51,788 [INFO] Capturing response: https://atomsportv508.top/favicon.ico 200 
2026-06-24 19:50:51,842 [INFO] Capturing request: https://streamsport365.com/cinema
2026-06-24 19:50:51,914 [INFO] Capturing response: https://teletv5.top/load/yayinlink.php?id=bein-sports-5 200 
2026-06-24 19:50:52,187 [INFO] Capturing response: https://streamsport365.com/cinema 200 
2026-06-24 19:50:52,743 [INFO] Capturing request: https://android.clients.google.com/c2dm/register3
2026-06-24 19:50:52,814 [INFO] Capturing response: https://android.clients.google.com/c2dm/register3 301 
2026-06-24 19:51:24,875 [WARNING]   ❌ beIN Sports 5 için M3U8 bulunamadı
2026-06-24 19:51:25,875 [INFO] 
[6/14]
2026-06-24 19:51:25,875 [INFO] 🔍 beIN Sports Max 1 → https://atomsportv508.top/matches?id=bein-sports-max-1
2026-06-24 19:51:25,985 [INFO] Capturing request: https://atomsportv508.top/assets/js/clappr.js
2026-06-24 19:51:25,986 [INFO] Capturing request: https://atomsportv508.top/matches?id=bein-sports-max-1
2026-06-24 19:51:26,036 [INFO] Capturing response: https://atomsportv508.top/assets/js/clappr.js 200 
2026-06-24 19:51:26,360 [INFO] Capturing response: https://atomsportv508.top/matches?id=bein-sports-max-1 200 
2026-06-24 19:51:26,369 [INFO] Capturing request: https://atomsportv508.top/cdn-cgi/rum?
2026-06-24 19:51:26,399 [INFO] Capturing request: https://atomsportv508.top/cdn-cgi/rum?
2026-06-24 19:51:26,497 [INFO] Capturing request: https://teletv5.top/load/yayinlink.php?id=bein-sports-max-1
2026-06-24 19:51:26,500 [INFO] Capturing request: https://atomsportv508.top/favicon.ico
2026-06-24 19:51:26,523 [INFO] Capturing response: https://atomsportv508.top/cdn-cgi/rum? 204 
2026-06-24 19:51:26,541 [INFO] Capturing response: https://atomsportv508.top/cdn-cgi/rum? 204 
2026-06-24 19:51:26,590 [INFO] Capturing response: https://atomsportv508.top/favicon.ico 200 
2026-06-24 19:51:26,634 [INFO] Capturing request: https://streamsport365.com/cinema
2026-06-24 19:51:26,711 [INFO] Capturing response: https://teletv5.top/load/yayinlink.php?id=bein-sports-max-1 200 
2026-06-24 19:51:26,963 [INFO] Capturing response: https://streamsport365.com/cinema 200 
2026-06-24 19:51:59,668 [WARNING]   ❌ beIN Sports Max 1 için M3U8 bulunamadı
2026-06-24 19:52:00,669 [INFO] 
[7/14]
2026-06-24 19:52:00,669 [INFO] 🔍 beIN Sports Max 2 → https://atomsportv508.top/matches?id=bein-sports-max-2
2026-06-24 19:52:00,778 [INFO] Capturing request: https://atomsportv508.top/assets/js/clappr.js
2026-06-24 19:52:00,780 [INFO] Capturing request: https://atomsportv508.top/matches?id=bein-sports-max-2
2026-06-24 19:52:00,819 [INFO] Capturing response: https://atomsportv508.top/assets/js/clappr.js 200 
2026-06-24 19:52:01,166 [INFO] Capturing response: https://atomsportv508.top/matches?id=bein-sports-max-2 200 
2026-06-24 19:52:01,175 [INFO] Capturing request: https://atomsportv508.top/cdn-cgi/rum?
2026-06-24 19:52:01,216 [INFO] Capturing request: https://atomsportv508.top/cdn-cgi/rum?
2026-06-24 19:52:01,315 [INFO] Capturing request: https://teletv5.top/load/yayinlink.php?id=bein-sports-max-2
2026-06-24 19:52:01,317 [INFO] Capturing request: https://atomsportv508.top/favicon.ico
2026-06-24 19:52:01,321 [INFO] Capturing response: https://atomsportv508.top/cdn-cgi/rum? 204 
2026-06-24 19:52:01,388 [INFO] Capturing response: https://atomsportv508.top/favicon.ico 200 
2026-06-24 19:52:01,399 [INFO] Capturing response: https://atomsportv508.top/cdn-cgi/rum? 204 
2026-06-24 19:52:01,456 [INFO] Capturing request: https://streamsport365.com/cinema
2026-06-24 19:52:01,534 [INFO] Capturing response: https://teletv5.top/load/yayinlink.php?id=bein-sports-max-2 200 
2026-06-24 19:52:01,790 [INFO] Capturing response: https://streamsport365.com/cinema 200 
2026-06-24 19:52:27,358 [INFO] Capturing request: https://android.clients.google.com/c2dm/register3
2026-06-24 19:52:27,423 [INFO] Capturing response: https://android.clients.google.com/c2dm/register3 301 
2026-06-24 19:52:34,491 [WARNING]   ❌ beIN Sports Max 2 için M3U8 bulunamadı
2026-06-24 19:52:35,492 [INFO] 
[8/14]
2026-06-24 19:52:35,492 [INFO] 🔍 S Sport → https://atomsportv508.top/matches?id=s-sport
2026-06-24 19:52:35,601 [INFO] Capturing request: https://atomsportv508.top/assets/js/clappr.js
2026-06-24 19:52:35,603 [INFO] Capturing request: https://atomsportv508.top/matches?id=s-sport
2026-06-24 19:52:35,646 [INFO] Capturing response: https://atomsportv508.top/assets/js/clappr.js 200 
2026-06-24 19:52:35,988 [INFO] Capturing response: https://atomsportv508.top/matches?id=s-sport 200 
2026-06-24 19:52:35,998 [INFO] Capturing request: https://atomsportv508.top/cdn-cgi/rum?
2026-06-24 19:52:36,027 [INFO] Capturing request: https://atomsportv508.top/cdn-cgi/rum?
2026-06-24 19:52:36,128 [INFO] Capturing request: https://teletv5.top/load/yayinlink.php?id=s-sport
2026-06-24 19:52:36,129 [INFO] Capturing request: https://atomsportv508.top/favicon.ico
2026-06-24 19:52:36,152 [INFO] Capturing response: https://atomsportv508.top/cdn-cgi/rum? 204 
2026-06-24 19:52:36,171 [INFO] Capturing response: https://atomsportv508.top/cdn-cgi/rum? 204 
2026-06-24 19:52:36,208 [INFO] Capturing response: https://atomsportv508.top/favicon.ico 200 
2026-06-24 19:52:36,268 [INFO] Capturing request: https://streamsport365.com/cinema
2026-06-24 19:52:36,341 [INFO] Capturing response: https://teletv5.top/load/yayinlink.php?id=s-sport 200 
2026-06-24 19:52:36,608 [INFO] Capturing response: https://streamsport365.com/cinema 200 
2026-06-24 19:52:36,734 [INFO] Capturing request: https://atomsportv508.top/assets/img/player_logo_6880e4e4c52ee.png
2026-06-24 19:52:36,741 [INFO] Capturing request: https://hlssssssssssssssssss.yedeklinksa35.workers.dev/https://corestream.ronaldovurdu.help//s-sportt/tracks-v1a1/mono.m3u8
2026-06-24 19:52:36,827 [INFO] Capturing response: https://atomsportv508.top/assets/img/player_logo_6880e4e4c52ee.png 200 
2026-06-24 19:52:37,018 [INFO] Capturing response: https://hlssssssssssssssssss.yedeklinksa35.workers.dev/https://corestream.ronaldovurdu.help//s-sportt/tracks-v1a1/mono.m3u8 200 
2026-06-24 19:52:37,129 [INFO] Capturing request: https://ts.yedeklinksa35.workers.dev/s-sportt/tracks-v1a1/2026/06/24/19/53/11-06000.avif
2026-06-24 19:52:38,103 [INFO] Capturing response: https://ts.yedeklinksa35.workers.dev/s-sportt/tracks-v1a1/2026/06/24/19/53/11-06000.avif 200 
2026-06-24 19:52:38,313 [INFO] Capturing request: https://ts.yedeklinksa35.workers.dev/s-sportt/tracks-v1a1/2026/06/24/19/53/17-06000.avif
2026-06-24 19:52:39,042 [INFO]   ✅ M3U8 bulundu: https://hlssssssssssssssssss.yedeklinksa35.workers.dev/https://corestream.ronaldovurdu.help//s-sportt/tracks-v1a1/mono.m3u8
2026-06-24 19:52:39,462 [INFO] Capturing response: https://ts.yedeklinksa35.workers.dev/s-sportt/tracks-v1a1/2026/06/24/19/53/17-06000.avif 200 
2026-06-24 19:52:39,683 [INFO] Capturing request: https://ts.yedeklinksa35.workers.dev/s-sportt/tracks-v1a1/2026/06/24/19/53/23-06000.avif
2026-06-24 19:52:40,042 [INFO] 
[9/14]
2026-06-24 19:52:40,042 [INFO] 🔍 S Sport 2 → https://atomsportv508.top/matches?id=s-sport-2
2026-06-24 19:52:40,154 [INFO] Capturing request: https://atomsportv508.top/matches?id=s-sport-2
2026-06-24 19:52:40,155 [INFO] Capturing request: https://atomsportv508.top/assets/js/clappr.js
2026-06-24 19:52:40,207 [INFO] Capturing response: https://atomsportv508.top/assets/js/clappr.js 200 
2026-06-24 19:52:40,227 [INFO] Capturing response: https://atomsportv508.top/matches?id=s-sport-2 200 
2026-06-24 19:52:40,240 [INFO] Capturing request: https://atomsportv508.top/cdn-cgi/rum?
2026-06-24 19:52:40,268 [INFO] Capturing request: https://atomsportv508.top/cdn-cgi/rum?
2026-06-24 19:52:40,271 [INFO] Capturing request: https://streamsport365.com/cinema
2026-06-24 19:52:40,370 [INFO] Capturing request: https://teletv5.top/load/yayinlink.php?id=s-sport-2
2026-06-24 19:52:40,374 [INFO] Capturing request: https://atomsportv508.top/favicon.ico
2026-06-24 19:52:40,393 [INFO] Capturing response: https://atomsportv508.top/cdn-cgi/rum? 204 
2026-06-24 19:52:40,411 [INFO] Capturing response: https://atomsportv508.top/cdn-cgi/rum? 204 
2026-06-24 19:52:40,432 [INFO] Capturing response: https://atomsportv508.top/favicon.ico 200 
2026-06-24 19:52:40,605 [INFO] Capturing response: https://streamsport365.com/cinema 200 
2026-06-24 19:52:40,645 [INFO] Capturing response: https://ts.yedeklinksa35.workers.dev/s-sportt/tracks-v1a1/2026/06/24/19/53/23-06000.avif 200 
2026-06-24 19:52:40,673 [INFO] 127.0.0.1:43440: ProtocolException("Error in HTTP connection: Http2ZombieException('Connection or stream already dead: 1782330760.6730928, False')")
2026-06-24 19:52:40,784 [INFO] Capturing response: https://teletv5.top/load/yayinlink.php?id=s-sport-2 200 
2026-06-24 19:52:40,946 [INFO] Capturing request: https://hlssssssssssssssssss.yedeklinksa35.workers.dev/https://corestream.ronaldovurdu.help//s-sport2/tracks-v1a1/mono.m3u8
2026-06-24 19:52:41,152 [INFO] Capturing response: https://hlssssssssssssssssss.yedeklinksa35.workers.dev/https://corestream.ronaldovurdu.help//s-sport2/tracks-v1a1/mono.m3u8 200 
2026-06-24 19:52:41,302 [INFO] Capturing request: https://ts.yedeklinksa35.workers.dev/s-sport2/tracks-v1a1/2026/06/24/19/52/36-06000.avif
2026-06-24 19:52:43,281 [INFO]   ✅ M3U8 bulundu: https://hlssssssssssssssssss.yedeklinksa35.workers.dev/https://corestream.ronaldovurdu.help//s-sport2/tracks-v1a1/mono.m3u8
2026-06-24 19:52:43,733 [INFO] Capturing response: https://ts.yedeklinksa35.workers.dev/s-sport2/tracks-v1a1/2026/06/24/19/52/36-06000.avif 200 
2026-06-24 19:52:44,018 [INFO] Capturing request: https://ts.yedeklinksa35.workers.dev/s-sport2/tracks-v1a1/2026/06/24/19/52/42-06000.avif
2026-06-24 19:52:44,282 [INFO] 
[10/14]
2026-06-24 19:52:44,282 [INFO] 🔍 A Spor → https://atomsportv508.top/matches?id=a-spor
2026-06-24 19:52:44,395 [INFO] Capturing request: https://atomsportv508.top/assets/js/clappr.js
2026-06-24 19:52:44,398 [INFO] Capturing request: https://atomsportv508.top/matches?id=a-spor
2026-06-24 19:52:44,431 [INFO] Capturing response: https://atomsportv508.top/assets/js/clappr.js 200 
2026-06-24 19:52:44,494 [INFO] Capturing response: https://atomsportv508.top/matches?id=a-spor 200 
2026-06-24 19:52:44,508 [INFO] Capturing request: https://atomsportv508.top/cdn-cgi/rum?
2026-06-24 19:52:44,535 [INFO] Capturing request: https://atomsportv508.top/cdn-cgi/rum?
2026-06-24 19:52:44,633 [INFO] Capturing request: https://teletv5.top/load/yayinlink.php?id=a-spor
2026-06-24 19:52:44,643 [INFO] Capturing request: https://atomsportv508.top/favicon.ico
2026-06-24 19:52:44,649 [INFO] Capturing response: https://atomsportv508.top/cdn-cgi/rum? 204 
2026-06-24 19:52:44,670 [INFO] Capturing response: https://atomsportv508.top/cdn-cgi/rum? 204 
2026-06-24 19:52:44,701 [INFO] Capturing response: https://atomsportv508.top/favicon.ico 200 
2026-06-24 19:52:44,775 [INFO] Capturing request: https://streamsport365.com/cinema
2026-06-24 19:52:44,844 [INFO] Capturing response: https://teletv5.top/load/yayinlink.php?id=a-spor 200 
2026-06-24 19:52:45,120 [INFO] Capturing response: https://streamsport365.com/cinema 200 
2026-06-24 19:52:45,240 [INFO] Capturing request: https://hlssssssssssssssssss.yedeklinksa35.workers.dev/https://corestream.ronaldovurdu.help//aspor/tracks-v1a1/mono.m3u8
2026-06-24 19:52:45,451 [INFO] Capturing response: https://hlssssssssssssssssss.yedeklinksa35.workers.dev/https://corestream.ronaldovurdu.help//aspor/tracks-v1a1/mono.m3u8 200 
2026-06-24 19:52:45,560 [INFO] Capturing request: https://ts.yedeklinksa35.workers.dev/aspor/tracks-v1a1/2026/06/24/19/53/21-06000.avif
2026-06-24 19:52:47,368 [INFO] Capturing response: https://ts.yedeklinksa35.workers.dev/s-sport2/tracks-v1a1/2026/06/24/19/52/42-06000.avif 200 
2026-06-24 19:52:47,555 [INFO]   ✅ M3U8 bulundu: https://hlssssssssssssssssss.yedeklinksa35.workers.dev/https://corestream.ronaldovurdu.help//aspor/tracks-v1a1/mono.m3u8
2026-06-24 19:52:47,960 [INFO] Capturing response: https://ts.yedeklinksa35.workers.dev/aspor/tracks-v1a1/2026/06/24/19/53/21-06000.avif 200 
2026-06-24 19:52:48,158 [INFO] Capturing request: https://ts.yedeklinksa35.workers.dev/aspor/tracks-v1a1/2026/06/24/19/53/27-06000.avif
2026-06-24 19:52:48,555 [INFO] 
[11/14]
2026-06-24 19:52:48,555 [INFO] 🔍 Tivibu Spor 1 → https://atomsportv508.top/matches?id=tivibu-spor-1
2026-06-24 19:52:48,670 [INFO] Capturing request: https://atomsportv508.top/assets/js/clappr.js
2026-06-24 19:52:48,671 [INFO] Capturing request: https://atomsportv508.top/matches?id=tivibu-spor-1
2026-06-24 19:52:48,705 [INFO] Capturing response: https://atomsportv508.top/assets/js/clappr.js 200 
2026-06-24 19:52:48,760 [INFO] Capturing response: https://atomsportv508.top/matches?id=tivibu-spor-1 200 
2026-06-24 19:52:48,773 [INFO] Capturing request: https://atomsportv508.top/cdn-cgi/rum?
2026-06-24 19:52:48,799 [INFO] Capturing request: https://streamsport365.com/cinema
2026-06-24 19:52:48,804 [INFO] Capturing request: https://atomsportv508.top/cdn-cgi/rum?
2026-06-24 19:52:48,902 [INFO] Capturing request: https://teletv5.top/load/yayinlink.php?id=tivibu-spor-1
2026-06-24 19:52:48,906 [INFO] Capturing request: https://atomsportv508.top/favicon.ico
2026-06-24 19:52:48,930 [INFO] Capturing response: https://atomsportv508.top/cdn-cgi/rum? 204 
2026-06-24 19:52:48,949 [INFO] Capturing response: https://atomsportv508.top/cdn-cgi/rum? 204 
2026-06-24 19:52:48,970 [INFO] Capturing response: https://atomsportv508.top/favicon.ico 200 
2026-06-24 19:52:49,112 [INFO] Capturing response: https://teletv5.top/load/yayinlink.php?id=tivibu-spor-1 200 
2026-06-24 19:52:49,143 [INFO] Capturing response: https://streamsport365.com/cinema 200 
2026-06-24 19:52:49,508 [INFO] Capturing response: https://ts.yedeklinksa35.workers.dev/aspor/tracks-v1a1/2026/06/24/19/53/27-06000.avif 200 
2026-06-24 19:53:22,071 [WARNING]   ❌ Tivibu Spor 1 için M3U8 bulunamadı
2026-06-24 19:53:23,071 [INFO] 
[12/14]
2026-06-24 19:53:23,071 [INFO] 🔍 Tivibu Spor 2 → https://atomsportv508.top/matches?id=tivibu-spor-2
2026-06-24 19:53:23,180 [INFO] Capturing request: https://atomsportv508.top/assets/js/clappr.js
2026-06-24 19:53:23,182 [INFO] Capturing request: https://atomsportv508.top/matches?id=tivibu-spor-2
2026-06-24 19:53:23,233 [INFO] Capturing response: https://atomsportv508.top/assets/js/clappr.js 200 
2026-06-24 19:53:23,270 [INFO] Capturing response: https://atomsportv508.top/matches?id=tivibu-spor-2 200 
2026-06-24 19:53:23,280 [INFO] Capturing request: https://atomsportv508.top/cdn-cgi/rum?
2026-06-24 19:53:23,310 [INFO] Capturing request: https://atomsportv508.top/cdn-cgi/rum?
2026-06-24 19:53:23,405 [INFO] Capturing request: https://teletv5.top/load/yayinlink.php?id=tivibu-spor-2
2026-06-24 19:53:23,410 [INFO] Capturing request: https://atomsportv508.top/favicon.ico
2026-06-24 19:53:23,433 [INFO] Capturing response: https://atomsportv508.top/cdn-cgi/rum? 204 
2026-06-24 19:53:23,452 [INFO] Capturing response: https://atomsportv508.top/cdn-cgi/rum? 204 
2026-06-24 19:53:23,477 [INFO] Capturing response: https://atomsportv508.top/favicon.ico 200 
2026-06-24 19:53:23,548 [INFO] Capturing request: https://streamsport365.com/cinema
2026-06-24 19:53:23,625 [INFO] Capturing response: https://teletv5.top/load/yayinlink.php?id=tivibu-spor-2 200 
2026-06-24 19:53:23,878 [INFO] Capturing response: https://streamsport365.com/cinema 200 
2026-06-24 19:53:32,170 [INFO] 127.0.0.1:43330: HTTP/2 connection terminated by server: error code: 0, last stream id: 201, additional data: b'session_timed_out'
2026-06-24 19:53:32,553 [INFO] 127.0.0.1:43368: HTTP/2 connection terminated by server: error code: 0, last stream id: 201, additional data: b'session_timed_out'
2026-06-24 19:53:56,589 [WARNING]   ❌ Tivibu Spor 2 için M3U8 bulunamadı
2026-06-24 19:53:57,590 [INFO] 
[13/14]
2026-06-24 19:53:57,590 [INFO] 🔍 Tivibu Spor 3 → https://atomsportv508.top/matches?id=tivibu-spor-3
2026-06-24 19:53:57,701 [INFO] Capturing request: https://atomsportv508.top/assets/js/clappr.js
2026-06-24 19:53:57,704 [INFO] Capturing request: https://atomsportv508.top/matches?id=tivibu-spor-3
2026-06-24 19:53:57,741 [INFO] Capturing response: https://atomsportv508.top/assets/js/clappr.js 200 
2026-06-24 19:53:58,050 [INFO] Capturing response: https://atomsportv508.top/matches?id=tivibu-spor-3 200 
2026-06-24 19:53:58,060 [INFO] Capturing request: https://atomsportv508.top/cdn-cgi/rum?
2026-06-24 19:53:58,092 [INFO] Capturing request: https://atomsportv508.top/cdn-cgi/rum?
2026-06-24 19:53:58,188 [INFO] Capturing request: https://teletv5.top/load/yayinlink.php?id=tivibu-spor-3
2026-06-24 19:53:58,192 [INFO] Capturing request: https://atomsportv508.top/favicon.ico
2026-06-24 19:53:58,203 [INFO] Capturing response: https://atomsportv508.top/cdn-cgi/rum? 204 
2026-06-24 19:53:58,221 [INFO] Capturing response: https://atomsportv508.top/cdn-cgi/rum? 204 
2026-06-24 19:53:58,267 [INFO] Capturing response: https://atomsportv508.top/favicon.ico 200 
2026-06-24 19:53:58,335 [INFO] Capturing request: https://streamsport365.com/cinema
2026-06-24 19:53:58,414 [INFO] Capturing response: https://teletv5.top/load/yayinlink.php?id=tivibu-spor-3 200 
2026-06-24 19:53:58,669 [INFO] Capturing response: https://streamsport365.com/cinema 200 
2026-06-24 19:54:31,369 [WARNING]   ❌ Tivibu Spor 3 için M3U8 bulunamadı
2026-06-24 19:54:31,850 [INFO] 127.0.0.1:43344: HTTP/2 connection terminated by server: error code: 0, last stream id: 205, additional data: b'session_timed_out'
2026-06-24 19:54:32,369 [INFO] 
[14/14]
2026-06-24 19:54:32,369 [INFO] 🔍 Tivibu Spor 4 → https://atomsportv508.top/matches?id=tivibu-spor-4
2026-06-24 19:54:32,479 [INFO] Capturing request: https://atomsportv508.top/assets/js/clappr.js
2026-06-24 19:54:32,481 [INFO] Capturing request: https://atomsportv508.top/matches?id=tivibu-spor-4
2026-06-24 19:54:32,522 [INFO] Capturing response: https://atomsportv508.top/assets/js/clappr.js 200 
2026-06-24 19:54:32,840 [INFO] Capturing response: https://atomsportv508.top/matches?id=tivibu-spor-4 200 
2026-06-24 19:54:32,850 [INFO] Capturing request: https://atomsportv508.top/cdn-cgi/rum?
2026-06-24 19:54:32,880 [INFO] Capturing request: https://atomsportv508.top/cdn-cgi/rum?
2026-06-24 19:54:32,973 [INFO] Capturing request: https://teletv5.top/load/yayinlink.php?id=tivibu-spor-4
2026-06-24 19:54:32,984 [INFO] Capturing request: https://atomsportv508.top/favicon.ico
2026-06-24 19:54:33,004 [INFO] Capturing response: https://atomsportv508.top/cdn-cgi/rum? 204 
2026-06-24 19:54:33,023 [INFO] Capturing response: https://atomsportv508.top/cdn-cgi/rum? 204 
2026-06-24 19:54:33,053 [INFO] Capturing response: https://atomsportv508.top/favicon.ico 200 
2026-06-24 19:54:33,117 [INFO] Capturing request: https://streamsport365.com/cinema
2026-06-24 19:54:33,187 [INFO] Capturing response: https://teletv5.top/load/yayinlink.php?id=tivibu-spor-4 200 
2026-06-24 19:54:33,448 [INFO] Capturing response: https://streamsport365.com/cinema 200 
2026-06-24 19:55:06,156 [WARNING]   ❌ Tivibu Spor 4 için M3U8 bulunamadı
2026-06-24 19:55:07,222 [INFO] ✅ 5 kanal bulundu, playlist.m3u kaydedildi
