2026-04-21 09:46:40,898 [INFO] 🔎 Domain aralığı taranıyor: atomsportv490.top - atomsportv520.top
2026-04-21 09:46:41,879 [INFO]   ✅ Aktif domain bulundu: https://atomsportv498.top
2026-04-21 09:46:41,881 [INFO] 🌐 Kullanılan BASE_URL: https://atomsportv498.top
2026-04-21 09:46:43,643 [INFO] ✅ SeleniumWire aktif
2026-04-21 09:46:43,644 [INFO] =======================================================
2026-04-21 09:46:43,644 [INFO]    M3U8 Scraper
2026-04-21 09:46:43,644 [INFO]    Base URL : https://atomsportv498.top
2026-04-21 09:46:43,644 [INFO]    Toplam   : 13 sayfa
2026-04-21 09:46:43,645 [INFO] =======================================================
2026-04-21 09:46:43,645 [INFO] 🔧 Driver başlatılıyor...
2026-04-21 09:46:44,399 [INFO] ✅ Driver başlatıldı
2026-04-21 09:46:44,399 [INFO] 
[1/13]
2026-04-21 09:46:44,399 [INFO] 
──────────────────────────────────────────────────
2026-04-21 09:46:44,399 [INFO] 🔍 beIN Sports 1 → https://atomsportv498.top/matches?id=bein-sports-1
2026-04-21 09:46:44,400 [INFO] ──────────────────────────────────────────────────
2026-04-21 09:47:16,636 [INFO]   📡 M3U8 bekleniyor (max 8s)...
2026-04-21 09:47:16,682 [INFO]   🎯 DOĞRU kanal bulundu: https://hlsssssss.yesbeits.workers.dev/https://corestream.ronaldovurdu.help//hls/bein-sports-11.m3u8
2026-04-21 09:47:16,684 [INFO]   ✅ beIN Sports 1: https://hlsssssss.yesbeits.workers.dev/https://corestream.ronaldovurdu.help//hls/bein-sports-11.m3u8
2026-04-21 09:47:17,684 [INFO] 
[2/13]
2026-04-21 09:47:17,685 [INFO] 
──────────────────────────────────────────────────
2026-04-21 09:47:17,685 [INFO] 🔍 beIN Sports 2 → https://atomsportv498.top/matches?id=bein-sports-2
2026-04-21 09:47:17,685 [INFO] ──────────────────────────────────────────────────
2026-04-21 09:47:49,889 [INFO]   📡 M3U8 bekleniyor (max 8s)...
2026-04-21 09:47:49,900 [INFO]   🎯 DOĞRU kanal bulundu: https://hlsssssss.yesbeits.workers.dev/https://corestream.ronaldovurdu.help//hls/bein-sports-2.m3u8
2026-04-21 09:47:49,901 [INFO]   ✅ beIN Sports 2: https://hlsssssss.yesbeits.workers.dev/https://corestream.ronaldovurdu.help//hls/bein-sports-2.m3u8
2026-04-21 09:47:50,901 [INFO] 
[3/13]
2026-04-21 09:47:50,902 [INFO] 
──────────────────────────────────────────────────
2026-04-21 09:47:50,902 [INFO] 🔍 beIN Sports 3 → https://atomsportv498.top/matches?id=bein-sports-3
2026-04-21 09:47:50,902 [INFO] ──────────────────────────────────────────────────
2026-04-21 09:48:23,125 [INFO]   📡 M3U8 bekleniyor (max 8s)...
2026-04-21 09:48:23,132 [INFO]   🎯 DOĞRU kanal bulundu: https://hlsssssss.yesbeits.workers.dev/https://corestream.ronaldovurdu.help//hls/bein-sports-3.m3u8
2026-04-21 09:48:23,133 [INFO]   ✅ beIN Sports 3: https://hlsssssss.yesbeits.workers.dev/https://corestream.ronaldovurdu.help//hls/bein-sports-3.m3u8
2026-04-21 09:48:24,133 [INFO] 
[4/13]
2026-04-21 09:48:24,133 [INFO] 
──────────────────────────────────────────────────
2026-04-21 09:48:24,134 [INFO] 🔍 beIN Sports 4 → https://atomsportv498.top/matches?id=bein-sports-4
2026-04-21 09:48:24,134 [INFO] ──────────────────────────────────────────────────
2026-04-21 09:48:56,013 [INFO]   📡 M3U8 bekleniyor (max 8s)...
2026-04-21 09:48:56,020 [INFO]   🎯 DOĞRU kanal bulundu: https://hlsssssss.yesbeits.workers.dev/https://corestream.ronaldovurdu.help//hls/bein-sports-4.m3u8
2026-04-21 09:48:56,021 [INFO]   ✅ beIN Sports 4: https://hlsssssss.yesbeits.workers.dev/https://corestream.ronaldovurdu.help//hls/bein-sports-4.m3u8
2026-04-21 09:48:57,021 [INFO] 
[5/13]
2026-04-21 09:48:57,021 [INFO] 
──────────────────────────────────────────────────
2026-04-21 09:48:57,021 [INFO] 🔍 beIN Sports 5 → https://atomsportv498.top/matches?id=bein-sports-5
2026-04-21 09:48:57,021 [INFO] ──────────────────────────────────────────────────
2026-04-21 09:49:28,983 [INFO]   📡 M3U8 bekleniyor (max 8s)...
2026-04-21 09:49:28,997 [INFO]   🎯 DOĞRU kanal bulundu: https://hlsssssss.yesbeits.workers.dev/https://corestream.ronaldovurdu.help//hls/bein-sports-5.m3u8
2026-04-21 09:49:28,998 [INFO]   ✅ beIN Sports 5: https://hlsssssss.yesbeits.workers.dev/https://corestream.ronaldovurdu.help//hls/bein-sports-5.m3u8
2026-04-21 09:49:29,999 [INFO] 
[6/13]
2026-04-21 09:49:29,999 [INFO] 
──────────────────────────────────────────────────
2026-04-21 09:49:29,999 [INFO] 🔍 beIN Sports Max 1 → https://atomsportv498.top/matches?id=bein-sports-max-1
2026-04-21 09:49:29,999 [INFO] ──────────────────────────────────────────────────
2026-04-21 09:50:01,930 [INFO]   📡 M3U8 bekleniyor (max 8s)...
2026-04-21 09:50:01,939 [INFO]   🎯 DOĞRU kanal bulundu: https://hlsssssss.yesbeits.workers.dev/https://corestream.ronaldovurdu.help//hls/bein-sports-max-1.m3u8
2026-04-21 09:50:01,940 [INFO]   ✅ beIN Sports Max 1: https://hlsssssss.yesbeits.workers.dev/https://corestream.ronaldovurdu.help//hls/bein-sports-max-1.m3u8
2026-04-21 09:50:02,941 [INFO] 
[7/13]
2026-04-21 09:50:02,941 [INFO] 
──────────────────────────────────────────────────
2026-04-21 09:50:02,941 [INFO] 🔍 beIN Sports Max 2 → https://atomsportv498.top/matches?id=bein-sports-max-2
2026-04-21 09:50:02,941 [INFO] ──────────────────────────────────────────────────
2026-04-21 09:50:34,897 [INFO]   📡 M3U8 bekleniyor (max 8s)...
2026-04-21 09:50:34,915 [INFO]   🎯 DOĞRU kanal bulundu: https://hlsssssss.yesbeits.workers.dev/https://corestream.ronaldovurdu.help//hls/bein-sports-max-2.m3u8
2026-04-21 09:50:34,916 [INFO]   ✅ beIN Sports Max 2: https://hlsssssss.yesbeits.workers.dev/https://corestream.ronaldovurdu.help//hls/bein-sports-max-2.m3u8
2026-04-21 09:50:35,916 [INFO] 
[8/13]
2026-04-21 09:50:35,917 [INFO] 
──────────────────────────────────────────────────
2026-04-21 09:50:35,917 [INFO] 🔍 S Sport → https://atomsportv498.top/matches?id=s-sport
2026-04-21 09:50:35,917 [INFO] ──────────────────────────────────────────────────
2026-04-21 09:51:07,859 [INFO]   📡 M3U8 bekleniyor (max 8s)...
2026-04-21 09:51:07,870 [INFO]   🎯 DOĞRU kanal bulundu: https://hlsssssss.yesbeits.workers.dev/https://corestream.ronaldovurdu.help//hls/s-sport.m3u8
2026-04-21 09:51:07,871 [INFO]   ✅ S Sport: https://hlsssssss.yesbeits.workers.dev/https://corestream.ronaldovurdu.help//hls/s-sport.m3u8
2026-04-21 09:51:08,872 [INFO] 
[9/13]
2026-04-21 09:51:08,872 [INFO] 
──────────────────────────────────────────────────
2026-04-21 09:51:08,872 [INFO] 🔍 S Sport 2 → https://atomsportv498.top/matches?id=s-sport-2
2026-04-21 09:51:08,872 [INFO] ──────────────────────────────────────────────────
2026-04-21 09:51:40,785 [INFO]   📡 M3U8 bekleniyor (max 8s)...
2026-04-21 09:51:40,788 [INFO]   🎯 DOĞRU kanal bulundu: https://hlsssssss.yesbeits.workers.dev/https://corestream.ronaldovurdu.help//hls/s-sport-2.m3u8
2026-04-21 09:51:40,788 [INFO]   ✅ S Sport 2: https://hlsssssss.yesbeits.workers.dev/https://corestream.ronaldovurdu.help//hls/s-sport-2.m3u8
2026-04-21 09:51:41,788 [INFO] 
[10/13]
2026-04-21 09:51:41,788 [INFO] 
──────────────────────────────────────────────────
2026-04-21 09:51:41,788 [INFO] 🔍 Tivibu Spor 1 → https://atomsportv498.top/matches?id=tivibu-spor-1
2026-04-21 09:51:41,788 [INFO] ──────────────────────────────────────────────────
2026-04-21 09:52:13,497 [INFO]   📡 M3U8 bekleniyor (max 8s)...
2026-04-21 09:52:21,509 [INFO]   ❌ Tivibu Spor 1: M3U8 bulunamadı
2026-04-21 09:52:22,509 [INFO] 
[11/13]
2026-04-21 09:52:22,509 [INFO] 
──────────────────────────────────────────────────
2026-04-21 09:52:22,509 [INFO] 🔍 Tivibu Spor 2 → https://atomsportv498.top/matches?id=tivibu-spor-2
2026-04-21 09:52:22,510 [INFO] ──────────────────────────────────────────────────
2026-04-21 09:52:54,370 [INFO]   📡 M3U8 bekleniyor (max 8s)...
2026-04-21 09:53:02,380 [INFO]   ❌ Tivibu Spor 2: M3U8 bulunamadı
2026-04-21 09:53:03,381 [INFO] 
[12/13]
2026-04-21 09:53:03,381 [INFO] 
──────────────────────────────────────────────────
2026-04-21 09:53:03,381 [INFO] 🔍 Tivibu Spor 3 → https://atomsportv498.top/matches?id=tivibu-spor-3
2026-04-21 09:53:03,381 [INFO] ──────────────────────────────────────────────────
2026-04-21 09:53:35,298 [INFO]   📡 M3U8 bekleniyor (max 8s)...
2026-04-21 09:53:43,309 [INFO]   ❌ Tivibu Spor 3: M3U8 bulunamadı
2026-04-21 09:53:44,309 [INFO] 
[13/13]
2026-04-21 09:53:44,309 [INFO] 
──────────────────────────────────────────────────
2026-04-21 09:53:44,309 [INFO] 🔍 Tivibu Spor 4 → https://atomsportv498.top/matches?id=tivibu-spor-4
2026-04-21 09:53:44,309 [INFO] ──────────────────────────────────────────────────
2026-04-21 09:54:16,198 [INFO]   📡 M3U8 bekleniyor (max 8s)...
2026-04-21 09:54:24,208 [INFO]   ❌ Tivibu Spor 4: M3U8 bulunamadı
2026-04-21 09:54:25,271 [INFO] 🔒 Driver kapatıldı
2026-04-21 09:54:25,271 [INFO] 
=======================================================
2026-04-21 09:54:25,271 [INFO] 🏁 Tamamlandı!
2026-04-21 09:54:25,271 [INFO] 📺 Kanal : 9/13
2026-04-21 09:54:25,271 [INFO] ⏱️  Süre  : 461.6s
2026-04-21 09:54:25,271 [INFO] =======================================================
2026-04-21 09:54:25,271 [INFO] ✅ playlist.m3u kaydedildi
2026-04-21 09:54:25,272 [INFO] ✅ stats.json kaydedildi
