2026-04-21 21:52:10,704 [INFO] 🔎 Domain aralığı taranıyor: atomsportv490.top - atomsportv520.top
2026-04-21 21:52:11,978 [INFO]   ✅ Aktif domain bulundu: https://atomsportv499.top
2026-04-21 21:52:11,980 [INFO] 🌐 Kullanılan BASE_URL: https://atomsportv499.top
2026-04-21 21:52:12,967 [INFO] ✅ SeleniumWire aktif
2026-04-21 21:52:12,968 [INFO] =======================================================
2026-04-21 21:52:12,968 [INFO]    M3U8 Scraper
2026-04-21 21:52:12,968 [INFO]    Base URL : https://atomsportv499.top
2026-04-21 21:52:12,968 [INFO]    Toplam   : 13 sayfa
2026-04-21 21:52:12,968 [INFO] =======================================================
2026-04-21 21:52:12,969 [INFO] 🔧 Driver başlatılıyor...
2026-04-21 21:52:13,706 [INFO] ✅ Driver başlatıldı
2026-04-21 21:52:13,707 [INFO] 
[1/13]
2026-04-21 21:52:13,707 [INFO] 
──────────────────────────────────────────────────
2026-04-21 21:52:13,707 [INFO] 🔍 beIN Sports 1 → https://atomsportv499.top/matches?id=bein-sports-1
2026-04-21 21:52:13,707 [INFO] ──────────────────────────────────────────────────
2026-04-21 21:52:45,875 [INFO]   📡 M3U8 bekleniyor (max 8s)...
2026-04-21 21:52:45,885 [INFO]   🎯 DOĞRU kanal bulundu: https://hlsssssss.neymardacorona.workers.dev/https://corestream.ronaldovurdu.help//hls/bein-sports-11.m3u8
2026-04-21 21:52:45,886 [INFO]   ✅ beIN Sports 1: https://hlsssssss.neymardacorona.workers.dev/https://corestream.ronaldovurdu.help//hls/bein-sports-11.m3u8
2026-04-21 21:52:46,886 [INFO] 
[2/13]
2026-04-21 21:52:46,886 [INFO] 
──────────────────────────────────────────────────
2026-04-21 21:52:46,887 [INFO] 🔍 beIN Sports 2 → https://atomsportv499.top/matches?id=bein-sports-2
2026-04-21 21:52:46,887 [INFO] ──────────────────────────────────────────────────
2026-04-21 21:53:19,060 [INFO]   📡 M3U8 bekleniyor (max 8s)...
2026-04-21 21:53:19,065 [INFO]   🎯 DOĞRU kanal bulundu: https://hlsssssss.neymardacorona.workers.dev/https://corestream.ronaldovurdu.help//hls/bein-sports-2.m3u8
2026-04-21 21:53:19,065 [INFO]   ✅ beIN Sports 2: https://hlsssssss.neymardacorona.workers.dev/https://corestream.ronaldovurdu.help//hls/bein-sports-2.m3u8
2026-04-21 21:53:20,065 [INFO] 
[3/13]
2026-04-21 21:53:20,065 [INFO] 
──────────────────────────────────────────────────
2026-04-21 21:53:20,065 [INFO] 🔍 beIN Sports 3 → https://atomsportv499.top/matches?id=bein-sports-3
2026-04-21 21:53:20,065 [INFO] ──────────────────────────────────────────────────
2026-04-21 21:53:52,292 [INFO]   📡 M3U8 bekleniyor (max 8s)...
2026-04-21 21:53:52,298 [INFO]   🎯 DOĞRU kanal bulundu: https://hlsssssss.neymardacorona.workers.dev/https://corestream.ronaldovurdu.help//hls/bein-sports-3.m3u8
2026-04-21 21:53:52,299 [INFO]   ✅ beIN Sports 3: https://hlsssssss.neymardacorona.workers.dev/https://corestream.ronaldovurdu.help//hls/bein-sports-3.m3u8
2026-04-21 21:53:53,299 [INFO] 
[4/13]
2026-04-21 21:53:53,299 [INFO] 
──────────────────────────────────────────────────
2026-04-21 21:53:53,299 [INFO] 🔍 beIN Sports 4 → https://atomsportv499.top/matches?id=bein-sports-4
2026-04-21 21:53:53,299 [INFO] ──────────────────────────────────────────────────
2026-04-21 21:54:25,297 [INFO]   📡 M3U8 bekleniyor (max 8s)...
2026-04-21 21:54:25,305 [INFO]   🎯 DOĞRU kanal bulundu: https://hlsssssss.neymardacorona.workers.dev/https://corestream.ronaldovurdu.help//hls/bein-sports-4.m3u8
2026-04-21 21:54:25,306 [INFO]   ✅ beIN Sports 4: https://hlsssssss.neymardacorona.workers.dev/https://corestream.ronaldovurdu.help//hls/bein-sports-4.m3u8
2026-04-21 21:54:26,306 [INFO] 
[5/13]
2026-04-21 21:54:26,306 [INFO] 
──────────────────────────────────────────────────
2026-04-21 21:54:26,306 [INFO] 🔍 beIN Sports 5 → https://atomsportv499.top/matches?id=bein-sports-5
2026-04-21 21:54:26,306 [INFO] ──────────────────────────────────────────────────
2026-04-21 21:54:58,273 [INFO]   📡 M3U8 bekleniyor (max 8s)...
2026-04-21 21:54:58,281 [INFO]   🎯 DOĞRU kanal bulundu: https://hlsssssss.neymardacorona.workers.dev/https://corestream.ronaldovurdu.help//hls/bein-sports-5.m3u8
2026-04-21 21:54:58,282 [INFO]   ✅ beIN Sports 5: https://hlsssssss.neymardacorona.workers.dev/https://corestream.ronaldovurdu.help//hls/bein-sports-5.m3u8
2026-04-21 21:54:59,282 [INFO] 
[6/13]
2026-04-21 21:54:59,282 [INFO] 
──────────────────────────────────────────────────
2026-04-21 21:54:59,282 [INFO] 🔍 beIN Sports Max 1 → https://atomsportv499.top/matches?id=bein-sports-max-1
2026-04-21 21:54:59,282 [INFO] ──────────────────────────────────────────────────
2026-04-21 21:55:31,285 [INFO]   📡 M3U8 bekleniyor (max 8s)...
2026-04-21 21:55:31,303 [INFO]   🎯 DOĞRU kanal bulundu: https://hlsssssss.neymardacorona.workers.dev/https://corestream.ronaldovurdu.help//hls/bein-sports-max-1.m3u8
2026-04-21 21:55:31,305 [INFO]   ✅ beIN Sports Max 1: https://hlsssssss.neymardacorona.workers.dev/https://corestream.ronaldovurdu.help//hls/bein-sports-max-1.m3u8
2026-04-21 21:55:32,305 [INFO] 
[7/13]
2026-04-21 21:55:32,305 [INFO] 
──────────────────────────────────────────────────
2026-04-21 21:55:32,305 [INFO] 🔍 beIN Sports Max 2 → https://atomsportv499.top/matches?id=bein-sports-max-2
2026-04-21 21:55:32,306 [INFO] ──────────────────────────────────────────────────
2026-04-21 21:56:04,317 [INFO]   📡 M3U8 bekleniyor (max 8s)...
2026-04-21 21:56:04,331 [INFO]   🎯 DOĞRU kanal bulundu: https://hlsssssss.neymardacorona.workers.dev/https://corestream.ronaldovurdu.help//hls/bein-sports-max-2.m3u8
2026-04-21 21:56:04,333 [INFO]   ✅ beIN Sports Max 2: https://hlsssssss.neymardacorona.workers.dev/https://corestream.ronaldovurdu.help//hls/bein-sports-max-2.m3u8
2026-04-21 21:56:05,333 [INFO] 
[8/13]
2026-04-21 21:56:05,333 [INFO] 
──────────────────────────────────────────────────
2026-04-21 21:56:05,333 [INFO] 🔍 S Sport → https://atomsportv499.top/matches?id=s-sport
2026-04-21 21:56:05,333 [INFO] ──────────────────────────────────────────────────
2026-04-21 21:56:37,269 [INFO]   📡 M3U8 bekleniyor (max 8s)...
2026-04-21 21:56:37,270 [INFO]   🎯 DOĞRU kanal bulundu: https://hlsssssss.neymardacorona.workers.dev/https://corestream.ronaldovurdu.help//hls/s-sport.m3u8
2026-04-21 21:56:37,270 [INFO]   ✅ S Sport: https://hlsssssss.neymardacorona.workers.dev/https://corestream.ronaldovurdu.help//hls/s-sport.m3u8
2026-04-21 21:56:38,270 [INFO] 
[9/13]
2026-04-21 21:56:38,270 [INFO] 
──────────────────────────────────────────────────
2026-04-21 21:56:38,270 [INFO] 🔍 S Sport 2 → https://atomsportv499.top/matches?id=s-sport-2
2026-04-21 21:56:38,270 [INFO] ──────────────────────────────────────────────────
2026-04-21 21:57:10,226 [INFO]   📡 M3U8 bekleniyor (max 8s)...
2026-04-21 21:57:10,227 [INFO]   🎯 DOĞRU kanal bulundu: https://hlsssssss.neymardacorona.workers.dev/https://corestream.ronaldovurdu.help//hls/s-sport-2.m3u8
2026-04-21 21:57:10,227 [INFO]   ✅ S Sport 2: https://hlsssssss.neymardacorona.workers.dev/https://corestream.ronaldovurdu.help//hls/s-sport-2.m3u8
2026-04-21 21:57:11,227 [INFO] 
[10/13]
2026-04-21 21:57:11,227 [INFO] 
──────────────────────────────────────────────────
2026-04-21 21:57:11,227 [INFO] 🔍 Tivibu Spor 1 → https://atomsportv499.top/matches?id=tivibu-spor-1
2026-04-21 21:57:11,228 [INFO] ──────────────────────────────────────────────────
2026-04-21 21:57:43,149 [INFO]   📡 M3U8 bekleniyor (max 8s)...
2026-04-21 21:57:51,161 [INFO]   ❌ Tivibu Spor 1: M3U8 bulunamadı
2026-04-21 21:57:52,161 [INFO] 
[11/13]
2026-04-21 21:57:52,161 [INFO] 
──────────────────────────────────────────────────
2026-04-21 21:57:52,161 [INFO] 🔍 Tivibu Spor 2 → https://atomsportv499.top/matches?id=tivibu-spor-2
2026-04-21 21:57:52,162 [INFO] ──────────────────────────────────────────────────
2026-04-21 21:58:24,148 [INFO]   📡 M3U8 bekleniyor (max 8s)...
2026-04-21 21:58:32,159 [INFO]   ❌ Tivibu Spor 2: M3U8 bulunamadı
2026-04-21 21:58:33,159 [INFO] 
[12/13]
2026-04-21 21:58:33,159 [INFO] 
──────────────────────────────────────────────────
2026-04-21 21:58:33,160 [INFO] 🔍 Tivibu Spor 3 → https://atomsportv499.top/matches?id=tivibu-spor-3
2026-04-21 21:58:33,160 [INFO] ──────────────────────────────────────────────────
2026-04-21 21:59:04,881 [INFO]   📡 M3U8 bekleniyor (max 8s)...
2026-04-21 21:59:12,893 [INFO]   ❌ Tivibu Spor 3: M3U8 bulunamadı
2026-04-21 21:59:13,893 [INFO] 
[13/13]
2026-04-21 21:59:13,894 [INFO] 
──────────────────────────────────────────────────
2026-04-21 21:59:13,894 [INFO] 🔍 Tivibu Spor 4 → https://atomsportv499.top/matches?id=tivibu-spor-4
2026-04-21 21:59:13,894 [INFO] ──────────────────────────────────────────────────
2026-04-21 21:59:46,070 [INFO]   📡 M3U8 bekleniyor (max 8s)...
2026-04-21 21:59:54,082 [INFO]   ❌ Tivibu Spor 4: M3U8 bulunamadı
2026-04-21 21:59:55,147 [INFO] 🔒 Driver kapatıldı
2026-04-21 21:59:55,147 [INFO] 
=======================================================
2026-04-21 21:59:55,147 [INFO] 🏁 Tamamlandı!
2026-04-21 21:59:55,147 [INFO] 📺 Kanal : 9/13
2026-04-21 21:59:55,147 [INFO] ⏱️  Süre  : 462.2s
2026-04-21 21:59:55,147 [INFO] =======================================================
2026-04-21 21:59:55,147 [INFO] ✅ playlist.m3u kaydedildi
2026-04-21 21:59:55,148 [INFO] ✅ stats.json kaydedildi
