2026-05-09 23:53:06,173 [INFO] 🔎 Domain aralığı taranıyor: atomsportv490.top - atomsportv520.top
2026-05-09 23:53:08,590 [INFO]   ✅ Aktif domain bulundu: https://atomsportv503.top
2026-05-09 23:53:08,592 [INFO] 🌐 Kullanılan BASE_URL: https://atomsportv503.top
2026-05-09 23:53:08,593 [INFO] 🔗 Proxy Prefix: https://ronaldo.magnitude.workers.dev/?url=
2026-05-09 23:53:10,121 [INFO] ✅ SeleniumWire aktif
2026-05-09 23:53:10,123 [INFO] =======================================================
2026-05-09 23:53:10,123 [INFO]    M3U8 Scraper
2026-05-09 23:53:10,123 [INFO]    Base URL    : https://atomsportv503.top
2026-05-09 23:53:10,123 [INFO]    Proxy Prefix: https://ronaldo.magnitude.workers.dev/?url=
2026-05-09 23:53:10,123 [INFO]    Toplam      : 13 sayfa
2026-05-09 23:53:10,123 [INFO] =======================================================
2026-05-09 23:53:10,123 [INFO] 🔧 Driver başlatılıyor...
2026-05-09 23:53:10,897 [INFO] ✅ Driver başlatıldı
2026-05-09 23:53:10,897 [INFO] 
[1/13]
2026-05-09 23:53:10,897 [INFO] 
──────────────────────────────────────────────────
2026-05-09 23:53:10,897 [INFO] 🔍 beIN Sports 1 → https://atomsportv503.top/matches?id=bein-sports-1
2026-05-09 23:53:10,897 [INFO] ──────────────────────────────────────────────────
2026-05-09 23:53:43,155 [INFO]   📡 M3U8 bekleniyor (max 8s)...
2026-05-09 23:53:43,166 [INFO]   🎯 DOĞRU kanal bulundu: https://hlssssssssssssssssss.sevinccaglayan6384.workers.dev/https://corestream.ronaldovurdu.help//hls/bein-sports-11.m3u8
2026-05-09 23:53:43,167 [INFO]   ✅ beIN Sports 1: https://hlssssssssssssssssss.sevinccaglayan6384.workers.dev/https://corestream.ronaldovurdu.help//hls/bein-sports-11.m3u8
2026-05-09 23:53:44,167 [INFO] 
[2/13]
2026-05-09 23:53:44,167 [INFO] 
──────────────────────────────────────────────────
2026-05-09 23:53:44,167 [INFO] 🔍 beIN Sports 2 → https://atomsportv503.top/matches?id=bein-sports-2
2026-05-09 23:53:44,167 [INFO] ──────────────────────────────────────────────────
2026-05-09 23:54:16,271 [INFO]   📡 M3U8 bekleniyor (max 8s)...
2026-05-09 23:54:16,284 [INFO]   🎯 DOĞRU kanal bulundu: https://hlssssssssssssssssss.sevinccaglayan6384.workers.dev/https://corestream.ronaldovurdu.help//hls/bein-sports-2.m3u8
2026-05-09 23:54:16,285 [INFO]   ✅ beIN Sports 2: https://hlssssssssssssssssss.sevinccaglayan6384.workers.dev/https://corestream.ronaldovurdu.help//hls/bein-sports-2.m3u8
2026-05-09 23:54:17,285 [INFO] 
[3/13]
2026-05-09 23:54:17,286 [INFO] 
──────────────────────────────────────────────────
2026-05-09 23:54:17,286 [INFO] 🔍 beIN Sports 3 → https://atomsportv503.top/matches?id=bein-sports-3
2026-05-09 23:54:17,286 [INFO] ──────────────────────────────────────────────────
2026-05-09 23:54:49,449 [INFO]   📡 M3U8 bekleniyor (max 8s)...
2026-05-09 23:54:49,459 [INFO]   🎯 DOĞRU kanal bulundu: https://hlssssssssssssssssss.sevinccaglayan6384.workers.dev/https://corestream.ronaldovurdu.help//hls/bein-sports-3.m3u8
2026-05-09 23:54:49,461 [INFO]   ✅ beIN Sports 3: https://hlssssssssssssssssss.sevinccaglayan6384.workers.dev/https://corestream.ronaldovurdu.help//hls/bein-sports-3.m3u8
2026-05-09 23:54:50,461 [INFO] 
[4/13]
2026-05-09 23:54:50,461 [INFO] 
──────────────────────────────────────────────────
2026-05-09 23:54:50,461 [INFO] 🔍 beIN Sports 4 → https://atomsportv503.top/matches?id=bein-sports-4
2026-05-09 23:54:50,462 [INFO] ──────────────────────────────────────────────────
2026-05-09 23:55:22,296 [INFO]   📡 M3U8 bekleniyor (max 8s)...
2026-05-09 23:55:22,306 [INFO]   🎯 DOĞRU kanal bulundu: https://hlssssssssssssssssss.sevinccaglayan6384.workers.dev/https://corestream.ronaldovurdu.help//hls/bein-sports-4.m3u8
2026-05-09 23:55:22,307 [INFO]   ✅ beIN Sports 4: https://hlssssssssssssssssss.sevinccaglayan6384.workers.dev/https://corestream.ronaldovurdu.help//hls/bein-sports-4.m3u8
2026-05-09 23:55:23,308 [INFO] 
[5/13]
2026-05-09 23:55:23,308 [INFO] 
──────────────────────────────────────────────────
2026-05-09 23:55:23,308 [INFO] 🔍 beIN Sports 5 → https://atomsportv503.top/matches?id=bein-sports-5
2026-05-09 23:55:23,308 [INFO] ──────────────────────────────────────────────────
2026-05-09 23:55:55,135 [INFO]   📡 M3U8 bekleniyor (max 8s)...
2026-05-09 23:55:55,143 [INFO]   🎯 DOĞRU kanal bulundu: https://hlssssssssssssssssss.sevinccaglayan6384.workers.dev/https://corestream.ronaldovurdu.help//hls/bein-sports-5.m3u8
2026-05-09 23:55:55,145 [INFO]   ✅ beIN Sports 5: https://hlssssssssssssssssss.sevinccaglayan6384.workers.dev/https://corestream.ronaldovurdu.help//hls/bein-sports-5.m3u8
2026-05-09 23:55:56,145 [INFO] 
[6/13]
2026-05-09 23:55:56,146 [INFO] 
──────────────────────────────────────────────────
2026-05-09 23:55:56,146 [INFO] 🔍 beIN Sports Max 1 → https://atomsportv503.top/matches?id=bein-sports-max-1
2026-05-09 23:55:56,148 [INFO] ──────────────────────────────────────────────────
2026-05-09 23:56:28,012 [INFO]   📡 M3U8 bekleniyor (max 8s)...
2026-05-09 23:56:36,030 [INFO]   ❌ beIN Sports Max 1: M3U8 bulunamadı
2026-05-09 23:56:37,031 [INFO] 
[7/13]
2026-05-09 23:56:37,031 [INFO] 
──────────────────────────────────────────────────
2026-05-09 23:56:37,031 [INFO] 🔍 beIN Sports Max 2 → https://atomsportv503.top/matches?id=bein-sports-max-2
2026-05-09 23:56:37,031 [INFO] ──────────────────────────────────────────────────
2026-05-09 23:57:08,641 [INFO]   📡 M3U8 bekleniyor (max 8s)...
2026-05-09 23:57:08,641 [INFO]   🎯 DOĞRU kanal bulundu: https://hlssssssssssssssssss.sevinccaglayan6384.workers.dev/https://corestream.ronaldovurdu.help//hls/bein-sports-max-2.m3u8
2026-05-09 23:57:08,642 [INFO]   ✅ beIN Sports Max 2: https://hlssssssssssssssssss.sevinccaglayan6384.workers.dev/https://corestream.ronaldovurdu.help//hls/bein-sports-max-2.m3u8
2026-05-09 23:57:09,642 [INFO] 
[8/13]
2026-05-09 23:57:09,642 [INFO] 
──────────────────────────────────────────────────
2026-05-09 23:57:09,642 [INFO] 🔍 S Sport → https://atomsportv503.top/matches?id=s-sport
2026-05-09 23:57:09,642 [INFO] ──────────────────────────────────────────────────
2026-05-09 23:57:41,455 [INFO]   📡 M3U8 bekleniyor (max 8s)...
2026-05-09 23:57:41,467 [INFO]   🎯 DOĞRU kanal bulundu: https://hlssssssssssssssssss.sevinccaglayan6384.workers.dev/https://corestream.ronaldovurdu.help//hls/s-sport.m3u8
2026-05-09 23:57:41,468 [INFO]   ✅ S Sport: https://hlssssssssssssssssss.sevinccaglayan6384.workers.dev/https://corestream.ronaldovurdu.help//hls/s-sport.m3u8
2026-05-09 23:57:42,468 [INFO] 
[9/13]
2026-05-09 23:57:42,468 [INFO] 
──────────────────────────────────────────────────
2026-05-09 23:57:42,468 [INFO] 🔍 S Sport 2 → https://atomsportv503.top/matches?id=s-sport-2
2026-05-09 23:57:42,468 [INFO] ──────────────────────────────────────────────────
2026-05-09 23:58:14,305 [INFO]   📡 M3U8 bekleniyor (max 8s)...
2026-05-09 23:58:14,312 [INFO]   🎯 DOĞRU kanal bulundu: https://hlssssssssssssssssss.sevinccaglayan6384.workers.dev/https://corestream.ronaldovurdu.help//hls/s-sport-2.m3u8
2026-05-09 23:58:14,313 [INFO]   ✅ S Sport 2: https://hlssssssssssssssssss.sevinccaglayan6384.workers.dev/https://corestream.ronaldovurdu.help//hls/s-sport-2.m3u8
2026-05-09 23:58:15,314 [INFO] 
[10/13]
2026-05-09 23:58:15,314 [INFO] 
──────────────────────────────────────────────────
2026-05-09 23:58:15,314 [INFO] 🔍 Tivibu Spor 1 → https://atomsportv503.top/matches?id=tivibu-spor-1
2026-05-09 23:58:15,314 [INFO] ──────────────────────────────────────────────────
2026-05-09 23:58:47,120 [INFO]   📡 M3U8 bekleniyor (max 8s)...
2026-05-09 23:58:55,132 [INFO]   ❌ Tivibu Spor 1: M3U8 bulunamadı
2026-05-09 23:58:56,133 [INFO] 
[11/13]
2026-05-09 23:58:56,133 [INFO] 
──────────────────────────────────────────────────
2026-05-09 23:58:56,133 [INFO] 🔍 Tivibu Spor 2 → https://atomsportv503.top/matches?id=tivibu-spor-2
2026-05-09 23:58:56,133 [INFO] ──────────────────────────────────────────────────
2026-05-09 23:59:27,966 [INFO]   📡 M3U8 bekleniyor (max 8s)...
2026-05-09 23:59:35,979 [INFO]   ❌ Tivibu Spor 2: M3U8 bulunamadı
2026-05-09 23:59:36,979 [INFO] 
[12/13]
2026-05-09 23:59:36,979 [INFO] 
──────────────────────────────────────────────────
2026-05-09 23:59:36,979 [INFO] 🔍 Tivibu Spor 3 → https://atomsportv503.top/matches?id=tivibu-spor-3
2026-05-09 23:59:36,979 [INFO] ──────────────────────────────────────────────────
2026-05-10 00:00:08,796 [INFO]   📡 M3U8 bekleniyor (max 8s)...
2026-05-10 00:00:16,808 [INFO]   ❌ Tivibu Spor 3: M3U8 bulunamadı
2026-05-10 00:00:17,808 [INFO] 
[13/13]
2026-05-10 00:00:17,808 [INFO] 
──────────────────────────────────────────────────
2026-05-10 00:00:17,808 [INFO] 🔍 Tivibu Spor 4 → https://atomsportv503.top/matches?id=tivibu-spor-4
2026-05-10 00:00:17,808 [INFO] ──────────────────────────────────────────────────
2026-05-10 00:00:49,658 [INFO]   📡 M3U8 bekleniyor (max 8s)...
2026-05-10 00:00:57,670 [INFO]   ❌ Tivibu Spor 4: M3U8 bulunamadı
2026-05-10 00:00:58,736 [INFO] 🔒 Driver kapatıldı
2026-05-10 00:00:58,736 [INFO] 
=======================================================
2026-05-10 00:00:58,736 [INFO] 🏁 Tamamlandı!
2026-05-10 00:00:58,736 [INFO] 📺 Kanal : 8/13
2026-05-10 00:00:58,736 [INFO] ⏱️  Süre  : 468.6s
2026-05-10 00:00:58,736 [INFO] =======================================================
2026-05-10 00:00:58,736 [INFO] ✅ playlist.m3u kaydedildi (proxy prefix'li)
2026-05-10 00:00:58,737 [INFO] ✅ stats.json kaydedildi
