2026-06-13 15:18:22,736 [INFO] 🌐 BASE_URL: https://atomsportv506.top
2026-06-13 15:18:23,598 [INFO] Başlanıyor... 14 kanal taranacak
2026-06-13 15:18:23,598 [INFO] Using default request storage
2026-06-13 15:18:23,603 [INFO] Created proxy listening on 127.0.0.1:35541
2026-06-13 15:18:24,265 [INFO] Capturing request: http://clients2.google.com/time/1/current?cup2key=10:Tj_sWFpp2gnKDYA4F_Rvb3-hcy6kyCSArVCwCtzz0_Y&cup2hreq=e3b0c44298fc1c149afbf4c8996fb92427ae41e4649b934ca495991b7852b855
2026-06-13 15:18:24,298 [INFO] Capturing response: http://clients2.google.com/time/1/current?cup2key=10:Tj_sWFpp2gnKDYA4F_Rvb3-hcy6kyCSArVCwCtzz0_Y&cup2hreq=e3b0c44298fc1c149afbf4c8996fb92427ae41e4649b934ca495991b7852b855 200 OK
2026-06-13 15:18:24,373 [INFO] 
[1/14]
2026-06-13 15:18:24,374 [INFO] 🔍 beIN Sports 1 → https://atomsportv506.top/matches?id=bein-sports-1
2026-06-13 15:18:24,415 [INFO] Capturing request: https://accounts.google.com/ListAccounts?gpsia=1&source=ChromiumBrowser&json=standard&laf=b64bin
2026-06-13 15:18:24,479 [INFO] Capturing response: https://accounts.google.com/ListAccounts?gpsia=1&source=ChromiumBrowser&json=standard&laf=b64bin 200 
2026-06-13 15:18:24,538 [INFO] Capturing request: https://atomsportv506.top/matches?id=bein-sports-1
2026-06-13 15:18:24,707 [INFO] Capturing response: https://atomsportv506.top/matches?id=bein-sports-1 200 
2026-06-13 15:18:24,762 [INFO] Capturing request: https://www.google.com/async/folae?async=_fmt:pb&udm=50&client_locale=en-US
2026-06-13 15:18:24,782 [INFO] Capturing response: https://www.google.com/async/folae?async=_fmt:pb&udm=50&client_locale=en-US 200 
2026-06-13 15:18:24,858 [INFO] Capturing request: https://atomsportv506.top/assets/js/clappr.js
2026-06-13 15:18:24,906 [INFO] Capturing response: https://atomsportv506.top/assets/js/clappr.js 200 
2026-06-13 15:18:24,908 [INFO] Capturing request: https://cdnjs.cloudflare.com/ajax/libs/jquery/3.2.1/jquery.min.js
2026-06-13 15:18:24,910 [INFO] Capturing request: https://cdn.jsdelivr.net/npm/@clappr/player@latest/dist/clappr.min.js
2026-06-13 15:18:24,932 [INFO] Capturing response: https://cdn.jsdelivr.net/npm/@clappr/player@latest/dist/clappr.min.js 200 
2026-06-13 15:18:24,934 [INFO] Capturing response: https://cdnjs.cloudflare.com/ajax/libs/jquery/3.2.1/jquery.min.js 200 
2026-06-13 15:18:25,126 [INFO] Capturing request: https://static.cloudflareinsights.com/beacon.min.js/v833ccba57c9e4d2798f2e76cebdd09a11778172276447
2026-06-13 15:18:25,144 [INFO] Capturing response: https://static.cloudflareinsights.com/beacon.min.js/v833ccba57c9e4d2798f2e76cebdd09a11778172276447 200 
2026-06-13 15:18:25,203 [INFO] Capturing request: https://atomsportv506.top/cdn-cgi/rum?
2026-06-13 15:18:25,306 [INFO] Capturing request: https://atomsportv506.top/favicon.ico
2026-06-13 15:18:25,318 [INFO] Capturing response: https://atomsportv506.top/cdn-cgi/rum? 204 
2026-06-13 15:18:25,357 [INFO] Capturing request: https://teletv5.top/load/yayinlink.php?id=bein-sports-1
2026-06-13 15:18:25,362 [INFO] Capturing response: https://atomsportv506.top/favicon.ico 200 
2026-06-13 15:18:25,657 [INFO] Capturing response: https://teletv5.top/load/yayinlink.php?id=bein-sports-1 200 
2026-06-13 15:18:25,754 [INFO] Capturing request: https://streamsport365.com/cinema
2026-06-13 15:18:26,018 [INFO] Capturing response: https://streamsport365.com/cinema 200 
2026-06-13 15:18:26,148 [INFO] Capturing request: https://atomsportv506.top/assets/img/player_logo_6880e4e4c52ee.png
2026-06-13 15:18:26,202 [INFO] Capturing response: https://atomsportv506.top/assets/img/player_logo_6880e4e4c52ee.png 200 
2026-06-13 15:18:26,214 [INFO] Capturing request: https://hlssssssssssssssssss.yedeklinksa35.workers.dev/https://corestream.ronaldovurdu.help//aspor/tracks-v1a1/mono.m3u8
2026-06-13 15:18:26,536 [INFO] Capturing response: https://hlssssssssssssssssss.yedeklinksa35.workers.dev/https://corestream.ronaldovurdu.help//aspor/tracks-v1a1/mono.m3u8 200 
2026-06-13 15:18:26,745 [INFO] Capturing request: https://ts.yedeklinksa35.workers.dev/aspor/tracks-v1a1/2026/06/13/15/19/59-06000.avif
2026-06-13 15:18:27,174 [INFO] Capturing request: https://android.clients.google.com/checkin
2026-06-13 15:18:27,201 [INFO] Capturing response: https://ts.yedeklinksa35.workers.dev/aspor/tracks-v1a1/2026/06/13/15/19/59-06000.avif 200 
2026-06-13 15:18:27,266 [INFO] Capturing response: https://android.clients.google.com/checkin 200 
2026-06-13 15:18:27,313 [INFO] Capturing request: https://android.clients.google.com/c2dm/register3
2026-06-13 15:18:27,318 [INFO] Capturing request: https://android.clients.google.com/c2dm/register3
2026-06-13 15:18:27,319 [INFO] Capturing request: https://android.clients.google.com/c2dm/register3
2026-06-13 15:18:27,368 [INFO] Capturing response: https://android.clients.google.com/c2dm/register3 301 
2026-06-13 15:18:27,476 [INFO] Capturing request: https://ts.yedeklinksa35.workers.dev/aspor/tracks-v1a1/2026/06/13/15/20/05-06000.avif
2026-06-13 15:18:27,942 [INFO] Capturing response: https://ts.yedeklinksa35.workers.dev/aspor/tracks-v1a1/2026/06/13/15/20/05-06000.avif 200 
2026-06-13 15:18:28,130 [INFO] Capturing response: https://android.clients.google.com/c2dm/register3 200 
2026-06-13 15:18:28,200 [INFO] Capturing request: https://ts.yedeklinksa35.workers.dev/aspor/tracks-v1a1/2026/06/13/15/20/11-06000.avif
2026-06-13 15:18:28,230 [INFO]   ✅ M3U8 bulundu: https://hlssssssssssssssssss.yedeklinksa35.workers.dev/https://corestream.ronaldovurdu.help//aspor/tracks-v1a1/mono.m3u8
2026-06-13 15:18:28,250 [INFO] Capturing response: https://android.clients.google.com/c2dm/register3 200 
2026-06-13 15:18:28,542 [INFO] Capturing response: https://ts.yedeklinksa35.workers.dev/aspor/tracks-v1a1/2026/06/13/15/20/11-06000.avif 200 
2026-06-13 15:18:29,230 [INFO] 
[2/14]
2026-06-13 15:18:29,231 [INFO] 🔍 beIN Sports 2 → https://atomsportv506.top/matches?id=bein-sports-2
2026-06-13 15:18:29,343 [INFO] Capturing request: https://atomsportv506.top/matches?id=bein-sports-2
2026-06-13 15:18:29,395 [INFO] Capturing response: https://atomsportv506.top/matches?id=bein-sports-2 200 
2026-06-13 15:18:29,408 [INFO] Capturing request: https://atomsportv506.top/cdn-cgi/rum?
2026-06-13 15:18:29,453 [INFO] Capturing request: https://streamsport365.com/cinema
2026-06-13 15:18:29,462 [INFO] Capturing request: https://atomsportv506.top/cdn-cgi/rum?
2026-06-13 15:18:29,518 [INFO] Capturing response: https://atomsportv506.top/cdn-cgi/rum? 204 
2026-06-13 15:18:29,561 [INFO] Capturing request: https://teletv5.top/load/yayinlink.php?id=bein-sports-2
2026-06-13 15:18:29,564 [INFO] Capturing request: https://atomsportv506.top/favicon.ico
2026-06-13 15:18:29,594 [INFO] Capturing response: https://atomsportv506.top/favicon.ico 200 
2026-06-13 15:18:29,612 [INFO] Capturing response: https://atomsportv506.top/cdn-cgi/rum? 204 
2026-06-13 15:18:29,710 [INFO] Capturing response: https://streamsport365.com/cinema 200 
2026-06-13 15:18:29,712 [INFO] Capturing response: https://teletv5.top/load/yayinlink.php?id=bein-sports-2 200 
2026-06-13 15:18:29,833 [INFO] Capturing request: https://hlssssssssssssssssss.yedeklinksa35.workers.dev/https://corestream.ronaldovurdu.help//bein2/tracks-v1a1/mono.m3u8
2026-06-13 15:18:29,976 [INFO] Capturing response: https://hlssssssssssssssssss.yedeklinksa35.workers.dev/https://corestream.ronaldovurdu.help//bein2/tracks-v1a1/mono.m3u8 200 
2026-06-13 15:18:30,087 [INFO] Capturing request: https://ts.yedeklinksa35.workers.dev/bein2/tracks-v1a1/2026/06/13/15/18/29-10000.avif
2026-06-13 15:18:30,441 [INFO] Capturing response: https://ts.yedeklinksa35.workers.dev/bein2/tracks-v1a1/2026/06/13/15/18/29-10000.avif 200 
2026-06-13 15:18:30,655 [INFO] Capturing request: https://ts.yedeklinksa35.workers.dev/bein2/tracks-v1a1/2026/06/13/15/18/39-10000.avif
2026-06-13 15:18:31,055 [INFO] Capturing response: https://ts.yedeklinksa35.workers.dev/bein2/tracks-v1a1/2026/06/13/15/18/39-10000.avif 200 
2026-06-13 15:18:31,286 [INFO] Capturing request: https://ts.yedeklinksa35.workers.dev/bein2/tracks-v1a1/2026/06/13/15/18/49-06200.avif
2026-06-13 15:18:31,658 [INFO] Capturing response: https://ts.yedeklinksa35.workers.dev/bein2/tracks-v1a1/2026/06/13/15/18/49-06200.avif 200 
2026-06-13 15:18:31,863 [INFO] Capturing request: https://ts.yedeklinksa35.workers.dev/bein2/tracks-v1a1/2026/06/13/15/18/56-10000.avif
2026-06-13 15:18:32,191 [INFO] Capturing response: https://ts.yedeklinksa35.workers.dev/bein2/tracks-v1a1/2026/06/13/15/18/56-10000.avif 200 
2026-06-13 15:18:32,484 [INFO]   ✅ M3U8 bulundu: https://hlssssssssssssssssss.yedeklinksa35.workers.dev/https://corestream.ronaldovurdu.help//bein2/tracks-v1a1/mono.m3u8
2026-06-13 15:18:33,484 [INFO] 
[3/14]
2026-06-13 15:18:33,485 [INFO] 🔍 beIN Sports 3 → https://atomsportv506.top/matches?id=bein-sports-3
2026-06-13 15:18:33,598 [INFO] Capturing request: https://atomsportv506.top/matches?id=bein-sports-3
2026-06-13 15:18:33,598 [INFO] Capturing request: https://atomsportv506.top/assets/js/clappr.js
2026-06-13 15:18:33,648 [INFO] Capturing response: https://atomsportv506.top/matches?id=bein-sports-3 200 
2026-06-13 15:18:33,659 [INFO] Capturing request: https://atomsportv506.top/cdn-cgi/rum?
2026-06-13 15:18:33,665 [INFO] Capturing response: https://atomsportv506.top/assets/js/clappr.js 200 
2026-06-13 15:18:33,687 [INFO] Capturing request: https://atomsportv506.top/cdn-cgi/rum?
2026-06-13 15:18:33,784 [INFO] Capturing request: https://teletv5.top/load/yayinlink.php?id=bein-sports-3
2026-06-13 15:18:33,787 [INFO] Capturing request: https://atomsportv506.top/favicon.ico
2026-06-13 15:18:33,794 [INFO] Capturing response: https://atomsportv506.top/cdn-cgi/rum? 204 
2026-06-13 15:18:33,795 [INFO] Capturing response: https://atomsportv506.top/cdn-cgi/rum? 204 
2026-06-13 15:18:33,816 [INFO] Capturing response: https://atomsportv506.top/favicon.ico 200 
2026-06-13 15:18:33,882 [INFO] Capturing request: https://streamsport365.com/cinema
2026-06-13 15:18:33,935 [INFO] Capturing response: https://teletv5.top/load/yayinlink.php?id=bein-sports-3 200 
2026-06-13 15:18:34,137 [INFO] Capturing response: https://streamsport365.com/cinema 200 
2026-06-13 15:18:47,773 [INFO] Capturing request: https://android.clients.google.com/c2dm/register3
2026-06-13 15:18:47,818 [INFO] Capturing response: https://android.clients.google.com/c2dm/register3 301 
2026-06-13 15:19:06,997 [WARNING]   ❌ beIN Sports 3 için M3U8 bulunamadı
2026-06-13 15:19:07,998 [INFO] 
[4/14]
2026-06-13 15:19:07,998 [INFO] 🔍 beIN Sports 4 → https://atomsportv506.top/matches?id=bein-sports-4
2026-06-13 15:19:08,108 [INFO] Capturing request: https://atomsportv506.top/assets/js/clappr.js
2026-06-13 15:19:08,109 [INFO] Capturing request: https://atomsportv506.top/matches?id=bein-sports-4
2026-06-13 15:19:08,136 [INFO] Capturing response: https://atomsportv506.top/assets/js/clappr.js 200 
2026-06-13 15:19:08,655 [INFO] Capturing response: https://atomsportv506.top/matches?id=bein-sports-4 200 
2026-06-13 15:19:08,664 [INFO] Capturing request: https://atomsportv506.top/cdn-cgi/rum?
2026-06-13 15:19:08,691 [INFO] Capturing request: https://atomsportv506.top/cdn-cgi/rum?
2026-06-13 15:19:08,775 [INFO] Capturing response: https://atomsportv506.top/cdn-cgi/rum? 204 
2026-06-13 15:19:08,789 [INFO] Capturing request: https://teletv5.top/load/yayinlink.php?id=bein-sports-4
2026-06-13 15:19:08,795 [INFO] Capturing request: https://atomsportv506.top/favicon.ico
2026-06-13 15:19:08,833 [INFO] Capturing response: https://atomsportv506.top/favicon.ico 200 
2026-06-13 15:19:08,841 [INFO] Capturing response: https://atomsportv506.top/cdn-cgi/rum? 204 
2026-06-13 15:19:08,887 [INFO] Capturing request: https://streamsport365.com/cinema
2026-06-13 15:19:09,140 [INFO] Capturing response: https://streamsport365.com/cinema 200 
2026-06-13 15:19:09,665 [INFO] Capturing response: https://teletv5.top/load/yayinlink.php?id=bein-sports-4 200 
2026-06-13 15:19:24,317 [INFO] Capturing request: https://update.googleapis.com/service/update2/json?cup2key=16:JOL8nfnBPOvPpxYLoj0CdpsTXNkto2saTXnoORtvMIQ&cup2hreq=fda3f27c101c50568b5efadbb7157a705d669ca81034cc2e65f8e780f91f5bf7
2026-06-13 15:19:24,347 [INFO] Capturing response: https://update.googleapis.com/service/update2/json?cup2key=16:JOL8nfnBPOvPpxYLoj0CdpsTXNkto2saTXnoORtvMIQ&cup2hreq=fda3f27c101c50568b5efadbb7157a705d669ca81034cc2e65f8e780f91f5bf7 200 
2026-06-13 15:19:24,359 [INFO] Capturing request: http://edgedl.me.gvt1.com/edgedl/diffgen-puffin/gcmjkmgdlgnkkcocmoeiminaijmmjnii/71d926df14cb4c89c6f8f88e6c0bfcf6fe1e1a256ca7f8db04002a111af4c5b0
2026-06-13 15:19:24,382 [INFO] Capturing response: http://edgedl.me.gvt1.com/edgedl/diffgen-puffin/gcmjkmgdlgnkkcocmoeiminaijmmjnii/71d926df14cb4c89c6f8f88e6c0bfcf6fe1e1a256ca7f8db04002a111af4c5b0 200 OK
2026-06-13 15:19:24,408 [INFO] Capturing request: https://update.googleapis.com/service/update2/json
2026-06-13 15:19:24,432 [INFO] Capturing response: https://update.googleapis.com/service/update2/json 200 
2026-06-13 15:19:24,477 [INFO] Capturing request: http://edgedl.me.gvt1.com/edgedl/release2/chrome_component/gjvgotvye2sjjfhcsdz7blxkva_10583/hfnkpimlhhgieaddgfemjhofmfblmnib_10583_all_ggrvayhqgugbbcofehapyjzrpm.crx3
2026-06-13 15:19:24,493 [INFO] Capturing response: http://edgedl.me.gvt1.com/edgedl/release2/chrome_component/gjvgotvye2sjjfhcsdz7blxkva_10583/hfnkpimlhhgieaddgfemjhofmfblmnib_10583_all_ggrvayhqgugbbcofehapyjzrpm.crx3 200 OK
2026-06-13 15:19:24,525 [INFO] Capturing request: https://update.googleapis.com/service/update2/json
2026-06-13 15:19:24,548 [INFO] Capturing response: https://update.googleapis.com/service/update2/json 200 
2026-06-13 15:19:30,967 [INFO] Capturing request: https://android.clients.google.com/c2dm/register3
2026-06-13 15:19:31,037 [INFO] Capturing response: https://android.clients.google.com/c2dm/register3 301 
2026-06-13 15:19:41,977 [WARNING]   ❌ beIN Sports 4 için M3U8 bulunamadı
2026-06-13 15:19:42,977 [INFO] 
[5/14]
2026-06-13 15:19:42,977 [INFO] 🔍 beIN Sports 5 → https://atomsportv506.top/matches?id=bein-sports-5
2026-06-13 15:19:43,129 [INFO] Capturing request: https://atomsportv506.top/matches?id=bein-sports-5
2026-06-13 15:19:43,135 [INFO] Capturing request: https://atomsportv506.top/assets/js/clappr.js
2026-06-13 15:19:43,159 [INFO] Capturing response: https://atomsportv506.top/assets/js/clappr.js 200 
2026-06-13 15:19:43,801 [INFO] Capturing response: https://atomsportv506.top/matches?id=bein-sports-5 200 
2026-06-13 15:19:43,810 [INFO] Capturing request: https://atomsportv506.top/cdn-cgi/rum?
2026-06-13 15:19:43,840 [INFO] Capturing request: https://atomsportv506.top/cdn-cgi/rum?
2026-06-13 15:19:43,944 [INFO] Capturing request: https://atomsportv506.top/favicon.ico
2026-06-13 15:19:43,953 [INFO] Capturing response: https://atomsportv506.top/cdn-cgi/rum? 204 
2026-06-13 15:19:43,954 [INFO] Capturing response: https://atomsportv506.top/cdn-cgi/rum? 204 
2026-06-13 15:19:43,977 [INFO] Capturing response: https://atomsportv506.top/favicon.ico 200 
2026-06-13 15:19:43,982 [INFO] Capturing request: https://teletv5.top/load/yayinlink.php?id=bein-sports-5
2026-06-13 15:19:44,283 [INFO] Capturing response: https://teletv5.top/load/yayinlink.php?id=bein-sports-5 200 
2026-06-13 15:19:44,400 [INFO] Capturing request: https://streamsport365.com/cinema
2026-06-13 15:19:44,642 [INFO] Capturing response: https://streamsport365.com/cinema 200 
2026-06-13 15:20:17,104 [WARNING]   ❌ beIN Sports 5 için M3U8 bulunamadı
2026-06-13 15:20:18,104 [INFO] 
[6/14]
2026-06-13 15:20:18,104 [INFO] 🔍 beIN Sports Max 1 → https://atomsportv506.top/matches?id=bein-sports-max-1
2026-06-13 15:20:18,212 [INFO] Capturing request: https://atomsportv506.top/assets/js/clappr.js
2026-06-13 15:20:18,214 [INFO] Capturing request: https://atomsportv506.top/matches?id=bein-sports-max-1
2026-06-13 15:20:18,236 [INFO] Capturing response: https://atomsportv506.top/assets/js/clappr.js 200 
2026-06-13 15:20:18,478 [INFO] Capturing response: https://atomsportv506.top/matches?id=bein-sports-max-1 200 
2026-06-13 15:20:18,489 [INFO] Capturing request: https://atomsportv506.top/cdn-cgi/rum?
2026-06-13 15:20:18,517 [INFO] Capturing request: https://atomsportv506.top/cdn-cgi/rum?
2026-06-13 15:20:18,598 [INFO] Capturing response: https://atomsportv506.top/cdn-cgi/rum? 204 
2026-06-13 15:20:18,616 [INFO] Capturing request: https://teletv5.top/load/yayinlink.php?id=bein-sports-max-1
2026-06-13 15:20:18,619 [INFO] Capturing request: https://atomsportv506.top/favicon.ico
2026-06-13 15:20:18,648 [INFO] Capturing response: https://atomsportv506.top/favicon.ico 200 
2026-06-13 15:20:18,667 [INFO] Capturing response: https://atomsportv506.top/cdn-cgi/rum? 204 
2026-06-13 15:20:18,715 [INFO] Capturing request: https://streamsport365.com/cinema
2026-06-13 15:20:18,777 [INFO] Capturing response: https://teletv5.top/load/yayinlink.php?id=bein-sports-max-1 200 
2026-06-13 15:20:18,967 [INFO] Capturing response: https://streamsport365.com/cinema 200 
2026-06-13 15:20:51,778 [WARNING]   ❌ beIN Sports Max 1 için M3U8 bulunamadı
2026-06-13 15:20:52,778 [INFO] 
[7/14]
2026-06-13 15:20:52,778 [INFO] 🔍 beIN Sports Max 2 → https://atomsportv506.top/matches?id=bein-sports-max-2
2026-06-13 15:20:52,886 [INFO] Capturing request: https://atomsportv506.top/assets/js/clappr.js
2026-06-13 15:20:52,888 [INFO] Capturing request: https://atomsportv506.top/matches?id=bein-sports-max-2
2026-06-13 15:20:52,906 [INFO] Capturing response: https://atomsportv506.top/assets/js/clappr.js 200 
2026-06-13 15:20:53,147 [INFO] Capturing response: https://atomsportv506.top/matches?id=bein-sports-max-2 200 
2026-06-13 15:20:53,156 [INFO] Capturing request: https://atomsportv506.top/cdn-cgi/rum?
2026-06-13 15:20:53,195 [INFO] Capturing request: https://atomsportv506.top/cdn-cgi/rum?
2026-06-13 15:20:53,265 [INFO] Capturing response: https://atomsportv506.top/cdn-cgi/rum? 204 
2026-06-13 15:20:53,290 [INFO] Capturing request: https://teletv5.top/load/yayinlink.php?id=bein-sports-max-2
2026-06-13 15:20:53,298 [INFO] Capturing request: https://atomsportv506.top/favicon.ico
2026-06-13 15:20:53,327 [INFO] Capturing response: https://atomsportv506.top/favicon.ico 200 
2026-06-13 15:20:53,345 [INFO] Capturing response: https://atomsportv506.top/cdn-cgi/rum? 204 
2026-06-13 15:20:53,388 [INFO] Capturing request: https://streamsport365.com/cinema
2026-06-13 15:20:53,442 [INFO] Capturing response: https://teletv5.top/load/yayinlink.php?id=bein-sports-max-2 200 
2026-06-13 15:20:53,639 [INFO] Capturing response: https://streamsport365.com/cinema 200 
2026-06-13 15:21:02,683 [INFO] Capturing request: https://android.clients.google.com/c2dm/register3
2026-06-13 15:21:02,718 [INFO] Capturing response: https://android.clients.google.com/c2dm/register3 301 
2026-06-13 15:21:26,461 [WARNING]   ❌ beIN Sports Max 2 için M3U8 bulunamadı
2026-06-13 15:21:27,462 [INFO] 
[8/14]
2026-06-13 15:21:27,462 [INFO] 🔍 S Sport → https://atomsportv506.top/matches?id=s-sport
2026-06-13 15:21:27,571 [INFO] Capturing request: https://atomsportv506.top/assets/js/clappr.js
2026-06-13 15:21:27,573 [INFO] Capturing request: https://atomsportv506.top/matches?id=s-sport
2026-06-13 15:21:27,592 [INFO] Capturing response: https://atomsportv506.top/assets/js/clappr.js 200 
2026-06-13 15:21:27,828 [INFO] Capturing response: https://atomsportv506.top/matches?id=s-sport 200 
2026-06-13 15:21:27,837 [INFO] Capturing request: https://atomsportv506.top/cdn-cgi/rum?
2026-06-13 15:21:27,869 [INFO] Capturing request: https://atomsportv506.top/cdn-cgi/rum?
2026-06-13 15:21:27,966 [INFO] Capturing request: https://teletv5.top/load/yayinlink.php?id=s-sport
2026-06-13 15:21:27,971 [INFO] Capturing request: https://atomsportv506.top/favicon.ico
2026-06-13 15:21:27,976 [INFO] Capturing response: https://atomsportv506.top/cdn-cgi/rum? 204 
2026-06-13 15:21:27,978 [INFO] Capturing response: https://atomsportv506.top/cdn-cgi/rum? 204 
2026-06-13 15:21:28,011 [INFO] Capturing response: https://atomsportv506.top/favicon.ico 200 
2026-06-13 15:21:28,063 [INFO] Capturing request: https://streamsport365.com/cinema
2026-06-13 15:21:28,303 [INFO] Capturing response: https://streamsport365.com/cinema 200 
2026-06-13 15:21:28,844 [INFO] Capturing response: https://teletv5.top/load/yayinlink.php?id=s-sport 200 
2026-06-13 15:21:28,998 [INFO] Capturing request: https://hlssssssssssssssssss.yedeklinksa35.workers.dev/https://corestream.ronaldovurdu.help//s-sportt/tracks-v1a1/mono.m3u8
2026-06-13 15:21:29,219 [INFO] Capturing response: https://hlssssssssssssssssss.yedeklinksa35.workers.dev/https://corestream.ronaldovurdu.help//s-sportt/tracks-v1a1/mono.m3u8 200 
2026-06-13 15:21:29,404 [INFO] Capturing request: https://ts.yedeklinksa35.workers.dev/s-sportt/tracks-v1a1/2026/06/13/15/21/20-06000.avif
2026-06-13 15:21:30,000 [INFO] Capturing response: https://ts.yedeklinksa35.workers.dev/s-sportt/tracks-v1a1/2026/06/13/15/21/20-06000.avif 200 
2026-06-13 15:21:30,361 [INFO] Capturing request: https://ts.yedeklinksa35.workers.dev/s-sportt/tracks-v1a1/2026/06/13/15/21/20-06000.avif
2026-06-13 15:21:30,609 [INFO] Capturing response: https://ts.yedeklinksa35.workers.dev/s-sportt/tracks-v1a1/2026/06/13/15/21/20-06000.avif 200 
2026-06-13 15:21:30,889 [INFO]   ✅ M3U8 bulundu: https://hlssssssssssssssssss.yedeklinksa35.workers.dev/https://corestream.ronaldovurdu.help//s-sportt/tracks-v1a1/mono.m3u8
2026-06-13 15:21:30,966 [INFO] Capturing request: https://ts.yedeklinksa35.workers.dev/s-sportt/tracks-v1a1/2026/06/13/15/21/20-06000.avif
2026-06-13 15:21:31,256 [INFO] Capturing response: https://ts.yedeklinksa35.workers.dev/s-sportt/tracks-v1a1/2026/06/13/15/21/20-06000.avif 200 
2026-06-13 15:21:31,889 [INFO] 
[9/14]
2026-06-13 15:21:31,890 [INFO] 🔍 S Sport 2 → https://atomsportv506.top/matches?id=s-sport-2
2026-06-13 15:21:32,001 [INFO] Capturing request: https://atomsportv506.top/assets/js/clappr.js
2026-06-13 15:21:32,002 [INFO] Capturing request: https://atomsportv506.top/matches?id=s-sport-2
2026-06-13 15:21:32,018 [INFO] Capturing response: https://atomsportv506.top/assets/js/clappr.js 200 
2026-06-13 15:21:32,050 [INFO] Capturing response: https://atomsportv506.top/matches?id=s-sport-2 200 
2026-06-13 15:21:32,057 [INFO] Capturing request: https://atomsportv506.top/cdn-cgi/rum?
2026-06-13 15:21:32,077 [INFO] Capturing request: https://streamsport365.com/cinema
2026-06-13 15:21:32,085 [INFO] Capturing request: https://atomsportv506.top/cdn-cgi/rum?
2026-06-13 15:21:32,186 [INFO] Capturing request: https://teletv5.top/load/yayinlink.php?id=s-sport-2
2026-06-13 15:21:32,198 [INFO] Capturing response: https://atomsportv506.top/cdn-cgi/rum? 204 
2026-06-13 15:21:32,198 [INFO] Capturing request: https://atomsportv506.top/favicon.ico
2026-06-13 15:21:32,201 [INFO] Capturing response: https://atomsportv506.top/cdn-cgi/rum? 204 
2026-06-13 15:21:32,228 [INFO] Capturing response: https://atomsportv506.top/favicon.ico 200 
2026-06-13 15:21:32,328 [INFO] Capturing response: https://streamsport365.com/cinema 200 
2026-06-13 15:21:32,333 [INFO] Capturing response: https://teletv5.top/load/yayinlink.php?id=s-sport-2 200 
2026-06-13 15:21:32,492 [INFO] Capturing request: https://hlssssssssssssssssss.yedeklinksa35.workers.dev/https://corestream.ronaldovurdu.help//s-sport2/tracks-v1a1/mono.m3u8
2026-06-13 15:21:32,631 [INFO] Capturing response: https://hlssssssssssssssssss.yedeklinksa35.workers.dev/https://corestream.ronaldovurdu.help//s-sport2/tracks-v1a1/mono.m3u8 200 
2026-06-13 15:21:32,741 [INFO] Capturing request: https://ts.yedeklinksa35.workers.dev/s-sport2/tracks-v1a1/2026/06/13/15/21/28-06000.avif
2026-06-13 15:21:33,369 [INFO] Capturing response: https://ts.yedeklinksa35.workers.dev/s-sport2/tracks-v1a1/2026/06/13/15/21/28-06000.avif 200 
2026-06-13 15:21:33,685 [INFO] Capturing request: https://ts.yedeklinksa35.workers.dev/s-sport2/tracks-v1a1/2026/06/13/15/21/34-06000.avif
2026-06-13 15:21:34,292 [INFO] Capturing response: https://ts.yedeklinksa35.workers.dev/s-sport2/tracks-v1a1/2026/06/13/15/21/34-06000.avif 200 
2026-06-13 15:21:34,570 [INFO] Capturing request: https://ts.yedeklinksa35.workers.dev/s-sport2/tracks-v1a1/2026/06/13/15/21/40-06000.avif
2026-06-13 15:21:35,151 [INFO]   ✅ M3U8 bulundu: https://hlssssssssssssssssss.yedeklinksa35.workers.dev/https://corestream.ronaldovurdu.help//s-sport2/tracks-v1a1/mono.m3u8
2026-06-13 15:21:35,166 [INFO] Capturing response: https://ts.yedeklinksa35.workers.dev/s-sport2/tracks-v1a1/2026/06/13/15/21/40-06000.avif 200 
2026-06-13 15:21:36,152 [INFO] 
[10/14]
2026-06-13 15:21:36,152 [INFO] 🔍 A Spor → https://atomsportv506.top/matches?id=a-spor
2026-06-13 15:21:36,266 [INFO] Capturing request: https://atomsportv506.top/assets/js/clappr.js
2026-06-13 15:21:36,267 [INFO] Capturing request: https://atomsportv506.top/matches?id=a-spor
2026-06-13 15:21:36,286 [INFO] Capturing response: https://atomsportv506.top/assets/js/clappr.js 200 
2026-06-13 15:21:36,320 [INFO] Capturing response: https://atomsportv506.top/matches?id=a-spor 200 
2026-06-13 15:21:36,333 [INFO] Capturing request: https://atomsportv506.top/cdn-cgi/rum?
2026-06-13 15:21:36,377 [INFO] Capturing request: https://atomsportv506.top/cdn-cgi/rum?
2026-06-13 15:21:36,474 [INFO] Capturing request: https://teletv5.top/load/yayinlink.php?id=a-spor
2026-06-13 15:21:36,475 [INFO] Capturing request: https://atomsportv506.top/favicon.ico
2026-06-13 15:21:36,483 [INFO] Capturing response: https://atomsportv506.top/cdn-cgi/rum? 204 
2026-06-13 15:21:36,485 [INFO] Capturing response: https://atomsportv506.top/cdn-cgi/rum? 204 
2026-06-13 15:21:36,505 [INFO] Capturing response: https://atomsportv506.top/favicon.ico 200 
2026-06-13 15:21:36,573 [INFO] Capturing request: https://streamsport365.com/cinema
2026-06-13 15:21:36,623 [INFO] Capturing response: https://teletv5.top/load/yayinlink.php?id=a-spor 200 
2026-06-13 15:21:36,819 [INFO] Capturing response: https://streamsport365.com/cinema 200 
2026-06-13 15:21:36,940 [INFO] Capturing request: https://hlssssssssssssssssss.yedeklinksa35.workers.dev/https://corestream.ronaldovurdu.help//aspor/tracks-v1a1/mono.m3u8
2026-06-13 15:21:37,086 [INFO] Capturing response: https://hlssssssssssssssssss.yedeklinksa35.workers.dev/https://corestream.ronaldovurdu.help//aspor/tracks-v1a1/mono.m3u8 200 
2026-06-13 15:21:37,197 [INFO] Capturing request: https://ts.yedeklinksa35.workers.dev/aspor/tracks-v1a1/2026/06/13/15/23/11-06000.avif
2026-06-13 15:21:37,839 [INFO] Capturing response: https://ts.yedeklinksa35.workers.dev/aspor/tracks-v1a1/2026/06/13/15/23/11-06000.avif 200 
2026-06-13 15:21:38,096 [INFO] Capturing request: https://ts.yedeklinksa35.workers.dev/aspor/tracks-v1a1/2026/06/13/15/23/17-06000.avif
2026-06-13 15:21:38,638 [INFO] Capturing response: https://ts.yedeklinksa35.workers.dev/aspor/tracks-v1a1/2026/06/13/15/23/17-06000.avif 200 
2026-06-13 15:21:38,903 [INFO] Capturing request: https://ts.yedeklinksa35.workers.dev/aspor/tracks-v1a1/2026/06/13/15/23/23-06000.avif
2026-06-13 15:21:39,336 [INFO] Capturing response: https://ts.yedeklinksa35.workers.dev/aspor/tracks-v1a1/2026/06/13/15/23/23-06000.avif 200 
2026-06-13 15:21:39,410 [INFO]   ✅ M3U8 bulundu: https://hlssssssssssssssssss.yedeklinksa35.workers.dev/https://corestream.ronaldovurdu.help//aspor/tracks-v1a1/mono.m3u8
2026-06-13 15:21:40,411 [INFO] 
[11/14]
2026-06-13 15:21:40,412 [INFO] 🔍 Tivibu Spor 1 → https://atomsportv506.top/matches?id=tivibu-spor-1
2026-06-13 15:21:40,524 [INFO] Capturing request: https://atomsportv506.top/assets/js/clappr.js
2026-06-13 15:21:40,524 [INFO] Capturing request: https://atomsportv506.top/matches?id=tivibu-spor-1
2026-06-13 15:21:40,540 [INFO] Capturing response: https://atomsportv506.top/assets/js/clappr.js 200 
2026-06-13 15:21:40,566 [INFO] Capturing response: https://atomsportv506.top/matches?id=tivibu-spor-1 200 
2026-06-13 15:21:40,575 [INFO] Capturing request: https://atomsportv506.top/cdn-cgi/rum?
2026-06-13 15:21:40,599 [INFO] Capturing request: https://streamsport365.com/cinema
2026-06-13 15:21:40,607 [INFO] Capturing request: https://atomsportv506.top/cdn-cgi/rum?
2026-06-13 15:21:40,698 [INFO] Capturing request: https://teletv5.top/load/yayinlink.php?id=tivibu-spor-1
2026-06-13 15:21:40,706 [INFO] Capturing request: https://atomsportv506.top/favicon.ico
2026-06-13 15:21:40,713 [INFO] Capturing response: https://atomsportv506.top/cdn-cgi/rum? 204 
2026-06-13 15:21:40,715 [INFO] Capturing response: https://atomsportv506.top/cdn-cgi/rum? 204 
2026-06-13 15:21:40,734 [INFO] Capturing response: https://atomsportv506.top/favicon.ico 200 
2026-06-13 15:21:40,845 [INFO] Capturing response: https://teletv5.top/load/yayinlink.php?id=tivibu-spor-1 200 
2026-06-13 15:21:40,853 [INFO] Capturing response: https://streamsport365.com/cinema 200 
2026-06-13 15:22:13,872 [WARNING]   ❌ Tivibu Spor 1 için M3U8 bulunamadı
2026-06-13 15:22:14,872 [INFO] 
[12/14]
2026-06-13 15:22:14,872 [INFO] 🔍 Tivibu Spor 2 → https://atomsportv506.top/matches?id=tivibu-spor-2
2026-06-13 15:22:14,980 [INFO] Capturing request: https://atomsportv506.top/assets/js/clappr.js
2026-06-13 15:22:14,982 [INFO] Capturing request: https://atomsportv506.top/matches?id=tivibu-spor-2
2026-06-13 15:22:15,004 [INFO] Capturing response: https://atomsportv506.top/assets/js/clappr.js 200 
2026-06-13 15:22:15,259 [INFO] Capturing response: https://atomsportv506.top/matches?id=tivibu-spor-2 200 
2026-06-13 15:22:15,269 [INFO] Capturing request: https://atomsportv506.top/cdn-cgi/rum?
2026-06-13 15:22:15,299 [INFO] Capturing request: https://atomsportv506.top/cdn-cgi/rum?
2026-06-13 15:22:15,377 [INFO] Capturing response: https://atomsportv506.top/cdn-cgi/rum? 204 
2026-06-13 15:22:15,397 [INFO] Capturing request: https://teletv5.top/load/yayinlink.php?id=tivibu-spor-2
2026-06-13 15:22:15,400 [INFO] Capturing request: https://atomsportv506.top/favicon.ico
2026-06-13 15:22:15,429 [INFO] Capturing response: https://atomsportv506.top/favicon.ico 200 
2026-06-13 15:22:15,448 [INFO] Capturing response: https://atomsportv506.top/cdn-cgi/rum? 204 
2026-06-13 15:22:15,494 [INFO] Capturing request: https://streamsport365.com/cinema
2026-06-13 15:22:15,556 [INFO] Capturing response: https://teletv5.top/load/yayinlink.php?id=tivibu-spor-2 200 
2026-06-13 15:22:15,740 [INFO] Capturing response: https://streamsport365.com/cinema 200 
2026-06-13 15:22:48,564 [WARNING]   ❌ Tivibu Spor 2 için M3U8 bulunamadı
2026-06-13 15:22:49,565 [INFO] 
[13/14]
2026-06-13 15:22:49,565 [INFO] 🔍 Tivibu Spor 3 → https://atomsportv506.top/matches?id=tivibu-spor-3
2026-06-13 15:22:49,672 [INFO] Capturing request: https://atomsportv506.top/assets/js/clappr.js
2026-06-13 15:22:49,674 [INFO] Capturing request: https://atomsportv506.top/matches?id=tivibu-spor-3
2026-06-13 15:22:49,696 [INFO] Capturing response: https://atomsportv506.top/assets/js/clappr.js 200 
2026-06-13 15:22:49,946 [INFO] Capturing response: https://atomsportv506.top/matches?id=tivibu-spor-3 200 
2026-06-13 15:22:49,956 [INFO] Capturing request: https://atomsportv506.top/cdn-cgi/rum?
2026-06-13 15:22:49,987 [INFO] Capturing request: https://atomsportv506.top/cdn-cgi/rum?
2026-06-13 15:22:50,065 [INFO] Capturing response: https://atomsportv506.top/cdn-cgi/rum? 204 
2026-06-13 15:22:50,082 [INFO] Capturing request: https://teletv5.top/load/yayinlink.php?id=tivibu-spor-3
2026-06-13 15:22:50,092 [INFO] Capturing request: https://atomsportv506.top/favicon.ico
2026-06-13 15:22:50,122 [INFO] Capturing response: https://atomsportv506.top/favicon.ico 200 
2026-06-13 15:22:50,135 [INFO] Capturing response: https://atomsportv506.top/cdn-cgi/rum? 204 
2026-06-13 15:22:50,181 [INFO] Capturing request: https://streamsport365.com/cinema
2026-06-13 15:22:50,240 [INFO] Capturing response: https://teletv5.top/load/yayinlink.php?id=tivibu-spor-3 200 
2026-06-13 15:22:50,433 [INFO] Capturing response: https://streamsport365.com/cinema 200 
2026-06-13 15:23:23,256 [WARNING]   ❌ Tivibu Spor 3 için M3U8 bulunamadı
2026-06-13 15:23:24,256 [INFO] 
[14/14]
2026-06-13 15:23:24,256 [INFO] 🔍 Tivibu Spor 4 → https://atomsportv506.top/matches?id=tivibu-spor-4
2026-06-13 15:23:24,365 [INFO] Capturing request: https://atomsportv506.top/assets/js/clappr.js
2026-06-13 15:23:24,366 [INFO] Capturing request: https://atomsportv506.top/matches?id=tivibu-spor-4
2026-06-13 15:23:24,387 [INFO] Capturing response: https://atomsportv506.top/assets/js/clappr.js 200 
2026-06-13 15:23:24,646 [INFO] Capturing response: https://atomsportv506.top/matches?id=tivibu-spor-4 200 
2026-06-13 15:23:24,656 [INFO] Capturing request: https://atomsportv506.top/cdn-cgi/rum?
2026-06-13 15:23:24,687 [INFO] Capturing request: https://atomsportv506.top/cdn-cgi/rum?
2026-06-13 15:23:24,766 [INFO] Capturing response: https://atomsportv506.top/cdn-cgi/rum? 204 
2026-06-13 15:23:24,783 [INFO] Capturing request: https://teletv5.top/load/yayinlink.php?id=tivibu-spor-4
2026-06-13 15:23:24,787 [INFO] Capturing request: https://atomsportv506.top/favicon.ico
2026-06-13 15:23:24,822 [INFO] Capturing response: https://atomsportv506.top/favicon.ico 200 
2026-06-13 15:23:24,837 [INFO] Capturing response: https://atomsportv506.top/cdn-cgi/rum? 204 
2026-06-13 15:23:24,879 [INFO] Capturing request: https://streamsport365.com/cinema
2026-06-13 15:23:24,943 [INFO] Capturing response: https://teletv5.top/load/yayinlink.php?id=tivibu-spor-4 200 
2026-06-13 15:23:25,123 [INFO] Capturing response: https://streamsport365.com/cinema 200 
2026-06-13 15:23:57,952 [WARNING]   ❌ Tivibu Spor 4 için M3U8 bulunamadı
2026-06-13 15:23:59,019 [INFO] ✅ 5 kanal bulundu, playlist.m3u kaydedildi
