2026-05-07 23:55:50,505 [INFO] 🔎 Domain aralığı taranıyor: atomsportv490.top - atomsportv520.top
2026-05-07 23:55:53,904 [INFO]   ✅ Aktif domain bulundu: https://atomsportv502.top
2026-05-07 23:55:53,906 [INFO] 🌐 Kullanılan BASE_URL: https://atomsportv502.top
2026-05-07 23:55:53,906 [INFO] 🔗 Proxy Prefix: https://ronaldo.magnitude.workers.dev/?url=
2026-05-07 23:55:55,024 [INFO] ✅ SeleniumWire aktif
2026-05-07 23:55:55,025 [INFO] =======================================================
2026-05-07 23:55:55,025 [INFO]    M3U8 Scraper
2026-05-07 23:55:55,025 [INFO]    Base URL    : https://atomsportv502.top
2026-05-07 23:55:55,025 [INFO]    Proxy Prefix: https://ronaldo.magnitude.workers.dev/?url=
2026-05-07 23:55:55,025 [INFO]    Toplam      : 13 sayfa
2026-05-07 23:55:55,025 [INFO] =======================================================
2026-05-07 23:55:55,025 [INFO] 🔧 Driver başlatılıyor...
2026-05-07 23:55:55,779 [INFO] ✅ Driver başlatıldı
2026-05-07 23:55:55,779 [INFO] 
[1/13]
2026-05-07 23:55:55,779 [INFO] 
──────────────────────────────────────────────────
2026-05-07 23:55:55,779 [INFO] 🔍 beIN Sports 1 → https://atomsportv502.top/matches?id=bein-sports-1
2026-05-07 23:55:55,779 [INFO] ──────────────────────────────────────────────────
2026-05-07 23:56:28,038 [INFO]   📡 M3U8 bekleniyor (max 8s)...
2026-05-07 23:56:28,049 [INFO]   🎯 DOĞRU kanal bulundu: https://young-surf-88a9.emgetsek.workers.dev/https://corestream.ronaldovurdu.help//hls/bein-sports-11.m3u8
2026-05-07 23:56:28,050 [INFO]   ✅ beIN Sports 1: https://young-surf-88a9.emgetsek.workers.dev/https://corestream.ronaldovurdu.help//hls/bein-sports-11.m3u8
2026-05-07 23:56:29,050 [INFO] 
[2/13]
2026-05-07 23:56:29,050 [INFO] 
──────────────────────────────────────────────────
2026-05-07 23:56:29,050 [INFO] 🔍 beIN Sports 2 → https://atomsportv502.top/matches?id=bein-sports-2
2026-05-07 23:56:29,050 [INFO] ──────────────────────────────────────────────────
2026-05-07 23:57:01,222 [INFO]   📡 M3U8 bekleniyor (max 8s)...
2026-05-07 23:57:01,234 [INFO]   🎯 DOĞRU kanal bulundu: https://young-surf-88a9.emgetsek.workers.dev/https://corestream.ronaldovurdu.help//hls/bein-sports-2.m3u8
2026-05-07 23:57:01,235 [INFO]   ✅ beIN Sports 2: https://young-surf-88a9.emgetsek.workers.dev/https://corestream.ronaldovurdu.help//hls/bein-sports-2.m3u8
2026-05-07 23:57:02,236 [INFO] 
[3/13]
2026-05-07 23:57:02,236 [INFO] 
──────────────────────────────────────────────────
2026-05-07 23:57:02,236 [INFO] 🔍 beIN Sports 3 → https://atomsportv502.top/matches?id=bein-sports-3
2026-05-07 23:57:02,236 [INFO] ──────────────────────────────────────────────────
2026-05-07 23:57:34,087 [INFO]   📡 M3U8 bekleniyor (max 8s)...
2026-05-07 23:57:34,093 [INFO]   🎯 DOĞRU kanal bulundu: https://young-surf-88a9.emgetsek.workers.dev/https://corestream.ronaldovurdu.help//hls/bein-sports-3.m3u8
2026-05-07 23:57:34,094 [INFO]   ✅ beIN Sports 3: https://young-surf-88a9.emgetsek.workers.dev/https://corestream.ronaldovurdu.help//hls/bein-sports-3.m3u8
2026-05-07 23:57:35,094 [INFO] 
[4/13]
2026-05-07 23:57:35,094 [INFO] 
──────────────────────────────────────────────────
2026-05-07 23:57:35,094 [INFO] 🔍 beIN Sports 4 → https://atomsportv502.top/matches?id=bein-sports-4
2026-05-07 23:57:35,094 [INFO] ──────────────────────────────────────────────────
2026-05-07 23:58:06,966 [INFO]   📡 M3U8 bekleniyor (max 8s)...
2026-05-07 23:58:06,977 [INFO]   🎯 DOĞRU kanal bulundu: https://young-surf-88a9.emgetsek.workers.dev/https://corestream.ronaldovurdu.help//hls/bein-sports-4.m3u8
2026-05-07 23:58:06,977 [INFO]   ✅ beIN Sports 4: https://young-surf-88a9.emgetsek.workers.dev/https://corestream.ronaldovurdu.help//hls/bein-sports-4.m3u8
2026-05-07 23:58:07,978 [INFO] 
[5/13]
2026-05-07 23:58:07,978 [INFO] 
──────────────────────────────────────────────────
2026-05-07 23:58:07,978 [INFO] 🔍 beIN Sports 5 → https://atomsportv502.top/matches?id=bein-sports-5
2026-05-07 23:58:07,978 [INFO] ──────────────────────────────────────────────────
2026-05-07 23:58:39,788 [INFO]   📡 M3U8 bekleniyor (max 8s)...
2026-05-07 23:58:39,792 [INFO]   🎯 DOĞRU kanal bulundu: https://young-surf-88a9.emgetsek.workers.dev/https://corestream.ronaldovurdu.help//hls/bein-sports-5.m3u8
2026-05-07 23:58:39,792 [INFO]   ✅ beIN Sports 5: https://young-surf-88a9.emgetsek.workers.dev/https://corestream.ronaldovurdu.help//hls/bein-sports-5.m3u8
2026-05-07 23:58:40,792 [INFO] 
[6/13]
2026-05-07 23:58:40,792 [INFO] 
──────────────────────────────────────────────────
2026-05-07 23:58:40,792 [INFO] 🔍 beIN Sports Max 1 → https://atomsportv502.top/matches?id=bein-sports-max-1
2026-05-07 23:58:40,792 [INFO] ──────────────────────────────────────────────────
2026-05-07 23:59:12,598 [INFO]   📡 M3U8 bekleniyor (max 8s)...
2026-05-07 23:59:20,646 [INFO]   ❌ beIN Sports Max 1: M3U8 bulunamadı
2026-05-07 23:59:21,646 [INFO] 
[7/13]
2026-05-07 23:59:21,646 [INFO] 
──────────────────────────────────────────────────
2026-05-07 23:59:21,646 [INFO] 🔍 beIN Sports Max 2 → https://atomsportv502.top/matches?id=bein-sports-max-2
2026-05-07 23:59:21,646 [INFO] ──────────────────────────────────────────────────
2026-05-07 23:59:53,448 [INFO]   📡 M3U8 bekleniyor (max 8s)...
2026-05-07 23:59:53,453 [INFO]   🎯 DOĞRU kanal bulundu: https://young-surf-88a9.emgetsek.workers.dev/https://corestream.ronaldovurdu.help//hls/bein-sports-max-2.m3u8
2026-05-07 23:59:53,453 [INFO]   ✅ beIN Sports Max 2: https://young-surf-88a9.emgetsek.workers.dev/https://corestream.ronaldovurdu.help//hls/bein-sports-max-2.m3u8
2026-05-07 23:59:54,453 [INFO] 
[8/13]
2026-05-07 23:59:54,453 [INFO] 
──────────────────────────────────────────────────
2026-05-07 23:59:54,453 [INFO] 🔍 S Sport → https://atomsportv502.top/matches?id=s-sport
2026-05-07 23:59:54,453 [INFO] ──────────────────────────────────────────────────
2026-05-08 00:00:26,314 [INFO]   📡 M3U8 bekleniyor (max 8s)...
2026-05-08 00:00:26,327 [INFO]   🎯 DOĞRU kanal bulundu: https://young-surf-88a9.emgetsek.workers.dev/https://corestream.ronaldovurdu.help//hls/s-sport.m3u8
2026-05-08 00:00:26,327 [INFO]   ✅ S Sport: https://young-surf-88a9.emgetsek.workers.dev/https://corestream.ronaldovurdu.help//hls/s-sport.m3u8
2026-05-08 00:00:27,328 [INFO] 
[9/13]
2026-05-08 00:00:27,328 [INFO] 
──────────────────────────────────────────────────
2026-05-08 00:00:27,328 [INFO] 🔍 S Sport 2 → https://atomsportv502.top/matches?id=s-sport-2
2026-05-08 00:00:27,328 [INFO] ──────────────────────────────────────────────────
2026-05-08 00:00:59,157 [INFO]   📡 M3U8 bekleniyor (max 8s)...
2026-05-08 00:00:59,160 [INFO]   🎯 DOĞRU kanal bulundu: https://young-surf-88a9.emgetsek.workers.dev/https://corestream.ronaldovurdu.help//hls/s-sport-2.m3u8
2026-05-08 00:00:59,160 [INFO]   ✅ S Sport 2: https://young-surf-88a9.emgetsek.workers.dev/https://corestream.ronaldovurdu.help//hls/s-sport-2.m3u8
2026-05-08 00:01:00,160 [INFO] 
[10/13]
2026-05-08 00:01:00,160 [INFO] 
──────────────────────────────────────────────────
2026-05-08 00:01:00,160 [INFO] 🔍 Tivibu Spor 1 → https://atomsportv502.top/matches?id=tivibu-spor-1
2026-05-08 00:01:00,161 [INFO] ──────────────────────────────────────────────────
2026-05-08 00:01:31,978 [INFO]   📡 M3U8 bekleniyor (max 8s)...
2026-05-08 00:01:39,990 [INFO]   ❌ Tivibu Spor 1: M3U8 bulunamadı
2026-05-08 00:01:40,990 [INFO] 
[11/13]
2026-05-08 00:01:40,990 [INFO] 
──────────────────────────────────────────────────
2026-05-08 00:01:40,990 [INFO] 🔍 Tivibu Spor 2 → https://atomsportv502.top/matches?id=tivibu-spor-2
2026-05-08 00:01:40,990 [INFO] ──────────────────────────────────────────────────
2026-05-08 00:02:12,797 [INFO]   📡 M3U8 bekleniyor (max 8s)...
2026-05-08 00:02:20,809 [INFO]   ❌ Tivibu Spor 2: M3U8 bulunamadı
2026-05-08 00:02:21,809 [INFO] 
[12/13]
2026-05-08 00:02:21,809 [INFO] 
──────────────────────────────────────────────────
2026-05-08 00:02:21,810 [INFO] 🔍 Tivibu Spor 3 → https://atomsportv502.top/matches?id=tivibu-spor-3
2026-05-08 00:02:21,810 [INFO] ──────────────────────────────────────────────────
2026-05-08 00:02:53,606 [INFO]   📡 M3U8 bekleniyor (max 8s)...
2026-05-08 00:03:01,618 [INFO]   ❌ Tivibu Spor 3: M3U8 bulunamadı
2026-05-08 00:03:02,618 [INFO] 
[13/13]
2026-05-08 00:03:02,618 [INFO] 
──────────────────────────────────────────────────
2026-05-08 00:03:02,618 [INFO] 🔍 Tivibu Spor 4 → https://atomsportv502.top/matches?id=tivibu-spor-4
2026-05-08 00:03:02,618 [INFO] ──────────────────────────────────────────────────
2026-05-08 00:03:34,440 [INFO]   📡 M3U8 bekleniyor (max 8s)...
2026-05-08 00:03:42,451 [INFO]   ❌ Tivibu Spor 4: M3U8 bulunamadı
2026-05-08 00:03:43,517 [INFO] 🔒 Driver kapatıldı
2026-05-08 00:03:43,517 [INFO] 
=======================================================
2026-05-08 00:03:43,517 [INFO] 🏁 Tamamlandı!
2026-05-08 00:03:43,517 [INFO] 📺 Kanal : 8/13
2026-05-08 00:03:43,517 [INFO] ⏱️  Süre  : 468.5s
2026-05-08 00:03:43,517 [INFO] =======================================================
2026-05-08 00:03:43,517 [INFO] ✅ playlist.m3u kaydedildi (proxy prefix'li)
2026-05-08 00:03:43,518 [INFO] ✅ stats.json kaydedildi
