2026-06-05 19:19:47,602 [INFO] 🌐 BASE_URL: https://atomsportv506.top
2026-06-05 19:19:48,594 [INFO] Başlanıyor... 14 kanal taranacak
2026-06-05 19:19:48,594 [INFO] Using default request storage
2026-06-05 19:19:48,599 [INFO] Created proxy listening on 127.0.0.1:38477
2026-06-05 19:19:49,248 [INFO] Capturing request: http://clients2.google.com/time/1/current?cup2key=10:iVsOqYSghoF860B-OT2ji3z8fQbQKfgEAp-7GuaInEs&cup2hreq=e3b0c44298fc1c149afbf4c8996fb92427ae41e4649b934ca495991b7852b855
2026-06-05 19:19:49,367 [INFO] Capturing response: http://clients2.google.com/time/1/current?cup2key=10:iVsOqYSghoF860B-OT2ji3z8fQbQKfgEAp-7GuaInEs&cup2hreq=e3b0c44298fc1c149afbf4c8996fb92427ae41e4649b934ca495991b7852b855 200 OK
2026-06-05 19:19:49,370 [INFO] 
[1/14]
2026-06-05 19:19:49,370 [INFO] 🔍 beIN Sports 1 → https://atomsportv506.top/matches?id=bein-sports-1
2026-06-05 19:19:49,892 [INFO] Capturing request: https://accounts.google.com/ListAccounts?gpsia=1&source=ChromiumBrowser&json=standard&laf=b64bin
2026-06-05 19:19:49,990 [INFO] Capturing request: https://atomsportv506.top/matches?id=bein-sports-1
2026-06-05 19:19:50,087 [INFO] Capturing response: https://accounts.google.com/ListAccounts?gpsia=1&source=ChromiumBrowser&json=standard&laf=b64bin 200 
2026-06-05 19:19:50,145 [INFO] Capturing response: https://atomsportv506.top/matches?id=bein-sports-1 200 
2026-06-05 19:19:50,297 [INFO] Capturing request: https://atomsportv506.top/assets/js/clappr.js
2026-06-05 19:19:50,390 [INFO] Capturing request: https://cdnjs.cloudflare.com/ajax/libs/jquery/3.2.1/jquery.min.js
2026-06-05 19:19:50,407 [INFO] Capturing request: https://www.google.com/async/folae?async=_fmt:pb&udm=50&client_locale=en-US
2026-06-05 19:19:50,424 [INFO] Capturing response: https://atomsportv506.top/assets/js/clappr.js 200 
2026-06-05 19:19:50,431 [INFO] Capturing response: https://cdnjs.cloudflare.com/ajax/libs/jquery/3.2.1/jquery.min.js 200 
2026-06-05 19:19:50,442 [INFO] Capturing response: https://www.google.com/async/folae?async=_fmt:pb&udm=50&client_locale=en-US 200 
2026-06-05 19:19:50,446 [INFO] Capturing request: https://cdn.jsdelivr.net/npm/@clappr/player@latest/dist/clappr.min.js
2026-06-05 19:19:50,570 [INFO] Capturing response: https://cdn.jsdelivr.net/npm/@clappr/player@latest/dist/clappr.min.js 200 
2026-06-05 19:19:50,726 [INFO] Capturing request: https://static.cloudflareinsights.com/beacon.min.js/v833ccba57c9e4d2798f2e76cebdd09a11778172276447
2026-06-05 19:19:50,759 [INFO] Capturing response: https://static.cloudflareinsights.com/beacon.min.js/v833ccba57c9e4d2798f2e76cebdd09a11778172276447 200 
2026-06-05 19:19:50,815 [INFO] Capturing request: https://atomsportv506.top/cdn-cgi/rum?
2026-06-05 19:19:50,923 [INFO] Capturing request: https://atomsportv506.top/favicon.ico
2026-06-05 19:19:50,961 [INFO] Capturing response: https://atomsportv506.top/cdn-cgi/rum? 204 
2026-06-05 19:19:51,086 [INFO] Capturing request: https://teletv5.top/load/yayinlink.php?id=bein-sports-1
2026-06-05 19:19:51,119 [INFO] Capturing response: https://atomsportv506.top/favicon.ico 200 
2026-06-05 19:19:51,484 [INFO] Capturing response: https://teletv5.top/load/yayinlink.php?id=bein-sports-1 200 
2026-06-05 19:19:51,490 [INFO] Capturing request: https://streamsport365.com/cinema
2026-06-05 19:19:51,803 [INFO] Capturing response: https://streamsport365.com/cinema 200 
2026-06-05 19:19:51,933 [INFO] Capturing request: https://atomsportv506.top/assets/img/player_logo_6880e4e4c52ee.png
2026-06-05 19:19:52,042 [INFO] Capturing response: https://atomsportv506.top/assets/img/player_logo_6880e4e4c52ee.png 200 
2026-06-05 19:19:52,058 [INFO] Capturing request: https://hlssssssssssssssssss.yedeklinksa35.workers.dev/https://corestream.ronaldovurdu.help//s-sportt/tracks-v1a1/mono.m3u8
2026-06-05 19:19:52,416 [INFO] Capturing response: https://hlssssssssssssssssss.yedeklinksa35.workers.dev/https://corestream.ronaldovurdu.help//s-sportt/tracks-v1a1/mono.m3u8 200 
2026-06-05 19:19:52,688 [INFO] Capturing request: https://ts.yedeklinksa35.workers.dev/s-sportt/tracks-v1a1/2026/06/05/19/19/32-05000.avif
2026-06-05 19:19:52,828 [INFO] Capturing request: https://android.clients.google.com/checkin
2026-06-05 19:19:52,930 [INFO] Capturing response: https://android.clients.google.com/checkin 200 
2026-06-05 19:19:52,979 [INFO] Capturing request: https://android.clients.google.com/c2dm/register3
2026-06-05 19:19:52,986 [INFO] Capturing request: https://android.clients.google.com/c2dm/register3
2026-06-05 19:19:52,987 [INFO] Capturing request: https://android.clients.google.com/c2dm/register3
2026-06-05 19:19:53,090 [INFO] Capturing response: https://android.clients.google.com/c2dm/register3 200 
2026-06-05 19:19:53,094 [INFO] Capturing response: https://android.clients.google.com/c2dm/register3 200 
2026-06-05 19:19:53,551 [INFO] Capturing response: https://ts.yedeklinksa35.workers.dev/s-sportt/tracks-v1a1/2026/06/05/19/19/32-05000.avif 200 
2026-06-05 19:19:53,756 [INFO] Capturing request: https://ts.yedeklinksa35.workers.dev/s-sportt/tracks-v1a1/2026/06/05/19/19/37-05000.avif
2026-06-05 19:19:53,841 [INFO]   ✅ M3U8 bulundu: https://hlssssssssssssssssss.yedeklinksa35.workers.dev/https://corestream.ronaldovurdu.help//s-sportt/tracks-v1a1/mono.m3u8
2026-06-05 19:19:53,927 [INFO] Capturing response: https://android.clients.google.com/c2dm/register3 200 
2026-06-05 19:19:54,794 [INFO] Capturing response: https://ts.yedeklinksa35.workers.dev/s-sportt/tracks-v1a1/2026/06/05/19/19/37-05000.avif 200 
2026-06-05 19:19:54,841 [INFO] 
[2/14]
2026-06-05 19:19:54,841 [INFO] 🔍 beIN Sports 2 → https://atomsportv506.top/matches?id=bein-sports-2
2026-06-05 19:19:54,952 [INFO] Capturing request: https://atomsportv506.top/matches?id=bein-sports-2
2026-06-05 19:19:54,995 [INFO] Capturing request: https://ts.yedeklinksa35.workers.dev/s-sportt/tracks-v1a1/2026/06/05/19/19/42-05000.avif
2026-06-05 19:19:55,004 [INFO] Capturing response: https://atomsportv506.top/matches?id=bein-sports-2 200 
2026-06-05 19:19:55,017 [INFO] Capturing request: https://atomsportv506.top/cdn-cgi/rum?
2026-06-05 19:19:55,057 [INFO] Capturing request: https://streamsport365.com/cinema
2026-06-05 19:19:55,060 [INFO] Capturing request: https://atomsportv506.top/cdn-cgi/rum?
2026-06-05 19:19:55,155 [INFO] Capturing request: https://teletv5.top/load/yayinlink.php?id=bein-sports-2
2026-06-05 19:19:55,161 [INFO] Capturing request: https://atomsportv506.top/favicon.ico
2026-06-05 19:19:55,185 [INFO] Capturing response: https://atomsportv506.top/cdn-cgi/rum? 204 
2026-06-05 19:19:55,196 [INFO] Capturing response: https://atomsportv506.top/cdn-cgi/rum? 204 
2026-06-05 19:19:55,218 [INFO] Capturing response: https://atomsportv506.top/favicon.ico 200 
2026-06-05 19:19:55,383 [INFO] Capturing response: https://streamsport365.com/cinema 200 
2026-06-05 19:19:55,387 [INFO] Capturing response: https://teletv5.top/load/yayinlink.php?id=bein-sports-2 200 
2026-06-05 19:19:55,508 [INFO] Capturing request: https://hlssssssssssssssssss.yedeklinksa35.workers.dev/https://corestream.ronaldovurdu.help//bein2/tracks-v1a1/mono.m3u8
2026-06-05 19:19:55,673 [INFO] Capturing response: https://hlssssssssssssssssss.yedeklinksa35.workers.dev/https://corestream.ronaldovurdu.help//bein2/tracks-v1a1/mono.m3u8 200 
2026-06-05 19:19:55,782 [INFO] Capturing request: https://ts.yedeklinksa35.workers.dev/bein2/tracks-v1a1/2026/06/05/19/20/13-10000.avif
2026-06-05 19:19:56,623 [INFO] Capturing response: https://ts.yedeklinksa35.workers.dev/s-sportt/tracks-v1a1/2026/06/05/19/19/42-05000.avif 200 
2026-06-05 19:19:56,925 [INFO] Capturing response: https://ts.yedeklinksa35.workers.dev/bein2/tracks-v1a1/2026/06/05/19/20/13-10000.avif 200 
2026-06-05 19:19:57,090 [INFO] Capturing request: https://ts.yedeklinksa35.workers.dev/bein2/tracks-v1a1/2026/06/05/19/20/23-10000.avif
2026-06-05 19:19:58,054 [INFO] Capturing response: https://ts.yedeklinksa35.workers.dev/bein2/tracks-v1a1/2026/06/05/19/20/23-10000.avif 200 
2026-06-05 19:19:58,088 [INFO]   ✅ M3U8 bulundu: https://hlssssssssssssssssss.yedeklinksa35.workers.dev/https://corestream.ronaldovurdu.help//bein2/tracks-v1a1/mono.m3u8
2026-06-05 19:19:58,256 [INFO] Capturing request: https://ts.yedeklinksa35.workers.dev/bein2/tracks-v1a1/2026/06/05/19/20/33-11360.avif
2026-06-05 19:19:59,089 [INFO] 
[3/14]
2026-06-05 19:19:59,089 [INFO] 🔍 beIN Sports 3 → https://atomsportv506.top/matches?id=bein-sports-3
2026-06-05 19:19:59,201 [INFO] Capturing request: https://atomsportv506.top/matches?id=bein-sports-3
2026-06-05 19:19:59,274 [INFO] Capturing response: https://atomsportv506.top/matches?id=bein-sports-3 200 
2026-06-05 19:19:59,283 [INFO] Capturing request: https://atomsportv506.top/cdn-cgi/rum?
2026-06-05 19:19:59,315 [INFO] Capturing request: https://atomsportv506.top/cdn-cgi/rum?
2026-06-05 19:19:59,405 [INFO] Capturing request: https://teletv5.top/load/yayinlink.php?id=bein-sports-3
2026-06-05 19:19:59,416 [INFO] Capturing response: https://ts.yedeklinksa35.workers.dev/bein2/tracks-v1a1/2026/06/05/19/20/33-11360.avif 200 
2026-06-05 19:19:59,421 [INFO] Capturing response: https://atomsportv506.top/cdn-cgi/rum? 204 
2026-06-05 19:19:59,424 [INFO] Capturing request: https://atomsportv506.top/favicon.ico
2026-06-05 19:19:59,482 [INFO] Capturing response: https://atomsportv506.top/favicon.ico 200 
2026-06-05 19:19:59,498 [INFO] Capturing response: https://atomsportv506.top/cdn-cgi/rum? 204 
2026-06-05 19:19:59,539 [INFO] Capturing request: https://streamsport365.com/cinema
2026-06-05 19:19:59,620 [INFO] Capturing response: https://teletv5.top/load/yayinlink.php?id=bein-sports-3 200 
2026-06-05 19:19:59,861 [INFO] Capturing response: https://streamsport365.com/cinema 200 
2026-06-05 19:20:16,719 [INFO] Capturing request: https://android.clients.google.com/c2dm/register3
2026-06-05 19:20:16,788 [INFO] Capturing response: https://android.clients.google.com/c2dm/register3 301 
2026-06-05 19:20:20,312 [INFO] Capturing request: https://android.clients.google.com/c2dm/register3
2026-06-05 19:20:21,085 [INFO] Capturing response: https://android.clients.google.com/c2dm/register3 200 
2026-06-05 19:20:32,608 [WARNING]   ❌ beIN Sports 3 için M3U8 bulunamadı
2026-06-05 19:20:33,608 [INFO] 
[4/14]
2026-06-05 19:20:33,608 [INFO] 🔍 beIN Sports 4 → https://atomsportv506.top/matches?id=bein-sports-4
2026-06-05 19:20:33,717 [INFO] Capturing request: https://atomsportv506.top/matches?id=bein-sports-4
2026-06-05 19:20:34,368 [INFO] Capturing response: https://atomsportv506.top/matches?id=bein-sports-4 200 
2026-06-05 19:20:34,377 [INFO] Capturing request: https://atomsportv506.top/cdn-cgi/rum?
2026-06-05 19:20:34,402 [INFO] Capturing request: https://atomsportv506.top/cdn-cgi/rum?
2026-06-05 19:20:34,507 [INFO] Capturing request: https://teletv5.top/load/yayinlink.php?id=bein-sports-4
2026-06-05 19:20:34,509 [INFO] Capturing request: https://atomsportv506.top/favicon.ico
2026-06-05 19:20:34,517 [INFO] Capturing response: https://atomsportv506.top/cdn-cgi/rum? 204 
2026-06-05 19:20:34,537 [INFO] Capturing response: https://atomsportv506.top/cdn-cgi/rum? 204 
2026-06-05 19:20:34,571 [INFO] Capturing response: https://atomsportv506.top/favicon.ico 200 
2026-06-05 19:20:34,637 [INFO] Capturing request: https://streamsport365.com/cinema
2026-06-05 19:20:34,713 [INFO] Capturing response: https://teletv5.top/load/yayinlink.php?id=bein-sports-4 200 
2026-06-05 19:20:34,968 [INFO] Capturing response: https://streamsport365.com/cinema 200 
2026-06-05 19:20:49,339 [INFO] Capturing request: https://update.googleapis.com/service/update2/json?cup2key=16:RMA2SuhkgJ5igl0nlzCt0TVyoVArBHFTODllChkVmSc&cup2hreq=5d3ae106d859c65c9ae0aa3bac0f5ca84c9d546f5f34fb3739ed2d65eeb45f5e
2026-06-05 19:20:49,396 [INFO] Capturing response: https://update.googleapis.com/service/update2/json?cup2key=16:RMA2SuhkgJ5igl0nlzCt0TVyoVArBHFTODllChkVmSc&cup2hreq=5d3ae106d859c65c9ae0aa3bac0f5ca84c9d546f5f34fb3739ed2d65eeb45f5e 200 
2026-06-05 19:21:07,665 [WARNING]   ❌ beIN Sports 4 için M3U8 bulunamadı
2026-06-05 19:21:08,666 [INFO] 
[5/14]
2026-06-05 19:21:08,666 [INFO] 🔍 beIN Sports 5 → https://atomsportv506.top/matches?id=bein-sports-5
2026-06-05 19:21:08,774 [INFO] Capturing request: https://atomsportv506.top/matches?id=bein-sports-5
2026-06-05 19:21:09,108 [INFO] Capturing response: https://atomsportv506.top/matches?id=bein-sports-5 200 
2026-06-05 19:21:09,118 [INFO] Capturing request: https://atomsportv506.top/cdn-cgi/rum?
2026-06-05 19:21:09,149 [INFO] Capturing request: https://atomsportv506.top/cdn-cgi/rum?
2026-06-05 19:21:09,248 [INFO] Capturing request: https://teletv5.top/load/yayinlink.php?id=bein-sports-5
2026-06-05 19:21:09,251 [INFO] Capturing request: https://atomsportv506.top/favicon.ico
2026-06-05 19:21:09,259 [INFO] Capturing response: https://atomsportv506.top/cdn-cgi/rum? 204 
2026-06-05 19:21:09,278 [INFO] Capturing response: https://atomsportv506.top/cdn-cgi/rum? 204 
2026-06-05 19:21:09,312 [INFO] Capturing response: https://atomsportv506.top/favicon.ico 200 
2026-06-05 19:21:09,384 [INFO] Capturing request: https://streamsport365.com/cinema
2026-06-05 19:21:09,453 [INFO] Capturing response: https://teletv5.top/load/yayinlink.php?id=bein-sports-5 200 
2026-06-05 19:21:09,703 [INFO] Capturing response: https://streamsport365.com/cinema 200 
2026-06-05 19:21:14,989 [INFO] Capturing request: https://android.clients.google.com/c2dm/register3
2026-06-05 19:21:15,094 [INFO] Capturing response: https://android.clients.google.com/c2dm/register3 301 
2026-06-05 19:21:42,403 [WARNING]   ❌ beIN Sports 5 için M3U8 bulunamadı
2026-06-05 19:21:43,403 [INFO] 
[6/14]
2026-06-05 19:21:43,403 [INFO] 🔍 beIN Sports Max 1 → https://atomsportv506.top/matches?id=bein-sports-max-1
2026-06-05 19:21:43,513 [INFO] Capturing request: https://atomsportv506.top/assets/js/clappr.js
2026-06-05 19:21:43,514 [INFO] Capturing request: https://atomsportv506.top/matches?id=bein-sports-max-1
2026-06-05 19:21:43,556 [INFO] Capturing response: https://atomsportv506.top/assets/js/clappr.js 200 
2026-06-05 19:21:43,876 [INFO] Capturing response: https://atomsportv506.top/matches?id=bein-sports-max-1 200 
2026-06-05 19:21:43,887 [INFO] Capturing request: https://atomsportv506.top/cdn-cgi/rum?
2026-06-05 19:21:43,909 [INFO] Capturing request: https://atomsportv506.top/cdn-cgi/rum?
2026-06-05 19:21:44,007 [INFO] Capturing request: https://teletv5.top/load/yayinlink.php?id=bein-sports-max-1
2026-06-05 19:21:44,011 [INFO] Capturing request: https://atomsportv506.top/favicon.ico
2026-06-05 19:21:44,028 [INFO] Capturing response: https://atomsportv506.top/cdn-cgi/rum? 204 
2026-06-05 19:21:44,046 [INFO] Capturing response: https://atomsportv506.top/cdn-cgi/rum? 204 
2026-06-05 19:21:44,067 [INFO] Capturing response: https://atomsportv506.top/favicon.ico 200 
2026-06-05 19:21:44,143 [INFO] Capturing request: https://streamsport365.com/cinema
2026-06-05 19:21:44,462 [INFO] Capturing response: https://streamsport365.com/cinema 200 
2026-06-05 19:21:44,650 [INFO] Capturing response: https://teletv5.top/load/yayinlink.php?id=bein-sports-max-1 200 
2026-06-05 19:22:17,177 [WARNING]   ❌ beIN Sports Max 1 için M3U8 bulunamadı
2026-06-05 19:22:18,177 [INFO] 
[7/14]
2026-06-05 19:22:18,177 [INFO] 🔍 beIN Sports Max 2 → https://atomsportv506.top/matches?id=bein-sports-max-2
2026-06-05 19:22:18,285 [INFO] Capturing request: https://atomsportv506.top/assets/js/clappr.js
2026-06-05 19:22:18,287 [INFO] Capturing request: https://atomsportv506.top/matches?id=bein-sports-max-2
2026-06-05 19:22:18,321 [INFO] Capturing response: https://atomsportv506.top/assets/js/clappr.js 200 
2026-06-05 19:22:18,634 [INFO] Capturing response: https://atomsportv506.top/matches?id=bein-sports-max-2 200 
2026-06-05 19:22:18,644 [INFO] Capturing request: https://atomsportv506.top/cdn-cgi/rum?
2026-06-05 19:22:18,674 [INFO] Capturing request: https://atomsportv506.top/cdn-cgi/rum?
2026-06-05 19:22:18,771 [INFO] Capturing request: https://teletv5.top/load/yayinlink.php?id=bein-sports-max-2
2026-06-05 19:22:18,779 [INFO] Capturing request: https://atomsportv506.top/favicon.ico
2026-06-05 19:22:18,784 [INFO] Capturing response: https://atomsportv506.top/cdn-cgi/rum? 204 
2026-06-05 19:22:18,804 [INFO] Capturing response: https://atomsportv506.top/cdn-cgi/rum? 204 
2026-06-05 19:22:18,834 [INFO] Capturing response: https://atomsportv506.top/favicon.ico 200 
2026-06-05 19:22:18,902 [INFO] Capturing request: https://streamsport365.com/cinema
2026-06-05 19:22:18,975 [INFO] Capturing response: https://teletv5.top/load/yayinlink.php?id=bein-sports-max-2 200 
2026-06-05 19:22:19,220 [INFO] Capturing response: https://streamsport365.com/cinema 200 
2026-06-05 19:22:51,948 [WARNING]   ❌ beIN Sports Max 2 için M3U8 bulunamadı
2026-06-05 19:22:52,948 [INFO] 
[8/14]
2026-06-05 19:22:52,948 [INFO] 🔍 S Sport → https://atomsportv506.top/matches?id=s-sport
2026-06-05 19:22:53,057 [INFO] Capturing request: https://atomsportv506.top/assets/js/clappr.js
2026-06-05 19:22:53,059 [INFO] Capturing request: https://atomsportv506.top/matches?id=s-sport
2026-06-05 19:22:53,091 [INFO] Capturing response: https://atomsportv506.top/assets/js/clappr.js 200 
2026-06-05 19:22:53,399 [INFO] Capturing response: https://atomsportv506.top/matches?id=s-sport 200 
2026-06-05 19:22:53,408 [INFO] Capturing request: https://atomsportv506.top/cdn-cgi/rum?
2026-06-05 19:22:53,435 [INFO] Capturing request: https://atomsportv506.top/cdn-cgi/rum?
2026-06-05 19:22:53,525 [INFO] Capturing request: https://teletv5.top/load/yayinlink.php?id=s-sport
2026-06-05 19:22:53,536 [INFO] Capturing request: https://atomsportv506.top/favicon.ico
2026-06-05 19:22:53,548 [INFO] Capturing response: https://atomsportv506.top/cdn-cgi/rum? 204 
2026-06-05 19:22:53,567 [INFO] Capturing response: https://atomsportv506.top/cdn-cgi/rum? 204 
2026-06-05 19:22:53,619 [INFO] Capturing response: https://atomsportv506.top/favicon.ico 200 
2026-06-05 19:22:53,669 [INFO] Capturing request: https://streamsport365.com/cinema
2026-06-05 19:22:53,735 [INFO] Capturing response: https://teletv5.top/load/yayinlink.php?id=s-sport 200 
2026-06-05 19:22:53,997 [INFO] Capturing response: https://streamsport365.com/cinema 200 
2026-06-05 19:22:54,115 [INFO] Capturing request: https://atomsportv506.top/assets/img/player_logo_6880e4e4c52ee.png
2026-06-05 19:22:54,119 [INFO] Capturing request: https://hlssssssssssssssssss.yedeklinksa35.workers.dev/https://corestream.ronaldovurdu.help//s-sportt/tracks-v1a1/mono.m3u8
2026-06-05 19:22:54,196 [INFO] Capturing response: https://atomsportv506.top/assets/img/player_logo_6880e4e4c52ee.png 200 
2026-06-05 19:22:54,347 [INFO] Capturing response: https://hlssssssssssssssssss.yedeklinksa35.workers.dev/https://corestream.ronaldovurdu.help//s-sportt/tracks-v1a1/mono.m3u8 200 
2026-06-05 19:22:54,458 [INFO] Capturing request: https://ts.yedeklinksa35.workers.dev/s-sportt/tracks-v1a1/2026/06/05/19/22/19-06960.avif
2026-06-05 19:22:55,124 [INFO] Capturing response: https://ts.yedeklinksa35.workers.dev/s-sportt/tracks-v1a1/2026/06/05/19/22/19-06960.avif 200 
2026-06-05 19:22:55,301 [INFO] Capturing request: https://ts.yedeklinksa35.workers.dev/s-sportt/tracks-v1a1/2026/06/05/19/22/26-08600.avif
2026-06-05 19:22:56,056 [INFO] Capturing response: https://ts.yedeklinksa35.workers.dev/s-sportt/tracks-v1a1/2026/06/05/19/22/26-08600.avif 200 
2026-06-05 19:22:56,249 [INFO] Capturing request: https://ts.yedeklinksa35.workers.dev/s-sportt/tracks-v1a1/2026/06/05/19/22/35-06800.avif
2026-06-05 19:22:56,451 [INFO]   ✅ M3U8 bulundu: https://hlssssssssssssssssss.yedeklinksa35.workers.dev/https://corestream.ronaldovurdu.help//s-sportt/tracks-v1a1/mono.m3u8
2026-06-05 19:22:57,452 [INFO] 
[9/14]
2026-06-05 19:22:57,453 [INFO] 🔍 S Sport 2 → https://atomsportv506.top/matches?id=s-sport-2
2026-06-05 19:22:57,558 [INFO] Capturing response: https://ts.yedeklinksa35.workers.dev/s-sportt/tracks-v1a1/2026/06/05/19/22/35-06800.avif 200 
2026-06-05 19:22:57,564 [INFO] Capturing request: https://atomsportv506.top/matches?id=s-sport-2
2026-06-05 19:22:57,565 [INFO] Capturing request: https://atomsportv506.top/assets/js/clappr.js
2026-06-05 19:22:57,615 [INFO] Capturing response: https://atomsportv506.top/assets/js/clappr.js 200 
2026-06-05 19:22:57,620 [INFO] Capturing response: https://atomsportv506.top/matches?id=s-sport-2 200 
2026-06-05 19:22:57,629 [INFO] Capturing request: https://atomsportv506.top/cdn-cgi/rum?
2026-06-05 19:22:57,653 [INFO] Capturing request: https://streamsport365.com/cinema
2026-06-05 19:22:57,665 [INFO] Capturing request: https://atomsportv506.top/cdn-cgi/rum?
2026-06-05 19:22:57,752 [INFO] Capturing request: https://teletv5.top/load/yayinlink.php?id=s-sport-2
2026-06-05 19:22:57,765 [INFO] Capturing request: https://atomsportv506.top/favicon.ico
2026-06-05 19:22:57,788 [INFO] Capturing response: https://atomsportv506.top/cdn-cgi/rum? 204 
2026-06-05 19:22:57,805 [INFO] Capturing response: https://atomsportv506.top/cdn-cgi/rum? 204 
2026-06-05 19:22:57,832 [INFO] Capturing response: https://atomsportv506.top/favicon.ico 200 
2026-06-05 19:22:57,959 [INFO] Capturing response: https://teletv5.top/load/yayinlink.php?id=s-sport-2 200 
2026-06-05 19:22:57,972 [INFO] Capturing response: https://streamsport365.com/cinema 200 
2026-06-05 19:22:58,119 [INFO] Capturing request: https://hlssssssssssssssssss.yedeklinksa35.workers.dev/https://corestream.ronaldovurdu.help//s-sport2/tracks-v1a1/mono.m3u8
2026-06-05 19:22:58,287 [INFO] Capturing response: https://hlssssssssssssssssss.yedeklinksa35.workers.dev/https://corestream.ronaldovurdu.help//s-sport2/tracks-v1a1/mono.m3u8 200 
2026-06-05 19:22:58,436 [INFO] Capturing request: https://ts.yedeklinksa35.workers.dev/s-sport2/tracks-v1a1/2026/06/05/19/23/16-06000.avif
2026-06-05 19:23:00,679 [INFO]   ✅ M3U8 bulundu: https://hlssssssssssssssssss.yedeklinksa35.workers.dev/https://corestream.ronaldovurdu.help//s-sport2/tracks-v1a1/mono.m3u8
2026-06-05 19:23:01,159 [INFO] Capturing response: https://ts.yedeklinksa35.workers.dev/s-sport2/tracks-v1a1/2026/06/05/19/23/16-06000.avif 200 
2026-06-05 19:23:01,479 [INFO] Capturing request: https://ts.yedeklinksa35.workers.dev/s-sport2/tracks-v1a1/2026/06/05/19/23/22-06000.avif
2026-06-05 19:23:01,680 [INFO] 
[10/14]
2026-06-05 19:23:01,680 [INFO] 🔍 A Spor → https://atomsportv506.top/matches?id=a-spor
2026-06-05 19:23:01,791 [INFO] Capturing request: https://atomsportv506.top/assets/js/clappr.js
2026-06-05 19:23:01,793 [INFO] Capturing request: https://atomsportv506.top/matches?id=a-spor
2026-06-05 19:23:01,828 [INFO] Capturing response: https://atomsportv506.top/assets/js/clappr.js 200 
2026-06-05 19:23:01,868 [INFO] Capturing response: https://atomsportv506.top/matches?id=a-spor 200 
2026-06-05 19:23:01,885 [INFO] Capturing request: https://atomsportv506.top/cdn-cgi/rum?
2026-06-05 19:23:01,926 [INFO] Capturing request: https://atomsportv506.top/cdn-cgi/rum?
2026-06-05 19:23:02,016 [INFO] Capturing request: https://teletv5.top/load/yayinlink.php?id=a-spor
2026-06-05 19:23:02,028 [INFO] Capturing request: https://atomsportv506.top/favicon.ico
2026-06-05 19:23:02,051 [INFO] Capturing response: https://atomsportv506.top/cdn-cgi/rum? 204 
2026-06-05 19:23:02,067 [INFO] Capturing response: https://atomsportv506.top/cdn-cgi/rum? 204 
2026-06-05 19:23:02,083 [INFO] Capturing response: https://atomsportv506.top/favicon.ico 200 
2026-06-05 19:23:02,161 [INFO] Capturing request: https://streamsport365.com/cinema
2026-06-05 19:23:02,216 [INFO] Capturing response: https://teletv5.top/load/yayinlink.php?id=a-spor 200 
2026-06-05 19:23:02,484 [INFO] Capturing response: https://streamsport365.com/cinema 200 
2026-06-05 19:23:02,605 [INFO] Capturing request: https://hlssssssssssssssssss.yedeklinksa35.workers.dev/https://corestream.ronaldovurdu.help//aspor/tracks-v1a1/mono.m3u8
2026-06-05 19:23:03,032 [INFO] Capturing response: https://hlssssssssssssssssss.yedeklinksa35.workers.dev/https://corestream.ronaldovurdu.help//aspor/tracks-v1a1/mono.m3u8 404 
2026-06-05 19:23:03,550 [INFO] Capturing response: https://ts.yedeklinksa35.workers.dev/s-sport2/tracks-v1a1/2026/06/05/19/23/22-06000.avif 200 
2026-06-05 19:23:04,939 [INFO]   ✅ M3U8 bulundu: https://hlssssssssssssssssss.yedeklinksa35.workers.dev/https://corestream.ronaldovurdu.help//aspor/tracks-v1a1/mono.m3u8
2026-06-05 19:23:05,939 [INFO] 
[11/14]
2026-06-05 19:23:05,939 [INFO] 🔍 Tivibu Spor 1 → https://atomsportv506.top/matches?id=tivibu-spor-1
2026-06-05 19:23:06,047 [INFO] Capturing request: https://atomsportv506.top/assets/js/clappr.js
2026-06-05 19:23:06,049 [INFO] Capturing request: https://atomsportv506.top/matches?id=tivibu-spor-1
2026-06-05 19:23:06,080 [INFO] Capturing response: https://atomsportv506.top/assets/js/clappr.js 200 
2026-06-05 19:23:06,136 [INFO] Capturing response: https://atomsportv506.top/matches?id=tivibu-spor-1 200 
2026-06-05 19:23:06,145 [INFO] Capturing request: https://atomsportv506.top/cdn-cgi/rum?
2026-06-05 19:23:06,170 [INFO] Capturing request: https://streamsport365.com/cinema
2026-06-05 19:23:06,172 [INFO] Capturing request: https://atomsportv506.top/cdn-cgi/rum?
2026-06-05 19:23:06,266 [INFO] Capturing request: https://teletv5.top/load/yayinlink.php?id=tivibu-spor-1
2026-06-05 19:23:06,273 [INFO] Capturing request: https://atomsportv506.top/favicon.ico
2026-06-05 19:23:06,297 [INFO] Capturing response: https://atomsportv506.top/cdn-cgi/rum? 204 
2026-06-05 19:23:06,313 [INFO] Capturing response: https://atomsportv506.top/cdn-cgi/rum? 204 
2026-06-05 19:23:06,335 [INFO] Capturing response: https://atomsportv506.top/favicon.ico 200 
2026-06-05 19:23:06,472 [INFO] Capturing response: https://teletv5.top/load/yayinlink.php?id=tivibu-spor-1 200 
2026-06-05 19:23:06,486 [INFO] Capturing response: https://streamsport365.com/cinema 200 
2026-06-05 19:23:14,093 [INFO] Capturing request: https://android.clients.google.com/c2dm/register3
2026-06-05 19:23:14,159 [INFO] Capturing response: https://android.clients.google.com/c2dm/register3 301 
2026-06-05 19:23:39,443 [WARNING]   ❌ Tivibu Spor 1 için M3U8 bulunamadı
2026-06-05 19:23:40,443 [INFO] 
[12/14]
2026-06-05 19:23:40,444 [INFO] 🔍 Tivibu Spor 2 → https://atomsportv506.top/matches?id=tivibu-spor-2
2026-06-05 19:23:40,551 [INFO] Capturing request: https://atomsportv506.top/assets/js/clappr.js
2026-06-05 19:23:40,554 [INFO] Capturing request: https://atomsportv506.top/matches?id=tivibu-spor-2
2026-06-05 19:23:40,587 [INFO] Capturing response: https://atomsportv506.top/assets/js/clappr.js 200 
2026-06-05 19:23:40,905 [INFO] Capturing response: https://atomsportv506.top/matches?id=tivibu-spor-2 200 
2026-06-05 19:23:40,914 [INFO] Capturing request: https://atomsportv506.top/cdn-cgi/rum?
2026-06-05 19:23:40,943 [INFO] Capturing request: https://atomsportv506.top/cdn-cgi/rum?
2026-06-05 19:23:41,040 [INFO] Capturing request: https://teletv5.top/load/yayinlink.php?id=tivibu-spor-2
2026-06-05 19:23:41,047 [INFO] Capturing request: https://atomsportv506.top/favicon.ico
2026-06-05 19:23:41,055 [INFO] Capturing response: https://atomsportv506.top/cdn-cgi/rum? 204 
2026-06-05 19:23:41,076 [INFO] Capturing response: https://atomsportv506.top/cdn-cgi/rum? 204 
2026-06-05 19:23:41,109 [INFO] Capturing response: https://atomsportv506.top/favicon.ico 200 
2026-06-05 19:23:41,174 [INFO] Capturing request: https://streamsport365.com/cinema
2026-06-05 19:23:41,246 [INFO] Capturing response: https://teletv5.top/load/yayinlink.php?id=tivibu-spor-2 200 
2026-06-05 19:23:41,492 [INFO] Capturing response: https://streamsport365.com/cinema 200 
2026-06-05 19:23:49,988 [INFO] 127.0.0.1:40826: HTTP/2 connection terminated by server: error code: 0, last stream id: 201, additional data: b'session_timed_out'
2026-06-05 19:23:50,443 [INFO] 127.0.0.1:40868: HTTP/2 connection terminated by server: error code: 0, last stream id: 201, additional data: b'session_timed_out'
2026-06-05 19:24:14,210 [WARNING]   ❌ Tivibu Spor 2 için M3U8 bulunamadı
2026-06-05 19:24:15,210 [INFO] 
[13/14]
2026-06-05 19:24:15,210 [INFO] 🔍 Tivibu Spor 3 → https://atomsportv506.top/matches?id=tivibu-spor-3
2026-06-05 19:24:15,318 [INFO] Capturing request: https://atomsportv506.top/assets/js/clappr.js
2026-06-05 19:24:15,320 [INFO] Capturing request: https://atomsportv506.top/matches?id=tivibu-spor-3
2026-06-05 19:24:15,358 [INFO] Capturing response: https://atomsportv506.top/assets/js/clappr.js 200 
2026-06-05 19:24:15,672 [INFO] Capturing response: https://atomsportv506.top/matches?id=tivibu-spor-3 200 
2026-06-05 19:24:15,681 [INFO] Capturing request: https://atomsportv506.top/cdn-cgi/rum?
2026-06-05 19:24:15,712 [INFO] Capturing request: https://atomsportv506.top/cdn-cgi/rum?
2026-06-05 19:24:15,808 [INFO] Capturing request: https://teletv5.top/load/yayinlink.php?id=tivibu-spor-3
2026-06-05 19:24:15,813 [INFO] Capturing request: https://atomsportv506.top/favicon.ico
2026-06-05 19:24:15,821 [INFO] Capturing response: https://atomsportv506.top/cdn-cgi/rum? 204 
2026-06-05 19:24:15,840 [INFO] Capturing response: https://atomsportv506.top/cdn-cgi/rum? 204 
2026-06-05 19:24:15,943 [INFO] Capturing request: https://streamsport365.com/cinema
2026-06-05 19:24:15,967 [INFO] Capturing response: https://atomsportv506.top/favicon.ico 200 
2026-06-05 19:24:16,013 [INFO] Capturing response: https://teletv5.top/load/yayinlink.php?id=tivibu-spor-3 200 
2026-06-05 19:24:16,279 [INFO] Capturing response: https://streamsport365.com/cinema 200 
2026-06-05 19:24:48,977 [WARNING]   ❌ Tivibu Spor 3 için M3U8 bulunamadı
2026-06-05 19:24:49,402 [INFO] 127.0.0.1:40378: HTTP/2 connection terminated by server: error code: 0, last stream id: 201, additional data: b'session_timed_out'
2026-06-05 19:24:49,978 [INFO] 
[14/14]
2026-06-05 19:24:49,978 [INFO] 🔍 Tivibu Spor 4 → https://atomsportv506.top/matches?id=tivibu-spor-4
2026-06-05 19:24:50,087 [INFO] Capturing request: https://atomsportv506.top/assets/js/clappr.js
2026-06-05 19:24:50,090 [INFO] Capturing request: https://atomsportv506.top/matches?id=tivibu-spor-4
2026-06-05 19:24:50,126 [INFO] Capturing response: https://atomsportv506.top/assets/js/clappr.js 200 
2026-06-05 19:24:50,477 [INFO] Capturing response: https://atomsportv506.top/matches?id=tivibu-spor-4 200 
2026-06-05 19:24:50,487 [INFO] Capturing request: https://atomsportv506.top/cdn-cgi/rum?
2026-06-05 19:24:50,520 [INFO] Capturing request: https://atomsportv506.top/cdn-cgi/rum?
2026-06-05 19:24:50,615 [INFO] Capturing request: https://teletv5.top/load/yayinlink.php?id=tivibu-spor-4
2026-06-05 19:24:50,623 [INFO] Capturing request: https://atomsportv506.top/favicon.ico
2026-06-05 19:24:50,643 [INFO] Capturing response: https://atomsportv506.top/cdn-cgi/rum? 204 
2026-06-05 19:24:50,660 [INFO] Capturing response: https://atomsportv506.top/cdn-cgi/rum? 204 
2026-06-05 19:24:50,683 [INFO] Capturing response: https://atomsportv506.top/favicon.ico 200 
2026-06-05 19:24:50,750 [INFO] Capturing request: https://streamsport365.com/cinema
2026-06-05 19:24:50,820 [INFO] Capturing response: https://teletv5.top/load/yayinlink.php?id=tivibu-spor-4 200 
2026-06-05 19:24:51,066 [INFO] Capturing response: https://streamsport365.com/cinema 200 
2026-06-05 19:25:23,787 [WARNING]   ❌ Tivibu Spor 4 için M3U8 bulunamadı
2026-06-05 19:25:24,850 [INFO] ✅ 5 kanal bulundu, playlist.m3u kaydedildi
