2026-04-11 06:56:52,340 [INFO] 🔎 Domain aralığı taranıyor: atomsportv490.top - atomsportv520.top
2026-04-11 06:56:53,602 [INFO]   ✅ Aktif domain bulundu: https://atomsportv495.top
2026-04-11 06:56:53,603 [INFO] 🌐 Kullanılan BASE_URL: https://atomsportv495.top
2026-04-11 06:56:54,852 [INFO] ✅ SeleniumWire aktif
2026-04-11 06:56:54,854 [INFO] =======================================================
2026-04-11 06:56:54,854 [INFO]    M3U8 Scraper
2026-04-11 06:56:54,854 [INFO]    Base URL : https://atomsportv495.top
2026-04-11 06:56:54,854 [INFO]    Toplam   : 12 sayfa
2026-04-11 06:56:54,854 [INFO] =======================================================
2026-04-11 06:56:54,854 [INFO] 🔧 Driver başlatılıyor...
2026-04-11 06:56:55,588 [INFO] ✅ Driver başlatıldı
2026-04-11 06:56:55,589 [INFO] 
[1/12]
2026-04-11 06:56:55,589 [INFO] 
──────────────────────────────────────────────────
2026-04-11 06:56:55,589 [INFO] 🔍 beIN Sports 1 → https://atomsportv495.top/matches?id=bein-sports-1
2026-04-11 06:56:55,589 [INFO] ──────────────────────────────────────────────────
2026-04-11 06:57:27,760 [INFO]   📡 M3U8 bekleniyor (max 8s)...
2026-04-11 06:57:27,767 [INFO]   🎯 1s'de bulundu: https://hlsssssss.verkankamama.workers.dev/https://corestream.ronaldovurdu.help//hls/bein-sports-11.m3u8
2026-04-11 06:57:27,768 [INFO]   ✅ beIN Sports 1: https://hlsssssss.verkankamama.workers.dev/https://corestream.ronaldovurdu.help//hls/bein-sports-11.m3u8
2026-04-11 06:57:28,768 [INFO] 
[2/12]
2026-04-11 06:57:28,768 [INFO] 
──────────────────────────────────────────────────
2026-04-11 06:57:28,768 [INFO] 🔍 beIN Sports 2 → https://atomsportv495.top/matches?id=bein-sports-2
2026-04-11 06:57:28,768 [INFO] ──────────────────────────────────────────────────
2026-04-11 06:58:00,967 [INFO]   📡 M3U8 bekleniyor (max 8s)...
2026-04-11 06:58:01,011 [INFO]   🎯 1s'de bulundu: https://hlsssssss.verkankamama.workers.dev/https://corestream.ronaldovurdu.help//hls/bein-sports-11.m3u8
2026-04-11 06:58:01,013 [INFO]   ✅ beIN Sports 2: https://hlsssssss.verkankamama.workers.dev/https://corestream.ronaldovurdu.help//hls/bein-sports-11.m3u8
2026-04-11 06:58:02,013 [INFO] 
[3/12]
2026-04-11 06:58:02,013 [INFO] 
──────────────────────────────────────────────────
2026-04-11 06:58:02,013 [INFO] 🔍 beIN Sports 3 → https://atomsportv495.top/matches?id=bein-sports-3
2026-04-11 06:58:02,013 [INFO] ──────────────────────────────────────────────────
2026-04-11 06:58:33,975 [INFO]   📡 M3U8 bekleniyor (max 8s)...
2026-04-11 06:58:33,981 [INFO]   🎯 1s'de bulundu: https://hlsssssss.verkankamama.workers.dev/https://corestream.ronaldovurdu.help//hls/bein-sports-3.m3u8
2026-04-11 06:58:33,982 [INFO]   ✅ beIN Sports 3: https://hlsssssss.verkankamama.workers.dev/https://corestream.ronaldovurdu.help//hls/bein-sports-3.m3u8
2026-04-11 06:58:34,982 [INFO] 
[4/12]
2026-04-11 06:58:34,982 [INFO] 
──────────────────────────────────────────────────
2026-04-11 06:58:34,982 [INFO] 🔍 beIN Sports 4 → https://atomsportv495.top/matches?id=bein-sports-4
2026-04-11 06:58:34,982 [INFO] ──────────────────────────────────────────────────
2026-04-11 06:59:06,897 [INFO]   📡 M3U8 bekleniyor (max 8s)...
2026-04-11 06:59:06,906 [INFO]   🎯 1s'de bulundu: https://hlsssssss.verkankamama.workers.dev/https://corestream.ronaldovurdu.help//hls/bein-sports-4.m3u8
2026-04-11 06:59:06,907 [INFO]   ✅ beIN Sports 4: https://hlsssssss.verkankamama.workers.dev/https://corestream.ronaldovurdu.help//hls/bein-sports-4.m3u8
2026-04-11 06:59:07,907 [INFO] 
[5/12]
2026-04-11 06:59:07,907 [INFO] 
──────────────────────────────────────────────────
2026-04-11 06:59:07,907 [INFO] 🔍 beIN Sports 5 → https://atomsportv495.top/matches?id=bein-sports-5
2026-04-11 06:59:07,907 [INFO] ──────────────────────────────────────────────────
2026-04-11 06:59:39,823 [INFO]   📡 M3U8 bekleniyor (max 8s)...
2026-04-11 06:59:39,824 [INFO]   🎯 1s'de bulundu: https://hlsssssss.verkankamama.workers.dev/https://corestream.ronaldovurdu.help//hls/bein-sports-5.m3u8
2026-04-11 06:59:39,825 [INFO]   ✅ beIN Sports 5: https://hlsssssss.verkankamama.workers.dev/https://corestream.ronaldovurdu.help//hls/bein-sports-5.m3u8
2026-04-11 06:59:40,825 [INFO] 
[6/12]
2026-04-11 06:59:40,825 [INFO] 
──────────────────────────────────────────────────
2026-04-11 06:59:40,825 [INFO] 🔍 beIN Sports Max 1 → https://atomsportv495.top/matches?id=bein-sports-max-1
2026-04-11 06:59:40,825 [INFO] ──────────────────────────────────────────────────
2026-04-11 07:00:12,763 [INFO]   📡 M3U8 bekleniyor (max 8s)...
2026-04-11 07:00:12,799 [INFO]   🎯 1s'de bulundu: https://hlsssssss.verkankamama.workers.dev/https://corestream.ronaldovurdu.help//hls/bein-sports-max-1.m3u8
2026-04-11 07:00:12,800 [INFO]   ✅ beIN Sports Max 1: https://hlsssssss.verkankamama.workers.dev/https://corestream.ronaldovurdu.help//hls/bein-sports-max-1.m3u8
2026-04-11 07:00:13,800 [INFO] 
[7/12]
2026-04-11 07:00:13,800 [INFO] 
──────────────────────────────────────────────────
2026-04-11 07:00:13,800 [INFO] 🔍 beIN Sports Max 2 → https://atomsportv495.top/matches?id=bein-sports-max-2
2026-04-11 07:00:13,800 [INFO] ──────────────────────────────────────────────────
2026-04-11 07:00:45,792 [INFO]   📡 M3U8 bekleniyor (max 8s)...
2026-04-11 07:00:45,808 [INFO]   🎯 1s'de bulundu: https://hlsssssss.verkankamama.workers.dev/https://corestream.ronaldovurdu.help//hls/bein-sports-max-2.m3u8
2026-04-11 07:00:45,810 [INFO]   ✅ beIN Sports Max 2: https://hlsssssss.verkankamama.workers.dev/https://corestream.ronaldovurdu.help//hls/bein-sports-max-2.m3u8
2026-04-11 07:00:46,810 [INFO] 
[8/12]
2026-04-11 07:00:46,810 [INFO] 
──────────────────────────────────────────────────
2026-04-11 07:00:46,810 [INFO] 🔍 S Sport → https://atomsportv495.top/matches?id=s-sport
2026-04-11 07:00:46,810 [INFO] ──────────────────────────────────────────────────
2026-04-11 07:01:18,729 [INFO]   📡 M3U8 bekleniyor (max 8s)...
2026-04-11 07:01:18,731 [INFO]   🎯 1s'de bulundu: https://hlsssssss.verkankamama.workers.dev/https://corestream.ronaldovurdu.help//hls/s-sport.m3u8
2026-04-11 07:01:18,731 [INFO]   ✅ S Sport: https://hlsssssss.verkankamama.workers.dev/https://corestream.ronaldovurdu.help//hls/s-sport.m3u8
2026-04-11 07:01:19,731 [INFO] 
[9/12]
2026-04-11 07:01:19,731 [INFO] 
──────────────────────────────────────────────────
2026-04-11 07:01:19,731 [INFO] 🔍 S Sport 2 → https://atomsportv495.top/matches?id=s-sport-2
2026-04-11 07:01:19,731 [INFO] ──────────────────────────────────────────────────
2026-04-11 07:01:51,676 [INFO]   📡 M3U8 bekleniyor (max 8s)...
2026-04-11 07:01:51,681 [INFO]   🎯 1s'de bulundu: https://hlsssssss.verkankamama.workers.dev/https://corestream.ronaldovurdu.help//hls/s-sport-2.m3u8
2026-04-11 07:01:51,682 [INFO]   ✅ S Sport 2: https://hlsssssss.verkankamama.workers.dev/https://corestream.ronaldovurdu.help//hls/s-sport-2.m3u8
2026-04-11 07:01:52,682 [INFO] 
[10/12]
2026-04-11 07:01:52,683 [INFO] 
──────────────────────────────────────────────────
2026-04-11 07:01:52,683 [INFO] 🔍 Tivibu Spor 1 → https://atomsportv495.top/matches?id=tivibu-spor-1
2026-04-11 07:01:52,683 [INFO] ──────────────────────────────────────────────────
2026-04-11 07:02:24,603 [INFO]   📡 M3U8 bekleniyor (max 8s)...
2026-04-11 07:02:24,605 [INFO]   🎯 1s'de bulundu: https://hlsssssss.verkankamama.workers.dev/https://corestream.ronaldovurdu.help//hls/tivibu-spor-1.m3u8
2026-04-11 07:02:24,605 [INFO]   ✅ Tivibu Spor 1: https://hlsssssss.verkankamama.workers.dev/https://corestream.ronaldovurdu.help//hls/tivibu-spor-1.m3u8
2026-04-11 07:02:25,605 [INFO] 
[11/12]
2026-04-11 07:02:25,605 [INFO] 
──────────────────────────────────────────────────
2026-04-11 07:02:25,605 [INFO] 🔍 Tivibu Spor 2 → https://atomsportv495.top/matches?id=tivibu-spor-2
2026-04-11 07:02:25,605 [INFO] ──────────────────────────────────────────────────
2026-04-11 07:02:57,515 [INFO]   📡 M3U8 bekleniyor (max 8s)...
2026-04-11 07:02:57,515 [INFO]   🎯 1s'de bulundu: https://hlsssssss.verkankamama.workers.dev/https://corestream.ronaldovurdu.help//hls/tivibu-spor-2.m3u8
2026-04-11 07:02:57,516 [INFO]   ✅ Tivibu Spor 2: https://hlsssssss.verkankamama.workers.dev/https://corestream.ronaldovurdu.help//hls/tivibu-spor-2.m3u8
2026-04-11 07:02:58,516 [INFO] 
[12/12]
2026-04-11 07:02:58,516 [INFO] 
──────────────────────────────────────────────────
2026-04-11 07:02:58,516 [INFO] 🔍 Tivibu Spor 3 → https://atomsportv495.top/matches?id=tivibu-spor-3
2026-04-11 07:02:58,516 [INFO] ──────────────────────────────────────────────────
2026-04-11 07:03:30,435 [INFO]   📡 M3U8 bekleniyor (max 8s)...
2026-04-11 07:03:30,435 [INFO]   🎯 1s'de bulundu: https://hlsssssss.verkankamama.workers.dev/https://corestream.ronaldovurdu.help//hls/tivibu-spor-3.m3u8
2026-04-11 07:03:30,436 [INFO]   ✅ Tivibu Spor 3: https://hlsssssss.verkankamama.workers.dev/https://corestream.ronaldovurdu.help//hls/tivibu-spor-3.m3u8
2026-04-11 07:03:31,500 [INFO] 🔒 Driver kapatıldı
2026-04-11 07:03:31,500 [INFO] 
=======================================================
2026-04-11 07:03:31,500 [INFO] 🏁 Tamamlandı!
2026-04-11 07:03:31,500 [INFO] 📺 Kanal : 12/12
2026-04-11 07:03:31,500 [INFO] ⏱️  Süre  : 396.6s
2026-04-11 07:03:31,500 [INFO] =======================================================
2026-04-11 07:03:31,500 [INFO] ✅ playlist.m3u kaydedildi
2026-04-11 07:03:31,501 [INFO] ✅ stats.json kaydedildi
