2026-07-21 12:24:37,912 [INFO] 🌐 BASE_URL: https://atomsportv510.top
2026-07-21 12:24:38,880 [INFO] Başlanıyor... 14 kanal taranacak
2026-07-21 12:24:38,880 [INFO] Using default request storage
2026-07-21 12:24:38,885 [INFO] Created proxy listening on 127.0.0.1:40627
2026-07-21 12:24:39,562 [INFO] Capturing request: http://clients2.google.com/time/1/current?cup2key=10:u4shYHpopckfKSR3tdIBtEI9AKMNxcemDTlDbAciYlA&cup2hreq=e3b0c44298fc1c149afbf4c8996fb92427ae41e4649b934ca495991b7852b855
2026-07-21 12:24:39,599 [INFO] Capturing response: http://clients2.google.com/time/1/current?cup2key=10:u4shYHpopckfKSR3tdIBtEI9AKMNxcemDTlDbAciYlA&cup2hreq=e3b0c44298fc1c149afbf4c8996fb92427ae41e4649b934ca495991b7852b855 200 OK
2026-07-21 12:24:39,779 [INFO] 
[1/14]
2026-07-21 12:24:39,779 [INFO] 🔍 beIN Sports 1 → https://atomsportv510.top/matches?id=bein-sports-1
2026-07-21 12:24:39,920 [INFO] Capturing request: https://accounts.google.com/ListAccounts?gpsia=1&source=ChromiumBrowser&json=standard&laf=b64bin
2026-07-21 12:24:39,920 [INFO] Capturing request: https://update.googleapis.com/service/update2/json?cup2key=16:qKk4rNyz80ePonpTaHNdnR2jUym6lMCU7eZZ0veVhJE&cup2hreq=6314f21f5552db40a6b84f17e3555ed7571e6d6b286234d6738d7d0ad948c86c
2026-07-21 12:24:39,968 [INFO] Capturing response: https://update.googleapis.com/service/update2/json?cup2key=16:qKk4rNyz80ePonpTaHNdnR2jUym6lMCU7eZZ0veVhJE&cup2hreq=6314f21f5552db40a6b84f17e3555ed7571e6d6b286234d6738d7d0ad948c86c 200 
2026-07-21 12:24:40,011 [INFO] Capturing request: https://www.google.com/async/folae?async=_fmt:pb&udm=50&client_locale=en-US&client_country=ZZ
2026-07-21 12:24:40,017 [INFO] Capturing request: https://atomsportv510.top/matches?id=bein-sports-1
2026-07-21 12:24:40,018 [INFO] Capturing request: https://update.googleapis.com/service/update2/json?cup2key=16:Mvzy5HITtKTnR-CshxYpldYntJOe27kmS5dXXCYFMa0&cup2hreq=b20fb8a4eb457adecb2e430e7fab7f4aa7924050ce54bff00876b3058d1a6897
2026-07-21 12:24:40,046 [INFO] Capturing response: https://update.googleapis.com/service/update2/json?cup2key=16:Mvzy5HITtKTnR-CshxYpldYntJOe27kmS5dXXCYFMa0&cup2hreq=b20fb8a4eb457adecb2e430e7fab7f4aa7924050ce54bff00876b3058d1a6897 200 
2026-07-21 12:24:40,054 [INFO] Capturing response: https://accounts.google.com/ListAccounts?gpsia=1&source=ChromiumBrowser&json=standard&laf=b64bin 200 
2026-07-21 12:24:40,059 [INFO] Capturing response: https://www.google.com/async/folae?async=_fmt:pb&udm=50&client_locale=en-US&client_country=ZZ 200 
2026-07-21 12:24:40,092 [INFO] Capturing request: https://update.googleapis.com/service/update2/json?cup2key=16:omYyyMyfvtagmCOTXUqh0EnI0-Yp3gf1ddkhp8wdi2s&cup2hreq=c0eaf03c9ec3d5b77c33e0dc7e621bb1aed6eb47afa0e6e028c5898b776110fd
2026-07-21 12:24:40,107 [INFO] Capturing response: https://atomsportv510.top/matches?id=bein-sports-1 200 
2026-07-21 12:24:40,121 [INFO] Capturing response: https://update.googleapis.com/service/update2/json?cup2key=16:omYyyMyfvtagmCOTXUqh0EnI0-Yp3gf1ddkhp8wdi2s&cup2hreq=c0eaf03c9ec3d5b77c33e0dc7e621bb1aed6eb47afa0e6e028c5898b776110fd 200 
2026-07-21 12:24:40,261 [INFO] Capturing request: https://atomsportv510.top/assets/js/clappr.js
2026-07-21 12:24:40,308 [INFO] Capturing request: https://www.google.com/async/folae?async=_fmt:pb&udm=50&client_locale=en-US&client_country=ZZ
2026-07-21 12:24:40,312 [INFO] Capturing response: https://atomsportv510.top/assets/js/clappr.js 200 
2026-07-21 12:24:40,314 [INFO] Capturing request: https://cdn.jsdelivr.net/npm/@clappr/player@latest/dist/clappr.min.js
2026-07-21 12:24:40,328 [INFO] Capturing request: https://cdnjs.cloudflare.com/ajax/libs/jquery/3.2.1/jquery.min.js
2026-07-21 12:24:40,350 [INFO] Capturing response: https://cdn.jsdelivr.net/npm/@clappr/player@latest/dist/clappr.min.js 200 
2026-07-21 12:24:40,355 [INFO] Capturing response: https://cdnjs.cloudflare.com/ajax/libs/jquery/3.2.1/jquery.min.js 200 
2026-07-21 12:24:40,359 [INFO] Capturing response: https://www.google.com/async/folae?async=_fmt:pb&udm=50&client_locale=en-US&client_country=ZZ 200 
2026-07-21 12:24:40,569 [INFO] Capturing request: https://atomsportv510.top/favicon.ico
2026-07-21 12:24:40,622 [INFO] Capturing response: https://atomsportv510.top/favicon.ico 200 
2026-07-21 12:24:40,626 [INFO] Capturing request: https://teletv5.top/load/yayinlink.php?id=bein-sports-1
2026-07-21 12:24:41,072 [INFO] Capturing response: https://teletv5.top/load/yayinlink.php?id=bein-sports-1 200 
2026-07-21 12:24:41,237 [INFO] Capturing request: https://streamsport365.com/cinema
2026-07-21 12:24:41,600 [INFO] Capturing response: https://streamsport365.com/cinema 200 
2026-07-21 12:24:41,731 [INFO] Capturing request: https://atomsportv510.top/assets/img/player_logo_6880e4e4c52ee.png
2026-07-21 12:24:41,785 [INFO] Capturing response: https://atomsportv510.top/assets/img/player_logo_6880e4e4c52ee.png 200 
2026-07-21 12:24:42,444 [INFO] Capturing request: https://tv-trt1.medya.trt.com.tr/master_720.m3u8
2026-07-21 12:24:42,635 [INFO] Capturing request: https://android.clients.google.com/checkin
2026-07-21 12:24:42,722 [INFO] Capturing response: https://tv-trt1.medya.trt.com.tr/master_720.m3u8 200 OK
2026-07-21 12:24:42,742 [INFO] Capturing response: https://android.clients.google.com/checkin 200 
2026-07-21 12:24:42,776 [INFO] Capturing request: https://tv-trt1.medya.trt.com.tr/master_720_primary_20260721_579517.ts
2026-07-21 12:24:42,793 [INFO] Capturing request: https://android.clients.google.com/c2dm/register3
2026-07-21 12:24:42,796 [INFO] Capturing request: https://android.clients.google.com/c2dm/register3
2026-07-21 12:24:42,798 [INFO] Capturing request: https://android.clients.google.com/c2dm/register3
2026-07-21 12:24:42,846 [INFO] Capturing response: https://android.clients.google.com/c2dm/register3 301 
2026-07-21 12:24:43,498 [INFO]   ✅ M3U8 bulundu: https://tv-trt1.medya.trt.com.tr/master_720.m3u8
2026-07-21 12:24:43,512 [INFO] Capturing response: https://android.clients.google.com/c2dm/register3 200 
2026-07-21 12:24:43,640 [INFO] Capturing response: https://android.clients.google.com/c2dm/register3 200 
2026-07-21 12:24:44,498 [INFO] 
[2/14]
2026-07-21 12:24:44,498 [INFO] 🔍 beIN Sports 2 → https://atomsportv510.top/matches?id=bein-sports-2
2026-07-21 12:24:44,608 [INFO] Capturing request: https://atomsportv510.top/matches?id=bein-sports-2
2026-07-21 12:24:44,652 [INFO] Capturing response: https://atomsportv510.top/matches?id=bein-sports-2 200 
2026-07-21 12:24:44,697 [INFO] Capturing request: https://streamsport365.com/cinema
2026-07-21 12:24:44,798 [INFO] Capturing request: https://teletv5.top/load/yayinlink.php?id=bein-sports-2
2026-07-21 12:24:44,802 [INFO] Capturing request: https://atomsportv510.top/favicon.ico
2026-07-21 12:24:44,831 [INFO] Capturing response: https://atomsportv510.top/favicon.ico 200 
2026-07-21 12:24:45,070 [INFO] Capturing response: https://streamsport365.com/cinema 200 
2026-07-21 12:24:45,194 [INFO] Capturing response: https://teletv5.top/load/yayinlink.php?id=bein-sports-2 200 
2026-07-21 12:24:45,368 [INFO] Capturing request: https://hlshd.korcanturkmen418.workers.dev/https://corestream.corestreamvip.mom//bein22424/tracks-v1a1/mono.m3u8
2026-07-21 12:24:45,411 [INFO] Capturing response: https://hlshd.korcanturkmen418.workers.dev/https://corestream.corestreamvip.mom//bein22424/tracks-v1a1/mono.m3u8 403 
2026-07-21 12:24:45,537 [INFO] Capturing response: https://tv-trt1.medya.trt.com.tr/master_720_primary_20260721_579517.ts 200 OK
2026-07-21 12:24:47,712 [INFO]   ✅ M3U8 bulundu: https://hlshd.korcanturkmen418.workers.dev/https://corestream.corestreamvip.mom//bein22424/tracks-v1a1/mono.m3u8
2026-07-21 12:24:48,712 [INFO] 
[3/14]
2026-07-21 12:24:48,712 [INFO] 🔍 beIN Sports 3 → https://atomsportv510.top/matches?id=bein-sports-3
2026-07-21 12:24:48,821 [INFO] Capturing request: https://atomsportv510.top/matches?id=bein-sports-3
2026-07-21 12:24:48,957 [INFO] Capturing response: https://atomsportv510.top/matches?id=bein-sports-3 200 
2026-07-21 12:24:49,114 [INFO] Capturing request: https://teletv5.top/load/yayinlink.php?id=bein-sports-3
2026-07-21 12:24:49,125 [INFO] Capturing request: https://atomsportv510.top/favicon.ico
2026-07-21 12:24:49,154 [INFO] Capturing response: https://atomsportv510.top/favicon.ico 200 
2026-07-21 12:24:49,276 [INFO] Capturing request: https://streamsport365.com/cinema
2026-07-21 12:24:49,339 [INFO] Capturing response: https://teletv5.top/load/yayinlink.php?id=bein-sports-3 200 
2026-07-21 12:24:49,644 [INFO] Capturing response: https://streamsport365.com/cinema 200 
2026-07-21 12:24:49,763 [INFO] Capturing request: https://hlshd.korcanturkmen418.workers.dev/https://corestream.corestreamvip.mom//trtspor/tracks-v1a1/mono.m3u8
2026-07-21 12:24:49,779 [INFO] Capturing response: https://hlshd.korcanturkmen418.workers.dev/https://corestream.corestreamvip.mom//trtspor/tracks-v1a1/mono.m3u8 403 
2026-07-21 12:24:52,040 [INFO]   ✅ M3U8 bulundu: https://hlshd.korcanturkmen418.workers.dev/https://corestream.corestreamvip.mom//trtspor/tracks-v1a1/mono.m3u8
2026-07-21 12:24:53,040 [INFO] 
[4/14]
2026-07-21 12:24:53,040 [INFO] 🔍 beIN Sports 4 → https://atomsportv510.top/matches?id=bein-sports-4
2026-07-21 12:24:53,150 [INFO] Capturing request: https://atomsportv510.top/assets/js/clappr.js
2026-07-21 12:24:53,151 [INFO] Capturing request: https://atomsportv510.top/matches?id=bein-sports-4
2026-07-21 12:24:53,168 [INFO] Capturing response: https://atomsportv510.top/assets/js/clappr.js 200 
2026-07-21 12:24:53,199 [INFO] Capturing response: https://atomsportv510.top/matches?id=bein-sports-4 200 
2026-07-21 12:24:53,260 [INFO] Capturing request: https://streamsport365.com/cinema
2026-07-21 12:24:53,360 [INFO] Capturing request: https://teletv5.top/load/yayinlink.php?id=bein-sports-4
2026-07-21 12:24:53,361 [INFO] Capturing request: https://atomsportv510.top/favicon.ico
2026-07-21 12:24:53,392 [INFO] Capturing response: https://atomsportv510.top/favicon.ico 200 
2026-07-21 12:24:53,584 [INFO] Capturing response: https://teletv5.top/load/yayinlink.php?id=bein-sports-4 200 
2026-07-21 12:24:53,632 [INFO] Capturing response: https://streamsport365.com/cinema 200 
2026-07-21 12:24:53,750 [INFO] Capturing request: https://hlshd.korcanturkmen418.workers.dev/https://corestream.corestreamvip.mom//bein2/tracks-v1a1/mono.m3u8
2026-07-21 12:24:53,772 [INFO] Capturing response: https://hlshd.korcanturkmen418.workers.dev/https://corestream.corestreamvip.mom//bein2/tracks-v1a1/mono.m3u8 403 
2026-07-21 12:24:56,269 [INFO]   ✅ M3U8 bulundu: https://hlshd.korcanturkmen418.workers.dev/https://corestream.corestreamvip.mom//bein2/tracks-v1a1/mono.m3u8
2026-07-21 12:24:57,269 [INFO] 
[5/14]
2026-07-21 12:24:57,269 [INFO] 🔍 beIN Sports 5 → https://atomsportv510.top/matches?id=bein-sports-5
2026-07-21 12:24:57,378 [INFO] Capturing request: https://atomsportv510.top/assets/js/clappr.js
2026-07-21 12:24:57,380 [INFO] Capturing request: https://atomsportv510.top/matches?id=bein-sports-5
2026-07-21 12:24:57,395 [INFO] Capturing response: https://atomsportv510.top/assets/js/clappr.js 200 
2026-07-21 12:24:57,432 [INFO] Capturing response: https://atomsportv510.top/matches?id=bein-sports-5 200 
2026-07-21 12:24:57,560 [INFO] Capturing request: https://teletv5.top/load/yayinlink.php?id=bein-sports-5
2026-07-21 12:24:57,563 [INFO] Capturing request: https://atomsportv510.top/favicon.ico
2026-07-21 12:24:57,595 [INFO] Capturing response: https://atomsportv510.top/favicon.ico 200 
2026-07-21 12:24:57,725 [INFO] Capturing request: https://streamsport365.com/cinema
2026-07-21 12:24:57,780 [INFO] Capturing response: https://teletv5.top/load/yayinlink.php?id=bein-sports-5 200 
2026-07-21 12:24:58,100 [INFO] Capturing response: https://streamsport365.com/cinema 200 
2026-07-21 12:24:58,220 [INFO] Capturing request: https://hlshd.korcanturkmen418.workers.dev/https://corestream.corestreamvip.mom//bein2/tracks-v1a1/mono.m3u8
2026-07-21 12:24:58,234 [INFO] Capturing response: https://hlshd.korcanturkmen418.workers.dev/https://corestream.corestreamvip.mom//bein2/tracks-v1a1/mono.m3u8 403 
2026-07-21 12:25:00,473 [INFO]   ✅ M3U8 bulundu: https://hlshd.korcanturkmen418.workers.dev/https://corestream.corestreamvip.mom//bein2/tracks-v1a1/mono.m3u8
2026-07-21 12:25:01,473 [INFO] 
[6/14]
2026-07-21 12:25:01,474 [INFO] 🔍 beIN Sports Max 1 → https://atomsportv510.top/matches?id=bein-sports-max-1
2026-07-21 12:25:01,584 [INFO] Capturing request: https://atomsportv510.top/assets/js/clappr.js
2026-07-21 12:25:01,585 [INFO] Capturing request: https://atomsportv510.top/matches?id=bein-sports-max-1
2026-07-21 12:25:01,603 [INFO] Capturing response: https://atomsportv510.top/assets/js/clappr.js 200 
2026-07-21 12:25:02,251 [INFO] Capturing response: https://atomsportv510.top/matches?id=bein-sports-max-1 200 
2026-07-21 12:25:02,310 [INFO] Capturing request: https://streamsport365.com/cinema
2026-07-21 12:25:02,409 [INFO] Capturing request: https://teletv5.top/load/yayinlink.php?id=bein-sports-max-1
2026-07-21 12:25:02,411 [INFO] Capturing request: https://atomsportv510.top/favicon.ico
2026-07-21 12:25:02,439 [INFO] Capturing response: https://atomsportv510.top/favicon.ico 200 
2026-07-21 12:25:02,631 [INFO] Capturing response: https://teletv5.top/load/yayinlink.php?id=bein-sports-max-1 200 
2026-07-21 12:25:02,685 [INFO] Capturing response: https://streamsport365.com/cinema 200 
2026-07-21 12:25:02,807 [INFO] Capturing request: https://hlshd.korcanturkmen418.workers.dev/https://corestream.corestreamvip.mom//trtspor/tracks-v1a1/mono.m3u8
2026-07-21 12:25:02,824 [INFO] Capturing response: https://hlshd.korcanturkmen418.workers.dev/https://corestream.corestreamvip.mom//trtspor/tracks-v1a1/mono.m3u8 403 
2026-07-21 12:25:04,646 [INFO] Capturing request: https://android.clients.google.com/c2dm/register3
2026-07-21 12:25:04,696 [INFO] Capturing response: https://android.clients.google.com/c2dm/register3 301 
2026-07-21 12:25:05,324 [INFO]   ✅ M3U8 bulundu: https://hlshd.korcanturkmen418.workers.dev/https://corestream.corestreamvip.mom//trtspor/tracks-v1a1/mono.m3u8
2026-07-21 12:25:06,324 [INFO] 
[7/14]
2026-07-21 12:25:06,324 [INFO] 🔍 beIN Sports Max 2 → https://atomsportv510.top/matches?id=bein-sports-max-2
2026-07-21 12:25:06,434 [INFO] Capturing request: https://atomsportv510.top/assets/js/clappr.js
2026-07-21 12:25:06,435 [INFO] Capturing request: https://atomsportv510.top/matches?id=bein-sports-max-2
2026-07-21 12:25:06,451 [INFO] Capturing response: https://atomsportv510.top/assets/js/clappr.js 200 
2026-07-21 12:25:06,482 [INFO] Capturing response: https://atomsportv510.top/matches?id=bein-sports-max-2 200 
2026-07-21 12:25:06,611 [INFO] Capturing request: https://teletv5.top/load/yayinlink.php?id=bein-sports-max-2
2026-07-21 12:25:06,613 [INFO] Capturing request: https://atomsportv510.top/favicon.ico
2026-07-21 12:25:06,650 [INFO] Capturing response: https://atomsportv510.top/favicon.ico 200 
2026-07-21 12:25:06,774 [INFO] Capturing request: https://streamsport365.com/cinema
2026-07-21 12:25:06,833 [INFO] Capturing response: https://teletv5.top/load/yayinlink.php?id=bein-sports-max-2 200 
2026-07-21 12:25:07,144 [INFO] Capturing response: https://streamsport365.com/cinema 200 
2026-07-21 12:25:07,263 [INFO] Capturing request: https://hlshd.korcanturkmen418.workers.dev/https://corestream.corestreamvip.mom//trtspor/tracks-v1a1/mono.m3u8
2026-07-21 12:25:07,282 [INFO] Capturing response: https://hlshd.korcanturkmen418.workers.dev/https://corestream.corestreamvip.mom//trtspor/tracks-v1a1/mono.m3u8 403 
2026-07-21 12:25:09,525 [INFO]   ✅ M3U8 bulundu: https://hlshd.korcanturkmen418.workers.dev/https://corestream.corestreamvip.mom//trtspor/tracks-v1a1/mono.m3u8
2026-07-21 12:25:10,525 [INFO] 
[8/14]
2026-07-21 12:25:10,525 [INFO] 🔍 S Sport → https://atomsportv510.top/matches?id=s-sport
2026-07-21 12:25:10,634 [INFO] Capturing request: https://atomsportv510.top/assets/js/clappr.js
2026-07-21 12:25:10,635 [INFO] Capturing request: https://atomsportv510.top/matches?id=s-sport
2026-07-21 12:25:10,652 [INFO] Capturing response: https://atomsportv510.top/assets/js/clappr.js 200 
2026-07-21 12:25:10,682 [INFO] Capturing response: https://atomsportv510.top/matches?id=s-sport 200 
2026-07-21 12:25:10,727 [INFO] Capturing request: https://streamsport365.com/cinema
2026-07-21 12:25:10,826 [INFO] Capturing request: https://teletv5.top/load/yayinlink.php?id=s-sport
2026-07-21 12:25:10,833 [INFO] Capturing request: https://atomsportv510.top/favicon.ico
2026-07-21 12:25:10,866 [INFO] Capturing response: https://atomsportv510.top/favicon.ico 200 
2026-07-21 12:25:11,054 [INFO] Capturing response: https://teletv5.top/load/yayinlink.php?id=s-sport 200 
2026-07-21 12:25:11,105 [INFO] Capturing response: https://streamsport365.com/cinema 200 
2026-07-21 12:25:11,224 [INFO] Capturing request: https://hlshd.korcanturkmen418.workers.dev/https://corestream.corestreamvip.mom//s-sportt/tracks-v1a1/mono.m3u8
2026-07-21 12:25:11,241 [INFO] Capturing response: https://hlshd.korcanturkmen418.workers.dev/https://corestream.corestreamvip.mom//s-sportt/tracks-v1a1/mono.m3u8 403 
2026-07-21 12:25:13,748 [INFO]   ✅ M3U8 bulundu: https://hlshd.korcanturkmen418.workers.dev/https://corestream.corestreamvip.mom//s-sportt/tracks-v1a1/mono.m3u8
2026-07-21 12:25:14,749 [INFO] 
[9/14]
2026-07-21 12:25:14,749 [INFO] 🔍 S Sport 2 → https://atomsportv510.top/matches?id=s-sport-2
2026-07-21 12:25:14,857 [INFO] Capturing request: https://atomsportv510.top/assets/js/clappr.js
2026-07-21 12:25:14,859 [INFO] Capturing request: https://atomsportv510.top/matches?id=s-sport-2
2026-07-21 12:25:14,874 [INFO] Capturing response: https://atomsportv510.top/assets/js/clappr.js 200 
2026-07-21 12:25:14,906 [INFO] Capturing response: https://atomsportv510.top/matches?id=s-sport-2 200 
2026-07-21 12:25:15,065 [INFO] Capturing request: https://teletv5.top/load/yayinlink.php?id=s-sport-2
2026-07-21 12:25:15,066 [INFO] Capturing request: https://atomsportv510.top/favicon.ico
2026-07-21 12:25:15,098 [INFO] Capturing response: https://atomsportv510.top/favicon.ico 200 
2026-07-21 12:25:15,221 [INFO] Capturing request: https://streamsport365.com/cinema
2026-07-21 12:25:15,285 [INFO] Capturing response: https://teletv5.top/load/yayinlink.php?id=s-sport-2 200 
2026-07-21 12:25:15,588 [INFO] Capturing response: https://streamsport365.com/cinema 200 
2026-07-21 12:25:15,707 [INFO] Capturing request: https://hlshd.korcanturkmen418.workers.dev/https://corestream.corestreamvip.mom//s-sport2/tracks-v1a1/mono.m3u8
2026-07-21 12:25:15,727 [INFO] Capturing response: https://hlshd.korcanturkmen418.workers.dev/https://corestream.corestreamvip.mom//s-sport2/tracks-v1a1/mono.m3u8 403 
2026-07-21 12:25:17,976 [INFO]   ✅ M3U8 bulundu: https://hlshd.korcanturkmen418.workers.dev/https://corestream.corestreamvip.mom//s-sport2/tracks-v1a1/mono.m3u8
2026-07-21 12:25:18,976 [INFO] 
[10/14]
2026-07-21 12:25:18,977 [INFO] 🔍 A Spor → https://atomsportv510.top/matches?id=a-spor
2026-07-21 12:25:19,086 [INFO] Capturing request: https://atomsportv510.top/matches?id=a-spor
2026-07-21 12:25:19,087 [INFO] Capturing request: https://atomsportv510.top/assets/js/clappr.js
2026-07-21 12:25:19,125 [INFO] Capturing response: https://atomsportv510.top/matches?id=a-spor 200 
2026-07-21 12:25:19,140 [INFO] Capturing response: https://atomsportv510.top/assets/js/clappr.js 200 
2026-07-21 12:25:19,163 [INFO] Capturing request: https://streamsport365.com/cinema
2026-07-21 12:25:19,263 [INFO] Capturing request: https://teletv5.top/load/yayinlink.php?id=a-spor
2026-07-21 12:25:19,264 [INFO] Capturing request: https://atomsportv510.top/favicon.ico
2026-07-21 12:25:19,296 [INFO] Capturing response: https://atomsportv510.top/favicon.ico 200 
2026-07-21 12:25:19,480 [INFO] Capturing response: https://teletv5.top/load/yayinlink.php?id=a-spor 200 
2026-07-21 12:25:19,534 [INFO] Capturing response: https://streamsport365.com/cinema 200 
2026-07-21 12:25:19,653 [INFO] Capturing request: https://hlshd.korcanturkmen418.workers.dev/https://corestream.corestreamvip.mom//aspor/tracks-v1a1/mono.m3u8
2026-07-21 12:25:19,672 [INFO] Capturing response: https://hlshd.korcanturkmen418.workers.dev/https://corestream.corestreamvip.mom//aspor/tracks-v1a1/mono.m3u8 403 
2026-07-21 12:25:22,175 [INFO]   ✅ M3U8 bulundu: https://hlshd.korcanturkmen418.workers.dev/https://corestream.corestreamvip.mom//aspor/tracks-v1a1/mono.m3u8
2026-07-21 12:25:23,175 [INFO] 
[11/14]
2026-07-21 12:25:23,175 [INFO] 🔍 Tivibu Spor 1 → https://atomsportv510.top/matches?id=tivibu-spor-1
2026-07-21 12:25:23,286 [INFO] Capturing request: https://atomsportv510.top/assets/js/clappr.js
2026-07-21 12:25:23,287 [INFO] Capturing request: https://atomsportv510.top/matches?id=tivibu-spor-1
2026-07-21 12:25:23,304 [INFO] Capturing response: https://atomsportv510.top/assets/js/clappr.js 200 
2026-07-21 12:25:23,333 [INFO] Capturing response: https://atomsportv510.top/matches?id=tivibu-spor-1 200 
2026-07-21 12:25:23,493 [INFO] Capturing request: https://teletv5.top/load/yayinlink.php?id=tivibu-spor-1
2026-07-21 12:25:23,494 [INFO] Capturing request: https://atomsportv510.top/favicon.ico
2026-07-21 12:25:23,530 [INFO] Capturing response: https://atomsportv510.top/favicon.ico 200 
2026-07-21 12:25:23,653 [INFO] Capturing request: https://streamsport365.com/cinema
2026-07-21 12:25:23,716 [INFO] Capturing response: https://teletv5.top/load/yayinlink.php?id=tivibu-spor-1 200 
2026-07-21 12:25:24,022 [INFO] Capturing response: https://streamsport365.com/cinema 200 
2026-07-21 12:25:24,142 [INFO] Capturing request: https://hlshd.korcanturkmen418.workers.dev/https://corestream.corestreamvip.mom//trtspor/tracks-v1a1/mono.m3u8
2026-07-21 12:25:24,156 [INFO] Capturing response: https://hlshd.korcanturkmen418.workers.dev/https://corestream.corestreamvip.mom//trtspor/tracks-v1a1/mono.m3u8 403 
2026-07-21 12:25:26,407 [INFO]   ✅ M3U8 bulundu: https://hlshd.korcanturkmen418.workers.dev/https://corestream.corestreamvip.mom//trtspor/tracks-v1a1/mono.m3u8
2026-07-21 12:25:27,407 [INFO] 
[12/14]
2026-07-21 12:25:27,407 [INFO] 🔍 Tivibu Spor 2 → https://atomsportv510.top/matches?id=tivibu-spor-2
2026-07-21 12:25:27,517 [INFO] Capturing request: https://atomsportv510.top/assets/js/clappr.js
2026-07-21 12:25:27,517 [INFO] Capturing request: https://atomsportv510.top/matches?id=tivibu-spor-2
2026-07-21 12:25:27,534 [INFO] Capturing response: https://atomsportv510.top/assets/js/clappr.js 200 
2026-07-21 12:25:27,565 [INFO] Capturing response: https://atomsportv510.top/matches?id=tivibu-spor-2 200 
2026-07-21 12:25:27,600 [INFO] Capturing request: https://streamsport365.com/cinema
2026-07-21 12:25:27,699 [INFO] Capturing request: https://teletv5.top/load/yayinlink.php?id=tivibu-spor-2
2026-07-21 12:25:27,701 [INFO] Capturing request: https://atomsportv510.top/favicon.ico
2026-07-21 12:25:27,731 [INFO] Capturing response: https://atomsportv510.top/favicon.ico 200 
2026-07-21 12:25:27,931 [INFO] Capturing response: https://teletv5.top/load/yayinlink.php?id=tivibu-spor-2 200 
2026-07-21 12:25:27,968 [INFO] Capturing response: https://streamsport365.com/cinema 200 
2026-07-21 12:25:28,090 [INFO] Capturing request: https://hlshd.korcanturkmen418.workers.dev/https://corestream.corestreamvip.mom//trtspor/tracks-v1a1/mono.m3u8
2026-07-21 12:25:28,106 [INFO] Capturing response: https://hlshd.korcanturkmen418.workers.dev/https://corestream.corestreamvip.mom//trtspor/tracks-v1a1/mono.m3u8 403 
2026-07-21 12:25:30,611 [INFO]   ✅ M3U8 bulundu: https://hlshd.korcanturkmen418.workers.dev/https://corestream.corestreamvip.mom//trtspor/tracks-v1a1/mono.m3u8
2026-07-21 12:25:31,611 [INFO] 
[13/14]
2026-07-21 12:25:31,611 [INFO] 🔍 Tivibu Spor 3 → https://atomsportv510.top/matches?id=tivibu-spor-3
2026-07-21 12:25:31,719 [INFO] Capturing request: https://atomsportv510.top/assets/js/clappr.js
2026-07-21 12:25:31,721 [INFO] Capturing request: https://atomsportv510.top/matches?id=tivibu-spor-3
2026-07-21 12:25:31,735 [INFO] Capturing response: https://atomsportv510.top/assets/js/clappr.js 200 
2026-07-21 12:25:31,765 [INFO] Capturing response: https://atomsportv510.top/matches?id=tivibu-spor-3 200 
2026-07-21 12:25:31,925 [INFO] Capturing request: https://atomsportv510.top/favicon.ico
2026-07-21 12:25:31,926 [INFO] Capturing request: https://teletv5.top/load/yayinlink.php?id=tivibu-spor-3
2026-07-21 12:25:31,964 [INFO] Capturing response: https://atomsportv510.top/favicon.ico 200 
2026-07-21 12:25:32,086 [INFO] Capturing request: https://streamsport365.com/cinema
2026-07-21 12:25:32,145 [INFO] Capturing response: https://teletv5.top/load/yayinlink.php?id=tivibu-spor-3 200 
2026-07-21 12:25:32,470 [INFO] Capturing response: https://streamsport365.com/cinema 200 
2026-07-21 12:25:32,589 [INFO] Capturing request: https://hlshd.korcanturkmen418.workers.dev/https://corestream.corestreamvip.mom//trtspor/tracks-v1a1/mono.m3u8
2026-07-21 12:25:32,605 [INFO] Capturing response: https://hlshd.korcanturkmen418.workers.dev/https://corestream.corestreamvip.mom//trtspor/tracks-v1a1/mono.m3u8 403 
2026-07-21 12:25:34,837 [INFO]   ✅ M3U8 bulundu: https://hlshd.korcanturkmen418.workers.dev/https://corestream.corestreamvip.mom//trtspor/tracks-v1a1/mono.m3u8
2026-07-21 12:25:35,838 [INFO] 
[14/14]
2026-07-21 12:25:35,838 [INFO] 🔍 Tivibu Spor 4 → https://atomsportv510.top/matches?id=tivibu-spor-4
2026-07-21 12:25:35,947 [INFO] Capturing request: https://atomsportv510.top/assets/js/clappr.js
2026-07-21 12:25:35,949 [INFO] Capturing request: https://atomsportv510.top/matches?id=tivibu-spor-4
2026-07-21 12:25:35,963 [INFO] Capturing response: https://atomsportv510.top/assets/js/clappr.js 200 
2026-07-21 12:25:36,268 [INFO] Capturing response: https://atomsportv510.top/matches?id=tivibu-spor-4 200 
2026-07-21 12:25:36,299 [INFO] Capturing request: https://streamsport365.com/cinema
2026-07-21 12:25:36,402 [INFO] Capturing request: https://teletv5.top/load/yayinlink.php?id=tivibu-spor-4
2026-07-21 12:25:36,405 [INFO] Capturing request: https://atomsportv510.top/favicon.ico
2026-07-21 12:25:36,434 [INFO] Capturing response: https://atomsportv510.top/favicon.ico 200 
2026-07-21 12:25:36,668 [INFO] Capturing response: https://streamsport365.com/cinema 200 
2026-07-21 12:25:36,733 [INFO] Capturing response: https://teletv5.top/load/yayinlink.php?id=tivibu-spor-4 200 
2026-07-21 12:25:39,554 [INFO] Capturing request: https://update.googleapis.com/service/update2/json?cup2key=16:98iaIpV3yAsEe6LjBMjUXcl6U1Hd5vXAJTAD81c_RdI&cup2hreq=ff528f6987d23ef7eb39f21c6530e887c586c480f641a18b1078696c7e5bde53
2026-07-21 12:25:39,584 [INFO] Capturing response: https://update.googleapis.com/service/update2/json?cup2key=16:98iaIpV3yAsEe6LjBMjUXcl6U1Hd5vXAJTAD81c_RdI&cup2hreq=ff528f6987d23ef7eb39f21c6530e887c586c480f641a18b1078696c7e5bde53 200 
2026-07-21 12:25:39,591 [INFO] Capturing request: http://edgedl.me.gvt1.com/edgedl/release2/chrome_component/lhvppmwwmqqquzmnn5geuesp54_10662/hfnkpimlhhgieaddgfemjhofmfblmnib_10662_all_adr3loqi3zvhupxmx6j3i3rbookq.crx3
2026-07-21 12:25:39,612 [INFO] Capturing response: http://edgedl.me.gvt1.com/edgedl/release2/chrome_component/lhvppmwwmqqquzmnn5geuesp54_10662/hfnkpimlhhgieaddgfemjhofmfblmnib_10662_all_adr3loqi3zvhupxmx6j3i3rbookq.crx3 200 OK
2026-07-21 12:25:39,645 [INFO] Capturing request: https://update.googleapis.com/service/update2/json
2026-07-21 12:25:39,670 [INFO] Capturing response: https://update.googleapis.com/service/update2/json 200 
2026-07-21 12:25:39,716 [INFO] Capturing request: http://edgedl.me.gvt1.com/edgedl/diffgen-puffin/gcmjkmgdlgnkkcocmoeiminaijmmjnii/df2a22d5ecc7788c3330ebd5f856b41531c74f412a01ed7453d11284708009fe
2026-07-21 12:25:39,724 [INFO] Capturing response: http://edgedl.me.gvt1.com/edgedl/diffgen-puffin/gcmjkmgdlgnkkcocmoeiminaijmmjnii/df2a22d5ecc7788c3330ebd5f856b41531c74f412a01ed7453d11284708009fe 200 OK
2026-07-21 12:25:39,801 [INFO] Capturing request: https://update.googleapis.com/service/update2/json
2026-07-21 12:25:39,829 [INFO] Capturing response: https://update.googleapis.com/service/update2/json 200 
2026-07-21 12:25:50,459 [INFO] Capturing request: https://android.clients.google.com/c2dm/register3
2026-07-21 12:25:50,512 [INFO] Capturing response: https://android.clients.google.com/c2dm/register3 301 
2026-07-21 12:26:09,597 [WARNING]   ❌ Tivibu Spor 4 için M3U8 bulunamadı
2026-07-21 12:26:10,664 [INFO] ✅ 13 kanal bulundu, playlist.m3u kaydedildi
