2026-05-31 00:10:41,328 [INFO] 🌐 BASE_URL: https://atomsportv505.top
2026-05-31 00:10:42,181 [INFO] Başlanıyor... 14 kanal taranacak
2026-05-31 00:10:42,181 [INFO] Using default request storage
2026-05-31 00:10:42,186 [INFO] Created proxy listening on 127.0.0.1:34775
2026-05-31 00:10:42,841 [INFO] Capturing request: http://clients2.google.com/time/1/current?cup2key=10:rqbliiEnHn3w5VQBba0gl4SFt2uvwpe_XK2SjM8ORGs&cup2hreq=e3b0c44298fc1c149afbf4c8996fb92427ae41e4649b934ca495991b7852b855
2026-05-31 00:10:42,909 [INFO] Capturing response: http://clients2.google.com/time/1/current?cup2key=10:rqbliiEnHn3w5VQBba0gl4SFt2uvwpe_XK2SjM8ORGs&cup2hreq=e3b0c44298fc1c149afbf4c8996fb92427ae41e4649b934ca495991b7852b855 200 OK
2026-05-31 00:10:42,956 [INFO] 
[1/14]
2026-05-31 00:10:42,956 [INFO] 🔍 beIN Sports 1 → https://atomsportv505.top/matches?id=bein-sports-1
2026-05-31 00:10:43,049 [INFO] Capturing request: https://accounts.google.com/ListAccounts?gpsia=1&source=ChromiumBrowser&json=standard&laf=b64bin
2026-05-31 00:10:43,169 [INFO] Capturing response: https://accounts.google.com/ListAccounts?gpsia=1&source=ChromiumBrowser&json=standard&laf=b64bin 200 
2026-05-31 00:10:43,171 [INFO] Capturing request: https://atomsportv505.top/matches?id=bein-sports-1
2026-05-31 00:10:43,263 [INFO] Capturing response: https://atomsportv505.top/matches?id=bein-sports-1 200 
2026-05-31 00:10:43,414 [INFO] Capturing request: https://atomsportv505.top/assets/js/clappr.js
2026-05-31 00:10:43,471 [INFO] Capturing response: https://atomsportv505.top/assets/js/clappr.js 200 
2026-05-31 00:10:43,487 [INFO] Capturing request: https://www.google.com/async/folae?async=_fmt:pb&udm=50&client_locale=en-US
2026-05-31 00:10:43,522 [INFO] Capturing response: https://www.google.com/async/folae?async=_fmt:pb&udm=50&client_locale=en-US 200 
2026-05-31 00:10:43,528 [INFO] Capturing request: https://cdn.jsdelivr.net/npm/@clappr/player@latest/dist/clappr.min.js
2026-05-31 00:10:43,530 [INFO] Capturing request: https://cdnjs.cloudflare.com/ajax/libs/jquery/3.2.1/jquery.min.js
2026-05-31 00:10:43,560 [INFO] Capturing response: https://cdnjs.cloudflare.com/ajax/libs/jquery/3.2.1/jquery.min.js 200 
2026-05-31 00:10:43,644 [INFO] Capturing response: https://cdn.jsdelivr.net/npm/@clappr/player@latest/dist/clappr.min.js 200 
2026-05-31 00:10:43,824 [INFO] Capturing request: https://static.cloudflareinsights.com/beacon.min.js/v833ccba57c9e4d2798f2e76cebdd09a11778172276447
2026-05-31 00:10:43,857 [INFO] Capturing response: https://static.cloudflareinsights.com/beacon.min.js/v833ccba57c9e4d2798f2e76cebdd09a11778172276447 200 
2026-05-31 00:10:43,915 [INFO] Capturing request: https://atomsportv505.top/cdn-cgi/rum?
2026-05-31 00:10:44,020 [INFO] Capturing request: https://atomsportv505.top/favicon.ico
2026-05-31 00:10:44,090 [INFO] Capturing response: https://atomsportv505.top/favicon.ico 200 
2026-05-31 00:10:44,100 [INFO] Capturing response: https://atomsportv505.top/cdn-cgi/rum? 204 
2026-05-31 00:10:44,151 [INFO] Capturing request: https://teletv5.top/load/yayinlink.php?id=bein-sports-1
2026-05-31 00:10:44,578 [INFO] Capturing request: https://streamsport365.com/cinema
2026-05-31 00:10:44,624 [INFO] Capturing response: https://teletv5.top/load/yayinlink.php?id=bein-sports-1 200 
2026-05-31 00:10:44,908 [INFO] Capturing response: https://streamsport365.com/cinema 200 
2026-05-31 00:10:45,038 [INFO] Capturing request: https://atomsportv505.top/assets/img/player_logo_6880e4e4c52ee.png
2026-05-31 00:10:45,145 [INFO] Capturing response: https://atomsportv505.top/assets/img/player_logo_6880e4e4c52ee.png 200 
2026-05-31 00:10:45,193 [INFO] Capturing request: https://hlssssssssssssssssss.yedeklinksa35.workers.dev/https://corestream.ronaldovurdu.help//trt1/tracks-v1a1/mono.m3u8
2026-05-31 00:10:45,584 [INFO] Capturing response: https://hlssssssssssssssssss.yedeklinksa35.workers.dev/https://corestream.ronaldovurdu.help//trt1/tracks-v1a1/mono.m3u8 200 
2026-05-31 00:10:45,824 [INFO] Capturing request: https://android.clients.google.com/checkin
2026-05-31 00:10:45,865 [INFO] Capturing request: https://ts.yedeklinksa35.workers.dev/trt1/tracks-v1a1/2026/05/31/00/10/44-06000.avif
2026-05-31 00:10:45,948 [INFO] Capturing response: https://android.clients.google.com/checkin 200 
2026-05-31 00:10:45,995 [INFO] Capturing request: https://android.clients.google.com/c2dm/register3
2026-05-31 00:10:46,002 [INFO] Capturing request: https://android.clients.google.com/c2dm/register3
2026-05-31 00:10:46,002 [INFO] Capturing request: https://android.clients.google.com/c2dm/register3
2026-05-31 00:10:46,113 [INFO] Capturing response: https://android.clients.google.com/c2dm/register3 200 
2026-05-31 00:10:46,940 [INFO]   ✅ M3U8 bulundu: https://hlssssssssssssssssss.yedeklinksa35.workers.dev/https://corestream.ronaldovurdu.help//trt1/tracks-v1a1/mono.m3u8
2026-05-31 00:10:47,862 [INFO] Capturing response: https://android.clients.google.com/c2dm/register3 200 
2026-05-31 00:10:47,940 [INFO] 
[2/14]
2026-05-31 00:10:47,940 [INFO] 🔍 beIN Sports 2 → https://atomsportv505.top/matches?id=bein-sports-2
2026-05-31 00:10:48,032 [INFO] Capturing response: https://android.clients.google.com/c2dm/register3 200 
2026-05-31 00:10:48,049 [INFO] Capturing request: https://atomsportv505.top/matches?id=bein-sports-2
2026-05-31 00:10:48,104 [INFO] Capturing response: https://atomsportv505.top/matches?id=bein-sports-2 200 
2026-05-31 00:10:48,116 [INFO] Capturing request: https://atomsportv505.top/cdn-cgi/rum?
2026-05-31 00:10:48,158 [INFO] Capturing request: https://streamsport365.com/cinema
2026-05-31 00:10:48,159 [INFO] Capturing request: https://atomsportv505.top/cdn-cgi/rum?
2026-05-31 00:10:48,257 [INFO] Capturing request: https://teletv5.top/load/yayinlink.php?id=bein-sports-2
2026-05-31 00:10:48,264 [INFO] Capturing request: https://atomsportv505.top/favicon.ico
2026-05-31 00:10:48,285 [INFO] Capturing response: https://atomsportv505.top/cdn-cgi/rum? 204 
2026-05-31 00:10:48,297 [INFO] Capturing response: https://atomsportv505.top/cdn-cgi/rum? 204 
2026-05-31 00:10:48,309 [INFO] Capturing response: https://atomsportv505.top/favicon.ico 200 
2026-05-31 00:10:48,468 [INFO] Capturing response: https://teletv5.top/load/yayinlink.php?id=bein-sports-2 200 
2026-05-31 00:10:48,589 [INFO] Capturing response: https://streamsport365.com/cinema 200 
2026-05-31 00:10:48,711 [INFO] Capturing request: https://hlssssssssssssssssss.yedeklinksa35.workers.dev/https://corestream.ronaldovurdu.help//bein2/tracks-v1a1/mono.m3u8
2026-05-31 00:10:48,749 [INFO] Capturing response: https://ts.yedeklinksa35.workers.dev/trt1/tracks-v1a1/2026/05/31/00/10/44-06000.avif 200 
2026-05-31 00:10:48,815 [INFO] 127.0.0.1:37816: ProtocolException("Error in HTTP connection: Http2ZombieException('Connection or stream already dead: 1780186248.8146732, False')")
2026-05-31 00:10:48,894 [INFO] Capturing response: https://hlssssssssssssssssss.yedeklinksa35.workers.dev/https://corestream.ronaldovurdu.help//bein2/tracks-v1a1/mono.m3u8 200 
2026-05-31 00:10:49,004 [INFO] Capturing request: https://ts.yedeklinksa35.workers.dev/bein2/tracks-v1a1/2026/05/31/00/10/37-10000.avif
2026-05-31 00:10:50,613 [INFO] Capturing response: https://ts.yedeklinksa35.workers.dev/bein2/tracks-v1a1/2026/05/31/00/10/37-10000.avif 200 
2026-05-31 00:10:50,831 [INFO] Capturing request: https://ts.yedeklinksa35.workers.dev/bein2/tracks-v1a1/2026/05/31/00/10/47-10000.avif
2026-05-31 00:10:51,175 [INFO]   ✅ M3U8 bulundu: https://hlssssssssssssssssss.yedeklinksa35.workers.dev/https://corestream.ronaldovurdu.help//bein2/tracks-v1a1/mono.m3u8
2026-05-31 00:10:52,175 [INFO] 
[3/14]
2026-05-31 00:10:52,176 [INFO] 🔍 beIN Sports 3 → https://atomsportv505.top/matches?id=bein-sports-3
2026-05-31 00:10:52,287 [INFO] Capturing request: https://atomsportv505.top/matches?id=bein-sports-3
2026-05-31 00:10:52,344 [INFO] Capturing response: https://atomsportv505.top/matches?id=bein-sports-3 200 
2026-05-31 00:10:52,354 [INFO] Capturing request: https://atomsportv505.top/cdn-cgi/rum?
2026-05-31 00:10:52,380 [INFO] Capturing request: https://atomsportv505.top/cdn-cgi/rum?
2026-05-31 00:10:52,455 [INFO] Capturing response: https://ts.yedeklinksa35.workers.dev/bein2/tracks-v1a1/2026/05/31/00/10/47-10000.avif 200 
2026-05-31 00:10:52,481 [INFO] Capturing request: https://teletv5.top/load/yayinlink.php?id=bein-sports-3
2026-05-31 00:10:52,488 [INFO] Capturing request: https://atomsportv505.top/favicon.ico
2026-05-31 00:10:52,509 [INFO] Capturing response: https://atomsportv505.top/cdn-cgi/rum? 204 
2026-05-31 00:10:52,524 [INFO] Capturing response: https://atomsportv505.top/cdn-cgi/rum? 204 
2026-05-31 00:10:52,533 [INFO] Capturing response: https://atomsportv505.top/favicon.ico 200 
2026-05-31 00:10:52,617 [INFO] Capturing request: https://streamsport365.com/cinema
2026-05-31 00:10:52,694 [INFO] Capturing response: https://teletv5.top/load/yayinlink.php?id=bein-sports-3 200 
2026-05-31 00:10:52,939 [INFO] Capturing response: https://streamsport365.com/cinema 200 
2026-05-31 00:11:15,939 [INFO] Capturing request: https://android.clients.google.com/c2dm/register3
2026-05-31 00:11:16,060 [INFO] Capturing response: https://android.clients.google.com/c2dm/register3 301 
2026-05-31 00:11:25,689 [WARNING]   ❌ beIN Sports 3 için M3U8 bulunamadı
2026-05-31 00:11:26,689 [INFO] 
[4/14]
2026-05-31 00:11:26,689 [INFO] 🔍 beIN Sports 4 → https://atomsportv505.top/matches?id=bein-sports-4
2026-05-31 00:11:26,797 [INFO] Capturing request: https://atomsportv505.top/assets/js/clappr.js
2026-05-31 00:11:26,800 [INFO] Capturing request: https://atomsportv505.top/matches?id=bein-sports-4
2026-05-31 00:11:26,834 [INFO] Capturing response: https://atomsportv505.top/assets/js/clappr.js 200 
2026-05-31 00:11:27,144 [INFO] Capturing response: https://atomsportv505.top/matches?id=bein-sports-4 200 
2026-05-31 00:11:27,155 [INFO] Capturing request: https://atomsportv505.top/cdn-cgi/rum?
2026-05-31 00:11:27,184 [INFO] Capturing request: https://atomsportv505.top/cdn-cgi/rum?
2026-05-31 00:11:27,282 [INFO] Capturing request: https://teletv5.top/load/yayinlink.php?id=bein-sports-4
2026-05-31 00:11:27,287 [INFO] Capturing request: https://atomsportv505.top/favicon.ico
2026-05-31 00:11:27,294 [INFO] Capturing response: https://atomsportv505.top/cdn-cgi/rum? 204 
2026-05-31 00:11:27,314 [INFO] Capturing response: https://atomsportv505.top/cdn-cgi/rum? 204 
2026-05-31 00:11:27,333 [INFO] Capturing response: https://atomsportv505.top/favicon.ico 200 
2026-05-31 00:11:27,419 [INFO] Capturing request: https://streamsport365.com/cinema
2026-05-31 00:11:27,493 [INFO] Capturing response: https://teletv5.top/load/yayinlink.php?id=bein-sports-4 200 
2026-05-31 00:11:27,744 [INFO] Capturing response: https://streamsport365.com/cinema 200 
2026-05-31 00:11:42,935 [INFO] Capturing request: https://update.googleapis.com/service/update2/json?cup2key=16:QtWZuOaUfyINWl5L66vX9Cyq9PVh3LTncinrFdiy_0g&cup2hreq=da6672e963cd23f95b54bf4eac8afd77c2c3f3972d476bc231678e2b7f6e5fda
2026-05-31 00:11:42,988 [INFO] Capturing response: https://update.googleapis.com/service/update2/json?cup2key=16:QtWZuOaUfyINWl5L66vX9Cyq9PVh3LTncinrFdiy_0g&cup2hreq=da6672e963cd23f95b54bf4eac8afd77c2c3f3972d476bc231678e2b7f6e5fda 200 
2026-05-31 00:11:43,035 [INFO] Capturing request: http://edgedl.me.gvt1.com/edgedl/diffgen-puffin/gcmjkmgdlgnkkcocmoeiminaijmmjnii/71d926df14cb4c89c6f8f88e6c0bfcf6fe1e1a256ca7f8db04002a111af4c5b0
2026-05-31 00:11:43,178 [INFO] Capturing response: http://edgedl.me.gvt1.com/edgedl/diffgen-puffin/gcmjkmgdlgnkkcocmoeiminaijmmjnii/71d926df14cb4c89c6f8f88e6c0bfcf6fe1e1a256ca7f8db04002a111af4c5b0 200 OK
2026-05-31 00:11:43,207 [INFO] Capturing request: https://update.googleapis.com/service/update2/json
2026-05-31 00:11:43,266 [INFO] Capturing response: https://update.googleapis.com/service/update2/json 200 
2026-05-31 00:11:43,270 [INFO] Capturing request: http://edgedl.me.gvt1.com/edgedl/release2/chrome_component/loh2i5gpoaedq3sniqluhigr4e_10557/hfnkpimlhhgieaddgfemjhofmfblmnib_10557_all_fya5wk2hpp7quo2ge6nvrlagoq.crx3
2026-05-31 00:11:43,435 [INFO] Capturing response: http://edgedl.me.gvt1.com/edgedl/release2/chrome_component/loh2i5gpoaedq3sniqluhigr4e_10557/hfnkpimlhhgieaddgfemjhofmfblmnib_10557_all_fya5wk2hpp7quo2ge6nvrlagoq.crx3 200 OK
2026-05-31 00:11:43,467 [INFO] Capturing request: https://update.googleapis.com/service/update2/json
2026-05-31 00:11:43,517 [INFO] Capturing response: https://update.googleapis.com/service/update2/json 200 
2026-05-31 00:12:00,465 [WARNING]   ❌ beIN Sports 4 için M3U8 bulunamadı
2026-05-31 00:12:01,465 [INFO] 
[5/14]
2026-05-31 00:12:01,465 [INFO] 🔍 beIN Sports 5 → https://atomsportv505.top/matches?id=bein-sports-5
2026-05-31 00:12:01,643 [INFO] Capturing request: https://atomsportv505.top/assets/js/clappr.js
2026-05-31 00:12:01,645 [INFO] Capturing request: https://atomsportv505.top/matches?id=bein-sports-5
2026-05-31 00:12:01,681 [INFO] Capturing response: https://atomsportv505.top/assets/js/clappr.js 200 
2026-05-31 00:12:01,968 [INFO] Capturing response: https://atomsportv505.top/matches?id=bein-sports-5 200 
2026-05-31 00:12:01,978 [INFO] Capturing request: https://atomsportv505.top/cdn-cgi/rum?
2026-05-31 00:12:02,016 [INFO] Capturing request: https://atomsportv505.top/cdn-cgi/rum?
2026-05-31 00:12:02,119 [INFO] Capturing request: https://atomsportv505.top/favicon.ico
2026-05-31 00:12:02,121 [INFO] Capturing response: https://atomsportv505.top/cdn-cgi/rum? 204 
2026-05-31 00:12:02,167 [INFO] Capturing response: https://atomsportv505.top/favicon.ico 200 
2026-05-31 00:12:02,180 [INFO] Capturing request: https://teletv5.top/load/yayinlink.php?id=bein-sports-5
2026-05-31 00:12:02,199 [INFO] Capturing response: https://atomsportv505.top/cdn-cgi/rum? 204 
2026-05-31 00:12:02,597 [INFO] Capturing response: https://teletv5.top/load/yayinlink.php?id=bein-sports-5 200 
2026-05-31 00:12:02,669 [INFO] Capturing request: https://streamsport365.com/cinema
2026-05-31 00:12:02,994 [INFO] Capturing response: https://streamsport365.com/cinema 200 
2026-05-31 00:12:06,475 [INFO] Capturing request: https://android.clients.google.com/c2dm/register3
2026-05-31 00:12:06,536 [INFO] Capturing response: https://android.clients.google.com/c2dm/register3 301 
2026-05-31 00:12:35,283 [WARNING]   ❌ beIN Sports 5 için M3U8 bulunamadı
2026-05-31 00:12:36,283 [INFO] 
[6/14]
2026-05-31 00:12:36,283 [INFO] 🔍 beIN Sports Max 1 → https://atomsportv505.top/matches?id=bein-sports-max-1
2026-05-31 00:12:36,391 [INFO] Capturing request: https://atomsportv505.top/assets/js/clappr.js
2026-05-31 00:12:36,393 [INFO] Capturing request: https://atomsportv505.top/matches?id=bein-sports-max-1
2026-05-31 00:12:36,425 [INFO] Capturing response: https://atomsportv505.top/assets/js/clappr.js 200 
2026-05-31 00:12:36,727 [INFO] Capturing response: https://atomsportv505.top/matches?id=bein-sports-max-1 200 
2026-05-31 00:12:36,736 [INFO] Capturing request: https://atomsportv505.top/cdn-cgi/rum?
2026-05-31 00:12:36,764 [INFO] Capturing request: https://atomsportv505.top/cdn-cgi/rum?
2026-05-31 00:12:36,857 [INFO] Capturing request: https://teletv5.top/load/yayinlink.php?id=bein-sports-max-1
2026-05-31 00:12:36,865 [INFO] Capturing request: https://atomsportv505.top/favicon.ico
2026-05-31 00:12:36,876 [INFO] Capturing response: https://atomsportv505.top/cdn-cgi/rum? 204 
2026-05-31 00:12:36,895 [INFO] Capturing response: https://atomsportv505.top/cdn-cgi/rum? 204 
2026-05-31 00:12:36,912 [INFO] Capturing response: https://atomsportv505.top/favicon.ico 200 
2026-05-31 00:12:36,999 [INFO] Capturing request: https://streamsport365.com/cinema
2026-05-31 00:12:37,072 [INFO] Capturing response: https://teletv5.top/load/yayinlink.php?id=bein-sports-max-1 200 
2026-05-31 00:12:37,329 [INFO] Capturing response: https://streamsport365.com/cinema 200 
2026-05-31 00:13:10,027 [WARNING]   ❌ beIN Sports Max 1 için M3U8 bulunamadı
2026-05-31 00:13:11,027 [INFO] 
[7/14]
2026-05-31 00:13:11,027 [INFO] 🔍 beIN Sports Max 2 → https://atomsportv505.top/matches?id=bein-sports-max-2
2026-05-31 00:13:11,135 [INFO] Capturing request: https://atomsportv505.top/assets/js/clappr.js
2026-05-31 00:13:11,137 [INFO] Capturing request: https://atomsportv505.top/matches?id=bein-sports-max-2
2026-05-31 00:13:11,168 [INFO] Capturing response: https://atomsportv505.top/assets/js/clappr.js 200 
2026-05-31 00:13:11,471 [INFO] Capturing response: https://atomsportv505.top/matches?id=bein-sports-max-2 200 
2026-05-31 00:13:11,479 [INFO] Capturing request: https://atomsportv505.top/cdn-cgi/rum?
2026-05-31 00:13:11,504 [INFO] Capturing request: https://atomsportv505.top/cdn-cgi/rum?
2026-05-31 00:13:11,603 [INFO] Capturing request: https://teletv5.top/load/yayinlink.php?id=bein-sports-max-2
2026-05-31 00:13:11,609 [INFO] Capturing request: https://atomsportv505.top/favicon.ico
2026-05-31 00:13:11,620 [INFO] Capturing response: https://atomsportv505.top/cdn-cgi/rum? 204 
2026-05-31 00:13:11,637 [INFO] Capturing response: https://atomsportv505.top/cdn-cgi/rum? 204 
2026-05-31 00:13:11,659 [INFO] Capturing response: https://atomsportv505.top/favicon.ico 200 
2026-05-31 00:13:11,740 [INFO] Capturing request: https://streamsport365.com/cinema
2026-05-31 00:13:11,819 [INFO] Capturing response: https://teletv5.top/load/yayinlink.php?id=bein-sports-max-2 200 
2026-05-31 00:13:12,069 [INFO] Capturing response: https://streamsport365.com/cinema 200 
2026-05-31 00:13:44,775 [WARNING]   ❌ beIN Sports Max 2 için M3U8 bulunamadı
2026-05-31 00:13:45,775 [INFO] 
[8/14]
2026-05-31 00:13:45,775 [INFO] 🔍 S Sport → https://atomsportv505.top/matches?id=s-sport
2026-05-31 00:13:45,883 [INFO] Capturing request: https://atomsportv505.top/assets/js/clappr.js
2026-05-31 00:13:45,886 [INFO] Capturing request: https://atomsportv505.top/matches?id=s-sport
2026-05-31 00:13:45,917 [INFO] Capturing response: https://atomsportv505.top/assets/js/clappr.js 200 
2026-05-31 00:13:46,320 [INFO] Capturing response: https://atomsportv505.top/matches?id=s-sport 200 
2026-05-31 00:13:46,331 [INFO] Capturing request: https://atomsportv505.top/cdn-cgi/rum?
2026-05-31 00:13:46,360 [INFO] Capturing request: https://atomsportv505.top/cdn-cgi/rum?
2026-05-31 00:13:46,452 [INFO] Capturing request: https://teletv5.top/load/yayinlink.php?id=s-sport
2026-05-31 00:13:46,460 [INFO] Capturing request: https://atomsportv505.top/favicon.ico
2026-05-31 00:13:46,471 [INFO] Capturing response: https://atomsportv505.top/cdn-cgi/rum? 204 
2026-05-31 00:13:46,491 [INFO] Capturing response: https://atomsportv505.top/cdn-cgi/rum? 204 
2026-05-31 00:13:46,511 [INFO] Capturing response: https://atomsportv505.top/favicon.ico 200 
2026-05-31 00:13:46,600 [INFO] Capturing request: https://streamsport365.com/cinema
2026-05-31 00:13:46,922 [INFO] Capturing response: https://streamsport365.com/cinema 200 
2026-05-31 00:13:48,281 [INFO] Capturing response: https://teletv5.top/load/yayinlink.php?id=s-sport 200 
2026-05-31 00:13:48,399 [INFO] Capturing request: https://atomsportv505.top/assets/img/player_logo_6880e4e4c52ee.png
2026-05-31 00:13:48,474 [INFO] Capturing request: https://hlssssssssssssssssss.yedeklinksa35.workers.dev/https://corestream.ronaldovurdu.help//s-sportt/tracks-v1a1/mono.m3u8
2026-05-31 00:13:48,478 [INFO] Capturing response: https://atomsportv505.top/assets/img/player_logo_6880e4e4c52ee.png 200 
2026-05-31 00:13:48,821 [INFO] Capturing response: https://hlssssssssssssssssss.yedeklinksa35.workers.dev/https://corestream.ronaldovurdu.help//s-sportt/tracks-v1a1/mono.m3u8 200 
2026-05-31 00:13:49,038 [INFO] Capturing request: https://ts.yedeklinksa35.workers.dev/s-sportt/tracks-v1a1/2026/05/31/00/13/38-16643.avif
2026-05-31 00:13:49,378 [INFO]   ✅ M3U8 bulundu: https://hlssssssssssssssssss.yedeklinksa35.workers.dev/https://corestream.ronaldovurdu.help//s-sportt/tracks-v1a1/mono.m3u8
2026-05-31 00:13:50,378 [INFO] 
[9/14]
2026-05-31 00:13:50,378 [INFO] 🔍 S Sport 2 → https://atomsportv505.top/matches?id=s-sport-2
2026-05-31 00:13:50,488 [INFO] Capturing request: https://atomsportv505.top/assets/js/clappr.js
2026-05-31 00:13:50,489 [INFO] Capturing request: https://atomsportv505.top/matches?id=s-sport-2
2026-05-31 00:13:50,522 [INFO] Capturing response: https://atomsportv505.top/assets/js/clappr.js 200 
2026-05-31 00:13:50,563 [INFO] Capturing response: https://atomsportv505.top/matches?id=s-sport-2 200 
2026-05-31 00:13:50,573 [INFO] Capturing request: https://atomsportv505.top/cdn-cgi/rum?
2026-05-31 00:13:50,597 [INFO] Capturing request: https://streamsport365.com/cinema
2026-05-31 00:13:50,604 [INFO] Capturing request: https://atomsportv505.top/cdn-cgi/rum?
2026-05-31 00:13:50,697 [INFO] Capturing request: https://teletv5.top/load/yayinlink.php?id=s-sport-2
2026-05-31 00:13:50,708 [INFO] Capturing request: https://atomsportv505.top/favicon.ico
2026-05-31 00:13:50,729 [INFO] Capturing response: https://atomsportv505.top/cdn-cgi/rum? 204 
2026-05-31 00:13:50,746 [INFO] Capturing response: https://atomsportv505.top/cdn-cgi/rum? 204 
2026-05-31 00:13:50,760 [INFO] Capturing response: https://atomsportv505.top/favicon.ico 200 
2026-05-31 00:13:50,912 [INFO] Capturing response: https://teletv5.top/load/yayinlink.php?id=s-sport-2 200 
2026-05-31 00:13:50,925 [INFO] Capturing response: https://streamsport365.com/cinema 200 
2026-05-31 00:13:51,033 [INFO] Capturing response: https://ts.yedeklinksa35.workers.dev/s-sportt/tracks-v1a1/2026/05/31/00/13/38-16643.avif 200 
2026-05-31 00:13:51,074 [INFO] Capturing request: https://hlssssssssssssssssss.yedeklinksa35.workers.dev/https://corestream.ronaldovurdu.help//s-sport2/tracks-v1a1/mono.m3u8
2026-05-31 00:13:51,094 [INFO] 127.0.0.1:45744: ProtocolException("Error in HTTP connection: Http2ZombieException('Connection or stream already dead: 1780186431.0936594, False')")
2026-05-31 00:13:51,265 [INFO] Capturing response: https://hlssssssssssssssssss.yedeklinksa35.workers.dev/https://corestream.ronaldovurdu.help//s-sport2/tracks-v1a1/mono.m3u8 200 
2026-05-31 00:13:51,374 [INFO] Capturing request: https://ts.yedeklinksa35.workers.dev/s-sport2/tracks-v1a1/2026/05/31/00/13/36-06000.avif
2026-05-31 00:13:52,762 [INFO] Capturing response: https://ts.yedeklinksa35.workers.dev/s-sport2/tracks-v1a1/2026/05/31/00/13/36-06000.avif 200 
2026-05-31 00:13:52,942 [INFO] Capturing request: https://ts.yedeklinksa35.workers.dev/s-sport2/tracks-v1a1/2026/05/31/00/13/42-06000.avif
2026-05-31 00:13:53,617 [INFO]   ✅ M3U8 bulundu: https://hlssssssssssssssssss.yedeklinksa35.workers.dev/https://corestream.ronaldovurdu.help//s-sport2/tracks-v1a1/mono.m3u8
2026-05-31 00:13:54,396 [INFO] Capturing response: https://ts.yedeklinksa35.workers.dev/s-sport2/tracks-v1a1/2026/05/31/00/13/42-06000.avif 200 
2026-05-31 00:13:54,618 [INFO] 
[10/14]
2026-05-31 00:13:54,618 [INFO] 🔍 A Spor → https://atomsportv505.top/matches?id=a-spor
2026-05-31 00:13:54,628 [INFO] Capturing request: https://ts.yedeklinksa35.workers.dev/s-sport2/tracks-v1a1/2026/05/31/00/13/48-06000.avif
2026-05-31 00:13:54,729 [INFO] Capturing request: https://atomsportv505.top/assets/js/clappr.js
2026-05-31 00:13:54,731 [INFO] Capturing request: https://atomsportv505.top/matches?id=a-spor
2026-05-31 00:13:54,763 [INFO] Capturing response: https://atomsportv505.top/assets/js/clappr.js 200 
2026-05-31 00:13:54,815 [INFO] Capturing response: https://atomsportv505.top/matches?id=a-spor 200 
2026-05-31 00:13:54,828 [INFO] Capturing request: https://atomsportv505.top/cdn-cgi/rum?
2026-05-31 00:13:54,868 [INFO] Capturing request: https://atomsportv505.top/cdn-cgi/rum?
2026-05-31 00:13:54,964 [INFO] Capturing request: https://teletv5.top/load/yayinlink.php?id=a-spor
2026-05-31 00:13:54,974 [INFO] Capturing request: https://atomsportv505.top/favicon.ico
2026-05-31 00:13:54,993 [INFO] Capturing response: https://atomsportv505.top/cdn-cgi/rum? 204 
2026-05-31 00:13:55,011 [INFO] Capturing response: https://atomsportv505.top/cdn-cgi/rum? 204 
2026-05-31 00:13:55,017 [INFO] Capturing response: https://atomsportv505.top/favicon.ico 200 
2026-05-31 00:13:55,104 [INFO] Capturing request: https://streamsport365.com/cinema
2026-05-31 00:13:55,182 [INFO] Capturing response: https://teletv5.top/load/yayinlink.php?id=a-spor 200 
2026-05-31 00:13:55,431 [INFO] Capturing response: https://streamsport365.com/cinema 200 
2026-05-31 00:13:55,552 [INFO] Capturing request: https://hlssssssssssssssssss.yedeklinksa35.workers.dev/https://corestream.ronaldovurdu.help//aspor/tracks-v1a1/mono.m3u8
2026-05-31 00:13:55,729 [INFO] Capturing response: https://hlssssssssssssssssss.yedeklinksa35.workers.dev/https://corestream.ronaldovurdu.help//aspor/tracks-v1a1/mono.m3u8 404 
2026-05-31 00:13:56,474 [INFO] Capturing response: https://ts.yedeklinksa35.workers.dev/s-sport2/tracks-v1a1/2026/05/31/00/13/48-06000.avif 200 
2026-05-31 00:13:56,515 [INFO] 127.0.0.1:45744: ProtocolException("Error in HTTP connection: Http2ZombieException('Connection or stream already dead: 1780186436.5146906, False')")
2026-05-31 00:13:57,883 [INFO]   ✅ M3U8 bulundu: https://hlssssssssssssssssss.yedeklinksa35.workers.dev/https://corestream.ronaldovurdu.help//aspor/tracks-v1a1/mono.m3u8
2026-05-31 00:13:58,884 [INFO] 
[11/14]
2026-05-31 00:13:58,884 [INFO] 🔍 Tivibu Spor 1 → https://atomsportv505.top/matches?id=tivibu-spor-1
2026-05-31 00:13:58,993 [INFO] Capturing request: https://atomsportv505.top/assets/js/clappr.js
2026-05-31 00:13:58,994 [INFO] Capturing request: https://atomsportv505.top/matches?id=tivibu-spor-1
2026-05-31 00:13:59,028 [INFO] Capturing response: https://atomsportv505.top/assets/js/clappr.js 200 
2026-05-31 00:13:59,084 [INFO] Capturing response: https://atomsportv505.top/matches?id=tivibu-spor-1 200 
2026-05-31 00:13:59,097 [INFO] Capturing request: https://atomsportv505.top/cdn-cgi/rum?
2026-05-31 00:13:59,151 [INFO] Capturing request: https://atomsportv505.top/cdn-cgi/rum?
2026-05-31 00:13:59,153 [INFO] Capturing request: https://streamsport365.com/cinema
2026-05-31 00:13:59,251 [INFO] Capturing request: https://teletv5.top/load/yayinlink.php?id=tivibu-spor-1
2026-05-31 00:13:59,268 [INFO] Capturing request: https://atomsportv505.top/favicon.ico
2026-05-31 00:13:59,274 [INFO] Capturing response: https://atomsportv505.top/cdn-cgi/rum? 204 
2026-05-31 00:13:59,278 [INFO] Capturing response: https://atomsportv505.top/cdn-cgi/rum? 204 
2026-05-31 00:13:59,314 [INFO] Capturing response: https://atomsportv505.top/favicon.ico 200 
2026-05-31 00:13:59,466 [INFO] Capturing response: https://teletv5.top/load/yayinlink.php?id=tivibu-spor-1 200 
2026-05-31 00:13:59,474 [INFO] Capturing response: https://streamsport365.com/cinema 200 
2026-05-31 00:14:02,911 [INFO] Capturing request: https://android.clients.google.com/c2dm/register3
2026-05-31 00:14:02,980 [INFO] Capturing response: https://android.clients.google.com/c2dm/register3 301 
2026-05-31 00:14:32,415 [WARNING]   ❌ Tivibu Spor 1 için M3U8 bulunamadı
2026-05-31 00:14:33,415 [INFO] 
[12/14]
2026-05-31 00:14:33,415 [INFO] 🔍 Tivibu Spor 2 → https://atomsportv505.top/matches?id=tivibu-spor-2
2026-05-31 00:14:33,523 [INFO] Capturing request: https://atomsportv505.top/assets/js/clappr.js
2026-05-31 00:14:33,525 [INFO] Capturing request: https://atomsportv505.top/matches?id=tivibu-spor-2
2026-05-31 00:14:33,558 [INFO] Capturing response: https://atomsportv505.top/assets/js/clappr.js 200 
2026-05-31 00:14:33,857 [INFO] Capturing response: https://atomsportv505.top/matches?id=tivibu-spor-2 200 
2026-05-31 00:14:33,865 [INFO] Capturing request: https://atomsportv505.top/cdn-cgi/rum?
2026-05-31 00:14:33,895 [INFO] Capturing request: https://atomsportv505.top/cdn-cgi/rum?
2026-05-31 00:14:33,995 [INFO] Capturing request: https://teletv5.top/load/yayinlink.php?id=tivibu-spor-2
2026-05-31 00:14:33,996 [INFO] Capturing request: https://atomsportv505.top/favicon.ico
2026-05-31 00:14:34,005 [INFO] Capturing response: https://atomsportv505.top/cdn-cgi/rum? 204 
2026-05-31 00:14:34,024 [INFO] Capturing response: https://atomsportv505.top/cdn-cgi/rum? 204 
2026-05-31 00:14:34,046 [INFO] Capturing response: https://atomsportv505.top/favicon.ico 200 
2026-05-31 00:14:34,126 [INFO] Capturing request: https://streamsport365.com/cinema
2026-05-31 00:14:34,215 [INFO] Capturing response: https://teletv5.top/load/yayinlink.php?id=tivibu-spor-2 200 
2026-05-31 00:14:34,456 [INFO] Capturing response: https://streamsport365.com/cinema 200 
2026-05-31 00:15:07,165 [WARNING]   ❌ Tivibu Spor 2 için M3U8 bulunamadı
2026-05-31 00:15:08,166 [INFO] 
[13/14]
2026-05-31 00:15:08,166 [INFO] 🔍 Tivibu Spor 3 → https://atomsportv505.top/matches?id=tivibu-spor-3
2026-05-31 00:15:08,273 [INFO] Capturing request: https://atomsportv505.top/assets/js/clappr.js
2026-05-31 00:15:08,275 [INFO] Capturing request: https://atomsportv505.top/matches?id=tivibu-spor-3
2026-05-31 00:15:08,307 [INFO] Capturing response: https://atomsportv505.top/assets/js/clappr.js 200 
2026-05-31 00:15:08,671 [INFO] Capturing response: https://atomsportv505.top/matches?id=tivibu-spor-3 200 
2026-05-31 00:15:08,682 [INFO] Capturing request: https://atomsportv505.top/cdn-cgi/rum?
2026-05-31 00:15:08,709 [INFO] Capturing request: https://atomsportv505.top/cdn-cgi/rum?
2026-05-31 00:15:08,807 [INFO] Capturing request: https://teletv5.top/load/yayinlink.php?id=tivibu-spor-3
2026-05-31 00:15:08,811 [INFO] Capturing request: https://atomsportv505.top/favicon.ico
2026-05-31 00:15:08,822 [INFO] Capturing response: https://atomsportv505.top/cdn-cgi/rum? 204 
2026-05-31 00:15:08,840 [INFO] Capturing response: https://atomsportv505.top/cdn-cgi/rum? 204 
2026-05-31 00:15:08,858 [INFO] Capturing response: https://atomsportv505.top/favicon.ico 200 
2026-05-31 00:15:08,945 [INFO] Capturing request: https://streamsport365.com/cinema
2026-05-31 00:15:09,029 [INFO] Capturing response: https://teletv5.top/load/yayinlink.php?id=tivibu-spor-3 200 
2026-05-31 00:15:09,273 [INFO] Capturing response: https://streamsport365.com/cinema 200 
2026-05-31 00:15:41,978 [WARNING]   ❌ Tivibu Spor 3 için M3U8 bulunamadı
2026-05-31 00:15:42,978 [INFO] 
[14/14]
2026-05-31 00:15:42,978 [INFO] 🔍 Tivibu Spor 4 → https://atomsportv505.top/matches?id=tivibu-spor-4
2026-05-31 00:15:43,085 [INFO] Capturing request: https://atomsportv505.top/assets/js/clappr.js
2026-05-31 00:15:43,087 [INFO] Capturing request: https://atomsportv505.top/matches?id=tivibu-spor-4
2026-05-31 00:15:43,120 [INFO] Capturing response: https://atomsportv505.top/assets/js/clappr.js 200 
2026-05-31 00:15:43,453 [INFO] Capturing response: https://atomsportv505.top/matches?id=tivibu-spor-4 200 
2026-05-31 00:15:43,462 [INFO] Capturing request: https://atomsportv505.top/cdn-cgi/rum?
2026-05-31 00:15:43,493 [INFO] Capturing request: https://atomsportv505.top/cdn-cgi/rum?
2026-05-31 00:15:43,593 [INFO] Capturing request: https://atomsportv505.top/favicon.ico
2026-05-31 00:15:43,594 [INFO] Capturing request: https://teletv5.top/load/yayinlink.php?id=tivibu-spor-4
2026-05-31 00:15:43,602 [INFO] Capturing response: https://atomsportv505.top/cdn-cgi/rum? 204 
2026-05-31 00:15:43,620 [INFO] Capturing response: https://atomsportv505.top/cdn-cgi/rum? 204 
2026-05-31 00:15:43,733 [INFO] Capturing request: https://streamsport365.com/cinema
2026-05-31 00:15:43,774 [INFO] Capturing response: https://atomsportv505.top/favicon.ico 200 
2026-05-31 00:15:43,819 [INFO] Capturing response: https://teletv5.top/load/yayinlink.php?id=tivibu-spor-4 200 
2026-05-31 00:15:44,069 [INFO] Capturing response: https://streamsport365.com/cinema 200 
2026-05-31 00:16:16,759 [WARNING]   ❌ Tivibu Spor 4 için M3U8 bulunamadı
2026-05-31 00:16:17,823 [INFO] ✅ 5 kanal bulundu, playlist.m3u kaydedildi
