2026-05-27 00:07:28,002 [INFO] 🔎 Domain aralığı taranıyor: atomsportv503.top - atomsportv535.top
2026-05-27 00:07:29,414 [INFO]   ✅ Aktif domain bulundu: https://atomsportv504.top
2026-05-27 00:07:29,416 [INFO] 🌐 Kullanılan BASE_URL: https://atomsportv504.top
2026-05-27 00:07:29,416 [INFO] 🔗 Proxy Prefix: https://ronaldo.magnitude.workers.dev/?url=
2026-05-27 00:07:30,150 [INFO] ✅ SeleniumWire aktif
2026-05-27 00:07:30,152 [INFO] =======================================================
2026-05-27 00:07:30,152 [INFO]    M3U8 Scraper
2026-05-27 00:07:30,152 [INFO]    Base URL    : https://atomsportv504.top
2026-05-27 00:07:30,152 [INFO]    Proxy Prefix: https://ronaldo.magnitude.workers.dev/?url=
2026-05-27 00:07:30,152 [INFO]    Toplam      : 14 sayfa
2026-05-27 00:07:30,152 [INFO] =======================================================
2026-05-27 00:07:30,152 [INFO] 🔧 Driver başlatılıyor...
2026-05-27 00:07:30,932 [INFO] ✅ Driver başlatıldı
2026-05-27 00:07:30,932 [INFO] 
[1/14]
2026-05-27 00:07:30,932 [INFO] 
──────────────────────────────────────────────────
2026-05-27 00:07:30,932 [INFO] 🔍 beIN Sports 1 → https://atomsportv504.top/matches?id=bein-sports-1
2026-05-27 00:07:30,932 [INFO] ──────────────────────────────────────────────────
2026-05-27 00:08:03,435 [INFO]   📡 M3U8 bekleniyor (max 8s)...
2026-05-27 00:08:11,525 [INFO]   ❌ beIN Sports 1: M3U8 bulunamadı
2026-05-27 00:08:12,525 [INFO] 
[2/14]
2026-05-27 00:08:12,525 [INFO] 
──────────────────────────────────────────────────
2026-05-27 00:08:12,525 [INFO] 🔍 beIN Sports 2 → https://atomsportv504.top/matches?id=bein-sports-2
2026-05-27 00:08:12,525 [INFO] ──────────────────────────────────────────────────
2026-05-27 00:08:48,205 [INFO]   📡 M3U8 bekleniyor (max 8s)...
2026-05-27 00:08:56,239 [INFO]   ❌ beIN Sports 2: M3U8 bulunamadı
2026-05-27 00:08:57,240 [INFO] 
[3/14]
2026-05-27 00:08:57,240 [INFO] 
──────────────────────────────────────────────────
2026-05-27 00:08:57,240 [INFO] 🔍 beIN Sports 3 → https://atomsportv504.top/matches?id=bein-sports-3
2026-05-27 00:08:57,240 [INFO] ──────────────────────────────────────────────────
2026-05-27 00:09:29,499 [INFO]   📡 M3U8 bekleniyor (max 8s)...
2026-05-27 00:09:37,511 [INFO]   ❌ beIN Sports 3: M3U8 bulunamadı
2026-05-27 00:09:38,511 [INFO] 
[4/14]
2026-05-27 00:09:38,511 [INFO] 
──────────────────────────────────────────────────
2026-05-27 00:09:38,511 [INFO] 🔍 beIN Sports 4 → https://atomsportv504.top/matches?id=bein-sports-4
2026-05-27 00:09:38,512 [INFO] ──────────────────────────────────────────────────
2026-05-27 00:10:10,536 [INFO]   📡 M3U8 bekleniyor (max 8s)...
2026-05-27 00:10:18,547 [INFO]   ❌ beIN Sports 4: M3U8 bulunamadı
2026-05-27 00:10:19,548 [INFO] 
[5/14]
2026-05-27 00:10:19,548 [INFO] 
──────────────────────────────────────────────────
2026-05-27 00:10:19,548 [INFO] 🔍 beIN Sports 5 → https://atomsportv504.top/matches?id=bein-sports-5
2026-05-27 00:10:19,548 [INFO] ──────────────────────────────────────────────────
2026-05-27 00:10:53,659 [INFO]   📡 M3U8 bekleniyor (max 8s)...
2026-05-27 00:11:01,670 [INFO]   ❌ beIN Sports 5: M3U8 bulunamadı
2026-05-27 00:11:02,671 [INFO] 
[6/14]
2026-05-27 00:11:02,671 [INFO] 
──────────────────────────────────────────────────
2026-05-27 00:11:02,671 [INFO] 🔍 beIN Sports Max 1 → https://atomsportv504.top/matches?id=bein-sports-max-1
2026-05-27 00:11:02,671 [INFO] ──────────────────────────────────────────────────
2026-05-27 00:11:36,459 [INFO]   📡 M3U8 bekleniyor (max 8s)...
2026-05-27 00:11:44,471 [INFO]   ❌ beIN Sports Max 1: M3U8 bulunamadı
2026-05-27 00:11:45,472 [INFO] 
[7/14]
2026-05-27 00:11:45,472 [INFO] 
──────────────────────────────────────────────────
2026-05-27 00:11:45,472 [INFO] 🔍 beIN Sports Max 2 → https://atomsportv504.top/matches?id=bein-sports-max-2
2026-05-27 00:11:45,472 [INFO] ──────────────────────────────────────────────────
2026-05-27 00:12:19,922 [INFO]   📡 M3U8 bekleniyor (max 8s)...
2026-05-27 00:12:27,934 [INFO]   ❌ beIN Sports Max 2: M3U8 bulunamadı
2026-05-27 00:12:28,934 [INFO] 
[8/14]
2026-05-27 00:12:28,934 [INFO] 
──────────────────────────────────────────────────
2026-05-27 00:12:28,934 [INFO] 🔍 S Sport → https://atomsportv504.top/matches?id=s-sport
2026-05-27 00:12:28,935 [INFO] ──────────────────────────────────────────────────
2026-05-27 00:13:02,296 [INFO]   📡 M3U8 bekleniyor (max 8s)...
2026-05-27 00:13:02,305 [INFO]   🎯 DOĞRU kanal bulundu: https://young-surf-88a9.halitumutseler.workers.dev/https://corestream.ronaldovurdu.help//s-sportt/tracks-v1a1/mono.m3u8
2026-05-27 00:13:02,307 [INFO]   ✅ S Sport: https://young-surf-88a9.halitumutseler.workers.dev/https://corestream.ronaldovurdu.help//s-sportt/tracks-v1a1/mono.m3u8
2026-05-27 00:13:03,307 [INFO] 
[9/14]
2026-05-27 00:13:03,307 [INFO] 
──────────────────────────────────────────────────
2026-05-27 00:13:03,307 [INFO] 🔍 S Sport 2 → https://atomsportv504.top/matches?id=s-sport-2
2026-05-27 00:13:03,307 [INFO] ──────────────────────────────────────────────────
2026-05-27 00:13:39,641 [INFO]   📡 M3U8 bekleniyor (max 8s)...
2026-05-27 00:13:47,693 [INFO]   ❌ S Sport 2: M3U8 bulunamadı
2026-05-27 00:13:48,694 [INFO] 
[10/14]
2026-05-27 00:13:48,694 [INFO] 
──────────────────────────────────────────────────
2026-05-27 00:13:48,694 [INFO] 🔍 A Spor → https://atomsportv504.top/matches?id=a-spor
2026-05-27 00:13:48,694 [INFO] ──────────────────────────────────────────────────
2026-05-27 00:14:25,736 [INFO]   📡 M3U8 bekleniyor (max 8s)...
2026-05-27 00:14:33,829 [INFO]   ❌ A Spor: M3U8 bulunamadı
2026-05-27 00:14:34,831 [INFO] 
[11/14]
2026-05-27 00:14:34,831 [INFO] 
──────────────────────────────────────────────────
2026-05-27 00:14:34,831 [INFO] 🔍 Tivibu Spor 1 → https://atomsportv504.top/matches?id=tivibu-spor-1
2026-05-27 00:14:34,831 [INFO] ──────────────────────────────────────────────────
2026-05-27 00:15:08,509 [INFO]   📡 M3U8 bekleniyor (max 8s)...
2026-05-27 00:15:16,521 [INFO]   ❌ Tivibu Spor 1: M3U8 bulunamadı
2026-05-27 00:15:17,522 [INFO] 
[12/14]
2026-05-27 00:15:17,522 [INFO] 
──────────────────────────────────────────────────
2026-05-27 00:15:17,522 [INFO] 🔍 Tivibu Spor 2 → https://atomsportv504.top/matches?id=tivibu-spor-2
2026-05-27 00:15:17,522 [INFO] ──────────────────────────────────────────────────
2026-05-27 00:15:51,143 [INFO]   📡 M3U8 bekleniyor (max 8s)...
2026-05-27 00:15:59,156 [INFO]   ❌ Tivibu Spor 2: M3U8 bulunamadı
2026-05-27 00:16:00,156 [INFO] 
[13/14]
2026-05-27 00:16:00,156 [INFO] 
──────────────────────────────────────────────────
2026-05-27 00:16:00,156 [INFO] 🔍 Tivibu Spor 3 → https://atomsportv504.top/matches?id=tivibu-spor-3
2026-05-27 00:16:00,156 [INFO] ──────────────────────────────────────────────────
2026-05-27 00:16:34,376 [INFO]   📡 M3U8 bekleniyor (max 8s)...
2026-05-27 00:16:42,389 [INFO]   ❌ Tivibu Spor 3: M3U8 bulunamadı
2026-05-27 00:16:43,389 [INFO] 
[14/14]
2026-05-27 00:16:43,389 [INFO] 
──────────────────────────────────────────────────
2026-05-27 00:16:43,389 [INFO] 🔍 Tivibu Spor 4 → https://atomsportv504.top/matches?id=tivibu-spor-4
2026-05-27 00:16:43,389 [INFO] ──────────────────────────────────────────────────
2026-05-27 00:17:17,668 [INFO]   📡 M3U8 bekleniyor (max 8s)...
2026-05-27 00:17:25,680 [INFO]   ❌ Tivibu Spor 4: M3U8 bulunamadı
2026-05-27 00:17:26,746 [INFO] 🔒 Driver kapatıldı
2026-05-27 00:17:26,746 [INFO] 
=======================================================
2026-05-27 00:17:26,746 [INFO] 🏁 Tamamlandı!
2026-05-27 00:17:26,746 [INFO] 📺 Kanal : 1/14
2026-05-27 00:17:26,746 [INFO] ⏱️  Süre  : 596.6s
2026-05-27 00:17:26,746 [INFO] =======================================================
2026-05-27 00:17:26,747 [INFO] ✅ playlist.m3u kaydedildi (proxy prefix'li)
2026-05-27 00:17:26,747 [INFO] ✅ stats.json kaydedildi
