2026-06-15 00:12:44,074 [INFO] 🌐 BASE_URL: https://atomsportv506.top
2026-06-15 00:12:44,617 [INFO] Başlanıyor... 14 kanal taranacak
2026-06-15 00:12:44,617 [INFO] Using default request storage
2026-06-15 00:12:44,621 [INFO] Created proxy listening on 127.0.0.1:41473
2026-06-15 00:12:45,251 [INFO] Capturing request: http://clients2.google.com/time/1/current?cup2key=10:LrzGIy6zuEw5jU-8j7gKzRAXp2BgYOZG4K8yfmAAKOA&cup2hreq=e3b0c44298fc1c149afbf4c8996fb92427ae41e4649b934ca495991b7852b855
2026-06-15 00:12:45,331 [INFO] Capturing response: http://clients2.google.com/time/1/current?cup2key=10:LrzGIy6zuEw5jU-8j7gKzRAXp2BgYOZG4K8yfmAAKOA&cup2hreq=e3b0c44298fc1c149afbf4c8996fb92427ae41e4649b934ca495991b7852b855 200 OK
2026-06-15 00:12:45,335 [INFO] 
[1/14]
2026-06-15 00:12:45,335 [INFO] 🔍 beIN Sports 1 → https://atomsportv506.top/matches?id=bein-sports-1
2026-06-15 00:12:45,396 [INFO] Capturing request: https://accounts.google.com/ListAccounts?gpsia=1&source=ChromiumBrowser&json=standard&laf=b64bin
2026-06-15 00:12:45,459 [INFO] Capturing response: https://accounts.google.com/ListAccounts?gpsia=1&source=ChromiumBrowser&json=standard&laf=b64bin 200 
2026-06-15 00:12:45,494 [INFO] Capturing request: https://atomsportv506.top/matches?id=bein-sports-1
2026-06-15 00:12:45,616 [INFO] Capturing response: https://atomsportv506.top/matches?id=bein-sports-1 200 
2026-06-15 00:12:45,768 [INFO] Capturing request: https://atomsportv506.top/assets/js/clappr.js
2026-06-15 00:12:45,770 [INFO] Capturing request: https://www.google.com/async/folae?async=_fmt:pb&udm=50&client_locale=en-US
2026-06-15 00:12:45,792 [INFO] Capturing response: https://www.google.com/async/folae?async=_fmt:pb&udm=50&client_locale=en-US 200 
2026-06-15 00:12:45,816 [INFO] Capturing response: https://atomsportv506.top/assets/js/clappr.js 200 
2026-06-15 00:12:45,829 [INFO] Capturing request: https://cdnjs.cloudflare.com/ajax/libs/jquery/3.2.1/jquery.min.js
2026-06-15 00:12:45,848 [INFO] Capturing response: https://cdnjs.cloudflare.com/ajax/libs/jquery/3.2.1/jquery.min.js 200 
2026-06-15 00:12:45,945 [INFO] Capturing request: https://cdn.jsdelivr.net/npm/@clappr/player@latest/dist/clappr.min.js
2026-06-15 00:12:45,991 [INFO] Capturing response: https://cdn.jsdelivr.net/npm/@clappr/player@latest/dist/clappr.min.js 200 
2026-06-15 00:12:46,161 [INFO] Capturing request: https://static.cloudflareinsights.com/beacon.min.js/v833ccba57c9e4d2798f2e76cebdd09a11778172276447
2026-06-15 00:12:46,180 [INFO] Capturing response: https://static.cloudflareinsights.com/beacon.min.js/v833ccba57c9e4d2798f2e76cebdd09a11778172276447 200 
2026-06-15 00:12:46,236 [INFO] Capturing request: https://atomsportv506.top/cdn-cgi/rum?
2026-06-15 00:12:46,339 [INFO] Capturing request: https://atomsportv506.top/favicon.ico
2026-06-15 00:12:46,353 [INFO] Capturing response: https://atomsportv506.top/cdn-cgi/rum? 204 
2026-06-15 00:12:46,413 [INFO] Capturing response: https://atomsportv506.top/favicon.ico 200 
2026-06-15 00:12:46,521 [INFO] Capturing request: https://teletv5.top/load/yayinlink.php?id=bein-sports-1
2026-06-15 00:12:46,555 [INFO] Capturing response: https://teletv5.top/load/yayinlink.php?id=bein-sports-1 200 
2026-06-15 00:12:47,036 [INFO] Capturing request: https://streamsport365.com/cinema
2026-06-15 00:12:47,284 [INFO] Capturing response: https://streamsport365.com/cinema 200 
2026-06-15 00:12:47,408 [INFO] Capturing request: https://atomsportv506.top/assets/img/player_logo_6880e4e4c52ee.png
2026-06-15 00:12:47,465 [INFO] Capturing response: https://atomsportv506.top/assets/img/player_logo_6880e4e4c52ee.png 200 
2026-06-15 00:12:47,600 [INFO] Capturing request: https://hlssssssssssssssssss.yedeklinksa35.workers.dev/https://corestream.ronaldovurdu.help//aspor/tracks-v1a1/mono.m3u8
2026-06-15 00:12:47,734 [INFO] Capturing response: https://hlssssssssssssssssss.yedeklinksa35.workers.dev/https://corestream.ronaldovurdu.help//aspor/tracks-v1a1/mono.m3u8 200 
2026-06-15 00:12:48,012 [INFO] Capturing request: https://ts.yedeklinksa35.workers.dev/aspor/tracks-v1a1/2026/06/15/00/13/03-06000.avif
2026-06-15 00:12:48,256 [INFO] Capturing request: https://android.clients.google.com/checkin
2026-06-15 00:12:48,351 [INFO] Capturing response: https://android.clients.google.com/checkin 200 
2026-06-15 00:12:48,399 [INFO] Capturing request: https://android.clients.google.com/c2dm/register3
2026-06-15 00:12:48,406 [INFO] Capturing request: https://android.clients.google.com/c2dm/register3
2026-06-15 00:12:48,407 [INFO] Capturing request: https://android.clients.google.com/c2dm/register3
2026-06-15 00:12:48,454 [INFO] Capturing response: https://android.clients.google.com/c2dm/register3 200 
2026-06-15 00:12:48,460 [INFO] Capturing response: https://android.clients.google.com/c2dm/register3 200 
2026-06-15 00:12:48,463 [INFO] Capturing response: https://android.clients.google.com/c2dm/register3 200 
2026-06-15 00:12:48,654 [INFO] Capturing response: https://ts.yedeklinksa35.workers.dev/aspor/tracks-v1a1/2026/06/15/00/13/03-06000.avif 200 
2026-06-15 00:12:48,882 [INFO] Capturing request: https://ts.yedeklinksa35.workers.dev/aspor/tracks-v1a1/2026/06/15/00/13/09-06000.avif
2026-06-15 00:12:49,259 [INFO]   ✅ M3U8 bulundu: https://hlssssssssssssssssss.yedeklinksa35.workers.dev/https://corestream.ronaldovurdu.help//aspor/tracks-v1a1/mono.m3u8
2026-06-15 00:12:49,542 [INFO] Capturing response: https://ts.yedeklinksa35.workers.dev/aspor/tracks-v1a1/2026/06/15/00/13/09-06000.avif 200 
2026-06-15 00:12:49,764 [INFO] Capturing request: https://ts.yedeklinksa35.workers.dev/aspor/tracks-v1a1/2026/06/15/00/13/15-06000.avif
2026-06-15 00:12:50,259 [INFO] 
[2/14]
2026-06-15 00:12:50,259 [INFO] 🔍 beIN Sports 2 → https://atomsportv506.top/matches?id=bein-sports-2
2026-06-15 00:12:50,370 [INFO] Capturing request: https://atomsportv506.top/matches?id=bein-sports-2
2026-06-15 00:12:50,414 [INFO] Capturing response: https://atomsportv506.top/matches?id=bein-sports-2 200 
2026-06-15 00:12:50,421 [INFO] Capturing response: https://ts.yedeklinksa35.workers.dev/aspor/tracks-v1a1/2026/06/15/00/13/15-06000.avif 200 
2026-06-15 00:12:50,426 [INFO] Capturing request: https://atomsportv506.top/cdn-cgi/rum?
2026-06-15 00:12:50,471 [INFO] Capturing request: https://streamsport365.com/cinema
2026-06-15 00:12:50,479 [INFO] 127.0.0.1:59872: ProtocolException("Error in HTTP connection: Http2ZombieException('Connection or stream already dead: 1781482370.476396, False')")
2026-06-15 00:12:50,480 [INFO] Capturing request: https://atomsportv506.top/cdn-cgi/rum?
2026-06-15 00:12:50,572 [INFO] Capturing request: https://teletv5.top/load/yayinlink.php?id=bein-sports-2
2026-06-15 00:12:50,580 [INFO] Capturing request: https://atomsportv506.top/favicon.ico
2026-06-15 00:12:50,585 [INFO] Capturing response: https://atomsportv506.top/cdn-cgi/rum? 204 
2026-06-15 00:12:50,591 [INFO] Capturing response: https://atomsportv506.top/cdn-cgi/rum? 204 
2026-06-15 00:12:50,594 [INFO] Capturing response: https://teletv5.top/load/yayinlink.php?id=bein-sports-2 200 
2026-06-15 00:12:50,613 [INFO] Capturing response: https://atomsportv506.top/favicon.ico 200 
2026-06-15 00:12:50,711 [INFO] Capturing response: https://streamsport365.com/cinema 200 
2026-06-15 00:12:50,829 [INFO] Capturing request: https://hlssssssssssssssssss.yedeklinksa35.workers.dev/https://corestream.ronaldovurdu.help//bein2/tracks-v1a1/mono.m3u8
2026-06-15 00:12:50,955 [INFO] Capturing response: https://hlssssssssssssssssss.yedeklinksa35.workers.dev/https://corestream.ronaldovurdu.help//bein2/tracks-v1a1/mono.m3u8 200 
2026-06-15 00:12:51,064 [INFO] Capturing request: https://ts.yedeklinksa35.workers.dev/bein2/tracks-v1a1/2026/06/15/00/13/16-10000.avif
2026-06-15 00:12:52,046 [INFO] Capturing response: https://ts.yedeklinksa35.workers.dev/bein2/tracks-v1a1/2026/06/15/00/13/16-10000.avif 200 
2026-06-15 00:12:52,319 [INFO] Capturing request: https://ts.yedeklinksa35.workers.dev/bein2/tracks-v1a1/2026/06/15/00/13/26-11480.avif
2026-06-15 00:12:53,492 [INFO]   ✅ M3U8 bulundu: https://hlssssssssssssssssss.yedeklinksa35.workers.dev/https://corestream.ronaldovurdu.help//bein2/tracks-v1a1/mono.m3u8
2026-06-15 00:12:53,518 [INFO] Capturing response: https://ts.yedeklinksa35.workers.dev/bein2/tracks-v1a1/2026/06/15/00/13/26-11480.avif 200 
2026-06-15 00:12:53,792 [INFO] Capturing request: https://ts.yedeklinksa35.workers.dev/bein2/tracks-v1a1/2026/06/15/00/13/38-10000.avif
2026-06-15 00:12:54,493 [INFO] 
[3/14]
2026-06-15 00:12:54,493 [INFO] 🔍 beIN Sports 3 → https://atomsportv506.top/matches?id=bein-sports-3
2026-06-15 00:12:54,601 [INFO] Capturing request: https://atomsportv506.top/assets/js/clappr.js
2026-06-15 00:12:54,603 [INFO] Capturing request: https://atomsportv506.top/matches?id=bein-sports-3
2026-06-15 00:12:54,632 [INFO] Capturing response: https://atomsportv506.top/assets/js/clappr.js 200 
2026-06-15 00:12:54,687 [INFO] Capturing response: https://atomsportv506.top/matches?id=bein-sports-3 200 
2026-06-15 00:12:54,696 [INFO] Capturing request: https://atomsportv506.top/cdn-cgi/rum?
2026-06-15 00:12:54,724 [INFO] Capturing request: https://atomsportv506.top/cdn-cgi/rum?
2026-06-15 00:12:54,784 [INFO] Capturing response: https://ts.yedeklinksa35.workers.dev/bein2/tracks-v1a1/2026/06/15/00/13/38-10000.avif 200 
2026-06-15 00:12:54,823 [INFO] Capturing request: https://teletv5.top/load/yayinlink.php?id=bein-sports-3
2026-06-15 00:12:54,826 [INFO] Capturing request: https://atomsportv506.top/favicon.ico
2026-06-15 00:12:54,833 [INFO] 127.0.0.1:59872: ProtocolException("Error in HTTP connection: Http2ZombieException('Connection or stream already dead: 1781482374.8331327, False')")
2026-06-15 00:12:54,837 [INFO] Capturing response: https://atomsportv506.top/cdn-cgi/rum? 204 
2026-06-15 00:12:54,840 [INFO] Capturing response: https://atomsportv506.top/cdn-cgi/rum? 204 
2026-06-15 00:12:54,844 [INFO] Capturing response: https://teletv5.top/load/yayinlink.php?id=bein-sports-3 200 
2026-06-15 00:12:54,858 [INFO] Capturing response: https://atomsportv506.top/favicon.ico 200 
2026-06-15 00:12:54,918 [INFO] Capturing request: https://streamsport365.com/cinema
2026-06-15 00:12:55,160 [INFO] Capturing response: https://streamsport365.com/cinema 200 
2026-06-15 00:13:10,306 [INFO] Capturing request: https://android.clients.google.com/c2dm/register3
2026-06-15 00:13:10,350 [INFO] Capturing response: https://android.clients.google.com/c2dm/register3 301 
2026-06-15 00:13:13,607 [INFO] Capturing request: https://android.clients.google.com/c2dm/register3
2026-06-15 00:13:14,153 [INFO] Capturing response: https://android.clients.google.com/c2dm/register3 200 
2026-06-15 00:13:17,331 [INFO] Capturing request: https://android.clients.google.com/c2dm/register3
2026-06-15 00:13:17,732 [INFO] Capturing response: https://android.clients.google.com/c2dm/register3 200 
2026-06-15 00:13:27,971 [WARNING]   ❌ beIN Sports 3 için M3U8 bulunamadı
2026-06-15 00:13:28,971 [INFO] 
[4/14]
2026-06-15 00:13:28,971 [INFO] 🔍 beIN Sports 4 → https://atomsportv506.top/matches?id=bein-sports-4
2026-06-15 00:13:29,079 [INFO] Capturing request: https://atomsportv506.top/assets/js/clappr.js
2026-06-15 00:13:29,080 [INFO] Capturing request: https://atomsportv506.top/matches?id=bein-sports-4
2026-06-15 00:13:29,105 [INFO] Capturing response: https://atomsportv506.top/assets/js/clappr.js 200 
2026-06-15 00:13:29,641 [INFO] Capturing response: https://atomsportv506.top/matches?id=bein-sports-4 200 
2026-06-15 00:13:29,650 [INFO] Capturing request: https://atomsportv506.top/cdn-cgi/rum?
2026-06-15 00:13:29,672 [INFO] Capturing request: https://atomsportv506.top/cdn-cgi/rum?
2026-06-15 00:13:29,773 [INFO] Capturing request: https://teletv5.top/load/yayinlink.php?id=bein-sports-4
2026-06-15 00:13:29,774 [INFO] Capturing response: https://atomsportv506.top/cdn-cgi/rum? 204 
2026-06-15 00:13:29,776 [INFO] Capturing request: https://atomsportv506.top/favicon.ico
2026-06-15 00:13:29,814 [INFO] Capturing response: https://atomsportv506.top/favicon.ico 200 
2026-06-15 00:13:29,831 [INFO] Capturing response: https://atomsportv506.top/cdn-cgi/rum? 204 
2026-06-15 00:13:29,867 [INFO] Capturing request: https://streamsport365.com/cinema
2026-06-15 00:13:30,052 [INFO] Capturing response: https://teletv5.top/load/yayinlink.php?id=bein-sports-4 200 
2026-06-15 00:13:30,101 [INFO] Capturing response: https://streamsport365.com/cinema 200 
2026-06-15 00:13:45,373 [INFO] Capturing request: https://update.googleapis.com/service/update2/json?cup2key=16:IP3OW61MNk4tLCW4BkdMMav3u5Oph5BP0TfJvzaUsiY&cup2hreq=5d30c6fa41f3e3a9fc919e74ee94804a97a42a80e346e3931b0f2b3e848be2fd
2026-06-15 00:13:45,401 [INFO] Capturing response: https://update.googleapis.com/service/update2/json?cup2key=16:IP3OW61MNk4tLCW4BkdMMav3u5Oph5BP0TfJvzaUsiY&cup2hreq=5d30c6fa41f3e3a9fc919e74ee94804a97a42a80e346e3931b0f2b3e848be2fd 200 
2026-06-15 00:13:45,415 [INFO] Capturing request: http://edgedl.me.gvt1.com/edgedl/diffgen-puffin/gcmjkmgdlgnkkcocmoeiminaijmmjnii/71d926df14cb4c89c6f8f88e6c0bfcf6fe1e1a256ca7f8db04002a111af4c5b0
2026-06-15 00:13:45,624 [INFO] Capturing response: http://edgedl.me.gvt1.com/edgedl/diffgen-puffin/gcmjkmgdlgnkkcocmoeiminaijmmjnii/71d926df14cb4c89c6f8f88e6c0bfcf6fe1e1a256ca7f8db04002a111af4c5b0 200 OK
2026-06-15 00:13:45,646 [INFO] Capturing request: https://update.googleapis.com/service/update2/json
2026-06-15 00:13:45,674 [INFO] Capturing response: https://update.googleapis.com/service/update2/json 200 
2026-06-15 00:13:45,719 [INFO] Capturing request: http://edgedl.me.gvt1.com/edgedl/release2/chrome_component/acmozhloyhxsole6wzkmj2w3me5a_10586/hfnkpimlhhgieaddgfemjhofmfblmnib_10586_all_adwhniaa6wlh3twm5ksvkndlbqjq.crx3
2026-06-15 00:13:45,845 [INFO] Capturing response: http://edgedl.me.gvt1.com/edgedl/release2/chrome_component/acmozhloyhxsole6wzkmj2w3me5a_10586/hfnkpimlhhgieaddgfemjhofmfblmnib_10586_all_adwhniaa6wlh3twm5ksvkndlbqjq.crx3 200 OK
2026-06-15 00:13:45,871 [INFO] Capturing request: https://update.googleapis.com/service/update2/json
2026-06-15 00:13:45,895 [INFO] Capturing response: https://update.googleapis.com/service/update2/json 200 
2026-06-15 00:13:58,179 [INFO] Capturing request: https://android.clients.google.com/c2dm/register3
2026-06-15 00:13:58,227 [INFO] Capturing response: https://android.clients.google.com/c2dm/register3 301 
2026-06-15 00:14:02,904 [WARNING]   ❌ beIN Sports 4 için M3U8 bulunamadı
2026-06-15 00:14:03,904 [INFO] 
[5/14]
2026-06-15 00:14:03,904 [INFO] 🔍 beIN Sports 5 → https://atomsportv506.top/matches?id=bein-sports-5
2026-06-15 00:14:04,044 [INFO] Capturing request: https://atomsportv506.top/matches?id=bein-sports-5
2026-06-15 00:14:04,573 [INFO] Capturing response: https://atomsportv506.top/matches?id=bein-sports-5 200 
2026-06-15 00:14:04,580 [INFO] Capturing request: https://atomsportv506.top/cdn-cgi/rum?
2026-06-15 00:14:04,602 [INFO] Capturing request: https://atomsportv506.top/cdn-cgi/rum?
2026-06-15 00:14:04,698 [INFO] Capturing response: https://atomsportv506.top/cdn-cgi/rum? 204 
2026-06-15 00:14:04,704 [INFO] Capturing request: https://atomsportv506.top/favicon.ico
2026-06-15 00:14:04,746 [INFO] Capturing request: https://teletv5.top/load/yayinlink.php?id=bein-sports-5
2026-06-15 00:14:04,747 [INFO] Capturing response: https://atomsportv506.top/favicon.ico 200 
2026-06-15 00:14:04,760 [INFO] Capturing response: https://atomsportv506.top/cdn-cgi/rum? 204 
2026-06-15 00:14:04,931 [INFO] Capturing response: https://teletv5.top/load/yayinlink.php?id=bein-sports-5 200 
2026-06-15 00:14:05,198 [INFO] Capturing request: https://streamsport365.com/cinema
2026-06-15 00:14:05,431 [INFO] Capturing response: https://streamsport365.com/cinema 200 
2026-06-15 00:14:37,816 [WARNING]   ❌ beIN Sports 5 için M3U8 bulunamadı
2026-06-15 00:14:38,817 [INFO] 
[6/14]
2026-06-15 00:14:38,817 [INFO] 🔍 beIN Sports Max 1 → https://atomsportv506.top/matches?id=bein-sports-max-1
2026-06-15 00:14:38,924 [INFO] Capturing request: https://atomsportv506.top/matches?id=bein-sports-max-1
2026-06-15 00:14:39,202 [INFO] Capturing response: https://atomsportv506.top/matches?id=bein-sports-max-1 200 
2026-06-15 00:14:39,212 [INFO] Capturing request: https://atomsportv506.top/cdn-cgi/rum?
2026-06-15 00:14:39,235 [INFO] Capturing request: https://atomsportv506.top/cdn-cgi/rum?
2026-06-15 00:14:39,332 [INFO] Capturing request: https://teletv5.top/load/yayinlink.php?id=bein-sports-max-1
2026-06-15 00:14:39,335 [INFO] Capturing response: https://atomsportv506.top/cdn-cgi/rum? 204 
2026-06-15 00:14:39,336 [INFO] Capturing request: https://atomsportv506.top/favicon.ico
2026-06-15 00:14:39,376 [INFO] Capturing response: https://atomsportv506.top/favicon.ico 200 
2026-06-15 00:14:39,391 [INFO] Capturing response: https://atomsportv506.top/cdn-cgi/rum? 204 
2026-06-15 00:14:39,424 [INFO] Capturing request: https://streamsport365.com/cinema
2026-06-15 00:14:39,513 [INFO] Capturing response: https://teletv5.top/load/yayinlink.php?id=bein-sports-max-1 200 
2026-06-15 00:14:39,666 [INFO] Capturing response: https://streamsport365.com/cinema 200 
2026-06-15 00:15:12,448 [WARNING]   ❌ beIN Sports Max 1 için M3U8 bulunamadı
2026-06-15 00:15:13,448 [INFO] 
[7/14]
2026-06-15 00:15:13,449 [INFO] 🔍 beIN Sports Max 2 → https://atomsportv506.top/matches?id=bein-sports-max-2
2026-06-15 00:15:13,557 [INFO] Capturing request: https://atomsportv506.top/matches?id=bein-sports-max-2
2026-06-15 00:15:13,805 [INFO] Capturing response: https://atomsportv506.top/matches?id=bein-sports-max-2 200 
2026-06-15 00:15:13,812 [INFO] Capturing request: https://atomsportv506.top/cdn-cgi/rum?
2026-06-15 00:15:13,866 [INFO] Capturing request: https://atomsportv506.top/cdn-cgi/rum?
2026-06-15 00:15:13,933 [INFO] Capturing response: https://atomsportv506.top/cdn-cgi/rum? 204 
2026-06-15 00:15:13,938 [INFO] Capturing request: https://teletv5.top/load/yayinlink.php?id=bein-sports-max-2
2026-06-15 00:15:13,967 [INFO] Capturing request: https://atomsportv506.top/favicon.ico
2026-06-15 00:15:14,000 [INFO] Capturing response: https://atomsportv506.top/favicon.ico 200 
2026-06-15 00:15:14,021 [INFO] Capturing response: https://atomsportv506.top/cdn-cgi/rum? 204 
2026-06-15 00:15:14,028 [INFO] Capturing request: https://streamsport365.com/cinema
2026-06-15 00:15:14,121 [INFO] Capturing response: https://teletv5.top/load/yayinlink.php?id=bein-sports-max-2 200 
2026-06-15 00:15:14,271 [INFO] Capturing response: https://streamsport365.com/cinema 200 
2026-06-15 00:15:27,858 [INFO] Capturing request: https://android.clients.google.com/c2dm/register3
2026-06-15 00:15:27,911 [INFO] Capturing response: https://android.clients.google.com/c2dm/register3 301 
2026-06-15 00:15:47,067 [WARNING]   ❌ beIN Sports Max 2 için M3U8 bulunamadı
2026-06-15 00:15:48,068 [INFO] 
[8/14]
2026-06-15 00:15:48,068 [INFO] 🔍 S Sport → https://atomsportv506.top/matches?id=s-sport
2026-06-15 00:15:48,175 [INFO] Capturing request: https://atomsportv506.top/assets/js/clappr.js
2026-06-15 00:15:48,178 [INFO] Capturing request: https://atomsportv506.top/matches?id=s-sport
2026-06-15 00:15:48,213 [INFO] Capturing response: https://atomsportv506.top/assets/js/clappr.js 200 
2026-06-15 00:15:48,475 [INFO] Capturing response: https://atomsportv506.top/matches?id=s-sport 200 
2026-06-15 00:15:48,484 [INFO] Capturing request: https://atomsportv506.top/cdn-cgi/rum?
2026-06-15 00:15:48,505 [INFO] Capturing request: https://atomsportv506.top/cdn-cgi/rum?
2026-06-15 00:15:48,605 [INFO] Capturing request: https://teletv5.top/load/yayinlink.php?id=s-sport
2026-06-15 00:15:48,607 [INFO] Capturing response: https://atomsportv506.top/cdn-cgi/rum? 204 
2026-06-15 00:15:48,608 [INFO] Capturing request: https://atomsportv506.top/favicon.ico
2026-06-15 00:15:48,654 [INFO] Capturing response: https://atomsportv506.top/favicon.ico 200 
2026-06-15 00:15:48,661 [INFO] Capturing response: https://atomsportv506.top/cdn-cgi/rum? 204 
2026-06-15 00:15:48,698 [INFO] Capturing request: https://streamsport365.com/cinema
2026-06-15 00:15:48,783 [INFO] Capturing response: https://teletv5.top/load/yayinlink.php?id=s-sport 200 
2026-06-15 00:15:48,943 [INFO] Capturing response: https://streamsport365.com/cinema 200 
2026-06-15 00:15:49,056 [INFO] Capturing request: https://atomsportv506.top/assets/img/player_logo_6880e4e4c52ee.png
2026-06-15 00:15:49,092 [INFO] Capturing request: https://hlssssssssssssssssss.yedeklinksa35.workers.dev/https://corestream.ronaldovurdu.help//s-sportt/tracks-v1a1/mono.m3u8
2026-06-15 00:15:49,104 [INFO] Capturing response: https://atomsportv506.top/assets/img/player_logo_6880e4e4c52ee.png 200 
2026-06-15 00:15:49,400 [INFO] Capturing response: https://hlssssssssssssssssss.yedeklinksa35.workers.dev/https://corestream.ronaldovurdu.help//s-sportt/tracks-v1a1/mono.m3u8 200 
2026-06-15 00:15:49,587 [INFO] Capturing request: https://ts.yedeklinksa35.workers.dev/s-sportt/tracks-v1a1/2026/06/15/00/16/04-06000.avif
2026-06-15 00:15:50,411 [INFO] Capturing response: https://ts.yedeklinksa35.workers.dev/s-sportt/tracks-v1a1/2026/06/15/00/16/04-06000.avif 200 
2026-06-15 00:15:50,743 [INFO] Capturing request: https://ts.yedeklinksa35.workers.dev/s-sportt/tracks-v1a1/2026/06/15/00/16/04-06000.avif
2026-06-15 00:15:51,446 [INFO] Capturing response: https://ts.yedeklinksa35.workers.dev/s-sportt/tracks-v1a1/2026/06/15/00/16/04-06000.avif 200 
2026-06-15 00:15:51,545 [INFO]   ✅ M3U8 bulundu: https://hlssssssssssssssssss.yedeklinksa35.workers.dev/https://corestream.ronaldovurdu.help//s-sportt/tracks-v1a1/mono.m3u8
2026-06-15 00:15:51,778 [INFO] Capturing request: https://ts.yedeklinksa35.workers.dev/s-sportt/tracks-v1a1/2026/06/15/00/16/04-06000.avif
2026-06-15 00:15:52,515 [INFO] Capturing response: https://ts.yedeklinksa35.workers.dev/s-sportt/tracks-v1a1/2026/06/15/00/16/04-06000.avif 200 
2026-06-15 00:15:52,545 [INFO] 
[9/14]
2026-06-15 00:15:52,546 [INFO] 🔍 S Sport 2 → https://atomsportv506.top/matches?id=s-sport-2
2026-06-15 00:15:52,668 [INFO] Capturing request: https://atomsportv506.top/assets/js/clappr.js
2026-06-15 00:15:52,671 [INFO] Capturing request: https://atomsportv506.top/matches?id=s-sport-2
2026-06-15 00:15:52,688 [INFO] Capturing response: https://atomsportv506.top/assets/js/clappr.js 200 
2026-06-15 00:15:52,733 [INFO] Capturing response: https://atomsportv506.top/matches?id=s-sport-2 200 
2026-06-15 00:15:52,741 [INFO] Capturing request: https://atomsportv506.top/cdn-cgi/rum?
2026-06-15 00:15:52,773 [INFO] Capturing request: https://streamsport365.com/cinema
2026-06-15 00:15:52,775 [INFO] Capturing request: https://atomsportv506.top/cdn-cgi/rum?
2026-06-15 00:15:52,873 [INFO] Capturing request: https://teletv5.top/load/yayinlink.php?id=s-sport-2
2026-06-15 00:15:52,877 [INFO] Capturing request: https://atomsportv506.top/favicon.ico
2026-06-15 00:15:52,884 [INFO] Capturing response: https://atomsportv506.top/cdn-cgi/rum? 204 
2026-06-15 00:15:52,889 [INFO] Capturing response: https://atomsportv506.top/cdn-cgi/rum? 204 
2026-06-15 00:15:52,907 [INFO] Capturing response: https://atomsportv506.top/favicon.ico 200 
2026-06-15 00:15:53,010 [INFO] Capturing response: https://streamsport365.com/cinema 200 
2026-06-15 00:15:53,046 [INFO] Capturing response: https://teletv5.top/load/yayinlink.php?id=s-sport-2 200 
2026-06-15 00:15:53,203 [INFO] Capturing request: https://hlssssssssssssssssss.yedeklinksa35.workers.dev/https://corestream.ronaldovurdu.help//s-sport2/tracks-v1a1/mono.m3u8
2026-06-15 00:15:53,331 [INFO] Capturing response: https://hlssssssssssssssssss.yedeklinksa35.workers.dev/https://corestream.ronaldovurdu.help//s-sport2/tracks-v1a1/mono.m3u8 200 
2026-06-15 00:15:53,440 [INFO] Capturing request: https://ts.yedeklinksa35.workers.dev/s-sport2/tracks-v1a1/2026/06/15/00/16/20-06000.avif
2026-06-15 00:15:54,214 [INFO] Capturing response: https://ts.yedeklinksa35.workers.dev/s-sport2/tracks-v1a1/2026/06/15/00/16/20-06000.avif 200 
2026-06-15 00:15:54,454 [INFO] Capturing request: https://ts.yedeklinksa35.workers.dev/s-sport2/tracks-v1a1/2026/06/15/00/16/26-06000.avif
2026-06-15 00:15:55,418 [INFO] Capturing response: https://ts.yedeklinksa35.workers.dev/s-sport2/tracks-v1a1/2026/06/15/00/16/26-06000.avif 200 
2026-06-15 00:15:55,675 [INFO] Capturing request: https://ts.yedeklinksa35.workers.dev/s-sport2/tracks-v1a1/2026/06/15/00/16/32-06000.avif
2026-06-15 00:15:55,790 [INFO]   ✅ M3U8 bulundu: https://hlssssssssssssssssss.yedeklinksa35.workers.dev/https://corestream.ronaldovurdu.help//s-sport2/tracks-v1a1/mono.m3u8
2026-06-15 00:15:56,528 [INFO] Capturing response: https://ts.yedeklinksa35.workers.dev/s-sport2/tracks-v1a1/2026/06/15/00/16/32-06000.avif 200 
2026-06-15 00:15:56,791 [INFO] 
[10/14]
2026-06-15 00:15:56,791 [INFO] 🔍 A Spor → https://atomsportv506.top/matches?id=a-spor
2026-06-15 00:15:56,900 [INFO] Capturing request: https://atomsportv506.top/assets/js/clappr.js
2026-06-15 00:15:56,901 [INFO] Capturing request: https://atomsportv506.top/matches?id=a-spor
2026-06-15 00:15:56,950 [INFO] Capturing response: https://atomsportv506.top/matches?id=a-spor 200 
2026-06-15 00:15:56,958 [INFO] Capturing request: https://atomsportv506.top/cdn-cgi/rum?
2026-06-15 00:15:56,966 [INFO] Capturing response: https://atomsportv506.top/assets/js/clappr.js 200 
2026-06-15 00:15:56,982 [INFO] Capturing request: https://atomsportv506.top/cdn-cgi/rum?
2026-06-15 00:15:57,077 [INFO] Capturing response: https://atomsportv506.top/cdn-cgi/rum? 204 
2026-06-15 00:15:57,080 [INFO] Capturing request: https://teletv5.top/load/yayinlink.php?id=a-spor
2026-06-15 00:15:57,083 [INFO] Capturing request: https://atomsportv506.top/favicon.ico
2026-06-15 00:15:57,114 [INFO] Capturing response: https://atomsportv506.top/favicon.ico 200 
2026-06-15 00:15:57,138 [INFO] Capturing response: https://atomsportv506.top/cdn-cgi/rum? 204 
2026-06-15 00:15:57,173 [INFO] Capturing request: https://streamsport365.com/cinema
2026-06-15 00:15:57,255 [INFO] Capturing response: https://teletv5.top/load/yayinlink.php?id=a-spor 200 
2026-06-15 00:15:57,409 [INFO] Capturing response: https://streamsport365.com/cinema 200 
2026-06-15 00:15:57,526 [INFO] Capturing request: https://hlssssssssssssssssss.yedeklinksa35.workers.dev/https://corestream.ronaldovurdu.help//aspor/tracks-v1a1/mono.m3u8
2026-06-15 00:15:57,655 [INFO] Capturing response: https://hlssssssssssssssssss.yedeklinksa35.workers.dev/https://corestream.ronaldovurdu.help//aspor/tracks-v1a1/mono.m3u8 200 
2026-06-15 00:15:57,763 [INFO] Capturing request: https://ts.yedeklinksa35.workers.dev/aspor/tracks-v1a1/2026/06/15/00/16/09-06000.avif
2026-06-15 00:15:58,461 [INFO] Capturing response: https://ts.yedeklinksa35.workers.dev/aspor/tracks-v1a1/2026/06/15/00/16/09-06000.avif 200 
2026-06-15 00:15:58,688 [INFO] Capturing request: https://ts.yedeklinksa35.workers.dev/aspor/tracks-v1a1/2026/06/15/00/16/15-06000.avif
2026-06-15 00:15:59,608 [INFO] Capturing response: https://ts.yedeklinksa35.workers.dev/aspor/tracks-v1a1/2026/06/15/00/16/15-06000.avif 200 
2026-06-15 00:15:59,827 [INFO] Capturing request: https://ts.yedeklinksa35.workers.dev/aspor/tracks-v1a1/2026/06/15/00/16/21-06000.avif
2026-06-15 00:16:00,000 [INFO]   ✅ M3U8 bulundu: https://hlssssssssssssssssss.yedeklinksa35.workers.dev/https://corestream.ronaldovurdu.help//aspor/tracks-v1a1/mono.m3u8
2026-06-15 00:16:00,597 [INFO] Capturing response: https://ts.yedeklinksa35.workers.dev/aspor/tracks-v1a1/2026/06/15/00/16/21-06000.avif 200 
2026-06-15 00:16:01,000 [INFO] 
[11/14]
2026-06-15 00:16:01,000 [INFO] 🔍 Tivibu Spor 1 → https://atomsportv506.top/matches?id=tivibu-spor-1
2026-06-15 00:16:01,109 [INFO] Capturing request: https://atomsportv506.top/matches?id=tivibu-spor-1
2026-06-15 00:16:01,110 [INFO] Capturing request: https://atomsportv506.top/assets/js/clappr.js
2026-06-15 00:16:01,156 [INFO] Capturing response: https://atomsportv506.top/matches?id=tivibu-spor-1 200 
2026-06-15 00:16:01,164 [INFO] Capturing request: https://atomsportv506.top/cdn-cgi/rum?
2026-06-15 00:16:01,178 [INFO] Capturing response: https://atomsportv506.top/assets/js/clappr.js 200 
2026-06-15 00:16:01,192 [INFO] Capturing request: https://streamsport365.com/cinema
2026-06-15 00:16:01,200 [INFO] Capturing request: https://atomsportv506.top/cdn-cgi/rum?
2026-06-15 00:16:01,282 [INFO] Capturing response: https://atomsportv506.top/cdn-cgi/rum? 204 
2026-06-15 00:16:01,291 [INFO] Capturing request: https://teletv5.top/load/yayinlink.php?id=tivibu-spor-1
2026-06-15 00:16:01,301 [INFO] Capturing request: https://atomsportv506.top/favicon.ico
2026-06-15 00:16:01,335 [INFO] Capturing response: https://atomsportv506.top/favicon.ico 200 
2026-06-15 00:16:01,356 [INFO] Capturing response: https://atomsportv506.top/cdn-cgi/rum? 204 
2026-06-15 00:16:01,433 [INFO] Capturing response: https://streamsport365.com/cinema 200 
2026-06-15 00:16:01,570 [INFO] Capturing response: https://teletv5.top/load/yayinlink.php?id=tivibu-spor-1 200 
2026-06-15 00:16:34,416 [WARNING]   ❌ Tivibu Spor 1 için M3U8 bulunamadı
2026-06-15 00:16:35,416 [INFO] 
[12/14]
2026-06-15 00:16:35,416 [INFO] 🔍 Tivibu Spor 2 → https://atomsportv506.top/matches?id=tivibu-spor-2
2026-06-15 00:16:35,523 [INFO] Capturing request: https://atomsportv506.top/assets/js/clappr.js
2026-06-15 00:16:35,524 [INFO] Capturing request: https://atomsportv506.top/matches?id=tivibu-spor-2
2026-06-15 00:16:35,546 [INFO] Capturing response: https://atomsportv506.top/assets/js/clappr.js 200 
2026-06-15 00:16:36,049 [INFO] Capturing response: https://atomsportv506.top/matches?id=tivibu-spor-2 200 
2026-06-15 00:16:36,057 [INFO] Capturing request: https://atomsportv506.top/cdn-cgi/rum?
2026-06-15 00:16:36,084 [INFO] Capturing request: https://atomsportv506.top/cdn-cgi/rum?
2026-06-15 00:16:36,171 [INFO] Capturing response: https://atomsportv506.top/cdn-cgi/rum? 204 
2026-06-15 00:16:36,180 [INFO] Capturing request: https://teletv5.top/load/yayinlink.php?id=tivibu-spor-2
2026-06-15 00:16:36,185 [INFO] Capturing request: https://atomsportv506.top/favicon.ico
2026-06-15 00:16:36,238 [INFO] Capturing response: https://atomsportv506.top/favicon.ico 200 
2026-06-15 00:16:36,240 [INFO] Capturing response: https://atomsportv506.top/cdn-cgi/rum? 204 
2026-06-15 00:16:36,273 [INFO] Capturing request: https://streamsport365.com/cinema
2026-06-15 00:16:36,337 [INFO] Capturing response: https://teletv5.top/load/yayinlink.php?id=tivibu-spor-2 200 
2026-06-15 00:16:36,509 [INFO] Capturing response: https://streamsport365.com/cinema 200 
2026-06-15 00:17:09,301 [WARNING]   ❌ Tivibu Spor 2 için M3U8 bulunamadı
2026-06-15 00:17:10,301 [INFO] 
[13/14]
2026-06-15 00:17:10,302 [INFO] 🔍 Tivibu Spor 3 → https://atomsportv506.top/matches?id=tivibu-spor-3
2026-06-15 00:17:10,408 [INFO] Capturing request: https://atomsportv506.top/assets/js/clappr.js
2026-06-15 00:17:10,410 [INFO] Capturing request: https://atomsportv506.top/matches?id=tivibu-spor-3
2026-06-15 00:17:10,436 [INFO] Capturing response: https://atomsportv506.top/assets/js/clappr.js 200 
2026-06-15 00:17:10,681 [INFO] Capturing response: https://atomsportv506.top/matches?id=tivibu-spor-3 200 
2026-06-15 00:17:10,690 [INFO] Capturing request: https://atomsportv506.top/cdn-cgi/rum?
2026-06-15 00:17:10,713 [INFO] Capturing request: https://atomsportv506.top/cdn-cgi/rum?
2026-06-15 00:17:10,810 [INFO] Capturing request: https://teletv5.top/load/yayinlink.php?id=tivibu-spor-3
2026-06-15 00:17:10,813 [INFO] Capturing request: https://atomsportv506.top/favicon.ico
2026-06-15 00:17:10,823 [INFO] Capturing response: https://atomsportv506.top/cdn-cgi/rum? 204 
2026-06-15 00:17:10,828 [INFO] Capturing response: https://atomsportv506.top/cdn-cgi/rum? 204 
2026-06-15 00:17:10,847 [INFO] Capturing response: https://atomsportv506.top/favicon.ico 200 
2026-06-15 00:17:10,902 [INFO] Capturing request: https://streamsport365.com/cinema
2026-06-15 00:17:10,972 [INFO] Capturing response: https://teletv5.top/load/yayinlink.php?id=tivibu-spor-3 200 
2026-06-15 00:17:11,141 [INFO] Capturing response: https://streamsport365.com/cinema 200 
2026-06-15 00:17:43,933 [WARNING]   ❌ Tivibu Spor 3 için M3U8 bulunamadı
2026-06-15 00:17:44,933 [INFO] 
[14/14]
2026-06-15 00:17:44,933 [INFO] 🔍 Tivibu Spor 4 → https://atomsportv506.top/matches?id=tivibu-spor-4
2026-06-15 00:17:45,039 [INFO] Capturing request: https://atomsportv506.top/assets/js/clappr.js
2026-06-15 00:17:45,041 [INFO] Capturing request: https://atomsportv506.top/matches?id=tivibu-spor-4
2026-06-15 00:17:45,067 [INFO] Capturing response: https://atomsportv506.top/assets/js/clappr.js 200 
2026-06-15 00:17:45,345 [INFO] Capturing response: https://atomsportv506.top/matches?id=tivibu-spor-4 200 
2026-06-15 00:17:45,354 [INFO] Capturing request: https://atomsportv506.top/cdn-cgi/rum?
2026-06-15 00:17:45,379 [INFO] Capturing request: https://atomsportv506.top/cdn-cgi/rum?
2026-06-15 00:17:45,473 [INFO] Capturing response: https://atomsportv506.top/cdn-cgi/rum? 204 
2026-06-15 00:17:45,479 [INFO] Capturing request: https://teletv5.top/load/yayinlink.php?id=tivibu-spor-4
2026-06-15 00:17:45,480 [INFO] Capturing request: https://atomsportv506.top/favicon.ico
2026-06-15 00:17:45,516 [INFO] Capturing response: https://atomsportv506.top/favicon.ico 200 
2026-06-15 00:17:45,535 [INFO] Capturing response: https://atomsportv506.top/cdn-cgi/rum? 204 
2026-06-15 00:17:45,569 [INFO] Capturing request: https://streamsport365.com/cinema
2026-06-15 00:17:45,639 [INFO] Capturing response: https://teletv5.top/load/yayinlink.php?id=tivibu-spor-4 200 
2026-06-15 00:17:45,809 [INFO] Capturing response: https://streamsport365.com/cinema 200 
2026-06-15 00:18:18,601 [WARNING]   ❌ Tivibu Spor 4 için M3U8 bulunamadı
2026-06-15 00:18:19,663 [INFO] ✅ 5 kanal bulundu, playlist.m3u kaydedildi
