2026-06-10 01:37:31,834 [INFO] 🌐 BASE_URL: https://atomsportv506.top
2026-06-10 01:37:33,160 [INFO] Başlanıyor... 14 kanal taranacak
2026-06-10 01:37:33,160 [INFO] Using default request storage
2026-06-10 01:37:33,164 [INFO] Created proxy listening on 127.0.0.1:41595
2026-06-10 01:37:33,836 [INFO] Capturing request: http://clients2.google.com/time/1/current?cup2key=10:CsnJFw71xA2ukElr3MZmdTD4ySsvxB2HLxG4jeaSu_Q&cup2hreq=e3b0c44298fc1c149afbf4c8996fb92427ae41e4649b934ca495991b7852b855
2026-06-10 01:37:33,864 [INFO] Capturing response: http://clients2.google.com/time/1/current?cup2key=10:CsnJFw71xA2ukElr3MZmdTD4ySsvxB2HLxG4jeaSu_Q&cup2hreq=e3b0c44298fc1c149afbf4c8996fb92427ae41e4649b934ca495991b7852b855 200 OK
2026-06-10 01:37:33,944 [INFO] 
[1/14]
2026-06-10 01:37:33,944 [INFO] 🔍 beIN Sports 1 → https://atomsportv506.top/matches?id=bein-sports-1
2026-06-10 01:37:33,993 [INFO] Capturing request: https://accounts.google.com/ListAccounts?gpsia=1&source=ChromiumBrowser&json=standard&laf=b64bin
2026-06-10 01:37:34,062 [INFO] Capturing response: https://accounts.google.com/ListAccounts?gpsia=1&source=ChromiumBrowser&json=standard&laf=b64bin 200 
2026-06-10 01:37:34,102 [INFO] Capturing request: https://atomsportv506.top/matches?id=bein-sports-1
2026-06-10 01:37:34,277 [INFO] Capturing response: https://atomsportv506.top/matches?id=bein-sports-1 200 
2026-06-10 01:37:34,352 [INFO] Capturing request: https://www.google.com/async/folae?async=_fmt:pb&udm=50&client_locale=en-US
2026-06-10 01:37:34,375 [INFO] Capturing response: https://www.google.com/async/folae?async=_fmt:pb&udm=50&client_locale=en-US 200 
2026-06-10 01:37:34,427 [INFO] Capturing request: https://atomsportv506.top/assets/js/clappr.js
2026-06-10 01:37:34,472 [INFO] Capturing response: https://atomsportv506.top/assets/js/clappr.js 200 
2026-06-10 01:37:34,488 [INFO] Capturing request: https://cdnjs.cloudflare.com/ajax/libs/jquery/3.2.1/jquery.min.js
2026-06-10 01:37:34,490 [INFO] Capturing request: https://cdn.jsdelivr.net/npm/@clappr/player@latest/dist/clappr.min.js
2026-06-10 01:37:34,516 [INFO] Capturing response: https://cdnjs.cloudflare.com/ajax/libs/jquery/3.2.1/jquery.min.js 200 
2026-06-10 01:37:34,519 [INFO] Capturing response: https://cdn.jsdelivr.net/npm/@clappr/player@latest/dist/clappr.min.js 200 
2026-06-10 01:37:34,706 [INFO] Capturing request: https://static.cloudflareinsights.com/beacon.min.js/v833ccba57c9e4d2798f2e76cebdd09a11778172276447
2026-06-10 01:37:34,722 [INFO] Capturing response: https://static.cloudflareinsights.com/beacon.min.js/v833ccba57c9e4d2798f2e76cebdd09a11778172276447 200 
2026-06-10 01:37:34,783 [INFO] Capturing request: https://atomsportv506.top/cdn-cgi/rum?
2026-06-10 01:37:34,885 [INFO] Capturing request: https://atomsportv506.top/favicon.ico
2026-06-10 01:37:34,934 [INFO] Capturing response: https://atomsportv506.top/cdn-cgi/rum? 204 
2026-06-10 01:37:34,946 [INFO] Capturing response: https://atomsportv506.top/favicon.ico 200 
2026-06-10 01:37:34,951 [INFO] Capturing request: https://teletv5.top/load/yayinlink.php?id=bein-sports-1
2026-06-10 01:37:35,263 [INFO] Capturing response: https://teletv5.top/load/yayinlink.php?id=bein-sports-1 200 
2026-06-10 01:37:35,295 [INFO] Capturing request: https://streamsport365.com/cinema
2026-06-10 01:37:35,550 [INFO] Capturing response: https://streamsport365.com/cinema 200 
2026-06-10 01:37:35,681 [INFO] Capturing request: https://atomsportv506.top/assets/img/player_logo_6880e4e4c52ee.png
2026-06-10 01:37:35,735 [INFO] Capturing response: https://atomsportv506.top/assets/img/player_logo_6880e4e4c52ee.png 200 
2026-06-10 01:37:35,744 [INFO] Capturing request: https://hlssssssssssssssssss.yedeklinksa35.workers.dev/https://corestream.ronaldovurdu.help//aspor/tracks-v1a1/mono.m3u8
2026-06-10 01:37:35,944 [INFO] Capturing response: https://hlssssssssssssssssss.yedeklinksa35.workers.dev/https://corestream.ronaldovurdu.help//aspor/tracks-v1a1/mono.m3u8 200 
2026-06-10 01:37:36,177 [INFO] Capturing request: https://ts.yedeklinksa35.workers.dev/aspor/tracks-v1a1/2026/06/10/01/37/43-06000.avif
2026-06-10 01:37:36,642 [INFO] Capturing response: https://ts.yedeklinksa35.workers.dev/aspor/tracks-v1a1/2026/06/10/01/37/43-06000.avif 200 
2026-06-10 01:37:36,670 [INFO] Capturing request: https://android.clients.google.com/checkin
2026-06-10 01:37:36,769 [INFO] Capturing response: https://android.clients.google.com/checkin 200 
2026-06-10 01:37:36,818 [INFO] Capturing request: https://android.clients.google.com/c2dm/register3
2026-06-10 01:37:36,826 [INFO] Capturing request: https://android.clients.google.com/c2dm/register3
2026-06-10 01:37:36,830 [INFO] Capturing request: https://android.clients.google.com/c2dm/register3
2026-06-10 01:37:36,857 [INFO] Capturing response: https://android.clients.google.com/c2dm/register3 301 
2026-06-10 01:37:36,875 [INFO] Capturing response: https://android.clients.google.com/c2dm/register3 200 
2026-06-10 01:37:36,926 [INFO] Capturing request: https://ts.yedeklinksa35.workers.dev/aspor/tracks-v1a1/2026/06/10/01/37/49-06000.avif
2026-06-10 01:37:37,348 [INFO] Capturing response: https://ts.yedeklinksa35.workers.dev/aspor/tracks-v1a1/2026/06/10/01/37/49-06000.avif 200 
2026-06-10 01:37:37,606 [INFO] Capturing request: https://ts.yedeklinksa35.workers.dev/aspor/tracks-v1a1/2026/06/10/01/37/55-06000.avif
2026-06-10 01:37:37,706 [INFO] Capturing response: https://android.clients.google.com/c2dm/register3 200 
2026-06-10 01:37:37,866 [INFO]   ✅ M3U8 bulundu: https://hlssssssssssssssssss.yedeklinksa35.workers.dev/https://corestream.ronaldovurdu.help//aspor/tracks-v1a1/mono.m3u8
2026-06-10 01:37:38,036 [INFO] Capturing response: https://ts.yedeklinksa35.workers.dev/aspor/tracks-v1a1/2026/06/10/01/37/55-06000.avif 200 
2026-06-10 01:37:38,867 [INFO] 
[2/14]
2026-06-10 01:37:38,868 [INFO] 🔍 beIN Sports 2 → https://atomsportv506.top/matches?id=bein-sports-2
2026-06-10 01:37:38,981 [INFO] Capturing request: https://atomsportv506.top/matches?id=bein-sports-2
2026-06-10 01:37:39,014 [INFO] Capturing response: https://atomsportv506.top/matches?id=bein-sports-2 200 
2026-06-10 01:37:39,024 [INFO] Capturing request: https://atomsportv506.top/cdn-cgi/rum?
2026-06-10 01:37:39,070 [INFO] Capturing request: https://streamsport365.com/cinema
2026-06-10 01:37:39,075 [INFO] Capturing request: https://atomsportv506.top/cdn-cgi/rum?
2026-06-10 01:37:39,164 [INFO] Capturing request: https://teletv5.top/load/yayinlink.php?id=bein-sports-2
2026-06-10 01:37:39,176 [INFO] Capturing request: https://atomsportv506.top/favicon.ico
2026-06-10 01:37:39,177 [INFO] Capturing response: https://atomsportv506.top/cdn-cgi/rum? 204 
2026-06-10 01:37:39,212 [INFO] Capturing response: https://atomsportv506.top/favicon.ico 200 
2026-06-10 01:37:39,223 [INFO] Capturing response: https://atomsportv506.top/cdn-cgi/rum? 204 
2026-06-10 01:37:39,317 [INFO] Capturing response: https://streamsport365.com/cinema 200 
2026-06-10 01:37:39,318 [INFO] Capturing response: https://teletv5.top/load/yayinlink.php?id=bein-sports-2 200 
2026-06-10 01:37:39,441 [INFO] Capturing request: https://hlssssssssssssssssss.yedeklinksa35.workers.dev/https://corestream.ronaldovurdu.help//bein2/tracks-v1a1/mono.m3u8
2026-06-10 01:37:39,576 [INFO] Capturing response: https://hlssssssssssssssssss.yedeklinksa35.workers.dev/https://corestream.ronaldovurdu.help//bein2/tracks-v1a1/mono.m3u8 200 
2026-06-10 01:37:39,686 [INFO] Capturing request: https://ts.yedeklinksa35.workers.dev/bein2/tracks-v1a1/2026/06/10/01/36/56-10000.avif
2026-06-10 01:37:39,998 [INFO] Capturing response: https://ts.yedeklinksa35.workers.dev/bein2/tracks-v1a1/2026/06/10/01/36/56-10000.avif 200 
2026-06-10 01:37:40,177 [INFO] Capturing request: https://ts.yedeklinksa35.workers.dev/bein2/tracks-v1a1/2026/06/10/01/37/06-10000.avif
2026-06-10 01:37:40,430 [INFO] Capturing response: https://ts.yedeklinksa35.workers.dev/bein2/tracks-v1a1/2026/06/10/01/37/06-10000.avif 200 
2026-06-10 01:37:40,626 [INFO] Capturing request: https://ts.yedeklinksa35.workers.dev/bein2/tracks-v1a1/2026/06/10/01/37/16-10000.avif
2026-06-10 01:37:40,872 [INFO] Capturing response: https://ts.yedeklinksa35.workers.dev/bein2/tracks-v1a1/2026/06/10/01/37/16-10000.avif 200 
2026-06-10 01:37:41,064 [INFO] Capturing request: https://ts.yedeklinksa35.workers.dev/bein2/tracks-v1a1/2026/06/10/01/37/26-14480.avif
2026-06-10 01:37:41,365 [INFO] Capturing response: https://ts.yedeklinksa35.workers.dev/bein2/tracks-v1a1/2026/06/10/01/37/26-14480.avif 200 
2026-06-10 01:37:42,086 [INFO]   ✅ M3U8 bulundu: https://hlssssssssssssssssss.yedeklinksa35.workers.dev/https://corestream.ronaldovurdu.help//bein2/tracks-v1a1/mono.m3u8
2026-06-10 01:37:43,087 [INFO] 
[3/14]
2026-06-10 01:37:43,087 [INFO] 🔍 beIN Sports 3 → https://atomsportv506.top/matches?id=bein-sports-3
2026-06-10 01:37:43,198 [INFO] Capturing request: https://atomsportv506.top/matches?id=bein-sports-3
2026-06-10 01:37:43,199 [INFO] Capturing request: https://atomsportv506.top/assets/js/clappr.js
2026-06-10 01:37:43,255 [INFO] Capturing response: https://atomsportv506.top/matches?id=bein-sports-3 200 
2026-06-10 01:37:43,260 [INFO] Capturing response: https://atomsportv506.top/assets/js/clappr.js 200 
2026-06-10 01:37:43,266 [INFO] Capturing request: https://atomsportv506.top/cdn-cgi/rum?
2026-06-10 01:37:43,291 [INFO] Capturing request: https://atomsportv506.top/cdn-cgi/rum?
2026-06-10 01:37:43,386 [INFO] Capturing request: https://teletv5.top/load/yayinlink.php?id=bein-sports-3
2026-06-10 01:37:43,390 [INFO] Capturing request: https://atomsportv506.top/favicon.ico
2026-06-10 01:37:43,397 [INFO] Capturing response: https://atomsportv506.top/cdn-cgi/rum? 204 
2026-06-10 01:37:43,399 [INFO] Capturing response: https://atomsportv506.top/cdn-cgi/rum? 204 
2026-06-10 01:37:43,423 [INFO] Capturing response: https://atomsportv506.top/favicon.ico 200 
2026-06-10 01:37:43,485 [INFO] Capturing request: https://streamsport365.com/cinema
2026-06-10 01:37:43,544 [INFO] Capturing response: https://teletv5.top/load/yayinlink.php?id=bein-sports-3 200 
2026-06-10 01:37:43,734 [INFO] Capturing response: https://streamsport365.com/cinema 200 
2026-06-10 01:38:00,966 [INFO] Capturing request: https://android.clients.google.com/c2dm/register3
2026-06-10 01:38:01,003 [INFO] Capturing response: https://android.clients.google.com/c2dm/register3 301 
2026-06-10 01:38:06,546 [INFO] Capturing request: https://android.clients.google.com/c2dm/register3
2026-06-10 01:38:06,875 [INFO] Capturing response: https://android.clients.google.com/c2dm/register3 200 
2026-06-10 01:38:16,593 [WARNING]   ❌ beIN Sports 3 için M3U8 bulunamadı
2026-06-10 01:38:17,593 [INFO] 
[4/14]
2026-06-10 01:38:17,593 [INFO] 🔍 beIN Sports 4 → https://atomsportv506.top/matches?id=bein-sports-4
2026-06-10 01:38:17,703 [INFO] Capturing request: https://atomsportv506.top/matches?id=bein-sports-4
2026-06-10 01:38:17,704 [INFO] Capturing request: https://atomsportv506.top/assets/js/clappr.js
2026-06-10 01:38:17,771 [INFO] Capturing response: https://atomsportv506.top/assets/js/clappr.js 200 
2026-06-10 01:38:18,257 [INFO] Capturing response: https://atomsportv506.top/matches?id=bein-sports-4 200 
2026-06-10 01:38:18,267 [INFO] Capturing request: https://atomsportv506.top/cdn-cgi/rum?
2026-06-10 01:38:18,298 [INFO] Capturing request: https://atomsportv506.top/cdn-cgi/rum?
2026-06-10 01:38:18,392 [INFO] Capturing request: https://teletv5.top/load/yayinlink.php?id=bein-sports-4
2026-06-10 01:38:18,399 [INFO] Capturing request: https://atomsportv506.top/favicon.ico
2026-06-10 01:38:18,405 [INFO] Capturing response: https://atomsportv506.top/cdn-cgi/rum? 204 
2026-06-10 01:38:18,406 [INFO] Capturing response: https://atomsportv506.top/cdn-cgi/rum? 204 
2026-06-10 01:38:18,434 [INFO] Capturing response: https://atomsportv506.top/favicon.ico 200 
2026-06-10 01:38:18,493 [INFO] Capturing request: https://streamsport365.com/cinema
2026-06-10 01:38:18,565 [INFO] Capturing response: https://teletv5.top/load/yayinlink.php?id=bein-sports-4 200 
2026-06-10 01:38:18,742 [INFO] Capturing response: https://streamsport365.com/cinema 200 
2026-06-10 01:38:33,875 [INFO] Capturing request: https://update.googleapis.com/service/update2/json?cup2key=16:Jni_cw_es8Tuw7ip7jbG7IzamdvZCX_JUpwSO32fa2o&cup2hreq=21b69eeca30187c3332c07d6559a69f4353c64345abb3fa313aacab64853cb1f
2026-06-10 01:38:33,901 [INFO] Capturing response: https://update.googleapis.com/service/update2/json?cup2key=16:Jni_cw_es8Tuw7ip7jbG7IzamdvZCX_JUpwSO32fa2o&cup2hreq=21b69eeca30187c3332c07d6559a69f4353c64345abb3fa313aacab64853cb1f 200 
2026-06-10 01:38:33,917 [INFO] Capturing request: http://edgedl.me.gvt1.com/edgedl/diffgen-puffin/gcmjkmgdlgnkkcocmoeiminaijmmjnii/71d926df14cb4c89c6f8f88e6c0bfcf6fe1e1a256ca7f8db04002a111af4c5b0
2026-06-10 01:38:33,929 [INFO] Capturing response: http://edgedl.me.gvt1.com/edgedl/diffgen-puffin/gcmjkmgdlgnkkcocmoeiminaijmmjnii/71d926df14cb4c89c6f8f88e6c0bfcf6fe1e1a256ca7f8db04002a111af4c5b0 200 OK
2026-06-10 01:38:33,957 [INFO] Capturing request: https://update.googleapis.com/service/update2/json
2026-06-10 01:38:33,980 [INFO] Capturing response: https://update.googleapis.com/service/update2/json 200 
2026-06-10 01:38:34,024 [INFO] Capturing request: http://edgedl.me.gvt1.com/edgedl/release2/chrome_component/adyepqztqyu4i22oylv5yt5ehcva_10577/hfnkpimlhhgieaddgfemjhofmfblmnib_10577_all_frqa6tsvinhel7lhhci6xqfvum.crx3
2026-06-10 01:38:34,042 [INFO] Capturing response: http://edgedl.me.gvt1.com/edgedl/release2/chrome_component/adyepqztqyu4i22oylv5yt5ehcva_10577/hfnkpimlhhgieaddgfemjhofmfblmnib_10577_all_frqa6tsvinhel7lhhci6xqfvum.crx3 200 OK
2026-06-10 01:38:34,078 [INFO] Capturing request: https://update.googleapis.com/service/update2/json
2026-06-10 01:38:34,099 [INFO] Capturing response: https://update.googleapis.com/service/update2/json 200 
2026-06-10 01:38:45,019 [INFO] Capturing request: https://android.clients.google.com/c2dm/register3
2026-06-10 01:38:45,089 [INFO] Capturing response: https://android.clients.google.com/c2dm/register3 301 
2026-06-10 01:38:51,581 [WARNING]   ❌ beIN Sports 4 için M3U8 bulunamadı
2026-06-10 01:38:52,581 [INFO] 
[5/14]
2026-06-10 01:38:52,582 [INFO] 🔍 beIN Sports 5 → https://atomsportv506.top/matches?id=bein-sports-5
2026-06-10 01:38:52,736 [INFO] Capturing request: https://atomsportv506.top/matches?id=bein-sports-5
2026-06-10 01:38:52,743 [INFO] Capturing request: https://atomsportv506.top/assets/js/clappr.js
2026-06-10 01:38:52,765 [INFO] Capturing response: https://atomsportv506.top/assets/js/clappr.js 200 
2026-06-10 01:38:53,242 [INFO] Capturing response: https://atomsportv506.top/matches?id=bein-sports-5 200 
2026-06-10 01:38:53,252 [INFO] Capturing request: https://atomsportv506.top/cdn-cgi/rum?
2026-06-10 01:38:53,280 [INFO] Capturing request: https://atomsportv506.top/cdn-cgi/rum?
2026-06-10 01:38:53,386 [INFO] Capturing request: https://atomsportv506.top/favicon.ico
2026-06-10 01:38:53,392 [INFO] Capturing response: https://atomsportv506.top/cdn-cgi/rum? 204 
2026-06-10 01:38:53,394 [INFO] Capturing response: https://atomsportv506.top/cdn-cgi/rum? 204 
2026-06-10 01:38:53,422 [INFO] Capturing request: https://teletv5.top/load/yayinlink.php?id=bein-sports-5
2026-06-10 01:38:53,428 [INFO] Capturing response: https://atomsportv506.top/favicon.ico 200 
2026-06-10 01:38:53,579 [INFO] Capturing response: https://teletv5.top/load/yayinlink.php?id=bein-sports-5 200 
2026-06-10 01:38:53,816 [INFO] Capturing request: https://streamsport365.com/cinema
2026-06-10 01:38:54,065 [INFO] Capturing response: https://streamsport365.com/cinema 200 
2026-06-10 01:39:26,545 [WARNING]   ❌ beIN Sports 5 için M3U8 bulunamadı
2026-06-10 01:39:27,545 [INFO] 
[6/14]
2026-06-10 01:39:27,546 [INFO] 🔍 beIN Sports Max 1 → https://atomsportv506.top/matches?id=bein-sports-max-1
2026-06-10 01:39:27,653 [INFO] Capturing request: https://atomsportv506.top/assets/js/clappr.js
2026-06-10 01:39:27,655 [INFO] Capturing request: https://atomsportv506.top/matches?id=bein-sports-max-1
2026-06-10 01:39:27,674 [INFO] Capturing response: https://atomsportv506.top/assets/js/clappr.js 200 
2026-06-10 01:39:27,940 [INFO] Capturing response: https://atomsportv506.top/matches?id=bein-sports-max-1 200 
2026-06-10 01:39:27,948 [INFO] Capturing request: https://atomsportv506.top/cdn-cgi/rum?
2026-06-10 01:39:27,980 [INFO] Capturing request: https://atomsportv506.top/cdn-cgi/rum?
2026-06-10 01:39:28,057 [INFO] Capturing response: https://atomsportv506.top/cdn-cgi/rum? 204 
2026-06-10 01:39:28,081 [INFO] Capturing request: https://teletv5.top/load/yayinlink.php?id=bein-sports-max-1
2026-06-10 01:39:28,082 [INFO] Capturing request: https://atomsportv506.top/favicon.ico
2026-06-10 01:39:28,126 [INFO] Capturing response: https://atomsportv506.top/favicon.ico 200 
2026-06-10 01:39:28,129 [INFO] Capturing response: https://atomsportv506.top/cdn-cgi/rum? 204 
2026-06-10 01:39:28,176 [INFO] Capturing request: https://streamsport365.com/cinema
2026-06-10 01:39:28,239 [INFO] Capturing response: https://teletv5.top/load/yayinlink.php?id=bein-sports-max-1 200 
2026-06-10 01:39:28,419 [INFO] Capturing response: https://streamsport365.com/cinema 200 
2026-06-10 01:40:01,246 [WARNING]   ❌ beIN Sports Max 1 için M3U8 bulunamadı
2026-06-10 01:40:02,246 [INFO] 
[7/14]
2026-06-10 01:40:02,246 [INFO] 🔍 beIN Sports Max 2 → https://atomsportv506.top/matches?id=bein-sports-max-2
2026-06-10 01:40:02,354 [INFO] Capturing request: https://atomsportv506.top/assets/js/clappr.js
2026-06-10 01:40:02,356 [INFO] Capturing request: https://atomsportv506.top/matches?id=bein-sports-max-2
2026-06-10 01:40:02,392 [INFO] Capturing response: https://atomsportv506.top/assets/js/clappr.js 200 
2026-06-10 01:40:02,641 [INFO] Capturing response: https://atomsportv506.top/matches?id=bein-sports-max-2 200 
2026-06-10 01:40:02,650 [INFO] Capturing request: https://atomsportv506.top/cdn-cgi/rum?
2026-06-10 01:40:02,679 [INFO] Capturing request: https://atomsportv506.top/cdn-cgi/rum?
2026-06-10 01:40:02,759 [INFO] Capturing response: https://atomsportv506.top/cdn-cgi/rum? 204 
2026-06-10 01:40:02,775 [INFO] Capturing request: https://teletv5.top/load/yayinlink.php?id=bein-sports-max-2
2026-06-10 01:40:02,782 [INFO] Capturing request: https://atomsportv506.top/favicon.ico
2026-06-10 01:40:02,829 [INFO] Capturing response: https://atomsportv506.top/cdn-cgi/rum? 204 
2026-06-10 01:40:02,832 [INFO] Capturing response: https://atomsportv506.top/favicon.ico 200 
2026-06-10 01:40:02,875 [INFO] Capturing request: https://streamsport365.com/cinema
2026-06-10 01:40:02,934 [INFO] Capturing response: https://teletv5.top/load/yayinlink.php?id=bein-sports-max-2 200 
2026-06-10 01:40:03,118 [INFO] Capturing response: https://streamsport365.com/cinema 200 
2026-06-10 01:40:12,773 [INFO] Capturing request: https://android.clients.google.com/c2dm/register3
2026-06-10 01:40:12,839 [INFO] Capturing response: https://android.clients.google.com/c2dm/register3 301 
2026-06-10 01:40:35,954 [WARNING]   ❌ beIN Sports Max 2 için M3U8 bulunamadı
2026-06-10 01:40:36,954 [INFO] 
[8/14]
2026-06-10 01:40:36,954 [INFO] 🔍 S Sport → https://atomsportv506.top/matches?id=s-sport
2026-06-10 01:40:37,062 [INFO] Capturing request: https://atomsportv506.top/assets/js/clappr.js
2026-06-10 01:40:37,066 [INFO] Capturing request: https://atomsportv506.top/matches?id=s-sport
2026-06-10 01:40:37,090 [INFO] Capturing response: https://atomsportv506.top/assets/js/clappr.js 200 
2026-06-10 01:40:37,315 [INFO] Capturing response: https://atomsportv506.top/matches?id=s-sport 200 
2026-06-10 01:40:37,326 [INFO] Capturing request: https://atomsportv506.top/cdn-cgi/rum?
2026-06-10 01:40:37,352 [INFO] Capturing request: https://atomsportv506.top/cdn-cgi/rum?
2026-06-10 01:40:37,445 [INFO] Capturing request: https://teletv5.top/load/yayinlink.php?id=s-sport
2026-06-10 01:40:37,452 [INFO] Capturing request: https://atomsportv506.top/favicon.ico
2026-06-10 01:40:37,459 [INFO] Capturing response: https://atomsportv506.top/cdn-cgi/rum? 204 
2026-06-10 01:40:37,461 [INFO] Capturing response: https://atomsportv506.top/cdn-cgi/rum? 204 
2026-06-10 01:40:37,501 [INFO] Capturing response: https://atomsportv506.top/favicon.ico 200 
2026-06-10 01:40:37,543 [INFO] Capturing request: https://streamsport365.com/cinema
2026-06-10 01:40:37,601 [INFO] Capturing response: https://teletv5.top/load/yayinlink.php?id=s-sport 200 
2026-06-10 01:40:37,785 [INFO] Capturing response: https://streamsport365.com/cinema 200 
2026-06-10 01:40:37,944 [INFO] Capturing request: https://hlssssssssssssssssss.yedeklinksa35.workers.dev/https://corestream.ronaldovurdu.help//s-sportt/tracks-v1a1/mono.m3u8
2026-06-10 01:40:38,228 [INFO] Capturing response: https://hlssssssssssssssssss.yedeklinksa35.workers.dev/https://corestream.ronaldovurdu.help//s-sportt/tracks-v1a1/mono.m3u8 200 
2026-06-10 01:40:38,408 [INFO] Capturing request: https://ts.yedeklinksa35.workers.dev/s-sportt/tracks-v1a1/2026/06/10/01/40/18-05580.avif
2026-06-10 01:40:38,763 [INFO] Capturing response: https://ts.yedeklinksa35.workers.dev/s-sportt/tracks-v1a1/2026/06/10/01/40/18-05580.avif 200 
2026-06-10 01:40:39,008 [INFO] Capturing request: https://ts.yedeklinksa35.workers.dev/s-sportt/tracks-v1a1/2026/06/10/01/40/24-05000.avif
2026-06-10 01:40:39,335 [INFO] Capturing response: https://ts.yedeklinksa35.workers.dev/s-sportt/tracks-v1a1/2026/06/10/01/40/24-05000.avif 200 
2026-06-10 01:40:39,545 [INFO] Capturing request: https://ts.yedeklinksa35.workers.dev/s-sportt/tracks-v1a1/2026/06/10/01/40/29-05100.avif
2026-06-10 01:40:39,849 [INFO] Capturing response: https://ts.yedeklinksa35.workers.dev/s-sportt/tracks-v1a1/2026/06/10/01/40/29-05100.avif 200 
2026-06-10 01:40:40,068 [INFO] Capturing request: https://ts.yedeklinksa35.workers.dev/s-sportt/tracks-v1a1/2026/06/10/01/40/34-07240.avif
2026-06-10 01:40:40,401 [INFO]   ✅ M3U8 bulundu: https://hlssssssssssssssssss.yedeklinksa35.workers.dev/https://corestream.ronaldovurdu.help//s-sportt/tracks-v1a1/mono.m3u8
2026-06-10 01:40:40,527 [INFO] Capturing response: https://ts.yedeklinksa35.workers.dev/s-sportt/tracks-v1a1/2026/06/10/01/40/34-07240.avif 200 
2026-06-10 01:40:41,402 [INFO] 
[9/14]
2026-06-10 01:40:41,402 [INFO] 🔍 S Sport 2 → https://atomsportv506.top/matches?id=s-sport-2
2026-06-10 01:40:41,517 [INFO] Capturing request: https://atomsportv506.top/assets/js/clappr.js
2026-06-10 01:40:41,517 [INFO] Capturing request: https://atomsportv506.top/matches?id=s-sport-2
2026-06-10 01:40:41,536 [INFO] Capturing response: https://atomsportv506.top/assets/js/clappr.js 200 
2026-06-10 01:40:41,567 [INFO] Capturing response: https://atomsportv506.top/matches?id=s-sport-2 200 
2026-06-10 01:40:41,577 [INFO] Capturing request: https://atomsportv506.top/cdn-cgi/rum?
2026-06-10 01:40:41,615 [INFO] Capturing request: https://streamsport365.com/cinema
2026-06-10 01:40:41,622 [INFO] Capturing request: https://atomsportv506.top/cdn-cgi/rum?
2026-06-10 01:40:41,714 [INFO] Capturing request: https://teletv5.top/load/yayinlink.php?id=s-sport-2
2026-06-10 01:40:41,725 [INFO] Capturing request: https://atomsportv506.top/favicon.ico
2026-06-10 01:40:41,727 [INFO] Capturing response: https://atomsportv506.top/cdn-cgi/rum? 204 
2026-06-10 01:40:41,767 [INFO] Capturing response: https://atomsportv506.top/favicon.ico 200 
2026-06-10 01:40:41,774 [INFO] Capturing response: https://atomsportv506.top/cdn-cgi/rum? 204 
2026-06-10 01:40:41,872 [INFO] Capturing response: https://streamsport365.com/cinema 200 
2026-06-10 01:40:41,874 [INFO] Capturing response: https://teletv5.top/load/yayinlink.php?id=s-sport-2 200 
2026-06-10 01:40:42,033 [INFO] Capturing request: https://hlssssssssssssssssss.yedeklinksa35.workers.dev/https://corestream.ronaldovurdu.help//s-sport2/tracks-v1a1/mono.m3u8
2026-06-10 01:40:42,182 [INFO] Capturing response: https://hlssssssssssssssssss.yedeklinksa35.workers.dev/https://corestream.ronaldovurdu.help//s-sport2/tracks-v1a1/mono.m3u8 200 
2026-06-10 01:40:42,292 [INFO] Capturing request: https://ts.yedeklinksa35.workers.dev/s-sport2/tracks-v1a1/2026/06/10/01/40/50-06000.avif
2026-06-10 01:40:42,586 [INFO] Capturing response: https://ts.yedeklinksa35.workers.dev/s-sport2/tracks-v1a1/2026/06/10/01/40/50-06000.avif 200 
2026-06-10 01:40:44,638 [INFO]   ✅ M3U8 bulundu: https://hlssssssssssssssssss.yedeklinksa35.workers.dev/https://corestream.ronaldovurdu.help//s-sport2/tracks-v1a1/mono.m3u8
2026-06-10 01:40:45,638 [INFO] 
[10/14]
2026-06-10 01:40:45,639 [INFO] 🔍 A Spor → https://atomsportv506.top/matches?id=a-spor
2026-06-10 01:40:45,746 [INFO] Capturing request: https://atomsportv506.top/assets/js/clappr.js
2026-06-10 01:40:45,750 [INFO] Capturing request: https://atomsportv506.top/matches?id=a-spor
2026-06-10 01:40:45,767 [INFO] Capturing response: https://atomsportv506.top/assets/js/clappr.js 200 
2026-06-10 01:40:45,810 [INFO] Capturing response: https://atomsportv506.top/matches?id=a-spor 200 
2026-06-10 01:40:45,819 [INFO] Capturing request: https://atomsportv506.top/cdn-cgi/rum?
2026-06-10 01:40:45,852 [INFO] Capturing request: https://atomsportv506.top/cdn-cgi/rum?
2026-06-10 01:40:45,932 [INFO] Capturing response: https://atomsportv506.top/cdn-cgi/rum? 204 
2026-06-10 01:40:45,945 [INFO] Capturing request: https://teletv5.top/load/yayinlink.php?id=a-spor
2026-06-10 01:40:45,950 [INFO] Capturing request: https://atomsportv506.top/favicon.ico
2026-06-10 01:40:45,983 [INFO] Capturing response: https://atomsportv506.top/favicon.ico 200 
2026-06-10 01:40:46,001 [INFO] Capturing response: https://atomsportv506.top/cdn-cgi/rum? 204 
2026-06-10 01:40:46,042 [INFO] Capturing request: https://streamsport365.com/cinema
2026-06-10 01:40:46,096 [INFO] Capturing response: https://teletv5.top/load/yayinlink.php?id=a-spor 200 
2026-06-10 01:40:46,292 [INFO] Capturing response: https://streamsport365.com/cinema 200 
2026-06-10 01:40:46,410 [INFO] Capturing request: https://hlssssssssssssssssss.yedeklinksa35.workers.dev/https://corestream.ronaldovurdu.help//aspor/tracks-v1a1/mono.m3u8
2026-06-10 01:40:46,562 [INFO] Capturing response: https://hlssssssssssssssssss.yedeklinksa35.workers.dev/https://corestream.ronaldovurdu.help//aspor/tracks-v1a1/mono.m3u8 200 
2026-06-10 01:40:46,671 [INFO] Capturing request: https://ts.yedeklinksa35.workers.dev/aspor/tracks-v1a1/2026/06/10/01/40/49-06000.avif
2026-06-10 01:40:47,074 [INFO] Capturing response: https://ts.yedeklinksa35.workers.dev/aspor/tracks-v1a1/2026/06/10/01/40/49-06000.avif 200 
2026-06-10 01:40:47,325 [INFO] Capturing request: https://ts.yedeklinksa35.workers.dev/aspor/tracks-v1a1/2026/06/10/01/40/55-06000.avif
2026-06-10 01:40:47,931 [INFO] Capturing response: https://ts.yedeklinksa35.workers.dev/aspor/tracks-v1a1/2026/06/10/01/40/55-06000.avif 200 
2026-06-10 01:40:48,182 [INFO] Capturing request: https://ts.yedeklinksa35.workers.dev/aspor/tracks-v1a1/2026/06/10/01/41/01-06000.avif
2026-06-10 01:40:48,596 [INFO] Capturing response: https://ts.yedeklinksa35.workers.dev/aspor/tracks-v1a1/2026/06/10/01/41/01-06000.avif 200 
2026-06-10 01:40:48,882 [INFO]   ✅ M3U8 bulundu: https://hlssssssssssssssssss.yedeklinksa35.workers.dev/https://corestream.ronaldovurdu.help//aspor/tracks-v1a1/mono.m3u8
2026-06-10 01:40:49,883 [INFO] 
[11/14]
2026-06-10 01:40:49,883 [INFO] 🔍 Tivibu Spor 1 → https://atomsportv506.top/matches?id=tivibu-spor-1
2026-06-10 01:40:49,995 [INFO] Capturing request: https://atomsportv506.top/matches?id=tivibu-spor-1
2026-06-10 01:40:49,996 [INFO] Capturing request: https://atomsportv506.top/assets/js/clappr.js
2026-06-10 01:40:50,035 [INFO] Capturing response: https://atomsportv506.top/matches?id=tivibu-spor-1 200 
2026-06-10 01:40:50,044 [INFO] Capturing request: https://atomsportv506.top/cdn-cgi/rum?
2026-06-10 01:40:50,049 [INFO] Capturing response: https://atomsportv506.top/assets/js/clappr.js 200 
2026-06-10 01:40:50,066 [INFO] Capturing request: https://streamsport365.com/cinema
2026-06-10 01:40:50,076 [INFO] Capturing request: https://atomsportv506.top/cdn-cgi/rum?
2026-06-10 01:40:50,153 [INFO] Capturing response: https://atomsportv506.top/cdn-cgi/rum? 204 
2026-06-10 01:40:50,175 [INFO] Capturing request: https://atomsportv506.top/favicon.ico
2026-06-10 01:40:50,176 [INFO] Capturing request: https://teletv5.top/load/yayinlink.php?id=tivibu-spor-1
2026-06-10 01:40:50,215 [INFO] Capturing response: https://atomsportv506.top/favicon.ico 200 
2026-06-10 01:40:50,224 [INFO] Capturing response: https://atomsportv506.top/cdn-cgi/rum? 204 
2026-06-10 01:40:50,313 [INFO] Capturing response: https://streamsport365.com/cinema 200 
2026-06-10 01:40:50,331 [INFO] Capturing response: https://teletv5.top/load/yayinlink.php?id=tivibu-spor-1 200 
2026-06-10 01:41:23,351 [WARNING]   ❌ Tivibu Spor 1 için M3U8 bulunamadı
2026-06-10 01:41:24,351 [INFO] 
[12/14]
2026-06-10 01:41:24,351 [INFO] 🔍 Tivibu Spor 2 → https://atomsportv506.top/matches?id=tivibu-spor-2
2026-06-10 01:41:24,459 [INFO] Capturing request: https://atomsportv506.top/assets/js/clappr.js
2026-06-10 01:41:24,461 [INFO] Capturing request: https://atomsportv506.top/matches?id=tivibu-spor-2
2026-06-10 01:41:24,480 [INFO] Capturing response: https://atomsportv506.top/assets/js/clappr.js 200 
2026-06-10 01:41:24,725 [INFO] Capturing response: https://atomsportv506.top/matches?id=tivibu-spor-2 200 
2026-06-10 01:41:24,735 [INFO] Capturing request: https://atomsportv506.top/cdn-cgi/rum?
2026-06-10 01:41:24,779 [INFO] Capturing request: https://atomsportv506.top/cdn-cgi/rum?
2026-06-10 01:41:24,843 [INFO] Capturing response: https://atomsportv506.top/cdn-cgi/rum? 204 
2026-06-10 01:41:24,878 [INFO] Capturing request: https://teletv5.top/load/yayinlink.php?id=tivibu-spor-2
2026-06-10 01:41:24,883 [INFO] Capturing request: https://atomsportv506.top/favicon.ico
2026-06-10 01:41:24,918 [INFO] Capturing response: https://atomsportv506.top/favicon.ico 200 
2026-06-10 01:41:24,929 [INFO] Capturing response: https://atomsportv506.top/cdn-cgi/rum? 204 
2026-06-10 01:41:24,973 [INFO] Capturing request: https://streamsport365.com/cinema
2026-06-10 01:41:25,035 [INFO] Capturing response: https://teletv5.top/load/yayinlink.php?id=tivibu-spor-2 200 
2026-06-10 01:41:25,224 [INFO] Capturing response: https://streamsport365.com/cinema 200 
2026-06-10 01:41:58,048 [WARNING]   ❌ Tivibu Spor 2 için M3U8 bulunamadı
2026-06-10 01:41:59,048 [INFO] 
[13/14]
2026-06-10 01:41:59,048 [INFO] 🔍 Tivibu Spor 3 → https://atomsportv506.top/matches?id=tivibu-spor-3
2026-06-10 01:41:59,156 [INFO] Capturing request: https://atomsportv506.top/assets/js/clappr.js
2026-06-10 01:41:59,159 [INFO] Capturing request: https://atomsportv506.top/matches?id=tivibu-spor-3
2026-06-10 01:41:59,175 [INFO] Capturing response: https://atomsportv506.top/assets/js/clappr.js 200 
2026-06-10 01:41:59,412 [INFO] Capturing response: https://atomsportv506.top/matches?id=tivibu-spor-3 200 
2026-06-10 01:41:59,421 [INFO] Capturing request: https://atomsportv506.top/cdn-cgi/rum?
2026-06-10 01:41:59,453 [INFO] Capturing request: https://atomsportv506.top/cdn-cgi/rum?
2026-06-10 01:41:59,530 [INFO] Capturing response: https://atomsportv506.top/cdn-cgi/rum? 204 
2026-06-10 01:41:59,548 [INFO] Capturing request: https://teletv5.top/load/yayinlink.php?id=tivibu-spor-3
2026-06-10 01:41:59,554 [INFO] Capturing request: https://atomsportv506.top/favicon.ico
2026-06-10 01:41:59,592 [INFO] Capturing response: https://atomsportv506.top/favicon.ico 200 
2026-06-10 01:41:59,604 [INFO] Capturing response: https://atomsportv506.top/cdn-cgi/rum? 204 
2026-06-10 01:41:59,646 [INFO] Capturing request: https://streamsport365.com/cinema
2026-06-10 01:41:59,707 [INFO] Capturing response: https://teletv5.top/load/yayinlink.php?id=tivibu-spor-3 200 
2026-06-10 01:41:59,888 [INFO] Capturing response: https://streamsport365.com/cinema 200 
2026-06-10 01:42:32,720 [WARNING]   ❌ Tivibu Spor 3 için M3U8 bulunamadı
2026-06-10 01:42:33,720 [INFO] 
[14/14]
2026-06-10 01:42:33,720 [INFO] 🔍 Tivibu Spor 4 → https://atomsportv506.top/matches?id=tivibu-spor-4
2026-06-10 01:42:33,828 [INFO] Capturing request: https://atomsportv506.top/assets/js/clappr.js
2026-06-10 01:42:33,829 [INFO] Capturing request: https://atomsportv506.top/matches?id=tivibu-spor-4
2026-06-10 01:42:33,855 [INFO] Capturing response: https://atomsportv506.top/assets/js/clappr.js 200 
2026-06-10 01:42:34,138 [INFO] Capturing response: https://atomsportv506.top/matches?id=tivibu-spor-4 200 
2026-06-10 01:42:34,150 [INFO] Capturing request: https://atomsportv506.top/cdn-cgi/rum?
2026-06-10 01:42:34,178 [INFO] Capturing request: https://atomsportv506.top/cdn-cgi/rum?
2026-06-10 01:42:34,258 [INFO] Capturing response: https://atomsportv506.top/cdn-cgi/rum? 204 
2026-06-10 01:42:34,273 [INFO] Capturing request: https://teletv5.top/load/yayinlink.php?id=tivibu-spor-4
2026-06-10 01:42:34,278 [INFO] Capturing request: https://atomsportv506.top/favicon.ico
2026-06-10 01:42:34,314 [INFO] Capturing response: https://atomsportv506.top/favicon.ico 200 
2026-06-10 01:42:34,327 [INFO] Capturing response: https://atomsportv506.top/cdn-cgi/rum? 204 
2026-06-10 01:42:34,369 [INFO] Capturing request: https://streamsport365.com/cinema
2026-06-10 01:42:34,433 [INFO] Capturing response: https://teletv5.top/load/yayinlink.php?id=tivibu-spor-4 200 
2026-06-10 01:42:34,618 [INFO] Capturing response: https://streamsport365.com/cinema 200 
2026-06-10 01:43:07,445 [WARNING]   ❌ Tivibu Spor 4 için M3U8 bulunamadı
2026-06-10 01:43:08,512 [INFO] ✅ 5 kanal bulundu, playlist.m3u kaydedildi
