2026-07-23 04:53:51,095 [INFO] 🌐 BASE_URL: https://www.atomsportv510.top
2026-07-23 04:53:52,053 [INFO] Başlanıyor... 14 kanal taranacak
2026-07-23 04:53:52,053 [INFO] Using default request storage
2026-07-23 04:53:52,058 [INFO] Created proxy listening on 127.0.0.1:46697
2026-07-23 04:53:52,747 [INFO] Capturing request: http://clients2.google.com/time/1/current?cup2key=10:xSlLseUNzN6y_GIL0gbfjLZtTegtEXL19VcNNNKX0UQ&cup2hreq=e3b0c44298fc1c149afbf4c8996fb92427ae41e4649b934ca495991b7852b855
2026-07-23 04:53:52,783 [INFO] Capturing response: http://clients2.google.com/time/1/current?cup2key=10:xSlLseUNzN6y_GIL0gbfjLZtTegtEXL19VcNNNKX0UQ&cup2hreq=e3b0c44298fc1c149afbf4c8996fb92427ae41e4649b934ca495991b7852b855 200 OK
2026-07-23 04:53:52,985 [INFO] 
[1/14]
2026-07-23 04:53:52,987 [INFO] 🔍 beIN Sports 1 → https://www.atomsportv510.top/matches?id=bein-sports-1
2026-07-23 04:53:53,073 [INFO] Capturing request: https://accounts.google.com/ListAccounts?gpsia=1&source=ChromiumBrowser&json=standard&laf=b64bin
2026-07-23 04:53:53,080 [INFO] Capturing request: https://update.googleapis.com/service/update2/json?cup2key=16:JYThnvbHX4XdAxuY-z31Kvst-Qf0g6SOJJpzahLSEWg&cup2hreq=7d3f81bb4b5bcafeb96c133155003659d2c719b4f15fb06540f8dc927ac7a609
2026-07-23 04:53:53,132 [INFO] Capturing response: https://accounts.google.com/ListAccounts?gpsia=1&source=ChromiumBrowser&json=standard&laf=b64bin 200 
2026-07-23 04:53:53,171 [INFO] Capturing request: https://www.google.com/async/folae?async=_fmt:pb&udm=50&client_locale=en-US&client_country=ZZ
2026-07-23 04:53:53,200 [INFO] Capturing request: https://www.atomsportv510.top/matches?id=bein-sports-1
2026-07-23 04:53:53,211 [INFO] Capturing response: https://update.googleapis.com/service/update2/json?cup2key=16:JYThnvbHX4XdAxuY-z31Kvst-Qf0g6SOJJpzahLSEWg&cup2hreq=7d3f81bb4b5bcafeb96c133155003659d2c719b4f15fb06540f8dc927ac7a609 200 
2026-07-23 04:53:53,260 [INFO] Capturing request: https://update.googleapis.com/service/update2/json?cup2key=16:54R-EaLoGNG9K0WVzZaLnRXeH08qePWAHZk6KBgEgJM&cup2hreq=eaee0aabe89834e0f96e873717299e4c6095b25a72853aa3b8da58f87a71ff5e
2026-07-23 04:53:53,266 [INFO] Capturing response: https://www.google.com/async/folae?async=_fmt:pb&udm=50&client_locale=en-US&client_country=ZZ 200 
2026-07-23 04:53:53,291 [INFO] Capturing response: https://update.googleapis.com/service/update2/json?cup2key=16:54R-EaLoGNG9K0WVzZaLnRXeH08qePWAHZk6KBgEgJM&cup2hreq=eaee0aabe89834e0f96e873717299e4c6095b25a72853aa3b8da58f87a71ff5e 200 
2026-07-23 04:53:53,339 [INFO] Capturing request: https://update.googleapis.com/service/update2/json?cup2key=16:veiXJTo2Gjj5oQCEMCQzi4qd6ICCtzwCPomPGoJg0Dc&cup2hreq=33ed55dc6e3f5910f14c933fc1b921e7a88bc56af8a0756f9679bb312d0f9f33
2026-07-23 04:53:53,370 [INFO] Capturing response: https://update.googleapis.com/service/update2/json?cup2key=16:veiXJTo2Gjj5oQCEMCQzi4qd6ICCtzwCPomPGoJg0Dc&cup2hreq=33ed55dc6e3f5910f14c933fc1b921e7a88bc56af8a0756f9679bb312d0f9f33 200 
2026-07-23 04:53:53,379 [INFO] Capturing request: https://www.google.com/async/folae?async=_fmt:pb&udm=50&client_locale=en-US&client_country=ZZ
2026-07-23 04:53:53,416 [INFO] Capturing response: https://www.google.com/async/folae?async=_fmt:pb&udm=50&client_locale=en-US&client_country=ZZ 200 
2026-07-23 04:53:54,252 [INFO] Capturing response: https://www.atomsportv510.top/matches?id=bein-sports-1 200 
2026-07-23 04:53:54,403 [INFO] Capturing request: https://www.atomsportv510.top/assets/js/clappr.js
2026-07-23 04:53:54,451 [INFO] Capturing response: https://www.atomsportv510.top/assets/js/clappr.js 200 
2026-07-23 04:53:54,453 [INFO] Capturing request: https://cdn.jsdelivr.net/npm/@clappr/player@latest/dist/clappr.min.js
2026-07-23 04:53:54,458 [INFO] Capturing request: https://cdnjs.cloudflare.com/ajax/libs/jquery/3.2.1/jquery.min.js
2026-07-23 04:53:54,495 [INFO] Capturing response: https://cdn.jsdelivr.net/npm/@clappr/player@latest/dist/clappr.min.js 200 
2026-07-23 04:53:54,512 [INFO] Capturing response: https://cdnjs.cloudflare.com/ajax/libs/jquery/3.2.1/jquery.min.js 200 
2026-07-23 04:53:54,714 [INFO] Capturing request: https://www.atomsportv510.top/favicon.ico
2026-07-23 04:53:54,771 [INFO] Capturing response: https://www.atomsportv510.top/favicon.ico 200 
2026-07-23 04:53:54,828 [INFO] Capturing request: https://teletv5.top/load/yayinlink.php?id=bein-sports-1
2026-07-23 04:53:55,312 [INFO] Capturing response: https://teletv5.top/load/yayinlink.php?id=bein-sports-1 200 
2026-07-23 04:53:55,390 [INFO] Capturing request: https://streamsport365.com/cinema
2026-07-23 04:53:55,747 [INFO] Capturing response: https://streamsport365.com/cinema 200 
2026-07-23 04:53:55,878 [INFO] Capturing request: https://www.atomsportv510.top/assets/img/player/player_logo_6a5f6c9cb38e0.png
2026-07-23 04:53:55,930 [INFO] Capturing response: https://www.atomsportv510.top/assets/img/player/player_logo_6a5f6c9cb38e0.png 200 
2026-07-23 04:53:55,951 [INFO] Capturing request: https://hlsforever.forgetmoenszo.workers.dev/https://corestream.siteyaptim.live//bein1/tracks-v1a1/mono.m3u8
2026-07-23 04:53:56,488 [INFO] Capturing request: https://android.clients.google.com/checkin
2026-07-23 04:53:56,564 [INFO] Capturing response: https://android.clients.google.com/checkin 200 
2026-07-23 04:53:56,617 [INFO] Capturing request: https://android.clients.google.com/c2dm/register3
2026-07-23 04:53:56,618 [INFO] Capturing request: https://android.clients.google.com/c2dm/register3
2026-07-23 04:53:56,621 [INFO] Capturing request: https://android.clients.google.com/c2dm/register3
2026-07-23 04:53:56,626 [INFO] Capturing response: https://hlsforever.forgetmoenszo.workers.dev/https://corestream.siteyaptim.live//bein1/tracks-v1a1/mono.m3u8 404 
2026-07-23 04:53:56,650 [INFO] Capturing response: https://android.clients.google.com/c2dm/register3 301 
2026-07-23 04:53:57,637 [INFO] Capturing response: https://android.clients.google.com/c2dm/register3 200 
2026-07-23 04:53:57,640 [INFO]   ✅ M3U8 bulundu: https://hlsforever.forgetmoenszo.workers.dev/https://corestream.siteyaptim.live//bein1/tracks-v1a1/mono.m3u8
2026-07-23 04:53:57,738 [INFO] Capturing response: https://android.clients.google.com/c2dm/register3 200 
2026-07-23 04:53:58,641 [INFO] 
[2/14]
2026-07-23 04:53:58,641 [INFO] 🔍 beIN Sports 2 → https://www.atomsportv510.top/matches?id=bein-sports-2
2026-07-23 04:53:58,751 [INFO] Capturing request: https://www.atomsportv510.top/matches?id=bein-sports-2
2026-07-23 04:53:59,132 [INFO] Capturing response: https://www.atomsportv510.top/matches?id=bein-sports-2 200 
2026-07-23 04:53:59,242 [INFO] Capturing request: https://www.atomsportv510.top/assets/js/clappr.js
2026-07-23 04:53:59,363 [INFO] Capturing response: https://www.atomsportv510.top/assets/js/clappr.js 304 
2026-07-23 04:53:59,415 [INFO] Capturing request: https://streamsport365.com/cinema
2026-07-23 04:53:59,516 [INFO] Capturing request: https://teletv5.top/load/yayinlink.php?id=bein-sports-2
2026-07-23 04:53:59,517 [INFO] Capturing request: https://www.atomsportv510.top/favicon.ico
2026-07-23 04:53:59,559 [INFO] Capturing response: https://www.atomsportv510.top/favicon.ico 200 
2026-07-23 04:53:59,754 [INFO] Capturing response: https://teletv5.top/load/yayinlink.php?id=bein-sports-2 200 
2026-07-23 04:53:59,778 [INFO] Capturing response: https://streamsport365.com/cinema 200 
2026-07-23 04:53:59,888 [INFO] Capturing request: https://www.atomsportv510.top/assets/img/player/player_logo_6a5f6c9cb38e0.png
2026-07-23 04:53:59,900 [INFO] Capturing request: https://hlsforever.forgetmoenszo.workers.dev/https://corestream.siteyaptim.live//bein2/tracks-v1a1/mono.m3u8
2026-07-23 04:54:00,015 [INFO] Capturing response: https://www.atomsportv510.top/assets/img/player/player_logo_6a5f6c9cb38e0.png 304 
2026-07-23 04:54:00,603 [INFO] Capturing response: https://hlsforever.forgetmoenszo.workers.dev/https://corestream.siteyaptim.live//bein2/tracks-v1a1/mono.m3u8 404 
2026-07-23 04:54:02,427 [INFO]   ✅ M3U8 bulundu: https://hlsforever.forgetmoenszo.workers.dev/https://corestream.siteyaptim.live//bein2/tracks-v1a1/mono.m3u8
2026-07-23 04:54:03,427 [INFO] 
[3/14]
2026-07-23 04:54:03,427 [INFO] 🔍 beIN Sports 3 → https://www.atomsportv510.top/matches?id=bein-sports-3
2026-07-23 04:54:03,537 [INFO] Capturing request: https://www.atomsportv510.top/matches?id=bein-sports-3
2026-07-23 04:54:03,538 [INFO] Capturing request: https://www.atomsportv510.top/assets/js/clappr.js
2026-07-23 04:54:03,616 [INFO] Capturing response: https://www.atomsportv510.top/assets/js/clappr.js 200 
2026-07-23 04:54:03,883 [INFO] Capturing response: https://www.atomsportv510.top/matches?id=bein-sports-3 200 
2026-07-23 04:54:03,992 [INFO] Capturing request: https://www.atomsportv510.top/assets/js/clappr.js
2026-07-23 04:54:04,120 [INFO] Capturing response: https://www.atomsportv510.top/assets/js/clappr.js 304 
2026-07-23 04:54:04,274 [INFO] Capturing request: https://www.atomsportv510.top/favicon.ico
2026-07-23 04:54:04,274 [INFO] Capturing request: https://teletv5.top/load/yayinlink.php?id=bein-sports-3
2026-07-23 04:54:04,317 [INFO] Capturing response: https://www.atomsportv510.top/favicon.ico 200 
2026-07-23 04:54:04,436 [INFO] Capturing request: https://streamsport365.com/cinema
2026-07-23 04:54:04,510 [INFO] Capturing response: https://teletv5.top/load/yayinlink.php?id=bein-sports-3 200 
2026-07-23 04:54:04,808 [INFO] Capturing response: https://streamsport365.com/cinema 200 
2026-07-23 04:54:04,919 [INFO] Capturing request: https://www.atomsportv510.top/assets/img/player/player_logo_6a5f6c9cb38e0.png
2026-07-23 04:54:04,928 [INFO] Capturing request: https://hlsforever.forgetmoenszo.workers.dev/https://corestream.siteyaptim.live//bein3/tracks-v1a1/mono.m3u8
2026-07-23 04:54:05,043 [INFO] Capturing response: https://www.atomsportv510.top/assets/img/player/player_logo_6a5f6c9cb38e0.png 304 
2026-07-23 04:54:05,097 [INFO] Capturing response: https://hlsforever.forgetmoenszo.workers.dev/https://corestream.siteyaptim.live//bein3/tracks-v1a1/mono.m3u8 404 
2026-07-23 04:54:07,185 [INFO]   ✅ M3U8 bulundu: https://hlsforever.forgetmoenszo.workers.dev/https://corestream.siteyaptim.live//bein3/tracks-v1a1/mono.m3u8
2026-07-23 04:54:08,185 [INFO] 
[4/14]
2026-07-23 04:54:08,186 [INFO] 🔍 beIN Sports 4 → https://www.atomsportv510.top/matches?id=bein-sports-4
2026-07-23 04:54:08,295 [INFO] Capturing request: https://www.atomsportv510.top/assets/js/clappr.js
2026-07-23 04:54:08,296 [INFO] Capturing request: https://www.atomsportv510.top/matches?id=bein-sports-4
2026-07-23 04:54:08,328 [INFO] Capturing response: https://www.atomsportv510.top/assets/js/clappr.js 200 
2026-07-23 04:54:08,658 [INFO] Capturing response: https://www.atomsportv510.top/matches?id=bein-sports-4 200 
2026-07-23 04:54:08,767 [INFO] Capturing request: https://www.atomsportv510.top/assets/js/clappr.js
2026-07-23 04:54:08,891 [INFO] Capturing response: https://www.atomsportv510.top/assets/js/clappr.js 304 
2026-07-23 04:54:08,946 [INFO] Capturing request: https://streamsport365.com/cinema
2026-07-23 04:54:09,045 [INFO] Capturing request: https://teletv5.top/load/yayinlink.php?id=bein-sports-4
2026-07-23 04:54:09,047 [INFO] Capturing request: https://www.atomsportv510.top/favicon.ico
2026-07-23 04:54:09,094 [INFO] Capturing response: https://www.atomsportv510.top/favicon.ico 200 
2026-07-23 04:54:09,283 [INFO] Capturing response: https://teletv5.top/load/yayinlink.php?id=bein-sports-4 200 
2026-07-23 04:54:09,319 [INFO] Capturing response: https://streamsport365.com/cinema 200 
2026-07-23 04:54:09,429 [INFO] Capturing request: https://www.atomsportv510.top/assets/img/player/player_logo_6a5f6c9cb38e0.png
2026-07-23 04:54:09,439 [INFO] Capturing request: https://hlsforever.forgetmoenszo.workers.dev/https://corestream.siteyaptim.live//bein4/tracks-v1a1/mono.m3u8
2026-07-23 04:54:09,559 [INFO] Capturing response: https://www.atomsportv510.top/assets/img/player/player_logo_6a5f6c9cb38e0.png 304 
2026-07-23 04:54:09,605 [INFO] Capturing response: https://hlsforever.forgetmoenszo.workers.dev/https://corestream.siteyaptim.live//bein4/tracks-v1a1/mono.m3u8 404 
2026-07-23 04:54:11,958 [INFO]   ✅ M3U8 bulundu: https://hlsforever.forgetmoenszo.workers.dev/https://corestream.siteyaptim.live//bein4/tracks-v1a1/mono.m3u8
2026-07-23 04:54:12,958 [INFO] 
[5/14]
2026-07-23 04:54:12,959 [INFO] 🔍 beIN Sports 5 → https://www.atomsportv510.top/matches?id=bein-sports-5
2026-07-23 04:54:13,066 [INFO] Capturing request: https://www.atomsportv510.top/assets/js/clappr.js
2026-07-23 04:54:13,068 [INFO] Capturing request: https://www.atomsportv510.top/matches?id=bein-sports-5
2026-07-23 04:54:13,093 [INFO] Capturing response: https://www.atomsportv510.top/assets/js/clappr.js 200 
2026-07-23 04:54:13,423 [INFO] Capturing response: https://www.atomsportv510.top/matches?id=bein-sports-5 200 
2026-07-23 04:54:13,570 [INFO] Capturing request: https://www.atomsportv510.top/assets/js/clappr.js
2026-07-23 04:54:13,697 [INFO] Capturing response: https://www.atomsportv510.top/assets/js/clappr.js 304 
2026-07-23 04:54:13,847 [INFO] Capturing request: https://teletv5.top/load/yayinlink.php?id=bein-sports-5
2026-07-23 04:54:13,850 [INFO] Capturing request: https://www.atomsportv510.top/favicon.ico
2026-07-23 04:54:13,892 [INFO] Capturing response: https://www.atomsportv510.top/favicon.ico 200 
2026-07-23 04:54:14,011 [INFO] Capturing request: https://streamsport365.com/cinema
2026-07-23 04:54:14,206 [INFO] Capturing response: https://teletv5.top/load/yayinlink.php?id=bein-sports-5 200 
2026-07-23 04:54:14,386 [INFO] Capturing response: https://streamsport365.com/cinema 200 
2026-07-23 04:54:14,496 [INFO] Capturing request: https://www.atomsportv510.top/assets/img/player/player_logo_6a5f6c9cb38e0.png
2026-07-23 04:54:14,505 [INFO] Capturing request: https://hlsforever.forgetmoenszo.workers.dev/https://corestream.siteyaptim.live//bein5/tracks-v1a1/mono.m3u8
2026-07-23 04:54:14,617 [INFO] Capturing response: https://www.atomsportv510.top/assets/img/player/player_logo_6a5f6c9cb38e0.png 304 
2026-07-23 04:54:14,673 [INFO] Capturing response: https://hlsforever.forgetmoenszo.workers.dev/https://corestream.siteyaptim.live//bein5/tracks-v1a1/mono.m3u8 200 
2026-07-23 04:54:14,853 [INFO] Capturing request: https://global.siteyaptim.live/bein5/tracks-v1a1/2026/07/23/04/55/36-06000.avif
2026-07-23 04:54:15,889 [INFO] Capturing response: https://global.siteyaptim.live/bein5/tracks-v1a1/2026/07/23/04/55/36-06000.avif 200 
2026-07-23 04:54:16,247 [INFO] Capturing request: https://global.siteyaptim.live/bein5/tracks-v1a1/2026/07/23/04/55/42-06000.avif
2026-07-23 04:54:16,767 [INFO]   ✅ M3U8 bulundu: https://hlsforever.forgetmoenszo.workers.dev/https://corestream.siteyaptim.live//bein5/tracks-v1a1/mono.m3u8
2026-07-23 04:54:17,276 [INFO] Capturing response: https://global.siteyaptim.live/bein5/tracks-v1a1/2026/07/23/04/55/42-06000.avif 200 
2026-07-23 04:54:17,611 [INFO] Capturing request: https://global.siteyaptim.live/bein5/tracks-v1a1/2026/07/23/04/55/48-06000.avif
2026-07-23 04:54:17,767 [INFO] 
[6/14]
2026-07-23 04:54:17,767 [INFO] 🔍 beIN Sports Max 1 → https://www.atomsportv510.top/matches?id=bein-sports-max-1
2026-07-23 04:54:17,878 [INFO] Capturing request: https://www.atomsportv510.top/assets/js/clappr.js
2026-07-23 04:54:17,882 [INFO] Capturing request: https://www.atomsportv510.top/matches?id=bein-sports-max-1
2026-07-23 04:54:17,914 [INFO] Capturing response: https://www.atomsportv510.top/assets/js/clappr.js 200 
2026-07-23 04:54:18,243 [INFO] Capturing response: https://www.atomsportv510.top/matches?id=bein-sports-max-1 200 
2026-07-23 04:54:18,351 [INFO] Capturing request: https://www.atomsportv510.top/assets/js/clappr.js
2026-07-23 04:54:18,474 [INFO] Capturing response: https://www.atomsportv510.top/assets/js/clappr.js 304 
2026-07-23 04:54:18,533 [INFO] Capturing request: https://streamsport365.com/cinema
2026-07-23 04:54:18,631 [INFO] Capturing request: https://teletv5.top/load/yayinlink.php?id=bein-sports-max-1
2026-07-23 04:54:18,636 [INFO] Capturing request: https://www.atomsportv510.top/favicon.ico
2026-07-23 04:54:18,647 [INFO] Capturing response: https://global.siteyaptim.live/bein5/tracks-v1a1/2026/07/23/04/55/48-06000.avif 200 
2026-07-23 04:54:18,672 [INFO] Capturing response: https://www.atomsportv510.top/favicon.ico 200 
2026-07-23 04:54:18,692 [INFO] 127.0.0.1:44272: ProtocolException("Error in HTTP connection: Http2ZombieException('Connection or stream already dead: 1784782458.6917155, False')")
2026-07-23 04:54:18,872 [INFO] Capturing response: https://teletv5.top/load/yayinlink.php?id=bein-sports-max-1 200 
2026-07-23 04:54:18,904 [INFO] Capturing response: https://streamsport365.com/cinema 200 
2026-07-23 04:54:19,014 [INFO] Capturing request: https://www.atomsportv510.top/assets/img/player/player_logo_6a5f6c9cb38e0.png
2026-07-23 04:54:19,023 [INFO] Capturing request: https://hlsforever.forgetmoenszo.workers.dev/https://corestream.siteyaptim.live//trtspor/tracks-v1a1/mono.m3u8
2026-07-23 04:54:19,136 [INFO] Capturing response: https://www.atomsportv510.top/assets/img/player/player_logo_6a5f6c9cb38e0.png 304 
2026-07-23 04:54:19,190 [INFO] Capturing response: https://hlsforever.forgetmoenszo.workers.dev/https://corestream.siteyaptim.live//trtspor/tracks-v1a1/mono.m3u8 404 
2026-07-23 04:54:21,541 [INFO]   ✅ M3U8 bulundu: https://hlsforever.forgetmoenszo.workers.dev/https://corestream.siteyaptim.live//trtspor/tracks-v1a1/mono.m3u8
2026-07-23 04:54:22,541 [INFO] 
[7/14]
2026-07-23 04:54:22,541 [INFO] 🔍 beIN Sports Max 2 → https://www.atomsportv510.top/matches?id=bein-sports-max-2
2026-07-23 04:54:22,649 [INFO] Capturing request: https://www.atomsportv510.top/matches?id=bein-sports-max-2
2026-07-23 04:54:22,979 [INFO] Capturing response: https://www.atomsportv510.top/matches?id=bein-sports-max-2 200 
2026-07-23 04:54:23,087 [INFO] Capturing request: https://www.atomsportv510.top/assets/js/clappr.js
2026-07-23 04:54:23,211 [INFO] Capturing response: https://www.atomsportv510.top/assets/js/clappr.js 304 
2026-07-23 04:54:23,363 [INFO] Capturing request: https://teletv5.top/load/yayinlink.php?id=bein-sports-max-2
2026-07-23 04:54:23,365 [INFO] Capturing request: https://www.atomsportv510.top/favicon.ico
2026-07-23 04:54:23,528 [INFO] Capturing request: https://streamsport365.com/cinema
2026-07-23 04:54:23,602 [INFO] Capturing response: https://teletv5.top/load/yayinlink.php?id=bein-sports-max-2 200 
2026-07-23 04:54:23,610 [INFO] Capturing response: https://www.atomsportv510.top/favicon.ico 200 
2026-07-23 04:54:23,901 [INFO] Capturing response: https://streamsport365.com/cinema 200 
2026-07-23 04:54:24,011 [INFO] Capturing request: https://www.atomsportv510.top/assets/img/player/player_logo_6a5f6c9cb38e0.png
2026-07-23 04:54:24,019 [INFO] Capturing request: https://hlsforever.forgetmoenszo.workers.dev/https://corestream.siteyaptim.live//trtspor/tracks-v1a1/mono.m3u8
2026-07-23 04:54:24,136 [INFO] Capturing response: https://www.atomsportv510.top/assets/img/player/player_logo_6a5f6c9cb38e0.png 304 
2026-07-23 04:54:24,190 [INFO] Capturing response: https://hlsforever.forgetmoenszo.workers.dev/https://corestream.siteyaptim.live//trtspor/tracks-v1a1/mono.m3u8 404 
2026-07-23 04:54:26,274 [INFO]   ✅ M3U8 bulundu: https://hlsforever.forgetmoenszo.workers.dev/https://corestream.siteyaptim.live//trtspor/tracks-v1a1/mono.m3u8
2026-07-23 04:54:26,299 [INFO] Capturing request: https://android.clients.google.com/c2dm/register3
2026-07-23 04:54:26,330 [INFO] Capturing response: https://android.clients.google.com/c2dm/register3 301 
2026-07-23 04:54:27,274 [INFO] 
[8/14]
2026-07-23 04:54:27,274 [INFO] 🔍 S Sport → https://www.atomsportv510.top/matches?id=s-sport
2026-07-23 04:54:27,382 [INFO] Capturing request: https://www.atomsportv510.top/matches?id=s-sport
2026-07-23 04:54:27,722 [INFO] Capturing response: https://www.atomsportv510.top/matches?id=s-sport 200 
2026-07-23 04:54:27,831 [INFO] Capturing request: https://www.atomsportv510.top/assets/js/clappr.js
2026-07-23 04:54:27,956 [INFO] Capturing response: https://www.atomsportv510.top/assets/js/clappr.js 304 
2026-07-23 04:54:28,009 [INFO] Capturing request: https://streamsport365.com/cinema
2026-07-23 04:54:28,108 [INFO] Capturing request: https://teletv5.top/load/yayinlink.php?id=s-sport
2026-07-23 04:54:28,110 [INFO] Capturing request: https://www.atomsportv510.top/favicon.ico
2026-07-23 04:54:28,152 [INFO] Capturing response: https://www.atomsportv510.top/favicon.ico 200 
2026-07-23 04:54:28,348 [INFO] Capturing response: https://teletv5.top/load/yayinlink.php?id=s-sport 200 
2026-07-23 04:54:28,382 [INFO] Capturing response: https://streamsport365.com/cinema 200 
2026-07-23 04:54:28,492 [INFO] Capturing request: https://www.atomsportv510.top/assets/img/player/player_logo_6a5f6c9cb38e0.png
2026-07-23 04:54:28,502 [INFO] Capturing request: https://hlsforever.forgetmoenszo.workers.dev/https://corestream.siteyaptim.live//s-sport/tracks-v1a1/mono.m3u8
2026-07-23 04:54:28,616 [INFO] Capturing response: https://www.atomsportv510.top/assets/img/player/player_logo_6a5f6c9cb38e0.png 304 
2026-07-23 04:54:28,674 [INFO] Capturing response: https://hlsforever.forgetmoenszo.workers.dev/https://corestream.siteyaptim.live//s-sport/tracks-v1a1/mono.m3u8 200 
2026-07-23 04:54:28,823 [INFO] Capturing request: https://global.siteyaptim.live/s-sport/tracks-v1a1/2026/07/23/04/55/19-05000.avif
2026-07-23 04:54:29,155 [INFO] Capturing response: https://global.siteyaptim.live/s-sport/tracks-v1a1/2026/07/23/04/55/19-05000.avif 200 
2026-07-23 04:54:29,352 [INFO] Capturing request: https://global.siteyaptim.live/s-sport/tracks-v1a1/2026/07/23/04/55/24-08520.avif
2026-07-23 04:54:29,808 [INFO] Capturing response: https://global.siteyaptim.live/s-sport/tracks-v1a1/2026/07/23/04/55/24-08520.avif 200 
2026-07-23 04:54:30,024 [INFO] Capturing request: https://global.siteyaptim.live/s-sport/tracks-v1a1/2026/07/23/04/55/33-08660.avif
2026-07-23 04:54:30,556 [INFO] Capturing response: https://global.siteyaptim.live/s-sport/tracks-v1a1/2026/07/23/04/55/33-08660.avif 200 
2026-07-23 04:54:30,784 [INFO] Capturing request: https://global.siteyaptim.live/s-sport/tracks-v1a1/2026/07/23/04/55/41-05000.avif
2026-07-23 04:54:31,029 [INFO]   ✅ M3U8 bulundu: https://hlsforever.forgetmoenszo.workers.dev/https://corestream.siteyaptim.live//s-sport/tracks-v1a1/mono.m3u8
2026-07-23 04:54:31,179 [INFO] Capturing response: https://global.siteyaptim.live/s-sport/tracks-v1a1/2026/07/23/04/55/41-05000.avif 200 
2026-07-23 04:54:32,030 [INFO] 
[9/14]
2026-07-23 04:54:32,030 [INFO] 🔍 S Sport 2 → https://www.atomsportv510.top/matches?id=s-sport-2
2026-07-23 04:54:32,139 [INFO] Capturing request: https://www.atomsportv510.top/matches?id=s-sport-2
2026-07-23 04:54:32,469 [INFO] Capturing response: https://www.atomsportv510.top/matches?id=s-sport-2 200 
2026-07-23 04:54:32,578 [INFO] Capturing request: https://www.atomsportv510.top/assets/js/clappr.js
2026-07-23 04:54:32,701 [INFO] Capturing response: https://www.atomsportv510.top/assets/js/clappr.js 304 
2026-07-23 04:54:32,853 [INFO] Capturing request: https://teletv5.top/load/yayinlink.php?id=s-sport-2
2026-07-23 04:54:32,856 [INFO] Capturing request: https://www.atomsportv510.top/favicon.ico
2026-07-23 04:54:32,896 [INFO] Capturing response: https://www.atomsportv510.top/favicon.ico 200 
2026-07-23 04:54:33,017 [INFO] Capturing request: https://streamsport365.com/cinema
2026-07-23 04:54:33,389 [INFO] Capturing response: https://streamsport365.com/cinema 200 
2026-07-23 04:54:33,707 [INFO] Capturing response: https://teletv5.top/load/yayinlink.php?id=s-sport-2 200 
2026-07-23 04:54:33,858 [INFO] Capturing request: https://www.atomsportv510.top/assets/img/player/player_logo_6a5f6c9cb38e0.png
2026-07-23 04:54:33,867 [INFO] Capturing request: https://hlsforever.forgetmoenszo.workers.dev/https://corestream.siteyaptim.live//s-sport2/tracks-v1a1/mono.m3u8
2026-07-23 04:54:33,982 [INFO] Capturing response: https://www.atomsportv510.top/assets/img/player/player_logo_6a5f6c9cb38e0.png 304 
2026-07-23 04:54:34,035 [INFO] Capturing response: https://hlsforever.forgetmoenszo.workers.dev/https://corestream.siteyaptim.live//s-sport2/tracks-v1a1/mono.m3u8 200 
2026-07-23 04:54:34,145 [INFO] Capturing request: https://global.siteyaptim.live/s-sport2/tracks-v1a1/2026/07/23/04/54/57-06400.avif
2026-07-23 04:54:34,868 [INFO] Capturing response: https://global.siteyaptim.live/s-sport2/tracks-v1a1/2026/07/23/04/54/57-06400.avif 200 
2026-07-23 04:54:35,151 [INFO] Capturing request: https://global.siteyaptim.live/s-sport2/tracks-v1a1/2026/07/23/04/55/04-06400.avif
2026-07-23 04:54:35,767 [INFO]   ✅ M3U8 bulundu: https://hlsforever.forgetmoenszo.workers.dev/https://corestream.siteyaptim.live//s-sport2/tracks-v1a1/mono.m3u8
2026-07-23 04:54:35,791 [INFO] Capturing response: https://global.siteyaptim.live/s-sport2/tracks-v1a1/2026/07/23/04/55/04-06400.avif 200 
2026-07-23 04:54:36,045 [INFO] Capturing request: https://global.siteyaptim.live/s-sport2/tracks-v1a1/2026/07/23/04/55/10-06400.avif
2026-07-23 04:54:36,623 [INFO] Capturing response: https://global.siteyaptim.live/s-sport2/tracks-v1a1/2026/07/23/04/55/10-06400.avif 200 
2026-07-23 04:54:36,767 [INFO] 
[10/14]
2026-07-23 04:54:36,767 [INFO] 🔍 A Spor → https://www.atomsportv510.top/matches?id=a-spor
2026-07-23 04:54:36,860 [INFO] Capturing request: https://global.siteyaptim.live/s-sport2/tracks-v1a1/2026/07/23/04/55/17-06400.avif
2026-07-23 04:54:36,877 [INFO] Capturing request: https://www.atomsportv510.top/matches?id=a-spor
2026-07-23 04:54:37,209 [INFO] Capturing response: https://www.atomsportv510.top/matches?id=a-spor 200 
2026-07-23 04:54:37,324 [INFO] Capturing request: https://www.atomsportv510.top/assets/js/clappr.js
2026-07-23 04:54:37,442 [INFO] Capturing response: https://global.siteyaptim.live/s-sport2/tracks-v1a1/2026/07/23/04/55/17-06400.avif 200 
2026-07-23 04:54:37,456 [INFO] Capturing response: https://www.atomsportv510.top/assets/js/clappr.js 304 
2026-07-23 04:54:37,482 [INFO] 127.0.0.1:44272: ProtocolException("Error in HTTP connection: Http2ZombieException('Connection or stream already dead: 1784782477.4819615, False')")
2026-07-23 04:54:37,510 [INFO] Capturing request: https://streamsport365.com/cinema
2026-07-23 04:54:37,614 [INFO] Capturing request: https://www.atomsportv510.top/favicon.ico
2026-07-23 04:54:37,615 [INFO] Capturing request: https://teletv5.top/load/yayinlink.php?id=a-spor
2026-07-23 04:54:37,661 [INFO] Capturing response: https://www.atomsportv510.top/favicon.ico 200 
2026-07-23 04:54:37,853 [INFO] Capturing response: https://teletv5.top/load/yayinlink.php?id=a-spor 200 
2026-07-23 04:54:37,883 [INFO] Capturing response: https://streamsport365.com/cinema 200 
2026-07-23 04:54:38,003 [INFO] Capturing request: https://www.atomsportv510.top/assets/img/player/player_logo_6a5f6c9cb38e0.png
2026-07-23 04:54:38,012 [INFO] Capturing request: https://hlsforever.forgetmoenszo.workers.dev/https://corestream.siteyaptim.live//aspor/tracks-v1a1/mono.m3u8
2026-07-23 04:54:38,123 [INFO] Capturing response: https://www.atomsportv510.top/assets/img/player/player_logo_6a5f6c9cb38e0.png 304 
2026-07-23 04:54:38,178 [INFO] Capturing response: https://hlsforever.forgetmoenszo.workers.dev/https://corestream.siteyaptim.live//aspor/tracks-v1a1/mono.m3u8 404 
2026-07-23 04:54:40,523 [INFO]   ✅ M3U8 bulundu: https://hlsforever.forgetmoenszo.workers.dev/https://corestream.siteyaptim.live//aspor/tracks-v1a1/mono.m3u8
2026-07-23 04:54:41,523 [INFO] 
[11/14]
2026-07-23 04:54:41,523 [INFO] 🔍 Tivibu Spor 1 → https://www.atomsportv510.top/matches?id=tivibu-spor-1
2026-07-23 04:54:41,632 [INFO] Capturing request: https://www.atomsportv510.top/matches?id=tivibu-spor-1
2026-07-23 04:54:41,968 [INFO] Capturing response: https://www.atomsportv510.top/matches?id=tivibu-spor-1 200 
2026-07-23 04:54:42,077 [INFO] Capturing request: https://www.atomsportv510.top/assets/js/clappr.js
2026-07-23 04:54:42,200 [INFO] Capturing response: https://www.atomsportv510.top/assets/js/clappr.js 304 
2026-07-23 04:54:42,351 [INFO] Capturing request: https://teletv5.top/load/yayinlink.php?id=tivibu-spor-1
2026-07-23 04:54:42,352 [INFO] Capturing request: https://www.atomsportv510.top/favicon.ico
2026-07-23 04:54:42,398 [INFO] Capturing response: https://www.atomsportv510.top/favicon.ico 200 
2026-07-23 04:54:42,516 [INFO] Capturing request: https://streamsport365.com/cinema
2026-07-23 04:54:42,888 [INFO] Capturing response: https://streamsport365.com/cinema 200 
2026-07-23 04:54:43,023 [INFO] Capturing response: https://teletv5.top/load/yayinlink.php?id=tivibu-spor-1 200 
2026-07-23 04:54:52,724 [INFO] Capturing request: https://update.googleapis.com/service/update2/json?cup2key=16:diDayw5k9aIJKk0dQ39-yCWClRlyCQmMH1k45aNY2n8&cup2hreq=318163dc76d395b40aee1ce8b3ceebca8b15cdad51d6901dff0c0f91c96af827
2026-07-23 04:54:52,756 [INFO] Capturing response: https://update.googleapis.com/service/update2/json?cup2key=16:diDayw5k9aIJKk0dQ39-yCWClRlyCQmMH1k45aNY2n8&cup2hreq=318163dc76d395b40aee1ce8b3ceebca8b15cdad51d6901dff0c0f91c96af827 200 
2026-07-23 04:54:52,762 [INFO] Capturing request: http://edgedl.me.gvt1.com/edgedl/diffgen-puffin/gcmjkmgdlgnkkcocmoeiminaijmmjnii/df2a22d5ecc7788c3330ebd5f856b41531c74f412a01ed7453d11284708009fe
2026-07-23 04:54:52,786 [INFO] Capturing response: http://edgedl.me.gvt1.com/edgedl/diffgen-puffin/gcmjkmgdlgnkkcocmoeiminaijmmjnii/df2a22d5ecc7788c3330ebd5f856b41531c74f412a01ed7453d11284708009fe 200 OK
2026-07-23 04:54:52,812 [INFO] Capturing request: https://update.googleapis.com/service/update2/json
2026-07-23 04:54:52,844 [INFO] Capturing response: https://update.googleapis.com/service/update2/json 200 
2026-07-23 04:54:52,888 [INFO] Capturing request: http://edgedl.me.gvt1.com/edgedl/release2/chrome_component/acf2q3pjacpnz4dldp3w64ueew6q_10666/hfnkpimlhhgieaddgfemjhofmfblmnib_10666_all_achpp4ekvggwi5wat32xj2hiuwea.crx3
2026-07-23 04:54:52,935 [INFO] Capturing response: http://edgedl.me.gvt1.com/edgedl/release2/chrome_component/acf2q3pjacpnz4dldp3w64ueew6q_10666/hfnkpimlhhgieaddgfemjhofmfblmnib_10666_all_achpp4ekvggwi5wat32xj2hiuwea.crx3 200 OK
2026-07-23 04:54:52,964 [INFO] Capturing request: https://update.googleapis.com/service/update2/json
2026-07-23 04:54:52,984 [INFO] Capturing response: https://update.googleapis.com/service/update2/json 200 
2026-07-23 04:55:15,530 [WARNING]   ❌ Tivibu Spor 1 için M3U8 bulunamadı
2026-07-23 04:55:16,531 [INFO] 
[12/14]
2026-07-23 04:55:16,531 [INFO] 🔍 Tivibu Spor 2 → https://www.atomsportv510.top/matches?id=tivibu-spor-2
2026-07-23 04:55:16,684 [INFO] Capturing request: https://www.atomsportv510.top/matches?id=tivibu-spor-2
2026-07-23 04:55:17,613 [INFO] Capturing response: https://www.atomsportv510.top/matches?id=tivibu-spor-2 200 
2026-07-23 04:55:17,760 [INFO] Capturing request: https://www.atomsportv510.top/assets/js/clappr.js
2026-07-23 04:55:17,949 [INFO] Capturing response: https://www.atomsportv510.top/assets/js/clappr.js 304 
2026-07-23 04:55:18,104 [INFO] Capturing request: https://www.atomsportv510.top/favicon.ico
2026-07-23 04:55:18,144 [INFO] Capturing request: https://teletv5.top/load/yayinlink.php?id=tivibu-spor-2
2026-07-23 04:55:18,162 [INFO] Capturing response: https://www.atomsportv510.top/favicon.ico 200 
2026-07-23 04:55:18,581 [INFO] Capturing response: https://teletv5.top/load/yayinlink.php?id=tivibu-spor-2 200 
2026-07-23 04:55:18,730 [INFO] Capturing request: https://streamsport365.com/cinema
2026-07-23 04:55:19,099 [INFO] Capturing response: https://streamsport365.com/cinema 200 
2026-07-23 04:55:25,342 [INFO] Capturing request: https://android.clients.google.com/c2dm/register3
2026-07-23 04:55:25,393 [INFO] Capturing response: https://android.clients.google.com/c2dm/register3 301 
2026-07-23 04:55:51,249 [WARNING]   ❌ Tivibu Spor 2 için M3U8 bulunamadı
2026-07-23 04:55:52,249 [INFO] 
[13/14]
2026-07-23 04:55:52,249 [INFO] 🔍 Tivibu Spor 3 → https://www.atomsportv510.top/matches?id=tivibu-spor-3
2026-07-23 04:55:52,358 [INFO] Capturing request: https://www.atomsportv510.top/matches?id=tivibu-spor-3
2026-07-23 04:55:52,896 [INFO] Capturing response: https://www.atomsportv510.top/matches?id=tivibu-spor-3 200 
2026-07-23 04:55:53,004 [INFO] Capturing request: https://www.atomsportv510.top/assets/js/clappr.js
2026-07-23 04:55:53,134 [INFO] Capturing response: https://www.atomsportv510.top/assets/js/clappr.js 304 
2026-07-23 04:55:53,286 [INFO] Capturing request: https://teletv5.top/load/yayinlink.php?id=tivibu-spor-3
2026-07-23 04:55:53,288 [INFO] Capturing request: https://www.atomsportv510.top/favicon.ico
2026-07-23 04:55:53,332 [INFO] Capturing response: https://www.atomsportv510.top/favicon.ico 200 
2026-07-23 04:55:53,447 [INFO] Capturing request: https://streamsport365.com/cinema
2026-07-23 04:55:53,505 [INFO] Capturing response: https://teletv5.top/load/yayinlink.php?id=tivibu-spor-3 200 
2026-07-23 04:55:53,822 [INFO] Capturing response: https://streamsport365.com/cinema 200 
2026-07-23 04:56:26,424 [WARNING]   ❌ Tivibu Spor 3 için M3U8 bulunamadı
2026-07-23 04:56:27,425 [INFO] 
[14/14]
2026-07-23 04:56:27,425 [INFO] 🔍 Tivibu Spor 4 → https://www.atomsportv510.top/matches?id=tivibu-spor-4
2026-07-23 04:56:27,535 [INFO] Capturing request: https://www.atomsportv510.top/matches?id=tivibu-spor-4
2026-07-23 04:56:28,043 [INFO] Capturing response: https://www.atomsportv510.top/matches?id=tivibu-spor-4 200 
2026-07-23 04:56:28,152 [INFO] Capturing request: https://www.atomsportv510.top/assets/js/clappr.js
2026-07-23 04:56:28,282 [INFO] Capturing response: https://www.atomsportv510.top/assets/js/clappr.js 304 
2026-07-23 04:56:28,439 [INFO] Capturing request: https://teletv5.top/load/yayinlink.php?id=tivibu-spor-4
2026-07-23 04:56:28,440 [INFO] Capturing request: https://www.atomsportv510.top/favicon.ico
2026-07-23 04:56:28,485 [INFO] Capturing response: https://www.atomsportv510.top/favicon.ico 200 
2026-07-23 04:56:28,603 [INFO] Capturing request: https://streamsport365.com/cinema
2026-07-23 04:56:28,655 [INFO] Capturing response: https://teletv5.top/load/yayinlink.php?id=tivibu-spor-4 200 
2026-07-23 04:56:28,975 [INFO] Capturing response: https://streamsport365.com/cinema 200 
2026-07-23 04:57:01,576 [WARNING]   ❌ Tivibu Spor 4 için M3U8 bulunamadı
2026-07-23 04:57:02,644 [INFO] ✅ 10 kanal bulundu, playlist.m3u kaydedildi
