2026-07-16 18:42:18,695 [INFO] 🌐 BASE_URL: https://atomsportv510.top
2026-07-16 18:42:19,673 [INFO] Başlanıyor... 14 kanal taranacak
2026-07-16 18:42:19,673 [INFO] Using default request storage
2026-07-16 18:42:19,678 [INFO] Created proxy listening on 127.0.0.1:46849
2026-07-16 18:42:20,375 [INFO] Capturing request: http://clients2.google.com/time/1/current?cup2key=10:wy0-vdj-NY12QiKLvIQMq7s9k_5YzkoEpNJqDXQ9Ayg&cup2hreq=e3b0c44298fc1c149afbf4c8996fb92427ae41e4649b934ca495991b7852b855
2026-07-16 18:42:20,450 [INFO] Capturing response: http://clients2.google.com/time/1/current?cup2key=10:wy0-vdj-NY12QiKLvIQMq7s9k_5YzkoEpNJqDXQ9Ayg&cup2hreq=e3b0c44298fc1c149afbf4c8996fb92427ae41e4649b934ca495991b7852b855 200 OK
2026-07-16 18:42:20,605 [INFO] 
[1/14]
2026-07-16 18:42:20,605 [INFO] 🔍 beIN Sports 1 → https://atomsportv510.top/matches?id=bein-sports-1
2026-07-16 18:42:20,734 [INFO] Capturing request: https://accounts.google.com/ListAccounts?gpsia=1&source=ChromiumBrowser&json=standard&laf=b64bin
2026-07-16 18:42:20,742 [INFO] Capturing request: https://update.googleapis.com/service/update2/json?cup2key=16:NZF2S6BP5a1hksn3zft57H0F4D2ozAoNWppfeQTSidc&cup2hreq=48af8cd0a024ac6b25a500e92bf596e2e3f706d8a28946425024b64f434001ce
2026-07-16 18:42:20,820 [INFO] Capturing response: https://accounts.google.com/ListAccounts?gpsia=1&source=ChromiumBrowser&json=standard&laf=b64bin 200 
2026-07-16 18:42:20,825 [INFO] Capturing response: https://update.googleapis.com/service/update2/json?cup2key=16:NZF2S6BP5a1hksn3zft57H0F4D2ozAoNWppfeQTSidc&cup2hreq=48af8cd0a024ac6b25a500e92bf596e2e3f706d8a28946425024b64f434001ce 200 
2026-07-16 18:42:20,828 [INFO] Capturing request: https://atomsportv510.top/matches?id=bein-sports-1
2026-07-16 18:42:20,830 [INFO] Capturing request: https://www.google.com/async/folae?async=_fmt:pb&udm=50&client_locale=en-US&client_country=ZZ
2026-07-16 18:42:20,863 [INFO] Capturing response: https://www.google.com/async/folae?async=_fmt:pb&udm=50&client_locale=en-US&client_country=ZZ 200 
2026-07-16 18:42:20,873 [INFO] Capturing request: https://update.googleapis.com/service/update2/json?cup2key=16:kQCV4B3BZ_SkvHw4Jh66LW8A7zdSQAtFOrD6OLxcHa4&cup2hreq=52a8ccf9e47d1f1b570599babd516c27f2316eb9873c59b2ddbfd2bee0d92d21
2026-07-16 18:42:20,942 [INFO] Capturing response: https://update.googleapis.com/service/update2/json?cup2key=16:kQCV4B3BZ_SkvHw4Jh66LW8A7zdSQAtFOrD6OLxcHa4&cup2hreq=52a8ccf9e47d1f1b570599babd516c27f2316eb9873c59b2ddbfd2bee0d92d21 200 
2026-07-16 18:42:20,989 [INFO] Capturing request: https://update.googleapis.com/service/update2/json?cup2key=16:5vyhWpTnwzMMuDgkajR8WrZ47LDltPT4Gdduc5bknag&cup2hreq=f113953e35900accfa6a1f0b571c2fba844e1e4323698460744c5200f444fdac
2026-07-16 18:42:21,027 [INFO] Capturing response: https://atomsportv510.top/matches?id=bein-sports-1 200 
2026-07-16 18:42:21,056 [INFO] Capturing response: https://update.googleapis.com/service/update2/json?cup2key=16:5vyhWpTnwzMMuDgkajR8WrZ47LDltPT4Gdduc5bknag&cup2hreq=f113953e35900accfa6a1f0b571c2fba844e1e4323698460744c5200f444fdac 200 
2026-07-16 18:42:21,068 [INFO] Capturing request: https://www.google.com/async/folae?async=_fmt:pb&udm=50&client_locale=en-US&client_country=ZZ
2026-07-16 18:42:21,101 [INFO] Capturing response: https://www.google.com/async/folae?async=_fmt:pb&udm=50&client_locale=en-US&client_country=ZZ 200 
2026-07-16 18:42:21,180 [INFO] Capturing request: https://atomsportv510.top/assets/js/clappr.js
2026-07-16 18:42:21,254 [INFO] Capturing request: https://cdnjs.cloudflare.com/ajax/libs/jquery/3.2.1/jquery.min.js
2026-07-16 18:42:21,256 [INFO] Capturing response: https://atomsportv510.top/assets/js/clappr.js 200 
2026-07-16 18:42:21,257 [INFO] Capturing request: https://cdn.jsdelivr.net/npm/@clappr/player@latest/dist/clappr.min.js
2026-07-16 18:42:21,315 [INFO] Capturing response: https://cdnjs.cloudflare.com/ajax/libs/jquery/3.2.1/jquery.min.js 200 
2026-07-16 18:42:21,328 [INFO] Capturing response: https://cdn.jsdelivr.net/npm/@clappr/player@latest/dist/clappr.min.js 200 
2026-07-16 18:42:21,544 [INFO] Capturing request: https://atomsportv510.top/favicon.ico
2026-07-16 18:42:21,634 [INFO] Capturing response: https://atomsportv510.top/favicon.ico 200 
2026-07-16 18:42:21,659 [INFO] Capturing request: https://teletv5.top/load/yayinlink.php?id=bein-sports-1
2026-07-16 18:42:22,012 [INFO] Capturing response: https://teletv5.top/load/yayinlink.php?id=bein-sports-1 200 
2026-07-16 18:42:22,124 [INFO] Capturing request: https://streamsport365.com/cinema
2026-07-16 18:42:22,436 [INFO] Capturing response: https://streamsport365.com/cinema 200 
2026-07-16 18:42:22,569 [INFO] Capturing request: https://atomsportv510.top/assets/img/player_logo_6880e4e4c52ee.png
2026-07-16 18:42:22,652 [INFO] Capturing response: https://atomsportv510.top/assets/img/player_logo_6880e4e4c52ee.png 200 
2026-07-16 18:42:22,721 [INFO] Capturing request: https://hlsssssssssssss.edaesra.workers.dev/https://corestream.macsitesi.help//trtspor/tracks-v1a1/mono.m3u8
2026-07-16 18:42:23,100 [INFO] Capturing response: https://hlsssssssssssss.edaesra.workers.dev/https://corestream.macsitesi.help//trtspor/tracks-v1a1/mono.m3u8 200 
2026-07-16 18:42:23,356 [INFO] Capturing request: https://securmar.edaesra.workers.dev/trtspor/tracks-v1a1/2026/07/16/18/42/49-06000.avif
2026-07-16 18:42:23,581 [INFO] Capturing request: https://android.clients.google.com/checkin
2026-07-16 18:42:23,714 [INFO] Capturing response: https://android.clients.google.com/checkin 200 
2026-07-16 18:42:23,766 [INFO] Capturing request: https://android.clients.google.com/c2dm/register3
2026-07-16 18:42:23,769 [INFO] Capturing request: https://android.clients.google.com/c2dm/register3
2026-07-16 18:42:23,772 [INFO] Capturing request: https://android.clients.google.com/c2dm/register3
2026-07-16 18:42:23,837 [INFO] Capturing response: https://android.clients.google.com/c2dm/register3 200 
2026-07-16 18:42:23,841 [INFO] Capturing response: https://android.clients.google.com/c2dm/register3 200 
2026-07-16 18:42:24,468 [INFO]   ✅ M3U8 bulundu: https://hlsssssssssssss.edaesra.workers.dev/https://corestream.macsitesi.help//trtspor/tracks-v1a1/mono.m3u8
2026-07-16 18:42:24,511 [INFO] Capturing response: https://android.clients.google.com/c2dm/register3 200 
2026-07-16 18:42:24,699 [INFO] Capturing response: https://securmar.edaesra.workers.dev/trtspor/tracks-v1a1/2026/07/16/18/42/49-06000.avif 200 
2026-07-16 18:42:24,959 [INFO] Capturing request: https://securmar.edaesra.workers.dev/trtspor/tracks-v1a1/2026/07/16/18/42/55-06000.avif
2026-07-16 18:42:25,468 [INFO] 
[2/14]
2026-07-16 18:42:25,468 [INFO] 🔍 beIN Sports 2 → https://atomsportv510.top/matches?id=bein-sports-2
2026-07-16 18:42:25,582 [INFO] Capturing request: https://atomsportv510.top/matches?id=bein-sports-2
2026-07-16 18:42:25,644 [INFO] Capturing response: https://atomsportv510.top/matches?id=bein-sports-2 200 
2026-07-16 18:42:25,692 [INFO] Capturing request: https://streamsport365.com/cinema
2026-07-16 18:42:25,793 [INFO] Capturing request: https://teletv5.top/load/yayinlink.php?id=bein-sports-2
2026-07-16 18:42:25,796 [INFO] Capturing request: https://atomsportv510.top/favicon.ico
2026-07-16 18:42:25,839 [INFO] Capturing response: https://atomsportv510.top/favicon.ico 200 
2026-07-16 18:42:25,968 [INFO] Capturing response: https://teletv5.top/load/yayinlink.php?id=bein-sports-2 200 
2026-07-16 18:42:25,998 [INFO] Capturing response: https://streamsport365.com/cinema 200 
2026-07-16 18:42:26,120 [INFO] Capturing request: https://hlsssssssssssss.edaesra.workers.dev/https://corestream.macsitesi.help//bein2/tracks-v1a1/mono.m3u8
2026-07-16 18:42:26,232 [INFO] Capturing response: https://securmar.edaesra.workers.dev/trtspor/tracks-v1a1/2026/07/16/18/42/55-06000.avif 200 
2026-07-16 18:42:26,269 [INFO] 127.0.0.1:48540: ProtocolException("Error in HTTP connection: Http2ZombieException('Connection or stream already dead: 1784227346.2684844, False')")
2026-07-16 18:42:26,274 [INFO] Capturing response: https://hlsssssssssssss.edaesra.workers.dev/https://corestream.macsitesi.help//bein2/tracks-v1a1/mono.m3u8 404 
2026-07-16 18:42:28,710 [INFO]   ✅ M3U8 bulundu: https://hlsssssssssssss.edaesra.workers.dev/https://corestream.macsitesi.help//bein2/tracks-v1a1/mono.m3u8
2026-07-16 18:42:29,711 [INFO] 
[3/14]
2026-07-16 18:42:29,711 [INFO] 🔍 beIN Sports 3 → https://atomsportv510.top/matches?id=bein-sports-3
2026-07-16 18:42:29,819 [INFO] Capturing request: https://atomsportv510.top/assets/js/clappr.js
2026-07-16 18:42:29,821 [INFO] Capturing request: https://atomsportv510.top/matches?id=bein-sports-3
2026-07-16 18:42:29,854 [INFO] Capturing response: https://atomsportv510.top/assets/js/clappr.js 200 
2026-07-16 18:42:29,897 [INFO] Capturing response: https://atomsportv510.top/matches?id=bein-sports-3 200 
2026-07-16 18:42:30,032 [INFO] Capturing request: https://teletv5.top/load/yayinlink.php?id=bein-sports-3
2026-07-16 18:42:30,035 [INFO] Capturing request: https://atomsportv510.top/favicon.ico
2026-07-16 18:42:30,084 [INFO] Capturing response: https://atomsportv510.top/favicon.ico 200 
2026-07-16 18:42:30,158 [INFO] Capturing request: https://streamsport365.com/cinema
2026-07-16 18:42:30,212 [INFO] Capturing response: https://teletv5.top/load/yayinlink.php?id=bein-sports-3 200 
2026-07-16 18:42:30,463 [INFO] Capturing response: https://streamsport365.com/cinema 200 
2026-07-16 18:42:30,585 [INFO] Capturing request: https://hlsssssssssssss.edaesra.workers.dev/https://corestream.macsitesi.help//trtspor/tracks-v1a1/mono.m3u8
2026-07-16 18:42:30,752 [INFO] Capturing response: https://hlsssssssssssss.edaesra.workers.dev/https://corestream.macsitesi.help//trtspor/tracks-v1a1/mono.m3u8 200 
2026-07-16 18:42:30,862 [INFO] Capturing request: https://securmar.edaesra.workers.dev/trtspor/tracks-v1a1/2026/07/16/18/42/55-06000.avif
2026-07-16 18:42:31,920 [INFO] Capturing response: https://securmar.edaesra.workers.dev/trtspor/tracks-v1a1/2026/07/16/18/42/55-06000.avif 200 
2026-07-16 18:42:32,164 [INFO] Capturing request: https://securmar.edaesra.workers.dev/trtspor/tracks-v1a1/2026/07/16/18/43/01-06000.avif
2026-07-16 18:42:32,949 [INFO]   ✅ M3U8 bulundu: https://hlsssssssssssss.edaesra.workers.dev/https://corestream.macsitesi.help//trtspor/tracks-v1a1/mono.m3u8
2026-07-16 18:42:33,541 [INFO] Capturing response: https://securmar.edaesra.workers.dev/trtspor/tracks-v1a1/2026/07/16/18/43/01-06000.avif 200 
2026-07-16 18:42:33,788 [INFO] Capturing request: https://securmar.edaesra.workers.dev/trtspor/tracks-v1a1/2026/07/16/18/43/07-06000.avif
2026-07-16 18:42:33,949 [INFO] 
[4/14]
2026-07-16 18:42:33,949 [INFO] 🔍 beIN Sports 4 → https://atomsportv510.top/matches?id=bein-sports-4
2026-07-16 18:42:34,060 [INFO] Capturing request: https://atomsportv510.top/assets/js/clappr.js
2026-07-16 18:42:34,061 [INFO] Capturing request: https://atomsportv510.top/matches?id=bein-sports-4
2026-07-16 18:42:34,096 [INFO] Capturing response: https://atomsportv510.top/assets/js/clappr.js 200 
2026-07-16 18:42:34,148 [INFO] Capturing response: https://atomsportv510.top/matches?id=bein-sports-4 200 
2026-07-16 18:42:34,211 [INFO] Capturing request: https://streamsport365.com/cinema
2026-07-16 18:42:34,310 [INFO] Capturing request: https://teletv5.top/load/yayinlink.php?id=bein-sports-4
2026-07-16 18:42:34,312 [INFO] Capturing request: https://atomsportv510.top/favicon.ico
2026-07-16 18:42:34,391 [INFO] Capturing response: https://atomsportv510.top/favicon.ico 200 
2026-07-16 18:42:34,485 [INFO] Capturing response: https://teletv5.top/load/yayinlink.php?id=bein-sports-4 200 
2026-07-16 18:42:34,513 [INFO] Capturing response: https://streamsport365.com/cinema 200 
2026-07-16 18:42:34,648 [INFO] Capturing request: https://hlsssssssssssss.edaesra.workers.dev/https://corestream.macsitesi.help//bein2/tracks-v1a1/mono.m3u8
2026-07-16 18:42:34,815 [INFO] Capturing response: https://hlsssssssssssss.edaesra.workers.dev/https://corestream.macsitesi.help//bein2/tracks-v1a1/mono.m3u8 404 
2026-07-16 18:42:34,896 [INFO] Capturing response: https://securmar.edaesra.workers.dev/trtspor/tracks-v1a1/2026/07/16/18/43/07-06000.avif 200 
2026-07-16 18:42:37,224 [INFO]   ✅ M3U8 bulundu: https://hlsssssssssssss.edaesra.workers.dev/https://corestream.macsitesi.help//bein2/tracks-v1a1/mono.m3u8
2026-07-16 18:42:38,224 [INFO] 
[5/14]
2026-07-16 18:42:38,224 [INFO] 🔍 beIN Sports 5 → https://atomsportv510.top/matches?id=bein-sports-5
2026-07-16 18:42:38,333 [INFO] Capturing request: https://atomsportv510.top/assets/js/clappr.js
2026-07-16 18:42:38,334 [INFO] Capturing request: https://atomsportv510.top/matches?id=bein-sports-5
2026-07-16 18:42:38,369 [INFO] Capturing response: https://atomsportv510.top/assets/js/clappr.js 200 
2026-07-16 18:42:38,403 [INFO] Capturing response: https://atomsportv510.top/matches?id=bein-sports-5 200 
2026-07-16 18:42:38,530 [INFO] Capturing request: https://teletv5.top/load/yayinlink.php?id=bein-sports-5
2026-07-16 18:42:38,534 [INFO] Capturing request: https://atomsportv510.top/favicon.ico
2026-07-16 18:42:38,588 [INFO] Capturing response: https://atomsportv510.top/favicon.ico 200 
2026-07-16 18:42:38,657 [INFO] Capturing request: https://streamsport365.com/cinema
2026-07-16 18:42:38,707 [INFO] Capturing response: https://teletv5.top/load/yayinlink.php?id=bein-sports-5 200 
2026-07-16 18:42:38,959 [INFO] Capturing response: https://streamsport365.com/cinema 200 
2026-07-16 18:42:39,080 [INFO] Capturing request: https://hlsssssssssssss.edaesra.workers.dev/https://corestream.macsitesi.help//bein2/tracks-v1a1/mono.m3u8
2026-07-16 18:42:39,237 [INFO] Capturing response: https://hlsssssssssssss.edaesra.workers.dev/https://corestream.macsitesi.help//bein2/tracks-v1a1/mono.m3u8 404 
2026-07-16 18:42:41,445 [INFO]   ✅ M3U8 bulundu: https://hlsssssssssssss.edaesra.workers.dev/https://corestream.macsitesi.help//bein2/tracks-v1a1/mono.m3u8
2026-07-16 18:42:42,445 [INFO] 
[6/14]
2026-07-16 18:42:42,446 [INFO] 🔍 beIN Sports Max 1 → https://atomsportv510.top/matches?id=bein-sports-max-1
2026-07-16 18:42:42,554 [INFO] Capturing request: https://atomsportv510.top/assets/js/clappr.js
2026-07-16 18:42:42,556 [INFO] Capturing request: https://atomsportv510.top/matches?id=bein-sports-max-1
2026-07-16 18:42:42,633 [INFO] Capturing response: https://atomsportv510.top/assets/js/clappr.js 200 
2026-07-16 18:42:42,665 [INFO] Capturing response: https://atomsportv510.top/matches?id=bein-sports-max-1 200 
2026-07-16 18:42:42,725 [INFO] Capturing request: https://streamsport365.com/cinema
2026-07-16 18:42:42,822 [INFO] Capturing request: https://teletv5.top/load/yayinlink.php?id=bein-sports-max-1
2026-07-16 18:42:42,827 [INFO] Capturing request: https://atomsportv510.top/favicon.ico
2026-07-16 18:42:42,883 [INFO] Capturing response: https://atomsportv510.top/favicon.ico 200 
2026-07-16 18:42:42,994 [INFO] Capturing response: https://teletv5.top/load/yayinlink.php?id=bein-sports-max-1 200 
2026-07-16 18:42:43,022 [INFO] Capturing response: https://streamsport365.com/cinema 200 
2026-07-16 18:42:43,156 [INFO] Capturing request: https://hlsssssssssssss.edaesra.workers.dev/https://corestream.macsitesi.help//trtspor/tracks-v1a1/mono.m3u8
2026-07-16 18:42:43,305 [INFO] Capturing response: https://hlsssssssssssss.edaesra.workers.dev/https://corestream.macsitesi.help//trtspor/tracks-v1a1/mono.m3u8 200 
2026-07-16 18:42:43,455 [INFO] Capturing request: https://securmar.edaesra.workers.dev/trtspor/tracks-v1a1/2026/07/16/18/43/07-06000.avif
2026-07-16 18:42:44,559 [INFO] Capturing response: https://securmar.edaesra.workers.dev/trtspor/tracks-v1a1/2026/07/16/18/43/07-06000.avif 200 
2026-07-16 18:42:44,790 [INFO] Capturing request: https://securmar.edaesra.workers.dev/trtspor/tracks-v1a1/2026/07/16/18/43/13-06000.avif
2026-07-16 18:42:45,741 [INFO]   ✅ M3U8 bulundu: https://hlsssssssssssss.edaesra.workers.dev/https://corestream.macsitesi.help//trtspor/tracks-v1a1/mono.m3u8
2026-07-16 18:42:46,017 [INFO] Capturing response: https://securmar.edaesra.workers.dev/trtspor/tracks-v1a1/2026/07/16/18/43/13-06000.avif 200 
2026-07-16 18:42:46,254 [INFO] Capturing request: https://securmar.edaesra.workers.dev/trtspor/tracks-v1a1/2026/07/16/18/43/19-06000.avif
2026-07-16 18:42:46,741 [INFO] 
[7/14]
2026-07-16 18:42:46,741 [INFO] 🔍 beIN Sports Max 2 → https://atomsportv510.top/matches?id=bein-sports-max-2
2026-07-16 18:42:46,851 [INFO] Capturing request: https://atomsportv510.top/assets/js/clappr.js
2026-07-16 18:42:46,855 [INFO] Capturing request: https://atomsportv510.top/matches?id=bein-sports-max-2
2026-07-16 18:42:46,883 [INFO] Capturing response: https://atomsportv510.top/assets/js/clappr.js 200 
2026-07-16 18:42:46,927 [INFO] Capturing response: https://atomsportv510.top/matches?id=bein-sports-max-2 200 
2026-07-16 18:42:47,064 [INFO] Capturing request: https://teletv5.top/load/yayinlink.php?id=bein-sports-max-2
2026-07-16 18:42:47,068 [INFO] Capturing request: https://atomsportv510.top/favicon.ico
2026-07-16 18:42:47,116 [INFO] Capturing response: https://atomsportv510.top/favicon.ico 200 
2026-07-16 18:42:47,191 [INFO] Capturing request: https://streamsport365.com/cinema
2026-07-16 18:42:47,242 [INFO] Capturing response: https://teletv5.top/load/yayinlink.php?id=bein-sports-max-2 200 
2026-07-16 18:42:47,312 [INFO] Capturing request: https://android.clients.google.com/c2dm/register3
2026-07-16 18:42:47,442 [INFO] Capturing response: https://securmar.edaesra.workers.dev/trtspor/tracks-v1a1/2026/07/16/18/43/19-06000.avif 200 
2026-07-16 18:42:47,502 [INFO] Capturing response: https://streamsport365.com/cinema 200 
2026-07-16 18:42:47,623 [INFO] Capturing request: https://hlsssssssssssss.edaesra.workers.dev/https://corestream.macsitesi.help//trtspor/tracks-v1a1/mono.m3u8
2026-07-16 18:42:47,771 [INFO] Capturing response: https://hlsssssssssssss.edaesra.workers.dev/https://corestream.macsitesi.help//trtspor/tracks-v1a1/mono.m3u8 200 
2026-07-16 18:42:47,881 [INFO] Capturing request: https://securmar.edaesra.workers.dev/trtspor/tracks-v1a1/2026/07/16/18/43/13-06000.avif
2026-07-16 18:42:48,436 [INFO] Capturing response: https://android.clients.google.com/c2dm/register3 200 
2026-07-16 18:42:48,878 [INFO] Capturing response: https://securmar.edaesra.workers.dev/trtspor/tracks-v1a1/2026/07/16/18/43/13-06000.avif 200 
2026-07-16 18:42:49,081 [INFO] Capturing request: https://securmar.edaesra.workers.dev/trtspor/tracks-v1a1/2026/07/16/18/43/19-06000.avif
2026-07-16 18:42:49,984 [INFO]   ✅ M3U8 bulundu: https://hlsssssssssssss.edaesra.workers.dev/https://corestream.macsitesi.help//trtspor/tracks-v1a1/mono.m3u8
2026-07-16 18:42:50,126 [INFO] Capturing response: https://securmar.edaesra.workers.dev/trtspor/tracks-v1a1/2026/07/16/18/43/19-06000.avif 200 
2026-07-16 18:42:50,363 [INFO] Capturing request: https://securmar.edaesra.workers.dev/trtspor/tracks-v1a1/2026/07/16/18/43/25-06000.avif
2026-07-16 18:42:50,797 [INFO] Capturing request: https://android.clients.google.com/c2dm/register3
2026-07-16 18:42:50,862 [INFO] Capturing response: https://android.clients.google.com/c2dm/register3 429 
2026-07-16 18:42:50,984 [INFO] 
[8/14]
2026-07-16 18:42:50,984 [INFO] 🔍 S Sport → https://atomsportv510.top/matches?id=s-sport
2026-07-16 18:42:51,096 [INFO] Capturing request: https://atomsportv510.top/assets/js/clappr.js
2026-07-16 18:42:51,099 [INFO] Capturing request: https://atomsportv510.top/matches?id=s-sport
2026-07-16 18:42:51,137 [INFO] Capturing response: https://atomsportv510.top/assets/js/clappr.js 200 
2026-07-16 18:42:51,634 [INFO] Capturing response: https://atomsportv510.top/matches?id=s-sport 200 
2026-07-16 18:42:51,693 [INFO] Capturing request: https://streamsport365.com/cinema
2026-07-16 18:42:51,791 [INFO] Capturing request: https://teletv5.top/load/yayinlink.php?id=s-sport
2026-07-16 18:42:51,798 [INFO] Capturing request: https://atomsportv510.top/favicon.ico
2026-07-16 18:42:51,850 [INFO] Capturing response: https://atomsportv510.top/favicon.ico 200 
2026-07-16 18:42:51,933 [INFO] Capturing response: https://securmar.edaesra.workers.dev/trtspor/tracks-v1a1/2026/07/16/18/43/25-06000.avif 200 
2026-07-16 18:42:51,965 [INFO] Capturing response: https://teletv5.top/load/yayinlink.php?id=s-sport 200 
2026-07-16 18:42:51,999 [INFO] Capturing response: https://streamsport365.com/cinema 200 
2026-07-16 18:42:52,126 [INFO] Capturing request: https://hlsssssssssssss.edaesra.workers.dev/https://corestream.macsitesi.help//s-sportt/tracks-v1a1/mono.m3u8
2026-07-16 18:42:52,277 [INFO] Capturing response: https://hlsssssssssssss.edaesra.workers.dev/https://corestream.macsitesi.help//s-sportt/tracks-v1a1/mono.m3u8 404 
2026-07-16 18:42:54,709 [INFO]   ✅ M3U8 bulundu: https://hlsssssssssssss.edaesra.workers.dev/https://corestream.macsitesi.help//s-sportt/tracks-v1a1/mono.m3u8
2026-07-16 18:42:55,709 [INFO] 
[9/14]
2026-07-16 18:42:55,709 [INFO] 🔍 S Sport 2 → https://atomsportv510.top/matches?id=s-sport-2
2026-07-16 18:42:55,818 [INFO] Capturing request: https://atomsportv510.top/assets/js/clappr.js
2026-07-16 18:42:55,820 [INFO] Capturing request: https://atomsportv510.top/matches?id=s-sport-2
2026-07-16 18:42:55,860 [INFO] Capturing response: https://atomsportv510.top/assets/js/clappr.js 200 
2026-07-16 18:42:55,902 [INFO] Capturing response: https://atomsportv510.top/matches?id=s-sport-2 200 
2026-07-16 18:42:56,030 [INFO] Capturing request: https://teletv5.top/load/yayinlink.php?id=s-sport-2
2026-07-16 18:42:56,033 [INFO] Capturing request: https://atomsportv510.top/favicon.ico
2026-07-16 18:42:56,080 [INFO] Capturing response: https://atomsportv510.top/favicon.ico 200 
2026-07-16 18:42:56,157 [INFO] Capturing request: https://streamsport365.com/cinema
2026-07-16 18:42:56,209 [INFO] Capturing response: https://teletv5.top/load/yayinlink.php?id=s-sport-2 200 
2026-07-16 18:42:56,457 [INFO] Capturing response: https://streamsport365.com/cinema 200 
2026-07-16 18:42:56,577 [INFO] Capturing request: https://hlsssssssssssss.edaesra.workers.dev/https://corestream.macsitesi.help//s-sport2/tracks-v1a1/mono.m3u8
2026-07-16 18:42:56,745 [INFO] Capturing response: https://hlsssssssssssss.edaesra.workers.dev/https://corestream.macsitesi.help//s-sport2/tracks-v1a1/mono.m3u8 404 
2026-07-16 18:42:58,945 [INFO]   ✅ M3U8 bulundu: https://hlsssssssssssss.edaesra.workers.dev/https://corestream.macsitesi.help//s-sport2/tracks-v1a1/mono.m3u8
2026-07-16 18:42:59,945 [INFO] 
[10/14]
2026-07-16 18:42:59,945 [INFO] 🔍 A Spor → https://atomsportv510.top/matches?id=a-spor
2026-07-16 18:43:00,054 [INFO] Capturing request: https://atomsportv510.top/assets/js/clappr.js
2026-07-16 18:43:00,056 [INFO] Capturing request: https://atomsportv510.top/matches?id=a-spor
2026-07-16 18:43:00,148 [INFO] Capturing response: https://atomsportv510.top/matches?id=a-spor 200 
2026-07-16 18:43:00,180 [INFO] Capturing request: https://streamsport365.com/cinema
2026-07-16 18:43:00,192 [INFO] Capturing response: https://atomsportv510.top/assets/js/clappr.js 200 
2026-07-16 18:43:00,284 [INFO] Capturing request: https://teletv5.top/load/yayinlink.php?id=a-spor
2026-07-16 18:43:00,285 [INFO] Capturing request: https://atomsportv510.top/favicon.ico
2026-07-16 18:43:00,344 [INFO] Capturing response: https://atomsportv510.top/favicon.ico 200 
2026-07-16 18:43:00,466 [INFO] Capturing response: https://teletv5.top/load/yayinlink.php?id=a-spor 200 
2026-07-16 18:43:00,477 [INFO] Capturing response: https://streamsport365.com/cinema 200 
2026-07-16 18:43:00,628 [INFO] Capturing request: https://hlsssssssssssss.edaesra.workers.dev/https://corestream.macsitesi.help//aspor/tracks-v1a1/mono.m3u8
2026-07-16 18:43:00,795 [INFO] Capturing response: https://hlsssssssssssss.edaesra.workers.dev/https://corestream.macsitesi.help//aspor/tracks-v1a1/mono.m3u8 404 
2026-07-16 18:43:03,195 [INFO]   ✅ M3U8 bulundu: https://hlsssssssssssss.edaesra.workers.dev/https://corestream.macsitesi.help//aspor/tracks-v1a1/mono.m3u8
2026-07-16 18:43:04,195 [INFO] 
[11/14]
2026-07-16 18:43:04,195 [INFO] 🔍 Tivibu Spor 1 → https://atomsportv510.top/matches?id=tivibu-spor-1
2026-07-16 18:43:04,305 [INFO] Capturing request: https://atomsportv510.top/assets/js/clappr.js
2026-07-16 18:43:04,306 [INFO] Capturing request: https://atomsportv510.top/matches?id=tivibu-spor-1
2026-07-16 18:43:04,342 [INFO] Capturing response: https://atomsportv510.top/assets/js/clappr.js 200 
2026-07-16 18:43:04,368 [INFO] Capturing response: https://atomsportv510.top/matches?id=tivibu-spor-1 200 
2026-07-16 18:43:04,498 [INFO] Capturing request: https://atomsportv510.top/favicon.ico
2026-07-16 18:43:04,499 [INFO] Capturing request: https://teletv5.top/load/yayinlink.php?id=tivibu-spor-1
2026-07-16 18:43:04,593 [INFO] Capturing response: https://atomsportv510.top/favicon.ico 200 
2026-07-16 18:43:04,618 [INFO] Capturing request: https://streamsport365.com/cinema
2026-07-16 18:43:04,674 [INFO] Capturing response: https://teletv5.top/load/yayinlink.php?id=tivibu-spor-1 200 
2026-07-16 18:43:04,937 [INFO] Capturing response: https://streamsport365.com/cinema 200 
2026-07-16 18:43:05,056 [INFO] Capturing request: https://hlsssssssssssss.edaesra.workers.dev/https://corestream.macsitesi.help//trtspor/tracks-v1a1/mono.m3u8
2026-07-16 18:43:05,205 [INFO] Capturing response: https://hlsssssssssssss.edaesra.workers.dev/https://corestream.macsitesi.help//trtspor/tracks-v1a1/mono.m3u8 200 
2026-07-16 18:43:05,315 [INFO] Capturing request: https://securmar.edaesra.workers.dev/trtspor/tracks-v1a1/2026/07/16/18/43/25-06000.avif
2026-07-16 18:43:06,336 [INFO] Capturing response: https://securmar.edaesra.workers.dev/trtspor/tracks-v1a1/2026/07/16/18/43/25-06000.avif 200 
2026-07-16 18:43:06,587 [INFO] Capturing request: https://securmar.edaesra.workers.dev/trtspor/tracks-v1a1/2026/07/16/18/43/31-06000.avif
2026-07-16 18:43:07,412 [INFO]   ✅ M3U8 bulundu: https://hlsssssssssssss.edaesra.workers.dev/https://corestream.macsitesi.help//trtspor/tracks-v1a1/mono.m3u8
2026-07-16 18:43:07,740 [INFO] Capturing response: https://securmar.edaesra.workers.dev/trtspor/tracks-v1a1/2026/07/16/18/43/31-06000.avif 200 
2026-07-16 18:43:07,999 [INFO] Capturing request: https://securmar.edaesra.workers.dev/trtspor/tracks-v1a1/2026/07/16/18/43/37-06000.avif
2026-07-16 18:43:08,412 [INFO] 
[12/14]
2026-07-16 18:43:08,413 [INFO] 🔍 Tivibu Spor 2 → https://atomsportv510.top/matches?id=tivibu-spor-2
2026-07-16 18:43:08,523 [INFO] Capturing request: https://atomsportv510.top/assets/js/clappr.js
2026-07-16 18:43:08,524 [INFO] Capturing request: https://atomsportv510.top/matches?id=tivibu-spor-2
2026-07-16 18:43:08,566 [INFO] Capturing response: https://atomsportv510.top/assets/js/clappr.js 200 
2026-07-16 18:43:08,597 [INFO] Capturing response: https://atomsportv510.top/matches?id=tivibu-spor-2 200 
2026-07-16 18:43:08,660 [INFO] Capturing request: https://streamsport365.com/cinema
2026-07-16 18:43:08,761 [INFO] Capturing request: https://teletv5.top/load/yayinlink.php?id=tivibu-spor-2
2026-07-16 18:43:08,765 [INFO] Capturing request: https://atomsportv510.top/favicon.ico
2026-07-16 18:43:08,813 [INFO] Capturing response: https://atomsportv510.top/favicon.ico 200 
2026-07-16 18:43:08,934 [INFO] Capturing response: https://teletv5.top/load/yayinlink.php?id=tivibu-spor-2 200 
2026-07-16 18:43:08,965 [INFO] Capturing response: https://streamsport365.com/cinema 200 
2026-07-16 18:43:09,095 [INFO] Capturing request: https://hlsssssssssssss.edaesra.workers.dev/https://corestream.macsitesi.help//trtspor/tracks-v1a1/mono.m3u8
2026-07-16 18:43:09,246 [INFO] Capturing response: https://hlsssssssssssss.edaesra.workers.dev/https://corestream.macsitesi.help//trtspor/tracks-v1a1/mono.m3u8 200 
2026-07-16 18:43:09,397 [INFO] Capturing request: https://securmar.edaesra.workers.dev/trtspor/tracks-v1a1/2026/07/16/18/43/31-06000.avif
2026-07-16 18:43:09,675 [INFO] Capturing response: https://securmar.edaesra.workers.dev/trtspor/tracks-v1a1/2026/07/16/18/43/37-06000.avif 200 
2026-07-16 18:43:10,675 [INFO] Capturing response: https://securmar.edaesra.workers.dev/trtspor/tracks-v1a1/2026/07/16/18/43/31-06000.avif 200 
2026-07-16 18:43:10,880 [INFO] Capturing request: https://securmar.edaesra.workers.dev/trtspor/tracks-v1a1/2026/07/16/18/43/37-06000.avif
2026-07-16 18:43:11,673 [INFO]   ✅ M3U8 bulundu: https://hlsssssssssssss.edaesra.workers.dev/https://corestream.macsitesi.help//trtspor/tracks-v1a1/mono.m3u8
2026-07-16 18:43:11,928 [INFO] Capturing response: https://securmar.edaesra.workers.dev/trtspor/tracks-v1a1/2026/07/16/18/43/37-06000.avif 200 
2026-07-16 18:43:12,171 [INFO] Capturing request: https://securmar.edaesra.workers.dev/trtspor/tracks-v1a1/2026/07/16/18/43/43-06000.avif
2026-07-16 18:43:12,674 [INFO] 
[13/14]
2026-07-16 18:43:12,674 [INFO] 🔍 Tivibu Spor 3 → https://atomsportv510.top/matches?id=tivibu-spor-3
2026-07-16 18:43:12,785 [INFO] Capturing request: https://atomsportv510.top/assets/js/clappr.js
2026-07-16 18:43:12,786 [INFO] Capturing request: https://atomsportv510.top/matches?id=tivibu-spor-3
2026-07-16 18:43:12,818 [INFO] Capturing response: https://atomsportv510.top/assets/js/clappr.js 200 
2026-07-16 18:43:12,875 [INFO] Capturing response: https://atomsportv510.top/matches?id=tivibu-spor-3 200 
2026-07-16 18:43:13,007 [INFO] Capturing request: https://teletv5.top/load/yayinlink.php?id=tivibu-spor-3
2026-07-16 18:43:13,012 [INFO] Capturing request: https://atomsportv510.top/favicon.ico
2026-07-16 18:43:13,067 [INFO] Capturing response: https://atomsportv510.top/favicon.ico 200 
2026-07-16 18:43:13,138 [INFO] Capturing request: https://streamsport365.com/cinema
2026-07-16 18:43:13,185 [INFO] Capturing response: https://teletv5.top/load/yayinlink.php?id=tivibu-spor-3 200 
2026-07-16 18:43:13,448 [INFO] Capturing response: https://streamsport365.com/cinema 200 
2026-07-16 18:43:13,464 [INFO] Capturing response: https://securmar.edaesra.workers.dev/trtspor/tracks-v1a1/2026/07/16/18/43/43-06000.avif 200 
2026-07-16 18:43:13,573 [INFO] Capturing request: https://hlsssssssssssss.edaesra.workers.dev/https://corestream.macsitesi.help//trtspor/tracks-v1a1/mono.m3u8
2026-07-16 18:43:13,719 [INFO] Capturing response: https://hlsssssssssssss.edaesra.workers.dev/https://corestream.macsitesi.help//trtspor/tracks-v1a1/mono.m3u8 200 
2026-07-16 18:43:13,829 [INFO] Capturing request: https://securmar.edaesra.workers.dev/trtspor/tracks-v1a1/2026/07/16/18/43/37-06000.avif
2026-07-16 18:43:14,872 [INFO] Capturing response: https://securmar.edaesra.workers.dev/trtspor/tracks-v1a1/2026/07/16/18/43/37-06000.avif 200 
2026-07-16 18:43:15,083 [INFO] Capturing request: https://securmar.edaesra.workers.dev/trtspor/tracks-v1a1/2026/07/16/18/43/43-06000.avif
2026-07-16 18:43:15,929 [INFO]   ✅ M3U8 bulundu: https://hlsssssssssssss.edaesra.workers.dev/https://corestream.macsitesi.help//trtspor/tracks-v1a1/mono.m3u8
2026-07-16 18:43:16,137 [INFO] Capturing response: https://securmar.edaesra.workers.dev/trtspor/tracks-v1a1/2026/07/16/18/43/43-06000.avif 200 
2026-07-16 18:43:16,373 [INFO] Capturing request: https://securmar.edaesra.workers.dev/trtspor/tracks-v1a1/2026/07/16/18/43/49-06000.avif
2026-07-16 18:43:16,929 [INFO] 
[14/14]
2026-07-16 18:43:16,930 [INFO] 🔍 Tivibu Spor 4 → https://atomsportv510.top/matches?id=tivibu-spor-4
2026-07-16 18:43:17,043 [INFO] Capturing request: https://atomsportv510.top/assets/js/clappr.js
2026-07-16 18:43:17,046 [INFO] Capturing request: https://atomsportv510.top/matches?id=tivibu-spor-4
2026-07-16 18:43:17,076 [INFO] Capturing response: https://atomsportv510.top/assets/js/clappr.js 200 
2026-07-16 18:43:17,138 [INFO] Capturing response: https://atomsportv510.top/matches?id=tivibu-spor-4 200 
2026-07-16 18:43:17,199 [INFO] Capturing request: https://streamsport365.com/cinema
2026-07-16 18:43:17,297 [INFO] Capturing request: https://teletv5.top/load/yayinlink.php?id=tivibu-spor-4
2026-07-16 18:43:17,300 [INFO] Capturing request: https://atomsportv510.top/favicon.ico
2026-07-16 18:43:17,348 [INFO] Capturing response: https://atomsportv510.top/favicon.ico 200 
2026-07-16 18:43:17,495 [INFO] Capturing response: https://teletv5.top/load/yayinlink.php?id=tivibu-spor-4 200 
2026-07-16 18:43:17,511 [INFO] Capturing response: https://streamsport365.com/cinema 200 
2026-07-16 18:43:17,690 [INFO] Capturing response: https://securmar.edaesra.workers.dev/trtspor/tracks-v1a1/2026/07/16/18/43/49-06000.avif 200 
2026-07-16 18:43:20,372 [INFO] Capturing request: https://update.googleapis.com/service/update2/json?cup2key=16:qbgl97WayY2VA7ZxSVhriiDHfe7xIP_UsBhsLnFyM7o&cup2hreq=fa1baeb1e88c68b127f18599d21eb7a15d4b3d2aa4d8776b54f41e2bd2005e5f
2026-07-16 18:43:20,440 [INFO] Capturing response: https://update.googleapis.com/service/update2/json?cup2key=16:qbgl97WayY2VA7ZxSVhriiDHfe7xIP_UsBhsLnFyM7o&cup2hreq=fa1baeb1e88c68b127f18599d21eb7a15d4b3d2aa4d8776b54f41e2bd2005e5f 200 
2026-07-16 18:43:20,446 [INFO] Capturing request: http://edgedl.me.gvt1.com/edgedl/diffgen-puffin/gcmjkmgdlgnkkcocmoeiminaijmmjnii/df2a22d5ecc7788c3330ebd5f856b41531c74f412a01ed7453d11284708009fe
2026-07-16 18:43:20,516 [INFO] Capturing response: http://edgedl.me.gvt1.com/edgedl/diffgen-puffin/gcmjkmgdlgnkkcocmoeiminaijmmjnii/df2a22d5ecc7788c3330ebd5f856b41531c74f412a01ed7453d11284708009fe 200 OK
2026-07-16 18:43:20,545 [INFO] Capturing request: https://update.googleapis.com/service/update2/json
2026-07-16 18:43:20,611 [INFO] Capturing response: https://update.googleapis.com/service/update2/json 200 
2026-07-16 18:43:20,656 [INFO] Capturing request: http://edgedl.me.gvt1.com/edgedl/release2/chrome_component/act755iove5gfhfm53s5dq5wj3ba_10651/hfnkpimlhhgieaddgfemjhofmfblmnib_10651_all_adui36e5mieyx3oatwuuovwobuia.crx3
2026-07-16 18:43:20,735 [INFO] Capturing response: http://edgedl.me.gvt1.com/edgedl/release2/chrome_component/act755iove5gfhfm53s5dq5wj3ba_10651/hfnkpimlhhgieaddgfemjhofmfblmnib_10651_all_adui36e5mieyx3oatwuuovwobuia.crx3 200 OK
2026-07-16 18:43:20,767 [INFO] Capturing request: https://update.googleapis.com/service/update2/json
2026-07-16 18:43:20,808 [INFO] Capturing response: https://update.googleapis.com/service/update2/json 200 
2026-07-16 18:43:50,489 [WARNING]   ❌ Tivibu Spor 4 için M3U8 bulunamadı
2026-07-16 18:43:51,558 [INFO] ✅ 13 kanal bulundu, playlist.m3u kaydedildi
