2026-07-22 22:05:14,908 [INFO] 🌐 BASE_URL: https://www.atomsportv510.top
2026-07-22 22:05:15,902 [INFO] Başlanıyor... 14 kanal taranacak
2026-07-22 22:05:15,902 [INFO] Using default request storage
2026-07-22 22:05:15,906 [INFO] Created proxy listening on 127.0.0.1:45735
2026-07-22 22:05:16,565 [INFO] Capturing request: http://clients2.google.com/time/1/current?cup2key=10:hNaAzX-Nvr58DrLd-dvVJQple6qKirW7RoXUsRgBcUI&cup2hreq=e3b0c44298fc1c149afbf4c8996fb92427ae41e4649b934ca495991b7852b855
2026-07-22 22:05:16,613 [INFO] Capturing response: http://clients2.google.com/time/1/current?cup2key=10:hNaAzX-Nvr58DrLd-dvVJQple6qKirW7RoXUsRgBcUI&cup2hreq=e3b0c44298fc1c149afbf4c8996fb92427ae41e4649b934ca495991b7852b855 200 OK
2026-07-22 22:05:16,740 [INFO] 
[1/14]
2026-07-22 22:05:16,740 [INFO] 🔍 beIN Sports 1 → https://www.atomsportv510.top/matches?id=bein-sports-1
2026-07-22 22:05:16,822 [INFO] Capturing request: https://accounts.google.com/ListAccounts?gpsia=1&source=ChromiumBrowser&json=standard&laf=b64bin
2026-07-22 22:05:16,823 [INFO] Capturing request: https://update.googleapis.com/service/update2/json?cup2key=16:7oQJd3rlgGcnKV3m6-yyzOIZjO49MUi_MxhtWh7gsug&cup2hreq=e41e77c8b8da10e18b9276c1b01dd0ac1cd1a19af6cc4265ac8a9e1e11142fd9
2026-07-22 22:05:16,871 [INFO] Capturing response: https://update.googleapis.com/service/update2/json?cup2key=16:7oQJd3rlgGcnKV3m6-yyzOIZjO49MUi_MxhtWh7gsug&cup2hreq=e41e77c8b8da10e18b9276c1b01dd0ac1cd1a19af6cc4265ac8a9e1e11142fd9 200 
2026-07-22 22:05:16,918 [INFO] Capturing request: https://update.googleapis.com/service/update2/json?cup2key=16:6OjzEQtiMr6-FOUWR-yOLuGxD4sE3BV4kdtFkf37tlA&cup2hreq=2c981f86af5d02cb733b8465ba9c22e12d5ee7b4f4d96a8f3bc091edca89d040
2026-07-22 22:05:16,921 [INFO] Capturing request: https://www.google.com/async/folae?async=_fmt:pb&udm=50&client_locale=en-US&client_country=ZZ
2026-07-22 22:05:16,922 [INFO] Capturing request: https://www.atomsportv510.top/matches?id=bein-sports-1
2026-07-22 22:05:16,938 [INFO] Capturing response: https://accounts.google.com/ListAccounts?gpsia=1&source=ChromiumBrowser&json=standard&laf=b64bin 200 
2026-07-22 22:05:16,943 [INFO] Capturing response: https://update.googleapis.com/service/update2/json?cup2key=16:6OjzEQtiMr6-FOUWR-yOLuGxD4sE3BV4kdtFkf37tlA&cup2hreq=2c981f86af5d02cb733b8465ba9c22e12d5ee7b4f4d96a8f3bc091edca89d040 200 
2026-07-22 22:05:16,949 [INFO] Capturing response: https://www.google.com/async/folae?async=_fmt:pb&udm=50&client_locale=en-US&client_country=ZZ 200 
2026-07-22 22:05:16,990 [INFO] Capturing request: https://update.googleapis.com/service/update2/json?cup2key=16:mEseSUH3Fep6hwlJRLjRAU9cropTWc0sHIwHE06mL0o&cup2hreq=9d7f3850f3235c6a271b8aa7cc340eb41fd09f590835ec9858828212dea36296
2026-07-22 22:05:17,014 [INFO] Capturing response: https://update.googleapis.com/service/update2/json?cup2key=16:mEseSUH3Fep6hwlJRLjRAU9cropTWc0sHIwHE06mL0o&cup2hreq=9d7f3850f3235c6a271b8aa7cc340eb41fd09f590835ec9858828212dea36296 200 
2026-07-22 22:05:17,188 [INFO] Capturing request: https://www.google.com/async/folae?async=_fmt:pb&udm=50&client_locale=en-US&client_country=ZZ
2026-07-22 22:05:17,217 [INFO] Capturing response: https://www.google.com/async/folae?async=_fmt:pb&udm=50&client_locale=en-US&client_country=ZZ 200 
2026-07-22 22:05:18,302 [INFO] Capturing response: https://www.atomsportv510.top/matches?id=bein-sports-1 200 
2026-07-22 22:05:18,454 [INFO] Capturing request: https://www.atomsportv510.top/assets/js/clappr.js
2026-07-22 22:05:18,486 [INFO] Capturing response: https://www.atomsportv510.top/assets/js/clappr.js 200 
2026-07-22 22:05:18,491 [INFO] Capturing request: https://cdnjs.cloudflare.com/ajax/libs/jquery/3.2.1/jquery.min.js
2026-07-22 22:05:18,513 [INFO] Capturing request: https://cdn.jsdelivr.net/npm/@clappr/player@latest/dist/clappr.min.js
2026-07-22 22:05:18,540 [INFO] Capturing response: https://cdnjs.cloudflare.com/ajax/libs/jquery/3.2.1/jquery.min.js 200 
2026-07-22 22:05:18,547 [INFO] Capturing response: https://cdn.jsdelivr.net/npm/@clappr/player@latest/dist/clappr.min.js 200 
2026-07-22 22:05:18,760 [INFO] Capturing request: https://www.atomsportv510.top/favicon.ico
2026-07-22 22:05:18,791 [INFO] Capturing response: https://www.atomsportv510.top/favicon.ico 200 
2026-07-22 22:05:18,839 [INFO] Capturing request: https://teletv5.top/load/yayinlink.php?id=bein-sports-1
2026-07-22 22:05:19,382 [INFO] Capturing request: https://streamsport365.com/cinema
2026-07-22 22:05:19,400 [INFO] Capturing response: https://teletv5.top/load/yayinlink.php?id=bein-sports-1 200 
2026-07-22 22:05:19,650 [INFO] Capturing response: https://streamsport365.com/cinema 200 
2026-07-22 22:05:19,782 [INFO] Capturing request: https://www.atomsportv510.top/assets/img/player/player_logo_6a5f6c9cb38e0.png
2026-07-22 22:05:19,821 [INFO] Capturing response: https://www.atomsportv510.top/assets/img/player/player_logo_6a5f6c9cb38e0.png 200 
2026-07-22 22:05:19,861 [INFO] Capturing request: https://hlsforever.forgetmoenszo.workers.dev/https://corestream.siteyaptim.live//bein1/tracks-v1a1/mono.m3u8
2026-07-22 22:05:20,350 [INFO] Capturing response: https://hlsforever.forgetmoenszo.workers.dev/https://corestream.siteyaptim.live//bein1/tracks-v1a1/mono.m3u8 200 
2026-07-22 22:05:20,580 [INFO] Capturing request: https://global.siteyaptim.live/bein1/tracks-v1a1/2026/07/22/22/05/00-05000.avif
2026-07-22 22:05:20,591 [INFO] Capturing request: https://android.clients.google.com/checkin
2026-07-22 22:05:20,669 [INFO] Capturing response: https://android.clients.google.com/checkin 200 
2026-07-22 22:05:20,720 [INFO] Capturing request: https://android.clients.google.com/c2dm/register3
2026-07-22 22:05:20,722 [INFO] Capturing request: https://android.clients.google.com/c2dm/register3
2026-07-22 22:05:20,724 [INFO] Capturing request: https://android.clients.google.com/c2dm/register3
2026-07-22 22:05:20,751 [INFO] Capturing response: https://android.clients.google.com/c2dm/register3 301 
2026-07-22 22:05:20,862 [INFO] Capturing response: https://global.siteyaptim.live/bein1/tracks-v1a1/2026/07/22/22/05/00-05000.avif 200 
2026-07-22 22:05:21,078 [INFO] Capturing request: https://global.siteyaptim.live/bein1/tracks-v1a1/2026/07/22/22/05/05-05000.avif
2026-07-22 22:05:21,152 [INFO] Capturing response: https://android.clients.google.com/c2dm/register3 200 
2026-07-22 22:05:21,175 [INFO] Capturing response: https://android.clients.google.com/c2dm/register3 200 
2026-07-22 22:05:21,644 [INFO] Capturing response: https://global.siteyaptim.live/bein1/tracks-v1a1/2026/07/22/22/05/05-05000.avif 200 
2026-07-22 22:05:21,681 [INFO]   ✅ M3U8 bulundu: https://hlsforever.forgetmoenszo.workers.dev/https://corestream.siteyaptim.live//bein1/tracks-v1a1/mono.m3u8
2026-07-22 22:05:21,837 [INFO] Capturing request: https://global.siteyaptim.live/bein1/tracks-v1a1/2026/07/22/22/05/10-05680.avif
2026-07-22 22:05:22,390 [INFO] Capturing response: https://global.siteyaptim.live/bein1/tracks-v1a1/2026/07/22/22/05/10-05680.avif 200 
2026-07-22 22:05:22,591 [INFO] Capturing request: https://global.siteyaptim.live/bein1/tracks-v1a1/2026/07/22/22/05/15-08860.avif
2026-07-22 22:05:22,681 [INFO] 
[2/14]
2026-07-22 22:05:22,681 [INFO] 🔍 beIN Sports 2 → https://www.atomsportv510.top/matches?id=bein-sports-2
2026-07-22 22:05:22,792 [INFO] Capturing request: https://www.atomsportv510.top/matches?id=bein-sports-2
2026-07-22 22:05:23,072 [INFO] Capturing response: https://global.siteyaptim.live/bein1/tracks-v1a1/2026/07/22/22/05/15-08860.avif 200 
2026-07-22 22:05:23,086 [INFO] Capturing response: https://www.atomsportv510.top/matches?id=bein-sports-2 200 
2026-07-22 22:05:23,198 [INFO] Capturing request: https://www.atomsportv510.top/assets/js/clappr.js
2026-07-22 22:05:23,318 [INFO] Capturing response: https://www.atomsportv510.top/assets/js/clappr.js 304 
2026-07-22 22:05:23,371 [INFO] Capturing request: https://streamsport365.com/cinema
2026-07-22 22:05:23,471 [INFO] Capturing request: https://teletv5.top/load/yayinlink.php?id=bein-sports-2
2026-07-22 22:05:23,473 [INFO] Capturing request: https://www.atomsportv510.top/favicon.ico
2026-07-22 22:05:23,504 [INFO] Capturing response: https://www.atomsportv510.top/favicon.ico 200 
2026-07-22 22:05:23,634 [INFO] Capturing response: https://teletv5.top/load/yayinlink.php?id=bein-sports-2 200 
2026-07-22 22:05:23,642 [INFO] Capturing response: https://streamsport365.com/cinema 200 
2026-07-22 22:05:23,753 [INFO] Capturing request: https://www.atomsportv510.top/assets/img/player/player_logo_6a5f6c9cb38e0.png
2026-07-22 22:05:23,762 [INFO] Capturing request: https://hlsforever.forgetmoenszo.workers.dev/https://corestream.siteyaptim.live//bein2/tracks-v1a1/mono.m3u8
2026-07-22 22:05:23,871 [INFO] Capturing response: https://www.atomsportv510.top/assets/img/player/player_logo_6a5f6c9cb38e0.png 304 
2026-07-22 22:05:23,890 [INFO] Capturing response: https://hlsforever.forgetmoenszo.workers.dev/https://corestream.siteyaptim.live//bein2/tracks-v1a1/mono.m3u8 200 
2026-07-22 22:05:24,001 [INFO] Capturing request: https://global.siteyaptim.live/bein2/tracks-v1a1/2026/07/22/22/05/12-05120.avif
2026-07-22 22:05:24,237 [INFO] Capturing response: https://global.siteyaptim.live/bein2/tracks-v1a1/2026/07/22/22/05/12-05120.avif 200 
2026-07-22 22:05:24,444 [INFO] Capturing request: https://global.siteyaptim.live/bein2/tracks-v1a1/2026/07/22/22/05/17-06360.avif
2026-07-22 22:05:24,678 [INFO] Capturing response: https://global.siteyaptim.live/bein2/tracks-v1a1/2026/07/22/22/05/17-06360.avif 200 
2026-07-22 22:05:24,868 [INFO] Capturing request: https://global.siteyaptim.live/bein2/tracks-v1a1/2026/07/22/22/05/23-05000.avif
2026-07-22 22:05:25,119 [INFO] Capturing response: https://global.siteyaptim.live/bein2/tracks-v1a1/2026/07/22/22/05/23-05000.avif 200 
2026-07-22 22:05:25,308 [INFO] Capturing request: https://global.siteyaptim.live/bein2/tracks-v1a1/2026/07/22/22/05/28-05000.avif
2026-07-22 22:05:25,617 [INFO] Capturing response: https://global.siteyaptim.live/bein2/tracks-v1a1/2026/07/22/22/05/28-05000.avif 200 
2026-07-22 22:05:26,393 [INFO]   ✅ M3U8 bulundu: https://hlsforever.forgetmoenszo.workers.dev/https://corestream.siteyaptim.live//bein2/tracks-v1a1/mono.m3u8
2026-07-22 22:05:27,393 [INFO] 
[3/14]
2026-07-22 22:05:27,393 [INFO] 🔍 beIN Sports 3 → https://www.atomsportv510.top/matches?id=bein-sports-3
2026-07-22 22:05:27,503 [INFO] Capturing request: https://www.atomsportv510.top/assets/js/clappr.js
2026-07-22 22:05:27,504 [INFO] Capturing request: https://www.atomsportv510.top/matches?id=bein-sports-3
2026-07-22 22:05:27,525 [INFO] Capturing response: https://www.atomsportv510.top/assets/js/clappr.js 200 
2026-07-22 22:05:27,785 [INFO] Capturing response: https://www.atomsportv510.top/matches?id=bein-sports-3 200 
2026-07-22 22:05:27,895 [INFO] Capturing request: https://www.atomsportv510.top/assets/js/clappr.js
2026-07-22 22:05:28,012 [INFO] Capturing response: https://www.atomsportv510.top/assets/js/clappr.js 304 
2026-07-22 22:05:28,166 [INFO] Capturing request: https://teletv5.top/load/yayinlink.php?id=bein-sports-3
2026-07-22 22:05:28,166 [INFO] Capturing request: https://www.atomsportv510.top/favicon.ico
2026-07-22 22:05:28,202 [INFO] Capturing response: https://www.atomsportv510.top/favicon.ico 200 
2026-07-22 22:05:28,279 [INFO] Capturing request: https://streamsport365.com/cinema
2026-07-22 22:05:28,333 [INFO] Capturing response: https://teletv5.top/load/yayinlink.php?id=bein-sports-3 200 
2026-07-22 22:05:28,547 [INFO] Capturing response: https://streamsport365.com/cinema 200 
2026-07-22 22:05:28,658 [INFO] Capturing request: https://www.atomsportv510.top/assets/img/player/player_logo_6a5f6c9cb38e0.png
2026-07-22 22:05:28,667 [INFO] Capturing request: https://hlsforever.forgetmoenszo.workers.dev/https://corestream.siteyaptim.live//bein3/tracks-v1a1/mono.m3u8
2026-07-22 22:05:28,776 [INFO] Capturing response: https://www.atomsportv510.top/assets/img/player/player_logo_6a5f6c9cb38e0.png 304 
2026-07-22 22:05:28,795 [INFO] Capturing response: https://hlsforever.forgetmoenszo.workers.dev/https://corestream.siteyaptim.live//bein3/tracks-v1a1/mono.m3u8 200 
2026-07-22 22:05:28,904 [INFO] Capturing request: https://global.siteyaptim.live/bein3/tracks-v1a1/2026/07/22/22/05/24-05000.avif
2026-07-22 22:05:29,160 [INFO] Capturing response: https://global.siteyaptim.live/bein3/tracks-v1a1/2026/07/22/22/05/24-05000.avif 200 
2026-07-22 22:05:29,324 [INFO] Capturing request: https://global.siteyaptim.live/bein3/tracks-v1a1/2026/07/22/22/05/29-05000.avif
2026-07-22 22:05:29,570 [INFO] Capturing response: https://global.siteyaptim.live/bein3/tracks-v1a1/2026/07/22/22/05/29-05000.avif 200 
2026-07-22 22:05:29,768 [INFO] Capturing request: https://global.siteyaptim.live/bein3/tracks-v1a1/2026/07/22/22/05/34-05000.avif
2026-07-22 22:05:30,170 [INFO] Capturing response: https://global.siteyaptim.live/bein3/tracks-v1a1/2026/07/22/22/05/34-05000.avif 200 
2026-07-22 22:05:31,085 [INFO]   ✅ M3U8 bulundu: https://hlsforever.forgetmoenszo.workers.dev/https://corestream.siteyaptim.live//bein3/tracks-v1a1/mono.m3u8
2026-07-22 22:05:32,085 [INFO] 
[4/14]
2026-07-22 22:05:32,085 [INFO] 🔍 beIN Sports 4 → https://www.atomsportv510.top/matches?id=bein-sports-4
2026-07-22 22:05:32,195 [INFO] Capturing request: https://www.atomsportv510.top/matches?id=bein-sports-4
2026-07-22 22:05:32,446 [INFO] Capturing response: https://www.atomsportv510.top/matches?id=bein-sports-4 200 
2026-07-22 22:05:32,555 [INFO] Capturing request: https://www.atomsportv510.top/assets/js/clappr.js
2026-07-22 22:05:32,670 [INFO] Capturing response: https://www.atomsportv510.top/assets/js/clappr.js 304 
2026-07-22 22:05:32,721 [INFO] Capturing request: https://streamsport365.com/cinema
2026-07-22 22:05:32,821 [INFO] Capturing request: https://teletv5.top/load/yayinlink.php?id=bein-sports-4
2026-07-22 22:05:32,827 [INFO] Capturing request: https://www.atomsportv510.top/favicon.ico
2026-07-22 22:05:32,854 [INFO] Capturing response: https://www.atomsportv510.top/favicon.ico 200 
2026-07-22 22:05:32,985 [INFO] Capturing response: https://teletv5.top/load/yayinlink.php?id=bein-sports-4 200 
2026-07-22 22:05:33,001 [INFO] Capturing response: https://streamsport365.com/cinema 200 
2026-07-22 22:05:33,136 [INFO] Capturing request: https://www.atomsportv510.top/assets/img/player/player_logo_6a5f6c9cb38e0.png
2026-07-22 22:05:33,145 [INFO] Capturing request: https://hlsforever.forgetmoenszo.workers.dev/https://corestream.siteyaptim.live//bein4/tracks-v1a1/mono.m3u8
2026-07-22 22:05:33,257 [INFO] Capturing response: https://www.atomsportv510.top/assets/img/player/player_logo_6a5f6c9cb38e0.png 304 
2026-07-22 22:05:33,276 [INFO] Capturing response: https://hlsforever.forgetmoenszo.workers.dev/https://corestream.siteyaptim.live//bein4/tracks-v1a1/mono.m3u8 200 
2026-07-22 22:05:33,425 [INFO] Capturing request: https://global.siteyaptim.live/bein4/tracks-v1a1/2026/07/22/22/05/35-05000.avif
2026-07-22 22:05:33,729 [INFO] Capturing response: https://global.siteyaptim.live/bein4/tracks-v1a1/2026/07/22/22/05/35-05000.avif 200 
2026-07-22 22:05:33,899 [INFO] Capturing request: https://global.siteyaptim.live/bein4/tracks-v1a1/2026/07/22/22/05/40-05000.avif
2026-07-22 22:05:34,248 [INFO] Capturing response: https://global.siteyaptim.live/bein4/tracks-v1a1/2026/07/22/22/05/40-05000.avif 200 
2026-07-22 22:05:34,446 [INFO] Capturing request: https://global.siteyaptim.live/bein4/tracks-v1a1/2026/07/22/22/05/45-05000.avif
2026-07-22 22:05:34,718 [INFO] Capturing response: https://global.siteyaptim.live/bein4/tracks-v1a1/2026/07/22/22/05/45-05000.avif 200 
2026-07-22 22:05:35,756 [INFO]   ✅ M3U8 bulundu: https://hlsforever.forgetmoenszo.workers.dev/https://corestream.siteyaptim.live//bein4/tracks-v1a1/mono.m3u8
2026-07-22 22:05:36,757 [INFO] 
[5/14]
2026-07-22 22:05:36,757 [INFO] 🔍 beIN Sports 5 → https://www.atomsportv510.top/matches?id=bein-sports-5
2026-07-22 22:05:36,866 [INFO] Capturing request: https://www.atomsportv510.top/matches?id=bein-sports-5
2026-07-22 22:05:37,120 [INFO] Capturing response: https://www.atomsportv510.top/matches?id=bein-sports-5 200 
2026-07-22 22:05:37,231 [INFO] Capturing request: https://www.atomsportv510.top/assets/js/clappr.js
2026-07-22 22:05:37,350 [INFO] Capturing response: https://www.atomsportv510.top/assets/js/clappr.js 304 
2026-07-22 22:05:37,502 [INFO] Capturing request: https://teletv5.top/load/yayinlink.php?id=bein-sports-5
2026-07-22 22:05:37,504 [INFO] Capturing request: https://www.atomsportv510.top/favicon.ico
2026-07-22 22:05:37,532 [INFO] Capturing response: https://www.atomsportv510.top/favicon.ico 200 
2026-07-22 22:05:37,618 [INFO] Capturing request: https://streamsport365.com/cinema
2026-07-22 22:05:37,666 [INFO] Capturing response: https://teletv5.top/load/yayinlink.php?id=bein-sports-5 200 
2026-07-22 22:05:37,886 [INFO] Capturing response: https://streamsport365.com/cinema 200 
2026-07-22 22:05:37,997 [INFO] Capturing request: https://www.atomsportv510.top/assets/img/player/player_logo_6a5f6c9cb38e0.png
2026-07-22 22:05:38,007 [INFO] Capturing request: https://hlsforever.forgetmoenszo.workers.dev/https://corestream.siteyaptim.live//bein5/tracks-v1a1/mono.m3u8
2026-07-22 22:05:38,114 [INFO] Capturing response: https://www.atomsportv510.top/assets/img/player/player_logo_6a5f6c9cb38e0.png 304 
2026-07-22 22:05:38,146 [INFO] Capturing response: https://hlsforever.forgetmoenszo.workers.dev/https://corestream.siteyaptim.live//bein5/tracks-v1a1/mono.m3u8 200 
2026-07-22 22:05:38,256 [INFO] Capturing request: https://global.siteyaptim.live/bein5/tracks-v1a1/2026/07/22/22/06/40-06000.avif
2026-07-22 22:05:38,833 [INFO] Capturing response: https://global.siteyaptim.live/bein5/tracks-v1a1/2026/07/22/22/06/40-06000.avif 200 
2026-07-22 22:05:39,143 [INFO] Capturing request: https://global.siteyaptim.live/bein5/tracks-v1a1/2026/07/22/22/06/46-05340.avif
2026-07-22 22:05:39,712 [INFO] Capturing response: https://global.siteyaptim.live/bein5/tracks-v1a1/2026/07/22/22/06/46-05340.avif 200 
2026-07-22 22:05:40,009 [INFO] Capturing request: https://global.siteyaptim.live/bein5/tracks-v1a1/2026/07/22/22/06/52-06000.avif
2026-07-22 22:05:40,426 [INFO]   ✅ M3U8 bulundu: https://hlsforever.forgetmoenszo.workers.dev/https://corestream.siteyaptim.live//bein5/tracks-v1a1/mono.m3u8
2026-07-22 22:05:41,206 [INFO] Capturing response: https://global.siteyaptim.live/bein5/tracks-v1a1/2026/07/22/22/06/52-06000.avif 200 
2026-07-22 22:05:41,426 [INFO] 
[6/14]
2026-07-22 22:05:41,426 [INFO] 🔍 beIN Sports Max 1 → https://www.atomsportv510.top/matches?id=bein-sports-max-1
2026-07-22 22:05:41,508 [INFO] Capturing request: https://global.siteyaptim.live/bein5/tracks-v1a1/2026/07/22/22/06/58-06000.avif
2026-07-22 22:05:41,537 [INFO] Capturing request: https://www.atomsportv510.top/matches?id=bein-sports-max-1
2026-07-22 22:05:41,792 [INFO] Capturing response: https://www.atomsportv510.top/matches?id=bein-sports-max-1 200 
2026-07-22 22:05:41,906 [INFO] Capturing request: https://www.atomsportv510.top/assets/js/clappr.js
2026-07-22 22:05:42,027 [INFO] Capturing response: https://www.atomsportv510.top/assets/js/clappr.js 304 
2026-07-22 22:05:42,086 [INFO] Capturing request: https://streamsport365.com/cinema
2026-07-22 22:05:42,125 [INFO] Capturing response: https://global.siteyaptim.live/bein5/tracks-v1a1/2026/07/22/22/06/58-06000.avif 200 
2026-07-22 22:05:42,180 [INFO] 127.0.0.1:47348: ProtocolException("Error in HTTP connection: Http2ZombieException('Connection or stream already dead: 1784757942.1795874, False')")
2026-07-22 22:05:42,185 [INFO] Capturing request: https://www.atomsportv510.top/favicon.ico
2026-07-22 22:05:42,186 [INFO] Capturing request: https://teletv5.top/load/yayinlink.php?id=bein-sports-max-1
2026-07-22 22:05:42,220 [INFO] Capturing response: https://www.atomsportv510.top/favicon.ico 200 
2026-07-22 22:05:42,353 [INFO] Capturing response: https://teletv5.top/load/yayinlink.php?id=bein-sports-max-1 200 
2026-07-22 22:05:42,358 [INFO] Capturing response: https://streamsport365.com/cinema 200 
2026-07-22 22:05:42,505 [INFO] Capturing request: https://www.atomsportv510.top/assets/img/player/player_logo_6a5f6c9cb38e0.png
2026-07-22 22:05:42,515 [INFO] Capturing request: https://hlsforever.forgetmoenszo.workers.dev/https://corestream.siteyaptim.live//trtspor/tracks-v1a1/mono.m3u8
2026-07-22 22:05:42,626 [INFO] Capturing response: https://www.atomsportv510.top/assets/img/player/player_logo_6a5f6c9cb38e0.png 304 
2026-07-22 22:05:42,644 [INFO] Capturing response: https://hlsforever.forgetmoenszo.workers.dev/https://corestream.siteyaptim.live//trtspor/tracks-v1a1/mono.m3u8 404 
2026-07-22 22:05:43,168 [INFO] Capturing request: https://android.clients.google.com/c2dm/register3
2026-07-22 22:05:43,193 [INFO] Capturing response: https://android.clients.google.com/c2dm/register3 301 
2026-07-22 22:05:45,097 [INFO]   ✅ M3U8 bulundu: https://hlsforever.forgetmoenszo.workers.dev/https://corestream.siteyaptim.live//trtspor/tracks-v1a1/mono.m3u8
2026-07-22 22:05:46,097 [INFO] 
[7/14]
2026-07-22 22:05:46,098 [INFO] 🔍 beIN Sports Max 2 → https://www.atomsportv510.top/matches?id=bein-sports-max-2
2026-07-22 22:05:46,206 [INFO] Capturing request: https://www.atomsportv510.top/matches?id=bein-sports-max-2
2026-07-22 22:05:46,456 [INFO] Capturing response: https://www.atomsportv510.top/matches?id=bein-sports-max-2 200 
2026-07-22 22:05:46,566 [INFO] Capturing request: https://www.atomsportv510.top/assets/js/clappr.js
2026-07-22 22:05:46,687 [INFO] Capturing response: https://www.atomsportv510.top/assets/js/clappr.js 304 
2026-07-22 22:05:46,838 [INFO] Capturing request: https://teletv5.top/load/yayinlink.php?id=bein-sports-max-2
2026-07-22 22:05:46,840 [INFO] Capturing request: https://www.atomsportv510.top/favicon.ico
2026-07-22 22:05:46,877 [INFO] Capturing response: https://www.atomsportv510.top/favicon.ico 200 
2026-07-22 22:05:46,953 [INFO] Capturing request: https://streamsport365.com/cinema
2026-07-22 22:05:47,003 [INFO] Capturing response: https://teletv5.top/load/yayinlink.php?id=bein-sports-max-2 200 
2026-07-22 22:05:47,223 [INFO] Capturing response: https://streamsport365.com/cinema 200 
2026-07-22 22:05:47,336 [INFO] Capturing request: https://www.atomsportv510.top/assets/img/player/player_logo_6a5f6c9cb38e0.png
2026-07-22 22:05:47,348 [INFO] Capturing request: https://hlsforever.forgetmoenszo.workers.dev/https://corestream.siteyaptim.live//trtspor/tracks-v1a1/mono.m3u8
2026-07-22 22:05:47,476 [INFO] Capturing response: https://hlsforever.forgetmoenszo.workers.dev/https://corestream.siteyaptim.live//trtspor/tracks-v1a1/mono.m3u8 404 
2026-07-22 22:05:47,612 [INFO] Capturing response: https://www.atomsportv510.top/assets/img/player/player_logo_6a5f6c9cb38e0.png 304 
2026-07-22 22:05:49,752 [INFO]   ✅ M3U8 bulundu: https://hlsforever.forgetmoenszo.workers.dev/https://corestream.siteyaptim.live//trtspor/tracks-v1a1/mono.m3u8
2026-07-22 22:05:50,753 [INFO] 
[8/14]
2026-07-22 22:05:50,753 [INFO] 🔍 S Sport → https://www.atomsportv510.top/matches?id=s-sport
2026-07-22 22:05:50,861 [INFO] Capturing request: https://www.atomsportv510.top/matches?id=s-sport
2026-07-22 22:05:51,117 [INFO] Capturing response: https://www.atomsportv510.top/matches?id=s-sport 200 
2026-07-22 22:05:51,227 [INFO] Capturing request: https://www.atomsportv510.top/assets/js/clappr.js
2026-07-22 22:05:51,345 [INFO] Capturing response: https://www.atomsportv510.top/assets/js/clappr.js 304 
2026-07-22 22:05:51,400 [INFO] Capturing request: https://streamsport365.com/cinema
2026-07-22 22:05:51,496 [INFO] Capturing request: https://teletv5.top/load/yayinlink.php?id=s-sport
2026-07-22 22:05:51,499 [INFO] Capturing request: https://www.atomsportv510.top/favicon.ico
2026-07-22 22:05:51,526 [INFO] Capturing response: https://www.atomsportv510.top/favicon.ico 200 
2026-07-22 22:05:51,668 [INFO] Capturing response: https://streamsport365.com/cinema 200 
2026-07-22 22:05:51,760 [INFO] Capturing response: https://teletv5.top/load/yayinlink.php?id=s-sport 200 
2026-07-22 22:05:51,911 [INFO] Capturing request: https://www.atomsportv510.top/assets/img/player/player_logo_6a5f6c9cb38e0.png
2026-07-22 22:05:51,920 [INFO] Capturing request: https://hlsforever.forgetmoenszo.workers.dev/https://corestream.siteyaptim.live//s-sport/tracks-v1a1/mono.m3u8
2026-07-22 22:05:52,027 [INFO] Capturing response: https://www.atomsportv510.top/assets/img/player/player_logo_6a5f6c9cb38e0.png 304 
2026-07-22 22:05:52,052 [INFO] Capturing response: https://hlsforever.forgetmoenszo.workers.dev/https://corestream.siteyaptim.live//s-sport/tracks-v1a1/mono.m3u8 200 
2026-07-22 22:05:52,202 [INFO] Capturing request: https://global.siteyaptim.live/s-sport/tracks-v1a1/2026/07/22/22/06/50-06400.avif
2026-07-22 22:05:52,599 [INFO] Capturing response: https://global.siteyaptim.live/s-sport/tracks-v1a1/2026/07/22/22/06/50-06400.avif 200 
2026-07-22 22:05:52,864 [INFO] Capturing request: https://global.siteyaptim.live/s-sport/tracks-v1a1/2026/07/22/22/06/57-06400.avif
2026-07-22 22:05:53,603 [INFO] Capturing response: https://global.siteyaptim.live/s-sport/tracks-v1a1/2026/07/22/22/06/57-06400.avif 200 
2026-07-22 22:05:53,844 [INFO] Capturing request: https://global.siteyaptim.live/s-sport/tracks-v1a1/2026/07/22/22/07/03-06400.avif
2026-07-22 22:05:54,288 [INFO] Capturing response: https://global.siteyaptim.live/s-sport/tracks-v1a1/2026/07/22/22/07/03-06400.avif 200 
2026-07-22 22:05:54,420 [INFO]   ✅ M3U8 bulundu: https://hlsforever.forgetmoenszo.workers.dev/https://corestream.siteyaptim.live//s-sport/tracks-v1a1/mono.m3u8
2026-07-22 22:05:54,527 [INFO] Capturing request: https://global.siteyaptim.live/s-sport/tracks-v1a1/2026/07/22/22/07/10-06400.avif
2026-07-22 22:05:54,938 [INFO] Capturing response: https://global.siteyaptim.live/s-sport/tracks-v1a1/2026/07/22/22/07/10-06400.avif 200 
2026-07-22 22:05:55,420 [INFO] 
[9/14]
2026-07-22 22:05:55,421 [INFO] 🔍 S Sport 2 → https://www.atomsportv510.top/matches?id=s-sport-2
2026-07-22 22:05:55,531 [INFO] Capturing request: https://www.atomsportv510.top/matches?id=s-sport-2
2026-07-22 22:05:55,783 [INFO] Capturing response: https://www.atomsportv510.top/matches?id=s-sport-2 200 
2026-07-22 22:05:55,893 [INFO] Capturing request: https://www.atomsportv510.top/assets/js/clappr.js
2026-07-22 22:05:56,010 [INFO] Capturing response: https://www.atomsportv510.top/assets/js/clappr.js 304 
2026-07-22 22:05:56,163 [INFO] Capturing request: https://teletv5.top/load/yayinlink.php?id=s-sport-2
2026-07-22 22:05:56,164 [INFO] Capturing request: https://www.atomsportv510.top/favicon.ico
2026-07-22 22:05:56,193 [INFO] Capturing response: https://www.atomsportv510.top/favicon.ico 200 
2026-07-22 22:05:56,273 [INFO] Capturing request: https://streamsport365.com/cinema
2026-07-22 22:05:56,332 [INFO] Capturing response: https://teletv5.top/load/yayinlink.php?id=s-sport-2 200 
2026-07-22 22:05:56,544 [INFO] Capturing response: https://streamsport365.com/cinema 200 
2026-07-22 22:05:56,654 [INFO] Capturing request: https://www.atomsportv510.top/assets/img/player/player_logo_6a5f6c9cb38e0.png
2026-07-22 22:05:56,663 [INFO] Capturing request: https://hlsforever.forgetmoenszo.workers.dev/https://corestream.siteyaptim.live//s-sport2/tracks-v1a1/mono.m3u8
2026-07-22 22:05:56,773 [INFO] Capturing response: https://www.atomsportv510.top/assets/img/player/player_logo_6a5f6c9cb38e0.png 304 
2026-07-22 22:05:56,792 [INFO] Capturing response: https://hlsforever.forgetmoenszo.workers.dev/https://corestream.siteyaptim.live//s-sport2/tracks-v1a1/mono.m3u8 200 
2026-07-22 22:05:56,902 [INFO] Capturing request: https://global.siteyaptim.live/s-sport2/tracks-v1a1/2026/07/22/22/06/50-06400.avif
2026-07-22 22:05:57,486 [INFO] Capturing response: https://global.siteyaptim.live/s-sport2/tracks-v1a1/2026/07/22/22/06/50-06400.avif 200 
2026-07-22 22:05:57,766 [INFO] Capturing request: https://global.siteyaptim.live/s-sport2/tracks-v1a1/2026/07/22/22/06/56-06400.avif
2026-07-22 22:05:58,328 [INFO] Capturing response: https://global.siteyaptim.live/s-sport2/tracks-v1a1/2026/07/22/22/06/56-06400.avif 200 
2026-07-22 22:05:58,594 [INFO] Capturing request: https://global.siteyaptim.live/s-sport2/tracks-v1a1/2026/07/22/22/07/03-06400.avif
2026-07-22 22:05:59,084 [INFO]   ✅ M3U8 bulundu: https://hlsforever.forgetmoenszo.workers.dev/https://corestream.siteyaptim.live//s-sport2/tracks-v1a1/mono.m3u8
2026-07-22 22:05:59,411 [INFO] Capturing response: https://global.siteyaptim.live/s-sport2/tracks-v1a1/2026/07/22/22/07/03-06400.avif 200 
2026-07-22 22:05:59,669 [INFO] Capturing request: https://global.siteyaptim.live/s-sport2/tracks-v1a1/2026/07/22/22/07/09-06400.avif
2026-07-22 22:06:00,086 [INFO] 
[10/14]
2026-07-22 22:06:00,087 [INFO] 🔍 A Spor → https://www.atomsportv510.top/matches?id=a-spor
2026-07-22 22:06:00,161 [INFO] Capturing response: https://global.siteyaptim.live/s-sport2/tracks-v1a1/2026/07/22/22/07/09-06400.avif 200 
2026-07-22 22:06:00,217 [INFO] Capturing request: https://www.atomsportv510.top/matches?id=a-spor
2026-07-22 22:06:00,472 [INFO] Capturing response: https://www.atomsportv510.top/matches?id=a-spor 200 
2026-07-22 22:06:00,583 [INFO] Capturing request: https://www.atomsportv510.top/assets/js/clappr.js
2026-07-22 22:06:00,705 [INFO] Capturing response: https://www.atomsportv510.top/assets/js/clappr.js 304 
2026-07-22 22:06:00,759 [INFO] Capturing request: https://streamsport365.com/cinema
2026-07-22 22:06:00,859 [INFO] Capturing request: https://teletv5.top/load/yayinlink.php?id=a-spor
2026-07-22 22:06:00,861 [INFO] Capturing request: https://www.atomsportv510.top/favicon.ico
2026-07-22 22:06:00,899 [INFO] Capturing response: https://www.atomsportv510.top/favicon.ico 200 
2026-07-22 22:06:01,025 [INFO] Capturing response: https://teletv5.top/load/yayinlink.php?id=a-spor 200 
2026-07-22 22:06:01,029 [INFO] Capturing response: https://streamsport365.com/cinema 200 
2026-07-22 22:06:01,176 [INFO] Capturing request: https://www.atomsportv510.top/assets/img/player/player_logo_6a5f6c9cb38e0.png
2026-07-22 22:06:01,186 [INFO] Capturing request: https://hlsforever.forgetmoenszo.workers.dev/https://corestream.siteyaptim.live//aspor/tracks-v1a1/mono.m3u8
2026-07-22 22:06:01,297 [INFO] Capturing response: https://www.atomsportv510.top/assets/img/player/player_logo_6a5f6c9cb38e0.png 304 
2026-07-22 22:06:01,318 [INFO] Capturing response: https://hlsforever.forgetmoenszo.workers.dev/https://corestream.siteyaptim.live//aspor/tracks-v1a1/mono.m3u8 404 
2026-07-22 22:06:03,771 [INFO]   ✅ M3U8 bulundu: https://hlsforever.forgetmoenszo.workers.dev/https://corestream.siteyaptim.live//aspor/tracks-v1a1/mono.m3u8
2026-07-22 22:06:04,772 [INFO] 
[11/14]
2026-07-22 22:06:04,772 [INFO] 🔍 Tivibu Spor 1 → https://www.atomsportv510.top/matches?id=tivibu-spor-1
2026-07-22 22:06:04,882 [INFO] Capturing request: https://www.atomsportv510.top/matches?id=tivibu-spor-1
2026-07-22 22:06:05,136 [INFO] Capturing response: https://www.atomsportv510.top/matches?id=tivibu-spor-1 200 
2026-07-22 22:06:05,247 [INFO] Capturing request: https://www.atomsportv510.top/assets/js/clappr.js
2026-07-22 22:06:05,365 [INFO] Capturing response: https://www.atomsportv510.top/assets/js/clappr.js 304 
2026-07-22 22:06:05,518 [INFO] Capturing request: https://www.atomsportv510.top/favicon.ico
2026-07-22 22:06:05,519 [INFO] Capturing request: https://teletv5.top/load/yayinlink.php?id=tivibu-spor-1
2026-07-22 22:06:05,549 [INFO] Capturing response: https://www.atomsportv510.top/favicon.ico 200 
2026-07-22 22:06:05,632 [INFO] Capturing request: https://streamsport365.com/cinema
2026-07-22 22:06:05,686 [INFO] Capturing response: https://teletv5.top/load/yayinlink.php?id=tivibu-spor-1 200 
2026-07-22 22:06:05,899 [INFO] Capturing response: https://streamsport365.com/cinema 200 
2026-07-22 22:06:16,551 [INFO] Capturing request: https://update.googleapis.com/service/update2/json?cup2key=16:HZxodmLKHrtcb3FjlgKtoUwZ_pyAFpKMvrGeo3zlGLc&cup2hreq=077f5f94331b9049f313afeaa372fffbcba0386d50ee3bb40a4d575c5bee45c2
2026-07-22 22:06:16,577 [INFO] Capturing response: https://update.googleapis.com/service/update2/json?cup2key=16:HZxodmLKHrtcb3FjlgKtoUwZ_pyAFpKMvrGeo3zlGLc&cup2hreq=077f5f94331b9049f313afeaa372fffbcba0386d50ee3bb40a4d575c5bee45c2 200 
2026-07-22 22:06:16,583 [INFO] Capturing request: http://edgedl.me.gvt1.com/edgedl/release2/chrome_component/acf2q3pjacpnz4dldp3w64ueew6q_10666/hfnkpimlhhgieaddgfemjhofmfblmnib_10666_all_achpp4ekvggwi5wat32xj2hiuwea.crx3
2026-07-22 22:06:16,648 [INFO] Capturing response: http://edgedl.me.gvt1.com/edgedl/release2/chrome_component/acf2q3pjacpnz4dldp3w64ueew6q_10666/hfnkpimlhhgieaddgfemjhofmfblmnib_10666_all_achpp4ekvggwi5wat32xj2hiuwea.crx3 200 OK
2026-07-22 22:06:16,675 [INFO] Capturing request: https://update.googleapis.com/service/update2/json
2026-07-22 22:06:16,705 [INFO] Capturing response: https://update.googleapis.com/service/update2/json 200 
2026-07-22 22:06:16,750 [INFO] Capturing request: http://edgedl.me.gvt1.com/edgedl/diffgen-puffin/gcmjkmgdlgnkkcocmoeiminaijmmjnii/df2a22d5ecc7788c3330ebd5f856b41531c74f412a01ed7453d11284708009fe
2026-07-22 22:06:16,763 [INFO] Capturing response: http://edgedl.me.gvt1.com/edgedl/diffgen-puffin/gcmjkmgdlgnkkcocmoeiminaijmmjnii/df2a22d5ecc7788c3330ebd5f856b41531c74f412a01ed7453d11284708009fe 200 OK
2026-07-22 22:06:16,825 [INFO] Capturing request: https://update.googleapis.com/service/update2/json
2026-07-22 22:06:16,849 [INFO] Capturing response: https://update.googleapis.com/service/update2/json 200 
2026-07-22 22:06:32,436 [INFO] Capturing request: https://android.clients.google.com/c2dm/register3
2026-07-22 22:06:32,469 [INFO] Capturing response: https://android.clients.google.com/c2dm/register3 301 
2026-07-22 22:06:38,669 [WARNING]   ❌ Tivibu Spor 1 için M3U8 bulunamadı
2026-07-22 22:06:39,669 [INFO] 
[12/14]
2026-07-22 22:06:39,670 [INFO] 🔍 Tivibu Spor 2 → https://www.atomsportv510.top/matches?id=tivibu-spor-2
2026-07-22 22:06:39,815 [INFO] Capturing request: https://www.atomsportv510.top/matches?id=tivibu-spor-2
2026-07-22 22:06:40,533 [INFO] Capturing response: https://www.atomsportv510.top/matches?id=tivibu-spor-2 200 
2026-07-22 22:06:40,679 [INFO] Capturing request: https://www.atomsportv510.top/assets/js/clappr.js
2026-07-22 22:06:40,811 [INFO] Capturing response: https://www.atomsportv510.top/assets/js/clappr.js 304 
2026-07-22 22:06:40,969 [INFO] Capturing request: https://www.atomsportv510.top/favicon.ico
2026-07-22 22:06:41,004 [INFO] Capturing request: https://teletv5.top/load/yayinlink.php?id=tivibu-spor-2
2026-07-22 22:06:41,006 [INFO] Capturing response: https://www.atomsportv510.top/favicon.ico 200 
2026-07-22 22:06:41,364 [INFO] Capturing response: https://teletv5.top/load/yayinlink.php?id=tivibu-spor-2 200 
2026-07-22 22:06:41,569 [INFO] Capturing request: https://streamsport365.com/cinema
2026-07-22 22:06:41,840 [INFO] Capturing response: https://streamsport365.com/cinema 200 
2026-07-22 22:07:14,074 [WARNING]   ❌ Tivibu Spor 2 için M3U8 bulunamadı
2026-07-22 22:07:15,074 [INFO] 
[13/14]
2026-07-22 22:07:15,074 [INFO] 🔍 Tivibu Spor 3 → https://www.atomsportv510.top/matches?id=tivibu-spor-3
2026-07-22 22:07:15,183 [INFO] Capturing request: https://www.atomsportv510.top/matches?id=tivibu-spor-3
2026-07-22 22:07:15,593 [INFO] Capturing response: https://www.atomsportv510.top/matches?id=tivibu-spor-3 200 
2026-07-22 22:07:15,703 [INFO] Capturing request: https://www.atomsportv510.top/assets/js/clappr.js
2026-07-22 22:07:15,824 [INFO] Capturing response: https://www.atomsportv510.top/assets/js/clappr.js 304 
2026-07-22 22:07:15,973 [INFO] Capturing request: https://teletv5.top/load/yayinlink.php?id=tivibu-spor-3
2026-07-22 22:07:15,977 [INFO] Capturing request: https://www.atomsportv510.top/favicon.ico
2026-07-22 22:07:15,992 [INFO] Capturing response: https://teletv5.top/load/yayinlink.php?id=tivibu-spor-3 200 
2026-07-22 22:07:16,013 [INFO] Capturing response: https://www.atomsportv510.top/favicon.ico 200 
2026-07-22 22:07:16,086 [INFO] Capturing request: https://streamsport365.com/cinema
2026-07-22 22:07:16,355 [INFO] Capturing response: https://streamsport365.com/cinema 200 
2026-07-22 22:07:49,086 [WARNING]   ❌ Tivibu Spor 3 için M3U8 bulunamadı
2026-07-22 22:07:50,086 [INFO] 
[14/14]
2026-07-22 22:07:50,086 [INFO] 🔍 Tivibu Spor 4 → https://www.atomsportv510.top/matches?id=tivibu-spor-4
2026-07-22 22:07:50,197 [INFO] Capturing request: https://www.atomsportv510.top/matches?id=tivibu-spor-4
2026-07-22 22:07:50,585 [INFO] Capturing response: https://www.atomsportv510.top/matches?id=tivibu-spor-4 200 
2026-07-22 22:07:50,694 [INFO] Capturing request: https://www.atomsportv510.top/assets/js/clappr.js
2026-07-22 22:07:50,815 [INFO] Capturing response: https://www.atomsportv510.top/assets/js/clappr.js 304 
2026-07-22 22:07:50,968 [INFO] Capturing request: https://teletv5.top/load/yayinlink.php?id=tivibu-spor-4
2026-07-22 22:07:50,970 [INFO] Capturing request: https://www.atomsportv510.top/favicon.ico
2026-07-22 22:07:51,008 [INFO] Capturing response: https://www.atomsportv510.top/favicon.ico 200 
2026-07-22 22:07:51,078 [INFO] Capturing request: https://streamsport365.com/cinema
2026-07-22 22:07:51,150 [INFO] Capturing response: https://teletv5.top/load/yayinlink.php?id=tivibu-spor-4 200 
2026-07-22 22:07:51,347 [INFO] Capturing response: https://streamsport365.com/cinema 200 
2026-07-22 22:08:03,362 [INFO] Capturing request: https://android.clients.google.com/c2dm/register3
2026-07-22 22:08:03,400 [INFO] Capturing response: https://android.clients.google.com/c2dm/register3 301 
2026-07-22 22:08:24,076 [WARNING]   ❌ Tivibu Spor 4 için M3U8 bulunamadı
2026-07-22 22:08:25,135 [INFO] ✅ 10 kanal bulundu, playlist.m3u kaydedildi
