2026-07-08 03:36:19,144 [INFO] 🌐 BASE_URL: https://atomsportv508.top
2026-07-08 03:36:19,834 [INFO] Başlanıyor... 14 kanal taranacak
2026-07-08 03:36:19,834 [INFO] Using default request storage
2026-07-08 03:36:19,839 [INFO] Created proxy listening on 127.0.0.1:36469
2026-07-08 03:36:20,537 [INFO] Capturing request: http://clients2.google.com/time/1/current?cup2key=10:dLkIU5q51nGMhZ5b-_P7bWNsgoj90vhY1bulJqp3Nkk&cup2hreq=e3b0c44298fc1c149afbf4c8996fb92427ae41e4649b934ca495991b7852b855
2026-07-08 03:36:20,657 [INFO] Capturing response: http://clients2.google.com/time/1/current?cup2key=10:dLkIU5q51nGMhZ5b-_P7bWNsgoj90vhY1bulJqp3Nkk&cup2hreq=e3b0c44298fc1c149afbf4c8996fb92427ae41e4649b934ca495991b7852b855 200 OK
2026-07-08 03:36:20,698 [INFO] 
[1/14]
2026-07-08 03:36:20,698 [INFO] 🔍 beIN Sports 1 → https://atomsportv508.top/matches?id=bein-sports-1
2026-07-08 03:36:20,863 [INFO] Capturing request: https://update.googleapis.com/service/update2/json?cup2key=16:jNZX9lA5aP1FM7cPWEicql1xjHUHfsC6USPtYZp3WzE&cup2hreq=9748579f1aaaec7696d8c131ae9bd88e3884178d657134d11d9e629c3b405d74
2026-07-08 03:36:20,865 [INFO] Capturing request: https://accounts.google.com/ListAccounts?gpsia=1&source=ChromiumBrowser&json=standard&laf=b64bin
2026-07-08 03:36:20,925 [INFO] Capturing response: https://accounts.google.com/ListAccounts?gpsia=1&source=ChromiumBrowser&json=standard&laf=b64bin 200 
2026-07-08 03:36:20,929 [INFO] Capturing response: https://update.googleapis.com/service/update2/json?cup2key=16:jNZX9lA5aP1FM7cPWEicql1xjHUHfsC6USPtYZp3WzE&cup2hreq=9748579f1aaaec7696d8c131ae9bd88e3884178d657134d11d9e629c3b405d74 200 
2026-07-08 03:36:20,959 [INFO] Capturing request: https://atomsportv508.top/matches?id=bein-sports-1
2026-07-08 03:36:20,976 [INFO] Capturing request: https://update.googleapis.com/service/update2/json?cup2key=16:epMa_SFnlR8z742yXGs_SKMhUaYFLf3a2P04OPeVMXw&cup2hreq=e5135a146753008b0220a36a41cf0e40469362e0c9b4386013c1992b127bb36f
2026-07-08 03:36:21,033 [INFO] Capturing response: https://update.googleapis.com/service/update2/json?cup2key=16:epMa_SFnlR8z742yXGs_SKMhUaYFLf3a2P04OPeVMXw&cup2hreq=e5135a146753008b0220a36a41cf0e40469362e0c9b4386013c1992b127bb36f 200 
2026-07-08 03:36:21,241 [INFO] Capturing request: https://www.google.com/async/folae?async=_fmt:pb&udm=50&client_locale=en-US&client_country=ZZ
2026-07-08 03:36:21,273 [INFO] Capturing response: https://www.google.com/async/folae?async=_fmt:pb&udm=50&client_locale=en-US&client_country=ZZ 200 
2026-07-08 03:36:21,571 [INFO] Capturing response: https://atomsportv508.top/matches?id=bein-sports-1 200 
2026-07-08 03:36:21,722 [INFO] Capturing request: https://atomsportv508.top/assets/js/clappr.js
2026-07-08 03:36:21,790 [INFO] Capturing response: https://atomsportv508.top/assets/js/clappr.js 200 
2026-07-08 03:36:21,799 [INFO] Capturing request: https://cdn.jsdelivr.net/npm/@clappr/player@latest/dist/clappr.min.js
2026-07-08 03:36:21,802 [INFO] Capturing request: https://cdnjs.cloudflare.com/ajax/libs/jquery/3.2.1/jquery.min.js
2026-07-08 03:36:21,834 [INFO] Capturing response: https://cdnjs.cloudflare.com/ajax/libs/jquery/3.2.1/jquery.min.js 200 
2026-07-08 03:36:21,897 [INFO] Capturing response: https://cdn.jsdelivr.net/npm/@clappr/player@latest/dist/clappr.min.js 200 
2026-07-08 03:36:22,054 [INFO] Capturing request: https://static.cloudflareinsights.com/beacon.min.js/v4513226cdae34746b4dedf0b4dfa099e1781791509496
2026-07-08 03:36:22,081 [INFO] Capturing response: https://static.cloudflareinsights.com/beacon.min.js/v4513226cdae34746b4dedf0b4dfa099e1781791509496 200 
2026-07-08 03:36:22,142 [INFO] Capturing request: https://atomsportv508.top/cdn-cgi/rum?
2026-07-08 03:36:22,244 [INFO] Capturing request: https://atomsportv508.top/favicon.ico
2026-07-08 03:36:22,272 [INFO] Capturing response: https://atomsportv508.top/cdn-cgi/rum? 204 
2026-07-08 03:36:22,312 [INFO] Capturing response: https://atomsportv508.top/favicon.ico 200 
2026-07-08 03:36:22,389 [INFO] Capturing request: https://teletv5.top/load/yayinlink.php?id=bein-sports-1
2026-07-08 03:36:22,805 [INFO] Capturing request: https://streamsport365.com/cinema
2026-07-08 03:36:22,817 [INFO] Capturing response: https://teletv5.top/load/yayinlink.php?id=bein-sports-1 200 
2026-07-08 03:36:23,104 [INFO] Capturing response: https://streamsport365.com/cinema 200 
2026-07-08 03:36:23,234 [INFO] Capturing request: https://atomsportv508.top/assets/img/player_logo_6880e4e4c52ee.png
2026-07-08 03:36:23,322 [INFO] Capturing response: https://atomsportv508.top/assets/img/player_logo_6880e4e4c52ee.png 200 
2026-07-08 03:36:23,340 [INFO] Capturing request: https://hlssssss-wildflower-4845.ugurdurmus9402.workers.dev/https://corestream.taylandakanzi.help//trtspor/tracks-v1a1/mono.m3u8
2026-07-08 03:36:23,911 [INFO] Capturing response: https://hlssssss-wildflower-4845.ugurdurmus9402.workers.dev/https://corestream.taylandakanzi.help//trtspor/tracks-v1a1/mono.m3u8 200 
2026-07-08 03:36:24,036 [INFO] Capturing request: https://android.clients.google.com/checkin
2026-07-08 03:36:24,152 [INFO] Capturing response: https://android.clients.google.com/checkin 200 
2026-07-08 03:36:24,179 [INFO] Capturing request: https://tsss.ugurdurmus9402.workers.dev/trtspor/tracks-v1a1/2026/07/08/03/36/06-06000.avif
2026-07-08 03:36:24,201 [INFO] Capturing request: https://android.clients.google.com/c2dm/register3
2026-07-08 03:36:24,205 [INFO] Capturing request: https://android.clients.google.com/c2dm/register3
2026-07-08 03:36:24,206 [INFO] Capturing request: https://android.clients.google.com/c2dm/register3
2026-07-08 03:36:24,265 [INFO] Capturing response: https://android.clients.google.com/c2dm/register3 301 
2026-07-08 03:36:24,271 [INFO] Capturing response: https://android.clients.google.com/c2dm/register3 200 
2026-07-08 03:36:24,834 [INFO] Capturing response: https://android.clients.google.com/c2dm/register3 200 
2026-07-08 03:36:25,165 [INFO]   ✅ M3U8 bulundu: https://hlssssss-wildflower-4845.ugurdurmus9402.workers.dev/https://corestream.taylandakanzi.help//trtspor/tracks-v1a1/mono.m3u8
2026-07-08 03:36:25,301 [INFO] Capturing response: https://tsss.ugurdurmus9402.workers.dev/trtspor/tracks-v1a1/2026/07/08/03/36/06-06000.avif 200 
2026-07-08 03:36:25,543 [INFO] Capturing request: https://tsss.ugurdurmus9402.workers.dev/trtspor/tracks-v1a1/2026/07/08/03/36/12-06000.avif
2026-07-08 03:36:26,165 [INFO] 
[2/14]
2026-07-08 03:36:26,165 [INFO] 🔍 beIN Sports 2 → https://atomsportv508.top/matches?id=bein-sports-2
2026-07-08 03:36:26,278 [INFO] Capturing request: https://atomsportv508.top/matches?id=bein-sports-2
2026-07-08 03:36:26,325 [INFO] Capturing response: https://atomsportv508.top/matches?id=bein-sports-2 200 
2026-07-08 03:36:26,339 [INFO] Capturing request: https://atomsportv508.top/cdn-cgi/rum?
2026-07-08 03:36:26,388 [INFO] Capturing request: https://streamsport365.com/cinema
2026-07-08 03:36:26,391 [INFO] Capturing request: https://atomsportv508.top/cdn-cgi/rum?
2026-07-08 03:36:26,488 [INFO] Capturing request: https://teletv5.top/load/yayinlink.php?id=bein-sports-2
2026-07-08 03:36:26,499 [INFO] Capturing request: https://atomsportv508.top/favicon.ico
2026-07-08 03:36:26,511 [INFO] Capturing response: https://atomsportv508.top/cdn-cgi/rum? 204 
2026-07-08 03:36:26,525 [INFO] Capturing response: https://atomsportv508.top/cdn-cgi/rum? 204 
2026-07-08 03:36:26,543 [INFO] Capturing response: https://atomsportv508.top/favicon.ico 200 
2026-07-08 03:36:26,586 [INFO] Capturing response: https://tsss.ugurdurmus9402.workers.dev/trtspor/tracks-v1a1/2026/07/08/03/36/12-06000.avif 200 
2026-07-08 03:36:26,702 [INFO] Capturing response: https://streamsport365.com/cinema 200 
2026-07-08 03:36:26,822 [INFO] Capturing response: https://teletv5.top/load/yayinlink.php?id=bein-sports-2 200 
2026-07-08 03:36:26,942 [INFO] Capturing request: https://hlssssss-wildflower-4845.ugurdurmus9402.workers.dev/https://corestream.taylandakanzi.help//bein2/tracks-v1a1/mono.m3u8
2026-07-08 03:36:27,408 [INFO] Capturing response: https://hlssssss-wildflower-4845.ugurdurmus9402.workers.dev/https://corestream.taylandakanzi.help//bein2/tracks-v1a1/mono.m3u8 200 
2026-07-08 03:36:27,517 [INFO] Capturing request: https://tsss.ugurdurmus9402.workers.dev/bein2/tracks-v1a1/2026/07/08/03/36/08-05013.avif
2026-07-08 03:36:28,398 [INFO] Capturing response: https://tsss.ugurdurmus9402.workers.dev/bein2/tracks-v1a1/2026/07/08/03/36/08-05013.avif 200 
2026-07-08 03:36:28,514 [INFO] Capturing request: https://tsss.ugurdurmus9402.workers.dev/bein2/tracks-v1a1/2026/07/08/03/36/13-05013.avif
2026-07-08 03:36:29,417 [INFO]   ✅ M3U8 bulundu: https://hlssssss-wildflower-4845.ugurdurmus9402.workers.dev/https://corestream.taylandakanzi.help//bein2/tracks-v1a1/mono.m3u8
2026-07-08 03:36:29,444 [INFO] Capturing response: https://tsss.ugurdurmus9402.workers.dev/bein2/tracks-v1a1/2026/07/08/03/36/13-05013.avif 200 
2026-07-08 03:36:29,555 [INFO] Capturing request: https://tsss.ugurdurmus9402.workers.dev/bein2/tracks-v1a1/2026/07/08/03/36/18-05013.avif
2026-07-08 03:36:30,417 [INFO] 
[3/14]
2026-07-08 03:36:30,418 [INFO] 🔍 beIN Sports 3 → https://atomsportv508.top/matches?id=bein-sports-3
2026-07-08 03:36:30,448 [INFO] Capturing response: https://tsss.ugurdurmus9402.workers.dev/bein2/tracks-v1a1/2026/07/08/03/36/18-05013.avif 200 
2026-07-08 03:36:30,527 [INFO] Capturing request: https://atomsportv508.top/assets/js/clappr.js
2026-07-08 03:36:30,528 [INFO] Capturing request: https://atomsportv508.top/matches?id=bein-sports-3
2026-07-08 03:36:30,556 [INFO] Capturing response: https://atomsportv508.top/assets/js/clappr.js 200 
2026-07-08 03:36:30,599 [INFO] Capturing request: https://tsss.ugurdurmus9402.workers.dev/bein2/tracks-v1a1/2026/07/08/03/36/23-05013.avif
2026-07-08 03:36:30,602 [INFO] Capturing response: https://atomsportv508.top/matches?id=bein-sports-3 200 
2026-07-08 03:36:30,611 [INFO] Capturing request: https://atomsportv508.top/cdn-cgi/rum?
2026-07-08 03:36:30,638 [INFO] Capturing request: https://atomsportv508.top/cdn-cgi/rum?
2026-07-08 03:36:30,738 [INFO] Capturing request: https://teletv5.top/load/yayinlink.php?id=bein-sports-3
2026-07-08 03:36:30,741 [INFO] Capturing request: https://atomsportv508.top/favicon.ico
2026-07-08 03:36:30,756 [INFO] Capturing response: https://atomsportv508.top/cdn-cgi/rum? 204 
2026-07-08 03:36:30,765 [INFO] Capturing response: https://atomsportv508.top/cdn-cgi/rum? 204 
2026-07-08 03:36:30,785 [INFO] Capturing response: https://atomsportv508.top/favicon.ico 200 
2026-07-08 03:36:30,871 [INFO] Capturing request: https://streamsport365.com/cinema
2026-07-08 03:36:30,951 [INFO] Capturing response: https://teletv5.top/load/yayinlink.php?id=bein-sports-3 200 
2026-07-08 03:36:31,183 [INFO] Capturing response: https://streamsport365.com/cinema 200 
2026-07-08 03:36:31,618 [INFO] Capturing response: https://tsss.ugurdurmus9402.workers.dev/bein2/tracks-v1a1/2026/07/08/03/36/23-05013.avif 200 
2026-07-08 03:36:50,435 [INFO] Capturing request: https://android.clients.google.com/c2dm/register3
2026-07-08 03:36:50,916 [INFO] Capturing response: https://android.clients.google.com/c2dm/register3 200 
2026-07-08 03:36:51,339 [INFO] Capturing request: https://android.clients.google.com/c2dm/register3
2026-07-08 03:36:51,408 [INFO] Capturing response: https://android.clients.google.com/c2dm/register3 301 
2026-07-08 03:37:03,950 [WARNING]   ❌ beIN Sports 3 için M3U8 bulunamadı
2026-07-08 03:37:04,951 [INFO] 
[4/14]
2026-07-08 03:37:04,951 [INFO] 🔍 beIN Sports 4 → https://atomsportv508.top/matches?id=bein-sports-4
2026-07-08 03:37:05,059 [INFO] Capturing request: https://atomsportv508.top/assets/js/clappr.js
2026-07-08 03:37:05,061 [INFO] Capturing request: https://atomsportv508.top/matches?id=bein-sports-4
2026-07-08 03:37:05,089 [INFO] Capturing response: https://atomsportv508.top/assets/js/clappr.js 200 
2026-07-08 03:37:05,358 [INFO] Capturing response: https://atomsportv508.top/matches?id=bein-sports-4 200 
2026-07-08 03:37:05,367 [INFO] Capturing request: https://atomsportv508.top/cdn-cgi/rum?
2026-07-08 03:37:05,402 [INFO] Capturing request: https://atomsportv508.top/cdn-cgi/rum?
2026-07-08 03:37:05,499 [INFO] Capturing request: https://teletv5.top/load/yayinlink.php?id=bein-sports-4
2026-07-08 03:37:05,504 [INFO] Capturing response: https://atomsportv508.top/cdn-cgi/rum? 204 
2026-07-08 03:37:05,505 [INFO] Capturing request: https://atomsportv508.top/favicon.ico
2026-07-08 03:37:05,549 [INFO] Capturing response: https://atomsportv508.top/favicon.ico 200 
2026-07-08 03:37:05,572 [INFO] Capturing response: https://atomsportv508.top/cdn-cgi/rum? 204 
2026-07-08 03:37:05,629 [INFO] Capturing request: https://streamsport365.com/cinema
2026-07-08 03:37:05,730 [INFO] Capturing response: https://teletv5.top/load/yayinlink.php?id=bein-sports-4 200 
2026-07-08 03:37:05,943 [INFO] Capturing response: https://streamsport365.com/cinema 200 
2026-07-08 03:37:20,527 [INFO] Capturing request: https://update.googleapis.com/service/update2/json?cup2key=16:Wl49jReqeGhQUCqAx4PyXVN4dQ1UczgZCqgTJTrIISM&cup2hreq=2b3382541c30905e20bf8d5c31502bc863fca738a2626392b2209abacb2670d4
2026-07-08 03:37:20,587 [INFO] Capturing response: https://update.googleapis.com/service/update2/json?cup2key=16:Wl49jReqeGhQUCqAx4PyXVN4dQ1UczgZCqgTJTrIISM&cup2hreq=2b3382541c30905e20bf8d5c31502bc863fca738a2626392b2209abacb2670d4 200 
2026-07-08 03:37:20,593 [INFO] Capturing request: http://edgedl.me.gvt1.com/edgedl/diffgen-puffin/gcmjkmgdlgnkkcocmoeiminaijmmjnii/df2a22d5ecc7788c3330ebd5f856b41531c74f412a01ed7453d11284708009fe
2026-07-08 03:37:20,721 [INFO] Capturing response: http://edgedl.me.gvt1.com/edgedl/diffgen-puffin/gcmjkmgdlgnkkcocmoeiminaijmmjnii/df2a22d5ecc7788c3330ebd5f856b41531c74f412a01ed7453d11284708009fe 200 OK
2026-07-08 03:37:20,748 [INFO] Capturing request: https://update.googleapis.com/service/update2/json
2026-07-08 03:37:20,804 [INFO] Capturing response: https://update.googleapis.com/service/update2/json 200 
2026-07-08 03:37:20,849 [INFO] Capturing request: http://edgedl.me.gvt1.com/edgedl/release2/chrome_component/adxt5dv46nra63h6hv7rjz5xyuaa_10633/hfnkpimlhhgieaddgfemjhofmfblmnib_10633_all_nk5dltyw2vpuqk23g3abz5uuv4.crx3
2026-07-08 03:37:21,003 [INFO] Capturing response: http://edgedl.me.gvt1.com/edgedl/release2/chrome_component/adxt5dv46nra63h6hv7rjz5xyuaa_10633/hfnkpimlhhgieaddgfemjhofmfblmnib_10633_all_nk5dltyw2vpuqk23g3abz5uuv4.crx3 200 OK
2026-07-08 03:37:21,037 [INFO] Capturing request: https://update.googleapis.com/service/update2/json
2026-07-08 03:37:21,073 [INFO] Capturing response: https://update.googleapis.com/service/update2/json 200 
2026-07-08 03:37:38,686 [WARNING]   ❌ beIN Sports 4 için M3U8 bulunamadı
2026-07-08 03:37:39,686 [INFO] 
[5/14]
2026-07-08 03:37:39,686 [INFO] 🔍 beIN Sports 5 → https://atomsportv508.top/matches?id=bein-sports-5
2026-07-08 03:37:39,865 [INFO] Capturing request: https://atomsportv508.top/matches?id=bein-sports-5
2026-07-08 03:37:39,868 [INFO] Capturing request: https://atomsportv508.top/assets/js/clappr.js
2026-07-08 03:37:39,949 [INFO] Capturing response: https://atomsportv508.top/assets/js/clappr.js 200 
2026-07-08 03:37:40,425 [INFO] Capturing response: https://atomsportv508.top/matches?id=bein-sports-5 200 
2026-07-08 03:37:40,437 [INFO] Capturing request: https://atomsportv508.top/cdn-cgi/rum?
2026-07-08 03:37:40,469 [INFO] Capturing request: https://atomsportv508.top/cdn-cgi/rum?
2026-07-08 03:37:40,570 [INFO] Capturing request: https://atomsportv508.top/favicon.ico
2026-07-08 03:37:40,587 [INFO] Capturing response: https://atomsportv508.top/cdn-cgi/rum? 204 
2026-07-08 03:37:40,596 [INFO] Capturing response: https://atomsportv508.top/cdn-cgi/rum? 204 
2026-07-08 03:37:40,615 [INFO] Capturing response: https://atomsportv508.top/favicon.ico 200 
2026-07-08 03:37:40,627 [INFO] Capturing request: https://teletv5.top/load/yayinlink.php?id=bein-sports-5
2026-07-08 03:37:40,849 [INFO] Capturing response: https://teletv5.top/load/yayinlink.php?id=bein-sports-5 200 
2026-07-08 03:37:41,154 [INFO] Capturing request: https://streamsport365.com/cinema
2026-07-08 03:37:41,468 [INFO] Capturing response: https://streamsport365.com/cinema 200 
2026-07-08 03:37:43,353 [INFO] Capturing request: https://android.clients.google.com/c2dm/register3
2026-07-08 03:37:43,422 [INFO] Capturing response: https://android.clients.google.com/c2dm/register3 301 
2026-07-08 03:38:13,739 [WARNING]   ❌ beIN Sports 5 için M3U8 bulunamadı
2026-07-08 03:38:14,739 [INFO] 
[6/14]
2026-07-08 03:38:14,739 [INFO] 🔍 beIN Sports Max 1 → https://atomsportv508.top/matches?id=bein-sports-max-1
2026-07-08 03:38:14,847 [INFO] Capturing request: https://atomsportv508.top/assets/js/clappr.js
2026-07-08 03:38:14,850 [INFO] Capturing request: https://atomsportv508.top/matches?id=bein-sports-max-1
2026-07-08 03:38:14,876 [INFO] Capturing response: https://atomsportv508.top/assets/js/clappr.js 200 
2026-07-08 03:38:15,350 [INFO] Capturing response: https://atomsportv508.top/matches?id=bein-sports-max-1 200 
2026-07-08 03:38:15,359 [INFO] Capturing request: https://atomsportv508.top/cdn-cgi/rum?
2026-07-08 03:38:15,386 [INFO] Capturing request: https://atomsportv508.top/cdn-cgi/rum?
2026-07-08 03:38:15,489 [INFO] Capturing request: https://teletv5.top/load/yayinlink.php?id=bein-sports-max-1
2026-07-08 03:38:15,491 [INFO] Capturing request: https://atomsportv508.top/favicon.ico
2026-07-08 03:38:15,492 [INFO] Capturing response: https://atomsportv508.top/cdn-cgi/rum? 204 
2026-07-08 03:38:15,534 [INFO] Capturing response: https://atomsportv508.top/favicon.ico 200 
2026-07-08 03:38:15,557 [INFO] Capturing response: https://atomsportv508.top/cdn-cgi/rum? 204 
2026-07-08 03:38:15,616 [INFO] Capturing request: https://streamsport365.com/cinema
2026-07-08 03:38:15,895 [INFO] Capturing response: https://teletv5.top/load/yayinlink.php?id=bein-sports-max-1 200 
2026-07-08 03:38:15,936 [INFO] Capturing response: https://streamsport365.com/cinema 200 
2026-07-08 03:38:48,657 [WARNING]   ❌ beIN Sports Max 1 için M3U8 bulunamadı
2026-07-08 03:38:49,658 [INFO] 
[7/14]
2026-07-08 03:38:49,658 [INFO] 🔍 beIN Sports Max 2 → https://atomsportv508.top/matches?id=bein-sports-max-2
2026-07-08 03:38:49,766 [INFO] Capturing request: https://atomsportv508.top/assets/js/clappr.js
2026-07-08 03:38:49,771 [INFO] Capturing request: https://atomsportv508.top/matches?id=bein-sports-max-2
2026-07-08 03:38:49,800 [INFO] Capturing response: https://atomsportv508.top/assets/js/clappr.js 200 
2026-07-08 03:38:50,060 [INFO] Capturing response: https://atomsportv508.top/matches?id=bein-sports-max-2 200 
2026-07-08 03:38:50,070 [INFO] Capturing request: https://atomsportv508.top/cdn-cgi/rum?
2026-07-08 03:38:50,106 [INFO] Capturing request: https://atomsportv508.top/cdn-cgi/rum?
2026-07-08 03:38:50,199 [INFO] Capturing request: https://teletv5.top/load/yayinlink.php?id=bein-sports-max-2
2026-07-08 03:38:50,212 [INFO] Capturing response: https://atomsportv508.top/cdn-cgi/rum? 204 
2026-07-08 03:38:50,212 [INFO] Capturing request: https://atomsportv508.top/favicon.ico
2026-07-08 03:38:50,258 [INFO] Capturing response: https://atomsportv508.top/favicon.ico 200 
2026-07-08 03:38:50,274 [INFO] Capturing response: https://atomsportv508.top/cdn-cgi/rum? 204 
2026-07-08 03:38:50,332 [INFO] Capturing request: https://streamsport365.com/cinema
2026-07-08 03:38:50,429 [INFO] Capturing response: https://teletv5.top/load/yayinlink.php?id=bein-sports-max-2 200 
2026-07-08 03:38:50,652 [INFO] Capturing response: https://streamsport365.com/cinema 200 
2026-07-08 03:39:23,384 [WARNING]   ❌ beIN Sports Max 2 için M3U8 bulunamadı
2026-07-08 03:39:24,384 [INFO] 
[8/14]
2026-07-08 03:39:24,384 [INFO] 🔍 S Sport → https://atomsportv508.top/matches?id=s-sport
2026-07-08 03:39:24,492 [INFO] Capturing request: https://atomsportv508.top/assets/js/clappr.js
2026-07-08 03:39:24,495 [INFO] Capturing request: https://atomsportv508.top/matches?id=s-sport
2026-07-08 03:39:24,522 [INFO] Capturing response: https://atomsportv508.top/assets/js/clappr.js 200 
2026-07-08 03:39:24,767 [INFO] Capturing response: https://atomsportv508.top/matches?id=s-sport 200 
2026-07-08 03:39:24,776 [INFO] Capturing request: https://atomsportv508.top/cdn-cgi/rum?
2026-07-08 03:39:24,807 [INFO] Capturing request: https://atomsportv508.top/cdn-cgi/rum?
2026-07-08 03:39:24,903 [INFO] Capturing request: https://teletv5.top/load/yayinlink.php?id=s-sport
2026-07-08 03:39:24,913 [INFO] Capturing response: https://atomsportv508.top/cdn-cgi/rum? 204 
2026-07-08 03:39:24,914 [INFO] Capturing request: https://atomsportv508.top/favicon.ico
2026-07-08 03:39:24,966 [INFO] Capturing response: https://atomsportv508.top/favicon.ico 200 
2026-07-08 03:39:24,977 [INFO] Capturing response: https://atomsportv508.top/cdn-cgi/rum? 204 
2026-07-08 03:39:25,046 [INFO] Capturing request: https://streamsport365.com/cinema
2026-07-08 03:39:25,130 [INFO] Capturing response: https://teletv5.top/load/yayinlink.php?id=s-sport 200 
2026-07-08 03:39:25,363 [INFO] Capturing response: https://streamsport365.com/cinema 200 
2026-07-08 03:39:25,536 [INFO] Capturing request: https://hlssssss-wildflower-4845.ugurdurmus9402.workers.dev/https://corestream.taylandakanzi.help//s-sportt/tracks-v1a1/mono.m3u8
2026-07-08 03:39:25,990 [INFO] Capturing response: https://hlssssss-wildflower-4845.ugurdurmus9402.workers.dev/https://corestream.taylandakanzi.help//s-sportt/tracks-v1a1/mono.m3u8 200 
2026-07-08 03:39:26,191 [INFO] Capturing request: https://tsss.ugurdurmus9402.workers.dev/s-sportt/tracks-v1a1/2026/07/08/03/39/22-06000.avif
2026-07-08 03:39:27,823 [INFO]   ✅ M3U8 bulundu: https://hlssssss-wildflower-4845.ugurdurmus9402.workers.dev/https://corestream.taylandakanzi.help//s-sportt/tracks-v1a1/mono.m3u8
2026-07-08 03:39:28,076 [INFO] Capturing response: https://tsss.ugurdurmus9402.workers.dev/s-sportt/tracks-v1a1/2026/07/08/03/39/22-06000.avif 200 
2026-07-08 03:39:28,310 [INFO] Capturing request: https://tsss.ugurdurmus9402.workers.dev/s-sportt/tracks-v1a1/2026/07/08/03/39/28-06000.avif
2026-07-08 03:39:28,824 [INFO] 
[9/14]
2026-07-08 03:39:28,824 [INFO] 🔍 S Sport 2 → https://atomsportv508.top/matches?id=s-sport-2
2026-07-08 03:39:28,935 [INFO] Capturing request: https://atomsportv508.top/assets/js/clappr.js
2026-07-08 03:39:28,936 [INFO] Capturing request: https://atomsportv508.top/matches?id=s-sport-2
2026-07-08 03:39:28,966 [INFO] Capturing response: https://atomsportv508.top/assets/js/clappr.js 200 
2026-07-08 03:39:29,011 [INFO] Capturing response: https://atomsportv508.top/matches?id=s-sport-2 200 
2026-07-08 03:39:29,022 [INFO] Capturing request: https://atomsportv508.top/cdn-cgi/rum?
2026-07-08 03:39:29,057 [INFO] Capturing request: https://streamsport365.com/cinema
2026-07-08 03:39:29,065 [INFO] Capturing request: https://atomsportv508.top/cdn-cgi/rum?
2026-07-08 03:39:29,155 [INFO] Capturing request: https://teletv5.top/load/yayinlink.php?id=s-sport-2
2026-07-08 03:39:29,168 [INFO] Capturing request: https://atomsportv508.top/favicon.ico
2026-07-08 03:39:29,184 [INFO] Capturing response: https://atomsportv508.top/cdn-cgi/rum? 204 
2026-07-08 03:39:29,191 [INFO] Capturing response: https://atomsportv508.top/cdn-cgi/rum? 204 
2026-07-08 03:39:29,212 [INFO] Capturing response: https://atomsportv508.top/favicon.ico 200 
2026-07-08 03:39:29,375 [INFO] Capturing response: https://streamsport365.com/cinema 200 
2026-07-08 03:39:29,378 [INFO] Capturing response: https://teletv5.top/load/yayinlink.php?id=s-sport-2 200 
2026-07-08 03:39:29,540 [INFO] Capturing request: https://hlssssss-wildflower-4845.ugurdurmus9402.workers.dev/https://corestream.taylandakanzi.help//s-sport2/tracks-v1a1/mono.m3u8
2026-07-08 03:39:29,683 [INFO] Capturing response: https://hlssssss-wildflower-4845.ugurdurmus9402.workers.dev/https://corestream.taylandakanzi.help//s-sport2/tracks-v1a1/mono.m3u8 200 
2026-07-08 03:39:29,794 [INFO] Capturing request: https://tsss.ugurdurmus9402.workers.dev/s-sport2/tracks-v1a1/2026/07/08/03/40/23-06000.avif
2026-07-08 03:39:29,853 [INFO] Capturing response: https://tsss.ugurdurmus9402.workers.dev/s-sportt/tracks-v1a1/2026/07/08/03/39/28-06000.avif 200 
2026-07-08 03:39:29,902 [INFO] 127.0.0.1:54060: ProtocolException("Error in HTTP connection: Http2ZombieException('Connection or stream already dead: 1783481969.9017122, False')")
2026-07-08 03:39:31,269 [INFO] Capturing response: https://tsss.ugurdurmus9402.workers.dev/s-sport2/tracks-v1a1/2026/07/08/03/40/23-06000.avif 200 
2026-07-08 03:39:32,083 [INFO]   ✅ M3U8 bulundu: https://hlssssss-wildflower-4845.ugurdurmus9402.workers.dev/https://corestream.taylandakanzi.help//s-sport2/tracks-v1a1/mono.m3u8
2026-07-08 03:39:32,476 [INFO] Capturing request: https://android.clients.google.com/c2dm/register3
2026-07-08 03:39:32,532 [INFO] Capturing response: https://android.clients.google.com/c2dm/register3 301 
2026-07-08 03:39:33,084 [INFO] 
[10/14]
2026-07-08 03:39:33,084 [INFO] 🔍 A Spor → https://atomsportv508.top/matches?id=a-spor
2026-07-08 03:39:33,192 [INFO] Capturing request: https://atomsportv508.top/assets/js/clappr.js
2026-07-08 03:39:33,194 [INFO] Capturing request: https://atomsportv508.top/matches?id=a-spor
2026-07-08 03:39:33,221 [INFO] Capturing response: https://atomsportv508.top/assets/js/clappr.js 200 
2026-07-08 03:39:33,269 [INFO] Capturing response: https://atomsportv508.top/matches?id=a-spor 200 
2026-07-08 03:39:33,278 [INFO] Capturing request: https://atomsportv508.top/cdn-cgi/rum?
2026-07-08 03:39:33,305 [INFO] Capturing request: https://atomsportv508.top/cdn-cgi/rum?
2026-07-08 03:39:33,403 [INFO] Capturing request: https://teletv5.top/load/yayinlink.php?id=a-spor
2026-07-08 03:39:33,410 [INFO] Capturing request: https://atomsportv508.top/favicon.ico
2026-07-08 03:39:33,425 [INFO] Capturing response: https://atomsportv508.top/cdn-cgi/rum? 204 
2026-07-08 03:39:33,434 [INFO] Capturing response: https://atomsportv508.top/cdn-cgi/rum? 204 
2026-07-08 03:39:33,450 [INFO] Capturing response: https://atomsportv508.top/favicon.ico 200 
2026-07-08 03:39:33,534 [INFO] Capturing request: https://streamsport365.com/cinema
2026-07-08 03:39:33,626 [INFO] Capturing response: https://teletv5.top/load/yayinlink.php?id=a-spor 200 
2026-07-08 03:39:33,849 [INFO] Capturing response: https://streamsport365.com/cinema 200 
2026-07-08 03:39:33,967 [INFO] Capturing request: https://hlssssss-wildflower-4845.ugurdurmus9402.workers.dev/https://corestream.taylandakanzi.help//aspor/tracks-v1a1/mono.m3u8
2026-07-08 03:39:34,110 [INFO] Capturing response: https://hlssssss-wildflower-4845.ugurdurmus9402.workers.dev/https://corestream.taylandakanzi.help//aspor/tracks-v1a1/mono.m3u8 200 
2026-07-08 03:39:34,219 [INFO] Capturing request: https://tsss.ugurdurmus9402.workers.dev/aspor/tracks-v1a1/2026/07/08/03/39/14-06000.avif
2026-07-08 03:39:35,906 [INFO] Capturing response: https://tsss.ugurdurmus9402.workers.dev/aspor/tracks-v1a1/2026/07/08/03/39/14-06000.avif 200 
2026-07-08 03:39:36,137 [INFO] Capturing request: https://tsss.ugurdurmus9402.workers.dev/aspor/tracks-v1a1/2026/07/08/03/39/20-06000.avif
2026-07-08 03:39:36,324 [INFO]   ✅ M3U8 bulundu: https://hlssssss-wildflower-4845.ugurdurmus9402.workers.dev/https://corestream.taylandakanzi.help//aspor/tracks-v1a1/mono.m3u8
2026-07-08 03:39:37,326 [INFO] 
[11/14]
2026-07-08 03:39:37,326 [INFO] 🔍 Tivibu Spor 1 → https://atomsportv508.top/matches?id=tivibu-spor-1
2026-07-08 03:39:37,437 [INFO] Capturing request: https://atomsportv508.top/assets/js/clappr.js
2026-07-08 03:39:37,439 [INFO] Capturing request: https://atomsportv508.top/matches?id=tivibu-spor-1
2026-07-08 03:39:37,467 [INFO] Capturing response: https://atomsportv508.top/assets/js/clappr.js 200 
2026-07-08 03:39:37,518 [INFO] Capturing response: https://atomsportv508.top/matches?id=tivibu-spor-1 200 
2026-07-08 03:39:37,539 [INFO] Capturing request: https://atomsportv508.top/cdn-cgi/rum?
2026-07-08 03:39:37,571 [INFO] Capturing request: https://streamsport365.com/cinema
2026-07-08 03:39:37,579 [INFO] Capturing request: https://atomsportv508.top/cdn-cgi/rum?
2026-07-08 03:39:37,614 [INFO] Capturing response: https://tsss.ugurdurmus9402.workers.dev/aspor/tracks-v1a1/2026/07/08/03/39/20-06000.avif 200 
2026-07-08 03:39:37,663 [INFO] Capturing request: https://teletv5.top/load/yayinlink.php?id=tivibu-spor-1
2026-07-08 03:39:37,675 [INFO] Capturing request: https://atomsportv508.top/favicon.ico
2026-07-08 03:39:37,697 [INFO] Capturing response: https://atomsportv508.top/cdn-cgi/rum? 204 
2026-07-08 03:39:37,707 [INFO] Capturing response: https://atomsportv508.top/cdn-cgi/rum? 204 
2026-07-08 03:39:37,716 [INFO] Capturing response: https://atomsportv508.top/favicon.ico 200 
2026-07-08 03:39:37,892 [INFO] Capturing response: https://teletv5.top/load/yayinlink.php?id=tivibu-spor-1 200 
2026-07-08 03:39:37,894 [INFO] Capturing response: https://streamsport365.com/cinema 200 
2026-07-08 03:40:10,848 [WARNING]   ❌ Tivibu Spor 1 için M3U8 bulunamadı
2026-07-08 03:40:11,848 [INFO] 
[12/14]
2026-07-08 03:40:11,848 [INFO] 🔍 Tivibu Spor 2 → https://atomsportv508.top/matches?id=tivibu-spor-2
2026-07-08 03:40:11,958 [INFO] Capturing request: https://atomsportv508.top/assets/js/clappr.js
2026-07-08 03:40:11,960 [INFO] Capturing request: https://atomsportv508.top/matches?id=tivibu-spor-2
2026-07-08 03:40:11,988 [INFO] Capturing response: https://atomsportv508.top/assets/js/clappr.js 200 
2026-07-08 03:40:12,242 [INFO] Capturing response: https://atomsportv508.top/matches?id=tivibu-spor-2 200 
2026-07-08 03:40:12,250 [INFO] Capturing request: https://atomsportv508.top/cdn-cgi/rum?
2026-07-08 03:40:12,282 [INFO] Capturing request: https://atomsportv508.top/cdn-cgi/rum?
2026-07-08 03:40:12,375 [INFO] Capturing request: https://teletv5.top/load/yayinlink.php?id=tivibu-spor-2
2026-07-08 03:40:12,385 [INFO] Capturing response: https://atomsportv508.top/cdn-cgi/rum? 204 
2026-07-08 03:40:12,385 [INFO] Capturing request: https://atomsportv508.top/favicon.ico
2026-07-08 03:40:12,435 [INFO] Capturing response: https://atomsportv508.top/favicon.ico 200 
2026-07-08 03:40:12,450 [INFO] Capturing response: https://atomsportv508.top/cdn-cgi/rum? 204 
2026-07-08 03:40:12,508 [INFO] Capturing request: https://streamsport365.com/cinema
2026-07-08 03:40:12,614 [INFO] Capturing response: https://teletv5.top/load/yayinlink.php?id=tivibu-spor-2 200 
2026-07-08 03:40:12,812 [INFO] Capturing response: https://streamsport365.com/cinema 200 
2026-07-08 03:40:45,555 [WARNING]   ❌ Tivibu Spor 2 için M3U8 bulunamadı
2026-07-08 03:40:46,555 [INFO] 
[13/14]
2026-07-08 03:40:46,555 [INFO] 🔍 Tivibu Spor 3 → https://atomsportv508.top/matches?id=tivibu-spor-3
2026-07-08 03:40:46,665 [INFO] Capturing request: https://atomsportv508.top/assets/js/clappr.js
2026-07-08 03:40:46,666 [INFO] Capturing request: https://atomsportv508.top/matches?id=tivibu-spor-3
2026-07-08 03:40:46,694 [INFO] Capturing response: https://atomsportv508.top/assets/js/clappr.js 200 
2026-07-08 03:40:46,946 [INFO] Capturing response: https://atomsportv508.top/matches?id=tivibu-spor-3 200 
2026-07-08 03:40:46,954 [INFO] Capturing request: https://atomsportv508.top/cdn-cgi/rum?
2026-07-08 03:40:46,989 [INFO] Capturing request: https://atomsportv508.top/cdn-cgi/rum?
2026-07-08 03:40:47,084 [INFO] Capturing request: https://teletv5.top/load/yayinlink.php?id=tivibu-spor-3
2026-07-08 03:40:47,088 [INFO] Capturing response: https://atomsportv508.top/cdn-cgi/rum? 204 
2026-07-08 03:40:47,093 [INFO] Capturing request: https://atomsportv508.top/favicon.ico
2026-07-08 03:40:47,142 [INFO] Capturing response: https://atomsportv508.top/favicon.ico 200 
2026-07-08 03:40:47,159 [INFO] Capturing response: https://atomsportv508.top/cdn-cgi/rum? 204 
2026-07-08 03:40:47,213 [INFO] Capturing request: https://streamsport365.com/cinema
2026-07-08 03:40:47,311 [INFO] Capturing response: https://teletv5.top/load/yayinlink.php?id=tivibu-spor-3 200 
2026-07-08 03:40:47,523 [INFO] Capturing response: https://streamsport365.com/cinema 200 
2026-07-08 03:41:20,260 [WARNING]   ❌ Tivibu Spor 3 için M3U8 bulunamadı
2026-07-08 03:41:21,261 [INFO] 
[14/14]
2026-07-08 03:41:21,261 [INFO] 🔍 Tivibu Spor 4 → https://atomsportv508.top/matches?id=tivibu-spor-4
2026-07-08 03:41:21,369 [INFO] Capturing request: https://atomsportv508.top/assets/js/clappr.js
2026-07-08 03:41:21,371 [INFO] Capturing request: https://atomsportv508.top/matches?id=tivibu-spor-4
2026-07-08 03:41:21,398 [INFO] Capturing response: https://atomsportv508.top/assets/js/clappr.js 200 
2026-07-08 03:41:21,643 [INFO] Capturing response: https://atomsportv508.top/matches?id=tivibu-spor-4 200 
2026-07-08 03:41:21,652 [INFO] Capturing request: https://atomsportv508.top/cdn-cgi/rum?
2026-07-08 03:41:21,724 [INFO] Capturing request: https://atomsportv508.top/cdn-cgi/rum?
2026-07-08 03:41:21,810 [INFO] Capturing response: https://atomsportv508.top/cdn-cgi/rum? 204 
2026-07-08 03:41:21,811 [INFO] Capturing request: https://teletv5.top/load/yayinlink.php?id=tivibu-spor-4
2026-07-08 03:41:21,826 [INFO] Capturing request: https://atomsportv508.top/favicon.ico
2026-07-08 03:41:21,870 [INFO] Capturing response: https://atomsportv508.top/favicon.ico 200 
2026-07-08 03:41:21,893 [INFO] Capturing response: https://atomsportv508.top/cdn-cgi/rum? 204 
2026-07-08 03:41:21,939 [INFO] Capturing request: https://streamsport365.com/cinema
2026-07-08 03:41:22,034 [INFO] Capturing response: https://teletv5.top/load/yayinlink.php?id=tivibu-spor-4 200 
2026-07-08 03:41:22,258 [INFO] Capturing response: https://streamsport365.com/cinema 200 
2026-07-08 03:41:54,984 [WARNING]   ❌ Tivibu Spor 4 için M3U8 bulunamadı
2026-07-08 03:41:56,052 [INFO] ✅ 5 kanal bulundu, playlist.m3u kaydedildi
