2026-07-16 15:40:12,200 [INFO] 🌐 BASE_URL: https://atomsportv510.top
2026-07-16 15:40:13,133 [INFO] Başlanıyor... 14 kanal taranacak
2026-07-16 15:40:13,133 [INFO] Using default request storage
2026-07-16 15:40:13,138 [INFO] Created proxy listening on 127.0.0.1:34317
2026-07-16 15:40:13,831 [INFO] Capturing request: http://clients2.google.com/time/1/current?cup2key=10:ODsovvSHJPrORLS94YwWOVgaKY6HMmCXhj0NnjaoOlk&cup2hreq=e3b0c44298fc1c149afbf4c8996fb92427ae41e4649b934ca495991b7852b855
2026-07-16 15:40:13,878 [INFO] Capturing response: http://clients2.google.com/time/1/current?cup2key=10:ODsovvSHJPrORLS94YwWOVgaKY6HMmCXhj0NnjaoOlk&cup2hreq=e3b0c44298fc1c149afbf4c8996fb92427ae41e4649b934ca495991b7852b855 200 OK
2026-07-16 15:40:14,034 [INFO] 
[1/14]
2026-07-16 15:40:14,034 [INFO] 🔍 beIN Sports 1 → https://atomsportv510.top/matches?id=bein-sports-1
2026-07-16 15:40:14,152 [INFO] Capturing request: https://update.googleapis.com/service/update2/json?cup2key=16:m3nLa6vKWZyaeS_U3vt20kIywxVB1EMUGhuWrBkjR78&cup2hreq=b7c864bb35350e7641a8aef837f8437d91dd8c2ce4d90f7ae87466427ded3b07
2026-07-16 15:40:14,155 [INFO] Capturing request: https://accounts.google.com/ListAccounts?gpsia=1&source=ChromiumBrowser&json=standard&laf=b64bin
2026-07-16 15:40:14,200 [INFO] Capturing response: https://update.googleapis.com/service/update2/json?cup2key=16:m3nLa6vKWZyaeS_U3vt20kIywxVB1EMUGhuWrBkjR78&cup2hreq=b7c864bb35350e7641a8aef837f8437d91dd8c2ce4d90f7ae87466427ded3b07 200 
2026-07-16 15:40:14,204 [INFO] Capturing response: https://accounts.google.com/ListAccounts?gpsia=1&source=ChromiumBrowser&json=standard&laf=b64bin 200 
2026-07-16 15:40:14,248 [INFO] Capturing request: https://update.googleapis.com/service/update2/json?cup2key=16:EWTSfyyfoV-iU_tWKOJ8QwYoPcQtfFRpz1L0lZzuSKc&cup2hreq=b92487529aeb3d32ae18b71a6081fad8fc501f4c3c62a554489fe3d375ca7626
2026-07-16 15:40:14,249 [INFO] Capturing request: https://www.google.com/async/folae?async=_fmt:pb&udm=50&client_locale=en-US&client_country=ZZ
2026-07-16 15:40:14,256 [INFO] Capturing request: https://atomsportv510.top/matches?id=bein-sports-1
2026-07-16 15:40:14,272 [INFO] Capturing response: https://www.google.com/async/folae?async=_fmt:pb&udm=50&client_locale=en-US&client_country=ZZ 200 
2026-07-16 15:40:14,276 [INFO] Capturing response: https://update.googleapis.com/service/update2/json?cup2key=16:EWTSfyyfoV-iU_tWKOJ8QwYoPcQtfFRpz1L0lZzuSKc&cup2hreq=b92487529aeb3d32ae18b71a6081fad8fc501f4c3c62a554489fe3d375ca7626 200 
2026-07-16 15:40:14,322 [INFO] Capturing request: https://update.googleapis.com/service/update2/json?cup2key=16:cVpjKlI1N8eBsNFxhb1rQEWCcpBorRH8ppIVajyeRVk&cup2hreq=b4adef72171b49b55e3923e375d2e21582514649a5f16466b4b9e587f898a07b
2026-07-16 15:40:14,348 [INFO] Capturing response: https://update.googleapis.com/service/update2/json?cup2key=16:cVpjKlI1N8eBsNFxhb1rQEWCcpBorRH8ppIVajyeRVk&cup2hreq=b4adef72171b49b55e3923e375d2e21582514649a5f16466b4b9e587f898a07b 200 
2026-07-16 15:40:14,358 [INFO] Capturing response: https://atomsportv510.top/matches?id=bein-sports-1 200 
2026-07-16 15:40:14,453 [INFO] Capturing request: https://www.google.com/async/folae?async=_fmt:pb&udm=50&client_locale=en-US&client_country=ZZ
2026-07-16 15:40:14,483 [INFO] Capturing response: https://www.google.com/async/folae?async=_fmt:pb&udm=50&client_locale=en-US&client_country=ZZ 200 
2026-07-16 15:40:14,513 [INFO] Capturing request: https://atomsportv510.top/assets/js/clappr.js
2026-07-16 15:40:14,573 [INFO] Capturing request: https://cdn.jsdelivr.net/npm/@clappr/player@latest/dist/clappr.min.js
2026-07-16 15:40:14,586 [INFO] Capturing request: https://cdnjs.cloudflare.com/ajax/libs/jquery/3.2.1/jquery.min.js
2026-07-16 15:40:14,612 [INFO] Capturing response: https://atomsportv510.top/assets/js/clappr.js 200 
2026-07-16 15:40:14,614 [INFO] Capturing response: https://cdn.jsdelivr.net/npm/@clappr/player@latest/dist/clappr.min.js 200 
2026-07-16 15:40:14,630 [INFO] Capturing response: https://cdnjs.cloudflare.com/ajax/libs/jquery/3.2.1/jquery.min.js 200 
2026-07-16 15:40:14,830 [INFO] Capturing request: https://atomsportv510.top/favicon.ico
2026-07-16 15:40:14,896 [INFO] Capturing response: https://atomsportv510.top/favicon.ico 200 
2026-07-16 15:40:14,899 [INFO] Capturing request: https://teletv5.top/load/yayinlink.php?id=bein-sports-1
2026-07-16 15:40:15,198 [INFO] Capturing response: https://teletv5.top/load/yayinlink.php?id=bein-sports-1 200 
2026-07-16 15:40:15,265 [INFO] Capturing request: https://streamsport365.com/cinema
2026-07-16 15:40:15,517 [INFO] Capturing response: https://streamsport365.com/cinema 200 
2026-07-16 15:40:15,649 [INFO] Capturing request: https://atomsportv510.top/assets/img/player_logo_6880e4e4c52ee.png
2026-07-16 15:40:15,704 [INFO] Capturing response: https://atomsportv510.top/assets/img/player_logo_6880e4e4c52ee.png 200 
2026-07-16 15:40:15,736 [INFO] Capturing request: https://hlsssssssssssss.edaesra.workers.dev/https://corestream.macsitesi.help//trtspor/tracks-v1a1/mono.m3u8
2026-07-16 15:40:15,969 [INFO] Capturing response: https://hlsssssssssssss.edaesra.workers.dev/https://corestream.macsitesi.help//trtspor/tracks-v1a1/mono.m3u8 200 
2026-07-16 15:40:16,187 [INFO] Capturing request: https://securmar.edaesra.workers.dev/trtspor/tracks-v1a1/2026/07/16/15/40/33-06000.avif
2026-07-16 15:40:16,663 [INFO] Capturing response: https://securmar.edaesra.workers.dev/trtspor/tracks-v1a1/2026/07/16/15/40/33-06000.avif 200 
2026-07-16 15:40:16,720 [INFO] Capturing request: https://android.clients.google.com/checkin
2026-07-16 15:40:16,814 [INFO] Capturing response: https://android.clients.google.com/checkin 200 
2026-07-16 15:40:16,874 [INFO] Capturing request: https://android.clients.google.com/c2dm/register3
2026-07-16 15:40:16,875 [INFO] Capturing request: https://android.clients.google.com/c2dm/register3
2026-07-16 15:40:16,877 [INFO] Capturing request: https://android.clients.google.com/c2dm/register3
2026-07-16 15:40:16,920 [INFO] Capturing response: https://android.clients.google.com/c2dm/register3 200 
2026-07-16 15:40:16,928 [INFO] Capturing response: https://android.clients.google.com/c2dm/register3 200 
2026-07-16 15:40:16,929 [INFO] Capturing request: https://securmar.edaesra.workers.dev/trtspor/tracks-v1a1/2026/07/16/15/40/39-06000.avif
2026-07-16 15:40:16,934 [INFO] Capturing response: https://android.clients.google.com/c2dm/register3 200 
2026-07-16 15:40:17,357 [INFO] Capturing response: https://securmar.edaesra.workers.dev/trtspor/tracks-v1a1/2026/07/16/15/40/39-06000.avif 200 
2026-07-16 15:40:17,587 [INFO] Capturing request: https://securmar.edaesra.workers.dev/trtspor/tracks-v1a1/2026/07/16/15/40/45-06000.avif
2026-07-16 15:40:17,760 [INFO]   ✅ M3U8 bulundu: https://hlsssssssssssss.edaesra.workers.dev/https://corestream.macsitesi.help//trtspor/tracks-v1a1/mono.m3u8
2026-07-16 15:40:18,168 [INFO] Capturing response: https://securmar.edaesra.workers.dev/trtspor/tracks-v1a1/2026/07/16/15/40/45-06000.avif 200 
2026-07-16 15:40:18,761 [INFO] 
[2/14]
2026-07-16 15:40:18,761 [INFO] 🔍 beIN Sports 2 → https://atomsportv510.top/matches?id=bein-sports-2
2026-07-16 15:40:18,873 [INFO] Capturing request: https://atomsportv510.top/matches?id=bein-sports-2
2026-07-16 15:40:18,921 [INFO] Capturing response: https://atomsportv510.top/matches?id=bein-sports-2 200 
2026-07-16 15:40:18,980 [INFO] Capturing request: https://streamsport365.com/cinema
2026-07-16 15:40:19,079 [INFO] Capturing request: https://teletv5.top/load/yayinlink.php?id=bein-sports-2
2026-07-16 15:40:19,082 [INFO] Capturing request: https://atomsportv510.top/favicon.ico
2026-07-16 15:40:19,122 [INFO] Capturing response: https://atomsportv510.top/favicon.ico 200 
2026-07-16 15:40:19,229 [INFO] Capturing response: https://streamsport365.com/cinema 200 
2026-07-16 15:40:19,558 [INFO] Capturing response: https://teletv5.top/load/yayinlink.php?id=bein-sports-2 200 
2026-07-16 15:40:19,680 [INFO] Capturing request: https://hlsssssssssssss.edaesra.workers.dev/https://corestream.macsitesi.help//bein2/tracks-v1a1/mono.m3u8
2026-07-16 15:40:19,807 [INFO] Capturing response: https://hlsssssssssssss.edaesra.workers.dev/https://corestream.macsitesi.help//bein2/tracks-v1a1/mono.m3u8 404 
2026-07-16 15:40:21,995 [INFO]   ✅ M3U8 bulundu: https://hlsssssssssssss.edaesra.workers.dev/https://corestream.macsitesi.help//bein2/tracks-v1a1/mono.m3u8
2026-07-16 15:40:22,995 [INFO] 
[3/14]
2026-07-16 15:40:22,995 [INFO] 🔍 beIN Sports 3 → https://atomsportv510.top/matches?id=bein-sports-3
2026-07-16 15:40:23,103 [INFO] Capturing request: https://atomsportv510.top/assets/js/clappr.js
2026-07-16 15:40:23,105 [INFO] Capturing request: https://atomsportv510.top/matches?id=bein-sports-3
2026-07-16 15:40:23,155 [INFO] Capturing response: https://atomsportv510.top/assets/js/clappr.js 200 
2026-07-16 15:40:23,198 [INFO] Capturing response: https://atomsportv510.top/matches?id=bein-sports-3 200 
2026-07-16 15:40:23,326 [INFO] Capturing request: https://atomsportv510.top/favicon.ico
2026-07-16 15:40:23,329 [INFO] Capturing request: https://teletv5.top/load/yayinlink.php?id=bein-sports-3
2026-07-16 15:40:23,369 [INFO] Capturing response: https://atomsportv510.top/favicon.ico 200 
2026-07-16 15:40:23,428 [INFO] Capturing request: https://streamsport365.com/cinema
2026-07-16 15:40:23,488 [INFO] Capturing response: https://teletv5.top/load/yayinlink.php?id=bein-sports-3 200 
2026-07-16 15:40:23,675 [INFO] Capturing response: https://streamsport365.com/cinema 200 
2026-07-16 15:40:23,794 [INFO] Capturing request: https://hlsssssssssssss.edaesra.workers.dev/https://corestream.macsitesi.help//trtspor/tracks-v1a1/mono.m3u8
2026-07-16 15:40:23,929 [INFO] Capturing response: https://hlsssssssssssss.edaesra.workers.dev/https://corestream.macsitesi.help//trtspor/tracks-v1a1/mono.m3u8 200 
2026-07-16 15:40:24,039 [INFO] Capturing request: https://securmar.edaesra.workers.dev/trtspor/tracks-v1a1/2026/07/16/15/40/39-06000.avif
2026-07-16 15:40:24,293 [INFO] Capturing response: https://securmar.edaesra.workers.dev/trtspor/tracks-v1a1/2026/07/16/15/40/39-06000.avif 200 
2026-07-16 15:40:24,549 [INFO] Capturing request: https://securmar.edaesra.workers.dev/trtspor/tracks-v1a1/2026/07/16/15/40/45-06000.avif
2026-07-16 15:40:24,809 [INFO] Capturing response: https://securmar.edaesra.workers.dev/trtspor/tracks-v1a1/2026/07/16/15/40/45-06000.avif 200 
2026-07-16 15:40:25,049 [INFO] Capturing request: https://securmar.edaesra.workers.dev/trtspor/tracks-v1a1/2026/07/16/15/40/51-06000.avif
2026-07-16 15:40:25,588 [INFO] Capturing response: https://securmar.edaesra.workers.dev/trtspor/tracks-v1a1/2026/07/16/15/40/51-06000.avif 200 
2026-07-16 15:40:26,249 [INFO]   ✅ M3U8 bulundu: https://hlsssssssssssss.edaesra.workers.dev/https://corestream.macsitesi.help//trtspor/tracks-v1a1/mono.m3u8
2026-07-16 15:40:27,249 [INFO] 
[4/14]
2026-07-16 15:40:27,249 [INFO] 🔍 beIN Sports 4 → https://atomsportv510.top/matches?id=bein-sports-4
2026-07-16 15:40:27,362 [INFO] Capturing request: https://atomsportv510.top/assets/js/clappr.js
2026-07-16 15:40:27,364 [INFO] Capturing request: https://atomsportv510.top/matches?id=bein-sports-4
2026-07-16 15:40:27,390 [INFO] Capturing response: https://atomsportv510.top/assets/js/clappr.js 200 
2026-07-16 15:40:27,430 [INFO] Capturing response: https://atomsportv510.top/matches?id=bein-sports-4 200 
2026-07-16 15:40:27,493 [INFO] Capturing request: https://streamsport365.com/cinema
2026-07-16 15:40:27,588 [INFO] Capturing request: https://teletv5.top/load/yayinlink.php?id=bein-sports-4
2026-07-16 15:40:27,591 [INFO] Capturing request: https://atomsportv510.top/favicon.ico
2026-07-16 15:40:27,640 [INFO] Capturing response: https://atomsportv510.top/favicon.ico 200 
2026-07-16 15:40:27,746 [INFO] Capturing response: https://streamsport365.com/cinema 200 
2026-07-16 15:40:27,748 [INFO] Capturing response: https://teletv5.top/load/yayinlink.php?id=bein-sports-4 200 
2026-07-16 15:40:27,912 [INFO] Capturing request: https://hlsssssssssssss.edaesra.workers.dev/https://corestream.macsitesi.help//bein2/tracks-v1a1/mono.m3u8
2026-07-16 15:40:28,040 [INFO] Capturing response: https://hlsssssssssssss.edaesra.workers.dev/https://corestream.macsitesi.help//bein2/tracks-v1a1/mono.m3u8 404 
2026-07-16 15:40:30,508 [INFO]   ✅ M3U8 bulundu: https://hlsssssssssssss.edaesra.workers.dev/https://corestream.macsitesi.help//bein2/tracks-v1a1/mono.m3u8
2026-07-16 15:40:31,508 [INFO] 
[5/14]
2026-07-16 15:40:31,508 [INFO] 🔍 beIN Sports 5 → https://atomsportv510.top/matches?id=bein-sports-5
2026-07-16 15:40:31,618 [INFO] Capturing request: https://atomsportv510.top/matches?id=bein-sports-5
2026-07-16 15:40:31,619 [INFO] Capturing request: https://atomsportv510.top/assets/js/clappr.js
2026-07-16 15:40:31,641 [INFO] Capturing response: https://atomsportv510.top/assets/js/clappr.js 200 
2026-07-16 15:40:31,670 [INFO] Capturing response: https://atomsportv510.top/matches?id=bein-sports-5 200 
2026-07-16 15:40:31,802 [INFO] Capturing request: https://atomsportv510.top/favicon.ico
2026-07-16 15:40:31,803 [INFO] Capturing request: https://teletv5.top/load/yayinlink.php?id=bein-sports-5
2026-07-16 15:40:31,840 [INFO] Capturing response: https://atomsportv510.top/favicon.ico 200 
2026-07-16 15:40:31,905 [INFO] Capturing request: https://streamsport365.com/cinema
2026-07-16 15:40:31,988 [INFO] Capturing response: https://teletv5.top/load/yayinlink.php?id=bein-sports-5 200 
2026-07-16 15:40:32,154 [INFO] Capturing response: https://streamsport365.com/cinema 200 
2026-07-16 15:40:32,273 [INFO] Capturing request: https://hlsssssssssssss.edaesra.workers.dev/https://corestream.macsitesi.help//bein2/tracks-v1a1/mono.m3u8
2026-07-16 15:40:32,407 [INFO] Capturing response: https://hlsssssssssssss.edaesra.workers.dev/https://corestream.macsitesi.help//bein2/tracks-v1a1/mono.m3u8 404 
2026-07-16 15:40:34,712 [INFO]   ✅ M3U8 bulundu: https://hlsssssssssssss.edaesra.workers.dev/https://corestream.macsitesi.help//bein2/tracks-v1a1/mono.m3u8
2026-07-16 15:40:35,713 [INFO] 
[6/14]
2026-07-16 15:40:35,713 [INFO] 🔍 beIN Sports Max 1 → https://atomsportv510.top/matches?id=bein-sports-max-1
2026-07-16 15:40:35,821 [INFO] Capturing request: https://atomsportv510.top/assets/js/clappr.js
2026-07-16 15:40:35,823 [INFO] Capturing request: https://atomsportv510.top/matches?id=bein-sports-max-1
2026-07-16 15:40:35,890 [INFO] Capturing response: https://atomsportv510.top/assets/js/clappr.js 200 
2026-07-16 15:40:35,905 [INFO] Capturing response: https://atomsportv510.top/matches?id=bein-sports-max-1 200 
2026-07-16 15:40:35,965 [INFO] Capturing request: https://streamsport365.com/cinema
2026-07-16 15:40:36,062 [INFO] Capturing request: https://teletv5.top/load/yayinlink.php?id=bein-sports-max-1
2026-07-16 15:40:36,063 [INFO] Capturing request: https://atomsportv510.top/favicon.ico
2026-07-16 15:40:36,105 [INFO] Capturing response: https://atomsportv510.top/favicon.ico 200 
2026-07-16 15:40:36,209 [INFO] Capturing response: https://streamsport365.com/cinema 200 
2026-07-16 15:40:36,218 [INFO] Capturing response: https://teletv5.top/load/yayinlink.php?id=bein-sports-max-1 200 
2026-07-16 15:40:36,380 [INFO] Capturing request: https://hlsssssssssssss.edaesra.workers.dev/https://corestream.macsitesi.help//trtspor/tracks-v1a1/mono.m3u8
2026-07-16 15:40:36,526 [INFO] Capturing response: https://hlsssssssssssss.edaesra.workers.dev/https://corestream.macsitesi.help//trtspor/tracks-v1a1/mono.m3u8 200 
2026-07-16 15:40:36,677 [INFO] Capturing request: https://securmar.edaesra.workers.dev/trtspor/tracks-v1a1/2026/07/16/15/40/51-06000.avif
2026-07-16 15:40:36,982 [INFO] Capturing response: https://securmar.edaesra.workers.dev/trtspor/tracks-v1a1/2026/07/16/15/40/51-06000.avif 200 
2026-07-16 15:40:37,261 [INFO] Capturing request: https://securmar.edaesra.workers.dev/trtspor/tracks-v1a1/2026/07/16/15/40/57-06000.avif
2026-07-16 15:40:37,705 [INFO] Capturing response: https://securmar.edaesra.workers.dev/trtspor/tracks-v1a1/2026/07/16/15/40/57-06000.avif 200 
2026-07-16 15:40:37,955 [INFO] Capturing request: https://securmar.edaesra.workers.dev/trtspor/tracks-v1a1/2026/07/16/15/41/03-06000.avif
2026-07-16 15:40:38,032 [INFO] Capturing request: https://android.clients.google.com/c2dm/register3
2026-07-16 15:40:38,393 [INFO] Capturing response: https://securmar.edaesra.workers.dev/trtspor/tracks-v1a1/2026/07/16/15/41/03-06000.avif 200 
2026-07-16 15:40:38,439 [INFO] Capturing response: https://android.clients.google.com/c2dm/register3 200 
2026-07-16 15:40:38,983 [INFO]   ✅ M3U8 bulundu: https://hlsssssssssssss.edaesra.workers.dev/https://corestream.macsitesi.help//trtspor/tracks-v1a1/mono.m3u8
2026-07-16 15:40:39,984 [INFO] 
[7/14]
2026-07-16 15:40:39,984 [INFO] 🔍 beIN Sports Max 2 → https://atomsportv510.top/matches?id=bein-sports-max-2
2026-07-16 15:40:40,095 [INFO] Capturing request: https://atomsportv510.top/assets/js/clappr.js
2026-07-16 15:40:40,097 [INFO] Capturing request: https://atomsportv510.top/matches?id=bein-sports-max-2
2026-07-16 15:40:40,147 [INFO] Capturing response: https://atomsportv510.top/assets/js/clappr.js 200 
2026-07-16 15:40:40,175 [INFO] Capturing response: https://atomsportv510.top/matches?id=bein-sports-max-2 200 
2026-07-16 15:40:40,304 [INFO] Capturing request: https://teletv5.top/load/yayinlink.php?id=bein-sports-max-2
2026-07-16 15:40:40,307 [INFO] Capturing request: https://atomsportv510.top/favicon.ico
2026-07-16 15:40:40,352 [INFO] Capturing response: https://atomsportv510.top/favicon.ico 200 
2026-07-16 15:40:40,404 [INFO] Capturing request: https://streamsport365.com/cinema
2026-07-16 15:40:40,468 [INFO] Capturing response: https://teletv5.top/load/yayinlink.php?id=bein-sports-max-2 200 
2026-07-16 15:40:40,648 [INFO] Capturing response: https://streamsport365.com/cinema 200 
2026-07-16 15:40:40,769 [INFO] Capturing request: https://hlsssssssssssss.edaesra.workers.dev/https://corestream.macsitesi.help//trtspor/tracks-v1a1/mono.m3u8
2026-07-16 15:40:40,896 [INFO] Capturing response: https://hlsssssssssssss.edaesra.workers.dev/https://corestream.macsitesi.help//trtspor/tracks-v1a1/mono.m3u8 200 
2026-07-16 15:40:41,005 [INFO] Capturing request: https://securmar.edaesra.workers.dev/trtspor/tracks-v1a1/2026/07/16/15/40/57-06000.avif
2026-07-16 15:40:41,292 [INFO] Capturing response: https://securmar.edaesra.workers.dev/trtspor/tracks-v1a1/2026/07/16/15/40/57-06000.avif 200 
2026-07-16 15:40:41,512 [INFO] Capturing request: https://securmar.edaesra.workers.dev/trtspor/tracks-v1a1/2026/07/16/15/41/03-06000.avif
2026-07-16 15:40:41,782 [INFO] Capturing response: https://securmar.edaesra.workers.dev/trtspor/tracks-v1a1/2026/07/16/15/41/03-06000.avif 200 
2026-07-16 15:40:42,038 [INFO] Capturing request: https://securmar.edaesra.workers.dev/trtspor/tracks-v1a1/2026/07/16/15/41/09-06000.avif
2026-07-16 15:40:42,423 [INFO] Capturing response: https://securmar.edaesra.workers.dev/trtspor/tracks-v1a1/2026/07/16/15/41/09-06000.avif 200 
2026-07-16 15:40:43,237 [INFO]   ✅ M3U8 bulundu: https://hlsssssssssssss.edaesra.workers.dev/https://corestream.macsitesi.help//trtspor/tracks-v1a1/mono.m3u8
2026-07-16 15:40:44,238 [INFO] 
[8/14]
2026-07-16 15:40:44,238 [INFO] 🔍 S Sport → https://atomsportv510.top/matches?id=s-sport
2026-07-16 15:40:44,349 [INFO] Capturing request: https://atomsportv510.top/matches?id=s-sport
2026-07-16 15:40:44,814 [INFO] Capturing response: https://atomsportv510.top/matches?id=s-sport 200 
2026-07-16 15:40:44,850 [INFO] Capturing request: https://streamsport365.com/cinema
2026-07-16 15:40:44,951 [INFO] Capturing request: https://atomsportv510.top/favicon.ico
2026-07-16 15:40:44,952 [INFO] Capturing request: https://teletv5.top/load/yayinlink.php?id=s-sport
2026-07-16 15:40:44,985 [INFO] Capturing response: https://atomsportv510.top/favicon.ico 200 
2026-07-16 15:40:45,103 [INFO] Capturing response: https://streamsport365.com/cinema 200 
2026-07-16 15:40:45,107 [INFO] Capturing response: https://teletv5.top/load/yayinlink.php?id=s-sport 200 
2026-07-16 15:40:45,269 [INFO] Capturing request: https://hlsssssssssssss.edaesra.workers.dev/https://corestream.macsitesi.help//s-sportt/tracks-v1a1/mono.m3u8
2026-07-16 15:40:45,397 [INFO] Capturing response: https://hlsssssssssssss.edaesra.workers.dev/https://corestream.macsitesi.help//s-sportt/tracks-v1a1/mono.m3u8 404 
2026-07-16 15:40:45,955 [INFO] Capturing request: https://android.clients.google.com/c2dm/register3
2026-07-16 15:40:45,986 [INFO] Capturing response: https://android.clients.google.com/c2dm/register3 301 
2026-07-16 15:40:46,189 [INFO] Capturing request: https://android.clients.google.com/c2dm/register3
2026-07-16 15:40:46,571 [INFO] Capturing response: https://android.clients.google.com/c2dm/register3 200 
2026-07-16 15:40:47,859 [INFO]   ✅ M3U8 bulundu: https://hlsssssssssssss.edaesra.workers.dev/https://corestream.macsitesi.help//s-sportt/tracks-v1a1/mono.m3u8
2026-07-16 15:40:48,859 [INFO] 
[9/14]
2026-07-16 15:40:48,860 [INFO] 🔍 S Sport 2 → https://atomsportv510.top/matches?id=s-sport-2
2026-07-16 15:40:48,968 [INFO] Capturing request: https://atomsportv510.top/matches?id=s-sport-2
2026-07-16 15:40:49,016 [INFO] Capturing response: https://atomsportv510.top/matches?id=s-sport-2 200 
2026-07-16 15:40:49,151 [INFO] Capturing request: https://teletv5.top/load/yayinlink.php?id=s-sport-2
2026-07-16 15:40:49,153 [INFO] Capturing request: https://atomsportv510.top/favicon.ico
2026-07-16 15:40:49,192 [INFO] Capturing response: https://atomsportv510.top/favicon.ico 200 
2026-07-16 15:40:49,249 [INFO] Capturing request: https://streamsport365.com/cinema
2026-07-16 15:40:49,308 [INFO] Capturing response: https://teletv5.top/load/yayinlink.php?id=s-sport-2 200 
2026-07-16 15:40:49,509 [INFO] Capturing response: https://streamsport365.com/cinema 200 
2026-07-16 15:40:49,629 [INFO] Capturing request: https://hlsssssssssssss.edaesra.workers.dev/https://corestream.macsitesi.help//s-sport2/tracks-v1a1/mono.m3u8
2026-07-16 15:40:49,758 [INFO] Capturing response: https://hlsssssssssssss.edaesra.workers.dev/https://corestream.macsitesi.help//s-sport2/tracks-v1a1/mono.m3u8 404 
2026-07-16 15:40:52,065 [INFO]   ✅ M3U8 bulundu: https://hlsssssssssssss.edaesra.workers.dev/https://corestream.macsitesi.help//s-sport2/tracks-v1a1/mono.m3u8
2026-07-16 15:40:53,065 [INFO] 
[10/14]
2026-07-16 15:40:53,065 [INFO] 🔍 A Spor → https://atomsportv510.top/matches?id=a-spor
2026-07-16 15:40:53,174 [INFO] Capturing request: https://atomsportv510.top/matches?id=a-spor
2026-07-16 15:40:53,218 [INFO] Capturing response: https://atomsportv510.top/matches?id=a-spor 200 
2026-07-16 15:40:53,248 [INFO] Capturing request: https://streamsport365.com/cinema
2026-07-16 15:40:53,348 [INFO] Capturing request: https://teletv5.top/load/yayinlink.php?id=a-spor
2026-07-16 15:40:53,355 [INFO] Capturing request: https://atomsportv510.top/favicon.ico
2026-07-16 15:40:53,405 [INFO] Capturing response: https://atomsportv510.top/favicon.ico 200 
2026-07-16 15:40:53,500 [INFO] Capturing response: https://streamsport365.com/cinema 200 
2026-07-16 15:40:53,505 [INFO] Capturing response: https://teletv5.top/load/yayinlink.php?id=a-spor 200 
2026-07-16 15:40:53,665 [INFO] Capturing request: https://hlsssssssssssss.edaesra.workers.dev/https://corestream.macsitesi.help//aspor/tracks-v1a1/mono.m3u8
2026-07-16 15:40:53,795 [INFO] Capturing response: https://hlsssssssssssss.edaesra.workers.dev/https://corestream.macsitesi.help//aspor/tracks-v1a1/mono.m3u8 404 
2026-07-16 15:40:56,267 [INFO]   ✅ M3U8 bulundu: https://hlsssssssssssss.edaesra.workers.dev/https://corestream.macsitesi.help//aspor/tracks-v1a1/mono.m3u8
2026-07-16 15:40:57,267 [INFO] 
[11/14]
2026-07-16 15:40:57,267 [INFO] 🔍 Tivibu Spor 1 → https://atomsportv510.top/matches?id=tivibu-spor-1
2026-07-16 15:40:57,376 [INFO] Capturing request: https://atomsportv510.top/matches?id=tivibu-spor-1
2026-07-16 15:40:57,416 [INFO] Capturing response: https://atomsportv510.top/matches?id=tivibu-spor-1 200 
2026-07-16 15:40:57,550 [INFO] Capturing request: https://teletv5.top/load/yayinlink.php?id=tivibu-spor-1
2026-07-16 15:40:57,556 [INFO] Capturing request: https://atomsportv510.top/favicon.ico
2026-07-16 15:40:57,611 [INFO] Capturing response: https://atomsportv510.top/favicon.ico 200 
2026-07-16 15:40:57,653 [INFO] Capturing request: https://streamsport365.com/cinema
2026-07-16 15:40:57,710 [INFO] Capturing response: https://teletv5.top/load/yayinlink.php?id=tivibu-spor-1 200 
2026-07-16 15:40:57,912 [INFO] Capturing response: https://streamsport365.com/cinema 200 
2026-07-16 15:40:58,032 [INFO] Capturing request: https://hlsssssssssssss.edaesra.workers.dev/https://corestream.macsitesi.help//trtspor/tracks-v1a1/mono.m3u8
2026-07-16 15:40:58,162 [INFO] Capturing response: https://hlsssssssssssss.edaesra.workers.dev/https://corestream.macsitesi.help//trtspor/tracks-v1a1/mono.m3u8 200 
2026-07-16 15:40:58,272 [INFO] Capturing request: https://securmar.edaesra.workers.dev/trtspor/tracks-v1a1/2026/07/16/15/41/15-06000.avif
2026-07-16 15:40:58,903 [INFO] Capturing response: https://securmar.edaesra.workers.dev/trtspor/tracks-v1a1/2026/07/16/15/41/15-06000.avif 200 
2026-07-16 15:40:59,154 [INFO] Capturing request: https://securmar.edaesra.workers.dev/trtspor/tracks-v1a1/2026/07/16/15/41/21-06000.avif
2026-07-16 15:40:59,720 [INFO] Capturing response: https://securmar.edaesra.workers.dev/trtspor/tracks-v1a1/2026/07/16/15/41/21-06000.avif 200 
2026-07-16 15:40:59,965 [INFO] Capturing request: https://securmar.edaesra.workers.dev/trtspor/tracks-v1a1/2026/07/16/15/41/27-06000.avif
2026-07-16 15:41:00,345 [INFO] Capturing response: https://securmar.edaesra.workers.dev/trtspor/tracks-v1a1/2026/07/16/15/41/27-06000.avif 200 
2026-07-16 15:41:00,473 [INFO]   ✅ M3U8 bulundu: https://hlsssssssssssss.edaesra.workers.dev/https://corestream.macsitesi.help//trtspor/tracks-v1a1/mono.m3u8
2026-07-16 15:41:01,473 [INFO] 
[12/14]
2026-07-16 15:41:01,474 [INFO] 🔍 Tivibu Spor 2 → https://atomsportv510.top/matches?id=tivibu-spor-2
2026-07-16 15:41:01,584 [INFO] Capturing request: https://atomsportv510.top/matches?id=tivibu-spor-2
2026-07-16 15:41:01,627 [INFO] Capturing response: https://atomsportv510.top/matches?id=tivibu-spor-2 200 
2026-07-16 15:41:01,662 [INFO] Capturing request: https://streamsport365.com/cinema
2026-07-16 15:41:01,760 [INFO] Capturing request: https://teletv5.top/load/yayinlink.php?id=tivibu-spor-2
2026-07-16 15:41:01,763 [INFO] Capturing request: https://atomsportv510.top/favicon.ico
2026-07-16 15:41:01,803 [INFO] Capturing response: https://atomsportv510.top/favicon.ico 200 
2026-07-16 15:41:01,914 [INFO] Capturing response: https://teletv5.top/load/yayinlink.php?id=tivibu-spor-2 200 
2026-07-16 15:41:01,916 [INFO] Capturing response: https://streamsport365.com/cinema 200 
2026-07-16 15:41:02,077 [INFO] Capturing request: https://hlsssssssssssss.edaesra.workers.dev/https://corestream.macsitesi.help//trtspor/tracks-v1a1/mono.m3u8
2026-07-16 15:41:02,209 [INFO] Capturing response: https://hlsssssssssssss.edaesra.workers.dev/https://corestream.macsitesi.help//trtspor/tracks-v1a1/mono.m3u8 200 
2026-07-16 15:41:02,359 [INFO] Capturing request: https://securmar.edaesra.workers.dev/trtspor/tracks-v1a1/2026/07/16/15/41/21-06000.avif
2026-07-16 15:41:02,613 [INFO] Capturing response: https://securmar.edaesra.workers.dev/trtspor/tracks-v1a1/2026/07/16/15/41/21-06000.avif 200 
2026-07-16 15:41:02,834 [INFO] Capturing request: https://securmar.edaesra.workers.dev/trtspor/tracks-v1a1/2026/07/16/15/41/27-06000.avif
2026-07-16 15:41:03,090 [INFO] Capturing response: https://securmar.edaesra.workers.dev/trtspor/tracks-v1a1/2026/07/16/15/41/27-06000.avif 200 
2026-07-16 15:41:03,340 [INFO] Capturing request: https://securmar.edaesra.workers.dev/trtspor/tracks-v1a1/2026/07/16/15/41/33-06000.avif
2026-07-16 15:41:03,829 [INFO] Capturing response: https://securmar.edaesra.workers.dev/trtspor/tracks-v1a1/2026/07/16/15/41/33-06000.avif 200 
2026-07-16 15:41:04,686 [INFO]   ✅ M3U8 bulundu: https://hlsssssssssssss.edaesra.workers.dev/https://corestream.macsitesi.help//trtspor/tracks-v1a1/mono.m3u8
2026-07-16 15:41:05,687 [INFO] 
[13/14]
2026-07-16 15:41:05,687 [INFO] 🔍 Tivibu Spor 3 → https://atomsportv510.top/matches?id=tivibu-spor-3
2026-07-16 15:41:05,798 [INFO] Capturing request: https://atomsportv510.top/matches?id=tivibu-spor-3
2026-07-16 15:41:05,862 [INFO] Capturing response: https://atomsportv510.top/matches?id=tivibu-spor-3 200 
2026-07-16 15:41:05,994 [INFO] Capturing request: https://teletv5.top/load/yayinlink.php?id=tivibu-spor-3
2026-07-16 15:41:05,997 [INFO] Capturing request: https://atomsportv510.top/favicon.ico
2026-07-16 15:41:06,055 [INFO] Capturing response: https://atomsportv510.top/favicon.ico 200 
2026-07-16 15:41:06,094 [INFO] Capturing request: https://streamsport365.com/cinema
2026-07-16 15:41:06,155 [INFO] Capturing response: https://teletv5.top/load/yayinlink.php?id=tivibu-spor-3 200 
2026-07-16 15:41:06,338 [INFO] Capturing response: https://streamsport365.com/cinema 200 
2026-07-16 15:41:06,456 [INFO] Capturing request: https://hlsssssssssssss.edaesra.workers.dev/https://corestream.macsitesi.help//trtspor/tracks-v1a1/mono.m3u8
2026-07-16 15:41:06,589 [INFO] Capturing response: https://hlsssssssssssss.edaesra.workers.dev/https://corestream.macsitesi.help//trtspor/tracks-v1a1/mono.m3u8 200 
2026-07-16 15:41:06,698 [INFO] Capturing request: https://securmar.edaesra.workers.dev/trtspor/tracks-v1a1/2026/07/16/15/41/21-06000.avif
2026-07-16 15:41:06,950 [INFO] Capturing response: https://securmar.edaesra.workers.dev/trtspor/tracks-v1a1/2026/07/16/15/41/21-06000.avif 200 
2026-07-16 15:41:07,171 [INFO] Capturing request: https://securmar.edaesra.workers.dev/trtspor/tracks-v1a1/2026/07/16/15/41/27-06000.avif
2026-07-16 15:41:07,429 [INFO] Capturing response: https://securmar.edaesra.workers.dev/trtspor/tracks-v1a1/2026/07/16/15/41/27-06000.avif 200 
2026-07-16 15:41:07,685 [INFO] Capturing request: https://securmar.edaesra.workers.dev/trtspor/tracks-v1a1/2026/07/16/15/41/33-06000.avif
2026-07-16 15:41:07,945 [INFO] Capturing response: https://securmar.edaesra.workers.dev/trtspor/tracks-v1a1/2026/07/16/15/41/33-06000.avif 200 
2026-07-16 15:41:08,922 [INFO]   ✅ M3U8 bulundu: https://hlsssssssssssss.edaesra.workers.dev/https://corestream.macsitesi.help//trtspor/tracks-v1a1/mono.m3u8
2026-07-16 15:41:09,922 [INFO] 
[14/14]
2026-07-16 15:41:09,922 [INFO] 🔍 Tivibu Spor 4 → https://atomsportv510.top/matches?id=tivibu-spor-4
2026-07-16 15:41:10,035 [INFO] Capturing request: https://atomsportv510.top/matches?id=tivibu-spor-4
2026-07-16 15:41:10,085 [INFO] Capturing response: https://atomsportv510.top/matches?id=tivibu-spor-4 200 
2026-07-16 15:41:10,120 [INFO] Capturing request: https://streamsport365.com/cinema
2026-07-16 15:41:10,220 [INFO] Capturing request: https://teletv5.top/load/yayinlink.php?id=tivibu-spor-4
2026-07-16 15:41:10,226 [INFO] Capturing request: https://atomsportv510.top/favicon.ico
2026-07-16 15:41:10,269 [INFO] Capturing response: https://atomsportv510.top/favicon.ico 200 
2026-07-16 15:41:10,384 [INFO] Capturing response: https://streamsport365.com/cinema 200 
2026-07-16 15:41:10,530 [INFO] Capturing response: https://teletv5.top/load/yayinlink.php?id=tivibu-spor-4 200 
2026-07-16 15:41:13,811 [INFO] Capturing request: https://update.googleapis.com/service/update2/json?cup2key=16:1KNh9-yJIODLEqew3eUOIuYQXJ8uZ9Qp9yBJ8flrfv0&cup2hreq=5c8105fe81d8d5c170be9d4a4507525fad16f5b40f4efd6bff474a3337e06756
2026-07-16 15:41:13,837 [INFO] Capturing response: https://update.googleapis.com/service/update2/json?cup2key=16:1KNh9-yJIODLEqew3eUOIuYQXJ8uZ9Qp9yBJ8flrfv0&cup2hreq=5c8105fe81d8d5c170be9d4a4507525fad16f5b40f4efd6bff474a3337e06756 200 
2026-07-16 15:41:13,843 [INFO] Capturing request: http://edgedl.me.gvt1.com/edgedl/diffgen-puffin/gcmjkmgdlgnkkcocmoeiminaijmmjnii/df2a22d5ecc7788c3330ebd5f856b41531c74f412a01ed7453d11284708009fe
2026-07-16 15:41:13,858 [INFO] Capturing response: http://edgedl.me.gvt1.com/edgedl/diffgen-puffin/gcmjkmgdlgnkkcocmoeiminaijmmjnii/df2a22d5ecc7788c3330ebd5f856b41531c74f412a01ed7453d11284708009fe 200 OK
2026-07-16 15:41:13,885 [INFO] Capturing request: https://update.googleapis.com/service/update2/json
2026-07-16 15:41:13,909 [INFO] Capturing response: https://update.googleapis.com/service/update2/json 200 
2026-07-16 15:41:13,954 [INFO] Capturing request: http://edgedl.me.gvt1.com/edgedl/release2/chrome_component/act755iove5gfhfm53s5dq5wj3ba_10651/hfnkpimlhhgieaddgfemjhofmfblmnib_10651_all_adui36e5mieyx3oatwuuovwobuia.crx3
2026-07-16 15:41:14,076 [INFO] Capturing response: http://edgedl.me.gvt1.com/edgedl/release2/chrome_component/act755iove5gfhfm53s5dq5wj3ba_10651/hfnkpimlhhgieaddgfemjhofmfblmnib_10651_all_adui36e5mieyx3oatwuuovwobuia.crx3 200 OK
2026-07-16 15:41:14,108 [INFO] Capturing request: https://update.googleapis.com/service/update2/json
2026-07-16 15:41:14,129 [INFO] Capturing response: https://update.googleapis.com/service/update2/json 200 
2026-07-16 15:41:26,324 [INFO] Capturing request: https://android.clients.google.com/c2dm/register3
2026-07-16 15:41:26,366 [INFO] Capturing response: https://android.clients.google.com/c2dm/register3 301 
2026-07-16 15:41:43,431 [WARNING]   ❌ Tivibu Spor 4 için M3U8 bulunamadı
2026-07-16 15:41:44,500 [INFO] ✅ 13 kanal bulundu, playlist.m3u kaydedildi
