2026-07-04 21:32:52,082 [INFO] 🌐 BASE_URL: https://atomsportv508.top
2026-07-04 21:32:53,092 [INFO] Başlanıyor... 14 kanal taranacak
2026-07-04 21:32:53,092 [INFO] Using default request storage
2026-07-04 21:32:53,096 [INFO] Created proxy listening on 127.0.0.1:38931
2026-07-04 21:32:53,808 [INFO] Capturing request: http://clients2.google.com/time/1/current?cup2key=10:gNVMoS9XLrUQPAOLz8HqPiWt3YaAJ3IuatLfJaR8pLs&cup2hreq=e3b0c44298fc1c149afbf4c8996fb92427ae41e4649b934ca495991b7852b855
2026-07-04 21:32:53,845 [INFO] Capturing response: http://clients2.google.com/time/1/current?cup2key=10:gNVMoS9XLrUQPAOLz8HqPiWt3YaAJ3IuatLfJaR8pLs&cup2hreq=e3b0c44298fc1c149afbf4c8996fb92427ae41e4649b934ca495991b7852b855 200 OK
2026-07-04 21:32:54,003 [INFO] 
[1/14]
2026-07-04 21:32:54,003 [INFO] 🔍 beIN Sports 1 → https://atomsportv508.top/matches?id=bein-sports-1
2026-07-04 21:32:54,086 [INFO] Capturing request: https://accounts.google.com/ListAccounts?gpsia=1&source=ChromiumBrowser&json=standard&laf=b64bin
2026-07-04 21:32:54,089 [INFO] Capturing request: https://update.googleapis.com/service/update2/json?cup2key=16:uNyus7G9eiEMRd0GB5ZPgEwgdPP9hkXeRGl3AO3CMfo&cup2hreq=53505c3af15b05f6e6519ed574e01a4805715fdeca82552d3f49b8684ef838de
2026-07-04 21:32:54,144 [INFO] Capturing response: https://update.googleapis.com/service/update2/json?cup2key=16:uNyus7G9eiEMRd0GB5ZPgEwgdPP9hkXeRGl3AO3CMfo&cup2hreq=53505c3af15b05f6e6519ed574e01a4805715fdeca82552d3f49b8684ef838de 200 
2026-07-04 21:32:54,192 [INFO] Capturing request: https://update.googleapis.com/service/update2/json?cup2key=16:CkEEaj4toStmS8qibfJxQe6K4z9dS-lqUwGOsi7V-F4&cup2hreq=deab651c645d3396b3be12dc9ad41bbea8215c2338d8fb26e7d19ffe955ff140
2026-07-04 21:32:54,197 [INFO] Capturing response: https://accounts.google.com/ListAccounts?gpsia=1&source=ChromiumBrowser&json=standard&laf=b64bin 200 
2026-07-04 21:32:54,212 [INFO] Capturing request: https://atomsportv508.top/matches?id=bein-sports-1
2026-07-04 21:32:54,217 [INFO] Capturing response: https://update.googleapis.com/service/update2/json?cup2key=16:CkEEaj4toStmS8qibfJxQe6K4z9dS-lqUwGOsi7V-F4&cup2hreq=deab651c645d3396b3be12dc9ad41bbea8215c2338d8fb26e7d19ffe955ff140 200 
2026-07-04 21:32:54,257 [INFO] Capturing response: https://atomsportv508.top/matches?id=bein-sports-1 200 
2026-07-04 21:32:54,412 [INFO] Capturing request: https://atomsportv508.top/assets/js/clappr.js
2026-07-04 21:32:54,432 [INFO] Capturing response: https://atomsportv508.top/assets/js/clappr.js 200 
2026-07-04 21:32:54,469 [INFO] Capturing request: https://cdn.jsdelivr.net/npm/@clappr/player@latest/dist/clappr.min.js
2026-07-04 21:32:54,479 [INFO] Capturing request: https://cdnjs.cloudflare.com/ajax/libs/jquery/3.2.1/jquery.min.js
2026-07-04 21:32:54,503 [INFO] Capturing response: https://cdnjs.cloudflare.com/ajax/libs/jquery/3.2.1/jquery.min.js 200 
2026-07-04 21:32:54,505 [INFO] Capturing response: https://cdn.jsdelivr.net/npm/@clappr/player@latest/dist/clappr.min.js 200 
2026-07-04 21:32:54,519 [INFO] Capturing request: https://www.google.com/async/folae?async=_fmt:pb&udm=50&client_locale=en-US&client_country=ZZ
2026-07-04 21:32:54,556 [INFO] Capturing response: https://www.google.com/async/folae?async=_fmt:pb&udm=50&client_locale=en-US&client_country=ZZ 200 
2026-07-04 21:32:54,705 [INFO] Capturing request: https://static.cloudflareinsights.com/beacon.min.js/v4513226cdae34746b4dedf0b4dfa099e1781791509496
2026-07-04 21:32:54,730 [INFO] Capturing response: https://static.cloudflareinsights.com/beacon.min.js/v4513226cdae34746b4dedf0b4dfa099e1781791509496 200 
2026-07-04 21:32:54,792 [INFO] Capturing request: https://atomsportv508.top/cdn-cgi/rum?
2026-07-04 21:32:54,896 [INFO] Capturing request: https://atomsportv508.top/favicon.ico
2026-07-04 21:32:54,934 [INFO] Capturing response: https://atomsportv508.top/favicon.ico 200 
2026-07-04 21:32:54,943 [INFO] Capturing response: https://atomsportv508.top/cdn-cgi/rum? 204 
2026-07-04 21:32:54,995 [INFO] Capturing request: https://teletv5.top/load/yayinlink.php?id=bein-sports-1
2026-07-04 21:32:55,015 [INFO] Capturing response: https://teletv5.top/load/yayinlink.php?id=bein-sports-1 200 
2026-07-04 21:32:55,555 [INFO] Capturing request: https://streamsport365.com/cinema
2026-07-04 21:32:55,928 [INFO] Capturing response: https://streamsport365.com/cinema 200 
2026-07-04 21:32:56,060 [INFO] Capturing request: https://atomsportv508.top/assets/img/player_logo_6880e4e4c52ee.png
2026-07-04 21:32:56,093 [INFO] Capturing response: https://atomsportv508.top/assets/img/player_logo_6880e4e4c52ee.png 200 
2026-07-04 21:32:56,128 [INFO] Capturing request: https://hlssssssssssssssssss.yedeklinksa35.workers.dev/https://corestream.ronaldovurdu.help//trtspor/tracks-v1a1/mono.m3u8
2026-07-04 21:32:56,142 [INFO] Capturing response: https://hlssssssssssssssssss.yedeklinksa35.workers.dev/https://corestream.ronaldovurdu.help//trtspor/tracks-v1a1/mono.m3u8 500 
2026-07-04 21:32:56,966 [INFO] Capturing request: https://android.clients.google.com/checkin
2026-07-04 21:32:57,063 [INFO] Capturing response: https://android.clients.google.com/checkin 200 
2026-07-04 21:32:57,111 [INFO] Capturing request: https://android.clients.google.com/c2dm/register3
2026-07-04 21:32:57,115 [INFO] Capturing request: https://android.clients.google.com/c2dm/register3
2026-07-04 21:32:57,119 [INFO] Capturing request: https://android.clients.google.com/c2dm/register3
2026-07-04 21:32:57,184 [INFO] Capturing response: https://android.clients.google.com/c2dm/register3 200 
2026-07-04 21:32:57,189 [INFO] Capturing response: https://android.clients.google.com/c2dm/register3 200 
2026-07-04 21:32:57,193 [INFO] Capturing response: https://android.clients.google.com/c2dm/register3 200 
2026-07-04 21:32:57,825 [INFO]   ✅ M3U8 bulundu: https://hlssssssssssssssssss.yedeklinksa35.workers.dev/https://corestream.ronaldovurdu.help//trtspor/tracks-v1a1/mono.m3u8
2026-07-04 21:32:58,825 [INFO] 
[2/14]
2026-07-04 21:32:58,826 [INFO] 🔍 beIN Sports 2 → https://atomsportv508.top/matches?id=bein-sports-2
2026-07-04 21:32:58,936 [INFO] Capturing request: https://atomsportv508.top/matches?id=bein-sports-2
2026-07-04 21:32:58,964 [INFO] Capturing response: https://atomsportv508.top/matches?id=bein-sports-2 200 
2026-07-04 21:32:58,975 [INFO] Capturing request: https://atomsportv508.top/cdn-cgi/rum?
2026-07-04 21:32:59,012 [INFO] Capturing request: https://streamsport365.com/cinema
2026-07-04 21:32:59,017 [INFO] Capturing request: https://atomsportv508.top/cdn-cgi/rum?
2026-07-04 21:32:59,112 [INFO] Capturing request: https://teletv5.top/load/yayinlink.php?id=bein-sports-2
2026-07-04 21:32:59,117 [INFO] Capturing request: https://atomsportv508.top/favicon.ico
2026-07-04 21:32:59,123 [INFO] Capturing response: https://atomsportv508.top/cdn-cgi/rum? 204 
2026-07-04 21:32:59,126 [INFO] Capturing response: https://atomsportv508.top/cdn-cgi/rum? 204 
2026-07-04 21:32:59,128 [INFO] Capturing response: https://teletv5.top/load/yayinlink.php?id=bein-sports-2 200 
2026-07-04 21:32:59,142 [INFO] Capturing response: https://atomsportv508.top/favicon.ico 200 
2026-07-04 21:32:59,383 [INFO] Capturing response: https://streamsport365.com/cinema 200 
2026-07-04 21:32:59,503 [INFO] Capturing request: https://hlssssssssssssssssss.yedeklinksa35.workers.dev/https://corestream.ronaldovurdu.help//bein2/tracks-v1a1/mono.m3u8
2026-07-04 21:32:59,513 [INFO] Capturing response: https://hlssssssssssssssssss.yedeklinksa35.workers.dev/https://corestream.ronaldovurdu.help//bein2/tracks-v1a1/mono.m3u8 500 
2026-07-04 21:33:02,023 [INFO]   ✅ M3U8 bulundu: https://hlssssssssssssssssss.yedeklinksa35.workers.dev/https://corestream.ronaldovurdu.help//bein2/tracks-v1a1/mono.m3u8
2026-07-04 21:33:03,023 [INFO] 
[3/14]
2026-07-04 21:33:03,023 [INFO] 🔍 beIN Sports 3 → https://atomsportv508.top/matches?id=bein-sports-3
2026-07-04 21:33:03,132 [INFO] Capturing request: https://atomsportv508.top/assets/js/clappr.js
2026-07-04 21:33:03,134 [INFO] Capturing request: https://atomsportv508.top/matches?id=bein-sports-3
2026-07-04 21:33:03,148 [INFO] Capturing response: https://atomsportv508.top/assets/js/clappr.js 200 
2026-07-04 21:33:03,174 [INFO] Capturing response: https://atomsportv508.top/matches?id=bein-sports-3 200 
2026-07-04 21:33:03,196 [INFO] Capturing request: https://atomsportv508.top/cdn-cgi/rum?
2026-07-04 21:33:03,225 [INFO] Capturing request: https://atomsportv508.top/cdn-cgi/rum?
2026-07-04 21:33:03,322 [INFO] Capturing request: https://teletv5.top/load/yayinlink.php?id=bein-sports-3
2026-07-04 21:33:03,325 [INFO] Capturing response: https://atomsportv508.top/cdn-cgi/rum? 204 
2026-07-04 21:33:03,327 [INFO] Capturing request: https://atomsportv508.top/favicon.ico
2026-07-04 21:33:03,342 [INFO] Capturing response: https://teletv5.top/load/yayinlink.php?id=bein-sports-3 200 
2026-07-04 21:33:03,353 [INFO] Capturing response: https://atomsportv508.top/favicon.ico 200 
2026-07-04 21:33:03,374 [INFO] Capturing response: https://atomsportv508.top/cdn-cgi/rum? 204 
2026-07-04 21:33:03,481 [INFO] Capturing request: https://streamsport365.com/cinema
2026-07-04 21:33:03,851 [INFO] Capturing response: https://streamsport365.com/cinema 200 
2026-07-04 21:33:18,145 [INFO] Capturing request: https://android.clients.google.com/c2dm/register3
2026-07-04 21:33:18,213 [INFO] Capturing response: https://android.clients.google.com/c2dm/register3 301 
2026-07-04 21:33:23,172 [INFO] Capturing request: https://android.clients.google.com/c2dm/register3
2026-07-04 21:33:23,712 [INFO] Capturing response: https://android.clients.google.com/c2dm/register3 200 
2026-07-04 21:33:24,010 [INFO] Capturing request: https://android.clients.google.com/c2dm/register3
2026-07-04 21:33:24,715 [INFO] Capturing response: https://android.clients.google.com/c2dm/register3 200 
2026-07-04 21:33:36,537 [WARNING]   ❌ beIN Sports 3 için M3U8 bulunamadı
2026-07-04 21:33:37,537 [INFO] 
[4/14]
2026-07-04 21:33:37,537 [INFO] 🔍 beIN Sports 4 → https://atomsportv508.top/matches?id=bein-sports-4
2026-07-04 21:33:37,648 [INFO] Capturing request: https://atomsportv508.top/assets/js/clappr.js
2026-07-04 21:33:37,649 [INFO] Capturing request: https://atomsportv508.top/matches?id=bein-sports-4
2026-07-04 21:33:37,666 [INFO] Capturing response: https://atomsportv508.top/assets/js/clappr.js 200 
2026-07-04 21:33:38,306 [INFO] Capturing response: https://atomsportv508.top/matches?id=bein-sports-4 200 
2026-07-04 21:33:38,315 [INFO] Capturing request: https://atomsportv508.top/cdn-cgi/rum?
2026-07-04 21:33:38,344 [INFO] Capturing request: https://atomsportv508.top/cdn-cgi/rum?
2026-07-04 21:33:38,424 [INFO] Capturing response: https://atomsportv508.top/cdn-cgi/rum? 204 
2026-07-04 21:33:38,438 [INFO] Capturing request: https://teletv5.top/load/yayinlink.php?id=bein-sports-4
2026-07-04 21:33:38,444 [INFO] Capturing request: https://atomsportv508.top/favicon.ico
2026-07-04 21:33:38,456 [INFO] Capturing response: https://teletv5.top/load/yayinlink.php?id=bein-sports-4 200 
2026-07-04 21:33:38,474 [INFO] Capturing response: https://atomsportv508.top/favicon.ico 200 
2026-07-04 21:33:38,493 [INFO] Capturing response: https://atomsportv508.top/cdn-cgi/rum? 204 
2026-07-04 21:33:38,600 [INFO] Capturing request: https://streamsport365.com/cinema
2026-07-04 21:33:38,970 [INFO] Capturing response: https://streamsport365.com/cinema 200 
2026-07-04 21:33:53,801 [INFO] Capturing request: https://update.googleapis.com/service/update2/json?cup2key=16:FttmxUAH0vbnJp380YOKBx3A5WCuOJy3qtEaSCmomZI&cup2hreq=3fae583b82aba4d9475c014303bb870ca28c47fe38668504f611c34a115bea60
2026-07-04 21:33:53,834 [INFO] Capturing response: https://update.googleapis.com/service/update2/json?cup2key=16:FttmxUAH0vbnJp380YOKBx3A5WCuOJy3qtEaSCmomZI&cup2hreq=3fae583b82aba4d9475c014303bb870ca28c47fe38668504f611c34a115bea60 200 
2026-07-04 21:33:53,840 [INFO] Capturing request: http://edgedl.me.gvt1.com/edgedl/diffgen-puffin/gcmjkmgdlgnkkcocmoeiminaijmmjnii/df2a22d5ecc7788c3330ebd5f856b41531c74f412a01ed7453d11284708009fe
2026-07-04 21:33:53,850 [INFO] Capturing response: http://edgedl.me.gvt1.com/edgedl/diffgen-puffin/gcmjkmgdlgnkkcocmoeiminaijmmjnii/df2a22d5ecc7788c3330ebd5f856b41531c74f412a01ed7453d11284708009fe 200 OK
2026-07-04 21:33:53,877 [INFO] Capturing request: https://update.googleapis.com/service/update2/json
2026-07-04 21:33:53,902 [INFO] Capturing response: https://update.googleapis.com/service/update2/json 200 
2026-07-04 21:33:53,947 [INFO] Capturing request: http://edgedl.me.gvt1.com/edgedl/release2/chrome_component/nvxmlyzya5envilygdy6iorilq_10627/hfnkpimlhhgieaddgfemjhofmfblmnib_10627_all_hnknl5p3petyookjfhnysvqsx4.crx3
2026-07-04 21:33:53,965 [INFO] Capturing response: http://edgedl.me.gvt1.com/edgedl/release2/chrome_component/nvxmlyzya5envilygdy6iorilq_10627/hfnkpimlhhgieaddgfemjhofmfblmnib_10627_all_hnknl5p3petyookjfhnysvqsx4.crx3 200 OK
2026-07-04 21:33:53,997 [INFO] Capturing request: https://update.googleapis.com/service/update2/json
2026-07-04 21:33:54,024 [INFO] Capturing response: https://update.googleapis.com/service/update2/json 200 
2026-07-04 21:34:02,863 [INFO] Capturing request: https://android.clients.google.com/c2dm/register3
2026-07-04 21:34:02,935 [INFO] Capturing response: https://android.clients.google.com/c2dm/register3 301 
2026-07-04 21:34:11,635 [WARNING]   ❌ beIN Sports 4 için M3U8 bulunamadı
2026-07-04 21:34:12,635 [INFO] 
[5/14]
2026-07-04 21:34:12,635 [INFO] 🔍 beIN Sports 5 → https://atomsportv508.top/matches?id=bein-sports-5
2026-07-04 21:34:12,793 [INFO] Capturing request: https://atomsportv508.top/matches?id=bein-sports-5
2026-07-04 21:34:12,798 [INFO] Capturing request: https://atomsportv508.top/assets/js/clappr.js
2026-07-04 21:34:12,816 [INFO] Capturing response: https://atomsportv508.top/assets/js/clappr.js 200 
2026-07-04 21:34:13,417 [INFO] Capturing response: https://atomsportv508.top/matches?id=bein-sports-5 200 
2026-07-04 21:34:13,425 [INFO] Capturing request: https://atomsportv508.top/cdn-cgi/rum?
2026-07-04 21:34:13,456 [INFO] Capturing request: https://atomsportv508.top/cdn-cgi/rum?
2026-07-04 21:34:13,563 [INFO] Capturing request: https://atomsportv508.top/favicon.ico
2026-07-04 21:34:13,572 [INFO] Capturing response: https://atomsportv508.top/cdn-cgi/rum? 204 
2026-07-04 21:34:13,574 [INFO] Capturing response: https://atomsportv508.top/cdn-cgi/rum? 204 
2026-07-04 21:34:13,594 [INFO] Capturing response: https://atomsportv508.top/favicon.ico 200 
2026-07-04 21:34:13,604 [INFO] Capturing request: https://teletv5.top/load/yayinlink.php?id=bein-sports-5
2026-07-04 21:34:14,010 [INFO] Capturing response: https://teletv5.top/load/yayinlink.php?id=bein-sports-5 200 
2026-07-04 21:34:14,158 [INFO] Capturing request: https://streamsport365.com/cinema
2026-07-04 21:34:14,526 [INFO] Capturing response: https://streamsport365.com/cinema 200 
2026-07-04 21:34:46,727 [WARNING]   ❌ beIN Sports 5 için M3U8 bulunamadı
2026-07-04 21:34:47,727 [INFO] 
[6/14]
2026-07-04 21:34:47,727 [INFO] 🔍 beIN Sports Max 1 → https://atomsportv508.top/matches?id=bein-sports-max-1
2026-07-04 21:34:47,837 [INFO] Capturing request: https://atomsportv508.top/assets/js/clappr.js
2026-07-04 21:34:47,837 [INFO] Capturing request: https://atomsportv508.top/matches?id=bein-sports-max-1
2026-07-04 21:34:47,856 [INFO] Capturing response: https://atomsportv508.top/assets/js/clappr.js 200 
2026-07-04 21:34:48,160 [INFO] Capturing response: https://atomsportv508.top/matches?id=bein-sports-max-1 200 
2026-07-04 21:34:48,169 [INFO] Capturing request: https://atomsportv508.top/cdn-cgi/rum?
2026-07-04 21:34:48,202 [INFO] Capturing request: https://atomsportv508.top/cdn-cgi/rum?
2026-07-04 21:34:48,278 [INFO] Capturing response: https://atomsportv508.top/cdn-cgi/rum? 204 
2026-07-04 21:34:48,295 [INFO] Capturing request: https://teletv5.top/load/yayinlink.php?id=bein-sports-max-1
2026-07-04 21:34:48,303 [INFO] Capturing request: https://atomsportv508.top/favicon.ico
2026-07-04 21:34:48,339 [INFO] Capturing response: https://atomsportv508.top/favicon.ico 200 
2026-07-04 21:34:48,353 [INFO] Capturing response: https://atomsportv508.top/cdn-cgi/rum? 204 
2026-07-04 21:34:48,461 [INFO] Capturing request: https://streamsport365.com/cinema
2026-07-04 21:34:48,511 [INFO] Capturing response: https://teletv5.top/load/yayinlink.php?id=bein-sports-max-1 200 
2026-07-04 21:34:48,835 [INFO] Capturing response: https://streamsport365.com/cinema 200 
2026-07-04 21:35:21,468 [WARNING]   ❌ beIN Sports Max 1 için M3U8 bulunamadı
2026-07-04 21:35:22,468 [INFO] 
[7/14]
2026-07-04 21:35:22,468 [INFO] 🔍 beIN Sports Max 2 → https://atomsportv508.top/matches?id=bein-sports-max-2
2026-07-04 21:35:22,576 [INFO] Capturing request: https://atomsportv508.top/assets/js/clappr.js
2026-07-04 21:35:22,579 [INFO] Capturing request: https://atomsportv508.top/matches?id=bein-sports-max-2
2026-07-04 21:35:22,594 [INFO] Capturing response: https://atomsportv508.top/assets/js/clappr.js 200 
2026-07-04 21:35:22,895 [INFO] Capturing response: https://atomsportv508.top/matches?id=bein-sports-max-2 200 
2026-07-04 21:35:22,906 [INFO] Capturing request: https://atomsportv508.top/cdn-cgi/rum?
2026-07-04 21:35:22,934 [INFO] Capturing request: https://atomsportv508.top/cdn-cgi/rum?
2026-07-04 21:35:23,014 [INFO] Capturing response: https://atomsportv508.top/cdn-cgi/rum? 204 
2026-07-04 21:35:23,028 [INFO] Capturing request: https://teletv5.top/load/yayinlink.php?id=bein-sports-max-2
2026-07-04 21:35:23,041 [INFO] Capturing request: https://atomsportv508.top/favicon.ico
2026-07-04 21:35:23,087 [INFO] Capturing response: https://atomsportv508.top/cdn-cgi/rum? 204 
2026-07-04 21:35:23,089 [INFO] Capturing response: https://atomsportv508.top/favicon.ico 200 
2026-07-04 21:35:23,190 [INFO] Capturing request: https://streamsport365.com/cinema
2026-07-04 21:35:23,247 [INFO] Capturing response: https://teletv5.top/load/yayinlink.php?id=bein-sports-max-2 200 
2026-07-04 21:35:23,562 [INFO] Capturing response: https://streamsport365.com/cinema 200 
2026-07-04 21:35:37,330 [INFO] Capturing request: https://android.clients.google.com/c2dm/register3
2026-07-04 21:35:37,403 [INFO] Capturing response: https://android.clients.google.com/c2dm/register3 301 
2026-07-04 21:35:56,207 [WARNING]   ❌ beIN Sports Max 2 için M3U8 bulunamadı
2026-07-04 21:35:57,207 [INFO] 
[8/14]
2026-07-04 21:35:57,207 [INFO] 🔍 S Sport → https://atomsportv508.top/matches?id=s-sport
2026-07-04 21:35:57,317 [INFO] Capturing request: https://atomsportv508.top/assets/js/clappr.js
2026-07-04 21:35:57,319 [INFO] Capturing request: https://atomsportv508.top/matches?id=s-sport
2026-07-04 21:35:57,335 [INFO] Capturing response: https://atomsportv508.top/assets/js/clappr.js 200 
2026-07-04 21:35:57,632 [INFO] Capturing response: https://atomsportv508.top/matches?id=s-sport 200 
2026-07-04 21:35:57,642 [INFO] Capturing request: https://atomsportv508.top/cdn-cgi/rum?
2026-07-04 21:35:57,671 [INFO] Capturing request: https://atomsportv508.top/cdn-cgi/rum?
2026-07-04 21:35:57,751 [INFO] Capturing response: https://atomsportv508.top/cdn-cgi/rum? 204 
2026-07-04 21:35:57,767 [INFO] Capturing request: https://teletv5.top/load/yayinlink.php?id=s-sport
2026-07-04 21:35:57,775 [INFO] Capturing request: https://atomsportv508.top/favicon.ico
2026-07-04 21:35:57,806 [INFO] Capturing response: https://atomsportv508.top/favicon.ico 200 
2026-07-04 21:35:57,822 [INFO] Capturing response: https://atomsportv508.top/cdn-cgi/rum? 204 
2026-07-04 21:35:57,928 [INFO] Capturing request: https://streamsport365.com/cinema
2026-07-04 21:35:57,988 [INFO] Capturing response: https://teletv5.top/load/yayinlink.php?id=s-sport 200 
2026-07-04 21:35:58,297 [INFO] Capturing response: https://streamsport365.com/cinema 200 
2026-07-04 21:35:58,452 [INFO] Capturing request: https://hlssssssssssssssssss.yedeklinksa35.workers.dev/https://corestream.ronaldovurdu.help//s-sportt/tracks-v1a1/mono.m3u8
2026-07-04 21:35:58,462 [INFO] Capturing response: https://hlssssssssssssssssss.yedeklinksa35.workers.dev/https://corestream.ronaldovurdu.help//s-sportt/tracks-v1a1/mono.m3u8 500 
2026-07-04 21:36:00,687 [INFO]   ✅ M3U8 bulundu: https://hlssssssssssssssssss.yedeklinksa35.workers.dev/https://corestream.ronaldovurdu.help//s-sportt/tracks-v1a1/mono.m3u8
2026-07-04 21:36:01,687 [INFO] 
[9/14]
2026-07-04 21:36:01,687 [INFO] 🔍 S Sport 2 → https://atomsportv508.top/matches?id=s-sport-2
2026-07-04 21:36:01,795 [INFO] Capturing request: https://atomsportv508.top/assets/js/clappr.js
2026-07-04 21:36:01,797 [INFO] Capturing request: https://atomsportv508.top/matches?id=s-sport-2
2026-07-04 21:36:01,812 [INFO] Capturing response: https://atomsportv508.top/assets/js/clappr.js 200 
2026-07-04 21:36:01,940 [INFO] Capturing response: https://atomsportv508.top/matches?id=s-sport-2 200 
2026-07-04 21:36:01,952 [INFO] Capturing request: https://atomsportv508.top/cdn-cgi/rum?
2026-07-04 21:36:01,974 [INFO] Capturing request: https://streamsport365.com/cinema
2026-07-04 21:36:01,982 [INFO] Capturing request: https://atomsportv508.top/cdn-cgi/rum?
2026-07-04 21:36:02,076 [INFO] Capturing request: https://teletv5.top/load/yayinlink.php?id=s-sport-2
2026-07-04 21:36:02,082 [INFO] Capturing request: https://atomsportv508.top/favicon.ico
2026-07-04 21:36:02,089 [INFO] Capturing response: https://atomsportv508.top/cdn-cgi/rum? 204 
2026-07-04 21:36:02,091 [INFO] Capturing response: https://atomsportv508.top/cdn-cgi/rum? 204 
2026-07-04 21:36:02,110 [INFO] Capturing response: https://atomsportv508.top/favicon.ico 200 
2026-07-04 21:36:02,292 [INFO] Capturing response: https://teletv5.top/load/yayinlink.php?id=s-sport-2 200 
2026-07-04 21:36:02,354 [INFO] Capturing response: https://streamsport365.com/cinema 200 
2026-07-04 21:36:02,473 [INFO] Capturing request: https://hlssssssssssssssssss.yedeklinksa35.workers.dev/https://corestream.ronaldovurdu.help//s-sport2/tracks-v1a1/mono.m3u8
2026-07-04 21:36:02,482 [INFO] Capturing response: https://hlssssssssssssssssss.yedeklinksa35.workers.dev/https://corestream.ronaldovurdu.help//s-sport2/tracks-v1a1/mono.m3u8 500 
2026-07-04 21:36:04,995 [INFO]   ✅ M3U8 bulundu: https://hlssssssssssssssssss.yedeklinksa35.workers.dev/https://corestream.ronaldovurdu.help//s-sport2/tracks-v1a1/mono.m3u8
2026-07-04 21:36:05,996 [INFO] 
[10/14]
2026-07-04 21:36:05,996 [INFO] 🔍 A Spor → https://atomsportv508.top/matches?id=a-spor
2026-07-04 21:36:06,105 [INFO] Capturing request: https://atomsportv508.top/assets/js/clappr.js
2026-07-04 21:36:06,106 [INFO] Capturing request: https://atomsportv508.top/matches?id=a-spor
2026-07-04 21:36:06,123 [INFO] Capturing response: https://atomsportv508.top/assets/js/clappr.js 200 
2026-07-04 21:36:06,151 [INFO] Capturing response: https://atomsportv508.top/matches?id=a-spor 200 
2026-07-04 21:36:06,162 [INFO] Capturing request: https://atomsportv508.top/cdn-cgi/rum?
2026-07-04 21:36:06,190 [INFO] Capturing request: https://atomsportv508.top/cdn-cgi/rum?
2026-07-04 21:36:06,289 [INFO] Capturing request: https://teletv5.top/load/yayinlink.php?id=a-spor
2026-07-04 21:36:06,295 [INFO] Capturing request: https://atomsportv508.top/favicon.ico
2026-07-04 21:36:06,300 [INFO] Capturing response: https://atomsportv508.top/cdn-cgi/rum? 204 
2026-07-04 21:36:06,301 [INFO] Capturing response: https://atomsportv508.top/cdn-cgi/rum? 204 
2026-07-04 21:36:06,322 [INFO] Capturing response: https://atomsportv508.top/favicon.ico 200 
2026-07-04 21:36:06,448 [INFO] Capturing request: https://streamsport365.com/cinema
2026-07-04 21:36:06,502 [INFO] Capturing response: https://teletv5.top/load/yayinlink.php?id=a-spor 200 
2026-07-04 21:36:06,819 [INFO] Capturing response: https://streamsport365.com/cinema 200 
2026-07-04 21:36:06,937 [INFO] Capturing request: https://hlssssssssssssssssss.yedeklinksa35.workers.dev/https://corestream.ronaldovurdu.help//aspor/tracks-v1a1/mono.m3u8
2026-07-04 21:36:06,946 [INFO] Capturing response: https://hlssssssssssssssssss.yedeklinksa35.workers.dev/https://corestream.ronaldovurdu.help//aspor/tracks-v1a1/mono.m3u8 500 
2026-07-04 21:36:09,204 [INFO]   ✅ M3U8 bulundu: https://hlssssssssssssssssss.yedeklinksa35.workers.dev/https://corestream.ronaldovurdu.help//aspor/tracks-v1a1/mono.m3u8
2026-07-04 21:36:10,204 [INFO] 
[11/14]
2026-07-04 21:36:10,204 [INFO] 🔍 Tivibu Spor 1 → https://atomsportv508.top/matches?id=tivibu-spor-1
2026-07-04 21:36:10,313 [INFO] Capturing request: https://atomsportv508.top/matches?id=tivibu-spor-1
2026-07-04 21:36:10,315 [INFO] Capturing request: https://atomsportv508.top/assets/js/clappr.js
2026-07-04 21:36:10,342 [INFO] Capturing response: https://atomsportv508.top/matches?id=tivibu-spor-1 200 
2026-07-04 21:36:10,350 [INFO] Capturing request: https://atomsportv508.top/cdn-cgi/rum?
2026-07-04 21:36:10,357 [INFO] Capturing response: https://atomsportv508.top/assets/js/clappr.js 200 
2026-07-04 21:36:10,389 [INFO] Capturing request: https://streamsport365.com/cinema
2026-07-04 21:36:10,392 [INFO] Capturing request: https://atomsportv508.top/cdn-cgi/rum?
2026-07-04 21:36:10,461 [INFO] Capturing response: https://atomsportv508.top/cdn-cgi/rum? 204 
2026-07-04 21:36:10,490 [INFO] Capturing request: https://teletv5.top/load/yayinlink.php?id=tivibu-spor-1
2026-07-04 21:36:10,495 [INFO] Capturing request: https://atomsportv508.top/favicon.ico
2026-07-04 21:36:10,521 [INFO] Capturing response: https://atomsportv508.top/favicon.ico 200 
2026-07-04 21:36:10,544 [INFO] Capturing response: https://atomsportv508.top/cdn-cgi/rum? 204 
2026-07-04 21:36:10,706 [INFO] Capturing response: https://teletv5.top/load/yayinlink.php?id=tivibu-spor-1 200 
2026-07-04 21:36:10,763 [INFO] Capturing response: https://streamsport365.com/cinema 200 
2026-07-04 21:36:43,663 [WARNING]   ❌ Tivibu Spor 1 için M3U8 bulunamadı
2026-07-04 21:36:44,663 [INFO] 
[12/14]
2026-07-04 21:36:44,663 [INFO] 🔍 Tivibu Spor 2 → https://atomsportv508.top/matches?id=tivibu-spor-2
2026-07-04 21:36:44,772 [INFO] Capturing request: https://atomsportv508.top/assets/js/clappr.js
2026-07-04 21:36:44,774 [INFO] Capturing request: https://atomsportv508.top/matches?id=tivibu-spor-2
2026-07-04 21:36:44,790 [INFO] Capturing response: https://atomsportv508.top/assets/js/clappr.js 200 
2026-07-04 21:36:45,088 [INFO] Capturing response: https://atomsportv508.top/matches?id=tivibu-spor-2 200 
2026-07-04 21:36:45,096 [INFO] Capturing request: https://atomsportv508.top/cdn-cgi/rum?
2026-07-04 21:36:45,131 [INFO] Capturing request: https://atomsportv508.top/cdn-cgi/rum?
2026-07-04 21:36:45,225 [INFO] Capturing request: https://teletv5.top/load/yayinlink.php?id=tivibu-spor-2
2026-07-04 21:36:45,231 [INFO] Capturing request: https://atomsportv508.top/favicon.ico
2026-07-04 21:36:45,238 [INFO] Capturing response: https://atomsportv508.top/cdn-cgi/rum? 204 
2026-07-04 21:36:45,240 [INFO] Capturing response: https://atomsportv508.top/cdn-cgi/rum? 204 
2026-07-04 21:36:45,263 [INFO] Capturing response: https://atomsportv508.top/favicon.ico 200 
2026-07-04 21:36:45,388 [INFO] Capturing request: https://streamsport365.com/cinema
2026-07-04 21:36:45,441 [INFO] Capturing response: https://teletv5.top/load/yayinlink.php?id=tivibu-spor-2 200 
2026-07-04 21:36:45,758 [INFO] Capturing response: https://streamsport365.com/cinema 200 
2026-07-04 21:37:18,400 [WARNING]   ❌ Tivibu Spor 2 için M3U8 bulunamadı
2026-07-04 21:37:19,400 [INFO] 
[13/14]
2026-07-04 21:37:19,400 [INFO] 🔍 Tivibu Spor 3 → https://atomsportv508.top/matches?id=tivibu-spor-3
2026-07-04 21:37:19,511 [INFO] Capturing request: https://atomsportv508.top/matches?id=tivibu-spor-3
2026-07-04 21:37:19,512 [INFO] Capturing request: https://atomsportv508.top/assets/js/clappr.js
2026-07-04 21:37:19,572 [INFO] Capturing response: https://atomsportv508.top/assets/js/clappr.js 200 
2026-07-04 21:37:19,819 [INFO] Capturing response: https://atomsportv508.top/matches?id=tivibu-spor-3 200 
2026-07-04 21:37:19,829 [INFO] Capturing request: https://atomsportv508.top/cdn-cgi/rum?
2026-07-04 21:37:19,855 [INFO] Capturing request: https://atomsportv508.top/cdn-cgi/rum?
2026-07-04 21:37:19,957 [INFO] Capturing request: https://teletv5.top/load/yayinlink.php?id=tivibu-spor-3
2026-07-04 21:37:19,959 [INFO] Capturing request: https://atomsportv508.top/favicon.ico
2026-07-04 21:37:19,964 [INFO] Capturing response: https://atomsportv508.top/cdn-cgi/rum? 204 
2026-07-04 21:37:19,965 [INFO] Capturing response: https://atomsportv508.top/cdn-cgi/rum? 204 
2026-07-04 21:37:19,991 [INFO] Capturing response: https://atomsportv508.top/favicon.ico 200 
2026-07-04 21:37:20,116 [INFO] Capturing request: https://streamsport365.com/cinema
2026-07-04 21:37:20,179 [INFO] Capturing response: https://teletv5.top/load/yayinlink.php?id=tivibu-spor-3 200 
2026-07-04 21:37:20,493 [INFO] Capturing response: https://streamsport365.com/cinema 200 
2026-07-04 21:37:53,120 [WARNING]   ❌ Tivibu Spor 3 için M3U8 bulunamadı
2026-07-04 21:37:54,121 [INFO] 
[14/14]
2026-07-04 21:37:54,121 [INFO] 🔍 Tivibu Spor 4 → https://atomsportv508.top/matches?id=tivibu-spor-4
2026-07-04 21:37:54,230 [INFO] Capturing request: https://atomsportv508.top/assets/js/clappr.js
2026-07-04 21:37:54,231 [INFO] Capturing request: https://atomsportv508.top/matches?id=tivibu-spor-4
2026-07-04 21:37:54,248 [INFO] Capturing response: https://atomsportv508.top/assets/js/clappr.js 200 
2026-07-04 21:37:54,545 [INFO] Capturing response: https://atomsportv508.top/matches?id=tivibu-spor-4 200 
2026-07-04 21:37:54,554 [INFO] Capturing request: https://atomsportv508.top/cdn-cgi/rum?
2026-07-04 21:37:54,586 [INFO] Capturing request: https://atomsportv508.top/cdn-cgi/rum?
2026-07-04 21:37:54,663 [INFO] Capturing response: https://atomsportv508.top/cdn-cgi/rum? 204 
2026-07-04 21:37:54,687 [INFO] Capturing request: https://teletv5.top/load/yayinlink.php?id=tivibu-spor-4
2026-07-04 21:37:54,690 [INFO] Capturing request: https://atomsportv508.top/favicon.ico
2026-07-04 21:37:54,720 [INFO] Capturing response: https://atomsportv508.top/favicon.ico 200 
2026-07-04 21:37:54,736 [INFO] Capturing response: https://atomsportv508.top/cdn-cgi/rum? 204 
2026-07-04 21:37:54,846 [INFO] Capturing request: https://streamsport365.com/cinema
2026-07-04 21:37:54,901 [INFO] Capturing response: https://teletv5.top/load/yayinlink.php?id=tivibu-spor-4 200 
2026-07-04 21:37:55,216 [INFO] Capturing response: https://streamsport365.com/cinema 200 
2026-07-04 21:38:27,852 [WARNING]   ❌ Tivibu Spor 4 için M3U8 bulunamadı
2026-07-04 21:38:28,922 [INFO] ✅ 5 kanal bulundu, playlist.m3u kaydedildi
