2026-05-12 07:44:09,302 [INFO] 🔎 Domain aralığı taranıyor: atomsportv490.top - atomsportv520.top
2026-05-12 07:44:17,450 [INFO]   ✅ Aktif domain bulundu: https://atomsportv503.top
2026-05-12 07:44:17,452 [INFO] 🌐 Kullanılan BASE_URL: https://atomsportv503.top
2026-05-12 07:44:17,452 [INFO] 🔗 Proxy Prefix: https://ronaldo.magnitude.workers.dev/?url=
2026-05-12 07:44:18,525 [INFO] ✅ SeleniumWire aktif
2026-05-12 07:44:18,527 [INFO] =======================================================
2026-05-12 07:44:18,527 [INFO]    M3U8 Scraper
2026-05-12 07:44:18,527 [INFO]    Base URL    : https://atomsportv503.top
2026-05-12 07:44:18,527 [INFO]    Proxy Prefix: https://ronaldo.magnitude.workers.dev/?url=
2026-05-12 07:44:18,527 [INFO]    Toplam      : 13 sayfa
2026-05-12 07:44:18,527 [INFO] =======================================================
2026-05-12 07:44:18,527 [INFO] 🔧 Driver başlatılıyor...
2026-05-12 07:44:19,271 [INFO] ✅ Driver başlatıldı
2026-05-12 07:44:19,271 [INFO] 
[1/13]
2026-05-12 07:44:19,271 [INFO] 
──────────────────────────────────────────────────
2026-05-12 07:44:19,271 [INFO] 🔍 beIN Sports 1 → https://atomsportv503.top/matches?id=bein-sports-1
2026-05-12 07:44:19,272 [INFO] ──────────────────────────────────────────────────
2026-05-12 07:44:51,714 [INFO]   📡 M3U8 bekleniyor (max 8s)...
2026-05-12 07:44:51,724 [INFO]   🎯 DOĞRU kanal bulundu: https://young-surf-88a9.pitpitvur.workers.dev/https://corestream.ronaldovurdu.help//hls/bein-sports-11.m3u8
2026-05-12 07:44:51,725 [INFO]   ✅ beIN Sports 1: https://young-surf-88a9.pitpitvur.workers.dev/https://corestream.ronaldovurdu.help//hls/bein-sports-11.m3u8
2026-05-12 07:44:52,725 [INFO] 
[2/13]
2026-05-12 07:44:52,725 [INFO] 
──────────────────────────────────────────────────
2026-05-12 07:44:52,726 [INFO] 🔍 beIN Sports 2 → https://atomsportv503.top/matches?id=bein-sports-2
2026-05-12 07:44:52,726 [INFO] ──────────────────────────────────────────────────
2026-05-12 07:45:25,026 [INFO]   📡 M3U8 bekleniyor (max 8s)...
2026-05-12 07:45:25,028 [INFO]   🎯 DOĞRU kanal bulundu: https://young-surf-88a9.pitpitvur.workers.dev/https://corestream.ronaldovurdu.help//hls/bein-sports-2.m3u8
2026-05-12 07:45:25,028 [INFO]   ✅ beIN Sports 2: https://young-surf-88a9.pitpitvur.workers.dev/https://corestream.ronaldovurdu.help//hls/bein-sports-2.m3u8
2026-05-12 07:45:26,028 [INFO] 
[3/13]
2026-05-12 07:45:26,028 [INFO] 
──────────────────────────────────────────────────
2026-05-12 07:45:26,028 [INFO] 🔍 beIN Sports 3 → https://atomsportv503.top/matches?id=bein-sports-3
2026-05-12 07:45:26,028 [INFO] ──────────────────────────────────────────────────
2026-05-12 07:45:57,955 [INFO]   📡 M3U8 bekleniyor (max 8s)...
2026-05-12 07:45:57,958 [INFO]   🎯 DOĞRU kanal bulundu: https://young-surf-88a9.pitpitvur.workers.dev/https://corestream.ronaldovurdu.help//hls/bein-sports-3.m3u8
2026-05-12 07:45:57,959 [INFO]   ✅ beIN Sports 3: https://young-surf-88a9.pitpitvur.workers.dev/https://corestream.ronaldovurdu.help//hls/bein-sports-3.m3u8
2026-05-12 07:45:58,959 [INFO] 
[4/13]
2026-05-12 07:45:58,959 [INFO] 
──────────────────────────────────────────────────
2026-05-12 07:45:58,959 [INFO] 🔍 beIN Sports 4 → https://atomsportv503.top/matches?id=bein-sports-4
2026-05-12 07:45:58,959 [INFO] ──────────────────────────────────────────────────
2026-05-12 07:46:30,907 [INFO]   📡 M3U8 bekleniyor (max 8s)...
2026-05-12 07:46:30,915 [INFO]   🎯 DOĞRU kanal bulundu: https://young-surf-88a9.pitpitvur.workers.dev/https://corestream.ronaldovurdu.help//hls/bein-sports-4.m3u8
2026-05-12 07:46:30,916 [INFO]   ✅ beIN Sports 4: https://young-surf-88a9.pitpitvur.workers.dev/https://corestream.ronaldovurdu.help//hls/bein-sports-4.m3u8
2026-05-12 07:46:31,917 [INFO] 
[5/13]
2026-05-12 07:46:31,917 [INFO] 
──────────────────────────────────────────────────
2026-05-12 07:46:31,917 [INFO] 🔍 beIN Sports 5 → https://atomsportv503.top/matches?id=bein-sports-5
2026-05-12 07:46:31,917 [INFO] ──────────────────────────────────────────────────
2026-05-12 07:47:04,217 [INFO]   📡 M3U8 bekleniyor (max 8s)...
2026-05-12 07:47:04,227 [INFO]   🎯 DOĞRU kanal bulundu: https://young-surf-88a9.pitpitvur.workers.dev/https://corestream.ronaldovurdu.help//hls/bein-sports-5.m3u8
2026-05-12 07:47:04,228 [INFO]   ✅ beIN Sports 5: https://young-surf-88a9.pitpitvur.workers.dev/https://corestream.ronaldovurdu.help//hls/bein-sports-5.m3u8
2026-05-12 07:47:05,229 [INFO] 
[6/13]
2026-05-12 07:47:05,229 [INFO] 
──────────────────────────────────────────────────
2026-05-12 07:47:05,229 [INFO] 🔍 beIN Sports Max 1 → https://atomsportv503.top/matches?id=bein-sports-max-1
2026-05-12 07:47:05,229 [INFO] ──────────────────────────────────────────────────
2026-05-12 07:47:37,195 [INFO]   📡 M3U8 bekleniyor (max 8s)...
2026-05-12 07:47:45,214 [INFO]   ❌ beIN Sports Max 1: M3U8 bulunamadı
2026-05-12 07:47:46,215 [INFO] 
[7/13]
2026-05-12 07:47:46,215 [INFO] 
──────────────────────────────────────────────────
2026-05-12 07:47:46,215 [INFO] 🔍 beIN Sports Max 2 → https://atomsportv503.top/matches?id=bein-sports-max-2
2026-05-12 07:47:46,215 [INFO] ──────────────────────────────────────────────────
2026-05-12 07:48:18,142 [INFO]   📡 M3U8 bekleniyor (max 8s)...
2026-05-12 07:48:18,143 [INFO]   🎯 DOĞRU kanal bulundu: https://young-surf-88a9.pitpitvur.workers.dev/https://corestream.ronaldovurdu.help//hls/bein-sports-max-2.m3u8
2026-05-12 07:48:18,143 [INFO]   ✅ beIN Sports Max 2: https://young-surf-88a9.pitpitvur.workers.dev/https://corestream.ronaldovurdu.help//hls/bein-sports-max-2.m3u8
2026-05-12 07:48:19,143 [INFO] 
[8/13]
2026-05-12 07:48:19,143 [INFO] 
──────────────────────────────────────────────────
2026-05-12 07:48:19,144 [INFO] 🔍 S Sport → https://atomsportv503.top/matches?id=s-sport
2026-05-12 07:48:19,144 [INFO] ──────────────────────────────────────────────────
2026-05-12 07:48:51,092 [INFO]   📡 M3U8 bekleniyor (max 8s)...
2026-05-12 07:48:51,099 [INFO]   🎯 DOĞRU kanal bulundu: https://young-surf-88a9.pitpitvur.workers.dev/https://corestream.ronaldovurdu.help//hls/s-sport.m3u8
2026-05-12 07:48:51,100 [INFO]   ✅ S Sport: https://young-surf-88a9.pitpitvur.workers.dev/https://corestream.ronaldovurdu.help//hls/s-sport.m3u8
2026-05-12 07:48:52,100 [INFO] 
[9/13]
2026-05-12 07:48:52,100 [INFO] 
──────────────────────────────────────────────────
2026-05-12 07:48:52,100 [INFO] 🔍 S Sport 2 → https://atomsportv503.top/matches?id=s-sport-2
2026-05-12 07:48:52,100 [INFO] ──────────────────────────────────────────────────
2026-05-12 07:49:24,055 [INFO]   📡 M3U8 bekleniyor (max 8s)...
2026-05-12 07:49:24,069 [INFO]   🎯 DOĞRU kanal bulundu: https://young-surf-88a9.pitpitvur.workers.dev/https://corestream.ronaldovurdu.help//hls/s-sport-2.m3u8
2026-05-12 07:49:24,070 [INFO]   ✅ S Sport 2: https://young-surf-88a9.pitpitvur.workers.dev/https://corestream.ronaldovurdu.help//hls/s-sport-2.m3u8
2026-05-12 07:49:25,070 [INFO] 
[10/13]
2026-05-12 07:49:25,070 [INFO] 
──────────────────────────────────────────────────
2026-05-12 07:49:25,070 [INFO] 🔍 Tivibu Spor 1 → https://atomsportv503.top/matches?id=tivibu-spor-1
2026-05-12 07:49:25,071 [INFO] ──────────────────────────────────────────────────
2026-05-12 07:49:56,985 [INFO]   📡 M3U8 bekleniyor (max 8s)...
2026-05-12 07:50:04,997 [INFO]   ❌ Tivibu Spor 1: M3U8 bulunamadı
2026-05-12 07:50:05,998 [INFO] 
[11/13]
2026-05-12 07:50:05,998 [INFO] 
──────────────────────────────────────────────────
2026-05-12 07:50:05,998 [INFO] 🔍 Tivibu Spor 2 → https://atomsportv503.top/matches?id=tivibu-spor-2
2026-05-12 07:50:05,998 [INFO] ──────────────────────────────────────────────────
2026-05-12 07:50:37,984 [INFO]   📡 M3U8 bekleniyor (max 8s)...
2026-05-12 07:50:45,996 [INFO]   ❌ Tivibu Spor 2: M3U8 bulunamadı
2026-05-12 07:50:46,997 [INFO] 
[12/13]
2026-05-12 07:50:46,997 [INFO] 
──────────────────────────────────────────────────
2026-05-12 07:50:46,997 [INFO] 🔍 Tivibu Spor 3 → https://atomsportv503.top/matches?id=tivibu-spor-3
2026-05-12 07:50:46,997 [INFO] ──────────────────────────────────────────────────
2026-05-12 07:51:19,268 [INFO]   📡 M3U8 bekleniyor (max 8s)...
2026-05-12 07:51:27,280 [INFO]   ❌ Tivibu Spor 3: M3U8 bulunamadı
2026-05-12 07:51:28,281 [INFO] 
[13/13]
2026-05-12 07:51:28,281 [INFO] 
──────────────────────────────────────────────────
2026-05-12 07:51:28,281 [INFO] 🔍 Tivibu Spor 4 → https://atomsportv503.top/matches?id=tivibu-spor-4
2026-05-12 07:51:28,281 [INFO] ──────────────────────────────────────────────────
2026-05-12 07:52:00,217 [INFO]   📡 M3U8 bekleniyor (max 8s)...
2026-05-12 07:52:08,230 [INFO]   ❌ Tivibu Spor 4: M3U8 bulunamadı
2026-05-12 07:52:09,292 [INFO] 🔒 Driver kapatıldı
2026-05-12 07:52:09,292 [INFO] 
=======================================================
2026-05-12 07:52:09,292 [INFO] 🏁 Tamamlandı!
2026-05-12 07:52:09,292 [INFO] 📺 Kanal : 8/13
2026-05-12 07:52:09,292 [INFO] ⏱️  Süre  : 470.8s
2026-05-12 07:52:09,292 [INFO] =======================================================
2026-05-12 07:52:09,292 [INFO] ✅ playlist.m3u kaydedildi (proxy prefix'li)
2026-05-12 07:52:09,293 [INFO] ✅ stats.json kaydedildi
