2026-04-26 14:48:00,093 [INFO] 🔎 Domain aralığı taranıyor: atomsportv490.top - atomsportv520.top
2026-04-26 14:48:04,307 [INFO]   ✅ Aktif domain bulundu: https://atomsportv500.top
2026-04-26 14:48:04,308 [INFO] 🌐 Kullanılan BASE_URL: https://atomsportv500.top
2026-04-26 14:48:05,196 [INFO] ✅ SeleniumWire aktif
2026-04-26 14:48:05,198 [INFO] =======================================================
2026-04-26 14:48:05,198 [INFO]    M3U8 Scraper
2026-04-26 14:48:05,198 [INFO]    Base URL : https://atomsportv500.top
2026-04-26 14:48:05,198 [INFO]    Toplam   : 13 sayfa
2026-04-26 14:48:05,198 [INFO] =======================================================
2026-04-26 14:48:05,198 [INFO] 🔧 Driver başlatılıyor...
2026-04-26 14:48:05,937 [INFO] ✅ Driver başlatıldı
2026-04-26 14:48:05,937 [INFO] 
[1/13]
2026-04-26 14:48:05,937 [INFO] 
──────────────────────────────────────────────────
2026-04-26 14:48:05,937 [INFO] 🔍 beIN Sports 1 → https://atomsportv500.top/matches?id=bein-sports-1
2026-04-26 14:48:05,937 [INFO] ──────────────────────────────────────────────────
2026-04-26 14:48:38,087 [INFO]   📡 M3U8 bekleniyor (max 8s)...
2026-04-26 14:48:38,095 [INFO]   🎯 DOĞRU kanal bulundu: https://black-snow-b418.zuhaldomalfile.workers.dev/https://corestream.ronaldovurdu.help//hls/bein-sports-11.m3u8
2026-04-26 14:48:38,096 [INFO]   ✅ beIN Sports 1: https://black-snow-b418.zuhaldomalfile.workers.dev/https://corestream.ronaldovurdu.help//hls/bein-sports-11.m3u8
2026-04-26 14:48:39,096 [INFO] 
[2/13]
2026-04-26 14:48:39,096 [INFO] 
──────────────────────────────────────────────────
2026-04-26 14:48:39,097 [INFO] 🔍 beIN Sports 2 → https://atomsportv500.top/matches?id=bein-sports-2
2026-04-26 14:48:39,097 [INFO] ──────────────────────────────────────────────────
2026-04-26 14:49:11,304 [INFO]   📡 M3U8 bekleniyor (max 8s)...
2026-04-26 14:49:11,312 [INFO]   🎯 DOĞRU kanal bulundu: https://black-snow-b418.zuhaldomalfile.workers.dev/https://corestream.ronaldovurdu.help//hls/bein-sports-2.m3u8
2026-04-26 14:49:11,313 [INFO]   ✅ beIN Sports 2: https://black-snow-b418.zuhaldomalfile.workers.dev/https://corestream.ronaldovurdu.help//hls/bein-sports-2.m3u8
2026-04-26 14:49:12,313 [INFO] 
[3/13]
2026-04-26 14:49:12,313 [INFO] 
──────────────────────────────────────────────────
2026-04-26 14:49:12,313 [INFO] 🔍 beIN Sports 3 → https://atomsportv500.top/matches?id=bein-sports-3
2026-04-26 14:49:12,313 [INFO] ──────────────────────────────────────────────────
2026-04-26 14:49:44,319 [INFO]   📡 M3U8 bekleniyor (max 8s)...
2026-04-26 14:49:44,331 [INFO]   🎯 DOĞRU kanal bulundu: https://black-snow-b418.zuhaldomalfile.workers.dev/https://corestream.ronaldovurdu.help//hls/bein-sports-3.m3u8
2026-04-26 14:49:44,332 [INFO]   ✅ beIN Sports 3: https://black-snow-b418.zuhaldomalfile.workers.dev/https://corestream.ronaldovurdu.help//hls/bein-sports-3.m3u8
2026-04-26 14:49:45,333 [INFO] 
[4/13]
2026-04-26 14:49:45,333 [INFO] 
──────────────────────────────────────────────────
2026-04-26 14:49:45,333 [INFO] 🔍 beIN Sports 4 → https://atomsportv500.top/matches?id=bein-sports-4
2026-04-26 14:49:45,333 [INFO] ──────────────────────────────────────────────────
2026-04-26 14:50:17,327 [INFO]   📡 M3U8 bekleniyor (max 8s)...
2026-04-26 14:50:17,341 [INFO]   🎯 DOĞRU kanal bulundu: https://black-snow-b418.zuhaldomalfile.workers.dev/https://corestream.ronaldovurdu.help//hls/bein-sports-4.m3u8
2026-04-26 14:50:17,342 [INFO]   ✅ beIN Sports 4: https://black-snow-b418.zuhaldomalfile.workers.dev/https://corestream.ronaldovurdu.help//hls/bein-sports-4.m3u8
2026-04-26 14:50:18,342 [INFO] 
[5/13]
2026-04-26 14:50:18,343 [INFO] 
──────────────────────────────────────────────────
2026-04-26 14:50:18,343 [INFO] 🔍 beIN Sports 5 → https://atomsportv500.top/matches?id=bein-sports-5
2026-04-26 14:50:18,343 [INFO] ──────────────────────────────────────────────────
2026-04-26 14:50:50,296 [INFO]   📡 M3U8 bekleniyor (max 8s)...
2026-04-26 14:50:50,300 [INFO]   🎯 DOĞRU kanal bulundu: https://black-snow-b418.zuhaldomalfile.workers.dev/https://corestream.ronaldovurdu.help//hls/bein-sports-5.m3u8
2026-04-26 14:50:50,301 [INFO]   ✅ beIN Sports 5: https://black-snow-b418.zuhaldomalfile.workers.dev/https://corestream.ronaldovurdu.help//hls/bein-sports-5.m3u8
2026-04-26 14:50:51,301 [INFO] 
[6/13]
2026-04-26 14:50:51,301 [INFO] 
──────────────────────────────────────────────────
2026-04-26 14:50:51,301 [INFO] 🔍 beIN Sports Max 1 → https://atomsportv500.top/matches?id=bein-sports-max-1
2026-04-26 14:50:51,301 [INFO] ──────────────────────────────────────────────────
2026-04-26 14:51:23,243 [INFO]   📡 M3U8 bekleniyor (max 8s)...
2026-04-26 14:51:23,253 [INFO]   🎯 DOĞRU kanal bulundu: https://black-snow-b418.zuhaldomalfile.workers.dev/https://corestream.ronaldovurdu.help//hls/bein-sports-max-1.m3u8
2026-04-26 14:51:23,254 [INFO]   ✅ beIN Sports Max 1: https://black-snow-b418.zuhaldomalfile.workers.dev/https://corestream.ronaldovurdu.help//hls/bein-sports-max-1.m3u8
2026-04-26 14:51:24,254 [INFO] 
[7/13]
2026-04-26 14:51:24,255 [INFO] 
──────────────────────────────────────────────────
2026-04-26 14:51:24,255 [INFO] 🔍 beIN Sports Max 2 → https://atomsportv500.top/matches?id=bein-sports-max-2
2026-04-26 14:51:24,256 [INFO] ──────────────────────────────────────────────────
2026-04-26 14:51:56,165 [INFO]   📡 M3U8 bekleniyor (max 8s)...
2026-04-26 14:51:56,168 [INFO]   🎯 DOĞRU kanal bulundu: https://black-snow-b418.zuhaldomalfile.workers.dev/https://corestream.ronaldovurdu.help//hls/bein-sports-max-2.m3u8
2026-04-26 14:51:56,168 [INFO]   ✅ beIN Sports Max 2: https://black-snow-b418.zuhaldomalfile.workers.dev/https://corestream.ronaldovurdu.help//hls/bein-sports-max-2.m3u8
2026-04-26 14:51:57,168 [INFO] 
[8/13]
2026-04-26 14:51:57,168 [INFO] 
──────────────────────────────────────────────────
2026-04-26 14:51:57,168 [INFO] 🔍 S Sport → https://atomsportv500.top/matches?id=s-sport
2026-04-26 14:51:57,168 [INFO] ──────────────────────────────────────────────────
2026-04-26 14:52:29,138 [INFO]   📡 M3U8 bekleniyor (max 8s)...
2026-04-26 14:52:29,154 [INFO]   🎯 DOĞRU kanal bulundu: https://black-snow-b418.zuhaldomalfile.workers.dev/https://corestream.ronaldovurdu.help//hls/s-sport.m3u8
2026-04-26 14:52:29,156 [INFO]   ✅ S Sport: https://black-snow-b418.zuhaldomalfile.workers.dev/https://corestream.ronaldovurdu.help//hls/s-sport.m3u8
2026-04-26 14:52:30,156 [INFO] 
[9/13]
2026-04-26 14:52:30,156 [INFO] 
──────────────────────────────────────────────────
2026-04-26 14:52:30,156 [INFO] 🔍 S Sport 2 → https://atomsportv500.top/matches?id=s-sport-2
2026-04-26 14:52:30,156 [INFO] ──────────────────────────────────────────────────
2026-04-26 14:53:02,086 [INFO]   📡 M3U8 bekleniyor (max 8s)...
2026-04-26 14:53:02,089 [INFO]   🎯 DOĞRU kanal bulundu: https://black-snow-b418.zuhaldomalfile.workers.dev/https://corestream.ronaldovurdu.help//hls/s-sport-2.m3u8
2026-04-26 14:53:02,089 [INFO]   ✅ S Sport 2: https://black-snow-b418.zuhaldomalfile.workers.dev/https://corestream.ronaldovurdu.help//hls/s-sport-2.m3u8
2026-04-26 14:53:03,089 [INFO] 
[10/13]
2026-04-26 14:53:03,089 [INFO] 
──────────────────────────────────────────────────
2026-04-26 14:53:03,089 [INFO] 🔍 Tivibu Spor 1 → https://atomsportv500.top/matches?id=tivibu-spor-1
2026-04-26 14:53:03,089 [INFO] ──────────────────────────────────────────────────
2026-04-26 14:53:35,035 [INFO]   📡 M3U8 bekleniyor (max 8s)...
2026-04-26 14:53:43,047 [INFO]   ❌ Tivibu Spor 1: M3U8 bulunamadı
2026-04-26 14:53:44,047 [INFO] 
[11/13]
2026-04-26 14:53:44,047 [INFO] 
──────────────────────────────────────────────────
2026-04-26 14:53:44,047 [INFO] 🔍 Tivibu Spor 2 → https://atomsportv500.top/matches?id=tivibu-spor-2
2026-04-26 14:53:44,047 [INFO] ──────────────────────────────────────────────────
2026-04-26 14:54:15,925 [INFO]   📡 M3U8 bekleniyor (max 8s)...
2026-04-26 14:54:23,936 [INFO]   ❌ Tivibu Spor 2: M3U8 bulunamadı
2026-04-26 14:54:24,936 [INFO] 
[12/13]
2026-04-26 14:54:24,936 [INFO] 
──────────────────────────────────────────────────
2026-04-26 14:54:24,936 [INFO] 🔍 Tivibu Spor 3 → https://atomsportv500.top/matches?id=tivibu-spor-3
2026-04-26 14:54:24,936 [INFO] ──────────────────────────────────────────────────
2026-04-26 14:54:56,873 [INFO]   📡 M3U8 bekleniyor (max 8s)...
2026-04-26 14:55:04,884 [INFO]   ❌ Tivibu Spor 3: M3U8 bulunamadı
2026-04-26 14:55:05,885 [INFO] 
[13/13]
2026-04-26 14:55:05,885 [INFO] 
──────────────────────────────────────────────────
2026-04-26 14:55:05,885 [INFO] 🔍 Tivibu Spor 4 → https://atomsportv500.top/matches?id=tivibu-spor-4
2026-04-26 14:55:05,885 [INFO] ──────────────────────────────────────────────────
2026-04-26 14:55:37,809 [INFO]   📡 M3U8 bekleniyor (max 8s)...
2026-04-26 14:55:45,821 [INFO]   ❌ Tivibu Spor 4: M3U8 bulunamadı
2026-04-26 14:55:46,885 [INFO] 🔒 Driver kapatıldı
2026-04-26 14:55:46,885 [INFO] 
=======================================================
2026-04-26 14:55:46,885 [INFO] 🏁 Tamamlandı!
2026-04-26 14:55:46,885 [INFO] 📺 Kanal : 9/13
2026-04-26 14:55:46,885 [INFO] ⏱️  Süre  : 461.7s
2026-04-26 14:55:46,885 [INFO] =======================================================
2026-04-26 14:55:46,885 [INFO] ✅ playlist.m3u kaydedildi
2026-04-26 14:55:46,886 [INFO] ✅ stats.json kaydedildi
