2026-06-10 10:42:03,680 [INFO] 🌐 BASE_URL: https://atomsportv506.top
2026-06-10 10:42:04,313 [INFO] Başlanıyor... 14 kanal taranacak
2026-06-10 10:42:04,313 [INFO] Using default request storage
2026-06-10 10:42:04,317 [INFO] Created proxy listening on 127.0.0.1:36499
2026-06-10 10:42:04,945 [INFO] Capturing request: http://clients2.google.com/time/1/current?cup2key=10:RY5l3b1tL4pEbsGtm9PYSAsKyu731DnOVZsh97j7LU8&cup2hreq=e3b0c44298fc1c149afbf4c8996fb92427ae41e4649b934ca495991b7852b855
2026-06-10 10:42:05,018 [INFO] Capturing response: http://clients2.google.com/time/1/current?cup2key=10:RY5l3b1tL4pEbsGtm9PYSAsKyu731DnOVZsh97j7LU8&cup2hreq=e3b0c44298fc1c149afbf4c8996fb92427ae41e4649b934ca495991b7852b855 200 OK
2026-06-10 10:42:05,041 [INFO] 
[1/14]
2026-06-10 10:42:05,041 [INFO] 🔍 beIN Sports 1 → https://atomsportv506.top/matches?id=bein-sports-1
2026-06-10 10:42:05,108 [INFO] Capturing request: https://accounts.google.com/ListAccounts?gpsia=1&source=ChromiumBrowser&json=standard&laf=b64bin
2026-06-10 10:42:05,212 [INFO] Capturing response: https://accounts.google.com/ListAccounts?gpsia=1&source=ChromiumBrowser&json=standard&laf=b64bin 200 
2026-06-10 10:42:05,219 [INFO] Capturing request: https://atomsportv506.top/matches?id=bein-sports-1
2026-06-10 10:42:05,292 [INFO] Capturing response: https://atomsportv506.top/matches?id=bein-sports-1 200 
2026-06-10 10:42:05,442 [INFO] Capturing request: https://atomsportv506.top/assets/js/clappr.js
2026-06-10 10:42:05,493 [INFO] Capturing response: https://atomsportv506.top/assets/js/clappr.js 200 
2026-06-10 10:42:05,507 [INFO] Capturing request: https://www.google.com/async/folae?async=_fmt:pb&udm=50&client_locale=en-US
2026-06-10 10:42:05,524 [INFO] Capturing request: https://cdn.jsdelivr.net/npm/@clappr/player@latest/dist/clappr.min.js
2026-06-10 10:42:05,534 [INFO] Capturing request: https://cdnjs.cloudflare.com/ajax/libs/jquery/3.2.1/jquery.min.js
2026-06-10 10:42:05,541 [INFO] Capturing response: https://www.google.com/async/folae?async=_fmt:pb&udm=50&client_locale=en-US 200 
2026-06-10 10:42:05,566 [INFO] Capturing response: https://cdnjs.cloudflare.com/ajax/libs/jquery/3.2.1/jquery.min.js 200 
2026-06-10 10:42:05,644 [INFO] Capturing response: https://cdn.jsdelivr.net/npm/@clappr/player@latest/dist/clappr.min.js 200 
2026-06-10 10:42:05,778 [INFO] Capturing request: https://static.cloudflareinsights.com/beacon.min.js/v833ccba57c9e4d2798f2e76cebdd09a11778172276447
2026-06-10 10:42:05,811 [INFO] Capturing response: https://static.cloudflareinsights.com/beacon.min.js/v833ccba57c9e4d2798f2e76cebdd09a11778172276447 200 
2026-06-10 10:42:05,868 [INFO] Capturing request: https://atomsportv506.top/cdn-cgi/rum?
2026-06-10 10:42:05,972 [INFO] Capturing request: https://atomsportv506.top/favicon.ico
2026-06-10 10:42:06,051 [INFO] Capturing response: https://atomsportv506.top/cdn-cgi/rum? 204 
2026-06-10 10:42:06,062 [INFO] Capturing response: https://atomsportv506.top/favicon.ico 200 
2026-06-10 10:42:06,124 [INFO] Capturing request: https://teletv5.top/load/yayinlink.php?id=bein-sports-1
2026-06-10 10:42:06,518 [INFO] Capturing response: https://teletv5.top/load/yayinlink.php?id=bein-sports-1 200 
2026-06-10 10:42:06,583 [INFO] Capturing request: https://streamsport365.com/cinema
2026-06-10 10:42:06,915 [INFO] Capturing response: https://streamsport365.com/cinema 200 
2026-06-10 10:42:07,039 [INFO] Capturing request: https://atomsportv506.top/assets/img/player_logo_6880e4e4c52ee.png
2026-06-10 10:42:07,129 [INFO] Capturing response: https://atomsportv506.top/assets/img/player_logo_6880e4e4c52ee.png 200 
2026-06-10 10:42:07,177 [INFO] Capturing request: https://hlssssssssssssssssss.yedeklinksa35.workers.dev/https://corestream.ronaldovurdu.help//aspor/tracks-v1a1/mono.m3u8
2026-06-10 10:42:07,554 [INFO] Capturing response: https://hlssssssssssssssssss.yedeklinksa35.workers.dev/https://corestream.ronaldovurdu.help//aspor/tracks-v1a1/mono.m3u8 200 
2026-06-10 10:42:07,739 [INFO] Capturing request: https://android.clients.google.com/checkin
2026-06-10 10:42:07,830 [INFO] Capturing request: https://ts.yedeklinksa35.workers.dev/aspor/tracks-v1a1/2026/06/10/10/41/47-05760.avif
2026-06-10 10:42:07,859 [INFO] Capturing response: https://android.clients.google.com/checkin 200 
2026-06-10 10:42:07,906 [INFO] Capturing request: https://android.clients.google.com/c2dm/register3
2026-06-10 10:42:07,910 [INFO] Capturing request: https://android.clients.google.com/c2dm/register3
2026-06-10 10:42:07,912 [INFO] Capturing request: https://android.clients.google.com/c2dm/register3
2026-06-10 10:42:08,012 [INFO] Capturing response: https://android.clients.google.com/c2dm/register3 200 
2026-06-10 10:42:08,016 [INFO] Capturing response: https://android.clients.google.com/c2dm/register3 200 
2026-06-10 10:42:08,018 [INFO] Capturing response: https://android.clients.google.com/c2dm/register3 200 
2026-06-10 10:42:08,885 [INFO]   ✅ M3U8 bulundu: https://hlssssssssssssssssss.yedeklinksa35.workers.dev/https://corestream.ronaldovurdu.help//aspor/tracks-v1a1/mono.m3u8
2026-06-10 10:42:09,061 [INFO] Capturing response: https://ts.yedeklinksa35.workers.dev/aspor/tracks-v1a1/2026/06/10/10/41/47-05760.avif 200 
2026-06-10 10:42:09,244 [INFO] Capturing request: https://ts.yedeklinksa35.workers.dev/aspor/tracks-v1a1/2026/06/10/10/41/53-06120.avif
2026-06-10 10:42:09,886 [INFO] 
[2/14]
2026-06-10 10:42:09,886 [INFO] 🔍 beIN Sports 2 → https://atomsportv506.top/matches?id=bein-sports-2
2026-06-10 10:42:09,994 [INFO] Capturing request: https://atomsportv506.top/matches?id=bein-sports-2
2026-06-10 10:42:10,050 [INFO] Capturing response: https://atomsportv506.top/matches?id=bein-sports-2 200 
2026-06-10 10:42:10,060 [INFO] Capturing request: https://atomsportv506.top/cdn-cgi/rum?
2026-06-10 10:42:10,092 [INFO] Capturing request: https://streamsport365.com/cinema
2026-06-10 10:42:10,096 [INFO] Capturing request: https://atomsportv506.top/cdn-cgi/rum?
2026-06-10 10:42:10,191 [INFO] Capturing request: https://teletv5.top/load/yayinlink.php?id=bein-sports-2
2026-06-10 10:42:10,194 [INFO] Capturing request: https://atomsportv506.top/favicon.ico
2026-06-10 10:42:10,217 [INFO] Capturing response: https://atomsportv506.top/cdn-cgi/rum? 204 
2026-06-10 10:42:10,235 [INFO] Capturing response: https://atomsportv506.top/cdn-cgi/rum? 204 
2026-06-10 10:42:10,241 [INFO] Capturing response: https://atomsportv506.top/favicon.ico 200 
2026-06-10 10:42:10,392 [INFO] Capturing response: https://teletv5.top/load/yayinlink.php?id=bein-sports-2 200 
2026-06-10 10:42:10,429 [INFO] Capturing response: https://streamsport365.com/cinema 200 
2026-06-10 10:42:10,546 [INFO] Capturing request: https://hlssssssssssssssssss.yedeklinksa35.workers.dev/https://corestream.ronaldovurdu.help//bein2/tracks-v1a1/mono.m3u8
2026-06-10 10:42:10,617 [INFO] Capturing response: https://ts.yedeklinksa35.workers.dev/aspor/tracks-v1a1/2026/06/10/10/41/53-06120.avif 200 
2026-06-10 10:42:10,721 [INFO] Capturing response: https://hlssssssssssssssssss.yedeklinksa35.workers.dev/https://corestream.ronaldovurdu.help//bein2/tracks-v1a1/mono.m3u8 200 
2026-06-10 10:42:10,829 [INFO] Capturing request: https://ts.yedeklinksa35.workers.dev/bein2/tracks-v1a1/2026/06/10/10/41/37-13800.avif
2026-06-10 10:42:13,096 [INFO] Capturing response: https://ts.yedeklinksa35.workers.dev/bein2/tracks-v1a1/2026/06/10/10/41/37-13800.avif 200 
2026-06-10 10:42:13,108 [INFO]   ✅ M3U8 bulundu: https://hlssssssssssssssssss.yedeklinksa35.workers.dev/https://corestream.ronaldovurdu.help//bein2/tracks-v1a1/mono.m3u8
2026-06-10 10:42:13,342 [INFO] Capturing request: https://ts.yedeklinksa35.workers.dev/bein2/tracks-v1a1/2026/06/10/10/41/51-06120.avif
2026-06-10 10:42:14,109 [INFO] 
[3/14]
2026-06-10 10:42:14,109 [INFO] 🔍 beIN Sports 3 → https://atomsportv506.top/matches?id=bein-sports-3
2026-06-10 10:42:14,218 [INFO] Capturing request: https://atomsportv506.top/matches?id=bein-sports-3
2026-06-10 10:42:14,269 [INFO] Capturing response: https://atomsportv506.top/matches?id=bein-sports-3 200 
2026-06-10 10:42:14,277 [INFO] Capturing request: https://atomsportv506.top/cdn-cgi/rum?
2026-06-10 10:42:14,297 [INFO] Capturing request: https://atomsportv506.top/cdn-cgi/rum?
2026-06-10 10:42:14,398 [INFO] Capturing request: https://teletv5.top/load/yayinlink.php?id=bein-sports-3
2026-06-10 10:42:14,398 [INFO] Capturing request: https://atomsportv506.top/favicon.ico
2026-06-10 10:42:14,421 [INFO] Capturing response: https://atomsportv506.top/cdn-cgi/rum? 204 
2026-06-10 10:42:14,438 [INFO] Capturing response: https://atomsportv506.top/cdn-cgi/rum? 204 
2026-06-10 10:42:14,446 [INFO] Capturing response: https://atomsportv506.top/favicon.ico 200 
2026-06-10 10:42:14,533 [INFO] Capturing request: https://streamsport365.com/cinema
2026-06-10 10:42:14,549 [INFO] Capturing response: https://ts.yedeklinksa35.workers.dev/bein2/tracks-v1a1/2026/06/10/10/41/51-06120.avif 200 
2026-06-10 10:42:14,598 [INFO] Capturing response: https://teletv5.top/load/yayinlink.php?id=bein-sports-3 200 
2026-06-10 10:42:14,872 [INFO] Capturing response: https://streamsport365.com/cinema 200 
2026-06-10 10:42:33,255 [INFO] Capturing request: https://android.clients.google.com/c2dm/register3
2026-06-10 10:42:34,232 [INFO] Capturing response: https://android.clients.google.com/c2dm/register3 200 
2026-06-10 10:42:34,789 [INFO] Capturing request: https://android.clients.google.com/c2dm/register3
2026-06-10 10:42:34,899 [INFO] Capturing response: https://android.clients.google.com/c2dm/register3 301 
2026-06-10 10:42:34,910 [INFO] Capturing request: https://android.clients.google.com/c2dm/register3
2026-06-10 10:42:35,560 [INFO] Capturing response: https://android.clients.google.com/c2dm/register3 200 
2026-06-10 10:42:47,537 [WARNING]   ❌ beIN Sports 3 için M3U8 bulunamadı
2026-06-10 10:42:48,537 [INFO] 
[4/14]
2026-06-10 10:42:48,538 [INFO] 🔍 beIN Sports 4 → https://atomsportv506.top/matches?id=bein-sports-4
2026-06-10 10:42:48,645 [INFO] Capturing request: https://atomsportv506.top/assets/js/clappr.js
2026-06-10 10:42:48,646 [INFO] Capturing request: https://atomsportv506.top/matches?id=bein-sports-4
2026-06-10 10:42:48,677 [INFO] Capturing response: https://atomsportv506.top/assets/js/clappr.js 200 
2026-06-10 10:42:48,987 [INFO] Capturing response: https://atomsportv506.top/matches?id=bein-sports-4 200 
2026-06-10 10:42:48,996 [INFO] Capturing request: https://atomsportv506.top/cdn-cgi/rum?
2026-06-10 10:42:49,019 [INFO] Capturing request: https://atomsportv506.top/cdn-cgi/rum?
2026-06-10 10:42:49,115 [INFO] Capturing request: https://teletv5.top/load/yayinlink.php?id=bein-sports-4
2026-06-10 10:42:49,120 [INFO] Capturing request: https://atomsportv506.top/favicon.ico
2026-06-10 10:42:49,136 [INFO] Capturing response: https://atomsportv506.top/cdn-cgi/rum? 204 
2026-06-10 10:42:49,155 [INFO] Capturing response: https://atomsportv506.top/cdn-cgi/rum? 204 
2026-06-10 10:42:49,171 [INFO] Capturing response: https://atomsportv506.top/favicon.ico 200 
2026-06-10 10:42:49,257 [INFO] Capturing request: https://streamsport365.com/cinema
2026-06-10 10:42:49,321 [INFO] Capturing response: https://teletv5.top/load/yayinlink.php?id=bein-sports-4 200 
2026-06-10 10:42:49,584 [INFO] Capturing response: https://streamsport365.com/cinema 200 
2026-06-10 10:43:05,082 [INFO] Capturing request: https://update.googleapis.com/service/update2/json?cup2key=16:KgM8D1Hlz6VXxVlepBDbNJ4c75rYcyyW5zO3q4yeqr8&cup2hreq=5216961e63f82134999dbf59c1b05812a7ae3f494e1c23962661dd8020295d5d
2026-06-10 10:43:05,144 [INFO] Capturing response: https://update.googleapis.com/service/update2/json?cup2key=16:KgM8D1Hlz6VXxVlepBDbNJ4c75rYcyyW5zO3q4yeqr8&cup2hreq=5216961e63f82134999dbf59c1b05812a7ae3f494e1c23962661dd8020295d5d 200 
2026-06-10 10:43:05,190 [INFO] Capturing request: http://edgedl.me.gvt1.com/edgedl/release2/chrome_component/adwrtgmsgdpiqi6ajxawnczbqk5q_10578/hfnkpimlhhgieaddgfemjhofmfblmnib_10578_all_hsjojogipmh3eqa64gmtz4qhda.crx3
2026-06-10 10:43:05,300 [INFO] Capturing response: http://edgedl.me.gvt1.com/edgedl/release2/chrome_component/adwrtgmsgdpiqi6ajxawnczbqk5q_10578/hfnkpimlhhgieaddgfemjhofmfblmnib_10578_all_hsjojogipmh3eqa64gmtz4qhda.crx3 200 OK
2026-06-10 10:43:05,326 [INFO] Capturing request: https://update.googleapis.com/service/update2/json
2026-06-10 10:43:05,376 [INFO] Capturing response: https://update.googleapis.com/service/update2/json 200 
2026-06-10 10:43:05,518 [INFO] Capturing request: http://edgedl.me.gvt1.com/edgedl/diffgen-puffin/gcmjkmgdlgnkkcocmoeiminaijmmjnii/71d926df14cb4c89c6f8f88e6c0bfcf6fe1e1a256ca7f8db04002a111af4c5b0
2026-06-10 10:43:05,566 [INFO] Capturing response: http://edgedl.me.gvt1.com/edgedl/diffgen-puffin/gcmjkmgdlgnkkcocmoeiminaijmmjnii/71d926df14cb4c89c6f8f88e6c0bfcf6fe1e1a256ca7f8db04002a111af4c5b0 200 OK
2026-06-10 10:43:05,636 [INFO] Capturing request: https://update.googleapis.com/service/update2/json
2026-06-10 10:43:05,686 [INFO] Capturing response: https://update.googleapis.com/service/update2/json 200 
2026-06-10 10:43:17,445 [INFO] Capturing request: https://android.clients.google.com/c2dm/register3
2026-06-10 10:43:17,542 [INFO] Capturing response: https://android.clients.google.com/c2dm/register3 301 
2026-06-10 10:43:22,242 [WARNING]   ❌ beIN Sports 4 için M3U8 bulunamadı
2026-06-10 10:43:23,242 [INFO] 
[5/14]
2026-06-10 10:43:23,242 [INFO] 🔍 beIN Sports 5 → https://atomsportv506.top/matches?id=bein-sports-5
2026-06-10 10:43:23,406 [INFO] Capturing request: https://atomsportv506.top/matches?id=bein-sports-5
2026-06-10 10:43:23,407 [INFO] Capturing request: https://atomsportv506.top/assets/js/clappr.js
2026-06-10 10:43:23,459 [INFO] Capturing response: https://atomsportv506.top/assets/js/clappr.js 200 
2026-06-10 10:43:23,728 [INFO] Capturing response: https://atomsportv506.top/matches?id=bein-sports-5 200 
2026-06-10 10:43:23,735 [INFO] Capturing request: https://atomsportv506.top/cdn-cgi/rum?
2026-06-10 10:43:23,755 [INFO] Capturing request: https://atomsportv506.top/cdn-cgi/rum?
2026-06-10 10:43:23,858 [INFO] Capturing request: https://atomsportv506.top/favicon.ico
2026-06-10 10:43:23,880 [INFO] Capturing response: https://atomsportv506.top/cdn-cgi/rum? 204 
2026-06-10 10:43:23,895 [INFO] Capturing response: https://atomsportv506.top/cdn-cgi/rum? 204 
2026-06-10 10:43:23,913 [INFO] Capturing response: https://atomsportv506.top/favicon.ico 200 
2026-06-10 10:43:23,921 [INFO] Capturing request: https://teletv5.top/load/yayinlink.php?id=bein-sports-5
2026-06-10 10:43:24,124 [INFO] Capturing response: https://teletv5.top/load/yayinlink.php?id=bein-sports-5 200 
2026-06-10 10:43:24,418 [INFO] Capturing request: https://streamsport365.com/cinema
2026-06-10 10:43:24,750 [INFO] Capturing response: https://streamsport365.com/cinema 200 
2026-06-10 10:43:56,967 [WARNING]   ❌ beIN Sports 5 için M3U8 bulunamadı
2026-06-10 10:43:57,967 [INFO] 
[6/14]
2026-06-10 10:43:57,968 [INFO] 🔍 beIN Sports Max 1 → https://atomsportv506.top/matches?id=bein-sports-max-1
2026-06-10 10:43:58,074 [INFO] Capturing request: https://atomsportv506.top/assets/js/clappr.js
2026-06-10 10:43:58,076 [INFO] Capturing request: https://atomsportv506.top/matches?id=bein-sports-max-1
2026-06-10 10:43:58,106 [INFO] Capturing response: https://atomsportv506.top/assets/js/clappr.js 200 
2026-06-10 10:43:58,411 [INFO] Capturing response: https://atomsportv506.top/matches?id=bein-sports-max-1 200 
2026-06-10 10:43:58,417 [INFO] Capturing request: https://atomsportv506.top/cdn-cgi/rum?
2026-06-10 10:43:58,438 [INFO] Capturing request: https://atomsportv506.top/cdn-cgi/rum?
2026-06-10 10:43:58,537 [INFO] Capturing request: https://teletv5.top/load/yayinlink.php?id=bein-sports-max-1
2026-06-10 10:43:58,540 [INFO] Capturing request: https://atomsportv506.top/favicon.ico
2026-06-10 10:43:58,560 [INFO] Capturing response: https://atomsportv506.top/cdn-cgi/rum? 204 
2026-06-10 10:43:58,577 [INFO] Capturing response: https://atomsportv506.top/cdn-cgi/rum? 204 
2026-06-10 10:43:58,596 [INFO] Capturing response: https://atomsportv506.top/favicon.ico 200 
2026-06-10 10:43:58,675 [INFO] Capturing request: https://streamsport365.com/cinema
2026-06-10 10:43:58,738 [INFO] Capturing response: https://teletv5.top/load/yayinlink.php?id=bein-sports-max-1 200 
2026-06-10 10:43:59,014 [INFO] Capturing response: https://streamsport365.com/cinema 200 
2026-06-10 10:44:31,650 [WARNING]   ❌ beIN Sports Max 1 için M3U8 bulunamadı
2026-06-10 10:44:32,650 [INFO] 
[7/14]
2026-06-10 10:44:32,650 [INFO] 🔍 beIN Sports Max 2 → https://atomsportv506.top/matches?id=bein-sports-max-2
2026-06-10 10:44:32,757 [INFO] Capturing request: https://atomsportv506.top/assets/js/clappr.js
2026-06-10 10:44:32,758 [INFO] Capturing request: https://atomsportv506.top/matches?id=bein-sports-max-2
2026-06-10 10:44:32,787 [INFO] Capturing response: https://atomsportv506.top/assets/js/clappr.js 200 
2026-06-10 10:44:33,097 [INFO] Capturing response: https://atomsportv506.top/matches?id=bein-sports-max-2 200 
2026-06-10 10:44:33,106 [INFO] Capturing request: https://atomsportv506.top/cdn-cgi/rum?
2026-06-10 10:44:33,124 [INFO] Capturing request: https://atomsportv506.top/cdn-cgi/rum?
2026-06-10 10:44:33,223 [INFO] Capturing request: https://teletv5.top/load/yayinlink.php?id=bein-sports-max-2
2026-06-10 10:44:33,228 [INFO] Capturing request: https://atomsportv506.top/favicon.ico
2026-06-10 10:44:33,245 [INFO] Capturing response: https://atomsportv506.top/cdn-cgi/rum? 204 
2026-06-10 10:44:33,262 [INFO] Capturing response: https://atomsportv506.top/cdn-cgi/rum? 204 
2026-06-10 10:44:33,288 [INFO] Capturing response: https://atomsportv506.top/favicon.ico 200 
2026-06-10 10:44:33,363 [INFO] Capturing request: https://streamsport365.com/cinema
2026-06-10 10:44:33,426 [INFO] Capturing response: https://teletv5.top/load/yayinlink.php?id=bein-sports-max-2 200 
2026-06-10 10:44:33,694 [INFO] Capturing response: https://streamsport365.com/cinema 200 
2026-06-10 10:44:49,525 [INFO] Capturing request: https://android.clients.google.com/c2dm/register3
2026-06-10 10:44:49,633 [INFO] Capturing response: https://android.clients.google.com/c2dm/register3 301 
2026-06-10 10:45:06,343 [WARNING]   ❌ beIN Sports Max 2 için M3U8 bulunamadı
2026-06-10 10:45:07,344 [INFO] 
[8/14]
2026-06-10 10:45:07,344 [INFO] 🔍 S Sport → https://atomsportv506.top/matches?id=s-sport
2026-06-10 10:45:07,451 [INFO] Capturing request: https://atomsportv506.top/assets/js/clappr.js
2026-06-10 10:45:07,452 [INFO] Capturing request: https://atomsportv506.top/matches?id=s-sport
2026-06-10 10:45:07,544 [INFO] Capturing response: https://atomsportv506.top/assets/js/clappr.js 200 
2026-06-10 10:45:07,766 [INFO] Capturing response: https://atomsportv506.top/matches?id=s-sport 200 
2026-06-10 10:45:07,775 [INFO] Capturing request: https://atomsportv506.top/cdn-cgi/rum?
2026-06-10 10:45:07,799 [INFO] Capturing request: https://atomsportv506.top/cdn-cgi/rum?
2026-06-10 10:45:07,897 [INFO] Capturing request: https://teletv5.top/load/yayinlink.php?id=s-sport
2026-06-10 10:45:07,900 [INFO] Capturing request: https://atomsportv506.top/favicon.ico
2026-06-10 10:45:07,920 [INFO] Capturing response: https://atomsportv506.top/cdn-cgi/rum? 204 
2026-06-10 10:45:07,938 [INFO] Capturing response: https://atomsportv506.top/cdn-cgi/rum? 204 
2026-06-10 10:45:07,959 [INFO] Capturing response: https://atomsportv506.top/favicon.ico 200 
2026-06-10 10:45:08,038 [INFO] Capturing request: https://streamsport365.com/cinema
2026-06-10 10:45:08,101 [INFO] Capturing response: https://teletv5.top/load/yayinlink.php?id=s-sport 200 
2026-06-10 10:45:08,374 [INFO] Capturing response: https://streamsport365.com/cinema 200 
2026-06-10 10:45:08,488 [INFO] Capturing request: https://atomsportv506.top/assets/img/player_logo_6880e4e4c52ee.png
2026-06-10 10:45:08,554 [INFO] Capturing request: https://hlssssssssssssssssss.yedeklinksa35.workers.dev/https://corestream.ronaldovurdu.help//s-sportt/tracks-v1a1/mono.m3u8
2026-06-10 10:45:08,563 [INFO] Capturing response: https://atomsportv506.top/assets/img/player_logo_6880e4e4c52ee.png 200 
2026-06-10 10:45:08,911 [INFO] Capturing response: https://hlssssssssssssssssss.yedeklinksa35.workers.dev/https://corestream.ronaldovurdu.help//s-sportt/tracks-v1a1/mono.m3u8 200 
2026-06-10 10:45:09,119 [INFO] Capturing request: https://ts.yedeklinksa35.workers.dev/s-sportt/tracks-v1a1/2026/06/10/10/44/59-06000.avif
2026-06-10 10:45:10,809 [INFO]   ✅ M3U8 bulundu: https://hlssssssssssssssssss.yedeklinksa35.workers.dev/https://corestream.ronaldovurdu.help//s-sportt/tracks-v1a1/mono.m3u8
2026-06-10 10:45:11,292 [INFO] Capturing response: https://ts.yedeklinksa35.workers.dev/s-sportt/tracks-v1a1/2026/06/10/10/44/59-06000.avif 200 
2026-06-10 10:45:11,623 [INFO] Capturing request: https://ts.yedeklinksa35.workers.dev/s-sportt/tracks-v1a1/2026/06/10/10/44/59-06000.avif
2026-06-10 10:45:11,809 [INFO] 
[9/14]
2026-06-10 10:45:11,809 [INFO] 🔍 S Sport 2 → https://atomsportv506.top/matches?id=s-sport-2
2026-06-10 10:45:11,916 [INFO] Capturing request: https://atomsportv506.top/assets/js/clappr.js
2026-06-10 10:45:11,917 [INFO] Capturing request: https://atomsportv506.top/matches?id=s-sport-2
2026-06-10 10:45:11,948 [INFO] Capturing response: https://atomsportv506.top/assets/js/clappr.js 200 
2026-06-10 10:45:11,987 [INFO] Capturing response: https://atomsportv506.top/matches?id=s-sport-2 200 
2026-06-10 10:45:11,996 [INFO] Capturing request: https://atomsportv506.top/cdn-cgi/rum?
2026-06-10 10:45:12,022 [INFO] Capturing request: https://atomsportv506.top/cdn-cgi/rum?
2026-06-10 10:45:12,024 [INFO] Capturing request: https://streamsport365.com/cinema
2026-06-10 10:45:12,116 [INFO] Capturing request: https://teletv5.top/load/yayinlink.php?id=s-sport-2
2026-06-10 10:45:12,125 [INFO] Capturing request: https://atomsportv506.top/favicon.ico
2026-06-10 10:45:12,145 [INFO] Capturing response: https://atomsportv506.top/cdn-cgi/rum? 204 
2026-06-10 10:45:12,162 [INFO] Capturing response: https://atomsportv506.top/cdn-cgi/rum? 204 
2026-06-10 10:45:12,185 [INFO] Capturing response: https://atomsportv506.top/favicon.ico 200 
2026-06-10 10:45:12,367 [INFO] Capturing response: https://streamsport365.com/cinema 200 
2026-06-10 10:45:12,625 [INFO] Capturing response: https://teletv5.top/load/yayinlink.php?id=s-sport-2 200 
2026-06-10 10:45:12,782 [INFO] Capturing request: https://hlssssssssssssssssss.yedeklinksa35.workers.dev/https://corestream.ronaldovurdu.help//s-sport2/tracks-v1a1/mono.m3u8
2026-06-10 10:45:12,958 [INFO] Capturing response: https://hlssssssssssssssssss.yedeklinksa35.workers.dev/https://corestream.ronaldovurdu.help//s-sport2/tracks-v1a1/mono.m3u8 200 
2026-06-10 10:45:13,067 [INFO] Capturing request: https://ts.yedeklinksa35.workers.dev/s-sport2/tracks-v1a1/2026/06/10/10/45/33-06000.avif
2026-06-10 10:45:13,630 [INFO] Capturing response: https://ts.yedeklinksa35.workers.dev/s-sportt/tracks-v1a1/2026/06/10/10/44/59-06000.avif 200 
2026-06-10 10:45:13,658 [INFO] 127.0.0.1:34000: ProtocolException("Error in HTTP connection: Http2ZombieException('Connection or stream already dead: 1781088313.6583514, False')")
2026-06-10 10:45:15,036 [INFO]   ✅ M3U8 bulundu: https://hlssssssssssssssssss.yedeklinksa35.workers.dev/https://corestream.ronaldovurdu.help//s-sport2/tracks-v1a1/mono.m3u8
2026-06-10 10:45:15,646 [INFO] Capturing response: https://ts.yedeklinksa35.workers.dev/s-sport2/tracks-v1a1/2026/06/10/10/45/33-06000.avif 200 
2026-06-10 10:45:15,897 [INFO] Capturing request: https://ts.yedeklinksa35.workers.dev/s-sport2/tracks-v1a1/2026/06/10/10/45/39-06000.avif
2026-06-10 10:45:16,036 [INFO] 
[10/14]
2026-06-10 10:45:16,036 [INFO] 🔍 A Spor → https://atomsportv506.top/matches?id=a-spor
2026-06-10 10:45:16,143 [INFO] Capturing request: https://atomsportv506.top/assets/js/clappr.js
2026-06-10 10:45:16,147 [INFO] Capturing request: https://atomsportv506.top/matches?id=a-spor
2026-06-10 10:45:16,175 [INFO] Capturing response: https://atomsportv506.top/assets/js/clappr.js 200 
2026-06-10 10:45:16,217 [INFO] Capturing response: https://atomsportv506.top/matches?id=a-spor 200 
2026-06-10 10:45:16,228 [INFO] Capturing request: https://atomsportv506.top/cdn-cgi/rum?
2026-06-10 10:45:16,254 [INFO] Capturing request: https://atomsportv506.top/cdn-cgi/rum?
2026-06-10 10:45:16,348 [INFO] Capturing request: https://teletv5.top/load/yayinlink.php?id=a-spor
2026-06-10 10:45:16,361 [INFO] Capturing request: https://atomsportv506.top/favicon.ico
2026-06-10 10:45:16,375 [INFO] Capturing response: https://atomsportv506.top/cdn-cgi/rum? 204 
2026-06-10 10:45:16,392 [INFO] Capturing response: https://atomsportv506.top/cdn-cgi/rum? 204 
2026-06-10 10:45:16,415 [INFO] Capturing response: https://atomsportv506.top/favicon.ico 200 
2026-06-10 10:45:16,485 [INFO] Capturing request: https://streamsport365.com/cinema
2026-06-10 10:45:16,547 [INFO] Capturing response: https://teletv5.top/load/yayinlink.php?id=a-spor 200 
2026-06-10 10:45:16,825 [INFO] Capturing response: https://streamsport365.com/cinema 200 
2026-06-10 10:45:16,940 [INFO] Capturing request: https://hlssssssssssssssssss.yedeklinksa35.workers.dev/https://corestream.ronaldovurdu.help//aspor/tracks-v1a1/mono.m3u8
2026-06-10 10:45:17,121 [INFO] Capturing response: https://hlssssssssssssssssss.yedeklinksa35.workers.dev/https://corestream.ronaldovurdu.help//aspor/tracks-v1a1/mono.m3u8 200 
2026-06-10 10:45:17,232 [INFO] Capturing request: https://ts.yedeklinksa35.workers.dev/aspor/tracks-v1a1/2026/06/10/10/44/56-05760.avif
2026-06-10 10:45:18,479 [INFO] Capturing response: https://ts.yedeklinksa35.workers.dev/s-sport2/tracks-v1a1/2026/06/10/10/45/39-06000.avif 200 
2026-06-10 10:45:18,921 [INFO] Capturing response: https://ts.yedeklinksa35.workers.dev/aspor/tracks-v1a1/2026/06/10/10/44/56-05760.avif 200 
2026-06-10 10:45:19,065 [INFO] Capturing request: https://ts.yedeklinksa35.workers.dev/aspor/tracks-v1a1/2026/06/10/10/45/02-05760.avif
2026-06-10 10:45:19,276 [INFO]   ✅ M3U8 bulundu: https://hlssssssssssssssssss.yedeklinksa35.workers.dev/https://corestream.ronaldovurdu.help//aspor/tracks-v1a1/mono.m3u8
2026-06-10 10:45:20,198 [INFO] Capturing response: https://ts.yedeklinksa35.workers.dev/aspor/tracks-v1a1/2026/06/10/10/45/02-05760.avif 200 
2026-06-10 10:45:20,276 [INFO] 
[11/14]
2026-06-10 10:45:20,276 [INFO] 🔍 Tivibu Spor 1 → https://atomsportv506.top/matches?id=tivibu-spor-1
2026-06-10 10:45:20,374 [INFO] Capturing request: https://ts.yedeklinksa35.workers.dev/aspor/tracks-v1a1/2026/06/10/10/45/08-05760.avif
2026-06-10 10:45:20,384 [INFO] Capturing request: https://atomsportv506.top/assets/js/clappr.js
2026-06-10 10:45:20,385 [INFO] Capturing request: https://atomsportv506.top/matches?id=tivibu-spor-1
2026-06-10 10:45:20,416 [INFO] Capturing response: https://atomsportv506.top/assets/js/clappr.js 200 
2026-06-10 10:45:20,473 [INFO] Capturing response: https://atomsportv506.top/matches?id=tivibu-spor-1 200 
2026-06-10 10:45:20,482 [INFO] Capturing request: https://atomsportv506.top/cdn-cgi/rum?
2026-06-10 10:45:20,510 [INFO] Capturing request: https://atomsportv506.top/cdn-cgi/rum?
2026-06-10 10:45:20,512 [INFO] Capturing request: https://streamsport365.com/cinema
2026-06-10 10:45:20,606 [INFO] Capturing request: https://teletv5.top/load/yayinlink.php?id=tivibu-spor-1
2026-06-10 10:45:20,612 [INFO] Capturing request: https://atomsportv506.top/favicon.ico
2026-06-10 10:45:20,632 [INFO] Capturing response: https://atomsportv506.top/cdn-cgi/rum? 204 
2026-06-10 10:45:20,649 [INFO] Capturing response: https://atomsportv506.top/cdn-cgi/rum? 204 
2026-06-10 10:45:20,664 [INFO] Capturing response: https://atomsportv506.top/favicon.ico 200 
2026-06-10 10:45:20,810 [INFO] Capturing response: https://teletv5.top/load/yayinlink.php?id=tivibu-spor-1 200 
2026-06-10 10:45:20,843 [INFO] Capturing response: https://streamsport365.com/cinema 200 
2026-06-10 10:45:21,626 [INFO] Capturing response: https://ts.yedeklinksa35.workers.dev/aspor/tracks-v1a1/2026/06/10/10/45/08-05760.avif 200 
2026-06-10 10:45:53,730 [WARNING]   ❌ Tivibu Spor 1 için M3U8 bulunamadı
2026-06-10 10:45:54,730 [INFO] 
[12/14]
2026-06-10 10:45:54,731 [INFO] 🔍 Tivibu Spor 2 → https://atomsportv506.top/matches?id=tivibu-spor-2
2026-06-10 10:45:54,838 [INFO] Capturing request: https://atomsportv506.top/assets/js/clappr.js
2026-06-10 10:45:54,839 [INFO] Capturing request: https://atomsportv506.top/matches?id=tivibu-spor-2
2026-06-10 10:45:54,869 [INFO] Capturing response: https://atomsportv506.top/assets/js/clappr.js 200 
2026-06-10 10:45:55,170 [INFO] Capturing response: https://atomsportv506.top/matches?id=tivibu-spor-2 200 
2026-06-10 10:45:55,177 [INFO] Capturing request: https://atomsportv506.top/cdn-cgi/rum?
2026-06-10 10:45:55,197 [INFO] Capturing request: https://atomsportv506.top/cdn-cgi/rum?
2026-06-10 10:45:55,294 [INFO] Capturing request: https://teletv5.top/load/yayinlink.php?id=tivibu-spor-2
2026-06-10 10:45:55,301 [INFO] Capturing request: https://atomsportv506.top/favicon.ico
2026-06-10 10:45:55,315 [INFO] Capturing response: https://atomsportv506.top/cdn-cgi/rum? 204 
2026-06-10 10:45:55,333 [INFO] Capturing response: https://atomsportv506.top/cdn-cgi/rum? 204 
2026-06-10 10:45:55,352 [INFO] Capturing response: https://atomsportv506.top/favicon.ico 200 
2026-06-10 10:45:55,430 [INFO] Capturing request: https://streamsport365.com/cinema
2026-06-10 10:45:55,495 [INFO] Capturing response: https://teletv5.top/load/yayinlink.php?id=tivibu-spor-2 200 
2026-06-10 10:45:55,751 [INFO] Capturing response: https://streamsport365.com/cinema 200 
2026-06-10 10:46:28,410 [WARNING]   ❌ Tivibu Spor 2 için M3U8 bulunamadı
2026-06-10 10:46:29,411 [INFO] 
[13/14]
2026-06-10 10:46:29,411 [INFO] 🔍 Tivibu Spor 3 → https://atomsportv506.top/matches?id=tivibu-spor-3
2026-06-10 10:46:29,517 [INFO] Capturing request: https://atomsportv506.top/assets/js/clappr.js
2026-06-10 10:46:29,519 [INFO] Capturing request: https://atomsportv506.top/matches?id=tivibu-spor-3
2026-06-10 10:46:29,549 [INFO] Capturing response: https://atomsportv506.top/assets/js/clappr.js 200 
2026-06-10 10:46:30,126 [INFO] Capturing response: https://atomsportv506.top/matches?id=tivibu-spor-3 200 
2026-06-10 10:46:30,134 [INFO] Capturing request: https://atomsportv506.top/cdn-cgi/rum?
2026-06-10 10:46:30,157 [INFO] Capturing request: https://atomsportv506.top/cdn-cgi/rum?
2026-06-10 10:46:30,254 [INFO] Capturing request: https://teletv5.top/load/yayinlink.php?id=tivibu-spor-3
2026-06-10 10:46:30,260 [INFO] Capturing request: https://atomsportv506.top/favicon.ico
2026-06-10 10:46:30,273 [INFO] Capturing response: https://atomsportv506.top/cdn-cgi/rum? 204 
2026-06-10 10:46:30,290 [INFO] Capturing response: https://atomsportv506.top/cdn-cgi/rum? 204 
2026-06-10 10:46:30,312 [INFO] Capturing response: https://atomsportv506.top/favicon.ico 200 
2026-06-10 10:46:30,393 [INFO] Capturing request: https://streamsport365.com/cinema
2026-06-10 10:46:30,617 [INFO] Capturing response: https://teletv5.top/load/yayinlink.php?id=tivibu-spor-3 200 
2026-06-10 10:46:30,733 [INFO] Capturing response: https://streamsport365.com/cinema 200 
2026-06-10 10:47:03,377 [WARNING]   ❌ Tivibu Spor 3 için M3U8 bulunamadı
2026-06-10 10:47:04,377 [INFO] 
[14/14]
2026-06-10 10:47:04,377 [INFO] 🔍 Tivibu Spor 4 → https://atomsportv506.top/matches?id=tivibu-spor-4
2026-06-10 10:47:04,484 [INFO] Capturing request: https://atomsportv506.top/assets/js/clappr.js
2026-06-10 10:47:04,485 [INFO] Capturing request: https://atomsportv506.top/matches?id=tivibu-spor-4
2026-06-10 10:47:04,518 [INFO] Capturing response: https://atomsportv506.top/assets/js/clappr.js 200 
2026-06-10 10:47:04,832 [INFO] Capturing response: https://atomsportv506.top/matches?id=tivibu-spor-4 200 
2026-06-10 10:47:04,840 [INFO] Capturing request: https://atomsportv506.top/cdn-cgi/rum?
2026-06-10 10:47:04,865 [INFO] Capturing request: https://atomsportv506.top/cdn-cgi/rum?
2026-06-10 10:47:04,964 [INFO] Capturing request: https://teletv5.top/load/yayinlink.php?id=tivibu-spor-4
2026-06-10 10:47:04,969 [INFO] Capturing request: https://atomsportv506.top/favicon.ico
2026-06-10 10:47:04,978 [INFO] Capturing response: https://atomsportv506.top/cdn-cgi/rum? 204 
2026-06-10 10:47:04,995 [INFO] Capturing response: https://atomsportv506.top/cdn-cgi/rum? 204 
2026-06-10 10:47:05,026 [INFO] Capturing response: https://atomsportv506.top/favicon.ico 200 
2026-06-10 10:47:05,100 [INFO] Capturing request: https://streamsport365.com/cinema
2026-06-10 10:47:05,165 [INFO] Capturing response: https://teletv5.top/load/yayinlink.php?id=tivibu-spor-4 200 
2026-06-10 10:47:05,424 [INFO] Capturing response: https://streamsport365.com/cinema 200 
2026-06-10 10:47:05,694 [INFO] 127.0.0.1:60980: HTTP/2 connection terminated by server: error code: 0, last stream id: 201, additional data: b'session_timed_out'
2026-06-10 10:47:38,081 [WARNING]   ❌ Tivibu Spor 4 için M3U8 bulunamadı
2026-06-10 10:47:39,143 [INFO] ✅ 5 kanal bulundu, playlist.m3u kaydedildi
