2026-04-25 14:34:26,348 [INFO] 🔎 Domain aralığı taranıyor: atomsportv240.top - atomsportv250.top
2026-04-25 14:34:26,954 [INFO]   ✅ Aktif domain bulundu: https://tv247us.vip
2026-04-25 14:34:26,955 [INFO] 🌐 Kullanılan BASE_URL: https://tv247us.vip
2026-04-25 14:34:28,311 [INFO] ✅ SeleniumWire aktif
2026-04-25 14:34:28,312 [INFO] =======================================================
2026-04-25 14:34:28,312 [INFO]    M3U8 Scraper
2026-04-25 14:34:28,312 [INFO]    Base URL : https://tv247us.vip
2026-04-25 14:34:28,312 [INFO]    Toplam   : 2 sayfa
2026-04-25 14:34:28,312 [INFO] =======================================================
2026-04-25 14:34:28,313 [INFO] 🔧 Driver başlatılıyor...
2026-04-25 14:34:29,075 [INFO] ✅ Driver başlatıldı
2026-04-25 14:34:29,075 [INFO] 
[1/2]
2026-04-25 14:34:29,075 [INFO] 
──────────────────────────────────────────────────
2026-04-25 14:34:29,075 [INFO] 🔍 beIN Sports 1 → https://tv247us.vip/embed/arena-sport-2-premium
2026-04-25 14:34:29,075 [INFO] ──────────────────────────────────────────────────
2026-04-25 14:35:02,057 [INFO]   📡 M3U8 bekleniyor (max 8s)...
2026-04-25 14:35:10,081 [INFO]   ❌ beIN Sports 1: M3U8 bulunamadı
2026-04-25 14:35:11,081 [INFO] 
[2/2]
2026-04-25 14:35:11,081 [INFO] 
──────────────────────────────────────────────────
2026-04-25 14:35:11,081 [INFO] 🔍 beIN Sports 2 → https://tv247us.vip/watch/arena-sport-2-premium
2026-04-25 14:35:11,081 [INFO] ──────────────────────────────────────────────────
2026-04-25 14:35:43,795 [INFO]   📡 M3U8 bekleniyor (max 8s)...
2026-04-25 14:35:51,871 [INFO]   ❌ beIN Sports 2: M3U8 bulunamadı
2026-04-25 14:35:52,945 [INFO] 🔒 Driver kapatıldı
2026-04-25 14:35:52,945 [INFO] 
=======================================================
2026-04-25 14:35:52,945 [INFO] 🏁 Tamamlandı!
2026-04-25 14:35:52,945 [INFO] 📺 Kanal : 0/2
2026-04-25 14:35:52,945 [INFO] ⏱️  Süre  : 84.6s
2026-04-25 14:35:52,945 [INFO] =======================================================
2026-04-25 14:35:52,946 [INFO] ✅ playlist1.m3u kaydedildi
2026-04-25 14:35:52,946 [INFO] ✅ stats1.json kaydedildi
2026-04-25 14:35:52,946 [WARNING] ⚠️ Hiç M3U8 bulunamadı!
