2026-05-10 14:56:29,843 [INFO] 🔎 Domain aralığı taranıyor: atomsportv490.top - atomsportv520.top
2026-05-10 14:56:33,770 [INFO]   ✅ Aktif domain bulundu: https://atomsportv503.top
2026-05-10 14:56:33,772 [INFO] 🌐 Kullanılan BASE_URL: https://atomsportv503.top
2026-05-10 14:56:33,772 [INFO] 🔗 Proxy Prefix: https://ronaldo.magnitude.workers.dev/?url=
2026-05-10 14:56:34,633 [INFO] ✅ SeleniumWire aktif
2026-05-10 14:56:34,635 [INFO] =======================================================
2026-05-10 14:56:34,635 [INFO]    M3U8 Scraper
2026-05-10 14:56:34,635 [INFO]    Base URL    : https://atomsportv503.top
2026-05-10 14:56:34,635 [INFO]    Proxy Prefix: https://ronaldo.magnitude.workers.dev/?url=
2026-05-10 14:56:34,635 [INFO]    Toplam      : 13 sayfa
2026-05-10 14:56:34,635 [INFO] =======================================================
2026-05-10 14:56:34,635 [INFO] 🔧 Driver başlatılıyor...
2026-05-10 14:56:35,406 [INFO] ✅ Driver başlatıldı
2026-05-10 14:56:35,406 [INFO] 
[1/13]
2026-05-10 14:56:35,406 [INFO] 
──────────────────────────────────────────────────
2026-05-10 14:56:35,407 [INFO] 🔍 beIN Sports 1 → https://atomsportv503.top/matches?id=bein-sports-1
2026-05-10 14:56:35,407 [INFO] ──────────────────────────────────────────────────
2026-05-10 14:57:07,770 [INFO]   📡 M3U8 bekleniyor (max 8s)...
2026-05-10 14:57:07,779 [INFO]   🎯 DOĞRU kanal bulundu: https://young-surf-88a9.pitpitvur.workers.dev/https://corestream.ronaldovurdu.help//hls/bein-sports-11.m3u8
2026-05-10 14:57:07,780 [INFO]   ✅ beIN Sports 1: https://young-surf-88a9.pitpitvur.workers.dev/https://corestream.ronaldovurdu.help//hls/bein-sports-11.m3u8
2026-05-10 14:57:08,780 [INFO] 
[2/13]
2026-05-10 14:57:08,780 [INFO] 
──────────────────────────────────────────────────
2026-05-10 14:57:08,780 [INFO] 🔍 beIN Sports 2 → https://atomsportv503.top/matches?id=bein-sports-2
2026-05-10 14:57:08,781 [INFO] ──────────────────────────────────────────────────
2026-05-10 14:57:41,111 [INFO]   📡 M3U8 bekleniyor (max 8s)...
2026-05-10 14:57:41,120 [INFO]   🎯 DOĞRU kanal bulundu: https://young-surf-88a9.pitpitvur.workers.dev/https://corestream.ronaldovurdu.help//hls/bein-sports-2.m3u8
2026-05-10 14:57:41,121 [INFO]   ✅ beIN Sports 2: https://young-surf-88a9.pitpitvur.workers.dev/https://corestream.ronaldovurdu.help//hls/bein-sports-2.m3u8
2026-05-10 14:57:42,121 [INFO] 
[3/13]
2026-05-10 14:57:42,121 [INFO] 
──────────────────────────────────────────────────
2026-05-10 14:57:42,121 [INFO] 🔍 beIN Sports 3 → https://atomsportv503.top/matches?id=bein-sports-3
2026-05-10 14:57:42,121 [INFO] ──────────────────────────────────────────────────
2026-05-10 14:58:14,100 [INFO]   📡 M3U8 bekleniyor (max 8s)...
2026-05-10 14:58:14,106 [INFO]   🎯 DOĞRU kanal bulundu: https://young-surf-88a9.pitpitvur.workers.dev/https://corestream.ronaldovurdu.help//hls/bein-sports-3.m3u8
2026-05-10 14:58:14,107 [INFO]   ✅ beIN Sports 3: https://young-surf-88a9.pitpitvur.workers.dev/https://corestream.ronaldovurdu.help//hls/bein-sports-3.m3u8
2026-05-10 14:58:15,107 [INFO] 
[4/13]
2026-05-10 14:58:15,107 [INFO] 
──────────────────────────────────────────────────
2026-05-10 14:58:15,107 [INFO] 🔍 beIN Sports 4 → https://atomsportv503.top/matches?id=bein-sports-4
2026-05-10 14:58:15,108 [INFO] ──────────────────────────────────────────────────
2026-05-10 14:58:47,057 [INFO]   📡 M3U8 bekleniyor (max 8s)...
2026-05-10 14:58:47,067 [INFO]   🎯 DOĞRU kanal bulundu: https://young-surf-88a9.pitpitvur.workers.dev/https://corestream.ronaldovurdu.help//hls/bein-sports-4.m3u8
2026-05-10 14:58:47,068 [INFO]   ✅ beIN Sports 4: https://young-surf-88a9.pitpitvur.workers.dev/https://corestream.ronaldovurdu.help//hls/bein-sports-4.m3u8
2026-05-10 14:58:48,068 [INFO] 
[5/13]
2026-05-10 14:58:48,068 [INFO] 
──────────────────────────────────────────────────
2026-05-10 14:58:48,068 [INFO] 🔍 beIN Sports 5 → https://atomsportv503.top/matches?id=bein-sports-5
2026-05-10 14:58:48,068 [INFO] ──────────────────────────────────────────────────
2026-05-10 14:59:20,019 [INFO]   📡 M3U8 bekleniyor (max 8s)...
2026-05-10 14:59:20,029 [INFO]   🎯 DOĞRU kanal bulundu: https://young-surf-88a9.pitpitvur.workers.dev/https://corestream.ronaldovurdu.help//hls/bein-sports-5.m3u8
2026-05-10 14:59:20,030 [INFO]   ✅ beIN Sports 5: https://young-surf-88a9.pitpitvur.workers.dev/https://corestream.ronaldovurdu.help//hls/bein-sports-5.m3u8
2026-05-10 14:59:21,030 [INFO] 
[6/13]
2026-05-10 14:59:21,030 [INFO] 
──────────────────────────────────────────────────
2026-05-10 14:59:21,030 [INFO] 🔍 beIN Sports Max 1 → https://atomsportv503.top/matches?id=bein-sports-max-1
2026-05-10 14:59:21,030 [INFO] ──────────────────────────────────────────────────
2026-05-10 14:59:52,959 [INFO]   📡 M3U8 bekleniyor (max 8s)...
2026-05-10 15:00:00,978 [INFO]   ❌ beIN Sports Max 1: M3U8 bulunamadı
2026-05-10 15:00:01,978 [INFO] 
[7/13]
2026-05-10 15:00:01,978 [INFO] 
──────────────────────────────────────────────────
2026-05-10 15:00:01,978 [INFO] 🔍 beIN Sports Max 2 → https://atomsportv503.top/matches?id=bein-sports-max-2
2026-05-10 15:00:01,978 [INFO] ──────────────────────────────────────────────────
2026-05-10 15:00:33,914 [INFO]   📡 M3U8 bekleniyor (max 8s)...
2026-05-10 15:00:33,915 [INFO]   🎯 DOĞRU kanal bulundu: https://young-surf-88a9.pitpitvur.workers.dev/https://corestream.ronaldovurdu.help//hls/bein-sports-max-2.m3u8
2026-05-10 15:00:33,915 [INFO]   ✅ beIN Sports Max 2: https://young-surf-88a9.pitpitvur.workers.dev/https://corestream.ronaldovurdu.help//hls/bein-sports-max-2.m3u8
2026-05-10 15:00:34,915 [INFO] 
[8/13]
2026-05-10 15:00:34,916 [INFO] 
──────────────────────────────────────────────────
2026-05-10 15:00:34,916 [INFO] 🔍 S Sport → https://atomsportv503.top/matches?id=s-sport
2026-05-10 15:00:34,916 [INFO] ──────────────────────────────────────────────────
2026-05-10 15:01:06,903 [INFO]   📡 M3U8 bekleniyor (max 8s)...
2026-05-10 15:01:06,916 [INFO]   🎯 DOĞRU kanal bulundu: https://young-surf-88a9.pitpitvur.workers.dev/https://corestream.ronaldovurdu.help//hls/s-sport.m3u8
2026-05-10 15:01:06,919 [INFO]   ✅ S Sport: https://young-surf-88a9.pitpitvur.workers.dev/https://corestream.ronaldovurdu.help//hls/s-sport.m3u8
2026-05-10 15:01:07,919 [INFO] 
[9/13]
2026-05-10 15:01:07,919 [INFO] 
──────────────────────────────────────────────────
2026-05-10 15:01:07,920 [INFO] 🔍 S Sport 2 → https://atomsportv503.top/matches?id=s-sport-2
2026-05-10 15:01:07,920 [INFO] ──────────────────────────────────────────────────
2026-05-10 15:01:39,890 [INFO]   📡 M3U8 bekleniyor (max 8s)...
2026-05-10 15:01:39,892 [INFO]   🎯 DOĞRU kanal bulundu: https://young-surf-88a9.pitpitvur.workers.dev/https://corestream.ronaldovurdu.help//hls/s-sport-2.m3u8
2026-05-10 15:01:39,892 [INFO]   ✅ S Sport 2: https://young-surf-88a9.pitpitvur.workers.dev/https://corestream.ronaldovurdu.help//hls/s-sport-2.m3u8
2026-05-10 15:01:40,892 [INFO] 
[10/13]
2026-05-10 15:01:40,892 [INFO] 
──────────────────────────────────────────────────
2026-05-10 15:01:40,892 [INFO] 🔍 Tivibu Spor 1 → https://atomsportv503.top/matches?id=tivibu-spor-1
2026-05-10 15:01:40,892 [INFO] ──────────────────────────────────────────────────
2026-05-10 15:02:12,935 [INFO]   📡 M3U8 bekleniyor (max 8s)...
2026-05-10 15:02:20,947 [INFO]   ❌ Tivibu Spor 1: M3U8 bulunamadı
2026-05-10 15:02:21,947 [INFO] 
[11/13]
2026-05-10 15:02:21,947 [INFO] 
──────────────────────────────────────────────────
2026-05-10 15:02:21,948 [INFO] 🔍 Tivibu Spor 2 → https://atomsportv503.top/matches?id=tivibu-spor-2
2026-05-10 15:02:21,948 [INFO] ──────────────────────────────────────────────────
2026-05-10 15:02:53,882 [INFO]   📡 M3U8 bekleniyor (max 8s)...
2026-05-10 15:03:01,895 [INFO]   ❌ Tivibu Spor 2: M3U8 bulunamadı
2026-05-10 15:03:02,895 [INFO] 
[12/13]
2026-05-10 15:03:02,895 [INFO] 
──────────────────────────────────────────────────
2026-05-10 15:03:02,895 [INFO] 🔍 Tivibu Spor 3 → https://atomsportv503.top/matches?id=tivibu-spor-3
2026-05-10 15:03:02,896 [INFO] ──────────────────────────────────────────────────
2026-05-10 15:03:34,810 [INFO]   📡 M3U8 bekleniyor (max 8s)...
2026-05-10 15:03:42,822 [INFO]   ❌ Tivibu Spor 3: M3U8 bulunamadı
2026-05-10 15:03:43,823 [INFO] 
[13/13]
2026-05-10 15:03:43,823 [INFO] 
──────────────────────────────────────────────────
2026-05-10 15:03:43,823 [INFO] 🔍 Tivibu Spor 4 → https://atomsportv503.top/matches?id=tivibu-spor-4
2026-05-10 15:03:43,823 [INFO] ──────────────────────────────────────────────────
2026-05-10 15:04:15,819 [INFO]   📡 M3U8 bekleniyor (max 8s)...
2026-05-10 15:04:23,830 [INFO]   ❌ Tivibu Spor 4: M3U8 bulunamadı
2026-05-10 15:04:24,892 [INFO] 🔒 Driver kapatıldı
2026-05-10 15:04:24,892 [INFO] 
=======================================================
2026-05-10 15:04:24,892 [INFO] 🏁 Tamamlandı!
2026-05-10 15:04:24,892 [INFO] 📺 Kanal : 8/13
2026-05-10 15:04:24,893 [INFO] ⏱️  Süre  : 470.3s
2026-05-10 15:04:24,893 [INFO] =======================================================
2026-05-10 15:04:24,893 [INFO] ✅ playlist.m3u kaydedildi (proxy prefix'li)
2026-05-10 15:04:24,893 [INFO] ✅ stats.json kaydedildi
