2026-05-28 08:44:10,356 [INFO] 🔎 Domain aralığı taranıyor: atomsportv503.top - atomsportv535.top
2026-05-28 08:44:11,374 [INFO]   ✅ Aktif domain bulundu: https://atomsportv504.top
2026-05-28 08:44:11,375 [INFO] 🌐 Kullanılan BASE_URL: https://atomsportv504.top
2026-05-28 08:44:11,376 [INFO] 🔗 Proxy Prefix: https://ronaldo.magnitude.workers.dev/?url=
2026-05-28 08:44:12,275 [INFO] ✅ SeleniumWire aktif
2026-05-28 08:44:12,277 [INFO] =======================================================
2026-05-28 08:44:12,277 [INFO]    M3U8 Scraper
2026-05-28 08:44:12,277 [INFO]    Base URL    : https://atomsportv504.top
2026-05-28 08:44:12,277 [INFO]    Proxy Prefix: https://ronaldo.magnitude.workers.dev/?url=
2026-05-28 08:44:12,277 [INFO]    Toplam      : 14 sayfa
2026-05-28 08:44:12,277 [INFO] =======================================================
2026-05-28 08:44:12,277 [INFO] 🔧 Driver başlatılıyor...
2026-05-28 08:44:13,071 [INFO] ✅ Driver başlatıldı
2026-05-28 08:44:13,071 [INFO] 
[1/14]
2026-05-28 08:44:13,071 [INFO] 
──────────────────────────────────────────────────
2026-05-28 08:44:13,071 [INFO] 🔍 beIN Sports 1 → https://atomsportv504.top/matches?id=bein-sports-1
2026-05-28 08:44:13,071 [INFO] ──────────────────────────────────────────────────
2026-05-28 08:44:45,331 [INFO]   📡 M3U8 bekleniyor (max 8s)...
2026-05-28 08:44:53,360 [INFO]   ❌ beIN Sports 1: M3U8 bulunamadı
2026-05-28 08:44:54,360 [INFO] 
[2/14]
2026-05-28 08:44:54,360 [INFO] 
──────────────────────────────────────────────────
2026-05-28 08:44:54,360 [INFO] 🔍 beIN Sports 2 → https://atomsportv504.top/matches?id=bein-sports-2
2026-05-28 08:44:54,360 [INFO] ──────────────────────────────────────────────────
2026-05-28 08:45:26,432 [INFO]   📡 M3U8 bekleniyor (max 8s)...
2026-05-28 08:45:34,457 [INFO]   ❌ beIN Sports 2: M3U8 bulunamadı
2026-05-28 08:45:35,457 [INFO] 
[3/14]
2026-05-28 08:45:35,457 [INFO] 
──────────────────────────────────────────────────
2026-05-28 08:45:35,457 [INFO] 🔍 beIN Sports 3 → https://atomsportv504.top/matches?id=bein-sports-3
2026-05-28 08:45:35,457 [INFO] ──────────────────────────────────────────────────
2026-05-28 08:46:07,329 [INFO]   📡 M3U8 bekleniyor (max 8s)...
2026-05-28 08:46:15,342 [INFO]   ❌ beIN Sports 3: M3U8 bulunamadı
2026-05-28 08:46:16,342 [INFO] 
[4/14]
2026-05-28 08:46:16,342 [INFO] 
──────────────────────────────────────────────────
2026-05-28 08:46:16,342 [INFO] 🔍 beIN Sports 4 → https://atomsportv504.top/matches?id=bein-sports-4
2026-05-28 08:46:16,342 [INFO] ──────────────────────────────────────────────────
2026-05-28 08:46:48,181 [INFO]   📡 M3U8 bekleniyor (max 8s)...
2026-05-28 08:46:56,194 [INFO]   ❌ beIN Sports 4: M3U8 bulunamadı
2026-05-28 08:46:57,194 [INFO] 
[5/14]
2026-05-28 08:46:57,195 [INFO] 
──────────────────────────────────────────────────
2026-05-28 08:46:57,195 [INFO] 🔍 beIN Sports 5 → https://atomsportv504.top/matches?id=bein-sports-5
2026-05-28 08:46:57,195 [INFO] ──────────────────────────────────────────────────
2026-05-28 08:47:29,020 [INFO]   📡 M3U8 bekleniyor (max 8s)...
2026-05-28 08:47:37,034 [INFO]   ❌ beIN Sports 5: M3U8 bulunamadı
2026-05-28 08:47:38,034 [INFO] 
[6/14]
2026-05-28 08:47:38,034 [INFO] 
──────────────────────────────────────────────────
2026-05-28 08:47:38,035 [INFO] 🔍 beIN Sports Max 1 → https://atomsportv504.top/matches?id=bein-sports-max-1
2026-05-28 08:47:38,035 [INFO] ──────────────────────────────────────────────────
2026-05-28 08:48:09,875 [INFO]   📡 M3U8 bekleniyor (max 8s)...
2026-05-28 08:48:17,888 [INFO]   ❌ beIN Sports Max 1: M3U8 bulunamadı
2026-05-28 08:48:18,888 [INFO] 
[7/14]
2026-05-28 08:48:18,889 [INFO] 
──────────────────────────────────────────────────
2026-05-28 08:48:18,889 [INFO] 🔍 beIN Sports Max 2 → https://atomsportv504.top/matches?id=bein-sports-max-2
2026-05-28 08:48:18,889 [INFO] ──────────────────────────────────────────────────
2026-05-28 08:48:50,731 [INFO]   📡 M3U8 bekleniyor (max 8s)...
2026-05-28 08:48:58,744 [INFO]   ❌ beIN Sports Max 2: M3U8 bulunamadı
2026-05-28 08:48:59,744 [INFO] 
[8/14]
2026-05-28 08:48:59,744 [INFO] 
──────────────────────────────────────────────────
2026-05-28 08:48:59,744 [INFO] 🔍 S Sport → https://atomsportv504.top/matches?id=s-sport
2026-05-28 08:48:59,744 [INFO] ──────────────────────────────────────────────────
2026-05-28 08:49:31,563 [INFO]   📡 M3U8 bekleniyor (max 8s)...
2026-05-28 08:49:31,564 [INFO]   🎯 DOĞRU kanal bulundu: https://young-surf-88a9.halitumutseler.workers.dev/https://corestream.ronaldovurdu.help//s-sportt/tracks-v1a1/mono.m3u8
2026-05-28 08:49:31,564 [INFO]   ✅ S Sport: https://young-surf-88a9.halitumutseler.workers.dev/https://corestream.ronaldovurdu.help//s-sportt/tracks-v1a1/mono.m3u8
2026-05-28 08:49:32,564 [INFO] 
[9/14]
2026-05-28 08:49:32,564 [INFO] 
──────────────────────────────────────────────────
2026-05-28 08:49:32,564 [INFO] 🔍 S Sport 2 → https://atomsportv504.top/matches?id=s-sport-2
2026-05-28 08:49:32,564 [INFO] ──────────────────────────────────────────────────
2026-05-28 08:50:04,382 [INFO]   📡 M3U8 bekleniyor (max 8s)...
2026-05-28 08:50:12,402 [INFO]   ❌ S Sport 2: M3U8 bulunamadı
2026-05-28 08:50:13,402 [INFO] 
[10/14]
2026-05-28 08:50:13,402 [INFO] 
──────────────────────────────────────────────────
2026-05-28 08:50:13,402 [INFO] 🔍 A Spor → https://atomsportv504.top/matches?id=a-spor
2026-05-28 08:50:13,402 [INFO] ──────────────────────────────────────────────────
2026-05-28 08:50:45,242 [INFO]   📡 M3U8 bekleniyor (max 8s)...
2026-05-28 08:50:53,260 [INFO]   ❌ A Spor: M3U8 bulunamadı
2026-05-28 08:50:54,260 [INFO] 
[11/14]
2026-05-28 08:50:54,261 [INFO] 
──────────────────────────────────────────────────
2026-05-28 08:50:54,261 [INFO] 🔍 Tivibu Spor 1 → https://atomsportv504.top/matches?id=tivibu-spor-1
2026-05-28 08:50:54,261 [INFO] ──────────────────────────────────────────────────
2026-05-28 08:51:26,203 [INFO]   📡 M3U8 bekleniyor (max 8s)...
2026-05-28 08:51:34,216 [INFO]   ❌ Tivibu Spor 1: M3U8 bulunamadı
2026-05-28 08:51:35,216 [INFO] 
[12/14]
2026-05-28 08:51:35,217 [INFO] 
──────────────────────────────────────────────────
2026-05-28 08:51:35,217 [INFO] 🔍 Tivibu Spor 2 → https://atomsportv504.top/matches?id=tivibu-spor-2
2026-05-28 08:51:35,217 [INFO] ──────────────────────────────────────────────────
2026-05-28 08:52:07,048 [INFO]   📡 M3U8 bekleniyor (max 8s)...
2026-05-28 08:52:15,062 [INFO]   ❌ Tivibu Spor 2: M3U8 bulunamadı
2026-05-28 08:52:16,062 [INFO] 
[13/14]
2026-05-28 08:52:16,062 [INFO] 
──────────────────────────────────────────────────
2026-05-28 08:52:16,062 [INFO] 🔍 Tivibu Spor 3 → https://atomsportv504.top/matches?id=tivibu-spor-3
2026-05-28 08:52:16,062 [INFO] ──────────────────────────────────────────────────
2026-05-28 08:52:47,888 [INFO]   📡 M3U8 bekleniyor (max 8s)...
2026-05-28 08:52:55,901 [INFO]   ❌ Tivibu Spor 3: M3U8 bulunamadı
2026-05-28 08:52:56,901 [INFO] 
[14/14]
2026-05-28 08:52:56,901 [INFO] 
──────────────────────────────────────────────────
2026-05-28 08:52:56,901 [INFO] 🔍 Tivibu Spor 4 → https://atomsportv504.top/matches?id=tivibu-spor-4
2026-05-28 08:52:56,902 [INFO] ──────────────────────────────────────────────────
2026-05-28 08:53:28,729 [INFO]   📡 M3U8 bekleniyor (max 8s)...
2026-05-28 08:53:36,741 [INFO]   ❌ Tivibu Spor 4: M3U8 bulunamadı
2026-05-28 08:53:37,805 [INFO] 🔒 Driver kapatıldı
2026-05-28 08:53:37,805 [INFO] 
=======================================================
2026-05-28 08:53:37,805 [INFO] 🏁 Tamamlandı!
2026-05-28 08:53:37,805 [INFO] 📺 Kanal : 1/14
2026-05-28 08:53:37,805 [INFO] ⏱️  Süre  : 565.5s
2026-05-28 08:53:37,805 [INFO] =======================================================
2026-05-28 08:53:37,806 [INFO] ✅ playlist.m3u kaydedildi (proxy prefix'li)
2026-05-28 08:53:37,806 [INFO] ✅ stats.json kaydedildi
