2026-07-20 19:00:07,374 [INFO] 🌐 BASE_URL: https://atomsportv510.top
2026-07-20 19:00:08,453 [INFO] Başlanıyor... 14 kanal taranacak
2026-07-20 19:00:08,454 [INFO] Using default request storage
2026-07-20 19:00:08,458 [INFO] Created proxy listening on 127.0.0.1:37231
2026-07-20 19:00:09,151 [INFO] Capturing request: http://clients2.google.com/time/1/current?cup2key=10:q18w8JHaK8lEfCcRrFAeH2lIXSr2AIIOzKmKtYC4LGo&cup2hreq=e3b0c44298fc1c149afbf4c8996fb92427ae41e4649b934ca495991b7852b855
2026-07-20 19:00:09,203 [INFO] Capturing response: http://clients2.google.com/time/1/current?cup2key=10:q18w8JHaK8lEfCcRrFAeH2lIXSr2AIIOzKmKtYC4LGo&cup2hreq=e3b0c44298fc1c149afbf4c8996fb92427ae41e4649b934ca495991b7852b855 200 OK
2026-07-20 19:00:09,351 [INFO] 
[1/14]
2026-07-20 19:00:09,352 [INFO] 🔍 beIN Sports 1 → https://atomsportv510.top/matches?id=bein-sports-1
2026-07-20 19:00:09,482 [INFO] Capturing request: https://update.googleapis.com/service/update2/json?cup2key=16:vHyJWxaHeO1KGtkZ969FUXZDtfGHN__KXjXyBVsMXhw&cup2hreq=8a72c25a3f64bf575237fe13e1608554a4492156ba35ac7931a81c1d78aed255
2026-07-20 19:00:09,484 [INFO] Capturing request: https://accounts.google.com/ListAccounts?gpsia=1&source=ChromiumBrowser&json=standard&laf=b64bin
2026-07-20 19:00:09,535 [INFO] Capturing response: https://update.googleapis.com/service/update2/json?cup2key=16:vHyJWxaHeO1KGtkZ969FUXZDtfGHN__KXjXyBVsMXhw&cup2hreq=8a72c25a3f64bf575237fe13e1608554a4492156ba35ac7931a81c1d78aed255 200 
2026-07-20 19:00:09,573 [INFO] Capturing request: https://www.google.com/async/folae?async=_fmt:pb&udm=50&client_locale=en-US&client_country=ZZ
2026-07-20 19:00:09,576 [INFO] Capturing request: https://atomsportv510.top/matches?id=bein-sports-1
2026-07-20 19:00:09,582 [INFO] Capturing request: https://update.googleapis.com/service/update2/json?cup2key=16:5bIg04cbrVcmsVSDi8xAeKuhTVb8gL2aavI0VBC-FMo&cup2hreq=fc54d7d8db3b95e04adbbd4aff67663e383568e5cdb10bc50c449efadf32a4df
2026-07-20 19:00:09,589 [INFO] Capturing response: https://accounts.google.com/ListAccounts?gpsia=1&source=ChromiumBrowser&json=standard&laf=b64bin 200 
2026-07-20 19:00:09,609 [INFO] Capturing response: https://update.googleapis.com/service/update2/json?cup2key=16:5bIg04cbrVcmsVSDi8xAeKuhTVb8gL2aavI0VBC-FMo&cup2hreq=fc54d7d8db3b95e04adbbd4aff67663e383568e5cdb10bc50c449efadf32a4df 200 
2026-07-20 19:00:09,615 [INFO] Capturing response: https://www.google.com/async/folae?async=_fmt:pb&udm=50&client_locale=en-US&client_country=ZZ 200 
2026-07-20 19:00:09,657 [INFO] Capturing request: https://update.googleapis.com/service/update2/json?cup2key=16:D0jF-6ecPcY0trLUIcQv4UfHHazpLYA4SzdaSKS4dQo&cup2hreq=71e76667a676fd1fdd074b70d8a41ad8830e52b27395ed5d5df7033af06830ee
2026-07-20 19:00:09,682 [INFO] Capturing response: https://atomsportv510.top/matches?id=bein-sports-1 200 
2026-07-20 19:00:09,688 [INFO] Capturing response: https://update.googleapis.com/service/update2/json?cup2key=16:D0jF-6ecPcY0trLUIcQv4UfHHazpLYA4SzdaSKS4dQo&cup2hreq=71e76667a676fd1fdd074b70d8a41ad8830e52b27395ed5d5df7033af06830ee 200 
2026-07-20 19:00:09,838 [INFO] Capturing request: https://atomsportv510.top/assets/js/clappr.js
2026-07-20 19:00:09,840 [INFO] Capturing request: https://www.google.com/async/folae?async=_fmt:pb&udm=50&client_locale=en-US&client_country=ZZ
2026-07-20 19:00:09,875 [INFO] Capturing response: https://atomsportv510.top/assets/js/clappr.js 200 
2026-07-20 19:00:09,878 [INFO] Capturing response: https://www.google.com/async/folae?async=_fmt:pb&udm=50&client_locale=en-US&client_country=ZZ 200 
2026-07-20 19:00:09,895 [INFO] Capturing request: https://cdn.jsdelivr.net/npm/@clappr/player@latest/dist/clappr.min.js
2026-07-20 19:00:09,899 [INFO] Capturing request: https://cdnjs.cloudflare.com/ajax/libs/jquery/3.2.1/jquery.min.js
2026-07-20 19:00:09,930 [INFO] Capturing response: https://cdnjs.cloudflare.com/ajax/libs/jquery/3.2.1/jquery.min.js 200 
2026-07-20 19:00:09,932 [INFO] Capturing response: https://cdn.jsdelivr.net/npm/@clappr/player@latest/dist/clappr.min.js 200 
2026-07-20 19:00:10,147 [INFO] Capturing request: https://atomsportv510.top/favicon.ico
2026-07-20 19:00:10,203 [INFO] Capturing request: https://teletv5.top/load/yayinlink.php?id=bein-sports-1
2026-07-20 19:00:10,206 [INFO] Capturing response: https://atomsportv510.top/favicon.ico 200 
2026-07-20 19:00:10,662 [INFO] Capturing response: https://teletv5.top/load/yayinlink.php?id=bein-sports-1 200 
2026-07-20 19:00:10,724 [INFO] Capturing request: https://streamsport365.com/cinema
2026-07-20 19:00:11,084 [INFO] Capturing response: https://streamsport365.com/cinema 200 
2026-07-20 19:00:11,214 [INFO] Capturing request: https://atomsportv510.top/assets/img/player_logo_6880e4e4c52ee.png
2026-07-20 19:00:11,221 [INFO] Capturing request: https://tv-trt1.medya.trt.com.tr/master_720.m3u8
2026-07-20 19:00:11,231 [INFO] Capturing response: https://tv-trt1.medya.trt.com.tr/master_720.m3u8 403 Forbidden
2026-07-20 19:00:11,272 [INFO] Capturing response: https://atomsportv510.top/assets/img/player_logo_6880e4e4c52ee.png 200 
2026-07-20 19:00:12,225 [INFO] Capturing request: https://android.clients.google.com/checkin
2026-07-20 19:00:12,330 [INFO] Capturing response: https://android.clients.google.com/checkin 200 
2026-07-20 19:00:12,381 [INFO] Capturing request: https://android.clients.google.com/c2dm/register3
2026-07-20 19:00:12,384 [INFO] Capturing request: https://android.clients.google.com/c2dm/register3
2026-07-20 19:00:12,385 [INFO] Capturing request: https://android.clients.google.com/c2dm/register3
2026-07-20 19:00:12,455 [INFO] Capturing response: https://android.clients.google.com/c2dm/register3 301 
2026-07-20 19:00:13,077 [INFO]   ✅ M3U8 bulundu: https://tv-trt1.medya.trt.com.tr/master_720.m3u8
2026-07-20 19:00:13,675 [INFO] Capturing response: https://android.clients.google.com/c2dm/register3 200 
2026-07-20 19:00:14,078 [INFO] 
[2/14]
2026-07-20 19:00:14,078 [INFO] 🔍 beIN Sports 2 → https://atomsportv510.top/matches?id=bein-sports-2
2026-07-20 19:00:14,188 [INFO] Capturing request: https://atomsportv510.top/matches?id=bein-sports-2
2026-07-20 19:00:14,229 [INFO] Capturing response: https://atomsportv510.top/matches?id=bein-sports-2 200 
2026-07-20 19:00:14,272 [INFO] Capturing request: https://streamsport365.com/cinema
2026-07-20 19:00:14,373 [INFO] Capturing request: https://atomsportv510.top/favicon.ico
2026-07-20 19:00:14,373 [INFO] Capturing request: https://teletv5.top/load/yayinlink.php?id=bein-sports-2
2026-07-20 19:00:14,403 [INFO] Capturing response: https://atomsportv510.top/favicon.ico 200 
2026-07-20 19:00:14,605 [INFO] Capturing response: https://teletv5.top/load/yayinlink.php?id=bein-sports-2 200 
2026-07-20 19:00:14,634 [INFO] Capturing response: https://streamsport365.com/cinema 200 
2026-07-20 19:00:14,802 [INFO] Capturing request: https://hlshd.korcanturkmen418.workers.dev/https://corestream.corestreamvip.mom//bein2/tracks-v1a1/mono.m3u8
2026-07-20 19:00:14,864 [INFO] Capturing response: https://hlshd.korcanturkmen418.workers.dev/https://corestream.corestreamvip.mom//bein2/tracks-v1a1/mono.m3u8 403 
2026-07-20 19:00:15,248 [INFO] Capturing response: https://android.clients.google.com/c2dm/register3 200 
2026-07-20 19:00:17,283 [INFO]   ✅ M3U8 bulundu: https://hlshd.korcanturkmen418.workers.dev/https://corestream.corestreamvip.mom//bein2/tracks-v1a1/mono.m3u8
2026-07-20 19:00:18,283 [INFO] 
[3/14]
2026-07-20 19:00:18,284 [INFO] 🔍 beIN Sports 3 → https://atomsportv510.top/matches?id=bein-sports-3
2026-07-20 19:00:18,393 [INFO] Capturing request: https://atomsportv510.top/assets/js/clappr.js
2026-07-20 19:00:18,395 [INFO] Capturing request: https://atomsportv510.top/matches?id=bein-sports-3
2026-07-20 19:00:18,414 [INFO] Capturing response: https://atomsportv510.top/assets/js/clappr.js 200 
2026-07-20 19:00:18,444 [INFO] Capturing response: https://atomsportv510.top/matches?id=bein-sports-3 200 
2026-07-20 19:00:18,584 [INFO] Capturing request: https://teletv5.top/load/yayinlink.php?id=bein-sports-3
2026-07-20 19:00:18,587 [INFO] Capturing request: https://atomsportv510.top/favicon.ico
2026-07-20 19:00:18,616 [INFO] Capturing response: https://atomsportv510.top/favicon.ico 200 
2026-07-20 19:00:18,740 [INFO] Capturing request: https://streamsport365.com/cinema
2026-07-20 19:00:18,816 [INFO] Capturing response: https://teletv5.top/load/yayinlink.php?id=bein-sports-3 200 
2026-07-20 19:00:19,108 [INFO] Capturing response: https://streamsport365.com/cinema 200 
2026-07-20 19:00:19,228 [INFO] Capturing request: https://hlshd.korcanturkmen418.workers.dev/https://corestream.corestreamvip.mom//trtspor/tracks-v1a1/mono.m3u8
2026-07-20 19:00:19,249 [INFO] Capturing response: https://hlshd.korcanturkmen418.workers.dev/https://corestream.corestreamvip.mom//trtspor/tracks-v1a1/mono.m3u8 403 
2026-07-20 19:00:21,498 [INFO]   ✅ M3U8 bulundu: https://hlshd.korcanturkmen418.workers.dev/https://corestream.corestreamvip.mom//trtspor/tracks-v1a1/mono.m3u8
2026-07-20 19:00:22,499 [INFO] 
[4/14]
2026-07-20 19:00:22,499 [INFO] 🔍 beIN Sports 4 → https://atomsportv510.top/matches?id=bein-sports-4
2026-07-20 19:00:22,607 [INFO] Capturing request: https://atomsportv510.top/assets/js/clappr.js
2026-07-20 19:00:22,609 [INFO] Capturing request: https://atomsportv510.top/matches?id=bein-sports-4
2026-07-20 19:00:22,623 [INFO] Capturing response: https://atomsportv510.top/assets/js/clappr.js 200 
2026-07-20 19:00:22,650 [INFO] Capturing response: https://atomsportv510.top/matches?id=bein-sports-4 200 
2026-07-20 19:00:22,709 [INFO] Capturing request: https://streamsport365.com/cinema
2026-07-20 19:00:22,808 [INFO] Capturing request: https://teletv5.top/load/yayinlink.php?id=bein-sports-4
2026-07-20 19:00:22,809 [INFO] Capturing request: https://atomsportv510.top/favicon.ico
2026-07-20 19:00:22,858 [INFO] Capturing response: https://atomsportv510.top/favicon.ico 200 
2026-07-20 19:00:23,029 [INFO] Capturing response: https://teletv5.top/load/yayinlink.php?id=bein-sports-4 200 
2026-07-20 19:00:23,078 [INFO] Capturing response: https://streamsport365.com/cinema 200 
2026-07-20 19:00:23,197 [INFO] Capturing request: https://hlshd.korcanturkmen418.workers.dev/https://corestream.corestreamvip.mom//bein2/tracks-v1a1/mono.m3u8
2026-07-20 19:00:23,215 [INFO] Capturing response: https://hlshd.korcanturkmen418.workers.dev/https://corestream.corestreamvip.mom//bein2/tracks-v1a1/mono.m3u8 403 
2026-07-20 19:00:25,723 [INFO]   ✅ M3U8 bulundu: https://hlshd.korcanturkmen418.workers.dev/https://corestream.corestreamvip.mom//bein2/tracks-v1a1/mono.m3u8
2026-07-20 19:00:26,723 [INFO] 
[5/14]
2026-07-20 19:00:26,723 [INFO] 🔍 beIN Sports 5 → https://atomsportv510.top/matches?id=bein-sports-5
2026-07-20 19:00:26,832 [INFO] Capturing request: https://atomsportv510.top/assets/js/clappr.js
2026-07-20 19:00:26,833 [INFO] Capturing request: https://atomsportv510.top/matches?id=bein-sports-5
2026-07-20 19:00:26,854 [INFO] Capturing response: https://atomsportv510.top/assets/js/clappr.js 200 
2026-07-20 19:00:26,873 [INFO] Capturing response: https://atomsportv510.top/matches?id=bein-sports-5 200 
2026-07-20 19:00:27,003 [INFO] Capturing request: https://atomsportv510.top/favicon.ico
2026-07-20 19:00:27,005 [INFO] Capturing request: https://teletv5.top/load/yayinlink.php?id=bein-sports-5
2026-07-20 19:00:27,033 [INFO] Capturing response: https://atomsportv510.top/favicon.ico 200 
2026-07-20 19:00:27,162 [INFO] Capturing request: https://streamsport365.com/cinema
2026-07-20 19:00:27,223 [INFO] Capturing response: https://teletv5.top/load/yayinlink.php?id=bein-sports-5 200 
2026-07-20 19:00:27,522 [INFO] Capturing response: https://streamsport365.com/cinema 200 
2026-07-20 19:00:27,641 [INFO] Capturing request: https://hlshd.korcanturkmen418.workers.dev/https://corestream.corestreamvip.mom//bein2/tracks-v1a1/mono.m3u8
2026-07-20 19:00:27,655 [INFO] Capturing response: https://hlshd.korcanturkmen418.workers.dev/https://corestream.corestreamvip.mom//bein2/tracks-v1a1/mono.m3u8 403 
2026-07-20 19:00:29,914 [INFO]   ✅ M3U8 bulundu: https://hlshd.korcanturkmen418.workers.dev/https://corestream.corestreamvip.mom//bein2/tracks-v1a1/mono.m3u8
2026-07-20 19:00:30,914 [INFO] 
[6/14]
2026-07-20 19:00:30,915 [INFO] 🔍 beIN Sports Max 1 → https://atomsportv510.top/matches?id=bein-sports-max-1
2026-07-20 19:00:31,023 [INFO] Capturing request: https://atomsportv510.top/assets/js/clappr.js
2026-07-20 19:00:31,025 [INFO] Capturing request: https://atomsportv510.top/matches?id=bein-sports-max-1
2026-07-20 19:00:31,041 [INFO] Capturing response: https://atomsportv510.top/assets/js/clappr.js 200 
2026-07-20 19:00:31,074 [INFO] Capturing response: https://atomsportv510.top/matches?id=bein-sports-max-1 200 
2026-07-20 19:00:31,134 [INFO] Capturing request: https://streamsport365.com/cinema
2026-07-20 19:00:31,233 [INFO] Capturing request: https://teletv5.top/load/yayinlink.php?id=bein-sports-max-1
2026-07-20 19:00:31,235 [INFO] Capturing request: https://atomsportv510.top/favicon.ico
2026-07-20 19:00:31,268 [INFO] Capturing response: https://atomsportv510.top/favicon.ico 200 
2026-07-20 19:00:31,461 [INFO] Capturing response: https://teletv5.top/load/yayinlink.php?id=bein-sports-max-1 200 
2026-07-20 19:00:31,501 [INFO] Capturing response: https://streamsport365.com/cinema 200 
2026-07-20 19:00:31,621 [INFO] Capturing request: https://hlshd.korcanturkmen418.workers.dev/https://corestream.corestreamvip.mom//trtspor/tracks-v1a1/mono.m3u8
2026-07-20 19:00:31,634 [INFO] Capturing response: https://hlshd.korcanturkmen418.workers.dev/https://corestream.corestreamvip.mom//trtspor/tracks-v1a1/mono.m3u8 403 
2026-07-20 19:00:34,145 [INFO]   ✅ M3U8 bulundu: https://hlshd.korcanturkmen418.workers.dev/https://corestream.corestreamvip.mom//trtspor/tracks-v1a1/mono.m3u8
2026-07-20 19:00:35,145 [INFO] 
[7/14]
2026-07-20 19:00:35,146 [INFO] 🔍 beIN Sports Max 2 → https://atomsportv510.top/matches?id=bein-sports-max-2
2026-07-20 19:00:35,255 [INFO] Capturing request: https://atomsportv510.top/assets/js/clappr.js
2026-07-20 19:00:35,256 [INFO] Capturing request: https://atomsportv510.top/matches?id=bein-sports-max-2
2026-07-20 19:00:35,275 [INFO] Capturing response: https://atomsportv510.top/assets/js/clappr.js 200 
2026-07-20 19:00:35,304 [INFO] Capturing response: https://atomsportv510.top/matches?id=bein-sports-max-2 200 
2026-07-20 19:00:35,435 [INFO] Capturing request: https://teletv5.top/load/yayinlink.php?id=bein-sports-max-2
2026-07-20 19:00:35,436 [INFO] Capturing request: https://atomsportv510.top/favicon.ico
2026-07-20 19:00:35,465 [INFO] Capturing response: https://atomsportv510.top/favicon.ico 200 
2026-07-20 19:00:35,589 [INFO] Capturing request: https://streamsport365.com/cinema
2026-07-20 19:00:35,652 [INFO] Capturing response: https://teletv5.top/load/yayinlink.php?id=bein-sports-max-2 200 
2026-07-20 19:00:35,939 [INFO] Capturing request: https://android.clients.google.com/c2dm/register3
2026-07-20 19:00:35,950 [INFO] Capturing response: https://streamsport365.com/cinema 200 
2026-07-20 19:00:36,000 [INFO] Capturing response: https://android.clients.google.com/c2dm/register3 301 
2026-07-20 19:00:36,069 [INFO] Capturing request: https://hlshd.korcanturkmen418.workers.dev/https://corestream.corestreamvip.mom//trtspor/tracks-v1a1/mono.m3u8
2026-07-20 19:00:36,086 [INFO] Capturing response: https://hlshd.korcanturkmen418.workers.dev/https://corestream.corestreamvip.mom//trtspor/tracks-v1a1/mono.m3u8 403 
2026-07-20 19:00:38,347 [INFO]   ✅ M3U8 bulundu: https://hlshd.korcanturkmen418.workers.dev/https://corestream.corestreamvip.mom//trtspor/tracks-v1a1/mono.m3u8
2026-07-20 19:00:39,347 [INFO] 
[8/14]
2026-07-20 19:00:39,347 [INFO] 🔍 S Sport → https://atomsportv510.top/matches?id=s-sport
2026-07-20 19:00:39,456 [INFO] Capturing request: https://atomsportv510.top/assets/js/clappr.js
2026-07-20 19:00:39,458 [INFO] Capturing request: https://atomsportv510.top/matches?id=s-sport
2026-07-20 19:00:39,475 [INFO] Capturing response: https://atomsportv510.top/assets/js/clappr.js 200 
2026-07-20 19:00:40,153 [INFO] Capturing response: https://atomsportv510.top/matches?id=s-sport 200 
2026-07-20 19:00:40,212 [INFO] Capturing request: https://streamsport365.com/cinema
2026-07-20 19:00:40,312 [INFO] Capturing request: https://teletv5.top/load/yayinlink.php?id=s-sport
2026-07-20 19:00:40,312 [INFO] Capturing request: https://atomsportv510.top/favicon.ico
2026-07-20 19:00:40,344 [INFO] Capturing response: https://atomsportv510.top/favicon.ico 200 
2026-07-20 19:00:40,545 [INFO] Capturing response: https://teletv5.top/load/yayinlink.php?id=s-sport 200 
2026-07-20 19:00:40,572 [INFO] Capturing response: https://streamsport365.com/cinema 200 
2026-07-20 19:00:40,705 [INFO] Capturing request: https://hlshd.korcanturkmen418.workers.dev/https://corestream.corestreamvip.mom//s-sportt/tracks-v1a1/mono.m3u8
2026-07-20 19:00:40,725 [INFO] Capturing response: https://hlshd.korcanturkmen418.workers.dev/https://corestream.corestreamvip.mom//s-sportt/tracks-v1a1/mono.m3u8 403 
2026-07-20 19:00:43,222 [INFO]   ✅ M3U8 bulundu: https://hlshd.korcanturkmen418.workers.dev/https://corestream.corestreamvip.mom//s-sportt/tracks-v1a1/mono.m3u8
2026-07-20 19:00:44,222 [INFO] 
[9/14]
2026-07-20 19:00:44,223 [INFO] 🔍 S Sport 2 → https://atomsportv510.top/matches?id=s-sport-2
2026-07-20 19:00:44,332 [INFO] Capturing request: https://atomsportv510.top/assets/js/clappr.js
2026-07-20 19:00:44,334 [INFO] Capturing request: https://atomsportv510.top/matches?id=s-sport-2
2026-07-20 19:00:44,351 [INFO] Capturing response: https://atomsportv510.top/assets/js/clappr.js 200 
2026-07-20 19:00:44,387 [INFO] Capturing response: https://atomsportv510.top/matches?id=s-sport-2 200 
2026-07-20 19:00:44,520 [INFO] Capturing request: https://teletv5.top/load/yayinlink.php?id=s-sport-2
2026-07-20 19:00:44,523 [INFO] Capturing request: https://atomsportv510.top/favicon.ico
2026-07-20 19:00:44,555 [INFO] Capturing response: https://atomsportv510.top/favicon.ico 200 
2026-07-20 19:00:44,676 [INFO] Capturing request: https://streamsport365.com/cinema
2026-07-20 19:00:44,759 [INFO] Capturing response: https://teletv5.top/load/yayinlink.php?id=s-sport-2 200 
2026-07-20 19:00:45,033 [INFO] Capturing response: https://streamsport365.com/cinema 200 
2026-07-20 19:00:45,154 [INFO] Capturing request: https://hlshd.korcanturkmen418.workers.dev/https://corestream.corestreamvip.mom//s-sport2/tracks-v1a1/mono.m3u8
2026-07-20 19:00:45,175 [INFO] Capturing response: https://hlshd.korcanturkmen418.workers.dev/https://corestream.corestreamvip.mom//s-sport2/tracks-v1a1/mono.m3u8 403 
2026-07-20 19:00:47,433 [INFO]   ✅ M3U8 bulundu: https://hlshd.korcanturkmen418.workers.dev/https://corestream.corestreamvip.mom//s-sport2/tracks-v1a1/mono.m3u8
2026-07-20 19:00:48,433 [INFO] 
[10/14]
2026-07-20 19:00:48,433 [INFO] 🔍 A Spor → https://atomsportv510.top/matches?id=a-spor
2026-07-20 19:00:48,543 [INFO] Capturing request: https://atomsportv510.top/assets/js/clappr.js
2026-07-20 19:00:48,544 [INFO] Capturing request: https://atomsportv510.top/matches?id=a-spor
2026-07-20 19:00:48,560 [INFO] Capturing response: https://atomsportv510.top/assets/js/clappr.js 200 
2026-07-20 19:00:48,589 [INFO] Capturing response: https://atomsportv510.top/matches?id=a-spor 200 
2026-07-20 19:00:48,631 [INFO] Capturing request: https://streamsport365.com/cinema
2026-07-20 19:00:48,728 [INFO] Capturing request: https://teletv5.top/load/yayinlink.php?id=a-spor
2026-07-20 19:00:48,732 [INFO] Capturing request: https://atomsportv510.top/favicon.ico
2026-07-20 19:00:48,761 [INFO] Capturing response: https://atomsportv510.top/favicon.ico 200 
2026-07-20 19:00:48,991 [INFO] Capturing response: https://streamsport365.com/cinema 200 
2026-07-20 19:00:49,012 [INFO] Capturing response: https://teletv5.top/load/yayinlink.php?id=a-spor 200 
2026-07-20 19:00:49,172 [INFO] Capturing request: https://hlshd.korcanturkmen418.workers.dev/https://corestream.corestreamvip.mom//aspor/tracks-v1a1/mono.m3u8
2026-07-20 19:00:49,190 [INFO] Capturing response: https://hlshd.korcanturkmen418.workers.dev/https://corestream.corestreamvip.mom//aspor/tracks-v1a1/mono.m3u8 403 
2026-07-20 19:00:51,645 [INFO]   ✅ M3U8 bulundu: https://hlshd.korcanturkmen418.workers.dev/https://corestream.corestreamvip.mom//aspor/tracks-v1a1/mono.m3u8
2026-07-20 19:00:52,646 [INFO] 
[11/14]
2026-07-20 19:00:52,646 [INFO] 🔍 Tivibu Spor 1 → https://atomsportv510.top/matches?id=tivibu-spor-1
2026-07-20 19:00:52,755 [INFO] Capturing request: https://atomsportv510.top/assets/js/clappr.js
2026-07-20 19:00:52,757 [INFO] Capturing request: https://atomsportv510.top/matches?id=tivibu-spor-1
2026-07-20 19:00:52,778 [INFO] Capturing response: https://atomsportv510.top/assets/js/clappr.js 200 
2026-07-20 19:00:52,812 [INFO] Capturing response: https://atomsportv510.top/matches?id=tivibu-spor-1 200 
2026-07-20 19:00:52,972 [INFO] Capturing request: https://atomsportv510.top/favicon.ico
2026-07-20 19:00:52,973 [INFO] Capturing request: https://teletv5.top/load/yayinlink.php?id=tivibu-spor-1
2026-07-20 19:00:53,004 [INFO] Capturing response: https://atomsportv510.top/favicon.ico 200 
2026-07-20 19:00:53,129 [INFO] Capturing request: https://streamsport365.com/cinema
2026-07-20 19:00:53,189 [INFO] Capturing response: https://teletv5.top/load/yayinlink.php?id=tivibu-spor-1 200 
2026-07-20 19:00:53,484 [INFO] Capturing response: https://streamsport365.com/cinema 200 
2026-07-20 19:00:53,603 [INFO] Capturing request: https://hlshd.korcanturkmen418.workers.dev/https://corestream.corestreamvip.mom//trtspor/tracks-v1a1/mono.m3u8
2026-07-20 19:00:53,617 [INFO] Capturing response: https://hlshd.korcanturkmen418.workers.dev/https://corestream.corestreamvip.mom//trtspor/tracks-v1a1/mono.m3u8 403 
2026-07-20 19:00:55,882 [INFO]   ✅ M3U8 bulundu: https://hlshd.korcanturkmen418.workers.dev/https://corestream.corestreamvip.mom//trtspor/tracks-v1a1/mono.m3u8
2026-07-20 19:00:56,882 [INFO] 
[12/14]
2026-07-20 19:00:56,882 [INFO] 🔍 Tivibu Spor 2 → https://atomsportv510.top/matches?id=tivibu-spor-2
2026-07-20 19:00:56,990 [INFO] Capturing request: https://atomsportv510.top/assets/js/clappr.js
2026-07-20 19:00:56,992 [INFO] Capturing request: https://atomsportv510.top/matches?id=tivibu-spor-2
2026-07-20 19:00:57,007 [INFO] Capturing response: https://atomsportv510.top/assets/js/clappr.js 200 
2026-07-20 19:00:57,038 [INFO] Capturing response: https://atomsportv510.top/matches?id=tivibu-spor-2 200 
2026-07-20 19:00:57,069 [INFO] Capturing request: https://streamsport365.com/cinema
2026-07-20 19:00:57,170 [INFO] Capturing request: https://teletv5.top/load/yayinlink.php?id=tivibu-spor-2
2026-07-20 19:00:57,171 [INFO] Capturing request: https://atomsportv510.top/favicon.ico
2026-07-20 19:00:57,202 [INFO] Capturing response: https://atomsportv510.top/favicon.ico 200 
2026-07-20 19:00:57,405 [INFO] Capturing response: https://teletv5.top/load/yayinlink.php?id=tivibu-spor-2 200 
2026-07-20 19:00:57,428 [INFO] Capturing response: https://streamsport365.com/cinema 200 
2026-07-20 19:00:57,565 [INFO] Capturing request: https://hlshd.korcanturkmen418.workers.dev/https://corestream.corestreamvip.mom//trtspor/tracks-v1a1/mono.m3u8
2026-07-20 19:00:57,580 [INFO] Capturing response: https://hlshd.korcanturkmen418.workers.dev/https://corestream.corestreamvip.mom//trtspor/tracks-v1a1/mono.m3u8 403 
2026-07-20 19:01:00,084 [INFO]   ✅ M3U8 bulundu: https://hlshd.korcanturkmen418.workers.dev/https://corestream.corestreamvip.mom//trtspor/tracks-v1a1/mono.m3u8
2026-07-20 19:01:01,084 [INFO] 
[13/14]
2026-07-20 19:01:01,084 [INFO] 🔍 Tivibu Spor 3 → https://atomsportv510.top/matches?id=tivibu-spor-3
2026-07-20 19:01:01,194 [INFO] Capturing request: https://atomsportv510.top/assets/js/clappr.js
2026-07-20 19:01:01,194 [INFO] Capturing request: https://atomsportv510.top/matches?id=tivibu-spor-3
2026-07-20 19:01:01,211 [INFO] Capturing response: https://atomsportv510.top/assets/js/clappr.js 200 
2026-07-20 19:01:01,243 [INFO] Capturing response: https://atomsportv510.top/matches?id=tivibu-spor-3 200 
2026-07-20 19:01:01,402 [INFO] Capturing request: https://teletv5.top/load/yayinlink.php?id=tivibu-spor-3
2026-07-20 19:01:01,404 [INFO] Capturing request: https://atomsportv510.top/favicon.ico
2026-07-20 19:01:01,437 [INFO] Capturing response: https://atomsportv510.top/favicon.ico 200 
2026-07-20 19:01:01,560 [INFO] Capturing request: https://streamsport365.com/cinema
2026-07-20 19:01:01,625 [INFO] Capturing response: https://teletv5.top/load/yayinlink.php?id=tivibu-spor-3 200 
2026-07-20 19:01:01,922 [INFO] Capturing response: https://streamsport365.com/cinema 200 
2026-07-20 19:01:02,042 [INFO] Capturing request: https://hlshd.korcanturkmen418.workers.dev/https://corestream.corestreamvip.mom//trtspor/tracks-v1a1/mono.m3u8
2026-07-20 19:01:02,056 [INFO] Capturing response: https://hlshd.korcanturkmen418.workers.dev/https://corestream.corestreamvip.mom//trtspor/tracks-v1a1/mono.m3u8 403 
2026-07-20 19:01:04,314 [INFO]   ✅ M3U8 bulundu: https://hlshd.korcanturkmen418.workers.dev/https://corestream.corestreamvip.mom//trtspor/tracks-v1a1/mono.m3u8
2026-07-20 19:01:05,314 [INFO] 
[14/14]
2026-07-20 19:01:05,314 [INFO] 🔍 Tivibu Spor 4 → https://atomsportv510.top/matches?id=tivibu-spor-4
2026-07-20 19:01:05,424 [INFO] Capturing request: https://atomsportv510.top/assets/js/clappr.js
2026-07-20 19:01:05,425 [INFO] Capturing request: https://atomsportv510.top/matches?id=tivibu-spor-4
2026-07-20 19:01:05,440 [INFO] Capturing response: https://atomsportv510.top/assets/js/clappr.js 200 
2026-07-20 19:01:05,474 [INFO] Capturing response: https://atomsportv510.top/matches?id=tivibu-spor-4 200 
2026-07-20 19:01:05,509 [INFO] Capturing request: https://streamsport365.com/cinema
2026-07-20 19:01:05,608 [INFO] Capturing request: https://teletv5.top/load/yayinlink.php?id=tivibu-spor-4
2026-07-20 19:01:05,614 [INFO] Capturing request: https://atomsportv510.top/favicon.ico
2026-07-20 19:01:05,650 [INFO] Capturing response: https://atomsportv510.top/favicon.ico 200 
2026-07-20 19:01:05,837 [INFO] Capturing response: https://teletv5.top/load/yayinlink.php?id=tivibu-spor-4 200 
2026-07-20 19:01:05,884 [INFO] Capturing response: https://streamsport365.com/cinema 200 
2026-07-20 19:01:09,135 [INFO] Capturing request: https://update.googleapis.com/service/update2/json?cup2key=16:3II-qk145jIbwPa_kcFyGswTuDLZYz5WRar5CcGRAZI&cup2hreq=cad904759e6c54b5c3e811cb07441a4fafc8fd2e01cfcfb206bd3f4c83526ab1
2026-07-20 19:01:09,163 [INFO] Capturing response: https://update.googleapis.com/service/update2/json?cup2key=16:3II-qk145jIbwPa_kcFyGswTuDLZYz5WRar5CcGRAZI&cup2hreq=cad904759e6c54b5c3e811cb07441a4fafc8fd2e01cfcfb206bd3f4c83526ab1 200 
2026-07-20 19:01:09,169 [INFO] Capturing request: http://edgedl.me.gvt1.com/edgedl/diffgen-puffin/gcmjkmgdlgnkkcocmoeiminaijmmjnii/df2a22d5ecc7788c3330ebd5f856b41531c74f412a01ed7453d11284708009fe
2026-07-20 19:01:09,180 [INFO] Capturing response: http://edgedl.me.gvt1.com/edgedl/diffgen-puffin/gcmjkmgdlgnkkcocmoeiminaijmmjnii/df2a22d5ecc7788c3330ebd5f856b41531c74f412a01ed7453d11284708009fe 200 OK
2026-07-20 19:01:09,207 [INFO] Capturing request: https://update.googleapis.com/service/update2/json
2026-07-20 19:01:09,232 [INFO] Capturing response: https://update.googleapis.com/service/update2/json 200 
2026-07-20 19:01:09,277 [INFO] Capturing request: http://edgedl.me.gvt1.com/edgedl/release2/chrome_component/leme36r6lkojfaa6nobfnzjrwm_10659/hfnkpimlhhgieaddgfemjhofmfblmnib_10659_all_fzc66lac4aokrbkeyttqabbwzy.crx3
2026-07-20 19:01:09,292 [INFO] Capturing response: http://edgedl.me.gvt1.com/edgedl/release2/chrome_component/leme36r6lkojfaa6nobfnzjrwm_10659/hfnkpimlhhgieaddgfemjhofmfblmnib_10659_all_fzc66lac4aokrbkeyttqabbwzy.crx3 200 OK
2026-07-20 19:01:09,326 [INFO] Capturing request: https://update.googleapis.com/service/update2/json
2026-07-20 19:01:09,351 [INFO] Capturing response: https://update.googleapis.com/service/update2/json 200 
2026-07-20 19:01:33,373 [INFO] Capturing request: https://android.clients.google.com/c2dm/register3
2026-07-20 19:01:33,434 [INFO] Capturing response: https://android.clients.google.com/c2dm/register3 301 
2026-07-20 19:01:38,812 [WARNING]   ❌ Tivibu Spor 4 için M3U8 bulunamadı
2026-07-20 19:01:39,879 [INFO] ✅ 13 kanal bulundu, playlist.m3u kaydedildi
