2026-06-13 18:15:14,080 [INFO] 🌐 BASE_URL: https://atomsportv506.top
2026-06-13 18:15:15,424 [INFO] Başlanıyor... 14 kanal taranacak
2026-06-13 18:15:15,424 [INFO] Using default request storage
2026-06-13 18:15:15,429 [INFO] Created proxy listening on 127.0.0.1:36509
2026-06-13 18:15:16,084 [INFO] Capturing request: http://clients2.google.com/time/1/current?cup2key=10:UXAERbHJ-swoENG_49IOg_WW7jOP0i44IdcbVxT3bws&cup2hreq=e3b0c44298fc1c149afbf4c8996fb92427ae41e4649b934ca495991b7852b855
2026-06-13 18:15:16,124 [INFO] Capturing response: http://clients2.google.com/time/1/current?cup2key=10:UXAERbHJ-swoENG_49IOg_WW7jOP0i44IdcbVxT3bws&cup2hreq=e3b0c44298fc1c149afbf4c8996fb92427ae41e4649b934ca495991b7852b855 200 OK
2026-06-13 18:15:16,220 [INFO] 
[1/14]
2026-06-13 18:15:16,220 [INFO] 🔍 beIN Sports 1 → https://atomsportv506.top/matches?id=bein-sports-1
2026-06-13 18:15:16,296 [INFO] Capturing request: https://accounts.google.com/ListAccounts?gpsia=1&source=ChromiumBrowser&json=standard&laf=b64bin
2026-06-13 18:15:16,389 [INFO] Capturing request: https://atomsportv506.top/matches?id=bein-sports-1
2026-06-13 18:15:16,427 [INFO] Capturing response: https://accounts.google.com/ListAccounts?gpsia=1&source=ChromiumBrowser&json=standard&laf=b64bin 200 
2026-06-13 18:15:16,485 [INFO] Capturing response: https://atomsportv506.top/matches?id=bein-sports-1 200 
2026-06-13 18:15:16,637 [INFO] Capturing request: https://atomsportv506.top/assets/js/clappr.js
2026-06-13 18:15:16,677 [INFO] Capturing response: https://atomsportv506.top/assets/js/clappr.js 200 
2026-06-13 18:15:16,685 [INFO] Capturing request: https://cdnjs.cloudflare.com/ajax/libs/jquery/3.2.1/jquery.min.js
2026-06-13 18:15:16,698 [INFO] Capturing response: https://cdnjs.cloudflare.com/ajax/libs/jquery/3.2.1/jquery.min.js 200 
2026-06-13 18:15:16,704 [INFO] Capturing request: https://cdn.jsdelivr.net/npm/@clappr/player@latest/dist/clappr.min.js
2026-06-13 18:15:16,732 [INFO] Capturing request: https://www.google.com/async/folae?async=_fmt:pb&udm=50&client_locale=en-US
2026-06-13 18:15:16,736 [INFO] Capturing response: https://cdn.jsdelivr.net/npm/@clappr/player@latest/dist/clappr.min.js 200 
2026-06-13 18:15:16,771 [INFO] Capturing response: https://www.google.com/async/folae?async=_fmt:pb&udm=50&client_locale=en-US 200 
2026-06-13 18:15:16,895 [INFO] Capturing request: https://static.cloudflareinsights.com/beacon.min.js/v833ccba57c9e4d2798f2e76cebdd09a11778172276447
2026-06-13 18:15:16,916 [INFO] Capturing response: https://static.cloudflareinsights.com/beacon.min.js/v833ccba57c9e4d2798f2e76cebdd09a11778172276447 200 
2026-06-13 18:15:16,976 [INFO] Capturing request: https://atomsportv506.top/cdn-cgi/rum?
2026-06-13 18:15:17,081 [INFO] Capturing request: https://atomsportv506.top/favicon.ico
2026-06-13 18:15:17,126 [INFO] Capturing response: https://atomsportv506.top/cdn-cgi/rum? 204 
2026-06-13 18:15:17,134 [INFO] Capturing request: https://teletv5.top/load/yayinlink.php?id=bein-sports-1
2026-06-13 18:15:17,146 [INFO] Capturing response: https://atomsportv506.top/favicon.ico 200 
2026-06-13 18:15:17,544 [INFO] Capturing response: https://teletv5.top/load/yayinlink.php?id=bein-sports-1 200 
2026-06-13 18:15:17,681 [INFO] Capturing request: https://streamsport365.com/cinema
2026-06-13 18:15:18,045 [INFO] Capturing response: https://streamsport365.com/cinema 200 
2026-06-13 18:15:18,175 [INFO] Capturing request: https://atomsportv506.top/assets/img/player_logo_6880e4e4c52ee.png
2026-06-13 18:15:18,212 [INFO] Capturing response: https://atomsportv506.top/assets/img/player_logo_6880e4e4c52ee.png 200 
2026-06-13 18:15:18,251 [INFO] Capturing request: https://hlssssssssssssssssss.yedeklinksa35.workers.dev/https://corestream.ronaldovurdu.help//aspor/tracks-v1a1/mono.m3u8
2026-06-13 18:15:18,527 [INFO] Capturing response: https://hlssssssssssssssssss.yedeklinksa35.workers.dev/https://corestream.ronaldovurdu.help//aspor/tracks-v1a1/mono.m3u8 200 
2026-06-13 18:15:18,734 [INFO] Capturing request: https://ts.yedeklinksa35.workers.dev/aspor/tracks-v1a1/2026/06/13/18/14/51-06000.avif
2026-06-13 18:15:19,021 [INFO] Capturing request: https://android.clients.google.com/checkin
2026-06-13 18:15:19,127 [INFO] Capturing response: https://android.clients.google.com/checkin 200 
2026-06-13 18:15:19,178 [INFO] Capturing request: https://android.clients.google.com/c2dm/register3
2026-06-13 18:15:19,182 [INFO] Capturing request: https://android.clients.google.com/c2dm/register3
2026-06-13 18:15:19,184 [INFO] Capturing request: https://android.clients.google.com/c2dm/register3
2026-06-13 18:15:19,238 [INFO] Capturing response: https://android.clients.google.com/c2dm/register3 301 
2026-06-13 18:15:19,840 [INFO] Capturing response: https://android.clients.google.com/c2dm/register3 200 
2026-06-13 18:15:19,903 [INFO] Capturing response: https://android.clients.google.com/c2dm/register3 200 
2026-06-13 18:15:20,001 [INFO]   ✅ M3U8 bulundu: https://hlssssssssssssssssss.yedeklinksa35.workers.dev/https://corestream.ronaldovurdu.help//aspor/tracks-v1a1/mono.m3u8
2026-06-13 18:15:20,565 [INFO] Capturing response: https://ts.yedeklinksa35.workers.dev/aspor/tracks-v1a1/2026/06/13/18/14/51-06000.avif 200 
2026-06-13 18:15:20,841 [INFO] Capturing request: https://ts.yedeklinksa35.workers.dev/aspor/tracks-v1a1/2026/06/13/18/14/57-06000.avif
2026-06-13 18:15:21,001 [INFO] 
[2/14]
2026-06-13 18:15:21,001 [INFO] 🔍 beIN Sports 2 → https://atomsportv506.top/matches?id=bein-sports-2
2026-06-13 18:15:21,113 [INFO] Capturing request: https://atomsportv506.top/matches?id=bein-sports-2
2026-06-13 18:15:21,155 [INFO] Capturing response: https://atomsportv506.top/matches?id=bein-sports-2 200 
2026-06-13 18:15:21,168 [INFO] Capturing request: https://atomsportv506.top/cdn-cgi/rum?
2026-06-13 18:15:21,213 [INFO] Capturing request: https://streamsport365.com/cinema
2026-06-13 18:15:21,219 [INFO] Capturing request: https://atomsportv506.top/cdn-cgi/rum?
2026-06-13 18:15:21,314 [INFO] Capturing request: https://teletv5.top/load/yayinlink.php?id=bein-sports-2
2026-06-13 18:15:21,321 [INFO] Capturing request: https://atomsportv506.top/favicon.ico
2026-06-13 18:15:21,324 [INFO] Capturing response: https://atomsportv506.top/cdn-cgi/rum? 204 
2026-06-13 18:15:21,357 [INFO] Capturing response: https://atomsportv506.top/favicon.ico 200 
2026-06-13 18:15:21,368 [INFO] Capturing response: https://atomsportv506.top/cdn-cgi/rum? 204 
2026-06-13 18:15:21,582 [INFO] Capturing response: https://streamsport365.com/cinema 200 
2026-06-13 18:15:22,027 [INFO] Capturing response: https://teletv5.top/load/yayinlink.php?id=bein-sports-2 200 
2026-06-13 18:15:22,150 [INFO] Capturing request: https://hlssssssssssssssssss.yedeklinksa35.workers.dev/https://corestream.ronaldovurdu.help//bein2/tracks-v1a1/mono.m3u8
2026-06-13 18:15:22,338 [INFO] Capturing response: https://hlssssssssssssssssss.yedeklinksa35.workers.dev/https://corestream.ronaldovurdu.help//bein2/tracks-v1a1/mono.m3u8 200 
2026-06-13 18:15:22,448 [INFO] Capturing request: https://ts.yedeklinksa35.workers.dev/bein2/tracks-v1a1/2026/06/13/18/15/17-09800.avif
2026-06-13 18:15:22,831 [INFO] Capturing response: https://ts.yedeklinksa35.workers.dev/bein2/tracks-v1a1/2026/06/13/18/15/17-09800.avif 200 
2026-06-13 18:15:23,050 [INFO] Capturing request: https://ts.yedeklinksa35.workers.dev/bein2/tracks-v1a1/2026/06/13/18/15/26-12320.avif
2026-06-13 18:15:23,620 [INFO] Capturing response: https://ts.yedeklinksa35.workers.dev/bein2/tracks-v1a1/2026/06/13/18/15/26-12320.avif 200 
2026-06-13 18:15:23,899 [INFO] Capturing request: https://ts.yedeklinksa35.workers.dev/bein2/tracks-v1a1/2026/06/13/18/15/39-13240.avif
2026-06-13 18:15:24,239 [INFO]   ✅ M3U8 bulundu: https://hlssssssssssssssssss.yedeklinksa35.workers.dev/https://corestream.ronaldovurdu.help//bein2/tracks-v1a1/mono.m3u8
2026-06-13 18:15:24,490 [INFO] Capturing response: https://ts.yedeklinksa35.workers.dev/bein2/tracks-v1a1/2026/06/13/18/15/39-13240.avif 200 
2026-06-13 18:15:25,218 [INFO] Capturing response: https://ts.yedeklinksa35.workers.dev/aspor/tracks-v1a1/2026/06/13/18/14/57-06000.avif 200 
2026-06-13 18:15:25,241 [INFO] 
[3/14]
2026-06-13 18:15:25,241 [INFO] 🔍 beIN Sports 3 → https://atomsportv506.top/matches?id=bein-sports-3
2026-06-13 18:15:25,378 [INFO] Capturing request: https://atomsportv506.top/matches?id=bein-sports-3
2026-06-13 18:15:25,380 [INFO] Capturing request: https://atomsportv506.top/assets/js/clappr.js
2026-06-13 18:15:25,446 [INFO] Capturing request: https://ts.yedeklinksa35.workers.dev/bein2/tracks-v1a1/2026/06/13/18/15/52-10000.avif
2026-06-13 18:15:25,479 [INFO] Capturing response: https://atomsportv506.top/assets/js/clappr.js 200 
2026-06-13 18:15:26,686 [INFO] Capturing response: https://atomsportv506.top/matches?id=bein-sports-3 200 
2026-06-13 18:15:26,698 [INFO] Capturing request: https://atomsportv506.top/cdn-cgi/rum?
2026-06-13 18:15:26,727 [INFO] Capturing request: https://atomsportv506.top/cdn-cgi/rum?
2026-06-13 18:15:26,808 [INFO] Capturing response: https://atomsportv506.top/cdn-cgi/rum? 204 
2026-06-13 18:15:26,827 [INFO] Capturing request: https://teletv5.top/load/yayinlink.php?id=bein-sports-3
2026-06-13 18:15:26,828 [INFO] Capturing request: https://atomsportv506.top/favicon.ico
2026-06-13 18:15:26,866 [INFO] Capturing response: https://atomsportv506.top/favicon.ico 200 
2026-06-13 18:15:26,877 [INFO] Capturing response: https://atomsportv506.top/cdn-cgi/rum? 204 
2026-06-13 18:15:26,985 [INFO] Capturing request: https://streamsport365.com/cinema
2026-06-13 18:15:27,037 [INFO] Capturing response: https://teletv5.top/load/yayinlink.php?id=bein-sports-3 200 
2026-06-13 18:15:27,360 [INFO] Capturing response: https://streamsport365.com/cinema 200 
2026-06-13 18:15:27,462 [INFO] Capturing response: https://ts.yedeklinksa35.workers.dev/bein2/tracks-v1a1/2026/06/13/18/15/52-10000.avif 200 
2026-06-13 18:15:40,328 [INFO] Capturing request: https://android.clients.google.com/c2dm/register3
2026-06-13 18:15:40,377 [INFO] Capturing response: https://android.clients.google.com/c2dm/register3 301 
2026-06-13 18:16:00,056 [WARNING]   ❌ beIN Sports 3 için M3U8 bulunamadı
2026-06-13 18:16:01,057 [INFO] 
[4/14]
2026-06-13 18:16:01,057 [INFO] 🔍 beIN Sports 4 → https://atomsportv506.top/matches?id=bein-sports-4
2026-06-13 18:16:01,167 [INFO] Capturing request: https://atomsportv506.top/assets/js/clappr.js
2026-06-13 18:16:01,169 [INFO] Capturing request: https://atomsportv506.top/matches?id=bein-sports-4
2026-06-13 18:16:01,184 [INFO] Capturing response: https://atomsportv506.top/assets/js/clappr.js 200 
2026-06-13 18:16:01,825 [INFO] Capturing response: https://atomsportv506.top/matches?id=bein-sports-4 200 
2026-06-13 18:16:01,836 [INFO] Capturing request: https://atomsportv506.top/cdn-cgi/rum?
2026-06-13 18:16:01,866 [INFO] Capturing request: https://atomsportv506.top/cdn-cgi/rum?
2026-06-13 18:16:01,944 [INFO] Capturing response: https://atomsportv506.top/cdn-cgi/rum? 204 
2026-06-13 18:16:01,964 [INFO] Capturing request: https://teletv5.top/load/yayinlink.php?id=bein-sports-4
2026-06-13 18:16:01,968 [INFO] Capturing request: https://atomsportv506.top/favicon.ico
2026-06-13 18:16:02,007 [INFO] Capturing response: https://atomsportv506.top/favicon.ico 200 
2026-06-13 18:16:02,016 [INFO] Capturing response: https://atomsportv506.top/cdn-cgi/rum? 204 
2026-06-13 18:16:02,121 [INFO] Capturing request: https://streamsport365.com/cinema
2026-06-13 18:16:02,182 [INFO] Capturing response: https://teletv5.top/load/yayinlink.php?id=bein-sports-4 200 
2026-06-13 18:16:02,492 [INFO] Capturing response: https://streamsport365.com/cinema 200 
2026-06-13 18:16:16,156 [INFO] Capturing request: https://update.googleapis.com/service/update2/json?cup2key=16:MjRgd9wfPObqXKBlPK2G-WFWxHXZN9SbrUCwF2M9DfU&cup2hreq=a2b303d1574f6c2a3568a95a506b34e42bb5533af29144d9a910899cf6c5b04f
2026-06-13 18:16:16,188 [INFO] Capturing response: https://update.googleapis.com/service/update2/json?cup2key=16:MjRgd9wfPObqXKBlPK2G-WFWxHXZN9SbrUCwF2M9DfU&cup2hreq=a2b303d1574f6c2a3568a95a506b34e42bb5533af29144d9a910899cf6c5b04f 200 
2026-06-13 18:16:31,136 [INFO] Capturing request: https://android.clients.google.com/c2dm/register3
2026-06-13 18:16:31,187 [INFO] Capturing response: https://android.clients.google.com/c2dm/register3 301 
2026-06-13 18:16:35,146 [WARNING]   ❌ beIN Sports 4 için M3U8 bulunamadı
2026-06-13 18:16:36,146 [INFO] 
[5/14]
2026-06-13 18:16:36,146 [INFO] 🔍 beIN Sports 5 → https://atomsportv506.top/matches?id=bein-sports-5
2026-06-13 18:16:36,257 [INFO] Capturing request: https://atomsportv506.top/assets/js/clappr.js
2026-06-13 18:16:36,258 [INFO] Capturing request: https://atomsportv506.top/matches?id=bein-sports-5
2026-06-13 18:16:36,275 [INFO] Capturing response: https://atomsportv506.top/assets/js/clappr.js 200 
2026-06-13 18:16:36,611 [INFO] Capturing response: https://atomsportv506.top/matches?id=bein-sports-5 200 
2026-06-13 18:16:36,621 [INFO] Capturing request: https://atomsportv506.top/cdn-cgi/rum?
2026-06-13 18:16:36,655 [INFO] Capturing request: https://atomsportv506.top/cdn-cgi/rum?
2026-06-13 18:16:36,729 [INFO] Capturing response: https://atomsportv506.top/cdn-cgi/rum? 204 
2026-06-13 18:16:36,755 [INFO] Capturing request: https://teletv5.top/load/yayinlink.php?id=bein-sports-5
2026-06-13 18:16:36,756 [INFO] Capturing request: https://atomsportv506.top/favicon.ico
2026-06-13 18:16:36,793 [INFO] Capturing response: https://atomsportv506.top/favicon.ico 200 
2026-06-13 18:16:36,804 [INFO] Capturing response: https://atomsportv506.top/cdn-cgi/rum? 204 
2026-06-13 18:16:36,912 [INFO] Capturing request: https://streamsport365.com/cinema
2026-06-13 18:16:37,286 [INFO] Capturing response: https://streamsport365.com/cinema 200 
2026-06-13 18:16:38,859 [INFO] Capturing response: https://teletv5.top/load/yayinlink.php?id=bein-sports-5 200 
2026-06-13 18:17:09,933 [WARNING]   ❌ beIN Sports 5 için M3U8 bulunamadı
2026-06-13 18:17:10,933 [INFO] 
[6/14]
2026-06-13 18:17:10,933 [INFO] 🔍 beIN Sports Max 1 → https://atomsportv506.top/matches?id=bein-sports-max-1
2026-06-13 18:17:11,041 [INFO] Capturing request: https://atomsportv506.top/assets/js/clappr.js
2026-06-13 18:17:11,043 [INFO] Capturing request: https://atomsportv506.top/matches?id=bein-sports-max-1
2026-06-13 18:17:11,059 [INFO] Capturing response: https://atomsportv506.top/assets/js/clappr.js 200 
2026-06-13 18:17:11,374 [INFO] Capturing response: https://atomsportv506.top/matches?id=bein-sports-max-1 200 
2026-06-13 18:17:11,385 [INFO] Capturing request: https://atomsportv506.top/cdn-cgi/rum?
2026-06-13 18:17:11,419 [INFO] Capturing request: https://atomsportv506.top/cdn-cgi/rum?
2026-06-13 18:17:11,493 [INFO] Capturing response: https://atomsportv506.top/cdn-cgi/rum? 204 
2026-06-13 18:17:11,512 [INFO] Capturing request: https://teletv5.top/load/yayinlink.php?id=bein-sports-max-1
2026-06-13 18:17:11,521 [INFO] Capturing request: https://atomsportv506.top/favicon.ico
2026-06-13 18:17:11,570 [INFO] Capturing response: https://atomsportv506.top/cdn-cgi/rum? 204 
2026-06-13 18:17:11,571 [INFO] Capturing response: https://atomsportv506.top/favicon.ico 200 
2026-06-13 18:17:11,677 [INFO] Capturing request: https://streamsport365.com/cinema
2026-06-13 18:17:11,719 [INFO] Capturing response: https://teletv5.top/load/yayinlink.php?id=bein-sports-max-1 200 
2026-06-13 18:17:12,042 [INFO] Capturing response: https://streamsport365.com/cinema 200 
2026-06-13 18:17:44,696 [WARNING]   ❌ beIN Sports Max 1 için M3U8 bulunamadı
2026-06-13 18:17:45,696 [INFO] 
[7/14]
2026-06-13 18:17:45,696 [INFO] 🔍 beIN Sports Max 2 → https://atomsportv506.top/matches?id=bein-sports-max-2
2026-06-13 18:17:45,805 [INFO] Capturing request: https://atomsportv506.top/assets/js/clappr.js
2026-06-13 18:17:45,807 [INFO] Capturing request: https://atomsportv506.top/matches?id=bein-sports-max-2
2026-06-13 18:17:45,824 [INFO] Capturing response: https://atomsportv506.top/assets/js/clappr.js 200 
2026-06-13 18:17:46,148 [INFO] Capturing response: https://atomsportv506.top/matches?id=bein-sports-max-2 200 
2026-06-13 18:17:46,158 [INFO] Capturing request: https://atomsportv506.top/cdn-cgi/rum?
2026-06-13 18:17:46,191 [INFO] Capturing request: https://atomsportv506.top/cdn-cgi/rum?
2026-06-13 18:17:46,293 [INFO] Capturing request: https://teletv5.top/load/yayinlink.php?id=bein-sports-max-2
2026-06-13 18:17:46,294 [INFO] Capturing request: https://atomsportv506.top/favicon.ico
2026-06-13 18:17:46,299 [INFO] Capturing response: https://atomsportv506.top/cdn-cgi/rum? 204 
2026-06-13 18:17:46,301 [INFO] Capturing response: https://atomsportv506.top/cdn-cgi/rum? 204 
2026-06-13 18:17:46,334 [INFO] Capturing response: https://atomsportv506.top/favicon.ico 200 
2026-06-13 18:17:46,449 [INFO] Capturing request: https://streamsport365.com/cinema
2026-06-13 18:17:46,502 [INFO] Capturing response: https://teletv5.top/load/yayinlink.php?id=bein-sports-max-2 200 
2026-06-13 18:17:46,821 [INFO] Capturing response: https://streamsport365.com/cinema 200 
2026-06-13 18:17:54,187 [INFO] Capturing request: https://android.clients.google.com/c2dm/register3
2026-06-13 18:17:54,237 [INFO] Capturing response: https://android.clients.google.com/c2dm/register3 301 
2026-06-13 18:18:19,468 [WARNING]   ❌ beIN Sports Max 2 için M3U8 bulunamadı
2026-06-13 18:18:20,469 [INFO] 
[8/14]
2026-06-13 18:18:20,469 [INFO] 🔍 S Sport → https://atomsportv506.top/matches?id=s-sport
2026-06-13 18:18:20,578 [INFO] Capturing request: https://atomsportv506.top/assets/js/clappr.js
2026-06-13 18:18:20,580 [INFO] Capturing request: https://atomsportv506.top/matches?id=s-sport
2026-06-13 18:18:20,595 [INFO] Capturing response: https://atomsportv506.top/assets/js/clappr.js 200 
2026-06-13 18:18:20,906 [INFO] Capturing response: https://atomsportv506.top/matches?id=s-sport 200 
2026-06-13 18:18:20,916 [INFO] Capturing request: https://atomsportv506.top/cdn-cgi/rum?
2026-06-13 18:18:20,943 [INFO] Capturing request: https://atomsportv506.top/cdn-cgi/rum?
2026-06-13 18:18:21,024 [INFO] Capturing response: https://atomsportv506.top/cdn-cgi/rum? 204 
2026-06-13 18:18:21,043 [INFO] Capturing request: https://teletv5.top/load/yayinlink.php?id=s-sport
2026-06-13 18:18:21,047 [INFO] Capturing request: https://atomsportv506.top/favicon.ico
2026-06-13 18:18:21,085 [INFO] Capturing response: https://atomsportv506.top/favicon.ico 200 
2026-06-13 18:18:21,094 [INFO] Capturing response: https://atomsportv506.top/cdn-cgi/rum? 204 
2026-06-13 18:18:21,203 [INFO] Capturing request: https://streamsport365.com/cinema
2026-06-13 18:18:21,254 [INFO] Capturing response: https://teletv5.top/load/yayinlink.php?id=s-sport 200 
2026-06-13 18:18:21,569 [INFO] Capturing response: https://streamsport365.com/cinema 200 
2026-06-13 18:18:21,687 [INFO] Capturing request: https://atomsportv506.top/assets/img/player_logo_6880e4e4c52ee.png
2026-06-13 18:18:21,690 [INFO] Capturing request: https://hlssssssssssssssssss.yedeklinksa35.workers.dev/https://corestream.ronaldovurdu.help//s-sportt/tracks-v1a1/mono.m3u8
2026-06-13 18:18:21,718 [INFO] Capturing response: https://atomsportv506.top/assets/img/player_logo_6880e4e4c52ee.png 200 
2026-06-13 18:18:21,913 [INFO] Capturing response: https://hlssssssssssssssssss.yedeklinksa35.workers.dev/https://corestream.ronaldovurdu.help//s-sportt/tracks-v1a1/mono.m3u8 200 
2026-06-13 18:18:22,024 [INFO] Capturing request: https://ts.yedeklinksa35.workers.dev/s-sportt/tracks-v1a1/2026/06/13/18/18/23-06000.avif
2026-06-13 18:18:22,624 [INFO] Capturing response: https://ts.yedeklinksa35.workers.dev/s-sportt/tracks-v1a1/2026/06/13/18/18/23-06000.avif 200 
2026-06-13 18:18:23,034 [INFO] Capturing request: https://ts.yedeklinksa35.workers.dev/s-sportt/tracks-v1a1/2026/06/13/18/18/23-06000.avif
2026-06-13 18:18:23,449 [INFO] Capturing response: https://ts.yedeklinksa35.workers.dev/s-sportt/tracks-v1a1/2026/06/13/18/18/23-06000.avif 200 
2026-06-13 18:18:23,852 [INFO] Capturing request: https://ts.yedeklinksa35.workers.dev/s-sportt/tracks-v1a1/2026/06/13/18/18/23-06000.avif
2026-06-13 18:18:23,984 [INFO]   ✅ M3U8 bulundu: https://hlssssssssssssssssss.yedeklinksa35.workers.dev/https://corestream.ronaldovurdu.help//s-sportt/tracks-v1a1/mono.m3u8
2026-06-13 18:18:24,263 [INFO] Capturing response: https://ts.yedeklinksa35.workers.dev/s-sportt/tracks-v1a1/2026/06/13/18/18/23-06000.avif 200 
2026-06-13 18:18:24,984 [INFO] 
[9/14]
2026-06-13 18:18:24,984 [INFO] 🔍 S Sport 2 → https://atomsportv506.top/matches?id=s-sport-2
2026-06-13 18:18:25,095 [INFO] Capturing request: https://atomsportv506.top/assets/js/clappr.js
2026-06-13 18:18:25,097 [INFO] Capturing request: https://atomsportv506.top/matches?id=s-sport-2
2026-06-13 18:18:25,111 [INFO] Capturing response: https://atomsportv506.top/assets/js/clappr.js 200 
2026-06-13 18:18:25,140 [INFO] Capturing response: https://atomsportv506.top/matches?id=s-sport-2 200 
2026-06-13 18:18:25,149 [INFO] Capturing request: https://atomsportv506.top/cdn-cgi/rum?
2026-06-13 18:18:25,183 [INFO] Capturing request: https://atomsportv506.top/cdn-cgi/rum?
2026-06-13 18:18:25,185 [INFO] Capturing request: https://streamsport365.com/cinema
2026-06-13 18:18:25,284 [INFO] Capturing request: https://teletv5.top/load/yayinlink.php?id=s-sport-2
2026-06-13 18:18:25,285 [INFO] Capturing request: https://atomsportv506.top/favicon.ico
2026-06-13 18:18:25,291 [INFO] Capturing response: https://atomsportv506.top/cdn-cgi/rum? 204 
2026-06-13 18:18:25,293 [INFO] Capturing response: https://atomsportv506.top/cdn-cgi/rum? 204 
2026-06-13 18:18:25,323 [INFO] Capturing response: https://atomsportv506.top/favicon.ico 200 
2026-06-13 18:18:25,564 [INFO] Capturing response: https://streamsport365.com/cinema 200 
2026-06-13 18:18:26,129 [INFO] Capturing response: https://teletv5.top/load/yayinlink.php?id=s-sport-2 200 
2026-06-13 18:18:26,288 [INFO] Capturing request: https://hlssssssssssssssssss.yedeklinksa35.workers.dev/https://corestream.ronaldovurdu.help//s-sport2/tracks-v1a1/mono.m3u8
2026-06-13 18:18:26,473 [INFO] Capturing response: https://hlssssssssssssssssss.yedeklinksa35.workers.dev/https://corestream.ronaldovurdu.help//s-sport2/tracks-v1a1/mono.m3u8 200 
2026-06-13 18:18:26,621 [INFO] Capturing request: https://ts.yedeklinksa35.workers.dev/s-sport2/tracks-v1a1/2026/06/13/18/18/16-06000.avif
2026-06-13 18:18:26,945 [INFO] Capturing response: https://ts.yedeklinksa35.workers.dev/s-sport2/tracks-v1a1/2026/06/13/18/18/16-06000.avif 200 
2026-06-13 18:18:27,174 [INFO] Capturing request: https://ts.yedeklinksa35.workers.dev/s-sport2/tracks-v1a1/2026/06/13/18/18/22-06000.avif
2026-06-13 18:18:27,830 [INFO] Capturing response: https://ts.yedeklinksa35.workers.dev/s-sport2/tracks-v1a1/2026/06/13/18/18/22-06000.avif 200 
2026-06-13 18:18:28,061 [INFO] Capturing request: https://ts.yedeklinksa35.workers.dev/s-sport2/tracks-v1a1/2026/06/13/18/18/28-06000.avif
2026-06-13 18:18:28,203 [INFO]   ✅ M3U8 bulundu: https://hlssssssssssssssssss.yedeklinksa35.workers.dev/https://corestream.ronaldovurdu.help//s-sport2/tracks-v1a1/mono.m3u8
2026-06-13 18:18:28,605 [INFO] Capturing response: https://ts.yedeklinksa35.workers.dev/s-sport2/tracks-v1a1/2026/06/13/18/18/28-06000.avif 200 
2026-06-13 18:18:29,204 [INFO] 
[10/14]
2026-06-13 18:18:29,204 [INFO] 🔍 A Spor → https://atomsportv506.top/matches?id=a-spor
2026-06-13 18:18:29,313 [INFO] Capturing request: https://atomsportv506.top/assets/js/clappr.js
2026-06-13 18:18:29,316 [INFO] Capturing request: https://atomsportv506.top/matches?id=a-spor
2026-06-13 18:18:29,330 [INFO] Capturing response: https://atomsportv506.top/assets/js/clappr.js 200 
2026-06-13 18:18:29,372 [INFO] Capturing response: https://atomsportv506.top/matches?id=a-spor 200 
2026-06-13 18:18:29,382 [INFO] Capturing request: https://atomsportv506.top/cdn-cgi/rum?
2026-06-13 18:18:29,417 [INFO] Capturing request: https://atomsportv506.top/cdn-cgi/rum?
2026-06-13 18:18:29,512 [INFO] Capturing request: https://teletv5.top/load/yayinlink.php?id=a-spor
2026-06-13 18:18:29,520 [INFO] Capturing request: https://atomsportv506.top/favicon.ico
2026-06-13 18:18:29,525 [INFO] Capturing response: https://atomsportv506.top/cdn-cgi/rum? 204 
2026-06-13 18:18:29,527 [INFO] Capturing response: https://atomsportv506.top/cdn-cgi/rum? 204 
2026-06-13 18:18:29,554 [INFO] Capturing response: https://atomsportv506.top/favicon.ico 200 
2026-06-13 18:18:29,680 [INFO] Capturing request: https://streamsport365.com/cinema
2026-06-13 18:18:29,716 [INFO] Capturing response: https://teletv5.top/load/yayinlink.php?id=a-spor 200 
2026-06-13 18:18:30,054 [INFO] Capturing response: https://streamsport365.com/cinema 200 
2026-06-13 18:18:30,174 [INFO] Capturing request: https://hlssssssssssssssssss.yedeklinksa35.workers.dev/https://corestream.ronaldovurdu.help//aspor/tracks-v1a1/mono.m3u8
2026-06-13 18:18:30,355 [INFO] Capturing response: https://hlssssssssssssssssss.yedeklinksa35.workers.dev/https://corestream.ronaldovurdu.help//aspor/tracks-v1a1/mono.m3u8 200 
2026-06-13 18:18:30,465 [INFO] Capturing request: https://ts.yedeklinksa35.workers.dev/aspor/tracks-v1a1/2026/06/13/18/18/03-06000.avif
2026-06-13 18:18:30,918 [INFO] Capturing response: https://ts.yedeklinksa35.workers.dev/aspor/tracks-v1a1/2026/06/13/18/18/03-06000.avif 200 
2026-06-13 18:18:31,184 [INFO] Capturing request: https://ts.yedeklinksa35.workers.dev/aspor/tracks-v1a1/2026/06/13/18/18/09-06000.avif
2026-06-13 18:18:31,697 [INFO] Capturing response: https://ts.yedeklinksa35.workers.dev/aspor/tracks-v1a1/2026/06/13/18/18/09-06000.avif 200 
2026-06-13 18:18:31,956 [INFO] Capturing request: https://ts.yedeklinksa35.workers.dev/aspor/tracks-v1a1/2026/06/13/18/18/15-06000.avif
2026-06-13 18:18:32,459 [INFO]   ✅ M3U8 bulundu: https://hlssssssssssssssssss.yedeklinksa35.workers.dev/https://corestream.ronaldovurdu.help//aspor/tracks-v1a1/mono.m3u8
2026-06-13 18:18:32,460 [INFO] Capturing response: https://ts.yedeklinksa35.workers.dev/aspor/tracks-v1a1/2026/06/13/18/18/15-06000.avif 200 
2026-06-13 18:18:33,459 [INFO] 
[11/14]
2026-06-13 18:18:33,459 [INFO] 🔍 Tivibu Spor 1 → https://atomsportv506.top/matches?id=tivibu-spor-1
2026-06-13 18:18:33,570 [INFO] Capturing request: https://atomsportv506.top/assets/js/clappr.js
2026-06-13 18:18:33,572 [INFO] Capturing request: https://atomsportv506.top/matches?id=tivibu-spor-1
2026-06-13 18:18:33,585 [INFO] Capturing response: https://atomsportv506.top/assets/js/clappr.js 200 
2026-06-13 18:18:33,626 [INFO] Capturing response: https://atomsportv506.top/matches?id=tivibu-spor-1 200 
2026-06-13 18:18:33,634 [INFO] Capturing request: https://atomsportv506.top/cdn-cgi/rum?
2026-06-13 18:18:33,660 [INFO] Capturing request: https://streamsport365.com/cinema
2026-06-13 18:18:33,665 [INFO] Capturing request: https://atomsportv506.top/cdn-cgi/rum?
2026-06-13 18:18:33,759 [INFO] Capturing request: https://teletv5.top/load/yayinlink.php?id=tivibu-spor-1
2026-06-13 18:18:33,767 [INFO] Capturing request: https://atomsportv506.top/favicon.ico
2026-06-13 18:18:33,773 [INFO] Capturing response: https://atomsportv506.top/cdn-cgi/rum? 204 
2026-06-13 18:18:33,775 [INFO] Capturing response: https://atomsportv506.top/cdn-cgi/rum? 204 
2026-06-13 18:18:33,800 [INFO] Capturing response: https://atomsportv506.top/favicon.ico 200 
2026-06-13 18:18:33,970 [INFO] Capturing response: https://teletv5.top/load/yayinlink.php?id=tivibu-spor-1 200 
2026-06-13 18:18:34,042 [INFO] Capturing response: https://streamsport365.com/cinema 200 
2026-06-13 18:19:06,943 [WARNING]   ❌ Tivibu Spor 1 için M3U8 bulunamadı
2026-06-13 18:19:07,943 [INFO] 
[12/14]
2026-06-13 18:19:07,944 [INFO] 🔍 Tivibu Spor 2 → https://atomsportv506.top/matches?id=tivibu-spor-2
2026-06-13 18:19:08,053 [INFO] Capturing request: https://atomsportv506.top/assets/js/clappr.js
2026-06-13 18:19:08,055 [INFO] Capturing request: https://atomsportv506.top/matches?id=tivibu-spor-2
2026-06-13 18:19:08,070 [INFO] Capturing response: https://atomsportv506.top/assets/js/clappr.js 200 
2026-06-13 18:19:08,394 [INFO] Capturing response: https://atomsportv506.top/matches?id=tivibu-spor-2 200 
2026-06-13 18:19:08,403 [INFO] Capturing request: https://atomsportv506.top/cdn-cgi/rum?
2026-06-13 18:19:08,434 [INFO] Capturing request: https://atomsportv506.top/cdn-cgi/rum?
2026-06-13 18:19:08,511 [INFO] Capturing response: https://atomsportv506.top/cdn-cgi/rum? 204 
2026-06-13 18:19:08,532 [INFO] Capturing request: https://teletv5.top/load/yayinlink.php?id=tivibu-spor-2
2026-06-13 18:19:08,536 [INFO] Capturing request: https://atomsportv506.top/favicon.ico
2026-06-13 18:19:08,578 [INFO] Capturing response: https://atomsportv506.top/favicon.ico 200 
2026-06-13 18:19:08,583 [INFO] Capturing response: https://atomsportv506.top/cdn-cgi/rum? 204 
2026-06-13 18:19:08,698 [INFO] Capturing request: https://streamsport365.com/cinema
2026-06-13 18:19:09,083 [INFO] Capturing response: https://streamsport365.com/cinema 200 
2026-06-13 18:19:10,334 [INFO] Capturing response: https://teletv5.top/load/yayinlink.php?id=tivibu-spor-2 200 
2026-06-13 18:19:16,433 [INFO] 127.0.0.1:47696: HTTP/2 connection terminated by server: error code: 0, last stream id: 201, additional data: b'session_timed_out'
2026-06-13 18:19:16,771 [INFO] 127.0.0.1:33418: HTTP/2 connection terminated by server: error code: 0, last stream id: 201, additional data: b'session_timed_out'
2026-06-13 18:19:41,710 [WARNING]   ❌ Tivibu Spor 2 için M3U8 bulunamadı
2026-06-13 18:19:42,710 [INFO] 
[13/14]
2026-06-13 18:19:42,710 [INFO] 🔍 Tivibu Spor 3 → https://atomsportv506.top/matches?id=tivibu-spor-3
2026-06-13 18:19:42,820 [INFO] Capturing request: https://atomsportv506.top/assets/js/clappr.js
2026-06-13 18:19:42,821 [INFO] Capturing request: https://atomsportv506.top/matches?id=tivibu-spor-3
2026-06-13 18:19:42,838 [INFO] Capturing response: https://atomsportv506.top/assets/js/clappr.js 200 
2026-06-13 18:19:43,157 [INFO] Capturing response: https://atomsportv506.top/matches?id=tivibu-spor-3 200 
2026-06-13 18:19:43,167 [INFO] Capturing request: https://atomsportv506.top/cdn-cgi/rum?
2026-06-13 18:19:43,201 [INFO] Capturing request: https://atomsportv506.top/cdn-cgi/rum?
2026-06-13 18:19:43,282 [INFO] Capturing response: https://atomsportv506.top/cdn-cgi/rum? 204 
2026-06-13 18:19:43,300 [INFO] Capturing request: https://teletv5.top/load/yayinlink.php?id=tivibu-spor-3
2026-06-13 18:19:43,305 [INFO] Capturing request: https://atomsportv506.top/favicon.ico
2026-06-13 18:19:43,340 [INFO] Capturing response: https://atomsportv506.top/favicon.ico 200 
2026-06-13 18:19:43,351 [INFO] Capturing response: https://atomsportv506.top/cdn-cgi/rum? 204 
2026-06-13 18:19:43,465 [INFO] Capturing request: https://streamsport365.com/cinema
2026-06-13 18:19:43,511 [INFO] Capturing response: https://teletv5.top/load/yayinlink.php?id=tivibu-spor-3 200 
2026-06-13 18:19:43,844 [INFO] Capturing response: https://streamsport365.com/cinema 200 
2026-06-13 18:20:16,187 [INFO] 127.0.0.1:37476: HTTP/2 connection terminated by server: error code: 0, last stream id: 201, additional data: b'session_timed_out'
2026-06-13 18:20:16,480 [WARNING]   ❌ Tivibu Spor 3 için M3U8 bulunamadı
2026-06-13 18:20:17,480 [INFO] 
[14/14]
2026-06-13 18:20:17,481 [INFO] 🔍 Tivibu Spor 4 → https://atomsportv506.top/matches?id=tivibu-spor-4
2026-06-13 18:20:17,592 [INFO] Capturing request: https://atomsportv506.top/assets/js/clappr.js
2026-06-13 18:20:17,596 [INFO] Capturing request: https://atomsportv506.top/matches?id=tivibu-spor-4
2026-06-13 18:20:17,609 [INFO] Capturing response: https://atomsportv506.top/assets/js/clappr.js 200 
2026-06-13 18:20:17,940 [INFO] Capturing response: https://atomsportv506.top/matches?id=tivibu-spor-4 200 
2026-06-13 18:20:17,950 [INFO] Capturing request: https://atomsportv506.top/cdn-cgi/rum?
2026-06-13 18:20:17,979 [INFO] Capturing request: https://atomsportv506.top/cdn-cgi/rum?
2026-06-13 18:20:18,059 [INFO] Capturing response: https://atomsportv506.top/cdn-cgi/rum? 204 
2026-06-13 18:20:18,073 [INFO] Capturing request: https://teletv5.top/load/yayinlink.php?id=tivibu-spor-4
2026-06-13 18:20:18,080 [INFO] Capturing request: https://atomsportv506.top/favicon.ico
2026-06-13 18:20:18,118 [INFO] Capturing response: https://atomsportv506.top/favicon.ico 200 
2026-06-13 18:20:18,129 [INFO] Capturing response: https://atomsportv506.top/cdn-cgi/rum? 204 
2026-06-13 18:20:18,241 [INFO] Capturing request: https://streamsport365.com/cinema
2026-06-13 18:20:18,434 [INFO] Capturing response: https://teletv5.top/load/yayinlink.php?id=tivibu-spor-4 200 
2026-06-13 18:20:18,617 [INFO] Capturing response: https://streamsport365.com/cinema 200 
2026-06-13 18:20:51,255 [WARNING]   ❌ Tivibu Spor 4 için M3U8 bulunamadı
2026-06-13 18:20:52,319 [INFO] ✅ 5 kanal bulundu, playlist.m3u kaydedildi
