2026-05-17 13:26:22,837 [INFO] 🔎 Domain aralığı taranıyor: atomsportv503.top - atomsportv535.top
2026-05-17 13:26:23,750 [INFO]   ✅ Aktif domain bulundu: https://atomsportv503.top
2026-05-17 13:26:23,751 [INFO] 🌐 Kullanılan BASE_URL: https://atomsportv503.top
2026-05-17 13:26:23,752 [INFO] 🔗 Proxy Prefix: https://ronaldo.magnitude.workers.dev/?url=
2026-05-17 13:26:24,800 [INFO] ✅ SeleniumWire aktif
2026-05-17 13:26:24,801 [INFO] =======================================================
2026-05-17 13:26:24,801 [INFO]    M3U8 Scraper
2026-05-17 13:26:24,802 [INFO]    Base URL    : https://atomsportv503.top
2026-05-17 13:26:24,802 [INFO]    Proxy Prefix: https://ronaldo.magnitude.workers.dev/?url=
2026-05-17 13:26:24,802 [INFO]    Toplam      : 13 sayfa
2026-05-17 13:26:24,802 [INFO] =======================================================
2026-05-17 13:26:24,802 [INFO] 🔧 Driver başlatılıyor...
2026-05-17 13:26:25,616 [INFO] ✅ Driver başlatıldı
2026-05-17 13:26:25,616 [INFO] 
[1/13]
2026-05-17 13:26:25,616 [INFO] 
──────────────────────────────────────────────────
2026-05-17 13:26:25,616 [INFO] 🔍 beIN Sports 1 → https://atomsportv503.top/matches?id=bein-sports-1
2026-05-17 13:26:25,616 [INFO] ──────────────────────────────────────────────────
2026-05-17 13:26:57,825 [INFO]   📡 M3U8 bekleniyor (max 8s)...
2026-05-17 13:27:05,879 [INFO]   ❌ beIN Sports 1: M3U8 bulunamadı
2026-05-17 13:27:06,880 [INFO] 
[2/13]
2026-05-17 13:27:06,880 [INFO] 
──────────────────────────────────────────────────
2026-05-17 13:27:06,880 [INFO] 🔍 beIN Sports 2 → https://atomsportv503.top/matches?id=bein-sports-2
2026-05-17 13:27:06,880 [INFO] ──────────────────────────────────────────────────
2026-05-17 13:27:39,154 [INFO]   📡 M3U8 bekleniyor (max 8s)...
2026-05-17 13:27:47,259 [INFO]   ❌ beIN Sports 2: M3U8 bulunamadı
2026-05-17 13:27:48,260 [INFO] 
[3/13]
2026-05-17 13:27:48,261 [INFO] 
──────────────────────────────────────────────────
2026-05-17 13:27:48,261 [INFO] 🔍 beIN Sports 3 → https://atomsportv503.top/matches?id=bein-sports-3
2026-05-17 13:27:48,261 [INFO] ──────────────────────────────────────────────────
2026-05-17 13:28:20,555 [INFO]   📡 M3U8 bekleniyor (max 8s)...
2026-05-17 13:28:28,649 [INFO]   ❌ beIN Sports 3: M3U8 bulunamadı
2026-05-17 13:28:29,649 [INFO] 
[4/13]
2026-05-17 13:28:29,649 [INFO] 
──────────────────────────────────────────────────
2026-05-17 13:28:29,649 [INFO] 🔍 beIN Sports 4 → https://atomsportv503.top/matches?id=bein-sports-4
2026-05-17 13:28:29,649 [INFO] ──────────────────────────────────────────────────
2026-05-17 13:29:01,591 [INFO]   📡 M3U8 bekleniyor (max 8s)...
2026-05-17 13:29:09,697 [INFO]   ❌ beIN Sports 4: M3U8 bulunamadı
2026-05-17 13:29:10,697 [INFO] 
[5/13]
2026-05-17 13:29:10,697 [INFO] 
──────────────────────────────────────────────────
2026-05-17 13:29:10,697 [INFO] 🔍 beIN Sports 5 → https://atomsportv503.top/matches?id=bein-sports-5
2026-05-17 13:29:10,697 [INFO] ──────────────────────────────────────────────────
2026-05-17 13:29:42,628 [INFO]   📡 M3U8 bekleniyor (max 8s)...
2026-05-17 13:29:50,676 [INFO]   ❌ beIN Sports 5: M3U8 bulunamadı
2026-05-17 13:29:51,678 [INFO] 
[6/13]
2026-05-17 13:29:51,678 [INFO] 
──────────────────────────────────────────────────
2026-05-17 13:29:51,678 [INFO] 🔍 beIN Sports Max 1 → https://atomsportv503.top/matches?id=bein-sports-max-1
2026-05-17 13:29:51,678 [INFO] ──────────────────────────────────────────────────
2026-05-17 13:30:23,591 [INFO]   📡 M3U8 bekleniyor (max 8s)...
2026-05-17 13:30:31,608 [INFO]   ❌ beIN Sports Max 1: M3U8 bulunamadı
2026-05-17 13:30:32,609 [INFO] 
[7/13]
2026-05-17 13:30:32,609 [INFO] 
──────────────────────────────────────────────────
2026-05-17 13:30:32,609 [INFO] 🔍 beIN Sports Max 2 → https://atomsportv503.top/matches?id=bein-sports-max-2
2026-05-17 13:30:32,609 [INFO] ──────────────────────────────────────────────────
2026-05-17 13:31:04,501 [INFO]   📡 M3U8 bekleniyor (max 8s)...
2026-05-17 13:31:04,502 [INFO]   🎯 DOĞRU kanal bulundu: https://young-surf-88a9.tersansa.workers.dev/https://corestream.ronaldovurdu.help//hls/bein-sports-max-2.m3u8
2026-05-17 13:31:04,502 [INFO]   ✅ beIN Sports Max 2: https://young-surf-88a9.tersansa.workers.dev/https://corestream.ronaldovurdu.help//hls/bein-sports-max-2.m3u8
2026-05-17 13:31:05,502 [INFO] 
[8/13]
2026-05-17 13:31:05,502 [INFO] 
──────────────────────────────────────────────────
2026-05-17 13:31:05,502 [INFO] 🔍 S Sport → https://atomsportv503.top/matches?id=s-sport
2026-05-17 13:31:05,503 [INFO] ──────────────────────────────────────────────────
2026-05-17 13:31:37,427 [INFO]   📡 M3U8 bekleniyor (max 8s)...
2026-05-17 13:31:37,439 [INFO]   🎯 DOĞRU kanal bulundu: https://young-surf-88a9.tersansa.workers.dev/https://corestream.ronaldovurdu.help//s-sport/tracks-v1a1/mono.m3u8
2026-05-17 13:31:37,439 [INFO]   ✅ S Sport: https://young-surf-88a9.tersansa.workers.dev/https://corestream.ronaldovurdu.help//s-sport/tracks-v1a1/mono.m3u8
2026-05-17 13:31:38,439 [INFO] 
[9/13]
2026-05-17 13:31:38,439 [INFO] 
──────────────────────────────────────────────────
2026-05-17 13:31:38,439 [INFO] 🔍 S Sport 2 → https://atomsportv503.top/matches?id=s-sport-2
2026-05-17 13:31:38,439 [INFO] ──────────────────────────────────────────────────
2026-05-17 13:32:10,433 [INFO]   📡 M3U8 bekleniyor (max 8s)...
2026-05-17 13:32:18,566 [INFO]   ❌ S Sport 2: M3U8 bulunamadı
2026-05-17 13:32:19,569 [INFO] 
[10/13]
2026-05-17 13:32:19,569 [INFO] 
──────────────────────────────────────────────────
2026-05-17 13:32:19,569 [INFO] 🔍 Tivibu Spor 1 → https://atomsportv503.top/matches?id=tivibu-spor-1
2026-05-17 13:32:19,569 [INFO] ──────────────────────────────────────────────────
2026-05-17 13:32:52,059 [INFO]   📡 M3U8 bekleniyor (max 8s)...
2026-05-17 13:33:00,071 [INFO]   ❌ Tivibu Spor 1: M3U8 bulunamadı
2026-05-17 13:33:01,072 [INFO] 
[11/13]
2026-05-17 13:33:01,072 [INFO] 
──────────────────────────────────────────────────
2026-05-17 13:33:01,072 [INFO] 🔍 Tivibu Spor 2 → https://atomsportv503.top/matches?id=tivibu-spor-2
2026-05-17 13:33:01,072 [INFO] ──────────────────────────────────────────────────
2026-05-17 13:33:32,979 [INFO]   📡 M3U8 bekleniyor (max 8s)...
2026-05-17 13:33:40,993 [INFO]   ❌ Tivibu Spor 2: M3U8 bulunamadı
2026-05-17 13:33:41,993 [INFO] 
[12/13]
2026-05-17 13:33:41,993 [INFO] 
──────────────────────────────────────────────────
2026-05-17 13:33:41,993 [INFO] 🔍 Tivibu Spor 3 → https://atomsportv503.top/matches?id=tivibu-spor-3
2026-05-17 13:33:41,993 [INFO] ──────────────────────────────────────────────────
2026-05-17 13:34:13,891 [INFO]   📡 M3U8 bekleniyor (max 8s)...
2026-05-17 13:34:21,903 [INFO]   ❌ Tivibu Spor 3: M3U8 bulunamadı
2026-05-17 13:34:22,904 [INFO] 
[13/13]
2026-05-17 13:34:22,904 [INFO] 
──────────────────────────────────────────────────
2026-05-17 13:34:22,904 [INFO] 🔍 Tivibu Spor 4 → https://atomsportv503.top/matches?id=tivibu-spor-4
2026-05-17 13:34:22,904 [INFO] ──────────────────────────────────────────────────
2026-05-17 13:34:54,791 [INFO]   📡 M3U8 bekleniyor (max 8s)...
2026-05-17 13:35:02,804 [INFO]   ❌ Tivibu Spor 4: M3U8 bulunamadı
2026-05-17 13:35:03,870 [INFO] 🔒 Driver kapatıldı
2026-05-17 13:35:03,870 [INFO] 
=======================================================
2026-05-17 13:35:03,870 [INFO] 🏁 Tamamlandı!
2026-05-17 13:35:03,870 [INFO] 📺 Kanal : 2/13
2026-05-17 13:35:03,870 [INFO] ⏱️  Süre  : 519.1s
2026-05-17 13:35:03,870 [INFO] =======================================================
2026-05-17 13:35:03,870 [INFO] ✅ playlist.m3u kaydedildi (proxy prefix'li)
2026-05-17 13:35:03,870 [INFO] ✅ stats.json kaydedildi
