2026-07-11 09:08:33,557 [INFO] 🌐 BASE_URL: https://atomsportv508.top
2026-07-11 09:08:34,932 [INFO] Başlanıyor... 14 kanal taranacak
2026-07-11 09:08:34,932 [INFO] Using default request storage
2026-07-11 09:08:34,937 [INFO] Created proxy listening on 127.0.0.1:34149
2026-07-11 09:08:35,655 [INFO] Capturing request: http://clients2.google.com/time/1/current?cup2key=10:SdHUSe4W6-EuX336zJx03MsPIMCFcZ39vixBtJtWRHo&cup2hreq=e3b0c44298fc1c149afbf4c8996fb92427ae41e4649b934ca495991b7852b855
2026-07-11 09:08:35,691 [INFO] Capturing response: http://clients2.google.com/time/1/current?cup2key=10:SdHUSe4W6-EuX336zJx03MsPIMCFcZ39vixBtJtWRHo&cup2hreq=e3b0c44298fc1c149afbf4c8996fb92427ae41e4649b934ca495991b7852b855 200 OK
2026-07-11 09:08:35,812 [INFO] 
[1/14]
2026-07-11 09:08:35,813 [INFO] 🔍 beIN Sports 1 → https://atomsportv508.top/matches?id=bein-sports-1
2026-07-11 09:08:35,971 [INFO] Capturing request: https://update.googleapis.com/service/update2/json?cup2key=16:TZVDW4t2Q8fFqzbslwfVqKz4CEatMl3JHONwt7DE6W0&cup2hreq=a736cdaf61b40533b64c2a860eec158e5ff6287cdcba73bfbab7a34f74177c10
2026-07-11 09:08:35,976 [INFO] Capturing request: https://accounts.google.com/ListAccounts?gpsia=1&source=ChromiumBrowser&json=standard&laf=b64bin
2026-07-11 09:08:36,043 [INFO] Capturing response: https://update.googleapis.com/service/update2/json?cup2key=16:TZVDW4t2Q8fFqzbslwfVqKz4CEatMl3JHONwt7DE6W0&cup2hreq=a736cdaf61b40533b64c2a860eec158e5ff6287cdcba73bfbab7a34f74177c10 200 
2026-07-11 09:08:36,068 [INFO] Capturing request: https://atomsportv508.top/matches?id=bein-sports-1
2026-07-11 09:08:36,089 [INFO] Capturing request: https://update.googleapis.com/service/update2/json?cup2key=16:uaJdLTPlxn9CKeXhlVDN-1_sA6gldfu9vOOEO-kmLhY&cup2hreq=5f1035493eeee9aaaeb6e23ad49b17196f42b221ff9959c10d68e663744f4bf2
2026-07-11 09:08:36,111 [INFO] Capturing response: https://accounts.google.com/ListAccounts?gpsia=1&source=ChromiumBrowser&json=standard&laf=b64bin 200 
2026-07-11 09:08:36,117 [INFO] Capturing response: https://update.googleapis.com/service/update2/json?cup2key=16:uaJdLTPlxn9CKeXhlVDN-1_sA6gldfu9vOOEO-kmLhY&cup2hreq=5f1035493eeee9aaaeb6e23ad49b17196f42b221ff9959c10d68e663744f4bf2 200 
2026-07-11 09:08:36,199 [INFO] Capturing response: https://atomsportv508.top/matches?id=bein-sports-1 200 
2026-07-11 09:08:36,352 [INFO] Capturing request: https://atomsportv508.top/assets/js/clappr.js
2026-07-11 09:08:36,398 [INFO] Capturing response: https://atomsportv508.top/assets/js/clappr.js 200 
2026-07-11 09:08:36,405 [INFO] Capturing request: https://cdn.jsdelivr.net/npm/@clappr/player@latest/dist/clappr.min.js
2026-07-11 09:08:36,409 [INFO] Capturing request: https://cdnjs.cloudflare.com/ajax/libs/jquery/3.2.1/jquery.min.js
2026-07-11 09:08:36,432 [INFO] Capturing response: https://cdn.jsdelivr.net/npm/@clappr/player@latest/dist/clappr.min.js 200 
2026-07-11 09:08:36,432 [INFO] Capturing request: https://www.google.com/async/folae?async=_fmt:pb&udm=50&client_locale=en-US&client_country=ZZ
2026-07-11 09:08:36,439 [INFO] Capturing response: https://cdnjs.cloudflare.com/ajax/libs/jquery/3.2.1/jquery.min.js 200 
2026-07-11 09:08:36,470 [INFO] Capturing response: https://www.google.com/async/folae?async=_fmt:pb&udm=50&client_locale=en-US&client_country=ZZ 200 
2026-07-11 09:08:36,643 [INFO] Capturing request: https://static.cloudflareinsights.com/beacon.min.js/v4513226cdae34746b4dedf0b4dfa099e1781791509496
2026-07-11 09:08:36,678 [INFO] Capturing response: https://static.cloudflareinsights.com/beacon.min.js/v4513226cdae34746b4dedf0b4dfa099e1781791509496 200 
2026-07-11 09:08:36,741 [INFO] Capturing request: https://atomsportv508.top/cdn-cgi/rum?
2026-07-11 09:08:36,846 [INFO] Capturing request: https://atomsportv508.top/favicon.ico
2026-07-11 09:08:36,853 [INFO] Capturing response: https://atomsportv508.top/cdn-cgi/rum? 204 
2026-07-11 09:08:36,905 [INFO] Capturing response: https://atomsportv508.top/favicon.ico 200 
2026-07-11 09:08:36,914 [INFO] Capturing request: https://teletv5.top/load/yayinlink.php?id=bein-sports-1
2026-07-11 09:08:37,344 [INFO] Capturing response: https://teletv5.top/load/yayinlink.php?id=bein-sports-1 200 
2026-07-11 09:08:37,487 [INFO] Capturing request: https://streamsport365.com/cinema
2026-07-11 09:08:37,849 [INFO] Capturing response: https://streamsport365.com/cinema 200 
2026-07-11 09:08:37,982 [INFO] Capturing request: https://atomsportv508.top/assets/img/player_logo_6880e4e4c52ee.png
2026-07-11 09:08:38,034 [INFO] Capturing response: https://atomsportv508.top/assets/img/player_logo_6880e4e4c52ee.png 200 
2026-07-11 09:08:38,043 [INFO] Capturing request: https://hlssssss-wildflower-4845.ugurdurmus9402.workers.dev/https://corestream.taylandakanzi.help//trtspor/tracks-v1a1/mono.m3u8
2026-07-11 09:08:38,579 [INFO] Capturing request: https://android.clients.google.com/checkin
2026-07-11 09:08:38,691 [INFO] Capturing response: https://android.clients.google.com/checkin 200 
2026-07-11 09:08:38,743 [INFO] Capturing request: https://android.clients.google.com/c2dm/register3
2026-07-11 09:08:38,746 [INFO] Capturing request: https://android.clients.google.com/c2dm/register3
2026-07-11 09:08:38,747 [INFO] Capturing request: https://android.clients.google.com/c2dm/register3
2026-07-11 09:08:38,756 [INFO] Capturing response: https://hlssssss-wildflower-4845.ugurdurmus9402.workers.dev/https://corestream.taylandakanzi.help//trtspor/tracks-v1a1/mono.m3u8 200 
2026-07-11 09:08:38,800 [INFO] Capturing response: https://android.clients.google.com/c2dm/register3 301 
2026-07-11 09:08:38,974 [INFO] Capturing request: https://ts.taylandakanzi.help/trtspor/tracks-v1a1/2026/07/11/09/07/58-10000.avif
2026-07-11 09:08:39,508 [INFO] Capturing response: https://ts.taylandakanzi.help/trtspor/tracks-v1a1/2026/07/11/09/07/58-10000.avif 200 
2026-07-11 09:08:39,534 [INFO] Capturing response: https://android.clients.google.com/c2dm/register3 200 
2026-07-11 09:08:39,544 [INFO] Capturing response: https://android.clients.google.com/c2dm/register3 200 
2026-07-11 09:08:39,772 [INFO]   ✅ M3U8 bulundu: https://hlssssss-wildflower-4845.ugurdurmus9402.workers.dev/https://corestream.taylandakanzi.help//trtspor/tracks-v1a1/mono.m3u8
2026-07-11 09:08:39,807 [INFO] Capturing request: https://ts.taylandakanzi.help/trtspor/tracks-v1a1/2026/07/11/09/08/08-10000.avif
2026-07-11 09:08:40,303 [INFO] Capturing response: https://ts.taylandakanzi.help/trtspor/tracks-v1a1/2026/07/11/09/08/08-10000.avif 200 
2026-07-11 09:08:40,597 [INFO] Capturing request: https://ts.taylandakanzi.help/trtspor/tracks-v1a1/2026/07/11/09/08/18-10000.avif
2026-07-11 09:08:40,773 [INFO] 
[2/14]
2026-07-11 09:08:40,774 [INFO] 🔍 beIN Sports 2 → https://atomsportv508.top/matches?id=bein-sports-2
2026-07-11 09:08:40,906 [INFO] Capturing request: https://atomsportv508.top/matches?id=bein-sports-2
2026-07-11 09:08:40,963 [INFO] Capturing response: https://atomsportv508.top/matches?id=bein-sports-2 200 
2026-07-11 09:08:40,986 [INFO] Capturing request: https://atomsportv508.top/cdn-cgi/rum?
2026-07-11 09:08:41,049 [INFO] Capturing request: https://streamsport365.com/cinema
2026-07-11 09:08:41,054 [INFO] Capturing request: https://atomsportv508.top/cdn-cgi/rum?
2026-07-11 09:08:41,144 [INFO] Capturing request: https://teletv5.top/load/yayinlink.php?id=bein-sports-2
2026-07-11 09:08:41,159 [INFO] Capturing response: https://atomsportv508.top/cdn-cgi/rum? 204 
2026-07-11 09:08:41,165 [INFO] Capturing request: https://atomsportv508.top/favicon.ico
2026-07-11 09:08:41,193 [INFO] Capturing response: https://ts.taylandakanzi.help/trtspor/tracks-v1a1/2026/07/11/09/08/18-10000.avif 200 
2026-07-11 09:08:41,200 [INFO] Capturing response: https://atomsportv508.top/favicon.ico 200 
2026-07-11 09:08:41,211 [INFO] Capturing response: https://atomsportv508.top/cdn-cgi/rum? 204 
2026-07-11 09:08:41,417 [INFO] Capturing response: https://streamsport365.com/cinema 200 
2026-07-11 09:08:41,541 [INFO] Capturing response: https://teletv5.top/load/yayinlink.php?id=bein-sports-2 200 
2026-07-11 09:08:41,664 [INFO] Capturing request: https://hlssssss-wildflower-4845.ugurdurmus9402.workers.dev/https://corestream.taylandakanzi.help//bein2/tracks-v1a1/mono.m3u8
2026-07-11 09:08:41,850 [INFO] Capturing response: https://hlssssss-wildflower-4845.ugurdurmus9402.workers.dev/https://corestream.taylandakanzi.help//bein2/tracks-v1a1/mono.m3u8 404 
2026-07-11 09:08:44,057 [INFO]   ✅ M3U8 bulundu: https://hlssssss-wildflower-4845.ugurdurmus9402.workers.dev/https://corestream.taylandakanzi.help//bein2/tracks-v1a1/mono.m3u8
2026-07-11 09:08:45,057 [INFO] 
[3/14]
2026-07-11 09:08:45,058 [INFO] 🔍 beIN Sports 3 → https://atomsportv508.top/matches?id=bein-sports-3
2026-07-11 09:08:45,168 [INFO] Capturing request: https://atomsportv508.top/assets/js/clappr.js
2026-07-11 09:08:45,170 [INFO] Capturing request: https://atomsportv508.top/matches?id=bein-sports-3
2026-07-11 09:08:45,186 [INFO] Capturing response: https://atomsportv508.top/assets/js/clappr.js 200 
2026-07-11 09:08:45,220 [INFO] Capturing response: https://atomsportv508.top/matches?id=bein-sports-3 200 
2026-07-11 09:08:45,230 [INFO] Capturing request: https://atomsportv508.top/cdn-cgi/rum?
2026-07-11 09:08:45,262 [INFO] Capturing request: https://atomsportv508.top/cdn-cgi/rum?
2026-07-11 09:08:45,355 [INFO] Capturing request: https://teletv5.top/load/yayinlink.php?id=bein-sports-3
2026-07-11 09:08:45,363 [INFO] Capturing request: https://atomsportv508.top/favicon.ico
2026-07-11 09:08:45,368 [INFO] Capturing response: https://atomsportv508.top/cdn-cgi/rum? 204 
2026-07-11 09:08:45,391 [INFO] Capturing response: https://atomsportv508.top/favicon.ico 200 
2026-07-11 09:08:45,412 [INFO] Capturing response: https://atomsportv508.top/cdn-cgi/rum? 204 
2026-07-11 09:08:45,518 [INFO] Capturing request: https://streamsport365.com/cinema
2026-07-11 09:08:45,568 [INFO] Capturing response: https://teletv5.top/load/yayinlink.php?id=bein-sports-3 200 
2026-07-11 09:08:45,885 [INFO] Capturing response: https://streamsport365.com/cinema 200 
2026-07-11 09:08:46,005 [INFO] Capturing request: https://hlssssss-wildflower-4845.ugurdurmus9402.workers.dev/https://corestream.taylandakanzi.help//trtspor/tracks-v1a1/mono.m3u8
2026-07-11 09:08:46,190 [INFO] Capturing response: https://hlssssss-wildflower-4845.ugurdurmus9402.workers.dev/https://corestream.taylandakanzi.help//trtspor/tracks-v1a1/mono.m3u8 200 
2026-07-11 09:08:46,300 [INFO] Capturing request: https://ts.taylandakanzi.help/trtspor/tracks-v1a1/2026/07/11/09/08/08-10000.avif
2026-07-11 09:08:46,641 [INFO] Capturing response: https://ts.taylandakanzi.help/trtspor/tracks-v1a1/2026/07/11/09/08/08-10000.avif 200 
2026-07-11 09:08:46,936 [INFO] Capturing request: https://ts.taylandakanzi.help/trtspor/tracks-v1a1/2026/07/11/09/08/18-10000.avif
2026-07-11 09:08:47,329 [INFO] Capturing response: https://ts.taylandakanzi.help/trtspor/tracks-v1a1/2026/07/11/09/08/18-10000.avif 200 
2026-07-11 09:08:47,633 [INFO] Capturing request: https://ts.taylandakanzi.help/trtspor/tracks-v1a1/2026/07/11/09/08/28-10000.avif
2026-07-11 09:08:48,236 [INFO] Capturing response: https://ts.taylandakanzi.help/trtspor/tracks-v1a1/2026/07/11/09/08/28-10000.avif 200 
2026-07-11 09:08:48,324 [INFO]   ✅ M3U8 bulundu: https://hlssssss-wildflower-4845.ugurdurmus9402.workers.dev/https://corestream.taylandakanzi.help//trtspor/tracks-v1a1/mono.m3u8
2026-07-11 09:08:49,326 [INFO] 
[4/14]
2026-07-11 09:08:49,326 [INFO] 🔍 beIN Sports 4 → https://atomsportv508.top/matches?id=bein-sports-4
2026-07-11 09:08:49,439 [INFO] Capturing request: https://atomsportv508.top/matches?id=bein-sports-4
2026-07-11 09:08:49,440 [INFO] Capturing request: https://atomsportv508.top/assets/js/clappr.js
2026-07-11 09:08:49,476 [INFO] Capturing response: https://atomsportv508.top/matches?id=bein-sports-4 200 
2026-07-11 09:08:49,493 [INFO] Capturing request: https://atomsportv508.top/cdn-cgi/rum?
2026-07-11 09:08:49,497 [INFO] Capturing response: https://atomsportv508.top/assets/js/clappr.js 200 
2026-07-11 09:08:49,519 [INFO] Capturing request: https://streamsport365.com/cinema
2026-07-11 09:08:49,523 [INFO] Capturing request: https://atomsportv508.top/cdn-cgi/rum?
2026-07-11 09:08:49,619 [INFO] Capturing request: https://teletv5.top/load/yayinlink.php?id=bein-sports-4
2026-07-11 09:08:49,626 [INFO] Capturing request: https://atomsportv508.top/favicon.ico
2026-07-11 09:08:49,629 [INFO] Capturing response: https://atomsportv508.top/cdn-cgi/rum? 204 
2026-07-11 09:08:49,631 [INFO] Capturing response: https://atomsportv508.top/cdn-cgi/rum? 204 
2026-07-11 09:08:49,659 [INFO] Capturing response: https://atomsportv508.top/favicon.ico 200 
2026-07-11 09:08:49,834 [INFO] Capturing response: https://teletv5.top/load/yayinlink.php?id=bein-sports-4 200 
2026-07-11 09:08:49,890 [INFO] Capturing response: https://streamsport365.com/cinema 200 
2026-07-11 09:08:50,011 [INFO] Capturing request: https://hlssssss-wildflower-4845.ugurdurmus9402.workers.dev/https://corestream.taylandakanzi.help//bein2/tracks-v1a1/mono.m3u8
2026-07-11 09:08:50,194 [INFO] Capturing response: https://hlssssss-wildflower-4845.ugurdurmus9402.workers.dev/https://corestream.taylandakanzi.help//bein2/tracks-v1a1/mono.m3u8 404 
2026-07-11 09:08:52,533 [INFO]   ✅ M3U8 bulundu: https://hlssssss-wildflower-4845.ugurdurmus9402.workers.dev/https://corestream.taylandakanzi.help//bein2/tracks-v1a1/mono.m3u8
2026-07-11 09:08:53,533 [INFO] 
[5/14]
2026-07-11 09:08:53,533 [INFO] 🔍 beIN Sports 5 → https://atomsportv508.top/matches?id=bein-sports-5
2026-07-11 09:08:53,642 [INFO] Capturing request: https://atomsportv508.top/matches?id=bein-sports-5
2026-07-11 09:08:53,679 [INFO] Capturing response: https://atomsportv508.top/matches?id=bein-sports-5 200 
2026-07-11 09:08:53,688 [INFO] Capturing request: https://atomsportv508.top/cdn-cgi/rum?
2026-07-11 09:08:53,716 [INFO] Capturing request: https://atomsportv508.top/cdn-cgi/rum?
2026-07-11 09:08:53,816 [INFO] Capturing request: https://teletv5.top/load/yayinlink.php?id=bein-sports-5
2026-07-11 09:08:53,820 [INFO] Capturing request: https://atomsportv508.top/favicon.ico
2026-07-11 09:08:53,825 [INFO] Capturing response: https://atomsportv508.top/cdn-cgi/rum? 204 
2026-07-11 09:08:53,827 [INFO] Capturing response: https://atomsportv508.top/cdn-cgi/rum? 204 
2026-07-11 09:08:53,854 [INFO] Capturing response: https://atomsportv508.top/favicon.ico 200 
2026-07-11 09:08:53,973 [INFO] Capturing request: https://streamsport365.com/cinema
2026-07-11 09:08:54,029 [INFO] Capturing response: https://teletv5.top/load/yayinlink.php?id=bein-sports-5 200 
2026-07-11 09:08:54,335 [INFO] Capturing response: https://streamsport365.com/cinema 200 
2026-07-11 09:08:54,455 [INFO] Capturing request: https://hlssssss-wildflower-4845.ugurdurmus9402.workers.dev/https://corestream.taylandakanzi.help//bein2/tracks-v1a1/mono.m3u8
2026-07-11 09:08:54,638 [INFO] Capturing response: https://hlssssss-wildflower-4845.ugurdurmus9402.workers.dev/https://corestream.taylandakanzi.help//bein2/tracks-v1a1/mono.m3u8 404 
2026-07-11 09:08:56,730 [INFO]   ✅ M3U8 bulundu: https://hlssssss-wildflower-4845.ugurdurmus9402.workers.dev/https://corestream.taylandakanzi.help//bein2/tracks-v1a1/mono.m3u8
2026-07-11 09:08:57,730 [INFO] 
[6/14]
2026-07-11 09:08:57,730 [INFO] 🔍 beIN Sports Max 1 → https://atomsportv508.top/matches?id=bein-sports-max-1
2026-07-11 09:08:57,841 [INFO] Capturing request: https://atomsportv508.top/matches?id=bein-sports-max-1
2026-07-11 09:08:57,842 [INFO] Capturing request: https://atomsportv508.top/assets/js/clappr.js
2026-07-11 09:08:57,883 [INFO] Capturing response: https://atomsportv508.top/matches?id=bein-sports-max-1 200 
2026-07-11 09:08:57,893 [INFO] Capturing request: https://atomsportv508.top/cdn-cgi/rum?
2026-07-11 09:08:57,900 [INFO] Capturing response: https://atomsportv508.top/assets/js/clappr.js 200 
2026-07-11 09:08:57,920 [INFO] Capturing request: https://streamsport365.com/cinema
2026-07-11 09:08:57,926 [INFO] Capturing request: https://atomsportv508.top/cdn-cgi/rum?
2026-07-11 09:08:58,004 [INFO] Capturing response: https://atomsportv508.top/cdn-cgi/rum? 204 
2026-07-11 09:08:58,022 [INFO] Capturing request: https://teletv5.top/load/yayinlink.php?id=bein-sports-max-1
2026-07-11 09:08:58,026 [INFO] Capturing request: https://atomsportv508.top/favicon.ico
2026-07-11 09:08:58,061 [INFO] Capturing response: https://atomsportv508.top/favicon.ico 200 
2026-07-11 09:08:58,074 [INFO] Capturing response: https://atomsportv508.top/cdn-cgi/rum? 204 
2026-07-11 09:08:58,237 [INFO] Capturing response: https://teletv5.top/load/yayinlink.php?id=bein-sports-max-1 200 
2026-07-11 09:08:58,294 [INFO] Capturing response: https://streamsport365.com/cinema 200 
2026-07-11 09:08:58,420 [INFO] Capturing request: https://hlssssss-wildflower-4845.ugurdurmus9402.workers.dev/https://corestream.taylandakanzi.help//trtspor/tracks-v1a1/mono.m3u8
2026-07-11 09:08:58,611 [INFO] Capturing response: https://hlssssss-wildflower-4845.ugurdurmus9402.workers.dev/https://corestream.taylandakanzi.help//trtspor/tracks-v1a1/mono.m3u8 200 
2026-07-11 09:08:58,761 [INFO] Capturing request: https://ts.taylandakanzi.help/trtspor/tracks-v1a1/2026/07/11/09/08/28-10000.avif
2026-07-11 09:08:59,165 [INFO] Capturing response: https://ts.taylandakanzi.help/trtspor/tracks-v1a1/2026/07/11/09/08/28-10000.avif 200 
2026-07-11 09:08:59,474 [INFO] Capturing request: https://ts.taylandakanzi.help/trtspor/tracks-v1a1/2026/07/11/09/08/38-10000.avif
2026-07-11 09:09:00,057 [INFO] Capturing response: https://ts.taylandakanzi.help/trtspor/tracks-v1a1/2026/07/11/09/08/38-10000.avif 200 
2026-07-11 09:09:00,400 [INFO] Capturing request: https://ts.taylandakanzi.help/trtspor/tracks-v1a1/2026/07/11/09/08/48-10000.avif
2026-07-11 09:09:00,953 [INFO]   ✅ M3U8 bulundu: https://hlssssss-wildflower-4845.ugurdurmus9402.workers.dev/https://corestream.taylandakanzi.help//trtspor/tracks-v1a1/mono.m3u8
2026-07-11 09:09:00,986 [INFO] Capturing response: https://ts.taylandakanzi.help/trtspor/tracks-v1a1/2026/07/11/09/08/48-10000.avif 200 
2026-07-11 09:09:01,954 [INFO] 
[7/14]
2026-07-11 09:09:01,955 [INFO] 🔍 beIN Sports Max 2 → https://atomsportv508.top/matches?id=bein-sports-max-2
2026-07-11 09:09:02,068 [INFO] Capturing request: https://atomsportv508.top/matches?id=bein-sports-max-2
2026-07-11 09:09:02,069 [INFO] Capturing request: https://atomsportv508.top/assets/js/clappr.js
2026-07-11 09:09:02,106 [INFO] Capturing response: https://atomsportv508.top/matches?id=bein-sports-max-2 200 
2026-07-11 09:09:02,118 [INFO] Capturing request: https://atomsportv508.top/cdn-cgi/rum?
2026-07-11 09:09:02,121 [INFO] Capturing response: https://atomsportv508.top/assets/js/clappr.js 200 
2026-07-11 09:09:02,145 [INFO] Capturing request: https://atomsportv508.top/cdn-cgi/rum?
2026-07-11 09:09:02,244 [INFO] Capturing request: https://teletv5.top/load/yayinlink.php?id=bein-sports-max-2
2026-07-11 09:09:02,246 [INFO] Capturing request: https://atomsportv508.top/favicon.ico
2026-07-11 09:09:02,252 [INFO] Capturing response: https://atomsportv508.top/cdn-cgi/rum? 204 
2026-07-11 09:09:02,254 [INFO] Capturing response: https://atomsportv508.top/cdn-cgi/rum? 204 
2026-07-11 09:09:02,278 [INFO] Capturing response: https://atomsportv508.top/favicon.ico 200 
2026-07-11 09:09:02,401 [INFO] Capturing request: https://streamsport365.com/cinema
2026-07-11 09:09:02,459 [INFO] Capturing response: https://teletv5.top/load/yayinlink.php?id=bein-sports-max-2 200 
2026-07-11 09:09:02,772 [INFO] Capturing response: https://streamsport365.com/cinema 200 
2026-07-11 09:09:02,892 [INFO] Capturing request: https://hlssssss-wildflower-4845.ugurdurmus9402.workers.dev/https://corestream.taylandakanzi.help//trtspor/tracks-v1a1/mono.m3u8
2026-07-11 09:09:03,069 [INFO] Capturing response: https://hlssssss-wildflower-4845.ugurdurmus9402.workers.dev/https://corestream.taylandakanzi.help//trtspor/tracks-v1a1/mono.m3u8 200 
2026-07-11 09:09:03,179 [INFO] Capturing request: https://ts.taylandakanzi.help/trtspor/tracks-v1a1/2026/07/11/09/08/28-10000.avif
2026-07-11 09:09:03,501 [INFO] Capturing response: https://ts.taylandakanzi.help/trtspor/tracks-v1a1/2026/07/11/09/08/28-10000.avif 200 
2026-07-11 09:09:03,804 [INFO] Capturing request: https://ts.taylandakanzi.help/trtspor/tracks-v1a1/2026/07/11/09/08/38-10000.avif
2026-07-11 09:09:04,273 [INFO] Capturing response: https://ts.taylandakanzi.help/trtspor/tracks-v1a1/2026/07/11/09/08/38-10000.avif 200 
2026-07-11 09:09:04,609 [INFO] Capturing request: https://ts.taylandakanzi.help/trtspor/tracks-v1a1/2026/07/11/09/08/48-10000.avif
2026-07-11 09:09:05,106 [INFO] Capturing response: https://ts.taylandakanzi.help/trtspor/tracks-v1a1/2026/07/11/09/08/48-10000.avif 200 
2026-07-11 09:09:05,182 [INFO]   ✅ M3U8 bulundu: https://hlssssss-wildflower-4845.ugurdurmus9402.workers.dev/https://corestream.taylandakanzi.help//trtspor/tracks-v1a1/mono.m3u8
2026-07-11 09:09:06,069 [INFO] Capturing request: https://android.clients.google.com/c2dm/register3
2026-07-11 09:09:06,124 [INFO] Capturing response: https://android.clients.google.com/c2dm/register3 301 
2026-07-11 09:09:06,184 [INFO] 
[8/14]
2026-07-11 09:09:06,184 [INFO] 🔍 S Sport → https://atomsportv508.top/matches?id=s-sport
2026-07-11 09:09:06,295 [INFO] Capturing request: https://atomsportv508.top/matches?id=s-sport
2026-07-11 09:09:06,933 [INFO] Capturing response: https://atomsportv508.top/matches?id=s-sport 200 
2026-07-11 09:09:06,942 [INFO] Capturing request: https://atomsportv508.top/cdn-cgi/rum?
2026-07-11 09:09:06,967 [INFO] Capturing request: https://streamsport365.com/cinema
2026-07-11 09:09:06,978 [INFO] Capturing request: https://atomsportv508.top/cdn-cgi/rum?
2026-07-11 09:09:07,051 [INFO] Capturing response: https://atomsportv508.top/cdn-cgi/rum? 204 
2026-07-11 09:09:07,076 [INFO] Capturing request: https://teletv5.top/load/yayinlink.php?id=s-sport
2026-07-11 09:09:07,079 [INFO] Capturing request: https://atomsportv508.top/favicon.ico
2026-07-11 09:09:07,108 [INFO] Capturing response: https://atomsportv508.top/favicon.ico 200 
2026-07-11 09:09:07,128 [INFO] Capturing response: https://atomsportv508.top/cdn-cgi/rum? 204 
2026-07-11 09:09:07,294 [INFO] Capturing response: https://teletv5.top/load/yayinlink.php?id=s-sport 200 
2026-07-11 09:09:07,338 [INFO] Capturing response: https://streamsport365.com/cinema 200 
2026-07-11 09:09:07,459 [INFO] Capturing request: https://hlssssss-wildflower-4845.ugurdurmus9402.workers.dev/https://corestream.taylandakanzi.help//s-sportt/tracks-v1a1/mono.m3u8
2026-07-11 09:09:07,638 [INFO] Capturing response: https://hlssssss-wildflower-4845.ugurdurmus9402.workers.dev/https://corestream.taylandakanzi.help//s-sportt/tracks-v1a1/mono.m3u8 404 
2026-07-11 09:09:09,989 [INFO]   ✅ M3U8 bulundu: https://hlssssss-wildflower-4845.ugurdurmus9402.workers.dev/https://corestream.taylandakanzi.help//s-sportt/tracks-v1a1/mono.m3u8
2026-07-11 09:09:10,989 [INFO] 
[9/14]
2026-07-11 09:09:10,989 [INFO] 🔍 S Sport 2 → https://atomsportv508.top/matches?id=s-sport-2
2026-07-11 09:09:11,098 [INFO] Capturing request: https://atomsportv508.top/matches?id=s-sport-2
2026-07-11 09:09:11,139 [INFO] Capturing response: https://atomsportv508.top/matches?id=s-sport-2 200 
2026-07-11 09:09:11,148 [INFO] Capturing request: https://atomsportv508.top/cdn-cgi/rum?
2026-07-11 09:09:11,177 [INFO] Capturing request: https://atomsportv508.top/cdn-cgi/rum?
2026-07-11 09:09:11,271 [INFO] Capturing request: https://teletv5.top/load/yayinlink.php?id=s-sport-2
2026-07-11 09:09:11,277 [INFO] Capturing request: https://atomsportv508.top/favicon.ico
2026-07-11 09:09:11,284 [INFO] Capturing response: https://atomsportv508.top/cdn-cgi/rum? 204 
2026-07-11 09:09:11,286 [INFO] Capturing response: https://atomsportv508.top/cdn-cgi/rum? 204 
2026-07-11 09:09:11,310 [INFO] Capturing response: https://atomsportv508.top/favicon.ico 200 
2026-07-11 09:09:11,437 [INFO] Capturing request: https://streamsport365.com/cinema
2026-07-11 09:09:11,485 [INFO] Capturing response: https://teletv5.top/load/yayinlink.php?id=s-sport-2 200 
2026-07-11 09:09:11,800 [INFO] Capturing response: https://streamsport365.com/cinema 200 
2026-07-11 09:09:11,920 [INFO] Capturing request: https://hlssssss-wildflower-4845.ugurdurmus9402.workers.dev/https://corestream.taylandakanzi.help//s-sport2/tracks-v1a1/mono.m3u8
2026-07-11 09:09:12,105 [INFO] Capturing response: https://hlssssss-wildflower-4845.ugurdurmus9402.workers.dev/https://corestream.taylandakanzi.help//s-sport2/tracks-v1a1/mono.m3u8 404 
2026-07-11 09:09:14,191 [INFO]   ✅ M3U8 bulundu: https://hlssssss-wildflower-4845.ugurdurmus9402.workers.dev/https://corestream.taylandakanzi.help//s-sport2/tracks-v1a1/mono.m3u8
2026-07-11 09:09:15,191 [INFO] 
[10/14]
2026-07-11 09:09:15,191 [INFO] 🔍 A Spor → https://atomsportv508.top/matches?id=a-spor
2026-07-11 09:09:15,299 [INFO] Capturing request: https://atomsportv508.top/matches?id=a-spor
2026-07-11 09:09:15,334 [INFO] Capturing response: https://atomsportv508.top/matches?id=a-spor 200 
2026-07-11 09:09:15,343 [INFO] Capturing request: https://atomsportv508.top/cdn-cgi/rum?
2026-07-11 09:09:15,369 [INFO] Capturing request: https://streamsport365.com/cinema
2026-07-11 09:09:15,375 [INFO] Capturing request: https://atomsportv508.top/cdn-cgi/rum?
2026-07-11 09:09:15,470 [INFO] Capturing request: https://teletv5.top/load/yayinlink.php?id=a-spor
2026-07-11 09:09:15,476 [INFO] Capturing request: https://atomsportv508.top/favicon.ico
2026-07-11 09:09:15,482 [INFO] Capturing response: https://atomsportv508.top/cdn-cgi/rum? 204 
2026-07-11 09:09:15,484 [INFO] Capturing response: https://atomsportv508.top/cdn-cgi/rum? 204 
2026-07-11 09:09:15,511 [INFO] Capturing response: https://atomsportv508.top/favicon.ico 200 
2026-07-11 09:09:15,686 [INFO] Capturing response: https://teletv5.top/load/yayinlink.php?id=a-spor 200 
2026-07-11 09:09:15,739 [INFO] Capturing response: https://streamsport365.com/cinema 200 
2026-07-11 09:09:15,858 [INFO] Capturing request: https://hlssssss-wildflower-4845.ugurdurmus9402.workers.dev/https://corestream.taylandakanzi.help//aspor/tracks-v1a1/mono.m3u8
2026-07-11 09:09:16,036 [INFO] Capturing response: https://hlssssss-wildflower-4845.ugurdurmus9402.workers.dev/https://corestream.taylandakanzi.help//aspor/tracks-v1a1/mono.m3u8 404 
2026-07-11 09:09:18,388 [INFO]   ✅ M3U8 bulundu: https://hlssssss-wildflower-4845.ugurdurmus9402.workers.dev/https://corestream.taylandakanzi.help//aspor/tracks-v1a1/mono.m3u8
2026-07-11 09:09:19,388 [INFO] 
[11/14]
2026-07-11 09:09:19,388 [INFO] 🔍 Tivibu Spor 1 → https://atomsportv508.top/matches?id=tivibu-spor-1
2026-07-11 09:09:19,496 [INFO] Capturing request: https://atomsportv508.top/matches?id=tivibu-spor-1
2026-07-11 09:09:19,529 [INFO] Capturing response: https://atomsportv508.top/matches?id=tivibu-spor-1 200 
2026-07-11 09:09:19,537 [INFO] Capturing request: https://atomsportv508.top/cdn-cgi/rum?
2026-07-11 09:09:19,565 [INFO] Capturing request: https://atomsportv508.top/cdn-cgi/rum?
2026-07-11 09:09:19,665 [INFO] Capturing request: https://teletv5.top/load/yayinlink.php?id=tivibu-spor-1
2026-07-11 09:09:19,666 [INFO] Capturing request: https://atomsportv508.top/favicon.ico
2026-07-11 09:09:19,672 [INFO] Capturing response: https://atomsportv508.top/cdn-cgi/rum? 204 
2026-07-11 09:09:19,673 [INFO] Capturing response: https://atomsportv508.top/cdn-cgi/rum? 204 
2026-07-11 09:09:19,702 [INFO] Capturing response: https://atomsportv508.top/favicon.ico 200 
2026-07-11 09:09:19,820 [INFO] Capturing request: https://streamsport365.com/cinema
2026-07-11 09:09:19,881 [INFO] Capturing response: https://teletv5.top/load/yayinlink.php?id=tivibu-spor-1 200 
2026-07-11 09:09:20,186 [INFO] Capturing response: https://streamsport365.com/cinema 200 
2026-07-11 09:09:20,306 [INFO] Capturing request: https://hlssssss-wildflower-4845.ugurdurmus9402.workers.dev/https://corestream.taylandakanzi.help//trtspor/tracks-v1a1/mono.m3u8
2026-07-11 09:09:20,490 [INFO] Capturing response: https://hlssssss-wildflower-4845.ugurdurmus9402.workers.dev/https://corestream.taylandakanzi.help//trtspor/tracks-v1a1/mono.m3u8 200 
2026-07-11 09:09:20,600 [INFO] Capturing request: https://ts.taylandakanzi.help/trtspor/tracks-v1a1/2026/07/11/09/08/48-10000.avif
2026-07-11 09:09:21,037 [INFO] Capturing response: https://ts.taylandakanzi.help/trtspor/tracks-v1a1/2026/07/11/09/08/48-10000.avif 200 
2026-07-11 09:09:21,364 [INFO] Capturing request: https://ts.taylandakanzi.help/trtspor/tracks-v1a1/2026/07/11/09/08/58-10000.avif
2026-07-11 09:09:22,445 [INFO] Capturing response: https://ts.taylandakanzi.help/trtspor/tracks-v1a1/2026/07/11/09/08/58-10000.avif 200 
2026-07-11 09:09:22,597 [INFO]   ✅ M3U8 bulundu: https://hlssssss-wildflower-4845.ugurdurmus9402.workers.dev/https://corestream.taylandakanzi.help//trtspor/tracks-v1a1/mono.m3u8
2026-07-11 09:09:22,805 [INFO] Capturing request: https://ts.taylandakanzi.help/trtspor/tracks-v1a1/2026/07/11/09/09/08-10000.avif
2026-07-11 09:09:23,597 [INFO] 
[12/14]
2026-07-11 09:09:23,598 [INFO] 🔍 Tivibu Spor 2 → https://atomsportv508.top/matches?id=tivibu-spor-2
2026-07-11 09:09:23,708 [INFO] Capturing request: https://atomsportv508.top/matches?id=tivibu-spor-2
2026-07-11 09:09:23,748 [INFO] Capturing response: https://atomsportv508.top/matches?id=tivibu-spor-2 200 
2026-07-11 09:09:23,760 [INFO] Capturing request: https://atomsportv508.top/cdn-cgi/rum?
2026-07-11 09:09:23,786 [INFO] Capturing request: https://streamsport365.com/cinema
2026-07-11 09:09:23,792 [INFO] Capturing request: https://atomsportv508.top/cdn-cgi/rum?
2026-07-11 09:09:23,893 [INFO] Capturing request: https://teletv5.top/load/yayinlink.php?id=tivibu-spor-2
2026-07-11 09:09:23,895 [INFO] Capturing request: https://atomsportv508.top/favicon.ico
2026-07-11 09:09:23,901 [INFO] Capturing response: https://atomsportv508.top/cdn-cgi/rum? 204 
2026-07-11 09:09:23,903 [INFO] Capturing response: https://atomsportv508.top/cdn-cgi/rum? 204 
2026-07-11 09:09:23,928 [INFO] Capturing response: https://atomsportv508.top/favicon.ico 200 
2026-07-11 09:09:24,109 [INFO] Capturing response: https://teletv5.top/load/yayinlink.php?id=tivibu-spor-2 200 
2026-07-11 09:09:24,157 [INFO] Capturing response: https://streamsport365.com/cinema 200 
2026-07-11 09:09:24,280 [INFO] Capturing request: https://hlssssss-wildflower-4845.ugurdurmus9402.workers.dev/https://corestream.taylandakanzi.help//trtspor/tracks-v1a1/mono.m3u8
2026-07-11 09:09:24,471 [INFO] Capturing response: https://hlssssss-wildflower-4845.ugurdurmus9402.workers.dev/https://corestream.taylandakanzi.help//trtspor/tracks-v1a1/mono.m3u8 200 
2026-07-11 09:09:24,590 [INFO] Capturing response: https://ts.taylandakanzi.help/trtspor/tracks-v1a1/2026/07/11/09/09/08-10000.avif 200 
2026-07-11 09:09:24,629 [INFO] Capturing request: https://ts.taylandakanzi.help/trtspor/tracks-v1a1/2026/07/11/09/08/48-10000.avif
2026-07-11 09:09:25,119 [INFO] Capturing response: https://ts.taylandakanzi.help/trtspor/tracks-v1a1/2026/07/11/09/08/48-10000.avif 200 
2026-07-11 09:09:25,441 [INFO] Capturing request: https://ts.taylandakanzi.help/trtspor/tracks-v1a1/2026/07/11/09/08/58-10000.avif
2026-07-11 09:09:25,933 [INFO] Capturing response: https://ts.taylandakanzi.help/trtspor/tracks-v1a1/2026/07/11/09/08/58-10000.avif 200 
2026-07-11 09:09:26,274 [INFO] Capturing request: https://ts.taylandakanzi.help/trtspor/tracks-v1a1/2026/07/11/09/09/08-10000.avif
2026-07-11 09:09:26,799 [INFO] Capturing response: https://ts.taylandakanzi.help/trtspor/tracks-v1a1/2026/07/11/09/09/08-10000.avif 200 
2026-07-11 09:09:26,823 [INFO]   ✅ M3U8 bulundu: https://hlssssss-wildflower-4845.ugurdurmus9402.workers.dev/https://corestream.taylandakanzi.help//trtspor/tracks-v1a1/mono.m3u8
2026-07-11 09:09:27,824 [INFO] 
[13/14]
2026-07-11 09:09:27,824 [INFO] 🔍 Tivibu Spor 3 → https://atomsportv508.top/matches?id=tivibu-spor-3
2026-07-11 09:09:27,937 [INFO] Capturing request: https://atomsportv508.top/matches?id=tivibu-spor-3
2026-07-11 09:09:27,980 [INFO] Capturing response: https://atomsportv508.top/matches?id=tivibu-spor-3 200 
2026-07-11 09:09:27,990 [INFO] Capturing request: https://atomsportv508.top/cdn-cgi/rum?
2026-07-11 09:09:28,017 [INFO] Capturing request: https://atomsportv508.top/cdn-cgi/rum?
2026-07-11 09:09:28,114 [INFO] Capturing request: https://teletv5.top/load/yayinlink.php?id=tivibu-spor-3
2026-07-11 09:09:28,120 [INFO] Capturing request: https://atomsportv508.top/favicon.ico
2026-07-11 09:09:28,126 [INFO] Capturing response: https://atomsportv508.top/cdn-cgi/rum? 204 
2026-07-11 09:09:28,129 [INFO] Capturing response: https://atomsportv508.top/cdn-cgi/rum? 204 
2026-07-11 09:09:28,153 [INFO] Capturing response: https://atomsportv508.top/favicon.ico 200 
2026-07-11 09:09:28,271 [INFO] Capturing request: https://streamsport365.com/cinema
2026-07-11 09:09:28,329 [INFO] Capturing response: https://teletv5.top/load/yayinlink.php?id=tivibu-spor-3 200 
2026-07-11 09:09:28,638 [INFO] Capturing response: https://streamsport365.com/cinema 200 
2026-07-11 09:09:28,758 [INFO] Capturing request: https://hlssssss-wildflower-4845.ugurdurmus9402.workers.dev/https://corestream.taylandakanzi.help//trtspor/tracks-v1a1/mono.m3u8
2026-07-11 09:09:28,937 [INFO] Capturing response: https://hlssssss-wildflower-4845.ugurdurmus9402.workers.dev/https://corestream.taylandakanzi.help//trtspor/tracks-v1a1/mono.m3u8 200 
2026-07-11 09:09:29,047 [INFO] Capturing request: https://ts.taylandakanzi.help/trtspor/tracks-v1a1/2026/07/11/09/08/48-10000.avif
2026-07-11 09:09:29,480 [INFO] Capturing response: https://ts.taylandakanzi.help/trtspor/tracks-v1a1/2026/07/11/09/08/48-10000.avif 200 
2026-07-11 09:09:29,812 [INFO] Capturing request: https://ts.taylandakanzi.help/trtspor/tracks-v1a1/2026/07/11/09/08/58-10000.avif
2026-07-11 09:09:30,308 [INFO] Capturing response: https://ts.taylandakanzi.help/trtspor/tracks-v1a1/2026/07/11/09/08/58-10000.avif 200 
2026-07-11 09:09:30,654 [INFO] Capturing request: https://ts.taylandakanzi.help/trtspor/tracks-v1a1/2026/07/11/09/09/08-10000.avif
2026-07-11 09:09:31,067 [INFO]   ✅ M3U8 bulundu: https://hlssssss-wildflower-4845.ugurdurmus9402.workers.dev/https://corestream.taylandakanzi.help//trtspor/tracks-v1a1/mono.m3u8
2026-07-11 09:09:31,279 [INFO] Capturing response: https://ts.taylandakanzi.help/trtspor/tracks-v1a1/2026/07/11/09/09/08-10000.avif 200 
2026-07-11 09:09:32,068 [INFO] 
[14/14]
2026-07-11 09:09:32,068 [INFO] 🔍 Tivibu Spor 4 → https://atomsportv508.top/matches?id=tivibu-spor-4
2026-07-11 09:09:32,182 [INFO] Capturing request: https://atomsportv508.top/matches?id=tivibu-spor-4
2026-07-11 09:09:32,222 [INFO] Capturing response: https://atomsportv508.top/matches?id=tivibu-spor-4 200 
2026-07-11 09:09:32,233 [INFO] Capturing request: https://atomsportv508.top/cdn-cgi/rum?
2026-07-11 09:09:32,261 [INFO] Capturing request: https://atomsportv508.top/cdn-cgi/rum?
2026-07-11 09:09:32,263 [INFO] Capturing request: https://streamsport365.com/cinema
2026-07-11 09:09:32,358 [INFO] Capturing request: https://teletv5.top/load/yayinlink.php?id=tivibu-spor-4
2026-07-11 09:09:32,366 [INFO] Capturing request: https://atomsportv508.top/favicon.ico
2026-07-11 09:09:32,370 [INFO] Capturing response: https://atomsportv508.top/cdn-cgi/rum? 204 
2026-07-11 09:09:32,372 [INFO] Capturing response: https://atomsportv508.top/cdn-cgi/rum? 204 
2026-07-11 09:09:32,397 [INFO] Capturing response: https://atomsportv508.top/favicon.ico 200 
2026-07-11 09:09:32,570 [INFO] Capturing response: https://teletv5.top/load/yayinlink.php?id=tivibu-spor-4 200 
2026-07-11 09:09:32,639 [INFO] Capturing response: https://streamsport365.com/cinema 200 
2026-07-11 09:09:35,623 [INFO] Capturing request: https://update.googleapis.com/service/update2/json?cup2key=16:Bfot09CN7_NARzO0_4-h1ePI_mGCVqhVIP-i-PjpggI&cup2hreq=8e171ce431c5b89d6495cdf4aec62b23cfd82d382803dc6b59bd4580aea4bbba
2026-07-11 09:09:35,653 [INFO] Capturing response: https://update.googleapis.com/service/update2/json?cup2key=16:Bfot09CN7_NARzO0_4-h1ePI_mGCVqhVIP-i-PjpggI&cup2hreq=8e171ce431c5b89d6495cdf4aec62b23cfd82d382803dc6b59bd4580aea4bbba 200 
2026-07-11 09:09:50,032 [INFO] Capturing request: https://android.clients.google.com/c2dm/register3
2026-07-11 09:09:50,086 [INFO] Capturing response: https://android.clients.google.com/c2dm/register3 301 
2026-07-11 09:10:05,582 [WARNING]   ❌ Tivibu Spor 4 için M3U8 bulunamadı
2026-07-11 09:10:06,647 [INFO] ✅ 13 kanal bulundu, playlist.m3u kaydedildi
