2026-04-16 21:52:05,669 [INFO] 🔎 Domain aralığı taranıyor: atomsportv490.top - atomsportv520.top
2026-04-16 21:52:07,359 [INFO]   ✅ Aktif domain bulundu: https://atomsportv497.top
2026-04-16 21:52:07,360 [INFO] 🌐 Kullanılan BASE_URL: https://atomsportv497.top
2026-04-16 21:52:09,460 [INFO] ✅ SeleniumWire aktif
2026-04-16 21:52:09,462 [INFO] =======================================================
2026-04-16 21:52:09,462 [INFO]    M3U8 Scraper
2026-04-16 21:52:09,462 [INFO]    Base URL : https://atomsportv497.top
2026-04-16 21:52:09,462 [INFO]    Toplam   : 13 sayfa
2026-04-16 21:52:09,462 [INFO] =======================================================
2026-04-16 21:52:09,462 [INFO] 🔧 Driver başlatılıyor...
2026-04-16 21:52:10,197 [INFO] ✅ Driver başlatıldı
2026-04-16 21:52:10,197 [INFO] 
[1/13]
2026-04-16 21:52:10,197 [INFO] 
──────────────────────────────────────────────────
2026-04-16 21:52:10,197 [INFO] 🔍 beIN Sports 1 → https://atomsportv497.top/matches?id=bein-sports-1
2026-04-16 21:52:10,197 [INFO] ──────────────────────────────────────────────────
2026-04-16 21:52:42,474 [INFO]   📡 M3U8 bekleniyor (max 8s)...
2026-04-16 21:52:42,485 [INFO]   🎯 DOĞRU kanal bulundu: https://hlsssssss.amgtmeme.workers.dev/https://corestream.ronaldovurdu.help//hls/bein-sports-11.m3u8
2026-04-16 21:52:42,486 [INFO]   ✅ beIN Sports 1: https://hlsssssss.amgtmeme.workers.dev/https://corestream.ronaldovurdu.help//hls/bein-sports-11.m3u8
2026-04-16 21:52:43,486 [INFO] 
[2/13]
2026-04-16 21:52:43,486 [INFO] 
──────────────────────────────────────────────────
2026-04-16 21:52:43,486 [INFO] 🔍 beIN Sports 2 → https://atomsportv497.top/matches?id=bein-sports-2
2026-04-16 21:52:43,486 [INFO] ──────────────────────────────────────────────────
2026-04-16 21:53:15,653 [INFO]   📡 M3U8 bekleniyor (max 8s)...
2026-04-16 21:53:15,655 [INFO]   🎯 DOĞRU kanal bulundu: https://hlsssssss.amgtmeme.workers.dev/https://corestream.ronaldovurdu.help//hls/bein-sports-2.m3u8
2026-04-16 21:53:15,655 [INFO]   ✅ beIN Sports 2: https://hlsssssss.amgtmeme.workers.dev/https://corestream.ronaldovurdu.help//hls/bein-sports-2.m3u8
2026-04-16 21:53:16,655 [INFO] 
[3/13]
2026-04-16 21:53:16,655 [INFO] 
──────────────────────────────────────────────────
2026-04-16 21:53:16,655 [INFO] 🔍 beIN Sports 3 → https://atomsportv497.top/matches?id=bein-sports-3
2026-04-16 21:53:16,656 [INFO] ──────────────────────────────────────────────────
2026-04-16 21:53:48,694 [INFO]   📡 M3U8 bekleniyor (max 8s)...
2026-04-16 21:53:48,695 [INFO]   🎯 DOĞRU kanal bulundu: https://hlsssssss.amgtmeme.workers.dev/https://corestream.ronaldovurdu.help//hls/bein-sports-3.m3u8
2026-04-16 21:53:48,695 [INFO]   ✅ beIN Sports 3: https://hlsssssss.amgtmeme.workers.dev/https://corestream.ronaldovurdu.help//hls/bein-sports-3.m3u8
2026-04-16 21:53:49,695 [INFO] 
[4/13]
2026-04-16 21:53:49,695 [INFO] 
──────────────────────────────────────────────────
2026-04-16 21:53:49,696 [INFO] 🔍 beIN Sports 4 → https://atomsportv497.top/matches?id=bein-sports-4
2026-04-16 21:53:49,696 [INFO] ──────────────────────────────────────────────────
2026-04-16 21:54:21,635 [INFO]   📡 M3U8 bekleniyor (max 8s)...
2026-04-16 21:54:21,636 [INFO]   🎯 DOĞRU kanal bulundu: https://hlsssssss.amgtmeme.workers.dev/https://corestream.ronaldovurdu.help//hls/bein-sports-4.m3u8
2026-04-16 21:54:21,636 [INFO]   ✅ beIN Sports 4: https://hlsssssss.amgtmeme.workers.dev/https://corestream.ronaldovurdu.help//hls/bein-sports-4.m3u8
2026-04-16 21:54:22,636 [INFO] 
[5/13]
2026-04-16 21:54:22,636 [INFO] 
──────────────────────────────────────────────────
2026-04-16 21:54:22,636 [INFO] 🔍 beIN Sports 5 → https://atomsportv497.top/matches?id=bein-sports-5
2026-04-16 21:54:22,636 [INFO] ──────────────────────────────────────────────────
2026-04-16 21:54:54,596 [INFO]   📡 M3U8 bekleniyor (max 8s)...
2026-04-16 21:54:54,596 [INFO]   🎯 DOĞRU kanal bulundu: https://hlsssssss.amgtmeme.workers.dev/https://corestream.ronaldovurdu.help//hls/bein-sports-5.m3u8
2026-04-16 21:54:54,596 [INFO]   ✅ beIN Sports 5: https://hlsssssss.amgtmeme.workers.dev/https://corestream.ronaldovurdu.help//hls/bein-sports-5.m3u8
2026-04-16 21:54:55,597 [INFO] 
[6/13]
2026-04-16 21:54:55,597 [INFO] 
──────────────────────────────────────────────────
2026-04-16 21:54:55,597 [INFO] 🔍 beIN Sports Max 1 → https://atomsportv497.top/matches?id=bein-sports-max-1
2026-04-16 21:54:55,597 [INFO] ──────────────────────────────────────────────────
2026-04-16 21:55:27,827 [INFO]   📡 M3U8 bekleniyor (max 8s)...
2026-04-16 21:55:27,828 [INFO]   🎯 DOĞRU kanal bulundu: https://hlsssssss.amgtmeme.workers.dev/https://corestream.ronaldovurdu.help//hls/bein-sports-max-1.m3u8
2026-04-16 21:55:27,828 [INFO]   ✅ beIN Sports Max 1: https://hlsssssss.amgtmeme.workers.dev/https://corestream.ronaldovurdu.help//hls/bein-sports-max-1.m3u8
2026-04-16 21:55:28,828 [INFO] 
[7/13]
2026-04-16 21:55:28,828 [INFO] 
──────────────────────────────────────────────────
2026-04-16 21:55:28,828 [INFO] 🔍 beIN Sports Max 2 → https://atomsportv497.top/matches?id=bein-sports-max-2
2026-04-16 21:55:28,829 [INFO] ──────────────────────────────────────────────────
2026-04-16 21:56:00,807 [INFO]   📡 M3U8 bekleniyor (max 8s)...
2026-04-16 21:56:00,808 [INFO]   🎯 DOĞRU kanal bulundu: https://hlsssssss.amgtmeme.workers.dev/https://corestream.ronaldovurdu.help//hls/bein-sports-max-2.m3u8
2026-04-16 21:56:00,808 [INFO]   ✅ beIN Sports Max 2: https://hlsssssss.amgtmeme.workers.dev/https://corestream.ronaldovurdu.help//hls/bein-sports-max-2.m3u8
2026-04-16 21:56:01,808 [INFO] 
[8/13]
2026-04-16 21:56:01,808 [INFO] 
──────────────────────────────────────────────────
2026-04-16 21:56:01,808 [INFO] 🔍 S Sport → https://atomsportv497.top/matches?id=s-sport
2026-04-16 21:56:01,808 [INFO] ──────────────────────────────────────────────────
2026-04-16 21:56:33,928 [INFO]   📡 M3U8 bekleniyor (max 8s)...
2026-04-16 21:56:33,938 [INFO]   🎯 DOĞRU kanal bulundu: https://hlsssssss.amgtmeme.workers.dev/https://corestream.ronaldovurdu.help//hls/s-sport.m3u8
2026-04-16 21:56:33,939 [INFO]   ✅ S Sport: https://hlsssssss.amgtmeme.workers.dev/https://corestream.ronaldovurdu.help//hls/s-sport.m3u8
2026-04-16 21:56:34,940 [INFO] 
[9/13]
2026-04-16 21:56:34,940 [INFO] 
──────────────────────────────────────────────────
2026-04-16 21:56:34,940 [INFO] 🔍 S Sport 2 → https://atomsportv497.top/matches?id=s-sport-2
2026-04-16 21:56:34,940 [INFO] ──────────────────────────────────────────────────
2026-04-16 21:57:06,949 [INFO]   📡 M3U8 bekleniyor (max 8s)...
2026-04-16 21:57:06,958 [INFO]   🎯 DOĞRU kanal bulundu: https://hlsssssss.amgtmeme.workers.dev/https://corestream.ronaldovurdu.help//hls/s-sport-2.m3u8
2026-04-16 21:57:06,959 [INFO]   ✅ S Sport 2: https://hlsssssss.amgtmeme.workers.dev/https://corestream.ronaldovurdu.help//hls/s-sport-2.m3u8
2026-04-16 21:57:07,960 [INFO] 
[10/13]
2026-04-16 21:57:07,961 [INFO] 
──────────────────────────────────────────────────
2026-04-16 21:57:07,961 [INFO] 🔍 Tivibu Spor 1 → https://atomsportv497.top/matches?id=tivibu-spor-1
2026-04-16 21:57:07,962 [INFO] ──────────────────────────────────────────────────
2026-04-16 21:57:39,949 [INFO]   📡 M3U8 bekleniyor (max 8s)...
2026-04-16 21:57:39,950 [INFO]   🎯 DOĞRU kanal bulundu: https://hlsssssss.amgtmeme.workers.dev/https://corestream.ronaldovurdu.help//hls/tivibu-spor-1.m3u8
2026-04-16 21:57:39,950 [INFO]   ✅ Tivibu Spor 1: https://hlsssssss.amgtmeme.workers.dev/https://corestream.ronaldovurdu.help//hls/tivibu-spor-1.m3u8
2026-04-16 21:57:40,950 [INFO] 
[11/13]
2026-04-16 21:57:40,950 [INFO] 
──────────────────────────────────────────────────
2026-04-16 21:57:40,950 [INFO] 🔍 Tivibu Spor 2 → https://atomsportv497.top/matches?id=tivibu-spor-2
2026-04-16 21:57:40,950 [INFO] ──────────────────────────────────────────────────
2026-04-16 21:58:12,885 [INFO]   📡 M3U8 bekleniyor (max 8s)...
2026-04-16 21:58:12,885 [INFO]   🎯 DOĞRU kanal bulundu: https://hlsssssss.amgtmeme.workers.dev/https://corestream.ronaldovurdu.help//hls/tivibu-spor-2.m3u8
2026-04-16 21:58:12,886 [INFO]   ✅ Tivibu Spor 2: https://hlsssssss.amgtmeme.workers.dev/https://corestream.ronaldovurdu.help//hls/tivibu-spor-2.m3u8
2026-04-16 21:58:13,886 [INFO] 
[12/13]
2026-04-16 21:58:13,886 [INFO] 
──────────────────────────────────────────────────
2026-04-16 21:58:13,886 [INFO] 🔍 Tivibu Spor 3 → https://atomsportv497.top/matches?id=tivibu-spor-3
2026-04-16 21:58:13,886 [INFO] ──────────────────────────────────────────────────
2026-04-16 21:58:45,858 [INFO]   📡 M3U8 bekleniyor (max 8s)...
2026-04-16 21:58:45,859 [INFO]   🎯 DOĞRU kanal bulundu: https://hlsssssss.amgtmeme.workers.dev/https://corestream.ronaldovurdu.help//hls/tivibu-spor-3.m3u8
2026-04-16 21:58:45,859 [INFO]   ✅ Tivibu Spor 3: https://hlsssssss.amgtmeme.workers.dev/https://corestream.ronaldovurdu.help//hls/tivibu-spor-3.m3u8
2026-04-16 21:58:46,859 [INFO] 
[13/13]
2026-04-16 21:58:46,859 [INFO] 
──────────────────────────────────────────────────
2026-04-16 21:58:46,859 [INFO] 🔍 Tivibu Spor 4 → https://atomsportv497.top/matches?id=tivibu-spor-4
2026-04-16 21:58:46,859 [INFO] ──────────────────────────────────────────────────
2026-04-16 21:59:18,831 [INFO]   📡 M3U8 bekleniyor (max 8s)...
2026-04-16 21:59:26,844 [INFO]   ❌ Tivibu Spor 4: M3U8 bulunamadı
2026-04-16 21:59:27,910 [INFO] 🔒 Driver kapatıldı
2026-04-16 21:59:27,911 [INFO] 
=======================================================
2026-04-16 21:59:27,911 [INFO] 🏁 Tamamlandı!
2026-04-16 21:59:27,911 [INFO] 📺 Kanal : 12/13
2026-04-16 21:59:27,911 [INFO] ⏱️  Süre  : 438.4s
2026-04-16 21:59:27,911 [INFO] =======================================================
2026-04-16 21:59:27,911 [INFO] ✅ playlist.m3u kaydedildi
2026-04-16 21:59:27,911 [INFO] ✅ stats.json kaydedildi
