2026-06-23 16:10:37,126 [INFO] 🌐 BASE_URL: https://atomsportv508.top
2026-06-23 16:10:37,838 [INFO] Başlanıyor... 14 kanal taranacak
2026-06-23 16:10:37,838 [INFO] Using default request storage
2026-06-23 16:10:37,843 [INFO] Created proxy listening on 127.0.0.1:39153
2026-06-23 16:10:38,505 [INFO] Capturing request: http://clients2.google.com/time/1/current?cup2key=10:GwtHOzaP4zAclmibZtIeNoxkc4biaA2rVvZkh8g5JuI&cup2hreq=e3b0c44298fc1c149afbf4c8996fb92427ae41e4649b934ca495991b7852b855
2026-06-23 16:10:38,541 [INFO] Capturing response: http://clients2.google.com/time/1/current?cup2key=10:GwtHOzaP4zAclmibZtIeNoxkc4biaA2rVvZkh8g5JuI&cup2hreq=e3b0c44298fc1c149afbf4c8996fb92427ae41e4649b934ca495991b7852b855 200 OK
2026-06-23 16:10:38,664 [INFO] 
[1/14]
2026-06-23 16:10:38,664 [INFO] 🔍 beIN Sports 1 → https://atomsportv508.top/matches?id=bein-sports-1
2026-06-23 16:10:38,728 [INFO] Capturing request: https://accounts.google.com/ListAccounts?gpsia=1&source=ChromiumBrowser&json=standard&laf=b64bin
2026-06-23 16:10:38,732 [INFO] Capturing request: https://update.googleapis.com/service/update2/json?cup2key=16:ICVuOge2ndez9qzknZtNfeqcpp9Pj2N0CEEvATZao3s&cup2hreq=f490e2c4507a6d745c4aeed4e81c37d6ea427e7e98e098a71eaf8ed487478310
2026-06-23 16:10:38,773 [INFO] Capturing response: https://update.googleapis.com/service/update2/json?cup2key=16:ICVuOge2ndez9qzknZtNfeqcpp9Pj2N0CEEvATZao3s&cup2hreq=f490e2c4507a6d745c4aeed4e81c37d6ea427e7e98e098a71eaf8ed487478310 200 
2026-06-23 16:10:38,776 [INFO] Capturing response: https://accounts.google.com/ListAccounts?gpsia=1&source=ChromiumBrowser&json=standard&laf=b64bin 200 
2026-06-23 16:10:38,820 [INFO] Capturing request: https://update.googleapis.com/service/update2/json?cup2key=16:ieS_0UrEn25LIFN-q-Dgddb8iLN-bklrD9_Wwr-Lw0g&cup2hreq=df3d8745902be4f2eafe1a1d9711816a1352864303b120dc28a69af858274478
2026-06-23 16:10:38,844 [INFO] Capturing response: https://update.googleapis.com/service/update2/json?cup2key=16:ieS_0UrEn25LIFN-q-Dgddb8iLN-bklrD9_Wwr-Lw0g&cup2hreq=df3d8745902be4f2eafe1a1d9711816a1352864303b120dc28a69af858274478 200 
2026-06-23 16:10:38,850 [INFO] Capturing request: https://atomsportv508.top/matches?id=bein-sports-1
2026-06-23 16:10:38,985 [INFO] Capturing response: https://atomsportv508.top/matches?id=bein-sports-1 200 
2026-06-23 16:10:39,063 [INFO] Capturing request: https://www.google.com/async/folae?async=_fmt:pb&udm=50&client_locale=en-US&client_country=ZZ
2026-06-23 16:10:39,091 [INFO] Capturing response: https://www.google.com/async/folae?async=_fmt:pb&udm=50&client_locale=en-US&client_country=ZZ 200 
2026-06-23 16:10:39,137 [INFO] Capturing request: https://atomsportv508.top/assets/js/clappr.js
2026-06-23 16:10:39,181 [INFO] Capturing response: https://atomsportv508.top/assets/js/clappr.js 200 
2026-06-23 16:10:39,189 [INFO] Capturing request: https://cdnjs.cloudflare.com/ajax/libs/jquery/3.2.1/jquery.min.js
2026-06-23 16:10:39,202 [INFO] Capturing request: https://cdn.jsdelivr.net/npm/@clappr/player@latest/dist/clappr.min.js
2026-06-23 16:10:39,220 [INFO] Capturing response: https://cdnjs.cloudflare.com/ajax/libs/jquery/3.2.1/jquery.min.js 200 
2026-06-23 16:10:39,229 [INFO] Capturing response: https://cdn.jsdelivr.net/npm/@clappr/player@latest/dist/clappr.min.js 200 
2026-06-23 16:10:39,415 [INFO] Capturing request: https://static.cloudflareinsights.com/beacon.min.js/v833ccba57c9e4d2798f2e76cebdd09a11778172276447
2026-06-23 16:10:39,434 [INFO] Capturing response: https://static.cloudflareinsights.com/beacon.min.js/v833ccba57c9e4d2798f2e76cebdd09a11778172276447 200 
2026-06-23 16:10:39,495 [INFO] Capturing request: https://atomsportv508.top/cdn-cgi/rum?
2026-06-23 16:10:39,598 [INFO] Capturing request: https://atomsportv508.top/favicon.ico
2026-06-23 16:10:39,646 [INFO] Capturing response: https://atomsportv508.top/cdn-cgi/rum? 204 
2026-06-23 16:10:39,653 [INFO] Capturing request: https://teletv5.top/load/yayinlink.php?id=bein-sports-1
2026-06-23 16:10:39,677 [INFO] Capturing response: https://atomsportv508.top/favicon.ico 200 
2026-06-23 16:10:40,021 [INFO] Capturing response: https://teletv5.top/load/yayinlink.php?id=bein-sports-1 200 
2026-06-23 16:10:40,102 [INFO] Capturing request: https://streamsport365.com/cinema
2026-06-23 16:10:40,354 [INFO] Capturing response: https://streamsport365.com/cinema 200 
2026-06-23 16:10:40,485 [INFO] Capturing request: https://atomsportv508.top/assets/img/player_logo_6880e4e4c52ee.png
2026-06-23 16:10:40,557 [INFO] Capturing request: https://hlssssssssssssssssss.yedeklinksa35.workers.dev/https://corestream.ronaldovurdu.help//aspor/tracks-v1a1/mono.m3u8
2026-06-23 16:10:40,559 [INFO] Capturing response: https://atomsportv508.top/assets/img/player_logo_6880e4e4c52ee.png 200 
2026-06-23 16:10:40,888 [INFO] Capturing response: https://hlssssssssssssssssss.yedeklinksa35.workers.dev/https://corestream.ronaldovurdu.help//aspor/tracks-v1a1/mono.m3u8 200 
2026-06-23 16:10:41,109 [INFO] Capturing request: https://ts.yedeklinksa35.workers.dev/aspor/tracks-v1a1/2026/06/23/16/11/07-06080.avif
2026-06-23 16:10:41,469 [INFO] Capturing request: https://android.clients.google.com/checkin
2026-06-23 16:10:41,564 [INFO] Capturing response: https://android.clients.google.com/checkin 200 
2026-06-23 16:10:41,621 [INFO] Capturing request: https://android.clients.google.com/c2dm/register3
2026-06-23 16:10:41,630 [INFO] Capturing request: https://android.clients.google.com/c2dm/register3
2026-06-23 16:10:41,635 [INFO] Capturing request: https://android.clients.google.com/c2dm/register3
2026-06-23 16:10:41,687 [INFO] Capturing response: https://android.clients.google.com/c2dm/register3 301 
2026-06-23 16:10:41,789 [INFO] Capturing response: https://ts.yedeklinksa35.workers.dev/aspor/tracks-v1a1/2026/06/23/16/11/07-06080.avif 200 
2026-06-23 16:10:42,042 [INFO] Capturing request: https://ts.yedeklinksa35.workers.dev/aspor/tracks-v1a1/2026/06/23/16/11/13-05720.avif
2026-06-23 16:10:42,180 [INFO] Capturing response: https://android.clients.google.com/c2dm/register3 200 
2026-06-23 16:10:42,250 [INFO] Capturing response: https://android.clients.google.com/c2dm/register3 200 
2026-06-23 16:10:42,449 [INFO] Capturing response: https://ts.yedeklinksa35.workers.dev/aspor/tracks-v1a1/2026/06/23/16/11/13-05720.avif 200 
2026-06-23 16:10:42,541 [INFO]   ✅ M3U8 bulundu: https://hlssssssssssssssssss.yedeklinksa35.workers.dev/https://corestream.ronaldovurdu.help//aspor/tracks-v1a1/mono.m3u8
2026-06-23 16:10:42,685 [INFO] Capturing request: https://ts.yedeklinksa35.workers.dev/aspor/tracks-v1a1/2026/06/23/16/11/18-05400.avif
2026-06-23 16:10:43,062 [INFO] Capturing response: https://ts.yedeklinksa35.workers.dev/aspor/tracks-v1a1/2026/06/23/16/11/18-05400.avif 200 
2026-06-23 16:10:43,279 [INFO] Capturing request: https://ts.yedeklinksa35.workers.dev/aspor/tracks-v1a1/2026/06/23/16/11/24-06000.avif
2026-06-23 16:10:43,543 [INFO] 
[2/14]
2026-06-23 16:10:43,546 [INFO] 🔍 beIN Sports 2 → https://atomsportv508.top/matches?id=bein-sports-2
2026-06-23 16:10:43,688 [INFO] Capturing request: https://atomsportv508.top/matches?id=bein-sports-2
2026-06-23 16:10:43,733 [INFO] Capturing response: https://atomsportv508.top/matches?id=bein-sports-2 200 
2026-06-23 16:10:43,744 [INFO] Capturing request: https://atomsportv508.top/cdn-cgi/rum?
2026-06-23 16:10:43,765 [INFO] Capturing response: https://ts.yedeklinksa35.workers.dev/aspor/tracks-v1a1/2026/06/23/16/11/24-06000.avif 200 
2026-06-23 16:10:43,801 [INFO] Capturing request: https://atomsportv508.top/cdn-cgi/rum?
2026-06-23 16:10:43,802 [INFO] Capturing request: https://streamsport365.com/cinema
2026-06-23 16:10:43,899 [INFO] Capturing request: https://teletv5.top/load/yayinlink.php?id=bein-sports-2
2026-06-23 16:10:43,901 [INFO] Capturing response: https://atomsportv508.top/cdn-cgi/rum? 204 
2026-06-23 16:10:43,908 [INFO] Capturing request: https://atomsportv508.top/favicon.ico
2026-06-23 16:10:43,946 [INFO] Capturing response: https://atomsportv508.top/favicon.ico 200 
2026-06-23 16:10:43,951 [INFO] Capturing response: https://atomsportv508.top/cdn-cgi/rum? 204 
2026-06-23 16:10:44,056 [INFO] Capturing response: https://streamsport365.com/cinema 200 
2026-06-23 16:10:44,060 [INFO] Capturing response: https://teletv5.top/load/yayinlink.php?id=bein-sports-2 200 
2026-06-23 16:10:44,181 [INFO] Capturing request: https://hlssssssssssssssssss.yedeklinksa35.workers.dev/https://corestream.ronaldovurdu.help//bein2/tracks-v1a1/mono.m3u8
2026-06-23 16:10:44,322 [INFO] Capturing response: https://hlssssssssssssssssss.yedeklinksa35.workers.dev/https://corestream.ronaldovurdu.help//bein2/tracks-v1a1/mono.m3u8 200 
2026-06-23 16:10:44,433 [INFO] Capturing request: https://ts.yedeklinksa35.workers.dev/bein2/tracks-v1a1/2026/06/23/16/11/22-10520.avif
2026-06-23 16:10:45,302 [INFO] Capturing response: https://ts.yedeklinksa35.workers.dev/bein2/tracks-v1a1/2026/06/23/16/11/22-10520.avif 200 
2026-06-23 16:10:45,539 [INFO] Capturing request: https://ts.yedeklinksa35.workers.dev/bein2/tracks-v1a1/2026/06/23/16/11/32-14440.avif
2026-06-23 16:10:46,584 [INFO] Capturing response: https://ts.yedeklinksa35.workers.dev/bein2/tracks-v1a1/2026/06/23/16/11/32-14440.avif 200 
2026-06-23 16:10:46,816 [INFO]   ✅ M3U8 bulundu: https://hlssssssssssssssssss.yedeklinksa35.workers.dev/https://corestream.ronaldovurdu.help//bein2/tracks-v1a1/mono.m3u8
2026-06-23 16:10:46,891 [INFO] Capturing request: https://ts.yedeklinksa35.workers.dev/bein2/tracks-v1a1/2026/06/23/16/11/47-10480.avif
2026-06-23 16:10:47,553 [INFO] Capturing response: https://ts.yedeklinksa35.workers.dev/bein2/tracks-v1a1/2026/06/23/16/11/47-10480.avif 200 
2026-06-23 16:10:47,816 [INFO] 
[3/14]
2026-06-23 16:10:47,816 [INFO] 🔍 beIN Sports 3 → https://atomsportv508.top/matches?id=bein-sports-3
2026-06-23 16:10:47,928 [INFO] Capturing request: https://atomsportv508.top/matches?id=bein-sports-3
2026-06-23 16:10:47,969 [INFO] Capturing response: https://atomsportv508.top/matches?id=bein-sports-3 200 
2026-06-23 16:10:47,980 [INFO] Capturing request: https://atomsportv508.top/cdn-cgi/rum?
2026-06-23 16:10:48,009 [INFO] Capturing request: https://atomsportv508.top/cdn-cgi/rum?
2026-06-23 16:10:48,103 [INFO] Capturing request: https://teletv5.top/load/yayinlink.php?id=bein-sports-3
2026-06-23 16:10:48,110 [INFO] Capturing request: https://atomsportv508.top/favicon.ico
2026-06-23 16:10:48,117 [INFO] Capturing response: https://atomsportv508.top/cdn-cgi/rum? 204 
2026-06-23 16:10:48,119 [INFO] Capturing response: https://atomsportv508.top/cdn-cgi/rum? 204 
2026-06-23 16:10:48,149 [INFO] Capturing response: https://atomsportv508.top/favicon.ico 200 
2026-06-23 16:10:48,202 [INFO] Capturing request: https://streamsport365.com/cinema
2026-06-23 16:10:48,267 [INFO] Capturing response: https://teletv5.top/load/yayinlink.php?id=bein-sports-3 200 
2026-06-23 16:10:48,454 [INFO] Capturing response: https://streamsport365.com/cinema 200 
2026-06-23 16:11:03,544 [INFO] Capturing request: https://android.clients.google.com/c2dm/register3
2026-06-23 16:11:03,592 [INFO] Capturing response: https://android.clients.google.com/c2dm/register3 301 
2026-06-23 16:11:21,330 [WARNING]   ❌ beIN Sports 3 için M3U8 bulunamadı
2026-06-23 16:11:22,330 [INFO] 
[4/14]
2026-06-23 16:11:22,330 [INFO] 🔍 beIN Sports 4 → https://atomsportv508.top/matches?id=bein-sports-4
2026-06-23 16:11:22,441 [INFO] Capturing request: https://atomsportv508.top/matches?id=bein-sports-4
2026-06-23 16:11:22,912 [INFO] Capturing response: https://atomsportv508.top/matches?id=bein-sports-4 200 
2026-06-23 16:11:22,921 [INFO] Capturing request: https://atomsportv508.top/cdn-cgi/rum?
2026-06-23 16:11:22,950 [INFO] Capturing request: https://atomsportv508.top/cdn-cgi/rum?
2026-06-23 16:11:23,029 [INFO] Capturing response: https://atomsportv508.top/cdn-cgi/rum? 204 
2026-06-23 16:11:23,045 [INFO] Capturing request: https://teletv5.top/load/yayinlink.php?id=bein-sports-4
2026-06-23 16:11:23,052 [INFO] Capturing request: https://atomsportv508.top/favicon.ico
2026-06-23 16:11:23,091 [INFO] Capturing response: https://atomsportv508.top/favicon.ico 200 
2026-06-23 16:11:23,102 [INFO] Capturing response: https://atomsportv508.top/cdn-cgi/rum? 204 
2026-06-23 16:11:23,145 [INFO] Capturing request: https://streamsport365.com/cinema
2026-06-23 16:11:23,227 [INFO] Capturing response: https://teletv5.top/load/yayinlink.php?id=bein-sports-4 200 
2026-06-23 16:11:23,401 [INFO] Capturing response: https://streamsport365.com/cinema 200 
2026-06-23 16:11:38,503 [INFO] Capturing request: https://update.googleapis.com/service/update2/json?cup2key=16:n0AjNbgFGIEllAKbeSIs6ZPqM9QvN0t2Ql3euze3U5s&cup2hreq=d555bc32a4faa0bfbd6d5ef84740b42dd173e225dfae2a03060d81a57690ce85
2026-06-23 16:11:38,526 [INFO] Capturing response: https://update.googleapis.com/service/update2/json?cup2key=16:n0AjNbgFGIEllAKbeSIs6ZPqM9QvN0t2Ql3euze3U5s&cup2hreq=d555bc32a4faa0bfbd6d5ef84740b42dd173e225dfae2a03060d81a57690ce85 200 
2026-06-23 16:11:56,223 [WARNING]   ❌ beIN Sports 4 için M3U8 bulunamadı
2026-06-23 16:11:56,542 [INFO] Capturing request: https://android.clients.google.com/c2dm/register3
2026-06-23 16:11:56,626 [INFO] Capturing response: https://android.clients.google.com/c2dm/register3 301 
2026-06-23 16:11:57,224 [INFO] 
[5/14]
2026-06-23 16:11:57,224 [INFO] 🔍 beIN Sports 5 → https://atomsportv508.top/matches?id=bein-sports-5
2026-06-23 16:11:57,332 [INFO] Capturing request: https://atomsportv508.top/assets/js/clappr.js
2026-06-23 16:11:57,335 [INFO] Capturing request: https://atomsportv508.top/matches?id=bein-sports-5
2026-06-23 16:11:57,386 [INFO] Capturing response: https://atomsportv508.top/assets/js/clappr.js 200 
2026-06-23 16:11:57,612 [INFO] Capturing response: https://atomsportv508.top/matches?id=bein-sports-5 200 
2026-06-23 16:11:57,621 [INFO] Capturing request: https://atomsportv508.top/cdn-cgi/rum?
2026-06-23 16:11:57,653 [INFO] Capturing request: https://atomsportv508.top/cdn-cgi/rum?
2026-06-23 16:11:57,753 [INFO] Capturing request: https://teletv5.top/load/yayinlink.php?id=bein-sports-5
2026-06-23 16:11:57,757 [INFO] Capturing request: https://atomsportv508.top/favicon.ico
2026-06-23 16:11:57,760 [INFO] Capturing response: https://atomsportv508.top/cdn-cgi/rum? 204 
2026-06-23 16:11:57,762 [INFO] Capturing response: https://atomsportv508.top/cdn-cgi/rum? 204 
2026-06-23 16:11:57,795 [INFO] Capturing response: https://atomsportv508.top/favicon.ico 200 
2026-06-23 16:11:57,848 [INFO] Capturing request: https://streamsport365.com/cinema
2026-06-23 16:11:57,917 [INFO] Capturing response: https://teletv5.top/load/yayinlink.php?id=bein-sports-5 200 
2026-06-23 16:11:58,099 [INFO] Capturing response: https://streamsport365.com/cinema 200 
2026-06-23 16:12:30,941 [WARNING]   ❌ beIN Sports 5 için M3U8 bulunamadı
2026-06-23 16:12:31,941 [INFO] 
[6/14]
2026-06-23 16:12:31,941 [INFO] 🔍 beIN Sports Max 1 → https://atomsportv508.top/matches?id=bein-sports-max-1
2026-06-23 16:12:32,050 [INFO] Capturing request: https://atomsportv508.top/assets/js/clappr.js
2026-06-23 16:12:32,053 [INFO] Capturing request: https://atomsportv508.top/matches?id=bein-sports-max-1
2026-06-23 16:12:32,091 [INFO] Capturing response: https://atomsportv508.top/assets/js/clappr.js 200 
2026-06-23 16:12:32,351 [INFO] Capturing response: https://atomsportv508.top/matches?id=bein-sports-max-1 200 
2026-06-23 16:12:32,360 [INFO] Capturing request: https://atomsportv508.top/cdn-cgi/rum?
2026-06-23 16:12:32,391 [INFO] Capturing request: https://atomsportv508.top/cdn-cgi/rum?
2026-06-23 16:12:32,469 [INFO] Capturing response: https://atomsportv508.top/cdn-cgi/rum? 204 
2026-06-23 16:12:32,489 [INFO] Capturing request: https://teletv5.top/load/yayinlink.php?id=bein-sports-max-1
2026-06-23 16:12:32,495 [INFO] Capturing request: https://atomsportv508.top/favicon.ico
2026-06-23 16:12:32,541 [INFO] Capturing response: https://atomsportv508.top/cdn-cgi/rum? 204 
2026-06-23 16:12:32,548 [INFO] Capturing response: https://atomsportv508.top/favicon.ico 200 
2026-06-23 16:12:32,589 [INFO] Capturing request: https://streamsport365.com/cinema
2026-06-23 16:12:32,660 [INFO] Capturing response: https://teletv5.top/load/yayinlink.php?id=bein-sports-max-1 200 
2026-06-23 16:12:32,834 [INFO] Capturing response: https://streamsport365.com/cinema 200 
2026-06-23 16:13:05,666 [WARNING]   ❌ beIN Sports Max 1 için M3U8 bulunamadı
2026-06-23 16:13:06,666 [INFO] 
[7/14]
2026-06-23 16:13:06,666 [INFO] 🔍 beIN Sports Max 2 → https://atomsportv508.top/matches?id=bein-sports-max-2
2026-06-23 16:13:06,775 [INFO] Capturing request: https://atomsportv508.top/assets/js/clappr.js
2026-06-23 16:13:06,777 [INFO] Capturing request: https://atomsportv508.top/matches?id=bein-sports-max-2
2026-06-23 16:13:06,798 [INFO] Capturing response: https://atomsportv508.top/assets/js/clappr.js 200 
2026-06-23 16:13:07,026 [INFO] Capturing response: https://atomsportv508.top/matches?id=bein-sports-max-2 200 
2026-06-23 16:13:07,035 [INFO] Capturing request: https://atomsportv508.top/cdn-cgi/rum?
2026-06-23 16:13:07,073 [INFO] Capturing request: https://atomsportv508.top/cdn-cgi/rum?
2026-06-23 16:13:07,170 [INFO] Capturing request: https://teletv5.top/load/yayinlink.php?id=bein-sports-max-2
2026-06-23 16:13:07,174 [INFO] Capturing request: https://atomsportv508.top/favicon.ico
2026-06-23 16:13:07,180 [INFO] Capturing response: https://atomsportv508.top/cdn-cgi/rum? 204 
2026-06-23 16:13:07,182 [INFO] Capturing response: https://atomsportv508.top/cdn-cgi/rum? 204 
2026-06-23 16:13:07,213 [INFO] Capturing response: https://atomsportv508.top/favicon.ico 200 
2026-06-23 16:13:07,269 [INFO] Capturing request: https://streamsport365.com/cinema
2026-06-23 16:13:07,341 [INFO] Capturing response: https://teletv5.top/load/yayinlink.php?id=bein-sports-max-2 200 
2026-06-23 16:13:07,527 [INFO] Capturing response: https://streamsport365.com/cinema 200 
2026-06-23 16:13:19,939 [INFO] Capturing request: https://android.clients.google.com/c2dm/register3
2026-06-23 16:13:19,993 [INFO] Capturing response: https://android.clients.google.com/c2dm/register3 301 
2026-06-23 16:13:40,350 [WARNING]   ❌ beIN Sports Max 2 için M3U8 bulunamadı
2026-06-23 16:13:41,350 [INFO] 
[8/14]
2026-06-23 16:13:41,350 [INFO] 🔍 S Sport → https://atomsportv508.top/matches?id=s-sport
2026-06-23 16:13:41,461 [INFO] Capturing request: https://atomsportv508.top/assets/js/clappr.js
2026-06-23 16:13:41,463 [INFO] Capturing request: https://atomsportv508.top/matches?id=s-sport
2026-06-23 16:13:41,489 [INFO] Capturing response: https://atomsportv508.top/assets/js/clappr.js 200 
2026-06-23 16:13:41,642 [INFO] Capturing response: https://atomsportv508.top/matches?id=s-sport 200 
2026-06-23 16:13:41,652 [INFO] Capturing request: https://atomsportv508.top/cdn-cgi/rum?
2026-06-23 16:13:41,682 [INFO] Capturing request: https://atomsportv508.top/cdn-cgi/rum?
2026-06-23 16:13:41,760 [INFO] Capturing response: https://atomsportv508.top/cdn-cgi/rum? 204 
2026-06-23 16:13:41,775 [INFO] Capturing request: https://teletv5.top/load/yayinlink.php?id=s-sport
2026-06-23 16:13:41,783 [INFO] Capturing request: https://atomsportv508.top/favicon.ico
2026-06-23 16:13:41,828 [INFO] Capturing response: https://atomsportv508.top/favicon.ico 200 
2026-06-23 16:13:41,832 [INFO] Capturing response: https://atomsportv508.top/cdn-cgi/rum? 204 
2026-06-23 16:13:41,880 [INFO] Capturing request: https://streamsport365.com/cinema
2026-06-23 16:13:41,941 [INFO] Capturing response: https://teletv5.top/load/yayinlink.php?id=s-sport 200 
2026-06-23 16:13:42,136 [INFO] Capturing response: https://streamsport365.com/cinema 200 
2026-06-23 16:13:42,260 [INFO] Capturing request: https://hlssssssssssssssssss.yedeklinksa35.workers.dev/https://corestream.ronaldovurdu.help//s-sportt/tracks-v1a1/mono.m3u8
2026-06-23 16:13:42,474 [INFO] Capturing response: https://hlssssssssssssssssss.yedeklinksa35.workers.dev/https://corestream.ronaldovurdu.help//s-sportt/tracks-v1a1/mono.m3u8 200 
2026-06-23 16:13:42,584 [INFO] Capturing request: https://ts.yedeklinksa35.workers.dev/s-sportt/tracks-v1a1/2026/06/23/16/13/57-06000.avif
2026-06-23 16:13:43,049 [INFO] Capturing response: https://ts.yedeklinksa35.workers.dev/s-sportt/tracks-v1a1/2026/06/23/16/13/57-06000.avif 200 
2026-06-23 16:13:43,297 [INFO] Capturing request: https://ts.yedeklinksa35.workers.dev/s-sportt/tracks-v1a1/2026/06/23/16/14/03-06000.avif
2026-06-23 16:13:44,128 [INFO] Capturing response: https://ts.yedeklinksa35.workers.dev/s-sportt/tracks-v1a1/2026/06/23/16/14/03-06000.avif 200 
2026-06-23 16:13:44,382 [INFO] Capturing request: https://ts.yedeklinksa35.workers.dev/s-sportt/tracks-v1a1/2026/06/23/16/14/09-06000.avif
2026-06-23 16:13:44,719 [INFO]   ✅ M3U8 bulundu: https://hlssssssssssssssssss.yedeklinksa35.workers.dev/https://corestream.ronaldovurdu.help//s-sportt/tracks-v1a1/mono.m3u8
2026-06-23 16:13:44,789 [INFO] Capturing response: https://ts.yedeklinksa35.workers.dev/s-sportt/tracks-v1a1/2026/06/23/16/14/09-06000.avif 200 
2026-06-23 16:13:45,720 [INFO] 
[9/14]
2026-06-23 16:13:45,720 [INFO] 🔍 S Sport 2 → https://atomsportv508.top/matches?id=s-sport-2
2026-06-23 16:13:45,832 [INFO] Capturing request: https://atomsportv508.top/assets/js/clappr.js
2026-06-23 16:13:45,833 [INFO] Capturing request: https://atomsportv508.top/matches?id=s-sport-2
2026-06-23 16:13:45,852 [INFO] Capturing response: https://atomsportv508.top/assets/js/clappr.js 200 
2026-06-23 16:13:45,898 [INFO] Capturing response: https://atomsportv508.top/matches?id=s-sport-2 200 
2026-06-23 16:13:45,908 [INFO] Capturing request: https://atomsportv508.top/cdn-cgi/rum?
2026-06-23 16:13:45,937 [INFO] Capturing request: https://streamsport365.com/cinema
2026-06-23 16:13:45,944 [INFO] Capturing request: https://atomsportv508.top/cdn-cgi/rum?
2026-06-23 16:13:46,017 [INFO] Capturing response: https://atomsportv508.top/cdn-cgi/rum? 204 
2026-06-23 16:13:46,042 [INFO] Capturing request: https://teletv5.top/load/yayinlink.php?id=s-sport-2
2026-06-23 16:13:46,046 [INFO] Capturing request: https://atomsportv508.top/favicon.ico
2026-06-23 16:13:46,081 [INFO] Capturing response: https://atomsportv508.top/favicon.ico 200 
2026-06-23 16:13:46,094 [INFO] Capturing response: https://atomsportv508.top/cdn-cgi/rum? 204 
2026-06-23 16:13:46,189 [INFO] Capturing response: https://streamsport365.com/cinema 200 
2026-06-23 16:13:46,210 [INFO] Capturing response: https://teletv5.top/load/yayinlink.php?id=s-sport-2 200 
2026-06-23 16:13:46,373 [INFO] Capturing request: https://hlssssssssssssssssss.yedeklinksa35.workers.dev/https://corestream.ronaldovurdu.help//s-sport2/tracks-v1a1/mono.m3u8
2026-06-23 16:13:46,515 [INFO] Capturing response: https://hlssssssssssssssssss.yedeklinksa35.workers.dev/https://corestream.ronaldovurdu.help//s-sport2/tracks-v1a1/mono.m3u8 200 
2026-06-23 16:13:46,666 [INFO] Capturing request: https://ts.yedeklinksa35.workers.dev/s-sport2/tracks-v1a1/2026/06/23/16/13/52-06000.avif
2026-06-23 16:13:48,954 [INFO]   ✅ M3U8 bulundu: https://hlssssssssssssssssss.yedeklinksa35.workers.dev/https://corestream.ronaldovurdu.help//s-sport2/tracks-v1a1/mono.m3u8
2026-06-23 16:13:49,954 [INFO] 
[10/14]
2026-06-23 16:13:49,954 [INFO] 🔍 A Spor → https://atomsportv508.top/matches?id=a-spor
2026-06-23 16:13:50,063 [INFO] Capturing request: https://atomsportv508.top/assets/js/clappr.js
2026-06-23 16:13:50,064 [INFO] Capturing request: https://atomsportv508.top/matches?id=a-spor
2026-06-23 16:13:50,082 [INFO] Capturing response: https://atomsportv508.top/assets/js/clappr.js 200 
2026-06-23 16:13:50,114 [INFO] Capturing response: https://atomsportv508.top/matches?id=a-spor 200 
2026-06-23 16:13:50,122 [INFO] Capturing request: https://atomsportv508.top/cdn-cgi/rum?
2026-06-23 16:13:50,152 [INFO] Capturing request: https://atomsportv508.top/cdn-cgi/rum?
2026-06-23 16:13:50,250 [INFO] Capturing request: https://teletv5.top/load/yayinlink.php?id=a-spor
2026-06-23 16:13:50,254 [INFO] Capturing request: https://atomsportv508.top/favicon.ico
2026-06-23 16:13:50,260 [INFO] Capturing response: https://atomsportv508.top/cdn-cgi/rum? 204 
2026-06-23 16:13:50,262 [INFO] Capturing response: https://atomsportv508.top/cdn-cgi/rum? 204 
2026-06-23 16:13:50,289 [INFO] Capturing response: https://atomsportv508.top/favicon.ico 200 
2026-06-23 16:13:50,348 [INFO] Capturing request: https://streamsport365.com/cinema
2026-06-23 16:13:50,417 [INFO] Capturing response: https://teletv5.top/load/yayinlink.php?id=a-spor 200 
2026-06-23 16:13:50,595 [INFO] Capturing response: https://streamsport365.com/cinema 200 
2026-06-23 16:13:50,716 [INFO] Capturing request: https://hlssssssssssssssssss.yedeklinksa35.workers.dev/https://corestream.ronaldovurdu.help//aspor/tracks-v1a1/mono.m3u8
2026-06-23 16:13:50,861 [INFO] Capturing response: https://ts.yedeklinksa35.workers.dev/s-sport2/tracks-v1a1/2026/06/23/16/13/52-06000.avif 200 
2026-06-23 16:13:50,863 [INFO] Capturing response: https://hlssssssssssssssssss.yedeklinksa35.workers.dev/https://corestream.ronaldovurdu.help//aspor/tracks-v1a1/mono.m3u8 200 
2026-06-23 16:13:51,028 [INFO] Capturing request: https://ts.yedeklinksa35.workers.dev/aspor/tracks-v1a1/2026/06/23/16/14/14-05760.avif
2026-06-23 16:13:51,412 [INFO] Capturing response: https://ts.yedeklinksa35.workers.dev/aspor/tracks-v1a1/2026/06/23/16/14/14-05760.avif 200 
2026-06-23 16:13:51,609 [INFO] Capturing request: https://ts.yedeklinksa35.workers.dev/aspor/tracks-v1a1/2026/06/23/16/14/20-05760.avif
2026-06-23 16:13:51,932 [INFO] Capturing response: https://ts.yedeklinksa35.workers.dev/aspor/tracks-v1a1/2026/06/23/16/14/20-05760.avif 200 
2026-06-23 16:13:52,141 [INFO] Capturing request: https://ts.yedeklinksa35.workers.dev/aspor/tracks-v1a1/2026/06/23/16/14/25-05760.avif
2026-06-23 16:13:52,482 [INFO] Capturing response: https://ts.yedeklinksa35.workers.dev/aspor/tracks-v1a1/2026/06/23/16/14/25-05760.avif 200 
2026-06-23 16:13:52,684 [INFO] Capturing request: https://ts.yedeklinksa35.workers.dev/aspor/tracks-v1a1/2026/06/23/16/14/31-05760.avif
2026-06-23 16:13:53,177 [INFO]   ✅ M3U8 bulundu: https://hlssssssssssssssssss.yedeklinksa35.workers.dev/https://corestream.ronaldovurdu.help//aspor/tracks-v1a1/mono.m3u8
2026-06-23 16:13:53,264 [INFO] Capturing response: https://ts.yedeklinksa35.workers.dev/aspor/tracks-v1a1/2026/06/23/16/14/31-05760.avif 200 
2026-06-23 16:13:54,177 [INFO] 
[11/14]
2026-06-23 16:13:54,177 [INFO] 🔍 Tivibu Spor 1 → https://atomsportv508.top/matches?id=tivibu-spor-1
2026-06-23 16:13:54,289 [INFO] Capturing request: https://atomsportv508.top/matches?id=tivibu-spor-1
2026-06-23 16:13:54,289 [INFO] Capturing request: https://atomsportv508.top/assets/js/clappr.js
2026-06-23 16:13:54,328 [INFO] Capturing response: https://atomsportv508.top/matches?id=tivibu-spor-1 200 
2026-06-23 16:13:54,337 [INFO] Capturing request: https://atomsportv508.top/cdn-cgi/rum?
2026-06-23 16:13:54,348 [INFO] Capturing response: https://atomsportv508.top/assets/js/clappr.js 200 
2026-06-23 16:13:54,369 [INFO] Capturing request: https://atomsportv508.top/cdn-cgi/rum?
2026-06-23 16:13:54,370 [INFO] Capturing request: https://streamsport365.com/cinema
2026-06-23 16:13:54,453 [INFO] Capturing response: https://atomsportv508.top/cdn-cgi/rum? 204 
2026-06-23 16:13:54,459 [INFO] Capturing request: https://teletv5.top/load/yayinlink.php?id=tivibu-spor-1
2026-06-23 16:13:54,477 [INFO] Capturing request: https://atomsportv508.top/favicon.ico
2026-06-23 16:13:54,507 [INFO] Capturing response: https://atomsportv508.top/favicon.ico 200 
2026-06-23 16:13:54,520 [INFO] Capturing response: https://atomsportv508.top/cdn-cgi/rum? 204 
2026-06-23 16:13:54,625 [INFO] Capturing response: https://teletv5.top/load/yayinlink.php?id=tivibu-spor-1 200 
2026-06-23 16:13:54,633 [INFO] Capturing response: https://streamsport365.com/cinema 200 
2026-06-23 16:14:27,660 [WARNING]   ❌ Tivibu Spor 1 için M3U8 bulunamadı
2026-06-23 16:14:28,660 [INFO] 
[12/14]
2026-06-23 16:14:28,661 [INFO] 🔍 Tivibu Spor 2 → https://atomsportv508.top/matches?id=tivibu-spor-2
2026-06-23 16:14:28,768 [INFO] Capturing request: https://atomsportv508.top/assets/js/clappr.js
2026-06-23 16:14:28,771 [INFO] Capturing request: https://atomsportv508.top/matches?id=tivibu-spor-2
2026-06-23 16:14:28,834 [INFO] Capturing response: https://atomsportv508.top/assets/js/clappr.js 200 
2026-06-23 16:14:29,277 [INFO] Capturing response: https://atomsportv508.top/matches?id=tivibu-spor-2 200 
2026-06-23 16:14:29,285 [INFO] Capturing request: https://atomsportv508.top/cdn-cgi/rum?
2026-06-23 16:14:29,319 [INFO] Capturing request: https://atomsportv508.top/cdn-cgi/rum?
2026-06-23 16:14:29,417 [INFO] Capturing request: https://teletv5.top/load/yayinlink.php?id=tivibu-spor-2
2026-06-23 16:14:29,421 [INFO] Capturing request: https://atomsportv508.top/favicon.ico
2026-06-23 16:14:29,427 [INFO] Capturing response: https://atomsportv508.top/cdn-cgi/rum? 204 
2026-06-23 16:14:29,429 [INFO] Capturing response: https://atomsportv508.top/cdn-cgi/rum? 204 
2026-06-23 16:14:29,469 [INFO] Capturing response: https://atomsportv508.top/favicon.ico 200 
2026-06-23 16:14:29,516 [INFO] Capturing request: https://streamsport365.com/cinema
2026-06-23 16:14:29,583 [INFO] Capturing response: https://teletv5.top/load/yayinlink.php?id=tivibu-spor-2 200 
2026-06-23 16:14:29,764 [INFO] Capturing response: https://streamsport365.com/cinema 200 
2026-06-23 16:14:38,774 [INFO] 127.0.0.1:55868: HTTP/2 connection terminated by server: error code: 0, last stream id: 201, additional data: b'session_timed_out'
2026-06-23 16:14:39,084 [INFO] 127.0.0.1:55886: HTTP/2 connection terminated by server: error code: 0, last stream id: 201, additional data: b'session_timed_out'
2026-06-23 16:15:02,566 [WARNING]   ❌ Tivibu Spor 2 için M3U8 bulunamadı
2026-06-23 16:15:03,566 [INFO] 
[13/14]
2026-06-23 16:15:03,566 [INFO] 🔍 Tivibu Spor 3 → https://atomsportv508.top/matches?id=tivibu-spor-3
2026-06-23 16:15:03,674 [INFO] Capturing request: https://atomsportv508.top/assets/js/clappr.js
2026-06-23 16:15:03,677 [INFO] Capturing request: https://atomsportv508.top/matches?id=tivibu-spor-3
2026-06-23 16:15:03,695 [INFO] Capturing response: https://atomsportv508.top/assets/js/clappr.js 200 
2026-06-23 16:15:03,933 [INFO] Capturing response: https://atomsportv508.top/matches?id=tivibu-spor-3 200 
2026-06-23 16:15:03,941 [INFO] Capturing request: https://atomsportv508.top/cdn-cgi/rum?
2026-06-23 16:15:03,977 [INFO] Capturing request: https://atomsportv508.top/cdn-cgi/rum?
2026-06-23 16:15:04,049 [INFO] Capturing response: https://atomsportv508.top/cdn-cgi/rum? 204 
2026-06-23 16:15:04,074 [INFO] Capturing request: https://teletv5.top/load/yayinlink.php?id=tivibu-spor-3
2026-06-23 16:15:04,078 [INFO] Capturing request: https://atomsportv508.top/favicon.ico
2026-06-23 16:15:04,126 [INFO] Capturing response: https://atomsportv508.top/cdn-cgi/rum? 204 
2026-06-23 16:15:04,132 [INFO] Capturing response: https://atomsportv508.top/favicon.ico 200 
2026-06-23 16:15:04,172 [INFO] Capturing request: https://streamsport365.com/cinema
2026-06-23 16:15:04,269 [INFO] Capturing response: https://teletv5.top/load/yayinlink.php?id=tivibu-spor-3 200 
2026-06-23 16:15:04,424 [INFO] Capturing response: https://streamsport365.com/cinema 200 
2026-06-23 16:15:37,226 [WARNING]   ❌ Tivibu Spor 3 için M3U8 bulunamadı
2026-06-23 16:15:38,226 [INFO] 
[14/14]
2026-06-23 16:15:38,226 [INFO] 🔍 Tivibu Spor 4 → https://atomsportv508.top/matches?id=tivibu-spor-4
2026-06-23 16:15:38,334 [INFO] Capturing request: https://atomsportv508.top/assets/js/clappr.js
2026-06-23 16:15:38,337 [INFO] Capturing request: https://atomsportv508.top/matches?id=tivibu-spor-4
2026-06-23 16:15:38,367 [INFO] Capturing response: https://atomsportv508.top/assets/js/clappr.js 200 
2026-06-23 16:15:38,527 [INFO] 127.0.0.1:55876: HTTP/2 connection terminated by server: error code: 0, last stream id: 205, additional data: b'session_timed_out'
2026-06-23 16:15:38,594 [INFO] Capturing response: https://atomsportv508.top/matches?id=tivibu-spor-4 200 
2026-06-23 16:15:38,603 [INFO] Capturing request: https://atomsportv508.top/cdn-cgi/rum?
2026-06-23 16:15:38,633 [INFO] Capturing request: https://atomsportv508.top/cdn-cgi/rum?
2026-06-23 16:15:38,729 [INFO] Capturing request: https://teletv5.top/load/yayinlink.php?id=tivibu-spor-4
2026-06-23 16:15:38,737 [INFO] Capturing request: https://atomsportv508.top/favicon.ico
2026-06-23 16:15:38,740 [INFO] Capturing response: https://atomsportv508.top/cdn-cgi/rum? 204 
2026-06-23 16:15:38,743 [INFO] Capturing response: https://atomsportv508.top/cdn-cgi/rum? 204 
2026-06-23 16:15:38,799 [INFO] Capturing response: https://atomsportv508.top/favicon.ico 200 
2026-06-23 16:15:38,826 [INFO] Capturing request: https://streamsport365.com/cinema
2026-06-23 16:15:38,885 [INFO] Capturing response: https://teletv5.top/load/yayinlink.php?id=tivibu-spor-4 200 
2026-06-23 16:15:39,069 [INFO] Capturing response: https://streamsport365.com/cinema 200 
2026-06-23 16:16:04,711 [INFO] Capturing request: https://android.clients.google.com/c2dm/register3
2026-06-23 16:16:04,762 [INFO] Capturing response: https://android.clients.google.com/c2dm/register3 429 
2026-06-23 16:16:11,886 [WARNING]   ❌ Tivibu Spor 4 için M3U8 bulunamadı
2026-06-23 16:16:12,950 [INFO] ✅ 5 kanal bulundu, playlist.m3u kaydedildi
