2026-05-31 12:13:01,370 [INFO] 🌐 BASE_URL: https://atomsportv505.top
2026-05-31 12:13:02,479 [INFO] Başlanıyor... 14 kanal taranacak
2026-05-31 12:13:02,479 [INFO] Using default request storage
2026-05-31 12:13:02,484 [INFO] Created proxy listening on 127.0.0.1:41509
2026-05-31 12:13:03,143 [INFO] Capturing request: http://clients2.google.com/time/1/current?cup2key=10:ZR9VR9KtZ6XADt1Y_Qr9dsM6-bP3yw6pcpU0bpFYxu0&cup2hreq=e3b0c44298fc1c149afbf4c8996fb92427ae41e4649b934ca495991b7852b855
2026-05-31 12:13:03,187 [INFO] Capturing response: http://clients2.google.com/time/1/current?cup2key=10:ZR9VR9KtZ6XADt1Y_Qr9dsM6-bP3yw6pcpU0bpFYxu0&cup2hreq=e3b0c44298fc1c149afbf4c8996fb92427ae41e4649b934ca495991b7852b855 200 OK
2026-05-31 12:13:03,265 [INFO] 
[1/14]
2026-05-31 12:13:03,265 [INFO] 🔍 beIN Sports 1 → https://atomsportv505.top/matches?id=bein-sports-1
2026-05-31 12:13:03,345 [INFO] Capturing request: https://accounts.google.com/ListAccounts?gpsia=1&source=ChromiumBrowser&json=standard&laf=b64bin
2026-05-31 12:13:03,537 [INFO] Capturing response: https://accounts.google.com/ListAccounts?gpsia=1&source=ChromiumBrowser&json=standard&laf=b64bin 200 
2026-05-31 12:13:03,538 [INFO] Capturing request: https://atomsportv505.top/matches?id=bein-sports-1
2026-05-31 12:13:03,642 [INFO] Capturing response: https://atomsportv505.top/matches?id=bein-sports-1 200 
2026-05-31 12:13:03,795 [INFO] Capturing request: https://atomsportv505.top/assets/js/clappr.js
2026-05-31 12:13:03,834 [INFO] Capturing response: https://atomsportv505.top/assets/js/clappr.js 200 
2026-05-31 12:13:03,844 [INFO] Capturing request: https://cdnjs.cloudflare.com/ajax/libs/jquery/3.2.1/jquery.min.js
2026-05-31 12:13:03,851 [INFO] Capturing request: https://cdn.jsdelivr.net/npm/@clappr/player@latest/dist/clappr.min.js
2026-05-31 12:13:03,857 [INFO] Capturing request: https://www.google.com/async/folae?async=_fmt:pb&udm=50&client_locale=en-US
2026-05-31 12:13:03,871 [INFO] Capturing response: https://cdn.jsdelivr.net/npm/@clappr/player@latest/dist/clappr.min.js 200 
2026-05-31 12:13:03,879 [INFO] Capturing response: https://cdnjs.cloudflare.com/ajax/libs/jquery/3.2.1/jquery.min.js 200 
2026-05-31 12:13:03,895 [INFO] Capturing response: https://www.google.com/async/folae?async=_fmt:pb&udm=50&client_locale=en-US 200 
2026-05-31 12:13:04,077 [INFO] Capturing request: https://static.cloudflareinsights.com/beacon.min.js/v833ccba57c9e4d2798f2e76cebdd09a11778172276447
2026-05-31 12:13:04,091 [INFO] Capturing response: https://static.cloudflareinsights.com/beacon.min.js/v833ccba57c9e4d2798f2e76cebdd09a11778172276447 200 
2026-05-31 12:13:04,149 [INFO] Capturing request: https://atomsportv505.top/cdn-cgi/rum?
2026-05-31 12:13:04,254 [INFO] Capturing request: https://atomsportv505.top/favicon.ico
2026-05-31 12:13:04,301 [INFO] Capturing response: https://atomsportv505.top/cdn-cgi/rum? 204 
2026-05-31 12:13:04,316 [INFO] Capturing response: https://atomsportv505.top/favicon.ico 200 
2026-05-31 12:13:04,545 [INFO] Capturing request: https://teletv5.top/load/yayinlink.php?id=bein-sports-1
2026-05-31 12:13:04,850 [INFO] Capturing request: https://streamsport365.com/cinema
2026-05-31 12:13:04,860 [INFO] Capturing response: https://teletv5.top/load/yayinlink.php?id=bein-sports-1 200 
2026-05-31 12:13:05,119 [INFO] Capturing response: https://streamsport365.com/cinema 200 
2026-05-31 12:13:05,249 [INFO] Capturing request: https://atomsportv505.top/assets/img/player_logo_6880e4e4c52ee.png
2026-05-31 12:13:05,298 [INFO] Capturing response: https://atomsportv505.top/assets/img/player_logo_6880e4e4c52ee.png 200 
2026-05-31 12:13:05,336 [INFO] Capturing request: https://hlssssssssssssssssss.yedeklinksa35.workers.dev/https://corestream.ronaldovurdu.help//trt1/tracks-v1a1/mono.m3u8
2026-05-31 12:13:05,698 [INFO] Capturing response: https://hlssssssssssssssssss.yedeklinksa35.workers.dev/https://corestream.ronaldovurdu.help//trt1/tracks-v1a1/mono.m3u8 200 
2026-05-31 12:13:05,908 [INFO] Capturing request: https://ts.yedeklinksa35.workers.dev/trt1/tracks-v1a1/2026/05/31/12/13/08-06000.avif
2026-05-31 12:13:06,035 [INFO] Capturing request: https://android.clients.google.com/checkin
2026-05-31 12:13:06,114 [INFO] Capturing response: https://android.clients.google.com/checkin 200 
2026-05-31 12:13:06,164 [INFO] Capturing request: https://android.clients.google.com/c2dm/register3
2026-05-31 12:13:06,172 [INFO] Capturing request: https://android.clients.google.com/c2dm/register3
2026-05-31 12:13:06,175 [INFO] Capturing request: https://android.clients.google.com/c2dm/register3
2026-05-31 12:13:06,195 [INFO] Capturing response: https://android.clients.google.com/c2dm/register3 301 
2026-05-31 12:13:06,590 [INFO] Capturing response: https://android.clients.google.com/c2dm/register3 200 
2026-05-31 12:13:06,755 [INFO] Capturing response: https://android.clients.google.com/c2dm/register3 200 
2026-05-31 12:13:06,908 [INFO] Capturing response: https://ts.yedeklinksa35.workers.dev/trt1/tracks-v1a1/2026/05/31/12/13/08-06000.avif 200 
2026-05-31 12:13:07,183 [INFO]   ✅ M3U8 bulundu: https://hlssssssssssssssssss.yedeklinksa35.workers.dev/https://corestream.ronaldovurdu.help//trt1/tracks-v1a1/mono.m3u8
2026-05-31 12:13:07,339 [INFO] Capturing request: https://ts.yedeklinksa35.workers.dev/trt1/tracks-v1a1/2026/05/31/12/13/08-06000.avif
2026-05-31 12:13:07,793 [INFO] Capturing response: https://ts.yedeklinksa35.workers.dev/trt1/tracks-v1a1/2026/05/31/12/13/08-06000.avif 200 
2026-05-31 12:13:08,184 [INFO] 
[2/14]
2026-05-31 12:13:08,184 [INFO] 🔍 beIN Sports 2 → https://atomsportv505.top/matches?id=bein-sports-2
2026-05-31 12:13:08,209 [INFO] Capturing request: https://ts.yedeklinksa35.workers.dev/trt1/tracks-v1a1/2026/05/31/12/13/08-06000.avif
2026-05-31 12:13:08,297 [INFO] Capturing request: https://atomsportv505.top/matches?id=bein-sports-2
2026-05-31 12:13:08,338 [INFO] Capturing response: https://atomsportv505.top/matches?id=bein-sports-2 200 
2026-05-31 12:13:08,363 [INFO] Capturing request: https://atomsportv505.top/cdn-cgi/rum?
2026-05-31 12:13:08,408 [INFO] Capturing request: https://streamsport365.com/cinema
2026-05-31 12:13:08,408 [INFO] Capturing request: https://atomsportv505.top/cdn-cgi/rum?
2026-05-31 12:13:08,505 [INFO] Capturing request: https://teletv5.top/load/yayinlink.php?id=bein-sports-2
2026-05-31 12:13:08,514 [INFO] Capturing request: https://atomsportv505.top/favicon.ico
2026-05-31 12:13:08,519 [INFO] Capturing response: https://atomsportv505.top/cdn-cgi/rum? 204 
2026-05-31 12:13:08,552 [INFO] Capturing response: https://atomsportv505.top/favicon.ico 200 
2026-05-31 12:13:08,568 [INFO] Capturing response: https://atomsportv505.top/cdn-cgi/rum? 204 
2026-05-31 12:13:08,674 [INFO] Capturing response: https://teletv5.top/load/yayinlink.php?id=bein-sports-2 200 
2026-05-31 12:13:08,689 [INFO] Capturing response: https://streamsport365.com/cinema 200 
2026-05-31 12:13:08,729 [INFO] Capturing response: https://ts.yedeklinksa35.workers.dev/trt1/tracks-v1a1/2026/05/31/12/13/08-06000.avif 200 
2026-05-31 12:13:08,820 [INFO] Capturing request: https://hlssssssssssssssssss.yedeklinksa35.workers.dev/https://corestream.ronaldovurdu.help//bein2/tracks-v1a1/mono.m3u8
2026-05-31 12:13:08,964 [INFO] Capturing response: https://hlssssssssssssssssss.yedeklinksa35.workers.dev/https://corestream.ronaldovurdu.help//bein2/tracks-v1a1/mono.m3u8 200 
2026-05-31 12:13:09,075 [INFO] Capturing request: https://ts.yedeklinksa35.workers.dev/bein2/tracks-v1a1/2026/05/31/12/12/51-10000.avif
2026-05-31 12:13:09,508 [INFO] Capturing response: https://ts.yedeklinksa35.workers.dev/bein2/tracks-v1a1/2026/05/31/12/12/51-10000.avif 200 
2026-05-31 12:13:09,727 [INFO] Capturing request: https://ts.yedeklinksa35.workers.dev/bein2/tracks-v1a1/2026/05/31/12/13/01-06400.avif
2026-05-31 12:13:10,253 [INFO] Capturing response: https://ts.yedeklinksa35.workers.dev/bein2/tracks-v1a1/2026/05/31/12/13/01-06400.avif 200 
2026-05-31 12:13:10,435 [INFO] Capturing request: https://ts.yedeklinksa35.workers.dev/bein2/tracks-v1a1/2026/05/31/12/13/07-10000.avif
2026-05-31 12:13:10,729 [INFO] Capturing response: https://ts.yedeklinksa35.workers.dev/bein2/tracks-v1a1/2026/05/31/12/13/07-10000.avif 200 
2026-05-31 12:13:10,928 [INFO] Capturing request: https://ts.yedeklinksa35.workers.dev/bein2/tracks-v1a1/2026/05/31/12/13/17-10000.avif
2026-05-31 12:13:11,430 [INFO]   ✅ M3U8 bulundu: https://hlssssssssssssssssss.yedeklinksa35.workers.dev/https://corestream.ronaldovurdu.help//bein2/tracks-v1a1/mono.m3u8
2026-05-31 12:13:11,545 [INFO] Capturing response: https://ts.yedeklinksa35.workers.dev/bein2/tracks-v1a1/2026/05/31/12/13/17-10000.avif 200 
2026-05-31 12:13:12,430 [INFO] 
[3/14]
2026-05-31 12:13:12,430 [INFO] 🔍 beIN Sports 3 → https://atomsportv505.top/matches?id=bein-sports-3
2026-05-31 12:13:12,542 [INFO] Capturing request: https://atomsportv505.top/matches?id=bein-sports-3
2026-05-31 12:13:12,574 [INFO] Capturing response: https://atomsportv505.top/matches?id=bein-sports-3 200 
2026-05-31 12:13:12,586 [INFO] Capturing request: https://atomsportv505.top/cdn-cgi/rum?
2026-05-31 12:13:12,611 [INFO] Capturing request: https://atomsportv505.top/cdn-cgi/rum?
2026-05-31 12:13:12,710 [INFO] Capturing request: https://atomsportv505.top/favicon.ico
2026-05-31 12:13:12,712 [INFO] Capturing request: https://teletv5.top/load/yayinlink.php?id=bein-sports-3
2026-05-31 12:13:12,719 [INFO] Capturing response: https://atomsportv505.top/cdn-cgi/rum? 204 
2026-05-31 12:13:12,721 [INFO] Capturing response: https://atomsportv505.top/cdn-cgi/rum? 204 
2026-05-31 12:13:12,749 [INFO] Capturing response: https://atomsportv505.top/favicon.ico 200 
2026-05-31 12:13:12,822 [INFO] Capturing request: https://streamsport365.com/cinema
2026-05-31 12:13:12,875 [INFO] Capturing response: https://teletv5.top/load/yayinlink.php?id=bein-sports-3 200 
2026-05-31 12:13:13,101 [INFO] Capturing response: https://streamsport365.com/cinema 200 
2026-05-31 12:13:33,036 [INFO] Capturing request: https://android.clients.google.com/c2dm/register3
2026-05-31 12:13:33,064 [INFO] Capturing response: https://android.clients.google.com/c2dm/register3 301 
2026-05-31 12:13:45,911 [WARNING]   ❌ beIN Sports 3 için M3U8 bulunamadı
2026-05-31 12:13:46,911 [INFO] 
[4/14]
2026-05-31 12:13:46,911 [INFO] 🔍 beIN Sports 4 → https://atomsportv505.top/matches?id=bein-sports-4
2026-05-31 12:13:47,019 [INFO] Capturing request: https://atomsportv505.top/matches?id=bein-sports-4
2026-05-31 12:13:47,504 [INFO] Capturing response: https://atomsportv505.top/matches?id=bein-sports-4 200 
2026-05-31 12:13:47,512 [INFO] Capturing request: https://atomsportv505.top/cdn-cgi/rum?
2026-05-31 12:13:47,543 [INFO] Capturing request: https://atomsportv505.top/cdn-cgi/rum?
2026-05-31 12:13:47,620 [INFO] Capturing response: https://atomsportv505.top/cdn-cgi/rum? 204 
2026-05-31 12:13:47,639 [INFO] Capturing request: https://teletv5.top/load/yayinlink.php?id=bein-sports-4
2026-05-31 12:13:47,643 [INFO] Capturing request: https://atomsportv505.top/favicon.ico
2026-05-31 12:13:47,685 [INFO] Capturing response: https://atomsportv505.top/favicon.ico 200 
2026-05-31 12:13:47,694 [INFO] Capturing response: https://atomsportv505.top/cdn-cgi/rum? 204 
2026-05-31 12:13:47,750 [INFO] Capturing request: https://streamsport365.com/cinema
2026-05-31 12:13:47,803 [INFO] Capturing response: https://teletv5.top/load/yayinlink.php?id=bein-sports-4 200 
2026-05-31 12:13:48,028 [INFO] Capturing response: https://streamsport365.com/cinema 200 
2026-05-31 12:14:03,224 [INFO] Capturing request: https://update.googleapis.com/service/update2/json?cup2key=16:asQACUD9qwED0FMHPCwLlUp67t7OyMjXHysZw__B01U&cup2hreq=93721619a39a012bc296a609f6cacce6c0dfa461f4819140702da459d23d7e44
2026-05-31 12:14:03,262 [INFO] Capturing response: https://update.googleapis.com/service/update2/json?cup2key=16:asQACUD9qwED0FMHPCwLlUp67t7OyMjXHysZw__B01U&cup2hreq=93721619a39a012bc296a609f6cacce6c0dfa461f4819140702da459d23d7e44 200 
2026-05-31 12:14:03,308 [INFO] Capturing request: http://edgedl.me.gvt1.com/edgedl/diffgen-puffin/gcmjkmgdlgnkkcocmoeiminaijmmjnii/71d926df14cb4c89c6f8f88e6c0bfcf6fe1e1a256ca7f8db04002a111af4c5b0
2026-05-31 12:14:03,343 [INFO] Capturing response: http://edgedl.me.gvt1.com/edgedl/diffgen-puffin/gcmjkmgdlgnkkcocmoeiminaijmmjnii/71d926df14cb4c89c6f8f88e6c0bfcf6fe1e1a256ca7f8db04002a111af4c5b0 200 OK
2026-05-31 12:14:03,368 [INFO] Capturing request: https://update.googleapis.com/service/update2/json
2026-05-31 12:14:03,392 [INFO] Capturing response: https://update.googleapis.com/service/update2/json 200 
2026-05-31 12:14:03,398 [INFO] Capturing request: http://edgedl.me.gvt1.com/edgedl/release2/chrome_component/kpdm7uy5ijtbqtrjx7o57g24a4_10558/hfnkpimlhhgieaddgfemjhofmfblmnib_10558_all_kuz4egg6zmkbm6gb7eizcs6v5i.crx3
2026-05-31 12:14:03,414 [INFO] Capturing response: http://edgedl.me.gvt1.com/edgedl/release2/chrome_component/kpdm7uy5ijtbqtrjx7o57g24a4_10558/hfnkpimlhhgieaddgfemjhofmfblmnib_10558_all_kuz4egg6zmkbm6gb7eizcs6v5i.crx3 200 OK
2026-05-31 12:14:03,450 [INFO] Capturing request: https://update.googleapis.com/service/update2/json
2026-05-31 12:14:03,472 [INFO] Capturing response: https://update.googleapis.com/service/update2/json 200 
2026-05-31 12:14:13,528 [INFO] Capturing request: https://android.clients.google.com/c2dm/register3
2026-05-31 12:14:13,554 [INFO] Capturing response: https://android.clients.google.com/c2dm/register3 301 
2026-05-31 12:14:20,816 [WARNING]   ❌ beIN Sports 4 için M3U8 bulunamadı
2026-05-31 12:14:21,816 [INFO] 
[5/14]
2026-05-31 12:14:21,816 [INFO] 🔍 beIN Sports 5 → https://atomsportv505.top/matches?id=bein-sports-5
2026-05-31 12:14:21,994 [INFO] Capturing request: https://atomsportv505.top/matches?id=bein-sports-5
2026-05-31 12:14:22,000 [INFO] Capturing request: https://atomsportv505.top/assets/js/clappr.js
2026-05-31 12:14:22,025 [INFO] Capturing response: https://atomsportv505.top/assets/js/clappr.js 200 
2026-05-31 12:14:22,560 [INFO] Capturing response: https://atomsportv505.top/matches?id=bein-sports-5 200 
2026-05-31 12:14:22,569 [INFO] Capturing request: https://atomsportv505.top/cdn-cgi/rum?
2026-05-31 12:14:22,596 [INFO] Capturing request: https://atomsportv505.top/cdn-cgi/rum?
2026-05-31 12:14:22,703 [INFO] Capturing request: https://atomsportv505.top/favicon.ico
2026-05-31 12:14:22,710 [INFO] Capturing response: https://atomsportv505.top/cdn-cgi/rum? 204 
2026-05-31 12:14:22,712 [INFO] Capturing response: https://atomsportv505.top/cdn-cgi/rum? 204 
2026-05-31 12:14:22,743 [INFO] Capturing response: https://atomsportv505.top/favicon.ico 200 
2026-05-31 12:14:22,745 [INFO] Capturing request: https://teletv5.top/load/yayinlink.php?id=bein-sports-5
2026-05-31 12:14:22,914 [INFO] Capturing response: https://teletv5.top/load/yayinlink.php?id=bein-sports-5 200 
2026-05-31 12:14:23,224 [INFO] Capturing request: https://streamsport365.com/cinema
2026-05-31 12:14:23,496 [INFO] Capturing response: https://streamsport365.com/cinema 200 
2026-05-31 12:14:55,861 [WARNING]   ❌ beIN Sports 5 için M3U8 bulunamadı
2026-05-31 12:14:56,861 [INFO] 
[6/14]
2026-05-31 12:14:56,861 [INFO] 🔍 beIN Sports Max 1 → https://atomsportv505.top/matches?id=bein-sports-max-1
2026-05-31 12:14:56,968 [INFO] Capturing request: https://atomsportv505.top/assets/js/clappr.js
2026-05-31 12:14:56,970 [INFO] Capturing request: https://atomsportv505.top/matches?id=bein-sports-max-1
2026-05-31 12:14:56,996 [INFO] Capturing response: https://atomsportv505.top/assets/js/clappr.js 200 
2026-05-31 12:14:57,249 [INFO] Capturing response: https://atomsportv505.top/matches?id=bein-sports-max-1 200 
2026-05-31 12:14:57,258 [INFO] Capturing request: https://atomsportv505.top/cdn-cgi/rum?
2026-05-31 12:14:57,290 [INFO] Capturing request: https://atomsportv505.top/cdn-cgi/rum?
2026-05-31 12:14:57,368 [INFO] Capturing response: https://atomsportv505.top/cdn-cgi/rum? 204 
2026-05-31 12:14:57,385 [INFO] Capturing request: https://teletv5.top/load/yayinlink.php?id=bein-sports-max-1
2026-05-31 12:14:57,394 [INFO] Capturing request: https://atomsportv505.top/favicon.ico
2026-05-31 12:14:57,442 [INFO] Capturing response: https://atomsportv505.top/cdn-cgi/rum? 204 
2026-05-31 12:14:57,447 [INFO] Capturing response: https://atomsportv505.top/favicon.ico 200 
2026-05-31 12:14:57,505 [INFO] Capturing request: https://streamsport365.com/cinema
2026-05-31 12:14:57,549 [INFO] Capturing response: https://teletv5.top/load/yayinlink.php?id=bein-sports-max-1 200 
2026-05-31 12:14:57,783 [INFO] Capturing response: https://streamsport365.com/cinema 200 
2026-05-31 12:15:30,554 [WARNING]   ❌ beIN Sports Max 1 için M3U8 bulunamadı
2026-05-31 12:15:31,554 [INFO] 
[7/14]
2026-05-31 12:15:31,554 [INFO] 🔍 beIN Sports Max 2 → https://atomsportv505.top/matches?id=bein-sports-max-2
2026-05-31 12:15:31,662 [INFO] Capturing request: https://atomsportv505.top/assets/js/clappr.js
2026-05-31 12:15:31,665 [INFO] Capturing request: https://atomsportv505.top/matches?id=bein-sports-max-2
2026-05-31 12:15:31,682 [INFO] Capturing response: https://atomsportv505.top/assets/js/clappr.js 200 
2026-05-31 12:15:31,920 [INFO] Capturing response: https://atomsportv505.top/matches?id=bein-sports-max-2 200 
2026-05-31 12:15:31,930 [INFO] Capturing request: https://atomsportv505.top/cdn-cgi/rum?
2026-05-31 12:15:31,957 [INFO] Capturing request: https://atomsportv505.top/cdn-cgi/rum?
2026-05-31 12:15:32,055 [INFO] Capturing request: https://teletv5.top/load/yayinlink.php?id=bein-sports-max-2
2026-05-31 12:15:32,059 [INFO] Capturing request: https://atomsportv505.top/favicon.ico
2026-05-31 12:15:32,066 [INFO] Capturing response: https://atomsportv505.top/cdn-cgi/rum? 204 
2026-05-31 12:15:32,068 [INFO] Capturing response: https://atomsportv505.top/cdn-cgi/rum? 204 
2026-05-31 12:15:32,100 [INFO] Capturing response: https://atomsportv505.top/favicon.ico 200 
2026-05-31 12:15:32,166 [INFO] Capturing request: https://streamsport365.com/cinema
2026-05-31 12:15:32,221 [INFO] Capturing response: https://teletv5.top/load/yayinlink.php?id=bein-sports-max-2 200 
2026-05-31 12:15:32,446 [INFO] Capturing response: https://streamsport365.com/cinema 200 
2026-05-31 12:15:51,361 [INFO] Capturing request: https://android.clients.google.com/c2dm/register3
2026-05-31 12:15:51,394 [INFO] Capturing response: https://android.clients.google.com/c2dm/register3 301 
2026-05-31 12:16:05,229 [WARNING]   ❌ beIN Sports Max 2 için M3U8 bulunamadı
2026-05-31 12:16:06,230 [INFO] 
[8/14]
2026-05-31 12:16:06,230 [INFO] 🔍 S Sport → https://atomsportv505.top/matches?id=s-sport
2026-05-31 12:16:06,341 [INFO] Capturing request: https://atomsportv505.top/assets/js/clappr.js
2026-05-31 12:16:06,342 [INFO] Capturing request: https://atomsportv505.top/matches?id=s-sport
2026-05-31 12:16:06,362 [INFO] Capturing response: https://atomsportv505.top/assets/js/clappr.js 200 
2026-05-31 12:16:06,612 [INFO] Capturing response: https://atomsportv505.top/matches?id=s-sport 200 
2026-05-31 12:16:06,624 [INFO] Capturing request: https://atomsportv505.top/cdn-cgi/rum?
2026-05-31 12:16:06,655 [INFO] Capturing request: https://atomsportv505.top/cdn-cgi/rum?
2026-05-31 12:16:06,734 [INFO] Capturing response: https://atomsportv505.top/cdn-cgi/rum? 204 
2026-05-31 12:16:06,748 [INFO] Capturing request: https://teletv5.top/load/yayinlink.php?id=s-sport
2026-05-31 12:16:06,755 [INFO] Capturing request: https://atomsportv505.top/favicon.ico
2026-05-31 12:16:06,793 [INFO] Capturing response: https://atomsportv505.top/favicon.ico 200 
2026-05-31 12:16:06,805 [INFO] Capturing response: https://atomsportv505.top/cdn-cgi/rum? 204 
2026-05-31 12:16:06,863 [INFO] Capturing request: https://streamsport365.com/cinema
2026-05-31 12:16:06,914 [INFO] Capturing response: https://teletv5.top/load/yayinlink.php?id=s-sport 200 
2026-05-31 12:16:07,137 [INFO] Capturing response: https://streamsport365.com/cinema 200 
2026-05-31 12:16:07,294 [INFO] Capturing request: https://hlssssssssssssssssss.yedeklinksa35.workers.dev/https://corestream.ronaldovurdu.help//s-sportt/tracks-v1a1/mono.m3u8
2026-05-31 12:16:07,568 [INFO] Capturing response: https://hlssssssssssssssssss.yedeklinksa35.workers.dev/https://corestream.ronaldovurdu.help//s-sportt/tracks-v1a1/mono.m3u8 200 
2026-05-31 12:16:07,753 [INFO] Capturing request: https://ts.yedeklinksa35.workers.dev/s-sportt/tracks-v1a1/2026/05/31/12/16/28-06000.avif
2026-05-31 12:16:08,227 [INFO] Capturing response: https://ts.yedeklinksa35.workers.dev/s-sportt/tracks-v1a1/2026/05/31/12/16/28-06000.avif 200 
2026-05-31 12:16:08,470 [INFO] Capturing request: https://ts.yedeklinksa35.workers.dev/s-sportt/tracks-v1a1/2026/05/31/12/16/34-06000.avif
2026-05-31 12:16:08,930 [INFO] Capturing response: https://ts.yedeklinksa35.workers.dev/s-sportt/tracks-v1a1/2026/05/31/12/16/34-06000.avif 200 
2026-05-31 12:16:09,173 [INFO] Capturing request: https://ts.yedeklinksa35.workers.dev/s-sportt/tracks-v1a1/2026/05/31/12/16/40-06000.avif
2026-05-31 12:16:09,552 [INFO] Capturing response: https://ts.yedeklinksa35.workers.dev/s-sportt/tracks-v1a1/2026/05/31/12/16/40-06000.avif 200 
2026-05-31 12:16:09,671 [INFO]   ✅ M3U8 bulundu: https://hlssssssssssssssssss.yedeklinksa35.workers.dev/https://corestream.ronaldovurdu.help//s-sportt/tracks-v1a1/mono.m3u8
2026-05-31 12:16:10,672 [INFO] 
[9/14]
2026-05-31 12:16:10,672 [INFO] 🔍 S Sport 2 → https://atomsportv505.top/matches?id=s-sport-2
2026-05-31 12:16:10,783 [INFO] Capturing request: https://atomsportv505.top/assets/js/clappr.js
2026-05-31 12:16:10,785 [INFO] Capturing request: https://atomsportv505.top/matches?id=s-sport-2
2026-05-31 12:16:10,803 [INFO] Capturing response: https://atomsportv505.top/assets/js/clappr.js 200 
2026-05-31 12:16:10,841 [INFO] Capturing response: https://atomsportv505.top/matches?id=s-sport-2 200 
2026-05-31 12:16:10,850 [INFO] Capturing request: https://atomsportv505.top/cdn-cgi/rum?
2026-05-31 12:16:10,886 [INFO] Capturing request: https://atomsportv505.top/cdn-cgi/rum?
2026-05-31 12:16:10,889 [INFO] Capturing request: https://streamsport365.com/cinema
2026-05-31 12:16:10,984 [INFO] Capturing request: https://teletv5.top/load/yayinlink.php?id=s-sport-2
2026-05-31 12:16:11,000 [INFO] Capturing request: https://atomsportv505.top/favicon.ico
2026-05-31 12:16:11,003 [INFO] Capturing response: https://atomsportv505.top/cdn-cgi/rum? 204 
2026-05-31 12:16:11,004 [INFO] Capturing response: https://atomsportv505.top/cdn-cgi/rum? 204 
2026-05-31 12:16:11,037 [INFO] Capturing response: https://atomsportv505.top/favicon.ico 200 
2026-05-31 12:16:11,149 [INFO] Capturing response: https://teletv5.top/load/yayinlink.php?id=s-sport-2 200 
2026-05-31 12:16:11,176 [INFO] Capturing response: https://streamsport365.com/cinema 200 
2026-05-31 12:16:11,309 [INFO] Capturing request: https://hlssssssssssssssssss.yedeklinksa35.workers.dev/https://corestream.ronaldovurdu.help//s-sport2/tracks-v1a1/mono.m3u8
2026-05-31 12:16:11,451 [INFO] Capturing response: https://hlssssssssssssssssss.yedeklinksa35.workers.dev/https://corestream.ronaldovurdu.help//s-sport2/tracks-v1a1/mono.m3u8 200 
2026-05-31 12:16:11,561 [INFO] Capturing request: https://ts.yedeklinksa35.workers.dev/s-sport2/tracks-v1a1/2026/05/31/12/16/48-06000.avif
2026-05-31 12:16:12,036 [INFO] Capturing response: https://ts.yedeklinksa35.workers.dev/s-sport2/tracks-v1a1/2026/05/31/12/16/48-06000.avif 200 
2026-05-31 12:16:13,915 [INFO]   ✅ M3U8 bulundu: https://hlssssssssssssssssss.yedeklinksa35.workers.dev/https://corestream.ronaldovurdu.help//s-sport2/tracks-v1a1/mono.m3u8
2026-05-31 12:16:14,915 [INFO] 
[10/14]
2026-05-31 12:16:14,915 [INFO] 🔍 A Spor → https://atomsportv505.top/matches?id=a-spor
2026-05-31 12:16:15,025 [INFO] Capturing request: https://atomsportv505.top/assets/js/clappr.js
2026-05-31 12:16:15,026 [INFO] Capturing request: https://atomsportv505.top/matches?id=a-spor
2026-05-31 12:16:15,043 [INFO] Capturing response: https://atomsportv505.top/assets/js/clappr.js 200 
2026-05-31 12:16:15,084 [INFO] Capturing response: https://atomsportv505.top/matches?id=a-spor 200 
2026-05-31 12:16:15,095 [INFO] Capturing request: https://atomsportv505.top/cdn-cgi/rum?
2026-05-31 12:16:15,130 [INFO] Capturing request: https://atomsportv505.top/cdn-cgi/rum?
2026-05-31 12:16:15,230 [INFO] Capturing request: https://teletv5.top/load/yayinlink.php?id=a-spor
2026-05-31 12:16:15,235 [INFO] Capturing request: https://atomsportv505.top/favicon.ico
2026-05-31 12:16:15,238 [INFO] Capturing response: https://atomsportv505.top/cdn-cgi/rum? 204 
2026-05-31 12:16:15,240 [INFO] Capturing response: https://atomsportv505.top/cdn-cgi/rum? 204 
2026-05-31 12:16:15,274 [INFO] Capturing response: https://atomsportv505.top/favicon.ico 200 
2026-05-31 12:16:15,345 [INFO] Capturing request: https://streamsport365.com/cinema
2026-05-31 12:16:15,394 [INFO] Capturing response: https://teletv5.top/load/yayinlink.php?id=a-spor 200 
2026-05-31 12:16:15,637 [INFO] Capturing response: https://streamsport365.com/cinema 200 
2026-05-31 12:16:15,755 [INFO] Capturing request: https://hlssssssssssssssssss.yedeklinksa35.workers.dev/https://corestream.ronaldovurdu.help//aspor/tracks-v1a1/mono.m3u8
2026-05-31 12:16:15,901 [INFO] Capturing response: https://hlssssssssssssssssss.yedeklinksa35.workers.dev/https://corestream.ronaldovurdu.help//aspor/tracks-v1a1/mono.m3u8 404 
2026-05-31 12:16:18,146 [INFO]   ✅ M3U8 bulundu: https://hlssssssssssssssssss.yedeklinksa35.workers.dev/https://corestream.ronaldovurdu.help//aspor/tracks-v1a1/mono.m3u8
2026-05-31 12:16:19,146 [INFO] 
[11/14]
2026-05-31 12:16:19,146 [INFO] 🔍 Tivibu Spor 1 → https://atomsportv505.top/matches?id=tivibu-spor-1
2026-05-31 12:16:19,255 [INFO] Capturing request: https://atomsportv505.top/matches?id=tivibu-spor-1
2026-05-31 12:16:19,256 [INFO] Capturing request: https://atomsportv505.top/assets/js/clappr.js
2026-05-31 12:16:19,293 [INFO] Capturing response: https://atomsportv505.top/matches?id=tivibu-spor-1 200 
2026-05-31 12:16:19,303 [INFO] Capturing request: https://atomsportv505.top/cdn-cgi/rum?
2026-05-31 12:16:19,309 [INFO] Capturing response: https://atomsportv505.top/assets/js/clappr.js 200 
2026-05-31 12:16:19,328 [INFO] Capturing request: https://atomsportv505.top/cdn-cgi/rum?
2026-05-31 12:16:19,329 [INFO] Capturing request: https://streamsport365.com/cinema
2026-05-31 12:16:19,423 [INFO] Capturing request: https://teletv5.top/load/yayinlink.php?id=tivibu-spor-1
2026-05-31 12:16:19,434 [INFO] Capturing request: https://atomsportv505.top/favicon.ico
2026-05-31 12:16:19,438 [INFO] Capturing response: https://atomsportv505.top/cdn-cgi/rum? 204 
2026-05-31 12:16:19,440 [INFO] Capturing response: https://atomsportv505.top/cdn-cgi/rum? 204 
2026-05-31 12:16:19,470 [INFO] Capturing response: https://atomsportv505.top/favicon.ico 200 
2026-05-31 12:16:19,592 [INFO] Capturing response: https://teletv5.top/load/yayinlink.php?id=tivibu-spor-1 200 
2026-05-31 12:16:19,607 [INFO] Capturing response: https://streamsport365.com/cinema 200 
2026-05-31 12:16:52,594 [WARNING]   ❌ Tivibu Spor 1 için M3U8 bulunamadı
2026-05-31 12:16:53,594 [INFO] 
[12/14]
2026-05-31 12:16:53,594 [INFO] 🔍 Tivibu Spor 2 → https://atomsportv505.top/matches?id=tivibu-spor-2
2026-05-31 12:16:53,704 [INFO] Capturing request: https://atomsportv505.top/assets/js/clappr.js
2026-05-31 12:16:53,705 [INFO] Capturing request: https://atomsportv505.top/matches?id=tivibu-spor-2
2026-05-31 12:16:53,724 [INFO] Capturing response: https://atomsportv505.top/assets/js/clappr.js 200 
2026-05-31 12:16:53,971 [INFO] Capturing response: https://atomsportv505.top/matches?id=tivibu-spor-2 200 
2026-05-31 12:16:53,980 [INFO] Capturing request: https://atomsportv505.top/cdn-cgi/rum?
2026-05-31 12:16:54,015 [INFO] Capturing request: https://atomsportv505.top/cdn-cgi/rum?
2026-05-31 12:16:54,090 [INFO] Capturing response: https://atomsportv505.top/cdn-cgi/rum? 204 
2026-05-31 12:16:54,109 [INFO] Capturing request: https://teletv5.top/load/yayinlink.php?id=tivibu-spor-2
2026-05-31 12:16:54,116 [INFO] Capturing request: https://atomsportv505.top/favicon.ico
2026-05-31 12:16:54,158 [INFO] Capturing response: https://atomsportv505.top/favicon.ico 200 
2026-05-31 12:16:54,166 [INFO] Capturing response: https://atomsportv505.top/cdn-cgi/rum? 204 
2026-05-31 12:16:54,224 [INFO] Capturing request: https://streamsport365.com/cinema
2026-05-31 12:16:54,276 [INFO] Capturing response: https://teletv5.top/load/yayinlink.php?id=tivibu-spor-2 200 
2026-05-31 12:16:54,501 [INFO] Capturing response: https://streamsport365.com/cinema 200 
2026-05-31 12:17:27,286 [WARNING]   ❌ Tivibu Spor 2 için M3U8 bulunamadı
2026-05-31 12:17:28,286 [INFO] 
[13/14]
2026-05-31 12:17:28,286 [INFO] 🔍 Tivibu Spor 3 → https://atomsportv505.top/matches?id=tivibu-spor-3
2026-05-31 12:17:28,396 [INFO] Capturing request: https://atomsportv505.top/assets/js/clappr.js
2026-05-31 12:17:28,397 [INFO] Capturing request: https://atomsportv505.top/matches?id=tivibu-spor-3
2026-05-31 12:17:28,415 [INFO] Capturing response: https://atomsportv505.top/assets/js/clappr.js 200 
2026-05-31 12:17:28,654 [INFO] Capturing response: https://atomsportv505.top/matches?id=tivibu-spor-3 200 
2026-05-31 12:17:28,664 [INFO] Capturing request: https://atomsportv505.top/cdn-cgi/rum?
2026-05-31 12:17:28,693 [INFO] Capturing request: https://atomsportv505.top/cdn-cgi/rum?
2026-05-31 12:17:28,773 [INFO] Capturing response: https://atomsportv505.top/cdn-cgi/rum? 204 
2026-05-31 12:17:28,788 [INFO] Capturing request: https://teletv5.top/load/yayinlink.php?id=tivibu-spor-3
2026-05-31 12:17:28,796 [INFO] Capturing request: https://atomsportv505.top/favicon.ico
2026-05-31 12:17:28,836 [INFO] Capturing response: https://atomsportv505.top/favicon.ico 200 
2026-05-31 12:17:28,843 [INFO] Capturing response: https://atomsportv505.top/cdn-cgi/rum? 204 
2026-05-31 12:17:28,905 [INFO] Capturing request: https://streamsport365.com/cinema
2026-05-31 12:17:28,959 [INFO] Capturing response: https://teletv5.top/load/yayinlink.php?id=tivibu-spor-3 200 
2026-05-31 12:17:29,188 [INFO] Capturing response: https://streamsport365.com/cinema 200 
2026-05-31 12:18:01,964 [WARNING]   ❌ Tivibu Spor 3 için M3U8 bulunamadı
2026-05-31 12:18:02,964 [INFO] 
[14/14]
2026-05-31 12:18:02,964 [INFO] 🔍 Tivibu Spor 4 → https://atomsportv505.top/matches?id=tivibu-spor-4
2026-05-31 12:18:03,072 [INFO] Capturing request: https://atomsportv505.top/assets/js/clappr.js
2026-05-31 12:18:03,075 [INFO] Capturing request: https://atomsportv505.top/matches?id=tivibu-spor-4
2026-05-31 12:18:03,103 [INFO] Capturing response: https://atomsportv505.top/assets/js/clappr.js 200 
2026-05-31 12:18:03,359 [INFO] Capturing response: https://atomsportv505.top/matches?id=tivibu-spor-4 200 
2026-05-31 12:18:03,371 [INFO] Capturing request: https://atomsportv505.top/cdn-cgi/rum?
2026-05-31 12:18:03,395 [INFO] Capturing request: https://atomsportv505.top/cdn-cgi/rum?
2026-05-31 12:18:03,483 [INFO] Capturing response: https://atomsportv505.top/cdn-cgi/rum? 204 
2026-05-31 12:18:03,492 [INFO] Capturing request: https://teletv5.top/load/yayinlink.php?id=tivibu-spor-4
2026-05-31 12:18:03,497 [INFO] Capturing request: https://atomsportv505.top/favicon.ico
2026-05-31 12:18:03,535 [INFO] Capturing response: https://atomsportv505.top/favicon.ico 200 
2026-05-31 12:18:03,546 [INFO] Capturing response: https://atomsportv505.top/cdn-cgi/rum? 204 
2026-05-31 12:18:03,605 [INFO] Capturing request: https://streamsport365.com/cinema
2026-05-31 12:18:03,650 [INFO] Capturing response: https://teletv5.top/load/yayinlink.php?id=tivibu-spor-4 200 
2026-05-31 12:18:03,892 [INFO] Capturing response: https://streamsport365.com/cinema 200 
2026-05-31 12:18:36,667 [WARNING]   ❌ Tivibu Spor 4 için M3U8 bulunamadı
2026-05-31 12:18:37,731 [INFO] ✅ 5 kanal bulundu, playlist.m3u kaydedildi
