2026-06-07 15:12:01,700 [INFO] 🌐 BASE_URL: https://atomsportv506.top
2026-06-07 15:12:03,231 [INFO] Başlanıyor... 14 kanal taranacak
2026-06-07 15:12:03,231 [INFO] Using default request storage
2026-06-07 15:12:03,236 [INFO] Created proxy listening on 127.0.0.1:44647
2026-06-07 15:12:03,885 [INFO] Capturing request: http://clients2.google.com/time/1/current?cup2key=10:Q3w-gCGglEIqU611VYlgrxpFIXVU4HytZ5eFOmNWnDI&cup2hreq=e3b0c44298fc1c149afbf4c8996fb92427ae41e4649b934ca495991b7852b855
2026-06-07 15:12:03,917 [INFO] Capturing response: http://clients2.google.com/time/1/current?cup2key=10:Q3w-gCGglEIqU611VYlgrxpFIXVU4HytZ5eFOmNWnDI&cup2hreq=e3b0c44298fc1c149afbf4c8996fb92427ae41e4649b934ca495991b7852b855 200 OK
2026-06-07 15:12:04,026 [INFO] 
[1/14]
2026-06-07 15:12:04,026 [INFO] 🔍 beIN Sports 1 → https://atomsportv506.top/matches?id=bein-sports-1
2026-06-07 15:12:04,104 [INFO] Capturing request: https://accounts.google.com/ListAccounts?gpsia=1&source=ChromiumBrowser&json=standard&laf=b64bin
2026-06-07 15:12:04,199 [INFO] Capturing request: https://atomsportv506.top/matches?id=bein-sports-1
2026-06-07 15:12:04,227 [INFO] Capturing response: https://accounts.google.com/ListAccounts?gpsia=1&source=ChromiumBrowser&json=standard&laf=b64bin 200 
2026-06-07 15:12:04,271 [INFO] Capturing response: https://atomsportv506.top/matches?id=bein-sports-1 200 
2026-06-07 15:12:04,422 [INFO] Capturing request: https://atomsportv506.top/assets/js/clappr.js
2026-06-07 15:12:04,447 [INFO] Capturing response: https://atomsportv506.top/assets/js/clappr.js 200 
2026-06-07 15:12:04,463 [INFO] Capturing request: https://cdn.jsdelivr.net/npm/@clappr/player@latest/dist/clappr.min.js
2026-06-07 15:12:04,468 [INFO] Capturing request: https://cdnjs.cloudflare.com/ajax/libs/jquery/3.2.1/jquery.min.js
2026-06-07 15:12:04,485 [INFO] Capturing response: https://cdn.jsdelivr.net/npm/@clappr/player@latest/dist/clappr.min.js 200 
2026-06-07 15:12:04,490 [INFO] Capturing response: https://cdnjs.cloudflare.com/ajax/libs/jquery/3.2.1/jquery.min.js 200 
2026-06-07 15:12:04,528 [INFO] Capturing request: https://www.google.com/async/folae?async=_fmt:pb&udm=50&client_locale=en-US
2026-06-07 15:12:04,562 [INFO] Capturing response: https://www.google.com/async/folae?async=_fmt:pb&udm=50&client_locale=en-US 200 
2026-06-07 15:12:04,657 [INFO] Capturing request: https://static.cloudflareinsights.com/beacon.min.js/v833ccba57c9e4d2798f2e76cebdd09a11778172276447
2026-06-07 15:12:04,675 [INFO] Capturing response: https://static.cloudflareinsights.com/beacon.min.js/v833ccba57c9e4d2798f2e76cebdd09a11778172276447 200 
2026-06-07 15:12:04,734 [INFO] Capturing request: https://atomsportv506.top/cdn-cgi/rum?
2026-06-07 15:12:04,838 [INFO] Capturing request: https://atomsportv506.top/favicon.ico
2026-06-07 15:12:04,886 [INFO] Capturing response: https://atomsportv506.top/cdn-cgi/rum? 204 
2026-06-07 15:12:04,909 [INFO] Capturing response: https://atomsportv506.top/favicon.ico 200 
2026-06-07 15:12:04,944 [INFO] Capturing request: https://teletv5.top/load/yayinlink.php?id=bein-sports-1
2026-06-07 15:12:05,365 [INFO] Capturing response: https://teletv5.top/load/yayinlink.php?id=bein-sports-1 200 
2026-06-07 15:12:05,434 [INFO] Capturing request: https://streamsport365.com/cinema
2026-06-07 15:12:05,789 [INFO] Capturing response: https://streamsport365.com/cinema 200 
2026-06-07 15:12:05,920 [INFO] Capturing request: https://atomsportv506.top/assets/img/player_logo_6880e4e4c52ee.png
2026-06-07 15:12:05,958 [INFO] Capturing response: https://atomsportv506.top/assets/img/player_logo_6880e4e4c52ee.png 200 
2026-06-07 15:12:06,047 [INFO] Capturing request: https://hlssssssssssssssssss.yedeklinksa35.workers.dev/https://corestream.ronaldovurdu.help//aspor/tracks-v1a1/mono.m3u8
2026-06-07 15:12:06,324 [INFO] Capturing response: https://hlssssssssssssssssss.yedeklinksa35.workers.dev/https://corestream.ronaldovurdu.help//aspor/tracks-v1a1/mono.m3u8 200 
2026-06-07 15:12:06,562 [INFO] Capturing request: https://ts.yedeklinksa35.workers.dev/aspor/tracks-v1a1/2026/06/07/15/11/50-10000.avif
2026-06-07 15:12:06,626 [INFO] Capturing request: https://android.clients.google.com/checkin
2026-06-07 15:12:06,742 [INFO] Capturing response: https://android.clients.google.com/checkin 200 
2026-06-07 15:12:06,792 [INFO] Capturing request: https://android.clients.google.com/c2dm/register3
2026-06-07 15:12:06,800 [INFO] Capturing request: https://android.clients.google.com/c2dm/register3
2026-06-07 15:12:06,804 [INFO] Capturing request: https://android.clients.google.com/c2dm/register3
2026-06-07 15:12:06,887 [INFO] Capturing response: https://android.clients.google.com/c2dm/register3 200 
2026-06-07 15:12:06,908 [INFO] Capturing response: https://android.clients.google.com/c2dm/register3 200 
2026-06-07 15:12:06,916 [INFO] Capturing response: https://android.clients.google.com/c2dm/register3 200 
2026-06-07 15:12:07,039 [INFO] Capturing response: https://ts.yedeklinksa35.workers.dev/aspor/tracks-v1a1/2026/06/07/15/11/50-10000.avif 200 
2026-06-07 15:12:07,307 [INFO] Capturing request: https://ts.yedeklinksa35.workers.dev/aspor/tracks-v1a1/2026/06/07/15/12/00-10000.avif
2026-06-07 15:12:07,765 [INFO]   ✅ M3U8 bulundu: https://hlssssssssssssssssss.yedeklinksa35.workers.dev/https://corestream.ronaldovurdu.help//aspor/tracks-v1a1/mono.m3u8
2026-06-07 15:12:08,013 [INFO] Capturing response: https://ts.yedeklinksa35.workers.dev/aspor/tracks-v1a1/2026/06/07/15/12/00-10000.avif 200 
2026-06-07 15:12:08,234 [INFO] Capturing request: https://ts.yedeklinksa35.workers.dev/aspor/tracks-v1a1/2026/06/07/15/12/10-10000.avif
2026-06-07 15:12:08,762 [INFO] Capturing response: https://ts.yedeklinksa35.workers.dev/aspor/tracks-v1a1/2026/06/07/15/12/10-10000.avif 200 
2026-06-07 15:12:08,766 [INFO] 
[2/14]
2026-06-07 15:12:08,766 [INFO] 🔍 beIN Sports 2 → https://atomsportv506.top/matches?id=bein-sports-2
2026-06-07 15:12:08,898 [INFO] Capturing request: https://atomsportv506.top/matches?id=bein-sports-2
2026-06-07 15:12:08,937 [INFO] Capturing response: https://atomsportv506.top/matches?id=bein-sports-2 200 
2026-06-07 15:12:08,952 [INFO] Capturing request: https://atomsportv506.top/cdn-cgi/rum?
2026-06-07 15:12:09,000 [INFO] Capturing request: https://atomsportv506.top/cdn-cgi/rum?
2026-06-07 15:12:09,003 [INFO] Capturing request: https://streamsport365.com/cinema
2026-06-07 15:12:09,094 [INFO] Capturing request: https://teletv5.top/load/yayinlink.php?id=bein-sports-2
2026-06-07 15:12:09,105 [INFO] Capturing response: https://atomsportv506.top/cdn-cgi/rum? 204 
2026-06-07 15:12:09,108 [INFO] Capturing request: https://atomsportv506.top/favicon.ico
2026-06-07 15:12:09,145 [INFO] Capturing response: https://atomsportv506.top/favicon.ico 200 
2026-06-07 15:12:09,151 [INFO] Capturing response: https://atomsportv506.top/cdn-cgi/rum? 204 
2026-06-07 15:12:09,309 [INFO] Capturing response: https://teletv5.top/load/yayinlink.php?id=bein-sports-2 200 
2026-06-07 15:12:09,375 [INFO] Capturing response: https://streamsport365.com/cinema 200 
2026-06-07 15:12:09,495 [INFO] Capturing request: https://hlssssssssssssssssss.yedeklinksa35.workers.dev/https://corestream.ronaldovurdu.help//bein2/tracks-v1a1/mono.m3u8
2026-06-07 15:12:09,676 [INFO] Capturing response: https://hlssssssssssssssssss.yedeklinksa35.workers.dev/https://corestream.ronaldovurdu.help//bein2/tracks-v1a1/mono.m3u8 200 
2026-06-07 15:12:09,786 [INFO] Capturing request: https://ts.yedeklinksa35.workers.dev/bein2/tracks-v1a1/2026/06/07/15/11/57-13920.avif
2026-06-07 15:12:10,473 [INFO] Capturing response: https://ts.yedeklinksa35.workers.dev/bein2/tracks-v1a1/2026/06/07/15/11/57-13920.avif 200 
2026-06-07 15:12:10,677 [INFO] Capturing request: https://ts.yedeklinksa35.workers.dev/bein2/tracks-v1a1/2026/06/07/15/12/11-10000.avif
2026-06-07 15:12:11,130 [INFO] Capturing response: https://ts.yedeklinksa35.workers.dev/bein2/tracks-v1a1/2026/06/07/15/12/11-10000.avif 200 
2026-06-07 15:12:11,336 [INFO] Capturing request: https://ts.yedeklinksa35.workers.dev/bein2/tracks-v1a1/2026/06/07/15/12/21-05560.avif
2026-06-07 15:12:11,609 [INFO] Capturing response: https://ts.yedeklinksa35.workers.dev/bein2/tracks-v1a1/2026/06/07/15/12/21-05560.avif 200 
2026-06-07 15:12:11,790 [INFO] Capturing request: https://ts.yedeklinksa35.workers.dev/bein2/tracks-v1a1/2026/06/07/15/12/26-05920.avif
2026-06-07 15:12:12,054 [INFO]   ✅ M3U8 bulundu: https://hlssssssssssssssssss.yedeklinksa35.workers.dev/https://corestream.ronaldovurdu.help//bein2/tracks-v1a1/mono.m3u8
2026-06-07 15:12:12,084 [INFO] Capturing response: https://ts.yedeklinksa35.workers.dev/bein2/tracks-v1a1/2026/06/07/15/12/26-05920.avif 200 
2026-06-07 15:12:13,055 [INFO] 
[3/14]
2026-06-07 15:12:13,055 [INFO] 🔍 beIN Sports 3 → https://atomsportv506.top/matches?id=bein-sports-3
2026-06-07 15:12:13,170 [INFO] Capturing request: https://atomsportv506.top/matches?id=bein-sports-3
2026-06-07 15:12:13,170 [INFO] Capturing request: https://atomsportv506.top/assets/js/clappr.js
2026-06-07 15:12:13,201 [INFO] Capturing response: https://atomsportv506.top/matches?id=bein-sports-3 200 
2026-06-07 15:12:13,210 [INFO] Capturing request: https://atomsportv506.top/cdn-cgi/rum?
2026-06-07 15:12:13,216 [INFO] Capturing response: https://atomsportv506.top/assets/js/clappr.js 200 
2026-06-07 15:12:13,239 [INFO] Capturing request: https://atomsportv506.top/cdn-cgi/rum?
2026-06-07 15:12:13,335 [INFO] Capturing request: https://teletv5.top/load/yayinlink.php?id=bein-sports-3
2026-06-07 15:12:13,340 [INFO] Capturing request: https://atomsportv506.top/favicon.ico
2026-06-07 15:12:13,347 [INFO] Capturing response: https://atomsportv506.top/cdn-cgi/rum? 204 
2026-06-07 15:12:13,349 [INFO] Capturing response: https://atomsportv506.top/cdn-cgi/rum? 204 
2026-06-07 15:12:13,376 [INFO] Capturing response: https://atomsportv506.top/favicon.ico 200 
2026-06-07 15:12:13,490 [INFO] Capturing request: https://streamsport365.com/cinema
2026-06-07 15:12:13,551 [INFO] Capturing response: https://teletv5.top/load/yayinlink.php?id=bein-sports-3 200 
2026-06-07 15:12:13,862 [INFO] Capturing response: https://streamsport365.com/cinema 200 
2026-06-07 15:12:28,371 [INFO] Capturing request: https://android.clients.google.com/c2dm/register3
2026-06-07 15:12:29,326 [INFO] Capturing response: https://android.clients.google.com/c2dm/register3 200 
2026-06-07 15:12:31,965 [INFO] Capturing request: https://android.clients.google.com/c2dm/register3
2026-06-07 15:12:32,537 [INFO] Capturing response: https://android.clients.google.com/c2dm/register3 200 
2026-06-07 15:12:36,243 [INFO] Capturing request: https://android.clients.google.com/c2dm/register3
2026-06-07 15:12:36,343 [INFO] Capturing response: https://android.clients.google.com/c2dm/register3 301 
2026-06-07 15:12:46,518 [WARNING]   ❌ beIN Sports 3 için M3U8 bulunamadı
2026-06-07 15:12:47,518 [INFO] 
[4/14]
2026-06-07 15:12:47,519 [INFO] 🔍 beIN Sports 4 → https://atomsportv506.top/matches?id=bein-sports-4
2026-06-07 15:12:47,626 [INFO] Capturing request: https://atomsportv506.top/assets/js/clappr.js
2026-06-07 15:12:47,628 [INFO] Capturing request: https://atomsportv506.top/matches?id=bein-sports-4
2026-06-07 15:12:47,643 [INFO] Capturing response: https://atomsportv506.top/assets/js/clappr.js 200 
2026-06-07 15:12:48,275 [INFO] Capturing response: https://atomsportv506.top/matches?id=bein-sports-4 200 
2026-06-07 15:12:48,283 [INFO] Capturing request: https://atomsportv506.top/cdn-cgi/rum?
2026-06-07 15:12:48,309 [INFO] Capturing request: https://atomsportv506.top/cdn-cgi/rum?
2026-06-07 15:12:48,390 [INFO] Capturing response: https://atomsportv506.top/cdn-cgi/rum? 204 
2026-06-07 15:12:48,408 [INFO] Capturing request: https://teletv5.top/load/yayinlink.php?id=bein-sports-4
2026-06-07 15:12:48,412 [INFO] Capturing request: https://atomsportv506.top/favicon.ico
2026-06-07 15:12:48,444 [INFO] Capturing response: https://atomsportv506.top/favicon.ico 200 
2026-06-07 15:12:48,460 [INFO] Capturing response: https://atomsportv506.top/cdn-cgi/rum? 204 
2026-06-07 15:12:48,563 [INFO] Capturing request: https://streamsport365.com/cinema
2026-06-07 15:12:48,624 [INFO] Capturing response: https://teletv5.top/load/yayinlink.php?id=bein-sports-4 200 
2026-06-07 15:12:48,932 [INFO] Capturing response: https://streamsport365.com/cinema 200 
2026-06-07 15:13:03,963 [INFO] Capturing request: https://update.googleapis.com/service/update2/json?cup2key=16:Yie4BW7--rp0MSAkd9s0YEW_91ZVnbab4eh72TmWgSQ&cup2hreq=78ecd2ef4a06bb843b6cc29808bcd5113e97cefd852eb4e6dd100c5075cf4e2c
2026-06-07 15:13:03,995 [INFO] Capturing response: https://update.googleapis.com/service/update2/json?cup2key=16:Yie4BW7--rp0MSAkd9s0YEW_91ZVnbab4eh72TmWgSQ&cup2hreq=78ecd2ef4a06bb843b6cc29808bcd5113e97cefd852eb4e6dd100c5075cf4e2c 200 
2026-06-07 15:13:21,556 [WARNING]   ❌ beIN Sports 4 için M3U8 bulunamadı
2026-06-07 15:13:22,556 [INFO] 
[5/14]
2026-06-07 15:13:22,556 [INFO] 🔍 beIN Sports 5 → https://atomsportv506.top/matches?id=bein-sports-5
2026-06-07 15:13:22,663 [INFO] Capturing request: https://atomsportv506.top/matches?id=bein-sports-5
2026-06-07 15:13:22,981 [INFO] Capturing response: https://atomsportv506.top/matches?id=bein-sports-5 200 
2026-06-07 15:13:22,991 [INFO] Capturing request: https://atomsportv506.top/cdn-cgi/rum?
2026-06-07 15:13:23,022 [INFO] Capturing request: https://atomsportv506.top/cdn-cgi/rum?
2026-06-07 15:13:23,098 [INFO] Capturing response: https://atomsportv506.top/cdn-cgi/rum? 204 
2026-06-07 15:13:23,120 [INFO] Capturing request: https://teletv5.top/load/yayinlink.php?id=bein-sports-5
2026-06-07 15:13:23,124 [INFO] Capturing request: https://atomsportv506.top/favicon.ico
2026-06-07 15:13:23,158 [INFO] Capturing response: https://atomsportv506.top/favicon.ico 200 
2026-06-07 15:13:23,170 [INFO] Capturing response: https://atomsportv506.top/cdn-cgi/rum? 204 
2026-06-07 15:13:23,278 [INFO] Capturing request: https://streamsport365.com/cinema
2026-06-07 15:13:23,337 [INFO] Capturing response: https://teletv5.top/load/yayinlink.php?id=bein-sports-5 200 
2026-06-07 15:13:23,638 [INFO] Capturing response: https://streamsport365.com/cinema 200 
2026-06-07 15:13:23,850 [INFO] Capturing request: https://android.clients.google.com/c2dm/register3
2026-06-07 15:13:23,900 [INFO] Capturing response: https://android.clients.google.com/c2dm/register3 301 
2026-06-07 15:13:56,258 [WARNING]   ❌ beIN Sports 5 için M3U8 bulunamadı
2026-06-07 15:13:57,258 [INFO] 
[6/14]
2026-06-07 15:13:57,259 [INFO] 🔍 beIN Sports Max 1 → https://atomsportv506.top/matches?id=bein-sports-max-1
2026-06-07 15:13:57,365 [INFO] Capturing request: https://atomsportv506.top/assets/js/clappr.js
2026-06-07 15:13:57,367 [INFO] Capturing request: https://atomsportv506.top/matches?id=bein-sports-max-1
2026-06-07 15:13:57,381 [INFO] Capturing response: https://atomsportv506.top/assets/js/clappr.js 200 
2026-06-07 15:13:57,701 [INFO] Capturing response: https://atomsportv506.top/matches?id=bein-sports-max-1 200 
2026-06-07 15:13:57,713 [INFO] Capturing request: https://atomsportv506.top/cdn-cgi/rum?
2026-06-07 15:13:57,733 [INFO] Capturing request: https://atomsportv506.top/cdn-cgi/rum?
2026-06-07 15:13:57,821 [INFO] Capturing response: https://atomsportv506.top/cdn-cgi/rum? 204 
2026-06-07 15:13:57,830 [INFO] Capturing request: https://teletv5.top/load/yayinlink.php?id=bein-sports-max-1
2026-06-07 15:13:57,839 [INFO] Capturing request: https://atomsportv506.top/favicon.ico
2026-06-07 15:13:57,875 [INFO] Capturing response: https://atomsportv506.top/favicon.ico 200 
2026-06-07 15:13:57,883 [INFO] Capturing response: https://atomsportv506.top/cdn-cgi/rum? 204 
2026-06-07 15:13:57,998 [INFO] Capturing request: https://streamsport365.com/cinema
2026-06-07 15:13:58,046 [INFO] Capturing response: https://teletv5.top/load/yayinlink.php?id=bein-sports-max-1 200 
2026-06-07 15:13:58,376 [INFO] Capturing response: https://streamsport365.com/cinema 200 
2026-06-07 15:14:30,977 [WARNING]   ❌ beIN Sports Max 1 için M3U8 bulunamadı
2026-06-07 15:14:31,977 [INFO] 
[7/14]
2026-06-07 15:14:31,978 [INFO] 🔍 beIN Sports Max 2 → https://atomsportv506.top/matches?id=bein-sports-max-2
2026-06-07 15:14:32,085 [INFO] Capturing request: https://atomsportv506.top/assets/js/clappr.js
2026-06-07 15:14:32,087 [INFO] Capturing request: https://atomsportv506.top/matches?id=bein-sports-max-2
2026-06-07 15:14:32,107 [INFO] Capturing response: https://atomsportv506.top/assets/js/clappr.js 200 
2026-06-07 15:14:32,411 [INFO] Capturing response: https://atomsportv506.top/matches?id=bein-sports-max-2 200 
2026-06-07 15:14:32,420 [INFO] Capturing request: https://atomsportv506.top/cdn-cgi/rum?
2026-06-07 15:14:32,458 [INFO] Capturing request: https://atomsportv506.top/cdn-cgi/rum?
2026-06-07 15:14:32,527 [INFO] Capturing response: https://atomsportv506.top/cdn-cgi/rum? 204 
2026-06-07 15:14:32,553 [INFO] Capturing request: https://teletv5.top/load/yayinlink.php?id=bein-sports-max-2
2026-06-07 15:14:32,558 [INFO] Capturing request: https://atomsportv506.top/favicon.ico
2026-06-07 15:14:32,590 [INFO] Capturing response: https://atomsportv506.top/favicon.ico 200 
2026-06-07 15:14:32,606 [INFO] Capturing response: https://atomsportv506.top/cdn-cgi/rum? 204 
2026-06-07 15:14:32,706 [INFO] Capturing request: https://streamsport365.com/cinema
2026-06-07 15:14:32,769 [INFO] Capturing response: https://teletv5.top/load/yayinlink.php?id=bein-sports-max-2 200 
2026-06-07 15:14:33,167 [INFO] Capturing response: https://streamsport365.com/cinema 200 
2026-06-07 15:14:54,350 [INFO] Capturing request: https://android.clients.google.com/c2dm/register3
2026-06-07 15:14:54,450 [INFO] Capturing response: https://android.clients.google.com/c2dm/register3 301 
2026-06-07 15:15:05,700 [WARNING]   ❌ beIN Sports Max 2 için M3U8 bulunamadı
2026-06-07 15:15:06,700 [INFO] 
[8/14]
2026-06-07 15:15:06,700 [INFO] 🔍 S Sport → https://atomsportv506.top/matches?id=s-sport
2026-06-07 15:15:06,808 [INFO] Capturing request: https://atomsportv506.top/assets/js/clappr.js
2026-06-07 15:15:06,810 [INFO] Capturing request: https://atomsportv506.top/matches?id=s-sport
2026-06-07 15:15:06,824 [INFO] Capturing response: https://atomsportv506.top/assets/js/clappr.js 200 
2026-06-07 15:15:07,121 [INFO] Capturing response: https://atomsportv506.top/matches?id=s-sport 200 
2026-06-07 15:15:07,129 [INFO] Capturing request: https://atomsportv506.top/cdn-cgi/rum?
2026-06-07 15:15:07,159 [INFO] Capturing request: https://atomsportv506.top/cdn-cgi/rum?
2026-06-07 15:15:07,236 [INFO] Capturing response: https://atomsportv506.top/cdn-cgi/rum? 204 
2026-06-07 15:15:07,254 [INFO] Capturing request: https://teletv5.top/load/yayinlink.php?id=s-sport
2026-06-07 15:15:07,260 [INFO] Capturing request: https://atomsportv506.top/favicon.ico
2026-06-07 15:15:07,291 [INFO] Capturing response: https://atomsportv506.top/favicon.ico 200 
2026-06-07 15:15:07,306 [INFO] Capturing response: https://atomsportv506.top/cdn-cgi/rum? 204 
2026-06-07 15:15:07,411 [INFO] Capturing request: https://streamsport365.com/cinema
2026-06-07 15:15:07,472 [INFO] Capturing response: https://teletv5.top/load/yayinlink.php?id=s-sport 200 
2026-06-07 15:15:07,776 [INFO] Capturing response: https://streamsport365.com/cinema 200 
2026-06-07 15:15:07,896 [INFO] Capturing request: https://hlssssssssssssssssss.yedeklinksa35.workers.dev/https://corestream.ronaldovurdu.help//s-sportt/tracks-v1a1/mono.m3u8
2026-06-07 15:15:08,108 [INFO] Capturing response: https://hlssssssssssssssssss.yedeklinksa35.workers.dev/https://corestream.ronaldovurdu.help//s-sportt/tracks-v1a1/mono.m3u8 200 
2026-06-07 15:15:08,218 [INFO] Capturing request: https://ts.yedeklinksa35.workers.dev/s-sportt/tracks-v1a1/2026/06/07/15/14/55-06000.avif
2026-06-07 15:15:08,666 [INFO] Capturing response: https://ts.yedeklinksa35.workers.dev/s-sportt/tracks-v1a1/2026/06/07/15/14/55-06000.avif 200 
2026-06-07 15:15:09,029 [INFO] Capturing request: https://ts.yedeklinksa35.workers.dev/s-sportt/tracks-v1a1/2026/06/07/15/14/55-06000.avif
2026-06-07 15:15:09,335 [INFO] Capturing response: https://ts.yedeklinksa35.workers.dev/s-sportt/tracks-v1a1/2026/06/07/15/14/55-06000.avif 200 
2026-06-07 15:15:09,704 [INFO] Capturing request: https://ts.yedeklinksa35.workers.dev/s-sportt/tracks-v1a1/2026/06/07/15/14/55-06000.avif
2026-06-07 15:15:10,032 [INFO] Capturing response: https://ts.yedeklinksa35.workers.dev/s-sportt/tracks-v1a1/2026/06/07/15/14/55-06000.avif 200 
2026-06-07 15:15:10,182 [INFO]   ✅ M3U8 bulundu: https://hlssssssssssssssssss.yedeklinksa35.workers.dev/https://corestream.ronaldovurdu.help//s-sportt/tracks-v1a1/mono.m3u8
2026-06-07 15:15:11,182 [INFO] 
[9/14]
2026-06-07 15:15:11,183 [INFO] 🔍 S Sport 2 → https://atomsportv506.top/matches?id=s-sport-2
2026-06-07 15:15:11,294 [INFO] Capturing request: https://atomsportv506.top/assets/js/clappr.js
2026-06-07 15:15:11,295 [INFO] Capturing request: https://atomsportv506.top/matches?id=s-sport-2
2026-06-07 15:15:11,309 [INFO] Capturing response: https://atomsportv506.top/assets/js/clappr.js 200 
2026-06-07 15:15:11,335 [INFO] Capturing response: https://atomsportv506.top/matches?id=s-sport-2 200 
2026-06-07 15:15:11,344 [INFO] Capturing request: https://atomsportv506.top/cdn-cgi/rum?
2026-06-07 15:15:11,370 [INFO] Capturing request: https://streamsport365.com/cinema
2026-06-07 15:15:11,380 [INFO] Capturing request: https://atomsportv506.top/cdn-cgi/rum?
2026-06-07 15:15:11,471 [INFO] Capturing request: https://teletv5.top/load/yayinlink.php?id=s-sport-2
2026-06-07 15:15:11,481 [INFO] Capturing request: https://atomsportv506.top/favicon.ico
2026-06-07 15:15:11,487 [INFO] Capturing response: https://atomsportv506.top/cdn-cgi/rum? 204 
2026-06-07 15:15:11,488 [INFO] Capturing response: https://atomsportv506.top/cdn-cgi/rum? 204 
2026-06-07 15:15:11,516 [INFO] Capturing response: https://atomsportv506.top/favicon.ico 200 
2026-06-07 15:15:11,686 [INFO] Capturing response: https://teletv5.top/load/yayinlink.php?id=s-sport-2 200 
2026-06-07 15:15:11,738 [INFO] Capturing response: https://streamsport365.com/cinema 200 
2026-06-07 15:15:11,856 [INFO] Capturing request: https://hlssssssssssssssssss.yedeklinksa35.workers.dev/https://corestream.ronaldovurdu.help//s-sport2/tracks-v1a1/mono.m3u8
2026-06-07 15:15:12,041 [INFO] Capturing response: https://hlssssssssssssssssss.yedeklinksa35.workers.dev/https://corestream.ronaldovurdu.help//s-sport2/tracks-v1a1/mono.m3u8 200 
2026-06-07 15:15:12,191 [INFO] Capturing request: https://ts.yedeklinksa35.workers.dev/s-sport2/tracks-v1a1/2026/06/07/15/15/47-10000.avif
2026-06-07 15:15:12,777 [INFO] Capturing response: https://ts.yedeklinksa35.workers.dev/s-sport2/tracks-v1a1/2026/06/07/15/15/47-10000.avif 200 
2026-06-07 15:15:12,969 [INFO] Capturing request: https://ts.yedeklinksa35.workers.dev/s-sport2/tracks-v1a1/2026/06/07/15/15/57-10000.avif
2026-06-07 15:15:13,375 [INFO] Capturing response: https://ts.yedeklinksa35.workers.dev/s-sport2/tracks-v1a1/2026/06/07/15/15/57-10000.avif 200 
2026-06-07 15:15:13,595 [INFO] Capturing request: https://ts.yedeklinksa35.workers.dev/s-sport2/tracks-v1a1/2026/06/07/15/16/07-10000.avif
2026-06-07 15:15:13,965 [INFO] Capturing response: https://ts.yedeklinksa35.workers.dev/s-sport2/tracks-v1a1/2026/06/07/15/16/07-10000.avif 200 
2026-06-07 15:15:14,203 [INFO] Capturing request: https://ts.yedeklinksa35.workers.dev/s-sport2/tracks-v1a1/2026/06/07/15/16/17-08280.avif
2026-06-07 15:15:14,407 [INFO]   ✅ M3U8 bulundu: https://hlssssssssssssssssss.yedeklinksa35.workers.dev/https://corestream.ronaldovurdu.help//s-sport2/tracks-v1a1/mono.m3u8
2026-06-07 15:15:15,408 [INFO] 
[10/14]
2026-06-07 15:15:15,408 [INFO] 🔍 A Spor → https://atomsportv506.top/matches?id=a-spor
2026-06-07 15:15:15,522 [INFO] Capturing request: https://atomsportv506.top/matches?id=a-spor
2026-06-07 15:15:15,524 [INFO] Capturing request: https://atomsportv506.top/assets/js/clappr.js
2026-06-07 15:15:15,558 [INFO] Capturing response: https://atomsportv506.top/matches?id=a-spor 200 
2026-06-07 15:15:15,572 [INFO] Capturing request: https://atomsportv506.top/cdn-cgi/rum?
2026-06-07 15:15:15,574 [INFO] Capturing response: https://atomsportv506.top/assets/js/clappr.js 200 
2026-06-07 15:15:15,598 [INFO] Capturing request: https://atomsportv506.top/cdn-cgi/rum?
2026-06-07 15:15:15,695 [INFO] Capturing request: https://teletv5.top/load/yayinlink.php?id=a-spor
2026-06-07 15:15:15,709 [INFO] Capturing request: https://atomsportv506.top/favicon.ico
2026-06-07 15:15:15,711 [INFO] Capturing response: https://atomsportv506.top/cdn-cgi/rum? 204 
2026-06-07 15:15:15,713 [INFO] Capturing response: https://atomsportv506.top/cdn-cgi/rum? 204 
2026-06-07 15:15:15,738 [INFO] Capturing response: https://atomsportv506.top/favicon.ico 200 
2026-06-07 15:15:15,853 [INFO] Capturing request: https://streamsport365.com/cinema
2026-06-07 15:15:15,911 [INFO] Capturing response: https://teletv5.top/load/yayinlink.php?id=a-spor 200 
2026-06-07 15:15:16,219 [INFO] Capturing response: https://streamsport365.com/cinema 200 
2026-06-07 15:15:16,338 [INFO] Capturing request: https://hlssssssssssssssssss.yedeklinksa35.workers.dev/https://corestream.ronaldovurdu.help//aspor/tracks-v1a1/mono.m3u8
2026-06-07 15:15:16,523 [INFO] Capturing response: https://hlssssssssssssssssss.yedeklinksa35.workers.dev/https://corestream.ronaldovurdu.help//aspor/tracks-v1a1/mono.m3u8 200 
2026-06-07 15:15:16,631 [INFO] Capturing request: https://ts.yedeklinksa35.workers.dev/aspor/tracks-v1a1/2026/06/07/15/15/00-10000.avif
2026-06-07 15:15:17,091 [INFO] Capturing response: https://ts.yedeklinksa35.workers.dev/aspor/tracks-v1a1/2026/06/07/15/15/00-10000.avif 200 
2026-06-07 15:15:17,351 [INFO] Capturing request: https://ts.yedeklinksa35.workers.dev/aspor/tracks-v1a1/2026/06/07/15/15/10-10000.avif
2026-06-07 15:15:17,774 [INFO] Capturing response: https://ts.yedeklinksa35.workers.dev/aspor/tracks-v1a1/2026/06/07/15/15/10-10000.avif 200 
2026-06-07 15:15:18,032 [INFO] Capturing request: https://ts.yedeklinksa35.workers.dev/aspor/tracks-v1a1/2026/06/07/15/15/20-10000.avif
2026-06-07 15:15:18,655 [INFO]   ✅ M3U8 bulundu: https://hlssssssssssssssssss.yedeklinksa35.workers.dev/https://corestream.ronaldovurdu.help//aspor/tracks-v1a1/mono.m3u8
2026-06-07 15:15:18,657 [INFO] Capturing response: https://ts.yedeklinksa35.workers.dev/s-sport2/tracks-v1a1/2026/06/07/15/16/17-08280.avif 200 
2026-06-07 15:15:18,704 [INFO] Capturing response: https://ts.yedeklinksa35.workers.dev/aspor/tracks-v1a1/2026/06/07/15/15/20-10000.avif 200 
2026-06-07 15:15:19,656 [INFO] 
[11/14]
2026-06-07 15:15:19,656 [INFO] 🔍 Tivibu Spor 1 → https://atomsportv506.top/matches?id=tivibu-spor-1
2026-06-07 15:15:19,769 [INFO] Capturing request: https://atomsportv506.top/matches?id=tivibu-spor-1
2026-06-07 15:15:19,771 [INFO] Capturing request: https://atomsportv506.top/assets/js/clappr.js
2026-06-07 15:15:19,803 [INFO] Capturing response: https://atomsportv506.top/matches?id=tivibu-spor-1 200 
2026-06-07 15:15:19,815 [INFO] Capturing request: https://atomsportv506.top/cdn-cgi/rum?
2026-06-07 15:15:19,819 [INFO] Capturing response: https://atomsportv506.top/assets/js/clappr.js 200 
2026-06-07 15:15:19,854 [INFO] Capturing request: https://atomsportv506.top/cdn-cgi/rum?
2026-06-07 15:15:19,855 [INFO] Capturing request: https://streamsport365.com/cinema
2026-06-07 15:15:19,951 [INFO] Capturing request: https://teletv5.top/load/yayinlink.php?id=tivibu-spor-1
2026-06-07 15:15:19,959 [INFO] Capturing request: https://atomsportv506.top/favicon.ico
2026-06-07 15:15:19,961 [INFO] Capturing response: https://atomsportv506.top/cdn-cgi/rum? 204 
2026-06-07 15:15:19,963 [INFO] Capturing response: https://atomsportv506.top/cdn-cgi/rum? 204 
2026-06-07 15:15:19,990 [INFO] Capturing response: https://atomsportv506.top/favicon.ico 200 
2026-06-07 15:15:20,167 [INFO] Capturing response: https://teletv5.top/load/yayinlink.php?id=tivibu-spor-1 200 
2026-06-07 15:15:20,210 [INFO] Capturing response: https://streamsport365.com/cinema 200 
2026-06-07 15:15:53,092 [WARNING]   ❌ Tivibu Spor 1 için M3U8 bulunamadı
2026-06-07 15:15:54,092 [INFO] 
[12/14]
2026-06-07 15:15:54,093 [INFO] 🔍 Tivibu Spor 2 → https://atomsportv506.top/matches?id=tivibu-spor-2
2026-06-07 15:15:54,200 [INFO] Capturing request: https://atomsportv506.top/assets/js/clappr.js
2026-06-07 15:15:54,202 [INFO] Capturing request: https://atomsportv506.top/matches?id=tivibu-spor-2
2026-06-07 15:15:54,215 [INFO] Capturing response: https://atomsportv506.top/assets/js/clappr.js 200 
2026-06-07 15:15:54,246 [INFO] Capturing response: https://atomsportv506.top/matches?id=tivibu-spor-2 200 
2026-06-07 15:15:54,257 [INFO] Capturing request: https://atomsportv506.top/cdn-cgi/rum?
2026-06-07 15:15:54,281 [INFO] Capturing request: https://atomsportv506.top/cdn-cgi/rum?
2026-06-07 15:15:54,374 [INFO] Capturing request: https://teletv5.top/load/yayinlink.php?id=tivibu-spor-2
2026-06-07 15:15:54,383 [INFO] Capturing request: https://atomsportv506.top/favicon.ico
2026-06-07 15:15:54,390 [INFO] Capturing response: https://atomsportv506.top/cdn-cgi/rum? 204 
2026-06-07 15:15:54,392 [INFO] Capturing response: https://atomsportv506.top/cdn-cgi/rum? 204 
2026-06-07 15:15:54,419 [INFO] Capturing response: https://atomsportv506.top/favicon.ico 200 
2026-06-07 15:15:54,544 [INFO] Capturing request: https://streamsport365.com/cinema
2026-06-07 15:15:54,595 [INFO] Capturing response: https://teletv5.top/load/yayinlink.php?id=tivibu-spor-2 200 
2026-06-07 15:15:54,925 [INFO] Capturing response: https://streamsport365.com/cinema 200 
2026-06-07 15:16:04,290 [INFO] 127.0.0.1:44380: HTTP/2 connection terminated by server: error code: 0, last stream id: 201, additional data: b'session_timed_out'
2026-06-07 15:16:04,563 [INFO] 127.0.0.1:44394: HTTP/2 connection terminated by server: error code: 0, last stream id: 201, additional data: b'session_timed_out'
2026-06-07 15:16:27,532 [WARNING]   ❌ Tivibu Spor 2 için M3U8 bulunamadı
2026-06-07 15:16:28,532 [INFO] 
[13/14]
2026-06-07 15:16:28,532 [INFO] 🔍 Tivibu Spor 3 → https://atomsportv506.top/matches?id=tivibu-spor-3
2026-06-07 15:16:28,640 [INFO] Capturing request: https://atomsportv506.top/assets/js/clappr.js
2026-06-07 15:16:28,642 [INFO] Capturing request: https://atomsportv506.top/matches?id=tivibu-spor-3
2026-06-07 15:16:28,654 [INFO] Capturing response: https://atomsportv506.top/assets/js/clappr.js 200 
2026-06-07 15:16:28,956 [INFO] Capturing response: https://atomsportv506.top/matches?id=tivibu-spor-3 200 
2026-06-07 15:16:28,965 [INFO] Capturing request: https://atomsportv506.top/cdn-cgi/rum?
2026-06-07 15:16:28,997 [INFO] Capturing request: https://atomsportv506.top/cdn-cgi/rum?
2026-06-07 15:16:29,073 [INFO] Capturing response: https://atomsportv506.top/cdn-cgi/rum? 204 
2026-06-07 15:16:29,095 [INFO] Capturing request: https://teletv5.top/load/yayinlink.php?id=tivibu-spor-3
2026-06-07 15:16:29,101 [INFO] Capturing request: https://atomsportv506.top/favicon.ico
2026-06-07 15:16:29,135 [INFO] Capturing response: https://atomsportv506.top/favicon.ico 200 
2026-06-07 15:16:29,146 [INFO] Capturing response: https://atomsportv506.top/cdn-cgi/rum? 204 
2026-06-07 15:16:29,260 [INFO] Capturing request: https://streamsport365.com/cinema
2026-06-07 15:16:29,313 [INFO] Capturing response: https://teletv5.top/load/yayinlink.php?id=tivibu-spor-3 200 
2026-06-07 15:16:29,648 [INFO] Capturing response: https://streamsport365.com/cinema 200 
2026-06-07 15:17:02,261 [WARNING]   ❌ Tivibu Spor 3 için M3U8 bulunamadı
2026-06-07 15:17:03,262 [INFO] 
[14/14]
2026-06-07 15:17:03,262 [INFO] 🔍 Tivibu Spor 4 → https://atomsportv506.top/matches?id=tivibu-spor-4
2026-06-07 15:17:03,369 [INFO] Capturing request: https://atomsportv506.top/assets/js/clappr.js
2026-06-07 15:17:03,371 [INFO] Capturing request: https://atomsportv506.top/matches?id=tivibu-spor-4
2026-06-07 15:17:03,386 [INFO] Capturing response: https://atomsportv506.top/assets/js/clappr.js 200 
2026-06-07 15:17:03,688 [INFO] Capturing response: https://atomsportv506.top/matches?id=tivibu-spor-4 200 
2026-06-07 15:17:03,697 [INFO] Capturing request: https://atomsportv506.top/cdn-cgi/rum?
2026-06-07 15:17:03,731 [INFO] Capturing request: https://atomsportv506.top/cdn-cgi/rum?
2026-06-07 15:17:03,804 [INFO] Capturing response: https://atomsportv506.top/cdn-cgi/rum? 204 
2026-06-07 15:17:03,831 [INFO] Capturing request: https://teletv5.top/load/yayinlink.php?id=tivibu-spor-4
2026-06-07 15:17:03,833 [INFO] Capturing request: https://atomsportv506.top/favicon.ico
2026-06-07 15:17:03,869 [INFO] Capturing response: https://atomsportv506.top/favicon.ico 200 
2026-06-07 15:17:03,881 [INFO] Capturing response: https://atomsportv506.top/cdn-cgi/rum? 204 
2026-06-07 15:17:03,992 [INFO] 127.0.0.1:48800: HTTP/2 connection terminated by server: error code: 0, last stream id: 201, additional data: b'session_timed_out'
2026-06-07 15:17:03,997 [INFO] Capturing request: https://streamsport365.com/cinema
2026-06-07 15:17:04,049 [INFO] Capturing response: https://teletv5.top/load/yayinlink.php?id=tivibu-spor-4 200 
2026-06-07 15:17:04,373 [INFO] Capturing response: https://streamsport365.com/cinema 200 
2026-06-07 15:17:37,000 [WARNING]   ❌ Tivibu Spor 4 için M3U8 bulunamadı
2026-06-07 15:17:38,065 [INFO] ✅ 5 kanal bulundu, playlist.m3u kaydedildi
