2026-06-14 01:56:37,641 [INFO] 🌐 BASE_URL: https://atomsportv506.top
2026-06-14 01:56:39,206 [INFO] Başlanıyor... 14 kanal taranacak
2026-06-14 01:56:39,207 [INFO] Using default request storage
2026-06-14 01:56:39,212 [INFO] Created proxy listening on 127.0.0.1:46407
2026-06-14 01:56:39,872 [INFO] Capturing request: http://clients2.google.com/time/1/current?cup2key=10:DBFlZpFAdC4WGYqXbRWfaUBUd8lZTCiCPWoRz-QiI-s&cup2hreq=e3b0c44298fc1c149afbf4c8996fb92427ae41e4649b934ca495991b7852b855
2026-06-14 01:56:39,921 [INFO] Capturing response: http://clients2.google.com/time/1/current?cup2key=10:DBFlZpFAdC4WGYqXbRWfaUBUd8lZTCiCPWoRz-QiI-s&cup2hreq=e3b0c44298fc1c149afbf4c8996fb92427ae41e4649b934ca495991b7852b855 200 OK
2026-06-14 01:56:39,993 [INFO] 
[1/14]
2026-06-14 01:56:39,996 [INFO] 🔍 beIN Sports 1 → https://atomsportv506.top/matches?id=bein-sports-1
2026-06-14 01:56:40,074 [INFO] Capturing request: https://accounts.google.com/ListAccounts?gpsia=1&source=ChromiumBrowser&json=standard&laf=b64bin
2026-06-14 01:56:40,177 [INFO] Capturing request: https://atomsportv506.top/matches?id=bein-sports-1
2026-06-14 01:56:40,231 [INFO] Capturing response: https://accounts.google.com/ListAccounts?gpsia=1&source=ChromiumBrowser&json=standard&laf=b64bin 200 
2026-06-14 01:56:40,323 [INFO] Capturing response: https://atomsportv506.top/matches?id=bein-sports-1 200 
2026-06-14 01:56:40,477 [INFO] Capturing request: https://atomsportv506.top/assets/js/clappr.js
2026-06-14 01:56:40,512 [INFO] Capturing response: https://atomsportv506.top/assets/js/clappr.js 200 
2026-06-14 01:56:40,530 [INFO] Capturing request: https://cdnjs.cloudflare.com/ajax/libs/jquery/3.2.1/jquery.min.js
2026-06-14 01:56:40,544 [INFO] Capturing request: https://www.google.com/async/folae?async=_fmt:pb&udm=50&client_locale=en-US
2026-06-14 01:56:40,551 [INFO] Capturing response: https://cdnjs.cloudflare.com/ajax/libs/jquery/3.2.1/jquery.min.js 200 
2026-06-14 01:56:40,585 [INFO] Capturing response: https://www.google.com/async/folae?async=_fmt:pb&udm=50&client_locale=en-US 200 
2026-06-14 01:56:40,609 [INFO] Capturing request: https://cdn.jsdelivr.net/npm/@clappr/player@latest/dist/clappr.min.js
2026-06-14 01:56:40,740 [INFO] Capturing request: https://static.cloudflareinsights.com/beacon.min.js/v833ccba57c9e4d2798f2e76cebdd09a11778172276447
2026-06-14 01:56:40,761 [INFO] Capturing response: https://static.cloudflareinsights.com/beacon.min.js/v833ccba57c9e4d2798f2e76cebdd09a11778172276447 200 
2026-06-14 01:56:40,874 [INFO] Capturing response: https://cdn.jsdelivr.net/npm/@clappr/player@latest/dist/clappr.min.js 200 
2026-06-14 01:56:41,000 [INFO] Capturing request: https://atomsportv506.top/cdn-cgi/rum?
2026-06-14 01:56:41,102 [INFO] Capturing request: https://atomsportv506.top/favicon.ico
2026-06-14 01:56:41,152 [INFO] Capturing response: https://atomsportv506.top/cdn-cgi/rum? 204 
2026-06-14 01:56:41,176 [INFO] Capturing response: https://atomsportv506.top/favicon.ico 200 
2026-06-14 01:56:41,342 [INFO] Capturing request: https://teletv5.top/load/yayinlink.php?id=bein-sports-1
2026-06-14 01:56:41,722 [INFO] Capturing request: https://streamsport365.com/cinema
2026-06-14 01:56:41,755 [INFO] Capturing response: https://teletv5.top/load/yayinlink.php?id=bein-sports-1 200 
2026-06-14 01:56:42,099 [INFO] Capturing response: https://streamsport365.com/cinema 200 
2026-06-14 01:56:42,232 [INFO] Capturing request: https://atomsportv506.top/assets/img/player_logo_6880e4e4c52ee.png
2026-06-14 01:56:42,283 [INFO] Capturing response: https://atomsportv506.top/assets/img/player_logo_6880e4e4c52ee.png 200 
2026-06-14 01:56:42,294 [INFO] Capturing request: https://hlssssssssssssssssss.yedeklinksa35.workers.dev/https://corestream.ronaldovurdu.help//aspor/tracks-v1a1/mono.m3u8
2026-06-14 01:56:42,534 [INFO] Capturing response: https://hlssssssssssssssssss.yedeklinksa35.workers.dev/https://corestream.ronaldovurdu.help//aspor/tracks-v1a1/mono.m3u8 200 
2026-06-14 01:56:42,741 [INFO] Capturing request: https://ts.yedeklinksa35.workers.dev/aspor/tracks-v1a1/2026/06/14/01/56/37-06000.avif
2026-06-14 01:56:42,896 [INFO] Capturing request: https://android.clients.google.com/checkin
2026-06-14 01:56:43,000 [INFO] Capturing response: https://android.clients.google.com/checkin 200 
2026-06-14 01:56:43,052 [INFO] Capturing request: https://android.clients.google.com/c2dm/register3
2026-06-14 01:56:43,061 [INFO] Capturing request: https://android.clients.google.com/c2dm/register3
2026-06-14 01:56:43,070 [INFO] Capturing request: https://android.clients.google.com/c2dm/register3
2026-06-14 01:56:43,120 [INFO] Capturing response: https://android.clients.google.com/c2dm/register3 301 
2026-06-14 01:56:43,250 [INFO] Capturing response: https://ts.yedeklinksa35.workers.dev/aspor/tracks-v1a1/2026/06/14/01/56/37-06000.avif 200 
2026-06-14 01:56:43,530 [INFO] Capturing request: https://ts.yedeklinksa35.workers.dev/aspor/tracks-v1a1/2026/06/14/01/56/43-06000.avif
2026-06-14 01:56:43,609 [INFO] Capturing response: https://android.clients.google.com/c2dm/register3 200 
2026-06-14 01:56:43,947 [INFO] Capturing response: https://android.clients.google.com/c2dm/register3 200 
2026-06-14 01:56:44,029 [INFO]   ✅ M3U8 bulundu: https://hlssssssssssssssssss.yedeklinksa35.workers.dev/https://corestream.ronaldovurdu.help//aspor/tracks-v1a1/mono.m3u8
2026-06-14 01:56:44,063 [INFO] Capturing response: https://ts.yedeklinksa35.workers.dev/aspor/tracks-v1a1/2026/06/14/01/56/43-06000.avif 200 
2026-06-14 01:56:44,345 [INFO] Capturing request: https://ts.yedeklinksa35.workers.dev/aspor/tracks-v1a1/2026/06/14/01/56/49-06000.avif
2026-06-14 01:56:44,792 [INFO] Capturing response: https://ts.yedeklinksa35.workers.dev/aspor/tracks-v1a1/2026/06/14/01/56/49-06000.avif 200 
2026-06-14 01:56:45,030 [INFO] 
[2/14]
2026-06-14 01:56:45,030 [INFO] 🔍 beIN Sports 2 → https://atomsportv506.top/matches?id=bein-sports-2
2026-06-14 01:56:45,145 [INFO] Capturing request: https://atomsportv506.top/matches?id=bein-sports-2
2026-06-14 01:56:45,193 [INFO] Capturing response: https://atomsportv506.top/matches?id=bein-sports-2 200 
2026-06-14 01:56:45,208 [INFO] Capturing request: https://atomsportv506.top/cdn-cgi/rum?
2026-06-14 01:56:45,263 [INFO] Capturing request: https://streamsport365.com/cinema
2026-06-14 01:56:45,268 [INFO] Capturing request: https://atomsportv506.top/cdn-cgi/rum?
2026-06-14 01:56:45,318 [INFO] Capturing response: https://atomsportv506.top/cdn-cgi/rum? 204 
2026-06-14 01:56:45,364 [INFO] Capturing request: https://teletv5.top/load/yayinlink.php?id=bein-sports-2
2026-06-14 01:56:45,369 [INFO] Capturing request: https://atomsportv506.top/favicon.ico
2026-06-14 01:56:45,404 [INFO] Capturing response: https://atomsportv506.top/favicon.ico 200 
2026-06-14 01:56:45,417 [INFO] Capturing response: https://atomsportv506.top/cdn-cgi/rum? 204 
2026-06-14 01:56:45,570 [INFO] Capturing response: https://teletv5.top/load/yayinlink.php?id=bein-sports-2 200 
2026-06-14 01:56:45,649 [INFO] Capturing response: https://streamsport365.com/cinema 200 
2026-06-14 01:56:45,771 [INFO] Capturing request: https://hlssssssssssssssssss.yedeklinksa35.workers.dev/https://corestream.ronaldovurdu.help//bein2/tracks-v1a1/mono.m3u8
2026-06-14 01:56:45,960 [INFO] Capturing response: https://hlssssssssssssssssss.yedeklinksa35.workers.dev/https://corestream.ronaldovurdu.help//bein2/tracks-v1a1/mono.m3u8 200 
2026-06-14 01:56:46,071 [INFO] Capturing request: https://ts.yedeklinksa35.workers.dev/bein2/tracks-v1a1/2026/06/14/01/57/01-10000.avif
2026-06-14 01:56:46,519 [INFO] Capturing response: https://ts.yedeklinksa35.workers.dev/bein2/tracks-v1a1/2026/06/14/01/57/01-10000.avif 200 
2026-06-14 01:56:46,693 [INFO] Capturing request: https://ts.yedeklinksa35.workers.dev/bein2/tracks-v1a1/2026/06/14/01/57/11-10000.avif
2026-06-14 01:56:47,173 [INFO] Capturing response: https://ts.yedeklinksa35.workers.dev/bein2/tracks-v1a1/2026/06/14/01/57/11-10000.avif 200 
2026-06-14 01:56:47,371 [INFO] Capturing request: https://ts.yedeklinksa35.workers.dev/bein2/tracks-v1a1/2026/06/14/01/57/21-10000.avif
2026-06-14 01:56:47,690 [INFO] Capturing response: https://ts.yedeklinksa35.workers.dev/bein2/tracks-v1a1/2026/06/14/01/57/21-10000.avif 200 
2026-06-14 01:56:48,286 [INFO]   ✅ M3U8 bulundu: https://hlssssssssssssssssss.yedeklinksa35.workers.dev/https://corestream.ronaldovurdu.help//bein2/tracks-v1a1/mono.m3u8
2026-06-14 01:56:49,286 [INFO] 
[3/14]
2026-06-14 01:56:49,286 [INFO] 🔍 beIN Sports 3 → https://atomsportv506.top/matches?id=bein-sports-3
2026-06-14 01:56:49,400 [INFO] Capturing request: https://atomsportv506.top/assets/js/clappr.js
2026-06-14 01:56:49,401 [INFO] Capturing request: https://atomsportv506.top/matches?id=bein-sports-3
2026-06-14 01:56:49,420 [INFO] Capturing response: https://atomsportv506.top/assets/js/clappr.js 200 
2026-06-14 01:56:49,467 [INFO] Capturing response: https://atomsportv506.top/matches?id=bein-sports-3 200 
2026-06-14 01:56:49,481 [INFO] Capturing request: https://atomsportv506.top/cdn-cgi/rum?
2026-06-14 01:56:49,508 [INFO] Capturing request: https://atomsportv506.top/cdn-cgi/rum?
2026-06-14 01:56:49,608 [INFO] Capturing request: https://teletv5.top/load/yayinlink.php?id=bein-sports-3
2026-06-14 01:56:49,611 [INFO] Capturing request: https://atomsportv506.top/favicon.ico
2026-06-14 01:56:49,615 [INFO] Capturing response: https://atomsportv506.top/cdn-cgi/rum? 204 
2026-06-14 01:56:49,617 [INFO] Capturing response: https://atomsportv506.top/cdn-cgi/rum? 204 
2026-06-14 01:56:49,648 [INFO] Capturing response: https://atomsportv506.top/favicon.ico 200 
2026-06-14 01:56:49,773 [INFO] Capturing request: https://streamsport365.com/cinema
2026-06-14 01:56:49,813 [INFO] Capturing response: https://teletv5.top/load/yayinlink.php?id=bein-sports-3 200 
2026-06-14 01:56:50,159 [INFO] Capturing response: https://streamsport365.com/cinema 200 
2026-06-14 01:57:10,963 [INFO] Capturing request: https://android.clients.google.com/c2dm/register3
2026-06-14 01:57:11,025 [INFO] Capturing response: https://android.clients.google.com/c2dm/register3 301 
2026-06-14 01:57:22,831 [WARNING]   ❌ beIN Sports 3 için M3U8 bulunamadı
2026-06-14 01:57:23,832 [INFO] 
[4/14]
2026-06-14 01:57:23,832 [INFO] 🔍 beIN Sports 4 → https://atomsportv506.top/matches?id=bein-sports-4
2026-06-14 01:57:23,941 [INFO] Capturing request: https://atomsportv506.top/matches?id=bein-sports-4
2026-06-14 01:57:24,589 [INFO] Capturing response: https://atomsportv506.top/matches?id=bein-sports-4 200 
2026-06-14 01:57:24,603 [INFO] Capturing request: https://atomsportv506.top/cdn-cgi/rum?
2026-06-14 01:57:24,632 [INFO] Capturing request: https://atomsportv506.top/cdn-cgi/rum?
2026-06-14 01:57:24,712 [INFO] Capturing response: https://atomsportv506.top/cdn-cgi/rum? 204 
2026-06-14 01:57:24,731 [INFO] Capturing request: https://teletv5.top/load/yayinlink.php?id=bein-sports-4
2026-06-14 01:57:24,737 [INFO] Capturing request: https://atomsportv506.top/favicon.ico
2026-06-14 01:57:24,778 [INFO] Capturing response: https://atomsportv506.top/favicon.ico 200 
2026-06-14 01:57:24,783 [INFO] Capturing response: https://atomsportv506.top/cdn-cgi/rum? 204 
2026-06-14 01:57:24,893 [INFO] Capturing request: https://streamsport365.com/cinema
2026-06-14 01:57:24,940 [INFO] Capturing response: https://teletv5.top/load/yayinlink.php?id=bein-sports-4 200 
2026-06-14 01:57:25,271 [INFO] Capturing response: https://streamsport365.com/cinema 200 
2026-06-14 01:57:39,930 [INFO] Capturing request: https://update.googleapis.com/service/update2/json?cup2key=16:QZrdk93fkOTdjSuk9zrW43fFkw5Qw--ZDLfXPAon07Q&cup2hreq=33a802bcddfa226443c56b05525d3de5d59b043680420c0081b4d30dbc489938
2026-06-14 01:57:39,962 [INFO] Capturing response: https://update.googleapis.com/service/update2/json?cup2key=16:QZrdk93fkOTdjSuk9zrW43fFkw5Qw--ZDLfXPAon07Q&cup2hreq=33a802bcddfa226443c56b05525d3de5d59b043680420c0081b4d30dbc489938 200 
2026-06-14 01:57:39,971 [INFO] Capturing request: http://edgedl.me.gvt1.com/edgedl/diffgen-puffin/gcmjkmgdlgnkkcocmoeiminaijmmjnii/71d926df14cb4c89c6f8f88e6c0bfcf6fe1e1a256ca7f8db04002a111af4c5b0
2026-06-14 01:57:39,996 [INFO] Capturing response: http://edgedl.me.gvt1.com/edgedl/diffgen-puffin/gcmjkmgdlgnkkcocmoeiminaijmmjnii/71d926df14cb4c89c6f8f88e6c0bfcf6fe1e1a256ca7f8db04002a111af4c5b0 200 OK
2026-06-14 01:57:40,025 [INFO] Capturing request: https://update.googleapis.com/service/update2/json
2026-06-14 01:57:40,060 [INFO] Capturing response: https://update.googleapis.com/service/update2/json 200 
2026-06-14 01:57:40,104 [INFO] Capturing request: http://edgedl.me.gvt1.com/edgedl/release2/chrome_component/izbbka66ndpnplvibnczrevqxa_10584/hfnkpimlhhgieaddgfemjhofmfblmnib_10584_all_gigfr2zh4ef63yqfkyptnqhsbq.crx3
2026-06-14 01:57:40,121 [INFO] Capturing response: http://edgedl.me.gvt1.com/edgedl/release2/chrome_component/izbbka66ndpnplvibnczrevqxa_10584/hfnkpimlhhgieaddgfemjhofmfblmnib_10584_all_gigfr2zh4ef63yqfkyptnqhsbq.crx3 200 OK
2026-06-14 01:57:40,155 [INFO] Capturing request: https://update.googleapis.com/service/update2/json
2026-06-14 01:57:40,184 [INFO] Capturing response: https://update.googleapis.com/service/update2/json 200 
2026-06-14 01:57:57,935 [WARNING]   ❌ beIN Sports 4 için M3U8 bulunamadı
2026-06-14 01:57:58,935 [INFO] 
[5/14]
2026-06-14 01:57:58,935 [INFO] 🔍 beIN Sports 5 → https://atomsportv506.top/matches?id=bein-sports-5
2026-06-14 01:57:59,079 [INFO] Capturing request: https://atomsportv506.top/matches?id=bein-sports-5
2026-06-14 01:57:59,791 [INFO] Capturing response: https://atomsportv506.top/matches?id=bein-sports-5 200 
2026-06-14 01:57:59,801 [INFO] Capturing request: https://atomsportv506.top/cdn-cgi/rum?
2026-06-14 01:57:59,834 [INFO] Capturing request: https://atomsportv506.top/cdn-cgi/rum?
2026-06-14 01:57:59,909 [INFO] Capturing response: https://atomsportv506.top/cdn-cgi/rum? 204 
2026-06-14 01:57:59,940 [INFO] Capturing request: https://atomsportv506.top/favicon.ico
2026-06-14 01:57:59,976 [INFO] Capturing response: https://atomsportv506.top/favicon.ico 200 
2026-06-14 01:57:59,980 [INFO] Capturing request: https://teletv5.top/load/yayinlink.php?id=bein-sports-5
2026-06-14 01:57:59,986 [INFO] Capturing response: https://atomsportv506.top/cdn-cgi/rum? 204 
2026-06-14 01:58:00,404 [INFO] Capturing response: https://teletv5.top/load/yayinlink.php?id=bein-sports-5 200 
2026-06-14 01:58:00,538 [INFO] Capturing request: https://streamsport365.com/cinema
2026-06-14 01:58:00,906 [INFO] Capturing response: https://streamsport365.com/cinema 200 
2026-06-14 01:58:08,212 [INFO] Capturing request: https://android.clients.google.com/c2dm/register3
2026-06-14 01:58:08,266 [INFO] Capturing response: https://android.clients.google.com/c2dm/register3 301 
2026-06-14 01:58:33,119 [WARNING]   ❌ beIN Sports 5 için M3U8 bulunamadı
2026-06-14 01:58:34,119 [INFO] 
[6/14]
2026-06-14 01:58:34,120 [INFO] 🔍 beIN Sports Max 1 → https://atomsportv506.top/matches?id=bein-sports-max-1
2026-06-14 01:58:34,229 [INFO] Capturing request: https://atomsportv506.top/assets/js/clappr.js
2026-06-14 01:58:34,236 [INFO] Capturing request: https://atomsportv506.top/matches?id=bein-sports-max-1
2026-06-14 01:58:34,249 [INFO] Capturing response: https://atomsportv506.top/assets/js/clappr.js 200 
2026-06-14 01:58:34,562 [INFO] Capturing response: https://atomsportv506.top/matches?id=bein-sports-max-1 200 
2026-06-14 01:58:34,571 [INFO] Capturing request: https://atomsportv506.top/cdn-cgi/rum?
2026-06-14 01:58:34,604 [INFO] Capturing request: https://atomsportv506.top/cdn-cgi/rum?
2026-06-14 01:58:34,678 [INFO] Capturing response: https://atomsportv506.top/cdn-cgi/rum? 204 
2026-06-14 01:58:34,699 [INFO] Capturing request: https://teletv5.top/load/yayinlink.php?id=bein-sports-max-1
2026-06-14 01:58:34,704 [INFO] Capturing request: https://atomsportv506.top/favicon.ico
2026-06-14 01:58:34,738 [INFO] Capturing response: https://atomsportv506.top/favicon.ico 200 
2026-06-14 01:58:34,752 [INFO] Capturing response: https://atomsportv506.top/cdn-cgi/rum? 204 
2026-06-14 01:58:34,865 [INFO] Capturing request: https://streamsport365.com/cinema
2026-06-14 01:58:34,916 [INFO] Capturing response: https://teletv5.top/load/yayinlink.php?id=bein-sports-max-1 200 
2026-06-14 01:58:35,256 [INFO] Capturing response: https://streamsport365.com/cinema 200 
2026-06-14 01:59:07,894 [WARNING]   ❌ beIN Sports Max 1 için M3U8 bulunamadı
2026-06-14 01:59:08,895 [INFO] 
[7/14]
2026-06-14 01:59:08,895 [INFO] 🔍 beIN Sports Max 2 → https://atomsportv506.top/matches?id=bein-sports-max-2
2026-06-14 01:59:09,005 [INFO] Capturing request: https://atomsportv506.top/matches?id=bein-sports-max-2
2026-06-14 01:59:09,006 [INFO] Capturing request: https://atomsportv506.top/assets/js/clappr.js
2026-06-14 01:59:09,717 [INFO] Capturing response: https://atomsportv506.top/assets/js/clappr.js 200 
2026-06-14 01:59:13,506 [INFO] Capturing response: https://atomsportv506.top/matches?id=bein-sports-max-2 200 
2026-06-14 01:59:13,518 [INFO] Capturing request: https://atomsportv506.top/cdn-cgi/rum?
2026-06-14 01:59:13,553 [INFO] Capturing request: https://atomsportv506.top/cdn-cgi/rum?
2026-06-14 01:59:13,625 [INFO] Capturing response: https://atomsportv506.top/cdn-cgi/rum? 204 
2026-06-14 01:59:13,653 [INFO] Capturing request: https://teletv5.top/load/yayinlink.php?id=bein-sports-max-2
2026-06-14 01:59:13,656 [INFO] Capturing request: https://atomsportv506.top/favicon.ico
2026-06-14 01:59:13,689 [INFO] Capturing response: https://atomsportv506.top/favicon.ico 200 
2026-06-14 01:59:13,704 [INFO] Capturing response: https://atomsportv506.top/cdn-cgi/rum? 204 
2026-06-14 01:59:13,819 [INFO] Capturing request: https://streamsport365.com/cinema
2026-06-14 01:59:13,875 [INFO] Capturing response: https://teletv5.top/load/yayinlink.php?id=bein-sports-max-2 200 
2026-06-14 01:59:14,194 [INFO] Capturing response: https://streamsport365.com/cinema 200 
2026-06-14 01:59:45,366 [INFO] Capturing request: https://android.clients.google.com/c2dm/register3
2026-06-14 01:59:45,422 [INFO] Capturing response: https://android.clients.google.com/c2dm/register3 301 
2026-06-14 01:59:46,836 [WARNING]   ❌ beIN Sports Max 2 için M3U8 bulunamadı
2026-06-14 01:59:47,836 [INFO] 
[8/14]
2026-06-14 01:59:47,836 [INFO] 🔍 S Sport → https://atomsportv506.top/matches?id=s-sport
2026-06-14 01:59:47,945 [INFO] Capturing request: https://atomsportv506.top/matches?id=s-sport
2026-06-14 01:59:48,259 [INFO] Capturing response: https://atomsportv506.top/matches?id=s-sport 200 
2026-06-14 01:59:48,270 [INFO] Capturing request: https://atomsportv506.top/cdn-cgi/rum?
2026-06-14 01:59:48,301 [INFO] Capturing request: https://atomsportv506.top/cdn-cgi/rum?
2026-06-14 01:59:48,380 [INFO] Capturing response: https://atomsportv506.top/cdn-cgi/rum? 204 
2026-06-14 01:59:48,395 [INFO] Capturing request: https://teletv5.top/load/yayinlink.php?id=s-sport
2026-06-14 01:59:48,403 [INFO] Capturing request: https://atomsportv506.top/favicon.ico
2026-06-14 01:59:48,440 [INFO] Capturing response: https://atomsportv506.top/favicon.ico 200 
2026-06-14 01:59:48,450 [INFO] Capturing response: https://atomsportv506.top/cdn-cgi/rum? 204 
2026-06-14 01:59:48,557 [INFO] Capturing request: https://streamsport365.com/cinema
2026-06-14 01:59:48,621 [INFO] Capturing response: https://teletv5.top/load/yayinlink.php?id=s-sport 200 
2026-06-14 01:59:48,933 [INFO] Capturing response: https://streamsport365.com/cinema 200 
2026-06-14 01:59:49,088 [INFO] Capturing request: https://hlssssssssssssssssss.yedeklinksa35.workers.dev/https://corestream.ronaldovurdu.help//s-sportt/tracks-v1a1/mono.m3u8
2026-06-14 01:59:49,374 [INFO] Capturing response: https://hlssssssssssssssssss.yedeklinksa35.workers.dev/https://corestream.ronaldovurdu.help//s-sportt/tracks-v1a1/mono.m3u8 200 
2026-06-14 01:59:49,559 [INFO] Capturing request: https://ts.yedeklinksa35.workers.dev/s-sportt/tracks-v1a1/2026/06/14/01/59/35-06000.avif
2026-06-14 01:59:50,238 [INFO] Capturing response: https://ts.yedeklinksa35.workers.dev/s-sportt/tracks-v1a1/2026/06/14/01/59/35-06000.avif 200 
2026-06-14 01:59:50,631 [INFO] Capturing request: https://ts.yedeklinksa35.workers.dev/s-sportt/tracks-v1a1/2026/06/14/01/59/35-06000.avif
2026-06-14 01:59:51,017 [INFO] Capturing response: https://ts.yedeklinksa35.workers.dev/s-sportt/tracks-v1a1/2026/06/14/01/59/35-06000.avif 200 
2026-06-14 01:59:51,320 [INFO]   ✅ M3U8 bulundu: https://hlssssssssssssssssss.yedeklinksa35.workers.dev/https://corestream.ronaldovurdu.help//s-sportt/tracks-v1a1/mono.m3u8
2026-06-14 01:59:51,418 [INFO] Capturing request: https://ts.yedeklinksa35.workers.dev/s-sportt/tracks-v1a1/2026/06/14/01/59/35-06000.avif
2026-06-14 01:59:51,810 [INFO] Capturing response: https://ts.yedeklinksa35.workers.dev/s-sportt/tracks-v1a1/2026/06/14/01/59/35-06000.avif 200 
2026-06-14 01:59:52,321 [INFO] 
[9/14]
2026-06-14 01:59:52,321 [INFO] 🔍 S Sport 2 → https://atomsportv506.top/matches?id=s-sport-2
2026-06-14 01:59:52,435 [INFO] Capturing request: https://atomsportv506.top/assets/js/clappr.js
2026-06-14 01:59:52,436 [INFO] Capturing request: https://atomsportv506.top/matches?id=s-sport-2
2026-06-14 01:59:52,452 [INFO] Capturing response: https://atomsportv506.top/assets/js/clappr.js 200 
2026-06-14 01:59:52,478 [INFO] Capturing response: https://atomsportv506.top/matches?id=s-sport-2 200 
2026-06-14 01:59:52,488 [INFO] Capturing request: https://atomsportv506.top/cdn-cgi/rum?
2026-06-14 01:59:52,515 [INFO] Capturing request: https://streamsport365.com/cinema
2026-06-14 01:59:52,525 [INFO] Capturing request: https://atomsportv506.top/cdn-cgi/rum?
2026-06-14 01:59:52,618 [INFO] Capturing request: https://teletv5.top/load/yayinlink.php?id=s-sport-2
2026-06-14 01:59:52,627 [INFO] Capturing request: https://atomsportv506.top/favicon.ico
2026-06-14 01:59:52,634 [INFO] Capturing response: https://atomsportv506.top/cdn-cgi/rum? 204 
2026-06-14 01:59:52,635 [INFO] Capturing response: https://atomsportv506.top/cdn-cgi/rum? 204 
2026-06-14 01:59:52,662 [INFO] Capturing response: https://atomsportv506.top/favicon.ico 200 
2026-06-14 01:59:52,828 [INFO] Capturing response: https://teletv5.top/load/yayinlink.php?id=s-sport-2 200 
2026-06-14 01:59:52,892 [INFO] Capturing response: https://streamsport365.com/cinema 200 
2026-06-14 01:59:53,012 [INFO] Capturing request: https://hlssssssssssssssssss.yedeklinksa35.workers.dev/https://corestream.ronaldovurdu.help//s-sport2/tracks-v1a1/mono.m3u8
2026-06-14 01:59:53,191 [INFO] Capturing response: https://hlssssssssssssssssss.yedeklinksa35.workers.dev/https://corestream.ronaldovurdu.help//s-sport2/tracks-v1a1/mono.m3u8 200 
2026-06-14 01:59:53,301 [INFO] Capturing request: https://ts.yedeklinksa35.workers.dev/s-sport2/tracks-v1a1/2026/06/14/02/00/51-06000.avif
2026-06-14 01:59:53,826 [INFO] Capturing response: https://ts.yedeklinksa35.workers.dev/s-sport2/tracks-v1a1/2026/06/14/02/00/51-06000.avif 200 
2026-06-14 01:59:54,125 [INFO] Capturing request: https://ts.yedeklinksa35.workers.dev/s-sport2/tracks-v1a1/2026/06/14/02/00/57-06000.avif
2026-06-14 01:59:54,670 [INFO] Capturing response: https://ts.yedeklinksa35.workers.dev/s-sport2/tracks-v1a1/2026/06/14/02/00/57-06000.avif 200 
2026-06-14 01:59:54,974 [INFO] Capturing request: https://ts.yedeklinksa35.workers.dev/s-sport2/tracks-v1a1/2026/06/14/02/01/03-06000.avif
2026-06-14 01:59:55,507 [INFO] Capturing response: https://ts.yedeklinksa35.workers.dev/s-sport2/tracks-v1a1/2026/06/14/02/01/03-06000.avif 200 
2026-06-14 01:59:55,568 [INFO]   ✅ M3U8 bulundu: https://hlssssssssssssssssss.yedeklinksa35.workers.dev/https://corestream.ronaldovurdu.help//s-sport2/tracks-v1a1/mono.m3u8
2026-06-14 01:59:56,569 [INFO] 
[10/14]
2026-06-14 01:59:56,569 [INFO] 🔍 A Spor → https://atomsportv506.top/matches?id=a-spor
2026-06-14 01:59:56,681 [INFO] Capturing request: https://atomsportv506.top/assets/js/clappr.js
2026-06-14 01:59:56,683 [INFO] Capturing request: https://atomsportv506.top/matches?id=a-spor
2026-06-14 01:59:56,697 [INFO] Capturing response: https://atomsportv506.top/assets/js/clappr.js 200 
2026-06-14 01:59:56,725 [INFO] Capturing response: https://atomsportv506.top/matches?id=a-spor 200 
2026-06-14 01:59:56,744 [INFO] Capturing request: https://atomsportv506.top/cdn-cgi/rum?
2026-06-14 01:59:56,779 [INFO] Capturing request: https://atomsportv506.top/cdn-cgi/rum?
2026-06-14 01:59:56,874 [INFO] Capturing request: https://teletv5.top/load/yayinlink.php?id=a-spor
2026-06-14 01:59:56,880 [INFO] Capturing request: https://atomsportv506.top/favicon.ico
2026-06-14 01:59:56,886 [INFO] Capturing response: https://atomsportv506.top/cdn-cgi/rum? 204 
2026-06-14 01:59:56,888 [INFO] Capturing response: https://atomsportv506.top/cdn-cgi/rum? 204 
2026-06-14 01:59:56,916 [INFO] Capturing response: https://atomsportv506.top/favicon.ico 200 
2026-06-14 01:59:57,040 [INFO] Capturing request: https://streamsport365.com/cinema
2026-06-14 01:59:57,147 [INFO] Capturing response: https://teletv5.top/load/yayinlink.php?id=a-spor 200 
2026-06-14 01:59:57,422 [INFO] Capturing response: https://streamsport365.com/cinema 200 
2026-06-14 01:59:57,543 [INFO] Capturing request: https://hlssssssssssssssssss.yedeklinksa35.workers.dev/https://corestream.ronaldovurdu.help//aspor/tracks-v1a1/mono.m3u8
2026-06-14 01:59:57,725 [INFO] Capturing response: https://hlssssssssssssssssss.yedeklinksa35.workers.dev/https://corestream.ronaldovurdu.help//aspor/tracks-v1a1/mono.m3u8 200 
2026-06-14 01:59:57,835 [INFO] Capturing request: https://ts.yedeklinksa35.workers.dev/aspor/tracks-v1a1/2026/06/14/01/59/55-06000.avif
2026-06-14 01:59:58,191 [INFO] Capturing response: https://ts.yedeklinksa35.workers.dev/aspor/tracks-v1a1/2026/06/14/01/59/55-06000.avif 200 
2026-06-14 01:59:58,395 [INFO] Capturing request: https://ts.yedeklinksa35.workers.dev/aspor/tracks-v1a1/2026/06/14/02/00/01-06000.avif
2026-06-14 01:59:58,816 [INFO] Capturing response: https://ts.yedeklinksa35.workers.dev/aspor/tracks-v1a1/2026/06/14/02/00/01-06000.avif 200 
2026-06-14 01:59:59,096 [INFO] Capturing request: https://ts.yedeklinksa35.workers.dev/aspor/tracks-v1a1/2026/06/14/02/00/07-06000.avif
2026-06-14 01:59:59,682 [INFO] Capturing response: https://ts.yedeklinksa35.workers.dev/aspor/tracks-v1a1/2026/06/14/02/00/07-06000.avif 200 
2026-06-14 01:59:59,809 [INFO]   ✅ M3U8 bulundu: https://hlssssssssssssssssss.yedeklinksa35.workers.dev/https://corestream.ronaldovurdu.help//aspor/tracks-v1a1/mono.m3u8
2026-06-14 02:00:00,810 [INFO] 
[11/14]
2026-06-14 02:00:00,810 [INFO] 🔍 Tivibu Spor 1 → https://atomsportv506.top/matches?id=tivibu-spor-1
2026-06-14 02:00:00,924 [INFO] Capturing request: https://atomsportv506.top/assets/js/clappr.js
2026-06-14 02:00:00,924 [INFO] Capturing request: https://atomsportv506.top/matches?id=tivibu-spor-1
2026-06-14 02:00:00,966 [INFO] Capturing response: https://atomsportv506.top/matches?id=tivibu-spor-1 200 
2026-06-14 02:00:00,978 [INFO] Capturing request: https://atomsportv506.top/cdn-cgi/rum?
2026-06-14 02:00:00,984 [INFO] Capturing response: https://atomsportv506.top/assets/js/clappr.js 200 
2026-06-14 02:00:01,021 [INFO] Capturing request: https://streamsport365.com/cinema
2026-06-14 02:00:01,032 [INFO] Capturing request: https://atomsportv506.top/cdn-cgi/rum?
2026-06-14 02:00:01,119 [INFO] Capturing request: https://teletv5.top/load/yayinlink.php?id=tivibu-spor-1
2026-06-14 02:00:01,133 [INFO] Capturing response: https://atomsportv506.top/cdn-cgi/rum? 204 
2026-06-14 02:00:01,134 [INFO] Capturing request: https://atomsportv506.top/favicon.ico
2026-06-14 02:00:01,170 [INFO] Capturing response: https://atomsportv506.top/favicon.ico 200 
2026-06-14 02:00:01,179 [INFO] Capturing response: https://atomsportv506.top/cdn-cgi/rum? 204 
2026-06-14 02:00:01,415 [INFO] Capturing response: https://streamsport365.com/cinema 200 
2026-06-14 02:00:01,541 [INFO] Capturing response: https://teletv5.top/load/yayinlink.php?id=tivibu-spor-1 200 
2026-06-14 02:00:34,316 [WARNING]   ❌ Tivibu Spor 1 için M3U8 bulunamadı
2026-06-14 02:00:35,316 [INFO] 
[12/14]
2026-06-14 02:00:35,316 [INFO] 🔍 Tivibu Spor 2 → https://atomsportv506.top/matches?id=tivibu-spor-2
2026-06-14 02:00:35,423 [INFO] Capturing request: https://atomsportv506.top/assets/js/clappr.js
2026-06-14 02:00:35,427 [INFO] Capturing request: https://atomsportv506.top/matches?id=tivibu-spor-2
2026-06-14 02:00:35,781 [INFO] Capturing response: https://atomsportv506.top/matches?id=tivibu-spor-2 200 
2026-06-14 02:00:35,793 [INFO] Capturing request: https://atomsportv506.top/cdn-cgi/rum?
2026-06-14 02:00:35,829 [INFO] Capturing request: https://atomsportv506.top/cdn-cgi/rum?
2026-06-14 02:00:35,900 [INFO] Capturing response: https://atomsportv506.top/cdn-cgi/rum? 204 
2026-06-14 02:00:35,929 [INFO] Capturing request: https://teletv5.top/load/yayinlink.php?id=tivibu-spor-2
2026-06-14 02:00:35,932 [INFO] Capturing request: https://atomsportv506.top/favicon.ico
2026-06-14 02:00:35,972 [INFO] Capturing response: https://atomsportv506.top/favicon.ico 200 
2026-06-14 02:00:35,977 [INFO] Capturing response: https://atomsportv506.top/cdn-cgi/rum? 204 
2026-06-14 02:00:36,092 [INFO] Capturing request: https://streamsport365.com/cinema
2026-06-14 02:00:36,107 [INFO] Capturing response: https://atomsportv506.top/assets/js/clappr.js 200 
2026-06-14 02:00:36,149 [INFO] Capturing response: https://teletv5.top/load/yayinlink.php?id=tivibu-spor-2 200 
2026-06-14 02:00:36,472 [INFO] Capturing response: https://streamsport365.com/cinema 200 
2026-06-14 02:01:09,114 [WARNING]   ❌ Tivibu Spor 2 için M3U8 bulunamadı
2026-06-14 02:01:10,114 [INFO] 
[13/14]
2026-06-14 02:01:10,114 [INFO] 🔍 Tivibu Spor 3 → https://atomsportv506.top/matches?id=tivibu-spor-3
2026-06-14 02:01:10,226 [INFO] Capturing request: https://atomsportv506.top/assets/js/clappr.js
2026-06-14 02:01:10,227 [INFO] Capturing request: https://atomsportv506.top/matches?id=tivibu-spor-3
2026-06-14 02:01:10,244 [INFO] Capturing response: https://atomsportv506.top/assets/js/clappr.js 200 
2026-06-14 02:01:10,652 [INFO] Capturing response: https://atomsportv506.top/matches?id=tivibu-spor-3 200 
2026-06-14 02:01:10,662 [INFO] Capturing request: https://atomsportv506.top/cdn-cgi/rum?
2026-06-14 02:01:10,697 [INFO] Capturing request: https://atomsportv506.top/cdn-cgi/rum?
2026-06-14 02:01:10,769 [INFO] Capturing response: https://atomsportv506.top/cdn-cgi/rum? 204 
2026-06-14 02:01:10,792 [INFO] Capturing request: https://teletv5.top/load/yayinlink.php?id=tivibu-spor-3
2026-06-14 02:01:10,798 [INFO] Capturing request: https://atomsportv506.top/favicon.ico
2026-06-14 02:01:10,836 [INFO] Capturing response: https://atomsportv506.top/favicon.ico 200 
2026-06-14 02:01:10,844 [INFO] Capturing response: https://atomsportv506.top/cdn-cgi/rum? 204 
2026-06-14 02:01:10,961 [INFO] Capturing request: https://streamsport365.com/cinema
2026-06-14 02:01:11,005 [INFO] Capturing response: https://teletv5.top/load/yayinlink.php?id=tivibu-spor-3 200 
2026-06-14 02:01:11,335 [INFO] Capturing response: https://streamsport365.com/cinema 200 
2026-06-14 02:01:43,980 [WARNING]   ❌ Tivibu Spor 3 için M3U8 bulunamadı
2026-06-14 02:01:44,981 [INFO] 
[14/14]
2026-06-14 02:01:44,981 [INFO] 🔍 Tivibu Spor 4 → https://atomsportv506.top/matches?id=tivibu-spor-4
2026-06-14 02:01:45,089 [INFO] Capturing request: https://atomsportv506.top/assets/js/clappr.js
2026-06-14 02:01:45,091 [INFO] Capturing request: https://atomsportv506.top/matches?id=tivibu-spor-4
2026-06-14 02:01:45,108 [INFO] Capturing response: https://atomsportv506.top/assets/js/clappr.js 200 
2026-06-14 02:01:45,414 [INFO] Capturing response: https://atomsportv506.top/matches?id=tivibu-spor-4 200 
2026-06-14 02:01:45,424 [INFO] Capturing request: https://atomsportv506.top/cdn-cgi/rum?
2026-06-14 02:01:45,453 [INFO] Capturing request: https://atomsportv506.top/cdn-cgi/rum?
2026-06-14 02:01:45,532 [INFO] Capturing response: https://atomsportv506.top/cdn-cgi/rum? 204 
2026-06-14 02:01:45,547 [INFO] Capturing request: https://teletv5.top/load/yayinlink.php?id=tivibu-spor-4
2026-06-14 02:01:45,559 [INFO] Capturing request: https://atomsportv506.top/favicon.ico
2026-06-14 02:01:45,602 [INFO] Capturing response: https://atomsportv506.top/favicon.ico 200 
2026-06-14 02:01:45,605 [INFO] Capturing response: https://atomsportv506.top/cdn-cgi/rum? 204 
2026-06-14 02:01:45,718 [INFO] Capturing request: https://streamsport365.com/cinema
2026-06-14 02:01:45,770 [INFO] Capturing response: https://teletv5.top/load/yayinlink.php?id=tivibu-spor-4 200 
2026-06-14 02:01:46,095 [INFO] Capturing response: https://streamsport365.com/cinema 200 
2026-06-14 02:02:18,730 [WARNING]   ❌ Tivibu Spor 4 için M3U8 bulunamadı
2026-06-14 02:02:19,796 [INFO] ✅ 5 kanal bulundu, playlist.m3u kaydedildi
