2026-05-22 12:06:26,624 [INFO] 🔎 Domain aralığı taranıyor: atomsportv503.top - atomsportv535.top
2026-05-22 12:06:27,621 [INFO]   ✅ Aktif domain bulundu: https://atomsportv503.top
2026-05-22 12:06:27,622 [INFO] 🌐 Kullanılan BASE_URL: https://atomsportv503.top
2026-05-22 12:06:27,622 [INFO] 🔗 Proxy Prefix: https://ronaldo.magnitude.workers.dev/?url=
2026-05-22 12:06:28,653 [INFO] ✅ SeleniumWire aktif
2026-05-22 12:06:28,654 [INFO] =======================================================
2026-05-22 12:06:28,654 [INFO]    M3U8 Scraper
2026-05-22 12:06:28,654 [INFO]    Base URL    : https://atomsportv503.top
2026-05-22 12:06:28,654 [INFO]    Proxy Prefix: https://ronaldo.magnitude.workers.dev/?url=
2026-05-22 12:06:28,654 [INFO]    Toplam      : 13 sayfa
2026-05-22 12:06:28,654 [INFO] =======================================================
2026-05-22 12:06:28,654 [INFO] 🔧 Driver başlatılıyor...
2026-05-22 12:06:29,376 [INFO] ✅ Driver başlatıldı
2026-05-22 12:06:29,376 [INFO] 
[1/13]
2026-05-22 12:06:29,376 [INFO] 
──────────────────────────────────────────────────
2026-05-22 12:06:29,376 [INFO] 🔍 beIN Sports 1 → https://atomsportv503.top/matches?id=bein-sports-1
2026-05-22 12:06:29,376 [INFO] ──────────────────────────────────────────────────
2026-05-22 12:07:01,467 [INFO]   📡 M3U8 bekleniyor (max 8s)...
2026-05-22 12:07:09,516 [INFO]   ❌ beIN Sports 1: M3U8 bulunamadı
2026-05-22 12:07:10,517 [INFO] 
[2/13]
2026-05-22 12:07:10,517 [INFO] 
──────────────────────────────────────────────────
2026-05-22 12:07:10,517 [INFO] 🔍 beIN Sports 2 → https://atomsportv503.top/matches?id=bein-sports-2
2026-05-22 12:07:10,517 [INFO] ──────────────────────────────────────────────────
2026-05-22 12:07:42,668 [INFO]   📡 M3U8 bekleniyor (max 8s)...
2026-05-22 12:07:50,778 [INFO]   ❌ beIN Sports 2: M3U8 bulunamadı
2026-05-22 12:07:51,779 [INFO] 
[3/13]
2026-05-22 12:07:51,779 [INFO] 
──────────────────────────────────────────────────
2026-05-22 12:07:51,779 [INFO] 🔍 beIN Sports 3 → https://atomsportv503.top/matches?id=bein-sports-3
2026-05-22 12:07:51,779 [INFO] ──────────────────────────────────────────────────
2026-05-22 12:08:23,596 [INFO]   📡 M3U8 bekleniyor (max 8s)...
2026-05-22 12:08:31,613 [INFO]   ❌ beIN Sports 3: M3U8 bulunamadı
2026-05-22 12:08:32,613 [INFO] 
[4/13]
2026-05-22 12:08:32,613 [INFO] 
──────────────────────────────────────────────────
2026-05-22 12:08:32,613 [INFO] 🔍 beIN Sports 4 → https://atomsportv503.top/matches?id=bein-sports-4
2026-05-22 12:08:32,613 [INFO] ──────────────────────────────────────────────────
2026-05-22 12:09:04,422 [INFO]   📡 M3U8 bekleniyor (max 8s)...
2026-05-22 12:09:12,432 [INFO]   ❌ beIN Sports 4: M3U8 bulunamadı
2026-05-22 12:09:13,432 [INFO] 
[5/13]
2026-05-22 12:09:13,432 [INFO] 
──────────────────────────────────────────────────
2026-05-22 12:09:13,433 [INFO] 🔍 beIN Sports 5 → https://atomsportv503.top/matches?id=bein-sports-5
2026-05-22 12:09:13,433 [INFO] ──────────────────────────────────────────────────
2026-05-22 12:09:45,225 [INFO]   📡 M3U8 bekleniyor (max 8s)...
2026-05-22 12:09:53,235 [INFO]   ❌ beIN Sports 5: M3U8 bulunamadı
2026-05-22 12:09:54,235 [INFO] 
[6/13]
2026-05-22 12:09:54,235 [INFO] 
──────────────────────────────────────────────────
2026-05-22 12:09:54,235 [INFO] 🔍 beIN Sports Max 1 → https://atomsportv503.top/matches?id=bein-sports-max-1
2026-05-22 12:09:54,235 [INFO] ──────────────────────────────────────────────────
2026-05-22 12:10:26,033 [INFO]   📡 M3U8 bekleniyor (max 8s)...
2026-05-22 12:10:34,043 [INFO]   ❌ beIN Sports Max 1: M3U8 bulunamadı
2026-05-22 12:10:35,043 [INFO] 
[7/13]
2026-05-22 12:10:35,043 [INFO] 
──────────────────────────────────────────────────
2026-05-22 12:10:35,043 [INFO] 🔍 beIN Sports Max 2 → https://atomsportv503.top/matches?id=bein-sports-max-2
2026-05-22 12:10:35,043 [INFO] ──────────────────────────────────────────────────
2026-05-22 12:11:07,945 [INFO]   📡 M3U8 bekleniyor (max 8s)...
2026-05-22 12:11:15,955 [INFO]   ❌ beIN Sports Max 2: M3U8 bulunamadı
2026-05-22 12:11:16,955 [INFO] 
[8/13]
2026-05-22 12:11:16,955 [INFO] 
──────────────────────────────────────────────────
2026-05-22 12:11:16,955 [INFO] 🔍 S Sport → https://atomsportv503.top/matches?id=s-sport
2026-05-22 12:11:16,955 [INFO] ──────────────────────────────────────────────────
2026-05-22 12:11:48,784 [INFO]   📡 M3U8 bekleniyor (max 8s)...
2026-05-22 12:11:48,791 [INFO]   🎯 DOĞRU kanal bulundu: https://young-surf-88a9.halitumutseler.workers.dev/https://corestream.ronaldovurdu.help//s-sportt/tracks-v1a1/mono.m3u8
2026-05-22 12:11:48,791 [INFO]   ✅ S Sport: https://young-surf-88a9.halitumutseler.workers.dev/https://corestream.ronaldovurdu.help//s-sportt/tracks-v1a1/mono.m3u8
2026-05-22 12:11:49,791 [INFO] 
[9/13]
2026-05-22 12:11:49,792 [INFO] 
──────────────────────────────────────────────────
2026-05-22 12:11:49,792 [INFO] 🔍 S Sport 2 → https://atomsportv503.top/matches?id=s-sport-2
2026-05-22 12:11:49,792 [INFO] ──────────────────────────────────────────────────
2026-05-22 12:12:21,625 [INFO]   📡 M3U8 bekleniyor (max 8s)...
2026-05-22 12:12:29,693 [INFO]   ❌ S Sport 2: M3U8 bulunamadı
2026-05-22 12:12:30,695 [INFO] 
[10/13]
2026-05-22 12:12:30,695 [INFO] 
──────────────────────────────────────────────────
2026-05-22 12:12:30,695 [INFO] 🔍 Tivibu Spor 1 → https://atomsportv503.top/matches?id=tivibu-spor-1
2026-05-22 12:12:30,695 [INFO] ──────────────────────────────────────────────────
2026-05-22 12:13:02,503 [INFO]   📡 M3U8 bekleniyor (max 8s)...
2026-05-22 12:13:10,513 [INFO]   ❌ Tivibu Spor 1: M3U8 bulunamadı
2026-05-22 12:13:11,513 [INFO] 
[11/13]
2026-05-22 12:13:11,514 [INFO] 
──────────────────────────────────────────────────
2026-05-22 12:13:11,514 [INFO] 🔍 Tivibu Spor 2 → https://atomsportv503.top/matches?id=tivibu-spor-2
2026-05-22 12:13:11,514 [INFO] ──────────────────────────────────────────────────
2026-05-22 12:13:43,308 [INFO]   📡 M3U8 bekleniyor (max 8s)...
2026-05-22 12:13:51,318 [INFO]   ❌ Tivibu Spor 2: M3U8 bulunamadı
2026-05-22 12:13:52,319 [INFO] 
[12/13]
2026-05-22 12:13:52,319 [INFO] 
──────────────────────────────────────────────────
2026-05-22 12:13:52,319 [INFO] 🔍 Tivibu Spor 3 → https://atomsportv503.top/matches?id=tivibu-spor-3
2026-05-22 12:13:52,319 [INFO] ──────────────────────────────────────────────────
2026-05-22 12:14:24,117 [INFO]   📡 M3U8 bekleniyor (max 8s)...
2026-05-22 12:14:32,127 [INFO]   ❌ Tivibu Spor 3: M3U8 bulunamadı
2026-05-22 12:14:33,127 [INFO] 
[13/13]
2026-05-22 12:14:33,127 [INFO] 
──────────────────────────────────────────────────
2026-05-22 12:14:33,127 [INFO] 🔍 Tivibu Spor 4 → https://atomsportv503.top/matches?id=tivibu-spor-4
2026-05-22 12:14:33,127 [INFO] ──────────────────────────────────────────────────
2026-05-22 12:15:05,273 [INFO]   📡 M3U8 bekleniyor (max 8s)...
2026-05-22 12:15:13,283 [INFO]   ❌ Tivibu Spor 4: M3U8 bulunamadı
2026-05-22 12:15:14,344 [INFO] 🔒 Driver kapatıldı
2026-05-22 12:15:14,344 [INFO] 
=======================================================
2026-05-22 12:15:14,344 [INFO] 🏁 Tamamlandı!
2026-05-22 12:15:14,344 [INFO] 📺 Kanal : 1/13
2026-05-22 12:15:14,344 [INFO] ⏱️  Süre  : 525.7s
2026-05-22 12:15:14,345 [INFO] =======================================================
2026-05-22 12:15:14,345 [INFO] ✅ playlist.m3u kaydedildi (proxy prefix'li)
2026-05-22 12:15:14,345 [INFO] ✅ stats.json kaydedildi
