2026-07-17 12:10:40,554 [INFO] 🌐 BASE_URL: https://atomsportv510.top
2026-07-17 12:10:41,472 [INFO] Başlanıyor... 14 kanal taranacak
2026-07-17 12:10:41,472 [INFO] Using default request storage
2026-07-17 12:10:41,477 [INFO] Created proxy listening on 127.0.0.1:38243
2026-07-17 12:10:42,179 [INFO] Capturing request: http://clients2.google.com/time/1/current?cup2key=10:-LoFCrYi58Kp0RqQUdqL9vtO-VQlmXE2S0ql-mE7jkQ&cup2hreq=e3b0c44298fc1c149afbf4c8996fb92427ae41e4649b934ca495991b7852b855
2026-07-17 12:10:42,258 [INFO] Capturing response: http://clients2.google.com/time/1/current?cup2key=10:-LoFCrYi58Kp0RqQUdqL9vtO-VQlmXE2S0ql-mE7jkQ&cup2hreq=e3b0c44298fc1c149afbf4c8996fb92427ae41e4649b934ca495991b7852b855 200 OK
2026-07-17 12:10:42,407 [INFO] 
[1/14]
2026-07-17 12:10:42,407 [INFO] 🔍 beIN Sports 1 → https://atomsportv510.top/matches?id=bein-sports-1
2026-07-17 12:10:42,535 [INFO] Capturing request: https://update.googleapis.com/service/update2/json?cup2key=16:AMinqUbekjY04Prm6kElnotydmgrYRi4ne4LiqHiEb4&cup2hreq=66bbee761847051875d4d155cc639e79454a01fdb7b3d0e52d0b8eb7da4800b5
2026-07-17 12:10:42,538 [INFO] Capturing request: https://accounts.google.com/ListAccounts?gpsia=1&source=ChromiumBrowser&json=standard&laf=b64bin
2026-07-17 12:10:42,625 [INFO] Capturing response: https://accounts.google.com/ListAccounts?gpsia=1&source=ChromiumBrowser&json=standard&laf=b64bin 200 
2026-07-17 12:10:42,630 [INFO] Capturing response: https://update.googleapis.com/service/update2/json?cup2key=16:AMinqUbekjY04Prm6kElnotydmgrYRi4ne4LiqHiEb4&cup2hreq=66bbee761847051875d4d155cc639e79454a01fdb7b3d0e52d0b8eb7da4800b5 200 
2026-07-17 12:10:42,632 [INFO] Capturing request: https://www.google.com/async/folae?async=_fmt:pb&udm=50&client_locale=en-US&client_country=ZZ
2026-07-17 12:10:42,641 [INFO] Capturing request: https://atomsportv510.top/matches?id=bein-sports-1
2026-07-17 12:10:42,665 [INFO] Capturing response: https://www.google.com/async/folae?async=_fmt:pb&udm=50&client_locale=en-US&client_country=ZZ 200 
2026-07-17 12:10:42,676 [INFO] Capturing request: https://update.googleapis.com/service/update2/json?cup2key=16:VmXa6b-bRg-ysjSkxAS1cKkF0TljFJpqCCIzMT3S6F8&cup2hreq=63e9175e193c4d05231db544b6163a81e916cb11170ef0ad8c235f67fa60ec13
2026-07-17 12:10:42,729 [INFO] Capturing response: https://atomsportv510.top/matches?id=bein-sports-1 200 
2026-07-17 12:10:42,734 [INFO] Capturing response: https://update.googleapis.com/service/update2/json?cup2key=16:VmXa6b-bRg-ysjSkxAS1cKkF0TljFJpqCCIzMT3S6F8&cup2hreq=63e9175e193c4d05231db544b6163a81e916cb11170ef0ad8c235f67fa60ec13 200 
2026-07-17 12:10:42,787 [INFO] Capturing request: https://update.googleapis.com/service/update2/json?cup2key=16:BouWN7x3zy3klMfVwVd2JCuWLEhbevFjhbWS0-z3V-U&cup2hreq=b5d8ad3636ca784a2cb470c1e3ec4b807b14acb31381c27088046bc951829022
2026-07-17 12:10:42,845 [INFO] Capturing response: https://update.googleapis.com/service/update2/json?cup2key=16:BouWN7x3zy3klMfVwVd2JCuWLEhbevFjhbWS0-z3V-U&cup2hreq=b5d8ad3636ca784a2cb470c1e3ec4b807b14acb31381c27088046bc951829022 200 
2026-07-17 12:10:42,872 [INFO] Capturing request: https://www.google.com/async/folae?async=_fmt:pb&udm=50&client_locale=en-US&client_country=ZZ
2026-07-17 12:10:42,886 [INFO] Capturing request: https://atomsportv510.top/assets/js/clappr.js
2026-07-17 12:10:42,905 [INFO] Capturing response: https://www.google.com/async/folae?async=_fmt:pb&udm=50&client_locale=en-US&client_country=ZZ 200 
2026-07-17 12:10:42,930 [INFO] Capturing response: https://atomsportv510.top/assets/js/clappr.js 200 
2026-07-17 12:10:42,970 [INFO] Capturing request: https://cdnjs.cloudflare.com/ajax/libs/jquery/3.2.1/jquery.min.js
2026-07-17 12:10:42,982 [INFO] Capturing request: https://cdn.jsdelivr.net/npm/@clappr/player@latest/dist/clappr.min.js
2026-07-17 12:10:43,020 [INFO] Capturing response: https://cdnjs.cloudflare.com/ajax/libs/jquery/3.2.1/jquery.min.js 200 
2026-07-17 12:10:43,050 [INFO] Capturing response: https://cdn.jsdelivr.net/npm/@clappr/player@latest/dist/clappr.min.js 200 
2026-07-17 12:10:43,262 [INFO] Capturing request: https://atomsportv510.top/favicon.ico
2026-07-17 12:10:43,343 [INFO] Capturing response: https://atomsportv510.top/favicon.ico 200 
2026-07-17 12:10:43,382 [INFO] Capturing request: https://teletv5.top/load/yayinlink.php?id=bein-sports-1
2026-07-17 12:10:43,742 [INFO] Capturing response: https://teletv5.top/load/yayinlink.php?id=bein-sports-1 200 
2026-07-17 12:10:43,938 [INFO] Capturing request: https://streamsport365.com/cinema
2026-07-17 12:10:44,248 [INFO] Capturing response: https://streamsport365.com/cinema 200 
2026-07-17 12:10:44,381 [INFO] Capturing request: https://atomsportv510.top/assets/img/player_logo_6880e4e4c52ee.png
2026-07-17 12:10:44,466 [INFO] Capturing response: https://atomsportv510.top/assets/img/player_logo_6880e4e4c52ee.png 200 
2026-07-17 12:10:44,511 [INFO] Capturing request: https://hlsssssssssssss.edaesra.workers.dev/https://corestream.macsitesi.help//trtspor/tracks-v1a1/mono.m3u8
2026-07-17 12:10:44,867 [INFO] Capturing response: https://hlsssssssssssss.edaesra.workers.dev/https://corestream.macsitesi.help//trtspor/tracks-v1a1/mono.m3u8 200 
2026-07-17 12:10:45,129 [INFO] Capturing request: https://securmar.edaesra.workers.dev/trtspor/tracks-v1a1/2026/07/17/12/11/58-06000.avif
2026-07-17 12:10:45,320 [INFO] Capturing request: https://android.clients.google.com/checkin
2026-07-17 12:10:45,421 [INFO] Capturing response: https://android.clients.google.com/checkin 200 
2026-07-17 12:10:45,471 [INFO] Capturing request: https://android.clients.google.com/c2dm/register3
2026-07-17 12:10:45,474 [INFO] Capturing request: https://android.clients.google.com/c2dm/register3
2026-07-17 12:10:45,476 [INFO] Capturing request: https://android.clients.google.com/c2dm/register3
2026-07-17 12:10:45,544 [INFO] Capturing response: https://android.clients.google.com/c2dm/register3 301 
2026-07-17 12:10:46,016 [INFO] Capturing response: https://android.clients.google.com/c2dm/register3 200 
2026-07-17 12:10:46,192 [INFO]   ✅ M3U8 bulundu: https://hlsssssssssssss.edaesra.workers.dev/https://corestream.macsitesi.help//trtspor/tracks-v1a1/mono.m3u8
2026-07-17 12:10:46,304 [INFO] Capturing response: https://android.clients.google.com/c2dm/register3 200 
2026-07-17 12:10:46,637 [INFO] Capturing response: https://securmar.edaesra.workers.dev/trtspor/tracks-v1a1/2026/07/17/12/11/58-06000.avif 200 
2026-07-17 12:10:46,886 [INFO] Capturing request: https://securmar.edaesra.workers.dev/trtspor/tracks-v1a1/2026/07/17/12/12/04-06000.avif
2026-07-17 12:10:47,192 [INFO] 
[2/14]
2026-07-17 12:10:47,192 [INFO] 🔍 beIN Sports 2 → https://atomsportv510.top/matches?id=bein-sports-2
2026-07-17 12:10:47,304 [INFO] Capturing request: https://atomsportv510.top/matches?id=bein-sports-2
2026-07-17 12:10:47,366 [INFO] Capturing response: https://atomsportv510.top/matches?id=bein-sports-2 200 
2026-07-17 12:10:47,423 [INFO] Capturing request: https://streamsport365.com/cinema
2026-07-17 12:10:47,523 [INFO] Capturing request: https://atomsportv510.top/favicon.ico
2026-07-17 12:10:47,525 [INFO] Capturing request: https://teletv5.top/load/yayinlink.php?id=bein-sports-2
2026-07-17 12:10:47,568 [INFO] Capturing response: https://atomsportv510.top/favicon.ico 200 
2026-07-17 12:10:47,718 [INFO] Capturing response: https://teletv5.top/load/yayinlink.php?id=bein-sports-2 200 
2026-07-17 12:10:47,724 [INFO] Capturing response: https://streamsport365.com/cinema 200 
2026-07-17 12:10:47,847 [INFO] Capturing request: https://hlsssssssssssss.edaesra.workers.dev/https://corestream.macsitesi.help//bein2/tracks-v1a1/mono.m3u8
2026-07-17 12:10:47,997 [INFO] Capturing response: https://hlsssssssssssss.edaesra.workers.dev/https://corestream.macsitesi.help//bein2/tracks-v1a1/mono.m3u8 404 
2026-07-17 12:10:48,479 [INFO] Capturing response: https://securmar.edaesra.workers.dev/trtspor/tracks-v1a1/2026/07/17/12/12/04-06000.avif 200 
2026-07-17 12:10:50,435 [INFO]   ✅ M3U8 bulundu: https://hlsssssssssssss.edaesra.workers.dev/https://corestream.macsitesi.help//bein2/tracks-v1a1/mono.m3u8
2026-07-17 12:10:51,435 [INFO] 
[3/14]
2026-07-17 12:10:51,435 [INFO] 🔍 beIN Sports 3 → https://atomsportv510.top/matches?id=bein-sports-3
2026-07-17 12:10:51,545 [INFO] Capturing request: https://atomsportv510.top/matches?id=bein-sports-3
2026-07-17 12:10:51,546 [INFO] Capturing request: https://atomsportv510.top/assets/js/clappr.js
2026-07-17 12:10:51,606 [INFO] Capturing response: https://atomsportv510.top/matches?id=bein-sports-3 200 
2026-07-17 12:10:51,635 [INFO] Capturing response: https://atomsportv510.top/assets/js/clappr.js 200 
2026-07-17 12:10:51,767 [INFO] Capturing request: https://atomsportv510.top/favicon.ico
2026-07-17 12:10:51,770 [INFO] Capturing request: https://teletv5.top/load/yayinlink.php?id=bein-sports-3
2026-07-17 12:10:51,812 [INFO] Capturing response: https://atomsportv510.top/favicon.ico 200 
2026-07-17 12:10:51,894 [INFO] Capturing request: https://streamsport365.com/cinema
2026-07-17 12:10:51,960 [INFO] Capturing response: https://teletv5.top/load/yayinlink.php?id=bein-sports-3 200 
2026-07-17 12:10:52,199 [INFO] Capturing response: https://streamsport365.com/cinema 200 
2026-07-17 12:10:52,320 [INFO] Capturing request: https://hlsssssssssssss.edaesra.workers.dev/https://corestream.macsitesi.help//trtspor/tracks-v1a1/mono.m3u8
2026-07-17 12:10:52,468 [INFO] Capturing response: https://hlsssssssssssss.edaesra.workers.dev/https://corestream.macsitesi.help//trtspor/tracks-v1a1/mono.m3u8 200 
2026-07-17 12:10:52,578 [INFO] Capturing request: https://securmar.edaesra.workers.dev/trtspor/tracks-v1a1/2026/07/17/12/12/04-06000.avif
2026-07-17 12:10:53,783 [INFO] Capturing response: https://securmar.edaesra.workers.dev/trtspor/tracks-v1a1/2026/07/17/12/12/04-06000.avif 200 
2026-07-17 12:10:54,022 [INFO] Capturing request: https://securmar.edaesra.workers.dev/trtspor/tracks-v1a1/2026/07/17/12/12/10-06000.avif
2026-07-17 12:10:54,681 [INFO]   ✅ M3U8 bulundu: https://hlsssssssssssss.edaesra.workers.dev/https://corestream.macsitesi.help//trtspor/tracks-v1a1/mono.m3u8
2026-07-17 12:10:55,439 [INFO] Capturing response: https://securmar.edaesra.workers.dev/trtspor/tracks-v1a1/2026/07/17/12/12/10-06000.avif 200 
2026-07-17 12:10:55,677 [INFO] Capturing request: https://securmar.edaesra.workers.dev/trtspor/tracks-v1a1/2026/07/17/12/12/16-06000.avif
2026-07-17 12:10:55,681 [INFO] 
[4/14]
2026-07-17 12:10:55,681 [INFO] 🔍 beIN Sports 4 → https://atomsportv510.top/matches?id=bein-sports-4
2026-07-17 12:10:55,794 [INFO] Capturing request: https://atomsportv510.top/assets/js/clappr.js
2026-07-17 12:10:55,795 [INFO] Capturing request: https://atomsportv510.top/matches?id=bein-sports-4
2026-07-17 12:10:55,832 [INFO] Capturing response: https://atomsportv510.top/assets/js/clappr.js 200 
2026-07-17 12:10:55,884 [INFO] Capturing response: https://atomsportv510.top/matches?id=bein-sports-4 200 
2026-07-17 12:10:55,950 [INFO] Capturing request: https://streamsport365.com/cinema
2026-07-17 12:10:56,049 [INFO] Capturing request: https://atomsportv510.top/favicon.ico
2026-07-17 12:10:56,051 [INFO] Capturing request: https://teletv5.top/load/yayinlink.php?id=bein-sports-4
2026-07-17 12:10:56,102 [INFO] Capturing response: https://atomsportv510.top/favicon.ico 200 
2026-07-17 12:10:56,244 [INFO] Capturing response: https://teletv5.top/load/yayinlink.php?id=bein-sports-4 200 
2026-07-17 12:10:56,253 [INFO] Capturing response: https://streamsport365.com/cinema 200 
2026-07-17 12:10:56,407 [INFO] Capturing request: https://hlsssssssssssss.edaesra.workers.dev/https://corestream.macsitesi.help//bein2/tracks-v1a1/mono.m3u8
2026-07-17 12:10:56,554 [INFO] Capturing response: https://hlsssssssssssss.edaesra.workers.dev/https://corestream.macsitesi.help//bein2/tracks-v1a1/mono.m3u8 404 
2026-07-17 12:10:56,954 [INFO] Capturing response: https://securmar.edaesra.workers.dev/trtspor/tracks-v1a1/2026/07/17/12/12/16-06000.avif 200 
2026-07-17 12:10:57,000 [INFO] 127.0.0.1:39104: ProtocolException("Error in HTTP connection: Http2ZombieException('Connection or stream already dead: 1784290256.9996598, False')")
2026-07-17 12:10:58,964 [INFO]   ✅ M3U8 bulundu: https://hlsssssssssssss.edaesra.workers.dev/https://corestream.macsitesi.help//bein2/tracks-v1a1/mono.m3u8
2026-07-17 12:10:59,965 [INFO] 
[5/14]
2026-07-17 12:10:59,965 [INFO] 🔍 beIN Sports 5 → https://atomsportv510.top/matches?id=bein-sports-5
2026-07-17 12:11:00,074 [INFO] Capturing request: https://atomsportv510.top/assets/js/clappr.js
2026-07-17 12:11:00,075 [INFO] Capturing request: https://atomsportv510.top/matches?id=bein-sports-5
2026-07-17 12:11:00,108 [INFO] Capturing response: https://atomsportv510.top/assets/js/clappr.js 200 
2026-07-17 12:11:00,163 [INFO] Capturing response: https://atomsportv510.top/matches?id=bein-sports-5 200 
2026-07-17 12:11:00,290 [INFO] Capturing request: https://teletv5.top/load/yayinlink.php?id=bein-sports-5
2026-07-17 12:11:00,293 [INFO] Capturing request: https://atomsportv510.top/favicon.ico
2026-07-17 12:11:00,344 [INFO] Capturing response: https://atomsportv510.top/favicon.ico 200 
2026-07-17 12:11:00,417 [INFO] Capturing request: https://streamsport365.com/cinema
2026-07-17 12:11:00,483 [INFO] Capturing response: https://teletv5.top/load/yayinlink.php?id=bein-sports-5 200 
2026-07-17 12:11:00,727 [INFO] Capturing response: https://streamsport365.com/cinema 200 
2026-07-17 12:11:00,847 [INFO] Capturing request: https://hlsssssssssssss.edaesra.workers.dev/https://corestream.macsitesi.help//bein2/tracks-v1a1/mono.m3u8
2026-07-17 12:11:01,005 [INFO] Capturing response: https://hlsssssssssssss.edaesra.workers.dev/https://corestream.macsitesi.help//bein2/tracks-v1a1/mono.m3u8 404 
2026-07-17 12:11:03,206 [INFO]   ✅ M3U8 bulundu: https://hlsssssssssssss.edaesra.workers.dev/https://corestream.macsitesi.help//bein2/tracks-v1a1/mono.m3u8
2026-07-17 12:11:04,206 [INFO] 
[6/14]
2026-07-17 12:11:04,206 [INFO] 🔍 beIN Sports Max 1 → https://atomsportv510.top/matches?id=bein-sports-max-1
2026-07-17 12:11:04,316 [INFO] Capturing request: https://atomsportv510.top/assets/js/clappr.js
2026-07-17 12:11:04,317 [INFO] Capturing request: https://atomsportv510.top/matches?id=bein-sports-max-1
2026-07-17 12:11:04,350 [INFO] Capturing response: https://atomsportv510.top/assets/js/clappr.js 200 
2026-07-17 12:11:04,407 [INFO] Capturing response: https://atomsportv510.top/matches?id=bein-sports-max-1 200 
2026-07-17 12:11:04,468 [INFO] Capturing request: https://streamsport365.com/cinema
2026-07-17 12:11:04,568 [INFO] Capturing request: https://teletv5.top/load/yayinlink.php?id=bein-sports-max-1
2026-07-17 12:11:04,570 [INFO] Capturing request: https://atomsportv510.top/favicon.ico
2026-07-17 12:11:04,615 [INFO] Capturing response: https://atomsportv510.top/favicon.ico 200 
2026-07-17 12:11:04,760 [INFO] Capturing response: https://teletv5.top/load/yayinlink.php?id=bein-sports-max-1 200 
2026-07-17 12:11:04,774 [INFO] Capturing response: https://streamsport365.com/cinema 200 
2026-07-17 12:11:04,921 [INFO] Capturing request: https://hlsssssssssssss.edaesra.workers.dev/https://corestream.macsitesi.help//trtspor/tracks-v1a1/mono.m3u8
2026-07-17 12:11:05,080 [INFO] Capturing response: https://hlsssssssssssss.edaesra.workers.dev/https://corestream.macsitesi.help//trtspor/tracks-v1a1/mono.m3u8 200 
2026-07-17 12:11:05,229 [INFO] Capturing request: https://securmar.edaesra.workers.dev/trtspor/tracks-v1a1/2026/07/17/12/12/16-06000.avif
2026-07-17 12:11:06,376 [INFO] Capturing response: https://securmar.edaesra.workers.dev/trtspor/tracks-v1a1/2026/07/17/12/12/16-06000.avif 200 
2026-07-17 12:11:06,616 [INFO] Capturing request: https://securmar.edaesra.workers.dev/trtspor/tracks-v1a1/2026/07/17/12/12/22-06000.avif
2026-07-17 12:11:07,507 [INFO]   ✅ M3U8 bulundu: https://hlsssssssssssss.edaesra.workers.dev/https://corestream.macsitesi.help//trtspor/tracks-v1a1/mono.m3u8
2026-07-17 12:11:08,208 [INFO] Capturing response: https://securmar.edaesra.workers.dev/trtspor/tracks-v1a1/2026/07/17/12/12/22-06000.avif 200 
2026-07-17 12:11:08,455 [INFO] Capturing request: https://securmar.edaesra.workers.dev/trtspor/tracks-v1a1/2026/07/17/12/12/28-06000.avif
2026-07-17 12:11:08,507 [INFO] 
[7/14]
2026-07-17 12:11:08,508 [INFO] 🔍 beIN Sports Max 2 → https://atomsportv510.top/matches?id=bein-sports-max-2
2026-07-17 12:11:08,619 [INFO] Capturing request: https://atomsportv510.top/assets/js/clappr.js
2026-07-17 12:11:08,621 [INFO] Capturing request: https://atomsportv510.top/matches?id=bein-sports-max-2
2026-07-17 12:11:08,657 [INFO] Capturing response: https://atomsportv510.top/assets/js/clappr.js 200 
2026-07-17 12:11:08,707 [INFO] Capturing response: https://atomsportv510.top/matches?id=bein-sports-max-2 200 
2026-07-17 12:11:08,838 [INFO] Capturing request: https://teletv5.top/load/yayinlink.php?id=bein-sports-max-2
2026-07-17 12:11:08,840 [INFO] Capturing request: https://atomsportv510.top/favicon.ico
2026-07-17 12:11:08,889 [INFO] Capturing response: https://atomsportv510.top/favicon.ico 200 
2026-07-17 12:11:08,961 [INFO] Capturing request: https://streamsport365.com/cinema
2026-07-17 12:11:09,031 [INFO] Capturing response: https://teletv5.top/load/yayinlink.php?id=bein-sports-max-2 200 
2026-07-17 12:11:09,264 [INFO] Capturing response: https://streamsport365.com/cinema 200 
2026-07-17 12:11:09,388 [INFO] Capturing request: https://hlsssssssssssss.edaesra.workers.dev/https://corestream.macsitesi.help//trtspor/tracks-v1a1/mono.m3u8
2026-07-17 12:11:09,537 [INFO] Capturing response: https://hlsssssssssssss.edaesra.workers.dev/https://corestream.macsitesi.help//trtspor/tracks-v1a1/mono.m3u8 200 
2026-07-17 12:11:09,648 [INFO] Capturing request: https://securmar.edaesra.workers.dev/trtspor/tracks-v1a1/2026/07/17/12/12/22-06000.avif
2026-07-17 12:11:09,728 [INFO] Capturing request: https://android.clients.google.com/c2dm/register3
2026-07-17 12:11:09,736 [INFO] Capturing response: https://securmar.edaesra.workers.dev/trtspor/tracks-v1a1/2026/07/17/12/12/28-06000.avif 200 
2026-07-17 12:11:09,798 [INFO] Capturing response: https://android.clients.google.com/c2dm/register3 301 
2026-07-17 12:11:10,920 [INFO] Capturing response: https://securmar.edaesra.workers.dev/trtspor/tracks-v1a1/2026/07/17/12/12/22-06000.avif 200 
2026-07-17 12:11:11,129 [INFO] Capturing request: https://securmar.edaesra.workers.dev/trtspor/tracks-v1a1/2026/07/17/12/12/28-06000.avif
2026-07-17 12:11:11,756 [INFO]   ✅ M3U8 bulundu: https://hlsssssssssssss.edaesra.workers.dev/https://corestream.macsitesi.help//trtspor/tracks-v1a1/mono.m3u8
2026-07-17 12:11:12,251 [INFO] Capturing response: https://securmar.edaesra.workers.dev/trtspor/tracks-v1a1/2026/07/17/12/12/28-06000.avif 200 
2026-07-17 12:11:12,487 [INFO] Capturing request: https://securmar.edaesra.workers.dev/trtspor/tracks-v1a1/2026/07/17/12/12/34-06000.avif
2026-07-17 12:11:12,756 [INFO] 
[8/14]
2026-07-17 12:11:12,756 [INFO] 🔍 S Sport → https://atomsportv510.top/matches?id=s-sport
2026-07-17 12:11:12,868 [INFO] Capturing request: https://atomsportv510.top/matches?id=s-sport
2026-07-17 12:11:12,869 [INFO] Capturing request: https://atomsportv510.top/assets/js/clappr.js
2026-07-17 12:11:12,958 [INFO] Capturing response: https://atomsportv510.top/assets/js/clappr.js 200 
2026-07-17 12:11:13,381 [INFO] Capturing response: https://atomsportv510.top/matches?id=s-sport 200 
2026-07-17 12:11:13,444 [INFO] Capturing request: https://streamsport365.com/cinema
2026-07-17 12:11:13,544 [INFO] Capturing request: https://teletv5.top/load/yayinlink.php?id=s-sport
2026-07-17 12:11:13,545 [INFO] Capturing request: https://atomsportv510.top/favicon.ico
2026-07-17 12:11:13,591 [INFO] Capturing response: https://atomsportv510.top/favicon.ico 200 
2026-07-17 12:11:13,739 [INFO] Capturing response: https://teletv5.top/load/yayinlink.php?id=s-sport 200 
2026-07-17 12:11:13,744 [INFO] Capturing response: https://streamsport365.com/cinema 200 
2026-07-17 12:11:13,901 [INFO] Capturing request: https://hlsssssssssssss.edaesra.workers.dev/https://corestream.macsitesi.help//s-sportt/tracks-v1a1/mono.m3u8
2026-07-17 12:11:13,921 [INFO] Capturing response: https://securmar.edaesra.workers.dev/trtspor/tracks-v1a1/2026/07/17/12/12/34-06000.avif 200 
2026-07-17 12:11:13,981 [INFO] 127.0.0.1:39104: ProtocolException("Error in HTTP connection: Http2ZombieException('Connection or stream already dead: 1784290273.9806194, False')")
2026-07-17 12:11:14,050 [INFO] Capturing response: https://hlsssssssssssss.edaesra.workers.dev/https://corestream.macsitesi.help//s-sportt/tracks-v1a1/mono.m3u8 404 
2026-07-17 12:11:16,458 [INFO]   ✅ M3U8 bulundu: https://hlsssssssssssss.edaesra.workers.dev/https://corestream.macsitesi.help//s-sportt/tracks-v1a1/mono.m3u8
2026-07-17 12:11:17,458 [INFO] 
[9/14]
2026-07-17 12:11:17,458 [INFO] 🔍 S Sport 2 → https://atomsportv510.top/matches?id=s-sport-2
2026-07-17 12:11:17,568 [INFO] Capturing request: https://atomsportv510.top/assets/js/clappr.js
2026-07-17 12:11:17,569 [INFO] Capturing request: https://atomsportv510.top/matches?id=s-sport-2
2026-07-17 12:11:17,603 [INFO] Capturing response: https://atomsportv510.top/assets/js/clappr.js 200 
2026-07-17 12:11:17,664 [INFO] Capturing response: https://atomsportv510.top/matches?id=s-sport-2 200 
2026-07-17 12:11:17,791 [INFO] Capturing request: https://teletv5.top/load/yayinlink.php?id=s-sport-2
2026-07-17 12:11:17,795 [INFO] Capturing request: https://atomsportv510.top/favicon.ico
2026-07-17 12:11:17,840 [INFO] Capturing response: https://atomsportv510.top/favicon.ico 200 
2026-07-17 12:11:17,919 [INFO] Capturing request: https://streamsport365.com/cinema
2026-07-17 12:11:17,986 [INFO] Capturing response: https://teletv5.top/load/yayinlink.php?id=s-sport-2 200 
2026-07-17 12:11:18,218 [INFO] Capturing response: https://streamsport365.com/cinema 200 
2026-07-17 12:11:18,337 [INFO] Capturing request: https://hlsssssssssssss.edaesra.workers.dev/https://corestream.macsitesi.help//s-sport2/tracks-v1a1/mono.m3u8
2026-07-17 12:11:18,487 [INFO] Capturing response: https://hlsssssssssssss.edaesra.workers.dev/https://corestream.macsitesi.help//s-sport2/tracks-v1a1/mono.m3u8 404 
2026-07-17 12:11:20,706 [INFO]   ✅ M3U8 bulundu: https://hlsssssssssssss.edaesra.workers.dev/https://corestream.macsitesi.help//s-sport2/tracks-v1a1/mono.m3u8
2026-07-17 12:11:21,706 [INFO] 
[10/14]
2026-07-17 12:11:21,707 [INFO] 🔍 A Spor → https://atomsportv510.top/matches?id=a-spor
2026-07-17 12:11:21,816 [INFO] Capturing request: https://atomsportv510.top/assets/js/clappr.js
2026-07-17 12:11:21,817 [INFO] Capturing request: https://atomsportv510.top/matches?id=a-spor
2026-07-17 12:11:21,855 [INFO] Capturing response: https://atomsportv510.top/assets/js/clappr.js 200 
2026-07-17 12:11:21,911 [INFO] Capturing response: https://atomsportv510.top/matches?id=a-spor 200 
2026-07-17 12:11:21,969 [INFO] Capturing request: https://streamsport365.com/cinema
2026-07-17 12:11:22,066 [INFO] Capturing request: https://teletv5.top/load/yayinlink.php?id=a-spor
2026-07-17 12:11:22,074 [INFO] Capturing request: https://atomsportv510.top/favicon.ico
2026-07-17 12:11:22,120 [INFO] Capturing response: https://atomsportv510.top/favicon.ico 200 
2026-07-17 12:11:22,258 [INFO] Capturing response: https://teletv5.top/load/yayinlink.php?id=a-spor 200 
2026-07-17 12:11:22,269 [INFO] Capturing response: https://streamsport365.com/cinema 200 
2026-07-17 12:11:22,418 [INFO] Capturing request: https://hlsssssssssssss.edaesra.workers.dev/https://corestream.macsitesi.help//aspor/tracks-v1a1/mono.m3u8
2026-07-17 12:11:22,569 [INFO] Capturing response: https://hlsssssssssssss.edaesra.workers.dev/https://corestream.macsitesi.help//aspor/tracks-v1a1/mono.m3u8 404 
2026-07-17 12:11:24,983 [INFO]   ✅ M3U8 bulundu: https://hlsssssssssssss.edaesra.workers.dev/https://corestream.macsitesi.help//aspor/tracks-v1a1/mono.m3u8
2026-07-17 12:11:25,984 [INFO] 
[11/14]
2026-07-17 12:11:25,984 [INFO] 🔍 Tivibu Spor 1 → https://atomsportv510.top/matches?id=tivibu-spor-1
2026-07-17 12:11:26,094 [INFO] Capturing request: https://atomsportv510.top/assets/js/clappr.js
2026-07-17 12:11:26,095 [INFO] Capturing request: https://atomsportv510.top/matches?id=tivibu-spor-1
2026-07-17 12:11:26,128 [INFO] Capturing response: https://atomsportv510.top/assets/js/clappr.js 200 
2026-07-17 12:11:26,181 [INFO] Capturing response: https://atomsportv510.top/matches?id=tivibu-spor-1 200 
2026-07-17 12:11:26,310 [INFO] Capturing request: https://teletv5.top/load/yayinlink.php?id=tivibu-spor-1
2026-07-17 12:11:26,313 [INFO] Capturing request: https://atomsportv510.top/favicon.ico
2026-07-17 12:11:26,358 [INFO] Capturing response: https://atomsportv510.top/favicon.ico 200 
2026-07-17 12:11:26,437 [INFO] Capturing request: https://streamsport365.com/cinema
2026-07-17 12:11:26,598 [INFO] Capturing response: https://teletv5.top/load/yayinlink.php?id=tivibu-spor-1 200 
2026-07-17 12:11:26,750 [INFO] Capturing response: https://streamsport365.com/cinema 200 
2026-07-17 12:11:26,870 [INFO] Capturing request: https://hlsssssssssssss.edaesra.workers.dev/https://corestream.macsitesi.help//trtspor/tracks-v1a1/mono.m3u8
2026-07-17 12:11:27,023 [INFO] Capturing response: https://hlsssssssssssss.edaesra.workers.dev/https://corestream.macsitesi.help//trtspor/tracks-v1a1/mono.m3u8 200 
2026-07-17 12:11:27,133 [INFO] Capturing request: https://securmar.edaesra.workers.dev/trtspor/tracks-v1a1/2026/07/17/12/12/40-06000.avif
2026-07-17 12:11:28,655 [INFO] Capturing response: https://securmar.edaesra.workers.dev/trtspor/tracks-v1a1/2026/07/17/12/12/40-06000.avif 200 
2026-07-17 12:11:28,901 [INFO] Capturing request: https://securmar.edaesra.workers.dev/trtspor/tracks-v1a1/2026/07/17/12/12/46-06000.avif
2026-07-17 12:11:29,227 [INFO]   ✅ M3U8 bulundu: https://hlsssssssssssss.edaesra.workers.dev/https://corestream.macsitesi.help//trtspor/tracks-v1a1/mono.m3u8
2026-07-17 12:11:30,228 [INFO] 
[12/14]
2026-07-17 12:11:30,228 [INFO] 🔍 Tivibu Spor 2 → https://atomsportv510.top/matches?id=tivibu-spor-2
2026-07-17 12:11:30,339 [INFO] Capturing request: https://atomsportv510.top/assets/js/clappr.js
2026-07-17 12:11:30,341 [INFO] Capturing request: https://atomsportv510.top/matches?id=tivibu-spor-2
2026-07-17 12:11:30,365 [INFO] Capturing response: https://securmar.edaesra.workers.dev/trtspor/tracks-v1a1/2026/07/17/12/12/46-06000.avif 200 
2026-07-17 12:11:30,379 [INFO] Capturing response: https://atomsportv510.top/assets/js/clappr.js 200 
2026-07-17 12:11:30,436 [INFO] Capturing response: https://atomsportv510.top/matches?id=tivibu-spor-2 200 
2026-07-17 12:11:30,496 [INFO] Capturing request: https://streamsport365.com/cinema
2026-07-17 12:11:30,594 [INFO] Capturing request: https://teletv5.top/load/yayinlink.php?id=tivibu-spor-2
2026-07-17 12:11:30,598 [INFO] Capturing request: https://atomsportv510.top/favicon.ico
2026-07-17 12:11:30,648 [INFO] Capturing response: https://atomsportv510.top/favicon.ico 200 
2026-07-17 12:11:30,786 [INFO] Capturing response: https://teletv5.top/load/yayinlink.php?id=tivibu-spor-2 200 
2026-07-17 12:11:30,814 [INFO] Capturing response: https://streamsport365.com/cinema 200 
2026-07-17 12:11:30,946 [INFO] Capturing request: https://hlsssssssssssss.edaesra.workers.dev/https://corestream.macsitesi.help//trtspor/tracks-v1a1/mono.m3u8
2026-07-17 12:11:31,089 [INFO] Capturing response: https://hlsssssssssssss.edaesra.workers.dev/https://corestream.macsitesi.help//trtspor/tracks-v1a1/mono.m3u8 200 
2026-07-17 12:11:31,239 [INFO] Capturing request: https://securmar.edaesra.workers.dev/trtspor/tracks-v1a1/2026/07/17/12/12/40-06000.avif
2026-07-17 12:11:32,528 [INFO] Capturing response: https://securmar.edaesra.workers.dev/trtspor/tracks-v1a1/2026/07/17/12/12/40-06000.avif 200 
2026-07-17 12:11:32,772 [INFO] Capturing request: https://securmar.edaesra.workers.dev/trtspor/tracks-v1a1/2026/07/17/12/12/46-06000.avif
2026-07-17 12:11:33,511 [INFO]   ✅ M3U8 bulundu: https://hlsssssssssssss.edaesra.workers.dev/https://corestream.macsitesi.help//trtspor/tracks-v1a1/mono.m3u8
2026-07-17 12:11:34,360 [INFO] Capturing response: https://securmar.edaesra.workers.dev/trtspor/tracks-v1a1/2026/07/17/12/12/46-06000.avif 200 
2026-07-17 12:11:34,511 [INFO] 
[13/14]
2026-07-17 12:11:34,512 [INFO] 🔍 Tivibu Spor 3 → https://atomsportv510.top/matches?id=tivibu-spor-3
2026-07-17 12:11:34,605 [INFO] Capturing request: https://securmar.edaesra.workers.dev/trtspor/tracks-v1a1/2026/07/17/12/12/52-06000.avif
2026-07-17 12:11:34,623 [INFO] Capturing request: https://atomsportv510.top/matches?id=tivibu-spor-3
2026-07-17 12:11:34,625 [INFO] Capturing request: https://atomsportv510.top/assets/js/clappr.js
2026-07-17 12:11:34,677 [INFO] Capturing response: https://atomsportv510.top/matches?id=tivibu-spor-3 200 
2026-07-17 12:11:34,712 [INFO] Capturing response: https://atomsportv510.top/assets/js/clappr.js 200 
2026-07-17 12:11:34,805 [INFO] Capturing request: https://teletv5.top/load/yayinlink.php?id=tivibu-spor-3
2026-07-17 12:11:34,811 [INFO] Capturing request: https://atomsportv510.top/favicon.ico
2026-07-17 12:11:34,858 [INFO] Capturing response: https://atomsportv510.top/favicon.ico 200 
2026-07-17 12:11:34,933 [INFO] Capturing request: https://streamsport365.com/cinema
2026-07-17 12:11:34,996 [INFO] Capturing response: https://teletv5.top/load/yayinlink.php?id=tivibu-spor-3 200 
2026-07-17 12:11:35,246 [INFO] Capturing response: https://streamsport365.com/cinema 200 
2026-07-17 12:11:35,366 [INFO] Capturing request: https://hlsssssssssssss.edaesra.workers.dev/https://corestream.macsitesi.help//trtspor/tracks-v1a1/mono.m3u8
2026-07-17 12:11:35,512 [INFO] Capturing response: https://hlsssssssssssss.edaesra.workers.dev/https://corestream.macsitesi.help//trtspor/tracks-v1a1/mono.m3u8 200 
2026-07-17 12:11:35,622 [INFO] Capturing request: https://securmar.edaesra.workers.dev/trtspor/tracks-v1a1/2026/07/17/12/12/46-06000.avif
2026-07-17 12:11:36,670 [INFO] Capturing response: https://securmar.edaesra.workers.dev/trtspor/tracks-v1a1/2026/07/17/12/12/52-06000.avif 200 
2026-07-17 12:11:37,730 [INFO]   ✅ M3U8 bulundu: https://hlsssssssssssss.edaesra.workers.dev/https://corestream.macsitesi.help//trtspor/tracks-v1a1/mono.m3u8
2026-07-17 12:11:37,731 [INFO] Capturing response: https://securmar.edaesra.workers.dev/trtspor/tracks-v1a1/2026/07/17/12/12/46-06000.avif 200 
2026-07-17 12:11:37,971 [INFO] Capturing request: https://securmar.edaesra.workers.dev/trtspor/tracks-v1a1/2026/07/17/12/12/52-06000.avif
2026-07-17 12:11:38,731 [INFO] 
[14/14]
2026-07-17 12:11:38,731 [INFO] 🔍 Tivibu Spor 4 → https://atomsportv510.top/matches?id=tivibu-spor-4
2026-07-17 12:11:38,844 [INFO] Capturing request: https://atomsportv510.top/matches?id=tivibu-spor-4
2026-07-17 12:11:38,845 [INFO] Capturing request: https://atomsportv510.top/assets/js/clappr.js
2026-07-17 12:11:38,907 [INFO] Capturing response: https://atomsportv510.top/matches?id=tivibu-spor-4 200 
2026-07-17 12:11:38,933 [INFO] Capturing response: https://atomsportv510.top/assets/js/clappr.js 200 
2026-07-17 12:11:38,946 [INFO] Capturing request: https://streamsport365.com/cinema
2026-07-17 12:11:39,041 [INFO] Capturing request: https://teletv5.top/load/yayinlink.php?id=tivibu-spor-4
2026-07-17 12:11:39,052 [INFO] Capturing request: https://atomsportv510.top/favicon.ico
2026-07-17 12:11:39,098 [INFO] Capturing response: https://atomsportv510.top/favicon.ico 200 
2026-07-17 12:11:39,233 [INFO] Capturing response: https://teletv5.top/load/yayinlink.php?id=tivibu-spor-4 200 
2026-07-17 12:11:39,251 [INFO] Capturing response: https://streamsport365.com/cinema 200 
2026-07-17 12:11:39,473 [INFO] Capturing response: https://securmar.edaesra.workers.dev/trtspor/tracks-v1a1/2026/07/17/12/12/52-06000.avif 200 
2026-07-17 12:11:39,511 [INFO] 127.0.0.1:39104: ProtocolException("Error in HTTP connection: Http2ZombieException('Connection or stream already dead: 1784290299.5106268, False')")
2026-07-17 12:11:42,172 [INFO] Capturing request: https://update.googleapis.com/service/update2/json?cup2key=16:1o00ptTau_yUF0Kk1w-upUxUWbKxTgdeVjwDesqlr9A&cup2hreq=3f60fdc836fb261c372b5a1785610df1cab142d01ebe5c78ad9d3fa02c7fad2c
2026-07-17 12:11:42,231 [INFO] Capturing response: https://update.googleapis.com/service/update2/json?cup2key=16:1o00ptTau_yUF0Kk1w-upUxUWbKxTgdeVjwDesqlr9A&cup2hreq=3f60fdc836fb261c372b5a1785610df1cab142d01ebe5c78ad9d3fa02c7fad2c 200 
2026-07-17 12:11:42,238 [INFO] Capturing request: http://edgedl.me.gvt1.com/edgedl/diffgen-puffin/gcmjkmgdlgnkkcocmoeiminaijmmjnii/df2a22d5ecc7788c3330ebd5f856b41531c74f412a01ed7453d11284708009fe
2026-07-17 12:11:42,281 [INFO] Capturing response: http://edgedl.me.gvt1.com/edgedl/diffgen-puffin/gcmjkmgdlgnkkcocmoeiminaijmmjnii/df2a22d5ecc7788c3330ebd5f856b41531c74f412a01ed7453d11284708009fe 200 OK
2026-07-17 12:11:42,309 [INFO] Capturing request: https://update.googleapis.com/service/update2/json
2026-07-17 12:11:42,366 [INFO] Capturing response: https://update.googleapis.com/service/update2/json 200 
2026-07-17 12:11:42,411 [INFO] Capturing request: http://edgedl.me.gvt1.com/edgedl/release2/chrome_component/adxla2olrpupvyxtnzlnpe2ukrxq_10653/hfnkpimlhhgieaddgfemjhofmfblmnib_10653_all_adjgpa74m2f4yyx6mmbftq2vojjq.crx3
2026-07-17 12:11:42,474 [INFO] Capturing response: http://edgedl.me.gvt1.com/edgedl/release2/chrome_component/adxla2olrpupvyxtnzlnpe2ukrxq_10653/hfnkpimlhhgieaddgfemjhofmfblmnib_10653_all_adjgpa74m2f4yyx6mmbftq2vojjq.crx3 200 OK
2026-07-17 12:11:42,507 [INFO] Capturing request: https://update.googleapis.com/service/update2/json
2026-07-17 12:11:42,546 [INFO] Capturing response: https://update.googleapis.com/service/update2/json 200 
2026-07-17 12:12:02,535 [INFO] Capturing request: https://android.clients.google.com/c2dm/register3
2026-07-17 12:12:02,605 [INFO] Capturing response: https://android.clients.google.com/c2dm/register3 301 
2026-07-17 12:12:12,252 [WARNING]   ❌ Tivibu Spor 4 için M3U8 bulunamadı
2026-07-17 12:12:13,322 [INFO] ✅ 13 kanal bulundu, playlist.m3u kaydedildi
