2026-05-10 22:52:51,905 [INFO] 🔎 Domain aralığı taranıyor: atomsportv490.top - atomsportv520.top
2026-05-10 22:52:54,293 [INFO]   ✅ Aktif domain bulundu: https://atomsportv503.top
2026-05-10 22:52:54,295 [INFO] 🌐 Kullanılan BASE_URL: https://atomsportv503.top
2026-05-10 22:52:54,295 [INFO] 🔗 Proxy Prefix: https://ronaldo.magnitude.workers.dev/?url=
2026-05-10 22:52:55,499 [INFO] ✅ SeleniumWire aktif
2026-05-10 22:52:55,501 [INFO] =======================================================
2026-05-10 22:52:55,501 [INFO]    M3U8 Scraper
2026-05-10 22:52:55,501 [INFO]    Base URL    : https://atomsportv503.top
2026-05-10 22:52:55,501 [INFO]    Proxy Prefix: https://ronaldo.magnitude.workers.dev/?url=
2026-05-10 22:52:55,501 [INFO]    Toplam      : 13 sayfa
2026-05-10 22:52:55,501 [INFO] =======================================================
2026-05-10 22:52:55,501 [INFO] 🔧 Driver başlatılıyor...
2026-05-10 22:52:56,267 [INFO] ✅ Driver başlatıldı
2026-05-10 22:52:56,267 [INFO] 
[1/13]
2026-05-10 22:52:56,267 [INFO] 
──────────────────────────────────────────────────
2026-05-10 22:52:56,267 [INFO] 🔍 beIN Sports 1 → https://atomsportv503.top/matches?id=bein-sports-1
2026-05-10 22:52:56,267 [INFO] ──────────────────────────────────────────────────
2026-05-10 22:53:28,442 [INFO]   📡 M3U8 bekleniyor (max 8s)...
2026-05-10 22:53:28,451 [INFO]   🎯 DOĞRU kanal bulundu: https://young-surf-88a9.pitpitvur.workers.dev/https://corestream.ronaldovurdu.help//hls/bein-sports-11.m3u8
2026-05-10 22:53:28,452 [INFO]   ✅ beIN Sports 1: https://young-surf-88a9.pitpitvur.workers.dev/https://corestream.ronaldovurdu.help//hls/bein-sports-11.m3u8
2026-05-10 22:53:29,453 [INFO] 
[2/13]
2026-05-10 22:53:29,453 [INFO] 
──────────────────────────────────────────────────
2026-05-10 22:53:29,453 [INFO] 🔍 beIN Sports 2 → https://atomsportv503.top/matches?id=bein-sports-2
2026-05-10 22:53:29,453 [INFO] ──────────────────────────────────────────────────
2026-05-10 22:54:01,562 [INFO]   📡 M3U8 bekleniyor (max 8s)...
2026-05-10 22:54:01,576 [INFO]   🎯 DOĞRU kanal bulundu: https://young-surf-88a9.pitpitvur.workers.dev/https://corestream.ronaldovurdu.help//hls/bein-sports-2.m3u8
2026-05-10 22:54:01,578 [INFO]   ✅ beIN Sports 2: https://young-surf-88a9.pitpitvur.workers.dev/https://corestream.ronaldovurdu.help//hls/bein-sports-2.m3u8
2026-05-10 22:54:02,578 [INFO] 
[3/13]
2026-05-10 22:54:02,578 [INFO] 
──────────────────────────────────────────────────
2026-05-10 22:54:02,578 [INFO] 🔍 beIN Sports 3 → https://atomsportv503.top/matches?id=bein-sports-3
2026-05-10 22:54:02,578 [INFO] ──────────────────────────────────────────────────
2026-05-10 22:54:34,429 [INFO]   📡 M3U8 bekleniyor (max 8s)...
2026-05-10 22:54:34,439 [INFO]   🎯 DOĞRU kanal bulundu: https://young-surf-88a9.pitpitvur.workers.dev/https://corestream.ronaldovurdu.help//hls/bein-sports-3.m3u8
2026-05-10 22:54:34,440 [INFO]   ✅ beIN Sports 3: https://young-surf-88a9.pitpitvur.workers.dev/https://corestream.ronaldovurdu.help//hls/bein-sports-3.m3u8
2026-05-10 22:54:35,440 [INFO] 
[4/13]
2026-05-10 22:54:35,441 [INFO] 
──────────────────────────────────────────────────
2026-05-10 22:54:35,441 [INFO] 🔍 beIN Sports 4 → https://atomsportv503.top/matches?id=bein-sports-4
2026-05-10 22:54:35,441 [INFO] ──────────────────────────────────────────────────
2026-05-10 22:55:07,243 [INFO]   📡 M3U8 bekleniyor (max 8s)...
2026-05-10 22:55:07,253 [INFO]   🎯 DOĞRU kanal bulundu: https://young-surf-88a9.pitpitvur.workers.dev/https://corestream.ronaldovurdu.help//hls/bein-sports-4.m3u8
2026-05-10 22:55:07,255 [INFO]   ✅ beIN Sports 4: https://young-surf-88a9.pitpitvur.workers.dev/https://corestream.ronaldovurdu.help//hls/bein-sports-4.m3u8
2026-05-10 22:55:08,255 [INFO] 
[5/13]
2026-05-10 22:55:08,255 [INFO] 
──────────────────────────────────────────────────
2026-05-10 22:55:08,255 [INFO] 🔍 beIN Sports 5 → https://atomsportv503.top/matches?id=bein-sports-5
2026-05-10 22:55:08,255 [INFO] ──────────────────────────────────────────────────
2026-05-10 22:55:40,081 [INFO]   📡 M3U8 bekleniyor (max 8s)...
2026-05-10 22:55:40,091 [INFO]   🎯 DOĞRU kanal bulundu: https://young-surf-88a9.pitpitvur.workers.dev/https://corestream.ronaldovurdu.help//hls/bein-sports-5.m3u8
2026-05-10 22:55:40,093 [INFO]   ✅ beIN Sports 5: https://young-surf-88a9.pitpitvur.workers.dev/https://corestream.ronaldovurdu.help//hls/bein-sports-5.m3u8
2026-05-10 22:55:41,093 [INFO] 
[6/13]
2026-05-10 22:55:41,093 [INFO] 
──────────────────────────────────────────────────
2026-05-10 22:55:41,093 [INFO] 🔍 beIN Sports Max 1 → https://atomsportv503.top/matches?id=bein-sports-max-1
2026-05-10 22:55:41,093 [INFO] ──────────────────────────────────────────────────
2026-05-10 22:56:12,887 [INFO]   📡 M3U8 bekleniyor (max 8s)...
2026-05-10 22:56:20,905 [INFO]   ❌ beIN Sports Max 1: M3U8 bulunamadı
2026-05-10 22:56:21,905 [INFO] 
[7/13]
2026-05-10 22:56:21,905 [INFO] 
──────────────────────────────────────────────────
2026-05-10 22:56:21,905 [INFO] 🔍 beIN Sports Max 2 → https://atomsportv503.top/matches?id=bein-sports-max-2
2026-05-10 22:56:21,906 [INFO] ──────────────────────────────────────────────────
2026-05-10 22:56:53,689 [INFO]   📡 M3U8 bekleniyor (max 8s)...
2026-05-10 22:56:53,690 [INFO]   🎯 DOĞRU kanal bulundu: https://young-surf-88a9.pitpitvur.workers.dev/https://corestream.ronaldovurdu.help//hls/bein-sports-max-2.m3u8
2026-05-10 22:56:53,690 [INFO]   ✅ beIN Sports Max 2: https://young-surf-88a9.pitpitvur.workers.dev/https://corestream.ronaldovurdu.help//hls/bein-sports-max-2.m3u8
2026-05-10 22:56:54,690 [INFO] 
[8/13]
2026-05-10 22:56:54,690 [INFO] 
──────────────────────────────────────────────────
2026-05-10 22:56:54,690 [INFO] 🔍 S Sport → https://atomsportv503.top/matches?id=s-sport
2026-05-10 22:56:54,690 [INFO] ──────────────────────────────────────────────────
2026-05-10 22:57:26,516 [INFO]   📡 M3U8 bekleniyor (max 8s)...
2026-05-10 22:57:26,529 [INFO]   🎯 DOĞRU kanal bulundu: https://young-surf-88a9.pitpitvur.workers.dev/https://corestream.ronaldovurdu.help//hls/s-sport.m3u8
2026-05-10 22:57:26,531 [INFO]   ✅ S Sport: https://young-surf-88a9.pitpitvur.workers.dev/https://corestream.ronaldovurdu.help//hls/s-sport.m3u8
2026-05-10 22:57:27,531 [INFO] 
[9/13]
2026-05-10 22:57:27,531 [INFO] 
──────────────────────────────────────────────────
2026-05-10 22:57:27,531 [INFO] 🔍 S Sport 2 → https://atomsportv503.top/matches?id=s-sport-2
2026-05-10 22:57:27,531 [INFO] ──────────────────────────────────────────────────
2026-05-10 22:57:59,358 [INFO]   📡 M3U8 bekleniyor (max 8s)...
2026-05-10 22:57:59,364 [INFO]   🎯 DOĞRU kanal bulundu: https://young-surf-88a9.pitpitvur.workers.dev/https://corestream.ronaldovurdu.help//hls/s-sport-2.m3u8
2026-05-10 22:57:59,365 [INFO]   ✅ S Sport 2: https://young-surf-88a9.pitpitvur.workers.dev/https://corestream.ronaldovurdu.help//hls/s-sport-2.m3u8
2026-05-10 22:58:00,365 [INFO] 
[10/13]
2026-05-10 22:58:00,365 [INFO] 
──────────────────────────────────────────────────
2026-05-10 22:58:00,365 [INFO] 🔍 Tivibu Spor 1 → https://atomsportv503.top/matches?id=tivibu-spor-1
2026-05-10 22:58:00,365 [INFO] ──────────────────────────────────────────────────
2026-05-10 22:58:32,135 [INFO]   📡 M3U8 bekleniyor (max 8s)...
2026-05-10 22:58:40,146 [INFO]   ❌ Tivibu Spor 1: M3U8 bulunamadı
2026-05-10 22:58:41,146 [INFO] 
[11/13]
2026-05-10 22:58:41,147 [INFO] 
──────────────────────────────────────────────────
2026-05-10 22:58:41,147 [INFO] 🔍 Tivibu Spor 2 → https://atomsportv503.top/matches?id=tivibu-spor-2
2026-05-10 22:58:41,147 [INFO] ──────────────────────────────────────────────────
2026-05-10 22:59:12,944 [INFO]   📡 M3U8 bekleniyor (max 8s)...
2026-05-10 22:59:20,957 [INFO]   ❌ Tivibu Spor 2: M3U8 bulunamadı
2026-05-10 22:59:21,957 [INFO] 
[12/13]
2026-05-10 22:59:21,957 [INFO] 
──────────────────────────────────────────────────
2026-05-10 22:59:21,957 [INFO] 🔍 Tivibu Spor 3 → https://atomsportv503.top/matches?id=tivibu-spor-3
2026-05-10 22:59:21,957 [INFO] ──────────────────────────────────────────────────
2026-05-10 22:59:53,745 [INFO]   📡 M3U8 bekleniyor (max 8s)...
2026-05-10 23:00:01,757 [INFO]   ❌ Tivibu Spor 3: M3U8 bulunamadı
2026-05-10 23:00:02,757 [INFO] 
[13/13]
2026-05-10 23:00:02,757 [INFO] 
──────────────────────────────────────────────────
2026-05-10 23:00:02,757 [INFO] 🔍 Tivibu Spor 4 → https://atomsportv503.top/matches?id=tivibu-spor-4
2026-05-10 23:00:02,757 [INFO] ──────────────────────────────────────────────────
2026-05-10 23:00:34,582 [INFO]   📡 M3U8 bekleniyor (max 8s)...
2026-05-10 23:00:42,593 [INFO]   ❌ Tivibu Spor 4: M3U8 bulunamadı
2026-05-10 23:00:43,659 [INFO] 🔒 Driver kapatıldı
2026-05-10 23:00:43,659 [INFO] 
=======================================================
2026-05-10 23:00:43,659 [INFO] 🏁 Tamamlandı!
2026-05-10 23:00:43,659 [INFO] 📺 Kanal : 8/13
2026-05-10 23:00:43,659 [INFO] ⏱️  Süre  : 468.2s
2026-05-10 23:00:43,659 [INFO] =======================================================
2026-05-10 23:00:43,659 [INFO] ✅ playlist.m3u kaydedildi (proxy prefix'li)
2026-05-10 23:00:43,660 [INFO] ✅ stats.json kaydedildi
