2026-04-17 13:53:48,935 [INFO] 🔎 Domain aralığı taranıyor: atomsportv490.top - atomsportv520.top
2026-04-17 13:53:50,934 [INFO]   ✅ Aktif domain bulundu: https://atomsportv497.top
2026-04-17 13:53:50,936 [INFO] 🌐 Kullanılan BASE_URL: https://atomsportv497.top
2026-04-17 13:53:51,949 [INFO] ✅ SeleniumWire aktif
2026-04-17 13:53:51,951 [INFO] =======================================================
2026-04-17 13:53:51,951 [INFO]    M3U8 Scraper
2026-04-17 13:53:51,951 [INFO]    Base URL : https://atomsportv497.top
2026-04-17 13:53:51,951 [INFO]    Toplam   : 13 sayfa
2026-04-17 13:53:51,951 [INFO] =======================================================
2026-04-17 13:53:51,951 [INFO] 🔧 Driver başlatılıyor...
2026-04-17 13:53:52,689 [INFO] ✅ Driver başlatıldı
2026-04-17 13:53:52,689 [INFO] 
[1/13]
2026-04-17 13:53:52,689 [INFO] 
──────────────────────────────────────────────────
2026-04-17 13:53:52,689 [INFO] 🔍 beIN Sports 1 → https://atomsportv497.top/matches?id=bein-sports-1
2026-04-17 13:53:52,689 [INFO] ──────────────────────────────────────────────────
2026-04-17 13:54:24,859 [INFO]   📡 M3U8 bekleniyor (max 8s)...
2026-04-17 13:54:24,860 [INFO]   🎯 DOĞRU kanal bulundu: https://hlsssssss.amgtmeme.workers.dev/https://corestream.ronaldovurdu.help//hls/bein-sports-11.m3u8
2026-04-17 13:54:24,861 [INFO]   ✅ beIN Sports 1: https://hlsssssss.amgtmeme.workers.dev/https://corestream.ronaldovurdu.help//hls/bein-sports-11.m3u8
2026-04-17 13:54:25,861 [INFO] 
[2/13]
2026-04-17 13:54:25,861 [INFO] 
──────────────────────────────────────────────────
2026-04-17 13:54:25,861 [INFO] 🔍 beIN Sports 2 → https://atomsportv497.top/matches?id=bein-sports-2
2026-04-17 13:54:25,861 [INFO] ──────────────────────────────────────────────────
2026-04-17 13:54:57,990 [INFO]   📡 M3U8 bekleniyor (max 8s)...
2026-04-17 13:54:57,992 [INFO]   🎯 DOĞRU kanal bulundu: https://hlsssssss.amgtmeme.workers.dev/https://corestream.ronaldovurdu.help//hls/bein-sports-2.m3u8
2026-04-17 13:54:57,992 [INFO]   ✅ beIN Sports 2: https://hlsssssss.amgtmeme.workers.dev/https://corestream.ronaldovurdu.help//hls/bein-sports-2.m3u8
2026-04-17 13:54:58,992 [INFO] 
[3/13]
2026-04-17 13:54:58,992 [INFO] 
──────────────────────────────────────────────────
2026-04-17 13:54:58,992 [INFO] 🔍 beIN Sports 3 → https://atomsportv497.top/matches?id=bein-sports-3
2026-04-17 13:54:58,992 [INFO] ──────────────────────────────────────────────────
2026-04-17 13:55:31,226 [INFO]   📡 M3U8 bekleniyor (max 8s)...
2026-04-17 13:55:31,227 [INFO]   🎯 DOĞRU kanal bulundu: https://hlsssssss.amgtmeme.workers.dev/https://corestream.ronaldovurdu.help//hls/bein-sports-3.m3u8
2026-04-17 13:55:31,227 [INFO]   ✅ beIN Sports 3: https://hlsssssss.amgtmeme.workers.dev/https://corestream.ronaldovurdu.help//hls/bein-sports-3.m3u8
2026-04-17 13:55:32,227 [INFO] 
[4/13]
2026-04-17 13:55:32,227 [INFO] 
──────────────────────────────────────────────────
2026-04-17 13:55:32,227 [INFO] 🔍 beIN Sports 4 → https://atomsportv497.top/matches?id=bein-sports-4
2026-04-17 13:55:32,227 [INFO] ──────────────────────────────────────────────────
2026-04-17 13:56:04,131 [INFO]   📡 M3U8 bekleniyor (max 8s)...
2026-04-17 13:56:04,132 [INFO]   🎯 DOĞRU kanal bulundu: https://hlsssssss.amgtmeme.workers.dev/https://corestream.ronaldovurdu.help//hls/bein-sports-4.m3u8
2026-04-17 13:56:04,132 [INFO]   ✅ beIN Sports 4: https://hlsssssss.amgtmeme.workers.dev/https://corestream.ronaldovurdu.help//hls/bein-sports-4.m3u8
2026-04-17 13:56:05,132 [INFO] 
[5/13]
2026-04-17 13:56:05,133 [INFO] 
──────────────────────────────────────────────────
2026-04-17 13:56:05,133 [INFO] 🔍 beIN Sports 5 → https://atomsportv497.top/matches?id=bein-sports-5
2026-04-17 13:56:05,133 [INFO] ──────────────────────────────────────────────────
2026-04-17 13:56:37,066 [INFO]   📡 M3U8 bekleniyor (max 8s)...
2026-04-17 13:56:37,067 [INFO]   🎯 DOĞRU kanal bulundu: https://hlsssssss.amgtmeme.workers.dev/https://corestream.ronaldovurdu.help//hls/bein-sports-5.m3u8
2026-04-17 13:56:37,067 [INFO]   ✅ beIN Sports 5: https://hlsssssss.amgtmeme.workers.dev/https://corestream.ronaldovurdu.help//hls/bein-sports-5.m3u8
2026-04-17 13:56:38,067 [INFO] 
[6/13]
2026-04-17 13:56:38,067 [INFO] 
──────────────────────────────────────────────────
2026-04-17 13:56:38,067 [INFO] 🔍 beIN Sports Max 1 → https://atomsportv497.top/matches?id=bein-sports-max-1
2026-04-17 13:56:38,067 [INFO] ──────────────────────────────────────────────────
2026-04-17 13:57:09,983 [INFO]   📡 M3U8 bekleniyor (max 8s)...
2026-04-17 13:57:09,984 [INFO]   🎯 DOĞRU kanal bulundu: https://hlsssssss.amgtmeme.workers.dev/https://corestream.ronaldovurdu.help//hls/bein-sports-max-1.m3u8
2026-04-17 13:57:09,984 [INFO]   ✅ beIN Sports Max 1: https://hlsssssss.amgtmeme.workers.dev/https://corestream.ronaldovurdu.help//hls/bein-sports-max-1.m3u8
2026-04-17 13:57:10,984 [INFO] 
[7/13]
2026-04-17 13:57:10,985 [INFO] 
──────────────────────────────────────────────────
2026-04-17 13:57:10,985 [INFO] 🔍 beIN Sports Max 2 → https://atomsportv497.top/matches?id=bein-sports-max-2
2026-04-17 13:57:10,985 [INFO] ──────────────────────────────────────────────────
2026-04-17 13:57:42,925 [INFO]   📡 M3U8 bekleniyor (max 8s)...
2026-04-17 13:57:42,926 [INFO]   🎯 DOĞRU kanal bulundu: https://hlsssssss.amgtmeme.workers.dev/https://corestream.ronaldovurdu.help//hls/bein-sports-max-2.m3u8
2026-04-17 13:57:42,926 [INFO]   ✅ beIN Sports Max 2: https://hlsssssss.amgtmeme.workers.dev/https://corestream.ronaldovurdu.help//hls/bein-sports-max-2.m3u8
2026-04-17 13:57:43,926 [INFO] 
[8/13]
2026-04-17 13:57:43,926 [INFO] 
──────────────────────────────────────────────────
2026-04-17 13:57:43,926 [INFO] 🔍 S Sport → https://atomsportv497.top/matches?id=s-sport
2026-04-17 13:57:43,926 [INFO] ──────────────────────────────────────────────────
2026-04-17 13:58:15,843 [INFO]   📡 M3U8 bekleniyor (max 8s)...
2026-04-17 13:58:15,843 [INFO]   🎯 DOĞRU kanal bulundu: https://hlsssssss.amgtmeme.workers.dev/https://corestream.ronaldovurdu.help//hls/s-sport.m3u8
2026-04-17 13:58:15,843 [INFO]   ✅ S Sport: https://hlsssssss.amgtmeme.workers.dev/https://corestream.ronaldovurdu.help//hls/s-sport.m3u8
2026-04-17 13:58:16,844 [INFO] 
[9/13]
2026-04-17 13:58:16,844 [INFO] 
──────────────────────────────────────────────────
2026-04-17 13:58:16,844 [INFO] 🔍 S Sport 2 → https://atomsportv497.top/matches?id=s-sport-2
2026-04-17 13:58:16,844 [INFO] ──────────────────────────────────────────────────
2026-04-17 13:58:48,784 [INFO]   📡 M3U8 bekleniyor (max 8s)...
2026-04-17 13:58:48,785 [INFO]   🎯 DOĞRU kanal bulundu: https://hlsssssss.amgtmeme.workers.dev/https://corestream.ronaldovurdu.help//hls/s-sport-2.m3u8
2026-04-17 13:58:48,785 [INFO]   ✅ S Sport 2: https://hlsssssss.amgtmeme.workers.dev/https://corestream.ronaldovurdu.help//hls/s-sport-2.m3u8
2026-04-17 13:58:49,785 [INFO] 
[10/13]
2026-04-17 13:58:49,785 [INFO] 
──────────────────────────────────────────────────
2026-04-17 13:58:49,785 [INFO] 🔍 Tivibu Spor 1 → https://atomsportv497.top/matches?id=tivibu-spor-1
2026-04-17 13:58:49,785 [INFO] ──────────────────────────────────────────────────
2026-04-17 13:59:21,699 [INFO]   📡 M3U8 bekleniyor (max 8s)...
2026-04-17 13:59:21,700 [INFO]   🎯 DOĞRU kanal bulundu: https://hlsssssss.amgtmeme.workers.dev/https://corestream.ronaldovurdu.help//hls/tivibu-spor-1.m3u8
2026-04-17 13:59:21,700 [INFO]   ✅ Tivibu Spor 1: https://hlsssssss.amgtmeme.workers.dev/https://corestream.ronaldovurdu.help//hls/tivibu-spor-1.m3u8
2026-04-17 13:59:22,700 [INFO] 
[11/13]
2026-04-17 13:59:22,701 [INFO] 
──────────────────────────────────────────────────
2026-04-17 13:59:22,701 [INFO] 🔍 Tivibu Spor 2 → https://atomsportv497.top/matches?id=tivibu-spor-2
2026-04-17 13:59:22,701 [INFO] ──────────────────────────────────────────────────
2026-04-17 13:59:54,616 [INFO]   📡 M3U8 bekleniyor (max 8s)...
2026-04-17 13:59:54,617 [INFO]   🎯 DOĞRU kanal bulundu: https://hlsssssss.amgtmeme.workers.dev/https://corestream.ronaldovurdu.help//hls/tivibu-spor-2.m3u8
2026-04-17 13:59:54,617 [INFO]   ✅ Tivibu Spor 2: https://hlsssssss.amgtmeme.workers.dev/https://corestream.ronaldovurdu.help//hls/tivibu-spor-2.m3u8
2026-04-17 13:59:55,617 [INFO] 
[12/13]
2026-04-17 13:59:55,618 [INFO] 
──────────────────────────────────────────────────
2026-04-17 13:59:55,618 [INFO] 🔍 Tivibu Spor 3 → https://atomsportv497.top/matches?id=tivibu-spor-3
2026-04-17 13:59:55,618 [INFO] ──────────────────────────────────────────────────
2026-04-17 14:00:27,540 [INFO]   📡 M3U8 bekleniyor (max 8s)...
2026-04-17 14:00:27,541 [INFO]   🎯 DOĞRU kanal bulundu: https://hlsssssss.amgtmeme.workers.dev/https://corestream.ronaldovurdu.help//hls/tivibu-spor-3.m3u8
2026-04-17 14:00:27,541 [INFO]   ✅ Tivibu Spor 3: https://hlsssssss.amgtmeme.workers.dev/https://corestream.ronaldovurdu.help//hls/tivibu-spor-3.m3u8
2026-04-17 14:00:28,542 [INFO] 
[13/13]
2026-04-17 14:00:28,542 [INFO] 
──────────────────────────────────────────────────
2026-04-17 14:00:28,542 [INFO] 🔍 Tivibu Spor 4 → https://atomsportv497.top/matches?id=tivibu-spor-4
2026-04-17 14:00:28,542 [INFO] ──────────────────────────────────────────────────
2026-04-17 14:01:00,481 [INFO]   📡 M3U8 bekleniyor (max 8s)...
2026-04-17 14:01:08,494 [INFO]   ❌ Tivibu Spor 4: M3U8 bulunamadı
2026-04-17 14:01:09,557 [INFO] 🔒 Driver kapatıldı
2026-04-17 14:01:09,557 [INFO] 
=======================================================
2026-04-17 14:01:09,557 [INFO] 🏁 Tamamlandı!
2026-04-17 14:01:09,557 [INFO] 📺 Kanal : 12/13
2026-04-17 14:01:09,557 [INFO] ⏱️  Süre  : 437.6s
2026-04-17 14:01:09,557 [INFO] =======================================================
2026-04-17 14:01:09,558 [INFO] ✅ playlist.m3u kaydedildi
2026-04-17 14:01:09,558 [INFO] ✅ stats.json kaydedildi
