2026-07-19 07:27:58,763 [INFO] 🌐 BASE_URL: https://atomsportv510.top
2026-07-19 07:27:59,898 [INFO] Başlanıyor... 14 kanal taranacak
2026-07-19 07:27:59,898 [INFO] Using default request storage
2026-07-19 07:27:59,903 [INFO] Created proxy listening on 127.0.0.1:35893
2026-07-19 07:28:00,598 [INFO] Capturing request: http://clients2.google.com/time/1/current?cup2key=10:2Eqx-LZxBqHV_lOR8xdrgfKkwkn_Ofv52owjhnxs9so&cup2hreq=e3b0c44298fc1c149afbf4c8996fb92427ae41e4649b934ca495991b7852b855
2026-07-19 07:28:00,635 [INFO] Capturing response: http://clients2.google.com/time/1/current?cup2key=10:2Eqx-LZxBqHV_lOR8xdrgfKkwkn_Ofv52owjhnxs9so&cup2hreq=e3b0c44298fc1c149afbf4c8996fb92427ae41e4649b934ca495991b7852b855 200 OK
2026-07-19 07:28:00,803 [INFO] 
[1/14]
2026-07-19 07:28:00,803 [INFO] 🔍 beIN Sports 1 → https://atomsportv510.top/matches?id=bein-sports-1
2026-07-19 07:28:00,961 [INFO] Capturing request: https://update.googleapis.com/service/update2/json?cup2key=16:nJylwxenHnPafhIx1JKmjJ4z7raekCTYqOsus96aAQk&cup2hreq=1b163bb96758c46cfe727c8c9ff0a13c3c6a6bb5fefaf48cec7cbdfc9fb20a42
2026-07-19 07:28:00,963 [INFO] Capturing request: https://accounts.google.com/ListAccounts?gpsia=1&source=ChromiumBrowser&json=standard&laf=b64bin
2026-07-19 07:28:01,022 [INFO] Capturing response: https://update.googleapis.com/service/update2/json?cup2key=16:nJylwxenHnPafhIx1JKmjJ4z7raekCTYqOsus96aAQk&cup2hreq=1b163bb96758c46cfe727c8c9ff0a13c3c6a6bb5fefaf48cec7cbdfc9fb20a42 200 
2026-07-19 07:28:01,025 [INFO] Capturing response: https://accounts.google.com/ListAccounts?gpsia=1&source=ChromiumBrowser&json=standard&laf=b64bin 200 
2026-07-19 07:28:01,052 [INFO] Capturing request: https://www.google.com/async/folae?async=_fmt:pb&udm=50&client_locale=en-US&client_country=ZZ
2026-07-19 07:28:01,053 [INFO] Capturing request: https://atomsportv510.top/matches?id=bein-sports-1
2026-07-19 07:28:01,069 [INFO] Capturing request: https://update.googleapis.com/service/update2/json?cup2key=16:dmWpIi9lYWSchUxMUnoDyLIzXWXpU9dWc0E3vb7Di8M&cup2hreq=db94b1be481d5ce19b0edbd595aea2db0d0c4458baa53a71bf8db7fc611b9312
2026-07-19 07:28:01,075 [INFO] Capturing response: https://www.google.com/async/folae?async=_fmt:pb&udm=50&client_locale=en-US&client_country=ZZ 200 
2026-07-19 07:28:01,094 [INFO] Capturing response: https://update.googleapis.com/service/update2/json?cup2key=16:dmWpIi9lYWSchUxMUnoDyLIzXWXpU9dWc0E3vb7Di8M&cup2hreq=db94b1be481d5ce19b0edbd595aea2db0d0c4458baa53a71bf8db7fc611b9312 200 
2026-07-19 07:28:01,133 [INFO] Capturing response: https://atomsportv510.top/matches?id=bein-sports-1 200 
2026-07-19 07:28:01,146 [INFO] Capturing request: https://update.googleapis.com/service/update2/json?cup2key=16:DbrzE7KmPciRtCkB64y5dHpL5inAT0fX1tTj3_SOBUU&cup2hreq=f605471d59bb0eaa725b909b7462d78e500863fb1a1ce63674396b26ff12419a
2026-07-19 07:28:01,181 [INFO] Capturing response: https://update.googleapis.com/service/update2/json?cup2key=16:DbrzE7KmPciRtCkB64y5dHpL5inAT0fX1tTj3_SOBUU&cup2hreq=f605471d59bb0eaa725b909b7462d78e500863fb1a1ce63674396b26ff12419a 200 
2026-07-19 07:28:01,272 [INFO] Capturing request: https://www.google.com/async/folae?async=_fmt:pb&udm=50&client_locale=en-US&client_country=ZZ
2026-07-19 07:28:01,291 [INFO] Capturing request: https://atomsportv510.top/assets/js/clappr.js
2026-07-19 07:28:01,293 [INFO] Capturing response: https://www.google.com/async/folae?async=_fmt:pb&udm=50&client_locale=en-US&client_country=ZZ 200 
2026-07-19 07:28:01,337 [INFO] Capturing response: https://atomsportv510.top/assets/js/clappr.js 200 
2026-07-19 07:28:01,338 [INFO] Capturing request: https://cdnjs.cloudflare.com/ajax/libs/jquery/3.2.1/jquery.min.js
2026-07-19 07:28:01,356 [INFO] Capturing request: https://cdn.jsdelivr.net/npm/@clappr/player@latest/dist/clappr.min.js
2026-07-19 07:28:01,390 [INFO] Capturing response: https://cdnjs.cloudflare.com/ajax/libs/jquery/3.2.1/jquery.min.js 200 
2026-07-19 07:28:01,394 [INFO] Capturing response: https://cdn.jsdelivr.net/npm/@clappr/player@latest/dist/clappr.min.js 200 
2026-07-19 07:28:01,607 [INFO] Capturing request: https://atomsportv510.top/favicon.ico
2026-07-19 07:28:01,659 [INFO] Capturing response: https://atomsportv510.top/favicon.ico 200 
2026-07-19 07:28:01,667 [INFO] Capturing request: https://teletv5.top/load/yayinlink.php?id=bein-sports-1
2026-07-19 07:28:01,976 [INFO] Capturing response: https://teletv5.top/load/yayinlink.php?id=bein-sports-1 200 
2026-07-19 07:28:02,033 [INFO] Capturing request: https://streamsport365.com/cinema
2026-07-19 07:28:02,276 [INFO] Capturing response: https://streamsport365.com/cinema 200 
2026-07-19 07:28:02,408 [INFO] Capturing request: https://atomsportv510.top/assets/img/player_logo_6880e4e4c52ee.png
2026-07-19 07:28:02,459 [INFO] Capturing response: https://atomsportv510.top/assets/img/player_logo_6880e4e4c52ee.png 200 
2026-07-19 07:28:02,468 [INFO] Capturing request: https://hlsssssssssssss.edaesra.workers.dev/https://corestream.macsitesi.help//trtspor/tracks-v1a1/mono.m3u8
2026-07-19 07:28:02,479 [INFO] Capturing response: https://hlsssssssssssss.edaesra.workers.dev/https://corestream.macsitesi.help//trtspor/tracks-v1a1/mono.m3u8 403 
2026-07-19 07:28:03,444 [INFO] Capturing request: https://android.clients.google.com/checkin
2026-07-19 07:28:03,529 [INFO] Capturing response: https://android.clients.google.com/checkin 200 
2026-07-19 07:28:03,580 [INFO] Capturing request: https://android.clients.google.com/c2dm/register3
2026-07-19 07:28:03,582 [INFO] Capturing request: https://android.clients.google.com/c2dm/register3
2026-07-19 07:28:03,584 [INFO] Capturing request: https://android.clients.google.com/c2dm/register3
2026-07-19 07:28:03,617 [INFO] Capturing response: https://android.clients.google.com/c2dm/register3 301 
2026-07-19 07:28:04,191 [INFO] Capturing response: https://android.clients.google.com/c2dm/register3 200 
2026-07-19 07:28:04,459 [INFO] Capturing response: https://android.clients.google.com/c2dm/register3 200 
2026-07-19 07:28:04,526 [INFO]   ✅ M3U8 bulundu: https://hlsssssssssssss.edaesra.workers.dev/https://corestream.macsitesi.help//trtspor/tracks-v1a1/mono.m3u8
2026-07-19 07:28:05,527 [INFO] 
[2/14]
2026-07-19 07:28:05,527 [INFO] 🔍 beIN Sports 2 → https://atomsportv510.top/matches?id=bein-sports-2
2026-07-19 07:28:05,637 [INFO] Capturing request: https://atomsportv510.top/matches?id=bein-sports-2
2026-07-19 07:28:05,665 [INFO] Capturing response: https://atomsportv510.top/matches?id=bein-sports-2 200 
2026-07-19 07:28:05,710 [INFO] Capturing request: https://streamsport365.com/cinema
2026-07-19 07:28:05,810 [INFO] Capturing request: https://teletv5.top/load/yayinlink.php?id=bein-sports-2
2026-07-19 07:28:05,811 [INFO] Capturing request: https://atomsportv510.top/favicon.ico
2026-07-19 07:28:05,839 [INFO] Capturing response: https://atomsportv510.top/favicon.ico 200 
2026-07-19 07:28:05,954 [INFO] Capturing response: https://streamsport365.com/cinema 200 
2026-07-19 07:28:05,964 [INFO] Capturing response: https://teletv5.top/load/yayinlink.php?id=bein-sports-2 200 
2026-07-19 07:28:06,086 [INFO] Capturing request: https://hlsssssssssssss.edaesra.workers.dev/https://corestream.macsitesi.help//bein2/tracks-v1a1/mono.m3u8
2026-07-19 07:28:06,095 [INFO] Capturing response: https://hlsssssssssssss.edaesra.workers.dev/https://corestream.macsitesi.help//bein2/tracks-v1a1/mono.m3u8 403 
2026-07-19 07:28:08,721 [INFO]   ✅ M3U8 bulundu: https://hlsssssssssssss.edaesra.workers.dev/https://corestream.macsitesi.help//bein2/tracks-v1a1/mono.m3u8
2026-07-19 07:28:09,722 [INFO] 
[3/14]
2026-07-19 07:28:09,722 [INFO] 🔍 beIN Sports 3 → https://atomsportv510.top/matches?id=bein-sports-3
2026-07-19 07:28:09,831 [INFO] Capturing request: https://atomsportv510.top/matches?id=bein-sports-3
2026-07-19 07:28:09,833 [INFO] Capturing request: https://atomsportv510.top/assets/js/clappr.js
2026-07-19 07:28:09,864 [INFO] Capturing response: https://atomsportv510.top/matches?id=bein-sports-3 200 
2026-07-19 07:28:09,876 [INFO] Capturing response: https://atomsportv510.top/assets/js/clappr.js 200 
2026-07-19 07:28:09,995 [INFO] Capturing request: https://atomsportv510.top/favicon.ico
2026-07-19 07:28:09,996 [INFO] Capturing request: https://teletv5.top/load/yayinlink.php?id=bein-sports-3
2026-07-19 07:28:10,023 [INFO] Capturing response: https://atomsportv510.top/favicon.ico 200 
2026-07-19 07:28:10,089 [INFO] Capturing request: https://streamsport365.com/cinema
2026-07-19 07:28:10,149 [INFO] Capturing response: https://teletv5.top/load/yayinlink.php?id=bein-sports-3 200 
2026-07-19 07:28:10,336 [INFO] Capturing response: https://streamsport365.com/cinema 200 
2026-07-19 07:28:10,454 [INFO] Capturing request: https://hlsssssssssssss.edaesra.workers.dev/https://corestream.macsitesi.help//trtspor/tracks-v1a1/mono.m3u8
2026-07-19 07:28:10,463 [INFO] Capturing response: https://hlsssssssssssss.edaesra.workers.dev/https://corestream.macsitesi.help//trtspor/tracks-v1a1/mono.m3u8 403 
2026-07-19 07:28:12,908 [INFO]   ✅ M3U8 bulundu: https://hlsssssssssssss.edaesra.workers.dev/https://corestream.macsitesi.help//trtspor/tracks-v1a1/mono.m3u8
2026-07-19 07:28:13,908 [INFO] 
[4/14]
2026-07-19 07:28:13,908 [INFO] 🔍 beIN Sports 4 → https://atomsportv510.top/matches?id=bein-sports-4
2026-07-19 07:28:14,015 [INFO] Capturing request: https://atomsportv510.top/assets/js/clappr.js
2026-07-19 07:28:14,018 [INFO] Capturing request: https://atomsportv510.top/matches?id=bein-sports-4
2026-07-19 07:28:14,034 [INFO] Capturing response: https://atomsportv510.top/assets/js/clappr.js 200 
2026-07-19 07:28:14,482 [INFO] Capturing response: https://atomsportv510.top/matches?id=bein-sports-4 200 
2026-07-19 07:28:14,510 [INFO] Capturing request: https://streamsport365.com/cinema
2026-07-19 07:28:14,610 [INFO] Capturing request: https://teletv5.top/load/yayinlink.php?id=bein-sports-4
2026-07-19 07:28:14,615 [INFO] Capturing request: https://atomsportv510.top/favicon.ico
2026-07-19 07:28:14,741 [INFO] Capturing response: https://atomsportv510.top/favicon.ico 200 
2026-07-19 07:28:14,751 [INFO] Capturing response: https://streamsport365.com/cinema 200 
2026-07-19 07:28:14,768 [INFO] Capturing response: https://teletv5.top/load/yayinlink.php?id=bein-sports-4 200 
2026-07-19 07:28:14,928 [INFO] Capturing request: https://hlsssssssssssss.edaesra.workers.dev/https://corestream.macsitesi.help//bein2/tracks-v1a1/mono.m3u8
2026-07-19 07:28:14,936 [INFO] Capturing response: https://hlsssssssssssss.edaesra.workers.dev/https://corestream.macsitesi.help//bein2/tracks-v1a1/mono.m3u8 403 
2026-07-19 07:28:17,525 [INFO]   ✅ M3U8 bulundu: https://hlsssssssssssss.edaesra.workers.dev/https://corestream.macsitesi.help//bein2/tracks-v1a1/mono.m3u8
2026-07-19 07:28:18,526 [INFO] 
[5/14]
2026-07-19 07:28:18,526 [INFO] 🔍 beIN Sports 5 → https://atomsportv510.top/matches?id=bein-sports-5
2026-07-19 07:28:18,635 [INFO] Capturing request: https://atomsportv510.top/assets/js/clappr.js
2026-07-19 07:28:18,636 [INFO] Capturing request: https://atomsportv510.top/matches?id=bein-sports-5
2026-07-19 07:28:18,651 [INFO] Capturing response: https://atomsportv510.top/assets/js/clappr.js 200 
2026-07-19 07:28:18,681 [INFO] Capturing response: https://atomsportv510.top/matches?id=bein-sports-5 200 
2026-07-19 07:28:18,839 [INFO] Capturing request: https://teletv5.top/load/yayinlink.php?id=bein-sports-5
2026-07-19 07:28:18,840 [INFO] Capturing request: https://atomsportv510.top/favicon.ico
2026-07-19 07:28:18,870 [INFO] Capturing response: https://atomsportv510.top/favicon.ico 200 
2026-07-19 07:28:18,939 [INFO] Capturing request: https://streamsport365.com/cinema
2026-07-19 07:28:18,995 [INFO] Capturing response: https://teletv5.top/load/yayinlink.php?id=bein-sports-5 200 
2026-07-19 07:28:19,190 [INFO] Capturing response: https://streamsport365.com/cinema 200 
2026-07-19 07:28:19,309 [INFO] Capturing request: https://hlsssssssssssss.edaesra.workers.dev/https://corestream.macsitesi.help//bein2/tracks-v1a1/mono.m3u8
2026-07-19 07:28:19,317 [INFO] Capturing response: https://hlsssssssssssss.edaesra.workers.dev/https://corestream.macsitesi.help//bein2/tracks-v1a1/mono.m3u8 403 
2026-07-19 07:28:21,751 [INFO]   ✅ M3U8 bulundu: https://hlsssssssssssss.edaesra.workers.dev/https://corestream.macsitesi.help//bein2/tracks-v1a1/mono.m3u8
2026-07-19 07:28:22,752 [INFO] 
[6/14]
2026-07-19 07:28:22,752 [INFO] 🔍 beIN Sports Max 1 → https://atomsportv510.top/matches?id=bein-sports-max-1
2026-07-19 07:28:22,861 [INFO] Capturing request: https://atomsportv510.top/assets/js/clappr.js
2026-07-19 07:28:22,862 [INFO] Capturing request: https://atomsportv510.top/matches?id=bein-sports-max-1
2026-07-19 07:28:22,876 [INFO] Capturing response: https://atomsportv510.top/assets/js/clappr.js 200 
2026-07-19 07:28:22,898 [INFO] Capturing response: https://atomsportv510.top/matches?id=bein-sports-max-1 200 
2026-07-19 07:28:22,926 [INFO] Capturing request: https://streamsport365.com/cinema
2026-07-19 07:28:23,023 [INFO] Capturing request: https://teletv5.top/load/yayinlink.php?id=bein-sports-max-1
2026-07-19 07:28:23,027 [INFO] Capturing request: https://atomsportv510.top/favicon.ico
2026-07-19 07:28:23,055 [INFO] Capturing response: https://atomsportv510.top/favicon.ico 200 
2026-07-19 07:28:23,177 [INFO] Capturing response: https://teletv5.top/load/yayinlink.php?id=bein-sports-max-1 200 
2026-07-19 07:28:23,181 [INFO] Capturing response: https://streamsport365.com/cinema 200 
2026-07-19 07:28:23,336 [INFO] Capturing request: https://hlsssssssssssss.edaesra.workers.dev/https://corestream.macsitesi.help//trtspor/tracks-v1a1/mono.m3u8
2026-07-19 07:28:23,344 [INFO] Capturing response: https://hlsssssssssssss.edaesra.workers.dev/https://corestream.macsitesi.help//trtspor/tracks-v1a1/mono.m3u8 403 
2026-07-19 07:28:23,347 [INFO] 127.0.0.1:42142: ProtocolException("Error in HTTP connection: Http2ZombieException('Connection or stream already dead: 1784446103.3468218, False')")
2026-07-19 07:28:25,938 [INFO]   ✅ M3U8 bulundu: https://hlsssssssssssss.edaesra.workers.dev/https://corestream.macsitesi.help//trtspor/tracks-v1a1/mono.m3u8
2026-07-19 07:28:26,435 [INFO] Capturing request: https://android.clients.google.com/c2dm/register3
2026-07-19 07:28:26,466 [INFO] Capturing response: https://android.clients.google.com/c2dm/register3 301 
2026-07-19 07:28:26,938 [INFO] 
[7/14]
2026-07-19 07:28:26,938 [INFO] 🔍 beIN Sports Max 2 → https://atomsportv510.top/matches?id=bein-sports-max-2
2026-07-19 07:28:27,046 [INFO] Capturing request: https://atomsportv510.top/assets/js/clappr.js
2026-07-19 07:28:27,048 [INFO] Capturing request: https://atomsportv510.top/matches?id=bein-sports-max-2
2026-07-19 07:28:27,061 [INFO] Capturing response: https://atomsportv510.top/assets/js/clappr.js 200 
2026-07-19 07:28:27,084 [INFO] Capturing response: https://atomsportv510.top/matches?id=bein-sports-max-2 200 
2026-07-19 07:28:27,243 [INFO] Capturing request: https://atomsportv510.top/favicon.ico
2026-07-19 07:28:27,244 [INFO] Capturing request: https://teletv5.top/load/yayinlink.php?id=bein-sports-max-2
2026-07-19 07:28:27,268 [INFO] Capturing response: https://atomsportv510.top/favicon.ico 200 
2026-07-19 07:28:27,339 [INFO] Capturing request: https://streamsport365.com/cinema
2026-07-19 07:28:27,397 [INFO] Capturing response: https://teletv5.top/load/yayinlink.php?id=bein-sports-max-2 200 
2026-07-19 07:28:27,580 [INFO] Capturing response: https://streamsport365.com/cinema 200 
2026-07-19 07:28:27,699 [INFO] Capturing request: https://hlsssssssssssss.edaesra.workers.dev/https://corestream.macsitesi.help//trtspor/tracks-v1a1/mono.m3u8
2026-07-19 07:28:27,707 [INFO] Capturing response: https://hlsssssssssssss.edaesra.workers.dev/https://corestream.macsitesi.help//trtspor/tracks-v1a1/mono.m3u8 403 
2026-07-19 07:28:30,151 [INFO]   ✅ M3U8 bulundu: https://hlsssssssssssss.edaesra.workers.dev/https://corestream.macsitesi.help//trtspor/tracks-v1a1/mono.m3u8
2026-07-19 07:28:31,151 [INFO] 
[8/14]
2026-07-19 07:28:31,151 [INFO] 🔍 S Sport → https://atomsportv510.top/matches?id=s-sport
2026-07-19 07:28:31,260 [INFO] Capturing request: https://atomsportv510.top/matches?id=s-sport
2026-07-19 07:28:31,262 [INFO] Capturing request: https://atomsportv510.top/assets/js/clappr.js
2026-07-19 07:28:31,288 [INFO] Capturing response: https://atomsportv510.top/matches?id=s-sport 200 
2026-07-19 07:28:31,299 [INFO] Capturing response: https://atomsportv510.top/assets/js/clappr.js 200 
2026-07-19 07:28:31,320 [INFO] Capturing request: https://streamsport365.com/cinema
2026-07-19 07:28:31,418 [INFO] Capturing request: https://teletv5.top/load/yayinlink.php?id=s-sport
2026-07-19 07:28:31,425 [INFO] Capturing request: https://atomsportv510.top/favicon.ico
2026-07-19 07:28:31,451 [INFO] Capturing response: https://atomsportv510.top/favicon.ico 200 
2026-07-19 07:28:31,570 [INFO] Capturing response: https://streamsport365.com/cinema 200 
2026-07-19 07:28:31,573 [INFO] Capturing response: https://teletv5.top/load/yayinlink.php?id=s-sport 200 
2026-07-19 07:28:31,734 [INFO] Capturing request: https://hlsssssssssssss.edaesra.workers.dev/https://corestream.macsitesi.help//s-sportt/tracks-v1a1/mono.m3u8
2026-07-19 07:28:31,745 [INFO] Capturing response: https://hlsssssssssssss.edaesra.workers.dev/https://corestream.macsitesi.help//s-sportt/tracks-v1a1/mono.m3u8 403 
2026-07-19 07:28:34,334 [INFO]   ✅ M3U8 bulundu: https://hlsssssssssssss.edaesra.workers.dev/https://corestream.macsitesi.help//s-sportt/tracks-v1a1/mono.m3u8
2026-07-19 07:28:35,334 [INFO] 
[9/14]
2026-07-19 07:28:35,334 [INFO] 🔍 S Sport 2 → https://atomsportv510.top/matches?id=s-sport-2
2026-07-19 07:28:35,442 [INFO] Capturing request: https://atomsportv510.top/assets/js/clappr.js
2026-07-19 07:28:35,444 [INFO] Capturing request: https://atomsportv510.top/matches?id=s-sport-2
2026-07-19 07:28:35,457 [INFO] Capturing response: https://atomsportv510.top/assets/js/clappr.js 200 
2026-07-19 07:28:35,480 [INFO] Capturing response: https://atomsportv510.top/matches?id=s-sport-2 200 
2026-07-19 07:28:35,640 [INFO] Capturing request: https://teletv5.top/load/yayinlink.php?id=s-sport-2
2026-07-19 07:28:35,641 [INFO] Capturing request: https://atomsportv510.top/favicon.ico
2026-07-19 07:28:35,668 [INFO] Capturing response: https://atomsportv510.top/favicon.ico 200 
2026-07-19 07:28:35,739 [INFO] Capturing request: https://streamsport365.com/cinema
2026-07-19 07:28:35,799 [INFO] Capturing response: https://teletv5.top/load/yayinlink.php?id=s-sport-2 200 
2026-07-19 07:28:35,984 [INFO] Capturing response: https://streamsport365.com/cinema 200 
2026-07-19 07:28:36,104 [INFO] Capturing request: https://hlsssssssssssss.edaesra.workers.dev/https://corestream.macsitesi.help//s-sport2/tracks-v1a1/mono.m3u8
2026-07-19 07:28:36,114 [INFO] Capturing response: https://hlsssssssssssss.edaesra.workers.dev/https://corestream.macsitesi.help//s-sport2/tracks-v1a1/mono.m3u8 403 
2026-07-19 07:28:38,552 [INFO]   ✅ M3U8 bulundu: https://hlsssssssssssss.edaesra.workers.dev/https://corestream.macsitesi.help//s-sport2/tracks-v1a1/mono.m3u8
2026-07-19 07:28:39,552 [INFO] 
[10/14]
2026-07-19 07:28:39,552 [INFO] 🔍 A Spor → https://atomsportv510.top/matches?id=a-spor
2026-07-19 07:28:39,661 [INFO] Capturing request: https://atomsportv510.top/assets/js/clappr.js
2026-07-19 07:28:39,662 [INFO] Capturing request: https://atomsportv510.top/matches?id=a-spor
2026-07-19 07:28:39,676 [INFO] Capturing response: https://atomsportv510.top/assets/js/clappr.js 200 
2026-07-19 07:28:39,698 [INFO] Capturing response: https://atomsportv510.top/matches?id=a-spor 200 
2026-07-19 07:28:39,729 [INFO] Capturing request: https://streamsport365.com/cinema
2026-07-19 07:28:39,828 [INFO] Capturing request: https://teletv5.top/load/yayinlink.php?id=a-spor
2026-07-19 07:28:39,830 [INFO] Capturing request: https://atomsportv510.top/favicon.ico
2026-07-19 07:28:39,855 [INFO] Capturing response: https://atomsportv510.top/favicon.ico 200 
2026-07-19 07:28:39,975 [INFO] Capturing response: https://streamsport365.com/cinema 200 
2026-07-19 07:28:39,982 [INFO] Capturing response: https://teletv5.top/load/yayinlink.php?id=a-spor 200 
2026-07-19 07:28:40,142 [INFO] Capturing request: https://hlsssssssssssss.edaesra.workers.dev/https://corestream.macsitesi.help//aspor/tracks-v1a1/mono.m3u8
2026-07-19 07:28:40,151 [INFO] Capturing response: https://hlsssssssssssss.edaesra.workers.dev/https://corestream.macsitesi.help//aspor/tracks-v1a1/mono.m3u8 403 
2026-07-19 07:28:42,742 [INFO]   ✅ M3U8 bulundu: https://hlsssssssssssss.edaesra.workers.dev/https://corestream.macsitesi.help//aspor/tracks-v1a1/mono.m3u8
2026-07-19 07:28:43,742 [INFO] 
[11/14]
2026-07-19 07:28:43,742 [INFO] 🔍 Tivibu Spor 1 → https://atomsportv510.top/matches?id=tivibu-spor-1
2026-07-19 07:28:43,851 [INFO] Capturing request: https://atomsportv510.top/matches?id=tivibu-spor-1
2026-07-19 07:28:43,853 [INFO] Capturing request: https://atomsportv510.top/assets/js/clappr.js
2026-07-19 07:28:43,882 [INFO] Capturing response: https://atomsportv510.top/matches?id=tivibu-spor-1 200 
2026-07-19 07:28:43,893 [INFO] Capturing response: https://atomsportv510.top/assets/js/clappr.js 200 
2026-07-19 07:28:44,015 [INFO] Capturing request: https://atomsportv510.top/favicon.ico
2026-07-19 07:28:44,018 [INFO] Capturing request: https://teletv5.top/load/yayinlink.php?id=tivibu-spor-1
2026-07-19 07:28:44,050 [INFO] Capturing response: https://atomsportv510.top/favicon.ico 200 
2026-07-19 07:28:44,114 [INFO] Capturing request: https://streamsport365.com/cinema
2026-07-19 07:28:44,174 [INFO] Capturing response: https://teletv5.top/load/yayinlink.php?id=tivibu-spor-1 200 
2026-07-19 07:28:44,356 [INFO] Capturing response: https://streamsport365.com/cinema 200 
2026-07-19 07:28:44,474 [INFO] Capturing request: https://hlsssssssssssss.edaesra.workers.dev/https://corestream.macsitesi.help//trtspor/tracks-v1a1/mono.m3u8
2026-07-19 07:28:44,483 [INFO] Capturing response: https://hlsssssssssssss.edaesra.workers.dev/https://corestream.macsitesi.help//trtspor/tracks-v1a1/mono.m3u8 403 
2026-07-19 07:28:46,927 [INFO]   ✅ M3U8 bulundu: https://hlsssssssssssss.edaesra.workers.dev/https://corestream.macsitesi.help//trtspor/tracks-v1a1/mono.m3u8
2026-07-19 07:28:47,927 [INFO] 
[12/14]
2026-07-19 07:28:47,927 [INFO] 🔍 Tivibu Spor 2 → https://atomsportv510.top/matches?id=tivibu-spor-2
2026-07-19 07:28:48,037 [INFO] Capturing request: https://atomsportv510.top/matches?id=tivibu-spor-2
2026-07-19 07:28:48,038 [INFO] Capturing request: https://atomsportv510.top/assets/js/clappr.js
2026-07-19 07:28:48,098 [INFO] Capturing response: https://atomsportv510.top/assets/js/clappr.js 200 
2026-07-19 07:28:48,265 [INFO] Capturing response: https://atomsportv510.top/matches?id=tivibu-spor-2 200 
2026-07-19 07:28:48,295 [INFO] Capturing request: https://streamsport365.com/cinema
2026-07-19 07:28:48,395 [INFO] Capturing request: https://teletv5.top/load/yayinlink.php?id=tivibu-spor-2
2026-07-19 07:28:48,397 [INFO] Capturing request: https://atomsportv510.top/favicon.ico
2026-07-19 07:28:48,422 [INFO] Capturing response: https://atomsportv510.top/favicon.ico 200 
2026-07-19 07:28:48,550 [INFO] Capturing response: https://streamsport365.com/cinema 200 
2026-07-19 07:28:48,557 [INFO] Capturing response: https://teletv5.top/load/yayinlink.php?id=tivibu-spor-2 200 
2026-07-19 07:28:48,716 [INFO] Capturing request: https://hlsssssssssssss.edaesra.workers.dev/https://corestream.macsitesi.help//trtspor/tracks-v1a1/mono.m3u8
2026-07-19 07:28:48,725 [INFO] Capturing response: https://hlsssssssssssss.edaesra.workers.dev/https://corestream.macsitesi.help//trtspor/tracks-v1a1/mono.m3u8 403 
2026-07-19 07:28:51,310 [INFO]   ✅ M3U8 bulundu: https://hlsssssssssssss.edaesra.workers.dev/https://corestream.macsitesi.help//trtspor/tracks-v1a1/mono.m3u8
2026-07-19 07:28:52,310 [INFO] 
[13/14]
2026-07-19 07:28:52,310 [INFO] 🔍 Tivibu Spor 3 → https://atomsportv510.top/matches?id=tivibu-spor-3
2026-07-19 07:28:52,420 [INFO] Capturing request: https://atomsportv510.top/assets/js/clappr.js
2026-07-19 07:28:52,421 [INFO] Capturing request: https://atomsportv510.top/matches?id=tivibu-spor-3
2026-07-19 07:28:52,436 [INFO] Capturing response: https://atomsportv510.top/assets/js/clappr.js 200 
2026-07-19 07:28:52,463 [INFO] Capturing response: https://atomsportv510.top/matches?id=tivibu-spor-3 200 
2026-07-19 07:28:52,617 [INFO] Capturing request: https://teletv5.top/load/yayinlink.php?id=tivibu-spor-3
2026-07-19 07:28:52,621 [INFO] Capturing request: https://atomsportv510.top/favicon.ico
2026-07-19 07:28:52,649 [INFO] Capturing response: https://atomsportv510.top/favicon.ico 200 
2026-07-19 07:28:52,715 [INFO] Capturing request: https://streamsport365.com/cinema
2026-07-19 07:28:52,773 [INFO] Capturing response: https://teletv5.top/load/yayinlink.php?id=tivibu-spor-3 200 
2026-07-19 07:28:52,963 [INFO] Capturing response: https://streamsport365.com/cinema 200 
2026-07-19 07:28:53,082 [INFO] Capturing request: https://hlsssssssssssss.edaesra.workers.dev/https://corestream.macsitesi.help//trtspor/tracks-v1a1/mono.m3u8
2026-07-19 07:28:53,090 [INFO] Capturing response: https://hlsssssssssssss.edaesra.workers.dev/https://corestream.macsitesi.help//trtspor/tracks-v1a1/mono.m3u8 403 
2026-07-19 07:28:55,532 [INFO]   ✅ M3U8 bulundu: https://hlsssssssssssss.edaesra.workers.dev/https://corestream.macsitesi.help//trtspor/tracks-v1a1/mono.m3u8
2026-07-19 07:28:56,532 [INFO] 
[14/14]
2026-07-19 07:28:56,533 [INFO] 🔍 Tivibu Spor 4 → https://atomsportv510.top/matches?id=tivibu-spor-4
2026-07-19 07:28:56,642 [INFO] Capturing request: https://atomsportv510.top/assets/js/clappr.js
2026-07-19 07:28:56,643 [INFO] Capturing request: https://atomsportv510.top/matches?id=tivibu-spor-4
2026-07-19 07:28:56,656 [INFO] Capturing response: https://atomsportv510.top/assets/js/clappr.js 200 
2026-07-19 07:28:56,680 [INFO] Capturing response: https://atomsportv510.top/matches?id=tivibu-spor-4 200 
2026-07-19 07:28:56,710 [INFO] Capturing request: https://streamsport365.com/cinema
2026-07-19 07:28:56,811 [INFO] Capturing request: https://teletv5.top/load/yayinlink.php?id=tivibu-spor-4
2026-07-19 07:28:56,813 [INFO] Capturing request: https://atomsportv510.top/favicon.ico
2026-07-19 07:28:56,839 [INFO] Capturing response: https://atomsportv510.top/favicon.ico 200 
2026-07-19 07:28:56,954 [INFO] Capturing response: https://streamsport365.com/cinema 200 
2026-07-19 07:28:56,965 [INFO] Capturing response: https://teletv5.top/load/yayinlink.php?id=tivibu-spor-4 200 
2026-07-19 07:29:00,590 [INFO] Capturing request: https://update.googleapis.com/service/update2/json?cup2key=16:k5n3zBO-Yzw_Py5JjFd-4TMB0SH7wvnWSDhHJ7fXm8A&cup2hreq=6bb4d14d060d03a370b535752d32a7128212ef678a4357105dcb75104e032ec6
2026-07-19 07:29:00,615 [INFO] Capturing response: https://update.googleapis.com/service/update2/json?cup2key=16:k5n3zBO-Yzw_Py5JjFd-4TMB0SH7wvnWSDhHJ7fXm8A&cup2hreq=6bb4d14d060d03a370b535752d32a7128212ef678a4357105dcb75104e032ec6 200 
2026-07-19 07:29:00,622 [INFO] Capturing request: http://edgedl.me.gvt1.com/edgedl/diffgen-puffin/gcmjkmgdlgnkkcocmoeiminaijmmjnii/df2a22d5ecc7788c3330ebd5f856b41531c74f412a01ed7453d11284708009fe
2026-07-19 07:29:00,636 [INFO] Capturing response: http://edgedl.me.gvt1.com/edgedl/diffgen-puffin/gcmjkmgdlgnkkcocmoeiminaijmmjnii/df2a22d5ecc7788c3330ebd5f856b41531c74f412a01ed7453d11284708009fe 200 OK
2026-07-19 07:29:00,663 [INFO] Capturing request: https://update.googleapis.com/service/update2/json
2026-07-19 07:29:00,687 [INFO] Capturing response: https://update.googleapis.com/service/update2/json 200 
2026-07-19 07:29:00,731 [INFO] Capturing request: http://edgedl.me.gvt1.com/edgedl/release2/chrome_component/acqq4hs5ywbg3nef2kjjl6nyebjq_10656/hfnkpimlhhgieaddgfemjhofmfblmnib_10656_all_ajmaah273vlgc77nhifobrxnqu.crx3
2026-07-19 07:29:00,748 [INFO] Capturing response: http://edgedl.me.gvt1.com/edgedl/release2/chrome_component/acqq4hs5ywbg3nef2kjjl6nyebjq_10656/hfnkpimlhhgieaddgfemjhofmfblmnib_10656_all_ajmaah273vlgc77nhifobrxnqu.crx3 200 OK
2026-07-19 07:29:00,778 [INFO] Capturing request: https://update.googleapis.com/service/update2/json
2026-07-19 07:29:00,801 [INFO] Capturing response: https://update.googleapis.com/service/update2/json 200 
2026-07-19 07:29:25,114 [INFO] Capturing request: https://android.clients.google.com/c2dm/register3
2026-07-19 07:29:25,159 [INFO] Capturing response: https://android.clients.google.com/c2dm/register3 301 
2026-07-19 07:29:30,000 [WARNING]   ❌ Tivibu Spor 4 için M3U8 bulunamadı
2026-07-19 07:29:31,064 [INFO] ✅ 13 kanal bulundu, playlist.m3u kaydedildi
