2026-05-23 07:16:36,153 [INFO] 🔎 Domain aralığı taranıyor: atomsportv503.top - atomsportv535.top
2026-05-23 07:16:36,946 [INFO]   ✅ Aktif domain bulundu: https://atomsportv503.top
2026-05-23 07:16:36,947 [INFO] 🌐 Kullanılan BASE_URL: https://atomsportv503.top
2026-05-23 07:16:36,947 [INFO] 🔗 Proxy Prefix: https://ronaldo.magnitude.workers.dev/?url=
2026-05-23 07:16:38,006 [INFO] ✅ SeleniumWire aktif
2026-05-23 07:16:38,008 [INFO] =======================================================
2026-05-23 07:16:38,008 [INFO]    M3U8 Scraper
2026-05-23 07:16:38,008 [INFO]    Base URL    : https://atomsportv503.top
2026-05-23 07:16:38,008 [INFO]    Proxy Prefix: https://ronaldo.magnitude.workers.dev/?url=
2026-05-23 07:16:38,008 [INFO]    Toplam      : 13 sayfa
2026-05-23 07:16:38,008 [INFO] =======================================================
2026-05-23 07:16:38,008 [INFO] 🔧 Driver başlatılıyor...
2026-05-23 07:16:38,800 [INFO] ✅ Driver başlatıldı
2026-05-23 07:16:38,800 [INFO] 
[1/13]
2026-05-23 07:16:38,800 [INFO] 
──────────────────────────────────────────────────
2026-05-23 07:16:38,800 [INFO] 🔍 beIN Sports 1 → https://atomsportv503.top/matches?id=bein-sports-1
2026-05-23 07:16:38,801 [INFO] ──────────────────────────────────────────────────
2026-05-23 07:17:11,116 [INFO]   📡 M3U8 bekleniyor (max 8s)...
2026-05-23 07:17:19,192 [INFO]   ❌ beIN Sports 1: M3U8 bulunamadı
2026-05-23 07:17:20,193 [INFO] 
[2/13]
2026-05-23 07:17:20,193 [INFO] 
──────────────────────────────────────────────────
2026-05-23 07:17:20,193 [INFO] 🔍 beIN Sports 2 → https://atomsportv503.top/matches?id=bein-sports-2
2026-05-23 07:17:20,193 [INFO] ──────────────────────────────────────────────────
2026-05-23 07:17:52,384 [INFO]   📡 M3U8 bekleniyor (max 8s)...
2026-05-23 07:18:00,453 [INFO]   ❌ beIN Sports 2: M3U8 bulunamadı
2026-05-23 07:18:01,453 [INFO] 
[3/13]
2026-05-23 07:18:01,453 [INFO] 
──────────────────────────────────────────────────
2026-05-23 07:18:01,453 [INFO] 🔍 beIN Sports 3 → https://atomsportv503.top/matches?id=bein-sports-3
2026-05-23 07:18:01,453 [INFO] ──────────────────────────────────────────────────
2026-05-23 07:18:33,675 [INFO]   📡 M3U8 bekleniyor (max 8s)...
2026-05-23 07:18:41,691 [INFO]   ❌ beIN Sports 3: M3U8 bulunamadı
2026-05-23 07:18:42,691 [INFO] 
[4/13]
2026-05-23 07:18:42,691 [INFO] 
──────────────────────────────────────────────────
2026-05-23 07:18:42,691 [INFO] 🔍 beIN Sports 4 → https://atomsportv503.top/matches?id=bein-sports-4
2026-05-23 07:18:42,692 [INFO] ──────────────────────────────────────────────────
2026-05-23 07:19:14,523 [INFO]   📡 M3U8 bekleniyor (max 8s)...
2026-05-23 07:19:22,535 [INFO]   ❌ beIN Sports 4: M3U8 bulunamadı
2026-05-23 07:19:23,535 [INFO] 
[5/13]
2026-05-23 07:19:23,536 [INFO] 
──────────────────────────────────────────────────
2026-05-23 07:19:23,536 [INFO] 🔍 beIN Sports 5 → https://atomsportv503.top/matches?id=bein-sports-5
2026-05-23 07:19:23,536 [INFO] ──────────────────────────────────────────────────
2026-05-23 07:19:55,556 [INFO]   📡 M3U8 bekleniyor (max 8s)...
2026-05-23 07:20:03,568 [INFO]   ❌ beIN Sports 5: M3U8 bulunamadı
2026-05-23 07:20:04,569 [INFO] 
[6/13]
2026-05-23 07:20:04,569 [INFO] 
──────────────────────────────────────────────────
2026-05-23 07:20:04,569 [INFO] 🔍 beIN Sports Max 1 → https://atomsportv503.top/matches?id=bein-sports-max-1
2026-05-23 07:20:04,569 [INFO] ──────────────────────────────────────────────────
2026-05-23 07:20:36,389 [INFO]   📡 M3U8 bekleniyor (max 8s)...
2026-05-23 07:20:44,401 [INFO]   ❌ beIN Sports Max 1: M3U8 bulunamadı
2026-05-23 07:20:45,401 [INFO] 
[7/13]
2026-05-23 07:20:45,401 [INFO] 
──────────────────────────────────────────────────
2026-05-23 07:20:45,401 [INFO] 🔍 beIN Sports Max 2 → https://atomsportv503.top/matches?id=bein-sports-max-2
2026-05-23 07:20:45,401 [INFO] ──────────────────────────────────────────────────
2026-05-23 07:21:17,439 [INFO]   📡 M3U8 bekleniyor (max 8s)...
2026-05-23 07:21:25,450 [INFO]   ❌ beIN Sports Max 2: M3U8 bulunamadı
2026-05-23 07:21:26,451 [INFO] 
[8/13]
2026-05-23 07:21:26,451 [INFO] 
──────────────────────────────────────────────────
2026-05-23 07:21:26,451 [INFO] 🔍 S Sport → https://atomsportv503.top/matches?id=s-sport
2026-05-23 07:21:26,451 [INFO] ──────────────────────────────────────────────────
2026-05-23 07:21:58,319 [INFO]   📡 M3U8 bekleniyor (max 8s)...
2026-05-23 07:21:58,328 [INFO]   🎯 DOĞRU kanal bulundu: https://young-surf-88a9.halitumutseler.workers.dev/https://corestream.ronaldovurdu.help//s-sportt/tracks-v1a1/mono.m3u8
2026-05-23 07:21:58,330 [INFO]   ✅ S Sport: https://young-surf-88a9.halitumutseler.workers.dev/https://corestream.ronaldovurdu.help//s-sportt/tracks-v1a1/mono.m3u8
2026-05-23 07:21:59,330 [INFO] 
[9/13]
2026-05-23 07:21:59,330 [INFO] 
──────────────────────────────────────────────────
2026-05-23 07:21:59,330 [INFO] 🔍 S Sport 2 → https://atomsportv503.top/matches?id=s-sport-2
2026-05-23 07:21:59,330 [INFO] ──────────────────────────────────────────────────
2026-05-23 07:22:31,228 [INFO]   📡 M3U8 bekleniyor (max 8s)...
2026-05-23 07:22:39,291 [INFO]   ❌ S Sport 2: M3U8 bulunamadı
2026-05-23 07:22:40,291 [INFO] 
[10/13]
2026-05-23 07:22:40,291 [INFO] 
──────────────────────────────────────────────────
2026-05-23 07:22:40,291 [INFO] 🔍 Tivibu Spor 1 → https://atomsportv503.top/matches?id=tivibu-spor-1
2026-05-23 07:22:40,291 [INFO] ──────────────────────────────────────────────────
2026-05-23 07:23:12,107 [INFO]   📡 M3U8 bekleniyor (max 8s)...
2026-05-23 07:23:20,119 [INFO]   ❌ Tivibu Spor 1: M3U8 bulunamadı
2026-05-23 07:23:21,119 [INFO] 
[11/13]
2026-05-23 07:23:21,119 [INFO] 
──────────────────────────────────────────────────
2026-05-23 07:23:21,119 [INFO] 🔍 Tivibu Spor 2 → https://atomsportv503.top/matches?id=tivibu-spor-2
2026-05-23 07:23:21,119 [INFO] ──────────────────────────────────────────────────
2026-05-23 07:23:52,969 [INFO]   📡 M3U8 bekleniyor (max 8s)...
2026-05-23 07:24:00,981 [INFO]   ❌ Tivibu Spor 2: M3U8 bulunamadı
2026-05-23 07:24:01,981 [INFO] 
[12/13]
2026-05-23 07:24:01,981 [INFO] 
──────────────────────────────────────────────────
2026-05-23 07:24:01,981 [INFO] 🔍 Tivibu Spor 3 → https://atomsportv503.top/matches?id=tivibu-spor-3
2026-05-23 07:24:01,981 [INFO] ──────────────────────────────────────────────────
2026-05-23 07:24:33,810 [INFO]   📡 M3U8 bekleniyor (max 8s)...
2026-05-23 07:24:41,823 [INFO]   ❌ Tivibu Spor 3: M3U8 bulunamadı
2026-05-23 07:24:42,823 [INFO] 
[13/13]
2026-05-23 07:24:42,823 [INFO] 
──────────────────────────────────────────────────
2026-05-23 07:24:42,823 [INFO] 🔍 Tivibu Spor 4 → https://atomsportv503.top/matches?id=tivibu-spor-4
2026-05-23 07:24:42,823 [INFO] ──────────────────────────────────────────────────
2026-05-23 07:25:14,653 [INFO]   📡 M3U8 bekleniyor (max 8s)...
2026-05-23 07:25:22,665 [INFO]   ❌ Tivibu Spor 4: M3U8 bulunamadı
2026-05-23 07:25:23,732 [INFO] 🔒 Driver kapatıldı
2026-05-23 07:25:23,732 [INFO] 
=======================================================
2026-05-23 07:25:23,732 [INFO] 🏁 Tamamlandı!
2026-05-23 07:25:23,732 [INFO] 📺 Kanal : 1/13
2026-05-23 07:25:23,732 [INFO] ⏱️  Süre  : 525.7s
2026-05-23 07:25:23,732 [INFO] =======================================================
2026-05-23 07:25:23,733 [INFO] ✅ playlist.m3u kaydedildi (proxy prefix'li)
2026-05-23 07:25:23,733 [INFO] ✅ stats.json kaydedildi
