2026-06-10 20:33:15,234 [INFO] 🌐 BASE_URL: https://atomsportv506.top
2026-06-10 20:33:15,998 [INFO] Başlanıyor... 14 kanal taranacak
2026-06-10 20:33:15,999 [INFO] Using default request storage
2026-06-10 20:33:16,003 [INFO] Created proxy listening on 127.0.0.1:33853
2026-06-10 20:33:16,652 [INFO] Capturing request: http://clients2.google.com/time/1/current?cup2key=10:kn4c8bk4k4-bwtuGWWv01Qd4JSukfoimDIjyyZ3E4RU&cup2hreq=e3b0c44298fc1c149afbf4c8996fb92427ae41e4649b934ca495991b7852b855
2026-06-10 20:33:16,724 [INFO] Capturing response: http://clients2.google.com/time/1/current?cup2key=10:kn4c8bk4k4-bwtuGWWv01Qd4JSukfoimDIjyyZ3E4RU&cup2hreq=e3b0c44298fc1c149afbf4c8996fb92427ae41e4649b934ca495991b7852b855 200 OK
2026-06-10 20:33:16,770 [INFO] 
[1/14]
2026-06-10 20:33:16,770 [INFO] 🔍 beIN Sports 1 → https://atomsportv506.top/matches?id=bein-sports-1
2026-06-10 20:33:16,846 [INFO] Capturing request: https://accounts.google.com/ListAccounts?gpsia=1&source=ChromiumBrowser&json=standard&laf=b64bin
2026-06-10 20:33:16,964 [INFO] Capturing response: https://accounts.google.com/ListAccounts?gpsia=1&source=ChromiumBrowser&json=standard&laf=b64bin 200 
2026-06-10 20:33:16,965 [INFO] Capturing request: https://atomsportv506.top/matches?id=bein-sports-1
2026-06-10 20:33:17,073 [INFO] Capturing response: https://atomsportv506.top/matches?id=bein-sports-1 200 
2026-06-10 20:33:17,225 [INFO] Capturing request: https://atomsportv506.top/assets/js/clappr.js
2026-06-10 20:33:17,279 [INFO] Capturing request: https://www.google.com/async/folae?async=_fmt:pb&udm=50&client_locale=en-US
2026-06-10 20:33:17,301 [INFO] Capturing response: https://atomsportv506.top/assets/js/clappr.js 200 
2026-06-10 20:33:17,313 [INFO] Capturing response: https://www.google.com/async/folae?async=_fmt:pb&udm=50&client_locale=en-US 200 
2026-06-10 20:33:17,352 [INFO] Capturing request: https://cdn.jsdelivr.net/npm/@clappr/player@latest/dist/clappr.min.js
2026-06-10 20:33:17,355 [INFO] Capturing request: https://cdnjs.cloudflare.com/ajax/libs/jquery/3.2.1/jquery.min.js
2026-06-10 20:33:17,390 [INFO] Capturing response: https://cdnjs.cloudflare.com/ajax/libs/jquery/3.2.1/jquery.min.js 200 
2026-06-10 20:33:17,476 [INFO] Capturing response: https://cdn.jsdelivr.net/npm/@clappr/player@latest/dist/clappr.min.js 200 
2026-06-10 20:33:17,645 [INFO] Capturing request: https://static.cloudflareinsights.com/beacon.min.js/v833ccba57c9e4d2798f2e76cebdd09a11778172276447
2026-06-10 20:33:17,690 [INFO] Capturing response: https://static.cloudflareinsights.com/beacon.min.js/v833ccba57c9e4d2798f2e76cebdd09a11778172276447 200 
2026-06-10 20:33:17,749 [INFO] Capturing request: https://atomsportv506.top/cdn-cgi/rum?
2026-06-10 20:33:17,852 [INFO] Capturing request: https://atomsportv506.top/favicon.ico
2026-06-10 20:33:17,895 [INFO] Capturing response: https://atomsportv506.top/cdn-cgi/rum? 204 
2026-06-10 20:33:17,974 [INFO] Capturing response: https://atomsportv506.top/favicon.ico 200 
2026-06-10 20:33:18,001 [INFO] Capturing request: https://teletv5.top/load/yayinlink.php?id=bein-sports-1
2026-06-10 20:33:18,424 [INFO] Capturing response: https://teletv5.top/load/yayinlink.php?id=bein-sports-1 200 
2026-06-10 20:33:18,440 [INFO] Capturing request: https://streamsport365.com/cinema
2026-06-10 20:33:18,758 [INFO] Capturing response: https://streamsport365.com/cinema 200 
2026-06-10 20:33:18,891 [INFO] Capturing request: https://atomsportv506.top/assets/img/player_logo_6880e4e4c52ee.png
2026-06-10 20:33:19,039 [INFO] Capturing response: https://atomsportv506.top/assets/img/player_logo_6880e4e4c52ee.png 200 
2026-06-10 20:33:19,062 [INFO] Capturing request: https://hlssssssssssssssssss.yedeklinksa35.workers.dev/https://corestream.ronaldovurdu.help//aspor/tracks-v1a1/mono.m3u8
2026-06-10 20:33:19,419 [INFO] Capturing response: https://hlssssssssssssssssss.yedeklinksa35.workers.dev/https://corestream.ronaldovurdu.help//aspor/tracks-v1a1/mono.m3u8 200 
2026-06-10 20:33:19,688 [INFO] Capturing request: https://android.clients.google.com/checkin
2026-06-10 20:33:19,707 [INFO] Capturing request: https://ts.yedeklinksa35.workers.dev/aspor/tracks-v1a1/2026/06/10/20/33/01-05760.avif
2026-06-10 20:33:19,795 [INFO] Capturing response: https://android.clients.google.com/checkin 200 
2026-06-10 20:33:19,846 [INFO] Capturing request: https://android.clients.google.com/c2dm/register3
2026-06-10 20:33:19,850 [INFO] Capturing request: https://android.clients.google.com/c2dm/register3
2026-06-10 20:33:19,851 [INFO] Capturing request: https://android.clients.google.com/c2dm/register3
2026-06-10 20:33:19,957 [INFO] Capturing response: https://android.clients.google.com/c2dm/register3 200 
2026-06-10 20:33:19,963 [INFO] Capturing response: https://android.clients.google.com/c2dm/register3 200 
2026-06-10 20:33:20,751 [INFO] Capturing response: https://android.clients.google.com/c2dm/register3 200 
2026-06-10 20:33:20,775 [INFO]   ✅ M3U8 bulundu: https://hlssssssssssssssssss.yedeklinksa35.workers.dev/https://corestream.ronaldovurdu.help//aspor/tracks-v1a1/mono.m3u8
2026-06-10 20:33:21,131 [INFO] Capturing response: https://ts.yedeklinksa35.workers.dev/aspor/tracks-v1a1/2026/06/10/20/33/01-05760.avif 200 
2026-06-10 20:33:21,340 [INFO] Capturing request: https://ts.yedeklinksa35.workers.dev/aspor/tracks-v1a1/2026/06/10/20/33/06-05760.avif
2026-06-10 20:33:21,775 [INFO] 
[2/14]
2026-06-10 20:33:21,775 [INFO] 🔍 beIN Sports 2 → https://atomsportv506.top/matches?id=bein-sports-2
2026-06-10 20:33:21,886 [INFO] Capturing request: https://atomsportv506.top/matches?id=bein-sports-2
2026-06-10 20:33:21,962 [INFO] Capturing response: https://atomsportv506.top/matches?id=bein-sports-2 200 
2026-06-10 20:33:21,975 [INFO] Capturing request: https://atomsportv506.top/cdn-cgi/rum?
2026-06-10 20:33:22,015 [INFO] Capturing request: https://streamsport365.com/cinema
2026-06-10 20:33:22,019 [INFO] Capturing request: https://atomsportv506.top/cdn-cgi/rum?
2026-06-10 20:33:22,111 [INFO] Capturing request: https://teletv5.top/load/yayinlink.php?id=bein-sports-2
2026-06-10 20:33:22,124 [INFO] Capturing response: https://atomsportv506.top/cdn-cgi/rum? 204 
2026-06-10 20:33:22,126 [INFO] Capturing request: https://atomsportv506.top/favicon.ico
2026-06-10 20:33:22,192 [INFO] Capturing response: https://atomsportv506.top/favicon.ico 200 
2026-06-10 20:33:22,204 [INFO] Capturing response: https://atomsportv506.top/cdn-cgi/rum? 204 
2026-06-10 20:33:22,350 [INFO] Capturing response: https://streamsport365.com/cinema 200 
2026-06-10 20:33:22,555 [INFO] Capturing response: https://teletv5.top/load/yayinlink.php?id=bein-sports-2 200 
2026-06-10 20:33:22,678 [INFO] Capturing request: https://hlssssssssssssssssss.yedeklinksa35.workers.dev/https://corestream.ronaldovurdu.help//bein2/tracks-v1a1/mono.m3u8
2026-06-10 20:33:22,862 [INFO] Capturing response: https://hlssssssssssssssssss.yedeklinksa35.workers.dev/https://corestream.ronaldovurdu.help//bein2/tracks-v1a1/mono.m3u8 200 
2026-06-10 20:33:22,894 [INFO] Capturing response: https://ts.yedeklinksa35.workers.dev/aspor/tracks-v1a1/2026/06/10/20/33/06-05760.avif 200 
2026-06-10 20:33:22,973 [INFO] Capturing request: https://ts.yedeklinksa35.workers.dev/bein2/tracks-v1a1/2026/06/10/20/32/53-11200.avif
2026-06-10 20:33:24,766 [INFO] Capturing response: https://ts.yedeklinksa35.workers.dev/bein2/tracks-v1a1/2026/06/10/20/32/53-11200.avif 200 
2026-06-10 20:33:25,030 [INFO]   ✅ M3U8 bulundu: https://hlssssssssssssssssss.yedeklinksa35.workers.dev/https://corestream.ronaldovurdu.help//bein2/tracks-v1a1/mono.m3u8
2026-06-10 20:33:25,041 [INFO] Capturing request: https://ts.yedeklinksa35.workers.dev/bein2/tracks-v1a1/2026/06/10/20/33/05-07920.avif
2026-06-10 20:33:26,031 [INFO] 
[3/14]
2026-06-10 20:33:26,031 [INFO] 🔍 beIN Sports 3 → https://atomsportv506.top/matches?id=bein-sports-3
2026-06-10 20:33:26,142 [INFO] Capturing request: https://atomsportv506.top/matches?id=bein-sports-3
2026-06-10 20:33:26,204 [INFO] Capturing response: https://atomsportv506.top/matches?id=bein-sports-3 200 
2026-06-10 20:33:26,218 [INFO] Capturing request: https://atomsportv506.top/cdn-cgi/rum?
2026-06-10 20:33:26,245 [INFO] Capturing request: https://atomsportv506.top/cdn-cgi/rum?
2026-06-10 20:33:26,345 [INFO] Capturing request: https://teletv5.top/load/yayinlink.php?id=bein-sports-3
2026-06-10 20:33:26,349 [INFO] Capturing request: https://atomsportv506.top/favicon.ico
2026-06-10 20:33:26,361 [INFO] Capturing response: https://atomsportv506.top/cdn-cgi/rum? 204 
2026-06-10 20:33:26,378 [INFO] Capturing response: https://atomsportv506.top/cdn-cgi/rum? 204 
2026-06-10 20:33:26,418 [INFO] Capturing response: https://atomsportv506.top/favicon.ico 200 
2026-06-10 20:33:26,483 [INFO] Capturing request: https://streamsport365.com/cinema
2026-06-10 20:33:26,551 [INFO] Capturing response: https://ts.yedeklinksa35.workers.dev/bein2/tracks-v1a1/2026/06/10/20/33/05-07920.avif 200 
2026-06-10 20:33:26,572 [INFO] Capturing response: https://teletv5.top/load/yayinlink.php?id=bein-sports-3 200 
2026-06-10 20:33:26,809 [INFO] Capturing response: https://streamsport365.com/cinema 200 
2026-06-10 20:33:45,167 [INFO] Capturing request: https://android.clients.google.com/c2dm/register3
2026-06-10 20:33:45,917 [INFO] Capturing response: https://android.clients.google.com/c2dm/register3 200 
2026-06-10 20:33:49,831 [INFO] Capturing request: https://android.clients.google.com/c2dm/register3
2026-06-10 20:33:49,940 [INFO] Capturing response: https://android.clients.google.com/c2dm/register3 301 
2026-06-10 20:33:59,557 [WARNING]   ❌ beIN Sports 3 için M3U8 bulunamadı
2026-06-10 20:34:00,558 [INFO] 
[4/14]
2026-06-10 20:34:00,558 [INFO] 🔍 beIN Sports 4 → https://atomsportv506.top/matches?id=bein-sports-4
2026-06-10 20:34:00,666 [INFO] Capturing request: https://atomsportv506.top/assets/js/clappr.js
2026-06-10 20:34:00,669 [INFO] Capturing request: https://atomsportv506.top/matches?id=bein-sports-4
2026-06-10 20:34:00,719 [INFO] Capturing response: https://atomsportv506.top/assets/js/clappr.js 200 
2026-06-10 20:34:01,087 [INFO] Capturing response: https://atomsportv506.top/matches?id=bein-sports-4 200 
2026-06-10 20:34:01,097 [INFO] Capturing request: https://atomsportv506.top/cdn-cgi/rum?
2026-06-10 20:34:01,127 [INFO] Capturing request: https://atomsportv506.top/cdn-cgi/rum?
2026-06-10 20:34:01,225 [INFO] Capturing request: https://teletv5.top/load/yayinlink.php?id=bein-sports-4
2026-06-10 20:34:01,229 [INFO] Capturing request: https://atomsportv506.top/favicon.ico
2026-06-10 20:34:01,254 [INFO] Capturing response: https://atomsportv506.top/cdn-cgi/rum? 204 
2026-06-10 20:34:01,270 [INFO] Capturing response: https://atomsportv506.top/cdn-cgi/rum? 204 
2026-06-10 20:34:01,337 [INFO] Capturing response: https://atomsportv506.top/favicon.ico 200 
2026-06-10 20:34:01,361 [INFO] Capturing request: https://streamsport365.com/cinema
2026-06-10 20:34:01,453 [INFO] Capturing response: https://teletv5.top/load/yayinlink.php?id=bein-sports-4 200 
2026-06-10 20:34:01,690 [INFO] Capturing response: https://streamsport365.com/cinema 200 
2026-06-10 20:34:16,735 [INFO] Capturing request: https://update.googleapis.com/service/update2/json?cup2key=16:fvQlBfHtUiqHfmfuM74r9rdrWiakN2ndWHNa5rqopDg&cup2hreq=279ca8918b509c72b8c9aee403198386aefd4938f41228f640e860ed5bfb23c5
2026-06-10 20:34:16,790 [INFO] Capturing response: https://update.googleapis.com/service/update2/json?cup2key=16:fvQlBfHtUiqHfmfuM74r9rdrWiakN2ndWHNa5rqopDg&cup2hreq=279ca8918b509c72b8c9aee403198386aefd4938f41228f640e860ed5bfb23c5 200 
2026-06-10 20:34:16,838 [INFO] Capturing request: http://edgedl.me.gvt1.com/edgedl/release2/chrome_component/ac666hgkhcpakbfdjazm6aidj5ta_10579/hfnkpimlhhgieaddgfemjhofmfblmnib_10579_all_ctls5wxxpnu55jyi2kdmffexom.crx3
2026-06-10 20:34:16,953 [INFO] Capturing response: http://edgedl.me.gvt1.com/edgedl/release2/chrome_component/ac666hgkhcpakbfdjazm6aidj5ta_10579/hfnkpimlhhgieaddgfemjhofmfblmnib_10579_all_ctls5wxxpnu55jyi2kdmffexom.crx3 200 OK
2026-06-10 20:34:16,986 [INFO] Capturing request: https://update.googleapis.com/service/update2/json
2026-06-10 20:34:17,034 [INFO] Capturing response: https://update.googleapis.com/service/update2/json 200 
2026-06-10 20:34:17,040 [INFO] Capturing request: http://edgedl.me.gvt1.com/edgedl/diffgen-puffin/gcmjkmgdlgnkkcocmoeiminaijmmjnii/71d926df14cb4c89c6f8f88e6c0bfcf6fe1e1a256ca7f8db04002a111af4c5b0
2026-06-10 20:34:17,087 [INFO] Capturing response: http://edgedl.me.gvt1.com/edgedl/diffgen-puffin/gcmjkmgdlgnkkcocmoeiminaijmmjnii/71d926df14cb4c89c6f8f88e6c0bfcf6fe1e1a256ca7f8db04002a111af4c5b0 200 OK
2026-06-10 20:34:17,171 [INFO] Capturing request: https://update.googleapis.com/service/update2/json
2026-06-10 20:34:17,225 [INFO] Capturing response: https://update.googleapis.com/service/update2/json 200 
2026-06-10 20:34:34,420 [WARNING]   ❌ beIN Sports 4 için M3U8 bulunamadı
2026-06-10 20:34:35,420 [INFO] 
[5/14]
2026-06-10 20:34:35,420 [INFO] 🔍 beIN Sports 5 → https://atomsportv506.top/matches?id=bein-sports-5
2026-06-10 20:34:35,603 [INFO] Capturing request: https://atomsportv506.top/matches?id=bein-sports-5
2026-06-10 20:34:35,604 [INFO] Capturing request: https://atomsportv506.top/assets/js/clappr.js
2026-06-10 20:34:35,675 [INFO] Capturing response: https://atomsportv506.top/assets/js/clappr.js 200 
2026-06-10 20:34:36,344 [INFO] Capturing response: https://atomsportv506.top/matches?id=bein-sports-5 200 
2026-06-10 20:34:36,354 [INFO] Capturing request: https://atomsportv506.top/cdn-cgi/rum?
2026-06-10 20:34:36,382 [INFO] Capturing request: https://atomsportv506.top/cdn-cgi/rum?
2026-06-10 20:34:36,489 [INFO] Capturing request: https://atomsportv506.top/favicon.ico
2026-06-10 20:34:36,510 [INFO] Capturing response: https://atomsportv506.top/cdn-cgi/rum? 204 
2026-06-10 20:34:36,525 [INFO] Capturing response: https://atomsportv506.top/cdn-cgi/rum? 204 
2026-06-10 20:34:36,560 [INFO] Capturing request: https://teletv5.top/load/yayinlink.php?id=bein-sports-5
2026-06-10 20:34:36,574 [INFO] Capturing response: https://atomsportv506.top/favicon.ico 200 
2026-06-10 20:34:36,963 [INFO] Capturing response: https://teletv5.top/load/yayinlink.php?id=bein-sports-5 200 
2026-06-10 20:34:37,076 [INFO] Capturing request: https://streamsport365.com/cinema
2026-06-10 20:34:38,417 [INFO] Capturing response: https://streamsport365.com/cinema 200 
2026-06-10 20:34:39,671 [INFO] Capturing request: https://android.clients.google.com/c2dm/register3
2026-06-10 20:34:39,772 [INFO] Capturing response: https://android.clients.google.com/c2dm/register3 301 
2026-06-10 20:35:09,659 [WARNING]   ❌ beIN Sports 5 için M3U8 bulunamadı
2026-06-10 20:35:10,659 [INFO] 
[6/14]
2026-06-10 20:35:10,659 [INFO] 🔍 beIN Sports Max 1 → https://atomsportv506.top/matches?id=bein-sports-max-1
2026-06-10 20:35:10,767 [INFO] Capturing request: https://atomsportv506.top/assets/js/clappr.js
2026-06-10 20:35:10,769 [INFO] Capturing request: https://atomsportv506.top/matches?id=bein-sports-max-1
2026-06-10 20:35:10,810 [INFO] Capturing response: https://atomsportv506.top/assets/js/clappr.js 200 
2026-06-10 20:35:11,136 [INFO] Capturing response: https://atomsportv506.top/matches?id=bein-sports-max-1 200 
2026-06-10 20:35:11,146 [INFO] Capturing request: https://atomsportv506.top/cdn-cgi/rum?
2026-06-10 20:35:11,185 [INFO] Capturing request: https://atomsportv506.top/cdn-cgi/rum?
2026-06-10 20:35:11,284 [INFO] Capturing request: https://teletv5.top/load/yayinlink.php?id=bein-sports-max-1
2026-06-10 20:35:11,290 [INFO] Capturing request: https://atomsportv506.top/favicon.ico
2026-06-10 20:35:11,311 [INFO] Capturing response: https://atomsportv506.top/cdn-cgi/rum? 204 
2026-06-10 20:35:11,326 [INFO] Capturing response: https://atomsportv506.top/cdn-cgi/rum? 204 
2026-06-10 20:35:11,425 [INFO] Capturing request: https://streamsport365.com/cinema
2026-06-10 20:35:11,504 [INFO] Capturing response: https://teletv5.top/load/yayinlink.php?id=bein-sports-max-1 200 
2026-06-10 20:35:11,750 [INFO] Capturing response: https://streamsport365.com/cinema 200 
2026-06-10 20:35:11,779 [INFO] Capturing response: https://atomsportv506.top/favicon.ico 200 
2026-06-10 20:35:44,460 [WARNING]   ❌ beIN Sports Max 1 için M3U8 bulunamadı
2026-06-10 20:35:45,461 [INFO] 
[7/14]
2026-06-10 20:35:45,461 [INFO] 🔍 beIN Sports Max 2 → https://atomsportv506.top/matches?id=bein-sports-max-2
2026-06-10 20:35:45,569 [INFO] Capturing request: https://atomsportv506.top/assets/js/clappr.js
2026-06-10 20:35:45,571 [INFO] Capturing request: https://atomsportv506.top/matches?id=bein-sports-max-2
2026-06-10 20:35:45,617 [INFO] Capturing response: https://atomsportv506.top/assets/js/clappr.js 200 
2026-06-10 20:35:45,989 [INFO] Capturing response: https://atomsportv506.top/matches?id=bein-sports-max-2 200 
2026-06-10 20:35:46,000 [INFO] Capturing request: https://atomsportv506.top/cdn-cgi/rum?
2026-06-10 20:35:46,025 [INFO] Capturing request: https://atomsportv506.top/cdn-cgi/rum?
2026-06-10 20:35:46,124 [INFO] Capturing request: https://teletv5.top/load/yayinlink.php?id=bein-sports-max-2
2026-06-10 20:35:46,131 [INFO] Capturing request: https://atomsportv506.top/favicon.ico
2026-06-10 20:35:46,149 [INFO] Capturing response: https://atomsportv506.top/cdn-cgi/rum? 204 
2026-06-10 20:35:46,171 [INFO] Capturing response: https://atomsportv506.top/cdn-cgi/rum? 204 
2026-06-10 20:35:46,198 [INFO] Capturing response: https://atomsportv506.top/favicon.ico 200 
2026-06-10 20:35:46,262 [INFO] Capturing request: https://streamsport365.com/cinema
2026-06-10 20:35:46,352 [INFO] Capturing response: https://teletv5.top/load/yayinlink.php?id=bein-sports-max-2 200 
2026-06-10 20:35:46,596 [INFO] Capturing response: https://streamsport365.com/cinema 200 
2026-06-10 20:36:19,299 [WARNING]   ❌ beIN Sports Max 2 için M3U8 bulunamadı
2026-06-10 20:36:20,299 [INFO] 
[8/14]
2026-06-10 20:36:20,299 [INFO] 🔍 S Sport → https://atomsportv506.top/matches?id=s-sport
2026-06-10 20:36:20,407 [INFO] Capturing request: https://atomsportv506.top/assets/js/clappr.js
2026-06-10 20:36:20,409 [INFO] Capturing request: https://atomsportv506.top/matches?id=s-sport
2026-06-10 20:36:20,457 [INFO] Capturing response: https://atomsportv506.top/assets/js/clappr.js 200 
2026-06-10 20:36:20,775 [INFO] Capturing response: https://atomsportv506.top/matches?id=s-sport 200 
2026-06-10 20:36:20,783 [INFO] Capturing request: https://atomsportv506.top/cdn-cgi/rum?
2026-06-10 20:36:20,813 [INFO] Capturing request: https://atomsportv506.top/cdn-cgi/rum?
2026-06-10 20:36:20,912 [INFO] Capturing request: https://teletv5.top/load/yayinlink.php?id=s-sport
2026-06-10 20:36:20,916 [INFO] Capturing request: https://atomsportv506.top/favicon.ico
2026-06-10 20:36:20,936 [INFO] Capturing response: https://atomsportv506.top/cdn-cgi/rum? 204 
2026-06-10 20:36:20,953 [INFO] Capturing response: https://atomsportv506.top/cdn-cgi/rum? 204 
2026-06-10 20:36:20,980 [INFO] Capturing response: https://atomsportv506.top/favicon.ico 200 
2026-06-10 20:36:21,049 [INFO] Capturing request: https://streamsport365.com/cinema
2026-06-10 20:36:21,133 [INFO] Capturing response: https://teletv5.top/load/yayinlink.php?id=s-sport 200 
2026-06-10 20:36:21,384 [INFO] Capturing response: https://streamsport365.com/cinema 200 
2026-06-10 20:36:21,501 [INFO] Capturing request: https://atomsportv506.top/assets/img/player_logo_6880e4e4c52ee.png
2026-06-10 20:36:21,572 [INFO] Capturing request: https://hlssssssssssssssssss.yedeklinksa35.workers.dev/https://corestream.ronaldovurdu.help//s-sportt/tracks-v1a1/mono.m3u8
2026-06-10 20:36:21,611 [INFO] Capturing response: https://atomsportv506.top/assets/img/player_logo_6880e4e4c52ee.png 200 
2026-06-10 20:36:21,959 [INFO] Capturing response: https://hlssssssssssssssssss.yedeklinksa35.workers.dev/https://corestream.ronaldovurdu.help//s-sportt/tracks-v1a1/mono.m3u8 200 
2026-06-10 20:36:22,175 [INFO] Capturing request: https://ts.yedeklinksa35.workers.dev/s-sportt/tracks-v1a1/2026/06/10/20/36/34-05000.avif
2026-06-10 20:36:23,826 [INFO]   ✅ M3U8 bulundu: https://hlssssssssssssssssss.yedeklinksa35.workers.dev/https://corestream.ronaldovurdu.help//s-sportt/tracks-v1a1/mono.m3u8
2026-06-10 20:36:24,826 [INFO] 
[9/14]
2026-06-10 20:36:24,826 [INFO] 🔍 S Sport 2 → https://atomsportv506.top/matches?id=s-sport-2
2026-06-10 20:36:24,934 [INFO] Capturing request: https://atomsportv506.top/assets/js/clappr.js
2026-06-10 20:36:24,936 [INFO] Capturing request: https://atomsportv506.top/matches?id=s-sport-2
2026-06-10 20:36:24,976 [INFO] Capturing response: https://atomsportv506.top/assets/js/clappr.js 200 
2026-06-10 20:36:25,020 [INFO] Capturing response: https://atomsportv506.top/matches?id=s-sport-2 200 
2026-06-10 20:36:25,029 [INFO] Capturing request: https://atomsportv506.top/cdn-cgi/rum?
2026-06-10 20:36:25,053 [INFO] Capturing request: https://streamsport365.com/cinema
2026-06-10 20:36:25,062 [INFO] Capturing request: https://atomsportv506.top/cdn-cgi/rum?
2026-06-10 20:36:25,149 [INFO] Capturing request: https://teletv5.top/load/yayinlink.php?id=s-sport-2
2026-06-10 20:36:25,163 [INFO] Capturing request: https://atomsportv506.top/favicon.ico
2026-06-10 20:36:25,186 [INFO] Capturing response: https://atomsportv506.top/cdn-cgi/rum? 204 
2026-06-10 20:36:25,203 [INFO] Capturing response: https://atomsportv506.top/cdn-cgi/rum? 204 
2026-06-10 20:36:25,228 [INFO] Capturing response: https://atomsportv506.top/favicon.ico 200 
2026-06-10 20:36:25,391 [INFO] Capturing response: https://streamsport365.com/cinema 200 
2026-06-10 20:36:25,500 [INFO] Capturing response: https://teletv5.top/load/yayinlink.php?id=s-sport-2 200 
2026-06-10 20:36:25,602 [INFO] Capturing request: https://android.clients.google.com/c2dm/register3
2026-06-10 20:36:25,663 [INFO] Capturing request: https://hlssssssssssssssssss.yedeklinksa35.workers.dev/https://corestream.ronaldovurdu.help//s-sport2/tracks-v1a1/mono.m3u8
2026-06-10 20:36:25,699 [INFO] Capturing response: https://android.clients.google.com/c2dm/register3 301 
2026-06-10 20:36:25,767 [INFO] Capturing response: https://ts.yedeklinksa35.workers.dev/s-sportt/tracks-v1a1/2026/06/10/20/36/34-05000.avif 200 
2026-06-10 20:36:25,852 [INFO] Capturing response: https://hlssssssssssssssssss.yedeklinksa35.workers.dev/https://corestream.ronaldovurdu.help//s-sport2/tracks-v1a1/mono.m3u8 200 
2026-06-10 20:36:25,858 [INFO] 127.0.0.1:45132: ProtocolException("Error in HTTP connection: Http2ZombieException('Connection or stream already dead: 1781123785.8553977, False')")
2026-06-10 20:36:25,962 [INFO] Capturing request: https://ts.yedeklinksa35.workers.dev/s-sport2/tracks-v1a1/2026/06/10/20/37/01-06000.avif
2026-06-10 20:36:27,788 [INFO] Capturing response: https://ts.yedeklinksa35.workers.dev/s-sport2/tracks-v1a1/2026/06/10/20/37/01-06000.avif 200 
2026-06-10 20:36:28,042 [INFO] Capturing request: https://ts.yedeklinksa35.workers.dev/s-sport2/tracks-v1a1/2026/06/10/20/37/07-06000.avif
2026-06-10 20:36:28,071 [INFO]   ✅ M3U8 bulundu: https://hlssssssssssssssssss.yedeklinksa35.workers.dev/https://corestream.ronaldovurdu.help//s-sport2/tracks-v1a1/mono.m3u8
2026-06-10 20:36:29,071 [INFO] 
[10/14]
2026-06-10 20:36:29,071 [INFO] 🔍 A Spor → https://atomsportv506.top/matches?id=a-spor
2026-06-10 20:36:29,182 [INFO] Capturing request: https://atomsportv506.top/assets/js/clappr.js
2026-06-10 20:36:29,183 [INFO] Capturing request: https://atomsportv506.top/matches?id=a-spor
2026-06-10 20:36:29,240 [INFO] Capturing response: https://atomsportv506.top/assets/js/clappr.js 200 
2026-06-10 20:36:29,281 [INFO] Capturing response: https://atomsportv506.top/matches?id=a-spor 200 
2026-06-10 20:36:29,294 [INFO] Capturing request: https://atomsportv506.top/cdn-cgi/rum?
2026-06-10 20:36:29,322 [INFO] Capturing request: https://atomsportv506.top/cdn-cgi/rum?
2026-06-10 20:36:29,421 [INFO] Capturing request: https://teletv5.top/load/yayinlink.php?id=a-spor
2026-06-10 20:36:29,427 [INFO] Capturing request: https://atomsportv506.top/favicon.ico
2026-06-10 20:36:29,451 [INFO] Capturing response: https://atomsportv506.top/cdn-cgi/rum? 204 
2026-06-10 20:36:29,480 [INFO] Capturing response: https://atomsportv506.top/cdn-cgi/rum? 204 
2026-06-10 20:36:29,559 [INFO] Capturing request: https://streamsport365.com/cinema
2026-06-10 20:36:29,631 [INFO] Capturing response: https://atomsportv506.top/favicon.ico 200 
2026-06-10 20:36:29,638 [INFO] Capturing response: https://teletv5.top/load/yayinlink.php?id=a-spor 200 
2026-06-10 20:36:29,896 [INFO] Capturing response: https://streamsport365.com/cinema 200 
2026-06-10 20:36:30,015 [INFO] Capturing request: https://hlssssssssssssssssss.yedeklinksa35.workers.dev/https://corestream.ronaldovurdu.help//aspor/tracks-v1a1/mono.m3u8
2026-06-10 20:36:30,250 [INFO] Capturing response: https://ts.yedeklinksa35.workers.dev/s-sport2/tracks-v1a1/2026/06/10/20/37/07-06000.avif 200 
2026-06-10 20:36:30,280 [INFO] 127.0.0.1:45132: ProtocolException("Error in HTTP connection: Http2ZombieException('Connection or stream already dead: 1781123790.2794797, False')")
2026-06-10 20:36:30,535 [INFO] Capturing response: https://hlssssssssssssssssss.yedeklinksa35.workers.dev/https://corestream.ronaldovurdu.help//aspor/tracks-v1a1/mono.m3u8 200 
2026-06-10 20:36:30,644 [INFO] Capturing request: https://ts.yedeklinksa35.workers.dev/aspor/tracks-v1a1/2026/06/10/20/36/11-05760.avif
2026-06-10 20:36:32,023 [INFO] Capturing response: https://ts.yedeklinksa35.workers.dev/aspor/tracks-v1a1/2026/06/10/20/36/11-05760.avif 200 
2026-06-10 20:36:32,195 [INFO] Capturing request: https://ts.yedeklinksa35.workers.dev/aspor/tracks-v1a1/2026/06/10/20/36/16-05760.avif
2026-06-10 20:36:32,341 [INFO]   ✅ M3U8 bulundu: https://hlssssssssssssssssss.yedeklinksa35.workers.dev/https://corestream.ronaldovurdu.help//aspor/tracks-v1a1/mono.m3u8
2026-06-10 20:36:33,341 [INFO] 
[11/14]
2026-06-10 20:36:33,341 [INFO] 🔍 Tivibu Spor 1 → https://atomsportv506.top/matches?id=tivibu-spor-1
2026-06-10 20:36:33,453 [INFO] Capturing request: https://atomsportv506.top/matches?id=tivibu-spor-1
2026-06-10 20:36:33,453 [INFO] Capturing request: https://atomsportv506.top/assets/js/clappr.js
2026-06-10 20:36:33,471 [INFO] Capturing response: https://ts.yedeklinksa35.workers.dev/aspor/tracks-v1a1/2026/06/10/20/36/16-05760.avif 200 
2026-06-10 20:36:33,513 [INFO] Capturing response: https://atomsportv506.top/assets/js/clappr.js 200 
2026-06-10 20:36:33,541 [INFO] Capturing response: https://atomsportv506.top/matches?id=tivibu-spor-1 200 
2026-06-10 20:36:33,554 [INFO] Capturing request: https://atomsportv506.top/cdn-cgi/rum?
2026-06-10 20:36:33,577 [INFO] Capturing request: https://streamsport365.com/cinema
2026-06-10 20:36:33,581 [INFO] Capturing request: https://atomsportv506.top/cdn-cgi/rum?
2026-06-10 20:36:33,671 [INFO] Capturing request: https://teletv5.top/load/yayinlink.php?id=tivibu-spor-1
2026-06-10 20:36:33,682 [INFO] Capturing request: https://atomsportv506.top/favicon.ico
2026-06-10 20:36:33,705 [INFO] Capturing response: https://atomsportv506.top/cdn-cgi/rum? 204 
2026-06-10 20:36:33,721 [INFO] Capturing response: https://atomsportv506.top/cdn-cgi/rum? 204 
2026-06-10 20:36:33,765 [INFO] Capturing response: https://atomsportv506.top/favicon.ico 200 
2026-06-10 20:36:33,909 [INFO] Capturing response: https://streamsport365.com/cinema 200 
2026-06-10 20:36:34,007 [INFO] Capturing response: https://teletv5.top/load/yayinlink.php?id=tivibu-spor-1 200 
2026-06-10 20:37:06,844 [WARNING]   ❌ Tivibu Spor 1 için M3U8 bulunamadı
2026-06-10 20:37:07,844 [INFO] 
[12/14]
2026-06-10 20:37:07,845 [INFO] 🔍 Tivibu Spor 2 → https://atomsportv506.top/matches?id=tivibu-spor-2
2026-06-10 20:37:07,954 [INFO] Capturing request: https://atomsportv506.top/assets/js/clappr.js
2026-06-10 20:37:07,955 [INFO] Capturing request: https://atomsportv506.top/matches?id=tivibu-spor-2
2026-06-10 20:37:07,992 [INFO] Capturing response: https://atomsportv506.top/assets/js/clappr.js 200 
2026-06-10 20:37:08,358 [INFO] Capturing response: https://atomsportv506.top/matches?id=tivibu-spor-2 200 
2026-06-10 20:37:08,367 [INFO] Capturing request: https://atomsportv506.top/cdn-cgi/rum?
2026-06-10 20:37:08,395 [INFO] Capturing request: https://atomsportv506.top/cdn-cgi/rum?
2026-06-10 20:37:08,489 [INFO] Capturing request: https://teletv5.top/load/yayinlink.php?id=tivibu-spor-2
2026-06-10 20:37:08,499 [INFO] Capturing request: https://atomsportv506.top/favicon.ico
2026-06-10 20:37:08,506 [INFO] Capturing response: https://atomsportv506.top/cdn-cgi/rum? 204 
2026-06-10 20:37:08,524 [INFO] Capturing response: https://atomsportv506.top/cdn-cgi/rum? 204 
2026-06-10 20:37:08,631 [INFO] Capturing request: https://streamsport365.com/cinema
2026-06-10 20:37:08,727 [INFO] Capturing response: https://teletv5.top/load/yayinlink.php?id=tivibu-spor-2 200 
2026-06-10 20:37:08,956 [INFO] Capturing response: https://streamsport365.com/cinema 200 
2026-06-10 20:37:13,989 [INFO] Capturing response: https://atomsportv506.top/favicon.ico 200 
2026-06-10 20:37:41,670 [WARNING]   ❌ Tivibu Spor 2 için M3U8 bulunamadı
2026-06-10 20:37:42,670 [INFO] 
[13/14]
2026-06-10 20:37:42,670 [INFO] 🔍 Tivibu Spor 3 → https://atomsportv506.top/matches?id=tivibu-spor-3
2026-06-10 20:37:42,779 [INFO] Capturing request: https://atomsportv506.top/assets/js/clappr.js
2026-06-10 20:37:42,780 [INFO] Capturing request: https://atomsportv506.top/matches?id=tivibu-spor-3
2026-06-10 20:37:42,819 [INFO] Capturing response: https://atomsportv506.top/assets/js/clappr.js 200 
2026-06-10 20:37:43,311 [INFO] Capturing response: https://atomsportv506.top/matches?id=tivibu-spor-3 200 
2026-06-10 20:37:43,320 [INFO] Capturing request: https://atomsportv506.top/cdn-cgi/rum?
2026-06-10 20:37:43,353 [INFO] Capturing request: https://atomsportv506.top/cdn-cgi/rum?
2026-06-10 20:37:43,454 [INFO] Capturing request: https://atomsportv506.top/favicon.ico
2026-06-10 20:37:43,455 [INFO] Capturing request: https://teletv5.top/load/yayinlink.php?id=tivibu-spor-3
2026-06-10 20:37:43,459 [INFO] Capturing response: https://atomsportv506.top/cdn-cgi/rum? 204 
2026-06-10 20:37:43,479 [INFO] Capturing response: https://atomsportv506.top/cdn-cgi/rum? 204 
2026-06-10 20:37:43,523 [INFO] Capturing response: https://atomsportv506.top/favicon.ico 200 
2026-06-10 20:37:43,590 [INFO] Capturing request: https://streamsport365.com/cinema
2026-06-10 20:37:43,676 [INFO] Capturing response: https://teletv5.top/load/yayinlink.php?id=tivibu-spor-3 200 
2026-06-10 20:37:43,915 [INFO] Capturing response: https://streamsport365.com/cinema 200 
2026-06-10 20:38:16,627 [WARNING]   ❌ Tivibu Spor 3 için M3U8 bulunamadı
2026-06-10 20:38:17,241 [INFO] 127.0.0.1:32944: HTTP/2 connection terminated by server: error code: 0, last stream id: 201, additional data: b'session_timed_out'
2026-06-10 20:38:17,627 [INFO] 
[14/14]
2026-06-10 20:38:17,627 [INFO] 🔍 Tivibu Spor 4 → https://atomsportv506.top/matches?id=tivibu-spor-4
2026-06-10 20:38:17,735 [INFO] Capturing request: https://atomsportv506.top/assets/js/clappr.js
2026-06-10 20:38:17,737 [INFO] Capturing request: https://atomsportv506.top/matches?id=tivibu-spor-4
2026-06-10 20:38:17,777 [INFO] Capturing response: https://atomsportv506.top/assets/js/clappr.js 200 
2026-06-10 20:38:18,103 [INFO] Capturing response: https://atomsportv506.top/matches?id=tivibu-spor-4 200 
2026-06-10 20:38:18,112 [INFO] Capturing request: https://atomsportv506.top/cdn-cgi/rum?
2026-06-10 20:38:18,143 [INFO] Capturing request: https://atomsportv506.top/cdn-cgi/rum?
2026-06-10 20:38:18,239 [INFO] Capturing request: https://teletv5.top/load/yayinlink.php?id=tivibu-spor-4
2026-06-10 20:38:18,244 [INFO] Capturing request: https://atomsportv506.top/favicon.ico
2026-06-10 20:38:18,268 [INFO] Capturing response: https://atomsportv506.top/cdn-cgi/rum? 204 
2026-06-10 20:38:18,283 [INFO] Capturing response: https://atomsportv506.top/cdn-cgi/rum? 204 
2026-06-10 20:38:18,326 [INFO] Capturing response: https://atomsportv506.top/favicon.ico 200 
2026-06-10 20:38:18,373 [INFO] Capturing request: https://streamsport365.com/cinema
2026-06-10 20:38:18,455 [INFO] Capturing response: https://teletv5.top/load/yayinlink.php?id=tivibu-spor-4 200 
2026-06-10 20:38:18,697 [INFO] Capturing response: https://streamsport365.com/cinema 200 
2026-06-10 20:38:51,416 [WARNING]   ❌ Tivibu Spor 4 için M3U8 bulunamadı
2026-06-10 20:38:52,483 [INFO] ✅ 5 kanal bulundu, playlist.m3u kaydedildi
