2026-07-15 20:35:15,653 [INFO] 🌐 BASE_URL: https://atomsportv510.top
2026-07-15 20:35:16,911 [INFO] Başlanıyor... 14 kanal taranacak
2026-07-15 20:35:16,912 [INFO] Using default request storage
2026-07-15 20:35:16,917 [INFO] Created proxy listening on 127.0.0.1:40711
2026-07-15 20:35:17,629 [INFO] Capturing request: http://clients2.google.com/time/1/current?cup2key=10:TrZEhVDCzW3rDd6Xu78QqeSNIjSvyD-kXLt0AyXxAtM&cup2hreq=e3b0c44298fc1c149afbf4c8996fb92427ae41e4649b934ca495991b7852b855
2026-07-15 20:35:17,673 [INFO] Capturing response: http://clients2.google.com/time/1/current?cup2key=10:TrZEhVDCzW3rDd6Xu78QqeSNIjSvyD-kXLt0AyXxAtM&cup2hreq=e3b0c44298fc1c149afbf4c8996fb92427ae41e4649b934ca495991b7852b855 200 OK
2026-07-15 20:35:17,827 [INFO] 
[1/14]
2026-07-15 20:35:17,828 [INFO] 🔍 beIN Sports 1 → https://atomsportv510.top/matches?id=bein-sports-1
2026-07-15 20:35:17,990 [INFO] Capturing request: https://accounts.google.com/ListAccounts?gpsia=1&source=ChromiumBrowser&json=standard&laf=b64bin
2026-07-15 20:35:17,997 [INFO] Capturing request: https://update.googleapis.com/service/update2/json?cup2key=16:eldW1RwAmAYEufvi-Wr5GUrUykUFLYPL3e4xgRijr8k&cup2hreq=7a964c312a6b37862e82802de6c9e236ba0e1d3e46e61b2df7dc1cb96b3ba4b8
2026-07-15 20:35:18,077 [INFO] Capturing response: https://update.googleapis.com/service/update2/json?cup2key=16:eldW1RwAmAYEufvi-Wr5GUrUykUFLYPL3e4xgRijr8k&cup2hreq=7a964c312a6b37862e82802de6c9e236ba0e1d3e46e61b2df7dc1cb96b3ba4b8 200 
2026-07-15 20:35:18,098 [INFO] Capturing request: https://atomsportv510.top/matches?id=bein-sports-1
2026-07-15 20:35:18,114 [INFO] Capturing response: https://accounts.google.com/ListAccounts?gpsia=1&source=ChromiumBrowser&json=standard&laf=b64bin 200 
2026-07-15 20:35:18,125 [INFO] Capturing request: https://update.googleapis.com/service/update2/json?cup2key=16:2or8u17sBmHjllmOIpDbCuIwDSj8fgLKcKZMx1C1kuY&cup2hreq=34294df6637f1ff8524c32d8ee8b50635f481f8c0ef6b19450c52de67cd0938d
2026-07-15 20:35:18,147 [INFO] Capturing response: https://atomsportv510.top/matches?id=bein-sports-1 200 
2026-07-15 20:35:18,174 [INFO] Capturing response: https://update.googleapis.com/service/update2/json?cup2key=16:2or8u17sBmHjllmOIpDbCuIwDSj8fgLKcKZMx1C1kuY&cup2hreq=34294df6637f1ff8524c32d8ee8b50635f481f8c0ef6b19450c52de67cd0938d 200 
2026-07-15 20:35:18,301 [INFO] Capturing request: https://atomsportv510.top/assets/js/clappr.js
2026-07-15 20:35:18,323 [INFO] Capturing response: https://atomsportv510.top/assets/js/clappr.js 200 
2026-07-15 20:35:18,355 [INFO] Capturing request: https://cdn.jsdelivr.net/npm/@clappr/player@latest/dist/clappr.min.js
2026-07-15 20:35:18,373 [INFO] Capturing request: https://cdnjs.cloudflare.com/ajax/libs/jquery/3.2.1/jquery.min.js
2026-07-15 20:35:18,387 [INFO] Capturing response: https://cdn.jsdelivr.net/npm/@clappr/player@latest/dist/clappr.min.js 200 
2026-07-15 20:35:18,406 [INFO] Capturing response: https://cdnjs.cloudflare.com/ajax/libs/jquery/3.2.1/jquery.min.js 200 
2026-07-15 20:35:18,430 [INFO] Capturing request: https://www.google.com/async/folae?async=_fmt:pb&udm=50&client_locale=en-US&client_country=ZZ
2026-07-15 20:35:18,469 [INFO] Capturing response: https://www.google.com/async/folae?async=_fmt:pb&udm=50&client_locale=en-US&client_country=ZZ 200 
2026-07-15 20:35:18,611 [INFO] Capturing request: https://atomsportv510.top/favicon.ico
2026-07-15 20:35:18,667 [INFO] Capturing response: https://atomsportv510.top/favicon.ico 200 
2026-07-15 20:35:18,667 [INFO] Capturing request: https://teletv5.top/load/yayinlink.php?id=bein-sports-1
2026-07-15 20:35:19,123 [INFO] Capturing response: https://teletv5.top/load/yayinlink.php?id=bein-sports-1 200 
2026-07-15 20:35:19,256 [INFO] Capturing request: https://streamsport365.com/cinema
2026-07-15 20:35:19,614 [INFO] Capturing response: https://streamsport365.com/cinema 200 
2026-07-15 20:35:19,745 [INFO] Capturing request: https://atomsportv510.top/assets/img/player_logo_6880e4e4c52ee.png
2026-07-15 20:35:19,779 [INFO] Capturing response: https://atomsportv510.top/assets/img/player_logo_6880e4e4c52ee.png 200 
2026-07-15 20:35:19,816 [INFO] Capturing request: https://hlsssssssssssss.edaesra.workers.dev/https://corestream.macsitesi.help//trtspor/tracks-v1a1/mono.m3u8
2026-07-15 20:35:20,009 [INFO] Capturing response: https://hlsssssssssssss.edaesra.workers.dev/https://corestream.macsitesi.help//trtspor/tracks-v1a1/mono.m3u8 200 
2026-07-15 20:35:20,220 [INFO] Capturing request: https://securmar.edaesra.workers.dev/trtspor/tracks-v1a1/2026/07/15/20/35/35-05000.avif
2026-07-15 20:35:20,418 [INFO] Capturing response: https://securmar.edaesra.workers.dev/trtspor/tracks-v1a1/2026/07/15/20/35/35-05000.avif 200 
2026-07-15 20:35:20,692 [INFO] Capturing request: https://securmar.edaesra.workers.dev/trtspor/tracks-v1a1/2026/07/15/20/35/40-05000.avif
2026-07-15 20:35:20,722 [INFO] Capturing request: https://android.clients.google.com/checkin
2026-07-15 20:35:20,844 [INFO] Capturing response: https://android.clients.google.com/checkin 200 
2026-07-15 20:35:20,898 [INFO] Capturing request: https://android.clients.google.com/c2dm/register3
2026-07-15 20:35:20,908 [INFO] Capturing request: https://android.clients.google.com/c2dm/register3
2026-07-15 20:35:20,914 [INFO] Capturing request: https://android.clients.google.com/c2dm/register3
2026-07-15 20:35:20,977 [INFO] Capturing response: https://android.clients.google.com/c2dm/register3 301 
2026-07-15 20:35:20,984 [INFO] Capturing response: https://securmar.edaesra.workers.dev/trtspor/tracks-v1a1/2026/07/15/20/35/40-05000.avif 200 
2026-07-15 20:35:21,193 [INFO] Capturing request: https://securmar.edaesra.workers.dev/trtspor/tracks-v1a1/2026/07/15/20/35/45-05000.avif
2026-07-15 20:35:21,600 [INFO]   ✅ M3U8 bulundu: https://hlsssssssssssss.edaesra.workers.dev/https://corestream.macsitesi.help//trtspor/tracks-v1a1/mono.m3u8
2026-07-15 20:35:21,832 [INFO] Capturing response: https://android.clients.google.com/c2dm/register3 200 
2026-07-15 20:35:21,881 [INFO] Capturing response: https://android.clients.google.com/c2dm/register3 200 
2026-07-15 20:35:22,016 [INFO] Capturing response: https://securmar.edaesra.workers.dev/trtspor/tracks-v1a1/2026/07/15/20/35/45-05000.avif 200 
2026-07-15 20:35:22,600 [INFO] 
[2/14]
2026-07-15 20:35:22,601 [INFO] 🔍 beIN Sports 2 → https://atomsportv510.top/matches?id=bein-sports-2
2026-07-15 20:35:22,715 [INFO] Capturing request: https://atomsportv510.top/matches?id=bein-sports-2
2026-07-15 20:35:22,750 [INFO] Capturing response: https://atomsportv510.top/matches?id=bein-sports-2 200 
2026-07-15 20:35:22,809 [INFO] Capturing request: https://streamsport365.com/cinema
2026-07-15 20:35:22,907 [INFO] Capturing request: https://teletv5.top/load/yayinlink.php?id=bein-sports-2
2026-07-15 20:35:22,918 [INFO] Capturing request: https://atomsportv510.top/favicon.ico
2026-07-15 20:35:22,949 [INFO] Capturing response: https://atomsportv510.top/favicon.ico 200 
2026-07-15 20:35:23,177 [INFO] Capturing response: https://streamsport365.com/cinema 200 
2026-07-15 20:35:23,633 [INFO] Capturing response: https://teletv5.top/load/yayinlink.php?id=bein-sports-2 200 
2026-07-15 20:35:23,760 [INFO] Capturing request: https://hlsssssssssssss.edaesra.workers.dev/https://corestream.macsitesi.help//bein2/tracks-v1a1/mono.m3u8
2026-07-15 20:35:23,941 [INFO] Capturing response: https://hlsssssssssssss.edaesra.workers.dev/https://corestream.macsitesi.help//bein2/tracks-v1a1/mono.m3u8 404 
2026-07-15 20:35:25,835 [INFO]   ✅ M3U8 bulundu: https://hlsssssssssssss.edaesra.workers.dev/https://corestream.macsitesi.help//bein2/tracks-v1a1/mono.m3u8
2026-07-15 20:35:26,835 [INFO] 
[3/14]
2026-07-15 20:35:26,835 [INFO] 🔍 beIN Sports 3 → https://atomsportv510.top/matches?id=bein-sports-3
2026-07-15 20:35:26,948 [INFO] Capturing request: https://atomsportv510.top/assets/js/clappr.js
2026-07-15 20:35:26,949 [INFO] Capturing request: https://atomsportv510.top/matches?id=bein-sports-3
2026-07-15 20:35:26,964 [INFO] Capturing response: https://atomsportv510.top/assets/js/clappr.js 200 
2026-07-15 20:35:26,992 [INFO] Capturing response: https://atomsportv510.top/matches?id=bein-sports-3 200 
2026-07-15 20:35:27,155 [INFO] Capturing request: https://teletv5.top/load/yayinlink.php?id=bein-sports-3
2026-07-15 20:35:27,156 [INFO] Capturing request: https://atomsportv510.top/favicon.ico
2026-07-15 20:35:27,189 [INFO] Capturing response: https://atomsportv510.top/favicon.ico 200 
2026-07-15 20:35:27,313 [INFO] Capturing request: https://streamsport365.com/cinema
2026-07-15 20:35:27,398 [INFO] Capturing response: https://teletv5.top/load/yayinlink.php?id=bein-sports-3 200 
2026-07-15 20:35:27,669 [INFO] Capturing response: https://streamsport365.com/cinema 200 
2026-07-15 20:35:27,791 [INFO] Capturing request: https://hlsssssssssssss.edaesra.workers.dev/https://corestream.macsitesi.help//trtspor/tracks-v1a1/mono.m3u8
2026-07-15 20:35:27,969 [INFO] Capturing response: https://hlsssssssssssss.edaesra.workers.dev/https://corestream.macsitesi.help//trtspor/tracks-v1a1/mono.m3u8 200 
2026-07-15 20:35:28,080 [INFO] Capturing request: https://securmar.edaesra.workers.dev/trtspor/tracks-v1a1/2026/07/15/20/35/40-05000.avif
2026-07-15 20:35:28,297 [INFO] Capturing response: https://securmar.edaesra.workers.dev/trtspor/tracks-v1a1/2026/07/15/20/35/40-05000.avif 200 
2026-07-15 20:35:28,547 [INFO] Capturing request: https://securmar.edaesra.workers.dev/trtspor/tracks-v1a1/2026/07/15/20/35/45-05000.avif
2026-07-15 20:35:28,777 [INFO] Capturing response: https://securmar.edaesra.workers.dev/trtspor/tracks-v1a1/2026/07/15/20/35/45-05000.avif 200 
2026-07-15 20:35:29,016 [INFO] Capturing request: https://securmar.edaesra.workers.dev/trtspor/tracks-v1a1/2026/07/15/20/35/50-05000.avif
2026-07-15 20:35:29,231 [INFO] Capturing response: https://securmar.edaesra.workers.dev/trtspor/tracks-v1a1/2026/07/15/20/35/50-05000.avif 200 
2026-07-15 20:35:30,082 [INFO]   ✅ M3U8 bulundu: https://hlsssssssssssss.edaesra.workers.dev/https://corestream.macsitesi.help//trtspor/tracks-v1a1/mono.m3u8
2026-07-15 20:35:31,083 [INFO] 
[4/14]
2026-07-15 20:35:31,083 [INFO] 🔍 beIN Sports 4 → https://atomsportv510.top/matches?id=bein-sports-4
2026-07-15 20:35:31,195 [INFO] Capturing request: https://atomsportv510.top/assets/js/clappr.js
2026-07-15 20:35:31,197 [INFO] Capturing request: https://atomsportv510.top/matches?id=bein-sports-4
2026-07-15 20:35:31,217 [INFO] Capturing response: https://atomsportv510.top/assets/js/clappr.js 200 
2026-07-15 20:35:31,244 [INFO] Capturing response: https://atomsportv510.top/matches?id=bein-sports-4 200 
2026-07-15 20:35:31,279 [INFO] Capturing request: https://streamsport365.com/cinema
2026-07-15 20:35:31,379 [INFO] Capturing request: https://atomsportv510.top/favicon.ico
2026-07-15 20:35:31,381 [INFO] Capturing request: https://teletv5.top/load/yayinlink.php?id=bein-sports-4
2026-07-15 20:35:31,413 [INFO] Capturing response: https://atomsportv510.top/favicon.ico 200 
2026-07-15 20:35:31,622 [INFO] Capturing response: https://teletv5.top/load/yayinlink.php?id=bein-sports-4 200 
2026-07-15 20:35:31,650 [INFO] Capturing response: https://streamsport365.com/cinema 200 
2026-07-15 20:35:31,772 [INFO] Capturing request: https://hlsssssssssssss.edaesra.workers.dev/https://corestream.macsitesi.help//bein2/tracks-v1a1/mono.m3u8
2026-07-15 20:35:31,952 [INFO] Capturing response: https://hlsssssssssssss.edaesra.workers.dev/https://corestream.macsitesi.help//bein2/tracks-v1a1/mono.m3u8 404 
2026-07-15 20:35:34,294 [INFO]   ✅ M3U8 bulundu: https://hlsssssssssssss.edaesra.workers.dev/https://corestream.macsitesi.help//bein2/tracks-v1a1/mono.m3u8
2026-07-15 20:35:35,294 [INFO] 
[5/14]
2026-07-15 20:35:35,294 [INFO] 🔍 beIN Sports 5 → https://atomsportv510.top/matches?id=bein-sports-5
2026-07-15 20:35:35,404 [INFO] Capturing request: https://atomsportv510.top/assets/js/clappr.js
2026-07-15 20:35:35,405 [INFO] Capturing request: https://atomsportv510.top/matches?id=bein-sports-5
2026-07-15 20:35:35,420 [INFO] Capturing response: https://atomsportv510.top/assets/js/clappr.js 200 
2026-07-15 20:35:35,453 [INFO] Capturing response: https://atomsportv510.top/matches?id=bein-sports-5 200 
2026-07-15 20:35:35,615 [INFO] Capturing request: https://teletv5.top/load/yayinlink.php?id=bein-sports-5
2026-07-15 20:35:35,616 [INFO] Capturing request: https://atomsportv510.top/favicon.ico
2026-07-15 20:35:35,646 [INFO] Capturing response: https://atomsportv510.top/favicon.ico 200 
2026-07-15 20:35:35,772 [INFO] Capturing request: https://streamsport365.com/cinema
2026-07-15 20:35:35,848 [INFO] Capturing response: https://teletv5.top/load/yayinlink.php?id=bein-sports-5 200 
2026-07-15 20:35:36,132 [INFO] Capturing response: https://streamsport365.com/cinema 200 
2026-07-15 20:35:36,253 [INFO] Capturing request: https://hlsssssssssssss.edaesra.workers.dev/https://corestream.macsitesi.help//bein2/tracks-v1a1/mono.m3u8
2026-07-15 20:35:36,440 [INFO] Capturing response: https://hlsssssssssssss.edaesra.workers.dev/https://corestream.macsitesi.help//bein2/tracks-v1a1/mono.m3u8 404 
2026-07-15 20:35:38,529 [INFO]   ✅ M3U8 bulundu: https://hlsssssssssssss.edaesra.workers.dev/https://corestream.macsitesi.help//bein2/tracks-v1a1/mono.m3u8
2026-07-15 20:35:39,530 [INFO] 
[6/14]
2026-07-15 20:35:39,530 [INFO] 🔍 beIN Sports Max 1 → https://atomsportv510.top/matches?id=bein-sports-max-1
2026-07-15 20:35:39,638 [INFO] Capturing request: https://atomsportv510.top/assets/js/clappr.js
2026-07-15 20:35:39,640 [INFO] Capturing request: https://atomsportv510.top/matches?id=bein-sports-max-1
2026-07-15 20:35:39,655 [INFO] Capturing response: https://atomsportv510.top/assets/js/clappr.js 200 
2026-07-15 20:35:39,684 [INFO] Capturing response: https://atomsportv510.top/matches?id=bein-sports-max-1 200 
2026-07-15 20:35:39,721 [INFO] Capturing request: https://streamsport365.com/cinema
2026-07-15 20:35:39,820 [INFO] Capturing request: https://teletv5.top/load/yayinlink.php?id=bein-sports-max-1
2026-07-15 20:35:39,823 [INFO] Capturing request: https://atomsportv510.top/favicon.ico
2026-07-15 20:35:39,853 [INFO] Capturing response: https://atomsportv510.top/favicon.ico 200 
2026-07-15 20:35:40,053 [INFO] Capturing response: https://teletv5.top/load/yayinlink.php?id=bein-sports-max-1 200 
2026-07-15 20:35:40,093 [INFO] Capturing response: https://streamsport365.com/cinema 200 
2026-07-15 20:35:40,213 [INFO] Capturing request: https://hlsssssssssssss.edaesra.workers.dev/https://corestream.macsitesi.help//trtspor/tracks-v1a1/mono.m3u8
2026-07-15 20:35:40,394 [INFO] Capturing response: https://hlsssssssssssss.edaesra.workers.dev/https://corestream.macsitesi.help//trtspor/tracks-v1a1/mono.m3u8 200 
2026-07-15 20:35:40,545 [INFO] Capturing request: https://securmar.edaesra.workers.dev/trtspor/tracks-v1a1/2026/07/15/20/35/50-05000.avif
2026-07-15 20:35:40,739 [INFO] Capturing response: https://securmar.edaesra.workers.dev/trtspor/tracks-v1a1/2026/07/15/20/35/50-05000.avif 200 
2026-07-15 20:35:40,970 [INFO] Capturing request: https://securmar.edaesra.workers.dev/trtspor/tracks-v1a1/2026/07/15/20/35/55-05000.avif
2026-07-15 20:35:41,163 [INFO] Capturing response: https://securmar.edaesra.workers.dev/trtspor/tracks-v1a1/2026/07/15/20/35/55-05000.avif 200 
2026-07-15 20:35:41,387 [INFO] Capturing request: https://securmar.edaesra.workers.dev/trtspor/tracks-v1a1/2026/07/15/20/36/00-05000.avif
2026-07-15 20:35:41,599 [INFO] Capturing response: https://securmar.edaesra.workers.dev/trtspor/tracks-v1a1/2026/07/15/20/36/00-05000.avif 200 
2026-07-15 20:35:42,739 [INFO]   ✅ M3U8 bulundu: https://hlsssssssssssss.edaesra.workers.dev/https://corestream.macsitesi.help//trtspor/tracks-v1a1/mono.m3u8
2026-07-15 20:35:43,739 [INFO] 
[7/14]
2026-07-15 20:35:43,739 [INFO] 🔍 beIN Sports Max 2 → https://atomsportv510.top/matches?id=bein-sports-max-2
2026-07-15 20:35:43,853 [INFO] Capturing request: https://atomsportv510.top/assets/js/clappr.js
2026-07-15 20:35:43,854 [INFO] Capturing request: https://atomsportv510.top/matches?id=bein-sports-max-2
2026-07-15 20:35:43,870 [INFO] Capturing response: https://atomsportv510.top/assets/js/clappr.js 200 
2026-07-15 20:35:43,900 [INFO] Capturing response: https://atomsportv510.top/matches?id=bein-sports-max-2 200 
2026-07-15 20:35:44,062 [INFO] Capturing request: https://atomsportv510.top/favicon.ico
2026-07-15 20:35:44,063 [INFO] Capturing request: https://teletv5.top/load/yayinlink.php?id=bein-sports-max-2
2026-07-15 20:35:44,094 [INFO] Capturing response: https://atomsportv510.top/favicon.ico 200 
2026-07-15 20:35:44,225 [INFO] Capturing request: https://streamsport365.com/cinema
2026-07-15 20:35:44,298 [INFO] Capturing response: https://teletv5.top/load/yayinlink.php?id=bein-sports-max-2 200 
2026-07-15 20:35:44,587 [INFO] Capturing response: https://streamsport365.com/cinema 200 
2026-07-15 20:35:44,708 [INFO] Capturing request: https://hlsssssssssssss.edaesra.workers.dev/https://corestream.macsitesi.help//trtspor/tracks-v1a1/mono.m3u8
2026-07-15 20:35:44,891 [INFO] Capturing response: https://hlsssssssssssss.edaesra.workers.dev/https://corestream.macsitesi.help//trtspor/tracks-v1a1/mono.m3u8 200 
2026-07-15 20:35:45,003 [INFO] Capturing request: https://securmar.edaesra.workers.dev/trtspor/tracks-v1a1/2026/07/15/20/35/55-05000.avif
2026-07-15 20:35:45,224 [INFO] Capturing response: https://securmar.edaesra.workers.dev/trtspor/tracks-v1a1/2026/07/15/20/35/55-05000.avif 200 
2026-07-15 20:35:45,468 [INFO] Capturing request: https://securmar.edaesra.workers.dev/trtspor/tracks-v1a1/2026/07/15/20/36/00-05000.avif
2026-07-15 20:35:45,677 [INFO] Capturing response: https://securmar.edaesra.workers.dev/trtspor/tracks-v1a1/2026/07/15/20/36/00-05000.avif 200 
2026-07-15 20:35:45,912 [INFO] Capturing request: https://securmar.edaesra.workers.dev/trtspor/tracks-v1a1/2026/07/15/20/36/05-05000.avif
2026-07-15 20:35:46,139 [INFO] Capturing response: https://securmar.edaesra.workers.dev/trtspor/tracks-v1a1/2026/07/15/20/36/05-05000.avif 200 
2026-07-15 20:35:46,998 [INFO]   ✅ M3U8 bulundu: https://hlsssssssssssss.edaesra.workers.dev/https://corestream.macsitesi.help//trtspor/tracks-v1a1/mono.m3u8
2026-07-15 20:35:47,998 [INFO] 
[8/14]
2026-07-15 20:35:47,998 [INFO] 🔍 S Sport → https://atomsportv510.top/matches?id=s-sport
2026-07-15 20:35:48,109 [INFO] Capturing request: https://atomsportv510.top/assets/js/clappr.js
2026-07-15 20:35:48,112 [INFO] Capturing request: https://atomsportv510.top/matches?id=s-sport
2026-07-15 20:35:48,126 [INFO] Capturing response: https://atomsportv510.top/assets/js/clappr.js 200 
2026-07-15 20:35:48,752 [INFO] Capturing response: https://atomsportv510.top/matches?id=s-sport 200 
2026-07-15 20:35:48,789 [INFO] Capturing request: https://streamsport365.com/cinema
2026-07-15 20:35:48,888 [INFO] Capturing request: https://teletv5.top/load/yayinlink.php?id=s-sport
2026-07-15 20:35:48,893 [INFO] Capturing request: https://atomsportv510.top/favicon.ico
2026-07-15 20:35:48,922 [INFO] Capturing response: https://atomsportv510.top/favicon.ico 200 
2026-07-15 20:35:49,124 [INFO] Capturing response: https://teletv5.top/load/yayinlink.php?id=s-sport 200 
2026-07-15 20:35:49,158 [INFO] Capturing response: https://streamsport365.com/cinema 200 
2026-07-15 20:35:49,280 [INFO] Capturing request: https://hlsssssssssssss.edaesra.workers.dev/https://corestream.macsitesi.help//s-sportt/tracks-v1a1/mono.m3u8
2026-07-15 20:35:49,459 [INFO] Capturing response: https://hlsssssssssssss.edaesra.workers.dev/https://corestream.macsitesi.help//s-sportt/tracks-v1a1/mono.m3u8 404 
2026-07-15 20:35:49,798 [INFO] Capturing request: https://android.clients.google.com/c2dm/register3
2026-07-15 20:35:49,868 [INFO] Capturing response: https://android.clients.google.com/c2dm/register3 301 
2026-07-15 20:35:51,808 [INFO]   ✅ M3U8 bulundu: https://hlsssssssssssss.edaesra.workers.dev/https://corestream.macsitesi.help//s-sportt/tracks-v1a1/mono.m3u8
2026-07-15 20:35:52,808 [INFO] 
[9/14]
2026-07-15 20:35:52,808 [INFO] 🔍 S Sport 2 → https://atomsportv510.top/matches?id=s-sport-2
2026-07-15 20:35:52,918 [INFO] Capturing request: https://atomsportv510.top/matches?id=s-sport-2
2026-07-15 20:35:52,952 [INFO] Capturing response: https://atomsportv510.top/matches?id=s-sport-2 200 
2026-07-15 20:35:53,112 [INFO] Capturing request: https://teletv5.top/load/yayinlink.php?id=s-sport-2
2026-07-15 20:35:53,115 [INFO] Capturing request: https://atomsportv510.top/favicon.ico
2026-07-15 20:35:53,144 [INFO] Capturing response: https://atomsportv510.top/favicon.ico 200 
2026-07-15 20:35:53,268 [INFO] Capturing request: https://streamsport365.com/cinema
2026-07-15 20:35:53,344 [INFO] Capturing response: https://teletv5.top/load/yayinlink.php?id=s-sport-2 200 
2026-07-15 20:35:53,630 [INFO] Capturing response: https://streamsport365.com/cinema 200 
2026-07-15 20:35:53,752 [INFO] Capturing request: https://hlsssssssssssss.edaesra.workers.dev/https://corestream.macsitesi.help//s-sport2/tracks-v1a1/mono.m3u8
2026-07-15 20:35:53,931 [INFO] Capturing response: https://hlsssssssssssss.edaesra.workers.dev/https://corestream.macsitesi.help//s-sport2/tracks-v1a1/mono.m3u8 404 
2026-07-15 20:35:56,029 [INFO]   ✅ M3U8 bulundu: https://hlsssssssssssss.edaesra.workers.dev/https://corestream.macsitesi.help//s-sport2/tracks-v1a1/mono.m3u8
2026-07-15 20:35:57,029 [INFO] 
[10/14]
2026-07-15 20:35:57,029 [INFO] 🔍 A Spor → https://atomsportv510.top/matches?id=a-spor
2026-07-15 20:35:57,138 [INFO] Capturing request: https://atomsportv510.top/matches?id=a-spor
2026-07-15 20:35:57,169 [INFO] Capturing response: https://atomsportv510.top/matches?id=a-spor 200 
2026-07-15 20:35:57,204 [INFO] Capturing request: https://streamsport365.com/cinema
2026-07-15 20:35:57,304 [INFO] Capturing request: https://teletv5.top/load/yayinlink.php?id=a-spor
2026-07-15 20:35:57,307 [INFO] Capturing request: https://atomsportv510.top/favicon.ico
2026-07-15 20:35:57,339 [INFO] Capturing response: https://atomsportv510.top/favicon.ico 200 
2026-07-15 20:35:57,536 [INFO] Capturing response: https://teletv5.top/load/yayinlink.php?id=a-spor 200 
2026-07-15 20:35:57,566 [INFO] Capturing response: https://streamsport365.com/cinema 200 
2026-07-15 20:35:57,686 [INFO] Capturing request: https://hlsssssssssssss.edaesra.workers.dev/https://corestream.macsitesi.help//aspor/tracks-v1a1/mono.m3u8
2026-07-15 20:35:57,865 [INFO] Capturing response: https://hlsssssssssssss.edaesra.workers.dev/https://corestream.macsitesi.help//aspor/tracks-v1a1/mono.m3u8 404 
2026-07-15 20:36:00,221 [INFO]   ✅ M3U8 bulundu: https://hlsssssssssssss.edaesra.workers.dev/https://corestream.macsitesi.help//aspor/tracks-v1a1/mono.m3u8
2026-07-15 20:36:01,221 [INFO] 
[11/14]
2026-07-15 20:36:01,221 [INFO] 🔍 Tivibu Spor 1 → https://atomsportv510.top/matches?id=tivibu-spor-1
2026-07-15 20:36:01,332 [INFO] Capturing request: https://atomsportv510.top/matches?id=tivibu-spor-1
2026-07-15 20:36:01,367 [INFO] Capturing response: https://atomsportv510.top/matches?id=tivibu-spor-1 200 
2026-07-15 20:36:01,496 [INFO] Capturing request: https://teletv5.top/load/yayinlink.php?id=tivibu-spor-1
2026-07-15 20:36:01,502 [INFO] Capturing request: https://atomsportv510.top/favicon.ico
2026-07-15 20:36:01,533 [INFO] Capturing response: https://atomsportv510.top/favicon.ico 200 
2026-07-15 20:36:01,657 [INFO] Capturing request: https://streamsport365.com/cinema
2026-07-15 20:36:01,739 [INFO] Capturing response: https://teletv5.top/load/yayinlink.php?id=tivibu-spor-1 200 
2026-07-15 20:36:02,020 [INFO] Capturing response: https://streamsport365.com/cinema 200 
2026-07-15 20:36:02,141 [INFO] Capturing request: https://hlsssssssssssss.edaesra.workers.dev/https://corestream.macsitesi.help//trtspor/tracks-v1a1/mono.m3u8
2026-07-15 20:36:02,324 [INFO] Capturing response: https://hlsssssssssssss.edaesra.workers.dev/https://corestream.macsitesi.help//trtspor/tracks-v1a1/mono.m3u8 200 
2026-07-15 20:36:02,435 [INFO] Capturing request: https://securmar.edaesra.workers.dev/trtspor/tracks-v1a1/2026/07/15/20/36/15-05000.avif
2026-07-15 20:36:02,644 [INFO] Capturing response: https://securmar.edaesra.workers.dev/trtspor/tracks-v1a1/2026/07/15/20/36/15-05000.avif 200 
2026-07-15 20:36:02,896 [INFO] Capturing request: https://securmar.edaesra.workers.dev/trtspor/tracks-v1a1/2026/07/15/20/36/20-05000.avif
2026-07-15 20:36:03,110 [INFO] Capturing response: https://securmar.edaesra.workers.dev/trtspor/tracks-v1a1/2026/07/15/20/36/20-05000.avif 200 
2026-07-15 20:36:03,346 [INFO] Capturing request: https://securmar.edaesra.workers.dev/trtspor/tracks-v1a1/2026/07/15/20/36/25-05000.avif
2026-07-15 20:36:03,695 [INFO] Capturing response: https://securmar.edaesra.workers.dev/trtspor/tracks-v1a1/2026/07/15/20/36/25-05000.avif 200 
2026-07-15 20:36:04,425 [INFO]   ✅ M3U8 bulundu: https://hlsssssssssssss.edaesra.workers.dev/https://corestream.macsitesi.help//trtspor/tracks-v1a1/mono.m3u8
2026-07-15 20:36:05,426 [INFO] 
[12/14]
2026-07-15 20:36:05,426 [INFO] 🔍 Tivibu Spor 2 → https://atomsportv510.top/matches?id=tivibu-spor-2
2026-07-15 20:36:05,541 [INFO] Capturing request: https://atomsportv510.top/matches?id=tivibu-spor-2
2026-07-15 20:36:05,576 [INFO] Capturing response: https://atomsportv510.top/matches?id=tivibu-spor-2 200 
2026-07-15 20:36:05,613 [INFO] Capturing request: https://streamsport365.com/cinema
2026-07-15 20:36:05,712 [INFO] Capturing request: https://teletv5.top/load/yayinlink.php?id=tivibu-spor-2
2026-07-15 20:36:05,717 [INFO] Capturing request: https://atomsportv510.top/favicon.ico
2026-07-15 20:36:05,750 [INFO] Capturing response: https://atomsportv510.top/favicon.ico 200 
2026-07-15 20:36:05,950 [INFO] Capturing response: https://teletv5.top/load/yayinlink.php?id=tivibu-spor-2 200 
2026-07-15 20:36:05,979 [INFO] Capturing response: https://streamsport365.com/cinema 200 
2026-07-15 20:36:06,101 [INFO] Capturing request: https://hlsssssssssssss.edaesra.workers.dev/https://corestream.macsitesi.help//trtspor/tracks-v1a1/mono.m3u8
2026-07-15 20:36:06,281 [INFO] Capturing response: https://hlsssssssssssss.edaesra.workers.dev/https://corestream.macsitesi.help//trtspor/tracks-v1a1/mono.m3u8 200 
2026-07-15 20:36:06,433 [INFO] Capturing request: https://securmar.edaesra.workers.dev/trtspor/tracks-v1a1/2026/07/15/20/36/20-05000.avif
2026-07-15 20:36:06,633 [INFO] Capturing response: https://securmar.edaesra.workers.dev/trtspor/tracks-v1a1/2026/07/15/20/36/20-05000.avif 200 
2026-07-15 20:36:06,874 [INFO] Capturing request: https://securmar.edaesra.workers.dev/trtspor/tracks-v1a1/2026/07/15/20/36/25-05000.avif
2026-07-15 20:36:07,080 [INFO] Capturing response: https://securmar.edaesra.workers.dev/trtspor/tracks-v1a1/2026/07/15/20/36/25-05000.avif 200 
2026-07-15 20:36:07,324 [INFO] Capturing request: https://securmar.edaesra.workers.dev/trtspor/tracks-v1a1/2026/07/15/20/36/30-05000.avif
2026-07-15 20:36:07,698 [INFO] Capturing response: https://securmar.edaesra.workers.dev/trtspor/tracks-v1a1/2026/07/15/20/36/30-05000.avif 200 
2026-07-15 20:36:08,642 [INFO]   ✅ M3U8 bulundu: https://hlsssssssssssss.edaesra.workers.dev/https://corestream.macsitesi.help//trtspor/tracks-v1a1/mono.m3u8
2026-07-15 20:36:09,642 [INFO] 
[13/14]
2026-07-15 20:36:09,643 [INFO] 🔍 Tivibu Spor 3 → https://atomsportv510.top/matches?id=tivibu-spor-3
2026-07-15 20:36:09,753 [INFO] Capturing request: https://atomsportv510.top/matches?id=tivibu-spor-3
2026-07-15 20:36:09,787 [INFO] Capturing response: https://atomsportv510.top/matches?id=tivibu-spor-3 200 
2026-07-15 20:36:09,926 [INFO] Capturing request: https://teletv5.top/load/yayinlink.php?id=tivibu-spor-3
2026-07-15 20:36:09,933 [INFO] Capturing request: https://atomsportv510.top/favicon.ico
2026-07-15 20:36:09,963 [INFO] Capturing response: https://atomsportv510.top/favicon.ico 200 
2026-07-15 20:36:10,084 [INFO] Capturing request: https://streamsport365.com/cinema
2026-07-15 20:36:10,159 [INFO] Capturing response: https://teletv5.top/load/yayinlink.php?id=tivibu-spor-3 200 
2026-07-15 20:36:10,461 [INFO] Capturing response: https://streamsport365.com/cinema 200 
2026-07-15 20:36:10,582 [INFO] Capturing request: https://hlsssssssssssss.edaesra.workers.dev/https://corestream.macsitesi.help//trtspor/tracks-v1a1/mono.m3u8
2026-07-15 20:36:10,761 [INFO] Capturing response: https://hlsssssssssssss.edaesra.workers.dev/https://corestream.macsitesi.help//trtspor/tracks-v1a1/mono.m3u8 200 
2026-07-15 20:36:10,871 [INFO] Capturing request: https://securmar.edaesra.workers.dev/trtspor/tracks-v1a1/2026/07/15/20/36/20-05000.avif
2026-07-15 20:36:11,076 [INFO] Capturing response: https://securmar.edaesra.workers.dev/trtspor/tracks-v1a1/2026/07/15/20/36/20-05000.avif 200 
2026-07-15 20:36:11,317 [INFO] Capturing request: https://securmar.edaesra.workers.dev/trtspor/tracks-v1a1/2026/07/15/20/36/25-05000.avif
2026-07-15 20:36:11,529 [INFO] Capturing response: https://securmar.edaesra.workers.dev/trtspor/tracks-v1a1/2026/07/15/20/36/25-05000.avif 200 
2026-07-15 20:36:11,773 [INFO] Capturing request: https://securmar.edaesra.workers.dev/trtspor/tracks-v1a1/2026/07/15/20/36/30-05000.avif
2026-07-15 20:36:11,985 [INFO] Capturing response: https://securmar.edaesra.workers.dev/trtspor/tracks-v1a1/2026/07/15/20/36/30-05000.avif 200 
2026-07-15 20:36:12,863 [INFO]   ✅ M3U8 bulundu: https://hlsssssssssssss.edaesra.workers.dev/https://corestream.macsitesi.help//trtspor/tracks-v1a1/mono.m3u8
2026-07-15 20:36:13,864 [INFO] 
[14/14]
2026-07-15 20:36:13,864 [INFO] 🔍 Tivibu Spor 4 → https://atomsportv510.top/matches?id=tivibu-spor-4
2026-07-15 20:36:13,974 [INFO] Capturing request: https://atomsportv510.top/matches?id=tivibu-spor-4
2026-07-15 20:36:14,008 [INFO] Capturing response: https://atomsportv510.top/matches?id=tivibu-spor-4 200 
2026-07-15 20:36:14,051 [INFO] Capturing request: https://streamsport365.com/cinema
2026-07-15 20:36:14,145 [INFO] Capturing request: https://teletv5.top/load/yayinlink.php?id=tivibu-spor-4
2026-07-15 20:36:14,153 [INFO] Capturing request: https://atomsportv510.top/favicon.ico
2026-07-15 20:36:14,184 [INFO] Capturing response: https://atomsportv510.top/favicon.ico 200 
2026-07-15 20:36:14,382 [INFO] Capturing response: https://teletv5.top/load/yayinlink.php?id=tivibu-spor-4 200 
2026-07-15 20:36:14,418 [INFO] Capturing response: https://streamsport365.com/cinema 200 
2026-07-15 20:36:17,612 [INFO] Capturing request: https://update.googleapis.com/service/update2/json?cup2key=16:tKaFjF-HlfOHePpKqcQWwxTFG0yqcPbBZCE8_QqRZ4c&cup2hreq=b971a59e8f38b9f50b79523237b2053c07f441594800e7c2c56ff125246bcaf5
2026-07-15 20:36:17,643 [INFO] Capturing response: https://update.googleapis.com/service/update2/json?cup2key=16:tKaFjF-HlfOHePpKqcQWwxTFG0yqcPbBZCE8_QqRZ4c&cup2hreq=b971a59e8f38b9f50b79523237b2053c07f441594800e7c2c56ff125246bcaf5 200 
2026-07-15 20:36:17,650 [INFO] Capturing request: http://edgedl.me.gvt1.com/edgedl/release2/chrome_component/cuper2xrs3zfqpcv25kivmhf5a_10650/hfnkpimlhhgieaddgfemjhofmfblmnib_10650_all_chtpo3hlat7tgputks4ws7xxcy.crx3
2026-07-15 20:36:17,670 [INFO] Capturing response: http://edgedl.me.gvt1.com/edgedl/release2/chrome_component/cuper2xrs3zfqpcv25kivmhf5a_10650/hfnkpimlhhgieaddgfemjhofmfblmnib_10650_all_chtpo3hlat7tgputks4ws7xxcy.crx3 200 OK
2026-07-15 20:36:17,704 [INFO] Capturing request: https://update.googleapis.com/service/update2/json
2026-07-15 20:36:17,749 [INFO] Capturing response: https://update.googleapis.com/service/update2/json 200 
2026-07-15 20:36:17,795 [INFO] Capturing request: http://edgedl.me.gvt1.com/edgedl/diffgen-puffin/gcmjkmgdlgnkkcocmoeiminaijmmjnii/df2a22d5ecc7788c3330ebd5f856b41531c74f412a01ed7453d11284708009fe
2026-07-15 20:36:17,804 [INFO] Capturing response: http://edgedl.me.gvt1.com/edgedl/diffgen-puffin/gcmjkmgdlgnkkcocmoeiminaijmmjnii/df2a22d5ecc7788c3330ebd5f856b41531c74f412a01ed7453d11284708009fe 200 OK
2026-07-15 20:36:17,878 [INFO] Capturing request: https://update.googleapis.com/service/update2/json
2026-07-15 20:36:17,905 [INFO] Capturing response: https://update.googleapis.com/service/update2/json 200 
2026-07-15 20:36:32,012 [INFO] Capturing request: https://android.clients.google.com/c2dm/register3
2026-07-15 20:36:32,075 [INFO] Capturing response: https://android.clients.google.com/c2dm/register3 429 
2026-07-15 20:36:47,380 [WARNING]   ❌ Tivibu Spor 4 için M3U8 bulunamadı
2026-07-15 20:36:48,448 [INFO] ✅ 13 kanal bulundu, playlist.m3u kaydedildi
